[2024-02-25T15:43:59.649-0600] {taskinstance.py:1956} INFO - Dependencies all met for dep_context=non-requeueable deps ti=<TaskInstance: drivers_to_bq.run_etl manual__2024-02-25T21:43:54.758867+00:00 [queued]>
[2024-02-25T15:43:59.652-0600] {taskinstance.py:1956} INFO - Dependencies all met for dep_context=requeueable deps ti=<TaskInstance: drivers_to_bq.run_etl manual__2024-02-25T21:43:54.758867+00:00 [queued]>
[2024-02-25T15:43:59.652-0600] {taskinstance.py:2170} INFO - Starting attempt 1 of 2
[2024-02-25T15:43:59.658-0600] {taskinstance.py:2191} INFO - Executing <Task(PythonOperator): run_etl> on 2024-02-25 21:43:54.758867+00:00
[2024-02-25T15:43:59.663-0600] {standard_task_runner.py:60} INFO - Started process 31001 to run task
[2024-02-25T15:43:59.667-0600] {standard_task_runner.py:87} INFO - Running: ['airflow', 'tasks', 'run', 'drivers_to_bq', 'run_etl', 'manual__2024-02-25T21:43:54.758867+00:00', '--job-id', '22', '--raw', '--subdir', 'DAGS_FOLDER/driversDag.py', '--cfg-path', '/var/folders/2c/plc265_s31s2djb7299kj1fh0000gn/T/tmp05javsa9']
[2024-02-25T15:43:59.668-0600] {standard_task_runner.py:88} INFO - Job 22: Subtask run_etl
[2024-02-25T15:43:59.703-0600] {task_command.py:423} INFO - Running <TaskInstance: drivers_to_bq.run_etl manual__2024-02-25T21:43:54.758867+00:00 [running]> on host vamsees-macbook-pro.local
[2024-02-25T15:43:59.734-0600] {taskinstance.py:2480} INFO - Exporting env vars: AIRFLOW_CTX_DAG_OWNER='airflow' AIRFLOW_CTX_DAG_ID='drivers_to_bq' AIRFLOW_CTX_TASK_ID='run_etl' AIRFLOW_CTX_EXECUTION_DATE='2024-02-25T21:43:54.758867+00:00' AIRFLOW_CTX_TRY_NUMBER='1' AIRFLOW_CTX_DAG_RUN_ID='manual__2024-02-25T21:43:54.758867+00:00'
[2024-02-25T15:43:59.735-0600] {driversDag.py:27} INFO - getting drivers data
[2024-02-25T15:43:59.735-0600] {logging_mixin.py:188} INFO - this is the extract >>>
[2024-02-25T15:43:59.735-0600] {logging_mixin.py:188} INFO - year >>> 2023
[2024-02-25T15:43:59.736-0600] {logging_mixin.py:188} INFO - printing data >>>  {'year': 2023}
[2024-02-25T15:43:59.736-0600] {logging_mixin.py:188} INFO - getting response >>>
[2024-02-25T15:44:03.883-0600] {logging_mixin.py:188} INFO - getting driversJson data >>>
[2024-02-25T15:44:03.884-0600] {logging_mixin.py:188} INFO - returning JSON data >>>
[2024-02-25T15:44:03.886-0600] {driversDag.py:29} INFO - transforming
[2024-02-25T15:44:03.886-0600] {logging_mixin.py:188} INFO - transforming data >>>
[2024-02-25T15:44:03.890-0600] {logging_mixin.py:188} INFO - returning the transformed data >>>
[2024-02-25T15:44:03.890-0600] {driversDag.py:31} INFO - loading data
[2024-02-25T15:44:03.891-0600] {logging_mixin.py:188} INFO - entered the loading function >>>
[2024-02-25T15:44:05.483-0600] {logging_mixin.py:188} INFO - loading data into big query >>>
[2024-02-25T15:44:08.063-0600] {logging_mixin.py:188} INFO - returning the response >>>
[2024-02-25T15:44:08.064-0600] {python.py:201} INFO - Done. Returned value was: None
[2024-02-25T15:44:08.069-0600] {taskinstance.py:1138} INFO - Marking task as SUCCESS. dag_id=drivers_to_bq, task_id=run_etl, execution_date=20240225T214354, start_date=20240225T214359, end_date=20240225T214408
[2024-02-25T15:44:08.117-0600] {local_task_job_runner.py:234} INFO - Task exited with return code 0
[2024-02-25T15:44:08.125-0600] {taskinstance.py:3280} INFO - 0 downstream tasks scheduled from follow-on schedule check
