[2024-02-24T11:48:41.906-0600] {processor.py:161} INFO - Started process (PID=75055) to work on /Users/vamseekrishna/Desktop/F1_Data_Warehouse/f1datawarehouse/lib/python3.9/site-packages/airflow/example_dags/example_branch_datetime_operator.py
[2024-02-24T11:48:41.907-0600] {processor.py:830} INFO - Processing file /Users/vamseekrishna/Desktop/F1_Data_Warehouse/f1datawarehouse/lib/python3.9/site-packages/airflow/example_dags/example_branch_datetime_operator.py for tasks to queue
[2024-02-24T11:48:41.907-0600] {logging_mixin.py:188} INFO - [2024-02-24T11:48:41.907-0600] {dagbag.py:538} INFO - Filling up the DagBag from /Users/vamseekrishna/Desktop/F1_Data_Warehouse/f1datawarehouse/lib/python3.9/site-packages/airflow/example_dags/example_branch_datetime_operator.py
[2024-02-24T11:48:41.914-0600] {processor.py:840} INFO - DAG(s) 'example_branch_datetime_operator_2', 'example_branch_datetime_operator', 'example_branch_datetime_operator_3' retrieved from /Users/vamseekrishna/Desktop/F1_Data_Warehouse/f1datawarehouse/lib/python3.9/site-packages/airflow/example_dags/example_branch_datetime_operator.py
[2024-02-24T11:48:42.007-0600] {logging_mixin.py:188} INFO - [2024-02-24T11:48:42.007-0600] {override.py:1769} INFO - Created Permission View: can read on DAG:example_branch_datetime_operator_2
[2024-02-24T11:48:42.011-0600] {logging_mixin.py:188} INFO - [2024-02-24T11:48:42.011-0600] {override.py:1769} INFO - Created Permission View: can edit on DAG:example_branch_datetime_operator_2
[2024-02-24T11:48:42.013-0600] {logging_mixin.py:188} INFO - [2024-02-24T11:48:42.013-0600] {override.py:1769} INFO - Created Permission View: can delete on DAG:example_branch_datetime_operator_2
[2024-02-24T11:48:42.018-0600] {logging_mixin.py:188} INFO - [2024-02-24T11:48:42.018-0600] {override.py:1769} INFO - Created Permission View: can read on DAG:example_branch_datetime_operator
[2024-02-24T11:48:42.020-0600] {logging_mixin.py:188} INFO - [2024-02-24T11:48:42.020-0600] {override.py:1769} INFO - Created Permission View: can edit on DAG:example_branch_datetime_operator
[2024-02-24T11:48:42.023-0600] {logging_mixin.py:188} INFO - [2024-02-24T11:48:42.023-0600] {override.py:1769} INFO - Created Permission View: can delete on DAG:example_branch_datetime_operator
[2024-02-24T11:48:42.029-0600] {logging_mixin.py:188} INFO - [2024-02-24T11:48:42.029-0600] {override.py:1769} INFO - Created Permission View: can read on DAG:example_branch_datetime_operator_3
[2024-02-24T11:48:42.032-0600] {logging_mixin.py:188} INFO - [2024-02-24T11:48:42.031-0600] {override.py:1769} INFO - Created Permission View: can edit on DAG:example_branch_datetime_operator_3
[2024-02-24T11:48:42.034-0600] {logging_mixin.py:188} INFO - [2024-02-24T11:48:42.034-0600] {override.py:1769} INFO - Created Permission View: can delete on DAG:example_branch_datetime_operator_3
[2024-02-24T11:48:42.034-0600] {logging_mixin.py:188} INFO - [2024-02-24T11:48:42.034-0600] {dag.py:3036} INFO - Sync 3 DAGs
[2024-02-24T11:48:42.038-0600] {logging_mixin.py:188} INFO - [2024-02-24T11:48:42.038-0600] {dag.py:3058} INFO - Creating ORM DAG for example_branch_datetime_operator_2
[2024-02-24T11:48:42.038-0600] {logging_mixin.py:188} INFO - [2024-02-24T11:48:42.038-0600] {dag.py:3058} INFO - Creating ORM DAG for example_branch_datetime_operator_3
[2024-02-24T11:48:42.039-0600] {logging_mixin.py:188} INFO - [2024-02-24T11:48:42.039-0600] {dag.py:3058} INFO - Creating ORM DAG for example_branch_datetime_operator
[2024-02-24T11:48:42.043-0600] {logging_mixin.py:188} INFO - [2024-02-24T11:48:42.043-0600] {dag.py:3823} INFO - Setting next_dagrun for example_branch_datetime_operator to 2024-02-23 00:00:00+00:00, run_after=2024-02-24 00:00:00+00:00
[2024-02-24T11:48:42.044-0600] {logging_mixin.py:188} INFO - [2024-02-24T11:48:42.044-0600] {dag.py:3823} INFO - Setting next_dagrun for example_branch_datetime_operator_2 to 2024-02-23 00:00:00+00:00, run_after=2024-02-24 00:00:00+00:00
[2024-02-24T11:48:42.044-0600] {logging_mixin.py:188} INFO - [2024-02-24T11:48:42.044-0600] {dag.py:3823} INFO - Setting next_dagrun for example_branch_datetime_operator_3 to 2024-02-23 00:00:00+00:00, run_after=2024-02-24 00:00:00+00:00
[2024-02-24T11:48:42.051-0600] {processor.py:183} INFO - Processing /Users/vamseekrishna/Desktop/F1_Data_Warehouse/f1datawarehouse/lib/python3.9/site-packages/airflow/example_dags/example_branch_datetime_operator.py took 0.146 seconds
[2024-02-24T11:50:49.793-0600] {processor.py:161} INFO - Started process (PID=75295) to work on /Users/vamseekrishna/Desktop/F1_Data_Warehouse/f1datawarehouse/lib/python3.9/site-packages/airflow/example_dags/example_branch_datetime_operator.py
[2024-02-24T11:50:49.795-0600] {processor.py:830} INFO - Processing file /Users/vamseekrishna/Desktop/F1_Data_Warehouse/f1datawarehouse/lib/python3.9/site-packages/airflow/example_dags/example_branch_datetime_operator.py for tasks to queue
[2024-02-24T11:50:49.796-0600] {logging_mixin.py:188} INFO - [2024-02-24T11:50:49.795-0600] {dagbag.py:538} INFO - Filling up the DagBag from /Users/vamseekrishna/Desktop/F1_Data_Warehouse/f1datawarehouse/lib/python3.9/site-packages/airflow/example_dags/example_branch_datetime_operator.py
[2024-02-24T11:50:49.801-0600] {processor.py:840} INFO - DAG(s) 'example_branch_datetime_operator', 'example_branch_datetime_operator_3', 'example_branch_datetime_operator_2' retrieved from /Users/vamseekrishna/Desktop/F1_Data_Warehouse/f1datawarehouse/lib/python3.9/site-packages/airflow/example_dags/example_branch_datetime_operator.py
[2024-02-24T11:50:49.856-0600] {logging_mixin.py:188} INFO - [2024-02-24T11:50:49.856-0600] {dag.py:3036} INFO - Sync 3 DAGs
[2024-02-24T11:50:49.866-0600] {logging_mixin.py:188} INFO - [2024-02-24T11:50:49.865-0600] {dag.py:3823} INFO - Setting next_dagrun for example_branch_datetime_operator to 2024-02-23 00:00:00+00:00, run_after=2024-02-24 00:00:00+00:00
[2024-02-24T11:50:49.868-0600] {logging_mixin.py:188} INFO - [2024-02-24T11:50:49.868-0600] {dag.py:3823} INFO - Setting next_dagrun for example_branch_datetime_operator_2 to 2024-02-23 00:00:00+00:00, run_after=2024-02-24 00:00:00+00:00
[2024-02-24T11:50:49.869-0600] {logging_mixin.py:188} INFO - [2024-02-24T11:50:49.869-0600] {dag.py:3823} INFO - Setting next_dagrun for example_branch_datetime_operator_3 to 2024-02-23 00:00:00+00:00, run_after=2024-02-24 00:00:00+00:00
[2024-02-24T11:50:49.877-0600] {processor.py:183} INFO - Processing /Users/vamseekrishna/Desktop/F1_Data_Warehouse/f1datawarehouse/lib/python3.9/site-packages/airflow/example_dags/example_branch_datetime_operator.py took 0.085 seconds
[2024-02-24T11:53:09.147-0600] {processor.py:161} INFO - Started process (PID=75471) to work on /Users/vamseekrishna/Desktop/F1_Data_Warehouse/f1datawarehouse/lib/python3.9/site-packages/airflow/example_dags/example_branch_datetime_operator.py
[2024-02-24T11:53:09.149-0600] {processor.py:830} INFO - Processing file /Users/vamseekrishna/Desktop/F1_Data_Warehouse/f1datawarehouse/lib/python3.9/site-packages/airflow/example_dags/example_branch_datetime_operator.py for tasks to queue
[2024-02-24T11:53:09.149-0600] {logging_mixin.py:188} INFO - [2024-02-24T11:53:09.149-0600] {dagbag.py:538} INFO - Filling up the DagBag from /Users/vamseekrishna/Desktop/F1_Data_Warehouse/f1datawarehouse/lib/python3.9/site-packages/airflow/example_dags/example_branch_datetime_operator.py
[2024-02-24T11:53:09.155-0600] {processor.py:840} INFO - DAG(s) 'example_branch_datetime_operator_2', 'example_branch_datetime_operator_3', 'example_branch_datetime_operator' retrieved from /Users/vamseekrishna/Desktop/F1_Data_Warehouse/f1datawarehouse/lib/python3.9/site-packages/airflow/example_dags/example_branch_datetime_operator.py
[2024-02-24T11:53:09.207-0600] {logging_mixin.py:188} INFO - [2024-02-24T11:53:09.206-0600] {dag.py:3036} INFO - Sync 3 DAGs
[2024-02-24T11:53:09.215-0600] {logging_mixin.py:188} INFO - [2024-02-24T11:53:09.215-0600] {dag.py:3823} INFO - Setting next_dagrun for example_branch_datetime_operator to 2024-02-23 00:00:00+00:00, run_after=2024-02-24 00:00:00+00:00
[2024-02-24T11:53:09.217-0600] {logging_mixin.py:188} INFO - [2024-02-24T11:53:09.217-0600] {dag.py:3823} INFO - Setting next_dagrun for example_branch_datetime_operator_2 to 2024-02-23 00:00:00+00:00, run_after=2024-02-24 00:00:00+00:00
[2024-02-24T11:53:09.218-0600] {logging_mixin.py:188} INFO - [2024-02-24T11:53:09.218-0600] {dag.py:3823} INFO - Setting next_dagrun for example_branch_datetime_operator_3 to 2024-02-23 00:00:00+00:00, run_after=2024-02-24 00:00:00+00:00
[2024-02-24T11:53:09.226-0600] {processor.py:183} INFO - Processing /Users/vamseekrishna/Desktop/F1_Data_Warehouse/f1datawarehouse/lib/python3.9/site-packages/airflow/example_dags/example_branch_datetime_operator.py took 0.080 seconds
[2024-02-24T11:55:07.387-0600] {processor.py:161} INFO - Started process (PID=75560) to work on /Users/vamseekrishna/Desktop/F1_Data_Warehouse/f1datawarehouse/lib/python3.9/site-packages/airflow/example_dags/example_branch_datetime_operator.py
[2024-02-24T11:55:07.389-0600] {processor.py:830} INFO - Processing file /Users/vamseekrishna/Desktop/F1_Data_Warehouse/f1datawarehouse/lib/python3.9/site-packages/airflow/example_dags/example_branch_datetime_operator.py for tasks to queue
[2024-02-24T11:55:07.389-0600] {logging_mixin.py:188} INFO - [2024-02-24T11:55:07.389-0600] {dagbag.py:538} INFO - Filling up the DagBag from /Users/vamseekrishna/Desktop/F1_Data_Warehouse/f1datawarehouse/lib/python3.9/site-packages/airflow/example_dags/example_branch_datetime_operator.py
[2024-02-24T11:55:07.395-0600] {processor.py:840} INFO - DAG(s) 'example_branch_datetime_operator_2', 'example_branch_datetime_operator', 'example_branch_datetime_operator_3' retrieved from /Users/vamseekrishna/Desktop/F1_Data_Warehouse/f1datawarehouse/lib/python3.9/site-packages/airflow/example_dags/example_branch_datetime_operator.py
[2024-02-24T11:55:07.445-0600] {logging_mixin.py:188} INFO - [2024-02-24T11:55:07.445-0600] {dag.py:3036} INFO - Sync 3 DAGs
[2024-02-24T11:55:07.453-0600] {logging_mixin.py:188} INFO - [2024-02-24T11:55:07.453-0600] {dag.py:3823} INFO - Setting next_dagrun for example_branch_datetime_operator to 2024-02-23 00:00:00+00:00, run_after=2024-02-24 00:00:00+00:00
[2024-02-24T11:55:07.454-0600] {logging_mixin.py:188} INFO - [2024-02-24T11:55:07.454-0600] {dag.py:3823} INFO - Setting next_dagrun for example_branch_datetime_operator_2 to 2024-02-23 00:00:00+00:00, run_after=2024-02-24 00:00:00+00:00
[2024-02-24T11:55:07.455-0600] {logging_mixin.py:188} INFO - [2024-02-24T11:55:07.455-0600] {dag.py:3823} INFO - Setting next_dagrun for example_branch_datetime_operator_3 to 2024-02-23 00:00:00+00:00, run_after=2024-02-24 00:00:00+00:00
[2024-02-24T11:55:07.463-0600] {processor.py:183} INFO - Processing /Users/vamseekrishna/Desktop/F1_Data_Warehouse/f1datawarehouse/lib/python3.9/site-packages/airflow/example_dags/example_branch_datetime_operator.py took 0.077 seconds
[2024-02-24T11:56:59.036-0600] {processor.py:161} INFO - Started process (PID=75658) to work on /Users/vamseekrishna/Desktop/F1_Data_Warehouse/f1datawarehouse/lib/python3.9/site-packages/airflow/example_dags/example_branch_datetime_operator.py
[2024-02-24T11:56:59.040-0600] {processor.py:830} INFO - Processing file /Users/vamseekrishna/Desktop/F1_Data_Warehouse/f1datawarehouse/lib/python3.9/site-packages/airflow/example_dags/example_branch_datetime_operator.py for tasks to queue
[2024-02-24T11:56:59.040-0600] {logging_mixin.py:188} INFO - [2024-02-24T11:56:59.040-0600] {dagbag.py:538} INFO - Filling up the DagBag from /Users/vamseekrishna/Desktop/F1_Data_Warehouse/f1datawarehouse/lib/python3.9/site-packages/airflow/example_dags/example_branch_datetime_operator.py
[2024-02-24T11:56:59.046-0600] {processor.py:840} INFO - DAG(s) 'example_branch_datetime_operator_3', 'example_branch_datetime_operator', 'example_branch_datetime_operator_2' retrieved from /Users/vamseekrishna/Desktop/F1_Data_Warehouse/f1datawarehouse/lib/python3.9/site-packages/airflow/example_dags/example_branch_datetime_operator.py
[2024-02-24T11:56:59.098-0600] {logging_mixin.py:188} INFO - [2024-02-24T11:56:59.098-0600] {dag.py:3036} INFO - Sync 3 DAGs
[2024-02-24T11:56:59.105-0600] {logging_mixin.py:188} INFO - [2024-02-24T11:56:59.105-0600] {dag.py:3823} INFO - Setting next_dagrun for example_branch_datetime_operator to 2024-02-23 00:00:00+00:00, run_after=2024-02-24 00:00:00+00:00
[2024-02-24T11:56:59.107-0600] {logging_mixin.py:188} INFO - [2024-02-24T11:56:59.107-0600] {dag.py:3823} INFO - Setting next_dagrun for example_branch_datetime_operator_2 to 2024-02-23 00:00:00+00:00, run_after=2024-02-24 00:00:00+00:00
[2024-02-24T11:56:59.108-0600] {logging_mixin.py:188} INFO - [2024-02-24T11:56:59.108-0600] {dag.py:3823} INFO - Setting next_dagrun for example_branch_datetime_operator_3 to 2024-02-23 00:00:00+00:00, run_after=2024-02-24 00:00:00+00:00
[2024-02-24T11:56:59.116-0600] {processor.py:183} INFO - Processing /Users/vamseekrishna/Desktop/F1_Data_Warehouse/f1datawarehouse/lib/python3.9/site-packages/airflow/example_dags/example_branch_datetime_operator.py took 0.080 seconds
[2024-02-24T11:59:07.884-0600] {processor.py:161} INFO - Started process (PID=75818) to work on /Users/vamseekrishna/Desktop/F1_Data_Warehouse/f1datawarehouse/lib/python3.9/site-packages/airflow/example_dags/example_branch_datetime_operator.py
[2024-02-24T11:59:07.885-0600] {processor.py:830} INFO - Processing file /Users/vamseekrishna/Desktop/F1_Data_Warehouse/f1datawarehouse/lib/python3.9/site-packages/airflow/example_dags/example_branch_datetime_operator.py for tasks to queue
[2024-02-24T11:59:07.885-0600] {logging_mixin.py:188} INFO - [2024-02-24T11:59:07.885-0600] {dagbag.py:538} INFO - Filling up the DagBag from /Users/vamseekrishna/Desktop/F1_Data_Warehouse/f1datawarehouse/lib/python3.9/site-packages/airflow/example_dags/example_branch_datetime_operator.py
[2024-02-24T11:59:07.891-0600] {processor.py:840} INFO - DAG(s) 'example_branch_datetime_operator', 'example_branch_datetime_operator_3', 'example_branch_datetime_operator_2' retrieved from /Users/vamseekrishna/Desktop/F1_Data_Warehouse/f1datawarehouse/lib/python3.9/site-packages/airflow/example_dags/example_branch_datetime_operator.py
[2024-02-24T11:59:07.948-0600] {logging_mixin.py:188} INFO - [2024-02-24T11:59:07.948-0600] {dag.py:3036} INFO - Sync 3 DAGs
[2024-02-24T11:59:07.958-0600] {logging_mixin.py:188} INFO - [2024-02-24T11:59:07.958-0600] {dag.py:3823} INFO - Setting next_dagrun for example_branch_datetime_operator to 2024-02-23 00:00:00+00:00, run_after=2024-02-24 00:00:00+00:00
[2024-02-24T11:59:07.960-0600] {logging_mixin.py:188} INFO - [2024-02-24T11:59:07.960-0600] {dag.py:3823} INFO - Setting next_dagrun for example_branch_datetime_operator_2 to 2024-02-23 00:00:00+00:00, run_after=2024-02-24 00:00:00+00:00
[2024-02-24T11:59:07.961-0600] {logging_mixin.py:188} INFO - [2024-02-24T11:59:07.961-0600] {dag.py:3823} INFO - Setting next_dagrun for example_branch_datetime_operator_3 to 2024-02-23 00:00:00+00:00, run_after=2024-02-24 00:00:00+00:00
[2024-02-24T11:59:07.969-0600] {processor.py:183} INFO - Processing /Users/vamseekrishna/Desktop/F1_Data_Warehouse/f1datawarehouse/lib/python3.9/site-packages/airflow/example_dags/example_branch_datetime_operator.py took 0.086 seconds
[2024-02-24T12:01:17.514-0600] {processor.py:161} INFO - Started process (PID=75994) to work on /Users/vamseekrishna/Desktop/F1_Data_Warehouse/f1datawarehouse/lib/python3.9/site-packages/airflow/example_dags/example_branch_datetime_operator.py
[2024-02-24T12:01:17.515-0600] {processor.py:830} INFO - Processing file /Users/vamseekrishna/Desktop/F1_Data_Warehouse/f1datawarehouse/lib/python3.9/site-packages/airflow/example_dags/example_branch_datetime_operator.py for tasks to queue
[2024-02-24T12:01:17.516-0600] {logging_mixin.py:188} INFO - [2024-02-24T12:01:17.516-0600] {dagbag.py:538} INFO - Filling up the DagBag from /Users/vamseekrishna/Desktop/F1_Data_Warehouse/f1datawarehouse/lib/python3.9/site-packages/airflow/example_dags/example_branch_datetime_operator.py
[2024-02-24T12:01:17.522-0600] {processor.py:840} INFO - DAG(s) 'example_branch_datetime_operator', 'example_branch_datetime_operator_2', 'example_branch_datetime_operator_3' retrieved from /Users/vamseekrishna/Desktop/F1_Data_Warehouse/f1datawarehouse/lib/python3.9/site-packages/airflow/example_dags/example_branch_datetime_operator.py
[2024-02-24T12:01:17.572-0600] {logging_mixin.py:188} INFO - [2024-02-24T12:01:17.572-0600] {dag.py:3036} INFO - Sync 3 DAGs
[2024-02-24T12:01:17.580-0600] {logging_mixin.py:188} INFO - [2024-02-24T12:01:17.580-0600] {dag.py:3823} INFO - Setting next_dagrun for example_branch_datetime_operator to 2024-02-23 00:00:00+00:00, run_after=2024-02-24 00:00:00+00:00
[2024-02-24T12:01:17.582-0600] {logging_mixin.py:188} INFO - [2024-02-24T12:01:17.582-0600] {dag.py:3823} INFO - Setting next_dagrun for example_branch_datetime_operator_2 to 2024-02-23 00:00:00+00:00, run_after=2024-02-24 00:00:00+00:00
[2024-02-24T12:01:17.584-0600] {logging_mixin.py:188} INFO - [2024-02-24T12:01:17.583-0600] {dag.py:3823} INFO - Setting next_dagrun for example_branch_datetime_operator_3 to 2024-02-23 00:00:00+00:00, run_after=2024-02-24 00:00:00+00:00
[2024-02-24T12:01:17.592-0600] {processor.py:183} INFO - Processing /Users/vamseekrishna/Desktop/F1_Data_Warehouse/f1datawarehouse/lib/python3.9/site-packages/airflow/example_dags/example_branch_datetime_operator.py took 0.079 seconds
[2024-02-24T12:03:14.464-0600] {processor.py:161} INFO - Started process (PID=76114) to work on /Users/vamseekrishna/Desktop/F1_Data_Warehouse/f1datawarehouse/lib/python3.9/site-packages/airflow/example_dags/example_branch_datetime_operator.py
[2024-02-24T12:03:14.465-0600] {processor.py:830} INFO - Processing file /Users/vamseekrishna/Desktop/F1_Data_Warehouse/f1datawarehouse/lib/python3.9/site-packages/airflow/example_dags/example_branch_datetime_operator.py for tasks to queue
[2024-02-24T12:03:14.466-0600] {logging_mixin.py:188} INFO - [2024-02-24T12:03:14.466-0600] {dagbag.py:538} INFO - Filling up the DagBag from /Users/vamseekrishna/Desktop/F1_Data_Warehouse/f1datawarehouse/lib/python3.9/site-packages/airflow/example_dags/example_branch_datetime_operator.py
[2024-02-24T12:03:14.472-0600] {processor.py:840} INFO - DAG(s) 'example_branch_datetime_operator', 'example_branch_datetime_operator_3', 'example_branch_datetime_operator_2' retrieved from /Users/vamseekrishna/Desktop/F1_Data_Warehouse/f1datawarehouse/lib/python3.9/site-packages/airflow/example_dags/example_branch_datetime_operator.py
[2024-02-24T12:03:14.521-0600] {logging_mixin.py:188} INFO - [2024-02-24T12:03:14.521-0600] {dag.py:3036} INFO - Sync 3 DAGs
[2024-02-24T12:03:14.529-0600] {logging_mixin.py:188} INFO - [2024-02-24T12:03:14.529-0600] {dag.py:3823} INFO - Setting next_dagrun for example_branch_datetime_operator to 2024-02-23 00:00:00+00:00, run_after=2024-02-24 00:00:00+00:00
[2024-02-24T12:03:14.531-0600] {logging_mixin.py:188} INFO - [2024-02-24T12:03:14.531-0600] {dag.py:3823} INFO - Setting next_dagrun for example_branch_datetime_operator_2 to 2024-02-23 00:00:00+00:00, run_after=2024-02-24 00:00:00+00:00
[2024-02-24T12:03:14.531-0600] {logging_mixin.py:188} INFO - [2024-02-24T12:03:14.531-0600] {dag.py:3823} INFO - Setting next_dagrun for example_branch_datetime_operator_3 to 2024-02-23 00:00:00+00:00, run_after=2024-02-24 00:00:00+00:00
[2024-02-24T12:03:14.540-0600] {processor.py:183} INFO - Processing /Users/vamseekrishna/Desktop/F1_Data_Warehouse/f1datawarehouse/lib/python3.9/site-packages/airflow/example_dags/example_branch_datetime_operator.py took 0.077 seconds
[2024-02-24T12:37:40.671-0600] {processor.py:161} INFO - Started process (PID=76325) to work on /Users/vamseekrishna/Desktop/F1_Data_Warehouse/f1datawarehouse/lib/python3.9/site-packages/airflow/example_dags/example_branch_datetime_operator.py
[2024-02-24T12:37:40.672-0600] {processor.py:830} INFO - Processing file /Users/vamseekrishna/Desktop/F1_Data_Warehouse/f1datawarehouse/lib/python3.9/site-packages/airflow/example_dags/example_branch_datetime_operator.py for tasks to queue
[2024-02-24T12:37:40.673-0600] {logging_mixin.py:188} INFO - [2024-02-24T12:37:40.673-0600] {dagbag.py:538} INFO - Filling up the DagBag from /Users/vamseekrishna/Desktop/F1_Data_Warehouse/f1datawarehouse/lib/python3.9/site-packages/airflow/example_dags/example_branch_datetime_operator.py
[2024-02-24T12:37:40.679-0600] {processor.py:840} INFO - DAG(s) 'example_branch_datetime_operator', 'example_branch_datetime_operator_3', 'example_branch_datetime_operator_2' retrieved from /Users/vamseekrishna/Desktop/F1_Data_Warehouse/f1datawarehouse/lib/python3.9/site-packages/airflow/example_dags/example_branch_datetime_operator.py
[2024-02-24T12:37:40.728-0600] {logging_mixin.py:188} INFO - [2024-02-24T12:37:40.728-0600] {dag.py:3036} INFO - Sync 3 DAGs
[2024-02-24T12:37:40.737-0600] {logging_mixin.py:188} INFO - [2024-02-24T12:37:40.737-0600] {dag.py:3823} INFO - Setting next_dagrun for example_branch_datetime_operator to 2024-02-23 00:00:00+00:00, run_after=2024-02-24 00:00:00+00:00
[2024-02-24T12:37:40.739-0600] {logging_mixin.py:188} INFO - [2024-02-24T12:37:40.739-0600] {dag.py:3823} INFO - Setting next_dagrun for example_branch_datetime_operator_2 to 2024-02-23 00:00:00+00:00, run_after=2024-02-24 00:00:00+00:00
[2024-02-24T12:37:40.740-0600] {logging_mixin.py:188} INFO - [2024-02-24T12:37:40.740-0600] {dag.py:3823} INFO - Setting next_dagrun for example_branch_datetime_operator_3 to 2024-02-23 00:00:00+00:00, run_after=2024-02-24 00:00:00+00:00
[2024-02-24T12:37:40.748-0600] {processor.py:183} INFO - Processing /Users/vamseekrishna/Desktop/F1_Data_Warehouse/f1datawarehouse/lib/python3.9/site-packages/airflow/example_dags/example_branch_datetime_operator.py took 0.078 seconds
[2024-02-24T12:39:48.181-0600] {processor.py:161} INFO - Started process (PID=76485) to work on /Users/vamseekrishna/Desktop/F1_Data_Warehouse/f1datawarehouse/lib/python3.9/site-packages/airflow/example_dags/example_branch_datetime_operator.py
[2024-02-24T12:39:48.183-0600] {processor.py:830} INFO - Processing file /Users/vamseekrishna/Desktop/F1_Data_Warehouse/f1datawarehouse/lib/python3.9/site-packages/airflow/example_dags/example_branch_datetime_operator.py for tasks to queue
[2024-02-24T12:39:48.183-0600] {logging_mixin.py:188} INFO - [2024-02-24T12:39:48.183-0600] {dagbag.py:538} INFO - Filling up the DagBag from /Users/vamseekrishna/Desktop/F1_Data_Warehouse/f1datawarehouse/lib/python3.9/site-packages/airflow/example_dags/example_branch_datetime_operator.py
[2024-02-24T12:39:48.190-0600] {processor.py:840} INFO - DAG(s) 'example_branch_datetime_operator_2', 'example_branch_datetime_operator_3', 'example_branch_datetime_operator' retrieved from /Users/vamseekrishna/Desktop/F1_Data_Warehouse/f1datawarehouse/lib/python3.9/site-packages/airflow/example_dags/example_branch_datetime_operator.py
[2024-02-24T12:39:48.241-0600] {logging_mixin.py:188} INFO - [2024-02-24T12:39:48.241-0600] {dag.py:3036} INFO - Sync 3 DAGs
[2024-02-24T12:39:48.249-0600] {logging_mixin.py:188} INFO - [2024-02-24T12:39:48.249-0600] {dag.py:3823} INFO - Setting next_dagrun for example_branch_datetime_operator to 2024-02-23 00:00:00+00:00, run_after=2024-02-24 00:00:00+00:00
[2024-02-24T12:39:48.251-0600] {logging_mixin.py:188} INFO - [2024-02-24T12:39:48.251-0600] {dag.py:3823} INFO - Setting next_dagrun for example_branch_datetime_operator_2 to 2024-02-23 00:00:00+00:00, run_after=2024-02-24 00:00:00+00:00
[2024-02-24T12:39:48.252-0600] {logging_mixin.py:188} INFO - [2024-02-24T12:39:48.252-0600] {dag.py:3823} INFO - Setting next_dagrun for example_branch_datetime_operator_3 to 2024-02-23 00:00:00+00:00, run_after=2024-02-24 00:00:00+00:00
[2024-02-24T12:39:48.260-0600] {processor.py:183} INFO - Processing /Users/vamseekrishna/Desktop/F1_Data_Warehouse/f1datawarehouse/lib/python3.9/site-packages/airflow/example_dags/example_branch_datetime_operator.py took 0.080 seconds
[2024-02-24T12:41:47.080-0600] {processor.py:161} INFO - Started process (PID=76601) to work on /Users/vamseekrishna/Desktop/F1_Data_Warehouse/f1datawarehouse/lib/python3.9/site-packages/airflow/example_dags/example_branch_datetime_operator.py
[2024-02-24T12:41:47.082-0600] {processor.py:830} INFO - Processing file /Users/vamseekrishna/Desktop/F1_Data_Warehouse/f1datawarehouse/lib/python3.9/site-packages/airflow/example_dags/example_branch_datetime_operator.py for tasks to queue
[2024-02-24T12:41:47.082-0600] {logging_mixin.py:188} INFO - [2024-02-24T12:41:47.082-0600] {dagbag.py:538} INFO - Filling up the DagBag from /Users/vamseekrishna/Desktop/F1_Data_Warehouse/f1datawarehouse/lib/python3.9/site-packages/airflow/example_dags/example_branch_datetime_operator.py
[2024-02-24T12:41:47.096-0600] {processor.py:840} INFO - DAG(s) 'example_branch_datetime_operator', 'example_branch_datetime_operator_2', 'example_branch_datetime_operator_3' retrieved from /Users/vamseekrishna/Desktop/F1_Data_Warehouse/f1datawarehouse/lib/python3.9/site-packages/airflow/example_dags/example_branch_datetime_operator.py
[2024-02-24T12:41:47.190-0600] {logging_mixin.py:188} INFO - [2024-02-24T12:41:47.190-0600] {dag.py:3036} INFO - Sync 3 DAGs
[2024-02-24T12:41:47.201-0600] {logging_mixin.py:188} INFO - [2024-02-24T12:41:47.201-0600] {dag.py:3823} INFO - Setting next_dagrun for example_branch_datetime_operator to 2024-02-23 00:00:00+00:00, run_after=2024-02-24 00:00:00+00:00
[2024-02-24T12:41:47.203-0600] {logging_mixin.py:188} INFO - [2024-02-24T12:41:47.203-0600] {dag.py:3823} INFO - Setting next_dagrun for example_branch_datetime_operator_2 to 2024-02-23 00:00:00+00:00, run_after=2024-02-24 00:00:00+00:00
[2024-02-24T12:41:47.204-0600] {logging_mixin.py:188} INFO - [2024-02-24T12:41:47.204-0600] {dag.py:3823} INFO - Setting next_dagrun for example_branch_datetime_operator_3 to 2024-02-23 00:00:00+00:00, run_after=2024-02-24 00:00:00+00:00
[2024-02-24T12:41:47.214-0600] {processor.py:183} INFO - Processing /Users/vamseekrishna/Desktop/F1_Data_Warehouse/f1datawarehouse/lib/python3.9/site-packages/airflow/example_dags/example_branch_datetime_operator.py took 0.135 seconds
[2024-02-24T12:43:51.747-0600] {processor.py:161} INFO - Started process (PID=76725) to work on /Users/vamseekrishna/Desktop/F1_Data_Warehouse/f1datawarehouse/lib/python3.9/site-packages/airflow/example_dags/example_branch_datetime_operator.py
[2024-02-24T12:43:51.749-0600] {processor.py:830} INFO - Processing file /Users/vamseekrishna/Desktop/F1_Data_Warehouse/f1datawarehouse/lib/python3.9/site-packages/airflow/example_dags/example_branch_datetime_operator.py for tasks to queue
[2024-02-24T12:43:51.749-0600] {logging_mixin.py:188} INFO - [2024-02-24T12:43:51.749-0600] {dagbag.py:538} INFO - Filling up the DagBag from /Users/vamseekrishna/Desktop/F1_Data_Warehouse/f1datawarehouse/lib/python3.9/site-packages/airflow/example_dags/example_branch_datetime_operator.py
[2024-02-24T12:43:51.755-0600] {processor.py:840} INFO - DAG(s) 'example_branch_datetime_operator_2', 'example_branch_datetime_operator', 'example_branch_datetime_operator_3' retrieved from /Users/vamseekrishna/Desktop/F1_Data_Warehouse/f1datawarehouse/lib/python3.9/site-packages/airflow/example_dags/example_branch_datetime_operator.py
[2024-02-24T12:43:51.805-0600] {logging_mixin.py:188} INFO - [2024-02-24T12:43:51.805-0600] {dag.py:3036} INFO - Sync 3 DAGs
[2024-02-24T12:43:51.814-0600] {logging_mixin.py:188} INFO - [2024-02-24T12:43:51.814-0600] {dag.py:3823} INFO - Setting next_dagrun for example_branch_datetime_operator to 2024-02-23 00:00:00+00:00, run_after=2024-02-24 00:00:00+00:00
[2024-02-24T12:43:51.816-0600] {logging_mixin.py:188} INFO - [2024-02-24T12:43:51.816-0600] {dag.py:3823} INFO - Setting next_dagrun for example_branch_datetime_operator_2 to 2024-02-23 00:00:00+00:00, run_after=2024-02-24 00:00:00+00:00
[2024-02-24T12:43:51.817-0600] {logging_mixin.py:188} INFO - [2024-02-24T12:43:51.817-0600] {dag.py:3823} INFO - Setting next_dagrun for example_branch_datetime_operator_3 to 2024-02-23 00:00:00+00:00, run_after=2024-02-24 00:00:00+00:00
[2024-02-24T12:43:51.823-0600] {processor.py:183} INFO - Processing /Users/vamseekrishna/Desktop/F1_Data_Warehouse/f1datawarehouse/lib/python3.9/site-packages/airflow/example_dags/example_branch_datetime_operator.py took 0.076 seconds
[2024-02-24T12:46:12.950-0600] {processor.py:161} INFO - Started process (PID=76974) to work on /Users/vamseekrishna/Desktop/F1_Data_Warehouse/f1datawarehouse/lib/python3.9/site-packages/airflow/example_dags/example_branch_datetime_operator.py
[2024-02-24T12:46:12.952-0600] {processor.py:830} INFO - Processing file /Users/vamseekrishna/Desktop/F1_Data_Warehouse/f1datawarehouse/lib/python3.9/site-packages/airflow/example_dags/example_branch_datetime_operator.py for tasks to queue
[2024-02-24T12:46:12.952-0600] {logging_mixin.py:188} INFO - [2024-02-24T12:46:12.952-0600] {dagbag.py:538} INFO - Filling up the DagBag from /Users/vamseekrishna/Desktop/F1_Data_Warehouse/f1datawarehouse/lib/python3.9/site-packages/airflow/example_dags/example_branch_datetime_operator.py
[2024-02-24T12:46:12.958-0600] {processor.py:840} INFO - DAG(s) 'example_branch_datetime_operator_3', 'example_branch_datetime_operator', 'example_branch_datetime_operator_2' retrieved from /Users/vamseekrishna/Desktop/F1_Data_Warehouse/f1datawarehouse/lib/python3.9/site-packages/airflow/example_dags/example_branch_datetime_operator.py
[2024-02-24T12:46:13.007-0600] {logging_mixin.py:188} INFO - [2024-02-24T12:46:13.006-0600] {dag.py:3036} INFO - Sync 3 DAGs
[2024-02-24T12:46:13.014-0600] {logging_mixin.py:188} INFO - [2024-02-24T12:46:13.014-0600] {dag.py:3823} INFO - Setting next_dagrun for example_branch_datetime_operator to 2024-02-23 00:00:00+00:00, run_after=2024-02-24 00:00:00+00:00
[2024-02-24T12:46:13.016-0600] {logging_mixin.py:188} INFO - [2024-02-24T12:46:13.016-0600] {dag.py:3823} INFO - Setting next_dagrun for example_branch_datetime_operator_2 to 2024-02-23 00:00:00+00:00, run_after=2024-02-24 00:00:00+00:00
[2024-02-24T12:46:13.017-0600] {logging_mixin.py:188} INFO - [2024-02-24T12:46:13.017-0600] {dag.py:3823} INFO - Setting next_dagrun for example_branch_datetime_operator_3 to 2024-02-23 00:00:00+00:00, run_after=2024-02-24 00:00:00+00:00
[2024-02-24T12:46:13.025-0600] {processor.py:183} INFO - Processing /Users/vamseekrishna/Desktop/F1_Data_Warehouse/f1datawarehouse/lib/python3.9/site-packages/airflow/example_dags/example_branch_datetime_operator.py took 0.076 seconds
[2024-02-24T12:48:21.778-0600] {processor.py:161} INFO - Started process (PID=77078) to work on /Users/vamseekrishna/Desktop/F1_Data_Warehouse/f1datawarehouse/lib/python3.9/site-packages/airflow/example_dags/example_branch_datetime_operator.py
[2024-02-24T12:48:21.780-0600] {processor.py:830} INFO - Processing file /Users/vamseekrishna/Desktop/F1_Data_Warehouse/f1datawarehouse/lib/python3.9/site-packages/airflow/example_dags/example_branch_datetime_operator.py for tasks to queue
[2024-02-24T12:48:21.781-0600] {logging_mixin.py:188} INFO - [2024-02-24T12:48:21.780-0600] {dagbag.py:538} INFO - Filling up the DagBag from /Users/vamseekrishna/Desktop/F1_Data_Warehouse/f1datawarehouse/lib/python3.9/site-packages/airflow/example_dags/example_branch_datetime_operator.py
[2024-02-24T12:48:21.786-0600] {processor.py:840} INFO - DAG(s) 'example_branch_datetime_operator_2', 'example_branch_datetime_operator_3', 'example_branch_datetime_operator' retrieved from /Users/vamseekrishna/Desktop/F1_Data_Warehouse/f1datawarehouse/lib/python3.9/site-packages/airflow/example_dags/example_branch_datetime_operator.py
[2024-02-24T12:48:21.839-0600] {logging_mixin.py:188} INFO - [2024-02-24T12:48:21.839-0600] {dag.py:3036} INFO - Sync 3 DAGs
[2024-02-24T12:48:21.847-0600] {logging_mixin.py:188} INFO - [2024-02-24T12:48:21.847-0600] {dag.py:3823} INFO - Setting next_dagrun for example_branch_datetime_operator to 2024-02-23 00:00:00+00:00, run_after=2024-02-24 00:00:00+00:00
[2024-02-24T12:48:21.849-0600] {logging_mixin.py:188} INFO - [2024-02-24T12:48:21.849-0600] {dag.py:3823} INFO - Setting next_dagrun for example_branch_datetime_operator_2 to 2024-02-23 00:00:00+00:00, run_after=2024-02-24 00:00:00+00:00
[2024-02-24T12:48:21.849-0600] {logging_mixin.py:188} INFO - [2024-02-24T12:48:21.849-0600] {dag.py:3823} INFO - Setting next_dagrun for example_branch_datetime_operator_3 to 2024-02-23 00:00:00+00:00, run_after=2024-02-24 00:00:00+00:00
[2024-02-24T12:48:21.856-0600] {processor.py:183} INFO - Processing /Users/vamseekrishna/Desktop/F1_Data_Warehouse/f1datawarehouse/lib/python3.9/site-packages/airflow/example_dags/example_branch_datetime_operator.py took 0.078 seconds
[2024-02-24T12:50:30.125-0600] {processor.py:161} INFO - Started process (PID=77182) to work on /Users/vamseekrishna/Desktop/F1_Data_Warehouse/f1datawarehouse/lib/python3.9/site-packages/airflow/example_dags/example_branch_datetime_operator.py
[2024-02-24T12:50:30.127-0600] {processor.py:830} INFO - Processing file /Users/vamseekrishna/Desktop/F1_Data_Warehouse/f1datawarehouse/lib/python3.9/site-packages/airflow/example_dags/example_branch_datetime_operator.py for tasks to queue
[2024-02-24T12:50:30.127-0600] {logging_mixin.py:188} INFO - [2024-02-24T12:50:30.127-0600] {dagbag.py:538} INFO - Filling up the DagBag from /Users/vamseekrishna/Desktop/F1_Data_Warehouse/f1datawarehouse/lib/python3.9/site-packages/airflow/example_dags/example_branch_datetime_operator.py
[2024-02-24T12:50:30.133-0600] {processor.py:840} INFO - DAG(s) 'example_branch_datetime_operator_3', 'example_branch_datetime_operator_2', 'example_branch_datetime_operator' retrieved from /Users/vamseekrishna/Desktop/F1_Data_Warehouse/f1datawarehouse/lib/python3.9/site-packages/airflow/example_dags/example_branch_datetime_operator.py
[2024-02-24T12:50:30.184-0600] {logging_mixin.py:188} INFO - [2024-02-24T12:50:30.184-0600] {dag.py:3036} INFO - Sync 3 DAGs
[2024-02-24T12:50:30.192-0600] {logging_mixin.py:188} INFO - [2024-02-24T12:50:30.192-0600] {dag.py:3823} INFO - Setting next_dagrun for example_branch_datetime_operator to 2024-02-23 00:00:00+00:00, run_after=2024-02-24 00:00:00+00:00
[2024-02-24T12:50:30.194-0600] {logging_mixin.py:188} INFO - [2024-02-24T12:50:30.194-0600] {dag.py:3823} INFO - Setting next_dagrun for example_branch_datetime_operator_2 to 2024-02-23 00:00:00+00:00, run_after=2024-02-24 00:00:00+00:00
[2024-02-24T12:50:30.195-0600] {logging_mixin.py:188} INFO - [2024-02-24T12:50:30.195-0600] {dag.py:3823} INFO - Setting next_dagrun for example_branch_datetime_operator_3 to 2024-02-23 00:00:00+00:00, run_after=2024-02-24 00:00:00+00:00
[2024-02-24T12:50:30.204-0600] {processor.py:183} INFO - Processing /Users/vamseekrishna/Desktop/F1_Data_Warehouse/f1datawarehouse/lib/python3.9/site-packages/airflow/example_dags/example_branch_datetime_operator.py took 0.083 seconds
[2024-02-24T12:52:33.895-0600] {processor.py:161} INFO - Started process (PID=77290) to work on /Users/vamseekrishna/Desktop/F1_Data_Warehouse/f1datawarehouse/lib/python3.9/site-packages/airflow/example_dags/example_branch_datetime_operator.py
[2024-02-24T12:52:33.897-0600] {processor.py:830} INFO - Processing file /Users/vamseekrishna/Desktop/F1_Data_Warehouse/f1datawarehouse/lib/python3.9/site-packages/airflow/example_dags/example_branch_datetime_operator.py for tasks to queue
[2024-02-24T12:52:33.898-0600] {logging_mixin.py:188} INFO - [2024-02-24T12:52:33.898-0600] {dagbag.py:538} INFO - Filling up the DagBag from /Users/vamseekrishna/Desktop/F1_Data_Warehouse/f1datawarehouse/lib/python3.9/site-packages/airflow/example_dags/example_branch_datetime_operator.py
[2024-02-24T12:52:33.904-0600] {processor.py:840} INFO - DAG(s) 'example_branch_datetime_operator', 'example_branch_datetime_operator_3', 'example_branch_datetime_operator_2' retrieved from /Users/vamseekrishna/Desktop/F1_Data_Warehouse/f1datawarehouse/lib/python3.9/site-packages/airflow/example_dags/example_branch_datetime_operator.py
[2024-02-24T12:52:33.956-0600] {logging_mixin.py:188} INFO - [2024-02-24T12:52:33.955-0600] {dag.py:3036} INFO - Sync 3 DAGs
[2024-02-24T12:52:33.963-0600] {logging_mixin.py:188} INFO - [2024-02-24T12:52:33.963-0600] {dag.py:3823} INFO - Setting next_dagrun for example_branch_datetime_operator to 2024-02-23 00:00:00+00:00, run_after=2024-02-24 00:00:00+00:00
[2024-02-24T12:52:33.965-0600] {logging_mixin.py:188} INFO - [2024-02-24T12:52:33.965-0600] {dag.py:3823} INFO - Setting next_dagrun for example_branch_datetime_operator_2 to 2024-02-23 00:00:00+00:00, run_after=2024-02-24 00:00:00+00:00
[2024-02-24T12:52:33.966-0600] {logging_mixin.py:188} INFO - [2024-02-24T12:52:33.966-0600] {dag.py:3823} INFO - Setting next_dagrun for example_branch_datetime_operator_3 to 2024-02-23 00:00:00+00:00, run_after=2024-02-24 00:00:00+00:00
[2024-02-24T12:52:33.975-0600] {processor.py:183} INFO - Processing /Users/vamseekrishna/Desktop/F1_Data_Warehouse/f1datawarehouse/lib/python3.9/site-packages/airflow/example_dags/example_branch_datetime_operator.py took 0.081 seconds
[2024-02-24T12:54:44.922-0600] {processor.py:161} INFO - Started process (PID=77401) to work on /Users/vamseekrishna/Desktop/F1_Data_Warehouse/f1datawarehouse/lib/python3.9/site-packages/airflow/example_dags/example_branch_datetime_operator.py
[2024-02-24T12:54:44.924-0600] {processor.py:830} INFO - Processing file /Users/vamseekrishna/Desktop/F1_Data_Warehouse/f1datawarehouse/lib/python3.9/site-packages/airflow/example_dags/example_branch_datetime_operator.py for tasks to queue
[2024-02-24T12:54:44.924-0600] {logging_mixin.py:188} INFO - [2024-02-24T12:54:44.924-0600] {dagbag.py:538} INFO - Filling up the DagBag from /Users/vamseekrishna/Desktop/F1_Data_Warehouse/f1datawarehouse/lib/python3.9/site-packages/airflow/example_dags/example_branch_datetime_operator.py
[2024-02-24T12:54:44.933-0600] {processor.py:840} INFO - DAG(s) 'example_branch_datetime_operator_3', 'example_branch_datetime_operator_2', 'example_branch_datetime_operator' retrieved from /Users/vamseekrishna/Desktop/F1_Data_Warehouse/f1datawarehouse/lib/python3.9/site-packages/airflow/example_dags/example_branch_datetime_operator.py
[2024-02-24T12:54:44.990-0600] {logging_mixin.py:188} INFO - [2024-02-24T12:54:44.990-0600] {dag.py:3036} INFO - Sync 3 DAGs
[2024-02-24T12:54:44.999-0600] {logging_mixin.py:188} INFO - [2024-02-24T12:54:44.999-0600] {dag.py:3823} INFO - Setting next_dagrun for example_branch_datetime_operator to 2024-02-23 00:00:00+00:00, run_after=2024-02-24 00:00:00+00:00
[2024-02-24T12:54:45.001-0600] {logging_mixin.py:188} INFO - [2024-02-24T12:54:45.001-0600] {dag.py:3823} INFO - Setting next_dagrun for example_branch_datetime_operator_2 to 2024-02-23 00:00:00+00:00, run_after=2024-02-24 00:00:00+00:00
[2024-02-24T12:54:45.002-0600] {logging_mixin.py:188} INFO - [2024-02-24T12:54:45.002-0600] {dag.py:3823} INFO - Setting next_dagrun for example_branch_datetime_operator_3 to 2024-02-23 00:00:00+00:00, run_after=2024-02-24 00:00:00+00:00
[2024-02-24T12:54:45.010-0600] {processor.py:183} INFO - Processing /Users/vamseekrishna/Desktop/F1_Data_Warehouse/f1datawarehouse/lib/python3.9/site-packages/airflow/example_dags/example_branch_datetime_operator.py took 0.088 seconds
[2024-02-24T12:56:54.290-0600] {processor.py:161} INFO - Started process (PID=77502) to work on /Users/vamseekrishna/Desktop/F1_Data_Warehouse/f1datawarehouse/lib/python3.9/site-packages/airflow/example_dags/example_branch_datetime_operator.py
[2024-02-24T12:56:54.293-0600] {processor.py:830} INFO - Processing file /Users/vamseekrishna/Desktop/F1_Data_Warehouse/f1datawarehouse/lib/python3.9/site-packages/airflow/example_dags/example_branch_datetime_operator.py for tasks to queue
[2024-02-24T12:56:54.293-0600] {logging_mixin.py:188} INFO - [2024-02-24T12:56:54.293-0600] {dagbag.py:538} INFO - Filling up the DagBag from /Users/vamseekrishna/Desktop/F1_Data_Warehouse/f1datawarehouse/lib/python3.9/site-packages/airflow/example_dags/example_branch_datetime_operator.py
[2024-02-24T12:56:54.299-0600] {processor.py:840} INFO - DAG(s) 'example_branch_datetime_operator_3', 'example_branch_datetime_operator_2', 'example_branch_datetime_operator' retrieved from /Users/vamseekrishna/Desktop/F1_Data_Warehouse/f1datawarehouse/lib/python3.9/site-packages/airflow/example_dags/example_branch_datetime_operator.py
[2024-02-24T12:56:54.351-0600] {logging_mixin.py:188} INFO - [2024-02-24T12:56:54.351-0600] {dag.py:3036} INFO - Sync 3 DAGs
[2024-02-24T12:56:54.361-0600] {logging_mixin.py:188} INFO - [2024-02-24T12:56:54.361-0600] {dag.py:3823} INFO - Setting next_dagrun for example_branch_datetime_operator to 2024-02-23 00:00:00+00:00, run_after=2024-02-24 00:00:00+00:00
[2024-02-24T12:56:54.363-0600] {logging_mixin.py:188} INFO - [2024-02-24T12:56:54.363-0600] {dag.py:3823} INFO - Setting next_dagrun for example_branch_datetime_operator_2 to 2024-02-23 00:00:00+00:00, run_after=2024-02-24 00:00:00+00:00
[2024-02-24T12:56:54.365-0600] {logging_mixin.py:188} INFO - [2024-02-24T12:56:54.364-0600] {dag.py:3823} INFO - Setting next_dagrun for example_branch_datetime_operator_3 to 2024-02-23 00:00:00+00:00, run_after=2024-02-24 00:00:00+00:00
[2024-02-24T12:56:54.371-0600] {processor.py:183} INFO - Processing /Users/vamseekrishna/Desktop/F1_Data_Warehouse/f1datawarehouse/lib/python3.9/site-packages/airflow/example_dags/example_branch_datetime_operator.py took 0.081 seconds
[2024-02-24T12:59:02.876-0600] {processor.py:161} INFO - Started process (PID=77609) to work on /Users/vamseekrishna/Desktop/F1_Data_Warehouse/f1datawarehouse/lib/python3.9/site-packages/airflow/example_dags/example_branch_datetime_operator.py
[2024-02-24T12:59:02.878-0600] {processor.py:830} INFO - Processing file /Users/vamseekrishna/Desktop/F1_Data_Warehouse/f1datawarehouse/lib/python3.9/site-packages/airflow/example_dags/example_branch_datetime_operator.py for tasks to queue
[2024-02-24T12:59:02.878-0600] {logging_mixin.py:188} INFO - [2024-02-24T12:59:02.878-0600] {dagbag.py:538} INFO - Filling up the DagBag from /Users/vamseekrishna/Desktop/F1_Data_Warehouse/f1datawarehouse/lib/python3.9/site-packages/airflow/example_dags/example_branch_datetime_operator.py
[2024-02-24T12:59:02.884-0600] {processor.py:840} INFO - DAG(s) 'example_branch_datetime_operator_2', 'example_branch_datetime_operator', 'example_branch_datetime_operator_3' retrieved from /Users/vamseekrishna/Desktop/F1_Data_Warehouse/f1datawarehouse/lib/python3.9/site-packages/airflow/example_dags/example_branch_datetime_operator.py
[2024-02-24T12:59:02.937-0600] {logging_mixin.py:188} INFO - [2024-02-24T12:59:02.937-0600] {dag.py:3036} INFO - Sync 3 DAGs
[2024-02-24T12:59:02.946-0600] {logging_mixin.py:188} INFO - [2024-02-24T12:59:02.946-0600] {dag.py:3823} INFO - Setting next_dagrun for example_branch_datetime_operator to 2024-02-23 00:00:00+00:00, run_after=2024-02-24 00:00:00+00:00
[2024-02-24T12:59:02.947-0600] {logging_mixin.py:188} INFO - [2024-02-24T12:59:02.947-0600] {dag.py:3823} INFO - Setting next_dagrun for example_branch_datetime_operator_2 to 2024-02-23 00:00:00+00:00, run_after=2024-02-24 00:00:00+00:00
[2024-02-24T12:59:02.948-0600] {logging_mixin.py:188} INFO - [2024-02-24T12:59:02.948-0600] {dag.py:3823} INFO - Setting next_dagrun for example_branch_datetime_operator_3 to 2024-02-23 00:00:00+00:00, run_after=2024-02-24 00:00:00+00:00
[2024-02-24T12:59:02.956-0600] {processor.py:183} INFO - Processing /Users/vamseekrishna/Desktop/F1_Data_Warehouse/f1datawarehouse/lib/python3.9/site-packages/airflow/example_dags/example_branch_datetime_operator.py took 0.081 seconds
[2024-02-24T13:01:13.165-0600] {processor.py:161} INFO - Started process (PID=77748) to work on /Users/vamseekrishna/Desktop/F1_Data_Warehouse/f1datawarehouse/lib/python3.9/site-packages/airflow/example_dags/example_branch_datetime_operator.py
[2024-02-24T13:01:13.166-0600] {processor.py:830} INFO - Processing file /Users/vamseekrishna/Desktop/F1_Data_Warehouse/f1datawarehouse/lib/python3.9/site-packages/airflow/example_dags/example_branch_datetime_operator.py for tasks to queue
[2024-02-24T13:01:13.166-0600] {logging_mixin.py:188} INFO - [2024-02-24T13:01:13.166-0600] {dagbag.py:538} INFO - Filling up the DagBag from /Users/vamseekrishna/Desktop/F1_Data_Warehouse/f1datawarehouse/lib/python3.9/site-packages/airflow/example_dags/example_branch_datetime_operator.py
[2024-02-24T13:01:13.172-0600] {processor.py:840} INFO - DAG(s) 'example_branch_datetime_operator_3', 'example_branch_datetime_operator', 'example_branch_datetime_operator_2' retrieved from /Users/vamseekrishna/Desktop/F1_Data_Warehouse/f1datawarehouse/lib/python3.9/site-packages/airflow/example_dags/example_branch_datetime_operator.py
[2024-02-24T13:01:13.220-0600] {logging_mixin.py:188} INFO - [2024-02-24T13:01:13.220-0600] {dag.py:3036} INFO - Sync 3 DAGs
[2024-02-24T13:01:13.227-0600] {logging_mixin.py:188} INFO - [2024-02-24T13:01:13.227-0600] {dag.py:3823} INFO - Setting next_dagrun for example_branch_datetime_operator to 2024-02-23 00:00:00+00:00, run_after=2024-02-24 00:00:00+00:00
[2024-02-24T13:01:13.229-0600] {logging_mixin.py:188} INFO - [2024-02-24T13:01:13.229-0600] {dag.py:3823} INFO - Setting next_dagrun for example_branch_datetime_operator_2 to 2024-02-23 00:00:00+00:00, run_after=2024-02-24 00:00:00+00:00
[2024-02-24T13:01:13.230-0600] {logging_mixin.py:188} INFO - [2024-02-24T13:01:13.230-0600] {dag.py:3823} INFO - Setting next_dagrun for example_branch_datetime_operator_3 to 2024-02-23 00:00:00+00:00, run_after=2024-02-24 00:00:00+00:00
[2024-02-24T13:01:13.236-0600] {processor.py:183} INFO - Processing /Users/vamseekrishna/Desktop/F1_Data_Warehouse/f1datawarehouse/lib/python3.9/site-packages/airflow/example_dags/example_branch_datetime_operator.py took 0.072 seconds
[2024-02-24T13:03:08.731-0600] {processor.py:161} INFO - Started process (PID=77879) to work on /Users/vamseekrishna/Desktop/F1_Data_Warehouse/f1datawarehouse/lib/python3.9/site-packages/airflow/example_dags/example_branch_datetime_operator.py
[2024-02-24T13:03:08.733-0600] {processor.py:830} INFO - Processing file /Users/vamseekrishna/Desktop/F1_Data_Warehouse/f1datawarehouse/lib/python3.9/site-packages/airflow/example_dags/example_branch_datetime_operator.py for tasks to queue
[2024-02-24T13:03:08.733-0600] {logging_mixin.py:188} INFO - [2024-02-24T13:03:08.733-0600] {dagbag.py:538} INFO - Filling up the DagBag from /Users/vamseekrishna/Desktop/F1_Data_Warehouse/f1datawarehouse/lib/python3.9/site-packages/airflow/example_dags/example_branch_datetime_operator.py
[2024-02-24T13:03:08.738-0600] {processor.py:840} INFO - DAG(s) 'example_branch_datetime_operator_3', 'example_branch_datetime_operator', 'example_branch_datetime_operator_2' retrieved from /Users/vamseekrishna/Desktop/F1_Data_Warehouse/f1datawarehouse/lib/python3.9/site-packages/airflow/example_dags/example_branch_datetime_operator.py
[2024-02-24T13:03:08.785-0600] {logging_mixin.py:188} INFO - [2024-02-24T13:03:08.785-0600] {dag.py:3036} INFO - Sync 3 DAGs
[2024-02-24T13:03:08.793-0600] {logging_mixin.py:188} INFO - [2024-02-24T13:03:08.793-0600] {dag.py:3823} INFO - Setting next_dagrun for example_branch_datetime_operator to 2024-02-23 00:00:00+00:00, run_after=2024-02-24 00:00:00+00:00
[2024-02-24T13:03:08.794-0600] {logging_mixin.py:188} INFO - [2024-02-24T13:03:08.794-0600] {dag.py:3823} INFO - Setting next_dagrun for example_branch_datetime_operator_2 to 2024-02-23 00:00:00+00:00, run_after=2024-02-24 00:00:00+00:00
[2024-02-24T13:03:08.795-0600] {logging_mixin.py:188} INFO - [2024-02-24T13:03:08.795-0600] {dag.py:3823} INFO - Setting next_dagrun for example_branch_datetime_operator_3 to 2024-02-23 00:00:00+00:00, run_after=2024-02-24 00:00:00+00:00
[2024-02-24T13:03:08.802-0600] {processor.py:183} INFO - Processing /Users/vamseekrishna/Desktop/F1_Data_Warehouse/f1datawarehouse/lib/python3.9/site-packages/airflow/example_dags/example_branch_datetime_operator.py took 0.071 seconds
[2024-02-24T13:05:02.130-0600] {processor.py:161} INFO - Started process (PID=77966) to work on /Users/vamseekrishna/Desktop/F1_Data_Warehouse/f1datawarehouse/lib/python3.9/site-packages/airflow/example_dags/example_branch_datetime_operator.py
[2024-02-24T13:05:02.131-0600] {processor.py:830} INFO - Processing file /Users/vamseekrishna/Desktop/F1_Data_Warehouse/f1datawarehouse/lib/python3.9/site-packages/airflow/example_dags/example_branch_datetime_operator.py for tasks to queue
[2024-02-24T13:05:02.132-0600] {logging_mixin.py:188} INFO - [2024-02-24T13:05:02.132-0600] {dagbag.py:538} INFO - Filling up the DagBag from /Users/vamseekrishna/Desktop/F1_Data_Warehouse/f1datawarehouse/lib/python3.9/site-packages/airflow/example_dags/example_branch_datetime_operator.py
[2024-02-24T13:05:02.137-0600] {processor.py:840} INFO - DAG(s) 'example_branch_datetime_operator_2', 'example_branch_datetime_operator_3', 'example_branch_datetime_operator' retrieved from /Users/vamseekrishna/Desktop/F1_Data_Warehouse/f1datawarehouse/lib/python3.9/site-packages/airflow/example_dags/example_branch_datetime_operator.py
[2024-02-24T13:05:02.183-0600] {logging_mixin.py:188} INFO - [2024-02-24T13:05:02.183-0600] {dag.py:3036} INFO - Sync 3 DAGs
[2024-02-24T13:05:02.190-0600] {logging_mixin.py:188} INFO - [2024-02-24T13:05:02.190-0600] {dag.py:3823} INFO - Setting next_dagrun for example_branch_datetime_operator to 2024-02-23 00:00:00+00:00, run_after=2024-02-24 00:00:00+00:00
[2024-02-24T13:05:02.192-0600] {logging_mixin.py:188} INFO - [2024-02-24T13:05:02.192-0600] {dag.py:3823} INFO - Setting next_dagrun for example_branch_datetime_operator_2 to 2024-02-23 00:00:00+00:00, run_after=2024-02-24 00:00:00+00:00
[2024-02-24T13:05:02.193-0600] {logging_mixin.py:188} INFO - [2024-02-24T13:05:02.193-0600] {dag.py:3823} INFO - Setting next_dagrun for example_branch_datetime_operator_3 to 2024-02-23 00:00:00+00:00, run_after=2024-02-24 00:00:00+00:00
[2024-02-24T13:05:02.199-0600] {processor.py:183} INFO - Processing /Users/vamseekrishna/Desktop/F1_Data_Warehouse/f1datawarehouse/lib/python3.9/site-packages/airflow/example_dags/example_branch_datetime_operator.py took 0.070 seconds
[2024-02-24T13:06:53.913-0600] {processor.py:161} INFO - Started process (PID=78050) to work on /Users/vamseekrishna/Desktop/F1_Data_Warehouse/f1datawarehouse/lib/python3.9/site-packages/airflow/example_dags/example_branch_datetime_operator.py
[2024-02-24T13:06:53.915-0600] {processor.py:830} INFO - Processing file /Users/vamseekrishna/Desktop/F1_Data_Warehouse/f1datawarehouse/lib/python3.9/site-packages/airflow/example_dags/example_branch_datetime_operator.py for tasks to queue
[2024-02-24T13:06:53.915-0600] {logging_mixin.py:188} INFO - [2024-02-24T13:06:53.915-0600] {dagbag.py:538} INFO - Filling up the DagBag from /Users/vamseekrishna/Desktop/F1_Data_Warehouse/f1datawarehouse/lib/python3.9/site-packages/airflow/example_dags/example_branch_datetime_operator.py
[2024-02-24T13:06:53.920-0600] {processor.py:840} INFO - DAG(s) 'example_branch_datetime_operator_2', 'example_branch_datetime_operator_3', 'example_branch_datetime_operator' retrieved from /Users/vamseekrishna/Desktop/F1_Data_Warehouse/f1datawarehouse/lib/python3.9/site-packages/airflow/example_dags/example_branch_datetime_operator.py
[2024-02-24T13:06:53.965-0600] {logging_mixin.py:188} INFO - [2024-02-24T13:06:53.965-0600] {dag.py:3036} INFO - Sync 3 DAGs
[2024-02-24T13:06:53.973-0600] {logging_mixin.py:188} INFO - [2024-02-24T13:06:53.973-0600] {dag.py:3823} INFO - Setting next_dagrun for example_branch_datetime_operator to 2024-02-23 00:00:00+00:00, run_after=2024-02-24 00:00:00+00:00
[2024-02-24T13:06:53.974-0600] {logging_mixin.py:188} INFO - [2024-02-24T13:06:53.974-0600] {dag.py:3823} INFO - Setting next_dagrun for example_branch_datetime_operator_2 to 2024-02-23 00:00:00+00:00, run_after=2024-02-24 00:00:00+00:00
[2024-02-24T13:06:53.975-0600] {logging_mixin.py:188} INFO - [2024-02-24T13:06:53.975-0600] {dag.py:3823} INFO - Setting next_dagrun for example_branch_datetime_operator_3 to 2024-02-23 00:00:00+00:00, run_after=2024-02-24 00:00:00+00:00
[2024-02-24T13:06:53.981-0600] {processor.py:183} INFO - Processing /Users/vamseekrishna/Desktop/F1_Data_Warehouse/f1datawarehouse/lib/python3.9/site-packages/airflow/example_dags/example_branch_datetime_operator.py took 0.069 seconds
[2024-02-24T13:08:46.664-0600] {processor.py:161} INFO - Started process (PID=78136) to work on /Users/vamseekrishna/Desktop/F1_Data_Warehouse/f1datawarehouse/lib/python3.9/site-packages/airflow/example_dags/example_branch_datetime_operator.py
[2024-02-24T13:08:46.666-0600] {processor.py:830} INFO - Processing file /Users/vamseekrishna/Desktop/F1_Data_Warehouse/f1datawarehouse/lib/python3.9/site-packages/airflow/example_dags/example_branch_datetime_operator.py for tasks to queue
[2024-02-24T13:08:46.666-0600] {logging_mixin.py:188} INFO - [2024-02-24T13:08:46.666-0600] {dagbag.py:538} INFO - Filling up the DagBag from /Users/vamseekrishna/Desktop/F1_Data_Warehouse/f1datawarehouse/lib/python3.9/site-packages/airflow/example_dags/example_branch_datetime_operator.py
[2024-02-24T13:08:46.671-0600] {processor.py:840} INFO - DAG(s) 'example_branch_datetime_operator', 'example_branch_datetime_operator_3', 'example_branch_datetime_operator_2' retrieved from /Users/vamseekrishna/Desktop/F1_Data_Warehouse/f1datawarehouse/lib/python3.9/site-packages/airflow/example_dags/example_branch_datetime_operator.py
[2024-02-24T13:08:46.718-0600] {logging_mixin.py:188} INFO - [2024-02-24T13:08:46.717-0600] {dag.py:3036} INFO - Sync 3 DAGs
[2024-02-24T13:08:46.725-0600] {logging_mixin.py:188} INFO - [2024-02-24T13:08:46.725-0600] {dag.py:3823} INFO - Setting next_dagrun for example_branch_datetime_operator to 2024-02-23 00:00:00+00:00, run_after=2024-02-24 00:00:00+00:00
[2024-02-24T13:08:46.727-0600] {logging_mixin.py:188} INFO - [2024-02-24T13:08:46.727-0600] {dag.py:3823} INFO - Setting next_dagrun for example_branch_datetime_operator_2 to 2024-02-23 00:00:00+00:00, run_after=2024-02-24 00:00:00+00:00
[2024-02-24T13:08:46.728-0600] {logging_mixin.py:188} INFO - [2024-02-24T13:08:46.728-0600] {dag.py:3823} INFO - Setting next_dagrun for example_branch_datetime_operator_3 to 2024-02-23 00:00:00+00:00, run_after=2024-02-24 00:00:00+00:00
[2024-02-24T13:08:46.734-0600] {processor.py:183} INFO - Processing /Users/vamseekrishna/Desktop/F1_Data_Warehouse/f1datawarehouse/lib/python3.9/site-packages/airflow/example_dags/example_branch_datetime_operator.py took 0.071 seconds
[2024-02-24T13:10:37.760-0600] {processor.py:161} INFO - Started process (PID=78222) to work on /Users/vamseekrishna/Desktop/F1_Data_Warehouse/f1datawarehouse/lib/python3.9/site-packages/airflow/example_dags/example_branch_datetime_operator.py
[2024-02-24T13:10:37.762-0600] {processor.py:830} INFO - Processing file /Users/vamseekrishna/Desktop/F1_Data_Warehouse/f1datawarehouse/lib/python3.9/site-packages/airflow/example_dags/example_branch_datetime_operator.py for tasks to queue
[2024-02-24T13:10:37.762-0600] {logging_mixin.py:188} INFO - [2024-02-24T13:10:37.762-0600] {dagbag.py:538} INFO - Filling up the DagBag from /Users/vamseekrishna/Desktop/F1_Data_Warehouse/f1datawarehouse/lib/python3.9/site-packages/airflow/example_dags/example_branch_datetime_operator.py
[2024-02-24T13:10:37.767-0600] {processor.py:840} INFO - DAG(s) 'example_branch_datetime_operator', 'example_branch_datetime_operator_3', 'example_branch_datetime_operator_2' retrieved from /Users/vamseekrishna/Desktop/F1_Data_Warehouse/f1datawarehouse/lib/python3.9/site-packages/airflow/example_dags/example_branch_datetime_operator.py
[2024-02-24T13:10:37.813-0600] {logging_mixin.py:188} INFO - [2024-02-24T13:10:37.813-0600] {dag.py:3036} INFO - Sync 3 DAGs
[2024-02-24T13:10:37.820-0600] {logging_mixin.py:188} INFO - [2024-02-24T13:10:37.820-0600] {dag.py:3823} INFO - Setting next_dagrun for example_branch_datetime_operator to 2024-02-23 00:00:00+00:00, run_after=2024-02-24 00:00:00+00:00
[2024-02-24T13:10:37.822-0600] {logging_mixin.py:188} INFO - [2024-02-24T13:10:37.822-0600] {dag.py:3823} INFO - Setting next_dagrun for example_branch_datetime_operator_2 to 2024-02-23 00:00:00+00:00, run_after=2024-02-24 00:00:00+00:00
[2024-02-24T13:10:37.823-0600] {logging_mixin.py:188} INFO - [2024-02-24T13:10:37.823-0600] {dag.py:3823} INFO - Setting next_dagrun for example_branch_datetime_operator_3 to 2024-02-23 00:00:00+00:00, run_after=2024-02-24 00:00:00+00:00
[2024-02-24T13:10:37.829-0600] {processor.py:183} INFO - Processing /Users/vamseekrishna/Desktop/F1_Data_Warehouse/f1datawarehouse/lib/python3.9/site-packages/airflow/example_dags/example_branch_datetime_operator.py took 0.070 seconds
[2024-02-24T13:12:24.863-0600] {processor.py:161} INFO - Started process (PID=78307) to work on /Users/vamseekrishna/Desktop/F1_Data_Warehouse/f1datawarehouse/lib/python3.9/site-packages/airflow/example_dags/example_branch_datetime_operator.py
[2024-02-24T13:12:24.864-0600] {processor.py:830} INFO - Processing file /Users/vamseekrishna/Desktop/F1_Data_Warehouse/f1datawarehouse/lib/python3.9/site-packages/airflow/example_dags/example_branch_datetime_operator.py for tasks to queue
[2024-02-24T13:12:24.865-0600] {logging_mixin.py:188} INFO - [2024-02-24T13:12:24.865-0600] {dagbag.py:538} INFO - Filling up the DagBag from /Users/vamseekrishna/Desktop/F1_Data_Warehouse/f1datawarehouse/lib/python3.9/site-packages/airflow/example_dags/example_branch_datetime_operator.py
[2024-02-24T13:12:24.870-0600] {processor.py:840} INFO - DAG(s) 'example_branch_datetime_operator_3', 'example_branch_datetime_operator_2', 'example_branch_datetime_operator' retrieved from /Users/vamseekrishna/Desktop/F1_Data_Warehouse/f1datawarehouse/lib/python3.9/site-packages/airflow/example_dags/example_branch_datetime_operator.py
[2024-02-24T13:12:24.918-0600] {logging_mixin.py:188} INFO - [2024-02-24T13:12:24.917-0600] {dag.py:3036} INFO - Sync 3 DAGs
[2024-02-24T13:12:24.925-0600] {logging_mixin.py:188} INFO - [2024-02-24T13:12:24.925-0600] {dag.py:3823} INFO - Setting next_dagrun for example_branch_datetime_operator to 2024-02-23 00:00:00+00:00, run_after=2024-02-24 00:00:00+00:00
[2024-02-24T13:12:24.927-0600] {logging_mixin.py:188} INFO - [2024-02-24T13:12:24.927-0600] {dag.py:3823} INFO - Setting next_dagrun for example_branch_datetime_operator_2 to 2024-02-23 00:00:00+00:00, run_after=2024-02-24 00:00:00+00:00
[2024-02-24T13:12:24.928-0600] {logging_mixin.py:188} INFO - [2024-02-24T13:12:24.928-0600] {dag.py:3823} INFO - Setting next_dagrun for example_branch_datetime_operator_3 to 2024-02-23 00:00:00+00:00, run_after=2024-02-24 00:00:00+00:00
[2024-02-24T13:12:24.934-0600] {processor.py:183} INFO - Processing /Users/vamseekrishna/Desktop/F1_Data_Warehouse/f1datawarehouse/lib/python3.9/site-packages/airflow/example_dags/example_branch_datetime_operator.py took 0.072 seconds
[2024-02-24T13:14:15.513-0600] {processor.py:161} INFO - Started process (PID=78392) to work on /Users/vamseekrishna/Desktop/F1_Data_Warehouse/f1datawarehouse/lib/python3.9/site-packages/airflow/example_dags/example_branch_datetime_operator.py
[2024-02-24T13:14:15.515-0600] {processor.py:830} INFO - Processing file /Users/vamseekrishna/Desktop/F1_Data_Warehouse/f1datawarehouse/lib/python3.9/site-packages/airflow/example_dags/example_branch_datetime_operator.py for tasks to queue
[2024-02-24T13:14:15.516-0600] {logging_mixin.py:188} INFO - [2024-02-24T13:14:15.515-0600] {dagbag.py:538} INFO - Filling up the DagBag from /Users/vamseekrishna/Desktop/F1_Data_Warehouse/f1datawarehouse/lib/python3.9/site-packages/airflow/example_dags/example_branch_datetime_operator.py
[2024-02-24T13:14:15.521-0600] {processor.py:840} INFO - DAG(s) 'example_branch_datetime_operator_2', 'example_branch_datetime_operator_3', 'example_branch_datetime_operator' retrieved from /Users/vamseekrishna/Desktop/F1_Data_Warehouse/f1datawarehouse/lib/python3.9/site-packages/airflow/example_dags/example_branch_datetime_operator.py
[2024-02-24T13:14:15.566-0600] {logging_mixin.py:188} INFO - [2024-02-24T13:14:15.566-0600] {dag.py:3036} INFO - Sync 3 DAGs
[2024-02-24T13:14:15.574-0600] {logging_mixin.py:188} INFO - [2024-02-24T13:14:15.574-0600] {dag.py:3823} INFO - Setting next_dagrun for example_branch_datetime_operator to 2024-02-23 00:00:00+00:00, run_after=2024-02-24 00:00:00+00:00
[2024-02-24T13:14:15.575-0600] {logging_mixin.py:188} INFO - [2024-02-24T13:14:15.575-0600] {dag.py:3823} INFO - Setting next_dagrun for example_branch_datetime_operator_2 to 2024-02-23 00:00:00+00:00, run_after=2024-02-24 00:00:00+00:00
[2024-02-24T13:14:15.576-0600] {logging_mixin.py:188} INFO - [2024-02-24T13:14:15.576-0600] {dag.py:3823} INFO - Setting next_dagrun for example_branch_datetime_operator_3 to 2024-02-23 00:00:00+00:00, run_after=2024-02-24 00:00:00+00:00
[2024-02-24T13:14:15.582-0600] {processor.py:183} INFO - Processing /Users/vamseekrishna/Desktop/F1_Data_Warehouse/f1datawarehouse/lib/python3.9/site-packages/airflow/example_dags/example_branch_datetime_operator.py took 0.070 seconds
[2024-02-24T13:16:05.378-0600] {processor.py:161} INFO - Started process (PID=78499) to work on /Users/vamseekrishna/Desktop/F1_Data_Warehouse/f1datawarehouse/lib/python3.9/site-packages/airflow/example_dags/example_branch_datetime_operator.py
[2024-02-24T13:16:05.380-0600] {processor.py:830} INFO - Processing file /Users/vamseekrishna/Desktop/F1_Data_Warehouse/f1datawarehouse/lib/python3.9/site-packages/airflow/example_dags/example_branch_datetime_operator.py for tasks to queue
[2024-02-24T13:16:05.380-0600] {logging_mixin.py:188} INFO - [2024-02-24T13:16:05.380-0600] {dagbag.py:538} INFO - Filling up the DagBag from /Users/vamseekrishna/Desktop/F1_Data_Warehouse/f1datawarehouse/lib/python3.9/site-packages/airflow/example_dags/example_branch_datetime_operator.py
[2024-02-24T13:16:05.385-0600] {processor.py:840} INFO - DAG(s) 'example_branch_datetime_operator', 'example_branch_datetime_operator_2', 'example_branch_datetime_operator_3' retrieved from /Users/vamseekrishna/Desktop/F1_Data_Warehouse/f1datawarehouse/lib/python3.9/site-packages/airflow/example_dags/example_branch_datetime_operator.py
[2024-02-24T13:16:05.431-0600] {logging_mixin.py:188} INFO - [2024-02-24T13:16:05.431-0600] {dag.py:3036} INFO - Sync 3 DAGs
[2024-02-24T13:16:05.438-0600] {logging_mixin.py:188} INFO - [2024-02-24T13:16:05.438-0600] {dag.py:3823} INFO - Setting next_dagrun for example_branch_datetime_operator to 2024-02-23 00:00:00+00:00, run_after=2024-02-24 00:00:00+00:00
[2024-02-24T13:16:05.440-0600] {logging_mixin.py:188} INFO - [2024-02-24T13:16:05.440-0600] {dag.py:3823} INFO - Setting next_dagrun for example_branch_datetime_operator_2 to 2024-02-23 00:00:00+00:00, run_after=2024-02-24 00:00:00+00:00
[2024-02-24T13:16:05.441-0600] {logging_mixin.py:188} INFO - [2024-02-24T13:16:05.441-0600] {dag.py:3823} INFO - Setting next_dagrun for example_branch_datetime_operator_3 to 2024-02-23 00:00:00+00:00, run_after=2024-02-24 00:00:00+00:00
[2024-02-24T13:16:05.447-0600] {processor.py:183} INFO - Processing /Users/vamseekrishna/Desktop/F1_Data_Warehouse/f1datawarehouse/lib/python3.9/site-packages/airflow/example_dags/example_branch_datetime_operator.py took 0.070 seconds
[2024-02-24T13:17:59.283-0600] {processor.py:161} INFO - Started process (PID=78590) to work on /Users/vamseekrishna/Desktop/F1_Data_Warehouse/f1datawarehouse/lib/python3.9/site-packages/airflow/example_dags/example_branch_datetime_operator.py
[2024-02-24T13:17:59.285-0600] {processor.py:830} INFO - Processing file /Users/vamseekrishna/Desktop/F1_Data_Warehouse/f1datawarehouse/lib/python3.9/site-packages/airflow/example_dags/example_branch_datetime_operator.py for tasks to queue
[2024-02-24T13:17:59.285-0600] {logging_mixin.py:188} INFO - [2024-02-24T13:17:59.285-0600] {dagbag.py:538} INFO - Filling up the DagBag from /Users/vamseekrishna/Desktop/F1_Data_Warehouse/f1datawarehouse/lib/python3.9/site-packages/airflow/example_dags/example_branch_datetime_operator.py
[2024-02-24T13:17:59.290-0600] {processor.py:840} INFO - DAG(s) 'example_branch_datetime_operator', 'example_branch_datetime_operator_3', 'example_branch_datetime_operator_2' retrieved from /Users/vamseekrishna/Desktop/F1_Data_Warehouse/f1datawarehouse/lib/python3.9/site-packages/airflow/example_dags/example_branch_datetime_operator.py
[2024-02-24T13:17:59.337-0600] {logging_mixin.py:188} INFO - [2024-02-24T13:17:59.337-0600] {dag.py:3036} INFO - Sync 3 DAGs
[2024-02-24T13:17:59.344-0600] {logging_mixin.py:188} INFO - [2024-02-24T13:17:59.344-0600] {dag.py:3823} INFO - Setting next_dagrun for example_branch_datetime_operator to 2024-02-23 00:00:00+00:00, run_after=2024-02-24 00:00:00+00:00
[2024-02-24T13:17:59.346-0600] {logging_mixin.py:188} INFO - [2024-02-24T13:17:59.346-0600] {dag.py:3823} INFO - Setting next_dagrun for example_branch_datetime_operator_2 to 2024-02-23 00:00:00+00:00, run_after=2024-02-24 00:00:00+00:00
[2024-02-24T13:17:59.347-0600] {logging_mixin.py:188} INFO - [2024-02-24T13:17:59.347-0600] {dag.py:3823} INFO - Setting next_dagrun for example_branch_datetime_operator_3 to 2024-02-23 00:00:00+00:00, run_after=2024-02-24 00:00:00+00:00
[2024-02-24T13:17:59.354-0600] {processor.py:183} INFO - Processing /Users/vamseekrishna/Desktop/F1_Data_Warehouse/f1datawarehouse/lib/python3.9/site-packages/airflow/example_dags/example_branch_datetime_operator.py took 0.072 seconds
[2024-02-24T13:19:49.828-0600] {processor.py:161} INFO - Started process (PID=78674) to work on /Users/vamseekrishna/Desktop/F1_Data_Warehouse/f1datawarehouse/lib/python3.9/site-packages/airflow/example_dags/example_branch_datetime_operator.py
[2024-02-24T13:19:49.830-0600] {processor.py:830} INFO - Processing file /Users/vamseekrishna/Desktop/F1_Data_Warehouse/f1datawarehouse/lib/python3.9/site-packages/airflow/example_dags/example_branch_datetime_operator.py for tasks to queue
[2024-02-24T13:19:49.830-0600] {logging_mixin.py:188} INFO - [2024-02-24T13:19:49.830-0600] {dagbag.py:538} INFO - Filling up the DagBag from /Users/vamseekrishna/Desktop/F1_Data_Warehouse/f1datawarehouse/lib/python3.9/site-packages/airflow/example_dags/example_branch_datetime_operator.py
[2024-02-24T13:19:49.835-0600] {processor.py:840} INFO - DAG(s) 'example_branch_datetime_operator_3', 'example_branch_datetime_operator', 'example_branch_datetime_operator_2' retrieved from /Users/vamseekrishna/Desktop/F1_Data_Warehouse/f1datawarehouse/lib/python3.9/site-packages/airflow/example_dags/example_branch_datetime_operator.py
[2024-02-24T13:19:49.880-0600] {logging_mixin.py:188} INFO - [2024-02-24T13:19:49.880-0600] {dag.py:3036} INFO - Sync 3 DAGs
[2024-02-24T13:19:49.888-0600] {logging_mixin.py:188} INFO - [2024-02-24T13:19:49.888-0600] {dag.py:3823} INFO - Setting next_dagrun for example_branch_datetime_operator to 2024-02-23 00:00:00+00:00, run_after=2024-02-24 00:00:00+00:00
[2024-02-24T13:19:49.889-0600] {logging_mixin.py:188} INFO - [2024-02-24T13:19:49.889-0600] {dag.py:3823} INFO - Setting next_dagrun for example_branch_datetime_operator_2 to 2024-02-23 00:00:00+00:00, run_after=2024-02-24 00:00:00+00:00
[2024-02-24T13:19:49.890-0600] {logging_mixin.py:188} INFO - [2024-02-24T13:19:49.890-0600] {dag.py:3823} INFO - Setting next_dagrun for example_branch_datetime_operator_3 to 2024-02-23 00:00:00+00:00, run_after=2024-02-24 00:00:00+00:00
[2024-02-24T13:19:49.896-0600] {processor.py:183} INFO - Processing /Users/vamseekrishna/Desktop/F1_Data_Warehouse/f1datawarehouse/lib/python3.9/site-packages/airflow/example_dags/example_branch_datetime_operator.py took 0.069 seconds
[2024-02-24T13:21:36.090-0600] {processor.py:161} INFO - Started process (PID=78754) to work on /Users/vamseekrishna/Desktop/F1_Data_Warehouse/f1datawarehouse/lib/python3.9/site-packages/airflow/example_dags/example_branch_datetime_operator.py
[2024-02-24T13:21:36.092-0600] {processor.py:830} INFO - Processing file /Users/vamseekrishna/Desktop/F1_Data_Warehouse/f1datawarehouse/lib/python3.9/site-packages/airflow/example_dags/example_branch_datetime_operator.py for tasks to queue
[2024-02-24T13:21:36.092-0600] {logging_mixin.py:188} INFO - [2024-02-24T13:21:36.092-0600] {dagbag.py:538} INFO - Filling up the DagBag from /Users/vamseekrishna/Desktop/F1_Data_Warehouse/f1datawarehouse/lib/python3.9/site-packages/airflow/example_dags/example_branch_datetime_operator.py
[2024-02-24T13:21:36.097-0600] {processor.py:840} INFO - DAG(s) 'example_branch_datetime_operator_3', 'example_branch_datetime_operator_2', 'example_branch_datetime_operator' retrieved from /Users/vamseekrishna/Desktop/F1_Data_Warehouse/f1datawarehouse/lib/python3.9/site-packages/airflow/example_dags/example_branch_datetime_operator.py
[2024-02-24T13:21:36.144-0600] {logging_mixin.py:188} INFO - [2024-02-24T13:21:36.143-0600] {dag.py:3036} INFO - Sync 3 DAGs
[2024-02-24T13:21:36.151-0600] {logging_mixin.py:188} INFO - [2024-02-24T13:21:36.151-0600] {dag.py:3823} INFO - Setting next_dagrun for example_branch_datetime_operator to 2024-02-23 00:00:00+00:00, run_after=2024-02-24 00:00:00+00:00
[2024-02-24T13:21:36.153-0600] {logging_mixin.py:188} INFO - [2024-02-24T13:21:36.153-0600] {dag.py:3823} INFO - Setting next_dagrun for example_branch_datetime_operator_2 to 2024-02-23 00:00:00+00:00, run_after=2024-02-24 00:00:00+00:00
[2024-02-24T13:21:36.153-0600] {logging_mixin.py:188} INFO - [2024-02-24T13:21:36.153-0600] {dag.py:3823} INFO - Setting next_dagrun for example_branch_datetime_operator_3 to 2024-02-23 00:00:00+00:00, run_after=2024-02-24 00:00:00+00:00
[2024-02-24T13:21:36.160-0600] {processor.py:183} INFO - Processing /Users/vamseekrishna/Desktop/F1_Data_Warehouse/f1datawarehouse/lib/python3.9/site-packages/airflow/example_dags/example_branch_datetime_operator.py took 0.070 seconds
[2024-02-24T13:23:31.869-0600] {processor.py:161} INFO - Started process (PID=78883) to work on /Users/vamseekrishna/Desktop/F1_Data_Warehouse/f1datawarehouse/lib/python3.9/site-packages/airflow/example_dags/example_branch_datetime_operator.py
[2024-02-24T13:23:31.871-0600] {processor.py:830} INFO - Processing file /Users/vamseekrishna/Desktop/F1_Data_Warehouse/f1datawarehouse/lib/python3.9/site-packages/airflow/example_dags/example_branch_datetime_operator.py for tasks to queue
[2024-02-24T13:23:31.871-0600] {logging_mixin.py:188} INFO - [2024-02-24T13:23:31.871-0600] {dagbag.py:538} INFO - Filling up the DagBag from /Users/vamseekrishna/Desktop/F1_Data_Warehouse/f1datawarehouse/lib/python3.9/site-packages/airflow/example_dags/example_branch_datetime_operator.py
[2024-02-24T13:23:31.876-0600] {processor.py:840} INFO - DAG(s) 'example_branch_datetime_operator_3', 'example_branch_datetime_operator', 'example_branch_datetime_operator_2' retrieved from /Users/vamseekrishna/Desktop/F1_Data_Warehouse/f1datawarehouse/lib/python3.9/site-packages/airflow/example_dags/example_branch_datetime_operator.py
[2024-02-24T13:23:31.922-0600] {logging_mixin.py:188} INFO - [2024-02-24T13:23:31.921-0600] {dag.py:3036} INFO - Sync 3 DAGs
[2024-02-24T13:23:31.929-0600] {logging_mixin.py:188} INFO - [2024-02-24T13:23:31.929-0600] {dag.py:3823} INFO - Setting next_dagrun for example_branch_datetime_operator to 2024-02-23 00:00:00+00:00, run_after=2024-02-24 00:00:00+00:00
[2024-02-24T13:23:31.930-0600] {logging_mixin.py:188} INFO - [2024-02-24T13:23:31.930-0600] {dag.py:3823} INFO - Setting next_dagrun for example_branch_datetime_operator_2 to 2024-02-23 00:00:00+00:00, run_after=2024-02-24 00:00:00+00:00
[2024-02-24T13:23:31.931-0600] {logging_mixin.py:188} INFO - [2024-02-24T13:23:31.931-0600] {dag.py:3823} INFO - Setting next_dagrun for example_branch_datetime_operator_3 to 2024-02-23 00:00:00+00:00, run_after=2024-02-24 00:00:00+00:00
[2024-02-24T13:23:31.937-0600] {processor.py:183} INFO - Processing /Users/vamseekrishna/Desktop/F1_Data_Warehouse/f1datawarehouse/lib/python3.9/site-packages/airflow/example_dags/example_branch_datetime_operator.py took 0.069 seconds
[2024-02-24T13:25:25.177-0600] {processor.py:161} INFO - Started process (PID=78970) to work on /Users/vamseekrishna/Desktop/F1_Data_Warehouse/f1datawarehouse/lib/python3.9/site-packages/airflow/example_dags/example_branch_datetime_operator.py
[2024-02-24T13:25:25.179-0600] {processor.py:830} INFO - Processing file /Users/vamseekrishna/Desktop/F1_Data_Warehouse/f1datawarehouse/lib/python3.9/site-packages/airflow/example_dags/example_branch_datetime_operator.py for tasks to queue
[2024-02-24T13:25:25.180-0600] {logging_mixin.py:188} INFO - [2024-02-24T13:25:25.179-0600] {dagbag.py:538} INFO - Filling up the DagBag from /Users/vamseekrishna/Desktop/F1_Data_Warehouse/f1datawarehouse/lib/python3.9/site-packages/airflow/example_dags/example_branch_datetime_operator.py
[2024-02-24T13:25:25.185-0600] {processor.py:840} INFO - DAG(s) 'example_branch_datetime_operator_2', 'example_branch_datetime_operator_3', 'example_branch_datetime_operator' retrieved from /Users/vamseekrishna/Desktop/F1_Data_Warehouse/f1datawarehouse/lib/python3.9/site-packages/airflow/example_dags/example_branch_datetime_operator.py
[2024-02-24T13:25:25.233-0600] {logging_mixin.py:188} INFO - [2024-02-24T13:25:25.233-0600] {dag.py:3036} INFO - Sync 3 DAGs
[2024-02-24T13:25:25.240-0600] {logging_mixin.py:188} INFO - [2024-02-24T13:25:25.240-0600] {dag.py:3823} INFO - Setting next_dagrun for example_branch_datetime_operator to 2024-02-23 00:00:00+00:00, run_after=2024-02-24 00:00:00+00:00
[2024-02-24T13:25:25.242-0600] {logging_mixin.py:188} INFO - [2024-02-24T13:25:25.242-0600] {dag.py:3823} INFO - Setting next_dagrun for example_branch_datetime_operator_2 to 2024-02-23 00:00:00+00:00, run_after=2024-02-24 00:00:00+00:00
[2024-02-24T13:25:25.243-0600] {logging_mixin.py:188} INFO - [2024-02-24T13:25:25.243-0600] {dag.py:3823} INFO - Setting next_dagrun for example_branch_datetime_operator_3 to 2024-02-23 00:00:00+00:00, run_after=2024-02-24 00:00:00+00:00
[2024-02-24T13:25:25.249-0600] {processor.py:183} INFO - Processing /Users/vamseekrishna/Desktop/F1_Data_Warehouse/f1datawarehouse/lib/python3.9/site-packages/airflow/example_dags/example_branch_datetime_operator.py took 0.072 seconds
[2024-02-24T13:27:15.695-0600] {processor.py:161} INFO - Started process (PID=79104) to work on /Users/vamseekrishna/Desktop/F1_Data_Warehouse/f1datawarehouse/lib/python3.9/site-packages/airflow/example_dags/example_branch_datetime_operator.py
[2024-02-24T13:27:15.697-0600] {processor.py:830} INFO - Processing file /Users/vamseekrishna/Desktop/F1_Data_Warehouse/f1datawarehouse/lib/python3.9/site-packages/airflow/example_dags/example_branch_datetime_operator.py for tasks to queue
[2024-02-24T13:27:15.697-0600] {logging_mixin.py:188} INFO - [2024-02-24T13:27:15.697-0600] {dagbag.py:538} INFO - Filling up the DagBag from /Users/vamseekrishna/Desktop/F1_Data_Warehouse/f1datawarehouse/lib/python3.9/site-packages/airflow/example_dags/example_branch_datetime_operator.py
[2024-02-24T13:27:15.702-0600] {processor.py:840} INFO - DAG(s) 'example_branch_datetime_operator_2', 'example_branch_datetime_operator_3', 'example_branch_datetime_operator' retrieved from /Users/vamseekrishna/Desktop/F1_Data_Warehouse/f1datawarehouse/lib/python3.9/site-packages/airflow/example_dags/example_branch_datetime_operator.py
[2024-02-24T13:27:15.748-0600] {logging_mixin.py:188} INFO - [2024-02-24T13:27:15.748-0600] {dag.py:3036} INFO - Sync 3 DAGs
[2024-02-24T13:27:15.755-0600] {logging_mixin.py:188} INFO - [2024-02-24T13:27:15.755-0600] {dag.py:3823} INFO - Setting next_dagrun for example_branch_datetime_operator to 2024-02-23 00:00:00+00:00, run_after=2024-02-24 00:00:00+00:00
[2024-02-24T13:27:15.757-0600] {logging_mixin.py:188} INFO - [2024-02-24T13:27:15.757-0600] {dag.py:3823} INFO - Setting next_dagrun for example_branch_datetime_operator_2 to 2024-02-23 00:00:00+00:00, run_after=2024-02-24 00:00:00+00:00
[2024-02-24T13:27:15.758-0600] {logging_mixin.py:188} INFO - [2024-02-24T13:27:15.758-0600] {dag.py:3823} INFO - Setting next_dagrun for example_branch_datetime_operator_3 to 2024-02-23 00:00:00+00:00, run_after=2024-02-24 00:00:00+00:00
[2024-02-24T13:27:15.764-0600] {processor.py:183} INFO - Processing /Users/vamseekrishna/Desktop/F1_Data_Warehouse/f1datawarehouse/lib/python3.9/site-packages/airflow/example_dags/example_branch_datetime_operator.py took 0.070 seconds
[2024-02-24T13:29:00.137-0600] {processor.py:161} INFO - Started process (PID=79212) to work on /Users/vamseekrishna/Desktop/F1_Data_Warehouse/f1datawarehouse/lib/python3.9/site-packages/airflow/example_dags/example_branch_datetime_operator.py
[2024-02-24T13:29:00.139-0600] {processor.py:830} INFO - Processing file /Users/vamseekrishna/Desktop/F1_Data_Warehouse/f1datawarehouse/lib/python3.9/site-packages/airflow/example_dags/example_branch_datetime_operator.py for tasks to queue
[2024-02-24T13:29:00.139-0600] {logging_mixin.py:188} INFO - [2024-02-24T13:29:00.139-0600] {dagbag.py:538} INFO - Filling up the DagBag from /Users/vamseekrishna/Desktop/F1_Data_Warehouse/f1datawarehouse/lib/python3.9/site-packages/airflow/example_dags/example_branch_datetime_operator.py
[2024-02-24T13:29:00.193-0600] {processor.py:840} INFO - DAG(s) 'example_branch_datetime_operator_2', 'example_branch_datetime_operator_3', 'example_branch_datetime_operator' retrieved from /Users/vamseekrishna/Desktop/F1_Data_Warehouse/f1datawarehouse/lib/python3.9/site-packages/airflow/example_dags/example_branch_datetime_operator.py
[2024-02-24T13:29:00.250-0600] {logging_mixin.py:188} INFO - [2024-02-24T13:29:00.250-0600] {dag.py:3036} INFO - Sync 3 DAGs
[2024-02-24T13:29:00.258-0600] {logging_mixin.py:188} INFO - [2024-02-24T13:29:00.258-0600] {dag.py:3823} INFO - Setting next_dagrun for example_branch_datetime_operator to 2024-02-23 00:00:00+00:00, run_after=2024-02-24 00:00:00+00:00
[2024-02-24T13:29:00.260-0600] {logging_mixin.py:188} INFO - [2024-02-24T13:29:00.260-0600] {dag.py:3823} INFO - Setting next_dagrun for example_branch_datetime_operator_2 to 2024-02-23 00:00:00+00:00, run_after=2024-02-24 00:00:00+00:00
[2024-02-24T13:29:00.261-0600] {logging_mixin.py:188} INFO - [2024-02-24T13:29:00.261-0600] {dag.py:3823} INFO - Setting next_dagrun for example_branch_datetime_operator_3 to 2024-02-23 00:00:00+00:00, run_after=2024-02-24 00:00:00+00:00
[2024-02-24T13:29:00.268-0600] {processor.py:183} INFO - Processing /Users/vamseekrishna/Desktop/F1_Data_Warehouse/f1datawarehouse/lib/python3.9/site-packages/airflow/example_dags/example_branch_datetime_operator.py took 0.134 seconds
