[2024-02-24T11:48:39.900-0600] {processor.py:161} INFO - Started process (PID=75052) to work on /Users/vamseekrishna/Desktop/F1_Data_Warehouse/f1datawarehouse/lib/python3.9/site-packages/airflow/example_dags/example_branch_day_of_week_operator.py
[2024-02-24T11:48:39.901-0600] {processor.py:830} INFO - Processing file /Users/vamseekrishna/Desktop/F1_Data_Warehouse/f1datawarehouse/lib/python3.9/site-packages/airflow/example_dags/example_branch_day_of_week_operator.py for tasks to queue
[2024-02-24T11:48:39.901-0600] {logging_mixin.py:188} INFO - [2024-02-24T11:48:39.901-0600] {dagbag.py:538} INFO - Filling up the DagBag from /Users/vamseekrishna/Desktop/F1_Data_Warehouse/f1datawarehouse/lib/python3.9/site-packages/airflow/example_dags/example_branch_day_of_week_operator.py
[2024-02-24T11:48:39.907-0600] {processor.py:840} INFO - DAG(s) 'example_weekday_branch_operator' retrieved from /Users/vamseekrishna/Desktop/F1_Data_Warehouse/f1datawarehouse/lib/python3.9/site-packages/airflow/example_dags/example_branch_day_of_week_operator.py
[2024-02-24T11:48:39.992-0600] {logging_mixin.py:188} INFO - [2024-02-24T11:48:39.992-0600] {override.py:1769} INFO - Created Permission View: can edit on DAG:example_weekday_branch_operator
[2024-02-24T11:48:39.996-0600] {logging_mixin.py:188} INFO - [2024-02-24T11:48:39.996-0600] {override.py:1769} INFO - Created Permission View: can read on DAG:example_weekday_branch_operator
[2024-02-24T11:48:39.999-0600] {logging_mixin.py:188} INFO - [2024-02-24T11:48:39.999-0600] {override.py:1769} INFO - Created Permission View: can delete on DAG:example_weekday_branch_operator
[2024-02-24T11:48:39.999-0600] {logging_mixin.py:188} INFO - [2024-02-24T11:48:39.999-0600] {dag.py:3036} INFO - Sync 1 DAGs
[2024-02-24T11:48:40.003-0600] {logging_mixin.py:188} INFO - [2024-02-24T11:48:40.003-0600] {dag.py:3058} INFO - Creating ORM DAG for example_weekday_branch_operator
[2024-02-24T11:48:40.007-0600] {logging_mixin.py:188} INFO - [2024-02-24T11:48:40.006-0600] {dag.py:3823} INFO - Setting next_dagrun for example_weekday_branch_operator to 2024-02-23 00:00:00+00:00, run_after=2024-02-24 00:00:00+00:00
[2024-02-24T11:48:40.014-0600] {processor.py:183} INFO - Processing /Users/vamseekrishna/Desktop/F1_Data_Warehouse/f1datawarehouse/lib/python3.9/site-packages/airflow/example_dags/example_branch_day_of_week_operator.py took 0.115 seconds
[2024-02-24T11:50:47.528-0600] {processor.py:161} INFO - Started process (PID=75293) to work on /Users/vamseekrishna/Desktop/F1_Data_Warehouse/f1datawarehouse/lib/python3.9/site-packages/airflow/example_dags/example_branch_day_of_week_operator.py
[2024-02-24T11:50:47.535-0600] {processor.py:830} INFO - Processing file /Users/vamseekrishna/Desktop/F1_Data_Warehouse/f1datawarehouse/lib/python3.9/site-packages/airflow/example_dags/example_branch_day_of_week_operator.py for tasks to queue
[2024-02-24T11:50:47.535-0600] {logging_mixin.py:188} INFO - [2024-02-24T11:50:47.535-0600] {dagbag.py:538} INFO - Filling up the DagBag from /Users/vamseekrishna/Desktop/F1_Data_Warehouse/f1datawarehouse/lib/python3.9/site-packages/airflow/example_dags/example_branch_day_of_week_operator.py
[2024-02-24T11:50:47.548-0600] {processor.py:840} INFO - DAG(s) 'example_weekday_branch_operator' retrieved from /Users/vamseekrishna/Desktop/F1_Data_Warehouse/f1datawarehouse/lib/python3.9/site-packages/airflow/example_dags/example_branch_day_of_week_operator.py
[2024-02-24T11:50:47.662-0600] {logging_mixin.py:188} INFO - [2024-02-24T11:50:47.661-0600] {dag.py:3036} INFO - Sync 1 DAGs
[2024-02-24T11:50:47.673-0600] {logging_mixin.py:188} INFO - [2024-02-24T11:50:47.673-0600] {dag.py:3823} INFO - Setting next_dagrun for example_weekday_branch_operator to 2024-02-23 00:00:00+00:00, run_after=2024-02-24 00:00:00+00:00
[2024-02-24T11:50:47.687-0600] {processor.py:183} INFO - Processing /Users/vamseekrishna/Desktop/F1_Data_Warehouse/f1datawarehouse/lib/python3.9/site-packages/airflow/example_dags/example_branch_day_of_week_operator.py took 0.161 seconds
[2024-02-24T11:53:07.193-0600] {processor.py:161} INFO - Started process (PID=75470) to work on /Users/vamseekrishna/Desktop/F1_Data_Warehouse/f1datawarehouse/lib/python3.9/site-packages/airflow/example_dags/example_branch_day_of_week_operator.py
[2024-02-24T11:53:07.195-0600] {processor.py:830} INFO - Processing file /Users/vamseekrishna/Desktop/F1_Data_Warehouse/f1datawarehouse/lib/python3.9/site-packages/airflow/example_dags/example_branch_day_of_week_operator.py for tasks to queue
[2024-02-24T11:53:07.196-0600] {logging_mixin.py:188} INFO - [2024-02-24T11:53:07.195-0600] {dagbag.py:538} INFO - Filling up the DagBag from /Users/vamseekrishna/Desktop/F1_Data_Warehouse/f1datawarehouse/lib/python3.9/site-packages/airflow/example_dags/example_branch_day_of_week_operator.py
[2024-02-24T11:53:07.201-0600] {processor.py:840} INFO - DAG(s) 'example_weekday_branch_operator' retrieved from /Users/vamseekrishna/Desktop/F1_Data_Warehouse/f1datawarehouse/lib/python3.9/site-packages/airflow/example_dags/example_branch_day_of_week_operator.py
[2024-02-24T11:53:07.249-0600] {logging_mixin.py:188} INFO - [2024-02-24T11:53:07.249-0600] {dag.py:3036} INFO - Sync 1 DAGs
[2024-02-24T11:53:07.257-0600] {logging_mixin.py:188} INFO - [2024-02-24T11:53:07.257-0600] {dag.py:3823} INFO - Setting next_dagrun for example_weekday_branch_operator to 2024-02-23 00:00:00+00:00, run_after=2024-02-24 00:00:00+00:00
[2024-02-24T11:53:07.266-0600] {processor.py:183} INFO - Processing /Users/vamseekrishna/Desktop/F1_Data_Warehouse/f1datawarehouse/lib/python3.9/site-packages/airflow/example_dags/example_branch_day_of_week_operator.py took 0.074 seconds
[2024-02-24T11:55:06.227-0600] {processor.py:161} INFO - Started process (PID=75559) to work on /Users/vamseekrishna/Desktop/F1_Data_Warehouse/f1datawarehouse/lib/python3.9/site-packages/airflow/example_dags/example_branch_day_of_week_operator.py
[2024-02-24T11:55:06.229-0600] {processor.py:830} INFO - Processing file /Users/vamseekrishna/Desktop/F1_Data_Warehouse/f1datawarehouse/lib/python3.9/site-packages/airflow/example_dags/example_branch_day_of_week_operator.py for tasks to queue
[2024-02-24T11:55:06.230-0600] {logging_mixin.py:188} INFO - [2024-02-24T11:55:06.230-0600] {dagbag.py:538} INFO - Filling up the DagBag from /Users/vamseekrishna/Desktop/F1_Data_Warehouse/f1datawarehouse/lib/python3.9/site-packages/airflow/example_dags/example_branch_day_of_week_operator.py
[2024-02-24T11:55:06.236-0600] {processor.py:840} INFO - DAG(s) 'example_weekday_branch_operator' retrieved from /Users/vamseekrishna/Desktop/F1_Data_Warehouse/f1datawarehouse/lib/python3.9/site-packages/airflow/example_dags/example_branch_day_of_week_operator.py
[2024-02-24T11:55:06.284-0600] {logging_mixin.py:188} INFO - [2024-02-24T11:55:06.284-0600] {dag.py:3036} INFO - Sync 1 DAGs
[2024-02-24T11:55:06.292-0600] {logging_mixin.py:188} INFO - [2024-02-24T11:55:06.292-0600] {dag.py:3823} INFO - Setting next_dagrun for example_weekday_branch_operator to 2024-02-23 00:00:00+00:00, run_after=2024-02-24 00:00:00+00:00
[2024-02-24T11:55:06.301-0600] {processor.py:183} INFO - Processing /Users/vamseekrishna/Desktop/F1_Data_Warehouse/f1datawarehouse/lib/python3.9/site-packages/airflow/example_dags/example_branch_day_of_week_operator.py took 0.074 seconds
[2024-02-24T11:56:57.072-0600] {processor.py:161} INFO - Started process (PID=75657) to work on /Users/vamseekrishna/Desktop/F1_Data_Warehouse/f1datawarehouse/lib/python3.9/site-packages/airflow/example_dags/example_branch_day_of_week_operator.py
[2024-02-24T11:56:57.075-0600] {processor.py:830} INFO - Processing file /Users/vamseekrishna/Desktop/F1_Data_Warehouse/f1datawarehouse/lib/python3.9/site-packages/airflow/example_dags/example_branch_day_of_week_operator.py for tasks to queue
[2024-02-24T11:56:57.075-0600] {logging_mixin.py:188} INFO - [2024-02-24T11:56:57.075-0600] {dagbag.py:538} INFO - Filling up the DagBag from /Users/vamseekrishna/Desktop/F1_Data_Warehouse/f1datawarehouse/lib/python3.9/site-packages/airflow/example_dags/example_branch_day_of_week_operator.py
[2024-02-24T11:56:57.081-0600] {processor.py:840} INFO - DAG(s) 'example_weekday_branch_operator' retrieved from /Users/vamseekrishna/Desktop/F1_Data_Warehouse/f1datawarehouse/lib/python3.9/site-packages/airflow/example_dags/example_branch_day_of_week_operator.py
[2024-02-24T11:56:57.128-0600] {logging_mixin.py:188} INFO - [2024-02-24T11:56:57.128-0600] {dag.py:3036} INFO - Sync 1 DAGs
[2024-02-24T11:56:57.136-0600] {logging_mixin.py:188} INFO - [2024-02-24T11:56:57.136-0600] {dag.py:3823} INFO - Setting next_dagrun for example_weekday_branch_operator to 2024-02-23 00:00:00+00:00, run_after=2024-02-24 00:00:00+00:00
[2024-02-24T11:56:57.145-0600] {processor.py:183} INFO - Processing /Users/vamseekrishna/Desktop/F1_Data_Warehouse/f1datawarehouse/lib/python3.9/site-packages/airflow/example_dags/example_branch_day_of_week_operator.py took 0.073 seconds
[2024-02-24T11:59:06.601-0600] {processor.py:161} INFO - Started process (PID=75817) to work on /Users/vamseekrishna/Desktop/F1_Data_Warehouse/f1datawarehouse/lib/python3.9/site-packages/airflow/example_dags/example_branch_day_of_week_operator.py
[2024-02-24T11:59:06.603-0600] {processor.py:830} INFO - Processing file /Users/vamseekrishna/Desktop/F1_Data_Warehouse/f1datawarehouse/lib/python3.9/site-packages/airflow/example_dags/example_branch_day_of_week_operator.py for tasks to queue
[2024-02-24T11:59:06.603-0600] {logging_mixin.py:188} INFO - [2024-02-24T11:59:06.603-0600] {dagbag.py:538} INFO - Filling up the DagBag from /Users/vamseekrishna/Desktop/F1_Data_Warehouse/f1datawarehouse/lib/python3.9/site-packages/airflow/example_dags/example_branch_day_of_week_operator.py
[2024-02-24T11:59:06.608-0600] {processor.py:840} INFO - DAG(s) 'example_weekday_branch_operator' retrieved from /Users/vamseekrishna/Desktop/F1_Data_Warehouse/f1datawarehouse/lib/python3.9/site-packages/airflow/example_dags/example_branch_day_of_week_operator.py
[2024-02-24T11:59:06.672-0600] {logging_mixin.py:188} INFO - [2024-02-24T11:59:06.671-0600] {dag.py:3036} INFO - Sync 1 DAGs
[2024-02-24T11:59:06.680-0600] {logging_mixin.py:188} INFO - [2024-02-24T11:59:06.680-0600] {dag.py:3823} INFO - Setting next_dagrun for example_weekday_branch_operator to 2024-02-23 00:00:00+00:00, run_after=2024-02-24 00:00:00+00:00
[2024-02-24T11:59:06.688-0600] {processor.py:183} INFO - Processing /Users/vamseekrishna/Desktop/F1_Data_Warehouse/f1datawarehouse/lib/python3.9/site-packages/airflow/example_dags/example_branch_day_of_week_operator.py took 0.088 seconds
[2024-02-24T12:01:15.578-0600] {processor.py:161} INFO - Started process (PID=75992) to work on /Users/vamseekrishna/Desktop/F1_Data_Warehouse/f1datawarehouse/lib/python3.9/site-packages/airflow/example_dags/example_branch_day_of_week_operator.py
[2024-02-24T12:01:15.579-0600] {processor.py:830} INFO - Processing file /Users/vamseekrishna/Desktop/F1_Data_Warehouse/f1datawarehouse/lib/python3.9/site-packages/airflow/example_dags/example_branch_day_of_week_operator.py for tasks to queue
[2024-02-24T12:01:15.579-0600] {logging_mixin.py:188} INFO - [2024-02-24T12:01:15.579-0600] {dagbag.py:538} INFO - Filling up the DagBag from /Users/vamseekrishna/Desktop/F1_Data_Warehouse/f1datawarehouse/lib/python3.9/site-packages/airflow/example_dags/example_branch_day_of_week_operator.py
[2024-02-24T12:01:15.584-0600] {processor.py:840} INFO - DAG(s) 'example_weekday_branch_operator' retrieved from /Users/vamseekrishna/Desktop/F1_Data_Warehouse/f1datawarehouse/lib/python3.9/site-packages/airflow/example_dags/example_branch_day_of_week_operator.py
[2024-02-24T12:01:15.633-0600] {logging_mixin.py:188} INFO - [2024-02-24T12:01:15.633-0600] {dag.py:3036} INFO - Sync 1 DAGs
[2024-02-24T12:01:15.640-0600] {logging_mixin.py:188} INFO - [2024-02-24T12:01:15.640-0600] {dag.py:3823} INFO - Setting next_dagrun for example_weekday_branch_operator to 2024-02-23 00:00:00+00:00, run_after=2024-02-24 00:00:00+00:00
[2024-02-24T12:01:15.648-0600] {processor.py:183} INFO - Processing /Users/vamseekrishna/Desktop/F1_Data_Warehouse/f1datawarehouse/lib/python3.9/site-packages/airflow/example_dags/example_branch_day_of_week_operator.py took 0.071 seconds
[2024-02-24T12:03:13.453-0600] {processor.py:161} INFO - Started process (PID=76113) to work on /Users/vamseekrishna/Desktop/F1_Data_Warehouse/f1datawarehouse/lib/python3.9/site-packages/airflow/example_dags/example_branch_day_of_week_operator.py
[2024-02-24T12:03:13.454-0600] {processor.py:830} INFO - Processing file /Users/vamseekrishna/Desktop/F1_Data_Warehouse/f1datawarehouse/lib/python3.9/site-packages/airflow/example_dags/example_branch_day_of_week_operator.py for tasks to queue
[2024-02-24T12:03:13.454-0600] {logging_mixin.py:188} INFO - [2024-02-24T12:03:13.454-0600] {dagbag.py:538} INFO - Filling up the DagBag from /Users/vamseekrishna/Desktop/F1_Data_Warehouse/f1datawarehouse/lib/python3.9/site-packages/airflow/example_dags/example_branch_day_of_week_operator.py
[2024-02-24T12:03:13.459-0600] {processor.py:840} INFO - DAG(s) 'example_weekday_branch_operator' retrieved from /Users/vamseekrishna/Desktop/F1_Data_Warehouse/f1datawarehouse/lib/python3.9/site-packages/airflow/example_dags/example_branch_day_of_week_operator.py
[2024-02-24T12:03:13.506-0600] {logging_mixin.py:188} INFO - [2024-02-24T12:03:13.506-0600] {dag.py:3036} INFO - Sync 1 DAGs
[2024-02-24T12:03:13.515-0600] {logging_mixin.py:188} INFO - [2024-02-24T12:03:13.515-0600] {dag.py:3823} INFO - Setting next_dagrun for example_weekday_branch_operator to 2024-02-23 00:00:00+00:00, run_after=2024-02-24 00:00:00+00:00
[2024-02-24T12:03:13.523-0600] {processor.py:183} INFO - Processing /Users/vamseekrishna/Desktop/F1_Data_Warehouse/f1datawarehouse/lib/python3.9/site-packages/airflow/example_dags/example_branch_day_of_week_operator.py took 0.071 seconds
[2024-02-24T12:37:39.499-0600] {processor.py:161} INFO - Started process (PID=76322) to work on /Users/vamseekrishna/Desktop/F1_Data_Warehouse/f1datawarehouse/lib/python3.9/site-packages/airflow/example_dags/example_branch_day_of_week_operator.py
[2024-02-24T12:37:39.501-0600] {processor.py:830} INFO - Processing file /Users/vamseekrishna/Desktop/F1_Data_Warehouse/f1datawarehouse/lib/python3.9/site-packages/airflow/example_dags/example_branch_day_of_week_operator.py for tasks to queue
[2024-02-24T12:37:39.502-0600] {logging_mixin.py:188} INFO - [2024-02-24T12:37:39.502-0600] {dagbag.py:538} INFO - Filling up the DagBag from /Users/vamseekrishna/Desktop/F1_Data_Warehouse/f1datawarehouse/lib/python3.9/site-packages/airflow/example_dags/example_branch_day_of_week_operator.py
[2024-02-24T12:37:39.507-0600] {processor.py:840} INFO - DAG(s) 'example_weekday_branch_operator' retrieved from /Users/vamseekrishna/Desktop/F1_Data_Warehouse/f1datawarehouse/lib/python3.9/site-packages/airflow/example_dags/example_branch_day_of_week_operator.py
[2024-02-24T12:37:39.554-0600] {logging_mixin.py:188} INFO - [2024-02-24T12:37:39.554-0600] {dag.py:3036} INFO - Sync 1 DAGs
[2024-02-24T12:37:39.562-0600] {logging_mixin.py:188} INFO - [2024-02-24T12:37:39.562-0600] {dag.py:3823} INFO - Setting next_dagrun for example_weekday_branch_operator to 2024-02-23 00:00:00+00:00, run_after=2024-02-24 00:00:00+00:00
[2024-02-24T12:37:39.571-0600] {processor.py:183} INFO - Processing /Users/vamseekrishna/Desktop/F1_Data_Warehouse/f1datawarehouse/lib/python3.9/site-packages/airflow/example_dags/example_branch_day_of_week_operator.py took 0.073 seconds
[2024-02-24T12:39:46.261-0600] {processor.py:161} INFO - Started process (PID=76484) to work on /Users/vamseekrishna/Desktop/F1_Data_Warehouse/f1datawarehouse/lib/python3.9/site-packages/airflow/example_dags/example_branch_day_of_week_operator.py
[2024-02-24T12:39:46.263-0600] {processor.py:830} INFO - Processing file /Users/vamseekrishna/Desktop/F1_Data_Warehouse/f1datawarehouse/lib/python3.9/site-packages/airflow/example_dags/example_branch_day_of_week_operator.py for tasks to queue
[2024-02-24T12:39:46.263-0600] {logging_mixin.py:188} INFO - [2024-02-24T12:39:46.263-0600] {dagbag.py:538} INFO - Filling up the DagBag from /Users/vamseekrishna/Desktop/F1_Data_Warehouse/f1datawarehouse/lib/python3.9/site-packages/airflow/example_dags/example_branch_day_of_week_operator.py
[2024-02-24T12:39:46.268-0600] {processor.py:840} INFO - DAG(s) 'example_weekday_branch_operator' retrieved from /Users/vamseekrishna/Desktop/F1_Data_Warehouse/f1datawarehouse/lib/python3.9/site-packages/airflow/example_dags/example_branch_day_of_week_operator.py
[2024-02-24T12:39:46.317-0600] {logging_mixin.py:188} INFO - [2024-02-24T12:39:46.317-0600] {dag.py:3036} INFO - Sync 1 DAGs
[2024-02-24T12:39:46.325-0600] {logging_mixin.py:188} INFO - [2024-02-24T12:39:46.325-0600] {dag.py:3823} INFO - Setting next_dagrun for example_weekday_branch_operator to 2024-02-23 00:00:00+00:00, run_after=2024-02-24 00:00:00+00:00
[2024-02-24T12:39:46.332-0600] {processor.py:183} INFO - Processing /Users/vamseekrishna/Desktop/F1_Data_Warehouse/f1datawarehouse/lib/python3.9/site-packages/airflow/example_dags/example_branch_day_of_week_operator.py took 0.072 seconds
[2024-02-24T12:41:44.876-0600] {processor.py:161} INFO - Started process (PID=76600) to work on /Users/vamseekrishna/Desktop/F1_Data_Warehouse/f1datawarehouse/lib/python3.9/site-packages/airflow/example_dags/example_branch_day_of_week_operator.py
[2024-02-24T12:41:44.878-0600] {processor.py:830} INFO - Processing file /Users/vamseekrishna/Desktop/F1_Data_Warehouse/f1datawarehouse/lib/python3.9/site-packages/airflow/example_dags/example_branch_day_of_week_operator.py for tasks to queue
[2024-02-24T12:41:44.878-0600] {logging_mixin.py:188} INFO - [2024-02-24T12:41:44.878-0600] {dagbag.py:538} INFO - Filling up the DagBag from /Users/vamseekrishna/Desktop/F1_Data_Warehouse/f1datawarehouse/lib/python3.9/site-packages/airflow/example_dags/example_branch_day_of_week_operator.py
[2024-02-24T12:41:44.884-0600] {processor.py:840} INFO - DAG(s) 'example_weekday_branch_operator' retrieved from /Users/vamseekrishna/Desktop/F1_Data_Warehouse/f1datawarehouse/lib/python3.9/site-packages/airflow/example_dags/example_branch_day_of_week_operator.py
[2024-02-24T12:41:44.930-0600] {logging_mixin.py:188} INFO - [2024-02-24T12:41:44.930-0600] {dag.py:3036} INFO - Sync 1 DAGs
[2024-02-24T12:41:44.938-0600] {logging_mixin.py:188} INFO - [2024-02-24T12:41:44.938-0600] {dag.py:3823} INFO - Setting next_dagrun for example_weekday_branch_operator to 2024-02-23 00:00:00+00:00, run_after=2024-02-24 00:00:00+00:00
[2024-02-24T12:41:44.947-0600] {processor.py:183} INFO - Processing /Users/vamseekrishna/Desktop/F1_Data_Warehouse/f1datawarehouse/lib/python3.9/site-packages/airflow/example_dags/example_branch_day_of_week_operator.py took 0.072 seconds
[2024-02-24T12:43:49.815-0600] {processor.py:161} INFO - Started process (PID=76724) to work on /Users/vamseekrishna/Desktop/F1_Data_Warehouse/f1datawarehouse/lib/python3.9/site-packages/airflow/example_dags/example_branch_day_of_week_operator.py
[2024-02-24T12:43:49.817-0600] {processor.py:830} INFO - Processing file /Users/vamseekrishna/Desktop/F1_Data_Warehouse/f1datawarehouse/lib/python3.9/site-packages/airflow/example_dags/example_branch_day_of_week_operator.py for tasks to queue
[2024-02-24T12:43:49.817-0600] {logging_mixin.py:188} INFO - [2024-02-24T12:43:49.817-0600] {dagbag.py:538} INFO - Filling up the DagBag from /Users/vamseekrishna/Desktop/F1_Data_Warehouse/f1datawarehouse/lib/python3.9/site-packages/airflow/example_dags/example_branch_day_of_week_operator.py
[2024-02-24T12:43:49.823-0600] {processor.py:840} INFO - DAG(s) 'example_weekday_branch_operator' retrieved from /Users/vamseekrishna/Desktop/F1_Data_Warehouse/f1datawarehouse/lib/python3.9/site-packages/airflow/example_dags/example_branch_day_of_week_operator.py
[2024-02-24T12:43:49.871-0600] {logging_mixin.py:188} INFO - [2024-02-24T12:43:49.871-0600] {dag.py:3036} INFO - Sync 1 DAGs
[2024-02-24T12:43:49.879-0600] {logging_mixin.py:188} INFO - [2024-02-24T12:43:49.879-0600] {dag.py:3823} INFO - Setting next_dagrun for example_weekday_branch_operator to 2024-02-23 00:00:00+00:00, run_after=2024-02-24 00:00:00+00:00
[2024-02-24T12:43:49.886-0600] {processor.py:183} INFO - Processing /Users/vamseekrishna/Desktop/F1_Data_Warehouse/f1datawarehouse/lib/python3.9/site-packages/airflow/example_dags/example_branch_day_of_week_operator.py took 0.072 seconds
[2024-02-24T12:46:11.003-0600] {processor.py:161} INFO - Started process (PID=76973) to work on /Users/vamseekrishna/Desktop/F1_Data_Warehouse/f1datawarehouse/lib/python3.9/site-packages/airflow/example_dags/example_branch_day_of_week_operator.py
[2024-02-24T12:46:11.004-0600] {processor.py:830} INFO - Processing file /Users/vamseekrishna/Desktop/F1_Data_Warehouse/f1datawarehouse/lib/python3.9/site-packages/airflow/example_dags/example_branch_day_of_week_operator.py for tasks to queue
[2024-02-24T12:46:11.005-0600] {logging_mixin.py:188} INFO - [2024-02-24T12:46:11.005-0600] {dagbag.py:538} INFO - Filling up the DagBag from /Users/vamseekrishna/Desktop/F1_Data_Warehouse/f1datawarehouse/lib/python3.9/site-packages/airflow/example_dags/example_branch_day_of_week_operator.py
[2024-02-24T12:46:11.010-0600] {processor.py:840} INFO - DAG(s) 'example_weekday_branch_operator' retrieved from /Users/vamseekrishna/Desktop/F1_Data_Warehouse/f1datawarehouse/lib/python3.9/site-packages/airflow/example_dags/example_branch_day_of_week_operator.py
[2024-02-24T12:46:11.059-0600] {logging_mixin.py:188} INFO - [2024-02-24T12:46:11.059-0600] {dag.py:3036} INFO - Sync 1 DAGs
[2024-02-24T12:46:11.067-0600] {logging_mixin.py:188} INFO - [2024-02-24T12:46:11.067-0600] {dag.py:3823} INFO - Setting next_dagrun for example_weekday_branch_operator to 2024-02-23 00:00:00+00:00, run_after=2024-02-24 00:00:00+00:00
[2024-02-24T12:46:11.076-0600] {processor.py:183} INFO - Processing /Users/vamseekrishna/Desktop/F1_Data_Warehouse/f1datawarehouse/lib/python3.9/site-packages/airflow/example_dags/example_branch_day_of_week_operator.py took 0.075 seconds
[2024-02-24T12:48:19.786-0600] {processor.py:161} INFO - Started process (PID=77077) to work on /Users/vamseekrishna/Desktop/F1_Data_Warehouse/f1datawarehouse/lib/python3.9/site-packages/airflow/example_dags/example_branch_day_of_week_operator.py
[2024-02-24T12:48:19.788-0600] {processor.py:830} INFO - Processing file /Users/vamseekrishna/Desktop/F1_Data_Warehouse/f1datawarehouse/lib/python3.9/site-packages/airflow/example_dags/example_branch_day_of_week_operator.py for tasks to queue
[2024-02-24T12:48:19.788-0600] {logging_mixin.py:188} INFO - [2024-02-24T12:48:19.788-0600] {dagbag.py:538} INFO - Filling up the DagBag from /Users/vamseekrishna/Desktop/F1_Data_Warehouse/f1datawarehouse/lib/python3.9/site-packages/airflow/example_dags/example_branch_day_of_week_operator.py
[2024-02-24T12:48:19.793-0600] {processor.py:840} INFO - DAG(s) 'example_weekday_branch_operator' retrieved from /Users/vamseekrishna/Desktop/F1_Data_Warehouse/f1datawarehouse/lib/python3.9/site-packages/airflow/example_dags/example_branch_day_of_week_operator.py
[2024-02-24T12:48:19.844-0600] {logging_mixin.py:188} INFO - [2024-02-24T12:48:19.844-0600] {dag.py:3036} INFO - Sync 1 DAGs
[2024-02-24T12:48:19.852-0600] {logging_mixin.py:188} INFO - [2024-02-24T12:48:19.852-0600] {dag.py:3823} INFO - Setting next_dagrun for example_weekday_branch_operator to 2024-02-23 00:00:00+00:00, run_after=2024-02-24 00:00:00+00:00
[2024-02-24T12:48:19.859-0600] {processor.py:183} INFO - Processing /Users/vamseekrishna/Desktop/F1_Data_Warehouse/f1datawarehouse/lib/python3.9/site-packages/airflow/example_dags/example_branch_day_of_week_operator.py took 0.074 seconds
[2024-02-24T12:50:28.100-0600] {processor.py:161} INFO - Started process (PID=77180) to work on /Users/vamseekrishna/Desktop/F1_Data_Warehouse/f1datawarehouse/lib/python3.9/site-packages/airflow/example_dags/example_branch_day_of_week_operator.py
[2024-02-24T12:50:28.101-0600] {processor.py:830} INFO - Processing file /Users/vamseekrishna/Desktop/F1_Data_Warehouse/f1datawarehouse/lib/python3.9/site-packages/airflow/example_dags/example_branch_day_of_week_operator.py for tasks to queue
[2024-02-24T12:50:28.102-0600] {logging_mixin.py:188} INFO - [2024-02-24T12:50:28.102-0600] {dagbag.py:538} INFO - Filling up the DagBag from /Users/vamseekrishna/Desktop/F1_Data_Warehouse/f1datawarehouse/lib/python3.9/site-packages/airflow/example_dags/example_branch_day_of_week_operator.py
[2024-02-24T12:50:28.107-0600] {processor.py:840} INFO - DAG(s) 'example_weekday_branch_operator' retrieved from /Users/vamseekrishna/Desktop/F1_Data_Warehouse/f1datawarehouse/lib/python3.9/site-packages/airflow/example_dags/example_branch_day_of_week_operator.py
[2024-02-24T12:50:28.154-0600] {logging_mixin.py:188} INFO - [2024-02-24T12:50:28.154-0600] {dag.py:3036} INFO - Sync 1 DAGs
[2024-02-24T12:50:28.163-0600] {logging_mixin.py:188} INFO - [2024-02-24T12:50:28.163-0600] {dag.py:3823} INFO - Setting next_dagrun for example_weekday_branch_operator to 2024-02-23 00:00:00+00:00, run_after=2024-02-24 00:00:00+00:00
[2024-02-24T12:50:28.173-0600] {processor.py:183} INFO - Processing /Users/vamseekrishna/Desktop/F1_Data_Warehouse/f1datawarehouse/lib/python3.9/site-packages/airflow/example_dags/example_branch_day_of_week_operator.py took 0.073 seconds
[2024-02-24T12:52:31.897-0600] {processor.py:161} INFO - Started process (PID=77289) to work on /Users/vamseekrishna/Desktop/F1_Data_Warehouse/f1datawarehouse/lib/python3.9/site-packages/airflow/example_dags/example_branch_day_of_week_operator.py
[2024-02-24T12:52:31.900-0600] {processor.py:830} INFO - Processing file /Users/vamseekrishna/Desktop/F1_Data_Warehouse/f1datawarehouse/lib/python3.9/site-packages/airflow/example_dags/example_branch_day_of_week_operator.py for tasks to queue
[2024-02-24T12:52:31.900-0600] {logging_mixin.py:188} INFO - [2024-02-24T12:52:31.900-0600] {dagbag.py:538} INFO - Filling up the DagBag from /Users/vamseekrishna/Desktop/F1_Data_Warehouse/f1datawarehouse/lib/python3.9/site-packages/airflow/example_dags/example_branch_day_of_week_operator.py
[2024-02-24T12:52:31.906-0600] {processor.py:840} INFO - DAG(s) 'example_weekday_branch_operator' retrieved from /Users/vamseekrishna/Desktop/F1_Data_Warehouse/f1datawarehouse/lib/python3.9/site-packages/airflow/example_dags/example_branch_day_of_week_operator.py
[2024-02-24T12:52:31.955-0600] {logging_mixin.py:188} INFO - [2024-02-24T12:52:31.954-0600] {dag.py:3036} INFO - Sync 1 DAGs
[2024-02-24T12:52:31.962-0600] {logging_mixin.py:188} INFO - [2024-02-24T12:52:31.962-0600] {dag.py:3823} INFO - Setting next_dagrun for example_weekday_branch_operator to 2024-02-23 00:00:00+00:00, run_after=2024-02-24 00:00:00+00:00
[2024-02-24T12:52:31.970-0600] {processor.py:183} INFO - Processing /Users/vamseekrishna/Desktop/F1_Data_Warehouse/f1datawarehouse/lib/python3.9/site-packages/airflow/example_dags/example_branch_day_of_week_operator.py took 0.074 seconds
[2024-02-24T12:54:43.559-0600] {processor.py:161} INFO - Started process (PID=77400) to work on /Users/vamseekrishna/Desktop/F1_Data_Warehouse/f1datawarehouse/lib/python3.9/site-packages/airflow/example_dags/example_branch_day_of_week_operator.py
[2024-02-24T12:54:43.560-0600] {processor.py:830} INFO - Processing file /Users/vamseekrishna/Desktop/F1_Data_Warehouse/f1datawarehouse/lib/python3.9/site-packages/airflow/example_dags/example_branch_day_of_week_operator.py for tasks to queue
[2024-02-24T12:54:43.560-0600] {logging_mixin.py:188} INFO - [2024-02-24T12:54:43.560-0600] {dagbag.py:538} INFO - Filling up the DagBag from /Users/vamseekrishna/Desktop/F1_Data_Warehouse/f1datawarehouse/lib/python3.9/site-packages/airflow/example_dags/example_branch_day_of_week_operator.py
[2024-02-24T12:54:43.568-0600] {processor.py:840} INFO - DAG(s) 'example_weekday_branch_operator' retrieved from /Users/vamseekrishna/Desktop/F1_Data_Warehouse/f1datawarehouse/lib/python3.9/site-packages/airflow/example_dags/example_branch_day_of_week_operator.py
[2024-02-24T12:54:43.628-0600] {logging_mixin.py:188} INFO - [2024-02-24T12:54:43.628-0600] {dag.py:3036} INFO - Sync 1 DAGs
[2024-02-24T12:54:43.636-0600] {logging_mixin.py:188} INFO - [2024-02-24T12:54:43.636-0600] {dag.py:3823} INFO - Setting next_dagrun for example_weekday_branch_operator to 2024-02-23 00:00:00+00:00, run_after=2024-02-24 00:00:00+00:00
[2024-02-24T12:54:43.645-0600] {processor.py:183} INFO - Processing /Users/vamseekrishna/Desktop/F1_Data_Warehouse/f1datawarehouse/lib/python3.9/site-packages/airflow/example_dags/example_branch_day_of_week_operator.py took 0.087 seconds
[2024-02-24T12:56:52.307-0600] {processor.py:161} INFO - Started process (PID=77499) to work on /Users/vamseekrishna/Desktop/F1_Data_Warehouse/f1datawarehouse/lib/python3.9/site-packages/airflow/example_dags/example_branch_day_of_week_operator.py
[2024-02-24T12:56:52.309-0600] {processor.py:830} INFO - Processing file /Users/vamseekrishna/Desktop/F1_Data_Warehouse/f1datawarehouse/lib/python3.9/site-packages/airflow/example_dags/example_branch_day_of_week_operator.py for tasks to queue
[2024-02-24T12:56:52.309-0600] {logging_mixin.py:188} INFO - [2024-02-24T12:56:52.309-0600] {dagbag.py:538} INFO - Filling up the DagBag from /Users/vamseekrishna/Desktop/F1_Data_Warehouse/f1datawarehouse/lib/python3.9/site-packages/airflow/example_dags/example_branch_day_of_week_operator.py
[2024-02-24T12:56:52.316-0600] {processor.py:840} INFO - DAG(s) 'example_weekday_branch_operator' retrieved from /Users/vamseekrishna/Desktop/F1_Data_Warehouse/f1datawarehouse/lib/python3.9/site-packages/airflow/example_dags/example_branch_day_of_week_operator.py
[2024-02-24T12:56:52.371-0600] {logging_mixin.py:188} INFO - [2024-02-24T12:56:52.371-0600] {dag.py:3036} INFO - Sync 1 DAGs
[2024-02-24T12:56:52.379-0600] {logging_mixin.py:188} INFO - [2024-02-24T12:56:52.379-0600] {dag.py:3823} INFO - Setting next_dagrun for example_weekday_branch_operator to 2024-02-23 00:00:00+00:00, run_after=2024-02-24 00:00:00+00:00
[2024-02-24T12:56:52.388-0600] {processor.py:183} INFO - Processing /Users/vamseekrishna/Desktop/F1_Data_Warehouse/f1datawarehouse/lib/python3.9/site-packages/airflow/example_dags/example_branch_day_of_week_operator.py took 0.082 seconds
[2024-02-24T12:59:00.968-0600] {processor.py:161} INFO - Started process (PID=77608) to work on /Users/vamseekrishna/Desktop/F1_Data_Warehouse/f1datawarehouse/lib/python3.9/site-packages/airflow/example_dags/example_branch_day_of_week_operator.py
[2024-02-24T12:59:00.970-0600] {processor.py:830} INFO - Processing file /Users/vamseekrishna/Desktop/F1_Data_Warehouse/f1datawarehouse/lib/python3.9/site-packages/airflow/example_dags/example_branch_day_of_week_operator.py for tasks to queue
[2024-02-24T12:59:00.970-0600] {logging_mixin.py:188} INFO - [2024-02-24T12:59:00.970-0600] {dagbag.py:538} INFO - Filling up the DagBag from /Users/vamseekrishna/Desktop/F1_Data_Warehouse/f1datawarehouse/lib/python3.9/site-packages/airflow/example_dags/example_branch_day_of_week_operator.py
[2024-02-24T12:59:00.976-0600] {processor.py:840} INFO - DAG(s) 'example_weekday_branch_operator' retrieved from /Users/vamseekrishna/Desktop/F1_Data_Warehouse/f1datawarehouse/lib/python3.9/site-packages/airflow/example_dags/example_branch_day_of_week_operator.py
[2024-02-24T12:59:01.026-0600] {logging_mixin.py:188} INFO - [2024-02-24T12:59:01.025-0600] {dag.py:3036} INFO - Sync 1 DAGs
[2024-02-24T12:59:01.042-0600] {logging_mixin.py:188} INFO - [2024-02-24T12:59:01.042-0600] {dag.py:3823} INFO - Setting next_dagrun for example_weekday_branch_operator to 2024-02-23 00:00:00+00:00, run_after=2024-02-24 00:00:00+00:00
[2024-02-24T12:59:01.052-0600] {processor.py:183} INFO - Processing /Users/vamseekrishna/Desktop/F1_Data_Warehouse/f1datawarehouse/lib/python3.9/site-packages/airflow/example_dags/example_branch_day_of_week_operator.py took 0.085 seconds
[2024-02-24T13:01:11.221-0600] {processor.py:161} INFO - Started process (PID=77747) to work on /Users/vamseekrishna/Desktop/F1_Data_Warehouse/f1datawarehouse/lib/python3.9/site-packages/airflow/example_dags/example_branch_day_of_week_operator.py
[2024-02-24T13:01:11.223-0600] {processor.py:830} INFO - Processing file /Users/vamseekrishna/Desktop/F1_Data_Warehouse/f1datawarehouse/lib/python3.9/site-packages/airflow/example_dags/example_branch_day_of_week_operator.py for tasks to queue
[2024-02-24T13:01:11.223-0600] {logging_mixin.py:188} INFO - [2024-02-24T13:01:11.223-0600] {dagbag.py:538} INFO - Filling up the DagBag from /Users/vamseekrishna/Desktop/F1_Data_Warehouse/f1datawarehouse/lib/python3.9/site-packages/airflow/example_dags/example_branch_day_of_week_operator.py
[2024-02-24T13:01:11.229-0600] {processor.py:840} INFO - DAG(s) 'example_weekday_branch_operator' retrieved from /Users/vamseekrishna/Desktop/F1_Data_Warehouse/f1datawarehouse/lib/python3.9/site-packages/airflow/example_dags/example_branch_day_of_week_operator.py
[2024-02-24T13:01:11.275-0600] {logging_mixin.py:188} INFO - [2024-02-24T13:01:11.275-0600] {dag.py:3036} INFO - Sync 1 DAGs
[2024-02-24T13:01:11.283-0600] {logging_mixin.py:188} INFO - [2024-02-24T13:01:11.283-0600] {dag.py:3823} INFO - Setting next_dagrun for example_weekday_branch_operator to 2024-02-23 00:00:00+00:00, run_after=2024-02-24 00:00:00+00:00
[2024-02-24T13:01:11.290-0600] {processor.py:183} INFO - Processing /Users/vamseekrishna/Desktop/F1_Data_Warehouse/f1datawarehouse/lib/python3.9/site-packages/airflow/example_dags/example_branch_day_of_week_operator.py took 0.069 seconds
[2024-02-24T13:03:06.777-0600] {processor.py:161} INFO - Started process (PID=77878) to work on /Users/vamseekrishna/Desktop/F1_Data_Warehouse/f1datawarehouse/lib/python3.9/site-packages/airflow/example_dags/example_branch_day_of_week_operator.py
[2024-02-24T13:03:06.779-0600] {processor.py:830} INFO - Processing file /Users/vamseekrishna/Desktop/F1_Data_Warehouse/f1datawarehouse/lib/python3.9/site-packages/airflow/example_dags/example_branch_day_of_week_operator.py for tasks to queue
[2024-02-24T13:03:06.779-0600] {logging_mixin.py:188} INFO - [2024-02-24T13:03:06.779-0600] {dagbag.py:538} INFO - Filling up the DagBag from /Users/vamseekrishna/Desktop/F1_Data_Warehouse/f1datawarehouse/lib/python3.9/site-packages/airflow/example_dags/example_branch_day_of_week_operator.py
[2024-02-24T13:03:06.784-0600] {processor.py:840} INFO - DAG(s) 'example_weekday_branch_operator' retrieved from /Users/vamseekrishna/Desktop/F1_Data_Warehouse/f1datawarehouse/lib/python3.9/site-packages/airflow/example_dags/example_branch_day_of_week_operator.py
[2024-02-24T13:03:06.828-0600] {logging_mixin.py:188} INFO - [2024-02-24T13:03:06.828-0600] {dag.py:3036} INFO - Sync 1 DAGs
[2024-02-24T13:03:06.835-0600] {logging_mixin.py:188} INFO - [2024-02-24T13:03:06.835-0600] {dag.py:3823} INFO - Setting next_dagrun for example_weekday_branch_operator to 2024-02-23 00:00:00+00:00, run_after=2024-02-24 00:00:00+00:00
[2024-02-24T13:03:06.842-0600] {processor.py:183} INFO - Processing /Users/vamseekrishna/Desktop/F1_Data_Warehouse/f1datawarehouse/lib/python3.9/site-packages/airflow/example_dags/example_branch_day_of_week_operator.py took 0.065 seconds
[2024-02-24T13:05:00.243-0600] {processor.py:161} INFO - Started process (PID=77965) to work on /Users/vamseekrishna/Desktop/F1_Data_Warehouse/f1datawarehouse/lib/python3.9/site-packages/airflow/example_dags/example_branch_day_of_week_operator.py
[2024-02-24T13:05:00.245-0600] {processor.py:830} INFO - Processing file /Users/vamseekrishna/Desktop/F1_Data_Warehouse/f1datawarehouse/lib/python3.9/site-packages/airflow/example_dags/example_branch_day_of_week_operator.py for tasks to queue
[2024-02-24T13:05:00.245-0600] {logging_mixin.py:188} INFO - [2024-02-24T13:05:00.245-0600] {dagbag.py:538} INFO - Filling up the DagBag from /Users/vamseekrishna/Desktop/F1_Data_Warehouse/f1datawarehouse/lib/python3.9/site-packages/airflow/example_dags/example_branch_day_of_week_operator.py
[2024-02-24T13:05:00.250-0600] {processor.py:840} INFO - DAG(s) 'example_weekday_branch_operator' retrieved from /Users/vamseekrishna/Desktop/F1_Data_Warehouse/f1datawarehouse/lib/python3.9/site-packages/airflow/example_dags/example_branch_day_of_week_operator.py
[2024-02-24T13:05:00.293-0600] {logging_mixin.py:188} INFO - [2024-02-24T13:05:00.293-0600] {dag.py:3036} INFO - Sync 1 DAGs
[2024-02-24T13:05:00.301-0600] {logging_mixin.py:188} INFO - [2024-02-24T13:05:00.300-0600] {dag.py:3823} INFO - Setting next_dagrun for example_weekday_branch_operator to 2024-02-23 00:00:00+00:00, run_after=2024-02-24 00:00:00+00:00
[2024-02-24T13:05:00.307-0600] {processor.py:183} INFO - Processing /Users/vamseekrishna/Desktop/F1_Data_Warehouse/f1datawarehouse/lib/python3.9/site-packages/airflow/example_dags/example_branch_day_of_week_operator.py took 0.065 seconds
[2024-02-24T13:06:52.032-0600] {processor.py:161} INFO - Started process (PID=78049) to work on /Users/vamseekrishna/Desktop/F1_Data_Warehouse/f1datawarehouse/lib/python3.9/site-packages/airflow/example_dags/example_branch_day_of_week_operator.py
[2024-02-24T13:06:52.034-0600] {processor.py:830} INFO - Processing file /Users/vamseekrishna/Desktop/F1_Data_Warehouse/f1datawarehouse/lib/python3.9/site-packages/airflow/example_dags/example_branch_day_of_week_operator.py for tasks to queue
[2024-02-24T13:06:52.034-0600] {logging_mixin.py:188} INFO - [2024-02-24T13:06:52.034-0600] {dagbag.py:538} INFO - Filling up the DagBag from /Users/vamseekrishna/Desktop/F1_Data_Warehouse/f1datawarehouse/lib/python3.9/site-packages/airflow/example_dags/example_branch_day_of_week_operator.py
[2024-02-24T13:06:52.039-0600] {processor.py:840} INFO - DAG(s) 'example_weekday_branch_operator' retrieved from /Users/vamseekrishna/Desktop/F1_Data_Warehouse/f1datawarehouse/lib/python3.9/site-packages/airflow/example_dags/example_branch_day_of_week_operator.py
[2024-02-24T13:06:52.082-0600] {logging_mixin.py:188} INFO - [2024-02-24T13:06:52.082-0600] {dag.py:3036} INFO - Sync 1 DAGs
[2024-02-24T13:06:52.089-0600] {logging_mixin.py:188} INFO - [2024-02-24T13:06:52.089-0600] {dag.py:3823} INFO - Setting next_dagrun for example_weekday_branch_operator to 2024-02-23 00:00:00+00:00, run_after=2024-02-24 00:00:00+00:00
[2024-02-24T13:06:52.095-0600] {processor.py:183} INFO - Processing /Users/vamseekrishna/Desktop/F1_Data_Warehouse/f1datawarehouse/lib/python3.9/site-packages/airflow/example_dags/example_branch_day_of_week_operator.py took 0.064 seconds
[2024-02-24T13:08:44.742-0600] {processor.py:161} INFO - Started process (PID=78135) to work on /Users/vamseekrishna/Desktop/F1_Data_Warehouse/f1datawarehouse/lib/python3.9/site-packages/airflow/example_dags/example_branch_day_of_week_operator.py
[2024-02-24T13:08:44.744-0600] {processor.py:830} INFO - Processing file /Users/vamseekrishna/Desktop/F1_Data_Warehouse/f1datawarehouse/lib/python3.9/site-packages/airflow/example_dags/example_branch_day_of_week_operator.py for tasks to queue
[2024-02-24T13:08:44.744-0600] {logging_mixin.py:188} INFO - [2024-02-24T13:08:44.744-0600] {dagbag.py:538} INFO - Filling up the DagBag from /Users/vamseekrishna/Desktop/F1_Data_Warehouse/f1datawarehouse/lib/python3.9/site-packages/airflow/example_dags/example_branch_day_of_week_operator.py
[2024-02-24T13:08:44.749-0600] {processor.py:840} INFO - DAG(s) 'example_weekday_branch_operator' retrieved from /Users/vamseekrishna/Desktop/F1_Data_Warehouse/f1datawarehouse/lib/python3.9/site-packages/airflow/example_dags/example_branch_day_of_week_operator.py
[2024-02-24T13:08:44.793-0600] {logging_mixin.py:188} INFO - [2024-02-24T13:08:44.793-0600] {dag.py:3036} INFO - Sync 1 DAGs
[2024-02-24T13:08:44.800-0600] {logging_mixin.py:188} INFO - [2024-02-24T13:08:44.800-0600] {dag.py:3823} INFO - Setting next_dagrun for example_weekday_branch_operator to 2024-02-23 00:00:00+00:00, run_after=2024-02-24 00:00:00+00:00
[2024-02-24T13:08:44.807-0600] {processor.py:183} INFO - Processing /Users/vamseekrishna/Desktop/F1_Data_Warehouse/f1datawarehouse/lib/python3.9/site-packages/airflow/example_dags/example_branch_day_of_week_operator.py took 0.065 seconds
[2024-02-24T13:10:35.838-0600] {processor.py:161} INFO - Started process (PID=78221) to work on /Users/vamseekrishna/Desktop/F1_Data_Warehouse/f1datawarehouse/lib/python3.9/site-packages/airflow/example_dags/example_branch_day_of_week_operator.py
[2024-02-24T13:10:35.841-0600] {processor.py:830} INFO - Processing file /Users/vamseekrishna/Desktop/F1_Data_Warehouse/f1datawarehouse/lib/python3.9/site-packages/airflow/example_dags/example_branch_day_of_week_operator.py for tasks to queue
[2024-02-24T13:10:35.841-0600] {logging_mixin.py:188} INFO - [2024-02-24T13:10:35.841-0600] {dagbag.py:538} INFO - Filling up the DagBag from /Users/vamseekrishna/Desktop/F1_Data_Warehouse/f1datawarehouse/lib/python3.9/site-packages/airflow/example_dags/example_branch_day_of_week_operator.py
[2024-02-24T13:10:35.846-0600] {processor.py:840} INFO - DAG(s) 'example_weekday_branch_operator' retrieved from /Users/vamseekrishna/Desktop/F1_Data_Warehouse/f1datawarehouse/lib/python3.9/site-packages/airflow/example_dags/example_branch_day_of_week_operator.py
[2024-02-24T13:10:35.889-0600] {logging_mixin.py:188} INFO - [2024-02-24T13:10:35.889-0600] {dag.py:3036} INFO - Sync 1 DAGs
[2024-02-24T13:10:35.896-0600] {logging_mixin.py:188} INFO - [2024-02-24T13:10:35.896-0600] {dag.py:3823} INFO - Setting next_dagrun for example_weekday_branch_operator to 2024-02-23 00:00:00+00:00, run_after=2024-02-24 00:00:00+00:00
[2024-02-24T13:10:35.903-0600] {processor.py:183} INFO - Processing /Users/vamseekrishna/Desktop/F1_Data_Warehouse/f1datawarehouse/lib/python3.9/site-packages/airflow/example_dags/example_branch_day_of_week_operator.py took 0.065 seconds
[2024-02-24T13:12:23.114-0600] {processor.py:161} INFO - Started process (PID=78306) to work on /Users/vamseekrishna/Desktop/F1_Data_Warehouse/f1datawarehouse/lib/python3.9/site-packages/airflow/example_dags/example_branch_day_of_week_operator.py
[2024-02-24T13:12:23.116-0600] {processor.py:830} INFO - Processing file /Users/vamseekrishna/Desktop/F1_Data_Warehouse/f1datawarehouse/lib/python3.9/site-packages/airflow/example_dags/example_branch_day_of_week_operator.py for tasks to queue
[2024-02-24T13:12:23.116-0600] {logging_mixin.py:188} INFO - [2024-02-24T13:12:23.116-0600] {dagbag.py:538} INFO - Filling up the DagBag from /Users/vamseekrishna/Desktop/F1_Data_Warehouse/f1datawarehouse/lib/python3.9/site-packages/airflow/example_dags/example_branch_day_of_week_operator.py
[2024-02-24T13:12:23.120-0600] {processor.py:840} INFO - DAG(s) 'example_weekday_branch_operator' retrieved from /Users/vamseekrishna/Desktop/F1_Data_Warehouse/f1datawarehouse/lib/python3.9/site-packages/airflow/example_dags/example_branch_day_of_week_operator.py
[2024-02-24T13:12:23.164-0600] {logging_mixin.py:188} INFO - [2024-02-24T13:12:23.164-0600] {dag.py:3036} INFO - Sync 1 DAGs
[2024-02-24T13:12:23.172-0600] {logging_mixin.py:188} INFO - [2024-02-24T13:12:23.172-0600] {dag.py:3823} INFO - Setting next_dagrun for example_weekday_branch_operator to 2024-02-23 00:00:00+00:00, run_after=2024-02-24 00:00:00+00:00
[2024-02-24T13:12:23.179-0600] {processor.py:183} INFO - Processing /Users/vamseekrishna/Desktop/F1_Data_Warehouse/f1datawarehouse/lib/python3.9/site-packages/airflow/example_dags/example_branch_day_of_week_operator.py took 0.066 seconds
[2024-02-24T13:14:14.490-0600] {processor.py:161} INFO - Started process (PID=78391) to work on /Users/vamseekrishna/Desktop/F1_Data_Warehouse/f1datawarehouse/lib/python3.9/site-packages/airflow/example_dags/example_branch_day_of_week_operator.py
[2024-02-24T13:14:14.492-0600] {processor.py:830} INFO - Processing file /Users/vamseekrishna/Desktop/F1_Data_Warehouse/f1datawarehouse/lib/python3.9/site-packages/airflow/example_dags/example_branch_day_of_week_operator.py for tasks to queue
[2024-02-24T13:14:14.492-0600] {logging_mixin.py:188} INFO - [2024-02-24T13:14:14.492-0600] {dagbag.py:538} INFO - Filling up the DagBag from /Users/vamseekrishna/Desktop/F1_Data_Warehouse/f1datawarehouse/lib/python3.9/site-packages/airflow/example_dags/example_branch_day_of_week_operator.py
[2024-02-24T13:14:14.497-0600] {processor.py:840} INFO - DAG(s) 'example_weekday_branch_operator' retrieved from /Users/vamseekrishna/Desktop/F1_Data_Warehouse/f1datawarehouse/lib/python3.9/site-packages/airflow/example_dags/example_branch_day_of_week_operator.py
[2024-02-24T13:14:14.541-0600] {logging_mixin.py:188} INFO - [2024-02-24T13:14:14.541-0600] {dag.py:3036} INFO - Sync 1 DAGs
[2024-02-24T13:14:14.548-0600] {logging_mixin.py:188} INFO - [2024-02-24T13:14:14.548-0600] {dag.py:3823} INFO - Setting next_dagrun for example_weekday_branch_operator to 2024-02-23 00:00:00+00:00, run_after=2024-02-24 00:00:00+00:00
[2024-02-24T13:14:14.555-0600] {processor.py:183} INFO - Processing /Users/vamseekrishna/Desktop/F1_Data_Warehouse/f1datawarehouse/lib/python3.9/site-packages/airflow/example_dags/example_branch_day_of_week_operator.py took 0.066 seconds
[2024-02-24T13:16:04.334-0600] {processor.py:161} INFO - Started process (PID=78498) to work on /Users/vamseekrishna/Desktop/F1_Data_Warehouse/f1datawarehouse/lib/python3.9/site-packages/airflow/example_dags/example_branch_day_of_week_operator.py
[2024-02-24T13:16:04.336-0600] {processor.py:830} INFO - Processing file /Users/vamseekrishna/Desktop/F1_Data_Warehouse/f1datawarehouse/lib/python3.9/site-packages/airflow/example_dags/example_branch_day_of_week_operator.py for tasks to queue
[2024-02-24T13:16:04.336-0600] {logging_mixin.py:188} INFO - [2024-02-24T13:16:04.336-0600] {dagbag.py:538} INFO - Filling up the DagBag from /Users/vamseekrishna/Desktop/F1_Data_Warehouse/f1datawarehouse/lib/python3.9/site-packages/airflow/example_dags/example_branch_day_of_week_operator.py
[2024-02-24T13:16:04.341-0600] {processor.py:840} INFO - DAG(s) 'example_weekday_branch_operator' retrieved from /Users/vamseekrishna/Desktop/F1_Data_Warehouse/f1datawarehouse/lib/python3.9/site-packages/airflow/example_dags/example_branch_day_of_week_operator.py
[2024-02-24T13:16:04.386-0600] {logging_mixin.py:188} INFO - [2024-02-24T13:16:04.385-0600] {dag.py:3036} INFO - Sync 1 DAGs
[2024-02-24T13:16:04.393-0600] {logging_mixin.py:188} INFO - [2024-02-24T13:16:04.392-0600] {dag.py:3823} INFO - Setting next_dagrun for example_weekday_branch_operator to 2024-02-23 00:00:00+00:00, run_after=2024-02-24 00:00:00+00:00
[2024-02-24T13:16:04.400-0600] {processor.py:183} INFO - Processing /Users/vamseekrishna/Desktop/F1_Data_Warehouse/f1datawarehouse/lib/python3.9/site-packages/airflow/example_dags/example_branch_day_of_week_operator.py took 0.067 seconds
[2024-02-24T13:17:57.366-0600] {processor.py:161} INFO - Started process (PID=78588) to work on /Users/vamseekrishna/Desktop/F1_Data_Warehouse/f1datawarehouse/lib/python3.9/site-packages/airflow/example_dags/example_branch_day_of_week_operator.py
[2024-02-24T13:17:57.368-0600] {processor.py:830} INFO - Processing file /Users/vamseekrishna/Desktop/F1_Data_Warehouse/f1datawarehouse/lib/python3.9/site-packages/airflow/example_dags/example_branch_day_of_week_operator.py for tasks to queue
[2024-02-24T13:17:57.368-0600] {logging_mixin.py:188} INFO - [2024-02-24T13:17:57.368-0600] {dagbag.py:538} INFO - Filling up the DagBag from /Users/vamseekrishna/Desktop/F1_Data_Warehouse/f1datawarehouse/lib/python3.9/site-packages/airflow/example_dags/example_branch_day_of_week_operator.py
[2024-02-24T13:17:57.372-0600] {processor.py:840} INFO - DAG(s) 'example_weekday_branch_operator' retrieved from /Users/vamseekrishna/Desktop/F1_Data_Warehouse/f1datawarehouse/lib/python3.9/site-packages/airflow/example_dags/example_branch_day_of_week_operator.py
[2024-02-24T13:17:57.418-0600] {logging_mixin.py:188} INFO - [2024-02-24T13:17:57.418-0600] {dag.py:3036} INFO - Sync 1 DAGs
[2024-02-24T13:17:57.426-0600] {logging_mixin.py:188} INFO - [2024-02-24T13:17:57.426-0600] {dag.py:3823} INFO - Setting next_dagrun for example_weekday_branch_operator to 2024-02-23 00:00:00+00:00, run_after=2024-02-24 00:00:00+00:00
[2024-02-24T13:17:57.434-0600] {processor.py:183} INFO - Processing /Users/vamseekrishna/Desktop/F1_Data_Warehouse/f1datawarehouse/lib/python3.9/site-packages/airflow/example_dags/example_branch_day_of_week_operator.py took 0.068 seconds
[2024-02-24T13:19:47.932-0600] {processor.py:161} INFO - Started process (PID=78673) to work on /Users/vamseekrishna/Desktop/F1_Data_Warehouse/f1datawarehouse/lib/python3.9/site-packages/airflow/example_dags/example_branch_day_of_week_operator.py
[2024-02-24T13:19:47.934-0600] {processor.py:830} INFO - Processing file /Users/vamseekrishna/Desktop/F1_Data_Warehouse/f1datawarehouse/lib/python3.9/site-packages/airflow/example_dags/example_branch_day_of_week_operator.py for tasks to queue
[2024-02-24T13:19:47.934-0600] {logging_mixin.py:188} INFO - [2024-02-24T13:19:47.934-0600] {dagbag.py:538} INFO - Filling up the DagBag from /Users/vamseekrishna/Desktop/F1_Data_Warehouse/f1datawarehouse/lib/python3.9/site-packages/airflow/example_dags/example_branch_day_of_week_operator.py
[2024-02-24T13:19:47.939-0600] {processor.py:840} INFO - DAG(s) 'example_weekday_branch_operator' retrieved from /Users/vamseekrishna/Desktop/F1_Data_Warehouse/f1datawarehouse/lib/python3.9/site-packages/airflow/example_dags/example_branch_day_of_week_operator.py
[2024-02-24T13:19:47.982-0600] {logging_mixin.py:188} INFO - [2024-02-24T13:19:47.982-0600] {dag.py:3036} INFO - Sync 1 DAGs
[2024-02-24T13:19:47.989-0600] {logging_mixin.py:188} INFO - [2024-02-24T13:19:47.989-0600] {dag.py:3823} INFO - Setting next_dagrun for example_weekday_branch_operator to 2024-02-23 00:00:00+00:00, run_after=2024-02-24 00:00:00+00:00
[2024-02-24T13:19:47.996-0600] {processor.py:183} INFO - Processing /Users/vamseekrishna/Desktop/F1_Data_Warehouse/f1datawarehouse/lib/python3.9/site-packages/airflow/example_dags/example_branch_day_of_week_operator.py took 0.064 seconds
[2024-02-24T13:21:34.393-0600] {processor.py:161} INFO - Started process (PID=78753) to work on /Users/vamseekrishna/Desktop/F1_Data_Warehouse/f1datawarehouse/lib/python3.9/site-packages/airflow/example_dags/example_branch_day_of_week_operator.py
[2024-02-24T13:21:34.395-0600] {processor.py:830} INFO - Processing file /Users/vamseekrishna/Desktop/F1_Data_Warehouse/f1datawarehouse/lib/python3.9/site-packages/airflow/example_dags/example_branch_day_of_week_operator.py for tasks to queue
[2024-02-24T13:21:34.395-0600] {logging_mixin.py:188} INFO - [2024-02-24T13:21:34.395-0600] {dagbag.py:538} INFO - Filling up the DagBag from /Users/vamseekrishna/Desktop/F1_Data_Warehouse/f1datawarehouse/lib/python3.9/site-packages/airflow/example_dags/example_branch_day_of_week_operator.py
[2024-02-24T13:21:34.399-0600] {processor.py:840} INFO - DAG(s) 'example_weekday_branch_operator' retrieved from /Users/vamseekrishna/Desktop/F1_Data_Warehouse/f1datawarehouse/lib/python3.9/site-packages/airflow/example_dags/example_branch_day_of_week_operator.py
[2024-02-24T13:21:34.443-0600] {logging_mixin.py:188} INFO - [2024-02-24T13:21:34.442-0600] {dag.py:3036} INFO - Sync 1 DAGs
[2024-02-24T13:21:34.450-0600] {logging_mixin.py:188} INFO - [2024-02-24T13:21:34.450-0600] {dag.py:3823} INFO - Setting next_dagrun for example_weekday_branch_operator to 2024-02-23 00:00:00+00:00, run_after=2024-02-24 00:00:00+00:00
[2024-02-24T13:21:34.457-0600] {processor.py:183} INFO - Processing /Users/vamseekrishna/Desktop/F1_Data_Warehouse/f1datawarehouse/lib/python3.9/site-packages/airflow/example_dags/example_branch_day_of_week_operator.py took 0.064 seconds
[2024-02-24T13:23:29.982-0600] {processor.py:161} INFO - Started process (PID=78882) to work on /Users/vamseekrishna/Desktop/F1_Data_Warehouse/f1datawarehouse/lib/python3.9/site-packages/airflow/example_dags/example_branch_day_of_week_operator.py
[2024-02-24T13:23:29.984-0600] {processor.py:830} INFO - Processing file /Users/vamseekrishna/Desktop/F1_Data_Warehouse/f1datawarehouse/lib/python3.9/site-packages/airflow/example_dags/example_branch_day_of_week_operator.py for tasks to queue
[2024-02-24T13:23:29.984-0600] {logging_mixin.py:188} INFO - [2024-02-24T13:23:29.984-0600] {dagbag.py:538} INFO - Filling up the DagBag from /Users/vamseekrishna/Desktop/F1_Data_Warehouse/f1datawarehouse/lib/python3.9/site-packages/airflow/example_dags/example_branch_day_of_week_operator.py
[2024-02-24T13:23:29.989-0600] {processor.py:840} INFO - DAG(s) 'example_weekday_branch_operator' retrieved from /Users/vamseekrishna/Desktop/F1_Data_Warehouse/f1datawarehouse/lib/python3.9/site-packages/airflow/example_dags/example_branch_day_of_week_operator.py
[2024-02-24T13:23:30.033-0600] {logging_mixin.py:188} INFO - [2024-02-24T13:23:30.033-0600] {dag.py:3036} INFO - Sync 1 DAGs
[2024-02-24T13:23:30.040-0600] {logging_mixin.py:188} INFO - [2024-02-24T13:23:30.040-0600] {dag.py:3823} INFO - Setting next_dagrun for example_weekday_branch_operator to 2024-02-23 00:00:00+00:00, run_after=2024-02-24 00:00:00+00:00
[2024-02-24T13:23:30.047-0600] {processor.py:183} INFO - Processing /Users/vamseekrishna/Desktop/F1_Data_Warehouse/f1datawarehouse/lib/python3.9/site-packages/airflow/example_dags/example_branch_day_of_week_operator.py took 0.065 seconds
[2024-02-24T13:25:23.293-0600] {processor.py:161} INFO - Started process (PID=78969) to work on /Users/vamseekrishna/Desktop/F1_Data_Warehouse/f1datawarehouse/lib/python3.9/site-packages/airflow/example_dags/example_branch_day_of_week_operator.py
[2024-02-24T13:25:23.295-0600] {processor.py:830} INFO - Processing file /Users/vamseekrishna/Desktop/F1_Data_Warehouse/f1datawarehouse/lib/python3.9/site-packages/airflow/example_dags/example_branch_day_of_week_operator.py for tasks to queue
[2024-02-24T13:25:23.295-0600] {logging_mixin.py:188} INFO - [2024-02-24T13:25:23.295-0600] {dagbag.py:538} INFO - Filling up the DagBag from /Users/vamseekrishna/Desktop/F1_Data_Warehouse/f1datawarehouse/lib/python3.9/site-packages/airflow/example_dags/example_branch_day_of_week_operator.py
[2024-02-24T13:25:23.299-0600] {processor.py:840} INFO - DAG(s) 'example_weekday_branch_operator' retrieved from /Users/vamseekrishna/Desktop/F1_Data_Warehouse/f1datawarehouse/lib/python3.9/site-packages/airflow/example_dags/example_branch_day_of_week_operator.py
[2024-02-24T13:25:23.342-0600] {logging_mixin.py:188} INFO - [2024-02-24T13:25:23.342-0600] {dag.py:3036} INFO - Sync 1 DAGs
[2024-02-24T13:25:23.349-0600] {logging_mixin.py:188} INFO - [2024-02-24T13:25:23.349-0600] {dag.py:3823} INFO - Setting next_dagrun for example_weekday_branch_operator to 2024-02-23 00:00:00+00:00, run_after=2024-02-24 00:00:00+00:00
[2024-02-24T13:25:23.356-0600] {processor.py:183} INFO - Processing /Users/vamseekrishna/Desktop/F1_Data_Warehouse/f1datawarehouse/lib/python3.9/site-packages/airflow/example_dags/example_branch_day_of_week_operator.py took 0.064 seconds
[2024-02-24T13:27:14.557-0600] {processor.py:161} INFO - Started process (PID=79103) to work on /Users/vamseekrishna/Desktop/F1_Data_Warehouse/f1datawarehouse/lib/python3.9/site-packages/airflow/example_dags/example_branch_day_of_week_operator.py
[2024-02-24T13:27:14.559-0600] {processor.py:830} INFO - Processing file /Users/vamseekrishna/Desktop/F1_Data_Warehouse/f1datawarehouse/lib/python3.9/site-packages/airflow/example_dags/example_branch_day_of_week_operator.py for tasks to queue
[2024-02-24T13:27:14.559-0600] {logging_mixin.py:188} INFO - [2024-02-24T13:27:14.559-0600] {dagbag.py:538} INFO - Filling up the DagBag from /Users/vamseekrishna/Desktop/F1_Data_Warehouse/f1datawarehouse/lib/python3.9/site-packages/airflow/example_dags/example_branch_day_of_week_operator.py
[2024-02-24T13:27:14.564-0600] {processor.py:840} INFO - DAG(s) 'example_weekday_branch_operator' retrieved from /Users/vamseekrishna/Desktop/F1_Data_Warehouse/f1datawarehouse/lib/python3.9/site-packages/airflow/example_dags/example_branch_day_of_week_operator.py
[2024-02-24T13:27:14.612-0600] {logging_mixin.py:188} INFO - [2024-02-24T13:27:14.611-0600] {dag.py:3036} INFO - Sync 1 DAGs
[2024-02-24T13:27:14.619-0600] {logging_mixin.py:188} INFO - [2024-02-24T13:27:14.619-0600] {dag.py:3823} INFO - Setting next_dagrun for example_weekday_branch_operator to 2024-02-23 00:00:00+00:00, run_after=2024-02-24 00:00:00+00:00
[2024-02-24T13:27:14.626-0600] {processor.py:183} INFO - Processing /Users/vamseekrishna/Desktop/F1_Data_Warehouse/f1datawarehouse/lib/python3.9/site-packages/airflow/example_dags/example_branch_day_of_week_operator.py took 0.070 seconds
[2024-02-24T13:28:58.938-0600] {processor.py:161} INFO - Started process (PID=79211) to work on /Users/vamseekrishna/Desktop/F1_Data_Warehouse/f1datawarehouse/lib/python3.9/site-packages/airflow/example_dags/example_branch_day_of_week_operator.py
[2024-02-24T13:28:58.940-0600] {processor.py:830} INFO - Processing file /Users/vamseekrishna/Desktop/F1_Data_Warehouse/f1datawarehouse/lib/python3.9/site-packages/airflow/example_dags/example_branch_day_of_week_operator.py for tasks to queue
[2024-02-24T13:28:58.941-0600] {logging_mixin.py:188} INFO - [2024-02-24T13:28:58.940-0600] {dagbag.py:538} INFO - Filling up the DagBag from /Users/vamseekrishna/Desktop/F1_Data_Warehouse/f1datawarehouse/lib/python3.9/site-packages/airflow/example_dags/example_branch_day_of_week_operator.py
[2024-02-24T13:28:58.945-0600] {processor.py:840} INFO - DAG(s) 'example_weekday_branch_operator' retrieved from /Users/vamseekrishna/Desktop/F1_Data_Warehouse/f1datawarehouse/lib/python3.9/site-packages/airflow/example_dags/example_branch_day_of_week_operator.py
[2024-02-24T13:28:58.992-0600] {logging_mixin.py:188} INFO - [2024-02-24T13:28:58.992-0600] {dag.py:3036} INFO - Sync 1 DAGs
[2024-02-24T13:28:59.002-0600] {logging_mixin.py:188} INFO - [2024-02-24T13:28:59.002-0600] {dag.py:3823} INFO - Setting next_dagrun for example_weekday_branch_operator to 2024-02-23 00:00:00+00:00, run_after=2024-02-24 00:00:00+00:00
[2024-02-24T13:28:59.014-0600] {processor.py:183} INFO - Processing /Users/vamseekrishna/Desktop/F1_Data_Warehouse/f1datawarehouse/lib/python3.9/site-packages/airflow/example_dags/example_branch_day_of_week_operator.py took 0.076 seconds
