[2024-02-24T11:48:26.903-0600] {processor.py:161} INFO - Started process (PID=75026) to work on /Users/vamseekrishna/Desktop/F1_Data_Warehouse/f1datawarehouse/lib/python3.9/site-packages/airflow/example_dags/example_datasets.py
[2024-02-24T11:48:26.904-0600] {processor.py:830} INFO - Processing file /Users/vamseekrishna/Desktop/F1_Data_Warehouse/f1datawarehouse/lib/python3.9/site-packages/airflow/example_dags/example_datasets.py for tasks to queue
[2024-02-24T11:48:26.905-0600] {logging_mixin.py:188} INFO - [2024-02-24T11:48:26.905-0600] {dagbag.py:538} INFO - Filling up the DagBag from /Users/vamseekrishna/Desktop/F1_Data_Warehouse/f1datawarehouse/lib/python3.9/site-packages/airflow/example_dags/example_datasets.py
[2024-02-24T11:48:26.910-0600] {processor.py:840} INFO - DAG(s) 'dataset_consumes_unknown_never_scheduled', 'dataset_consumes_1_and_2', 'dataset_consumes_1', 'dataset_consumes_1_never_scheduled', 'dataset_produces_1', 'dataset_produces_2' retrieved from /Users/vamseekrishna/Desktop/F1_Data_Warehouse/f1datawarehouse/lib/python3.9/site-packages/airflow/example_dags/example_datasets.py
[2024-02-24T11:48:27.001-0600] {logging_mixin.py:188} INFO - [2024-02-24T11:48:27.001-0600] {override.py:1769} INFO - Created Permission View: can read on DAG:dataset_consumes_unknown_never_scheduled
[2024-02-24T11:48:27.006-0600] {logging_mixin.py:188} INFO - [2024-02-24T11:48:27.005-0600] {override.py:1769} INFO - Created Permission View: can edit on DAG:dataset_consumes_unknown_never_scheduled
[2024-02-24T11:48:27.010-0600] {logging_mixin.py:188} INFO - [2024-02-24T11:48:27.010-0600] {override.py:1769} INFO - Created Permission View: can delete on DAG:dataset_consumes_unknown_never_scheduled
[2024-02-24T11:48:27.019-0600] {logging_mixin.py:188} INFO - [2024-02-24T11:48:27.018-0600] {override.py:1769} INFO - Created Permission View: can read on DAG:dataset_consumes_1_and_2
[2024-02-24T11:48:27.023-0600] {logging_mixin.py:188} INFO - [2024-02-24T11:48:27.022-0600] {override.py:1769} INFO - Created Permission View: can edit on DAG:dataset_consumes_1_and_2
[2024-02-24T11:48:27.027-0600] {logging_mixin.py:188} INFO - [2024-02-24T11:48:27.026-0600] {override.py:1769} INFO - Created Permission View: can delete on DAG:dataset_consumes_1_and_2
[2024-02-24T11:48:27.032-0600] {logging_mixin.py:188} INFO - [2024-02-24T11:48:27.032-0600] {override.py:1769} INFO - Created Permission View: can read on DAG:dataset_consumes_1
[2024-02-24T11:48:27.035-0600] {logging_mixin.py:188} INFO - [2024-02-24T11:48:27.034-0600] {override.py:1769} INFO - Created Permission View: can edit on DAG:dataset_consumes_1
[2024-02-24T11:48:27.038-0600] {logging_mixin.py:188} INFO - [2024-02-24T11:48:27.037-0600] {override.py:1769} INFO - Created Permission View: can delete on DAG:dataset_consumes_1
[2024-02-24T11:48:27.047-0600] {logging_mixin.py:188} INFO - [2024-02-24T11:48:27.047-0600] {override.py:1769} INFO - Created Permission View: can read on DAG:dataset_consumes_1_never_scheduled
[2024-02-24T11:48:27.050-0600] {logging_mixin.py:188} INFO - [2024-02-24T11:48:27.050-0600] {override.py:1769} INFO - Created Permission View: can edit on DAG:dataset_consumes_1_never_scheduled
[2024-02-24T11:48:27.053-0600] {logging_mixin.py:188} INFO - [2024-02-24T11:48:27.053-0600] {override.py:1769} INFO - Created Permission View: can delete on DAG:dataset_consumes_1_never_scheduled
[2024-02-24T11:48:27.059-0600] {logging_mixin.py:188} INFO - [2024-02-24T11:48:27.058-0600] {override.py:1769} INFO - Created Permission View: can read on DAG:dataset_produces_1
[2024-02-24T11:48:27.062-0600] {logging_mixin.py:188} INFO - [2024-02-24T11:48:27.061-0600] {override.py:1769} INFO - Created Permission View: can edit on DAG:dataset_produces_1
[2024-02-24T11:48:27.064-0600] {logging_mixin.py:188} INFO - [2024-02-24T11:48:27.064-0600] {override.py:1769} INFO - Created Permission View: can delete on DAG:dataset_produces_1
[2024-02-24T11:48:27.069-0600] {logging_mixin.py:188} INFO - [2024-02-24T11:48:27.068-0600] {override.py:1769} INFO - Created Permission View: can read on DAG:dataset_produces_2
[2024-02-24T11:48:27.071-0600] {logging_mixin.py:188} INFO - [2024-02-24T11:48:27.071-0600] {override.py:1769} INFO - Created Permission View: can edit on DAG:dataset_produces_2
[2024-02-24T11:48:27.073-0600] {logging_mixin.py:188} INFO - [2024-02-24T11:48:27.073-0600] {override.py:1769} INFO - Created Permission View: can delete on DAG:dataset_produces_2
[2024-02-24T11:48:27.073-0600] {logging_mixin.py:188} INFO - [2024-02-24T11:48:27.073-0600] {dag.py:3036} INFO - Sync 6 DAGs
[2024-02-24T11:48:27.077-0600] {logging_mixin.py:188} INFO - [2024-02-24T11:48:27.077-0600] {dag.py:3058} INFO - Creating ORM DAG for dataset_consumes_unknown_never_scheduled
[2024-02-24T11:48:27.077-0600] {logging_mixin.py:188} INFO - [2024-02-24T11:48:27.077-0600] {dag.py:3058} INFO - Creating ORM DAG for dataset_consumes_1
[2024-02-24T11:48:27.078-0600] {logging_mixin.py:188} INFO - [2024-02-24T11:48:27.077-0600] {dag.py:3058} INFO - Creating ORM DAG for dataset_consumes_1_never_scheduled
[2024-02-24T11:48:27.078-0600] {logging_mixin.py:188} INFO - [2024-02-24T11:48:27.078-0600] {dag.py:3058} INFO - Creating ORM DAG for dataset_produces_1
[2024-02-24T11:48:27.078-0600] {logging_mixin.py:188} INFO - [2024-02-24T11:48:27.078-0600] {dag.py:3058} INFO - Creating ORM DAG for dataset_produces_2
[2024-02-24T11:48:27.078-0600] {logging_mixin.py:188} INFO - [2024-02-24T11:48:27.078-0600] {dag.py:3058} INFO - Creating ORM DAG for dataset_consumes_1_and_2
[2024-02-24T11:48:27.082-0600] {logging_mixin.py:188} INFO - [2024-02-24T11:48:27.082-0600] {dag.py:3823} INFO - Setting next_dagrun for dataset_consumes_1 to None, run_after=None
[2024-02-24T11:48:27.082-0600] {logging_mixin.py:188} INFO - [2024-02-24T11:48:27.082-0600] {dag.py:3823} INFO - Setting next_dagrun for dataset_consumes_1_and_2 to None, run_after=None
[2024-02-24T11:48:27.082-0600] {logging_mixin.py:188} INFO - [2024-02-24T11:48:27.082-0600] {dag.py:3823} INFO - Setting next_dagrun for dataset_consumes_1_never_scheduled to None, run_after=None
[2024-02-24T11:48:27.082-0600] {logging_mixin.py:188} INFO - [2024-02-24T11:48:27.082-0600] {dag.py:3823} INFO - Setting next_dagrun for dataset_consumes_unknown_never_scheduled to None, run_after=None
[2024-02-24T11:48:27.083-0600] {logging_mixin.py:188} INFO - [2024-02-24T11:48:27.083-0600] {dag.py:3823} INFO - Setting next_dagrun for dataset_produces_1 to 2024-02-23 00:00:00+00:00, run_after=2024-02-24 00:00:00+00:00
[2024-02-24T11:48:27.083-0600] {logging_mixin.py:188} INFO - [2024-02-24T11:48:27.083-0600] {dag.py:3823} INFO - Setting next_dagrun for dataset_produces_2 to None, run_after=None
[2024-02-24T11:48:27.102-0600] {processor.py:183} INFO - Processing /Users/vamseekrishna/Desktop/F1_Data_Warehouse/f1datawarehouse/lib/python3.9/site-packages/airflow/example_dags/example_datasets.py took 0.200 seconds
[2024-02-24T11:50:34.288-0600] {processor.py:161} INFO - Started process (PID=75266) to work on /Users/vamseekrishna/Desktop/F1_Data_Warehouse/f1datawarehouse/lib/python3.9/site-packages/airflow/example_dags/example_datasets.py
[2024-02-24T11:50:34.289-0600] {processor.py:830} INFO - Processing file /Users/vamseekrishna/Desktop/F1_Data_Warehouse/f1datawarehouse/lib/python3.9/site-packages/airflow/example_dags/example_datasets.py for tasks to queue
[2024-02-24T11:50:34.290-0600] {logging_mixin.py:188} INFO - [2024-02-24T11:50:34.290-0600] {dagbag.py:538} INFO - Filling up the DagBag from /Users/vamseekrishna/Desktop/F1_Data_Warehouse/f1datawarehouse/lib/python3.9/site-packages/airflow/example_dags/example_datasets.py
[2024-02-24T11:50:34.296-0600] {processor.py:840} INFO - DAG(s) 'dataset_consumes_1', 'dataset_produces_1', 'dataset_consumes_1_and_2', 'dataset_consumes_unknown_never_scheduled', 'dataset_produces_2', 'dataset_consumes_1_never_scheduled' retrieved from /Users/vamseekrishna/Desktop/F1_Data_Warehouse/f1datawarehouse/lib/python3.9/site-packages/airflow/example_dags/example_datasets.py
[2024-02-24T11:50:34.358-0600] {logging_mixin.py:188} INFO - [2024-02-24T11:50:34.358-0600] {dag.py:3036} INFO - Sync 6 DAGs
[2024-02-24T11:50:34.367-0600] {logging_mixin.py:188} INFO - [2024-02-24T11:50:34.367-0600] {dag.py:3823} INFO - Setting next_dagrun for dataset_consumes_1 to None, run_after=None
[2024-02-24T11:50:34.369-0600] {logging_mixin.py:188} INFO - [2024-02-24T11:50:34.369-0600] {dag.py:3823} INFO - Setting next_dagrun for dataset_consumes_1_and_2 to None, run_after=None
[2024-02-24T11:50:34.369-0600] {logging_mixin.py:188} INFO - [2024-02-24T11:50:34.369-0600] {dag.py:3823} INFO - Setting next_dagrun for dataset_consumes_1_never_scheduled to None, run_after=None
[2024-02-24T11:50:34.370-0600] {logging_mixin.py:188} INFO - [2024-02-24T11:50:34.370-0600] {dag.py:3823} INFO - Setting next_dagrun for dataset_consumes_unknown_never_scheduled to None, run_after=None
[2024-02-24T11:50:34.371-0600] {logging_mixin.py:188} INFO - [2024-02-24T11:50:34.371-0600] {dag.py:3823} INFO - Setting next_dagrun for dataset_produces_1 to 2024-02-23 00:00:00+00:00, run_after=2024-02-24 00:00:00+00:00
[2024-02-24T11:50:34.371-0600] {logging_mixin.py:188} INFO - [2024-02-24T11:50:34.371-0600] {dag.py:3823} INFO - Setting next_dagrun for dataset_produces_2 to None, run_after=None
[2024-02-24T11:50:34.385-0600] {processor.py:183} INFO - Processing /Users/vamseekrishna/Desktop/F1_Data_Warehouse/f1datawarehouse/lib/python3.9/site-packages/airflow/example_dags/example_datasets.py took 0.098 seconds
[2024-02-24T11:52:54.105-0600] {processor.py:161} INFO - Started process (PID=75459) to work on /Users/vamseekrishna/Desktop/F1_Data_Warehouse/f1datawarehouse/lib/python3.9/site-packages/airflow/example_dags/example_datasets.py
[2024-02-24T11:52:54.106-0600] {processor.py:830} INFO - Processing file /Users/vamseekrishna/Desktop/F1_Data_Warehouse/f1datawarehouse/lib/python3.9/site-packages/airflow/example_dags/example_datasets.py for tasks to queue
[2024-02-24T11:52:54.107-0600] {logging_mixin.py:188} INFO - [2024-02-24T11:52:54.107-0600] {dagbag.py:538} INFO - Filling up the DagBag from /Users/vamseekrishna/Desktop/F1_Data_Warehouse/f1datawarehouse/lib/python3.9/site-packages/airflow/example_dags/example_datasets.py
[2024-02-24T11:52:54.113-0600] {processor.py:840} INFO - DAG(s) 'dataset_consumes_1', 'dataset_produces_1', 'dataset_produces_2', 'dataset_consumes_unknown_never_scheduled', 'dataset_consumes_1_never_scheduled', 'dataset_consumes_1_and_2' retrieved from /Users/vamseekrishna/Desktop/F1_Data_Warehouse/f1datawarehouse/lib/python3.9/site-packages/airflow/example_dags/example_datasets.py
[2024-02-24T11:52:54.166-0600] {logging_mixin.py:188} INFO - [2024-02-24T11:52:54.165-0600] {dag.py:3036} INFO - Sync 6 DAGs
[2024-02-24T11:52:54.174-0600] {logging_mixin.py:188} INFO - [2024-02-24T11:52:54.174-0600] {dag.py:3823} INFO - Setting next_dagrun for dataset_consumes_1 to None, run_after=None
[2024-02-24T11:52:54.176-0600] {logging_mixin.py:188} INFO - [2024-02-24T11:52:54.176-0600] {dag.py:3823} INFO - Setting next_dagrun for dataset_consumes_1_and_2 to None, run_after=None
[2024-02-24T11:52:54.176-0600] {logging_mixin.py:188} INFO - [2024-02-24T11:52:54.176-0600] {dag.py:3823} INFO - Setting next_dagrun for dataset_consumes_1_never_scheduled to None, run_after=None
[2024-02-24T11:52:54.177-0600] {logging_mixin.py:188} INFO - [2024-02-24T11:52:54.177-0600] {dag.py:3823} INFO - Setting next_dagrun for dataset_consumes_unknown_never_scheduled to None, run_after=None
[2024-02-24T11:52:54.178-0600] {logging_mixin.py:188} INFO - [2024-02-24T11:52:54.177-0600] {dag.py:3823} INFO - Setting next_dagrun for dataset_produces_1 to 2024-02-23 00:00:00+00:00, run_after=2024-02-24 00:00:00+00:00
[2024-02-24T11:52:54.178-0600] {logging_mixin.py:188} INFO - [2024-02-24T11:52:54.178-0600] {dag.py:3823} INFO - Setting next_dagrun for dataset_produces_2 to None, run_after=None
[2024-02-24T11:52:54.189-0600] {processor.py:183} INFO - Processing /Users/vamseekrishna/Desktop/F1_Data_Warehouse/f1datawarehouse/lib/python3.9/site-packages/airflow/example_dags/example_datasets.py took 0.085 seconds
[2024-02-24T11:54:53.395-0600] {processor.py:161} INFO - Started process (PID=75551) to work on /Users/vamseekrishna/Desktop/F1_Data_Warehouse/f1datawarehouse/lib/python3.9/site-packages/airflow/example_dags/example_datasets.py
[2024-02-24T11:54:53.397-0600] {processor.py:830} INFO - Processing file /Users/vamseekrishna/Desktop/F1_Data_Warehouse/f1datawarehouse/lib/python3.9/site-packages/airflow/example_dags/example_datasets.py for tasks to queue
[2024-02-24T11:54:53.397-0600] {logging_mixin.py:188} INFO - [2024-02-24T11:54:53.397-0600] {dagbag.py:538} INFO - Filling up the DagBag from /Users/vamseekrishna/Desktop/F1_Data_Warehouse/f1datawarehouse/lib/python3.9/site-packages/airflow/example_dags/example_datasets.py
[2024-02-24T11:54:53.403-0600] {processor.py:840} INFO - DAG(s) 'dataset_consumes_unknown_never_scheduled', 'dataset_produces_1', 'dataset_consumes_1', 'dataset_consumes_1_never_scheduled', 'dataset_produces_2', 'dataset_consumes_1_and_2' retrieved from /Users/vamseekrishna/Desktop/F1_Data_Warehouse/f1datawarehouse/lib/python3.9/site-packages/airflow/example_dags/example_datasets.py
[2024-02-24T11:54:53.455-0600] {logging_mixin.py:188} INFO - [2024-02-24T11:54:53.454-0600] {dag.py:3036} INFO - Sync 6 DAGs
[2024-02-24T11:54:53.464-0600] {logging_mixin.py:188} INFO - [2024-02-24T11:54:53.464-0600] {dag.py:3823} INFO - Setting next_dagrun for dataset_consumes_1 to None, run_after=None
[2024-02-24T11:54:53.465-0600] {logging_mixin.py:188} INFO - [2024-02-24T11:54:53.465-0600] {dag.py:3823} INFO - Setting next_dagrun for dataset_consumes_1_and_2 to None, run_after=None
[2024-02-24T11:54:53.466-0600] {logging_mixin.py:188} INFO - [2024-02-24T11:54:53.466-0600] {dag.py:3823} INFO - Setting next_dagrun for dataset_consumes_1_never_scheduled to None, run_after=None
[2024-02-24T11:54:53.466-0600] {logging_mixin.py:188} INFO - [2024-02-24T11:54:53.466-0600] {dag.py:3823} INFO - Setting next_dagrun for dataset_consumes_unknown_never_scheduled to None, run_after=None
[2024-02-24T11:54:53.467-0600] {logging_mixin.py:188} INFO - [2024-02-24T11:54:53.467-0600] {dag.py:3823} INFO - Setting next_dagrun for dataset_produces_1 to 2024-02-23 00:00:00+00:00, run_after=2024-02-24 00:00:00+00:00
[2024-02-24T11:54:53.467-0600] {logging_mixin.py:188} INFO - [2024-02-24T11:54:53.467-0600] {dag.py:3823} INFO - Setting next_dagrun for dataset_produces_2 to None, run_after=None
[2024-02-24T11:54:53.478-0600] {processor.py:183} INFO - Processing /Users/vamseekrishna/Desktop/F1_Data_Warehouse/f1datawarehouse/lib/python3.9/site-packages/airflow/example_dags/example_datasets.py took 0.084 seconds
[2024-02-24T11:56:43.968-0600] {processor.py:161} INFO - Started process (PID=75646) to work on /Users/vamseekrishna/Desktop/F1_Data_Warehouse/f1datawarehouse/lib/python3.9/site-packages/airflow/example_dags/example_datasets.py
[2024-02-24T11:56:43.971-0600] {processor.py:830} INFO - Processing file /Users/vamseekrishna/Desktop/F1_Data_Warehouse/f1datawarehouse/lib/python3.9/site-packages/airflow/example_dags/example_datasets.py for tasks to queue
[2024-02-24T11:56:43.971-0600] {logging_mixin.py:188} INFO - [2024-02-24T11:56:43.971-0600] {dagbag.py:538} INFO - Filling up the DagBag from /Users/vamseekrishna/Desktop/F1_Data_Warehouse/f1datawarehouse/lib/python3.9/site-packages/airflow/example_dags/example_datasets.py
[2024-02-24T11:56:43.977-0600] {processor.py:840} INFO - DAG(s) 'dataset_consumes_1_and_2', 'dataset_produces_2', 'dataset_produces_1', 'dataset_consumes_1', 'dataset_consumes_1_never_scheduled', 'dataset_consumes_unknown_never_scheduled' retrieved from /Users/vamseekrishna/Desktop/F1_Data_Warehouse/f1datawarehouse/lib/python3.9/site-packages/airflow/example_dags/example_datasets.py
[2024-02-24T11:56:44.029-0600] {logging_mixin.py:188} INFO - [2024-02-24T11:56:44.029-0600] {dag.py:3036} INFO - Sync 6 DAGs
[2024-02-24T11:56:44.039-0600] {logging_mixin.py:188} INFO - [2024-02-24T11:56:44.039-0600] {dag.py:3823} INFO - Setting next_dagrun for dataset_consumes_1 to None, run_after=None
[2024-02-24T11:56:44.040-0600] {logging_mixin.py:188} INFO - [2024-02-24T11:56:44.040-0600] {dag.py:3823} INFO - Setting next_dagrun for dataset_consumes_1_and_2 to None, run_after=None
[2024-02-24T11:56:44.041-0600] {logging_mixin.py:188} INFO - [2024-02-24T11:56:44.041-0600] {dag.py:3823} INFO - Setting next_dagrun for dataset_consumes_1_never_scheduled to None, run_after=None
[2024-02-24T11:56:44.041-0600] {logging_mixin.py:188} INFO - [2024-02-24T11:56:44.041-0600] {dag.py:3823} INFO - Setting next_dagrun for dataset_consumes_unknown_never_scheduled to None, run_after=None
[2024-02-24T11:56:44.042-0600] {logging_mixin.py:188} INFO - [2024-02-24T11:56:44.042-0600] {dag.py:3823} INFO - Setting next_dagrun for dataset_produces_1 to 2024-02-23 00:00:00+00:00, run_after=2024-02-24 00:00:00+00:00
[2024-02-24T11:56:44.043-0600] {logging_mixin.py:188} INFO - [2024-02-24T11:56:44.043-0600] {dag.py:3823} INFO - Setting next_dagrun for dataset_produces_2 to None, run_after=None
[2024-02-24T11:56:44.053-0600] {processor.py:183} INFO - Processing /Users/vamseekrishna/Desktop/F1_Data_Warehouse/f1datawarehouse/lib/python3.9/site-packages/airflow/example_dags/example_datasets.py took 0.086 seconds
[2024-02-24T11:58:49.071-0600] {processor.py:161} INFO - Started process (PID=75754) to work on /Users/vamseekrishna/Desktop/F1_Data_Warehouse/f1datawarehouse/lib/python3.9/site-packages/airflow/example_dags/example_datasets.py
[2024-02-24T11:58:49.073-0600] {processor.py:830} INFO - Processing file /Users/vamseekrishna/Desktop/F1_Data_Warehouse/f1datawarehouse/lib/python3.9/site-packages/airflow/example_dags/example_datasets.py for tasks to queue
[2024-02-24T11:58:49.073-0600] {logging_mixin.py:188} INFO - [2024-02-24T11:58:49.073-0600] {dagbag.py:538} INFO - Filling up the DagBag from /Users/vamseekrishna/Desktop/F1_Data_Warehouse/f1datawarehouse/lib/python3.9/site-packages/airflow/example_dags/example_datasets.py
[2024-02-24T11:58:49.078-0600] {processor.py:840} INFO - DAG(s) 'dataset_consumes_1_and_2', 'dataset_consumes_1_never_scheduled', 'dataset_consumes_unknown_never_scheduled', 'dataset_consumes_1', 'dataset_produces_1', 'dataset_produces_2' retrieved from /Users/vamseekrishna/Desktop/F1_Data_Warehouse/f1datawarehouse/lib/python3.9/site-packages/airflow/example_dags/example_datasets.py
[2024-02-24T11:58:49.139-0600] {logging_mixin.py:188} INFO - [2024-02-24T11:58:49.139-0600] {dag.py:3036} INFO - Sync 6 DAGs
[2024-02-24T11:58:49.148-0600] {logging_mixin.py:188} INFO - [2024-02-24T11:58:49.148-0600] {dag.py:3823} INFO - Setting next_dagrun for dataset_consumes_1 to None, run_after=None
[2024-02-24T11:58:49.149-0600] {logging_mixin.py:188} INFO - [2024-02-24T11:58:49.149-0600] {dag.py:3823} INFO - Setting next_dagrun for dataset_consumes_1_and_2 to None, run_after=None
[2024-02-24T11:58:49.150-0600] {logging_mixin.py:188} INFO - [2024-02-24T11:58:49.150-0600] {dag.py:3823} INFO - Setting next_dagrun for dataset_consumes_1_never_scheduled to None, run_after=None
[2024-02-24T11:58:49.150-0600] {logging_mixin.py:188} INFO - [2024-02-24T11:58:49.150-0600] {dag.py:3823} INFO - Setting next_dagrun for dataset_consumes_unknown_never_scheduled to None, run_after=None
[2024-02-24T11:58:49.151-0600] {logging_mixin.py:188} INFO - [2024-02-24T11:58:49.151-0600] {dag.py:3823} INFO - Setting next_dagrun for dataset_produces_1 to 2024-02-23 00:00:00+00:00, run_after=2024-02-24 00:00:00+00:00
[2024-02-24T11:58:49.151-0600] {logging_mixin.py:188} INFO - [2024-02-24T11:58:49.151-0600] {dag.py:3823} INFO - Setting next_dagrun for dataset_produces_2 to None, run_after=None
[2024-02-24T11:58:49.164-0600] {processor.py:183} INFO - Processing /Users/vamseekrishna/Desktop/F1_Data_Warehouse/f1datawarehouse/lib/python3.9/site-packages/airflow/example_dags/example_datasets.py took 0.093 seconds
[2024-02-24T12:01:03.527-0600] {processor.py:161} INFO - Started process (PID=75968) to work on /Users/vamseekrishna/Desktop/F1_Data_Warehouse/f1datawarehouse/lib/python3.9/site-packages/airflow/example_dags/example_datasets.py
[2024-02-24T12:01:03.528-0600] {processor.py:830} INFO - Processing file /Users/vamseekrishna/Desktop/F1_Data_Warehouse/f1datawarehouse/lib/python3.9/site-packages/airflow/example_dags/example_datasets.py for tasks to queue
[2024-02-24T12:01:03.529-0600] {logging_mixin.py:188} INFO - [2024-02-24T12:01:03.529-0600] {dagbag.py:538} INFO - Filling up the DagBag from /Users/vamseekrishna/Desktop/F1_Data_Warehouse/f1datawarehouse/lib/python3.9/site-packages/airflow/example_dags/example_datasets.py
[2024-02-24T12:01:03.535-0600] {processor.py:840} INFO - DAG(s) 'dataset_consumes_1_never_scheduled', 'dataset_consumes_1', 'dataset_produces_1', 'dataset_consumes_1_and_2', 'dataset_produces_2', 'dataset_consumes_unknown_never_scheduled' retrieved from /Users/vamseekrishna/Desktop/F1_Data_Warehouse/f1datawarehouse/lib/python3.9/site-packages/airflow/example_dags/example_datasets.py
[2024-02-24T12:01:03.590-0600] {logging_mixin.py:188} INFO - [2024-02-24T12:01:03.590-0600] {dag.py:3036} INFO - Sync 6 DAGs
[2024-02-24T12:01:03.599-0600] {logging_mixin.py:188} INFO - [2024-02-24T12:01:03.598-0600] {dag.py:3823} INFO - Setting next_dagrun for dataset_consumes_1 to None, run_after=None
[2024-02-24T12:01:03.600-0600] {logging_mixin.py:188} INFO - [2024-02-24T12:01:03.600-0600] {dag.py:3823} INFO - Setting next_dagrun for dataset_consumes_1_and_2 to None, run_after=None
[2024-02-24T12:01:03.600-0600] {logging_mixin.py:188} INFO - [2024-02-24T12:01:03.600-0600] {dag.py:3823} INFO - Setting next_dagrun for dataset_consumes_1_never_scheduled to None, run_after=None
[2024-02-24T12:01:03.601-0600] {logging_mixin.py:188} INFO - [2024-02-24T12:01:03.601-0600] {dag.py:3823} INFO - Setting next_dagrun for dataset_consumes_unknown_never_scheduled to None, run_after=None
[2024-02-24T12:01:03.602-0600] {logging_mixin.py:188} INFO - [2024-02-24T12:01:03.602-0600] {dag.py:3823} INFO - Setting next_dagrun for dataset_produces_1 to 2024-02-23 00:00:00+00:00, run_after=2024-02-24 00:00:00+00:00
[2024-02-24T12:01:03.602-0600] {logging_mixin.py:188} INFO - [2024-02-24T12:01:03.602-0600] {dag.py:3823} INFO - Setting next_dagrun for dataset_produces_2 to None, run_after=None
[2024-02-24T12:01:03.614-0600] {processor.py:183} INFO - Processing /Users/vamseekrishna/Desktop/F1_Data_Warehouse/f1datawarehouse/lib/python3.9/site-packages/airflow/example_dags/example_datasets.py took 0.088 seconds
[2024-02-24T12:03:00.470-0600] {processor.py:161} INFO - Started process (PID=76094) to work on /Users/vamseekrishna/Desktop/F1_Data_Warehouse/f1datawarehouse/lib/python3.9/site-packages/airflow/example_dags/example_datasets.py
[2024-02-24T12:03:00.472-0600] {processor.py:830} INFO - Processing file /Users/vamseekrishna/Desktop/F1_Data_Warehouse/f1datawarehouse/lib/python3.9/site-packages/airflow/example_dags/example_datasets.py for tasks to queue
[2024-02-24T12:03:00.472-0600] {logging_mixin.py:188} INFO - [2024-02-24T12:03:00.472-0600] {dagbag.py:538} INFO - Filling up the DagBag from /Users/vamseekrishna/Desktop/F1_Data_Warehouse/f1datawarehouse/lib/python3.9/site-packages/airflow/example_dags/example_datasets.py
[2024-02-24T12:03:00.478-0600] {processor.py:840} INFO - DAG(s) 'dataset_consumes_1_and_2', 'dataset_consumes_1_never_scheduled', 'dataset_produces_2', 'dataset_produces_1', 'dataset_consumes_unknown_never_scheduled', 'dataset_consumes_1' retrieved from /Users/vamseekrishna/Desktop/F1_Data_Warehouse/f1datawarehouse/lib/python3.9/site-packages/airflow/example_dags/example_datasets.py
[2024-02-24T12:03:00.531-0600] {logging_mixin.py:188} INFO - [2024-02-24T12:03:00.531-0600] {dag.py:3036} INFO - Sync 6 DAGs
[2024-02-24T12:03:00.539-0600] {logging_mixin.py:188} INFO - [2024-02-24T12:03:00.539-0600] {dag.py:3823} INFO - Setting next_dagrun for dataset_consumes_1 to None, run_after=None
[2024-02-24T12:03:00.540-0600] {logging_mixin.py:188} INFO - [2024-02-24T12:03:00.540-0600] {dag.py:3823} INFO - Setting next_dagrun for dataset_consumes_1_and_2 to None, run_after=None
[2024-02-24T12:03:00.540-0600] {logging_mixin.py:188} INFO - [2024-02-24T12:03:00.540-0600] {dag.py:3823} INFO - Setting next_dagrun for dataset_consumes_1_never_scheduled to None, run_after=None
[2024-02-24T12:03:00.541-0600] {logging_mixin.py:188} INFO - [2024-02-24T12:03:00.541-0600] {dag.py:3823} INFO - Setting next_dagrun for dataset_consumes_unknown_never_scheduled to None, run_after=None
[2024-02-24T12:03:00.541-0600] {logging_mixin.py:188} INFO - [2024-02-24T12:03:00.541-0600] {dag.py:3823} INFO - Setting next_dagrun for dataset_produces_1 to 2024-02-23 00:00:00+00:00, run_after=2024-02-24 00:00:00+00:00
[2024-02-24T12:03:00.542-0600] {logging_mixin.py:188} INFO - [2024-02-24T12:03:00.542-0600] {dag.py:3823} INFO - Setting next_dagrun for dataset_produces_2 to None, run_after=None
[2024-02-24T12:03:00.552-0600] {processor.py:183} INFO - Processing /Users/vamseekrishna/Desktop/F1_Data_Warehouse/f1datawarehouse/lib/python3.9/site-packages/airflow/example_dags/example_datasets.py took 0.083 seconds
[2024-02-24T12:37:25.725-0600] {processor.py:161} INFO - Started process (PID=76312) to work on /Users/vamseekrishna/Desktop/F1_Data_Warehouse/f1datawarehouse/lib/python3.9/site-packages/airflow/example_dags/example_datasets.py
[2024-02-24T12:37:25.727-0600] {processor.py:830} INFO - Processing file /Users/vamseekrishna/Desktop/F1_Data_Warehouse/f1datawarehouse/lib/python3.9/site-packages/airflow/example_dags/example_datasets.py for tasks to queue
[2024-02-24T12:37:25.727-0600] {logging_mixin.py:188} INFO - [2024-02-24T12:37:25.727-0600] {dagbag.py:538} INFO - Filling up the DagBag from /Users/vamseekrishna/Desktop/F1_Data_Warehouse/f1datawarehouse/lib/python3.9/site-packages/airflow/example_dags/example_datasets.py
[2024-02-24T12:37:25.732-0600] {processor.py:840} INFO - DAG(s) 'dataset_produces_1', 'dataset_consumes_1', 'dataset_consumes_unknown_never_scheduled', 'dataset_consumes_1_never_scheduled', 'dataset_consumes_1_and_2', 'dataset_produces_2' retrieved from /Users/vamseekrishna/Desktop/F1_Data_Warehouse/f1datawarehouse/lib/python3.9/site-packages/airflow/example_dags/example_datasets.py
[2024-02-24T12:37:25.788-0600] {logging_mixin.py:188} INFO - [2024-02-24T12:37:25.787-0600] {dag.py:3036} INFO - Sync 6 DAGs
[2024-02-24T12:37:25.796-0600] {logging_mixin.py:188} INFO - [2024-02-24T12:37:25.796-0600] {dag.py:3823} INFO - Setting next_dagrun for dataset_consumes_1 to None, run_after=None
[2024-02-24T12:37:25.797-0600] {logging_mixin.py:188} INFO - [2024-02-24T12:37:25.797-0600] {dag.py:3823} INFO - Setting next_dagrun for dataset_consumes_1_and_2 to None, run_after=None
[2024-02-24T12:37:25.798-0600] {logging_mixin.py:188} INFO - [2024-02-24T12:37:25.798-0600] {dag.py:3823} INFO - Setting next_dagrun for dataset_consumes_1_never_scheduled to None, run_after=None
[2024-02-24T12:37:25.798-0600] {logging_mixin.py:188} INFO - [2024-02-24T12:37:25.798-0600] {dag.py:3823} INFO - Setting next_dagrun for dataset_consumes_unknown_never_scheduled to None, run_after=None
[2024-02-24T12:37:25.799-0600] {logging_mixin.py:188} INFO - [2024-02-24T12:37:25.799-0600] {dag.py:3823} INFO - Setting next_dagrun for dataset_produces_1 to 2024-02-23 00:00:00+00:00, run_after=2024-02-24 00:00:00+00:00
[2024-02-24T12:37:25.799-0600] {logging_mixin.py:188} INFO - [2024-02-24T12:37:25.799-0600] {dag.py:3823} INFO - Setting next_dagrun for dataset_produces_2 to None, run_after=None
[2024-02-24T12:37:25.810-0600] {processor.py:183} INFO - Processing /Users/vamseekrishna/Desktop/F1_Data_Warehouse/f1datawarehouse/lib/python3.9/site-packages/airflow/example_dags/example_datasets.py took 0.086 seconds
[2024-02-24T12:39:33.475-0600] {processor.py:161} INFO - Started process (PID=76476) to work on /Users/vamseekrishna/Desktop/F1_Data_Warehouse/f1datawarehouse/lib/python3.9/site-packages/airflow/example_dags/example_datasets.py
[2024-02-24T12:39:33.476-0600] {processor.py:830} INFO - Processing file /Users/vamseekrishna/Desktop/F1_Data_Warehouse/f1datawarehouse/lib/python3.9/site-packages/airflow/example_dags/example_datasets.py for tasks to queue
[2024-02-24T12:39:33.477-0600] {logging_mixin.py:188} INFO - [2024-02-24T12:39:33.476-0600] {dagbag.py:538} INFO - Filling up the DagBag from /Users/vamseekrishna/Desktop/F1_Data_Warehouse/f1datawarehouse/lib/python3.9/site-packages/airflow/example_dags/example_datasets.py
[2024-02-24T12:39:33.484-0600] {processor.py:840} INFO - DAG(s) 'dataset_consumes_1_and_2', 'dataset_consumes_1_never_scheduled', 'dataset_consumes_1', 'dataset_produces_2', 'dataset_consumes_unknown_never_scheduled', 'dataset_produces_1' retrieved from /Users/vamseekrishna/Desktop/F1_Data_Warehouse/f1datawarehouse/lib/python3.9/site-packages/airflow/example_dags/example_datasets.py
[2024-02-24T12:39:33.539-0600] {logging_mixin.py:188} INFO - [2024-02-24T12:39:33.539-0600] {dag.py:3036} INFO - Sync 6 DAGs
[2024-02-24T12:39:33.547-0600] {logging_mixin.py:188} INFO - [2024-02-24T12:39:33.547-0600] {dag.py:3823} INFO - Setting next_dagrun for dataset_consumes_1 to None, run_after=None
[2024-02-24T12:39:33.548-0600] {logging_mixin.py:188} INFO - [2024-02-24T12:39:33.548-0600] {dag.py:3823} INFO - Setting next_dagrun for dataset_consumes_1_and_2 to None, run_after=None
[2024-02-24T12:39:33.548-0600] {logging_mixin.py:188} INFO - [2024-02-24T12:39:33.548-0600] {dag.py:3823} INFO - Setting next_dagrun for dataset_consumes_1_never_scheduled to None, run_after=None
[2024-02-24T12:39:33.549-0600] {logging_mixin.py:188} INFO - [2024-02-24T12:39:33.549-0600] {dag.py:3823} INFO - Setting next_dagrun for dataset_consumes_unknown_never_scheduled to None, run_after=None
[2024-02-24T12:39:33.550-0600] {logging_mixin.py:188} INFO - [2024-02-24T12:39:33.550-0600] {dag.py:3823} INFO - Setting next_dagrun for dataset_produces_1 to 2024-02-23 00:00:00+00:00, run_after=2024-02-24 00:00:00+00:00
[2024-02-24T12:39:33.550-0600] {logging_mixin.py:188} INFO - [2024-02-24T12:39:33.550-0600] {dag.py:3823} INFO - Setting next_dagrun for dataset_produces_2 to None, run_after=None
[2024-02-24T12:39:33.560-0600] {processor.py:183} INFO - Processing /Users/vamseekrishna/Desktop/F1_Data_Warehouse/f1datawarehouse/lib/python3.9/site-packages/airflow/example_dags/example_datasets.py took 0.086 seconds
[2024-02-24T12:41:31.057-0600] {processor.py:161} INFO - Started process (PID=76577) to work on /Users/vamseekrishna/Desktop/F1_Data_Warehouse/f1datawarehouse/lib/python3.9/site-packages/airflow/example_dags/example_datasets.py
[2024-02-24T12:41:31.059-0600] {processor.py:830} INFO - Processing file /Users/vamseekrishna/Desktop/F1_Data_Warehouse/f1datawarehouse/lib/python3.9/site-packages/airflow/example_dags/example_datasets.py for tasks to queue
[2024-02-24T12:41:31.060-0600] {logging_mixin.py:188} INFO - [2024-02-24T12:41:31.060-0600] {dagbag.py:538} INFO - Filling up the DagBag from /Users/vamseekrishna/Desktop/F1_Data_Warehouse/f1datawarehouse/lib/python3.9/site-packages/airflow/example_dags/example_datasets.py
[2024-02-24T12:41:31.065-0600] {processor.py:840} INFO - DAG(s) 'dataset_produces_1', 'dataset_consumes_1_and_2', 'dataset_consumes_1', 'dataset_consumes_unknown_never_scheduled', 'dataset_produces_2', 'dataset_consumes_1_never_scheduled' retrieved from /Users/vamseekrishna/Desktop/F1_Data_Warehouse/f1datawarehouse/lib/python3.9/site-packages/airflow/example_dags/example_datasets.py
[2024-02-24T12:41:31.127-0600] {logging_mixin.py:188} INFO - [2024-02-24T12:41:31.126-0600] {dag.py:3036} INFO - Sync 6 DAGs
[2024-02-24T12:41:31.135-0600] {logging_mixin.py:188} INFO - [2024-02-24T12:41:31.134-0600] {dag.py:3823} INFO - Setting next_dagrun for dataset_consumes_1 to None, run_after=None
[2024-02-24T12:41:31.136-0600] {logging_mixin.py:188} INFO - [2024-02-24T12:41:31.136-0600] {dag.py:3823} INFO - Setting next_dagrun for dataset_consumes_1_and_2 to None, run_after=None
[2024-02-24T12:41:31.136-0600] {logging_mixin.py:188} INFO - [2024-02-24T12:41:31.136-0600] {dag.py:3823} INFO - Setting next_dagrun for dataset_consumes_1_never_scheduled to None, run_after=None
[2024-02-24T12:41:31.136-0600] {logging_mixin.py:188} INFO - [2024-02-24T12:41:31.136-0600] {dag.py:3823} INFO - Setting next_dagrun for dataset_consumes_unknown_never_scheduled to None, run_after=None
[2024-02-24T12:41:31.137-0600] {logging_mixin.py:188} INFO - [2024-02-24T12:41:31.137-0600] {dag.py:3823} INFO - Setting next_dagrun for dataset_produces_1 to 2024-02-23 00:00:00+00:00, run_after=2024-02-24 00:00:00+00:00
[2024-02-24T12:41:31.138-0600] {logging_mixin.py:188} INFO - [2024-02-24T12:41:31.138-0600] {dag.py:3823} INFO - Setting next_dagrun for dataset_produces_2 to None, run_after=None
[2024-02-24T12:41:31.150-0600] {processor.py:183} INFO - Processing /Users/vamseekrishna/Desktop/F1_Data_Warehouse/f1datawarehouse/lib/python3.9/site-packages/airflow/example_dags/example_datasets.py took 0.093 seconds
[2024-02-24T12:43:36.640-0600] {processor.py:161} INFO - Started process (PID=76714) to work on /Users/vamseekrishna/Desktop/F1_Data_Warehouse/f1datawarehouse/lib/python3.9/site-packages/airflow/example_dags/example_datasets.py
[2024-02-24T12:43:36.642-0600] {processor.py:830} INFO - Processing file /Users/vamseekrishna/Desktop/F1_Data_Warehouse/f1datawarehouse/lib/python3.9/site-packages/airflow/example_dags/example_datasets.py for tasks to queue
[2024-02-24T12:43:36.642-0600] {logging_mixin.py:188} INFO - [2024-02-24T12:43:36.642-0600] {dagbag.py:538} INFO - Filling up the DagBag from /Users/vamseekrishna/Desktop/F1_Data_Warehouse/f1datawarehouse/lib/python3.9/site-packages/airflow/example_dags/example_datasets.py
[2024-02-24T12:43:36.648-0600] {processor.py:840} INFO - DAG(s) 'dataset_produces_2', 'dataset_consumes_1_never_scheduled', 'dataset_consumes_1_and_2', 'dataset_consumes_1', 'dataset_consumes_unknown_never_scheduled', 'dataset_produces_1' retrieved from /Users/vamseekrishna/Desktop/F1_Data_Warehouse/f1datawarehouse/lib/python3.9/site-packages/airflow/example_dags/example_datasets.py
[2024-02-24T12:43:36.701-0600] {logging_mixin.py:188} INFO - [2024-02-24T12:43:36.701-0600] {dag.py:3036} INFO - Sync 6 DAGs
[2024-02-24T12:43:36.709-0600] {logging_mixin.py:188} INFO - [2024-02-24T12:43:36.709-0600] {dag.py:3823} INFO - Setting next_dagrun for dataset_consumes_1 to None, run_after=None
[2024-02-24T12:43:36.710-0600] {logging_mixin.py:188} INFO - [2024-02-24T12:43:36.710-0600] {dag.py:3823} INFO - Setting next_dagrun for dataset_consumes_1_and_2 to None, run_after=None
[2024-02-24T12:43:36.711-0600] {logging_mixin.py:188} INFO - [2024-02-24T12:43:36.711-0600] {dag.py:3823} INFO - Setting next_dagrun for dataset_consumes_1_never_scheduled to None, run_after=None
[2024-02-24T12:43:36.711-0600] {logging_mixin.py:188} INFO - [2024-02-24T12:43:36.711-0600] {dag.py:3823} INFO - Setting next_dagrun for dataset_consumes_unknown_never_scheduled to None, run_after=None
[2024-02-24T12:43:36.712-0600] {logging_mixin.py:188} INFO - [2024-02-24T12:43:36.712-0600] {dag.py:3823} INFO - Setting next_dagrun for dataset_produces_1 to 2024-02-23 00:00:00+00:00, run_after=2024-02-24 00:00:00+00:00
[2024-02-24T12:43:36.712-0600] {logging_mixin.py:188} INFO - [2024-02-24T12:43:36.712-0600] {dag.py:3823} INFO - Setting next_dagrun for dataset_produces_2 to None, run_after=None
[2024-02-24T12:43:36.722-0600] {processor.py:183} INFO - Processing /Users/vamseekrishna/Desktop/F1_Data_Warehouse/f1datawarehouse/lib/python3.9/site-packages/airflow/example_dags/example_datasets.py took 0.082 seconds
[2024-02-24T12:45:59.204-0600] {processor.py:161} INFO - Started process (PID=76963) to work on /Users/vamseekrishna/Desktop/F1_Data_Warehouse/f1datawarehouse/lib/python3.9/site-packages/airflow/example_dags/example_datasets.py
[2024-02-24T12:45:59.205-0600] {processor.py:830} INFO - Processing file /Users/vamseekrishna/Desktop/F1_Data_Warehouse/f1datawarehouse/lib/python3.9/site-packages/airflow/example_dags/example_datasets.py for tasks to queue
[2024-02-24T12:45:59.206-0600] {logging_mixin.py:188} INFO - [2024-02-24T12:45:59.206-0600] {dagbag.py:538} INFO - Filling up the DagBag from /Users/vamseekrishna/Desktop/F1_Data_Warehouse/f1datawarehouse/lib/python3.9/site-packages/airflow/example_dags/example_datasets.py
[2024-02-24T12:45:59.211-0600] {processor.py:840} INFO - DAG(s) 'dataset_produces_1', 'dataset_consumes_unknown_never_scheduled', 'dataset_consumes_1', 'dataset_produces_2', 'dataset_consumes_1_and_2', 'dataset_consumes_1_never_scheduled' retrieved from /Users/vamseekrishna/Desktop/F1_Data_Warehouse/f1datawarehouse/lib/python3.9/site-packages/airflow/example_dags/example_datasets.py
[2024-02-24T12:45:59.265-0600] {logging_mixin.py:188} INFO - [2024-02-24T12:45:59.265-0600] {dag.py:3036} INFO - Sync 6 DAGs
[2024-02-24T12:45:59.274-0600] {logging_mixin.py:188} INFO - [2024-02-24T12:45:59.273-0600] {dag.py:3823} INFO - Setting next_dagrun for dataset_consumes_1 to None, run_after=None
[2024-02-24T12:45:59.275-0600] {logging_mixin.py:188} INFO - [2024-02-24T12:45:59.275-0600] {dag.py:3823} INFO - Setting next_dagrun for dataset_consumes_1_and_2 to None, run_after=None
[2024-02-24T12:45:59.275-0600] {logging_mixin.py:188} INFO - [2024-02-24T12:45:59.275-0600] {dag.py:3823} INFO - Setting next_dagrun for dataset_consumes_1_never_scheduled to None, run_after=None
[2024-02-24T12:45:59.276-0600] {logging_mixin.py:188} INFO - [2024-02-24T12:45:59.275-0600] {dag.py:3823} INFO - Setting next_dagrun for dataset_consumes_unknown_never_scheduled to None, run_after=None
[2024-02-24T12:45:59.276-0600] {logging_mixin.py:188} INFO - [2024-02-24T12:45:59.276-0600] {dag.py:3823} INFO - Setting next_dagrun for dataset_produces_1 to 2024-02-23 00:00:00+00:00, run_after=2024-02-24 00:00:00+00:00
[2024-02-24T12:45:59.277-0600] {logging_mixin.py:188} INFO - [2024-02-24T12:45:59.277-0600] {dag.py:3823} INFO - Setting next_dagrun for dataset_produces_2 to None, run_after=None
[2024-02-24T12:45:59.293-0600] {processor.py:183} INFO - Processing /Users/vamseekrishna/Desktop/F1_Data_Warehouse/f1datawarehouse/lib/python3.9/site-packages/airflow/example_dags/example_datasets.py took 0.089 seconds
[2024-02-24T12:48:05.754-0600] {processor.py:161} INFO - Started process (PID=77067) to work on /Users/vamseekrishna/Desktop/F1_Data_Warehouse/f1datawarehouse/lib/python3.9/site-packages/airflow/example_dags/example_datasets.py
[2024-02-24T12:48:05.755-0600] {processor.py:830} INFO - Processing file /Users/vamseekrishna/Desktop/F1_Data_Warehouse/f1datawarehouse/lib/python3.9/site-packages/airflow/example_dags/example_datasets.py for tasks to queue
[2024-02-24T12:48:05.755-0600] {logging_mixin.py:188} INFO - [2024-02-24T12:48:05.755-0600] {dagbag.py:538} INFO - Filling up the DagBag from /Users/vamseekrishna/Desktop/F1_Data_Warehouse/f1datawarehouse/lib/python3.9/site-packages/airflow/example_dags/example_datasets.py
[2024-02-24T12:48:05.760-0600] {processor.py:840} INFO - DAG(s) 'dataset_consumes_1_never_scheduled', 'dataset_consumes_unknown_never_scheduled', 'dataset_produces_2', 'dataset_consumes_1_and_2', 'dataset_consumes_1', 'dataset_produces_1' retrieved from /Users/vamseekrishna/Desktop/F1_Data_Warehouse/f1datawarehouse/lib/python3.9/site-packages/airflow/example_dags/example_datasets.py
[2024-02-24T12:48:05.815-0600] {logging_mixin.py:188} INFO - [2024-02-24T12:48:05.815-0600] {dag.py:3036} INFO - Sync 6 DAGs
[2024-02-24T12:48:05.823-0600] {logging_mixin.py:188} INFO - [2024-02-24T12:48:05.822-0600] {dag.py:3823} INFO - Setting next_dagrun for dataset_consumes_1 to None, run_after=None
[2024-02-24T12:48:05.824-0600] {logging_mixin.py:188} INFO - [2024-02-24T12:48:05.824-0600] {dag.py:3823} INFO - Setting next_dagrun for dataset_consumes_1_and_2 to None, run_after=None
[2024-02-24T12:48:05.824-0600] {logging_mixin.py:188} INFO - [2024-02-24T12:48:05.824-0600] {dag.py:3823} INFO - Setting next_dagrun for dataset_consumes_1_never_scheduled to None, run_after=None
[2024-02-24T12:48:05.824-0600] {logging_mixin.py:188} INFO - [2024-02-24T12:48:05.824-0600] {dag.py:3823} INFO - Setting next_dagrun for dataset_consumes_unknown_never_scheduled to None, run_after=None
[2024-02-24T12:48:05.825-0600] {logging_mixin.py:188} INFO - [2024-02-24T12:48:05.825-0600] {dag.py:3823} INFO - Setting next_dagrun for dataset_produces_1 to 2024-02-23 00:00:00+00:00, run_after=2024-02-24 00:00:00+00:00
[2024-02-24T12:48:05.826-0600] {logging_mixin.py:188} INFO - [2024-02-24T12:48:05.826-0600] {dag.py:3823} INFO - Setting next_dagrun for dataset_produces_2 to None, run_after=None
[2024-02-24T12:48:05.836-0600] {processor.py:183} INFO - Processing /Users/vamseekrishna/Desktop/F1_Data_Warehouse/f1datawarehouse/lib/python3.9/site-packages/airflow/example_dags/example_datasets.py took 0.083 seconds
[2024-02-24T12:50:14.054-0600] {processor.py:161} INFO - Started process (PID=77170) to work on /Users/vamseekrishna/Desktop/F1_Data_Warehouse/f1datawarehouse/lib/python3.9/site-packages/airflow/example_dags/example_datasets.py
[2024-02-24T12:50:14.056-0600] {processor.py:830} INFO - Processing file /Users/vamseekrishna/Desktop/F1_Data_Warehouse/f1datawarehouse/lib/python3.9/site-packages/airflow/example_dags/example_datasets.py for tasks to queue
[2024-02-24T12:50:14.056-0600] {logging_mixin.py:188} INFO - [2024-02-24T12:50:14.056-0600] {dagbag.py:538} INFO - Filling up the DagBag from /Users/vamseekrishna/Desktop/F1_Data_Warehouse/f1datawarehouse/lib/python3.9/site-packages/airflow/example_dags/example_datasets.py
[2024-02-24T12:50:14.061-0600] {processor.py:840} INFO - DAG(s) 'dataset_produces_1', 'dataset_produces_2', 'dataset_consumes_1_never_scheduled', 'dataset_consumes_1_and_2', 'dataset_consumes_1', 'dataset_consumes_unknown_never_scheduled' retrieved from /Users/vamseekrishna/Desktop/F1_Data_Warehouse/f1datawarehouse/lib/python3.9/site-packages/airflow/example_dags/example_datasets.py
[2024-02-24T12:50:14.116-0600] {logging_mixin.py:188} INFO - [2024-02-24T12:50:14.116-0600] {dag.py:3036} INFO - Sync 6 DAGs
[2024-02-24T12:50:14.124-0600] {logging_mixin.py:188} INFO - [2024-02-24T12:50:14.124-0600] {dag.py:3823} INFO - Setting next_dagrun for dataset_consumes_1 to None, run_after=None
[2024-02-24T12:50:14.125-0600] {logging_mixin.py:188} INFO - [2024-02-24T12:50:14.125-0600] {dag.py:3823} INFO - Setting next_dagrun for dataset_consumes_1_and_2 to None, run_after=None
[2024-02-24T12:50:14.126-0600] {logging_mixin.py:188} INFO - [2024-02-24T12:50:14.126-0600] {dag.py:3823} INFO - Setting next_dagrun for dataset_consumes_1_never_scheduled to None, run_after=None
[2024-02-24T12:50:14.126-0600] {logging_mixin.py:188} INFO - [2024-02-24T12:50:14.126-0600] {dag.py:3823} INFO - Setting next_dagrun for dataset_consumes_unknown_never_scheduled to None, run_after=None
[2024-02-24T12:50:14.127-0600] {logging_mixin.py:188} INFO - [2024-02-24T12:50:14.127-0600] {dag.py:3823} INFO - Setting next_dagrun for dataset_produces_1 to 2024-02-23 00:00:00+00:00, run_after=2024-02-24 00:00:00+00:00
[2024-02-24T12:50:14.127-0600] {logging_mixin.py:188} INFO - [2024-02-24T12:50:14.127-0600] {dag.py:3823} INFO - Setting next_dagrun for dataset_produces_2 to None, run_after=None
[2024-02-24T12:50:14.138-0600] {processor.py:183} INFO - Processing /Users/vamseekrishna/Desktop/F1_Data_Warehouse/f1datawarehouse/lib/python3.9/site-packages/airflow/example_dags/example_datasets.py took 0.085 seconds
[2024-02-24T12:52:18.291-0600] {processor.py:161} INFO - Started process (PID=77278) to work on /Users/vamseekrishna/Desktop/F1_Data_Warehouse/f1datawarehouse/lib/python3.9/site-packages/airflow/example_dags/example_datasets.py
[2024-02-24T12:52:18.293-0600] {processor.py:830} INFO - Processing file /Users/vamseekrishna/Desktop/F1_Data_Warehouse/f1datawarehouse/lib/python3.9/site-packages/airflow/example_dags/example_datasets.py for tasks to queue
[2024-02-24T12:52:18.293-0600] {logging_mixin.py:188} INFO - [2024-02-24T12:52:18.293-0600] {dagbag.py:538} INFO - Filling up the DagBag from /Users/vamseekrishna/Desktop/F1_Data_Warehouse/f1datawarehouse/lib/python3.9/site-packages/airflow/example_dags/example_datasets.py
[2024-02-24T12:52:18.298-0600] {processor.py:840} INFO - DAG(s) 'dataset_consumes_1_never_scheduled', 'dataset_produces_2', 'dataset_consumes_unknown_never_scheduled', 'dataset_consumes_1_and_2', 'dataset_produces_1', 'dataset_consumes_1' retrieved from /Users/vamseekrishna/Desktop/F1_Data_Warehouse/f1datawarehouse/lib/python3.9/site-packages/airflow/example_dags/example_datasets.py
[2024-02-24T12:52:18.354-0600] {logging_mixin.py:188} INFO - [2024-02-24T12:52:18.354-0600] {dag.py:3036} INFO - Sync 6 DAGs
[2024-02-24T12:52:18.362-0600] {logging_mixin.py:188} INFO - [2024-02-24T12:52:18.361-0600] {dag.py:3823} INFO - Setting next_dagrun for dataset_consumes_1 to None, run_after=None
[2024-02-24T12:52:18.365-0600] {logging_mixin.py:188} INFO - [2024-02-24T12:52:18.365-0600] {dag.py:3823} INFO - Setting next_dagrun for dataset_consumes_1_and_2 to None, run_after=None
[2024-02-24T12:52:18.366-0600] {logging_mixin.py:188} INFO - [2024-02-24T12:52:18.366-0600] {dag.py:3823} INFO - Setting next_dagrun for dataset_consumes_1_never_scheduled to None, run_after=None
[2024-02-24T12:52:18.366-0600] {logging_mixin.py:188} INFO - [2024-02-24T12:52:18.366-0600] {dag.py:3823} INFO - Setting next_dagrun for dataset_consumes_unknown_never_scheduled to None, run_after=None
[2024-02-24T12:52:18.367-0600] {logging_mixin.py:188} INFO - [2024-02-24T12:52:18.367-0600] {dag.py:3823} INFO - Setting next_dagrun for dataset_produces_1 to 2024-02-23 00:00:00+00:00, run_after=2024-02-24 00:00:00+00:00
[2024-02-24T12:52:18.367-0600] {logging_mixin.py:188} INFO - [2024-02-24T12:52:18.367-0600] {dag.py:3823} INFO - Setting next_dagrun for dataset_produces_2 to None, run_after=None
[2024-02-24T12:52:18.380-0600] {processor.py:183} INFO - Processing /Users/vamseekrishna/Desktop/F1_Data_Warehouse/f1datawarehouse/lib/python3.9/site-packages/airflow/example_dags/example_datasets.py took 0.089 seconds
[2024-02-24T12:54:29.730-0600] {processor.py:161} INFO - Started process (PID=77378) to work on /Users/vamseekrishna/Desktop/F1_Data_Warehouse/f1datawarehouse/lib/python3.9/site-packages/airflow/example_dags/example_datasets.py
[2024-02-24T12:54:29.732-0600] {processor.py:830} INFO - Processing file /Users/vamseekrishna/Desktop/F1_Data_Warehouse/f1datawarehouse/lib/python3.9/site-packages/airflow/example_dags/example_datasets.py for tasks to queue
[2024-02-24T12:54:29.733-0600] {logging_mixin.py:188} INFO - [2024-02-24T12:54:29.733-0600] {dagbag.py:538} INFO - Filling up the DagBag from /Users/vamseekrishna/Desktop/F1_Data_Warehouse/f1datawarehouse/lib/python3.9/site-packages/airflow/example_dags/example_datasets.py
[2024-02-24T12:54:29.738-0600] {processor.py:840} INFO - DAG(s) 'dataset_consumes_1_never_scheduled', 'dataset_consumes_1', 'dataset_produces_1', 'dataset_produces_2', 'dataset_consumes_unknown_never_scheduled', 'dataset_consumes_1_and_2' retrieved from /Users/vamseekrishna/Desktop/F1_Data_Warehouse/f1datawarehouse/lib/python3.9/site-packages/airflow/example_dags/example_datasets.py
[2024-02-24T12:54:29.796-0600] {logging_mixin.py:188} INFO - [2024-02-24T12:54:29.796-0600] {dag.py:3036} INFO - Sync 6 DAGs
[2024-02-24T12:54:29.805-0600] {logging_mixin.py:188} INFO - [2024-02-24T12:54:29.805-0600] {dag.py:3823} INFO - Setting next_dagrun for dataset_consumes_1 to None, run_after=None
[2024-02-24T12:54:29.807-0600] {logging_mixin.py:188} INFO - [2024-02-24T12:54:29.807-0600] {dag.py:3823} INFO - Setting next_dagrun for dataset_consumes_1_and_2 to None, run_after=None
[2024-02-24T12:54:29.808-0600] {logging_mixin.py:188} INFO - [2024-02-24T12:54:29.808-0600] {dag.py:3823} INFO - Setting next_dagrun for dataset_consumes_1_never_scheduled to None, run_after=None
[2024-02-24T12:54:29.808-0600] {logging_mixin.py:188} INFO - [2024-02-24T12:54:29.808-0600] {dag.py:3823} INFO - Setting next_dagrun for dataset_consumes_unknown_never_scheduled to None, run_after=None
[2024-02-24T12:54:29.809-0600] {logging_mixin.py:188} INFO - [2024-02-24T12:54:29.809-0600] {dag.py:3823} INFO - Setting next_dagrun for dataset_produces_1 to 2024-02-23 00:00:00+00:00, run_after=2024-02-24 00:00:00+00:00
[2024-02-24T12:54:29.810-0600] {logging_mixin.py:188} INFO - [2024-02-24T12:54:29.810-0600] {dag.py:3823} INFO - Setting next_dagrun for dataset_produces_2 to None, run_after=None
[2024-02-24T12:54:29.823-0600] {processor.py:183} INFO - Processing /Users/vamseekrishna/Desktop/F1_Data_Warehouse/f1datawarehouse/lib/python3.9/site-packages/airflow/example_dags/example_datasets.py took 0.093 seconds
[2024-02-24T12:56:38.646-0600] {processor.py:161} INFO - Started process (PID=77486) to work on /Users/vamseekrishna/Desktop/F1_Data_Warehouse/f1datawarehouse/lib/python3.9/site-packages/airflow/example_dags/example_datasets.py
[2024-02-24T12:56:38.648-0600] {processor.py:830} INFO - Processing file /Users/vamseekrishna/Desktop/F1_Data_Warehouse/f1datawarehouse/lib/python3.9/site-packages/airflow/example_dags/example_datasets.py for tasks to queue
[2024-02-24T12:56:38.649-0600] {logging_mixin.py:188} INFO - [2024-02-24T12:56:38.648-0600] {dagbag.py:538} INFO - Filling up the DagBag from /Users/vamseekrishna/Desktop/F1_Data_Warehouse/f1datawarehouse/lib/python3.9/site-packages/airflow/example_dags/example_datasets.py
[2024-02-24T12:56:38.654-0600] {processor.py:840} INFO - DAG(s) 'dataset_consumes_1_never_scheduled', 'dataset_consumes_1_and_2', 'dataset_consumes_1', 'dataset_consumes_unknown_never_scheduled', 'dataset_produces_2', 'dataset_produces_1' retrieved from /Users/vamseekrishna/Desktop/F1_Data_Warehouse/f1datawarehouse/lib/python3.9/site-packages/airflow/example_dags/example_datasets.py
[2024-02-24T12:56:38.707-0600] {logging_mixin.py:188} INFO - [2024-02-24T12:56:38.707-0600] {dag.py:3036} INFO - Sync 6 DAGs
[2024-02-24T12:56:38.715-0600] {logging_mixin.py:188} INFO - [2024-02-24T12:56:38.714-0600] {dag.py:3823} INFO - Setting next_dagrun for dataset_consumes_1 to None, run_after=None
[2024-02-24T12:56:38.716-0600] {logging_mixin.py:188} INFO - [2024-02-24T12:56:38.716-0600] {dag.py:3823} INFO - Setting next_dagrun for dataset_consumes_1_and_2 to None, run_after=None
[2024-02-24T12:56:38.716-0600] {logging_mixin.py:188} INFO - [2024-02-24T12:56:38.716-0600] {dag.py:3823} INFO - Setting next_dagrun for dataset_consumes_1_never_scheduled to None, run_after=None
[2024-02-24T12:56:38.716-0600] {logging_mixin.py:188} INFO - [2024-02-24T12:56:38.716-0600] {dag.py:3823} INFO - Setting next_dagrun for dataset_consumes_unknown_never_scheduled to None, run_after=None
[2024-02-24T12:56:38.717-0600] {logging_mixin.py:188} INFO - [2024-02-24T12:56:38.717-0600] {dag.py:3823} INFO - Setting next_dagrun for dataset_produces_1 to 2024-02-23 00:00:00+00:00, run_after=2024-02-24 00:00:00+00:00
[2024-02-24T12:56:38.718-0600] {logging_mixin.py:188} INFO - [2024-02-24T12:56:38.718-0600] {dag.py:3823} INFO - Setting next_dagrun for dataset_produces_2 to None, run_after=None
[2024-02-24T12:56:38.731-0600] {processor.py:183} INFO - Processing /Users/vamseekrishna/Desktop/F1_Data_Warehouse/f1datawarehouse/lib/python3.9/site-packages/airflow/example_dags/example_datasets.py took 0.086 seconds
[2024-02-24T12:58:46.861-0600] {processor.py:161} INFO - Started process (PID=77600) to work on /Users/vamseekrishna/Desktop/F1_Data_Warehouse/f1datawarehouse/lib/python3.9/site-packages/airflow/example_dags/example_datasets.py
[2024-02-24T12:58:46.863-0600] {processor.py:830} INFO - Processing file /Users/vamseekrishna/Desktop/F1_Data_Warehouse/f1datawarehouse/lib/python3.9/site-packages/airflow/example_dags/example_datasets.py for tasks to queue
[2024-02-24T12:58:46.863-0600] {logging_mixin.py:188} INFO - [2024-02-24T12:58:46.863-0600] {dagbag.py:538} INFO - Filling up the DagBag from /Users/vamseekrishna/Desktop/F1_Data_Warehouse/f1datawarehouse/lib/python3.9/site-packages/airflow/example_dags/example_datasets.py
[2024-02-24T12:58:46.868-0600] {processor.py:840} INFO - DAG(s) 'dataset_produces_2', 'dataset_produces_1', 'dataset_consumes_unknown_never_scheduled', 'dataset_consumes_1', 'dataset_consumes_1_never_scheduled', 'dataset_consumes_1_and_2' retrieved from /Users/vamseekrishna/Desktop/F1_Data_Warehouse/f1datawarehouse/lib/python3.9/site-packages/airflow/example_dags/example_datasets.py
[2024-02-24T12:58:46.923-0600] {logging_mixin.py:188} INFO - [2024-02-24T12:58:46.923-0600] {dag.py:3036} INFO - Sync 6 DAGs
[2024-02-24T12:58:46.931-0600] {logging_mixin.py:188} INFO - [2024-02-24T12:58:46.931-0600] {dag.py:3823} INFO - Setting next_dagrun for dataset_consumes_1 to None, run_after=None
[2024-02-24T12:58:46.933-0600] {logging_mixin.py:188} INFO - [2024-02-24T12:58:46.932-0600] {dag.py:3823} INFO - Setting next_dagrun for dataset_consumes_1_and_2 to None, run_after=None
[2024-02-24T12:58:46.933-0600] {logging_mixin.py:188} INFO - [2024-02-24T12:58:46.933-0600] {dag.py:3823} INFO - Setting next_dagrun for dataset_consumes_1_never_scheduled to None, run_after=None
[2024-02-24T12:58:46.933-0600] {logging_mixin.py:188} INFO - [2024-02-24T12:58:46.933-0600] {dag.py:3823} INFO - Setting next_dagrun for dataset_consumes_unknown_never_scheduled to None, run_after=None
[2024-02-24T12:58:46.934-0600] {logging_mixin.py:188} INFO - [2024-02-24T12:58:46.934-0600] {dag.py:3823} INFO - Setting next_dagrun for dataset_produces_1 to 2024-02-23 00:00:00+00:00, run_after=2024-02-24 00:00:00+00:00
[2024-02-24T12:58:46.935-0600] {logging_mixin.py:188} INFO - [2024-02-24T12:58:46.934-0600] {dag.py:3823} INFO - Setting next_dagrun for dataset_produces_2 to None, run_after=None
[2024-02-24T12:58:46.945-0600] {processor.py:183} INFO - Processing /Users/vamseekrishna/Desktop/F1_Data_Warehouse/f1datawarehouse/lib/python3.9/site-packages/airflow/example_dags/example_datasets.py took 0.085 seconds
[2024-02-24T13:00:58.749-0600] {processor.py:161} INFO - Started process (PID=77730) to work on /Users/vamseekrishna/Desktop/F1_Data_Warehouse/f1datawarehouse/lib/python3.9/site-packages/airflow/example_dags/example_datasets.py
[2024-02-24T13:00:58.751-0600] {processor.py:830} INFO - Processing file /Users/vamseekrishna/Desktop/F1_Data_Warehouse/f1datawarehouse/lib/python3.9/site-packages/airflow/example_dags/example_datasets.py for tasks to queue
[2024-02-24T13:00:58.752-0600] {logging_mixin.py:188} INFO - [2024-02-24T13:00:58.752-0600] {dagbag.py:538} INFO - Filling up the DagBag from /Users/vamseekrishna/Desktop/F1_Data_Warehouse/f1datawarehouse/lib/python3.9/site-packages/airflow/example_dags/example_datasets.py
[2024-02-24T13:00:58.760-0600] {processor.py:840} INFO - DAG(s) 'dataset_produces_2', 'dataset_consumes_1', 'dataset_produces_1', 'dataset_consumes_1_and_2', 'dataset_consumes_unknown_never_scheduled', 'dataset_consumes_1_never_scheduled' retrieved from /Users/vamseekrishna/Desktop/F1_Data_Warehouse/f1datawarehouse/lib/python3.9/site-packages/airflow/example_dags/example_datasets.py
[2024-02-24T13:00:58.817-0600] {logging_mixin.py:188} INFO - [2024-02-24T13:00:58.817-0600] {dag.py:3036} INFO - Sync 6 DAGs
[2024-02-24T13:00:58.829-0600] {logging_mixin.py:188} INFO - [2024-02-24T13:00:58.828-0600] {dag.py:3823} INFO - Setting next_dagrun for dataset_consumes_1 to None, run_after=None
[2024-02-24T13:00:58.830-0600] {logging_mixin.py:188} INFO - [2024-02-24T13:00:58.830-0600] {dag.py:3823} INFO - Setting next_dagrun for dataset_consumes_1_and_2 to None, run_after=None
[2024-02-24T13:00:58.834-0600] {logging_mixin.py:188} INFO - [2024-02-24T13:00:58.834-0600] {dag.py:3823} INFO - Setting next_dagrun for dataset_consumes_1_never_scheduled to None, run_after=None
[2024-02-24T13:00:58.835-0600] {logging_mixin.py:188} INFO - [2024-02-24T13:00:58.835-0600] {dag.py:3823} INFO - Setting next_dagrun for dataset_consumes_unknown_never_scheduled to None, run_after=None
[2024-02-24T13:00:58.836-0600] {logging_mixin.py:188} INFO - [2024-02-24T13:00:58.836-0600] {dag.py:3823} INFO - Setting next_dagrun for dataset_produces_1 to 2024-02-23 00:00:00+00:00, run_after=2024-02-24 00:00:00+00:00
[2024-02-24T13:00:58.836-0600] {logging_mixin.py:188} INFO - [2024-02-24T13:00:58.836-0600] {dag.py:3823} INFO - Setting next_dagrun for dataset_produces_2 to None, run_after=None
[2024-02-24T13:00:58.848-0600] {processor.py:183} INFO - Processing /Users/vamseekrishna/Desktop/F1_Data_Warehouse/f1datawarehouse/lib/python3.9/site-packages/airflow/example_dags/example_datasets.py took 0.100 seconds
[2024-02-24T13:02:53.052-0600] {processor.py:161} INFO - Started process (PID=77869) to work on /Users/vamseekrishna/Desktop/F1_Data_Warehouse/f1datawarehouse/lib/python3.9/site-packages/airflow/example_dags/example_datasets.py
[2024-02-24T13:02:53.054-0600] {processor.py:830} INFO - Processing file /Users/vamseekrishna/Desktop/F1_Data_Warehouse/f1datawarehouse/lib/python3.9/site-packages/airflow/example_dags/example_datasets.py for tasks to queue
[2024-02-24T13:02:53.055-0600] {logging_mixin.py:188} INFO - [2024-02-24T13:02:53.055-0600] {dagbag.py:538} INFO - Filling up the DagBag from /Users/vamseekrishna/Desktop/F1_Data_Warehouse/f1datawarehouse/lib/python3.9/site-packages/airflow/example_dags/example_datasets.py
[2024-02-24T13:02:53.060-0600] {processor.py:840} INFO - DAG(s) 'dataset_consumes_1_never_scheduled', 'dataset_produces_1', 'dataset_consumes_unknown_never_scheduled', 'dataset_consumes_1', 'dataset_consumes_1_and_2', 'dataset_produces_2' retrieved from /Users/vamseekrishna/Desktop/F1_Data_Warehouse/f1datawarehouse/lib/python3.9/site-packages/airflow/example_dags/example_datasets.py
[2024-02-24T13:02:53.117-0600] {logging_mixin.py:188} INFO - [2024-02-24T13:02:53.117-0600] {dag.py:3036} INFO - Sync 6 DAGs
[2024-02-24T13:02:53.124-0600] {logging_mixin.py:188} INFO - [2024-02-24T13:02:53.124-0600] {dag.py:3823} INFO - Setting next_dagrun for dataset_consumes_1 to None, run_after=None
[2024-02-24T13:02:53.126-0600] {logging_mixin.py:188} INFO - [2024-02-24T13:02:53.126-0600] {dag.py:3823} INFO - Setting next_dagrun for dataset_consumes_1_and_2 to None, run_after=None
[2024-02-24T13:02:53.126-0600] {logging_mixin.py:188} INFO - [2024-02-24T13:02:53.126-0600] {dag.py:3823} INFO - Setting next_dagrun for dataset_consumes_1_never_scheduled to None, run_after=None
[2024-02-24T13:02:53.127-0600] {logging_mixin.py:188} INFO - [2024-02-24T13:02:53.127-0600] {dag.py:3823} INFO - Setting next_dagrun for dataset_consumes_unknown_never_scheduled to None, run_after=None
[2024-02-24T13:02:53.128-0600] {logging_mixin.py:188} INFO - [2024-02-24T13:02:53.128-0600] {dag.py:3823} INFO - Setting next_dagrun for dataset_produces_1 to 2024-02-23 00:00:00+00:00, run_after=2024-02-24 00:00:00+00:00
[2024-02-24T13:02:53.128-0600] {logging_mixin.py:188} INFO - [2024-02-24T13:02:53.128-0600] {dag.py:3823} INFO - Setting next_dagrun for dataset_produces_2 to None, run_after=None
[2024-02-24T13:02:53.138-0600] {processor.py:183} INFO - Processing /Users/vamseekrishna/Desktop/F1_Data_Warehouse/f1datawarehouse/lib/python3.9/site-packages/airflow/example_dags/example_datasets.py took 0.086 seconds
[2024-02-24T13:04:48.089-0600] {processor.py:161} INFO - Started process (PID=77957) to work on /Users/vamseekrishna/Desktop/F1_Data_Warehouse/f1datawarehouse/lib/python3.9/site-packages/airflow/example_dags/example_datasets.py
[2024-02-24T13:04:48.091-0600] {processor.py:830} INFO - Processing file /Users/vamseekrishna/Desktop/F1_Data_Warehouse/f1datawarehouse/lib/python3.9/site-packages/airflow/example_dags/example_datasets.py for tasks to queue
[2024-02-24T13:04:48.092-0600] {logging_mixin.py:188} INFO - [2024-02-24T13:04:48.092-0600] {dagbag.py:538} INFO - Filling up the DagBag from /Users/vamseekrishna/Desktop/F1_Data_Warehouse/f1datawarehouse/lib/python3.9/site-packages/airflow/example_dags/example_datasets.py
[2024-02-24T13:04:48.096-0600] {processor.py:840} INFO - DAG(s) 'dataset_consumes_1_never_scheduled', 'dataset_consumes_1_and_2', 'dataset_produces_1', 'dataset_consumes_unknown_never_scheduled', 'dataset_produces_2', 'dataset_consumes_1' retrieved from /Users/vamseekrishna/Desktop/F1_Data_Warehouse/f1datawarehouse/lib/python3.9/site-packages/airflow/example_dags/example_datasets.py
[2024-02-24T13:04:48.147-0600] {logging_mixin.py:188} INFO - [2024-02-24T13:04:48.147-0600] {dag.py:3036} INFO - Sync 6 DAGs
[2024-02-24T13:04:48.155-0600] {logging_mixin.py:188} INFO - [2024-02-24T13:04:48.154-0600] {dag.py:3823} INFO - Setting next_dagrun for dataset_consumes_1 to None, run_after=None
[2024-02-24T13:04:48.156-0600] {logging_mixin.py:188} INFO - [2024-02-24T13:04:48.156-0600] {dag.py:3823} INFO - Setting next_dagrun for dataset_consumes_1_and_2 to None, run_after=None
[2024-02-24T13:04:48.156-0600] {logging_mixin.py:188} INFO - [2024-02-24T13:04:48.156-0600] {dag.py:3823} INFO - Setting next_dagrun for dataset_consumes_1_never_scheduled to None, run_after=None
[2024-02-24T13:04:48.157-0600] {logging_mixin.py:188} INFO - [2024-02-24T13:04:48.157-0600] {dag.py:3823} INFO - Setting next_dagrun for dataset_consumes_unknown_never_scheduled to None, run_after=None
[2024-02-24T13:04:48.158-0600] {logging_mixin.py:188} INFO - [2024-02-24T13:04:48.158-0600] {dag.py:3823} INFO - Setting next_dagrun for dataset_produces_1 to 2024-02-23 00:00:00+00:00, run_after=2024-02-24 00:00:00+00:00
[2024-02-24T13:04:48.158-0600] {logging_mixin.py:188} INFO - [2024-02-24T13:04:48.158-0600] {dag.py:3823} INFO - Setting next_dagrun for dataset_produces_2 to None, run_after=None
[2024-02-24T13:04:48.168-0600] {processor.py:183} INFO - Processing /Users/vamseekrishna/Desktop/F1_Data_Warehouse/f1datawarehouse/lib/python3.9/site-packages/airflow/example_dags/example_datasets.py took 0.079 seconds
[2024-02-24T13:06:39.035-0600] {processor.py:161} INFO - Started process (PID=78037) to work on /Users/vamseekrishna/Desktop/F1_Data_Warehouse/f1datawarehouse/lib/python3.9/site-packages/airflow/example_dags/example_datasets.py
[2024-02-24T13:06:39.038-0600] {processor.py:830} INFO - Processing file /Users/vamseekrishna/Desktop/F1_Data_Warehouse/f1datawarehouse/lib/python3.9/site-packages/airflow/example_dags/example_datasets.py for tasks to queue
[2024-02-24T13:06:39.038-0600] {logging_mixin.py:188} INFO - [2024-02-24T13:06:39.038-0600] {dagbag.py:538} INFO - Filling up the DagBag from /Users/vamseekrishna/Desktop/F1_Data_Warehouse/f1datawarehouse/lib/python3.9/site-packages/airflow/example_dags/example_datasets.py
[2024-02-24T13:06:39.042-0600] {processor.py:840} INFO - DAG(s) 'dataset_consumes_unknown_never_scheduled', 'dataset_produces_1', 'dataset_consumes_1_and_2', 'dataset_consumes_1_never_scheduled', 'dataset_consumes_1', 'dataset_produces_2' retrieved from /Users/vamseekrishna/Desktop/F1_Data_Warehouse/f1datawarehouse/lib/python3.9/site-packages/airflow/example_dags/example_datasets.py
[2024-02-24T13:06:39.089-0600] {logging_mixin.py:188} INFO - [2024-02-24T13:06:39.089-0600] {dag.py:3036} INFO - Sync 6 DAGs
[2024-02-24T13:06:39.097-0600] {logging_mixin.py:188} INFO - [2024-02-24T13:06:39.096-0600] {dag.py:3823} INFO - Setting next_dagrun for dataset_consumes_1 to None, run_after=None
[2024-02-24T13:06:39.098-0600] {logging_mixin.py:188} INFO - [2024-02-24T13:06:39.098-0600] {dag.py:3823} INFO - Setting next_dagrun for dataset_consumes_1_and_2 to None, run_after=None
[2024-02-24T13:06:39.098-0600] {logging_mixin.py:188} INFO - [2024-02-24T13:06:39.098-0600] {dag.py:3823} INFO - Setting next_dagrun for dataset_consumes_1_never_scheduled to None, run_after=None
[2024-02-24T13:06:39.098-0600] {logging_mixin.py:188} INFO - [2024-02-24T13:06:39.098-0600] {dag.py:3823} INFO - Setting next_dagrun for dataset_consumes_unknown_never_scheduled to None, run_after=None
[2024-02-24T13:06:39.099-0600] {logging_mixin.py:188} INFO - [2024-02-24T13:06:39.099-0600] {dag.py:3823} INFO - Setting next_dagrun for dataset_produces_1 to 2024-02-23 00:00:00+00:00, run_after=2024-02-24 00:00:00+00:00
[2024-02-24T13:06:39.100-0600] {logging_mixin.py:188} INFO - [2024-02-24T13:06:39.099-0600] {dag.py:3823} INFO - Setting next_dagrun for dataset_produces_2 to None, run_after=None
[2024-02-24T13:06:39.109-0600] {processor.py:183} INFO - Processing /Users/vamseekrishna/Desktop/F1_Data_Warehouse/f1datawarehouse/lib/python3.9/site-packages/airflow/example_dags/example_datasets.py took 0.074 seconds
[2024-02-24T13:08:32.115-0600] {processor.py:161} INFO - Started process (PID=78127) to work on /Users/vamseekrishna/Desktop/F1_Data_Warehouse/f1datawarehouse/lib/python3.9/site-packages/airflow/example_dags/example_datasets.py
[2024-02-24T13:08:32.118-0600] {processor.py:830} INFO - Processing file /Users/vamseekrishna/Desktop/F1_Data_Warehouse/f1datawarehouse/lib/python3.9/site-packages/airflow/example_dags/example_datasets.py for tasks to queue
[2024-02-24T13:08:32.118-0600] {logging_mixin.py:188} INFO - [2024-02-24T13:08:32.118-0600] {dagbag.py:538} INFO - Filling up the DagBag from /Users/vamseekrishna/Desktop/F1_Data_Warehouse/f1datawarehouse/lib/python3.9/site-packages/airflow/example_dags/example_datasets.py
[2024-02-24T13:08:32.123-0600] {processor.py:840} INFO - DAG(s) 'dataset_consumes_1', 'dataset_produces_2', 'dataset_consumes_1_and_2', 'dataset_produces_1', 'dataset_consumes_1_never_scheduled', 'dataset_consumes_unknown_never_scheduled' retrieved from /Users/vamseekrishna/Desktop/F1_Data_Warehouse/f1datawarehouse/lib/python3.9/site-packages/airflow/example_dags/example_datasets.py
[2024-02-24T13:08:32.172-0600] {logging_mixin.py:188} INFO - [2024-02-24T13:08:32.172-0600] {dag.py:3036} INFO - Sync 6 DAGs
[2024-02-24T13:08:32.179-0600] {logging_mixin.py:188} INFO - [2024-02-24T13:08:32.179-0600] {dag.py:3823} INFO - Setting next_dagrun for dataset_consumes_1 to None, run_after=None
[2024-02-24T13:08:32.181-0600] {logging_mixin.py:188} INFO - [2024-02-24T13:08:32.181-0600] {dag.py:3823} INFO - Setting next_dagrun for dataset_consumes_1_and_2 to None, run_after=None
[2024-02-24T13:08:32.181-0600] {logging_mixin.py:188} INFO - [2024-02-24T13:08:32.181-0600] {dag.py:3823} INFO - Setting next_dagrun for dataset_consumes_1_never_scheduled to None, run_after=None
[2024-02-24T13:08:32.181-0600] {logging_mixin.py:188} INFO - [2024-02-24T13:08:32.181-0600] {dag.py:3823} INFO - Setting next_dagrun for dataset_consumes_unknown_never_scheduled to None, run_after=None
[2024-02-24T13:08:32.182-0600] {logging_mixin.py:188} INFO - [2024-02-24T13:08:32.182-0600] {dag.py:3823} INFO - Setting next_dagrun for dataset_produces_1 to 2024-02-23 00:00:00+00:00, run_after=2024-02-24 00:00:00+00:00
[2024-02-24T13:08:32.182-0600] {logging_mixin.py:188} INFO - [2024-02-24T13:08:32.182-0600] {dag.py:3823} INFO - Setting next_dagrun for dataset_produces_2 to None, run_after=None
[2024-02-24T13:08:32.192-0600] {processor.py:183} INFO - Processing /Users/vamseekrishna/Desktop/F1_Data_Warehouse/f1datawarehouse/lib/python3.9/site-packages/airflow/example_dags/example_datasets.py took 0.078 seconds
[2024-02-24T13:10:22.794-0600] {processor.py:161} INFO - Started process (PID=78211) to work on /Users/vamseekrishna/Desktop/F1_Data_Warehouse/f1datawarehouse/lib/python3.9/site-packages/airflow/example_dags/example_datasets.py
[2024-02-24T13:10:22.795-0600] {processor.py:830} INFO - Processing file /Users/vamseekrishna/Desktop/F1_Data_Warehouse/f1datawarehouse/lib/python3.9/site-packages/airflow/example_dags/example_datasets.py for tasks to queue
[2024-02-24T13:10:22.796-0600] {logging_mixin.py:188} INFO - [2024-02-24T13:10:22.796-0600] {dagbag.py:538} INFO - Filling up the DagBag from /Users/vamseekrishna/Desktop/F1_Data_Warehouse/f1datawarehouse/lib/python3.9/site-packages/airflow/example_dags/example_datasets.py
[2024-02-24T13:10:22.800-0600] {processor.py:840} INFO - DAG(s) 'dataset_consumes_unknown_never_scheduled', 'dataset_consumes_1_and_2', 'dataset_consumes_1_never_scheduled', 'dataset_produces_1', 'dataset_produces_2', 'dataset_consumes_1' retrieved from /Users/vamseekrishna/Desktop/F1_Data_Warehouse/f1datawarehouse/lib/python3.9/site-packages/airflow/example_dags/example_datasets.py
[2024-02-24T13:10:22.848-0600] {logging_mixin.py:188} INFO - [2024-02-24T13:10:22.848-0600] {dag.py:3036} INFO - Sync 6 DAGs
[2024-02-24T13:10:22.855-0600] {logging_mixin.py:188} INFO - [2024-02-24T13:10:22.855-0600] {dag.py:3823} INFO - Setting next_dagrun for dataset_consumes_1 to None, run_after=None
[2024-02-24T13:10:22.856-0600] {logging_mixin.py:188} INFO - [2024-02-24T13:10:22.856-0600] {dag.py:3823} INFO - Setting next_dagrun for dataset_consumes_1_and_2 to None, run_after=None
[2024-02-24T13:10:22.856-0600] {logging_mixin.py:188} INFO - [2024-02-24T13:10:22.856-0600] {dag.py:3823} INFO - Setting next_dagrun for dataset_consumes_1_never_scheduled to None, run_after=None
[2024-02-24T13:10:22.857-0600] {logging_mixin.py:188} INFO - [2024-02-24T13:10:22.857-0600] {dag.py:3823} INFO - Setting next_dagrun for dataset_consumes_unknown_never_scheduled to None, run_after=None
[2024-02-24T13:10:22.858-0600] {logging_mixin.py:188} INFO - [2024-02-24T13:10:22.858-0600] {dag.py:3823} INFO - Setting next_dagrun for dataset_produces_1 to 2024-02-23 00:00:00+00:00, run_after=2024-02-24 00:00:00+00:00
[2024-02-24T13:10:22.858-0600] {logging_mixin.py:188} INFO - [2024-02-24T13:10:22.858-0600] {dag.py:3823} INFO - Setting next_dagrun for dataset_produces_2 to None, run_after=None
[2024-02-24T13:10:22.868-0600] {processor.py:183} INFO - Processing /Users/vamseekrishna/Desktop/F1_Data_Warehouse/f1datawarehouse/lib/python3.9/site-packages/airflow/example_dags/example_datasets.py took 0.075 seconds
[2024-02-24T13:12:10.284-0600] {processor.py:161} INFO - Started process (PID=78296) to work on /Users/vamseekrishna/Desktop/F1_Data_Warehouse/f1datawarehouse/lib/python3.9/site-packages/airflow/example_dags/example_datasets.py
[2024-02-24T13:12:10.287-0600] {processor.py:830} INFO - Processing file /Users/vamseekrishna/Desktop/F1_Data_Warehouse/f1datawarehouse/lib/python3.9/site-packages/airflow/example_dags/example_datasets.py for tasks to queue
[2024-02-24T13:12:10.287-0600] {logging_mixin.py:188} INFO - [2024-02-24T13:12:10.287-0600] {dagbag.py:538} INFO - Filling up the DagBag from /Users/vamseekrishna/Desktop/F1_Data_Warehouse/f1datawarehouse/lib/python3.9/site-packages/airflow/example_dags/example_datasets.py
[2024-02-24T13:12:10.292-0600] {processor.py:840} INFO - DAG(s) 'dataset_consumes_1_never_scheduled', 'dataset_consumes_unknown_never_scheduled', 'dataset_consumes_1', 'dataset_produces_2', 'dataset_consumes_1_and_2', 'dataset_produces_1' retrieved from /Users/vamseekrishna/Desktop/F1_Data_Warehouse/f1datawarehouse/lib/python3.9/site-packages/airflow/example_dags/example_datasets.py
[2024-02-24T13:12:10.339-0600] {logging_mixin.py:188} INFO - [2024-02-24T13:12:10.339-0600] {dag.py:3036} INFO - Sync 6 DAGs
[2024-02-24T13:12:10.346-0600] {logging_mixin.py:188} INFO - [2024-02-24T13:12:10.346-0600] {dag.py:3823} INFO - Setting next_dagrun for dataset_consumes_1 to None, run_after=None
[2024-02-24T13:12:10.347-0600] {logging_mixin.py:188} INFO - [2024-02-24T13:12:10.347-0600] {dag.py:3823} INFO - Setting next_dagrun for dataset_consumes_1_and_2 to None, run_after=None
[2024-02-24T13:12:10.347-0600] {logging_mixin.py:188} INFO - [2024-02-24T13:12:10.347-0600] {dag.py:3823} INFO - Setting next_dagrun for dataset_consumes_1_never_scheduled to None, run_after=None
[2024-02-24T13:12:10.348-0600] {logging_mixin.py:188} INFO - [2024-02-24T13:12:10.348-0600] {dag.py:3823} INFO - Setting next_dagrun for dataset_consumes_unknown_never_scheduled to None, run_after=None
[2024-02-24T13:12:10.349-0600] {logging_mixin.py:188} INFO - [2024-02-24T13:12:10.348-0600] {dag.py:3823} INFO - Setting next_dagrun for dataset_produces_1 to 2024-02-23 00:00:00+00:00, run_after=2024-02-24 00:00:00+00:00
[2024-02-24T13:12:10.349-0600] {logging_mixin.py:188} INFO - [2024-02-24T13:12:10.349-0600] {dag.py:3823} INFO - Setting next_dagrun for dataset_produces_2 to None, run_after=None
[2024-02-24T13:12:10.359-0600] {processor.py:183} INFO - Processing /Users/vamseekrishna/Desktop/F1_Data_Warehouse/f1datawarehouse/lib/python3.9/site-packages/airflow/example_dags/example_datasets.py took 0.075 seconds
[2024-02-24T13:14:01.569-0600] {processor.py:161} INFO - Started process (PID=78381) to work on /Users/vamseekrishna/Desktop/F1_Data_Warehouse/f1datawarehouse/lib/python3.9/site-packages/airflow/example_dags/example_datasets.py
[2024-02-24T13:14:01.570-0600] {processor.py:830} INFO - Processing file /Users/vamseekrishna/Desktop/F1_Data_Warehouse/f1datawarehouse/lib/python3.9/site-packages/airflow/example_dags/example_datasets.py for tasks to queue
[2024-02-24T13:14:01.570-0600] {logging_mixin.py:188} INFO - [2024-02-24T13:14:01.570-0600] {dagbag.py:538} INFO - Filling up the DagBag from /Users/vamseekrishna/Desktop/F1_Data_Warehouse/f1datawarehouse/lib/python3.9/site-packages/airflow/example_dags/example_datasets.py
[2024-02-24T13:14:01.575-0600] {processor.py:840} INFO - DAG(s) 'dataset_consumes_unknown_never_scheduled', 'dataset_consumes_1_never_scheduled', 'dataset_consumes_1_and_2', 'dataset_consumes_1', 'dataset_produces_1', 'dataset_produces_2' retrieved from /Users/vamseekrishna/Desktop/F1_Data_Warehouse/f1datawarehouse/lib/python3.9/site-packages/airflow/example_dags/example_datasets.py
[2024-02-24T13:14:01.625-0600] {logging_mixin.py:188} INFO - [2024-02-24T13:14:01.624-0600] {dag.py:3036} INFO - Sync 6 DAGs
[2024-02-24T13:14:01.632-0600] {logging_mixin.py:188} INFO - [2024-02-24T13:14:01.631-0600] {dag.py:3823} INFO - Setting next_dagrun for dataset_consumes_1 to None, run_after=None
[2024-02-24T13:14:01.633-0600] {logging_mixin.py:188} INFO - [2024-02-24T13:14:01.633-0600] {dag.py:3823} INFO - Setting next_dagrun for dataset_consumes_1_and_2 to None, run_after=None
[2024-02-24T13:14:01.633-0600] {logging_mixin.py:188} INFO - [2024-02-24T13:14:01.633-0600] {dag.py:3823} INFO - Setting next_dagrun for dataset_consumes_1_never_scheduled to None, run_after=None
[2024-02-24T13:14:01.634-0600] {logging_mixin.py:188} INFO - [2024-02-24T13:14:01.633-0600] {dag.py:3823} INFO - Setting next_dagrun for dataset_consumes_unknown_never_scheduled to None, run_after=None
[2024-02-24T13:14:01.634-0600] {logging_mixin.py:188} INFO - [2024-02-24T13:14:01.634-0600] {dag.py:3823} INFO - Setting next_dagrun for dataset_produces_1 to 2024-02-23 00:00:00+00:00, run_after=2024-02-24 00:00:00+00:00
[2024-02-24T13:14:01.635-0600] {logging_mixin.py:188} INFO - [2024-02-24T13:14:01.635-0600] {dag.py:3823} INFO - Setting next_dagrun for dataset_produces_2 to None, run_after=None
[2024-02-24T13:14:01.644-0600] {processor.py:183} INFO - Processing /Users/vamseekrishna/Desktop/F1_Data_Warehouse/f1datawarehouse/lib/python3.9/site-packages/airflow/example_dags/example_datasets.py took 0.076 seconds
[2024-02-24T13:15:51.383-0600] {processor.py:161} INFO - Started process (PID=78470) to work on /Users/vamseekrishna/Desktop/F1_Data_Warehouse/f1datawarehouse/lib/python3.9/site-packages/airflow/example_dags/example_datasets.py
[2024-02-24T13:15:51.385-0600] {processor.py:830} INFO - Processing file /Users/vamseekrishna/Desktop/F1_Data_Warehouse/f1datawarehouse/lib/python3.9/site-packages/airflow/example_dags/example_datasets.py for tasks to queue
[2024-02-24T13:15:51.385-0600] {logging_mixin.py:188} INFO - [2024-02-24T13:15:51.385-0600] {dagbag.py:538} INFO - Filling up the DagBag from /Users/vamseekrishna/Desktop/F1_Data_Warehouse/f1datawarehouse/lib/python3.9/site-packages/airflow/example_dags/example_datasets.py
[2024-02-24T13:15:51.390-0600] {processor.py:840} INFO - DAG(s) 'dataset_consumes_unknown_never_scheduled', 'dataset_consumes_1_and_2', 'dataset_produces_2', 'dataset_produces_1', 'dataset_consumes_1', 'dataset_consumes_1_never_scheduled' retrieved from /Users/vamseekrishna/Desktop/F1_Data_Warehouse/f1datawarehouse/lib/python3.9/site-packages/airflow/example_dags/example_datasets.py
[2024-02-24T13:15:51.437-0600] {logging_mixin.py:188} INFO - [2024-02-24T13:15:51.437-0600] {dag.py:3036} INFO - Sync 6 DAGs
[2024-02-24T13:15:51.444-0600] {logging_mixin.py:188} INFO - [2024-02-24T13:15:51.444-0600] {dag.py:3823} INFO - Setting next_dagrun for dataset_consumes_1 to None, run_after=None
[2024-02-24T13:15:51.445-0600] {logging_mixin.py:188} INFO - [2024-02-24T13:15:51.445-0600] {dag.py:3823} INFO - Setting next_dagrun for dataset_consumes_1_and_2 to None, run_after=None
[2024-02-24T13:15:51.446-0600] {logging_mixin.py:188} INFO - [2024-02-24T13:15:51.446-0600] {dag.py:3823} INFO - Setting next_dagrun for dataset_consumes_1_never_scheduled to None, run_after=None
[2024-02-24T13:15:51.446-0600] {logging_mixin.py:188} INFO - [2024-02-24T13:15:51.446-0600] {dag.py:3823} INFO - Setting next_dagrun for dataset_consumes_unknown_never_scheduled to None, run_after=None
[2024-02-24T13:15:51.447-0600] {logging_mixin.py:188} INFO - [2024-02-24T13:15:51.447-0600] {dag.py:3823} INFO - Setting next_dagrun for dataset_produces_1 to 2024-02-23 00:00:00+00:00, run_after=2024-02-24 00:00:00+00:00
[2024-02-24T13:15:51.447-0600] {logging_mixin.py:188} INFO - [2024-02-24T13:15:51.447-0600] {dag.py:3823} INFO - Setting next_dagrun for dataset_produces_2 to None, run_after=None
[2024-02-24T13:15:51.457-0600] {processor.py:183} INFO - Processing /Users/vamseekrishna/Desktop/F1_Data_Warehouse/f1datawarehouse/lib/python3.9/site-packages/airflow/example_dags/example_datasets.py took 0.075 seconds
[2024-02-24T13:17:45.236-0600] {processor.py:161} INFO - Started process (PID=78576) to work on /Users/vamseekrishna/Desktop/F1_Data_Warehouse/f1datawarehouse/lib/python3.9/site-packages/airflow/example_dags/example_datasets.py
[2024-02-24T13:17:45.238-0600] {processor.py:830} INFO - Processing file /Users/vamseekrishna/Desktop/F1_Data_Warehouse/f1datawarehouse/lib/python3.9/site-packages/airflow/example_dags/example_datasets.py for tasks to queue
[2024-02-24T13:17:45.238-0600] {logging_mixin.py:188} INFO - [2024-02-24T13:17:45.238-0600] {dagbag.py:538} INFO - Filling up the DagBag from /Users/vamseekrishna/Desktop/F1_Data_Warehouse/f1datawarehouse/lib/python3.9/site-packages/airflow/example_dags/example_datasets.py
[2024-02-24T13:17:45.243-0600] {processor.py:840} INFO - DAG(s) 'dataset_produces_1', 'dataset_consumes_1_never_scheduled', 'dataset_produces_2', 'dataset_consumes_unknown_never_scheduled', 'dataset_consumes_1_and_2', 'dataset_consumes_1' retrieved from /Users/vamseekrishna/Desktop/F1_Data_Warehouse/f1datawarehouse/lib/python3.9/site-packages/airflow/example_dags/example_datasets.py
[2024-02-24T13:17:45.291-0600] {logging_mixin.py:188} INFO - [2024-02-24T13:17:45.291-0600] {dag.py:3036} INFO - Sync 6 DAGs
[2024-02-24T13:17:45.300-0600] {logging_mixin.py:188} INFO - [2024-02-24T13:17:45.300-0600] {dag.py:3823} INFO - Setting next_dagrun for dataset_consumes_1 to None, run_after=None
[2024-02-24T13:17:45.301-0600] {logging_mixin.py:188} INFO - [2024-02-24T13:17:45.301-0600] {dag.py:3823} INFO - Setting next_dagrun for dataset_consumes_1_and_2 to None, run_after=None
[2024-02-24T13:17:45.302-0600] {logging_mixin.py:188} INFO - [2024-02-24T13:17:45.302-0600] {dag.py:3823} INFO - Setting next_dagrun for dataset_consumes_1_never_scheduled to None, run_after=None
[2024-02-24T13:17:45.302-0600] {logging_mixin.py:188} INFO - [2024-02-24T13:17:45.302-0600] {dag.py:3823} INFO - Setting next_dagrun for dataset_consumes_unknown_never_scheduled to None, run_after=None
[2024-02-24T13:17:45.303-0600] {logging_mixin.py:188} INFO - [2024-02-24T13:17:45.303-0600] {dag.py:3823} INFO - Setting next_dagrun for dataset_produces_1 to 2024-02-23 00:00:00+00:00, run_after=2024-02-24 00:00:00+00:00
[2024-02-24T13:17:45.303-0600] {logging_mixin.py:188} INFO - [2024-02-24T13:17:45.303-0600] {dag.py:3823} INFO - Setting next_dagrun for dataset_produces_2 to None, run_after=None
[2024-02-24T13:17:45.314-0600] {processor.py:183} INFO - Processing /Users/vamseekrishna/Desktop/F1_Data_Warehouse/f1datawarehouse/lib/python3.9/site-packages/airflow/example_dags/example_datasets.py took 0.078 seconds
[2024-02-24T13:19:35.870-0600] {processor.py:161} INFO - Started process (PID=78664) to work on /Users/vamseekrishna/Desktop/F1_Data_Warehouse/f1datawarehouse/lib/python3.9/site-packages/airflow/example_dags/example_datasets.py
[2024-02-24T13:19:35.872-0600] {processor.py:830} INFO - Processing file /Users/vamseekrishna/Desktop/F1_Data_Warehouse/f1datawarehouse/lib/python3.9/site-packages/airflow/example_dags/example_datasets.py for tasks to queue
[2024-02-24T13:19:35.872-0600] {logging_mixin.py:188} INFO - [2024-02-24T13:19:35.872-0600] {dagbag.py:538} INFO - Filling up the DagBag from /Users/vamseekrishna/Desktop/F1_Data_Warehouse/f1datawarehouse/lib/python3.9/site-packages/airflow/example_dags/example_datasets.py
[2024-02-24T13:19:35.877-0600] {processor.py:840} INFO - DAG(s) 'dataset_consumes_unknown_never_scheduled', 'dataset_consumes_1_never_scheduled', 'dataset_consumes_1', 'dataset_produces_2', 'dataset_consumes_1_and_2', 'dataset_produces_1' retrieved from /Users/vamseekrishna/Desktop/F1_Data_Warehouse/f1datawarehouse/lib/python3.9/site-packages/airflow/example_dags/example_datasets.py
[2024-02-24T13:19:35.925-0600] {logging_mixin.py:188} INFO - [2024-02-24T13:19:35.924-0600] {dag.py:3036} INFO - Sync 6 DAGs
[2024-02-24T13:19:35.932-0600] {logging_mixin.py:188} INFO - [2024-02-24T13:19:35.931-0600] {dag.py:3823} INFO - Setting next_dagrun for dataset_consumes_1 to None, run_after=None
[2024-02-24T13:19:35.933-0600] {logging_mixin.py:188} INFO - [2024-02-24T13:19:35.933-0600] {dag.py:3823} INFO - Setting next_dagrun for dataset_consumes_1_and_2 to None, run_after=None
[2024-02-24T13:19:35.933-0600] {logging_mixin.py:188} INFO - [2024-02-24T13:19:35.933-0600] {dag.py:3823} INFO - Setting next_dagrun for dataset_consumes_1_never_scheduled to None, run_after=None
[2024-02-24T13:19:35.933-0600] {logging_mixin.py:188} INFO - [2024-02-24T13:19:35.933-0600] {dag.py:3823} INFO - Setting next_dagrun for dataset_consumes_unknown_never_scheduled to None, run_after=None
[2024-02-24T13:19:35.934-0600] {logging_mixin.py:188} INFO - [2024-02-24T13:19:35.934-0600] {dag.py:3823} INFO - Setting next_dagrun for dataset_produces_1 to 2024-02-23 00:00:00+00:00, run_after=2024-02-24 00:00:00+00:00
[2024-02-24T13:19:35.935-0600] {logging_mixin.py:188} INFO - [2024-02-24T13:19:35.934-0600] {dag.py:3823} INFO - Setting next_dagrun for dataset_produces_2 to None, run_after=None
[2024-02-24T13:19:35.944-0600] {processor.py:183} INFO - Processing /Users/vamseekrishna/Desktop/F1_Data_Warehouse/f1datawarehouse/lib/python3.9/site-packages/airflow/example_dags/example_datasets.py took 0.075 seconds
[2024-02-24T13:21:21.572-0600] {processor.py:161} INFO - Started process (PID=78743) to work on /Users/vamseekrishna/Desktop/F1_Data_Warehouse/f1datawarehouse/lib/python3.9/site-packages/airflow/example_dags/example_datasets.py
[2024-02-24T13:21:21.574-0600] {processor.py:830} INFO - Processing file /Users/vamseekrishna/Desktop/F1_Data_Warehouse/f1datawarehouse/lib/python3.9/site-packages/airflow/example_dags/example_datasets.py for tasks to queue
[2024-02-24T13:21:21.574-0600] {logging_mixin.py:188} INFO - [2024-02-24T13:21:21.574-0600] {dagbag.py:538} INFO - Filling up the DagBag from /Users/vamseekrishna/Desktop/F1_Data_Warehouse/f1datawarehouse/lib/python3.9/site-packages/airflow/example_dags/example_datasets.py
[2024-02-24T13:21:21.579-0600] {processor.py:840} INFO - DAG(s) 'dataset_consumes_1_never_scheduled', 'dataset_consumes_1_and_2', 'dataset_produces_1', 'dataset_produces_2', 'dataset_consumes_1', 'dataset_consumes_unknown_never_scheduled' retrieved from /Users/vamseekrishna/Desktop/F1_Data_Warehouse/f1datawarehouse/lib/python3.9/site-packages/airflow/example_dags/example_datasets.py
[2024-02-24T13:21:21.628-0600] {logging_mixin.py:188} INFO - [2024-02-24T13:21:21.628-0600] {dag.py:3036} INFO - Sync 6 DAGs
[2024-02-24T13:21:21.635-0600] {logging_mixin.py:188} INFO - [2024-02-24T13:21:21.635-0600] {dag.py:3823} INFO - Setting next_dagrun for dataset_consumes_1 to None, run_after=None
[2024-02-24T13:21:21.636-0600] {logging_mixin.py:188} INFO - [2024-02-24T13:21:21.636-0600] {dag.py:3823} INFO - Setting next_dagrun for dataset_consumes_1_and_2 to None, run_after=None
[2024-02-24T13:21:21.637-0600] {logging_mixin.py:188} INFO - [2024-02-24T13:21:21.637-0600] {dag.py:3823} INFO - Setting next_dagrun for dataset_consumes_1_never_scheduled to None, run_after=None
[2024-02-24T13:21:21.637-0600] {logging_mixin.py:188} INFO - [2024-02-24T13:21:21.637-0600] {dag.py:3823} INFO - Setting next_dagrun for dataset_consumes_unknown_never_scheduled to None, run_after=None
[2024-02-24T13:21:21.638-0600] {logging_mixin.py:188} INFO - [2024-02-24T13:21:21.638-0600] {dag.py:3823} INFO - Setting next_dagrun for dataset_produces_1 to 2024-02-23 00:00:00+00:00, run_after=2024-02-24 00:00:00+00:00
[2024-02-24T13:21:21.638-0600] {logging_mixin.py:188} INFO - [2024-02-24T13:21:21.638-0600] {dag.py:3823} INFO - Setting next_dagrun for dataset_produces_2 to None, run_after=None
[2024-02-24T13:21:21.648-0600] {processor.py:183} INFO - Processing /Users/vamseekrishna/Desktop/F1_Data_Warehouse/f1datawarehouse/lib/python3.9/site-packages/airflow/example_dags/example_datasets.py took 0.076 seconds
[2024-02-24T13:23:18.090-0600] {processor.py:161} INFO - Started process (PID=78871) to work on /Users/vamseekrishna/Desktop/F1_Data_Warehouse/f1datawarehouse/lib/python3.9/site-packages/airflow/example_dags/example_datasets.py
[2024-02-24T13:23:18.092-0600] {processor.py:830} INFO - Processing file /Users/vamseekrishna/Desktop/F1_Data_Warehouse/f1datawarehouse/lib/python3.9/site-packages/airflow/example_dags/example_datasets.py for tasks to queue
[2024-02-24T13:23:18.092-0600] {logging_mixin.py:188} INFO - [2024-02-24T13:23:18.092-0600] {dagbag.py:538} INFO - Filling up the DagBag from /Users/vamseekrishna/Desktop/F1_Data_Warehouse/f1datawarehouse/lib/python3.9/site-packages/airflow/example_dags/example_datasets.py
[2024-02-24T13:23:18.097-0600] {processor.py:840} INFO - DAG(s) 'dataset_consumes_unknown_never_scheduled', 'dataset_produces_2', 'dataset_produces_1', 'dataset_consumes_1_never_scheduled', 'dataset_consumes_1', 'dataset_consumes_1_and_2' retrieved from /Users/vamseekrishna/Desktop/F1_Data_Warehouse/f1datawarehouse/lib/python3.9/site-packages/airflow/example_dags/example_datasets.py
[2024-02-24T13:23:18.146-0600] {logging_mixin.py:188} INFO - [2024-02-24T13:23:18.146-0600] {dag.py:3036} INFO - Sync 6 DAGs
[2024-02-24T13:23:18.153-0600] {logging_mixin.py:188} INFO - [2024-02-24T13:23:18.153-0600] {dag.py:3823} INFO - Setting next_dagrun for dataset_consumes_1 to None, run_after=None
[2024-02-24T13:23:18.155-0600] {logging_mixin.py:188} INFO - [2024-02-24T13:23:18.154-0600] {dag.py:3823} INFO - Setting next_dagrun for dataset_consumes_1_and_2 to None, run_after=None
[2024-02-24T13:23:18.155-0600] {logging_mixin.py:188} INFO - [2024-02-24T13:23:18.155-0600] {dag.py:3823} INFO - Setting next_dagrun for dataset_consumes_1_never_scheduled to None, run_after=None
[2024-02-24T13:23:18.155-0600] {logging_mixin.py:188} INFO - [2024-02-24T13:23:18.155-0600] {dag.py:3823} INFO - Setting next_dagrun for dataset_consumes_unknown_never_scheduled to None, run_after=None
[2024-02-24T13:23:18.156-0600] {logging_mixin.py:188} INFO - [2024-02-24T13:23:18.156-0600] {dag.py:3823} INFO - Setting next_dagrun for dataset_produces_1 to 2024-02-23 00:00:00+00:00, run_after=2024-02-24 00:00:00+00:00
[2024-02-24T13:23:18.156-0600] {logging_mixin.py:188} INFO - [2024-02-24T13:23:18.156-0600] {dag.py:3823} INFO - Setting next_dagrun for dataset_produces_2 to None, run_after=None
[2024-02-24T13:23:18.166-0600] {processor.py:183} INFO - Processing /Users/vamseekrishna/Desktop/F1_Data_Warehouse/f1datawarehouse/lib/python3.9/site-packages/airflow/example_dags/example_datasets.py took 0.076 seconds
[2024-02-24T13:25:11.615-0600] {processor.py:161} INFO - Started process (PID=78960) to work on /Users/vamseekrishna/Desktop/F1_Data_Warehouse/f1datawarehouse/lib/python3.9/site-packages/airflow/example_dags/example_datasets.py
[2024-02-24T13:25:11.617-0600] {processor.py:830} INFO - Processing file /Users/vamseekrishna/Desktop/F1_Data_Warehouse/f1datawarehouse/lib/python3.9/site-packages/airflow/example_dags/example_datasets.py for tasks to queue
[2024-02-24T13:25:11.617-0600] {logging_mixin.py:188} INFO - [2024-02-24T13:25:11.617-0600] {dagbag.py:538} INFO - Filling up the DagBag from /Users/vamseekrishna/Desktop/F1_Data_Warehouse/f1datawarehouse/lib/python3.9/site-packages/airflow/example_dags/example_datasets.py
[2024-02-24T13:25:11.622-0600] {processor.py:840} INFO - DAG(s) 'dataset_produces_1', 'dataset_consumes_1', 'dataset_produces_2', 'dataset_consumes_unknown_never_scheduled', 'dataset_consumes_1_never_scheduled', 'dataset_consumes_1_and_2' retrieved from /Users/vamseekrishna/Desktop/F1_Data_Warehouse/f1datawarehouse/lib/python3.9/site-packages/airflow/example_dags/example_datasets.py
[2024-02-24T13:25:11.674-0600] {logging_mixin.py:188} INFO - [2024-02-24T13:25:11.674-0600] {dag.py:3036} INFO - Sync 6 DAGs
[2024-02-24T13:25:11.683-0600] {logging_mixin.py:188} INFO - [2024-02-24T13:25:11.683-0600] {dag.py:3823} INFO - Setting next_dagrun for dataset_consumes_1 to None, run_after=None
[2024-02-24T13:25:11.684-0600] {logging_mixin.py:188} INFO - [2024-02-24T13:25:11.684-0600] {dag.py:3823} INFO - Setting next_dagrun for dataset_consumes_1_and_2 to None, run_after=None
[2024-02-24T13:25:11.684-0600] {logging_mixin.py:188} INFO - [2024-02-24T13:25:11.684-0600] {dag.py:3823} INFO - Setting next_dagrun for dataset_consumes_1_never_scheduled to None, run_after=None
[2024-02-24T13:25:11.685-0600] {logging_mixin.py:188} INFO - [2024-02-24T13:25:11.685-0600] {dag.py:3823} INFO - Setting next_dagrun for dataset_consumes_unknown_never_scheduled to None, run_after=None
[2024-02-24T13:25:11.686-0600] {logging_mixin.py:188} INFO - [2024-02-24T13:25:11.685-0600] {dag.py:3823} INFO - Setting next_dagrun for dataset_produces_1 to 2024-02-23 00:00:00+00:00, run_after=2024-02-24 00:00:00+00:00
[2024-02-24T13:25:11.686-0600] {logging_mixin.py:188} INFO - [2024-02-24T13:25:11.686-0600] {dag.py:3823} INFO - Setting next_dagrun for dataset_produces_2 to None, run_after=None
[2024-02-24T13:25:11.695-0600] {processor.py:183} INFO - Processing /Users/vamseekrishna/Desktop/F1_Data_Warehouse/f1datawarehouse/lib/python3.9/site-packages/airflow/example_dags/example_datasets.py took 0.081 seconds
[2024-02-24T13:27:03.478-0600] {processor.py:161} INFO - Started process (PID=79082) to work on /Users/vamseekrishna/Desktop/F1_Data_Warehouse/f1datawarehouse/lib/python3.9/site-packages/airflow/example_dags/example_datasets.py
[2024-02-24T13:27:03.479-0600] {processor.py:830} INFO - Processing file /Users/vamseekrishna/Desktop/F1_Data_Warehouse/f1datawarehouse/lib/python3.9/site-packages/airflow/example_dags/example_datasets.py for tasks to queue
[2024-02-24T13:27:03.480-0600] {logging_mixin.py:188} INFO - [2024-02-24T13:27:03.480-0600] {dagbag.py:538} INFO - Filling up the DagBag from /Users/vamseekrishna/Desktop/F1_Data_Warehouse/f1datawarehouse/lib/python3.9/site-packages/airflow/example_dags/example_datasets.py
[2024-02-24T13:27:03.484-0600] {processor.py:840} INFO - DAG(s) 'dataset_produces_2', 'dataset_consumes_1_and_2', 'dataset_produces_1', 'dataset_consumes_1_never_scheduled', 'dataset_consumes_unknown_never_scheduled', 'dataset_consumes_1' retrieved from /Users/vamseekrishna/Desktop/F1_Data_Warehouse/f1datawarehouse/lib/python3.9/site-packages/airflow/example_dags/example_datasets.py
[2024-02-24T13:27:03.532-0600] {logging_mixin.py:188} INFO - [2024-02-24T13:27:03.532-0600] {dag.py:3036} INFO - Sync 6 DAGs
[2024-02-24T13:27:03.539-0600] {logging_mixin.py:188} INFO - [2024-02-24T13:27:03.539-0600] {dag.py:3823} INFO - Setting next_dagrun for dataset_consumes_1 to None, run_after=None
[2024-02-24T13:27:03.540-0600] {logging_mixin.py:188} INFO - [2024-02-24T13:27:03.540-0600] {dag.py:3823} INFO - Setting next_dagrun for dataset_consumes_1_and_2 to None, run_after=None
[2024-02-24T13:27:03.541-0600] {logging_mixin.py:188} INFO - [2024-02-24T13:27:03.541-0600] {dag.py:3823} INFO - Setting next_dagrun for dataset_consumes_1_never_scheduled to None, run_after=None
[2024-02-24T13:27:03.541-0600] {logging_mixin.py:188} INFO - [2024-02-24T13:27:03.541-0600] {dag.py:3823} INFO - Setting next_dagrun for dataset_consumes_unknown_never_scheduled to None, run_after=None
[2024-02-24T13:27:03.542-0600] {logging_mixin.py:188} INFO - [2024-02-24T13:27:03.542-0600] {dag.py:3823} INFO - Setting next_dagrun for dataset_produces_1 to 2024-02-23 00:00:00+00:00, run_after=2024-02-24 00:00:00+00:00
[2024-02-24T13:27:03.542-0600] {logging_mixin.py:188} INFO - [2024-02-24T13:27:03.542-0600] {dag.py:3823} INFO - Setting next_dagrun for dataset_produces_2 to None, run_after=None
[2024-02-24T13:27:03.552-0600] {processor.py:183} INFO - Processing /Users/vamseekrishna/Desktop/F1_Data_Warehouse/f1datawarehouse/lib/python3.9/site-packages/airflow/example_dags/example_datasets.py took 0.075 seconds
[2024-02-24T13:28:46.069-0600] {processor.py:161} INFO - Started process (PID=79185) to work on /Users/vamseekrishna/Desktop/F1_Data_Warehouse/f1datawarehouse/lib/python3.9/site-packages/airflow/example_dags/example_datasets.py
[2024-02-24T13:28:46.070-0600] {processor.py:830} INFO - Processing file /Users/vamseekrishna/Desktop/F1_Data_Warehouse/f1datawarehouse/lib/python3.9/site-packages/airflow/example_dags/example_datasets.py for tasks to queue
[2024-02-24T13:28:46.071-0600] {logging_mixin.py:188} INFO - [2024-02-24T13:28:46.071-0600] {dagbag.py:538} INFO - Filling up the DagBag from /Users/vamseekrishna/Desktop/F1_Data_Warehouse/f1datawarehouse/lib/python3.9/site-packages/airflow/example_dags/example_datasets.py
[2024-02-24T13:28:46.076-0600] {processor.py:840} INFO - DAG(s) 'dataset_consumes_1_and_2', 'dataset_produces_2', 'dataset_consumes_1_never_scheduled', 'dataset_consumes_unknown_never_scheduled', 'dataset_produces_1', 'dataset_consumes_1' retrieved from /Users/vamseekrishna/Desktop/F1_Data_Warehouse/f1datawarehouse/lib/python3.9/site-packages/airflow/example_dags/example_datasets.py
[2024-02-24T13:28:46.128-0600] {logging_mixin.py:188} INFO - [2024-02-24T13:28:46.128-0600] {dag.py:3036} INFO - Sync 6 DAGs
[2024-02-24T13:28:46.135-0600] {logging_mixin.py:188} INFO - [2024-02-24T13:28:46.135-0600] {dag.py:3823} INFO - Setting next_dagrun for dataset_consumes_1 to None, run_after=None
[2024-02-24T13:28:46.136-0600] {logging_mixin.py:188} INFO - [2024-02-24T13:28:46.136-0600] {dag.py:3823} INFO - Setting next_dagrun for dataset_consumes_1_and_2 to None, run_after=None
[2024-02-24T13:28:46.137-0600] {logging_mixin.py:188} INFO - [2024-02-24T13:28:46.137-0600] {dag.py:3823} INFO - Setting next_dagrun for dataset_consumes_1_never_scheduled to None, run_after=None
[2024-02-24T13:28:46.137-0600] {logging_mixin.py:188} INFO - [2024-02-24T13:28:46.137-0600] {dag.py:3823} INFO - Setting next_dagrun for dataset_consumes_unknown_never_scheduled to None, run_after=None
[2024-02-24T13:28:46.138-0600] {logging_mixin.py:188} INFO - [2024-02-24T13:28:46.138-0600] {dag.py:3823} INFO - Setting next_dagrun for dataset_produces_1 to 2024-02-23 00:00:00+00:00, run_after=2024-02-24 00:00:00+00:00
[2024-02-24T13:28:46.139-0600] {logging_mixin.py:188} INFO - [2024-02-24T13:28:46.138-0600] {dag.py:3823} INFO - Setting next_dagrun for dataset_produces_2 to None, run_after=None
[2024-02-24T13:28:46.161-0600] {processor.py:183} INFO - Processing /Users/vamseekrishna/Desktop/F1_Data_Warehouse/f1datawarehouse/lib/python3.9/site-packages/airflow/example_dags/example_datasets.py took 0.093 seconds
[2024-02-24T13:30:38.761-0600] {processor.py:161} INFO - Started process (PID=79473) to work on /Users/vamseekrishna/Desktop/F1_Data_Warehouse/f1datawarehouse/lib/python3.9/site-packages/airflow/example_dags/example_datasets.py
[2024-02-24T13:30:38.763-0600] {processor.py:830} INFO - Processing file /Users/vamseekrishna/Desktop/F1_Data_Warehouse/f1datawarehouse/lib/python3.9/site-packages/airflow/example_dags/example_datasets.py for tasks to queue
[2024-02-24T13:30:38.764-0600] {logging_mixin.py:188} INFO - [2024-02-24T13:30:38.764-0600] {dagbag.py:538} INFO - Filling up the DagBag from /Users/vamseekrishna/Desktop/F1_Data_Warehouse/f1datawarehouse/lib/python3.9/site-packages/airflow/example_dags/example_datasets.py
[2024-02-24T13:30:38.768-0600] {processor.py:840} INFO - DAG(s) 'dataset_consumes_1', 'dataset_produces_2', 'dataset_consumes_1_and_2', 'dataset_produces_1', 'dataset_consumes_1_never_scheduled', 'dataset_consumes_unknown_never_scheduled' retrieved from /Users/vamseekrishna/Desktop/F1_Data_Warehouse/f1datawarehouse/lib/python3.9/site-packages/airflow/example_dags/example_datasets.py
[2024-02-24T13:30:38.816-0600] {logging_mixin.py:188} INFO - [2024-02-24T13:30:38.816-0600] {dag.py:3036} INFO - Sync 6 DAGs
[2024-02-24T13:30:38.823-0600] {logging_mixin.py:188} INFO - [2024-02-24T13:30:38.823-0600] {dag.py:3823} INFO - Setting next_dagrun for dataset_consumes_1 to None, run_after=None
[2024-02-24T13:30:38.824-0600] {logging_mixin.py:188} INFO - [2024-02-24T13:30:38.824-0600] {dag.py:3823} INFO - Setting next_dagrun for dataset_consumes_1_and_2 to None, run_after=None
[2024-02-24T13:30:38.825-0600] {logging_mixin.py:188} INFO - [2024-02-24T13:30:38.825-0600] {dag.py:3823} INFO - Setting next_dagrun for dataset_consumes_1_never_scheduled to None, run_after=None
[2024-02-24T13:30:38.825-0600] {logging_mixin.py:188} INFO - [2024-02-24T13:30:38.825-0600] {dag.py:3823} INFO - Setting next_dagrun for dataset_consumes_unknown_never_scheduled to None, run_after=None
[2024-02-24T13:30:38.826-0600] {logging_mixin.py:188} INFO - [2024-02-24T13:30:38.826-0600] {dag.py:3823} INFO - Setting next_dagrun for dataset_produces_1 to 2024-02-23 00:00:00+00:00, run_after=2024-02-24 00:00:00+00:00
[2024-02-24T13:30:38.826-0600] {logging_mixin.py:188} INFO - [2024-02-24T13:30:38.826-0600] {dag.py:3823} INFO - Setting next_dagrun for dataset_produces_2 to None, run_after=None
[2024-02-24T13:30:38.836-0600] {processor.py:183} INFO - Processing /Users/vamseekrishna/Desktop/F1_Data_Warehouse/f1datawarehouse/lib/python3.9/site-packages/airflow/example_dags/example_datasets.py took 0.075 seconds
