[2024-02-24T11:48:12.552-0600] {processor.py:161} INFO - Started process (PID=75001) to work on /Users/vamseekrishna/Desktop/F1_Data_Warehouse/f1datawarehouse/lib/python3.9/site-packages/airflow/example_dags/example_nested_branch_dag.py
[2024-02-24T11:48:12.554-0600] {processor.py:830} INFO - Processing file /Users/vamseekrishna/Desktop/F1_Data_Warehouse/f1datawarehouse/lib/python3.9/site-packages/airflow/example_dags/example_nested_branch_dag.py for tasks to queue
[2024-02-24T11:48:12.554-0600] {logging_mixin.py:188} INFO - [2024-02-24T11:48:12.554-0600] {dagbag.py:538} INFO - Filling up the DagBag from /Users/vamseekrishna/Desktop/F1_Data_Warehouse/f1datawarehouse/lib/python3.9/site-packages/airflow/example_dags/example_nested_branch_dag.py
[2024-02-24T11:48:12.573-0600] {processor.py:840} INFO - DAG(s) 'example_nested_branch_dag' retrieved from /Users/vamseekrishna/Desktop/F1_Data_Warehouse/f1datawarehouse/lib/python3.9/site-packages/airflow/example_dags/example_nested_branch_dag.py
[2024-02-24T11:48:12.659-0600] {logging_mixin.py:188} INFO - [2024-02-24T11:48:12.659-0600] {override.py:1769} INFO - Created Permission View: can delete on DAG:example_nested_branch_dag
[2024-02-24T11:48:12.663-0600] {logging_mixin.py:188} INFO - [2024-02-24T11:48:12.662-0600] {override.py:1769} INFO - Created Permission View: can read on DAG:example_nested_branch_dag
[2024-02-24T11:48:12.665-0600] {logging_mixin.py:188} INFO - [2024-02-24T11:48:12.665-0600] {override.py:1769} INFO - Created Permission View: can edit on DAG:example_nested_branch_dag
[2024-02-24T11:48:12.665-0600] {logging_mixin.py:188} INFO - [2024-02-24T11:48:12.665-0600] {dag.py:3036} INFO - Sync 1 DAGs
[2024-02-24T11:48:12.669-0600] {logging_mixin.py:188} INFO - [2024-02-24T11:48:12.669-0600] {dag.py:3058} INFO - Creating ORM DAG for example_nested_branch_dag
[2024-02-24T11:48:12.673-0600] {logging_mixin.py:188} INFO - [2024-02-24T11:48:12.673-0600] {dag.py:3823} INFO - Setting next_dagrun for example_nested_branch_dag to 2024-02-23 00:00:00+00:00, run_after=2024-02-24 00:00:00+00:00
[2024-02-24T11:48:12.680-0600] {processor.py:183} INFO - Processing /Users/vamseekrishna/Desktop/F1_Data_Warehouse/f1datawarehouse/lib/python3.9/site-packages/airflow/example_dags/example_nested_branch_dag.py took 0.128 seconds
[2024-02-24T11:49:41.059-0600] {processor.py:161} INFO - Started process (PID=75165) to work on /Users/vamseekrishna/Desktop/F1_Data_Warehouse/f1datawarehouse/lib/python3.9/site-packages/airflow/example_dags/example_nested_branch_dag.py
[2024-02-24T11:49:41.061-0600] {processor.py:830} INFO - Processing file /Users/vamseekrishna/Desktop/F1_Data_Warehouse/f1datawarehouse/lib/python3.9/site-packages/airflow/example_dags/example_nested_branch_dag.py for tasks to queue
[2024-02-24T11:49:41.061-0600] {logging_mixin.py:188} INFO - [2024-02-24T11:49:41.061-0600] {dagbag.py:538} INFO - Filling up the DagBag from /Users/vamseekrishna/Desktop/F1_Data_Warehouse/f1datawarehouse/lib/python3.9/site-packages/airflow/example_dags/example_nested_branch_dag.py
[2024-02-24T11:49:41.078-0600] {processor.py:840} INFO - DAG(s) 'example_nested_branch_dag' retrieved from /Users/vamseekrishna/Desktop/F1_Data_Warehouse/f1datawarehouse/lib/python3.9/site-packages/airflow/example_dags/example_nested_branch_dag.py
[2024-02-24T11:49:41.131-0600] {logging_mixin.py:188} INFO - [2024-02-24T11:49:41.130-0600] {dag.py:3036} INFO - Sync 1 DAGs
[2024-02-24T11:49:41.138-0600] {logging_mixin.py:188} INFO - [2024-02-24T11:49:41.138-0600] {dag.py:3823} INFO - Setting next_dagrun for example_nested_branch_dag to 2024-02-23 00:00:00+00:00, run_after=2024-02-24 00:00:00+00:00
[2024-02-24T11:49:41.148-0600] {processor.py:183} INFO - Processing /Users/vamseekrishna/Desktop/F1_Data_Warehouse/f1datawarehouse/lib/python3.9/site-packages/airflow/example_dags/example_nested_branch_dag.py took 0.090 seconds
[2024-02-24T11:51:56.108-0600] {processor.py:161} INFO - Started process (PID=75377) to work on /Users/vamseekrishna/Desktop/F1_Data_Warehouse/f1datawarehouse/lib/python3.9/site-packages/airflow/example_dags/example_nested_branch_dag.py
[2024-02-24T11:51:56.124-0600] {processor.py:830} INFO - Processing file /Users/vamseekrishna/Desktop/F1_Data_Warehouse/f1datawarehouse/lib/python3.9/site-packages/airflow/example_dags/example_nested_branch_dag.py for tasks to queue
[2024-02-24T11:51:56.125-0600] {logging_mixin.py:188} INFO - [2024-02-24T11:51:56.125-0600] {dagbag.py:538} INFO - Filling up the DagBag from /Users/vamseekrishna/Desktop/F1_Data_Warehouse/f1datawarehouse/lib/python3.9/site-packages/airflow/example_dags/example_nested_branch_dag.py
[2024-02-24T11:51:56.171-0600] {processor.py:840} INFO - DAG(s) 'example_nested_branch_dag' retrieved from /Users/vamseekrishna/Desktop/F1_Data_Warehouse/f1datawarehouse/lib/python3.9/site-packages/airflow/example_dags/example_nested_branch_dag.py
[2024-02-24T11:51:56.231-0600] {logging_mixin.py:188} INFO - [2024-02-24T11:51:56.231-0600] {dag.py:3036} INFO - Sync 1 DAGs
[2024-02-24T11:51:56.241-0600] {logging_mixin.py:188} INFO - [2024-02-24T11:51:56.241-0600] {dag.py:3823} INFO - Setting next_dagrun for example_nested_branch_dag to 2024-02-23 00:00:00+00:00, run_after=2024-02-24 00:00:00+00:00
[2024-02-24T11:51:56.251-0600] {processor.py:183} INFO - Processing /Users/vamseekrishna/Desktop/F1_Data_Warehouse/f1datawarehouse/lib/python3.9/site-packages/airflow/example_dags/example_nested_branch_dag.py took 0.174 seconds
[2024-02-24T11:54:07.421-0600] {processor.py:161} INFO - Started process (PID=75515) to work on /Users/vamseekrishna/Desktop/F1_Data_Warehouse/f1datawarehouse/lib/python3.9/site-packages/airflow/example_dags/example_nested_branch_dag.py
[2024-02-24T11:54:07.423-0600] {processor.py:830} INFO - Processing file /Users/vamseekrishna/Desktop/F1_Data_Warehouse/f1datawarehouse/lib/python3.9/site-packages/airflow/example_dags/example_nested_branch_dag.py for tasks to queue
[2024-02-24T11:54:07.424-0600] {logging_mixin.py:188} INFO - [2024-02-24T11:54:07.423-0600] {dagbag.py:538} INFO - Filling up the DagBag from /Users/vamseekrishna/Desktop/F1_Data_Warehouse/f1datawarehouse/lib/python3.9/site-packages/airflow/example_dags/example_nested_branch_dag.py
[2024-02-24T11:54:07.443-0600] {processor.py:840} INFO - DAG(s) 'example_nested_branch_dag' retrieved from /Users/vamseekrishna/Desktop/F1_Data_Warehouse/f1datawarehouse/lib/python3.9/site-packages/airflow/example_dags/example_nested_branch_dag.py
[2024-02-24T11:54:07.490-0600] {logging_mixin.py:188} INFO - [2024-02-24T11:54:07.490-0600] {dag.py:3036} INFO - Sync 1 DAGs
[2024-02-24T11:54:07.499-0600] {logging_mixin.py:188} INFO - [2024-02-24T11:54:07.499-0600] {dag.py:3823} INFO - Setting next_dagrun for example_nested_branch_dag to 2024-02-23 00:00:00+00:00, run_after=2024-02-24 00:00:00+00:00
[2024-02-24T11:54:07.507-0600] {processor.py:183} INFO - Processing /Users/vamseekrishna/Desktop/F1_Data_Warehouse/f1datawarehouse/lib/python3.9/site-packages/airflow/example_dags/example_nested_branch_dag.py took 0.087 seconds
[2024-02-24T11:55:58.329-0600] {processor.py:161} INFO - Started process (PID=75607) to work on /Users/vamseekrishna/Desktop/F1_Data_Warehouse/f1datawarehouse/lib/python3.9/site-packages/airflow/example_dags/example_nested_branch_dag.py
[2024-02-24T11:55:58.331-0600] {processor.py:830} INFO - Processing file /Users/vamseekrishna/Desktop/F1_Data_Warehouse/f1datawarehouse/lib/python3.9/site-packages/airflow/example_dags/example_nested_branch_dag.py for tasks to queue
[2024-02-24T11:55:58.332-0600] {logging_mixin.py:188} INFO - [2024-02-24T11:55:58.331-0600] {dagbag.py:538} INFO - Filling up the DagBag from /Users/vamseekrishna/Desktop/F1_Data_Warehouse/f1datawarehouse/lib/python3.9/site-packages/airflow/example_dags/example_nested_branch_dag.py
[2024-02-24T11:55:58.348-0600] {processor.py:840} INFO - DAG(s) 'example_nested_branch_dag' retrieved from /Users/vamseekrishna/Desktop/F1_Data_Warehouse/f1datawarehouse/lib/python3.9/site-packages/airflow/example_dags/example_nested_branch_dag.py
[2024-02-24T11:55:58.395-0600] {logging_mixin.py:188} INFO - [2024-02-24T11:55:58.395-0600] {dag.py:3036} INFO - Sync 1 DAGs
[2024-02-24T11:55:58.402-0600] {logging_mixin.py:188} INFO - [2024-02-24T11:55:58.402-0600] {dag.py:3823} INFO - Setting next_dagrun for example_nested_branch_dag to 2024-02-23 00:00:00+00:00, run_after=2024-02-24 00:00:00+00:00
[2024-02-24T11:55:58.411-0600] {processor.py:183} INFO - Processing /Users/vamseekrishna/Desktop/F1_Data_Warehouse/f1datawarehouse/lib/python3.9/site-packages/airflow/example_dags/example_nested_branch_dag.py took 0.082 seconds
[2024-02-24T11:57:57.563-0600] {processor.py:161} INFO - Started process (PID=75701) to work on /Users/vamseekrishna/Desktop/F1_Data_Warehouse/f1datawarehouse/lib/python3.9/site-packages/airflow/example_dags/example_nested_branch_dag.py
[2024-02-24T11:57:57.566-0600] {processor.py:830} INFO - Processing file /Users/vamseekrishna/Desktop/F1_Data_Warehouse/f1datawarehouse/lib/python3.9/site-packages/airflow/example_dags/example_nested_branch_dag.py for tasks to queue
[2024-02-24T11:57:57.566-0600] {logging_mixin.py:188} INFO - [2024-02-24T11:57:57.566-0600] {dagbag.py:538} INFO - Filling up the DagBag from /Users/vamseekrishna/Desktop/F1_Data_Warehouse/f1datawarehouse/lib/python3.9/site-packages/airflow/example_dags/example_nested_branch_dag.py
[2024-02-24T11:57:57.584-0600] {processor.py:840} INFO - DAG(s) 'example_nested_branch_dag' retrieved from /Users/vamseekrishna/Desktop/F1_Data_Warehouse/f1datawarehouse/lib/python3.9/site-packages/airflow/example_dags/example_nested_branch_dag.py
[2024-02-24T11:57:57.632-0600] {logging_mixin.py:188} INFO - [2024-02-24T11:57:57.632-0600] {dag.py:3036} INFO - Sync 1 DAGs
[2024-02-24T11:57:57.640-0600] {logging_mixin.py:188} INFO - [2024-02-24T11:57:57.640-0600] {dag.py:3823} INFO - Setting next_dagrun for example_nested_branch_dag to 2024-02-23 00:00:00+00:00, run_after=2024-02-24 00:00:00+00:00
[2024-02-24T11:57:57.648-0600] {processor.py:183} INFO - Processing /Users/vamseekrishna/Desktop/F1_Data_Warehouse/f1datawarehouse/lib/python3.9/site-packages/airflow/example_dags/example_nested_branch_dag.py took 0.085 seconds
[2024-02-24T12:00:11.536-0600] {processor.py:161} INFO - Started process (PID=75913) to work on /Users/vamseekrishna/Desktop/F1_Data_Warehouse/f1datawarehouse/lib/python3.9/site-packages/airflow/example_dags/example_nested_branch_dag.py
[2024-02-24T12:00:11.537-0600] {processor.py:830} INFO - Processing file /Users/vamseekrishna/Desktop/F1_Data_Warehouse/f1datawarehouse/lib/python3.9/site-packages/airflow/example_dags/example_nested_branch_dag.py for tasks to queue
[2024-02-24T12:00:11.538-0600] {logging_mixin.py:188} INFO - [2024-02-24T12:00:11.538-0600] {dagbag.py:538} INFO - Filling up the DagBag from /Users/vamseekrishna/Desktop/F1_Data_Warehouse/f1datawarehouse/lib/python3.9/site-packages/airflow/example_dags/example_nested_branch_dag.py
[2024-02-24T12:00:11.554-0600] {processor.py:840} INFO - DAG(s) 'example_nested_branch_dag' retrieved from /Users/vamseekrishna/Desktop/F1_Data_Warehouse/f1datawarehouse/lib/python3.9/site-packages/airflow/example_dags/example_nested_branch_dag.py
[2024-02-24T12:00:11.602-0600] {logging_mixin.py:188} INFO - [2024-02-24T12:00:11.602-0600] {dag.py:3036} INFO - Sync 1 DAGs
[2024-02-24T12:00:11.609-0600] {logging_mixin.py:188} INFO - [2024-02-24T12:00:11.609-0600] {dag.py:3823} INFO - Setting next_dagrun for example_nested_branch_dag to 2024-02-23 00:00:00+00:00, run_after=2024-02-24 00:00:00+00:00
[2024-02-24T12:00:11.617-0600] {processor.py:183} INFO - Processing /Users/vamseekrishna/Desktop/F1_Data_Warehouse/f1datawarehouse/lib/python3.9/site-packages/airflow/example_dags/example_nested_branch_dag.py took 0.082 seconds
[2024-02-24T12:02:14.016-0600] {processor.py:161} INFO - Started process (PID=76039) to work on /Users/vamseekrishna/Desktop/F1_Data_Warehouse/f1datawarehouse/lib/python3.9/site-packages/airflow/example_dags/example_nested_branch_dag.py
[2024-02-24T12:02:14.017-0600] {processor.py:830} INFO - Processing file /Users/vamseekrishna/Desktop/F1_Data_Warehouse/f1datawarehouse/lib/python3.9/site-packages/airflow/example_dags/example_nested_branch_dag.py for tasks to queue
[2024-02-24T12:02:14.017-0600] {logging_mixin.py:188} INFO - [2024-02-24T12:02:14.017-0600] {dagbag.py:538} INFO - Filling up the DagBag from /Users/vamseekrishna/Desktop/F1_Data_Warehouse/f1datawarehouse/lib/python3.9/site-packages/airflow/example_dags/example_nested_branch_dag.py
[2024-02-24T12:02:14.036-0600] {processor.py:840} INFO - DAG(s) 'example_nested_branch_dag' retrieved from /Users/vamseekrishna/Desktop/F1_Data_Warehouse/f1datawarehouse/lib/python3.9/site-packages/airflow/example_dags/example_nested_branch_dag.py
[2024-02-24T12:02:14.086-0600] {logging_mixin.py:188} INFO - [2024-02-24T12:02:14.086-0600] {dag.py:3036} INFO - Sync 1 DAGs
[2024-02-24T12:02:14.093-0600] {logging_mixin.py:188} INFO - [2024-02-24T12:02:14.093-0600] {dag.py:3823} INFO - Setting next_dagrun for example_nested_branch_dag to 2024-02-23 00:00:00+00:00, run_after=2024-02-24 00:00:00+00:00
[2024-02-24T12:02:14.106-0600] {processor.py:183} INFO - Processing /Users/vamseekrishna/Desktop/F1_Data_Warehouse/f1datawarehouse/lib/python3.9/site-packages/airflow/example_dags/example_nested_branch_dag.py took 0.091 seconds
[2024-02-24T12:04:05.654-0600] {processor.py:161} INFO - Started process (PID=76174) to work on /Users/vamseekrishna/Desktop/F1_Data_Warehouse/f1datawarehouse/lib/python3.9/site-packages/airflow/example_dags/example_nested_branch_dag.py
[2024-02-24T12:04:05.656-0600] {processor.py:830} INFO - Processing file /Users/vamseekrishna/Desktop/F1_Data_Warehouse/f1datawarehouse/lib/python3.9/site-packages/airflow/example_dags/example_nested_branch_dag.py for tasks to queue
[2024-02-24T12:04:05.657-0600] {logging_mixin.py:188} INFO - [2024-02-24T12:04:05.656-0600] {dagbag.py:538} INFO - Filling up the DagBag from /Users/vamseekrishna/Desktop/F1_Data_Warehouse/f1datawarehouse/lib/python3.9/site-packages/airflow/example_dags/example_nested_branch_dag.py
[2024-02-24T12:04:05.674-0600] {processor.py:840} INFO - DAG(s) 'example_nested_branch_dag' retrieved from /Users/vamseekrishna/Desktop/F1_Data_Warehouse/f1datawarehouse/lib/python3.9/site-packages/airflow/example_dags/example_nested_branch_dag.py
[2024-02-24T12:04:05.722-0600] {logging_mixin.py:188} INFO - [2024-02-24T12:04:05.721-0600] {dag.py:3036} INFO - Sync 1 DAGs
[2024-02-24T12:04:05.730-0600] {logging_mixin.py:188} INFO - [2024-02-24T12:04:05.730-0600] {dag.py:3823} INFO - Setting next_dagrun for example_nested_branch_dag to 2024-02-23 00:00:00+00:00, run_after=2024-02-24 00:00:00+00:00
[2024-02-24T12:04:05.739-0600] {processor.py:183} INFO - Processing /Users/vamseekrishna/Desktop/F1_Data_Warehouse/f1datawarehouse/lib/python3.9/site-packages/airflow/example_dags/example_nested_branch_dag.py took 0.085 seconds
[2024-02-24T12:20:22.556-0600] {processor.py:161} INFO - Started process (PID=76266) to work on /Users/vamseekrishna/Desktop/F1_Data_Warehouse/f1datawarehouse/lib/python3.9/site-packages/airflow/example_dags/example_nested_branch_dag.py
[2024-02-24T12:20:22.558-0600] {processor.py:830} INFO - Processing file /Users/vamseekrishna/Desktop/F1_Data_Warehouse/f1datawarehouse/lib/python3.9/site-packages/airflow/example_dags/example_nested_branch_dag.py for tasks to queue
[2024-02-24T12:20:22.558-0600] {logging_mixin.py:188} INFO - [2024-02-24T12:20:22.558-0600] {dagbag.py:538} INFO - Filling up the DagBag from /Users/vamseekrishna/Desktop/F1_Data_Warehouse/f1datawarehouse/lib/python3.9/site-packages/airflow/example_dags/example_nested_branch_dag.py
[2024-02-24T12:20:22.575-0600] {processor.py:840} INFO - DAG(s) 'example_nested_branch_dag' retrieved from /Users/vamseekrishna/Desktop/F1_Data_Warehouse/f1datawarehouse/lib/python3.9/site-packages/airflow/example_dags/example_nested_branch_dag.py
[2024-02-24T12:20:22.622-0600] {logging_mixin.py:188} INFO - [2024-02-24T12:20:22.622-0600] {dag.py:3036} INFO - Sync 1 DAGs
[2024-02-24T12:20:22.629-0600] {logging_mixin.py:188} INFO - [2024-02-24T12:20:22.629-0600] {dag.py:3823} INFO - Setting next_dagrun for example_nested_branch_dag to 2024-02-23 00:00:00+00:00, run_after=2024-02-24 00:00:00+00:00
[2024-02-24T12:20:22.637-0600] {processor.py:183} INFO - Processing /Users/vamseekrishna/Desktop/F1_Data_Warehouse/f1datawarehouse/lib/python3.9/site-packages/airflow/example_dags/example_nested_branch_dag.py took 0.082 seconds
[2024-02-24T12:38:39.400-0600] {processor.py:161} INFO - Started process (PID=76417) to work on /Users/vamseekrishna/Desktop/F1_Data_Warehouse/f1datawarehouse/lib/python3.9/site-packages/airflow/example_dags/example_nested_branch_dag.py
[2024-02-24T12:38:39.408-0600] {processor.py:830} INFO - Processing file /Users/vamseekrishna/Desktop/F1_Data_Warehouse/f1datawarehouse/lib/python3.9/site-packages/airflow/example_dags/example_nested_branch_dag.py for tasks to queue
[2024-02-24T12:38:39.409-0600] {logging_mixin.py:188} INFO - [2024-02-24T12:38:39.409-0600] {dagbag.py:538} INFO - Filling up the DagBag from /Users/vamseekrishna/Desktop/F1_Data_Warehouse/f1datawarehouse/lib/python3.9/site-packages/airflow/example_dags/example_nested_branch_dag.py
[2024-02-24T12:38:39.428-0600] {processor.py:840} INFO - DAG(s) 'example_nested_branch_dag' retrieved from /Users/vamseekrishna/Desktop/F1_Data_Warehouse/f1datawarehouse/lib/python3.9/site-packages/airflow/example_dags/example_nested_branch_dag.py
[2024-02-24T12:38:39.476-0600] {logging_mixin.py:188} INFO - [2024-02-24T12:38:39.476-0600] {dag.py:3036} INFO - Sync 1 DAGs
[2024-02-24T12:38:39.484-0600] {logging_mixin.py:188} INFO - [2024-02-24T12:38:39.484-0600] {dag.py:3823} INFO - Setting next_dagrun for example_nested_branch_dag to 2024-02-23 00:00:00+00:00, run_after=2024-02-24 00:00:00+00:00
[2024-02-24T12:38:39.492-0600] {processor.py:183} INFO - Processing /Users/vamseekrishna/Desktop/F1_Data_Warehouse/f1datawarehouse/lib/python3.9/site-packages/airflow/example_dags/example_nested_branch_dag.py took 0.092 seconds
[2024-02-24T12:40:39.158-0600] {processor.py:161} INFO - Started process (PID=76540) to work on /Users/vamseekrishna/Desktop/F1_Data_Warehouse/f1datawarehouse/lib/python3.9/site-packages/airflow/example_dags/example_nested_branch_dag.py
[2024-02-24T12:40:39.160-0600] {processor.py:830} INFO - Processing file /Users/vamseekrishna/Desktop/F1_Data_Warehouse/f1datawarehouse/lib/python3.9/site-packages/airflow/example_dags/example_nested_branch_dag.py for tasks to queue
[2024-02-24T12:40:39.161-0600] {logging_mixin.py:188} INFO - [2024-02-24T12:40:39.160-0600] {dagbag.py:538} INFO - Filling up the DagBag from /Users/vamseekrishna/Desktop/F1_Data_Warehouse/f1datawarehouse/lib/python3.9/site-packages/airflow/example_dags/example_nested_branch_dag.py
[2024-02-24T12:40:39.176-0600] {processor.py:840} INFO - DAG(s) 'example_nested_branch_dag' retrieved from /Users/vamseekrishna/Desktop/F1_Data_Warehouse/f1datawarehouse/lib/python3.9/site-packages/airflow/example_dags/example_nested_branch_dag.py
[2024-02-24T12:40:39.224-0600] {logging_mixin.py:188} INFO - [2024-02-24T12:40:39.224-0600] {dag.py:3036} INFO - Sync 1 DAGs
[2024-02-24T12:40:39.231-0600] {logging_mixin.py:188} INFO - [2024-02-24T12:40:39.231-0600] {dag.py:3823} INFO - Setting next_dagrun for example_nested_branch_dag to 2024-02-23 00:00:00+00:00, run_after=2024-02-24 00:00:00+00:00
[2024-02-24T12:40:39.239-0600] {processor.py:183} INFO - Processing /Users/vamseekrishna/Desktop/F1_Data_Warehouse/f1datawarehouse/lib/python3.9/site-packages/airflow/example_dags/example_nested_branch_dag.py took 0.082 seconds
[2024-02-24T12:42:43.568-0600] {processor.py:161} INFO - Started process (PID=76642) to work on /Users/vamseekrishna/Desktop/F1_Data_Warehouse/f1datawarehouse/lib/python3.9/site-packages/airflow/example_dags/example_nested_branch_dag.py
[2024-02-24T12:42:43.570-0600] {processor.py:830} INFO - Processing file /Users/vamseekrishna/Desktop/F1_Data_Warehouse/f1datawarehouse/lib/python3.9/site-packages/airflow/example_dags/example_nested_branch_dag.py for tasks to queue
[2024-02-24T12:42:43.571-0600] {logging_mixin.py:188} INFO - [2024-02-24T12:42:43.570-0600] {dagbag.py:538} INFO - Filling up the DagBag from /Users/vamseekrishna/Desktop/F1_Data_Warehouse/f1datawarehouse/lib/python3.9/site-packages/airflow/example_dags/example_nested_branch_dag.py
[2024-02-24T12:42:43.590-0600] {processor.py:840} INFO - DAG(s) 'example_nested_branch_dag' retrieved from /Users/vamseekrishna/Desktop/F1_Data_Warehouse/f1datawarehouse/lib/python3.9/site-packages/airflow/example_dags/example_nested_branch_dag.py
[2024-02-24T12:42:43.641-0600] {logging_mixin.py:188} INFO - [2024-02-24T12:42:43.641-0600] {dag.py:3036} INFO - Sync 1 DAGs
[2024-02-24T12:42:43.648-0600] {logging_mixin.py:188} INFO - [2024-02-24T12:42:43.648-0600] {dag.py:3823} INFO - Setting next_dagrun for example_nested_branch_dag to 2024-02-23 00:00:00+00:00, run_after=2024-02-24 00:00:00+00:00
[2024-02-24T12:42:43.659-0600] {processor.py:183} INFO - Processing /Users/vamseekrishna/Desktop/F1_Data_Warehouse/f1datawarehouse/lib/python3.9/site-packages/airflow/example_dags/example_nested_branch_dag.py took 0.091 seconds
[2024-02-24T12:44:54.547-0600] {processor.py:161} INFO - Started process (PID=76896) to work on /Users/vamseekrishna/Desktop/F1_Data_Warehouse/f1datawarehouse/lib/python3.9/site-packages/airflow/example_dags/example_nested_branch_dag.py
[2024-02-24T12:44:54.559-0600] {processor.py:830} INFO - Processing file /Users/vamseekrishna/Desktop/F1_Data_Warehouse/f1datawarehouse/lib/python3.9/site-packages/airflow/example_dags/example_nested_branch_dag.py for tasks to queue
[2024-02-24T12:44:54.560-0600] {logging_mixin.py:188} INFO - [2024-02-24T12:44:54.560-0600] {dagbag.py:538} INFO - Filling up the DagBag from /Users/vamseekrishna/Desktop/F1_Data_Warehouse/f1datawarehouse/lib/python3.9/site-packages/airflow/example_dags/example_nested_branch_dag.py
[2024-02-24T12:44:54.631-0600] {processor.py:840} INFO - DAG(s) 'example_nested_branch_dag' retrieved from /Users/vamseekrishna/Desktop/F1_Data_Warehouse/f1datawarehouse/lib/python3.9/site-packages/airflow/example_dags/example_nested_branch_dag.py
[2024-02-24T12:44:54.716-0600] {logging_mixin.py:188} INFO - [2024-02-24T12:44:54.716-0600] {dag.py:3036} INFO - Sync 1 DAGs
[2024-02-24T12:44:54.728-0600] {logging_mixin.py:188} INFO - [2024-02-24T12:44:54.728-0600] {dag.py:3823} INFO - Setting next_dagrun for example_nested_branch_dag to 2024-02-23 00:00:00+00:00, run_after=2024-02-24 00:00:00+00:00
[2024-02-24T12:44:54.740-0600] {processor.py:183} INFO - Processing /Users/vamseekrishna/Desktop/F1_Data_Warehouse/f1datawarehouse/lib/python3.9/site-packages/airflow/example_dags/example_nested_branch_dag.py took 0.195 seconds
[2024-02-24T12:47:08.263-0600] {processor.py:161} INFO - Started process (PID=77022) to work on /Users/vamseekrishna/Desktop/F1_Data_Warehouse/f1datawarehouse/lib/python3.9/site-packages/airflow/example_dags/example_nested_branch_dag.py
[2024-02-24T12:47:08.265-0600] {processor.py:830} INFO - Processing file /Users/vamseekrishna/Desktop/F1_Data_Warehouse/f1datawarehouse/lib/python3.9/site-packages/airflow/example_dags/example_nested_branch_dag.py for tasks to queue
[2024-02-24T12:47:08.265-0600] {logging_mixin.py:188} INFO - [2024-02-24T12:47:08.265-0600] {dagbag.py:538} INFO - Filling up the DagBag from /Users/vamseekrishna/Desktop/F1_Data_Warehouse/f1datawarehouse/lib/python3.9/site-packages/airflow/example_dags/example_nested_branch_dag.py
[2024-02-24T12:47:08.283-0600] {processor.py:840} INFO - DAG(s) 'example_nested_branch_dag' retrieved from /Users/vamseekrishna/Desktop/F1_Data_Warehouse/f1datawarehouse/lib/python3.9/site-packages/airflow/example_dags/example_nested_branch_dag.py
[2024-02-24T12:47:08.333-0600] {logging_mixin.py:188} INFO - [2024-02-24T12:47:08.333-0600] {dag.py:3036} INFO - Sync 1 DAGs
[2024-02-24T12:47:08.342-0600] {logging_mixin.py:188} INFO - [2024-02-24T12:47:08.342-0600] {dag.py:3823} INFO - Setting next_dagrun for example_nested_branch_dag to 2024-02-23 00:00:00+00:00, run_after=2024-02-24 00:00:00+00:00
[2024-02-24T12:47:08.352-0600] {processor.py:183} INFO - Processing /Users/vamseekrishna/Desktop/F1_Data_Warehouse/f1datawarehouse/lib/python3.9/site-packages/airflow/example_dags/example_nested_branch_dag.py took 0.090 seconds
[2024-02-24T12:49:17.652-0600] {processor.py:161} INFO - Started process (PID=77131) to work on /Users/vamseekrishna/Desktop/F1_Data_Warehouse/f1datawarehouse/lib/python3.9/site-packages/airflow/example_dags/example_nested_branch_dag.py
[2024-02-24T12:49:17.653-0600] {processor.py:830} INFO - Processing file /Users/vamseekrishna/Desktop/F1_Data_Warehouse/f1datawarehouse/lib/python3.9/site-packages/airflow/example_dags/example_nested_branch_dag.py for tasks to queue
[2024-02-24T12:49:17.654-0600] {logging_mixin.py:188} INFO - [2024-02-24T12:49:17.654-0600] {dagbag.py:538} INFO - Filling up the DagBag from /Users/vamseekrishna/Desktop/F1_Data_Warehouse/f1datawarehouse/lib/python3.9/site-packages/airflow/example_dags/example_nested_branch_dag.py
[2024-02-24T12:49:17.673-0600] {processor.py:840} INFO - DAG(s) 'example_nested_branch_dag' retrieved from /Users/vamseekrishna/Desktop/F1_Data_Warehouse/f1datawarehouse/lib/python3.9/site-packages/airflow/example_dags/example_nested_branch_dag.py
[2024-02-24T12:49:17.726-0600] {logging_mixin.py:188} INFO - [2024-02-24T12:49:17.726-0600] {dag.py:3036} INFO - Sync 1 DAGs
[2024-02-24T12:49:17.735-0600] {logging_mixin.py:188} INFO - [2024-02-24T12:49:17.734-0600] {dag.py:3823} INFO - Setting next_dagrun for example_nested_branch_dag to 2024-02-23 00:00:00+00:00, run_after=2024-02-24 00:00:00+00:00
[2024-02-24T12:49:17.747-0600] {processor.py:183} INFO - Processing /Users/vamseekrishna/Desktop/F1_Data_Warehouse/f1datawarehouse/lib/python3.9/site-packages/airflow/example_dags/example_nested_branch_dag.py took 0.096 seconds
[2024-02-24T12:51:22.810-0600] {processor.py:161} INFO - Started process (PID=77228) to work on /Users/vamseekrishna/Desktop/F1_Data_Warehouse/f1datawarehouse/lib/python3.9/site-packages/airflow/example_dags/example_nested_branch_dag.py
[2024-02-24T12:51:22.812-0600] {processor.py:830} INFO - Processing file /Users/vamseekrishna/Desktop/F1_Data_Warehouse/f1datawarehouse/lib/python3.9/site-packages/airflow/example_dags/example_nested_branch_dag.py for tasks to queue
[2024-02-24T12:51:22.812-0600] {logging_mixin.py:188} INFO - [2024-02-24T12:51:22.812-0600] {dagbag.py:538} INFO - Filling up the DagBag from /Users/vamseekrishna/Desktop/F1_Data_Warehouse/f1datawarehouse/lib/python3.9/site-packages/airflow/example_dags/example_nested_branch_dag.py
[2024-02-24T12:51:22.833-0600] {processor.py:840} INFO - DAG(s) 'example_nested_branch_dag' retrieved from /Users/vamseekrishna/Desktop/F1_Data_Warehouse/f1datawarehouse/lib/python3.9/site-packages/airflow/example_dags/example_nested_branch_dag.py
[2024-02-24T12:51:22.881-0600] {logging_mixin.py:188} INFO - [2024-02-24T12:51:22.881-0600] {dag.py:3036} INFO - Sync 1 DAGs
[2024-02-24T12:51:22.889-0600] {logging_mixin.py:188} INFO - [2024-02-24T12:51:22.888-0600] {dag.py:3823} INFO - Setting next_dagrun for example_nested_branch_dag to 2024-02-23 00:00:00+00:00, run_after=2024-02-24 00:00:00+00:00
[2024-02-24T12:51:22.900-0600] {processor.py:183} INFO - Processing /Users/vamseekrishna/Desktop/F1_Data_Warehouse/f1datawarehouse/lib/python3.9/site-packages/airflow/example_dags/example_nested_branch_dag.py took 0.091 seconds
[2024-02-24T12:53:29.930-0600] {processor.py:161} INFO - Started process (PID=77337) to work on /Users/vamseekrishna/Desktop/F1_Data_Warehouse/f1datawarehouse/lib/python3.9/site-packages/airflow/example_dags/example_nested_branch_dag.py
[2024-02-24T12:53:29.933-0600] {processor.py:830} INFO - Processing file /Users/vamseekrishna/Desktop/F1_Data_Warehouse/f1datawarehouse/lib/python3.9/site-packages/airflow/example_dags/example_nested_branch_dag.py for tasks to queue
[2024-02-24T12:53:29.933-0600] {logging_mixin.py:188} INFO - [2024-02-24T12:53:29.933-0600] {dagbag.py:538} INFO - Filling up the DagBag from /Users/vamseekrishna/Desktop/F1_Data_Warehouse/f1datawarehouse/lib/python3.9/site-packages/airflow/example_dags/example_nested_branch_dag.py
[2024-02-24T12:53:29.962-0600] {processor.py:840} INFO - DAG(s) 'example_nested_branch_dag' retrieved from /Users/vamseekrishna/Desktop/F1_Data_Warehouse/f1datawarehouse/lib/python3.9/site-packages/airflow/example_dags/example_nested_branch_dag.py
[2024-02-24T12:53:30.019-0600] {logging_mixin.py:188} INFO - [2024-02-24T12:53:30.018-0600] {dag.py:3036} INFO - Sync 1 DAGs
[2024-02-24T12:53:30.029-0600] {logging_mixin.py:188} INFO - [2024-02-24T12:53:30.028-0600] {dag.py:3823} INFO - Setting next_dagrun for example_nested_branch_dag to 2024-02-23 00:00:00+00:00, run_after=2024-02-24 00:00:00+00:00
[2024-02-24T12:53:30.038-0600] {processor.py:183} INFO - Processing /Users/vamseekrishna/Desktop/F1_Data_Warehouse/f1datawarehouse/lib/python3.9/site-packages/airflow/example_dags/example_nested_branch_dag.py took 0.108 seconds
[2024-02-24T12:55:43.097-0600] {processor.py:161} INFO - Started process (PID=77448) to work on /Users/vamseekrishna/Desktop/F1_Data_Warehouse/f1datawarehouse/lib/python3.9/site-packages/airflow/example_dags/example_nested_branch_dag.py
[2024-02-24T12:55:43.099-0600] {processor.py:830} INFO - Processing file /Users/vamseekrishna/Desktop/F1_Data_Warehouse/f1datawarehouse/lib/python3.9/site-packages/airflow/example_dags/example_nested_branch_dag.py for tasks to queue
[2024-02-24T12:55:43.100-0600] {logging_mixin.py:188} INFO - [2024-02-24T12:55:43.100-0600] {dagbag.py:538} INFO - Filling up the DagBag from /Users/vamseekrishna/Desktop/F1_Data_Warehouse/f1datawarehouse/lib/python3.9/site-packages/airflow/example_dags/example_nested_branch_dag.py
[2024-02-24T12:55:43.120-0600] {processor.py:840} INFO - DAG(s) 'example_nested_branch_dag' retrieved from /Users/vamseekrishna/Desktop/F1_Data_Warehouse/f1datawarehouse/lib/python3.9/site-packages/airflow/example_dags/example_nested_branch_dag.py
[2024-02-24T12:55:43.176-0600] {logging_mixin.py:188} INFO - [2024-02-24T12:55:43.175-0600] {dag.py:3036} INFO - Sync 1 DAGs
[2024-02-24T12:55:43.183-0600] {logging_mixin.py:188} INFO - [2024-02-24T12:55:43.183-0600] {dag.py:3823} INFO - Setting next_dagrun for example_nested_branch_dag to 2024-02-23 00:00:00+00:00, run_after=2024-02-24 00:00:00+00:00
[2024-02-24T12:55:43.195-0600] {processor.py:183} INFO - Processing /Users/vamseekrishna/Desktop/F1_Data_Warehouse/f1datawarehouse/lib/python3.9/site-packages/airflow/example_dags/example_nested_branch_dag.py took 0.099 seconds
[2024-02-24T12:57:51.977-0600] {processor.py:161} INFO - Started process (PID=77549) to work on /Users/vamseekrishna/Desktop/F1_Data_Warehouse/f1datawarehouse/lib/python3.9/site-packages/airflow/example_dags/example_nested_branch_dag.py
[2024-02-24T12:57:51.979-0600] {processor.py:830} INFO - Processing file /Users/vamseekrishna/Desktop/F1_Data_Warehouse/f1datawarehouse/lib/python3.9/site-packages/airflow/example_dags/example_nested_branch_dag.py for tasks to queue
[2024-02-24T12:57:51.979-0600] {logging_mixin.py:188} INFO - [2024-02-24T12:57:51.979-0600] {dagbag.py:538} INFO - Filling up the DagBag from /Users/vamseekrishna/Desktop/F1_Data_Warehouse/f1datawarehouse/lib/python3.9/site-packages/airflow/example_dags/example_nested_branch_dag.py
[2024-02-24T12:57:51.996-0600] {processor.py:840} INFO - DAG(s) 'example_nested_branch_dag' retrieved from /Users/vamseekrishna/Desktop/F1_Data_Warehouse/f1datawarehouse/lib/python3.9/site-packages/airflow/example_dags/example_nested_branch_dag.py
[2024-02-24T12:57:52.046-0600] {logging_mixin.py:188} INFO - [2024-02-24T12:57:52.046-0600] {dag.py:3036} INFO - Sync 1 DAGs
[2024-02-24T12:57:52.054-0600] {logging_mixin.py:188} INFO - [2024-02-24T12:57:52.054-0600] {dag.py:3823} INFO - Setting next_dagrun for example_nested_branch_dag to 2024-02-23 00:00:00+00:00, run_after=2024-02-24 00:00:00+00:00
[2024-02-24T12:57:52.063-0600] {processor.py:183} INFO - Processing /Users/vamseekrishna/Desktop/F1_Data_Warehouse/f1datawarehouse/lib/python3.9/site-packages/airflow/example_dags/example_nested_branch_dag.py took 0.087 seconds
[2024-02-24T12:59:59.298-0600] {processor.py:161} INFO - Started process (PID=77663) to work on /Users/vamseekrishna/Desktop/F1_Data_Warehouse/f1datawarehouse/lib/python3.9/site-packages/airflow/example_dags/example_nested_branch_dag.py
[2024-02-24T12:59:59.300-0600] {processor.py:830} INFO - Processing file /Users/vamseekrishna/Desktop/F1_Data_Warehouse/f1datawarehouse/lib/python3.9/site-packages/airflow/example_dags/example_nested_branch_dag.py for tasks to queue
[2024-02-24T12:59:59.301-0600] {logging_mixin.py:188} INFO - [2024-02-24T12:59:59.300-0600] {dagbag.py:538} INFO - Filling up the DagBag from /Users/vamseekrishna/Desktop/F1_Data_Warehouse/f1datawarehouse/lib/python3.9/site-packages/airflow/example_dags/example_nested_branch_dag.py
[2024-02-24T12:59:59.321-0600] {processor.py:840} INFO - DAG(s) 'example_nested_branch_dag' retrieved from /Users/vamseekrishna/Desktop/F1_Data_Warehouse/f1datawarehouse/lib/python3.9/site-packages/airflow/example_dags/example_nested_branch_dag.py
[2024-02-24T12:59:59.380-0600] {logging_mixin.py:188} INFO - [2024-02-24T12:59:59.379-0600] {dag.py:3036} INFO - Sync 1 DAGs
[2024-02-24T12:59:59.388-0600] {logging_mixin.py:188} INFO - [2024-02-24T12:59:59.388-0600] {dag.py:3823} INFO - Setting next_dagrun for example_nested_branch_dag to 2024-02-23 00:00:00+00:00, run_after=2024-02-24 00:00:00+00:00
[2024-02-24T12:59:59.402-0600] {processor.py:183} INFO - Processing /Users/vamseekrishna/Desktop/F1_Data_Warehouse/f1datawarehouse/lib/python3.9/site-packages/airflow/example_dags/example_nested_branch_dag.py took 0.105 seconds
[2024-02-24T13:02:02.831-0600] {processor.py:161} INFO - Started process (PID=77825) to work on /Users/vamseekrishna/Desktop/F1_Data_Warehouse/f1datawarehouse/lib/python3.9/site-packages/airflow/example_dags/example_nested_branch_dag.py
[2024-02-24T13:02:02.833-0600] {processor.py:830} INFO - Processing file /Users/vamseekrishna/Desktop/F1_Data_Warehouse/f1datawarehouse/lib/python3.9/site-packages/airflow/example_dags/example_nested_branch_dag.py for tasks to queue
[2024-02-24T13:02:02.833-0600] {logging_mixin.py:188} INFO - [2024-02-24T13:02:02.833-0600] {dagbag.py:538} INFO - Filling up the DagBag from /Users/vamseekrishna/Desktop/F1_Data_Warehouse/f1datawarehouse/lib/python3.9/site-packages/airflow/example_dags/example_nested_branch_dag.py
[2024-02-24T13:02:02.849-0600] {processor.py:840} INFO - DAG(s) 'example_nested_branch_dag' retrieved from /Users/vamseekrishna/Desktop/F1_Data_Warehouse/f1datawarehouse/lib/python3.9/site-packages/airflow/example_dags/example_nested_branch_dag.py
[2024-02-24T13:02:02.894-0600] {logging_mixin.py:188} INFO - [2024-02-24T13:02:02.894-0600] {dag.py:3036} INFO - Sync 1 DAGs
[2024-02-24T13:02:02.901-0600] {logging_mixin.py:188} INFO - [2024-02-24T13:02:02.901-0600] {dag.py:3823} INFO - Setting next_dagrun for example_nested_branch_dag to 2024-02-23 00:00:00+00:00, run_after=2024-02-24 00:00:00+00:00
[2024-02-24T13:02:02.909-0600] {processor.py:183} INFO - Processing /Users/vamseekrishna/Desktop/F1_Data_Warehouse/f1datawarehouse/lib/python3.9/site-packages/airflow/example_dags/example_nested_branch_dag.py took 0.078 seconds
[2024-02-24T13:03:59.622-0600] {processor.py:161} INFO - Started process (PID=77918) to work on /Users/vamseekrishna/Desktop/F1_Data_Warehouse/f1datawarehouse/lib/python3.9/site-packages/airflow/example_dags/example_nested_branch_dag.py
[2024-02-24T13:03:59.623-0600] {processor.py:830} INFO - Processing file /Users/vamseekrishna/Desktop/F1_Data_Warehouse/f1datawarehouse/lib/python3.9/site-packages/airflow/example_dags/example_nested_branch_dag.py for tasks to queue
[2024-02-24T13:03:59.624-0600] {logging_mixin.py:188} INFO - [2024-02-24T13:03:59.624-0600] {dagbag.py:538} INFO - Filling up the DagBag from /Users/vamseekrishna/Desktop/F1_Data_Warehouse/f1datawarehouse/lib/python3.9/site-packages/airflow/example_dags/example_nested_branch_dag.py
[2024-02-24T13:03:59.639-0600] {processor.py:840} INFO - DAG(s) 'example_nested_branch_dag' retrieved from /Users/vamseekrishna/Desktop/F1_Data_Warehouse/f1datawarehouse/lib/python3.9/site-packages/airflow/example_dags/example_nested_branch_dag.py
[2024-02-24T13:03:59.682-0600] {logging_mixin.py:188} INFO - [2024-02-24T13:03:59.682-0600] {dag.py:3036} INFO - Sync 1 DAGs
[2024-02-24T13:03:59.689-0600] {logging_mixin.py:188} INFO - [2024-02-24T13:03:59.689-0600] {dag.py:3823} INFO - Setting next_dagrun for example_nested_branch_dag to 2024-02-23 00:00:00+00:00, run_after=2024-02-24 00:00:00+00:00
[2024-02-24T13:03:59.697-0600] {processor.py:183} INFO - Processing /Users/vamseekrishna/Desktop/F1_Data_Warehouse/f1datawarehouse/lib/python3.9/site-packages/airflow/example_dags/example_nested_branch_dag.py took 0.075 seconds
[2024-02-24T13:05:49.550-0600] {processor.py:161} INFO - Started process (PID=78001) to work on /Users/vamseekrishna/Desktop/F1_Data_Warehouse/f1datawarehouse/lib/python3.9/site-packages/airflow/example_dags/example_nested_branch_dag.py
[2024-02-24T13:05:49.552-0600] {processor.py:830} INFO - Processing file /Users/vamseekrishna/Desktop/F1_Data_Warehouse/f1datawarehouse/lib/python3.9/site-packages/airflow/example_dags/example_nested_branch_dag.py for tasks to queue
[2024-02-24T13:05:49.552-0600] {logging_mixin.py:188} INFO - [2024-02-24T13:05:49.552-0600] {dagbag.py:538} INFO - Filling up the DagBag from /Users/vamseekrishna/Desktop/F1_Data_Warehouse/f1datawarehouse/lib/python3.9/site-packages/airflow/example_dags/example_nested_branch_dag.py
[2024-02-24T13:05:49.568-0600] {processor.py:840} INFO - DAG(s) 'example_nested_branch_dag' retrieved from /Users/vamseekrishna/Desktop/F1_Data_Warehouse/f1datawarehouse/lib/python3.9/site-packages/airflow/example_dags/example_nested_branch_dag.py
[2024-02-24T13:05:49.613-0600] {logging_mixin.py:188} INFO - [2024-02-24T13:05:49.613-0600] {dag.py:3036} INFO - Sync 1 DAGs
[2024-02-24T13:05:49.620-0600] {logging_mixin.py:188} INFO - [2024-02-24T13:05:49.620-0600] {dag.py:3823} INFO - Setting next_dagrun for example_nested_branch_dag to 2024-02-23 00:00:00+00:00, run_after=2024-02-24 00:00:00+00:00
[2024-02-24T13:05:49.627-0600] {processor.py:183} INFO - Processing /Users/vamseekrishna/Desktop/F1_Data_Warehouse/f1datawarehouse/lib/python3.9/site-packages/airflow/example_dags/example_nested_branch_dag.py took 0.077 seconds
[2024-02-24T13:07:42.016-0600] {processor.py:161} INFO - Started process (PID=78085) to work on /Users/vamseekrishna/Desktop/F1_Data_Warehouse/f1datawarehouse/lib/python3.9/site-packages/airflow/example_dags/example_nested_branch_dag.py
[2024-02-24T13:07:42.018-0600] {processor.py:830} INFO - Processing file /Users/vamseekrishna/Desktop/F1_Data_Warehouse/f1datawarehouse/lib/python3.9/site-packages/airflow/example_dags/example_nested_branch_dag.py for tasks to queue
[2024-02-24T13:07:42.018-0600] {logging_mixin.py:188} INFO - [2024-02-24T13:07:42.018-0600] {dagbag.py:538} INFO - Filling up the DagBag from /Users/vamseekrishna/Desktop/F1_Data_Warehouse/f1datawarehouse/lib/python3.9/site-packages/airflow/example_dags/example_nested_branch_dag.py
[2024-02-24T13:07:42.034-0600] {processor.py:840} INFO - DAG(s) 'example_nested_branch_dag' retrieved from /Users/vamseekrishna/Desktop/F1_Data_Warehouse/f1datawarehouse/lib/python3.9/site-packages/airflow/example_dags/example_nested_branch_dag.py
[2024-02-24T13:07:42.078-0600] {logging_mixin.py:188} INFO - [2024-02-24T13:07:42.078-0600] {dag.py:3036} INFO - Sync 1 DAGs
[2024-02-24T13:07:42.085-0600] {logging_mixin.py:188} INFO - [2024-02-24T13:07:42.085-0600] {dag.py:3823} INFO - Setting next_dagrun for example_nested_branch_dag to 2024-02-23 00:00:00+00:00, run_after=2024-02-24 00:00:00+00:00
[2024-02-24T13:07:42.092-0600] {processor.py:183} INFO - Processing /Users/vamseekrishna/Desktop/F1_Data_Warehouse/f1datawarehouse/lib/python3.9/site-packages/airflow/example_dags/example_nested_branch_dag.py took 0.077 seconds
[2024-02-24T13:09:34.858-0600] {processor.py:161} INFO - Started process (PID=78177) to work on /Users/vamseekrishna/Desktop/F1_Data_Warehouse/f1datawarehouse/lib/python3.9/site-packages/airflow/example_dags/example_nested_branch_dag.py
[2024-02-24T13:09:34.860-0600] {processor.py:830} INFO - Processing file /Users/vamseekrishna/Desktop/F1_Data_Warehouse/f1datawarehouse/lib/python3.9/site-packages/airflow/example_dags/example_nested_branch_dag.py for tasks to queue
[2024-02-24T13:09:34.860-0600] {logging_mixin.py:188} INFO - [2024-02-24T13:09:34.860-0600] {dagbag.py:538} INFO - Filling up the DagBag from /Users/vamseekrishna/Desktop/F1_Data_Warehouse/f1datawarehouse/lib/python3.9/site-packages/airflow/example_dags/example_nested_branch_dag.py
[2024-02-24T13:09:34.875-0600] {processor.py:840} INFO - DAG(s) 'example_nested_branch_dag' retrieved from /Users/vamseekrishna/Desktop/F1_Data_Warehouse/f1datawarehouse/lib/python3.9/site-packages/airflow/example_dags/example_nested_branch_dag.py
[2024-02-24T13:09:34.918-0600] {logging_mixin.py:188} INFO - [2024-02-24T13:09:34.918-0600] {dag.py:3036} INFO - Sync 1 DAGs
[2024-02-24T13:09:34.924-0600] {logging_mixin.py:188} INFO - [2024-02-24T13:09:34.924-0600] {dag.py:3823} INFO - Setting next_dagrun for example_nested_branch_dag to 2024-02-23 00:00:00+00:00, run_after=2024-02-24 00:00:00+00:00
[2024-02-24T13:09:34.932-0600] {processor.py:183} INFO - Processing /Users/vamseekrishna/Desktop/F1_Data_Warehouse/f1datawarehouse/lib/python3.9/site-packages/airflow/example_dags/example_nested_branch_dag.py took 0.075 seconds
[2024-02-24T13:11:25.749-0600] {processor.py:161} INFO - Started process (PID=78258) to work on /Users/vamseekrishna/Desktop/F1_Data_Warehouse/f1datawarehouse/lib/python3.9/site-packages/airflow/example_dags/example_nested_branch_dag.py
[2024-02-24T13:11:25.751-0600] {processor.py:830} INFO - Processing file /Users/vamseekrishna/Desktop/F1_Data_Warehouse/f1datawarehouse/lib/python3.9/site-packages/airflow/example_dags/example_nested_branch_dag.py for tasks to queue
[2024-02-24T13:11:25.751-0600] {logging_mixin.py:188} INFO - [2024-02-24T13:11:25.751-0600] {dagbag.py:538} INFO - Filling up the DagBag from /Users/vamseekrishna/Desktop/F1_Data_Warehouse/f1datawarehouse/lib/python3.9/site-packages/airflow/example_dags/example_nested_branch_dag.py
[2024-02-24T13:11:25.767-0600] {processor.py:840} INFO - DAG(s) 'example_nested_branch_dag' retrieved from /Users/vamseekrishna/Desktop/F1_Data_Warehouse/f1datawarehouse/lib/python3.9/site-packages/airflow/example_dags/example_nested_branch_dag.py
[2024-02-24T13:11:25.811-0600] {logging_mixin.py:188} INFO - [2024-02-24T13:11:25.811-0600] {dag.py:3036} INFO - Sync 1 DAGs
[2024-02-24T13:11:25.818-0600] {logging_mixin.py:188} INFO - [2024-02-24T13:11:25.817-0600] {dag.py:3823} INFO - Setting next_dagrun for example_nested_branch_dag to 2024-02-23 00:00:00+00:00, run_after=2024-02-24 00:00:00+00:00
[2024-02-24T13:11:25.825-0600] {processor.py:183} INFO - Processing /Users/vamseekrishna/Desktop/F1_Data_Warehouse/f1datawarehouse/lib/python3.9/site-packages/airflow/example_dags/example_nested_branch_dag.py took 0.077 seconds
[2024-02-24T13:13:12.513-0600] {processor.py:161} INFO - Started process (PID=78345) to work on /Users/vamseekrishna/Desktop/F1_Data_Warehouse/f1datawarehouse/lib/python3.9/site-packages/airflow/example_dags/example_nested_branch_dag.py
[2024-02-24T13:13:12.514-0600] {processor.py:830} INFO - Processing file /Users/vamseekrishna/Desktop/F1_Data_Warehouse/f1datawarehouse/lib/python3.9/site-packages/airflow/example_dags/example_nested_branch_dag.py for tasks to queue
[2024-02-24T13:13:12.515-0600] {logging_mixin.py:188} INFO - [2024-02-24T13:13:12.515-0600] {dagbag.py:538} INFO - Filling up the DagBag from /Users/vamseekrishna/Desktop/F1_Data_Warehouse/f1datawarehouse/lib/python3.9/site-packages/airflow/example_dags/example_nested_branch_dag.py
[2024-02-24T13:13:12.530-0600] {processor.py:840} INFO - DAG(s) 'example_nested_branch_dag' retrieved from /Users/vamseekrishna/Desktop/F1_Data_Warehouse/f1datawarehouse/lib/python3.9/site-packages/airflow/example_dags/example_nested_branch_dag.py
[2024-02-24T13:13:12.573-0600] {logging_mixin.py:188} INFO - [2024-02-24T13:13:12.573-0600] {dag.py:3036} INFO - Sync 1 DAGs
[2024-02-24T13:13:12.580-0600] {logging_mixin.py:188} INFO - [2024-02-24T13:13:12.580-0600] {dag.py:3823} INFO - Setting next_dagrun for example_nested_branch_dag to 2024-02-23 00:00:00+00:00, run_after=2024-02-24 00:00:00+00:00
[2024-02-24T13:13:12.587-0600] {processor.py:183} INFO - Processing /Users/vamseekrishna/Desktop/F1_Data_Warehouse/f1datawarehouse/lib/python3.9/site-packages/airflow/example_dags/example_nested_branch_dag.py took 0.075 seconds
[2024-02-24T13:15:02.620-0600] {processor.py:161} INFO - Started process (PID=78431) to work on /Users/vamseekrishna/Desktop/F1_Data_Warehouse/f1datawarehouse/lib/python3.9/site-packages/airflow/example_dags/example_nested_branch_dag.py
[2024-02-24T13:15:02.622-0600] {processor.py:830} INFO - Processing file /Users/vamseekrishna/Desktop/F1_Data_Warehouse/f1datawarehouse/lib/python3.9/site-packages/airflow/example_dags/example_nested_branch_dag.py for tasks to queue
[2024-02-24T13:15:02.622-0600] {logging_mixin.py:188} INFO - [2024-02-24T13:15:02.622-0600] {dagbag.py:538} INFO - Filling up the DagBag from /Users/vamseekrishna/Desktop/F1_Data_Warehouse/f1datawarehouse/lib/python3.9/site-packages/airflow/example_dags/example_nested_branch_dag.py
[2024-02-24T13:15:02.637-0600] {processor.py:840} INFO - DAG(s) 'example_nested_branch_dag' retrieved from /Users/vamseekrishna/Desktop/F1_Data_Warehouse/f1datawarehouse/lib/python3.9/site-packages/airflow/example_dags/example_nested_branch_dag.py
[2024-02-24T13:15:02.680-0600] {logging_mixin.py:188} INFO - [2024-02-24T13:15:02.680-0600] {dag.py:3036} INFO - Sync 1 DAGs
[2024-02-24T13:15:02.687-0600] {logging_mixin.py:188} INFO - [2024-02-24T13:15:02.687-0600] {dag.py:3823} INFO - Setting next_dagrun for example_nested_branch_dag to 2024-02-23 00:00:00+00:00, run_after=2024-02-24 00:00:00+00:00
[2024-02-24T13:15:02.694-0600] {processor.py:183} INFO - Processing /Users/vamseekrishna/Desktop/F1_Data_Warehouse/f1datawarehouse/lib/python3.9/site-packages/airflow/example_dags/example_nested_branch_dag.py took 0.075 seconds
[2024-02-24T13:16:54.345-0600] {processor.py:161} INFO - Started process (PID=78536) to work on /Users/vamseekrishna/Desktop/F1_Data_Warehouse/f1datawarehouse/lib/python3.9/site-packages/airflow/example_dags/example_nested_branch_dag.py
[2024-02-24T13:16:54.347-0600] {processor.py:830} INFO - Processing file /Users/vamseekrishna/Desktop/F1_Data_Warehouse/f1datawarehouse/lib/python3.9/site-packages/airflow/example_dags/example_nested_branch_dag.py for tasks to queue
[2024-02-24T13:16:54.348-0600] {logging_mixin.py:188} INFO - [2024-02-24T13:16:54.347-0600] {dagbag.py:538} INFO - Filling up the DagBag from /Users/vamseekrishna/Desktop/F1_Data_Warehouse/f1datawarehouse/lib/python3.9/site-packages/airflow/example_dags/example_nested_branch_dag.py
[2024-02-24T13:16:54.363-0600] {processor.py:840} INFO - DAG(s) 'example_nested_branch_dag' retrieved from /Users/vamseekrishna/Desktop/F1_Data_Warehouse/f1datawarehouse/lib/python3.9/site-packages/airflow/example_dags/example_nested_branch_dag.py
[2024-02-24T13:16:54.406-0600] {logging_mixin.py:188} INFO - [2024-02-24T13:16:54.406-0600] {dag.py:3036} INFO - Sync 1 DAGs
[2024-02-24T13:16:54.413-0600] {logging_mixin.py:188} INFO - [2024-02-24T13:16:54.413-0600] {dag.py:3823} INFO - Setting next_dagrun for example_nested_branch_dag to 2024-02-23 00:00:00+00:00, run_after=2024-02-24 00:00:00+00:00
[2024-02-24T13:16:54.420-0600] {processor.py:183} INFO - Processing /Users/vamseekrishna/Desktop/F1_Data_Warehouse/f1datawarehouse/lib/python3.9/site-packages/airflow/example_dags/example_nested_branch_dag.py took 0.076 seconds
[2024-02-24T13:18:47.247-0600] {processor.py:161} INFO - Started process (PID=78627) to work on /Users/vamseekrishna/Desktop/F1_Data_Warehouse/f1datawarehouse/lib/python3.9/site-packages/airflow/example_dags/example_nested_branch_dag.py
[2024-02-24T13:18:47.248-0600] {processor.py:830} INFO - Processing file /Users/vamseekrishna/Desktop/F1_Data_Warehouse/f1datawarehouse/lib/python3.9/site-packages/airflow/example_dags/example_nested_branch_dag.py for tasks to queue
[2024-02-24T13:18:47.249-0600] {logging_mixin.py:188} INFO - [2024-02-24T13:18:47.249-0600] {dagbag.py:538} INFO - Filling up the DagBag from /Users/vamseekrishna/Desktop/F1_Data_Warehouse/f1datawarehouse/lib/python3.9/site-packages/airflow/example_dags/example_nested_branch_dag.py
[2024-02-24T13:18:47.264-0600] {processor.py:840} INFO - DAG(s) 'example_nested_branch_dag' retrieved from /Users/vamseekrishna/Desktop/F1_Data_Warehouse/f1datawarehouse/lib/python3.9/site-packages/airflow/example_dags/example_nested_branch_dag.py
[2024-02-24T13:18:47.308-0600] {logging_mixin.py:188} INFO - [2024-02-24T13:18:47.308-0600] {dag.py:3036} INFO - Sync 1 DAGs
[2024-02-24T13:18:47.315-0600] {logging_mixin.py:188} INFO - [2024-02-24T13:18:47.315-0600] {dag.py:3823} INFO - Setting next_dagrun for example_nested_branch_dag to 2024-02-23 00:00:00+00:00, run_after=2024-02-24 00:00:00+00:00
[2024-02-24T13:18:47.322-0600] {processor.py:183} INFO - Processing /Users/vamseekrishna/Desktop/F1_Data_Warehouse/f1datawarehouse/lib/python3.9/site-packages/airflow/example_dags/example_nested_branch_dag.py took 0.076 seconds
[2024-02-24T13:20:36.737-0600] {processor.py:161} INFO - Started process (PID=78710) to work on /Users/vamseekrishna/Desktop/F1_Data_Warehouse/f1datawarehouse/lib/python3.9/site-packages/airflow/example_dags/example_nested_branch_dag.py
[2024-02-24T13:20:36.739-0600] {processor.py:830} INFO - Processing file /Users/vamseekrishna/Desktop/F1_Data_Warehouse/f1datawarehouse/lib/python3.9/site-packages/airflow/example_dags/example_nested_branch_dag.py for tasks to queue
[2024-02-24T13:20:36.739-0600] {logging_mixin.py:188} INFO - [2024-02-24T13:20:36.739-0600] {dagbag.py:538} INFO - Filling up the DagBag from /Users/vamseekrishna/Desktop/F1_Data_Warehouse/f1datawarehouse/lib/python3.9/site-packages/airflow/example_dags/example_nested_branch_dag.py
[2024-02-24T13:20:36.755-0600] {processor.py:840} INFO - DAG(s) 'example_nested_branch_dag' retrieved from /Users/vamseekrishna/Desktop/F1_Data_Warehouse/f1datawarehouse/lib/python3.9/site-packages/airflow/example_dags/example_nested_branch_dag.py
[2024-02-24T13:20:36.798-0600] {logging_mixin.py:188} INFO - [2024-02-24T13:20:36.798-0600] {dag.py:3036} INFO - Sync 1 DAGs
[2024-02-24T13:20:36.804-0600] {logging_mixin.py:188} INFO - [2024-02-24T13:20:36.804-0600] {dag.py:3823} INFO - Setting next_dagrun for example_nested_branch_dag to 2024-02-23 00:00:00+00:00, run_after=2024-02-24 00:00:00+00:00
[2024-02-24T13:20:36.812-0600] {processor.py:183} INFO - Processing /Users/vamseekrishna/Desktop/F1_Data_Warehouse/f1datawarehouse/lib/python3.9/site-packages/airflow/example_dags/example_nested_branch_dag.py took 0.076 seconds
[2024-02-24T13:22:25.567-0600] {processor.py:161} INFO - Started process (PID=78797) to work on /Users/vamseekrishna/Desktop/F1_Data_Warehouse/f1datawarehouse/lib/python3.9/site-packages/airflow/example_dags/example_nested_branch_dag.py
[2024-02-24T13:22:25.568-0600] {processor.py:830} INFO - Processing file /Users/vamseekrishna/Desktop/F1_Data_Warehouse/f1datawarehouse/lib/python3.9/site-packages/airflow/example_dags/example_nested_branch_dag.py for tasks to queue
[2024-02-24T13:22:25.568-0600] {logging_mixin.py:188} INFO - [2024-02-24T13:22:25.568-0600] {dagbag.py:538} INFO - Filling up the DagBag from /Users/vamseekrishna/Desktop/F1_Data_Warehouse/f1datawarehouse/lib/python3.9/site-packages/airflow/example_dags/example_nested_branch_dag.py
[2024-02-24T13:22:25.586-0600] {processor.py:840} INFO - DAG(s) 'example_nested_branch_dag' retrieved from /Users/vamseekrishna/Desktop/F1_Data_Warehouse/f1datawarehouse/lib/python3.9/site-packages/airflow/example_dags/example_nested_branch_dag.py
[2024-02-24T13:22:25.634-0600] {logging_mixin.py:188} INFO - [2024-02-24T13:22:25.634-0600] {dag.py:3036} INFO - Sync 1 DAGs
[2024-02-24T13:22:25.641-0600] {logging_mixin.py:188} INFO - [2024-02-24T13:22:25.641-0600] {dag.py:3823} INFO - Setting next_dagrun for example_nested_branch_dag to 2024-02-23 00:00:00+00:00, run_after=2024-02-24 00:00:00+00:00
[2024-02-24T13:22:25.649-0600] {processor.py:183} INFO - Processing /Users/vamseekrishna/Desktop/F1_Data_Warehouse/f1datawarehouse/lib/python3.9/site-packages/airflow/example_dags/example_nested_branch_dag.py took 0.083 seconds
[2024-02-24T13:24:22.873-0600] {processor.py:161} INFO - Started process (PID=78923) to work on /Users/vamseekrishna/Desktop/F1_Data_Warehouse/f1datawarehouse/lib/python3.9/site-packages/airflow/example_dags/example_nested_branch_dag.py
[2024-02-24T13:24:22.875-0600] {processor.py:830} INFO - Processing file /Users/vamseekrishna/Desktop/F1_Data_Warehouse/f1datawarehouse/lib/python3.9/site-packages/airflow/example_dags/example_nested_branch_dag.py for tasks to queue
[2024-02-24T13:24:22.876-0600] {logging_mixin.py:188} INFO - [2024-02-24T13:24:22.876-0600] {dagbag.py:538} INFO - Filling up the DagBag from /Users/vamseekrishna/Desktop/F1_Data_Warehouse/f1datawarehouse/lib/python3.9/site-packages/airflow/example_dags/example_nested_branch_dag.py
[2024-02-24T13:24:22.891-0600] {processor.py:840} INFO - DAG(s) 'example_nested_branch_dag' retrieved from /Users/vamseekrishna/Desktop/F1_Data_Warehouse/f1datawarehouse/lib/python3.9/site-packages/airflow/example_dags/example_nested_branch_dag.py
[2024-02-24T13:24:22.933-0600] {logging_mixin.py:188} INFO - [2024-02-24T13:24:22.933-0600] {dag.py:3036} INFO - Sync 1 DAGs
[2024-02-24T13:24:22.940-0600] {logging_mixin.py:188} INFO - [2024-02-24T13:24:22.940-0600] {dag.py:3823} INFO - Setting next_dagrun for example_nested_branch_dag to 2024-02-23 00:00:00+00:00, run_after=2024-02-24 00:00:00+00:00
[2024-02-24T13:24:22.947-0600] {processor.py:183} INFO - Processing /Users/vamseekrishna/Desktop/F1_Data_Warehouse/f1datawarehouse/lib/python3.9/site-packages/airflow/example_dags/example_nested_branch_dag.py took 0.074 seconds
[2024-02-24T13:26:14.325-0600] {processor.py:161} INFO - Started process (PID=79021) to work on /Users/vamseekrishna/Desktop/F1_Data_Warehouse/f1datawarehouse/lib/python3.9/site-packages/airflow/example_dags/example_nested_branch_dag.py
[2024-02-24T13:26:14.327-0600] {processor.py:830} INFO - Processing file /Users/vamseekrishna/Desktop/F1_Data_Warehouse/f1datawarehouse/lib/python3.9/site-packages/airflow/example_dags/example_nested_branch_dag.py for tasks to queue
[2024-02-24T13:26:14.327-0600] {logging_mixin.py:188} INFO - [2024-02-24T13:26:14.327-0600] {dagbag.py:538} INFO - Filling up the DagBag from /Users/vamseekrishna/Desktop/F1_Data_Warehouse/f1datawarehouse/lib/python3.9/site-packages/airflow/example_dags/example_nested_branch_dag.py
[2024-02-24T13:26:14.346-0600] {processor.py:840} INFO - DAG(s) 'example_nested_branch_dag' retrieved from /Users/vamseekrishna/Desktop/F1_Data_Warehouse/f1datawarehouse/lib/python3.9/site-packages/airflow/example_dags/example_nested_branch_dag.py
[2024-02-24T13:26:14.392-0600] {logging_mixin.py:188} INFO - [2024-02-24T13:26:14.392-0600] {dag.py:3036} INFO - Sync 1 DAGs
[2024-02-24T13:26:14.400-0600] {logging_mixin.py:188} INFO - [2024-02-24T13:26:14.400-0600] {dag.py:3823} INFO - Setting next_dagrun for example_nested_branch_dag to 2024-02-23 00:00:00+00:00, run_after=2024-02-24 00:00:00+00:00
[2024-02-24T13:26:14.408-0600] {processor.py:183} INFO - Processing /Users/vamseekrishna/Desktop/F1_Data_Warehouse/f1datawarehouse/lib/python3.9/site-packages/airflow/example_dags/example_nested_branch_dag.py took 0.083 seconds
[2024-02-24T13:27:59.356-0600] {processor.py:161} INFO - Started process (PID=79146) to work on /Users/vamseekrishna/Desktop/F1_Data_Warehouse/f1datawarehouse/lib/python3.9/site-packages/airflow/example_dags/example_nested_branch_dag.py
[2024-02-24T13:27:59.358-0600] {processor.py:830} INFO - Processing file /Users/vamseekrishna/Desktop/F1_Data_Warehouse/f1datawarehouse/lib/python3.9/site-packages/airflow/example_dags/example_nested_branch_dag.py for tasks to queue
[2024-02-24T13:27:59.358-0600] {logging_mixin.py:188} INFO - [2024-02-24T13:27:59.358-0600] {dagbag.py:538} INFO - Filling up the DagBag from /Users/vamseekrishna/Desktop/F1_Data_Warehouse/f1datawarehouse/lib/python3.9/site-packages/airflow/example_dags/example_nested_branch_dag.py
[2024-02-24T13:27:59.373-0600] {processor.py:840} INFO - DAG(s) 'example_nested_branch_dag' retrieved from /Users/vamseekrishna/Desktop/F1_Data_Warehouse/f1datawarehouse/lib/python3.9/site-packages/airflow/example_dags/example_nested_branch_dag.py
[2024-02-24T13:27:59.417-0600] {logging_mixin.py:188} INFO - [2024-02-24T13:27:59.417-0600] {dag.py:3036} INFO - Sync 1 DAGs
[2024-02-24T13:27:59.423-0600] {logging_mixin.py:188} INFO - [2024-02-24T13:27:59.423-0600] {dag.py:3823} INFO - Setting next_dagrun for example_nested_branch_dag to 2024-02-23 00:00:00+00:00, run_after=2024-02-24 00:00:00+00:00
[2024-02-24T13:27:59.431-0600] {processor.py:183} INFO - Processing /Users/vamseekrishna/Desktop/F1_Data_Warehouse/f1datawarehouse/lib/python3.9/site-packages/airflow/example_dags/example_nested_branch_dag.py took 0.076 seconds
[2024-02-24T13:29:47.227-0600] {processor.py:161} INFO - Started process (PID=79306) to work on /Users/vamseekrishna/Desktop/F1_Data_Warehouse/f1datawarehouse/lib/python3.9/site-packages/airflow/example_dags/example_nested_branch_dag.py
[2024-02-24T13:29:47.228-0600] {processor.py:830} INFO - Processing file /Users/vamseekrishna/Desktop/F1_Data_Warehouse/f1datawarehouse/lib/python3.9/site-packages/airflow/example_dags/example_nested_branch_dag.py for tasks to queue
[2024-02-24T13:29:47.228-0600] {logging_mixin.py:188} INFO - [2024-02-24T13:29:47.228-0600] {dagbag.py:538} INFO - Filling up the DagBag from /Users/vamseekrishna/Desktop/F1_Data_Warehouse/f1datawarehouse/lib/python3.9/site-packages/airflow/example_dags/example_nested_branch_dag.py
[2024-02-24T13:29:47.244-0600] {processor.py:840} INFO - DAG(s) 'example_nested_branch_dag' retrieved from /Users/vamseekrishna/Desktop/F1_Data_Warehouse/f1datawarehouse/lib/python3.9/site-packages/airflow/example_dags/example_nested_branch_dag.py
[2024-02-24T13:29:47.286-0600] {logging_mixin.py:188} INFO - [2024-02-24T13:29:47.286-0600] {dag.py:3036} INFO - Sync 1 DAGs
[2024-02-24T13:29:47.293-0600] {logging_mixin.py:188} INFO - [2024-02-24T13:29:47.293-0600] {dag.py:3823} INFO - Setting next_dagrun for example_nested_branch_dag to 2024-02-23 00:00:00+00:00, run_after=2024-02-24 00:00:00+00:00
[2024-02-24T13:29:47.301-0600] {processor.py:183} INFO - Processing /Users/vamseekrishna/Desktop/F1_Data_Warehouse/f1datawarehouse/lib/python3.9/site-packages/airflow/example_dags/example_nested_branch_dag.py took 0.074 seconds
