[2024-02-24T11:48:30.516-0600] {processor.py:161} INFO - Started process (PID=75031) to work on /Users/vamseekrishna/Desktop/F1_Data_Warehouse/f1datawarehouse/lib/python3.9/site-packages/airflow/example_dags/example_complex.py
[2024-02-24T11:48:30.517-0600] {processor.py:830} INFO - Processing file /Users/vamseekrishna/Desktop/F1_Data_Warehouse/f1datawarehouse/lib/python3.9/site-packages/airflow/example_dags/example_complex.py for tasks to queue
[2024-02-24T11:48:30.518-0600] {logging_mixin.py:188} INFO - [2024-02-24T11:48:30.518-0600] {dagbag.py:538} INFO - Filling up the DagBag from /Users/vamseekrishna/Desktop/F1_Data_Warehouse/f1datawarehouse/lib/python3.9/site-packages/airflow/example_dags/example_complex.py
[2024-02-24T11:48:30.524-0600] {processor.py:840} INFO - DAG(s) 'example_complex' retrieved from /Users/vamseekrishna/Desktop/F1_Data_Warehouse/f1datawarehouse/lib/python3.9/site-packages/airflow/example_dags/example_complex.py
[2024-02-24T11:48:30.613-0600] {logging_mixin.py:188} INFO - [2024-02-24T11:48:30.613-0600] {override.py:1769} INFO - Created Permission View: can delete on DAG:example_complex
[2024-02-24T11:48:30.617-0600] {logging_mixin.py:188} INFO - [2024-02-24T11:48:30.617-0600] {override.py:1769} INFO - Created Permission View: can read on DAG:example_complex
[2024-02-24T11:48:30.621-0600] {logging_mixin.py:188} INFO - [2024-02-24T11:48:30.620-0600] {override.py:1769} INFO - Created Permission View: can edit on DAG:example_complex
[2024-02-24T11:48:30.621-0600] {logging_mixin.py:188} INFO - [2024-02-24T11:48:30.621-0600] {dag.py:3036} INFO - Sync 1 DAGs
[2024-02-24T11:48:30.625-0600] {logging_mixin.py:188} INFO - [2024-02-24T11:48:30.625-0600] {dag.py:3058} INFO - Creating ORM DAG for example_complex
[2024-02-24T11:48:30.625-0600] {logging_mixin.py:188} INFO - [2024-02-24T11:48:30.625-0600] {dag.py:3823} INFO - Setting next_dagrun for example_complex to None, run_after=None
[2024-02-24T11:48:30.633-0600] {processor.py:183} INFO - Processing /Users/vamseekrishna/Desktop/F1_Data_Warehouse/f1datawarehouse/lib/python3.9/site-packages/airflow/example_dags/example_complex.py took 0.117 seconds
[2024-02-24T11:50:37.504-0600] {processor.py:161} INFO - Started process (PID=75286) to work on /Users/vamseekrishna/Desktop/F1_Data_Warehouse/f1datawarehouse/lib/python3.9/site-packages/airflow/example_dags/example_complex.py
[2024-02-24T11:50:37.506-0600] {processor.py:830} INFO - Processing file /Users/vamseekrishna/Desktop/F1_Data_Warehouse/f1datawarehouse/lib/python3.9/site-packages/airflow/example_dags/example_complex.py for tasks to queue
[2024-02-24T11:50:37.507-0600] {logging_mixin.py:188} INFO - [2024-02-24T11:50:37.507-0600] {dagbag.py:538} INFO - Filling up the DagBag from /Users/vamseekrishna/Desktop/F1_Data_Warehouse/f1datawarehouse/lib/python3.9/site-packages/airflow/example_dags/example_complex.py
[2024-02-24T11:50:37.513-0600] {processor.py:840} INFO - DAG(s) 'example_complex' retrieved from /Users/vamseekrishna/Desktop/F1_Data_Warehouse/f1datawarehouse/lib/python3.9/site-packages/airflow/example_dags/example_complex.py
[2024-02-24T11:50:37.565-0600] {logging_mixin.py:188} INFO - [2024-02-24T11:50:37.565-0600] {dag.py:3036} INFO - Sync 1 DAGs
[2024-02-24T11:50:37.569-0600] {logging_mixin.py:188} INFO - [2024-02-24T11:50:37.569-0600] {dag.py:3823} INFO - Setting next_dagrun for example_complex to None, run_after=None
[2024-02-24T11:50:37.579-0600] {processor.py:183} INFO - Processing /Users/vamseekrishna/Desktop/F1_Data_Warehouse/f1datawarehouse/lib/python3.9/site-packages/airflow/example_dags/example_complex.py took 0.076 seconds
[2024-02-24T11:52:58.089-0600] {processor.py:161} INFO - Started process (PID=75461) to work on /Users/vamseekrishna/Desktop/F1_Data_Warehouse/f1datawarehouse/lib/python3.9/site-packages/airflow/example_dags/example_complex.py
[2024-02-24T11:52:58.091-0600] {processor.py:830} INFO - Processing file /Users/vamseekrishna/Desktop/F1_Data_Warehouse/f1datawarehouse/lib/python3.9/site-packages/airflow/example_dags/example_complex.py for tasks to queue
[2024-02-24T11:52:58.091-0600] {logging_mixin.py:188} INFO - [2024-02-24T11:52:58.091-0600] {dagbag.py:538} INFO - Filling up the DagBag from /Users/vamseekrishna/Desktop/F1_Data_Warehouse/f1datawarehouse/lib/python3.9/site-packages/airflow/example_dags/example_complex.py
[2024-02-24T11:52:58.097-0600] {processor.py:840} INFO - DAG(s) 'example_complex' retrieved from /Users/vamseekrishna/Desktop/F1_Data_Warehouse/f1datawarehouse/lib/python3.9/site-packages/airflow/example_dags/example_complex.py
[2024-02-24T11:52:58.150-0600] {logging_mixin.py:188} INFO - [2024-02-24T11:52:58.149-0600] {dag.py:3036} INFO - Sync 1 DAGs
[2024-02-24T11:52:58.154-0600] {logging_mixin.py:188} INFO - [2024-02-24T11:52:58.154-0600] {dag.py:3823} INFO - Setting next_dagrun for example_complex to None, run_after=None
[2024-02-24T11:52:58.163-0600] {processor.py:183} INFO - Processing /Users/vamseekrishna/Desktop/F1_Data_Warehouse/f1datawarehouse/lib/python3.9/site-packages/airflow/example_dags/example_complex.py took 0.074 seconds
[2024-02-24T11:54:56.450-0600] {processor.py:161} INFO - Started process (PID=75553) to work on /Users/vamseekrishna/Desktop/F1_Data_Warehouse/f1datawarehouse/lib/python3.9/site-packages/airflow/example_dags/example_complex.py
[2024-02-24T11:54:56.452-0600] {processor.py:830} INFO - Processing file /Users/vamseekrishna/Desktop/F1_Data_Warehouse/f1datawarehouse/lib/python3.9/site-packages/airflow/example_dags/example_complex.py for tasks to queue
[2024-02-24T11:54:56.452-0600] {logging_mixin.py:188} INFO - [2024-02-24T11:54:56.452-0600] {dagbag.py:538} INFO - Filling up the DagBag from /Users/vamseekrishna/Desktop/F1_Data_Warehouse/f1datawarehouse/lib/python3.9/site-packages/airflow/example_dags/example_complex.py
[2024-02-24T11:54:56.458-0600] {processor.py:840} INFO - DAG(s) 'example_complex' retrieved from /Users/vamseekrishna/Desktop/F1_Data_Warehouse/f1datawarehouse/lib/python3.9/site-packages/airflow/example_dags/example_complex.py
[2024-02-24T11:54:56.511-0600] {logging_mixin.py:188} INFO - [2024-02-24T11:54:56.511-0600] {dag.py:3036} INFO - Sync 1 DAGs
[2024-02-24T11:54:56.517-0600] {logging_mixin.py:188} INFO - [2024-02-24T11:54:56.517-0600] {dag.py:3823} INFO - Setting next_dagrun for example_complex to None, run_after=None
[2024-02-24T11:54:56.525-0600] {processor.py:183} INFO - Processing /Users/vamseekrishna/Desktop/F1_Data_Warehouse/f1datawarehouse/lib/python3.9/site-packages/airflow/example_dags/example_complex.py took 0.075 seconds
[2024-02-24T11:56:48.202-0600] {processor.py:161} INFO - Started process (PID=75650) to work on /Users/vamseekrishna/Desktop/F1_Data_Warehouse/f1datawarehouse/lib/python3.9/site-packages/airflow/example_dags/example_complex.py
[2024-02-24T11:56:48.204-0600] {processor.py:830} INFO - Processing file /Users/vamseekrishna/Desktop/F1_Data_Warehouse/f1datawarehouse/lib/python3.9/site-packages/airflow/example_dags/example_complex.py for tasks to queue
[2024-02-24T11:56:48.204-0600] {logging_mixin.py:188} INFO - [2024-02-24T11:56:48.204-0600] {dagbag.py:538} INFO - Filling up the DagBag from /Users/vamseekrishna/Desktop/F1_Data_Warehouse/f1datawarehouse/lib/python3.9/site-packages/airflow/example_dags/example_complex.py
[2024-02-24T11:56:48.213-0600] {processor.py:840} INFO - DAG(s) 'example_complex' retrieved from /Users/vamseekrishna/Desktop/F1_Data_Warehouse/f1datawarehouse/lib/python3.9/site-packages/airflow/example_dags/example_complex.py
[2024-02-24T11:56:48.276-0600] {logging_mixin.py:188} INFO - [2024-02-24T11:56:48.275-0600] {dag.py:3036} INFO - Sync 1 DAGs
[2024-02-24T11:56:48.283-0600] {logging_mixin.py:188} INFO - [2024-02-24T11:56:48.283-0600] {dag.py:3823} INFO - Setting next_dagrun for example_complex to None, run_after=None
[2024-02-24T11:56:48.292-0600] {processor.py:183} INFO - Processing /Users/vamseekrishna/Desktop/F1_Data_Warehouse/f1datawarehouse/lib/python3.9/site-packages/airflow/example_dags/example_complex.py took 0.091 seconds
[2024-02-24T11:58:53.319-0600] {processor.py:161} INFO - Started process (PID=75764) to work on /Users/vamseekrishna/Desktop/F1_Data_Warehouse/f1datawarehouse/lib/python3.9/site-packages/airflow/example_dags/example_complex.py
[2024-02-24T11:58:53.322-0600] {processor.py:830} INFO - Processing file /Users/vamseekrishna/Desktop/F1_Data_Warehouse/f1datawarehouse/lib/python3.9/site-packages/airflow/example_dags/example_complex.py for tasks to queue
[2024-02-24T11:58:53.323-0600] {logging_mixin.py:188} INFO - [2024-02-24T11:58:53.323-0600] {dagbag.py:538} INFO - Filling up the DagBag from /Users/vamseekrishna/Desktop/F1_Data_Warehouse/f1datawarehouse/lib/python3.9/site-packages/airflow/example_dags/example_complex.py
[2024-02-24T11:58:53.332-0600] {processor.py:840} INFO - DAG(s) 'example_complex' retrieved from /Users/vamseekrishna/Desktop/F1_Data_Warehouse/f1datawarehouse/lib/python3.9/site-packages/airflow/example_dags/example_complex.py
[2024-02-24T11:58:53.396-0600] {logging_mixin.py:188} INFO - [2024-02-24T11:58:53.396-0600] {dag.py:3036} INFO - Sync 1 DAGs
[2024-02-24T11:58:53.403-0600] {logging_mixin.py:188} INFO - [2024-02-24T11:58:53.403-0600] {dag.py:3823} INFO - Setting next_dagrun for example_complex to None, run_after=None
[2024-02-24T11:58:53.414-0600] {processor.py:183} INFO - Processing /Users/vamseekrishna/Desktop/F1_Data_Warehouse/f1datawarehouse/lib/python3.9/site-packages/airflow/example_dags/example_complex.py took 0.096 seconds
[2024-02-24T12:01:07.630-0600] {processor.py:161} INFO - Started process (PID=75973) to work on /Users/vamseekrishna/Desktop/F1_Data_Warehouse/f1datawarehouse/lib/python3.9/site-packages/airflow/example_dags/example_complex.py
[2024-02-24T12:01:07.632-0600] {processor.py:830} INFO - Processing file /Users/vamseekrishna/Desktop/F1_Data_Warehouse/f1datawarehouse/lib/python3.9/site-packages/airflow/example_dags/example_complex.py for tasks to queue
[2024-02-24T12:01:07.632-0600] {logging_mixin.py:188} INFO - [2024-02-24T12:01:07.632-0600] {dagbag.py:538} INFO - Filling up the DagBag from /Users/vamseekrishna/Desktop/F1_Data_Warehouse/f1datawarehouse/lib/python3.9/site-packages/airflow/example_dags/example_complex.py
[2024-02-24T12:01:07.638-0600] {processor.py:840} INFO - DAG(s) 'example_complex' retrieved from /Users/vamseekrishna/Desktop/F1_Data_Warehouse/f1datawarehouse/lib/python3.9/site-packages/airflow/example_dags/example_complex.py
[2024-02-24T12:01:07.690-0600] {logging_mixin.py:188} INFO - [2024-02-24T12:01:07.690-0600] {dag.py:3036} INFO - Sync 1 DAGs
[2024-02-24T12:01:07.694-0600] {logging_mixin.py:188} INFO - [2024-02-24T12:01:07.694-0600] {dag.py:3823} INFO - Setting next_dagrun for example_complex to None, run_after=None
[2024-02-24T12:01:07.704-0600] {processor.py:183} INFO - Processing /Users/vamseekrishna/Desktop/F1_Data_Warehouse/f1datawarehouse/lib/python3.9/site-packages/airflow/example_dags/example_complex.py took 0.075 seconds
[2024-02-24T12:03:04.452-0600] {processor.py:161} INFO - Started process (PID=76096) to work on /Users/vamseekrishna/Desktop/F1_Data_Warehouse/f1datawarehouse/lib/python3.9/site-packages/airflow/example_dags/example_complex.py
[2024-02-24T12:03:04.454-0600] {processor.py:830} INFO - Processing file /Users/vamseekrishna/Desktop/F1_Data_Warehouse/f1datawarehouse/lib/python3.9/site-packages/airflow/example_dags/example_complex.py for tasks to queue
[2024-02-24T12:03:04.454-0600] {logging_mixin.py:188} INFO - [2024-02-24T12:03:04.454-0600] {dagbag.py:538} INFO - Filling up the DagBag from /Users/vamseekrishna/Desktop/F1_Data_Warehouse/f1datawarehouse/lib/python3.9/site-packages/airflow/example_dags/example_complex.py
[2024-02-24T12:03:04.460-0600] {processor.py:840} INFO - DAG(s) 'example_complex' retrieved from /Users/vamseekrishna/Desktop/F1_Data_Warehouse/f1datawarehouse/lib/python3.9/site-packages/airflow/example_dags/example_complex.py
[2024-02-24T12:03:04.511-0600] {logging_mixin.py:188} INFO - [2024-02-24T12:03:04.511-0600] {dag.py:3036} INFO - Sync 1 DAGs
[2024-02-24T12:03:04.516-0600] {logging_mixin.py:188} INFO - [2024-02-24T12:03:04.516-0600] {dag.py:3823} INFO - Setting next_dagrun for example_complex to None, run_after=None
[2024-02-24T12:03:04.531-0600] {processor.py:183} INFO - Processing /Users/vamseekrishna/Desktop/F1_Data_Warehouse/f1datawarehouse/lib/python3.9/site-packages/airflow/example_dags/example_complex.py took 0.079 seconds
[2024-02-24T12:37:29.706-0600] {processor.py:161} INFO - Started process (PID=76316) to work on /Users/vamseekrishna/Desktop/F1_Data_Warehouse/f1datawarehouse/lib/python3.9/site-packages/airflow/example_dags/example_complex.py
[2024-02-24T12:37:29.708-0600] {processor.py:830} INFO - Processing file /Users/vamseekrishna/Desktop/F1_Data_Warehouse/f1datawarehouse/lib/python3.9/site-packages/airflow/example_dags/example_complex.py for tasks to queue
[2024-02-24T12:37:29.708-0600] {logging_mixin.py:188} INFO - [2024-02-24T12:37:29.708-0600] {dagbag.py:538} INFO - Filling up the DagBag from /Users/vamseekrishna/Desktop/F1_Data_Warehouse/f1datawarehouse/lib/python3.9/site-packages/airflow/example_dags/example_complex.py
[2024-02-24T12:37:29.715-0600] {processor.py:840} INFO - DAG(s) 'example_complex' retrieved from /Users/vamseekrishna/Desktop/F1_Data_Warehouse/f1datawarehouse/lib/python3.9/site-packages/airflow/example_dags/example_complex.py
[2024-02-24T12:37:29.766-0600] {logging_mixin.py:188} INFO - [2024-02-24T12:37:29.766-0600] {dag.py:3036} INFO - Sync 1 DAGs
[2024-02-24T12:37:29.770-0600] {logging_mixin.py:188} INFO - [2024-02-24T12:37:29.770-0600] {dag.py:3823} INFO - Setting next_dagrun for example_complex to None, run_after=None
[2024-02-24T12:37:29.779-0600] {processor.py:183} INFO - Processing /Users/vamseekrishna/Desktop/F1_Data_Warehouse/f1datawarehouse/lib/python3.9/site-packages/airflow/example_dags/example_complex.py took 0.074 seconds
[2024-02-24T12:39:37.456-0600] {processor.py:161} INFO - Started process (PID=76478) to work on /Users/vamseekrishna/Desktop/F1_Data_Warehouse/f1datawarehouse/lib/python3.9/site-packages/airflow/example_dags/example_complex.py
[2024-02-24T12:39:37.459-0600] {processor.py:830} INFO - Processing file /Users/vamseekrishna/Desktop/F1_Data_Warehouse/f1datawarehouse/lib/python3.9/site-packages/airflow/example_dags/example_complex.py for tasks to queue
[2024-02-24T12:39:37.459-0600] {logging_mixin.py:188} INFO - [2024-02-24T12:39:37.459-0600] {dagbag.py:538} INFO - Filling up the DagBag from /Users/vamseekrishna/Desktop/F1_Data_Warehouse/f1datawarehouse/lib/python3.9/site-packages/airflow/example_dags/example_complex.py
[2024-02-24T12:39:37.464-0600] {processor.py:840} INFO - DAG(s) 'example_complex' retrieved from /Users/vamseekrishna/Desktop/F1_Data_Warehouse/f1datawarehouse/lib/python3.9/site-packages/airflow/example_dags/example_complex.py
[2024-02-24T12:39:37.516-0600] {logging_mixin.py:188} INFO - [2024-02-24T12:39:37.516-0600] {dag.py:3036} INFO - Sync 1 DAGs
[2024-02-24T12:39:37.520-0600] {logging_mixin.py:188} INFO - [2024-02-24T12:39:37.520-0600] {dag.py:3823} INFO - Setting next_dagrun for example_complex to None, run_after=None
[2024-02-24T12:39:37.530-0600] {processor.py:183} INFO - Processing /Users/vamseekrishna/Desktop/F1_Data_Warehouse/f1datawarehouse/lib/python3.9/site-packages/airflow/example_dags/example_complex.py took 0.074 seconds
[2024-02-24T12:41:35.173-0600] {processor.py:161} INFO - Started process (PID=76593) to work on /Users/vamseekrishna/Desktop/F1_Data_Warehouse/f1datawarehouse/lib/python3.9/site-packages/airflow/example_dags/example_complex.py
[2024-02-24T12:41:35.176-0600] {processor.py:830} INFO - Processing file /Users/vamseekrishna/Desktop/F1_Data_Warehouse/f1datawarehouse/lib/python3.9/site-packages/airflow/example_dags/example_complex.py for tasks to queue
[2024-02-24T12:41:35.176-0600] {logging_mixin.py:188} INFO - [2024-02-24T12:41:35.176-0600] {dagbag.py:538} INFO - Filling up the DagBag from /Users/vamseekrishna/Desktop/F1_Data_Warehouse/f1datawarehouse/lib/python3.9/site-packages/airflow/example_dags/example_complex.py
[2024-02-24T12:41:35.182-0600] {processor.py:840} INFO - DAG(s) 'example_complex' retrieved from /Users/vamseekrishna/Desktop/F1_Data_Warehouse/f1datawarehouse/lib/python3.9/site-packages/airflow/example_dags/example_complex.py
[2024-02-24T12:41:35.234-0600] {logging_mixin.py:188} INFO - [2024-02-24T12:41:35.234-0600] {dag.py:3036} INFO - Sync 1 DAGs
[2024-02-24T12:41:35.238-0600] {logging_mixin.py:188} INFO - [2024-02-24T12:41:35.238-0600] {dag.py:3823} INFO - Setting next_dagrun for example_complex to None, run_after=None
[2024-02-24T12:41:35.247-0600] {processor.py:183} INFO - Processing /Users/vamseekrishna/Desktop/F1_Data_Warehouse/f1datawarehouse/lib/python3.9/site-packages/airflow/example_dags/example_complex.py took 0.074 seconds
[2024-02-24T12:43:40.593-0600] {processor.py:161} INFO - Started process (PID=76718) to work on /Users/vamseekrishna/Desktop/F1_Data_Warehouse/f1datawarehouse/lib/python3.9/site-packages/airflow/example_dags/example_complex.py
[2024-02-24T12:43:40.595-0600] {processor.py:830} INFO - Processing file /Users/vamseekrishna/Desktop/F1_Data_Warehouse/f1datawarehouse/lib/python3.9/site-packages/airflow/example_dags/example_complex.py for tasks to queue
[2024-02-24T12:43:40.596-0600] {logging_mixin.py:188} INFO - [2024-02-24T12:43:40.596-0600] {dagbag.py:538} INFO - Filling up the DagBag from /Users/vamseekrishna/Desktop/F1_Data_Warehouse/f1datawarehouse/lib/python3.9/site-packages/airflow/example_dags/example_complex.py
[2024-02-24T12:43:40.601-0600] {processor.py:840} INFO - DAG(s) 'example_complex' retrieved from /Users/vamseekrishna/Desktop/F1_Data_Warehouse/f1datawarehouse/lib/python3.9/site-packages/airflow/example_dags/example_complex.py
[2024-02-24T12:43:40.653-0600] {logging_mixin.py:188} INFO - [2024-02-24T12:43:40.652-0600] {dag.py:3036} INFO - Sync 1 DAGs
[2024-02-24T12:43:40.658-0600] {logging_mixin.py:188} INFO - [2024-02-24T12:43:40.657-0600] {dag.py:3823} INFO - Setting next_dagrun for example_complex to None, run_after=None
[2024-02-24T12:43:40.667-0600] {processor.py:183} INFO - Processing /Users/vamseekrishna/Desktop/F1_Data_Warehouse/f1datawarehouse/lib/python3.9/site-packages/airflow/example_dags/example_complex.py took 0.075 seconds
[2024-02-24T12:46:03.095-0600] {processor.py:161} INFO - Started process (PID=76965) to work on /Users/vamseekrishna/Desktop/F1_Data_Warehouse/f1datawarehouse/lib/python3.9/site-packages/airflow/example_dags/example_complex.py
[2024-02-24T12:46:03.097-0600] {processor.py:830} INFO - Processing file /Users/vamseekrishna/Desktop/F1_Data_Warehouse/f1datawarehouse/lib/python3.9/site-packages/airflow/example_dags/example_complex.py for tasks to queue
[2024-02-24T12:46:03.097-0600] {logging_mixin.py:188} INFO - [2024-02-24T12:46:03.097-0600] {dagbag.py:538} INFO - Filling up the DagBag from /Users/vamseekrishna/Desktop/F1_Data_Warehouse/f1datawarehouse/lib/python3.9/site-packages/airflow/example_dags/example_complex.py
[2024-02-24T12:46:03.104-0600] {processor.py:840} INFO - DAG(s) 'example_complex' retrieved from /Users/vamseekrishna/Desktop/F1_Data_Warehouse/f1datawarehouse/lib/python3.9/site-packages/airflow/example_dags/example_complex.py
[2024-02-24T12:46:03.157-0600] {logging_mixin.py:188} INFO - [2024-02-24T12:46:03.157-0600] {dag.py:3036} INFO - Sync 1 DAGs
[2024-02-24T12:46:03.162-0600] {logging_mixin.py:188} INFO - [2024-02-24T12:46:03.161-0600] {dag.py:3823} INFO - Setting next_dagrun for example_complex to None, run_after=None
[2024-02-24T12:46:03.171-0600] {processor.py:183} INFO - Processing /Users/vamseekrishna/Desktop/F1_Data_Warehouse/f1datawarehouse/lib/python3.9/site-packages/airflow/example_dags/example_complex.py took 0.077 seconds
[2024-02-24T12:48:10.327-0600] {processor.py:161} INFO - Started process (PID=77071) to work on /Users/vamseekrishna/Desktop/F1_Data_Warehouse/f1datawarehouse/lib/python3.9/site-packages/airflow/example_dags/example_complex.py
[2024-02-24T12:48:10.328-0600] {processor.py:830} INFO - Processing file /Users/vamseekrishna/Desktop/F1_Data_Warehouse/f1datawarehouse/lib/python3.9/site-packages/airflow/example_dags/example_complex.py for tasks to queue
[2024-02-24T12:48:10.329-0600] {logging_mixin.py:188} INFO - [2024-02-24T12:48:10.329-0600] {dagbag.py:538} INFO - Filling up the DagBag from /Users/vamseekrishna/Desktop/F1_Data_Warehouse/f1datawarehouse/lib/python3.9/site-packages/airflow/example_dags/example_complex.py
[2024-02-24T12:48:10.337-0600] {processor.py:840} INFO - DAG(s) 'example_complex' retrieved from /Users/vamseekrishna/Desktop/F1_Data_Warehouse/f1datawarehouse/lib/python3.9/site-packages/airflow/example_dags/example_complex.py
[2024-02-24T12:48:10.403-0600] {logging_mixin.py:188} INFO - [2024-02-24T12:48:10.403-0600] {dag.py:3036} INFO - Sync 1 DAGs
[2024-02-24T12:48:10.408-0600] {logging_mixin.py:188} INFO - [2024-02-24T12:48:10.408-0600] {dag.py:3823} INFO - Setting next_dagrun for example_complex to None, run_after=None
[2024-02-24T12:48:10.419-0600] {processor.py:183} INFO - Processing /Users/vamseekrishna/Desktop/F1_Data_Warehouse/f1datawarehouse/lib/python3.9/site-packages/airflow/example_dags/example_complex.py took 0.092 seconds
[2024-02-24T12:50:18.651-0600] {processor.py:161} INFO - Started process (PID=77172) to work on /Users/vamseekrishna/Desktop/F1_Data_Warehouse/f1datawarehouse/lib/python3.9/site-packages/airflow/example_dags/example_complex.py
[2024-02-24T12:50:18.652-0600] {processor.py:830} INFO - Processing file /Users/vamseekrishna/Desktop/F1_Data_Warehouse/f1datawarehouse/lib/python3.9/site-packages/airflow/example_dags/example_complex.py for tasks to queue
[2024-02-24T12:50:18.652-0600] {logging_mixin.py:188} INFO - [2024-02-24T12:50:18.652-0600] {dagbag.py:538} INFO - Filling up the DagBag from /Users/vamseekrishna/Desktop/F1_Data_Warehouse/f1datawarehouse/lib/python3.9/site-packages/airflow/example_dags/example_complex.py
[2024-02-24T12:50:18.661-0600] {processor.py:840} INFO - DAG(s) 'example_complex' retrieved from /Users/vamseekrishna/Desktop/F1_Data_Warehouse/f1datawarehouse/lib/python3.9/site-packages/airflow/example_dags/example_complex.py
[2024-02-24T12:50:18.723-0600] {logging_mixin.py:188} INFO - [2024-02-24T12:50:18.722-0600] {dag.py:3036} INFO - Sync 1 DAGs
[2024-02-24T12:50:18.728-0600] {logging_mixin.py:188} INFO - [2024-02-24T12:50:18.728-0600] {dag.py:3823} INFO - Setting next_dagrun for example_complex to None, run_after=None
[2024-02-24T12:50:18.737-0600] {processor.py:183} INFO - Processing /Users/vamseekrishna/Desktop/F1_Data_Warehouse/f1datawarehouse/lib/python3.9/site-packages/airflow/example_dags/example_complex.py took 0.087 seconds
[2024-02-24T12:52:21.601-0600] {processor.py:161} INFO - Started process (PID=77281) to work on /Users/vamseekrishna/Desktop/F1_Data_Warehouse/f1datawarehouse/lib/python3.9/site-packages/airflow/example_dags/example_complex.py
[2024-02-24T12:52:21.603-0600] {processor.py:830} INFO - Processing file /Users/vamseekrishna/Desktop/F1_Data_Warehouse/f1datawarehouse/lib/python3.9/site-packages/airflow/example_dags/example_complex.py for tasks to queue
[2024-02-24T12:52:21.603-0600] {logging_mixin.py:188} INFO - [2024-02-24T12:52:21.603-0600] {dagbag.py:538} INFO - Filling up the DagBag from /Users/vamseekrishna/Desktop/F1_Data_Warehouse/f1datawarehouse/lib/python3.9/site-packages/airflow/example_dags/example_complex.py
[2024-02-24T12:52:21.610-0600] {processor.py:840} INFO - DAG(s) 'example_complex' retrieved from /Users/vamseekrishna/Desktop/F1_Data_Warehouse/f1datawarehouse/lib/python3.9/site-packages/airflow/example_dags/example_complex.py
[2024-02-24T12:52:21.667-0600] {logging_mixin.py:188} INFO - [2024-02-24T12:52:21.667-0600] {dag.py:3036} INFO - Sync 1 DAGs
[2024-02-24T12:52:21.671-0600] {logging_mixin.py:188} INFO - [2024-02-24T12:52:21.671-0600] {dag.py:3823} INFO - Setting next_dagrun for example_complex to None, run_after=None
[2024-02-24T12:52:21.682-0600] {processor.py:183} INFO - Processing /Users/vamseekrishna/Desktop/F1_Data_Warehouse/f1datawarehouse/lib/python3.9/site-packages/airflow/example_dags/example_complex.py took 0.082 seconds
[2024-02-24T12:54:33.688-0600] {processor.py:161} INFO - Started process (PID=77389) to work on /Users/vamseekrishna/Desktop/F1_Data_Warehouse/f1datawarehouse/lib/python3.9/site-packages/airflow/example_dags/example_complex.py
[2024-02-24T12:54:33.690-0600] {processor.py:830} INFO - Processing file /Users/vamseekrishna/Desktop/F1_Data_Warehouse/f1datawarehouse/lib/python3.9/site-packages/airflow/example_dags/example_complex.py for tasks to queue
[2024-02-24T12:54:33.691-0600] {logging_mixin.py:188} INFO - [2024-02-24T12:54:33.691-0600] {dagbag.py:538} INFO - Filling up the DagBag from /Users/vamseekrishna/Desktop/F1_Data_Warehouse/f1datawarehouse/lib/python3.9/site-packages/airflow/example_dags/example_complex.py
[2024-02-24T12:54:33.697-0600] {processor.py:840} INFO - DAG(s) 'example_complex' retrieved from /Users/vamseekrishna/Desktop/F1_Data_Warehouse/f1datawarehouse/lib/python3.9/site-packages/airflow/example_dags/example_complex.py
[2024-02-24T12:54:33.757-0600] {logging_mixin.py:188} INFO - [2024-02-24T12:54:33.757-0600] {dag.py:3036} INFO - Sync 1 DAGs
[2024-02-24T12:54:33.762-0600] {logging_mixin.py:188} INFO - [2024-02-24T12:54:33.762-0600] {dag.py:3823} INFO - Setting next_dagrun for example_complex to None, run_after=None
[2024-02-24T12:54:33.772-0600] {processor.py:183} INFO - Processing /Users/vamseekrishna/Desktop/F1_Data_Warehouse/f1datawarehouse/lib/python3.9/site-packages/airflow/example_dags/example_complex.py took 0.087 seconds
[2024-02-24T12:56:42.607-0600] {processor.py:161} INFO - Started process (PID=77488) to work on /Users/vamseekrishna/Desktop/F1_Data_Warehouse/f1datawarehouse/lib/python3.9/site-packages/airflow/example_dags/example_complex.py
[2024-02-24T12:56:42.609-0600] {processor.py:830} INFO - Processing file /Users/vamseekrishna/Desktop/F1_Data_Warehouse/f1datawarehouse/lib/python3.9/site-packages/airflow/example_dags/example_complex.py for tasks to queue
[2024-02-24T12:56:42.609-0600] {logging_mixin.py:188} INFO - [2024-02-24T12:56:42.609-0600] {dagbag.py:538} INFO - Filling up the DagBag from /Users/vamseekrishna/Desktop/F1_Data_Warehouse/f1datawarehouse/lib/python3.9/site-packages/airflow/example_dags/example_complex.py
[2024-02-24T12:56:42.614-0600] {processor.py:840} INFO - DAG(s) 'example_complex' retrieved from /Users/vamseekrishna/Desktop/F1_Data_Warehouse/f1datawarehouse/lib/python3.9/site-packages/airflow/example_dags/example_complex.py
[2024-02-24T12:56:42.669-0600] {logging_mixin.py:188} INFO - [2024-02-24T12:56:42.669-0600] {dag.py:3036} INFO - Sync 1 DAGs
[2024-02-24T12:56:42.673-0600] {logging_mixin.py:188} INFO - [2024-02-24T12:56:42.673-0600] {dag.py:3823} INFO - Setting next_dagrun for example_complex to None, run_after=None
[2024-02-24T12:56:42.681-0600] {processor.py:183} INFO - Processing /Users/vamseekrishna/Desktop/F1_Data_Warehouse/f1datawarehouse/lib/python3.9/site-packages/airflow/example_dags/example_complex.py took 0.075 seconds
[2024-02-24T12:58:51.030-0600] {processor.py:161} INFO - Started process (PID=77602) to work on /Users/vamseekrishna/Desktop/F1_Data_Warehouse/f1datawarehouse/lib/python3.9/site-packages/airflow/example_dags/example_complex.py
[2024-02-24T12:58:51.032-0600] {processor.py:830} INFO - Processing file /Users/vamseekrishna/Desktop/F1_Data_Warehouse/f1datawarehouse/lib/python3.9/site-packages/airflow/example_dags/example_complex.py for tasks to queue
[2024-02-24T12:58:51.033-0600] {logging_mixin.py:188} INFO - [2024-02-24T12:58:51.033-0600] {dagbag.py:538} INFO - Filling up the DagBag from /Users/vamseekrishna/Desktop/F1_Data_Warehouse/f1datawarehouse/lib/python3.9/site-packages/airflow/example_dags/example_complex.py
[2024-02-24T12:58:51.039-0600] {processor.py:840} INFO - DAG(s) 'example_complex' retrieved from /Users/vamseekrishna/Desktop/F1_Data_Warehouse/f1datawarehouse/lib/python3.9/site-packages/airflow/example_dags/example_complex.py
[2024-02-24T12:58:51.093-0600] {logging_mixin.py:188} INFO - [2024-02-24T12:58:51.093-0600] {dag.py:3036} INFO - Sync 1 DAGs
[2024-02-24T12:58:51.097-0600] {logging_mixin.py:188} INFO - [2024-02-24T12:58:51.097-0600] {dag.py:3823} INFO - Setting next_dagrun for example_complex to None, run_after=None
[2024-02-24T12:58:51.106-0600] {processor.py:183} INFO - Processing /Users/vamseekrishna/Desktop/F1_Data_Warehouse/f1datawarehouse/lib/python3.9/site-packages/airflow/example_dags/example_complex.py took 0.077 seconds
[2024-02-24T13:01:02.247-0600] {processor.py:161} INFO - Started process (PID=77740) to work on /Users/vamseekrishna/Desktop/F1_Data_Warehouse/f1datawarehouse/lib/python3.9/site-packages/airflow/example_dags/example_complex.py
[2024-02-24T13:01:02.249-0600] {processor.py:830} INFO - Processing file /Users/vamseekrishna/Desktop/F1_Data_Warehouse/f1datawarehouse/lib/python3.9/site-packages/airflow/example_dags/example_complex.py for tasks to queue
[2024-02-24T13:01:02.249-0600] {logging_mixin.py:188} INFO - [2024-02-24T13:01:02.249-0600] {dagbag.py:538} INFO - Filling up the DagBag from /Users/vamseekrishna/Desktop/F1_Data_Warehouse/f1datawarehouse/lib/python3.9/site-packages/airflow/example_dags/example_complex.py
[2024-02-24T13:01:02.254-0600] {processor.py:840} INFO - DAG(s) 'example_complex' retrieved from /Users/vamseekrishna/Desktop/F1_Data_Warehouse/f1datawarehouse/lib/python3.9/site-packages/airflow/example_dags/example_complex.py
[2024-02-24T13:01:02.305-0600] {logging_mixin.py:188} INFO - [2024-02-24T13:01:02.305-0600] {dag.py:3036} INFO - Sync 1 DAGs
[2024-02-24T13:01:02.309-0600] {logging_mixin.py:188} INFO - [2024-02-24T13:01:02.309-0600] {dag.py:3823} INFO - Setting next_dagrun for example_complex to None, run_after=None
[2024-02-24T13:01:02.317-0600] {processor.py:183} INFO - Processing /Users/vamseekrishna/Desktop/F1_Data_Warehouse/f1datawarehouse/lib/python3.9/site-packages/airflow/example_dags/example_complex.py took 0.070 seconds
[2024-02-24T13:02:57.142-0600] {processor.py:161} INFO - Started process (PID=77872) to work on /Users/vamseekrishna/Desktop/F1_Data_Warehouse/f1datawarehouse/lib/python3.9/site-packages/airflow/example_dags/example_complex.py
[2024-02-24T13:02:57.143-0600] {processor.py:830} INFO - Processing file /Users/vamseekrishna/Desktop/F1_Data_Warehouse/f1datawarehouse/lib/python3.9/site-packages/airflow/example_dags/example_complex.py for tasks to queue
[2024-02-24T13:02:57.144-0600] {logging_mixin.py:188} INFO - [2024-02-24T13:02:57.144-0600] {dagbag.py:538} INFO - Filling up the DagBag from /Users/vamseekrishna/Desktop/F1_Data_Warehouse/f1datawarehouse/lib/python3.9/site-packages/airflow/example_dags/example_complex.py
[2024-02-24T13:02:57.149-0600] {processor.py:840} INFO - DAG(s) 'example_complex' retrieved from /Users/vamseekrishna/Desktop/F1_Data_Warehouse/f1datawarehouse/lib/python3.9/site-packages/airflow/example_dags/example_complex.py
[2024-02-24T13:02:57.208-0600] {logging_mixin.py:188} INFO - [2024-02-24T13:02:57.207-0600] {dag.py:3036} INFO - Sync 1 DAGs
[2024-02-24T13:02:57.212-0600] {logging_mixin.py:188} INFO - [2024-02-24T13:02:57.212-0600] {dag.py:3823} INFO - Setting next_dagrun for example_complex to None, run_after=None
[2024-02-24T13:02:57.220-0600] {processor.py:183} INFO - Processing /Users/vamseekrishna/Desktop/F1_Data_Warehouse/f1datawarehouse/lib/python3.9/site-packages/airflow/example_dags/example_complex.py took 0.080 seconds
[2024-02-24T13:04:51.281-0600] {processor.py:161} INFO - Started process (PID=77959) to work on /Users/vamseekrishna/Desktop/F1_Data_Warehouse/f1datawarehouse/lib/python3.9/site-packages/airflow/example_dags/example_complex.py
[2024-02-24T13:04:51.283-0600] {processor.py:830} INFO - Processing file /Users/vamseekrishna/Desktop/F1_Data_Warehouse/f1datawarehouse/lib/python3.9/site-packages/airflow/example_dags/example_complex.py for tasks to queue
[2024-02-24T13:04:51.284-0600] {logging_mixin.py:188} INFO - [2024-02-24T13:04:51.284-0600] {dagbag.py:538} INFO - Filling up the DagBag from /Users/vamseekrishna/Desktop/F1_Data_Warehouse/f1datawarehouse/lib/python3.9/site-packages/airflow/example_dags/example_complex.py
[2024-02-24T13:04:51.289-0600] {processor.py:840} INFO - DAG(s) 'example_complex' retrieved from /Users/vamseekrishna/Desktop/F1_Data_Warehouse/f1datawarehouse/lib/python3.9/site-packages/airflow/example_dags/example_complex.py
[2024-02-24T13:04:51.337-0600] {logging_mixin.py:188} INFO - [2024-02-24T13:04:51.336-0600] {dag.py:3036} INFO - Sync 1 DAGs
[2024-02-24T13:04:51.340-0600] {logging_mixin.py:188} INFO - [2024-02-24T13:04:51.340-0600] {dag.py:3823} INFO - Setting next_dagrun for example_complex to None, run_after=None
[2024-02-24T13:04:51.347-0600] {processor.py:183} INFO - Processing /Users/vamseekrishna/Desktop/F1_Data_Warehouse/f1datawarehouse/lib/python3.9/site-packages/airflow/example_dags/example_complex.py took 0.066 seconds
[2024-02-24T13:06:42.987-0600] {processor.py:161} INFO - Started process (PID=78039) to work on /Users/vamseekrishna/Desktop/F1_Data_Warehouse/f1datawarehouse/lib/python3.9/site-packages/airflow/example_dags/example_complex.py
[2024-02-24T13:06:42.988-0600] {processor.py:830} INFO - Processing file /Users/vamseekrishna/Desktop/F1_Data_Warehouse/f1datawarehouse/lib/python3.9/site-packages/airflow/example_dags/example_complex.py for tasks to queue
[2024-02-24T13:06:42.989-0600] {logging_mixin.py:188} INFO - [2024-02-24T13:06:42.989-0600] {dagbag.py:538} INFO - Filling up the DagBag from /Users/vamseekrishna/Desktop/F1_Data_Warehouse/f1datawarehouse/lib/python3.9/site-packages/airflow/example_dags/example_complex.py
[2024-02-24T13:06:42.994-0600] {processor.py:840} INFO - DAG(s) 'example_complex' retrieved from /Users/vamseekrishna/Desktop/F1_Data_Warehouse/f1datawarehouse/lib/python3.9/site-packages/airflow/example_dags/example_complex.py
[2024-02-24T13:06:43.043-0600] {logging_mixin.py:188} INFO - [2024-02-24T13:06:43.043-0600] {dag.py:3036} INFO - Sync 1 DAGs
[2024-02-24T13:06:43.047-0600] {logging_mixin.py:188} INFO - [2024-02-24T13:06:43.047-0600] {dag.py:3823} INFO - Setting next_dagrun for example_complex to None, run_after=None
[2024-02-24T13:06:43.055-0600] {processor.py:183} INFO - Processing /Users/vamseekrishna/Desktop/F1_Data_Warehouse/f1datawarehouse/lib/python3.9/site-packages/airflow/example_dags/example_complex.py took 0.068 seconds
[2024-02-24T13:08:35.746-0600] {processor.py:161} INFO - Started process (PID=78129) to work on /Users/vamseekrishna/Desktop/F1_Data_Warehouse/f1datawarehouse/lib/python3.9/site-packages/airflow/example_dags/example_complex.py
[2024-02-24T13:08:35.748-0600] {processor.py:830} INFO - Processing file /Users/vamseekrishna/Desktop/F1_Data_Warehouse/f1datawarehouse/lib/python3.9/site-packages/airflow/example_dags/example_complex.py for tasks to queue
[2024-02-24T13:08:35.748-0600] {logging_mixin.py:188} INFO - [2024-02-24T13:08:35.748-0600] {dagbag.py:538} INFO - Filling up the DagBag from /Users/vamseekrishna/Desktop/F1_Data_Warehouse/f1datawarehouse/lib/python3.9/site-packages/airflow/example_dags/example_complex.py
[2024-02-24T13:08:35.753-0600] {processor.py:840} INFO - DAG(s) 'example_complex' retrieved from /Users/vamseekrishna/Desktop/F1_Data_Warehouse/f1datawarehouse/lib/python3.9/site-packages/airflow/example_dags/example_complex.py
[2024-02-24T13:08:35.801-0600] {logging_mixin.py:188} INFO - [2024-02-24T13:08:35.801-0600] {dag.py:3036} INFO - Sync 1 DAGs
[2024-02-24T13:08:35.805-0600] {logging_mixin.py:188} INFO - [2024-02-24T13:08:35.805-0600] {dag.py:3823} INFO - Setting next_dagrun for example_complex to None, run_after=None
[2024-02-24T13:08:35.812-0600] {processor.py:183} INFO - Processing /Users/vamseekrishna/Desktop/F1_Data_Warehouse/f1datawarehouse/lib/python3.9/site-packages/airflow/example_dags/example_complex.py took 0.067 seconds
[2024-02-24T13:10:26.731-0600] {processor.py:161} INFO - Started process (PID=78215) to work on /Users/vamseekrishna/Desktop/F1_Data_Warehouse/f1datawarehouse/lib/python3.9/site-packages/airflow/example_dags/example_complex.py
[2024-02-24T13:10:26.732-0600] {processor.py:830} INFO - Processing file /Users/vamseekrishna/Desktop/F1_Data_Warehouse/f1datawarehouse/lib/python3.9/site-packages/airflow/example_dags/example_complex.py for tasks to queue
[2024-02-24T13:10:26.733-0600] {logging_mixin.py:188} INFO - [2024-02-24T13:10:26.733-0600] {dagbag.py:538} INFO - Filling up the DagBag from /Users/vamseekrishna/Desktop/F1_Data_Warehouse/f1datawarehouse/lib/python3.9/site-packages/airflow/example_dags/example_complex.py
[2024-02-24T13:10:26.738-0600] {processor.py:840} INFO - DAG(s) 'example_complex' retrieved from /Users/vamseekrishna/Desktop/F1_Data_Warehouse/f1datawarehouse/lib/python3.9/site-packages/airflow/example_dags/example_complex.py
[2024-02-24T13:10:26.785-0600] {logging_mixin.py:188} INFO - [2024-02-24T13:10:26.785-0600] {dag.py:3036} INFO - Sync 1 DAGs
[2024-02-24T13:10:26.789-0600] {logging_mixin.py:188} INFO - [2024-02-24T13:10:26.789-0600] {dag.py:3823} INFO - Setting next_dagrun for example_complex to None, run_after=None
[2024-02-24T13:10:26.796-0600] {processor.py:183} INFO - Processing /Users/vamseekrishna/Desktop/F1_Data_Warehouse/f1datawarehouse/lib/python3.9/site-packages/airflow/example_dags/example_complex.py took 0.066 seconds
[2024-02-24T13:12:14.295-0600] {processor.py:161} INFO - Started process (PID=78300) to work on /Users/vamseekrishna/Desktop/F1_Data_Warehouse/f1datawarehouse/lib/python3.9/site-packages/airflow/example_dags/example_complex.py
[2024-02-24T13:12:14.296-0600] {processor.py:830} INFO - Processing file /Users/vamseekrishna/Desktop/F1_Data_Warehouse/f1datawarehouse/lib/python3.9/site-packages/airflow/example_dags/example_complex.py for tasks to queue
[2024-02-24T13:12:14.297-0600] {logging_mixin.py:188} INFO - [2024-02-24T13:12:14.297-0600] {dagbag.py:538} INFO - Filling up the DagBag from /Users/vamseekrishna/Desktop/F1_Data_Warehouse/f1datawarehouse/lib/python3.9/site-packages/airflow/example_dags/example_complex.py
[2024-02-24T13:12:14.302-0600] {processor.py:840} INFO - DAG(s) 'example_complex' retrieved from /Users/vamseekrishna/Desktop/F1_Data_Warehouse/f1datawarehouse/lib/python3.9/site-packages/airflow/example_dags/example_complex.py
[2024-02-24T13:12:14.350-0600] {logging_mixin.py:188} INFO - [2024-02-24T13:12:14.350-0600] {dag.py:3036} INFO - Sync 1 DAGs
[2024-02-24T13:12:14.354-0600] {logging_mixin.py:188} INFO - [2024-02-24T13:12:14.354-0600] {dag.py:3823} INFO - Setting next_dagrun for example_complex to None, run_after=None
[2024-02-24T13:12:14.361-0600] {processor.py:183} INFO - Processing /Users/vamseekrishna/Desktop/F1_Data_Warehouse/f1datawarehouse/lib/python3.9/site-packages/airflow/example_dags/example_complex.py took 0.067 seconds
[2024-02-24T13:14:05.536-0600] {processor.py:161} INFO - Started process (PID=78384) to work on /Users/vamseekrishna/Desktop/F1_Data_Warehouse/f1datawarehouse/lib/python3.9/site-packages/airflow/example_dags/example_complex.py
[2024-02-24T13:14:05.538-0600] {processor.py:830} INFO - Processing file /Users/vamseekrishna/Desktop/F1_Data_Warehouse/f1datawarehouse/lib/python3.9/site-packages/airflow/example_dags/example_complex.py for tasks to queue
[2024-02-24T13:14:05.538-0600] {logging_mixin.py:188} INFO - [2024-02-24T13:14:05.538-0600] {dagbag.py:538} INFO - Filling up the DagBag from /Users/vamseekrishna/Desktop/F1_Data_Warehouse/f1datawarehouse/lib/python3.9/site-packages/airflow/example_dags/example_complex.py
[2024-02-24T13:14:05.543-0600] {processor.py:840} INFO - DAG(s) 'example_complex' retrieved from /Users/vamseekrishna/Desktop/F1_Data_Warehouse/f1datawarehouse/lib/python3.9/site-packages/airflow/example_dags/example_complex.py
[2024-02-24T13:14:05.591-0600] {logging_mixin.py:188} INFO - [2024-02-24T13:14:05.591-0600] {dag.py:3036} INFO - Sync 1 DAGs
[2024-02-24T13:14:05.595-0600] {logging_mixin.py:188} INFO - [2024-02-24T13:14:05.594-0600] {dag.py:3823} INFO - Setting next_dagrun for example_complex to None, run_after=None
[2024-02-24T13:14:05.602-0600] {processor.py:183} INFO - Processing /Users/vamseekrishna/Desktop/F1_Data_Warehouse/f1datawarehouse/lib/python3.9/site-packages/airflow/example_dags/example_complex.py took 0.067 seconds
[2024-02-24T13:15:55.357-0600] {processor.py:161} INFO - Started process (PID=78473) to work on /Users/vamseekrishna/Desktop/F1_Data_Warehouse/f1datawarehouse/lib/python3.9/site-packages/airflow/example_dags/example_complex.py
[2024-02-24T13:15:55.358-0600] {processor.py:830} INFO - Processing file /Users/vamseekrishna/Desktop/F1_Data_Warehouse/f1datawarehouse/lib/python3.9/site-packages/airflow/example_dags/example_complex.py for tasks to queue
[2024-02-24T13:15:55.359-0600] {logging_mixin.py:188} INFO - [2024-02-24T13:15:55.359-0600] {dagbag.py:538} INFO - Filling up the DagBag from /Users/vamseekrishna/Desktop/F1_Data_Warehouse/f1datawarehouse/lib/python3.9/site-packages/airflow/example_dags/example_complex.py
[2024-02-24T13:15:55.364-0600] {processor.py:840} INFO - DAG(s) 'example_complex' retrieved from /Users/vamseekrishna/Desktop/F1_Data_Warehouse/f1datawarehouse/lib/python3.9/site-packages/airflow/example_dags/example_complex.py
[2024-02-24T13:15:55.412-0600] {logging_mixin.py:188} INFO - [2024-02-24T13:15:55.412-0600] {dag.py:3036} INFO - Sync 1 DAGs
[2024-02-24T13:15:55.416-0600] {logging_mixin.py:188} INFO - [2024-02-24T13:15:55.416-0600] {dag.py:3823} INFO - Setting next_dagrun for example_complex to None, run_after=None
[2024-02-24T13:15:55.423-0600] {processor.py:183} INFO - Processing /Users/vamseekrishna/Desktop/F1_Data_Warehouse/f1datawarehouse/lib/python3.9/site-packages/airflow/example_dags/example_complex.py took 0.067 seconds
[2024-02-24T13:17:48.642-0600] {processor.py:161} INFO - Started process (PID=78581) to work on /Users/vamseekrishna/Desktop/F1_Data_Warehouse/f1datawarehouse/lib/python3.9/site-packages/airflow/example_dags/example_complex.py
[2024-02-24T13:17:48.644-0600] {processor.py:830} INFO - Processing file /Users/vamseekrishna/Desktop/F1_Data_Warehouse/f1datawarehouse/lib/python3.9/site-packages/airflow/example_dags/example_complex.py for tasks to queue
[2024-02-24T13:17:48.644-0600] {logging_mixin.py:188} INFO - [2024-02-24T13:17:48.644-0600] {dagbag.py:538} INFO - Filling up the DagBag from /Users/vamseekrishna/Desktop/F1_Data_Warehouse/f1datawarehouse/lib/python3.9/site-packages/airflow/example_dags/example_complex.py
[2024-02-24T13:17:48.649-0600] {processor.py:840} INFO - DAG(s) 'example_complex' retrieved from /Users/vamseekrishna/Desktop/F1_Data_Warehouse/f1datawarehouse/lib/python3.9/site-packages/airflow/example_dags/example_complex.py
[2024-02-24T13:17:48.698-0600] {logging_mixin.py:188} INFO - [2024-02-24T13:17:48.698-0600] {dag.py:3036} INFO - Sync 1 DAGs
[2024-02-24T13:17:48.702-0600] {logging_mixin.py:188} INFO - [2024-02-24T13:17:48.702-0600] {dag.py:3823} INFO - Setting next_dagrun for example_complex to None, run_after=None
[2024-02-24T13:17:48.709-0600] {processor.py:183} INFO - Processing /Users/vamseekrishna/Desktop/F1_Data_Warehouse/f1datawarehouse/lib/python3.9/site-packages/airflow/example_dags/example_complex.py took 0.068 seconds
[2024-02-24T13:19:39.836-0600] {processor.py:161} INFO - Started process (PID=78667) to work on /Users/vamseekrishna/Desktop/F1_Data_Warehouse/f1datawarehouse/lib/python3.9/site-packages/airflow/example_dags/example_complex.py
[2024-02-24T13:19:39.837-0600] {processor.py:830} INFO - Processing file /Users/vamseekrishna/Desktop/F1_Data_Warehouse/f1datawarehouse/lib/python3.9/site-packages/airflow/example_dags/example_complex.py for tasks to queue
[2024-02-24T13:19:39.838-0600] {logging_mixin.py:188} INFO - [2024-02-24T13:19:39.838-0600] {dagbag.py:538} INFO - Filling up the DagBag from /Users/vamseekrishna/Desktop/F1_Data_Warehouse/f1datawarehouse/lib/python3.9/site-packages/airflow/example_dags/example_complex.py
[2024-02-24T13:19:39.843-0600] {processor.py:840} INFO - DAG(s) 'example_complex' retrieved from /Users/vamseekrishna/Desktop/F1_Data_Warehouse/f1datawarehouse/lib/python3.9/site-packages/airflow/example_dags/example_complex.py
[2024-02-24T13:19:39.891-0600] {logging_mixin.py:188} INFO - [2024-02-24T13:19:39.891-0600] {dag.py:3036} INFO - Sync 1 DAGs
[2024-02-24T13:19:39.895-0600] {logging_mixin.py:188} INFO - [2024-02-24T13:19:39.894-0600] {dag.py:3823} INFO - Setting next_dagrun for example_complex to None, run_after=None
[2024-02-24T13:19:39.902-0600] {processor.py:183} INFO - Processing /Users/vamseekrishna/Desktop/F1_Data_Warehouse/f1datawarehouse/lib/python3.9/site-packages/airflow/example_dags/example_complex.py took 0.067 seconds
[2024-02-24T13:21:25.515-0600] {processor.py:161} INFO - Started process (PID=78745) to work on /Users/vamseekrishna/Desktop/F1_Data_Warehouse/f1datawarehouse/lib/python3.9/site-packages/airflow/example_dags/example_complex.py
[2024-02-24T13:21:25.517-0600] {processor.py:830} INFO - Processing file /Users/vamseekrishna/Desktop/F1_Data_Warehouse/f1datawarehouse/lib/python3.9/site-packages/airflow/example_dags/example_complex.py for tasks to queue
[2024-02-24T13:21:25.517-0600] {logging_mixin.py:188} INFO - [2024-02-24T13:21:25.517-0600] {dagbag.py:538} INFO - Filling up the DagBag from /Users/vamseekrishna/Desktop/F1_Data_Warehouse/f1datawarehouse/lib/python3.9/site-packages/airflow/example_dags/example_complex.py
[2024-02-24T13:21:25.522-0600] {processor.py:840} INFO - DAG(s) 'example_complex' retrieved from /Users/vamseekrishna/Desktop/F1_Data_Warehouse/f1datawarehouse/lib/python3.9/site-packages/airflow/example_dags/example_complex.py
[2024-02-24T13:21:25.570-0600] {logging_mixin.py:188} INFO - [2024-02-24T13:21:25.570-0600] {dag.py:3036} INFO - Sync 1 DAGs
[2024-02-24T13:21:25.574-0600] {logging_mixin.py:188} INFO - [2024-02-24T13:21:25.574-0600] {dag.py:3823} INFO - Setting next_dagrun for example_complex to None, run_after=None
[2024-02-24T13:21:25.581-0600] {processor.py:183} INFO - Processing /Users/vamseekrishna/Desktop/F1_Data_Warehouse/f1datawarehouse/lib/python3.9/site-packages/airflow/example_dags/example_complex.py took 0.066 seconds
[2024-02-24T13:23:21.231-0600] {processor.py:161} INFO - Started process (PID=78873) to work on /Users/vamseekrishna/Desktop/F1_Data_Warehouse/f1datawarehouse/lib/python3.9/site-packages/airflow/example_dags/example_complex.py
[2024-02-24T13:23:21.233-0600] {processor.py:830} INFO - Processing file /Users/vamseekrishna/Desktop/F1_Data_Warehouse/f1datawarehouse/lib/python3.9/site-packages/airflow/example_dags/example_complex.py for tasks to queue
[2024-02-24T13:23:21.233-0600] {logging_mixin.py:188} INFO - [2024-02-24T13:23:21.233-0600] {dagbag.py:538} INFO - Filling up the DagBag from /Users/vamseekrishna/Desktop/F1_Data_Warehouse/f1datawarehouse/lib/python3.9/site-packages/airflow/example_dags/example_complex.py
[2024-02-24T13:23:21.239-0600] {processor.py:840} INFO - DAG(s) 'example_complex' retrieved from /Users/vamseekrishna/Desktop/F1_Data_Warehouse/f1datawarehouse/lib/python3.9/site-packages/airflow/example_dags/example_complex.py
[2024-02-24T13:23:21.286-0600] {logging_mixin.py:188} INFO - [2024-02-24T13:23:21.286-0600] {dag.py:3036} INFO - Sync 1 DAGs
[2024-02-24T13:23:21.290-0600] {logging_mixin.py:188} INFO - [2024-02-24T13:23:21.290-0600] {dag.py:3823} INFO - Setting next_dagrun for example_complex to None, run_after=None
[2024-02-24T13:23:21.297-0600] {processor.py:183} INFO - Processing /Users/vamseekrishna/Desktop/F1_Data_Warehouse/f1datawarehouse/lib/python3.9/site-packages/airflow/example_dags/example_complex.py took 0.066 seconds
[2024-02-24T13:25:15.547-0600] {processor.py:161} INFO - Started process (PID=78963) to work on /Users/vamseekrishna/Desktop/F1_Data_Warehouse/f1datawarehouse/lib/python3.9/site-packages/airflow/example_dags/example_complex.py
[2024-02-24T13:25:15.548-0600] {processor.py:830} INFO - Processing file /Users/vamseekrishna/Desktop/F1_Data_Warehouse/f1datawarehouse/lib/python3.9/site-packages/airflow/example_dags/example_complex.py for tasks to queue
[2024-02-24T13:25:15.549-0600] {logging_mixin.py:188} INFO - [2024-02-24T13:25:15.549-0600] {dagbag.py:538} INFO - Filling up the DagBag from /Users/vamseekrishna/Desktop/F1_Data_Warehouse/f1datawarehouse/lib/python3.9/site-packages/airflow/example_dags/example_complex.py
[2024-02-24T13:25:15.554-0600] {processor.py:840} INFO - DAG(s) 'example_complex' retrieved from /Users/vamseekrishna/Desktop/F1_Data_Warehouse/f1datawarehouse/lib/python3.9/site-packages/airflow/example_dags/example_complex.py
[2024-02-24T13:25:15.601-0600] {logging_mixin.py:188} INFO - [2024-02-24T13:25:15.601-0600] {dag.py:3036} INFO - Sync 1 DAGs
[2024-02-24T13:25:15.605-0600] {logging_mixin.py:188} INFO - [2024-02-24T13:25:15.605-0600] {dag.py:3823} INFO - Setting next_dagrun for example_complex to None, run_after=None
[2024-02-24T13:25:15.612-0600] {processor.py:183} INFO - Processing /Users/vamseekrishna/Desktop/F1_Data_Warehouse/f1datawarehouse/lib/python3.9/site-packages/airflow/example_dags/example_complex.py took 0.065 seconds
[2024-02-24T13:27:06.740-0600] {processor.py:161} INFO - Started process (PID=79087) to work on /Users/vamseekrishna/Desktop/F1_Data_Warehouse/f1datawarehouse/lib/python3.9/site-packages/airflow/example_dags/example_complex.py
[2024-02-24T13:27:06.742-0600] {processor.py:830} INFO - Processing file /Users/vamseekrishna/Desktop/F1_Data_Warehouse/f1datawarehouse/lib/python3.9/site-packages/airflow/example_dags/example_complex.py for tasks to queue
[2024-02-24T13:27:06.742-0600] {logging_mixin.py:188} INFO - [2024-02-24T13:27:06.742-0600] {dagbag.py:538} INFO - Filling up the DagBag from /Users/vamseekrishna/Desktop/F1_Data_Warehouse/f1datawarehouse/lib/python3.9/site-packages/airflow/example_dags/example_complex.py
[2024-02-24T13:27:06.747-0600] {processor.py:840} INFO - DAG(s) 'example_complex' retrieved from /Users/vamseekrishna/Desktop/F1_Data_Warehouse/f1datawarehouse/lib/python3.9/site-packages/airflow/example_dags/example_complex.py
[2024-02-24T13:27:06.796-0600] {logging_mixin.py:188} INFO - [2024-02-24T13:27:06.796-0600] {dag.py:3036} INFO - Sync 1 DAGs
[2024-02-24T13:27:06.800-0600] {logging_mixin.py:188} INFO - [2024-02-24T13:27:06.800-0600] {dag.py:3823} INFO - Setting next_dagrun for example_complex to None, run_after=None
[2024-02-24T13:27:06.807-0600] {processor.py:183} INFO - Processing /Users/vamseekrishna/Desktop/F1_Data_Warehouse/f1datawarehouse/lib/python3.9/site-packages/airflow/example_dags/example_complex.py took 0.068 seconds
[2024-02-24T13:28:50.295-0600] {processor.py:161} INFO - Started process (PID=79190) to work on /Users/vamseekrishna/Desktop/F1_Data_Warehouse/f1datawarehouse/lib/python3.9/site-packages/airflow/example_dags/example_complex.py
[2024-02-24T13:28:50.297-0600] {processor.py:830} INFO - Processing file /Users/vamseekrishna/Desktop/F1_Data_Warehouse/f1datawarehouse/lib/python3.9/site-packages/airflow/example_dags/example_complex.py for tasks to queue
[2024-02-24T13:28:50.298-0600] {logging_mixin.py:188} INFO - [2024-02-24T13:28:50.298-0600] {dagbag.py:538} INFO - Filling up the DagBag from /Users/vamseekrishna/Desktop/F1_Data_Warehouse/f1datawarehouse/lib/python3.9/site-packages/airflow/example_dags/example_complex.py
[2024-02-24T13:28:50.304-0600] {processor.py:840} INFO - DAG(s) 'example_complex' retrieved from /Users/vamseekrishna/Desktop/F1_Data_Warehouse/f1datawarehouse/lib/python3.9/site-packages/airflow/example_dags/example_complex.py
[2024-02-24T13:28:50.361-0600] {logging_mixin.py:188} INFO - [2024-02-24T13:28:50.361-0600] {dag.py:3036} INFO - Sync 1 DAGs
[2024-02-24T13:28:50.366-0600] {logging_mixin.py:188} INFO - [2024-02-24T13:28:50.366-0600] {dag.py:3823} INFO - Setting next_dagrun for example_complex to None, run_after=None
[2024-02-24T13:28:50.375-0600] {processor.py:183} INFO - Processing /Users/vamseekrishna/Desktop/F1_Data_Warehouse/f1datawarehouse/lib/python3.9/site-packages/airflow/example_dags/example_complex.py took 0.080 seconds
