[2024-02-24T11:48:17.910-0600] {processor.py:161} INFO - Started process (PID=75013) to work on /Users/vamseekrishna/Desktop/F1_Data_Warehouse/f1datawarehouse/lib/python3.9/site-packages/airflow/example_dags/example_latest_only.py
[2024-02-24T11:48:17.911-0600] {processor.py:830} INFO - Processing file /Users/vamseekrishna/Desktop/F1_Data_Warehouse/f1datawarehouse/lib/python3.9/site-packages/airflow/example_dags/example_latest_only.py for tasks to queue
[2024-02-24T11:48:17.912-0600] {logging_mixin.py:188} INFO - [2024-02-24T11:48:17.911-0600] {dagbag.py:538} INFO - Filling up the DagBag from /Users/vamseekrishna/Desktop/F1_Data_Warehouse/f1datawarehouse/lib/python3.9/site-packages/airflow/example_dags/example_latest_only.py
[2024-02-24T11:48:17.916-0600] {processor.py:840} INFO - DAG(s) 'latest_only' retrieved from /Users/vamseekrishna/Desktop/F1_Data_Warehouse/f1datawarehouse/lib/python3.9/site-packages/airflow/example_dags/example_latest_only.py
[2024-02-24T11:48:18.001-0600] {logging_mixin.py:188} INFO - [2024-02-24T11:48:18.001-0600] {override.py:1769} INFO - Created Permission View: can delete on DAG:latest_only
[2024-02-24T11:48:18.005-0600] {logging_mixin.py:188} INFO - [2024-02-24T11:48:18.005-0600] {override.py:1769} INFO - Created Permission View: can read on DAG:latest_only
[2024-02-24T11:48:18.007-0600] {logging_mixin.py:188} INFO - [2024-02-24T11:48:18.007-0600] {override.py:1769} INFO - Created Permission View: can edit on DAG:latest_only
[2024-02-24T11:48:18.008-0600] {logging_mixin.py:188} INFO - [2024-02-24T11:48:18.007-0600] {dag.py:3036} INFO - Sync 1 DAGs
[2024-02-24T11:48:18.012-0600] {logging_mixin.py:188} INFO - [2024-02-24T11:48:18.012-0600] {dag.py:3058} INFO - Creating ORM DAG for latest_only
[2024-02-24T11:48:18.018-0600] {logging_mixin.py:188} INFO - [2024-02-24T11:48:18.018-0600] {dag.py:3823} INFO - Setting next_dagrun for latest_only to 2024-02-24 12:00:00+00:00, run_after=2024-02-24 16:00:00+00:00
[2024-02-24T11:48:18.026-0600] {processor.py:183} INFO - Processing /Users/vamseekrishna/Desktop/F1_Data_Warehouse/f1datawarehouse/lib/python3.9/site-packages/airflow/example_dags/example_latest_only.py took 0.117 seconds
[2024-02-24T11:50:21.440-0600] {processor.py:161} INFO - Started process (PID=75246) to work on /Users/vamseekrishna/Desktop/F1_Data_Warehouse/f1datawarehouse/lib/python3.9/site-packages/airflow/example_dags/example_latest_only.py
[2024-02-24T11:50:21.441-0600] {processor.py:830} INFO - Processing file /Users/vamseekrishna/Desktop/F1_Data_Warehouse/f1datawarehouse/lib/python3.9/site-packages/airflow/example_dags/example_latest_only.py for tasks to queue
[2024-02-24T11:50:21.441-0600] {logging_mixin.py:188} INFO - [2024-02-24T11:50:21.441-0600] {dagbag.py:538} INFO - Filling up the DagBag from /Users/vamseekrishna/Desktop/F1_Data_Warehouse/f1datawarehouse/lib/python3.9/site-packages/airflow/example_dags/example_latest_only.py
[2024-02-24T11:50:21.445-0600] {processor.py:840} INFO - DAG(s) 'latest_only' retrieved from /Users/vamseekrishna/Desktop/F1_Data_Warehouse/f1datawarehouse/lib/python3.9/site-packages/airflow/example_dags/example_latest_only.py
[2024-02-24T11:50:21.498-0600] {logging_mixin.py:188} INFO - [2024-02-24T11:50:21.497-0600] {dag.py:3036} INFO - Sync 1 DAGs
[2024-02-24T11:50:21.509-0600] {logging_mixin.py:188} INFO - [2024-02-24T11:50:21.508-0600] {dag.py:3823} INFO - Setting next_dagrun for latest_only to 2024-02-24 12:00:00+00:00, run_after=2024-02-24 16:00:00+00:00
[2024-02-24T11:50:21.516-0600] {processor.py:183} INFO - Processing /Users/vamseekrishna/Desktop/F1_Data_Warehouse/f1datawarehouse/lib/python3.9/site-packages/airflow/example_dags/example_latest_only.py took 0.077 seconds
[2024-02-24T11:52:01.775-0600] {processor.py:161} INFO - Started process (PID=75381) to work on /Users/vamseekrishna/Desktop/F1_Data_Warehouse/f1datawarehouse/lib/python3.9/site-packages/airflow/example_dags/example_latest_only.py
[2024-02-24T11:52:01.777-0600] {processor.py:830} INFO - Processing file /Users/vamseekrishna/Desktop/F1_Data_Warehouse/f1datawarehouse/lib/python3.9/site-packages/airflow/example_dags/example_latest_only.py for tasks to queue
[2024-02-24T11:52:01.777-0600] {logging_mixin.py:188} INFO - [2024-02-24T11:52:01.777-0600] {dagbag.py:538} INFO - Filling up the DagBag from /Users/vamseekrishna/Desktop/F1_Data_Warehouse/f1datawarehouse/lib/python3.9/site-packages/airflow/example_dags/example_latest_only.py
[2024-02-24T11:52:01.781-0600] {processor.py:840} INFO - DAG(s) 'latest_only' retrieved from /Users/vamseekrishna/Desktop/F1_Data_Warehouse/f1datawarehouse/lib/python3.9/site-packages/airflow/example_dags/example_latest_only.py
[2024-02-24T11:52:01.828-0600] {logging_mixin.py:188} INFO - [2024-02-24T11:52:01.828-0600] {dag.py:3036} INFO - Sync 1 DAGs
[2024-02-24T11:52:01.837-0600] {logging_mixin.py:188} INFO - [2024-02-24T11:52:01.836-0600] {dag.py:3823} INFO - Setting next_dagrun for latest_only to 2024-02-24 12:00:00+00:00, run_after=2024-02-24 16:00:00+00:00
[2024-02-24T11:52:01.846-0600] {processor.py:183} INFO - Processing /Users/vamseekrishna/Desktop/F1_Data_Warehouse/f1datawarehouse/lib/python3.9/site-packages/airflow/example_dags/example_latest_only.py took 0.071 seconds
[2024-02-24T11:54:12.613-0600] {processor.py:161} INFO - Started process (PID=75521) to work on /Users/vamseekrishna/Desktop/F1_Data_Warehouse/f1datawarehouse/lib/python3.9/site-packages/airflow/example_dags/example_latest_only.py
[2024-02-24T11:54:12.619-0600] {processor.py:830} INFO - Processing file /Users/vamseekrishna/Desktop/F1_Data_Warehouse/f1datawarehouse/lib/python3.9/site-packages/airflow/example_dags/example_latest_only.py for tasks to queue
[2024-02-24T11:54:12.620-0600] {logging_mixin.py:188} INFO - [2024-02-24T11:54:12.620-0600] {dagbag.py:538} INFO - Filling up the DagBag from /Users/vamseekrishna/Desktop/F1_Data_Warehouse/f1datawarehouse/lib/python3.9/site-packages/airflow/example_dags/example_latest_only.py
[2024-02-24T11:54:12.624-0600] {processor.py:840} INFO - DAG(s) 'latest_only' retrieved from /Users/vamseekrishna/Desktop/F1_Data_Warehouse/f1datawarehouse/lib/python3.9/site-packages/airflow/example_dags/example_latest_only.py
[2024-02-24T11:54:12.672-0600] {logging_mixin.py:188} INFO - [2024-02-24T11:54:12.671-0600] {dag.py:3036} INFO - Sync 1 DAGs
[2024-02-24T11:54:12.681-0600] {logging_mixin.py:188} INFO - [2024-02-24T11:54:12.681-0600] {dag.py:3823} INFO - Setting next_dagrun for latest_only to 2024-02-24 12:00:00+00:00, run_after=2024-02-24 16:00:00+00:00
[2024-02-24T11:54:12.689-0600] {processor.py:183} INFO - Processing /Users/vamseekrishna/Desktop/F1_Data_Warehouse/f1datawarehouse/lib/python3.9/site-packages/airflow/example_dags/example_latest_only.py took 0.078 seconds
[2024-02-24T11:56:04.146-0600] {processor.py:161} INFO - Started process (PID=75612) to work on /Users/vamseekrishna/Desktop/F1_Data_Warehouse/f1datawarehouse/lib/python3.9/site-packages/airflow/example_dags/example_latest_only.py
[2024-02-24T11:56:04.148-0600] {processor.py:830} INFO - Processing file /Users/vamseekrishna/Desktop/F1_Data_Warehouse/f1datawarehouse/lib/python3.9/site-packages/airflow/example_dags/example_latest_only.py for tasks to queue
[2024-02-24T11:56:04.148-0600] {logging_mixin.py:188} INFO - [2024-02-24T11:56:04.148-0600] {dagbag.py:538} INFO - Filling up the DagBag from /Users/vamseekrishna/Desktop/F1_Data_Warehouse/f1datawarehouse/lib/python3.9/site-packages/airflow/example_dags/example_latest_only.py
[2024-02-24T11:56:04.152-0600] {processor.py:840} INFO - DAG(s) 'latest_only' retrieved from /Users/vamseekrishna/Desktop/F1_Data_Warehouse/f1datawarehouse/lib/python3.9/site-packages/airflow/example_dags/example_latest_only.py
[2024-02-24T11:56:04.199-0600] {logging_mixin.py:188} INFO - [2024-02-24T11:56:04.199-0600] {dag.py:3036} INFO - Sync 1 DAGs
[2024-02-24T11:56:04.208-0600] {logging_mixin.py:188} INFO - [2024-02-24T11:56:04.208-0600] {dag.py:3823} INFO - Setting next_dagrun for latest_only to 2024-02-24 12:00:00+00:00, run_after=2024-02-24 16:00:00+00:00
[2024-02-24T11:56:04.217-0600] {processor.py:183} INFO - Processing /Users/vamseekrishna/Desktop/F1_Data_Warehouse/f1datawarehouse/lib/python3.9/site-packages/airflow/example_dags/example_latest_only.py took 0.071 seconds
[2024-02-24T11:58:02.756-0600] {processor.py:161} INFO - Started process (PID=75705) to work on /Users/vamseekrishna/Desktop/F1_Data_Warehouse/f1datawarehouse/lib/python3.9/site-packages/airflow/example_dags/example_latest_only.py
[2024-02-24T11:58:02.758-0600] {processor.py:830} INFO - Processing file /Users/vamseekrishna/Desktop/F1_Data_Warehouse/f1datawarehouse/lib/python3.9/site-packages/airflow/example_dags/example_latest_only.py for tasks to queue
[2024-02-24T11:58:02.758-0600] {logging_mixin.py:188} INFO - [2024-02-24T11:58:02.758-0600] {dagbag.py:538} INFO - Filling up the DagBag from /Users/vamseekrishna/Desktop/F1_Data_Warehouse/f1datawarehouse/lib/python3.9/site-packages/airflow/example_dags/example_latest_only.py
[2024-02-24T11:58:02.762-0600] {processor.py:840} INFO - DAG(s) 'latest_only' retrieved from /Users/vamseekrishna/Desktop/F1_Data_Warehouse/f1datawarehouse/lib/python3.9/site-packages/airflow/example_dags/example_latest_only.py
[2024-02-24T11:58:02.809-0600] {logging_mixin.py:188} INFO - [2024-02-24T11:58:02.809-0600] {dag.py:3036} INFO - Sync 1 DAGs
[2024-02-24T11:58:02.818-0600] {logging_mixin.py:188} INFO - [2024-02-24T11:58:02.818-0600] {dag.py:3823} INFO - Setting next_dagrun for latest_only to 2024-02-24 12:00:00+00:00, run_after=2024-02-24 16:00:00+00:00
[2024-02-24T11:58:02.826-0600] {processor.py:183} INFO - Processing /Users/vamseekrishna/Desktop/F1_Data_Warehouse/f1datawarehouse/lib/python3.9/site-packages/airflow/example_dags/example_latest_only.py took 0.071 seconds
[2024-02-24T12:00:17.511-0600] {processor.py:161} INFO - Started process (PID=75922) to work on /Users/vamseekrishna/Desktop/F1_Data_Warehouse/f1datawarehouse/lib/python3.9/site-packages/airflow/example_dags/example_latest_only.py
[2024-02-24T12:00:17.513-0600] {processor.py:830} INFO - Processing file /Users/vamseekrishna/Desktop/F1_Data_Warehouse/f1datawarehouse/lib/python3.9/site-packages/airflow/example_dags/example_latest_only.py for tasks to queue
[2024-02-24T12:00:17.513-0600] {logging_mixin.py:188} INFO - [2024-02-24T12:00:17.513-0600] {dagbag.py:538} INFO - Filling up the DagBag from /Users/vamseekrishna/Desktop/F1_Data_Warehouse/f1datawarehouse/lib/python3.9/site-packages/airflow/example_dags/example_latest_only.py
[2024-02-24T12:00:17.516-0600] {processor.py:840} INFO - DAG(s) 'latest_only' retrieved from /Users/vamseekrishna/Desktop/F1_Data_Warehouse/f1datawarehouse/lib/python3.9/site-packages/airflow/example_dags/example_latest_only.py
[2024-02-24T12:00:17.566-0600] {logging_mixin.py:188} INFO - [2024-02-24T12:00:17.566-0600] {dag.py:3036} INFO - Sync 1 DAGs
[2024-02-24T12:00:17.575-0600] {logging_mixin.py:188} INFO - [2024-02-24T12:00:17.575-0600] {dag.py:3823} INFO - Setting next_dagrun for latest_only to 2024-02-24 12:00:00+00:00, run_after=2024-02-24 16:00:00+00:00
[2024-02-24T12:00:17.582-0600] {processor.py:183} INFO - Processing /Users/vamseekrishna/Desktop/F1_Data_Warehouse/f1datawarehouse/lib/python3.9/site-packages/airflow/example_dags/example_latest_only.py took 0.072 seconds
[2024-02-24T12:02:18.723-0600] {processor.py:161} INFO - Started process (PID=76045) to work on /Users/vamseekrishna/Desktop/F1_Data_Warehouse/f1datawarehouse/lib/python3.9/site-packages/airflow/example_dags/example_latest_only.py
[2024-02-24T12:02:18.724-0600] {processor.py:830} INFO - Processing file /Users/vamseekrishna/Desktop/F1_Data_Warehouse/f1datawarehouse/lib/python3.9/site-packages/airflow/example_dags/example_latest_only.py for tasks to queue
[2024-02-24T12:02:18.725-0600] {logging_mixin.py:188} INFO - [2024-02-24T12:02:18.725-0600] {dagbag.py:538} INFO - Filling up the DagBag from /Users/vamseekrishna/Desktop/F1_Data_Warehouse/f1datawarehouse/lib/python3.9/site-packages/airflow/example_dags/example_latest_only.py
[2024-02-24T12:02:18.728-0600] {processor.py:840} INFO - DAG(s) 'latest_only' retrieved from /Users/vamseekrishna/Desktop/F1_Data_Warehouse/f1datawarehouse/lib/python3.9/site-packages/airflow/example_dags/example_latest_only.py
[2024-02-24T12:02:18.778-0600] {logging_mixin.py:188} INFO - [2024-02-24T12:02:18.778-0600] {dag.py:3036} INFO - Sync 1 DAGs
[2024-02-24T12:02:18.787-0600] {logging_mixin.py:188} INFO - [2024-02-24T12:02:18.787-0600] {dag.py:3823} INFO - Setting next_dagrun for latest_only to 2024-02-24 12:00:00+00:00, run_after=2024-02-24 16:00:00+00:00
[2024-02-24T12:02:18.794-0600] {processor.py:183} INFO - Processing /Users/vamseekrishna/Desktop/F1_Data_Warehouse/f1datawarehouse/lib/python3.9/site-packages/airflow/example_dags/example_latest_only.py took 0.072 seconds
[2024-02-24T12:04:11.504-0600] {processor.py:161} INFO - Started process (PID=76177) to work on /Users/vamseekrishna/Desktop/F1_Data_Warehouse/f1datawarehouse/lib/python3.9/site-packages/airflow/example_dags/example_latest_only.py
[2024-02-24T12:04:11.505-0600] {processor.py:830} INFO - Processing file /Users/vamseekrishna/Desktop/F1_Data_Warehouse/f1datawarehouse/lib/python3.9/site-packages/airflow/example_dags/example_latest_only.py for tasks to queue
[2024-02-24T12:04:11.505-0600] {logging_mixin.py:188} INFO - [2024-02-24T12:04:11.505-0600] {dagbag.py:538} INFO - Filling up the DagBag from /Users/vamseekrishna/Desktop/F1_Data_Warehouse/f1datawarehouse/lib/python3.9/site-packages/airflow/example_dags/example_latest_only.py
[2024-02-24T12:04:11.509-0600] {processor.py:840} INFO - DAG(s) 'latest_only' retrieved from /Users/vamseekrishna/Desktop/F1_Data_Warehouse/f1datawarehouse/lib/python3.9/site-packages/airflow/example_dags/example_latest_only.py
[2024-02-24T12:04:11.557-0600] {logging_mixin.py:188} INFO - [2024-02-24T12:04:11.557-0600] {dag.py:3036} INFO - Sync 1 DAGs
[2024-02-24T12:04:11.567-0600] {logging_mixin.py:188} INFO - [2024-02-24T12:04:11.567-0600] {dag.py:3823} INFO - Setting next_dagrun for latest_only to 2024-02-24 12:00:00+00:00, run_after=2024-02-24 16:00:00+00:00
[2024-02-24T12:04:11.574-0600] {processor.py:183} INFO - Processing /Users/vamseekrishna/Desktop/F1_Data_Warehouse/f1datawarehouse/lib/python3.9/site-packages/airflow/example_dags/example_latest_only.py took 0.071 seconds
[2024-02-24T12:20:28.379-0600] {processor.py:161} INFO - Started process (PID=76272) to work on /Users/vamseekrishna/Desktop/F1_Data_Warehouse/f1datawarehouse/lib/python3.9/site-packages/airflow/example_dags/example_latest_only.py
[2024-02-24T12:20:28.381-0600] {processor.py:830} INFO - Processing file /Users/vamseekrishna/Desktop/F1_Data_Warehouse/f1datawarehouse/lib/python3.9/site-packages/airflow/example_dags/example_latest_only.py for tasks to queue
[2024-02-24T12:20:28.381-0600] {logging_mixin.py:188} INFO - [2024-02-24T12:20:28.381-0600] {dagbag.py:538} INFO - Filling up the DagBag from /Users/vamseekrishna/Desktop/F1_Data_Warehouse/f1datawarehouse/lib/python3.9/site-packages/airflow/example_dags/example_latest_only.py
[2024-02-24T12:20:28.385-0600] {processor.py:840} INFO - DAG(s) 'latest_only' retrieved from /Users/vamseekrishna/Desktop/F1_Data_Warehouse/f1datawarehouse/lib/python3.9/site-packages/airflow/example_dags/example_latest_only.py
[2024-02-24T12:20:28.432-0600] {logging_mixin.py:188} INFO - [2024-02-24T12:20:28.432-0600] {dag.py:3036} INFO - Sync 1 DAGs
[2024-02-24T12:20:28.441-0600] {logging_mixin.py:188} INFO - [2024-02-24T12:20:28.441-0600] {dag.py:3823} INFO - Setting next_dagrun for latest_only to 2024-02-24 12:00:00+00:00, run_after=2024-02-24 16:00:00+00:00
[2024-02-24T12:20:28.448-0600] {processor.py:183} INFO - Processing /Users/vamseekrishna/Desktop/F1_Data_Warehouse/f1datawarehouse/lib/python3.9/site-packages/airflow/example_dags/example_latest_only.py took 0.069 seconds
[2024-02-24T12:38:45.453-0600] {processor.py:161} INFO - Started process (PID=76423) to work on /Users/vamseekrishna/Desktop/F1_Data_Warehouse/f1datawarehouse/lib/python3.9/site-packages/airflow/example_dags/example_latest_only.py
[2024-02-24T12:38:45.455-0600] {processor.py:830} INFO - Processing file /Users/vamseekrishna/Desktop/F1_Data_Warehouse/f1datawarehouse/lib/python3.9/site-packages/airflow/example_dags/example_latest_only.py for tasks to queue
[2024-02-24T12:38:45.455-0600] {logging_mixin.py:188} INFO - [2024-02-24T12:38:45.455-0600] {dagbag.py:538} INFO - Filling up the DagBag from /Users/vamseekrishna/Desktop/F1_Data_Warehouse/f1datawarehouse/lib/python3.9/site-packages/airflow/example_dags/example_latest_only.py
[2024-02-24T12:38:45.459-0600] {processor.py:840} INFO - DAG(s) 'latest_only' retrieved from /Users/vamseekrishna/Desktop/F1_Data_Warehouse/f1datawarehouse/lib/python3.9/site-packages/airflow/example_dags/example_latest_only.py
[2024-02-24T12:38:45.507-0600] {logging_mixin.py:188} INFO - [2024-02-24T12:38:45.507-0600] {dag.py:3036} INFO - Sync 1 DAGs
[2024-02-24T12:38:45.516-0600] {logging_mixin.py:188} INFO - [2024-02-24T12:38:45.516-0600] {dag.py:3823} INFO - Setting next_dagrun for latest_only to 2024-02-24 12:00:00+00:00, run_after=2024-02-24 16:00:00+00:00
[2024-02-24T12:38:45.523-0600] {processor.py:183} INFO - Processing /Users/vamseekrishna/Desktop/F1_Data_Warehouse/f1datawarehouse/lib/python3.9/site-packages/airflow/example_dags/example_latest_only.py took 0.071 seconds
[2024-02-24T12:40:44.237-0600] {processor.py:161} INFO - Started process (PID=76544) to work on /Users/vamseekrishna/Desktop/F1_Data_Warehouse/f1datawarehouse/lib/python3.9/site-packages/airflow/example_dags/example_latest_only.py
[2024-02-24T12:40:44.238-0600] {processor.py:830} INFO - Processing file /Users/vamseekrishna/Desktop/F1_Data_Warehouse/f1datawarehouse/lib/python3.9/site-packages/airflow/example_dags/example_latest_only.py for tasks to queue
[2024-02-24T12:40:44.238-0600] {logging_mixin.py:188} INFO - [2024-02-24T12:40:44.238-0600] {dagbag.py:538} INFO - Filling up the DagBag from /Users/vamseekrishna/Desktop/F1_Data_Warehouse/f1datawarehouse/lib/python3.9/site-packages/airflow/example_dags/example_latest_only.py
[2024-02-24T12:40:44.242-0600] {processor.py:840} INFO - DAG(s) 'latest_only' retrieved from /Users/vamseekrishna/Desktop/F1_Data_Warehouse/f1datawarehouse/lib/python3.9/site-packages/airflow/example_dags/example_latest_only.py
[2024-02-24T12:40:44.291-0600] {logging_mixin.py:188} INFO - [2024-02-24T12:40:44.291-0600] {dag.py:3036} INFO - Sync 1 DAGs
[2024-02-24T12:40:44.300-0600] {logging_mixin.py:188} INFO - [2024-02-24T12:40:44.300-0600] {dag.py:3823} INFO - Setting next_dagrun for latest_only to 2024-02-24 12:00:00+00:00, run_after=2024-02-24 16:00:00+00:00
[2024-02-24T12:40:44.307-0600] {processor.py:183} INFO - Processing /Users/vamseekrishna/Desktop/F1_Data_Warehouse/f1datawarehouse/lib/python3.9/site-packages/airflow/example_dags/example_latest_only.py took 0.071 seconds
[2024-02-24T12:42:49.468-0600] {processor.py:161} INFO - Started process (PID=76653) to work on /Users/vamseekrishna/Desktop/F1_Data_Warehouse/f1datawarehouse/lib/python3.9/site-packages/airflow/example_dags/example_latest_only.py
[2024-02-24T12:42:49.469-0600] {processor.py:830} INFO - Processing file /Users/vamseekrishna/Desktop/F1_Data_Warehouse/f1datawarehouse/lib/python3.9/site-packages/airflow/example_dags/example_latest_only.py for tasks to queue
[2024-02-24T12:42:49.469-0600] {logging_mixin.py:188} INFO - [2024-02-24T12:42:49.469-0600] {dagbag.py:538} INFO - Filling up the DagBag from /Users/vamseekrishna/Desktop/F1_Data_Warehouse/f1datawarehouse/lib/python3.9/site-packages/airflow/example_dags/example_latest_only.py
[2024-02-24T12:42:49.473-0600] {processor.py:840} INFO - DAG(s) 'latest_only' retrieved from /Users/vamseekrishna/Desktop/F1_Data_Warehouse/f1datawarehouse/lib/python3.9/site-packages/airflow/example_dags/example_latest_only.py
[2024-02-24T12:42:49.521-0600] {logging_mixin.py:188} INFO - [2024-02-24T12:42:49.521-0600] {dag.py:3036} INFO - Sync 1 DAGs
[2024-02-24T12:42:49.531-0600] {logging_mixin.py:188} INFO - [2024-02-24T12:42:49.531-0600] {dag.py:3823} INFO - Setting next_dagrun for latest_only to 2024-02-24 12:00:00+00:00, run_after=2024-02-24 16:00:00+00:00
[2024-02-24T12:42:49.541-0600] {processor.py:183} INFO - Processing /Users/vamseekrishna/Desktop/F1_Data_Warehouse/f1datawarehouse/lib/python3.9/site-packages/airflow/example_dags/example_latest_only.py took 0.074 seconds
[2024-02-24T12:45:01.267-0600] {processor.py:161} INFO - Started process (PID=76900) to work on /Users/vamseekrishna/Desktop/F1_Data_Warehouse/f1datawarehouse/lib/python3.9/site-packages/airflow/example_dags/example_latest_only.py
[2024-02-24T12:45:01.269-0600] {processor.py:830} INFO - Processing file /Users/vamseekrishna/Desktop/F1_Data_Warehouse/f1datawarehouse/lib/python3.9/site-packages/airflow/example_dags/example_latest_only.py for tasks to queue
[2024-02-24T12:45:01.269-0600] {logging_mixin.py:188} INFO - [2024-02-24T12:45:01.269-0600] {dagbag.py:538} INFO - Filling up the DagBag from /Users/vamseekrishna/Desktop/F1_Data_Warehouse/f1datawarehouse/lib/python3.9/site-packages/airflow/example_dags/example_latest_only.py
[2024-02-24T12:45:01.272-0600] {processor.py:840} INFO - DAG(s) 'latest_only' retrieved from /Users/vamseekrishna/Desktop/F1_Data_Warehouse/f1datawarehouse/lib/python3.9/site-packages/airflow/example_dags/example_latest_only.py
[2024-02-24T12:45:01.326-0600] {logging_mixin.py:188} INFO - [2024-02-24T12:45:01.326-0600] {dag.py:3036} INFO - Sync 1 DAGs
[2024-02-24T12:45:01.341-0600] {logging_mixin.py:188} INFO - [2024-02-24T12:45:01.340-0600] {dag.py:3823} INFO - Setting next_dagrun for latest_only to 2024-02-24 12:00:00+00:00, run_after=2024-02-24 16:00:00+00:00
[2024-02-24T12:45:01.351-0600] {processor.py:183} INFO - Processing /Users/vamseekrishna/Desktop/F1_Data_Warehouse/f1datawarehouse/lib/python3.9/site-packages/airflow/example_dags/example_latest_only.py took 0.085 seconds
[2024-02-24T12:47:14.106-0600] {processor.py:161} INFO - Started process (PID=77026) to work on /Users/vamseekrishna/Desktop/F1_Data_Warehouse/f1datawarehouse/lib/python3.9/site-packages/airflow/example_dags/example_latest_only.py
[2024-02-24T12:47:14.108-0600] {processor.py:830} INFO - Processing file /Users/vamseekrishna/Desktop/F1_Data_Warehouse/f1datawarehouse/lib/python3.9/site-packages/airflow/example_dags/example_latest_only.py for tasks to queue
[2024-02-24T12:47:14.108-0600] {logging_mixin.py:188} INFO - [2024-02-24T12:47:14.108-0600] {dagbag.py:538} INFO - Filling up the DagBag from /Users/vamseekrishna/Desktop/F1_Data_Warehouse/f1datawarehouse/lib/python3.9/site-packages/airflow/example_dags/example_latest_only.py
[2024-02-24T12:47:14.112-0600] {processor.py:840} INFO - DAG(s) 'latest_only' retrieved from /Users/vamseekrishna/Desktop/F1_Data_Warehouse/f1datawarehouse/lib/python3.9/site-packages/airflow/example_dags/example_latest_only.py
[2024-02-24T12:47:14.162-0600] {logging_mixin.py:188} INFO - [2024-02-24T12:47:14.162-0600] {dag.py:3036} INFO - Sync 1 DAGs
[2024-02-24T12:47:14.171-0600] {logging_mixin.py:188} INFO - [2024-02-24T12:47:14.171-0600] {dag.py:3823} INFO - Setting next_dagrun for latest_only to 2024-02-24 12:00:00+00:00, run_after=2024-02-24 16:00:00+00:00
[2024-02-24T12:47:14.179-0600] {processor.py:183} INFO - Processing /Users/vamseekrishna/Desktop/F1_Data_Warehouse/f1datawarehouse/lib/python3.9/site-packages/airflow/example_dags/example_latest_only.py took 0.074 seconds
[2024-02-24T12:49:23.611-0600] {processor.py:161} INFO - Started process (PID=77137) to work on /Users/vamseekrishna/Desktop/F1_Data_Warehouse/f1datawarehouse/lib/python3.9/site-packages/airflow/example_dags/example_latest_only.py
[2024-02-24T12:49:23.612-0600] {processor.py:830} INFO - Processing file /Users/vamseekrishna/Desktop/F1_Data_Warehouse/f1datawarehouse/lib/python3.9/site-packages/airflow/example_dags/example_latest_only.py for tasks to queue
[2024-02-24T12:49:23.613-0600] {logging_mixin.py:188} INFO - [2024-02-24T12:49:23.613-0600] {dagbag.py:538} INFO - Filling up the DagBag from /Users/vamseekrishna/Desktop/F1_Data_Warehouse/f1datawarehouse/lib/python3.9/site-packages/airflow/example_dags/example_latest_only.py
[2024-02-24T12:49:23.616-0600] {processor.py:840} INFO - DAG(s) 'latest_only' retrieved from /Users/vamseekrishna/Desktop/F1_Data_Warehouse/f1datawarehouse/lib/python3.9/site-packages/airflow/example_dags/example_latest_only.py
[2024-02-24T12:49:23.665-0600] {logging_mixin.py:188} INFO - [2024-02-24T12:49:23.665-0600] {dag.py:3036} INFO - Sync 1 DAGs
[2024-02-24T12:49:23.675-0600] {logging_mixin.py:188} INFO - [2024-02-24T12:49:23.675-0600] {dag.py:3823} INFO - Setting next_dagrun for latest_only to 2024-02-24 12:00:00+00:00, run_after=2024-02-24 16:00:00+00:00
[2024-02-24T12:49:23.684-0600] {processor.py:183} INFO - Processing /Users/vamseekrishna/Desktop/F1_Data_Warehouse/f1datawarehouse/lib/python3.9/site-packages/airflow/example_dags/example_latest_only.py took 0.074 seconds
[2024-02-24T12:51:28.200-0600] {processor.py:161} INFO - Started process (PID=77233) to work on /Users/vamseekrishna/Desktop/F1_Data_Warehouse/f1datawarehouse/lib/python3.9/site-packages/airflow/example_dags/example_latest_only.py
[2024-02-24T12:51:28.203-0600] {processor.py:830} INFO - Processing file /Users/vamseekrishna/Desktop/F1_Data_Warehouse/f1datawarehouse/lib/python3.9/site-packages/airflow/example_dags/example_latest_only.py for tasks to queue
[2024-02-24T12:51:28.203-0600] {logging_mixin.py:188} INFO - [2024-02-24T12:51:28.203-0600] {dagbag.py:538} INFO - Filling up the DagBag from /Users/vamseekrishna/Desktop/F1_Data_Warehouse/f1datawarehouse/lib/python3.9/site-packages/airflow/example_dags/example_latest_only.py
[2024-02-24T12:51:28.207-0600] {processor.py:840} INFO - DAG(s) 'latest_only' retrieved from /Users/vamseekrishna/Desktop/F1_Data_Warehouse/f1datawarehouse/lib/python3.9/site-packages/airflow/example_dags/example_latest_only.py
[2024-02-24T12:51:28.254-0600] {logging_mixin.py:188} INFO - [2024-02-24T12:51:28.254-0600] {dag.py:3036} INFO - Sync 1 DAGs
[2024-02-24T12:51:28.263-0600] {logging_mixin.py:188} INFO - [2024-02-24T12:51:28.263-0600] {dag.py:3823} INFO - Setting next_dagrun for latest_only to 2024-02-24 12:00:00+00:00, run_after=2024-02-24 16:00:00+00:00
[2024-02-24T12:51:28.272-0600] {processor.py:183} INFO - Processing /Users/vamseekrishna/Desktop/F1_Data_Warehouse/f1datawarehouse/lib/python3.9/site-packages/airflow/example_dags/example_latest_only.py took 0.072 seconds
[2024-02-24T12:53:36.098-0600] {processor.py:161} INFO - Started process (PID=77342) to work on /Users/vamseekrishna/Desktop/F1_Data_Warehouse/f1datawarehouse/lib/python3.9/site-packages/airflow/example_dags/example_latest_only.py
[2024-02-24T12:53:36.100-0600] {processor.py:830} INFO - Processing file /Users/vamseekrishna/Desktop/F1_Data_Warehouse/f1datawarehouse/lib/python3.9/site-packages/airflow/example_dags/example_latest_only.py for tasks to queue
[2024-02-24T12:53:36.100-0600] {logging_mixin.py:188} INFO - [2024-02-24T12:53:36.100-0600] {dagbag.py:538} INFO - Filling up the DagBag from /Users/vamseekrishna/Desktop/F1_Data_Warehouse/f1datawarehouse/lib/python3.9/site-packages/airflow/example_dags/example_latest_only.py
[2024-02-24T12:53:36.104-0600] {processor.py:840} INFO - DAG(s) 'latest_only' retrieved from /Users/vamseekrishna/Desktop/F1_Data_Warehouse/f1datawarehouse/lib/python3.9/site-packages/airflow/example_dags/example_latest_only.py
[2024-02-24T12:53:36.153-0600] {logging_mixin.py:188} INFO - [2024-02-24T12:53:36.153-0600] {dag.py:3036} INFO - Sync 1 DAGs
[2024-02-24T12:53:36.163-0600] {logging_mixin.py:188} INFO - [2024-02-24T12:53:36.163-0600] {dag.py:3823} INFO - Setting next_dagrun for latest_only to 2024-02-24 12:00:00+00:00, run_after=2024-02-24 16:00:00+00:00
[2024-02-24T12:53:36.172-0600] {processor.py:183} INFO - Processing /Users/vamseekrishna/Desktop/F1_Data_Warehouse/f1datawarehouse/lib/python3.9/site-packages/airflow/example_dags/example_latest_only.py took 0.075 seconds
[2024-02-24T12:55:49.499-0600] {processor.py:161} INFO - Started process (PID=77451) to work on /Users/vamseekrishna/Desktop/F1_Data_Warehouse/f1datawarehouse/lib/python3.9/site-packages/airflow/example_dags/example_latest_only.py
[2024-02-24T12:55:49.501-0600] {processor.py:830} INFO - Processing file /Users/vamseekrishna/Desktop/F1_Data_Warehouse/f1datawarehouse/lib/python3.9/site-packages/airflow/example_dags/example_latest_only.py for tasks to queue
[2024-02-24T12:55:49.501-0600] {logging_mixin.py:188} INFO - [2024-02-24T12:55:49.501-0600] {dagbag.py:538} INFO - Filling up the DagBag from /Users/vamseekrishna/Desktop/F1_Data_Warehouse/f1datawarehouse/lib/python3.9/site-packages/airflow/example_dags/example_latest_only.py
[2024-02-24T12:55:49.507-0600] {processor.py:840} INFO - DAG(s) 'latest_only' retrieved from /Users/vamseekrishna/Desktop/F1_Data_Warehouse/f1datawarehouse/lib/python3.9/site-packages/airflow/example_dags/example_latest_only.py
[2024-02-24T12:55:49.566-0600] {logging_mixin.py:188} INFO - [2024-02-24T12:55:49.566-0600] {dag.py:3036} INFO - Sync 1 DAGs
[2024-02-24T12:55:49.576-0600] {logging_mixin.py:188} INFO - [2024-02-24T12:55:49.576-0600] {dag.py:3823} INFO - Setting next_dagrun for latest_only to 2024-02-24 12:00:00+00:00, run_after=2024-02-24 16:00:00+00:00
[2024-02-24T12:55:49.585-0600] {processor.py:183} INFO - Processing /Users/vamseekrishna/Desktop/F1_Data_Warehouse/f1datawarehouse/lib/python3.9/site-packages/airflow/example_dags/example_latest_only.py took 0.087 seconds
[2024-02-24T12:57:58.157-0600] {processor.py:161} INFO - Started process (PID=77554) to work on /Users/vamseekrishna/Desktop/F1_Data_Warehouse/f1datawarehouse/lib/python3.9/site-packages/airflow/example_dags/example_latest_only.py
[2024-02-24T12:57:58.159-0600] {processor.py:830} INFO - Processing file /Users/vamseekrishna/Desktop/F1_Data_Warehouse/f1datawarehouse/lib/python3.9/site-packages/airflow/example_dags/example_latest_only.py for tasks to queue
[2024-02-24T12:57:58.159-0600] {logging_mixin.py:188} INFO - [2024-02-24T12:57:58.159-0600] {dagbag.py:538} INFO - Filling up the DagBag from /Users/vamseekrishna/Desktop/F1_Data_Warehouse/f1datawarehouse/lib/python3.9/site-packages/airflow/example_dags/example_latest_only.py
[2024-02-24T12:57:58.163-0600] {processor.py:840} INFO - DAG(s) 'latest_only' retrieved from /Users/vamseekrishna/Desktop/F1_Data_Warehouse/f1datawarehouse/lib/python3.9/site-packages/airflow/example_dags/example_latest_only.py
[2024-02-24T12:57:58.215-0600] {logging_mixin.py:188} INFO - [2024-02-24T12:57:58.215-0600] {dag.py:3036} INFO - Sync 1 DAGs
[2024-02-24T12:57:58.224-0600] {logging_mixin.py:188} INFO - [2024-02-24T12:57:58.224-0600] {dag.py:3823} INFO - Setting next_dagrun for latest_only to 2024-02-24 12:00:00+00:00, run_after=2024-02-24 16:00:00+00:00
[2024-02-24T12:57:58.231-0600] {processor.py:183} INFO - Processing /Users/vamseekrishna/Desktop/F1_Data_Warehouse/f1datawarehouse/lib/python3.9/site-packages/airflow/example_dags/example_latest_only.py took 0.075 seconds
[2024-02-24T13:00:05.442-0600] {processor.py:161} INFO - Started process (PID=77674) to work on /Users/vamseekrishna/Desktop/F1_Data_Warehouse/f1datawarehouse/lib/python3.9/site-packages/airflow/example_dags/example_latest_only.py
[2024-02-24T13:00:05.444-0600] {processor.py:830} INFO - Processing file /Users/vamseekrishna/Desktop/F1_Data_Warehouse/f1datawarehouse/lib/python3.9/site-packages/airflow/example_dags/example_latest_only.py for tasks to queue
[2024-02-24T13:00:05.444-0600] {logging_mixin.py:188} INFO - [2024-02-24T13:00:05.444-0600] {dagbag.py:538} INFO - Filling up the DagBag from /Users/vamseekrishna/Desktop/F1_Data_Warehouse/f1datawarehouse/lib/python3.9/site-packages/airflow/example_dags/example_latest_only.py
[2024-02-24T13:00:05.448-0600] {processor.py:840} INFO - DAG(s) 'latest_only' retrieved from /Users/vamseekrishna/Desktop/F1_Data_Warehouse/f1datawarehouse/lib/python3.9/site-packages/airflow/example_dags/example_latest_only.py
[2024-02-24T13:00:05.498-0600] {logging_mixin.py:188} INFO - [2024-02-24T13:00:05.498-0600] {dag.py:3036} INFO - Sync 1 DAGs
[2024-02-24T13:00:05.508-0600] {logging_mixin.py:188} INFO - [2024-02-24T13:00:05.508-0600] {dag.py:3823} INFO - Setting next_dagrun for latest_only to 2024-02-24 12:00:00+00:00, run_after=2024-02-24 16:00:00+00:00
[2024-02-24T13:00:05.518-0600] {processor.py:183} INFO - Processing /Users/vamseekrishna/Desktop/F1_Data_Warehouse/f1datawarehouse/lib/python3.9/site-packages/airflow/example_dags/example_latest_only.py took 0.077 seconds
[2024-02-24T13:02:08.578-0600] {processor.py:161} INFO - Started process (PID=77829) to work on /Users/vamseekrishna/Desktop/F1_Data_Warehouse/f1datawarehouse/lib/python3.9/site-packages/airflow/example_dags/example_latest_only.py
[2024-02-24T13:02:08.579-0600] {processor.py:830} INFO - Processing file /Users/vamseekrishna/Desktop/F1_Data_Warehouse/f1datawarehouse/lib/python3.9/site-packages/airflow/example_dags/example_latest_only.py for tasks to queue
[2024-02-24T13:02:08.579-0600] {logging_mixin.py:188} INFO - [2024-02-24T13:02:08.579-0600] {dagbag.py:538} INFO - Filling up the DagBag from /Users/vamseekrishna/Desktop/F1_Data_Warehouse/f1datawarehouse/lib/python3.9/site-packages/airflow/example_dags/example_latest_only.py
[2024-02-24T13:02:08.583-0600] {processor.py:840} INFO - DAG(s) 'latest_only' retrieved from /Users/vamseekrishna/Desktop/F1_Data_Warehouse/f1datawarehouse/lib/python3.9/site-packages/airflow/example_dags/example_latest_only.py
[2024-02-24T13:02:08.626-0600] {logging_mixin.py:188} INFO - [2024-02-24T13:02:08.626-0600] {dag.py:3036} INFO - Sync 1 DAGs
[2024-02-24T13:02:08.634-0600] {logging_mixin.py:188} INFO - [2024-02-24T13:02:08.634-0600] {dag.py:3823} INFO - Setting next_dagrun for latest_only to 2024-02-24 12:00:00+00:00, run_after=2024-02-24 16:00:00+00:00
[2024-02-24T13:02:08.641-0600] {processor.py:183} INFO - Processing /Users/vamseekrishna/Desktop/F1_Data_Warehouse/f1datawarehouse/lib/python3.9/site-packages/airflow/example_dags/example_latest_only.py took 0.064 seconds
[2024-02-24T13:04:04.767-0600] {processor.py:161} INFO - Started process (PID=77921) to work on /Users/vamseekrishna/Desktop/F1_Data_Warehouse/f1datawarehouse/lib/python3.9/site-packages/airflow/example_dags/example_latest_only.py
[2024-02-24T13:04:04.768-0600] {processor.py:830} INFO - Processing file /Users/vamseekrishna/Desktop/F1_Data_Warehouse/f1datawarehouse/lib/python3.9/site-packages/airflow/example_dags/example_latest_only.py for tasks to queue
[2024-02-24T13:04:04.769-0600] {logging_mixin.py:188} INFO - [2024-02-24T13:04:04.769-0600] {dagbag.py:538} INFO - Filling up the DagBag from /Users/vamseekrishna/Desktop/F1_Data_Warehouse/f1datawarehouse/lib/python3.9/site-packages/airflow/example_dags/example_latest_only.py
[2024-02-24T13:04:04.772-0600] {processor.py:840} INFO - DAG(s) 'latest_only' retrieved from /Users/vamseekrishna/Desktop/F1_Data_Warehouse/f1datawarehouse/lib/python3.9/site-packages/airflow/example_dags/example_latest_only.py
[2024-02-24T13:04:04.815-0600] {logging_mixin.py:188} INFO - [2024-02-24T13:04:04.814-0600] {dag.py:3036} INFO - Sync 1 DAGs
[2024-02-24T13:04:04.823-0600] {logging_mixin.py:188} INFO - [2024-02-24T13:04:04.823-0600] {dag.py:3823} INFO - Setting next_dagrun for latest_only to 2024-02-24 12:00:00+00:00, run_after=2024-02-24 16:00:00+00:00
[2024-02-24T13:04:04.830-0600] {processor.py:183} INFO - Processing /Users/vamseekrishna/Desktop/F1_Data_Warehouse/f1datawarehouse/lib/python3.9/site-packages/airflow/example_dags/example_latest_only.py took 0.064 seconds
[2024-02-24T13:05:54.549-0600] {processor.py:161} INFO - Started process (PID=78004) to work on /Users/vamseekrishna/Desktop/F1_Data_Warehouse/f1datawarehouse/lib/python3.9/site-packages/airflow/example_dags/example_latest_only.py
[2024-02-24T13:05:54.551-0600] {processor.py:830} INFO - Processing file /Users/vamseekrishna/Desktop/F1_Data_Warehouse/f1datawarehouse/lib/python3.9/site-packages/airflow/example_dags/example_latest_only.py for tasks to queue
[2024-02-24T13:05:54.551-0600] {logging_mixin.py:188} INFO - [2024-02-24T13:05:54.551-0600] {dagbag.py:538} INFO - Filling up the DagBag from /Users/vamseekrishna/Desktop/F1_Data_Warehouse/f1datawarehouse/lib/python3.9/site-packages/airflow/example_dags/example_latest_only.py
[2024-02-24T13:05:54.554-0600] {processor.py:840} INFO - DAG(s) 'latest_only' retrieved from /Users/vamseekrishna/Desktop/F1_Data_Warehouse/f1datawarehouse/lib/python3.9/site-packages/airflow/example_dags/example_latest_only.py
[2024-02-24T13:05:54.599-0600] {logging_mixin.py:188} INFO - [2024-02-24T13:05:54.599-0600] {dag.py:3036} INFO - Sync 1 DAGs
[2024-02-24T13:05:54.607-0600] {logging_mixin.py:188} INFO - [2024-02-24T13:05:54.607-0600] {dag.py:3823} INFO - Setting next_dagrun for latest_only to 2024-02-24 12:00:00+00:00, run_after=2024-02-24 16:00:00+00:00
[2024-02-24T13:05:54.614-0600] {processor.py:183} INFO - Processing /Users/vamseekrishna/Desktop/F1_Data_Warehouse/f1datawarehouse/lib/python3.9/site-packages/airflow/example_dags/example_latest_only.py took 0.065 seconds
[2024-02-24T13:07:47.229-0600] {processor.py:161} INFO - Started process (PID=78090) to work on /Users/vamseekrishna/Desktop/F1_Data_Warehouse/f1datawarehouse/lib/python3.9/site-packages/airflow/example_dags/example_latest_only.py
[2024-02-24T13:07:47.231-0600] {processor.py:830} INFO - Processing file /Users/vamseekrishna/Desktop/F1_Data_Warehouse/f1datawarehouse/lib/python3.9/site-packages/airflow/example_dags/example_latest_only.py for tasks to queue
[2024-02-24T13:07:47.231-0600] {logging_mixin.py:188} INFO - [2024-02-24T13:07:47.231-0600] {dagbag.py:538} INFO - Filling up the DagBag from /Users/vamseekrishna/Desktop/F1_Data_Warehouse/f1datawarehouse/lib/python3.9/site-packages/airflow/example_dags/example_latest_only.py
[2024-02-24T13:07:47.234-0600] {processor.py:840} INFO - DAG(s) 'latest_only' retrieved from /Users/vamseekrishna/Desktop/F1_Data_Warehouse/f1datawarehouse/lib/python3.9/site-packages/airflow/example_dags/example_latest_only.py
[2024-02-24T13:07:47.278-0600] {logging_mixin.py:188} INFO - [2024-02-24T13:07:47.278-0600] {dag.py:3036} INFO - Sync 1 DAGs
[2024-02-24T13:07:47.286-0600] {logging_mixin.py:188} INFO - [2024-02-24T13:07:47.286-0600] {dag.py:3823} INFO - Setting next_dagrun for latest_only to 2024-02-24 12:00:00+00:00, run_after=2024-02-24 16:00:00+00:00
[2024-02-24T13:07:47.293-0600] {processor.py:183} INFO - Processing /Users/vamseekrishna/Desktop/F1_Data_Warehouse/f1datawarehouse/lib/python3.9/site-packages/airflow/example_dags/example_latest_only.py took 0.064 seconds
[2024-02-24T13:09:40.576-0600] {processor.py:161} INFO - Started process (PID=78181) to work on /Users/vamseekrishna/Desktop/F1_Data_Warehouse/f1datawarehouse/lib/python3.9/site-packages/airflow/example_dags/example_latest_only.py
[2024-02-24T13:09:40.578-0600] {processor.py:830} INFO - Processing file /Users/vamseekrishna/Desktop/F1_Data_Warehouse/f1datawarehouse/lib/python3.9/site-packages/airflow/example_dags/example_latest_only.py for tasks to queue
[2024-02-24T13:09:40.578-0600] {logging_mixin.py:188} INFO - [2024-02-24T13:09:40.578-0600] {dagbag.py:538} INFO - Filling up the DagBag from /Users/vamseekrishna/Desktop/F1_Data_Warehouse/f1datawarehouse/lib/python3.9/site-packages/airflow/example_dags/example_latest_only.py
[2024-02-24T13:09:40.581-0600] {processor.py:840} INFO - DAG(s) 'latest_only' retrieved from /Users/vamseekrishna/Desktop/F1_Data_Warehouse/f1datawarehouse/lib/python3.9/site-packages/airflow/example_dags/example_latest_only.py
[2024-02-24T13:09:40.625-0600] {logging_mixin.py:188} INFO - [2024-02-24T13:09:40.624-0600] {dag.py:3036} INFO - Sync 1 DAGs
[2024-02-24T13:09:40.633-0600] {logging_mixin.py:188} INFO - [2024-02-24T13:09:40.633-0600] {dag.py:3823} INFO - Setting next_dagrun for latest_only to 2024-02-24 12:00:00+00:00, run_after=2024-02-24 16:00:00+00:00
[2024-02-24T13:09:40.640-0600] {processor.py:183} INFO - Processing /Users/vamseekrishna/Desktop/F1_Data_Warehouse/f1datawarehouse/lib/python3.9/site-packages/airflow/example_dags/example_latest_only.py took 0.064 seconds
[2024-02-24T13:11:30.701-0600] {processor.py:161} INFO - Started process (PID=78262) to work on /Users/vamseekrishna/Desktop/F1_Data_Warehouse/f1datawarehouse/lib/python3.9/site-packages/airflow/example_dags/example_latest_only.py
[2024-02-24T13:11:30.703-0600] {processor.py:830} INFO - Processing file /Users/vamseekrishna/Desktop/F1_Data_Warehouse/f1datawarehouse/lib/python3.9/site-packages/airflow/example_dags/example_latest_only.py for tasks to queue
[2024-02-24T13:11:30.703-0600] {logging_mixin.py:188} INFO - [2024-02-24T13:11:30.703-0600] {dagbag.py:538} INFO - Filling up the DagBag from /Users/vamseekrishna/Desktop/F1_Data_Warehouse/f1datawarehouse/lib/python3.9/site-packages/airflow/example_dags/example_latest_only.py
[2024-02-24T13:11:30.706-0600] {processor.py:840} INFO - DAG(s) 'latest_only' retrieved from /Users/vamseekrishna/Desktop/F1_Data_Warehouse/f1datawarehouse/lib/python3.9/site-packages/airflow/example_dags/example_latest_only.py
[2024-02-24T13:11:30.749-0600] {logging_mixin.py:188} INFO - [2024-02-24T13:11:30.749-0600] {dag.py:3036} INFO - Sync 1 DAGs
[2024-02-24T13:11:30.757-0600] {logging_mixin.py:188} INFO - [2024-02-24T13:11:30.757-0600] {dag.py:3823} INFO - Setting next_dagrun for latest_only to 2024-02-24 12:00:00+00:00, run_after=2024-02-24 16:00:00+00:00
[2024-02-24T13:11:30.764-0600] {processor.py:183} INFO - Processing /Users/vamseekrishna/Desktop/F1_Data_Warehouse/f1datawarehouse/lib/python3.9/site-packages/airflow/example_dags/example_latest_only.py took 0.064 seconds
[2024-02-24T13:13:17.553-0600] {processor.py:161} INFO - Started process (PID=78348) to work on /Users/vamseekrishna/Desktop/F1_Data_Warehouse/f1datawarehouse/lib/python3.9/site-packages/airflow/example_dags/example_latest_only.py
[2024-02-24T13:13:17.555-0600] {processor.py:830} INFO - Processing file /Users/vamseekrishna/Desktop/F1_Data_Warehouse/f1datawarehouse/lib/python3.9/site-packages/airflow/example_dags/example_latest_only.py for tasks to queue
[2024-02-24T13:13:17.555-0600] {logging_mixin.py:188} INFO - [2024-02-24T13:13:17.555-0600] {dagbag.py:538} INFO - Filling up the DagBag from /Users/vamseekrishna/Desktop/F1_Data_Warehouse/f1datawarehouse/lib/python3.9/site-packages/airflow/example_dags/example_latest_only.py
[2024-02-24T13:13:17.558-0600] {processor.py:840} INFO - DAG(s) 'latest_only' retrieved from /Users/vamseekrishna/Desktop/F1_Data_Warehouse/f1datawarehouse/lib/python3.9/site-packages/airflow/example_dags/example_latest_only.py
[2024-02-24T13:13:17.601-0600] {logging_mixin.py:188} INFO - [2024-02-24T13:13:17.601-0600] {dag.py:3036} INFO - Sync 1 DAGs
[2024-02-24T13:13:17.609-0600] {logging_mixin.py:188} INFO - [2024-02-24T13:13:17.609-0600] {dag.py:3823} INFO - Setting next_dagrun for latest_only to 2024-02-24 12:00:00+00:00, run_after=2024-02-24 16:00:00+00:00
[2024-02-24T13:13:17.616-0600] {processor.py:183} INFO - Processing /Users/vamseekrishna/Desktop/F1_Data_Warehouse/f1datawarehouse/lib/python3.9/site-packages/airflow/example_dags/example_latest_only.py took 0.063 seconds
[2024-02-24T13:15:07.723-0600] {processor.py:161} INFO - Started process (PID=78435) to work on /Users/vamseekrishna/Desktop/F1_Data_Warehouse/f1datawarehouse/lib/python3.9/site-packages/airflow/example_dags/example_latest_only.py
[2024-02-24T13:15:07.725-0600] {processor.py:830} INFO - Processing file /Users/vamseekrishna/Desktop/F1_Data_Warehouse/f1datawarehouse/lib/python3.9/site-packages/airflow/example_dags/example_latest_only.py for tasks to queue
[2024-02-24T13:15:07.725-0600] {logging_mixin.py:188} INFO - [2024-02-24T13:15:07.725-0600] {dagbag.py:538} INFO - Filling up the DagBag from /Users/vamseekrishna/Desktop/F1_Data_Warehouse/f1datawarehouse/lib/python3.9/site-packages/airflow/example_dags/example_latest_only.py
[2024-02-24T13:15:07.728-0600] {processor.py:840} INFO - DAG(s) 'latest_only' retrieved from /Users/vamseekrishna/Desktop/F1_Data_Warehouse/f1datawarehouse/lib/python3.9/site-packages/airflow/example_dags/example_latest_only.py
[2024-02-24T13:15:07.771-0600] {logging_mixin.py:188} INFO - [2024-02-24T13:15:07.771-0600] {dag.py:3036} INFO - Sync 1 DAGs
[2024-02-24T13:15:07.779-0600] {logging_mixin.py:188} INFO - [2024-02-24T13:15:07.779-0600] {dag.py:3823} INFO - Setting next_dagrun for latest_only to 2024-02-24 12:00:00+00:00, run_after=2024-02-24 16:00:00+00:00
[2024-02-24T13:15:07.786-0600] {processor.py:183} INFO - Processing /Users/vamseekrishna/Desktop/F1_Data_Warehouse/f1datawarehouse/lib/python3.9/site-packages/airflow/example_dags/example_latest_only.py took 0.063 seconds
[2024-02-24T13:17:00.066-0600] {processor.py:161} INFO - Started process (PID=78540) to work on /Users/vamseekrishna/Desktop/F1_Data_Warehouse/f1datawarehouse/lib/python3.9/site-packages/airflow/example_dags/example_latest_only.py
[2024-02-24T13:17:00.068-0600] {processor.py:830} INFO - Processing file /Users/vamseekrishna/Desktop/F1_Data_Warehouse/f1datawarehouse/lib/python3.9/site-packages/airflow/example_dags/example_latest_only.py for tasks to queue
[2024-02-24T13:17:00.068-0600] {logging_mixin.py:188} INFO - [2024-02-24T13:17:00.068-0600] {dagbag.py:538} INFO - Filling up the DagBag from /Users/vamseekrishna/Desktop/F1_Data_Warehouse/f1datawarehouse/lib/python3.9/site-packages/airflow/example_dags/example_latest_only.py
[2024-02-24T13:17:00.071-0600] {processor.py:840} INFO - DAG(s) 'latest_only' retrieved from /Users/vamseekrishna/Desktop/F1_Data_Warehouse/f1datawarehouse/lib/python3.9/site-packages/airflow/example_dags/example_latest_only.py
[2024-02-24T13:17:00.116-0600] {logging_mixin.py:188} INFO - [2024-02-24T13:17:00.116-0600] {dag.py:3036} INFO - Sync 1 DAGs
[2024-02-24T13:17:00.124-0600] {logging_mixin.py:188} INFO - [2024-02-24T13:17:00.124-0600] {dag.py:3823} INFO - Setting next_dagrun for latest_only to 2024-02-24 12:00:00+00:00, run_after=2024-02-24 16:00:00+00:00
[2024-02-24T13:17:00.132-0600] {processor.py:183} INFO - Processing /Users/vamseekrishna/Desktop/F1_Data_Warehouse/f1datawarehouse/lib/python3.9/site-packages/airflow/example_dags/example_latest_only.py took 0.066 seconds
[2024-02-24T13:18:52.993-0600] {processor.py:161} INFO - Started process (PID=78630) to work on /Users/vamseekrishna/Desktop/F1_Data_Warehouse/f1datawarehouse/lib/python3.9/site-packages/airflow/example_dags/example_latest_only.py
[2024-02-24T13:18:52.995-0600] {processor.py:830} INFO - Processing file /Users/vamseekrishna/Desktop/F1_Data_Warehouse/f1datawarehouse/lib/python3.9/site-packages/airflow/example_dags/example_latest_only.py for tasks to queue
[2024-02-24T13:18:52.995-0600] {logging_mixin.py:188} INFO - [2024-02-24T13:18:52.995-0600] {dagbag.py:538} INFO - Filling up the DagBag from /Users/vamseekrishna/Desktop/F1_Data_Warehouse/f1datawarehouse/lib/python3.9/site-packages/airflow/example_dags/example_latest_only.py
[2024-02-24T13:18:52.998-0600] {processor.py:840} INFO - DAG(s) 'latest_only' retrieved from /Users/vamseekrishna/Desktop/F1_Data_Warehouse/f1datawarehouse/lib/python3.9/site-packages/airflow/example_dags/example_latest_only.py
[2024-02-24T13:18:53.041-0600] {logging_mixin.py:188} INFO - [2024-02-24T13:18:53.041-0600] {dag.py:3036} INFO - Sync 1 DAGs
[2024-02-24T13:18:53.049-0600] {logging_mixin.py:188} INFO - [2024-02-24T13:18:53.049-0600] {dag.py:3823} INFO - Setting next_dagrun for latest_only to 2024-02-24 12:00:00+00:00, run_after=2024-02-24 16:00:00+00:00
[2024-02-24T13:18:53.056-0600] {processor.py:183} INFO - Processing /Users/vamseekrishna/Desktop/F1_Data_Warehouse/f1datawarehouse/lib/python3.9/site-packages/airflow/example_dags/example_latest_only.py took 0.064 seconds
[2024-02-24T13:20:41.701-0600] {processor.py:161} INFO - Started process (PID=78714) to work on /Users/vamseekrishna/Desktop/F1_Data_Warehouse/f1datawarehouse/lib/python3.9/site-packages/airflow/example_dags/example_latest_only.py
[2024-02-24T13:20:41.702-0600] {processor.py:830} INFO - Processing file /Users/vamseekrishna/Desktop/F1_Data_Warehouse/f1datawarehouse/lib/python3.9/site-packages/airflow/example_dags/example_latest_only.py for tasks to queue
[2024-02-24T13:20:41.703-0600] {logging_mixin.py:188} INFO - [2024-02-24T13:20:41.703-0600] {dagbag.py:538} INFO - Filling up the DagBag from /Users/vamseekrishna/Desktop/F1_Data_Warehouse/f1datawarehouse/lib/python3.9/site-packages/airflow/example_dags/example_latest_only.py
[2024-02-24T13:20:41.706-0600] {processor.py:840} INFO - DAG(s) 'latest_only' retrieved from /Users/vamseekrishna/Desktop/F1_Data_Warehouse/f1datawarehouse/lib/python3.9/site-packages/airflow/example_dags/example_latest_only.py
[2024-02-24T13:20:41.749-0600] {logging_mixin.py:188} INFO - [2024-02-24T13:20:41.749-0600] {dag.py:3036} INFO - Sync 1 DAGs
[2024-02-24T13:20:41.757-0600] {logging_mixin.py:188} INFO - [2024-02-24T13:20:41.757-0600] {dag.py:3823} INFO - Setting next_dagrun for latest_only to 2024-02-24 12:00:00+00:00, run_after=2024-02-24 16:00:00+00:00
[2024-02-24T13:20:41.764-0600] {processor.py:183} INFO - Processing /Users/vamseekrishna/Desktop/F1_Data_Warehouse/f1datawarehouse/lib/python3.9/site-packages/airflow/example_dags/example_latest_only.py took 0.064 seconds
[2024-02-24T13:22:31.712-0600] {processor.py:161} INFO - Started process (PID=78817) to work on /Users/vamseekrishna/Desktop/F1_Data_Warehouse/f1datawarehouse/lib/python3.9/site-packages/airflow/example_dags/example_latest_only.py
[2024-02-24T13:22:31.715-0600] {processor.py:830} INFO - Processing file /Users/vamseekrishna/Desktop/F1_Data_Warehouse/f1datawarehouse/lib/python3.9/site-packages/airflow/example_dags/example_latest_only.py for tasks to queue
[2024-02-24T13:22:31.715-0600] {logging_mixin.py:188} INFO - [2024-02-24T13:22:31.715-0600] {dagbag.py:538} INFO - Filling up the DagBag from /Users/vamseekrishna/Desktop/F1_Data_Warehouse/f1datawarehouse/lib/python3.9/site-packages/airflow/example_dags/example_latest_only.py
[2024-02-24T13:22:31.719-0600] {processor.py:840} INFO - DAG(s) 'latest_only' retrieved from /Users/vamseekrishna/Desktop/F1_Data_Warehouse/f1datawarehouse/lib/python3.9/site-packages/airflow/example_dags/example_latest_only.py
[2024-02-24T13:22:31.764-0600] {logging_mixin.py:188} INFO - [2024-02-24T13:22:31.763-0600] {dag.py:3036} INFO - Sync 1 DAGs
[2024-02-24T13:22:31.772-0600] {logging_mixin.py:188} INFO - [2024-02-24T13:22:31.772-0600] {dag.py:3823} INFO - Setting next_dagrun for latest_only to 2024-02-24 12:00:00+00:00, run_after=2024-02-24 16:00:00+00:00
[2024-02-24T13:22:31.780-0600] {processor.py:183} INFO - Processing /Users/vamseekrishna/Desktop/F1_Data_Warehouse/f1datawarehouse/lib/python3.9/site-packages/airflow/example_dags/example_latest_only.py took 0.068 seconds
[2024-02-24T13:24:28.538-0600] {processor.py:161} INFO - Started process (PID=78928) to work on /Users/vamseekrishna/Desktop/F1_Data_Warehouse/f1datawarehouse/lib/python3.9/site-packages/airflow/example_dags/example_latest_only.py
[2024-02-24T13:24:28.540-0600] {processor.py:830} INFO - Processing file /Users/vamseekrishna/Desktop/F1_Data_Warehouse/f1datawarehouse/lib/python3.9/site-packages/airflow/example_dags/example_latest_only.py for tasks to queue
[2024-02-24T13:24:28.540-0600] {logging_mixin.py:188} INFO - [2024-02-24T13:24:28.540-0600] {dagbag.py:538} INFO - Filling up the DagBag from /Users/vamseekrishna/Desktop/F1_Data_Warehouse/f1datawarehouse/lib/python3.9/site-packages/airflow/example_dags/example_latest_only.py
[2024-02-24T13:24:28.543-0600] {processor.py:840} INFO - DAG(s) 'latest_only' retrieved from /Users/vamseekrishna/Desktop/F1_Data_Warehouse/f1datawarehouse/lib/python3.9/site-packages/airflow/example_dags/example_latest_only.py
[2024-02-24T13:24:28.585-0600] {logging_mixin.py:188} INFO - [2024-02-24T13:24:28.585-0600] {dag.py:3036} INFO - Sync 1 DAGs
[2024-02-24T13:24:28.593-0600] {logging_mixin.py:188} INFO - [2024-02-24T13:24:28.593-0600] {dag.py:3823} INFO - Setting next_dagrun for latest_only to 2024-02-24 12:00:00+00:00, run_after=2024-02-24 16:00:00+00:00
[2024-02-24T13:24:28.600-0600] {processor.py:183} INFO - Processing /Users/vamseekrishna/Desktop/F1_Data_Warehouse/f1datawarehouse/lib/python3.9/site-packages/airflow/example_dags/example_latest_only.py took 0.063 seconds
[2024-02-24T13:26:20.136-0600] {processor.py:161} INFO - Started process (PID=79030) to work on /Users/vamseekrishna/Desktop/F1_Data_Warehouse/f1datawarehouse/lib/python3.9/site-packages/airflow/example_dags/example_latest_only.py
[2024-02-24T13:26:20.138-0600] {processor.py:830} INFO - Processing file /Users/vamseekrishna/Desktop/F1_Data_Warehouse/f1datawarehouse/lib/python3.9/site-packages/airflow/example_dags/example_latest_only.py for tasks to queue
[2024-02-24T13:26:20.139-0600] {logging_mixin.py:188} INFO - [2024-02-24T13:26:20.138-0600] {dagbag.py:538} INFO - Filling up the DagBag from /Users/vamseekrishna/Desktop/F1_Data_Warehouse/f1datawarehouse/lib/python3.9/site-packages/airflow/example_dags/example_latest_only.py
[2024-02-24T13:26:20.142-0600] {processor.py:840} INFO - DAG(s) 'latest_only' retrieved from /Users/vamseekrishna/Desktop/F1_Data_Warehouse/f1datawarehouse/lib/python3.9/site-packages/airflow/example_dags/example_latest_only.py
[2024-02-24T13:26:20.186-0600] {logging_mixin.py:188} INFO - [2024-02-24T13:26:20.186-0600] {dag.py:3036} INFO - Sync 1 DAGs
[2024-02-24T13:26:20.194-0600] {logging_mixin.py:188} INFO - [2024-02-24T13:26:20.194-0600] {dag.py:3823} INFO - Setting next_dagrun for latest_only to 2024-02-24 12:00:00+00:00, run_after=2024-02-24 16:00:00+00:00
[2024-02-24T13:26:20.201-0600] {processor.py:183} INFO - Processing /Users/vamseekrishna/Desktop/F1_Data_Warehouse/f1datawarehouse/lib/python3.9/site-packages/airflow/example_dags/example_latest_only.py took 0.065 seconds
[2024-02-24T13:28:04.029-0600] {processor.py:161} INFO - Started process (PID=79150) to work on /Users/vamseekrishna/Desktop/F1_Data_Warehouse/f1datawarehouse/lib/python3.9/site-packages/airflow/example_dags/example_latest_only.py
[2024-02-24T13:28:04.031-0600] {processor.py:830} INFO - Processing file /Users/vamseekrishna/Desktop/F1_Data_Warehouse/f1datawarehouse/lib/python3.9/site-packages/airflow/example_dags/example_latest_only.py for tasks to queue
[2024-02-24T13:28:04.031-0600] {logging_mixin.py:188} INFO - [2024-02-24T13:28:04.031-0600] {dagbag.py:538} INFO - Filling up the DagBag from /Users/vamseekrishna/Desktop/F1_Data_Warehouse/f1datawarehouse/lib/python3.9/site-packages/airflow/example_dags/example_latest_only.py
[2024-02-24T13:28:04.034-0600] {processor.py:840} INFO - DAG(s) 'latest_only' retrieved from /Users/vamseekrishna/Desktop/F1_Data_Warehouse/f1datawarehouse/lib/python3.9/site-packages/airflow/example_dags/example_latest_only.py
[2024-02-24T13:28:04.077-0600] {logging_mixin.py:188} INFO - [2024-02-24T13:28:04.077-0600] {dag.py:3036} INFO - Sync 1 DAGs
[2024-02-24T13:28:04.085-0600] {logging_mixin.py:188} INFO - [2024-02-24T13:28:04.085-0600] {dag.py:3823} INFO - Setting next_dagrun for latest_only to 2024-02-24 12:00:00+00:00, run_after=2024-02-24 16:00:00+00:00
[2024-02-24T13:28:04.092-0600] {processor.py:183} INFO - Processing /Users/vamseekrishna/Desktop/F1_Data_Warehouse/f1datawarehouse/lib/python3.9/site-packages/airflow/example_dags/example_latest_only.py took 0.063 seconds
[2024-02-24T13:29:52.968-0600] {processor.py:161} INFO - Started process (PID=79314) to work on /Users/vamseekrishna/Desktop/F1_Data_Warehouse/f1datawarehouse/lib/python3.9/site-packages/airflow/example_dags/example_latest_only.py
[2024-02-24T13:29:52.969-0600] {processor.py:830} INFO - Processing file /Users/vamseekrishna/Desktop/F1_Data_Warehouse/f1datawarehouse/lib/python3.9/site-packages/airflow/example_dags/example_latest_only.py for tasks to queue
[2024-02-24T13:29:52.969-0600] {logging_mixin.py:188} INFO - [2024-02-24T13:29:52.969-0600] {dagbag.py:538} INFO - Filling up the DagBag from /Users/vamseekrishna/Desktop/F1_Data_Warehouse/f1datawarehouse/lib/python3.9/site-packages/airflow/example_dags/example_latest_only.py
[2024-02-24T13:29:52.972-0600] {processor.py:840} INFO - DAG(s) 'latest_only' retrieved from /Users/vamseekrishna/Desktop/F1_Data_Warehouse/f1datawarehouse/lib/python3.9/site-packages/airflow/example_dags/example_latest_only.py
[2024-02-24T13:29:53.015-0600] {logging_mixin.py:188} INFO - [2024-02-24T13:29:53.015-0600] {dag.py:3036} INFO - Sync 1 DAGs
[2024-02-24T13:29:53.023-0600] {logging_mixin.py:188} INFO - [2024-02-24T13:29:53.023-0600] {dag.py:3823} INFO - Setting next_dagrun for latest_only to 2024-02-24 12:00:00+00:00, run_after=2024-02-24 16:00:00+00:00
[2024-02-24T13:29:53.030-0600] {processor.py:183} INFO - Processing /Users/vamseekrishna/Desktop/F1_Data_Warehouse/f1datawarehouse/lib/python3.9/site-packages/airflow/example_dags/example_latest_only.py took 0.063 seconds
