[2024-02-24T16:01:44.208-0600] {processor.py:161} INFO - Started process (PID=87744) to work on /Users/vamseekrishna/Desktop/F1_Data_Warehouse/f1datawarehouse/lib/python3.9/site-packages/airflow/example_dags/example_short_circuit_decorator.py
[2024-02-24T16:01:44.209-0600] {processor.py:830} INFO - Processing file /Users/vamseekrishna/Desktop/F1_Data_Warehouse/f1datawarehouse/lib/python3.9/site-packages/airflow/example_dags/example_short_circuit_decorator.py for tasks to queue
[2024-02-24T16:01:44.210-0600] {logging_mixin.py:188} INFO - [2024-02-24T16:01:44.209-0600] {dagbag.py:538} INFO - Filling up the DagBag from /Users/vamseekrishna/Desktop/F1_Data_Warehouse/f1datawarehouse/lib/python3.9/site-packages/airflow/example_dags/example_short_circuit_decorator.py
[2024-02-24T16:01:44.227-0600] {processor.py:840} INFO - DAG(s) 'example_short_circuit_decorator' retrieved from /Users/vamseekrishna/Desktop/F1_Data_Warehouse/f1datawarehouse/lib/python3.9/site-packages/airflow/example_dags/example_short_circuit_decorator.py
[2024-02-24T16:01:44.316-0600] {logging_mixin.py:188} INFO - [2024-02-24T16:01:44.316-0600] {override.py:1769} INFO - Created Permission View: can edit on DAG:example_short_circuit_decorator
[2024-02-24T16:01:44.319-0600] {logging_mixin.py:188} INFO - [2024-02-24T16:01:44.319-0600] {override.py:1769} INFO - Created Permission View: can delete on DAG:example_short_circuit_decorator
[2024-02-24T16:01:44.322-0600] {logging_mixin.py:188} INFO - [2024-02-24T16:01:44.322-0600] {override.py:1769} INFO - Created Permission View: can read on DAG:example_short_circuit_decorator
[2024-02-24T16:01:44.322-0600] {logging_mixin.py:188} INFO - [2024-02-24T16:01:44.322-0600] {dag.py:3036} INFO - Sync 1 DAGs
[2024-02-24T16:01:44.326-0600] {logging_mixin.py:188} INFO - [2024-02-24T16:01:44.326-0600] {dag.py:3058} INFO - Creating ORM DAG for example_short_circuit_decorator
[2024-02-24T16:01:44.331-0600] {logging_mixin.py:188} INFO - [2024-02-24T16:01:44.331-0600] {dag.py:3823} INFO - Setting next_dagrun for example_short_circuit_decorator to 2024-02-23 00:00:00+00:00, run_after=2024-02-24 00:00:00+00:00
[2024-02-24T16:01:44.339-0600] {processor.py:183} INFO - Processing /Users/vamseekrishna/Desktop/F1_Data_Warehouse/f1datawarehouse/lib/python3.9/site-packages/airflow/example_dags/example_short_circuit_decorator.py took 0.132 seconds
[2024-02-24T16:03:18.491-0600] {processor.py:161} INFO - Started process (PID=87961) to work on /Users/vamseekrishna/Desktop/F1_Data_Warehouse/f1datawarehouse/lib/python3.9/site-packages/airflow/example_dags/example_short_circuit_decorator.py
[2024-02-24T16:03:18.492-0600] {processor.py:830} INFO - Processing file /Users/vamseekrishna/Desktop/F1_Data_Warehouse/f1datawarehouse/lib/python3.9/site-packages/airflow/example_dags/example_short_circuit_decorator.py for tasks to queue
[2024-02-24T16:03:18.493-0600] {logging_mixin.py:188} INFO - [2024-02-24T16:03:18.493-0600] {dagbag.py:538} INFO - Filling up the DagBag from /Users/vamseekrishna/Desktop/F1_Data_Warehouse/f1datawarehouse/lib/python3.9/site-packages/airflow/example_dags/example_short_circuit_decorator.py
[2024-02-24T16:03:18.510-0600] {processor.py:840} INFO - DAG(s) 'example_short_circuit_decorator' retrieved from /Users/vamseekrishna/Desktop/F1_Data_Warehouse/f1datawarehouse/lib/python3.9/site-packages/airflow/example_dags/example_short_circuit_decorator.py
[2024-02-24T16:03:18.560-0600] {logging_mixin.py:188} INFO - [2024-02-24T16:03:18.560-0600] {dag.py:3036} INFO - Sync 1 DAGs
[2024-02-24T16:03:18.568-0600] {logging_mixin.py:188} INFO - [2024-02-24T16:03:18.568-0600] {dag.py:3823} INFO - Setting next_dagrun for example_short_circuit_decorator to 2024-02-23 00:00:00+00:00, run_after=2024-02-24 00:00:00+00:00
[2024-02-24T16:03:18.577-0600] {processor.py:183} INFO - Processing /Users/vamseekrishna/Desktop/F1_Data_Warehouse/f1datawarehouse/lib/python3.9/site-packages/airflow/example_dags/example_short_circuit_decorator.py took 0.087 seconds
[2024-02-24T16:05:18.076-0600] {processor.py:161} INFO - Started process (PID=88200) to work on /Users/vamseekrishna/Desktop/F1_Data_Warehouse/f1datawarehouse/lib/python3.9/site-packages/airflow/example_dags/example_short_circuit_decorator.py
[2024-02-24T16:05:18.078-0600] {processor.py:830} INFO - Processing file /Users/vamseekrishna/Desktop/F1_Data_Warehouse/f1datawarehouse/lib/python3.9/site-packages/airflow/example_dags/example_short_circuit_decorator.py for tasks to queue
[2024-02-24T16:05:18.078-0600] {logging_mixin.py:188} INFO - [2024-02-24T16:05:18.078-0600] {dagbag.py:538} INFO - Filling up the DagBag from /Users/vamseekrishna/Desktop/F1_Data_Warehouse/f1datawarehouse/lib/python3.9/site-packages/airflow/example_dags/example_short_circuit_decorator.py
[2024-02-24T16:05:18.118-0600] {processor.py:840} INFO - DAG(s) 'example_short_circuit_decorator' retrieved from /Users/vamseekrishna/Desktop/F1_Data_Warehouse/f1datawarehouse/lib/python3.9/site-packages/airflow/example_dags/example_short_circuit_decorator.py
[2024-02-24T16:05:18.170-0600] {logging_mixin.py:188} INFO - [2024-02-24T16:05:18.170-0600] {dag.py:3036} INFO - Sync 1 DAGs
[2024-02-24T16:05:18.180-0600] {logging_mixin.py:188} INFO - [2024-02-24T16:05:18.180-0600] {dag.py:3823} INFO - Setting next_dagrun for example_short_circuit_decorator to 2024-02-23 00:00:00+00:00, run_after=2024-02-24 00:00:00+00:00
[2024-02-24T16:05:18.191-0600] {processor.py:183} INFO - Processing /Users/vamseekrishna/Desktop/F1_Data_Warehouse/f1datawarehouse/lib/python3.9/site-packages/airflow/example_dags/example_short_circuit_decorator.py took 0.116 seconds
[2024-02-24T16:07:13.813-0600] {processor.py:161} INFO - Started process (PID=88394) to work on /Users/vamseekrishna/Desktop/F1_Data_Warehouse/f1datawarehouse/lib/python3.9/site-packages/airflow/example_dags/example_short_circuit_decorator.py
[2024-02-24T16:07:13.815-0600] {processor.py:830} INFO - Processing file /Users/vamseekrishna/Desktop/F1_Data_Warehouse/f1datawarehouse/lib/python3.9/site-packages/airflow/example_dags/example_short_circuit_decorator.py for tasks to queue
[2024-02-24T16:07:13.815-0600] {logging_mixin.py:188} INFO - [2024-02-24T16:07:13.815-0600] {dagbag.py:538} INFO - Filling up the DagBag from /Users/vamseekrishna/Desktop/F1_Data_Warehouse/f1datawarehouse/lib/python3.9/site-packages/airflow/example_dags/example_short_circuit_decorator.py
[2024-02-24T16:07:13.860-0600] {processor.py:840} INFO - DAG(s) 'example_short_circuit_decorator' retrieved from /Users/vamseekrishna/Desktop/F1_Data_Warehouse/f1datawarehouse/lib/python3.9/site-packages/airflow/example_dags/example_short_circuit_decorator.py
[2024-02-24T16:07:13.913-0600] {logging_mixin.py:188} INFO - [2024-02-24T16:07:13.912-0600] {dag.py:3036} INFO - Sync 1 DAGs
[2024-02-24T16:07:13.922-0600] {logging_mixin.py:188} INFO - [2024-02-24T16:07:13.921-0600] {dag.py:3823} INFO - Setting next_dagrun for example_short_circuit_decorator to 2024-02-23 00:00:00+00:00, run_after=2024-02-24 00:00:00+00:00
[2024-02-24T16:07:13.930-0600] {processor.py:183} INFO - Processing /Users/vamseekrishna/Desktop/F1_Data_Warehouse/f1datawarehouse/lib/python3.9/site-packages/airflow/example_dags/example_short_circuit_decorator.py took 0.117 seconds
[2024-02-24T16:09:11.298-0600] {processor.py:161} INFO - Started process (PID=88611) to work on /Users/vamseekrishna/Desktop/F1_Data_Warehouse/f1datawarehouse/lib/python3.9/site-packages/airflow/example_dags/example_short_circuit_decorator.py
[2024-02-24T16:09:11.300-0600] {processor.py:830} INFO - Processing file /Users/vamseekrishna/Desktop/F1_Data_Warehouse/f1datawarehouse/lib/python3.9/site-packages/airflow/example_dags/example_short_circuit_decorator.py for tasks to queue
[2024-02-24T16:09:11.300-0600] {logging_mixin.py:188} INFO - [2024-02-24T16:09:11.300-0600] {dagbag.py:538} INFO - Filling up the DagBag from /Users/vamseekrishna/Desktop/F1_Data_Warehouse/f1datawarehouse/lib/python3.9/site-packages/airflow/example_dags/example_short_circuit_decorator.py
[2024-02-24T16:09:11.339-0600] {processor.py:840} INFO - DAG(s) 'example_short_circuit_decorator' retrieved from /Users/vamseekrishna/Desktop/F1_Data_Warehouse/f1datawarehouse/lib/python3.9/site-packages/airflow/example_dags/example_short_circuit_decorator.py
[2024-02-24T16:09:11.386-0600] {logging_mixin.py:188} INFO - [2024-02-24T16:09:11.386-0600] {dag.py:3036} INFO - Sync 1 DAGs
[2024-02-24T16:09:11.394-0600] {logging_mixin.py:188} INFO - [2024-02-24T16:09:11.394-0600] {dag.py:3823} INFO - Setting next_dagrun for example_short_circuit_decorator to 2024-02-23 00:00:00+00:00, run_after=2024-02-24 00:00:00+00:00
[2024-02-24T16:09:11.403-0600] {processor.py:183} INFO - Processing /Users/vamseekrishna/Desktop/F1_Data_Warehouse/f1datawarehouse/lib/python3.9/site-packages/airflow/example_dags/example_short_circuit_decorator.py took 0.106 seconds
[2024-02-24T16:11:08.379-0600] {processor.py:161} INFO - Started process (PID=88813) to work on /Users/vamseekrishna/Desktop/F1_Data_Warehouse/f1datawarehouse/lib/python3.9/site-packages/airflow/example_dags/example_short_circuit_decorator.py
[2024-02-24T16:11:08.381-0600] {processor.py:830} INFO - Processing file /Users/vamseekrishna/Desktop/F1_Data_Warehouse/f1datawarehouse/lib/python3.9/site-packages/airflow/example_dags/example_short_circuit_decorator.py for tasks to queue
[2024-02-24T16:11:08.381-0600] {logging_mixin.py:188} INFO - [2024-02-24T16:11:08.381-0600] {dagbag.py:538} INFO - Filling up the DagBag from /Users/vamseekrishna/Desktop/F1_Data_Warehouse/f1datawarehouse/lib/python3.9/site-packages/airflow/example_dags/example_short_circuit_decorator.py
[2024-02-24T16:11:08.421-0600] {processor.py:840} INFO - DAG(s) 'example_short_circuit_decorator' retrieved from /Users/vamseekrishna/Desktop/F1_Data_Warehouse/f1datawarehouse/lib/python3.9/site-packages/airflow/example_dags/example_short_circuit_decorator.py
[2024-02-24T16:11:08.469-0600] {logging_mixin.py:188} INFO - [2024-02-24T16:11:08.469-0600] {dag.py:3036} INFO - Sync 1 DAGs
[2024-02-24T16:11:08.477-0600] {logging_mixin.py:188} INFO - [2024-02-24T16:11:08.477-0600] {dag.py:3823} INFO - Setting next_dagrun for example_short_circuit_decorator to 2024-02-23 00:00:00+00:00, run_after=2024-02-24 00:00:00+00:00
[2024-02-24T16:11:08.485-0600] {processor.py:183} INFO - Processing /Users/vamseekrishna/Desktop/F1_Data_Warehouse/f1datawarehouse/lib/python3.9/site-packages/airflow/example_dags/example_short_circuit_decorator.py took 0.106 seconds
[2024-02-24T16:13:01.913-0600] {processor.py:161} INFO - Started process (PID=88977) to work on /Users/vamseekrishna/Desktop/F1_Data_Warehouse/f1datawarehouse/lib/python3.9/site-packages/airflow/example_dags/example_short_circuit_decorator.py
[2024-02-24T16:13:01.914-0600] {processor.py:830} INFO - Processing file /Users/vamseekrishna/Desktop/F1_Data_Warehouse/f1datawarehouse/lib/python3.9/site-packages/airflow/example_dags/example_short_circuit_decorator.py for tasks to queue
[2024-02-24T16:13:01.914-0600] {logging_mixin.py:188} INFO - [2024-02-24T16:13:01.914-0600] {dagbag.py:538} INFO - Filling up the DagBag from /Users/vamseekrishna/Desktop/F1_Data_Warehouse/f1datawarehouse/lib/python3.9/site-packages/airflow/example_dags/example_short_circuit_decorator.py
[2024-02-24T16:13:01.956-0600] {processor.py:840} INFO - DAG(s) 'example_short_circuit_decorator' retrieved from /Users/vamseekrishna/Desktop/F1_Data_Warehouse/f1datawarehouse/lib/python3.9/site-packages/airflow/example_dags/example_short_circuit_decorator.py
[2024-02-24T16:13:02.005-0600] {logging_mixin.py:188} INFO - [2024-02-24T16:13:02.004-0600] {dag.py:3036} INFO - Sync 1 DAGs
[2024-02-24T16:13:02.013-0600] {logging_mixin.py:188} INFO - [2024-02-24T16:13:02.013-0600] {dag.py:3823} INFO - Setting next_dagrun for example_short_circuit_decorator to 2024-02-23 00:00:00+00:00, run_after=2024-02-24 00:00:00+00:00
[2024-02-24T16:13:02.021-0600] {processor.py:183} INFO - Processing /Users/vamseekrishna/Desktop/F1_Data_Warehouse/f1datawarehouse/lib/python3.9/site-packages/airflow/example_dags/example_short_circuit_decorator.py took 0.109 seconds
[2024-02-24T16:14:53.546-0600] {processor.py:161} INFO - Started process (PID=89173) to work on /Users/vamseekrishna/Desktop/F1_Data_Warehouse/f1datawarehouse/lib/python3.9/site-packages/airflow/example_dags/example_short_circuit_decorator.py
[2024-02-24T16:14:53.547-0600] {processor.py:830} INFO - Processing file /Users/vamseekrishna/Desktop/F1_Data_Warehouse/f1datawarehouse/lib/python3.9/site-packages/airflow/example_dags/example_short_circuit_decorator.py for tasks to queue
[2024-02-24T16:14:53.548-0600] {logging_mixin.py:188} INFO - [2024-02-24T16:14:53.548-0600] {dagbag.py:538} INFO - Filling up the DagBag from /Users/vamseekrishna/Desktop/F1_Data_Warehouse/f1datawarehouse/lib/python3.9/site-packages/airflow/example_dags/example_short_circuit_decorator.py
[2024-02-24T16:14:53.593-0600] {processor.py:840} INFO - DAG(s) 'example_short_circuit_decorator' retrieved from /Users/vamseekrishna/Desktop/F1_Data_Warehouse/f1datawarehouse/lib/python3.9/site-packages/airflow/example_dags/example_short_circuit_decorator.py
[2024-02-24T16:14:53.644-0600] {logging_mixin.py:188} INFO - [2024-02-24T16:14:53.644-0600] {dag.py:3036} INFO - Sync 1 DAGs
[2024-02-24T16:14:53.653-0600] {logging_mixin.py:188} INFO - [2024-02-24T16:14:53.653-0600] {dag.py:3823} INFO - Setting next_dagrun for example_short_circuit_decorator to 2024-02-23 00:00:00+00:00, run_after=2024-02-24 00:00:00+00:00
[2024-02-24T16:14:53.661-0600] {processor.py:183} INFO - Processing /Users/vamseekrishna/Desktop/F1_Data_Warehouse/f1datawarehouse/lib/python3.9/site-packages/airflow/example_dags/example_short_circuit_decorator.py took 0.116 seconds
[2024-02-24T16:16:37.963-0600] {processor.py:161} INFO - Started process (PID=89366) to work on /Users/vamseekrishna/Desktop/F1_Data_Warehouse/f1datawarehouse/lib/python3.9/site-packages/airflow/example_dags/example_short_circuit_decorator.py
[2024-02-24T16:16:37.965-0600] {processor.py:830} INFO - Processing file /Users/vamseekrishna/Desktop/F1_Data_Warehouse/f1datawarehouse/lib/python3.9/site-packages/airflow/example_dags/example_short_circuit_decorator.py for tasks to queue
[2024-02-24T16:16:37.965-0600] {logging_mixin.py:188} INFO - [2024-02-24T16:16:37.965-0600] {dagbag.py:538} INFO - Filling up the DagBag from /Users/vamseekrishna/Desktop/F1_Data_Warehouse/f1datawarehouse/lib/python3.9/site-packages/airflow/example_dags/example_short_circuit_decorator.py
[2024-02-24T16:16:38.013-0600] {processor.py:840} INFO - DAG(s) 'example_short_circuit_decorator' retrieved from /Users/vamseekrishna/Desktop/F1_Data_Warehouse/f1datawarehouse/lib/python3.9/site-packages/airflow/example_dags/example_short_circuit_decorator.py
[2024-02-24T16:16:38.065-0600] {logging_mixin.py:188} INFO - [2024-02-24T16:16:38.065-0600] {dag.py:3036} INFO - Sync 1 DAGs
[2024-02-24T16:16:38.077-0600] {logging_mixin.py:188} INFO - [2024-02-24T16:16:38.077-0600] {dag.py:3823} INFO - Setting next_dagrun for example_short_circuit_decorator to 2024-02-23 00:00:00+00:00, run_after=2024-02-24 00:00:00+00:00
[2024-02-24T16:16:38.086-0600] {processor.py:183} INFO - Processing /Users/vamseekrishna/Desktop/F1_Data_Warehouse/f1datawarehouse/lib/python3.9/site-packages/airflow/example_dags/example_short_circuit_decorator.py took 0.123 seconds
[2024-02-24T16:18:37.666-0600] {processor.py:161} INFO - Started process (PID=89571) to work on /Users/vamseekrishna/Desktop/F1_Data_Warehouse/f1datawarehouse/lib/python3.9/site-packages/airflow/example_dags/example_short_circuit_decorator.py
[2024-02-24T16:18:37.668-0600] {processor.py:830} INFO - Processing file /Users/vamseekrishna/Desktop/F1_Data_Warehouse/f1datawarehouse/lib/python3.9/site-packages/airflow/example_dags/example_short_circuit_decorator.py for tasks to queue
[2024-02-24T16:18:37.668-0600] {logging_mixin.py:188} INFO - [2024-02-24T16:18:37.668-0600] {dagbag.py:538} INFO - Filling up the DagBag from /Users/vamseekrishna/Desktop/F1_Data_Warehouse/f1datawarehouse/lib/python3.9/site-packages/airflow/example_dags/example_short_circuit_decorator.py
[2024-02-24T16:18:37.709-0600] {processor.py:840} INFO - DAG(s) 'example_short_circuit_decorator' retrieved from /Users/vamseekrishna/Desktop/F1_Data_Warehouse/f1datawarehouse/lib/python3.9/site-packages/airflow/example_dags/example_short_circuit_decorator.py
[2024-02-24T16:18:37.760-0600] {logging_mixin.py:188} INFO - [2024-02-24T16:18:37.760-0600] {dag.py:3036} INFO - Sync 1 DAGs
[2024-02-24T16:18:37.769-0600] {logging_mixin.py:188} INFO - [2024-02-24T16:18:37.769-0600] {dag.py:3823} INFO - Setting next_dagrun for example_short_circuit_decorator to 2024-02-23 00:00:00+00:00, run_after=2024-02-24 00:00:00+00:00
[2024-02-24T16:18:37.777-0600] {processor.py:183} INFO - Processing /Users/vamseekrishna/Desktop/F1_Data_Warehouse/f1datawarehouse/lib/python3.9/site-packages/airflow/example_dags/example_short_circuit_decorator.py took 0.112 seconds
[2024-02-24T16:20:34.855-0600] {processor.py:161} INFO - Started process (PID=89748) to work on /Users/vamseekrishna/Desktop/F1_Data_Warehouse/f1datawarehouse/lib/python3.9/site-packages/airflow/example_dags/example_short_circuit_decorator.py
[2024-02-24T16:20:34.856-0600] {processor.py:830} INFO - Processing file /Users/vamseekrishna/Desktop/F1_Data_Warehouse/f1datawarehouse/lib/python3.9/site-packages/airflow/example_dags/example_short_circuit_decorator.py for tasks to queue
[2024-02-24T16:20:34.856-0600] {logging_mixin.py:188} INFO - [2024-02-24T16:20:34.856-0600] {dagbag.py:538} INFO - Filling up the DagBag from /Users/vamseekrishna/Desktop/F1_Data_Warehouse/f1datawarehouse/lib/python3.9/site-packages/airflow/example_dags/example_short_circuit_decorator.py
[2024-02-24T16:20:34.896-0600] {processor.py:840} INFO - DAG(s) 'example_short_circuit_decorator' retrieved from /Users/vamseekrishna/Desktop/F1_Data_Warehouse/f1datawarehouse/lib/python3.9/site-packages/airflow/example_dags/example_short_circuit_decorator.py
[2024-02-24T16:20:34.943-0600] {logging_mixin.py:188} INFO - [2024-02-24T16:20:34.943-0600] {dag.py:3036} INFO - Sync 1 DAGs
[2024-02-24T16:20:34.952-0600] {logging_mixin.py:188} INFO - [2024-02-24T16:20:34.952-0600] {dag.py:3823} INFO - Setting next_dagrun for example_short_circuit_decorator to 2024-02-23 00:00:00+00:00, run_after=2024-02-24 00:00:00+00:00
[2024-02-24T16:20:34.960-0600] {processor.py:183} INFO - Processing /Users/vamseekrishna/Desktop/F1_Data_Warehouse/f1datawarehouse/lib/python3.9/site-packages/airflow/example_dags/example_short_circuit_decorator.py took 0.106 seconds
[2024-02-24T16:22:37.774-0600] {processor.py:161} INFO - Started process (PID=89933) to work on /Users/vamseekrishna/Desktop/F1_Data_Warehouse/f1datawarehouse/lib/python3.9/site-packages/airflow/example_dags/example_short_circuit_decorator.py
[2024-02-24T16:22:37.776-0600] {processor.py:830} INFO - Processing file /Users/vamseekrishna/Desktop/F1_Data_Warehouse/f1datawarehouse/lib/python3.9/site-packages/airflow/example_dags/example_short_circuit_decorator.py for tasks to queue
[2024-02-24T16:22:37.776-0600] {logging_mixin.py:188} INFO - [2024-02-24T16:22:37.776-0600] {dagbag.py:538} INFO - Filling up the DagBag from /Users/vamseekrishna/Desktop/F1_Data_Warehouse/f1datawarehouse/lib/python3.9/site-packages/airflow/example_dags/example_short_circuit_decorator.py
[2024-02-24T16:22:37.850-0600] {processor.py:840} INFO - DAG(s) 'example_short_circuit_decorator' retrieved from /Users/vamseekrishna/Desktop/F1_Data_Warehouse/f1datawarehouse/lib/python3.9/site-packages/airflow/example_dags/example_short_circuit_decorator.py
[2024-02-24T16:22:37.899-0600] {logging_mixin.py:188} INFO - [2024-02-24T16:22:37.899-0600] {dag.py:3036} INFO - Sync 1 DAGs
[2024-02-24T16:22:37.907-0600] {logging_mixin.py:188} INFO - [2024-02-24T16:22:37.907-0600] {dag.py:3823} INFO - Setting next_dagrun for example_short_circuit_decorator to 2024-02-23 00:00:00+00:00, run_after=2024-02-24 00:00:00+00:00
[2024-02-24T16:22:37.915-0600] {processor.py:183} INFO - Processing /Users/vamseekrishna/Desktop/F1_Data_Warehouse/f1datawarehouse/lib/python3.9/site-packages/airflow/example_dags/example_short_circuit_decorator.py took 0.143 seconds
[2024-02-24T16:24:45.511-0600] {processor.py:161} INFO - Started process (PID=90129) to work on /Users/vamseekrishna/Desktop/F1_Data_Warehouse/f1datawarehouse/lib/python3.9/site-packages/airflow/example_dags/example_short_circuit_decorator.py
[2024-02-24T16:24:45.513-0600] {processor.py:830} INFO - Processing file /Users/vamseekrishna/Desktop/F1_Data_Warehouse/f1datawarehouse/lib/python3.9/site-packages/airflow/example_dags/example_short_circuit_decorator.py for tasks to queue
[2024-02-24T16:24:45.513-0600] {logging_mixin.py:188} INFO - [2024-02-24T16:24:45.513-0600] {dagbag.py:538} INFO - Filling up the DagBag from /Users/vamseekrishna/Desktop/F1_Data_Warehouse/f1datawarehouse/lib/python3.9/site-packages/airflow/example_dags/example_short_circuit_decorator.py
[2024-02-24T16:24:45.617-0600] {processor.py:840} INFO - DAG(s) 'example_short_circuit_decorator' retrieved from /Users/vamseekrishna/Desktop/F1_Data_Warehouse/f1datawarehouse/lib/python3.9/site-packages/airflow/example_dags/example_short_circuit_decorator.py
[2024-02-24T16:24:45.674-0600] {logging_mixin.py:188} INFO - [2024-02-24T16:24:45.673-0600] {dag.py:3036} INFO - Sync 1 DAGs
[2024-02-24T16:24:45.683-0600] {logging_mixin.py:188} INFO - [2024-02-24T16:24:45.683-0600] {dag.py:3823} INFO - Setting next_dagrun for example_short_circuit_decorator to 2024-02-23 00:00:00+00:00, run_after=2024-02-24 00:00:00+00:00
[2024-02-24T16:24:45.693-0600] {processor.py:183} INFO - Processing /Users/vamseekrishna/Desktop/F1_Data_Warehouse/f1datawarehouse/lib/python3.9/site-packages/airflow/example_dags/example_short_circuit_decorator.py took 0.183 seconds
[2024-02-24T16:26:47.912-0600] {processor.py:161} INFO - Started process (PID=90320) to work on /Users/vamseekrishna/Desktop/F1_Data_Warehouse/f1datawarehouse/lib/python3.9/site-packages/airflow/example_dags/example_short_circuit_decorator.py
[2024-02-24T16:26:47.913-0600] {processor.py:830} INFO - Processing file /Users/vamseekrishna/Desktop/F1_Data_Warehouse/f1datawarehouse/lib/python3.9/site-packages/airflow/example_dags/example_short_circuit_decorator.py for tasks to queue
[2024-02-24T16:26:47.913-0600] {logging_mixin.py:188} INFO - [2024-02-24T16:26:47.913-0600] {dagbag.py:538} INFO - Filling up the DagBag from /Users/vamseekrishna/Desktop/F1_Data_Warehouse/f1datawarehouse/lib/python3.9/site-packages/airflow/example_dags/example_short_circuit_decorator.py
[2024-02-24T16:26:47.970-0600] {processor.py:840} INFO - DAG(s) 'example_short_circuit_decorator' retrieved from /Users/vamseekrishna/Desktop/F1_Data_Warehouse/f1datawarehouse/lib/python3.9/site-packages/airflow/example_dags/example_short_circuit_decorator.py
[2024-02-24T16:26:48.039-0600] {logging_mixin.py:188} INFO - [2024-02-24T16:26:48.039-0600] {dag.py:3036} INFO - Sync 1 DAGs
[2024-02-24T16:26:48.051-0600] {logging_mixin.py:188} INFO - [2024-02-24T16:26:48.050-0600] {dag.py:3823} INFO - Setting next_dagrun for example_short_circuit_decorator to 2024-02-23 00:00:00+00:00, run_after=2024-02-24 00:00:00+00:00
[2024-02-24T16:26:48.059-0600] {processor.py:183} INFO - Processing /Users/vamseekrishna/Desktop/F1_Data_Warehouse/f1datawarehouse/lib/python3.9/site-packages/airflow/example_dags/example_short_circuit_decorator.py took 0.148 seconds
[2024-02-24T16:28:49.965-0600] {processor.py:161} INFO - Started process (PID=90476) to work on /Users/vamseekrishna/Desktop/F1_Data_Warehouse/f1datawarehouse/lib/python3.9/site-packages/airflow/example_dags/example_short_circuit_decorator.py
[2024-02-24T16:28:49.966-0600] {processor.py:830} INFO - Processing file /Users/vamseekrishna/Desktop/F1_Data_Warehouse/f1datawarehouse/lib/python3.9/site-packages/airflow/example_dags/example_short_circuit_decorator.py for tasks to queue
[2024-02-24T16:28:49.967-0600] {logging_mixin.py:188} INFO - [2024-02-24T16:28:49.967-0600] {dagbag.py:538} INFO - Filling up the DagBag from /Users/vamseekrishna/Desktop/F1_Data_Warehouse/f1datawarehouse/lib/python3.9/site-packages/airflow/example_dags/example_short_circuit_decorator.py
[2024-02-24T16:28:50.007-0600] {processor.py:840} INFO - DAG(s) 'example_short_circuit_decorator' retrieved from /Users/vamseekrishna/Desktop/F1_Data_Warehouse/f1datawarehouse/lib/python3.9/site-packages/airflow/example_dags/example_short_circuit_decorator.py
[2024-02-24T16:28:50.060-0600] {logging_mixin.py:188} INFO - [2024-02-24T16:28:50.060-0600] {dag.py:3036} INFO - Sync 1 DAGs
[2024-02-24T16:28:50.077-0600] {logging_mixin.py:188} INFO - [2024-02-24T16:28:50.076-0600] {dag.py:3823} INFO - Setting next_dagrun for example_short_circuit_decorator to 2024-02-23 00:00:00+00:00, run_after=2024-02-24 00:00:00+00:00
[2024-02-24T16:28:50.090-0600] {processor.py:183} INFO - Processing /Users/vamseekrishna/Desktop/F1_Data_Warehouse/f1datawarehouse/lib/python3.9/site-packages/airflow/example_dags/example_short_circuit_decorator.py took 0.126 seconds
[2024-02-24T16:30:52.539-0600] {processor.py:161} INFO - Started process (PID=90598) to work on /Users/vamseekrishna/Desktop/F1_Data_Warehouse/f1datawarehouse/lib/python3.9/site-packages/airflow/example_dags/example_short_circuit_decorator.py
[2024-02-24T16:30:52.541-0600] {processor.py:830} INFO - Processing file /Users/vamseekrishna/Desktop/F1_Data_Warehouse/f1datawarehouse/lib/python3.9/site-packages/airflow/example_dags/example_short_circuit_decorator.py for tasks to queue
[2024-02-24T16:30:52.542-0600] {logging_mixin.py:188} INFO - [2024-02-24T16:30:52.541-0600] {dagbag.py:538} INFO - Filling up the DagBag from /Users/vamseekrishna/Desktop/F1_Data_Warehouse/f1datawarehouse/lib/python3.9/site-packages/airflow/example_dags/example_short_circuit_decorator.py
[2024-02-24T16:30:52.584-0600] {processor.py:840} INFO - DAG(s) 'example_short_circuit_decorator' retrieved from /Users/vamseekrishna/Desktop/F1_Data_Warehouse/f1datawarehouse/lib/python3.9/site-packages/airflow/example_dags/example_short_circuit_decorator.py
[2024-02-24T16:30:52.632-0600] {logging_mixin.py:188} INFO - [2024-02-24T16:30:52.632-0600] {dag.py:3036} INFO - Sync 1 DAGs
[2024-02-24T16:30:52.641-0600] {logging_mixin.py:188} INFO - [2024-02-24T16:30:52.641-0600] {dag.py:3823} INFO - Setting next_dagrun for example_short_circuit_decorator to 2024-02-23 00:00:00+00:00, run_after=2024-02-24 00:00:00+00:00
[2024-02-24T16:30:52.649-0600] {processor.py:183} INFO - Processing /Users/vamseekrishna/Desktop/F1_Data_Warehouse/f1datawarehouse/lib/python3.9/site-packages/airflow/example_dags/example_short_circuit_decorator.py took 0.110 seconds
[2024-02-24T16:33:01.367-0600] {processor.py:161} INFO - Started process (PID=90805) to work on /Users/vamseekrishna/Desktop/F1_Data_Warehouse/f1datawarehouse/lib/python3.9/site-packages/airflow/example_dags/example_short_circuit_decorator.py
[2024-02-24T16:33:01.368-0600] {processor.py:830} INFO - Processing file /Users/vamseekrishna/Desktop/F1_Data_Warehouse/f1datawarehouse/lib/python3.9/site-packages/airflow/example_dags/example_short_circuit_decorator.py for tasks to queue
[2024-02-24T16:33:01.368-0600] {logging_mixin.py:188} INFO - [2024-02-24T16:33:01.368-0600] {dagbag.py:538} INFO - Filling up the DagBag from /Users/vamseekrishna/Desktop/F1_Data_Warehouse/f1datawarehouse/lib/python3.9/site-packages/airflow/example_dags/example_short_circuit_decorator.py
[2024-02-24T16:33:01.411-0600] {processor.py:840} INFO - DAG(s) 'example_short_circuit_decorator' retrieved from /Users/vamseekrishna/Desktop/F1_Data_Warehouse/f1datawarehouse/lib/python3.9/site-packages/airflow/example_dags/example_short_circuit_decorator.py
[2024-02-24T16:33:01.470-0600] {logging_mixin.py:188} INFO - [2024-02-24T16:33:01.469-0600] {dag.py:3036} INFO - Sync 1 DAGs
[2024-02-24T16:33:01.480-0600] {logging_mixin.py:188} INFO - [2024-02-24T16:33:01.480-0600] {dag.py:3823} INFO - Setting next_dagrun for example_short_circuit_decorator to 2024-02-23 00:00:00+00:00, run_after=2024-02-24 00:00:00+00:00
[2024-02-24T16:33:01.490-0600] {processor.py:183} INFO - Processing /Users/vamseekrishna/Desktop/F1_Data_Warehouse/f1datawarehouse/lib/python3.9/site-packages/airflow/example_dags/example_short_circuit_decorator.py took 0.125 seconds
[2024-02-24T16:35:10.090-0600] {processor.py:161} INFO - Started process (PID=90987) to work on /Users/vamseekrishna/Desktop/F1_Data_Warehouse/f1datawarehouse/lib/python3.9/site-packages/airflow/example_dags/example_short_circuit_decorator.py
[2024-02-24T16:35:10.091-0600] {processor.py:830} INFO - Processing file /Users/vamseekrishna/Desktop/F1_Data_Warehouse/f1datawarehouse/lib/python3.9/site-packages/airflow/example_dags/example_short_circuit_decorator.py for tasks to queue
[2024-02-24T16:35:10.092-0600] {logging_mixin.py:188} INFO - [2024-02-24T16:35:10.092-0600] {dagbag.py:538} INFO - Filling up the DagBag from /Users/vamseekrishna/Desktop/F1_Data_Warehouse/f1datawarehouse/lib/python3.9/site-packages/airflow/example_dags/example_short_circuit_decorator.py
[2024-02-24T16:35:10.132-0600] {processor.py:840} INFO - DAG(s) 'example_short_circuit_decorator' retrieved from /Users/vamseekrishna/Desktop/F1_Data_Warehouse/f1datawarehouse/lib/python3.9/site-packages/airflow/example_dags/example_short_circuit_decorator.py
[2024-02-24T16:35:10.179-0600] {logging_mixin.py:188} INFO - [2024-02-24T16:35:10.178-0600] {dag.py:3036} INFO - Sync 1 DAGs
[2024-02-24T16:35:10.187-0600] {logging_mixin.py:188} INFO - [2024-02-24T16:35:10.187-0600] {dag.py:3823} INFO - Setting next_dagrun for example_short_circuit_decorator to 2024-02-23 00:00:00+00:00, run_after=2024-02-24 00:00:00+00:00
[2024-02-24T16:35:10.195-0600] {processor.py:183} INFO - Processing /Users/vamseekrishna/Desktop/F1_Data_Warehouse/f1datawarehouse/lib/python3.9/site-packages/airflow/example_dags/example_short_circuit_decorator.py took 0.106 seconds
[2024-02-24T16:37:12.348-0600] {processor.py:161} INFO - Started process (PID=91120) to work on /Users/vamseekrishna/Desktop/F1_Data_Warehouse/f1datawarehouse/lib/python3.9/site-packages/airflow/example_dags/example_short_circuit_decorator.py
[2024-02-24T16:37:12.350-0600] {processor.py:830} INFO - Processing file /Users/vamseekrishna/Desktop/F1_Data_Warehouse/f1datawarehouse/lib/python3.9/site-packages/airflow/example_dags/example_short_circuit_decorator.py for tasks to queue
[2024-02-24T16:37:12.350-0600] {logging_mixin.py:188} INFO - [2024-02-24T16:37:12.350-0600] {dagbag.py:538} INFO - Filling up the DagBag from /Users/vamseekrishna/Desktop/F1_Data_Warehouse/f1datawarehouse/lib/python3.9/site-packages/airflow/example_dags/example_short_circuit_decorator.py
[2024-02-24T16:37:12.391-0600] {processor.py:840} INFO - DAG(s) 'example_short_circuit_decorator' retrieved from /Users/vamseekrishna/Desktop/F1_Data_Warehouse/f1datawarehouse/lib/python3.9/site-packages/airflow/example_dags/example_short_circuit_decorator.py
[2024-02-24T16:37:12.441-0600] {logging_mixin.py:188} INFO - [2024-02-24T16:37:12.440-0600] {dag.py:3036} INFO - Sync 1 DAGs
[2024-02-24T16:37:12.449-0600] {logging_mixin.py:188} INFO - [2024-02-24T16:37:12.449-0600] {dag.py:3823} INFO - Setting next_dagrun for example_short_circuit_decorator to 2024-02-23 00:00:00+00:00, run_after=2024-02-24 00:00:00+00:00
[2024-02-24T16:37:12.457-0600] {processor.py:183} INFO - Processing /Users/vamseekrishna/Desktop/F1_Data_Warehouse/f1datawarehouse/lib/python3.9/site-packages/airflow/example_dags/example_short_circuit_decorator.py took 0.109 seconds
[2024-02-24T16:39:13.147-0600] {processor.py:161} INFO - Started process (PID=91268) to work on /Users/vamseekrishna/Desktop/F1_Data_Warehouse/f1datawarehouse/lib/python3.9/site-packages/airflow/example_dags/example_short_circuit_decorator.py
[2024-02-24T16:39:13.149-0600] {processor.py:830} INFO - Processing file /Users/vamseekrishna/Desktop/F1_Data_Warehouse/f1datawarehouse/lib/python3.9/site-packages/airflow/example_dags/example_short_circuit_decorator.py for tasks to queue
[2024-02-24T16:39:13.149-0600] {logging_mixin.py:188} INFO - [2024-02-24T16:39:13.149-0600] {dagbag.py:538} INFO - Filling up the DagBag from /Users/vamseekrishna/Desktop/F1_Data_Warehouse/f1datawarehouse/lib/python3.9/site-packages/airflow/example_dags/example_short_circuit_decorator.py
[2024-02-24T16:39:13.197-0600] {processor.py:840} INFO - DAG(s) 'example_short_circuit_decorator' retrieved from /Users/vamseekrishna/Desktop/F1_Data_Warehouse/f1datawarehouse/lib/python3.9/site-packages/airflow/example_dags/example_short_circuit_decorator.py
[2024-02-24T16:39:13.246-0600] {logging_mixin.py:188} INFO - [2024-02-24T16:39:13.246-0600] {dag.py:3036} INFO - Sync 1 DAGs
[2024-02-24T16:39:13.255-0600] {logging_mixin.py:188} INFO - [2024-02-24T16:39:13.255-0600] {dag.py:3823} INFO - Setting next_dagrun for example_short_circuit_decorator to 2024-02-23 00:00:00+00:00, run_after=2024-02-24 00:00:00+00:00
[2024-02-24T16:39:13.263-0600] {processor.py:183} INFO - Processing /Users/vamseekrishna/Desktop/F1_Data_Warehouse/f1datawarehouse/lib/python3.9/site-packages/airflow/example_dags/example_short_circuit_decorator.py took 0.117 seconds
[2024-02-24T16:41:12.839-0600] {processor.py:161} INFO - Started process (PID=91413) to work on /Users/vamseekrishna/Desktop/F1_Data_Warehouse/f1datawarehouse/lib/python3.9/site-packages/airflow/example_dags/example_short_circuit_decorator.py
[2024-02-24T16:41:12.841-0600] {processor.py:830} INFO - Processing file /Users/vamseekrishna/Desktop/F1_Data_Warehouse/f1datawarehouse/lib/python3.9/site-packages/airflow/example_dags/example_short_circuit_decorator.py for tasks to queue
[2024-02-24T16:41:12.841-0600] {logging_mixin.py:188} INFO - [2024-02-24T16:41:12.841-0600] {dagbag.py:538} INFO - Filling up the DagBag from /Users/vamseekrishna/Desktop/F1_Data_Warehouse/f1datawarehouse/lib/python3.9/site-packages/airflow/example_dags/example_short_circuit_decorator.py
[2024-02-24T16:41:12.881-0600] {processor.py:840} INFO - DAG(s) 'example_short_circuit_decorator' retrieved from /Users/vamseekrishna/Desktop/F1_Data_Warehouse/f1datawarehouse/lib/python3.9/site-packages/airflow/example_dags/example_short_circuit_decorator.py
[2024-02-24T16:41:12.937-0600] {logging_mixin.py:188} INFO - [2024-02-24T16:41:12.937-0600] {dag.py:3036} INFO - Sync 1 DAGs
[2024-02-24T16:41:12.946-0600] {logging_mixin.py:188} INFO - [2024-02-24T16:41:12.946-0600] {dag.py:3823} INFO - Setting next_dagrun for example_short_circuit_decorator to 2024-02-23 00:00:00+00:00, run_after=2024-02-24 00:00:00+00:00
[2024-02-24T16:41:12.956-0600] {processor.py:183} INFO - Processing /Users/vamseekrishna/Desktop/F1_Data_Warehouse/f1datawarehouse/lib/python3.9/site-packages/airflow/example_dags/example_short_circuit_decorator.py took 0.118 seconds
[2024-02-24T16:43:13.419-0600] {processor.py:161} INFO - Started process (PID=91634) to work on /Users/vamseekrishna/Desktop/F1_Data_Warehouse/f1datawarehouse/lib/python3.9/site-packages/airflow/example_dags/example_short_circuit_decorator.py
[2024-02-24T16:43:13.421-0600] {processor.py:830} INFO - Processing file /Users/vamseekrishna/Desktop/F1_Data_Warehouse/f1datawarehouse/lib/python3.9/site-packages/airflow/example_dags/example_short_circuit_decorator.py for tasks to queue
[2024-02-24T16:43:13.422-0600] {logging_mixin.py:188} INFO - [2024-02-24T16:43:13.422-0600] {dagbag.py:538} INFO - Filling up the DagBag from /Users/vamseekrishna/Desktop/F1_Data_Warehouse/f1datawarehouse/lib/python3.9/site-packages/airflow/example_dags/example_short_circuit_decorator.py
[2024-02-24T16:43:13.461-0600] {processor.py:840} INFO - DAG(s) 'example_short_circuit_decorator' retrieved from /Users/vamseekrishna/Desktop/F1_Data_Warehouse/f1datawarehouse/lib/python3.9/site-packages/airflow/example_dags/example_short_circuit_decorator.py
[2024-02-24T16:43:13.512-0600] {logging_mixin.py:188} INFO - [2024-02-24T16:43:13.512-0600] {dag.py:3036} INFO - Sync 1 DAGs
[2024-02-24T16:43:13.521-0600] {logging_mixin.py:188} INFO - [2024-02-24T16:43:13.521-0600] {dag.py:3823} INFO - Setting next_dagrun for example_short_circuit_decorator to 2024-02-23 00:00:00+00:00, run_after=2024-02-24 00:00:00+00:00
[2024-02-24T16:43:13.529-0600] {processor.py:183} INFO - Processing /Users/vamseekrishna/Desktop/F1_Data_Warehouse/f1datawarehouse/lib/python3.9/site-packages/airflow/example_dags/example_short_circuit_decorator.py took 0.110 seconds
[2024-02-24T16:45:19.466-0600] {processor.py:161} INFO - Started process (PID=91830) to work on /Users/vamseekrishna/Desktop/F1_Data_Warehouse/f1datawarehouse/lib/python3.9/site-packages/airflow/example_dags/example_short_circuit_decorator.py
[2024-02-24T16:45:19.467-0600] {processor.py:830} INFO - Processing file /Users/vamseekrishna/Desktop/F1_Data_Warehouse/f1datawarehouse/lib/python3.9/site-packages/airflow/example_dags/example_short_circuit_decorator.py for tasks to queue
[2024-02-24T16:45:19.468-0600] {logging_mixin.py:188} INFO - [2024-02-24T16:45:19.468-0600] {dagbag.py:538} INFO - Filling up the DagBag from /Users/vamseekrishna/Desktop/F1_Data_Warehouse/f1datawarehouse/lib/python3.9/site-packages/airflow/example_dags/example_short_circuit_decorator.py
[2024-02-24T16:45:19.509-0600] {processor.py:840} INFO - DAG(s) 'example_short_circuit_decorator' retrieved from /Users/vamseekrishna/Desktop/F1_Data_Warehouse/f1datawarehouse/lib/python3.9/site-packages/airflow/example_dags/example_short_circuit_decorator.py
[2024-02-24T16:45:19.557-0600] {logging_mixin.py:188} INFO - [2024-02-24T16:45:19.557-0600] {dag.py:3036} INFO - Sync 1 DAGs
[2024-02-24T16:45:19.565-0600] {logging_mixin.py:188} INFO - [2024-02-24T16:45:19.565-0600] {dag.py:3823} INFO - Setting next_dagrun for example_short_circuit_decorator to 2024-02-23 00:00:00+00:00, run_after=2024-02-24 00:00:00+00:00
[2024-02-24T16:45:19.572-0600] {processor.py:183} INFO - Processing /Users/vamseekrishna/Desktop/F1_Data_Warehouse/f1datawarehouse/lib/python3.9/site-packages/airflow/example_dags/example_short_circuit_decorator.py took 0.107 seconds
[2024-02-24T16:47:16.009-0600] {processor.py:161} INFO - Started process (PID=91993) to work on /Users/vamseekrishna/Desktop/F1_Data_Warehouse/f1datawarehouse/lib/python3.9/site-packages/airflow/example_dags/example_short_circuit_decorator.py
[2024-02-24T16:47:16.011-0600] {processor.py:830} INFO - Processing file /Users/vamseekrishna/Desktop/F1_Data_Warehouse/f1datawarehouse/lib/python3.9/site-packages/airflow/example_dags/example_short_circuit_decorator.py for tasks to queue
[2024-02-24T16:47:16.011-0600] {logging_mixin.py:188} INFO - [2024-02-24T16:47:16.011-0600] {dagbag.py:538} INFO - Filling up the DagBag from /Users/vamseekrishna/Desktop/F1_Data_Warehouse/f1datawarehouse/lib/python3.9/site-packages/airflow/example_dags/example_short_circuit_decorator.py
[2024-02-24T16:47:16.052-0600] {processor.py:840} INFO - DAG(s) 'example_short_circuit_decorator' retrieved from /Users/vamseekrishna/Desktop/F1_Data_Warehouse/f1datawarehouse/lib/python3.9/site-packages/airflow/example_dags/example_short_circuit_decorator.py
[2024-02-24T16:47:16.099-0600] {logging_mixin.py:188} INFO - [2024-02-24T16:47:16.099-0600] {dag.py:3036} INFO - Sync 1 DAGs
[2024-02-24T16:47:16.108-0600] {logging_mixin.py:188} INFO - [2024-02-24T16:47:16.107-0600] {dag.py:3823} INFO - Setting next_dagrun for example_short_circuit_decorator to 2024-02-23 00:00:00+00:00, run_after=2024-02-24 00:00:00+00:00
[2024-02-24T16:47:16.116-0600] {processor.py:183} INFO - Processing /Users/vamseekrishna/Desktop/F1_Data_Warehouse/f1datawarehouse/lib/python3.9/site-packages/airflow/example_dags/example_short_circuit_decorator.py took 0.108 seconds
[2024-02-24T16:49:19.140-0600] {processor.py:161} INFO - Started process (PID=92197) to work on /Users/vamseekrishna/Desktop/F1_Data_Warehouse/f1datawarehouse/lib/python3.9/site-packages/airflow/example_dags/example_short_circuit_decorator.py
[2024-02-24T16:49:19.142-0600] {processor.py:830} INFO - Processing file /Users/vamseekrishna/Desktop/F1_Data_Warehouse/f1datawarehouse/lib/python3.9/site-packages/airflow/example_dags/example_short_circuit_decorator.py for tasks to queue
[2024-02-24T16:49:19.143-0600] {logging_mixin.py:188} INFO - [2024-02-24T16:49:19.143-0600] {dagbag.py:538} INFO - Filling up the DagBag from /Users/vamseekrishna/Desktop/F1_Data_Warehouse/f1datawarehouse/lib/python3.9/site-packages/airflow/example_dags/example_short_circuit_decorator.py
[2024-02-24T16:49:19.184-0600] {processor.py:840} INFO - DAG(s) 'example_short_circuit_decorator' retrieved from /Users/vamseekrishna/Desktop/F1_Data_Warehouse/f1datawarehouse/lib/python3.9/site-packages/airflow/example_dags/example_short_circuit_decorator.py
[2024-02-24T16:49:19.233-0600] {logging_mixin.py:188} INFO - [2024-02-24T16:49:19.233-0600] {dag.py:3036} INFO - Sync 1 DAGs
[2024-02-24T16:49:19.241-0600] {logging_mixin.py:188} INFO - [2024-02-24T16:49:19.241-0600] {dag.py:3823} INFO - Setting next_dagrun for example_short_circuit_decorator to 2024-02-23 00:00:00+00:00, run_after=2024-02-24 00:00:00+00:00
[2024-02-24T16:49:19.249-0600] {processor.py:183} INFO - Processing /Users/vamseekrishna/Desktop/F1_Data_Warehouse/f1datawarehouse/lib/python3.9/site-packages/airflow/example_dags/example_short_circuit_decorator.py took 0.111 seconds
[2024-02-24T16:51:25.239-0600] {processor.py:161} INFO - Started process (PID=92374) to work on /Users/vamseekrishna/Desktop/F1_Data_Warehouse/f1datawarehouse/lib/python3.9/site-packages/airflow/example_dags/example_short_circuit_decorator.py
[2024-02-24T16:51:25.241-0600] {processor.py:830} INFO - Processing file /Users/vamseekrishna/Desktop/F1_Data_Warehouse/f1datawarehouse/lib/python3.9/site-packages/airflow/example_dags/example_short_circuit_decorator.py for tasks to queue
[2024-02-24T16:51:25.241-0600] {logging_mixin.py:188} INFO - [2024-02-24T16:51:25.241-0600] {dagbag.py:538} INFO - Filling up the DagBag from /Users/vamseekrishna/Desktop/F1_Data_Warehouse/f1datawarehouse/lib/python3.9/site-packages/airflow/example_dags/example_short_circuit_decorator.py
[2024-02-24T16:51:25.288-0600] {processor.py:840} INFO - DAG(s) 'example_short_circuit_decorator' retrieved from /Users/vamseekrishna/Desktop/F1_Data_Warehouse/f1datawarehouse/lib/python3.9/site-packages/airflow/example_dags/example_short_circuit_decorator.py
[2024-02-24T16:51:25.362-0600] {logging_mixin.py:188} INFO - [2024-02-24T16:51:25.362-0600] {dag.py:3036} INFO - Sync 1 DAGs
[2024-02-24T16:51:25.371-0600] {logging_mixin.py:188} INFO - [2024-02-24T16:51:25.371-0600] {dag.py:3823} INFO - Setting next_dagrun for example_short_circuit_decorator to 2024-02-23 00:00:00+00:00, run_after=2024-02-24 00:00:00+00:00
[2024-02-24T16:51:25.381-0600] {processor.py:183} INFO - Processing /Users/vamseekrishna/Desktop/F1_Data_Warehouse/f1datawarehouse/lib/python3.9/site-packages/airflow/example_dags/example_short_circuit_decorator.py took 0.142 seconds
[2024-02-24T16:53:29.474-0600] {processor.py:161} INFO - Started process (PID=92564) to work on /Users/vamseekrishna/Desktop/F1_Data_Warehouse/f1datawarehouse/lib/python3.9/site-packages/airflow/example_dags/example_short_circuit_decorator.py
[2024-02-24T16:53:29.476-0600] {processor.py:830} INFO - Processing file /Users/vamseekrishna/Desktop/F1_Data_Warehouse/f1datawarehouse/lib/python3.9/site-packages/airflow/example_dags/example_short_circuit_decorator.py for tasks to queue
[2024-02-24T16:53:29.476-0600] {logging_mixin.py:188} INFO - [2024-02-24T16:53:29.476-0600] {dagbag.py:538} INFO - Filling up the DagBag from /Users/vamseekrishna/Desktop/F1_Data_Warehouse/f1datawarehouse/lib/python3.9/site-packages/airflow/example_dags/example_short_circuit_decorator.py
[2024-02-24T16:53:29.519-0600] {processor.py:840} INFO - DAG(s) 'example_short_circuit_decorator' retrieved from /Users/vamseekrishna/Desktop/F1_Data_Warehouse/f1datawarehouse/lib/python3.9/site-packages/airflow/example_dags/example_short_circuit_decorator.py
[2024-02-24T16:53:29.569-0600] {logging_mixin.py:188} INFO - [2024-02-24T16:53:29.569-0600] {dag.py:3036} INFO - Sync 1 DAGs
[2024-02-24T16:53:29.578-0600] {logging_mixin.py:188} INFO - [2024-02-24T16:53:29.578-0600] {dag.py:3823} INFO - Setting next_dagrun for example_short_circuit_decorator to 2024-02-23 00:00:00+00:00, run_after=2024-02-24 00:00:00+00:00
[2024-02-24T16:53:29.591-0600] {processor.py:183} INFO - Processing /Users/vamseekrishna/Desktop/F1_Data_Warehouse/f1datawarehouse/lib/python3.9/site-packages/airflow/example_dags/example_short_circuit_decorator.py took 0.118 seconds
[2024-02-24T16:55:39.423-0600] {processor.py:161} INFO - Started process (PID=92710) to work on /Users/vamseekrishna/Desktop/F1_Data_Warehouse/f1datawarehouse/lib/python3.9/site-packages/airflow/example_dags/example_short_circuit_decorator.py
[2024-02-24T16:55:39.425-0600] {processor.py:830} INFO - Processing file /Users/vamseekrishna/Desktop/F1_Data_Warehouse/f1datawarehouse/lib/python3.9/site-packages/airflow/example_dags/example_short_circuit_decorator.py for tasks to queue
[2024-02-24T16:55:39.425-0600] {logging_mixin.py:188} INFO - [2024-02-24T16:55:39.425-0600] {dagbag.py:538} INFO - Filling up the DagBag from /Users/vamseekrishna/Desktop/F1_Data_Warehouse/f1datawarehouse/lib/python3.9/site-packages/airflow/example_dags/example_short_circuit_decorator.py
[2024-02-24T16:55:39.494-0600] {processor.py:840} INFO - DAG(s) 'example_short_circuit_decorator' retrieved from /Users/vamseekrishna/Desktop/F1_Data_Warehouse/f1datawarehouse/lib/python3.9/site-packages/airflow/example_dags/example_short_circuit_decorator.py
[2024-02-24T16:55:39.552-0600] {logging_mixin.py:188} INFO - [2024-02-24T16:55:39.551-0600] {dag.py:3036} INFO - Sync 1 DAGs
[2024-02-24T16:55:39.561-0600] {logging_mixin.py:188} INFO - [2024-02-24T16:55:39.561-0600] {dag.py:3823} INFO - Setting next_dagrun for example_short_circuit_decorator to 2024-02-23 00:00:00+00:00, run_after=2024-02-24 00:00:00+00:00
[2024-02-24T16:55:39.570-0600] {processor.py:183} INFO - Processing /Users/vamseekrishna/Desktop/F1_Data_Warehouse/f1datawarehouse/lib/python3.9/site-packages/airflow/example_dags/example_short_circuit_decorator.py took 0.148 seconds
[2024-02-24T16:57:42.594-0600] {processor.py:161} INFO - Started process (PID=92874) to work on /Users/vamseekrishna/Desktop/F1_Data_Warehouse/f1datawarehouse/lib/python3.9/site-packages/airflow/example_dags/example_short_circuit_decorator.py
[2024-02-24T16:57:42.596-0600] {processor.py:830} INFO - Processing file /Users/vamseekrishna/Desktop/F1_Data_Warehouse/f1datawarehouse/lib/python3.9/site-packages/airflow/example_dags/example_short_circuit_decorator.py for tasks to queue
[2024-02-24T16:57:42.596-0600] {logging_mixin.py:188} INFO - [2024-02-24T16:57:42.596-0600] {dagbag.py:538} INFO - Filling up the DagBag from /Users/vamseekrishna/Desktop/F1_Data_Warehouse/f1datawarehouse/lib/python3.9/site-packages/airflow/example_dags/example_short_circuit_decorator.py
[2024-02-24T16:57:42.636-0600] {processor.py:840} INFO - DAG(s) 'example_short_circuit_decorator' retrieved from /Users/vamseekrishna/Desktop/F1_Data_Warehouse/f1datawarehouse/lib/python3.9/site-packages/airflow/example_dags/example_short_circuit_decorator.py
[2024-02-24T16:57:42.684-0600] {logging_mixin.py:188} INFO - [2024-02-24T16:57:42.684-0600] {dag.py:3036} INFO - Sync 1 DAGs
[2024-02-24T16:57:42.694-0600] {logging_mixin.py:188} INFO - [2024-02-24T16:57:42.693-0600] {dag.py:3823} INFO - Setting next_dagrun for example_short_circuit_decorator to 2024-02-23 00:00:00+00:00, run_after=2024-02-24 00:00:00+00:00
[2024-02-24T16:57:42.701-0600] {processor.py:183} INFO - Processing /Users/vamseekrishna/Desktop/F1_Data_Warehouse/f1datawarehouse/lib/python3.9/site-packages/airflow/example_dags/example_short_circuit_decorator.py took 0.108 seconds
[2024-02-24T16:59:41.404-0600] {processor.py:161} INFO - Started process (PID=93037) to work on /Users/vamseekrishna/Desktop/F1_Data_Warehouse/f1datawarehouse/lib/python3.9/site-packages/airflow/example_dags/example_short_circuit_decorator.py
[2024-02-24T16:59:41.405-0600] {processor.py:830} INFO - Processing file /Users/vamseekrishna/Desktop/F1_Data_Warehouse/f1datawarehouse/lib/python3.9/site-packages/airflow/example_dags/example_short_circuit_decorator.py for tasks to queue
[2024-02-24T16:59:41.406-0600] {logging_mixin.py:188} INFO - [2024-02-24T16:59:41.406-0600] {dagbag.py:538} INFO - Filling up the DagBag from /Users/vamseekrishna/Desktop/F1_Data_Warehouse/f1datawarehouse/lib/python3.9/site-packages/airflow/example_dags/example_short_circuit_decorator.py
[2024-02-24T16:59:41.446-0600] {processor.py:840} INFO - DAG(s) 'example_short_circuit_decorator' retrieved from /Users/vamseekrishna/Desktop/F1_Data_Warehouse/f1datawarehouse/lib/python3.9/site-packages/airflow/example_dags/example_short_circuit_decorator.py
[2024-02-24T16:59:41.494-0600] {logging_mixin.py:188} INFO - [2024-02-24T16:59:41.494-0600] {dag.py:3036} INFO - Sync 1 DAGs
[2024-02-24T16:59:41.505-0600] {logging_mixin.py:188} INFO - [2024-02-24T16:59:41.505-0600] {dag.py:3823} INFO - Setting next_dagrun for example_short_circuit_decorator to 2024-02-23 00:00:00+00:00, run_after=2024-02-24 00:00:00+00:00
[2024-02-24T16:59:41.517-0600] {processor.py:183} INFO - Processing /Users/vamseekrishna/Desktop/F1_Data_Warehouse/f1datawarehouse/lib/python3.9/site-packages/airflow/example_dags/example_short_circuit_decorator.py took 0.114 seconds
[2024-02-24T17:01:49.000-0600] {processor.py:161} INFO - Started process (PID=93238) to work on /Users/vamseekrishna/Desktop/F1_Data_Warehouse/f1datawarehouse/lib/python3.9/site-packages/airflow/example_dags/example_short_circuit_decorator.py
[2024-02-24T17:01:49.002-0600] {processor.py:830} INFO - Processing file /Users/vamseekrishna/Desktop/F1_Data_Warehouse/f1datawarehouse/lib/python3.9/site-packages/airflow/example_dags/example_short_circuit_decorator.py for tasks to queue
[2024-02-24T17:01:49.002-0600] {logging_mixin.py:188} INFO - [2024-02-24T17:01:49.002-0600] {dagbag.py:538} INFO - Filling up the DagBag from /Users/vamseekrishna/Desktop/F1_Data_Warehouse/f1datawarehouse/lib/python3.9/site-packages/airflow/example_dags/example_short_circuit_decorator.py
[2024-02-24T17:01:49.042-0600] {processor.py:840} INFO - DAG(s) 'example_short_circuit_decorator' retrieved from /Users/vamseekrishna/Desktop/F1_Data_Warehouse/f1datawarehouse/lib/python3.9/site-packages/airflow/example_dags/example_short_circuit_decorator.py
[2024-02-24T17:01:49.090-0600] {logging_mixin.py:188} INFO - [2024-02-24T17:01:49.090-0600] {dag.py:3036} INFO - Sync 1 DAGs
[2024-02-24T17:01:49.099-0600] {logging_mixin.py:188} INFO - [2024-02-24T17:01:49.098-0600] {dag.py:3823} INFO - Setting next_dagrun for example_short_circuit_decorator to 2024-02-23 00:00:00+00:00, run_after=2024-02-24 00:00:00+00:00
[2024-02-24T17:01:49.106-0600] {processor.py:183} INFO - Processing /Users/vamseekrishna/Desktop/F1_Data_Warehouse/f1datawarehouse/lib/python3.9/site-packages/airflow/example_dags/example_short_circuit_decorator.py took 0.107 seconds
[2024-02-24T17:03:41.494-0600] {processor.py:161} INFO - Started process (PID=93364) to work on /Users/vamseekrishna/Desktop/F1_Data_Warehouse/f1datawarehouse/lib/python3.9/site-packages/airflow/example_dags/example_short_circuit_decorator.py
[2024-02-24T17:03:41.496-0600] {processor.py:830} INFO - Processing file /Users/vamseekrishna/Desktop/F1_Data_Warehouse/f1datawarehouse/lib/python3.9/site-packages/airflow/example_dags/example_short_circuit_decorator.py for tasks to queue
[2024-02-24T17:03:41.496-0600] {logging_mixin.py:188} INFO - [2024-02-24T17:03:41.496-0600] {dagbag.py:538} INFO - Filling up the DagBag from /Users/vamseekrishna/Desktop/F1_Data_Warehouse/f1datawarehouse/lib/python3.9/site-packages/airflow/example_dags/example_short_circuit_decorator.py
[2024-02-24T17:03:41.541-0600] {processor.py:840} INFO - DAG(s) 'example_short_circuit_decorator' retrieved from /Users/vamseekrishna/Desktop/F1_Data_Warehouse/f1datawarehouse/lib/python3.9/site-packages/airflow/example_dags/example_short_circuit_decorator.py
[2024-02-24T17:03:41.590-0600] {logging_mixin.py:188} INFO - [2024-02-24T17:03:41.590-0600] {dag.py:3036} INFO - Sync 1 DAGs
[2024-02-24T17:03:41.598-0600] {logging_mixin.py:188} INFO - [2024-02-24T17:03:41.598-0600] {dag.py:3823} INFO - Setting next_dagrun for example_short_circuit_decorator to 2024-02-23 00:00:00+00:00, run_after=2024-02-24 00:00:00+00:00
[2024-02-24T17:03:41.606-0600] {processor.py:183} INFO - Processing /Users/vamseekrishna/Desktop/F1_Data_Warehouse/f1datawarehouse/lib/python3.9/site-packages/airflow/example_dags/example_short_circuit_decorator.py took 0.113 seconds
[2024-02-24T17:05:52.788-0600] {processor.py:161} INFO - Started process (PID=93520) to work on /Users/vamseekrishna/Desktop/F1_Data_Warehouse/f1datawarehouse/lib/python3.9/site-packages/airflow/example_dags/example_short_circuit_decorator.py
[2024-02-24T17:05:52.791-0600] {processor.py:830} INFO - Processing file /Users/vamseekrishna/Desktop/F1_Data_Warehouse/f1datawarehouse/lib/python3.9/site-packages/airflow/example_dags/example_short_circuit_decorator.py for tasks to queue
[2024-02-24T17:05:52.791-0600] {logging_mixin.py:188} INFO - [2024-02-24T17:05:52.791-0600] {dagbag.py:538} INFO - Filling up the DagBag from /Users/vamseekrishna/Desktop/F1_Data_Warehouse/f1datawarehouse/lib/python3.9/site-packages/airflow/example_dags/example_short_circuit_decorator.py
[2024-02-24T17:05:52.833-0600] {processor.py:840} INFO - DAG(s) 'example_short_circuit_decorator' retrieved from /Users/vamseekrishna/Desktop/F1_Data_Warehouse/f1datawarehouse/lib/python3.9/site-packages/airflow/example_dags/example_short_circuit_decorator.py
[2024-02-24T17:05:52.883-0600] {logging_mixin.py:188} INFO - [2024-02-24T17:05:52.883-0600] {dag.py:3036} INFO - Sync 1 DAGs
[2024-02-24T17:05:52.893-0600] {logging_mixin.py:188} INFO - [2024-02-24T17:05:52.893-0600] {dag.py:3823} INFO - Setting next_dagrun for example_short_circuit_decorator to 2024-02-23 00:00:00+00:00, run_after=2024-02-24 00:00:00+00:00
[2024-02-24T17:05:52.902-0600] {processor.py:183} INFO - Processing /Users/vamseekrishna/Desktop/F1_Data_Warehouse/f1datawarehouse/lib/python3.9/site-packages/airflow/example_dags/example_short_circuit_decorator.py took 0.114 seconds
[2024-02-24T17:07:52.642-0600] {processor.py:161} INFO - Started process (PID=93614) to work on /Users/vamseekrishna/Desktop/F1_Data_Warehouse/f1datawarehouse/lib/python3.9/site-packages/airflow/example_dags/example_short_circuit_decorator.py
[2024-02-24T17:07:52.644-0600] {processor.py:830} INFO - Processing file /Users/vamseekrishna/Desktop/F1_Data_Warehouse/f1datawarehouse/lib/python3.9/site-packages/airflow/example_dags/example_short_circuit_decorator.py for tasks to queue
[2024-02-24T17:07:52.644-0600] {logging_mixin.py:188} INFO - [2024-02-24T17:07:52.644-0600] {dagbag.py:538} INFO - Filling up the DagBag from /Users/vamseekrishna/Desktop/F1_Data_Warehouse/f1datawarehouse/lib/python3.9/site-packages/airflow/example_dags/example_short_circuit_decorator.py
[2024-02-24T17:07:52.684-0600] {processor.py:840} INFO - DAG(s) 'example_short_circuit_decorator' retrieved from /Users/vamseekrishna/Desktop/F1_Data_Warehouse/f1datawarehouse/lib/python3.9/site-packages/airflow/example_dags/example_short_circuit_decorator.py
[2024-02-24T17:07:52.733-0600] {logging_mixin.py:188} INFO - [2024-02-24T17:07:52.732-0600] {dag.py:3036} INFO - Sync 1 DAGs
[2024-02-24T17:07:52.741-0600] {logging_mixin.py:188} INFO - [2024-02-24T17:07:52.741-0600] {dag.py:3823} INFO - Setting next_dagrun for example_short_circuit_decorator to 2024-02-23 00:00:00+00:00, run_after=2024-02-24 00:00:00+00:00
[2024-02-24T17:07:52.748-0600] {processor.py:183} INFO - Processing /Users/vamseekrishna/Desktop/F1_Data_Warehouse/f1datawarehouse/lib/python3.9/site-packages/airflow/example_dags/example_short_circuit_decorator.py took 0.107 seconds
[2024-02-24T17:09:57.813-0600] {processor.py:161} INFO - Started process (PID=93728) to work on /Users/vamseekrishna/Desktop/F1_Data_Warehouse/f1datawarehouse/lib/python3.9/site-packages/airflow/example_dags/example_short_circuit_decorator.py
[2024-02-24T17:09:57.814-0600] {processor.py:830} INFO - Processing file /Users/vamseekrishna/Desktop/F1_Data_Warehouse/f1datawarehouse/lib/python3.9/site-packages/airflow/example_dags/example_short_circuit_decorator.py for tasks to queue
[2024-02-24T17:09:57.815-0600] {logging_mixin.py:188} INFO - [2024-02-24T17:09:57.815-0600] {dagbag.py:538} INFO - Filling up the DagBag from /Users/vamseekrishna/Desktop/F1_Data_Warehouse/f1datawarehouse/lib/python3.9/site-packages/airflow/example_dags/example_short_circuit_decorator.py
[2024-02-24T17:09:57.860-0600] {processor.py:840} INFO - DAG(s) 'example_short_circuit_decorator' retrieved from /Users/vamseekrishna/Desktop/F1_Data_Warehouse/f1datawarehouse/lib/python3.9/site-packages/airflow/example_dags/example_short_circuit_decorator.py
[2024-02-24T17:09:57.911-0600] {logging_mixin.py:188} INFO - [2024-02-24T17:09:57.911-0600] {dag.py:3036} INFO - Sync 1 DAGs
[2024-02-24T17:09:57.922-0600] {logging_mixin.py:188} INFO - [2024-02-24T17:09:57.921-0600] {dag.py:3823} INFO - Setting next_dagrun for example_short_circuit_decorator to 2024-02-23 00:00:00+00:00, run_after=2024-02-24 00:00:00+00:00
[2024-02-24T17:09:57.929-0600] {processor.py:183} INFO - Processing /Users/vamseekrishna/Desktop/F1_Data_Warehouse/f1datawarehouse/lib/python3.9/site-packages/airflow/example_dags/example_short_circuit_decorator.py took 0.117 seconds
[2024-02-24T17:12:09.166-0600] {processor.py:161} INFO - Started process (PID=93846) to work on /Users/vamseekrishna/Desktop/F1_Data_Warehouse/f1datawarehouse/lib/python3.9/site-packages/airflow/example_dags/example_short_circuit_decorator.py
[2024-02-24T17:12:09.168-0600] {processor.py:830} INFO - Processing file /Users/vamseekrishna/Desktop/F1_Data_Warehouse/f1datawarehouse/lib/python3.9/site-packages/airflow/example_dags/example_short_circuit_decorator.py for tasks to queue
[2024-02-24T17:12:09.168-0600] {logging_mixin.py:188} INFO - [2024-02-24T17:12:09.168-0600] {dagbag.py:538} INFO - Filling up the DagBag from /Users/vamseekrishna/Desktop/F1_Data_Warehouse/f1datawarehouse/lib/python3.9/site-packages/airflow/example_dags/example_short_circuit_decorator.py
[2024-02-24T17:12:09.210-0600] {processor.py:840} INFO - DAG(s) 'example_short_circuit_decorator' retrieved from /Users/vamseekrishna/Desktop/F1_Data_Warehouse/f1datawarehouse/lib/python3.9/site-packages/airflow/example_dags/example_short_circuit_decorator.py
[2024-02-24T17:12:09.258-0600] {logging_mixin.py:188} INFO - [2024-02-24T17:12:09.258-0600] {dag.py:3036} INFO - Sync 1 DAGs
[2024-02-24T17:12:09.267-0600] {logging_mixin.py:188} INFO - [2024-02-24T17:12:09.267-0600] {dag.py:3823} INFO - Setting next_dagrun for example_short_circuit_decorator to 2024-02-23 00:00:00+00:00, run_after=2024-02-24 00:00:00+00:00
[2024-02-24T17:12:09.275-0600] {processor.py:183} INFO - Processing /Users/vamseekrishna/Desktop/F1_Data_Warehouse/f1datawarehouse/lib/python3.9/site-packages/airflow/example_dags/example_short_circuit_decorator.py took 0.109 seconds
[2024-02-24T17:14:15.195-0600] {processor.py:161} INFO - Started process (PID=93994) to work on /Users/vamseekrishna/Desktop/F1_Data_Warehouse/f1datawarehouse/lib/python3.9/site-packages/airflow/example_dags/example_short_circuit_decorator.py
[2024-02-24T17:14:15.197-0600] {processor.py:830} INFO - Processing file /Users/vamseekrishna/Desktop/F1_Data_Warehouse/f1datawarehouse/lib/python3.9/site-packages/airflow/example_dags/example_short_circuit_decorator.py for tasks to queue
[2024-02-24T17:14:15.197-0600] {logging_mixin.py:188} INFO - [2024-02-24T17:14:15.197-0600] {dagbag.py:538} INFO - Filling up the DagBag from /Users/vamseekrishna/Desktop/F1_Data_Warehouse/f1datawarehouse/lib/python3.9/site-packages/airflow/example_dags/example_short_circuit_decorator.py
[2024-02-24T17:14:15.238-0600] {processor.py:840} INFO - DAG(s) 'example_short_circuit_decorator' retrieved from /Users/vamseekrishna/Desktop/F1_Data_Warehouse/f1datawarehouse/lib/python3.9/site-packages/airflow/example_dags/example_short_circuit_decorator.py
[2024-02-24T17:14:15.285-0600] {logging_mixin.py:188} INFO - [2024-02-24T17:14:15.285-0600] {dag.py:3036} INFO - Sync 1 DAGs
[2024-02-24T17:14:15.293-0600] {logging_mixin.py:188} INFO - [2024-02-24T17:14:15.293-0600] {dag.py:3823} INFO - Setting next_dagrun for example_short_circuit_decorator to 2024-02-23 00:00:00+00:00, run_after=2024-02-24 00:00:00+00:00
[2024-02-24T17:14:15.301-0600] {processor.py:183} INFO - Processing /Users/vamseekrishna/Desktop/F1_Data_Warehouse/f1datawarehouse/lib/python3.9/site-packages/airflow/example_dags/example_short_circuit_decorator.py took 0.108 seconds
[2024-02-24T17:16:20.837-0600] {processor.py:161} INFO - Started process (PID=94104) to work on /Users/vamseekrishna/Desktop/F1_Data_Warehouse/f1datawarehouse/lib/python3.9/site-packages/airflow/example_dags/example_short_circuit_decorator.py
[2024-02-24T17:16:20.839-0600] {processor.py:830} INFO - Processing file /Users/vamseekrishna/Desktop/F1_Data_Warehouse/f1datawarehouse/lib/python3.9/site-packages/airflow/example_dags/example_short_circuit_decorator.py for tasks to queue
[2024-02-24T17:16:20.839-0600] {logging_mixin.py:188} INFO - [2024-02-24T17:16:20.839-0600] {dagbag.py:538} INFO - Filling up the DagBag from /Users/vamseekrishna/Desktop/F1_Data_Warehouse/f1datawarehouse/lib/python3.9/site-packages/airflow/example_dags/example_short_circuit_decorator.py
[2024-02-24T17:16:20.881-0600] {processor.py:840} INFO - DAG(s) 'example_short_circuit_decorator' retrieved from /Users/vamseekrishna/Desktop/F1_Data_Warehouse/f1datawarehouse/lib/python3.9/site-packages/airflow/example_dags/example_short_circuit_decorator.py
[2024-02-24T17:16:20.929-0600] {logging_mixin.py:188} INFO - [2024-02-24T17:16:20.929-0600] {dag.py:3036} INFO - Sync 1 DAGs
[2024-02-24T17:16:20.938-0600] {logging_mixin.py:188} INFO - [2024-02-24T17:16:20.938-0600] {dag.py:3823} INFO - Setting next_dagrun for example_short_circuit_decorator to 2024-02-23 00:00:00+00:00, run_after=2024-02-24 00:00:00+00:00
[2024-02-24T17:16:20.949-0600] {processor.py:183} INFO - Processing /Users/vamseekrishna/Desktop/F1_Data_Warehouse/f1datawarehouse/lib/python3.9/site-packages/airflow/example_dags/example_short_circuit_decorator.py took 0.113 seconds
[2024-02-24T17:18:20.803-0600] {processor.py:161} INFO - Started process (PID=94202) to work on /Users/vamseekrishna/Desktop/F1_Data_Warehouse/f1datawarehouse/lib/python3.9/site-packages/airflow/example_dags/example_short_circuit_decorator.py
[2024-02-24T17:18:20.804-0600] {processor.py:830} INFO - Processing file /Users/vamseekrishna/Desktop/F1_Data_Warehouse/f1datawarehouse/lib/python3.9/site-packages/airflow/example_dags/example_short_circuit_decorator.py for tasks to queue
[2024-02-24T17:18:20.804-0600] {logging_mixin.py:188} INFO - [2024-02-24T17:18:20.804-0600] {dagbag.py:538} INFO - Filling up the DagBag from /Users/vamseekrishna/Desktop/F1_Data_Warehouse/f1datawarehouse/lib/python3.9/site-packages/airflow/example_dags/example_short_circuit_decorator.py
[2024-02-24T17:18:20.848-0600] {processor.py:840} INFO - DAG(s) 'example_short_circuit_decorator' retrieved from /Users/vamseekrishna/Desktop/F1_Data_Warehouse/f1datawarehouse/lib/python3.9/site-packages/airflow/example_dags/example_short_circuit_decorator.py
[2024-02-24T17:18:20.896-0600] {logging_mixin.py:188} INFO - [2024-02-24T17:18:20.896-0600] {dag.py:3036} INFO - Sync 1 DAGs
[2024-02-24T17:18:20.904-0600] {logging_mixin.py:188} INFO - [2024-02-24T17:18:20.904-0600] {dag.py:3823} INFO - Setting next_dagrun for example_short_circuit_decorator to 2024-02-23 00:00:00+00:00, run_after=2024-02-24 00:00:00+00:00
[2024-02-24T17:18:20.912-0600] {processor.py:183} INFO - Processing /Users/vamseekrishna/Desktop/F1_Data_Warehouse/f1datawarehouse/lib/python3.9/site-packages/airflow/example_dags/example_short_circuit_decorator.py took 0.110 seconds
[2024-02-24T17:20:21.250-0600] {processor.py:161} INFO - Started process (PID=94301) to work on /Users/vamseekrishna/Desktop/F1_Data_Warehouse/f1datawarehouse/lib/python3.9/site-packages/airflow/example_dags/example_short_circuit_decorator.py
[2024-02-24T17:20:21.252-0600] {processor.py:830} INFO - Processing file /Users/vamseekrishna/Desktop/F1_Data_Warehouse/f1datawarehouse/lib/python3.9/site-packages/airflow/example_dags/example_short_circuit_decorator.py for tasks to queue
[2024-02-24T17:20:21.252-0600] {logging_mixin.py:188} INFO - [2024-02-24T17:20:21.252-0600] {dagbag.py:538} INFO - Filling up the DagBag from /Users/vamseekrishna/Desktop/F1_Data_Warehouse/f1datawarehouse/lib/python3.9/site-packages/airflow/example_dags/example_short_circuit_decorator.py
[2024-02-24T17:20:21.292-0600] {processor.py:840} INFO - DAG(s) 'example_short_circuit_decorator' retrieved from /Users/vamseekrishna/Desktop/F1_Data_Warehouse/f1datawarehouse/lib/python3.9/site-packages/airflow/example_dags/example_short_circuit_decorator.py
[2024-02-24T17:20:21.339-0600] {logging_mixin.py:188} INFO - [2024-02-24T17:20:21.339-0600] {dag.py:3036} INFO - Sync 1 DAGs
[2024-02-24T17:20:21.348-0600] {logging_mixin.py:188} INFO - [2024-02-24T17:20:21.348-0600] {dag.py:3823} INFO - Setting next_dagrun for example_short_circuit_decorator to 2024-02-23 00:00:00+00:00, run_after=2024-02-24 00:00:00+00:00
[2024-02-24T17:20:21.355-0600] {processor.py:183} INFO - Processing /Users/vamseekrishna/Desktop/F1_Data_Warehouse/f1datawarehouse/lib/python3.9/site-packages/airflow/example_dags/example_short_circuit_decorator.py took 0.106 seconds
[2024-02-24T17:22:19.720-0600] {processor.py:161} INFO - Started process (PID=94475) to work on /Users/vamseekrishna/Desktop/F1_Data_Warehouse/f1datawarehouse/lib/python3.9/site-packages/airflow/example_dags/example_short_circuit_decorator.py
[2024-02-24T17:22:19.723-0600] {processor.py:830} INFO - Processing file /Users/vamseekrishna/Desktop/F1_Data_Warehouse/f1datawarehouse/lib/python3.9/site-packages/airflow/example_dags/example_short_circuit_decorator.py for tasks to queue
[2024-02-24T17:22:19.723-0600] {logging_mixin.py:188} INFO - [2024-02-24T17:22:19.723-0600] {dagbag.py:538} INFO - Filling up the DagBag from /Users/vamseekrishna/Desktop/F1_Data_Warehouse/f1datawarehouse/lib/python3.9/site-packages/airflow/example_dags/example_short_circuit_decorator.py
[2024-02-24T17:22:19.767-0600] {processor.py:840} INFO - DAG(s) 'example_short_circuit_decorator' retrieved from /Users/vamseekrishna/Desktop/F1_Data_Warehouse/f1datawarehouse/lib/python3.9/site-packages/airflow/example_dags/example_short_circuit_decorator.py
[2024-02-24T17:22:19.817-0600] {logging_mixin.py:188} INFO - [2024-02-24T17:22:19.816-0600] {dag.py:3036} INFO - Sync 1 DAGs
[2024-02-24T17:22:19.825-0600] {logging_mixin.py:188} INFO - [2024-02-24T17:22:19.825-0600] {dag.py:3823} INFO - Setting next_dagrun for example_short_circuit_decorator to 2024-02-23 00:00:00+00:00, run_after=2024-02-24 00:00:00+00:00
[2024-02-24T17:22:19.834-0600] {processor.py:183} INFO - Processing /Users/vamseekrishna/Desktop/F1_Data_Warehouse/f1datawarehouse/lib/python3.9/site-packages/airflow/example_dags/example_short_circuit_decorator.py took 0.115 seconds
[2024-02-24T17:24:25.538-0600] {processor.py:161} INFO - Started process (PID=94656) to work on /Users/vamseekrishna/Desktop/F1_Data_Warehouse/f1datawarehouse/lib/python3.9/site-packages/airflow/example_dags/example_short_circuit_decorator.py
[2024-02-24T17:24:25.539-0600] {processor.py:830} INFO - Processing file /Users/vamseekrishna/Desktop/F1_Data_Warehouse/f1datawarehouse/lib/python3.9/site-packages/airflow/example_dags/example_short_circuit_decorator.py for tasks to queue
[2024-02-24T17:24:25.540-0600] {logging_mixin.py:188} INFO - [2024-02-24T17:24:25.540-0600] {dagbag.py:538} INFO - Filling up the DagBag from /Users/vamseekrishna/Desktop/F1_Data_Warehouse/f1datawarehouse/lib/python3.9/site-packages/airflow/example_dags/example_short_circuit_decorator.py
[2024-02-24T17:24:25.559-0600] {processor.py:840} INFO - DAG(s) 'example_short_circuit_decorator' retrieved from /Users/vamseekrishna/Desktop/F1_Data_Warehouse/f1datawarehouse/lib/python3.9/site-packages/airflow/example_dags/example_short_circuit_decorator.py
[2024-02-24T17:24:25.610-0600] {logging_mixin.py:188} INFO - [2024-02-24T17:24:25.610-0600] {dag.py:3036} INFO - Sync 1 DAGs
[2024-02-24T17:24:25.619-0600] {logging_mixin.py:188} INFO - [2024-02-24T17:24:25.619-0600] {dag.py:3823} INFO - Setting next_dagrun for example_short_circuit_decorator to 2024-02-23 00:00:00+00:00, run_after=2024-02-24 00:00:00+00:00
[2024-02-24T17:24:25.627-0600] {processor.py:183} INFO - Processing /Users/vamseekrishna/Desktop/F1_Data_Warehouse/f1datawarehouse/lib/python3.9/site-packages/airflow/example_dags/example_short_circuit_decorator.py took 0.090 seconds
[2024-02-24T17:26:28.899-0600] {processor.py:161} INFO - Started process (PID=94757) to work on /Users/vamseekrishna/Desktop/F1_Data_Warehouse/f1datawarehouse/lib/python3.9/site-packages/airflow/example_dags/example_short_circuit_decorator.py
[2024-02-24T17:26:28.901-0600] {processor.py:830} INFO - Processing file /Users/vamseekrishna/Desktop/F1_Data_Warehouse/f1datawarehouse/lib/python3.9/site-packages/airflow/example_dags/example_short_circuit_decorator.py for tasks to queue
[2024-02-24T17:26:28.901-0600] {logging_mixin.py:188} INFO - [2024-02-24T17:26:28.901-0600] {dagbag.py:538} INFO - Filling up the DagBag from /Users/vamseekrishna/Desktop/F1_Data_Warehouse/f1datawarehouse/lib/python3.9/site-packages/airflow/example_dags/example_short_circuit_decorator.py
[2024-02-24T17:26:28.918-0600] {processor.py:840} INFO - DAG(s) 'example_short_circuit_decorator' retrieved from /Users/vamseekrishna/Desktop/F1_Data_Warehouse/f1datawarehouse/lib/python3.9/site-packages/airflow/example_dags/example_short_circuit_decorator.py
[2024-02-24T17:26:28.965-0600] {logging_mixin.py:188} INFO - [2024-02-24T17:26:28.964-0600] {dag.py:3036} INFO - Sync 1 DAGs
[2024-02-24T17:26:28.973-0600] {logging_mixin.py:188} INFO - [2024-02-24T17:26:28.973-0600] {dag.py:3823} INFO - Setting next_dagrun for example_short_circuit_decorator to 2024-02-23 00:00:00+00:00, run_after=2024-02-24 00:00:00+00:00
[2024-02-24T17:26:28.981-0600] {processor.py:183} INFO - Processing /Users/vamseekrishna/Desktop/F1_Data_Warehouse/f1datawarehouse/lib/python3.9/site-packages/airflow/example_dags/example_short_circuit_decorator.py took 0.083 seconds
[2024-02-24T17:28:30.375-0600] {processor.py:161} INFO - Started process (PID=94851) to work on /Users/vamseekrishna/Desktop/F1_Data_Warehouse/f1datawarehouse/lib/python3.9/site-packages/airflow/example_dags/example_short_circuit_decorator.py
[2024-02-24T17:28:30.377-0600] {processor.py:830} INFO - Processing file /Users/vamseekrishna/Desktop/F1_Data_Warehouse/f1datawarehouse/lib/python3.9/site-packages/airflow/example_dags/example_short_circuit_decorator.py for tasks to queue
[2024-02-24T17:28:30.378-0600] {logging_mixin.py:188} INFO - [2024-02-24T17:28:30.377-0600] {dagbag.py:538} INFO - Filling up the DagBag from /Users/vamseekrishna/Desktop/F1_Data_Warehouse/f1datawarehouse/lib/python3.9/site-packages/airflow/example_dags/example_short_circuit_decorator.py
[2024-02-24T17:28:30.394-0600] {processor.py:840} INFO - DAG(s) 'example_short_circuit_decorator' retrieved from /Users/vamseekrishna/Desktop/F1_Data_Warehouse/f1datawarehouse/lib/python3.9/site-packages/airflow/example_dags/example_short_circuit_decorator.py
[2024-02-24T17:28:30.441-0600] {logging_mixin.py:188} INFO - [2024-02-24T17:28:30.440-0600] {dag.py:3036} INFO - Sync 1 DAGs
[2024-02-24T17:28:30.449-0600] {logging_mixin.py:188} INFO - [2024-02-24T17:28:30.449-0600] {dag.py:3823} INFO - Setting next_dagrun for example_short_circuit_decorator to 2024-02-23 00:00:00+00:00, run_after=2024-02-24 00:00:00+00:00
[2024-02-24T17:28:30.457-0600] {processor.py:183} INFO - Processing /Users/vamseekrishna/Desktop/F1_Data_Warehouse/f1datawarehouse/lib/python3.9/site-packages/airflow/example_dags/example_short_circuit_decorator.py took 0.083 seconds
[2024-02-24T17:30:27.516-0600] {processor.py:161} INFO - Started process (PID=94941) to work on /Users/vamseekrishna/Desktop/F1_Data_Warehouse/f1datawarehouse/lib/python3.9/site-packages/airflow/example_dags/example_short_circuit_decorator.py
[2024-02-24T17:30:27.518-0600] {processor.py:830} INFO - Processing file /Users/vamseekrishna/Desktop/F1_Data_Warehouse/f1datawarehouse/lib/python3.9/site-packages/airflow/example_dags/example_short_circuit_decorator.py for tasks to queue
[2024-02-24T17:30:27.518-0600] {logging_mixin.py:188} INFO - [2024-02-24T17:30:27.518-0600] {dagbag.py:538} INFO - Filling up the DagBag from /Users/vamseekrishna/Desktop/F1_Data_Warehouse/f1datawarehouse/lib/python3.9/site-packages/airflow/example_dags/example_short_circuit_decorator.py
[2024-02-24T17:30:27.535-0600] {processor.py:840} INFO - DAG(s) 'example_short_circuit_decorator' retrieved from /Users/vamseekrishna/Desktop/F1_Data_Warehouse/f1datawarehouse/lib/python3.9/site-packages/airflow/example_dags/example_short_circuit_decorator.py
[2024-02-24T17:30:27.581-0600] {logging_mixin.py:188} INFO - [2024-02-24T17:30:27.581-0600] {dag.py:3036} INFO - Sync 1 DAGs
[2024-02-24T17:30:27.590-0600] {logging_mixin.py:188} INFO - [2024-02-24T17:30:27.589-0600] {dag.py:3823} INFO - Setting next_dagrun for example_short_circuit_decorator to 2024-02-23 00:00:00+00:00, run_after=2024-02-24 00:00:00+00:00
[2024-02-24T17:30:27.598-0600] {processor.py:183} INFO - Processing /Users/vamseekrishna/Desktop/F1_Data_Warehouse/f1datawarehouse/lib/python3.9/site-packages/airflow/example_dags/example_short_circuit_decorator.py took 0.082 seconds
[2024-02-24T17:32:24.560-0600] {processor.py:161} INFO - Started process (PID=95032) to work on /Users/vamseekrishna/Desktop/F1_Data_Warehouse/f1datawarehouse/lib/python3.9/site-packages/airflow/example_dags/example_short_circuit_decorator.py
[2024-02-24T17:32:24.562-0600] {processor.py:830} INFO - Processing file /Users/vamseekrishna/Desktop/F1_Data_Warehouse/f1datawarehouse/lib/python3.9/site-packages/airflow/example_dags/example_short_circuit_decorator.py for tasks to queue
[2024-02-24T17:32:24.562-0600] {logging_mixin.py:188} INFO - [2024-02-24T17:32:24.562-0600] {dagbag.py:538} INFO - Filling up the DagBag from /Users/vamseekrishna/Desktop/F1_Data_Warehouse/f1datawarehouse/lib/python3.9/site-packages/airflow/example_dags/example_short_circuit_decorator.py
[2024-02-24T17:32:24.578-0600] {processor.py:840} INFO - DAG(s) 'example_short_circuit_decorator' retrieved from /Users/vamseekrishna/Desktop/F1_Data_Warehouse/f1datawarehouse/lib/python3.9/site-packages/airflow/example_dags/example_short_circuit_decorator.py
[2024-02-24T17:32:24.624-0600] {logging_mixin.py:188} INFO - [2024-02-24T17:32:24.624-0600] {dag.py:3036} INFO - Sync 1 DAGs
[2024-02-24T17:32:24.633-0600] {logging_mixin.py:188} INFO - [2024-02-24T17:32:24.633-0600] {dag.py:3823} INFO - Setting next_dagrun for example_short_circuit_decorator to 2024-02-23 00:00:00+00:00, run_after=2024-02-24 00:00:00+00:00
[2024-02-24T17:32:24.640-0600] {processor.py:183} INFO - Processing /Users/vamseekrishna/Desktop/F1_Data_Warehouse/f1datawarehouse/lib/python3.9/site-packages/airflow/example_dags/example_short_circuit_decorator.py took 0.081 seconds
[2024-02-24T17:34:24.080-0600] {processor.py:161} INFO - Started process (PID=95137) to work on /Users/vamseekrishna/Desktop/F1_Data_Warehouse/f1datawarehouse/lib/python3.9/site-packages/airflow/example_dags/example_short_circuit_decorator.py
[2024-02-24T17:34:24.082-0600] {processor.py:830} INFO - Processing file /Users/vamseekrishna/Desktop/F1_Data_Warehouse/f1datawarehouse/lib/python3.9/site-packages/airflow/example_dags/example_short_circuit_decorator.py for tasks to queue
[2024-02-24T17:34:24.082-0600] {logging_mixin.py:188} INFO - [2024-02-24T17:34:24.082-0600] {dagbag.py:538} INFO - Filling up the DagBag from /Users/vamseekrishna/Desktop/F1_Data_Warehouse/f1datawarehouse/lib/python3.9/site-packages/airflow/example_dags/example_short_circuit_decorator.py
[2024-02-24T17:34:24.099-0600] {processor.py:840} INFO - DAG(s) 'example_short_circuit_decorator' retrieved from /Users/vamseekrishna/Desktop/F1_Data_Warehouse/f1datawarehouse/lib/python3.9/site-packages/airflow/example_dags/example_short_circuit_decorator.py
[2024-02-24T17:34:24.148-0600] {logging_mixin.py:188} INFO - [2024-02-24T17:34:24.148-0600] {dag.py:3036} INFO - Sync 1 DAGs
[2024-02-24T17:34:24.157-0600] {logging_mixin.py:188} INFO - [2024-02-24T17:34:24.157-0600] {dag.py:3823} INFO - Setting next_dagrun for example_short_circuit_decorator to 2024-02-23 00:00:00+00:00, run_after=2024-02-24 00:00:00+00:00
[2024-02-24T17:34:24.165-0600] {processor.py:183} INFO - Processing /Users/vamseekrishna/Desktop/F1_Data_Warehouse/f1datawarehouse/lib/python3.9/site-packages/airflow/example_dags/example_short_circuit_decorator.py took 0.085 seconds
[2024-02-24T17:36:20.795-0600] {processor.py:161} INFO - Started process (PID=95233) to work on /Users/vamseekrishna/Desktop/F1_Data_Warehouse/f1datawarehouse/lib/python3.9/site-packages/airflow/example_dags/example_short_circuit_decorator.py
[2024-02-24T17:36:20.797-0600] {processor.py:830} INFO - Processing file /Users/vamseekrishna/Desktop/F1_Data_Warehouse/f1datawarehouse/lib/python3.9/site-packages/airflow/example_dags/example_short_circuit_decorator.py for tasks to queue
[2024-02-24T17:36:20.797-0600] {logging_mixin.py:188} INFO - [2024-02-24T17:36:20.797-0600] {dagbag.py:538} INFO - Filling up the DagBag from /Users/vamseekrishna/Desktop/F1_Data_Warehouse/f1datawarehouse/lib/python3.9/site-packages/airflow/example_dags/example_short_circuit_decorator.py
[2024-02-24T17:36:20.813-0600] {processor.py:840} INFO - DAG(s) 'example_short_circuit_decorator' retrieved from /Users/vamseekrishna/Desktop/F1_Data_Warehouse/f1datawarehouse/lib/python3.9/site-packages/airflow/example_dags/example_short_circuit_decorator.py
[2024-02-24T17:36:20.860-0600] {logging_mixin.py:188} INFO - [2024-02-24T17:36:20.859-0600] {dag.py:3036} INFO - Sync 1 DAGs
[2024-02-24T17:36:20.868-0600] {logging_mixin.py:188} INFO - [2024-02-24T17:36:20.868-0600] {dag.py:3823} INFO - Setting next_dagrun for example_short_circuit_decorator to 2024-02-23 00:00:00+00:00, run_after=2024-02-24 00:00:00+00:00
[2024-02-24T17:36:20.876-0600] {processor.py:183} INFO - Processing /Users/vamseekrishna/Desktop/F1_Data_Warehouse/f1datawarehouse/lib/python3.9/site-packages/airflow/example_dags/example_short_circuit_decorator.py took 0.081 seconds
[2024-02-24T17:40:01.572-0600] {processor.py:161} INFO - Started process (PID=95461) to work on /Users/vamseekrishna/Desktop/F1_Data_Warehouse/f1datawarehouse/lib/python3.9/site-packages/airflow/example_dags/example_short_circuit_decorator.py
[2024-02-24T17:40:01.574-0600] {processor.py:830} INFO - Processing file /Users/vamseekrishna/Desktop/F1_Data_Warehouse/f1datawarehouse/lib/python3.9/site-packages/airflow/example_dags/example_short_circuit_decorator.py for tasks to queue
[2024-02-24T17:40:01.575-0600] {logging_mixin.py:188} INFO - [2024-02-24T17:40:01.575-0600] {dagbag.py:538} INFO - Filling up the DagBag from /Users/vamseekrishna/Desktop/F1_Data_Warehouse/f1datawarehouse/lib/python3.9/site-packages/airflow/example_dags/example_short_circuit_decorator.py
[2024-02-24T17:40:01.591-0600] {processor.py:840} INFO - DAG(s) 'example_short_circuit_decorator' retrieved from /Users/vamseekrishna/Desktop/F1_Data_Warehouse/f1datawarehouse/lib/python3.9/site-packages/airflow/example_dags/example_short_circuit_decorator.py
[2024-02-24T17:40:01.638-0600] {logging_mixin.py:188} INFO - [2024-02-24T17:40:01.638-0600] {dag.py:3036} INFO - Sync 1 DAGs
[2024-02-24T17:40:01.646-0600] {logging_mixin.py:188} INFO - [2024-02-24T17:40:01.646-0600] {dag.py:3823} INFO - Setting next_dagrun for example_short_circuit_decorator to 2024-02-23 00:00:00+00:00, run_after=2024-02-24 00:00:00+00:00
[2024-02-24T17:40:01.654-0600] {processor.py:183} INFO - Processing /Users/vamseekrishna/Desktop/F1_Data_Warehouse/f1datawarehouse/lib/python3.9/site-packages/airflow/example_dags/example_short_circuit_decorator.py took 0.082 seconds
