[2024-02-24T16:01:52.338-0600] {processor.py:161} INFO - Started process (PID=87763) to work on /Users/vamseekrishna/Desktop/F1_Data_Warehouse/f1datawarehouse/lib/python3.9/site-packages/airflow/example_dags/example_sensor_decorator.py
[2024-02-24T16:01:52.339-0600] {processor.py:830} INFO - Processing file /Users/vamseekrishna/Desktop/F1_Data_Warehouse/f1datawarehouse/lib/python3.9/site-packages/airflow/example_dags/example_sensor_decorator.py for tasks to queue
[2024-02-24T16:01:52.339-0600] {logging_mixin.py:188} INFO - [2024-02-24T16:01:52.339-0600] {dagbag.py:538} INFO - Filling up the DagBag from /Users/vamseekrishna/Desktop/F1_Data_Warehouse/f1datawarehouse/lib/python3.9/site-packages/airflow/example_dags/example_sensor_decorator.py
[2024-02-24T16:01:52.357-0600] {processor.py:840} INFO - DAG(s) 'example_sensor_decorator' retrieved from /Users/vamseekrishna/Desktop/F1_Data_Warehouse/f1datawarehouse/lib/python3.9/site-packages/airflow/example_dags/example_sensor_decorator.py
[2024-02-24T16:01:52.455-0600] {logging_mixin.py:188} INFO - [2024-02-24T16:01:52.454-0600] {override.py:1769} INFO - Created Permission View: can edit on DAG:example_sensor_decorator
[2024-02-24T16:01:52.458-0600] {logging_mixin.py:188} INFO - [2024-02-24T16:01:52.458-0600] {override.py:1769} INFO - Created Permission View: can read on DAG:example_sensor_decorator
[2024-02-24T16:01:52.461-0600] {logging_mixin.py:188} INFO - [2024-02-24T16:01:52.460-0600] {override.py:1769} INFO - Created Permission View: can delete on DAG:example_sensor_decorator
[2024-02-24T16:01:52.461-0600] {logging_mixin.py:188} INFO - [2024-02-24T16:01:52.461-0600] {dag.py:3036} INFO - Sync 1 DAGs
[2024-02-24T16:01:52.465-0600] {logging_mixin.py:188} INFO - [2024-02-24T16:01:52.465-0600] {dag.py:3058} INFO - Creating ORM DAG for example_sensor_decorator
[2024-02-24T16:01:52.465-0600] {logging_mixin.py:188} INFO - [2024-02-24T16:01:52.465-0600] {dag.py:3823} INFO - Setting next_dagrun for example_sensor_decorator to None, run_after=None
[2024-02-24T16:01:52.474-0600] {processor.py:183} INFO - Processing /Users/vamseekrishna/Desktop/F1_Data_Warehouse/f1datawarehouse/lib/python3.9/site-packages/airflow/example_dags/example_sensor_decorator.py took 0.137 seconds
[2024-02-24T16:03:25.562-0600] {processor.py:161} INFO - Started process (PID=87969) to work on /Users/vamseekrishna/Desktop/F1_Data_Warehouse/f1datawarehouse/lib/python3.9/site-packages/airflow/example_dags/example_sensor_decorator.py
[2024-02-24T16:03:25.564-0600] {processor.py:830} INFO - Processing file /Users/vamseekrishna/Desktop/F1_Data_Warehouse/f1datawarehouse/lib/python3.9/site-packages/airflow/example_dags/example_sensor_decorator.py for tasks to queue
[2024-02-24T16:03:25.564-0600] {logging_mixin.py:188} INFO - [2024-02-24T16:03:25.564-0600] {dagbag.py:538} INFO - Filling up the DagBag from /Users/vamseekrishna/Desktop/F1_Data_Warehouse/f1datawarehouse/lib/python3.9/site-packages/airflow/example_dags/example_sensor_decorator.py
[2024-02-24T16:03:25.581-0600] {processor.py:840} INFO - DAG(s) 'example_sensor_decorator' retrieved from /Users/vamseekrishna/Desktop/F1_Data_Warehouse/f1datawarehouse/lib/python3.9/site-packages/airflow/example_dags/example_sensor_decorator.py
[2024-02-24T16:03:25.633-0600] {logging_mixin.py:188} INFO - [2024-02-24T16:03:25.633-0600] {dag.py:3036} INFO - Sync 1 DAGs
[2024-02-24T16:03:25.638-0600] {logging_mixin.py:188} INFO - [2024-02-24T16:03:25.638-0600] {dag.py:3823} INFO - Setting next_dagrun for example_sensor_decorator to None, run_after=None
[2024-02-24T16:03:25.646-0600] {processor.py:183} INFO - Processing /Users/vamseekrishna/Desktop/F1_Data_Warehouse/f1datawarehouse/lib/python3.9/site-packages/airflow/example_dags/example_sensor_decorator.py took 0.084 seconds
[2024-02-24T16:05:25.268-0600] {processor.py:161} INFO - Started process (PID=88213) to work on /Users/vamseekrishna/Desktop/F1_Data_Warehouse/f1datawarehouse/lib/python3.9/site-packages/airflow/example_dags/example_sensor_decorator.py
[2024-02-24T16:05:25.269-0600] {processor.py:830} INFO - Processing file /Users/vamseekrishna/Desktop/F1_Data_Warehouse/f1datawarehouse/lib/python3.9/site-packages/airflow/example_dags/example_sensor_decorator.py for tasks to queue
[2024-02-24T16:05:25.269-0600] {logging_mixin.py:188} INFO - [2024-02-24T16:05:25.269-0600] {dagbag.py:538} INFO - Filling up the DagBag from /Users/vamseekrishna/Desktop/F1_Data_Warehouse/f1datawarehouse/lib/python3.9/site-packages/airflow/example_dags/example_sensor_decorator.py
[2024-02-24T16:05:25.311-0600] {processor.py:840} INFO - DAG(s) 'example_sensor_decorator' retrieved from /Users/vamseekrishna/Desktop/F1_Data_Warehouse/f1datawarehouse/lib/python3.9/site-packages/airflow/example_dags/example_sensor_decorator.py
[2024-02-24T16:05:25.363-0600] {logging_mixin.py:188} INFO - [2024-02-24T16:05:25.363-0600] {dag.py:3036} INFO - Sync 1 DAGs
[2024-02-24T16:05:25.367-0600] {logging_mixin.py:188} INFO - [2024-02-24T16:05:25.367-0600] {dag.py:3823} INFO - Setting next_dagrun for example_sensor_decorator to None, run_after=None
[2024-02-24T16:05:25.375-0600] {processor.py:183} INFO - Processing /Users/vamseekrishna/Desktop/F1_Data_Warehouse/f1datawarehouse/lib/python3.9/site-packages/airflow/example_dags/example_sensor_decorator.py took 0.108 seconds
[2024-02-24T16:07:20.943-0600] {processor.py:161} INFO - Started process (PID=88412) to work on /Users/vamseekrishna/Desktop/F1_Data_Warehouse/f1datawarehouse/lib/python3.9/site-packages/airflow/example_dags/example_sensor_decorator.py
[2024-02-24T16:07:20.945-0600] {processor.py:830} INFO - Processing file /Users/vamseekrishna/Desktop/F1_Data_Warehouse/f1datawarehouse/lib/python3.9/site-packages/airflow/example_dags/example_sensor_decorator.py for tasks to queue
[2024-02-24T16:07:20.945-0600] {logging_mixin.py:188} INFO - [2024-02-24T16:07:20.945-0600] {dagbag.py:538} INFO - Filling up the DagBag from /Users/vamseekrishna/Desktop/F1_Data_Warehouse/f1datawarehouse/lib/python3.9/site-packages/airflow/example_dags/example_sensor_decorator.py
[2024-02-24T16:07:20.994-0600] {processor.py:840} INFO - DAG(s) 'example_sensor_decorator' retrieved from /Users/vamseekrishna/Desktop/F1_Data_Warehouse/f1datawarehouse/lib/python3.9/site-packages/airflow/example_dags/example_sensor_decorator.py
[2024-02-24T16:07:21.052-0600] {logging_mixin.py:188} INFO - [2024-02-24T16:07:21.052-0600] {dag.py:3036} INFO - Sync 1 DAGs
[2024-02-24T16:07:21.056-0600] {logging_mixin.py:188} INFO - [2024-02-24T16:07:21.056-0600] {dag.py:3823} INFO - Setting next_dagrun for example_sensor_decorator to None, run_after=None
[2024-02-24T16:07:21.065-0600] {processor.py:183} INFO - Processing /Users/vamseekrishna/Desktop/F1_Data_Warehouse/f1datawarehouse/lib/python3.9/site-packages/airflow/example_dags/example_sensor_decorator.py took 0.123 seconds
[2024-02-24T16:09:18.973-0600] {processor.py:161} INFO - Started process (PID=88619) to work on /Users/vamseekrishna/Desktop/F1_Data_Warehouse/f1datawarehouse/lib/python3.9/site-packages/airflow/example_dags/example_sensor_decorator.py
[2024-02-24T16:09:18.975-0600] {processor.py:830} INFO - Processing file /Users/vamseekrishna/Desktop/F1_Data_Warehouse/f1datawarehouse/lib/python3.9/site-packages/airflow/example_dags/example_sensor_decorator.py for tasks to queue
[2024-02-24T16:09:18.975-0600] {logging_mixin.py:188} INFO - [2024-02-24T16:09:18.975-0600] {dagbag.py:538} INFO - Filling up the DagBag from /Users/vamseekrishna/Desktop/F1_Data_Warehouse/f1datawarehouse/lib/python3.9/site-packages/airflow/example_dags/example_sensor_decorator.py
[2024-02-24T16:09:19.017-0600] {processor.py:840} INFO - DAG(s) 'example_sensor_decorator' retrieved from /Users/vamseekrishna/Desktop/F1_Data_Warehouse/f1datawarehouse/lib/python3.9/site-packages/airflow/example_dags/example_sensor_decorator.py
[2024-02-24T16:09:19.072-0600] {logging_mixin.py:188} INFO - [2024-02-24T16:09:19.072-0600] {dag.py:3036} INFO - Sync 1 DAGs
[2024-02-24T16:09:19.077-0600] {logging_mixin.py:188} INFO - [2024-02-24T16:09:19.077-0600] {dag.py:3823} INFO - Setting next_dagrun for example_sensor_decorator to None, run_after=None
[2024-02-24T16:09:19.086-0600] {processor.py:183} INFO - Processing /Users/vamseekrishna/Desktop/F1_Data_Warehouse/f1datawarehouse/lib/python3.9/site-packages/airflow/example_dags/example_sensor_decorator.py took 0.114 seconds
[2024-02-24T16:11:15.912-0600] {processor.py:161} INFO - Started process (PID=88820) to work on /Users/vamseekrishna/Desktop/F1_Data_Warehouse/f1datawarehouse/lib/python3.9/site-packages/airflow/example_dags/example_sensor_decorator.py
[2024-02-24T16:11:15.913-0600] {processor.py:830} INFO - Processing file /Users/vamseekrishna/Desktop/F1_Data_Warehouse/f1datawarehouse/lib/python3.9/site-packages/airflow/example_dags/example_sensor_decorator.py for tasks to queue
[2024-02-24T16:11:15.914-0600] {logging_mixin.py:188} INFO - [2024-02-24T16:11:15.914-0600] {dagbag.py:538} INFO - Filling up the DagBag from /Users/vamseekrishna/Desktop/F1_Data_Warehouse/f1datawarehouse/lib/python3.9/site-packages/airflow/example_dags/example_sensor_decorator.py
[2024-02-24T16:11:15.953-0600] {processor.py:840} INFO - DAG(s) 'example_sensor_decorator' retrieved from /Users/vamseekrishna/Desktop/F1_Data_Warehouse/f1datawarehouse/lib/python3.9/site-packages/airflow/example_dags/example_sensor_decorator.py
[2024-02-24T16:11:16.005-0600] {logging_mixin.py:188} INFO - [2024-02-24T16:11:16.004-0600] {dag.py:3036} INFO - Sync 1 DAGs
[2024-02-24T16:11:16.008-0600] {logging_mixin.py:188} INFO - [2024-02-24T16:11:16.008-0600] {dag.py:3823} INFO - Setting next_dagrun for example_sensor_decorator to None, run_after=None
[2024-02-24T16:11:16.016-0600] {processor.py:183} INFO - Processing /Users/vamseekrishna/Desktop/F1_Data_Warehouse/f1datawarehouse/lib/python3.9/site-packages/airflow/example_dags/example_sensor_decorator.py took 0.105 seconds
[2024-02-24T16:13:07.133-0600] {processor.py:161} INFO - Started process (PID=88986) to work on /Users/vamseekrishna/Desktop/F1_Data_Warehouse/f1datawarehouse/lib/python3.9/site-packages/airflow/example_dags/example_sensor_decorator.py
[2024-02-24T16:13:07.135-0600] {processor.py:830} INFO - Processing file /Users/vamseekrishna/Desktop/F1_Data_Warehouse/f1datawarehouse/lib/python3.9/site-packages/airflow/example_dags/example_sensor_decorator.py for tasks to queue
[2024-02-24T16:13:07.135-0600] {logging_mixin.py:188} INFO - [2024-02-24T16:13:07.135-0600] {dagbag.py:538} INFO - Filling up the DagBag from /Users/vamseekrishna/Desktop/F1_Data_Warehouse/f1datawarehouse/lib/python3.9/site-packages/airflow/example_dags/example_sensor_decorator.py
[2024-02-24T16:13:07.174-0600] {processor.py:840} INFO - DAG(s) 'example_sensor_decorator' retrieved from /Users/vamseekrishna/Desktop/F1_Data_Warehouse/f1datawarehouse/lib/python3.9/site-packages/airflow/example_dags/example_sensor_decorator.py
[2024-02-24T16:13:07.224-0600] {logging_mixin.py:188} INFO - [2024-02-24T16:13:07.224-0600] {dag.py:3036} INFO - Sync 1 DAGs
[2024-02-24T16:13:07.228-0600] {logging_mixin.py:188} INFO - [2024-02-24T16:13:07.228-0600] {dag.py:3823} INFO - Setting next_dagrun for example_sensor_decorator to None, run_after=None
[2024-02-24T16:13:07.236-0600] {processor.py:183} INFO - Processing /Users/vamseekrishna/Desktop/F1_Data_Warehouse/f1datawarehouse/lib/python3.9/site-packages/airflow/example_dags/example_sensor_decorator.py took 0.104 seconds
[2024-02-24T16:14:59.528-0600] {processor.py:161} INFO - Started process (PID=89184) to work on /Users/vamseekrishna/Desktop/F1_Data_Warehouse/f1datawarehouse/lib/python3.9/site-packages/airflow/example_dags/example_sensor_decorator.py
[2024-02-24T16:14:59.529-0600] {processor.py:830} INFO - Processing file /Users/vamseekrishna/Desktop/F1_Data_Warehouse/f1datawarehouse/lib/python3.9/site-packages/airflow/example_dags/example_sensor_decorator.py for tasks to queue
[2024-02-24T16:14:59.530-0600] {logging_mixin.py:188} INFO - [2024-02-24T16:14:59.530-0600] {dagbag.py:538} INFO - Filling up the DagBag from /Users/vamseekrishna/Desktop/F1_Data_Warehouse/f1datawarehouse/lib/python3.9/site-packages/airflow/example_dags/example_sensor_decorator.py
[2024-02-24T16:14:59.570-0600] {processor.py:840} INFO - DAG(s) 'example_sensor_decorator' retrieved from /Users/vamseekrishna/Desktop/F1_Data_Warehouse/f1datawarehouse/lib/python3.9/site-packages/airflow/example_dags/example_sensor_decorator.py
[2024-02-24T16:14:59.621-0600] {logging_mixin.py:188} INFO - [2024-02-24T16:14:59.621-0600] {dag.py:3036} INFO - Sync 1 DAGs
[2024-02-24T16:14:59.626-0600] {logging_mixin.py:188} INFO - [2024-02-24T16:14:59.626-0600] {dag.py:3823} INFO - Setting next_dagrun for example_sensor_decorator to None, run_after=None
[2024-02-24T16:14:59.634-0600] {processor.py:183} INFO - Processing /Users/vamseekrishna/Desktop/F1_Data_Warehouse/f1datawarehouse/lib/python3.9/site-packages/airflow/example_dags/example_sensor_decorator.py took 0.106 seconds
[2024-02-24T16:16:44.776-0600] {processor.py:161} INFO - Started process (PID=89385) to work on /Users/vamseekrishna/Desktop/F1_Data_Warehouse/f1datawarehouse/lib/python3.9/site-packages/airflow/example_dags/example_sensor_decorator.py
[2024-02-24T16:16:44.778-0600] {processor.py:830} INFO - Processing file /Users/vamseekrishna/Desktop/F1_Data_Warehouse/f1datawarehouse/lib/python3.9/site-packages/airflow/example_dags/example_sensor_decorator.py for tasks to queue
[2024-02-24T16:16:44.779-0600] {logging_mixin.py:188} INFO - [2024-02-24T16:16:44.779-0600] {dagbag.py:538} INFO - Filling up the DagBag from /Users/vamseekrishna/Desktop/F1_Data_Warehouse/f1datawarehouse/lib/python3.9/site-packages/airflow/example_dags/example_sensor_decorator.py
[2024-02-24T16:16:44.818-0600] {processor.py:840} INFO - DAG(s) 'example_sensor_decorator' retrieved from /Users/vamseekrishna/Desktop/F1_Data_Warehouse/f1datawarehouse/lib/python3.9/site-packages/airflow/example_dags/example_sensor_decorator.py
[2024-02-24T16:16:44.868-0600] {logging_mixin.py:188} INFO - [2024-02-24T16:16:44.868-0600] {dag.py:3036} INFO - Sync 1 DAGs
[2024-02-24T16:16:44.871-0600] {logging_mixin.py:188} INFO - [2024-02-24T16:16:44.871-0600] {dag.py:3823} INFO - Setting next_dagrun for example_sensor_decorator to None, run_after=None
[2024-02-24T16:16:44.879-0600] {processor.py:183} INFO - Processing /Users/vamseekrishna/Desktop/F1_Data_Warehouse/f1datawarehouse/lib/python3.9/site-packages/airflow/example_dags/example_sensor_decorator.py took 0.103 seconds
[2024-02-24T16:18:45.408-0600] {processor.py:161} INFO - Started process (PID=89587) to work on /Users/vamseekrishna/Desktop/F1_Data_Warehouse/f1datawarehouse/lib/python3.9/site-packages/airflow/example_dags/example_sensor_decorator.py
[2024-02-24T16:18:45.411-0600] {processor.py:830} INFO - Processing file /Users/vamseekrishna/Desktop/F1_Data_Warehouse/f1datawarehouse/lib/python3.9/site-packages/airflow/example_dags/example_sensor_decorator.py for tasks to queue
[2024-02-24T16:18:45.411-0600] {logging_mixin.py:188} INFO - [2024-02-24T16:18:45.411-0600] {dagbag.py:538} INFO - Filling up the DagBag from /Users/vamseekrishna/Desktop/F1_Data_Warehouse/f1datawarehouse/lib/python3.9/site-packages/airflow/example_dags/example_sensor_decorator.py
[2024-02-24T16:18:45.457-0600] {processor.py:840} INFO - DAG(s) 'example_sensor_decorator' retrieved from /Users/vamseekrishna/Desktop/F1_Data_Warehouse/f1datawarehouse/lib/python3.9/site-packages/airflow/example_dags/example_sensor_decorator.py
[2024-02-24T16:18:45.509-0600] {logging_mixin.py:188} INFO - [2024-02-24T16:18:45.509-0600] {dag.py:3036} INFO - Sync 1 DAGs
[2024-02-24T16:18:45.513-0600] {logging_mixin.py:188} INFO - [2024-02-24T16:18:45.513-0600] {dag.py:3823} INFO - Setting next_dagrun for example_sensor_decorator to None, run_after=None
[2024-02-24T16:18:45.520-0600] {processor.py:183} INFO - Processing /Users/vamseekrishna/Desktop/F1_Data_Warehouse/f1datawarehouse/lib/python3.9/site-packages/airflow/example_dags/example_sensor_decorator.py took 0.113 seconds
[2024-02-24T16:20:42.427-0600] {processor.py:161} INFO - Started process (PID=89761) to work on /Users/vamseekrishna/Desktop/F1_Data_Warehouse/f1datawarehouse/lib/python3.9/site-packages/airflow/example_dags/example_sensor_decorator.py
[2024-02-24T16:20:42.429-0600] {processor.py:830} INFO - Processing file /Users/vamseekrishna/Desktop/F1_Data_Warehouse/f1datawarehouse/lib/python3.9/site-packages/airflow/example_dags/example_sensor_decorator.py for tasks to queue
[2024-02-24T16:20:42.429-0600] {logging_mixin.py:188} INFO - [2024-02-24T16:20:42.429-0600] {dagbag.py:538} INFO - Filling up the DagBag from /Users/vamseekrishna/Desktop/F1_Data_Warehouse/f1datawarehouse/lib/python3.9/site-packages/airflow/example_dags/example_sensor_decorator.py
[2024-02-24T16:20:42.468-0600] {processor.py:840} INFO - DAG(s) 'example_sensor_decorator' retrieved from /Users/vamseekrishna/Desktop/F1_Data_Warehouse/f1datawarehouse/lib/python3.9/site-packages/airflow/example_dags/example_sensor_decorator.py
[2024-02-24T16:20:42.518-0600] {logging_mixin.py:188} INFO - [2024-02-24T16:20:42.518-0600] {dag.py:3036} INFO - Sync 1 DAGs
[2024-02-24T16:20:42.522-0600] {logging_mixin.py:188} INFO - [2024-02-24T16:20:42.522-0600] {dag.py:3823} INFO - Setting next_dagrun for example_sensor_decorator to None, run_after=None
[2024-02-24T16:20:42.529-0600] {processor.py:183} INFO - Processing /Users/vamseekrishna/Desktop/F1_Data_Warehouse/f1datawarehouse/lib/python3.9/site-packages/airflow/example_dags/example_sensor_decorator.py took 0.102 seconds
[2024-02-24T16:22:44.473-0600] {processor.py:161} INFO - Started process (PID=89940) to work on /Users/vamseekrishna/Desktop/F1_Data_Warehouse/f1datawarehouse/lib/python3.9/site-packages/airflow/example_dags/example_sensor_decorator.py
[2024-02-24T16:22:44.475-0600] {processor.py:830} INFO - Processing file /Users/vamseekrishna/Desktop/F1_Data_Warehouse/f1datawarehouse/lib/python3.9/site-packages/airflow/example_dags/example_sensor_decorator.py for tasks to queue
[2024-02-24T16:22:44.476-0600] {logging_mixin.py:188} INFO - [2024-02-24T16:22:44.476-0600] {dagbag.py:538} INFO - Filling up the DagBag from /Users/vamseekrishna/Desktop/F1_Data_Warehouse/f1datawarehouse/lib/python3.9/site-packages/airflow/example_dags/example_sensor_decorator.py
[2024-02-24T16:22:44.527-0600] {processor.py:840} INFO - DAG(s) 'example_sensor_decorator' retrieved from /Users/vamseekrishna/Desktop/F1_Data_Warehouse/f1datawarehouse/lib/python3.9/site-packages/airflow/example_dags/example_sensor_decorator.py
[2024-02-24T16:22:44.578-0600] {logging_mixin.py:188} INFO - [2024-02-24T16:22:44.577-0600] {dag.py:3036} INFO - Sync 1 DAGs
[2024-02-24T16:22:44.581-0600] {logging_mixin.py:188} INFO - [2024-02-24T16:22:44.581-0600] {dag.py:3823} INFO - Setting next_dagrun for example_sensor_decorator to None, run_after=None
[2024-02-24T16:22:44.589-0600] {processor.py:183} INFO - Processing /Users/vamseekrishna/Desktop/F1_Data_Warehouse/f1datawarehouse/lib/python3.9/site-packages/airflow/example_dags/example_sensor_decorator.py took 0.117 seconds
[2024-02-24T16:24:52.929-0600] {processor.py:161} INFO - Started process (PID=90138) to work on /Users/vamseekrishna/Desktop/F1_Data_Warehouse/f1datawarehouse/lib/python3.9/site-packages/airflow/example_dags/example_sensor_decorator.py
[2024-02-24T16:24:52.931-0600] {processor.py:830} INFO - Processing file /Users/vamseekrishna/Desktop/F1_Data_Warehouse/f1datawarehouse/lib/python3.9/site-packages/airflow/example_dags/example_sensor_decorator.py for tasks to queue
[2024-02-24T16:24:52.931-0600] {logging_mixin.py:188} INFO - [2024-02-24T16:24:52.931-0600] {dagbag.py:538} INFO - Filling up the DagBag from /Users/vamseekrishna/Desktop/F1_Data_Warehouse/f1datawarehouse/lib/python3.9/site-packages/airflow/example_dags/example_sensor_decorator.py
[2024-02-24T16:24:52.991-0600] {processor.py:840} INFO - DAG(s) 'example_sensor_decorator' retrieved from /Users/vamseekrishna/Desktop/F1_Data_Warehouse/f1datawarehouse/lib/python3.9/site-packages/airflow/example_dags/example_sensor_decorator.py
[2024-02-24T16:24:53.052-0600] {logging_mixin.py:188} INFO - [2024-02-24T16:24:53.051-0600] {dag.py:3036} INFO - Sync 1 DAGs
[2024-02-24T16:24:53.056-0600] {logging_mixin.py:188} INFO - [2024-02-24T16:24:53.055-0600] {dag.py:3823} INFO - Setting next_dagrun for example_sensor_decorator to None, run_after=None
[2024-02-24T16:24:53.064-0600] {processor.py:183} INFO - Processing /Users/vamseekrishna/Desktop/F1_Data_Warehouse/f1datawarehouse/lib/python3.9/site-packages/airflow/example_dags/example_sensor_decorator.py took 0.135 seconds
[2024-02-24T16:26:55.770-0600] {processor.py:161} INFO - Started process (PID=90334) to work on /Users/vamseekrishna/Desktop/F1_Data_Warehouse/f1datawarehouse/lib/python3.9/site-packages/airflow/example_dags/example_sensor_decorator.py
[2024-02-24T16:26:55.772-0600] {processor.py:830} INFO - Processing file /Users/vamseekrishna/Desktop/F1_Data_Warehouse/f1datawarehouse/lib/python3.9/site-packages/airflow/example_dags/example_sensor_decorator.py for tasks to queue
[2024-02-24T16:26:55.772-0600] {logging_mixin.py:188} INFO - [2024-02-24T16:26:55.772-0600] {dagbag.py:538} INFO - Filling up the DagBag from /Users/vamseekrishna/Desktop/F1_Data_Warehouse/f1datawarehouse/lib/python3.9/site-packages/airflow/example_dags/example_sensor_decorator.py
[2024-02-24T16:26:55.814-0600] {processor.py:840} INFO - DAG(s) 'example_sensor_decorator' retrieved from /Users/vamseekrishna/Desktop/F1_Data_Warehouse/f1datawarehouse/lib/python3.9/site-packages/airflow/example_dags/example_sensor_decorator.py
[2024-02-24T16:26:55.865-0600] {logging_mixin.py:188} INFO - [2024-02-24T16:26:55.865-0600] {dag.py:3036} INFO - Sync 1 DAGs
[2024-02-24T16:26:55.869-0600] {logging_mixin.py:188} INFO - [2024-02-24T16:26:55.869-0600] {dag.py:3823} INFO - Setting next_dagrun for example_sensor_decorator to None, run_after=None
[2024-02-24T16:26:55.877-0600] {processor.py:183} INFO - Processing /Users/vamseekrishna/Desktop/F1_Data_Warehouse/f1datawarehouse/lib/python3.9/site-packages/airflow/example_dags/example_sensor_decorator.py took 0.108 seconds
[2024-02-24T16:28:57.263-0600] {processor.py:161} INFO - Started process (PID=90485) to work on /Users/vamseekrishna/Desktop/F1_Data_Warehouse/f1datawarehouse/lib/python3.9/site-packages/airflow/example_dags/example_sensor_decorator.py
[2024-02-24T16:28:57.264-0600] {processor.py:830} INFO - Processing file /Users/vamseekrishna/Desktop/F1_Data_Warehouse/f1datawarehouse/lib/python3.9/site-packages/airflow/example_dags/example_sensor_decorator.py for tasks to queue
[2024-02-24T16:28:57.265-0600] {logging_mixin.py:188} INFO - [2024-02-24T16:28:57.265-0600] {dagbag.py:538} INFO - Filling up the DagBag from /Users/vamseekrishna/Desktop/F1_Data_Warehouse/f1datawarehouse/lib/python3.9/site-packages/airflow/example_dags/example_sensor_decorator.py
[2024-02-24T16:28:57.307-0600] {processor.py:840} INFO - DAG(s) 'example_sensor_decorator' retrieved from /Users/vamseekrishna/Desktop/F1_Data_Warehouse/f1datawarehouse/lib/python3.9/site-packages/airflow/example_dags/example_sensor_decorator.py
[2024-02-24T16:28:57.359-0600] {logging_mixin.py:188} INFO - [2024-02-24T16:28:57.359-0600] {dag.py:3036} INFO - Sync 1 DAGs
[2024-02-24T16:28:57.363-0600] {logging_mixin.py:188} INFO - [2024-02-24T16:28:57.363-0600] {dag.py:3823} INFO - Setting next_dagrun for example_sensor_decorator to None, run_after=None
[2024-02-24T16:28:57.370-0600] {processor.py:183} INFO - Processing /Users/vamseekrishna/Desktop/F1_Data_Warehouse/f1datawarehouse/lib/python3.9/site-packages/airflow/example_dags/example_sensor_decorator.py took 0.109 seconds
[2024-02-24T16:30:58.490-0600] {processor.py:161} INFO - Started process (PID=90607) to work on /Users/vamseekrishna/Desktop/F1_Data_Warehouse/f1datawarehouse/lib/python3.9/site-packages/airflow/example_dags/example_sensor_decorator.py
[2024-02-24T16:30:58.493-0600] {processor.py:830} INFO - Processing file /Users/vamseekrishna/Desktop/F1_Data_Warehouse/f1datawarehouse/lib/python3.9/site-packages/airflow/example_dags/example_sensor_decorator.py for tasks to queue
[2024-02-24T16:30:58.494-0600] {logging_mixin.py:188} INFO - [2024-02-24T16:30:58.494-0600] {dagbag.py:538} INFO - Filling up the DagBag from /Users/vamseekrishna/Desktop/F1_Data_Warehouse/f1datawarehouse/lib/python3.9/site-packages/airflow/example_dags/example_sensor_decorator.py
[2024-02-24T16:30:58.544-0600] {processor.py:840} INFO - DAG(s) 'example_sensor_decorator' retrieved from /Users/vamseekrishna/Desktop/F1_Data_Warehouse/f1datawarehouse/lib/python3.9/site-packages/airflow/example_dags/example_sensor_decorator.py
[2024-02-24T16:30:58.596-0600] {logging_mixin.py:188} INFO - [2024-02-24T16:30:58.596-0600] {dag.py:3036} INFO - Sync 1 DAGs
[2024-02-24T16:30:58.600-0600] {logging_mixin.py:188} INFO - [2024-02-24T16:30:58.600-0600] {dag.py:3823} INFO - Setting next_dagrun for example_sensor_decorator to None, run_after=None
[2024-02-24T16:30:58.608-0600] {processor.py:183} INFO - Processing /Users/vamseekrishna/Desktop/F1_Data_Warehouse/f1datawarehouse/lib/python3.9/site-packages/airflow/example_dags/example_sensor_decorator.py took 0.118 seconds
[2024-02-24T16:33:09.508-0600] {processor.py:161} INFO - Started process (PID=90818) to work on /Users/vamseekrishna/Desktop/F1_Data_Warehouse/f1datawarehouse/lib/python3.9/site-packages/airflow/example_dags/example_sensor_decorator.py
[2024-02-24T16:33:09.510-0600] {processor.py:830} INFO - Processing file /Users/vamseekrishna/Desktop/F1_Data_Warehouse/f1datawarehouse/lib/python3.9/site-packages/airflow/example_dags/example_sensor_decorator.py for tasks to queue
[2024-02-24T16:33:09.510-0600] {logging_mixin.py:188} INFO - [2024-02-24T16:33:09.510-0600] {dagbag.py:538} INFO - Filling up the DagBag from /Users/vamseekrishna/Desktop/F1_Data_Warehouse/f1datawarehouse/lib/python3.9/site-packages/airflow/example_dags/example_sensor_decorator.py
[2024-02-24T16:33:09.551-0600] {processor.py:840} INFO - DAG(s) 'example_sensor_decorator' retrieved from /Users/vamseekrishna/Desktop/F1_Data_Warehouse/f1datawarehouse/lib/python3.9/site-packages/airflow/example_dags/example_sensor_decorator.py
[2024-02-24T16:33:09.602-0600] {logging_mixin.py:188} INFO - [2024-02-24T16:33:09.602-0600] {dag.py:3036} INFO - Sync 1 DAGs
[2024-02-24T16:33:09.606-0600] {logging_mixin.py:188} INFO - [2024-02-24T16:33:09.606-0600] {dag.py:3823} INFO - Setting next_dagrun for example_sensor_decorator to None, run_after=None
[2024-02-24T16:33:09.613-0600] {processor.py:183} INFO - Processing /Users/vamseekrishna/Desktop/F1_Data_Warehouse/f1datawarehouse/lib/python3.9/site-packages/airflow/example_dags/example_sensor_decorator.py took 0.106 seconds
[2024-02-24T16:35:17.360-0600] {processor.py:161} INFO - Started process (PID=90992) to work on /Users/vamseekrishna/Desktop/F1_Data_Warehouse/f1datawarehouse/lib/python3.9/site-packages/airflow/example_dags/example_sensor_decorator.py
[2024-02-24T16:35:17.361-0600] {processor.py:830} INFO - Processing file /Users/vamseekrishna/Desktop/F1_Data_Warehouse/f1datawarehouse/lib/python3.9/site-packages/airflow/example_dags/example_sensor_decorator.py for tasks to queue
[2024-02-24T16:35:17.362-0600] {logging_mixin.py:188} INFO - [2024-02-24T16:35:17.362-0600] {dagbag.py:538} INFO - Filling up the DagBag from /Users/vamseekrishna/Desktop/F1_Data_Warehouse/f1datawarehouse/lib/python3.9/site-packages/airflow/example_dags/example_sensor_decorator.py
[2024-02-24T16:35:17.403-0600] {processor.py:840} INFO - DAG(s) 'example_sensor_decorator' retrieved from /Users/vamseekrishna/Desktop/F1_Data_Warehouse/f1datawarehouse/lib/python3.9/site-packages/airflow/example_dags/example_sensor_decorator.py
[2024-02-24T16:35:17.454-0600] {logging_mixin.py:188} INFO - [2024-02-24T16:35:17.453-0600] {dag.py:3036} INFO - Sync 1 DAGs
[2024-02-24T16:35:17.457-0600] {logging_mixin.py:188} INFO - [2024-02-24T16:35:17.457-0600] {dag.py:3823} INFO - Setting next_dagrun for example_sensor_decorator to None, run_after=None
[2024-02-24T16:35:17.465-0600] {processor.py:183} INFO - Processing /Users/vamseekrishna/Desktop/F1_Data_Warehouse/f1datawarehouse/lib/python3.9/site-packages/airflow/example_dags/example_sensor_decorator.py took 0.106 seconds
[2024-02-24T16:37:19.092-0600] {processor.py:161} INFO - Started process (PID=91128) to work on /Users/vamseekrishna/Desktop/F1_Data_Warehouse/f1datawarehouse/lib/python3.9/site-packages/airflow/example_dags/example_sensor_decorator.py
[2024-02-24T16:37:19.093-0600] {processor.py:830} INFO - Processing file /Users/vamseekrishna/Desktop/F1_Data_Warehouse/f1datawarehouse/lib/python3.9/site-packages/airflow/example_dags/example_sensor_decorator.py for tasks to queue
[2024-02-24T16:37:19.094-0600] {logging_mixin.py:188} INFO - [2024-02-24T16:37:19.094-0600] {dagbag.py:538} INFO - Filling up the DagBag from /Users/vamseekrishna/Desktop/F1_Data_Warehouse/f1datawarehouse/lib/python3.9/site-packages/airflow/example_dags/example_sensor_decorator.py
[2024-02-24T16:37:19.133-0600] {processor.py:840} INFO - DAG(s) 'example_sensor_decorator' retrieved from /Users/vamseekrishna/Desktop/F1_Data_Warehouse/f1datawarehouse/lib/python3.9/site-packages/airflow/example_dags/example_sensor_decorator.py
[2024-02-24T16:37:19.185-0600] {logging_mixin.py:188} INFO - [2024-02-24T16:37:19.185-0600] {dag.py:3036} INFO - Sync 1 DAGs
[2024-02-24T16:37:19.189-0600] {logging_mixin.py:188} INFO - [2024-02-24T16:37:19.189-0600] {dag.py:3823} INFO - Setting next_dagrun for example_sensor_decorator to None, run_after=None
[2024-02-24T16:37:19.197-0600] {processor.py:183} INFO - Processing /Users/vamseekrishna/Desktop/F1_Data_Warehouse/f1datawarehouse/lib/python3.9/site-packages/airflow/example_dags/example_sensor_decorator.py took 0.106 seconds
[2024-02-24T16:39:21.623-0600] {processor.py:161} INFO - Started process (PID=91288) to work on /Users/vamseekrishna/Desktop/F1_Data_Warehouse/f1datawarehouse/lib/python3.9/site-packages/airflow/example_dags/example_sensor_decorator.py
[2024-02-24T16:39:21.625-0600] {processor.py:830} INFO - Processing file /Users/vamseekrishna/Desktop/F1_Data_Warehouse/f1datawarehouse/lib/python3.9/site-packages/airflow/example_dags/example_sensor_decorator.py for tasks to queue
[2024-02-24T16:39:21.625-0600] {logging_mixin.py:188} INFO - [2024-02-24T16:39:21.625-0600] {dagbag.py:538} INFO - Filling up the DagBag from /Users/vamseekrishna/Desktop/F1_Data_Warehouse/f1datawarehouse/lib/python3.9/site-packages/airflow/example_dags/example_sensor_decorator.py
[2024-02-24T16:39:21.666-0600] {processor.py:840} INFO - DAG(s) 'example_sensor_decorator' retrieved from /Users/vamseekrishna/Desktop/F1_Data_Warehouse/f1datawarehouse/lib/python3.9/site-packages/airflow/example_dags/example_sensor_decorator.py
[2024-02-24T16:39:21.717-0600] {logging_mixin.py:188} INFO - [2024-02-24T16:39:21.717-0600] {dag.py:3036} INFO - Sync 1 DAGs
[2024-02-24T16:39:21.721-0600] {logging_mixin.py:188} INFO - [2024-02-24T16:39:21.721-0600] {dag.py:3823} INFO - Setting next_dagrun for example_sensor_decorator to None, run_after=None
[2024-02-24T16:39:21.728-0600] {processor.py:183} INFO - Processing /Users/vamseekrishna/Desktop/F1_Data_Warehouse/f1datawarehouse/lib/python3.9/site-packages/airflow/example_dags/example_sensor_decorator.py took 0.106 seconds
[2024-02-24T16:41:19.820-0600] {processor.py:161} INFO - Started process (PID=91417) to work on /Users/vamseekrishna/Desktop/F1_Data_Warehouse/f1datawarehouse/lib/python3.9/site-packages/airflow/example_dags/example_sensor_decorator.py
[2024-02-24T16:41:19.822-0600] {processor.py:830} INFO - Processing file /Users/vamseekrishna/Desktop/F1_Data_Warehouse/f1datawarehouse/lib/python3.9/site-packages/airflow/example_dags/example_sensor_decorator.py for tasks to queue
[2024-02-24T16:41:19.823-0600] {logging_mixin.py:188} INFO - [2024-02-24T16:41:19.823-0600] {dagbag.py:538} INFO - Filling up the DagBag from /Users/vamseekrishna/Desktop/F1_Data_Warehouse/f1datawarehouse/lib/python3.9/site-packages/airflow/example_dags/example_sensor_decorator.py
[2024-02-24T16:41:19.861-0600] {processor.py:840} INFO - DAG(s) 'example_sensor_decorator' retrieved from /Users/vamseekrishna/Desktop/F1_Data_Warehouse/f1datawarehouse/lib/python3.9/site-packages/airflow/example_dags/example_sensor_decorator.py
[2024-02-24T16:41:19.910-0600] {logging_mixin.py:188} INFO - [2024-02-24T16:41:19.910-0600] {dag.py:3036} INFO - Sync 1 DAGs
[2024-02-24T16:41:19.914-0600] {logging_mixin.py:188} INFO - [2024-02-24T16:41:19.914-0600] {dag.py:3823} INFO - Setting next_dagrun for example_sensor_decorator to None, run_after=None
[2024-02-24T16:41:19.921-0600] {processor.py:183} INFO - Processing /Users/vamseekrishna/Desktop/F1_Data_Warehouse/f1datawarehouse/lib/python3.9/site-packages/airflow/example_dags/example_sensor_decorator.py took 0.102 seconds
[2024-02-24T16:43:20.387-0600] {processor.py:161} INFO - Started process (PID=91641) to work on /Users/vamseekrishna/Desktop/F1_Data_Warehouse/f1datawarehouse/lib/python3.9/site-packages/airflow/example_dags/example_sensor_decorator.py
[2024-02-24T16:43:20.389-0600] {processor.py:830} INFO - Processing file /Users/vamseekrishna/Desktop/F1_Data_Warehouse/f1datawarehouse/lib/python3.9/site-packages/airflow/example_dags/example_sensor_decorator.py for tasks to queue
[2024-02-24T16:43:20.389-0600] {logging_mixin.py:188} INFO - [2024-02-24T16:43:20.389-0600] {dagbag.py:538} INFO - Filling up the DagBag from /Users/vamseekrishna/Desktop/F1_Data_Warehouse/f1datawarehouse/lib/python3.9/site-packages/airflow/example_dags/example_sensor_decorator.py
[2024-02-24T16:43:20.428-0600] {processor.py:840} INFO - DAG(s) 'example_sensor_decorator' retrieved from /Users/vamseekrishna/Desktop/F1_Data_Warehouse/f1datawarehouse/lib/python3.9/site-packages/airflow/example_dags/example_sensor_decorator.py
[2024-02-24T16:43:20.478-0600] {logging_mixin.py:188} INFO - [2024-02-24T16:43:20.478-0600] {dag.py:3036} INFO - Sync 1 DAGs
[2024-02-24T16:43:20.482-0600] {logging_mixin.py:188} INFO - [2024-02-24T16:43:20.482-0600] {dag.py:3823} INFO - Setting next_dagrun for example_sensor_decorator to None, run_after=None
[2024-02-24T16:43:20.490-0600] {processor.py:183} INFO - Processing /Users/vamseekrishna/Desktop/F1_Data_Warehouse/f1datawarehouse/lib/python3.9/site-packages/airflow/example_dags/example_sensor_decorator.py took 0.103 seconds
[2024-02-24T16:45:25.393-0600] {processor.py:161} INFO - Started process (PID=91840) to work on /Users/vamseekrishna/Desktop/F1_Data_Warehouse/f1datawarehouse/lib/python3.9/site-packages/airflow/example_dags/example_sensor_decorator.py
[2024-02-24T16:45:25.395-0600] {processor.py:830} INFO - Processing file /Users/vamseekrishna/Desktop/F1_Data_Warehouse/f1datawarehouse/lib/python3.9/site-packages/airflow/example_dags/example_sensor_decorator.py for tasks to queue
[2024-02-24T16:45:25.396-0600] {logging_mixin.py:188} INFO - [2024-02-24T16:45:25.395-0600] {dagbag.py:538} INFO - Filling up the DagBag from /Users/vamseekrishna/Desktop/F1_Data_Warehouse/f1datawarehouse/lib/python3.9/site-packages/airflow/example_dags/example_sensor_decorator.py
[2024-02-24T16:45:25.435-0600] {processor.py:840} INFO - DAG(s) 'example_sensor_decorator' retrieved from /Users/vamseekrishna/Desktop/F1_Data_Warehouse/f1datawarehouse/lib/python3.9/site-packages/airflow/example_dags/example_sensor_decorator.py
[2024-02-24T16:45:25.486-0600] {logging_mixin.py:188} INFO - [2024-02-24T16:45:25.486-0600] {dag.py:3036} INFO - Sync 1 DAGs
[2024-02-24T16:45:25.490-0600] {logging_mixin.py:188} INFO - [2024-02-24T16:45:25.490-0600] {dag.py:3823} INFO - Setting next_dagrun for example_sensor_decorator to None, run_after=None
[2024-02-24T16:45:25.498-0600] {processor.py:183} INFO - Processing /Users/vamseekrishna/Desktop/F1_Data_Warehouse/f1datawarehouse/lib/python3.9/site-packages/airflow/example_dags/example_sensor_decorator.py took 0.105 seconds
[2024-02-24T16:47:23.079-0600] {processor.py:161} INFO - Started process (PID=92004) to work on /Users/vamseekrishna/Desktop/F1_Data_Warehouse/f1datawarehouse/lib/python3.9/site-packages/airflow/example_dags/example_sensor_decorator.py
[2024-02-24T16:47:23.081-0600] {processor.py:830} INFO - Processing file /Users/vamseekrishna/Desktop/F1_Data_Warehouse/f1datawarehouse/lib/python3.9/site-packages/airflow/example_dags/example_sensor_decorator.py for tasks to queue
[2024-02-24T16:47:23.082-0600] {logging_mixin.py:188} INFO - [2024-02-24T16:47:23.081-0600] {dagbag.py:538} INFO - Filling up the DagBag from /Users/vamseekrishna/Desktop/F1_Data_Warehouse/f1datawarehouse/lib/python3.9/site-packages/airflow/example_dags/example_sensor_decorator.py
[2024-02-24T16:47:23.125-0600] {processor.py:840} INFO - DAG(s) 'example_sensor_decorator' retrieved from /Users/vamseekrishna/Desktop/F1_Data_Warehouse/f1datawarehouse/lib/python3.9/site-packages/airflow/example_dags/example_sensor_decorator.py
[2024-02-24T16:47:23.176-0600] {logging_mixin.py:188} INFO - [2024-02-24T16:47:23.176-0600] {dag.py:3036} INFO - Sync 1 DAGs
[2024-02-24T16:47:23.180-0600] {logging_mixin.py:188} INFO - [2024-02-24T16:47:23.180-0600] {dag.py:3823} INFO - Setting next_dagrun for example_sensor_decorator to None, run_after=None
[2024-02-24T16:47:23.187-0600] {processor.py:183} INFO - Processing /Users/vamseekrishna/Desktop/F1_Data_Warehouse/f1datawarehouse/lib/python3.9/site-packages/airflow/example_dags/example_sensor_decorator.py took 0.109 seconds
[2024-02-24T16:49:26.171-0600] {processor.py:161} INFO - Started process (PID=92203) to work on /Users/vamseekrishna/Desktop/F1_Data_Warehouse/f1datawarehouse/lib/python3.9/site-packages/airflow/example_dags/example_sensor_decorator.py
[2024-02-24T16:49:26.173-0600] {processor.py:830} INFO - Processing file /Users/vamseekrishna/Desktop/F1_Data_Warehouse/f1datawarehouse/lib/python3.9/site-packages/airflow/example_dags/example_sensor_decorator.py for tasks to queue
[2024-02-24T16:49:26.174-0600] {logging_mixin.py:188} INFO - [2024-02-24T16:49:26.174-0600] {dagbag.py:538} INFO - Filling up the DagBag from /Users/vamseekrishna/Desktop/F1_Data_Warehouse/f1datawarehouse/lib/python3.9/site-packages/airflow/example_dags/example_sensor_decorator.py
[2024-02-24T16:49:26.218-0600] {processor.py:840} INFO - DAG(s) 'example_sensor_decorator' retrieved from /Users/vamseekrishna/Desktop/F1_Data_Warehouse/f1datawarehouse/lib/python3.9/site-packages/airflow/example_dags/example_sensor_decorator.py
[2024-02-24T16:49:26.269-0600] {logging_mixin.py:188} INFO - [2024-02-24T16:49:26.269-0600] {dag.py:3036} INFO - Sync 1 DAGs
[2024-02-24T16:49:26.272-0600] {logging_mixin.py:188} INFO - [2024-02-24T16:49:26.272-0600] {dag.py:3823} INFO - Setting next_dagrun for example_sensor_decorator to None, run_after=None
[2024-02-24T16:49:26.280-0600] {processor.py:183} INFO - Processing /Users/vamseekrishna/Desktop/F1_Data_Warehouse/f1datawarehouse/lib/python3.9/site-packages/airflow/example_dags/example_sensor_decorator.py took 0.109 seconds
[2024-02-24T16:51:33.205-0600] {processor.py:161} INFO - Started process (PID=92385) to work on /Users/vamseekrishna/Desktop/F1_Data_Warehouse/f1datawarehouse/lib/python3.9/site-packages/airflow/example_dags/example_sensor_decorator.py
[2024-02-24T16:51:33.207-0600] {processor.py:830} INFO - Processing file /Users/vamseekrishna/Desktop/F1_Data_Warehouse/f1datawarehouse/lib/python3.9/site-packages/airflow/example_dags/example_sensor_decorator.py for tasks to queue
[2024-02-24T16:51:33.207-0600] {logging_mixin.py:188} INFO - [2024-02-24T16:51:33.207-0600] {dagbag.py:538} INFO - Filling up the DagBag from /Users/vamseekrishna/Desktop/F1_Data_Warehouse/f1datawarehouse/lib/python3.9/site-packages/airflow/example_dags/example_sensor_decorator.py
[2024-02-24T16:51:33.250-0600] {processor.py:840} INFO - DAG(s) 'example_sensor_decorator' retrieved from /Users/vamseekrishna/Desktop/F1_Data_Warehouse/f1datawarehouse/lib/python3.9/site-packages/airflow/example_dags/example_sensor_decorator.py
[2024-02-24T16:51:33.308-0600] {logging_mixin.py:188} INFO - [2024-02-24T16:51:33.308-0600] {dag.py:3036} INFO - Sync 1 DAGs
[2024-02-24T16:51:33.315-0600] {logging_mixin.py:188} INFO - [2024-02-24T16:51:33.314-0600] {dag.py:3823} INFO - Setting next_dagrun for example_sensor_decorator to None, run_after=None
[2024-02-24T16:51:33.326-0600] {processor.py:183} INFO - Processing /Users/vamseekrishna/Desktop/F1_Data_Warehouse/f1datawarehouse/lib/python3.9/site-packages/airflow/example_dags/example_sensor_decorator.py took 0.121 seconds
[2024-02-24T16:53:37.205-0600] {processor.py:161} INFO - Started process (PID=92579) to work on /Users/vamseekrishna/Desktop/F1_Data_Warehouse/f1datawarehouse/lib/python3.9/site-packages/airflow/example_dags/example_sensor_decorator.py
[2024-02-24T16:53:37.207-0600] {processor.py:830} INFO - Processing file /Users/vamseekrishna/Desktop/F1_Data_Warehouse/f1datawarehouse/lib/python3.9/site-packages/airflow/example_dags/example_sensor_decorator.py for tasks to queue
[2024-02-24T16:53:37.207-0600] {logging_mixin.py:188} INFO - [2024-02-24T16:53:37.207-0600] {dagbag.py:538} INFO - Filling up the DagBag from /Users/vamseekrishna/Desktop/F1_Data_Warehouse/f1datawarehouse/lib/python3.9/site-packages/airflow/example_dags/example_sensor_decorator.py
[2024-02-24T16:53:37.248-0600] {processor.py:840} INFO - DAG(s) 'example_sensor_decorator' retrieved from /Users/vamseekrishna/Desktop/F1_Data_Warehouse/f1datawarehouse/lib/python3.9/site-packages/airflow/example_dags/example_sensor_decorator.py
[2024-02-24T16:53:37.300-0600] {logging_mixin.py:188} INFO - [2024-02-24T16:53:37.299-0600] {dag.py:3036} INFO - Sync 1 DAGs
[2024-02-24T16:53:37.303-0600] {logging_mixin.py:188} INFO - [2024-02-24T16:53:37.303-0600] {dag.py:3823} INFO - Setting next_dagrun for example_sensor_decorator to None, run_after=None
[2024-02-24T16:53:37.311-0600] {processor.py:183} INFO - Processing /Users/vamseekrishna/Desktop/F1_Data_Warehouse/f1datawarehouse/lib/python3.9/site-packages/airflow/example_dags/example_sensor_decorator.py took 0.106 seconds
[2024-02-24T16:55:47.585-0600] {processor.py:161} INFO - Started process (PID=92716) to work on /Users/vamseekrishna/Desktop/F1_Data_Warehouse/f1datawarehouse/lib/python3.9/site-packages/airflow/example_dags/example_sensor_decorator.py
[2024-02-24T16:55:47.587-0600] {processor.py:830} INFO - Processing file /Users/vamseekrishna/Desktop/F1_Data_Warehouse/f1datawarehouse/lib/python3.9/site-packages/airflow/example_dags/example_sensor_decorator.py for tasks to queue
[2024-02-24T16:55:47.587-0600] {logging_mixin.py:188} INFO - [2024-02-24T16:55:47.587-0600] {dagbag.py:538} INFO - Filling up the DagBag from /Users/vamseekrishna/Desktop/F1_Data_Warehouse/f1datawarehouse/lib/python3.9/site-packages/airflow/example_dags/example_sensor_decorator.py
[2024-02-24T16:55:47.629-0600] {processor.py:840} INFO - DAG(s) 'example_sensor_decorator' retrieved from /Users/vamseekrishna/Desktop/F1_Data_Warehouse/f1datawarehouse/lib/python3.9/site-packages/airflow/example_dags/example_sensor_decorator.py
[2024-02-24T16:55:47.679-0600] {logging_mixin.py:188} INFO - [2024-02-24T16:55:47.679-0600] {dag.py:3036} INFO - Sync 1 DAGs
[2024-02-24T16:55:47.683-0600] {logging_mixin.py:188} INFO - [2024-02-24T16:55:47.683-0600] {dag.py:3823} INFO - Setting next_dagrun for example_sensor_decorator to None, run_after=None
[2024-02-24T16:55:47.690-0600] {processor.py:183} INFO - Processing /Users/vamseekrishna/Desktop/F1_Data_Warehouse/f1datawarehouse/lib/python3.9/site-packages/airflow/example_dags/example_sensor_decorator.py took 0.106 seconds
[2024-02-24T16:57:49.582-0600] {processor.py:161} INFO - Started process (PID=92884) to work on /Users/vamseekrishna/Desktop/F1_Data_Warehouse/f1datawarehouse/lib/python3.9/site-packages/airflow/example_dags/example_sensor_decorator.py
[2024-02-24T16:57:49.584-0600] {processor.py:830} INFO - Processing file /Users/vamseekrishna/Desktop/F1_Data_Warehouse/f1datawarehouse/lib/python3.9/site-packages/airflow/example_dags/example_sensor_decorator.py for tasks to queue
[2024-02-24T16:57:49.585-0600] {logging_mixin.py:188} INFO - [2024-02-24T16:57:49.585-0600] {dagbag.py:538} INFO - Filling up the DagBag from /Users/vamseekrishna/Desktop/F1_Data_Warehouse/f1datawarehouse/lib/python3.9/site-packages/airflow/example_dags/example_sensor_decorator.py
[2024-02-24T16:57:49.635-0600] {processor.py:840} INFO - DAG(s) 'example_sensor_decorator' retrieved from /Users/vamseekrishna/Desktop/F1_Data_Warehouse/f1datawarehouse/lib/python3.9/site-packages/airflow/example_dags/example_sensor_decorator.py
[2024-02-24T16:57:49.687-0600] {logging_mixin.py:188} INFO - [2024-02-24T16:57:49.687-0600] {dag.py:3036} INFO - Sync 1 DAGs
[2024-02-24T16:57:49.691-0600] {logging_mixin.py:188} INFO - [2024-02-24T16:57:49.691-0600] {dag.py:3823} INFO - Setting next_dagrun for example_sensor_decorator to None, run_after=None
[2024-02-24T16:57:49.699-0600] {processor.py:183} INFO - Processing /Users/vamseekrishna/Desktop/F1_Data_Warehouse/f1datawarehouse/lib/python3.9/site-packages/airflow/example_dags/example_sensor_decorator.py took 0.118 seconds
[2024-02-24T16:59:48.715-0600] {processor.py:161} INFO - Started process (PID=93046) to work on /Users/vamseekrishna/Desktop/F1_Data_Warehouse/f1datawarehouse/lib/python3.9/site-packages/airflow/example_dags/example_sensor_decorator.py
[2024-02-24T16:59:48.717-0600] {processor.py:830} INFO - Processing file /Users/vamseekrishna/Desktop/F1_Data_Warehouse/f1datawarehouse/lib/python3.9/site-packages/airflow/example_dags/example_sensor_decorator.py for tasks to queue
[2024-02-24T16:59:48.717-0600] {logging_mixin.py:188} INFO - [2024-02-24T16:59:48.717-0600] {dagbag.py:538} INFO - Filling up the DagBag from /Users/vamseekrishna/Desktop/F1_Data_Warehouse/f1datawarehouse/lib/python3.9/site-packages/airflow/example_dags/example_sensor_decorator.py
[2024-02-24T16:59:48.760-0600] {processor.py:840} INFO - DAG(s) 'example_sensor_decorator' retrieved from /Users/vamseekrishna/Desktop/F1_Data_Warehouse/f1datawarehouse/lib/python3.9/site-packages/airflow/example_dags/example_sensor_decorator.py
[2024-02-24T16:59:48.857-0600] {logging_mixin.py:188} INFO - [2024-02-24T16:59:48.856-0600] {dag.py:3036} INFO - Sync 1 DAGs
[2024-02-24T16:59:48.863-0600] {logging_mixin.py:188} INFO - [2024-02-24T16:59:48.863-0600] {dag.py:3823} INFO - Setting next_dagrun for example_sensor_decorator to None, run_after=None
[2024-02-24T16:59:48.873-0600] {processor.py:183} INFO - Processing /Users/vamseekrishna/Desktop/F1_Data_Warehouse/f1datawarehouse/lib/python3.9/site-packages/airflow/example_dags/example_sensor_decorator.py took 0.159 seconds
[2024-02-24T17:01:55.615-0600] {processor.py:161} INFO - Started process (PID=93247) to work on /Users/vamseekrishna/Desktop/F1_Data_Warehouse/f1datawarehouse/lib/python3.9/site-packages/airflow/example_dags/example_sensor_decorator.py
[2024-02-24T17:01:55.616-0600] {processor.py:830} INFO - Processing file /Users/vamseekrishna/Desktop/F1_Data_Warehouse/f1datawarehouse/lib/python3.9/site-packages/airflow/example_dags/example_sensor_decorator.py for tasks to queue
[2024-02-24T17:01:55.616-0600] {logging_mixin.py:188} INFO - [2024-02-24T17:01:55.616-0600] {dagbag.py:538} INFO - Filling up the DagBag from /Users/vamseekrishna/Desktop/F1_Data_Warehouse/f1datawarehouse/lib/python3.9/site-packages/airflow/example_dags/example_sensor_decorator.py
[2024-02-24T17:01:55.655-0600] {processor.py:840} INFO - DAG(s) 'example_sensor_decorator' retrieved from /Users/vamseekrishna/Desktop/F1_Data_Warehouse/f1datawarehouse/lib/python3.9/site-packages/airflow/example_dags/example_sensor_decorator.py
[2024-02-24T17:01:55.707-0600] {logging_mixin.py:188} INFO - [2024-02-24T17:01:55.706-0600] {dag.py:3036} INFO - Sync 1 DAGs
[2024-02-24T17:01:55.710-0600] {logging_mixin.py:188} INFO - [2024-02-24T17:01:55.710-0600] {dag.py:3823} INFO - Setting next_dagrun for example_sensor_decorator to None, run_after=None
[2024-02-24T17:01:55.718-0600] {processor.py:183} INFO - Processing /Users/vamseekrishna/Desktop/F1_Data_Warehouse/f1datawarehouse/lib/python3.9/site-packages/airflow/example_dags/example_sensor_decorator.py took 0.104 seconds
[2024-02-24T17:03:49.420-0600] {processor.py:161} INFO - Started process (PID=93381) to work on /Users/vamseekrishna/Desktop/F1_Data_Warehouse/f1datawarehouse/lib/python3.9/site-packages/airflow/example_dags/example_sensor_decorator.py
[2024-02-24T17:03:49.422-0600] {processor.py:830} INFO - Processing file /Users/vamseekrishna/Desktop/F1_Data_Warehouse/f1datawarehouse/lib/python3.9/site-packages/airflow/example_dags/example_sensor_decorator.py for tasks to queue
[2024-02-24T17:03:49.422-0600] {logging_mixin.py:188} INFO - [2024-02-24T17:03:49.422-0600] {dagbag.py:538} INFO - Filling up the DagBag from /Users/vamseekrishna/Desktop/F1_Data_Warehouse/f1datawarehouse/lib/python3.9/site-packages/airflow/example_dags/example_sensor_decorator.py
[2024-02-24T17:03:49.468-0600] {processor.py:840} INFO - DAG(s) 'example_sensor_decorator' retrieved from /Users/vamseekrishna/Desktop/F1_Data_Warehouse/f1datawarehouse/lib/python3.9/site-packages/airflow/example_dags/example_sensor_decorator.py
[2024-02-24T17:03:49.522-0600] {logging_mixin.py:188} INFO - [2024-02-24T17:03:49.522-0600] {dag.py:3036} INFO - Sync 1 DAGs
[2024-02-24T17:03:49.526-0600] {logging_mixin.py:188} INFO - [2024-02-24T17:03:49.526-0600] {dag.py:3823} INFO - Setting next_dagrun for example_sensor_decorator to None, run_after=None
[2024-02-24T17:03:49.534-0600] {processor.py:183} INFO - Processing /Users/vamseekrishna/Desktop/F1_Data_Warehouse/f1datawarehouse/lib/python3.9/site-packages/airflow/example_dags/example_sensor_decorator.py took 0.114 seconds
[2024-02-24T17:05:58.781-0600] {processor.py:161} INFO - Started process (PID=93525) to work on /Users/vamseekrishna/Desktop/F1_Data_Warehouse/f1datawarehouse/lib/python3.9/site-packages/airflow/example_dags/example_sensor_decorator.py
[2024-02-24T17:05:58.783-0600] {processor.py:830} INFO - Processing file /Users/vamseekrishna/Desktop/F1_Data_Warehouse/f1datawarehouse/lib/python3.9/site-packages/airflow/example_dags/example_sensor_decorator.py for tasks to queue
[2024-02-24T17:05:58.784-0600] {logging_mixin.py:188} INFO - [2024-02-24T17:05:58.783-0600] {dagbag.py:538} INFO - Filling up the DagBag from /Users/vamseekrishna/Desktop/F1_Data_Warehouse/f1datawarehouse/lib/python3.9/site-packages/airflow/example_dags/example_sensor_decorator.py
[2024-02-24T17:05:58.827-0600] {processor.py:840} INFO - DAG(s) 'example_sensor_decorator' retrieved from /Users/vamseekrishna/Desktop/F1_Data_Warehouse/f1datawarehouse/lib/python3.9/site-packages/airflow/example_dags/example_sensor_decorator.py
[2024-02-24T17:05:58.880-0600] {logging_mixin.py:188} INFO - [2024-02-24T17:05:58.880-0600] {dag.py:3036} INFO - Sync 1 DAGs
[2024-02-24T17:05:58.884-0600] {logging_mixin.py:188} INFO - [2024-02-24T17:05:58.884-0600] {dag.py:3823} INFO - Setting next_dagrun for example_sensor_decorator to None, run_after=None
[2024-02-24T17:05:58.892-0600] {processor.py:183} INFO - Processing /Users/vamseekrishna/Desktop/F1_Data_Warehouse/f1datawarehouse/lib/python3.9/site-packages/airflow/example_dags/example_sensor_decorator.py took 0.111 seconds
[2024-02-24T17:07:58.519-0600] {processor.py:161} INFO - Started process (PID=93622) to work on /Users/vamseekrishna/Desktop/F1_Data_Warehouse/f1datawarehouse/lib/python3.9/site-packages/airflow/example_dags/example_sensor_decorator.py
[2024-02-24T17:07:58.521-0600] {processor.py:830} INFO - Processing file /Users/vamseekrishna/Desktop/F1_Data_Warehouse/f1datawarehouse/lib/python3.9/site-packages/airflow/example_dags/example_sensor_decorator.py for tasks to queue
[2024-02-24T17:07:58.522-0600] {logging_mixin.py:188} INFO - [2024-02-24T17:07:58.521-0600] {dagbag.py:538} INFO - Filling up the DagBag from /Users/vamseekrishna/Desktop/F1_Data_Warehouse/f1datawarehouse/lib/python3.9/site-packages/airflow/example_dags/example_sensor_decorator.py
[2024-02-24T17:07:58.560-0600] {processor.py:840} INFO - DAG(s) 'example_sensor_decorator' retrieved from /Users/vamseekrishna/Desktop/F1_Data_Warehouse/f1datawarehouse/lib/python3.9/site-packages/airflow/example_dags/example_sensor_decorator.py
[2024-02-24T17:07:58.688-0600] {logging_mixin.py:188} INFO - [2024-02-24T17:07:58.687-0600] {dag.py:3036} INFO - Sync 1 DAGs
[2024-02-24T17:07:58.696-0600] {logging_mixin.py:188} INFO - [2024-02-24T17:07:58.696-0600] {dag.py:3823} INFO - Setting next_dagrun for example_sensor_decorator to None, run_after=None
[2024-02-24T17:07:58.713-0600] {processor.py:183} INFO - Processing /Users/vamseekrishna/Desktop/F1_Data_Warehouse/f1datawarehouse/lib/python3.9/site-packages/airflow/example_dags/example_sensor_decorator.py took 0.194 seconds
[2024-02-24T17:10:05.176-0600] {processor.py:161} INFO - Started process (PID=93734) to work on /Users/vamseekrishna/Desktop/F1_Data_Warehouse/f1datawarehouse/lib/python3.9/site-packages/airflow/example_dags/example_sensor_decorator.py
[2024-02-24T17:10:05.178-0600] {processor.py:830} INFO - Processing file /Users/vamseekrishna/Desktop/F1_Data_Warehouse/f1datawarehouse/lib/python3.9/site-packages/airflow/example_dags/example_sensor_decorator.py for tasks to queue
[2024-02-24T17:10:05.178-0600] {logging_mixin.py:188} INFO - [2024-02-24T17:10:05.178-0600] {dagbag.py:538} INFO - Filling up the DagBag from /Users/vamseekrishna/Desktop/F1_Data_Warehouse/f1datawarehouse/lib/python3.9/site-packages/airflow/example_dags/example_sensor_decorator.py
[2024-02-24T17:10:05.242-0600] {processor.py:840} INFO - DAG(s) 'example_sensor_decorator' retrieved from /Users/vamseekrishna/Desktop/F1_Data_Warehouse/f1datawarehouse/lib/python3.9/site-packages/airflow/example_dags/example_sensor_decorator.py
[2024-02-24T17:10:05.309-0600] {logging_mixin.py:188} INFO - [2024-02-24T17:10:05.308-0600] {dag.py:3036} INFO - Sync 1 DAGs
[2024-02-24T17:10:05.313-0600] {logging_mixin.py:188} INFO - [2024-02-24T17:10:05.312-0600] {dag.py:3823} INFO - Setting next_dagrun for example_sensor_decorator to None, run_after=None
[2024-02-24T17:10:05.325-0600] {processor.py:183} INFO - Processing /Users/vamseekrishna/Desktop/F1_Data_Warehouse/f1datawarehouse/lib/python3.9/site-packages/airflow/example_dags/example_sensor_decorator.py took 0.149 seconds
[2024-02-24T17:12:16.277-0600] {processor.py:161} INFO - Started process (PID=93850) to work on /Users/vamseekrishna/Desktop/F1_Data_Warehouse/f1datawarehouse/lib/python3.9/site-packages/airflow/example_dags/example_sensor_decorator.py
[2024-02-24T17:12:16.278-0600] {processor.py:830} INFO - Processing file /Users/vamseekrishna/Desktop/F1_Data_Warehouse/f1datawarehouse/lib/python3.9/site-packages/airflow/example_dags/example_sensor_decorator.py for tasks to queue
[2024-02-24T17:12:16.278-0600] {logging_mixin.py:188} INFO - [2024-02-24T17:12:16.278-0600] {dagbag.py:538} INFO - Filling up the DagBag from /Users/vamseekrishna/Desktop/F1_Data_Warehouse/f1datawarehouse/lib/python3.9/site-packages/airflow/example_dags/example_sensor_decorator.py
[2024-02-24T17:12:16.318-0600] {processor.py:840} INFO - DAG(s) 'example_sensor_decorator' retrieved from /Users/vamseekrishna/Desktop/F1_Data_Warehouse/f1datawarehouse/lib/python3.9/site-packages/airflow/example_dags/example_sensor_decorator.py
[2024-02-24T17:12:16.371-0600] {logging_mixin.py:188} INFO - [2024-02-24T17:12:16.371-0600] {dag.py:3036} INFO - Sync 1 DAGs
[2024-02-24T17:12:16.375-0600] {logging_mixin.py:188} INFO - [2024-02-24T17:12:16.375-0600] {dag.py:3823} INFO - Setting next_dagrun for example_sensor_decorator to None, run_after=None
[2024-02-24T17:12:16.383-0600] {processor.py:183} INFO - Processing /Users/vamseekrishna/Desktop/F1_Data_Warehouse/f1datawarehouse/lib/python3.9/site-packages/airflow/example_dags/example_sensor_decorator.py took 0.107 seconds
[2024-02-24T17:14:22.336-0600] {processor.py:161} INFO - Started process (PID=94001) to work on /Users/vamseekrishna/Desktop/F1_Data_Warehouse/f1datawarehouse/lib/python3.9/site-packages/airflow/example_dags/example_sensor_decorator.py
[2024-02-24T17:14:22.339-0600] {processor.py:830} INFO - Processing file /Users/vamseekrishna/Desktop/F1_Data_Warehouse/f1datawarehouse/lib/python3.9/site-packages/airflow/example_dags/example_sensor_decorator.py for tasks to queue
[2024-02-24T17:14:22.339-0600] {logging_mixin.py:188} INFO - [2024-02-24T17:14:22.339-0600] {dagbag.py:538} INFO - Filling up the DagBag from /Users/vamseekrishna/Desktop/F1_Data_Warehouse/f1datawarehouse/lib/python3.9/site-packages/airflow/example_dags/example_sensor_decorator.py
[2024-02-24T17:14:22.385-0600] {processor.py:840} INFO - DAG(s) 'example_sensor_decorator' retrieved from /Users/vamseekrishna/Desktop/F1_Data_Warehouse/f1datawarehouse/lib/python3.9/site-packages/airflow/example_dags/example_sensor_decorator.py
[2024-02-24T17:14:22.456-0600] {logging_mixin.py:188} INFO - [2024-02-24T17:14:22.456-0600] {dag.py:3036} INFO - Sync 1 DAGs
[2024-02-24T17:14:22.461-0600] {logging_mixin.py:188} INFO - [2024-02-24T17:14:22.461-0600] {dag.py:3823} INFO - Setting next_dagrun for example_sensor_decorator to None, run_after=None
[2024-02-24T17:14:22.473-0600] {processor.py:183} INFO - Processing /Users/vamseekrishna/Desktop/F1_Data_Warehouse/f1datawarehouse/lib/python3.9/site-packages/airflow/example_dags/example_sensor_decorator.py took 0.137 seconds
[2024-02-24T17:16:28.603-0600] {processor.py:161} INFO - Started process (PID=94109) to work on /Users/vamseekrishna/Desktop/F1_Data_Warehouse/f1datawarehouse/lib/python3.9/site-packages/airflow/example_dags/example_sensor_decorator.py
[2024-02-24T17:16:28.605-0600] {processor.py:830} INFO - Processing file /Users/vamseekrishna/Desktop/F1_Data_Warehouse/f1datawarehouse/lib/python3.9/site-packages/airflow/example_dags/example_sensor_decorator.py for tasks to queue
[2024-02-24T17:16:28.605-0600] {logging_mixin.py:188} INFO - [2024-02-24T17:16:28.605-0600] {dagbag.py:538} INFO - Filling up the DagBag from /Users/vamseekrishna/Desktop/F1_Data_Warehouse/f1datawarehouse/lib/python3.9/site-packages/airflow/example_dags/example_sensor_decorator.py
[2024-02-24T17:16:28.645-0600] {processor.py:840} INFO - DAG(s) 'example_sensor_decorator' retrieved from /Users/vamseekrishna/Desktop/F1_Data_Warehouse/f1datawarehouse/lib/python3.9/site-packages/airflow/example_dags/example_sensor_decorator.py
[2024-02-24T17:16:28.701-0600] {logging_mixin.py:188} INFO - [2024-02-24T17:16:28.701-0600] {dag.py:3036} INFO - Sync 1 DAGs
[2024-02-24T17:16:28.705-0600] {logging_mixin.py:188} INFO - [2024-02-24T17:16:28.705-0600] {dag.py:3823} INFO - Setting next_dagrun for example_sensor_decorator to None, run_after=None
[2024-02-24T17:16:28.713-0600] {processor.py:183} INFO - Processing /Users/vamseekrishna/Desktop/F1_Data_Warehouse/f1datawarehouse/lib/python3.9/site-packages/airflow/example_dags/example_sensor_decorator.py took 0.110 seconds
[2024-02-24T17:18:28.419-0600] {processor.py:161} INFO - Started process (PID=94206) to work on /Users/vamseekrishna/Desktop/F1_Data_Warehouse/f1datawarehouse/lib/python3.9/site-packages/airflow/example_dags/example_sensor_decorator.py
[2024-02-24T17:18:28.421-0600] {processor.py:830} INFO - Processing file /Users/vamseekrishna/Desktop/F1_Data_Warehouse/f1datawarehouse/lib/python3.9/site-packages/airflow/example_dags/example_sensor_decorator.py for tasks to queue
[2024-02-24T17:18:28.422-0600] {logging_mixin.py:188} INFO - [2024-02-24T17:18:28.422-0600] {dagbag.py:538} INFO - Filling up the DagBag from /Users/vamseekrishna/Desktop/F1_Data_Warehouse/f1datawarehouse/lib/python3.9/site-packages/airflow/example_dags/example_sensor_decorator.py
[2024-02-24T17:18:28.462-0600] {processor.py:840} INFO - DAG(s) 'example_sensor_decorator' retrieved from /Users/vamseekrishna/Desktop/F1_Data_Warehouse/f1datawarehouse/lib/python3.9/site-packages/airflow/example_dags/example_sensor_decorator.py
[2024-02-24T17:18:28.512-0600] {logging_mixin.py:188} INFO - [2024-02-24T17:18:28.512-0600] {dag.py:3036} INFO - Sync 1 DAGs
[2024-02-24T17:18:28.516-0600] {logging_mixin.py:188} INFO - [2024-02-24T17:18:28.516-0600] {dag.py:3823} INFO - Setting next_dagrun for example_sensor_decorator to None, run_after=None
[2024-02-24T17:18:28.523-0600] {processor.py:183} INFO - Processing /Users/vamseekrishna/Desktop/F1_Data_Warehouse/f1datawarehouse/lib/python3.9/site-packages/airflow/example_dags/example_sensor_decorator.py took 0.105 seconds
[2024-02-24T17:20:28.133-0600] {processor.py:161} INFO - Started process (PID=94307) to work on /Users/vamseekrishna/Desktop/F1_Data_Warehouse/f1datawarehouse/lib/python3.9/site-packages/airflow/example_dags/example_sensor_decorator.py
[2024-02-24T17:20:28.135-0600] {processor.py:830} INFO - Processing file /Users/vamseekrishna/Desktop/F1_Data_Warehouse/f1datawarehouse/lib/python3.9/site-packages/airflow/example_dags/example_sensor_decorator.py for tasks to queue
[2024-02-24T17:20:28.135-0600] {logging_mixin.py:188} INFO - [2024-02-24T17:20:28.135-0600] {dagbag.py:538} INFO - Filling up the DagBag from /Users/vamseekrishna/Desktop/F1_Data_Warehouse/f1datawarehouse/lib/python3.9/site-packages/airflow/example_dags/example_sensor_decorator.py
[2024-02-24T17:20:28.180-0600] {processor.py:840} INFO - DAG(s) 'example_sensor_decorator' retrieved from /Users/vamseekrishna/Desktop/F1_Data_Warehouse/f1datawarehouse/lib/python3.9/site-packages/airflow/example_dags/example_sensor_decorator.py
[2024-02-24T17:20:28.236-0600] {logging_mixin.py:188} INFO - [2024-02-24T17:20:28.236-0600] {dag.py:3036} INFO - Sync 1 DAGs
[2024-02-24T17:20:28.248-0600] {logging_mixin.py:188} INFO - [2024-02-24T17:20:28.246-0600] {dag.py:3823} INFO - Setting next_dagrun for example_sensor_decorator to None, run_after=None
[2024-02-24T17:20:28.265-0600] {processor.py:183} INFO - Processing /Users/vamseekrishna/Desktop/F1_Data_Warehouse/f1datawarehouse/lib/python3.9/site-packages/airflow/example_dags/example_sensor_decorator.py took 0.132 seconds
[2024-02-24T17:22:27.555-0600] {processor.py:161} INFO - Started process (PID=94485) to work on /Users/vamseekrishna/Desktop/F1_Data_Warehouse/f1datawarehouse/lib/python3.9/site-packages/airflow/example_dags/example_sensor_decorator.py
[2024-02-24T17:22:27.556-0600] {processor.py:830} INFO - Processing file /Users/vamseekrishna/Desktop/F1_Data_Warehouse/f1datawarehouse/lib/python3.9/site-packages/airflow/example_dags/example_sensor_decorator.py for tasks to queue
[2024-02-24T17:22:27.556-0600] {logging_mixin.py:188} INFO - [2024-02-24T17:22:27.556-0600] {dagbag.py:538} INFO - Filling up the DagBag from /Users/vamseekrishna/Desktop/F1_Data_Warehouse/f1datawarehouse/lib/python3.9/site-packages/airflow/example_dags/example_sensor_decorator.py
[2024-02-24T17:22:27.597-0600] {processor.py:840} INFO - DAG(s) 'example_sensor_decorator' retrieved from /Users/vamseekrishna/Desktop/F1_Data_Warehouse/f1datawarehouse/lib/python3.9/site-packages/airflow/example_dags/example_sensor_decorator.py
[2024-02-24T17:22:27.648-0600] {logging_mixin.py:188} INFO - [2024-02-24T17:22:27.648-0600] {dag.py:3036} INFO - Sync 1 DAGs
[2024-02-24T17:22:27.652-0600] {logging_mixin.py:188} INFO - [2024-02-24T17:22:27.652-0600] {dag.py:3823} INFO - Setting next_dagrun for example_sensor_decorator to None, run_after=None
[2024-02-24T17:22:27.659-0600] {processor.py:183} INFO - Processing /Users/vamseekrishna/Desktop/F1_Data_Warehouse/f1datawarehouse/lib/python3.9/site-packages/airflow/example_dags/example_sensor_decorator.py took 0.105 seconds
[2024-02-24T17:24:33.612-0600] {processor.py:161} INFO - Started process (PID=94663) to work on /Users/vamseekrishna/Desktop/F1_Data_Warehouse/f1datawarehouse/lib/python3.9/site-packages/airflow/example_dags/example_sensor_decorator.py
[2024-02-24T17:24:33.613-0600] {processor.py:830} INFO - Processing file /Users/vamseekrishna/Desktop/F1_Data_Warehouse/f1datawarehouse/lib/python3.9/site-packages/airflow/example_dags/example_sensor_decorator.py for tasks to queue
[2024-02-24T17:24:33.614-0600] {logging_mixin.py:188} INFO - [2024-02-24T17:24:33.613-0600] {dagbag.py:538} INFO - Filling up the DagBag from /Users/vamseekrishna/Desktop/F1_Data_Warehouse/f1datawarehouse/lib/python3.9/site-packages/airflow/example_dags/example_sensor_decorator.py
[2024-02-24T17:24:33.634-0600] {processor.py:840} INFO - DAG(s) 'example_sensor_decorator' retrieved from /Users/vamseekrishna/Desktop/F1_Data_Warehouse/f1datawarehouse/lib/python3.9/site-packages/airflow/example_dags/example_sensor_decorator.py
[2024-02-24T17:24:33.770-0600] {logging_mixin.py:188} INFO - [2024-02-24T17:24:33.770-0600] {dag.py:3036} INFO - Sync 1 DAGs
[2024-02-24T17:24:33.778-0600] {logging_mixin.py:188} INFO - [2024-02-24T17:24:33.777-0600] {dag.py:3823} INFO - Setting next_dagrun for example_sensor_decorator to None, run_after=None
[2024-02-24T17:24:33.801-0600] {processor.py:183} INFO - Processing /Users/vamseekrishna/Desktop/F1_Data_Warehouse/f1datawarehouse/lib/python3.9/site-packages/airflow/example_dags/example_sensor_decorator.py took 0.189 seconds
[2024-02-24T17:26:36.017-0600] {processor.py:161} INFO - Started process (PID=94762) to work on /Users/vamseekrishna/Desktop/F1_Data_Warehouse/f1datawarehouse/lib/python3.9/site-packages/airflow/example_dags/example_sensor_decorator.py
[2024-02-24T17:26:36.019-0600] {processor.py:830} INFO - Processing file /Users/vamseekrishna/Desktop/F1_Data_Warehouse/f1datawarehouse/lib/python3.9/site-packages/airflow/example_dags/example_sensor_decorator.py for tasks to queue
[2024-02-24T17:26:36.019-0600] {logging_mixin.py:188} INFO - [2024-02-24T17:26:36.019-0600] {dagbag.py:538} INFO - Filling up the DagBag from /Users/vamseekrishna/Desktop/F1_Data_Warehouse/f1datawarehouse/lib/python3.9/site-packages/airflow/example_dags/example_sensor_decorator.py
[2024-02-24T17:26:36.034-0600] {processor.py:840} INFO - DAG(s) 'example_sensor_decorator' retrieved from /Users/vamseekrishna/Desktop/F1_Data_Warehouse/f1datawarehouse/lib/python3.9/site-packages/airflow/example_dags/example_sensor_decorator.py
[2024-02-24T17:26:36.082-0600] {logging_mixin.py:188} INFO - [2024-02-24T17:26:36.082-0600] {dag.py:3036} INFO - Sync 1 DAGs
[2024-02-24T17:26:36.086-0600] {logging_mixin.py:188} INFO - [2024-02-24T17:26:36.086-0600] {dag.py:3823} INFO - Setting next_dagrun for example_sensor_decorator to None, run_after=None
[2024-02-24T17:26:36.093-0600] {processor.py:183} INFO - Processing /Users/vamseekrishna/Desktop/F1_Data_Warehouse/f1datawarehouse/lib/python3.9/site-packages/airflow/example_dags/example_sensor_decorator.py took 0.077 seconds
[2024-02-24T17:28:37.477-0600] {processor.py:161} INFO - Started process (PID=94856) to work on /Users/vamseekrishna/Desktop/F1_Data_Warehouse/f1datawarehouse/lib/python3.9/site-packages/airflow/example_dags/example_sensor_decorator.py
[2024-02-24T17:28:37.479-0600] {processor.py:830} INFO - Processing file /Users/vamseekrishna/Desktop/F1_Data_Warehouse/f1datawarehouse/lib/python3.9/site-packages/airflow/example_dags/example_sensor_decorator.py for tasks to queue
[2024-02-24T17:28:37.479-0600] {logging_mixin.py:188} INFO - [2024-02-24T17:28:37.479-0600] {dagbag.py:538} INFO - Filling up the DagBag from /Users/vamseekrishna/Desktop/F1_Data_Warehouse/f1datawarehouse/lib/python3.9/site-packages/airflow/example_dags/example_sensor_decorator.py
[2024-02-24T17:28:37.494-0600] {processor.py:840} INFO - DAG(s) 'example_sensor_decorator' retrieved from /Users/vamseekrishna/Desktop/F1_Data_Warehouse/f1datawarehouse/lib/python3.9/site-packages/airflow/example_dags/example_sensor_decorator.py
[2024-02-24T17:28:37.543-0600] {logging_mixin.py:188} INFO - [2024-02-24T17:28:37.543-0600] {dag.py:3036} INFO - Sync 1 DAGs
[2024-02-24T17:28:37.547-0600] {logging_mixin.py:188} INFO - [2024-02-24T17:28:37.547-0600] {dag.py:3823} INFO - Setting next_dagrun for example_sensor_decorator to None, run_after=None
[2024-02-24T17:28:37.554-0600] {processor.py:183} INFO - Processing /Users/vamseekrishna/Desktop/F1_Data_Warehouse/f1datawarehouse/lib/python3.9/site-packages/airflow/example_dags/example_sensor_decorator.py took 0.078 seconds
[2024-02-24T17:30:34.416-0600] {processor.py:161} INFO - Started process (PID=94945) to work on /Users/vamseekrishna/Desktop/F1_Data_Warehouse/f1datawarehouse/lib/python3.9/site-packages/airflow/example_dags/example_sensor_decorator.py
[2024-02-24T17:30:34.418-0600] {processor.py:830} INFO - Processing file /Users/vamseekrishna/Desktop/F1_Data_Warehouse/f1datawarehouse/lib/python3.9/site-packages/airflow/example_dags/example_sensor_decorator.py for tasks to queue
[2024-02-24T17:30:34.418-0600] {logging_mixin.py:188} INFO - [2024-02-24T17:30:34.418-0600] {dagbag.py:538} INFO - Filling up the DagBag from /Users/vamseekrishna/Desktop/F1_Data_Warehouse/f1datawarehouse/lib/python3.9/site-packages/airflow/example_dags/example_sensor_decorator.py
[2024-02-24T17:30:34.433-0600] {processor.py:840} INFO - DAG(s) 'example_sensor_decorator' retrieved from /Users/vamseekrishna/Desktop/F1_Data_Warehouse/f1datawarehouse/lib/python3.9/site-packages/airflow/example_dags/example_sensor_decorator.py
[2024-02-24T17:30:34.483-0600] {logging_mixin.py:188} INFO - [2024-02-24T17:30:34.483-0600] {dag.py:3036} INFO - Sync 1 DAGs
[2024-02-24T17:30:34.487-0600] {logging_mixin.py:188} INFO - [2024-02-24T17:30:34.487-0600] {dag.py:3823} INFO - Setting next_dagrun for example_sensor_decorator to None, run_after=None
[2024-02-24T17:30:34.495-0600] {processor.py:183} INFO - Processing /Users/vamseekrishna/Desktop/F1_Data_Warehouse/f1datawarehouse/lib/python3.9/site-packages/airflow/example_dags/example_sensor_decorator.py took 0.080 seconds
[2024-02-24T17:32:32.159-0600] {processor.py:161} INFO - Started process (PID=95037) to work on /Users/vamseekrishna/Desktop/F1_Data_Warehouse/f1datawarehouse/lib/python3.9/site-packages/airflow/example_dags/example_sensor_decorator.py
[2024-02-24T17:32:32.161-0600] {processor.py:830} INFO - Processing file /Users/vamseekrishna/Desktop/F1_Data_Warehouse/f1datawarehouse/lib/python3.9/site-packages/airflow/example_dags/example_sensor_decorator.py for tasks to queue
[2024-02-24T17:32:32.161-0600] {logging_mixin.py:188} INFO - [2024-02-24T17:32:32.161-0600] {dagbag.py:538} INFO - Filling up the DagBag from /Users/vamseekrishna/Desktop/F1_Data_Warehouse/f1datawarehouse/lib/python3.9/site-packages/airflow/example_dags/example_sensor_decorator.py
[2024-02-24T17:32:32.177-0600] {processor.py:840} INFO - DAG(s) 'example_sensor_decorator' retrieved from /Users/vamseekrishna/Desktop/F1_Data_Warehouse/f1datawarehouse/lib/python3.9/site-packages/airflow/example_dags/example_sensor_decorator.py
[2024-02-24T17:32:32.226-0600] {logging_mixin.py:188} INFO - [2024-02-24T17:32:32.225-0600] {dag.py:3036} INFO - Sync 1 DAGs
[2024-02-24T17:32:32.229-0600] {logging_mixin.py:188} INFO - [2024-02-24T17:32:32.229-0600] {dag.py:3823} INFO - Setting next_dagrun for example_sensor_decorator to None, run_after=None
[2024-02-24T17:32:32.237-0600] {processor.py:183} INFO - Processing /Users/vamseekrishna/Desktop/F1_Data_Warehouse/f1datawarehouse/lib/python3.9/site-packages/airflow/example_dags/example_sensor_decorator.py took 0.078 seconds
[2024-02-24T17:34:31.067-0600] {processor.py:161} INFO - Started process (PID=95142) to work on /Users/vamseekrishna/Desktop/F1_Data_Warehouse/f1datawarehouse/lib/python3.9/site-packages/airflow/example_dags/example_sensor_decorator.py
[2024-02-24T17:34:31.069-0600] {processor.py:830} INFO - Processing file /Users/vamseekrishna/Desktop/F1_Data_Warehouse/f1datawarehouse/lib/python3.9/site-packages/airflow/example_dags/example_sensor_decorator.py for tasks to queue
[2024-02-24T17:34:31.069-0600] {logging_mixin.py:188} INFO - [2024-02-24T17:34:31.069-0600] {dagbag.py:538} INFO - Filling up the DagBag from /Users/vamseekrishna/Desktop/F1_Data_Warehouse/f1datawarehouse/lib/python3.9/site-packages/airflow/example_dags/example_sensor_decorator.py
[2024-02-24T17:34:31.084-0600] {processor.py:840} INFO - DAG(s) 'example_sensor_decorator' retrieved from /Users/vamseekrishna/Desktop/F1_Data_Warehouse/f1datawarehouse/lib/python3.9/site-packages/airflow/example_dags/example_sensor_decorator.py
[2024-02-24T17:34:31.132-0600] {logging_mixin.py:188} INFO - [2024-02-24T17:34:31.132-0600] {dag.py:3036} INFO - Sync 1 DAGs
[2024-02-24T17:34:31.135-0600] {logging_mixin.py:188} INFO - [2024-02-24T17:34:31.135-0600] {dag.py:3823} INFO - Setting next_dagrun for example_sensor_decorator to None, run_after=None
[2024-02-24T17:34:31.143-0600] {processor.py:183} INFO - Processing /Users/vamseekrishna/Desktop/F1_Data_Warehouse/f1datawarehouse/lib/python3.9/site-packages/airflow/example_dags/example_sensor_decorator.py took 0.077 seconds
[2024-02-24T17:36:27.761-0600] {processor.py:161} INFO - Started process (PID=95237) to work on /Users/vamseekrishna/Desktop/F1_Data_Warehouse/f1datawarehouse/lib/python3.9/site-packages/airflow/example_dags/example_sensor_decorator.py
[2024-02-24T17:36:27.763-0600] {processor.py:830} INFO - Processing file /Users/vamseekrishna/Desktop/F1_Data_Warehouse/f1datawarehouse/lib/python3.9/site-packages/airflow/example_dags/example_sensor_decorator.py for tasks to queue
[2024-02-24T17:36:27.763-0600] {logging_mixin.py:188} INFO - [2024-02-24T17:36:27.763-0600] {dagbag.py:538} INFO - Filling up the DagBag from /Users/vamseekrishna/Desktop/F1_Data_Warehouse/f1datawarehouse/lib/python3.9/site-packages/airflow/example_dags/example_sensor_decorator.py
[2024-02-24T17:36:27.779-0600] {processor.py:840} INFO - DAG(s) 'example_sensor_decorator' retrieved from /Users/vamseekrishna/Desktop/F1_Data_Warehouse/f1datawarehouse/lib/python3.9/site-packages/airflow/example_dags/example_sensor_decorator.py
[2024-02-24T17:36:27.830-0600] {logging_mixin.py:188} INFO - [2024-02-24T17:36:27.830-0600] {dag.py:3036} INFO - Sync 1 DAGs
[2024-02-24T17:36:27.835-0600] {logging_mixin.py:188} INFO - [2024-02-24T17:36:27.835-0600] {dag.py:3823} INFO - Setting next_dagrun for example_sensor_decorator to None, run_after=None
[2024-02-24T17:36:27.844-0600] {processor.py:183} INFO - Processing /Users/vamseekrishna/Desktop/F1_Data_Warehouse/f1datawarehouse/lib/python3.9/site-packages/airflow/example_dags/example_sensor_decorator.py took 0.084 seconds
[2024-02-24T17:40:09.171-0600] {processor.py:161} INFO - Started process (PID=95469) to work on /Users/vamseekrishna/Desktop/F1_Data_Warehouse/f1datawarehouse/lib/python3.9/site-packages/airflow/example_dags/example_sensor_decorator.py
[2024-02-24T17:40:09.172-0600] {processor.py:830} INFO - Processing file /Users/vamseekrishna/Desktop/F1_Data_Warehouse/f1datawarehouse/lib/python3.9/site-packages/airflow/example_dags/example_sensor_decorator.py for tasks to queue
[2024-02-24T17:40:09.172-0600] {logging_mixin.py:188} INFO - [2024-02-24T17:40:09.172-0600] {dagbag.py:538} INFO - Filling up the DagBag from /Users/vamseekrishna/Desktop/F1_Data_Warehouse/f1datawarehouse/lib/python3.9/site-packages/airflow/example_dags/example_sensor_decorator.py
[2024-02-24T17:40:09.188-0600] {processor.py:840} INFO - DAG(s) 'example_sensor_decorator' retrieved from /Users/vamseekrishna/Desktop/F1_Data_Warehouse/f1datawarehouse/lib/python3.9/site-packages/airflow/example_dags/example_sensor_decorator.py
[2024-02-24T17:40:09.237-0600] {logging_mixin.py:188} INFO - [2024-02-24T17:40:09.237-0600] {dag.py:3036} INFO - Sync 1 DAGs
[2024-02-24T17:40:09.241-0600] {logging_mixin.py:188} INFO - [2024-02-24T17:40:09.241-0600] {dag.py:3823} INFO - Setting next_dagrun for example_sensor_decorator to None, run_after=None
[2024-02-24T17:40:09.248-0600] {processor.py:183} INFO - Processing /Users/vamseekrishna/Desktop/F1_Data_Warehouse/f1datawarehouse/lib/python3.9/site-packages/airflow/example_dags/example_sensor_decorator.py took 0.078 seconds
