[2024-02-24T11:48:08.940-0600] {processor.py:161} INFO - Started process (PID=74998) to work on /Users/vamseekrishna/Desktop/F1_Data_Warehouse/f1datawarehouse/lib/python3.9/site-packages/airflow/example_dags/example_params_ui_tutorial.py
[2024-02-24T11:48:08.941-0600] {processor.py:830} INFO - Processing file /Users/vamseekrishna/Desktop/F1_Data_Warehouse/f1datawarehouse/lib/python3.9/site-packages/airflow/example_dags/example_params_ui_tutorial.py for tasks to queue
[2024-02-24T11:48:08.941-0600] {logging_mixin.py:188} INFO - [2024-02-24T11:48:08.941-0600] {dagbag.py:538} INFO - Filling up the DagBag from /Users/vamseekrishna/Desktop/F1_Data_Warehouse/f1datawarehouse/lib/python3.9/site-packages/airflow/example_dags/example_params_ui_tutorial.py
[2024-02-24T11:48:08.961-0600] {processor.py:840} INFO - DAG(s) 'example_params_ui_tutorial' retrieved from /Users/vamseekrishna/Desktop/F1_Data_Warehouse/f1datawarehouse/lib/python3.9/site-packages/airflow/example_dags/example_params_ui_tutorial.py
[2024-02-24T11:48:09.059-0600] {logging_mixin.py:188} INFO - [2024-02-24T11:48:09.058-0600] {override.py:1769} INFO - Created Permission View: can edit on DAG:example_params_ui_tutorial
[2024-02-24T11:48:09.062-0600] {logging_mixin.py:188} INFO - [2024-02-24T11:48:09.062-0600] {override.py:1769} INFO - Created Permission View: can delete on DAG:example_params_ui_tutorial
[2024-02-24T11:48:09.064-0600] {logging_mixin.py:188} INFO - [2024-02-24T11:48:09.064-0600] {override.py:1769} INFO - Created Permission View: can read on DAG:example_params_ui_tutorial
[2024-02-24T11:48:09.065-0600] {logging_mixin.py:188} INFO - [2024-02-24T11:48:09.065-0600] {dag.py:3036} INFO - Sync 1 DAGs
[2024-02-24T11:48:09.069-0600] {logging_mixin.py:188} INFO - [2024-02-24T11:48:09.069-0600] {dag.py:3058} INFO - Creating ORM DAG for example_params_ui_tutorial
[2024-02-24T11:48:09.069-0600] {logging_mixin.py:188} INFO - [2024-02-24T11:48:09.069-0600] {dag.py:3823} INFO - Setting next_dagrun for example_params_ui_tutorial to None, run_after=None
[2024-02-24T11:48:09.078-0600] {processor.py:183} INFO - Processing /Users/vamseekrishna/Desktop/F1_Data_Warehouse/f1datawarehouse/lib/python3.9/site-packages/airflow/example_dags/example_params_ui_tutorial.py took 0.139 seconds
[2024-02-24T11:49:37.132-0600] {processor.py:161} INFO - Started process (PID=75162) to work on /Users/vamseekrishna/Desktop/F1_Data_Warehouse/f1datawarehouse/lib/python3.9/site-packages/airflow/example_dags/example_params_ui_tutorial.py
[2024-02-24T11:49:37.134-0600] {processor.py:830} INFO - Processing file /Users/vamseekrishna/Desktop/F1_Data_Warehouse/f1datawarehouse/lib/python3.9/site-packages/airflow/example_dags/example_params_ui_tutorial.py for tasks to queue
[2024-02-24T11:49:37.134-0600] {logging_mixin.py:188} INFO - [2024-02-24T11:49:37.134-0600] {dagbag.py:538} INFO - Filling up the DagBag from /Users/vamseekrishna/Desktop/F1_Data_Warehouse/f1datawarehouse/lib/python3.9/site-packages/airflow/example_dags/example_params_ui_tutorial.py
[2024-02-24T11:49:37.152-0600] {processor.py:840} INFO - DAG(s) 'example_params_ui_tutorial' retrieved from /Users/vamseekrishna/Desktop/F1_Data_Warehouse/f1datawarehouse/lib/python3.9/site-packages/airflow/example_dags/example_params_ui_tutorial.py
[2024-02-24T11:49:37.212-0600] {logging_mixin.py:188} INFO - [2024-02-24T11:49:37.212-0600] {dag.py:3036} INFO - Sync 1 DAGs
[2024-02-24T11:49:37.216-0600] {logging_mixin.py:188} INFO - [2024-02-24T11:49:37.216-0600] {dag.py:3823} INFO - Setting next_dagrun for example_params_ui_tutorial to None, run_after=None
[2024-02-24T11:49:37.226-0600] {processor.py:183} INFO - Processing /Users/vamseekrishna/Desktop/F1_Data_Warehouse/f1datawarehouse/lib/python3.9/site-packages/airflow/example_dags/example_params_ui_tutorial.py took 0.094 seconds
[2024-02-24T11:51:51.406-0600] {processor.py:161} INFO - Started process (PID=75373) to work on /Users/vamseekrishna/Desktop/F1_Data_Warehouse/f1datawarehouse/lib/python3.9/site-packages/airflow/example_dags/example_params_ui_tutorial.py
[2024-02-24T11:51:51.412-0600] {processor.py:830} INFO - Processing file /Users/vamseekrishna/Desktop/F1_Data_Warehouse/f1datawarehouse/lib/python3.9/site-packages/airflow/example_dags/example_params_ui_tutorial.py for tasks to queue
[2024-02-24T11:51:51.412-0600] {logging_mixin.py:188} INFO - [2024-02-24T11:51:51.412-0600] {dagbag.py:538} INFO - Filling up the DagBag from /Users/vamseekrishna/Desktop/F1_Data_Warehouse/f1datawarehouse/lib/python3.9/site-packages/airflow/example_dags/example_params_ui_tutorial.py
[2024-02-24T11:51:51.448-0600] {processor.py:840} INFO - DAG(s) 'example_params_ui_tutorial' retrieved from /Users/vamseekrishna/Desktop/F1_Data_Warehouse/f1datawarehouse/lib/python3.9/site-packages/airflow/example_dags/example_params_ui_tutorial.py
[2024-02-24T11:51:51.625-0600] {logging_mixin.py:188} INFO - [2024-02-24T11:51:51.624-0600] {dag.py:3036} INFO - Sync 1 DAGs
[2024-02-24T11:51:51.631-0600] {logging_mixin.py:188} INFO - [2024-02-24T11:51:51.630-0600] {dag.py:3823} INFO - Setting next_dagrun for example_params_ui_tutorial to None, run_after=None
[2024-02-24T11:51:51.643-0600] {processor.py:183} INFO - Processing /Users/vamseekrishna/Desktop/F1_Data_Warehouse/f1datawarehouse/lib/python3.9/site-packages/airflow/example_dags/example_params_ui_tutorial.py took 0.238 seconds
[2024-02-24T11:54:03.441-0600] {processor.py:161} INFO - Started process (PID=75513) to work on /Users/vamseekrishna/Desktop/F1_Data_Warehouse/f1datawarehouse/lib/python3.9/site-packages/airflow/example_dags/example_params_ui_tutorial.py
[2024-02-24T11:54:03.443-0600] {processor.py:830} INFO - Processing file /Users/vamseekrishna/Desktop/F1_Data_Warehouse/f1datawarehouse/lib/python3.9/site-packages/airflow/example_dags/example_params_ui_tutorial.py for tasks to queue
[2024-02-24T11:54:03.443-0600] {logging_mixin.py:188} INFO - [2024-02-24T11:54:03.443-0600] {dagbag.py:538} INFO - Filling up the DagBag from /Users/vamseekrishna/Desktop/F1_Data_Warehouse/f1datawarehouse/lib/python3.9/site-packages/airflow/example_dags/example_params_ui_tutorial.py
[2024-02-24T11:54:03.469-0600] {processor.py:840} INFO - DAG(s) 'example_params_ui_tutorial' retrieved from /Users/vamseekrishna/Desktop/F1_Data_Warehouse/f1datawarehouse/lib/python3.9/site-packages/airflow/example_dags/example_params_ui_tutorial.py
[2024-02-24T11:54:03.528-0600] {logging_mixin.py:188} INFO - [2024-02-24T11:54:03.528-0600] {dag.py:3036} INFO - Sync 1 DAGs
[2024-02-24T11:54:03.532-0600] {logging_mixin.py:188} INFO - [2024-02-24T11:54:03.532-0600] {dag.py:3823} INFO - Setting next_dagrun for example_params_ui_tutorial to None, run_after=None
[2024-02-24T11:54:03.540-0600] {processor.py:183} INFO - Processing /Users/vamseekrishna/Desktop/F1_Data_Warehouse/f1datawarehouse/lib/python3.9/site-packages/airflow/example_dags/example_params_ui_tutorial.py took 0.099 seconds
[2024-02-24T11:55:54.374-0600] {processor.py:161} INFO - Started process (PID=75602) to work on /Users/vamseekrishna/Desktop/F1_Data_Warehouse/f1datawarehouse/lib/python3.9/site-packages/airflow/example_dags/example_params_ui_tutorial.py
[2024-02-24T11:55:54.375-0600] {processor.py:830} INFO - Processing file /Users/vamseekrishna/Desktop/F1_Data_Warehouse/f1datawarehouse/lib/python3.9/site-packages/airflow/example_dags/example_params_ui_tutorial.py for tasks to queue
[2024-02-24T11:55:54.376-0600] {logging_mixin.py:188} INFO - [2024-02-24T11:55:54.376-0600] {dagbag.py:538} INFO - Filling up the DagBag from /Users/vamseekrishna/Desktop/F1_Data_Warehouse/f1datawarehouse/lib/python3.9/site-packages/airflow/example_dags/example_params_ui_tutorial.py
[2024-02-24T11:55:54.394-0600] {processor.py:840} INFO - DAG(s) 'example_params_ui_tutorial' retrieved from /Users/vamseekrishna/Desktop/F1_Data_Warehouse/f1datawarehouse/lib/python3.9/site-packages/airflow/example_dags/example_params_ui_tutorial.py
[2024-02-24T11:55:54.453-0600] {logging_mixin.py:188} INFO - [2024-02-24T11:55:54.452-0600] {dag.py:3036} INFO - Sync 1 DAGs
[2024-02-24T11:55:54.457-0600] {logging_mixin.py:188} INFO - [2024-02-24T11:55:54.457-0600] {dag.py:3823} INFO - Setting next_dagrun for example_params_ui_tutorial to None, run_after=None
[2024-02-24T11:55:54.465-0600] {processor.py:183} INFO - Processing /Users/vamseekrishna/Desktop/F1_Data_Warehouse/f1datawarehouse/lib/python3.9/site-packages/airflow/example_dags/example_params_ui_tutorial.py took 0.092 seconds
[2024-02-24T11:57:53.576-0600] {processor.py:161} INFO - Started process (PID=75699) to work on /Users/vamseekrishna/Desktop/F1_Data_Warehouse/f1datawarehouse/lib/python3.9/site-packages/airflow/example_dags/example_params_ui_tutorial.py
[2024-02-24T11:57:53.578-0600] {processor.py:830} INFO - Processing file /Users/vamseekrishna/Desktop/F1_Data_Warehouse/f1datawarehouse/lib/python3.9/site-packages/airflow/example_dags/example_params_ui_tutorial.py for tasks to queue
[2024-02-24T11:57:53.579-0600] {logging_mixin.py:188} INFO - [2024-02-24T11:57:53.579-0600] {dagbag.py:538} INFO - Filling up the DagBag from /Users/vamseekrishna/Desktop/F1_Data_Warehouse/f1datawarehouse/lib/python3.9/site-packages/airflow/example_dags/example_params_ui_tutorial.py
[2024-02-24T11:57:53.598-0600] {processor.py:840} INFO - DAG(s) 'example_params_ui_tutorial' retrieved from /Users/vamseekrishna/Desktop/F1_Data_Warehouse/f1datawarehouse/lib/python3.9/site-packages/airflow/example_dags/example_params_ui_tutorial.py
[2024-02-24T11:57:53.658-0600] {logging_mixin.py:188} INFO - [2024-02-24T11:57:53.658-0600] {dag.py:3036} INFO - Sync 1 DAGs
[2024-02-24T11:57:53.662-0600] {logging_mixin.py:188} INFO - [2024-02-24T11:57:53.662-0600] {dag.py:3823} INFO - Setting next_dagrun for example_params_ui_tutorial to None, run_after=None
[2024-02-24T11:57:53.671-0600] {processor.py:183} INFO - Processing /Users/vamseekrishna/Desktop/F1_Data_Warehouse/f1datawarehouse/lib/python3.9/site-packages/airflow/example_dags/example_params_ui_tutorial.py took 0.096 seconds
[2024-02-24T12:00:07.540-0600] {processor.py:161} INFO - Started process (PID=75909) to work on /Users/vamseekrishna/Desktop/F1_Data_Warehouse/f1datawarehouse/lib/python3.9/site-packages/airflow/example_dags/example_params_ui_tutorial.py
[2024-02-24T12:00:07.543-0600] {processor.py:830} INFO - Processing file /Users/vamseekrishna/Desktop/F1_Data_Warehouse/f1datawarehouse/lib/python3.9/site-packages/airflow/example_dags/example_params_ui_tutorial.py for tasks to queue
[2024-02-24T12:00:07.543-0600] {logging_mixin.py:188} INFO - [2024-02-24T12:00:07.543-0600] {dagbag.py:538} INFO - Filling up the DagBag from /Users/vamseekrishna/Desktop/F1_Data_Warehouse/f1datawarehouse/lib/python3.9/site-packages/airflow/example_dags/example_params_ui_tutorial.py
[2024-02-24T12:00:07.568-0600] {processor.py:840} INFO - DAG(s) 'example_params_ui_tutorial' retrieved from /Users/vamseekrishna/Desktop/F1_Data_Warehouse/f1datawarehouse/lib/python3.9/site-packages/airflow/example_dags/example_params_ui_tutorial.py
[2024-02-24T12:00:07.636-0600] {logging_mixin.py:188} INFO - [2024-02-24T12:00:07.636-0600] {dag.py:3036} INFO - Sync 1 DAGs
[2024-02-24T12:00:07.640-0600] {logging_mixin.py:188} INFO - [2024-02-24T12:00:07.640-0600] {dag.py:3823} INFO - Setting next_dagrun for example_params_ui_tutorial to None, run_after=None
[2024-02-24T12:00:07.649-0600] {processor.py:183} INFO - Processing /Users/vamseekrishna/Desktop/F1_Data_Warehouse/f1datawarehouse/lib/python3.9/site-packages/airflow/example_dags/example_params_ui_tutorial.py took 0.110 seconds
[2024-02-24T12:02:10.636-0600] {processor.py:161} INFO - Started process (PID=76036) to work on /Users/vamseekrishna/Desktop/F1_Data_Warehouse/f1datawarehouse/lib/python3.9/site-packages/airflow/example_dags/example_params_ui_tutorial.py
[2024-02-24T12:02:10.638-0600] {processor.py:830} INFO - Processing file /Users/vamseekrishna/Desktop/F1_Data_Warehouse/f1datawarehouse/lib/python3.9/site-packages/airflow/example_dags/example_params_ui_tutorial.py for tasks to queue
[2024-02-24T12:02:10.638-0600] {logging_mixin.py:188} INFO - [2024-02-24T12:02:10.638-0600] {dagbag.py:538} INFO - Filling up the DagBag from /Users/vamseekrishna/Desktop/F1_Data_Warehouse/f1datawarehouse/lib/python3.9/site-packages/airflow/example_dags/example_params_ui_tutorial.py
[2024-02-24T12:02:10.660-0600] {processor.py:840} INFO - DAG(s) 'example_params_ui_tutorial' retrieved from /Users/vamseekrishna/Desktop/F1_Data_Warehouse/f1datawarehouse/lib/python3.9/site-packages/airflow/example_dags/example_params_ui_tutorial.py
[2024-02-24T12:02:10.723-0600] {logging_mixin.py:188} INFO - [2024-02-24T12:02:10.723-0600] {dag.py:3036} INFO - Sync 1 DAGs
[2024-02-24T12:02:10.727-0600] {logging_mixin.py:188} INFO - [2024-02-24T12:02:10.727-0600] {dag.py:3823} INFO - Setting next_dagrun for example_params_ui_tutorial to None, run_after=None
[2024-02-24T12:02:10.736-0600] {processor.py:183} INFO - Processing /Users/vamseekrishna/Desktop/F1_Data_Warehouse/f1datawarehouse/lib/python3.9/site-packages/airflow/example_dags/example_params_ui_tutorial.py took 0.100 seconds
[2024-02-24T12:04:01.720-0600] {processor.py:161} INFO - Started process (PID=76171) to work on /Users/vamseekrishna/Desktop/F1_Data_Warehouse/f1datawarehouse/lib/python3.9/site-packages/airflow/example_dags/example_params_ui_tutorial.py
[2024-02-24T12:04:01.724-0600] {processor.py:830} INFO - Processing file /Users/vamseekrishna/Desktop/F1_Data_Warehouse/f1datawarehouse/lib/python3.9/site-packages/airflow/example_dags/example_params_ui_tutorial.py for tasks to queue
[2024-02-24T12:04:01.725-0600] {logging_mixin.py:188} INFO - [2024-02-24T12:04:01.724-0600] {dagbag.py:538} INFO - Filling up the DagBag from /Users/vamseekrishna/Desktop/F1_Data_Warehouse/f1datawarehouse/lib/python3.9/site-packages/airflow/example_dags/example_params_ui_tutorial.py
[2024-02-24T12:04:01.743-0600] {processor.py:840} INFO - DAG(s) 'example_params_ui_tutorial' retrieved from /Users/vamseekrishna/Desktop/F1_Data_Warehouse/f1datawarehouse/lib/python3.9/site-packages/airflow/example_dags/example_params_ui_tutorial.py
[2024-02-24T12:04:01.802-0600] {logging_mixin.py:188} INFO - [2024-02-24T12:04:01.801-0600] {dag.py:3036} INFO - Sync 1 DAGs
[2024-02-24T12:04:01.805-0600] {logging_mixin.py:188} INFO - [2024-02-24T12:04:01.805-0600] {dag.py:3823} INFO - Setting next_dagrun for example_params_ui_tutorial to None, run_after=None
[2024-02-24T12:04:01.812-0600] {processor.py:183} INFO - Processing /Users/vamseekrishna/Desktop/F1_Data_Warehouse/f1datawarehouse/lib/python3.9/site-packages/airflow/example_dags/example_params_ui_tutorial.py took 0.093 seconds
[2024-02-24T12:20:18.553-0600] {processor.py:161} INFO - Started process (PID=76263) to work on /Users/vamseekrishna/Desktop/F1_Data_Warehouse/f1datawarehouse/lib/python3.9/site-packages/airflow/example_dags/example_params_ui_tutorial.py
[2024-02-24T12:20:18.555-0600] {processor.py:830} INFO - Processing file /Users/vamseekrishna/Desktop/F1_Data_Warehouse/f1datawarehouse/lib/python3.9/site-packages/airflow/example_dags/example_params_ui_tutorial.py for tasks to queue
[2024-02-24T12:20:18.555-0600] {logging_mixin.py:188} INFO - [2024-02-24T12:20:18.555-0600] {dagbag.py:538} INFO - Filling up the DagBag from /Users/vamseekrishna/Desktop/F1_Data_Warehouse/f1datawarehouse/lib/python3.9/site-packages/airflow/example_dags/example_params_ui_tutorial.py
[2024-02-24T12:20:18.579-0600] {processor.py:840} INFO - DAG(s) 'example_params_ui_tutorial' retrieved from /Users/vamseekrishna/Desktop/F1_Data_Warehouse/f1datawarehouse/lib/python3.9/site-packages/airflow/example_dags/example_params_ui_tutorial.py
[2024-02-24T12:20:18.637-0600] {logging_mixin.py:188} INFO - [2024-02-24T12:20:18.637-0600] {dag.py:3036} INFO - Sync 1 DAGs
[2024-02-24T12:20:18.642-0600] {logging_mixin.py:188} INFO - [2024-02-24T12:20:18.641-0600] {dag.py:3823} INFO - Setting next_dagrun for example_params_ui_tutorial to None, run_after=None
[2024-02-24T12:20:18.649-0600] {processor.py:183} INFO - Processing /Users/vamseekrishna/Desktop/F1_Data_Warehouse/f1datawarehouse/lib/python3.9/site-packages/airflow/example_dags/example_params_ui_tutorial.py took 0.097 seconds
[2024-02-24T12:38:35.421-0600] {processor.py:161} INFO - Started process (PID=76415) to work on /Users/vamseekrishna/Desktop/F1_Data_Warehouse/f1datawarehouse/lib/python3.9/site-packages/airflow/example_dags/example_params_ui_tutorial.py
[2024-02-24T12:38:35.423-0600] {processor.py:830} INFO - Processing file /Users/vamseekrishna/Desktop/F1_Data_Warehouse/f1datawarehouse/lib/python3.9/site-packages/airflow/example_dags/example_params_ui_tutorial.py for tasks to queue
[2024-02-24T12:38:35.423-0600] {logging_mixin.py:188} INFO - [2024-02-24T12:38:35.423-0600] {dagbag.py:538} INFO - Filling up the DagBag from /Users/vamseekrishna/Desktop/F1_Data_Warehouse/f1datawarehouse/lib/python3.9/site-packages/airflow/example_dags/example_params_ui_tutorial.py
[2024-02-24T12:38:35.440-0600] {processor.py:840} INFO - DAG(s) 'example_params_ui_tutorial' retrieved from /Users/vamseekrishna/Desktop/F1_Data_Warehouse/f1datawarehouse/lib/python3.9/site-packages/airflow/example_dags/example_params_ui_tutorial.py
[2024-02-24T12:38:35.499-0600] {logging_mixin.py:188} INFO - [2024-02-24T12:38:35.499-0600] {dag.py:3036} INFO - Sync 1 DAGs
[2024-02-24T12:38:35.503-0600] {logging_mixin.py:188} INFO - [2024-02-24T12:38:35.503-0600] {dag.py:3823} INFO - Setting next_dagrun for example_params_ui_tutorial to None, run_after=None
[2024-02-24T12:38:35.512-0600] {processor.py:183} INFO - Processing /Users/vamseekrishna/Desktop/F1_Data_Warehouse/f1datawarehouse/lib/python3.9/site-packages/airflow/example_dags/example_params_ui_tutorial.py took 0.092 seconds
[2024-02-24T12:40:35.214-0600] {processor.py:161} INFO - Started process (PID=76538) to work on /Users/vamseekrishna/Desktop/F1_Data_Warehouse/f1datawarehouse/lib/python3.9/site-packages/airflow/example_dags/example_params_ui_tutorial.py
[2024-02-24T12:40:35.216-0600] {processor.py:830} INFO - Processing file /Users/vamseekrishna/Desktop/F1_Data_Warehouse/f1datawarehouse/lib/python3.9/site-packages/airflow/example_dags/example_params_ui_tutorial.py for tasks to queue
[2024-02-24T12:40:35.217-0600] {logging_mixin.py:188} INFO - [2024-02-24T12:40:35.216-0600] {dagbag.py:538} INFO - Filling up the DagBag from /Users/vamseekrishna/Desktop/F1_Data_Warehouse/f1datawarehouse/lib/python3.9/site-packages/airflow/example_dags/example_params_ui_tutorial.py
[2024-02-24T12:40:35.234-0600] {processor.py:840} INFO - DAG(s) 'example_params_ui_tutorial' retrieved from /Users/vamseekrishna/Desktop/F1_Data_Warehouse/f1datawarehouse/lib/python3.9/site-packages/airflow/example_dags/example_params_ui_tutorial.py
[2024-02-24T12:40:35.292-0600] {logging_mixin.py:188} INFO - [2024-02-24T12:40:35.292-0600] {dag.py:3036} INFO - Sync 1 DAGs
[2024-02-24T12:40:35.296-0600] {logging_mixin.py:188} INFO - [2024-02-24T12:40:35.296-0600] {dag.py:3823} INFO - Setting next_dagrun for example_params_ui_tutorial to None, run_after=None
[2024-02-24T12:40:35.303-0600] {processor.py:183} INFO - Processing /Users/vamseekrishna/Desktop/F1_Data_Warehouse/f1datawarehouse/lib/python3.9/site-packages/airflow/example_dags/example_params_ui_tutorial.py took 0.090 seconds
[2024-02-24T12:42:39.538-0600] {processor.py:161} INFO - Started process (PID=76637) to work on /Users/vamseekrishna/Desktop/F1_Data_Warehouse/f1datawarehouse/lib/python3.9/site-packages/airflow/example_dags/example_params_ui_tutorial.py
[2024-02-24T12:42:39.547-0600] {processor.py:830} INFO - Processing file /Users/vamseekrishna/Desktop/F1_Data_Warehouse/f1datawarehouse/lib/python3.9/site-packages/airflow/example_dags/example_params_ui_tutorial.py for tasks to queue
[2024-02-24T12:42:39.548-0600] {logging_mixin.py:188} INFO - [2024-02-24T12:42:39.547-0600] {dagbag.py:538} INFO - Filling up the DagBag from /Users/vamseekrishna/Desktop/F1_Data_Warehouse/f1datawarehouse/lib/python3.9/site-packages/airflow/example_dags/example_params_ui_tutorial.py
[2024-02-24T12:42:39.573-0600] {processor.py:840} INFO - DAG(s) 'example_params_ui_tutorial' retrieved from /Users/vamseekrishna/Desktop/F1_Data_Warehouse/f1datawarehouse/lib/python3.9/site-packages/airflow/example_dags/example_params_ui_tutorial.py
[2024-02-24T12:42:39.644-0600] {logging_mixin.py:188} INFO - [2024-02-24T12:42:39.644-0600] {dag.py:3036} INFO - Sync 1 DAGs
[2024-02-24T12:42:39.648-0600] {logging_mixin.py:188} INFO - [2024-02-24T12:42:39.648-0600] {dag.py:3823} INFO - Setting next_dagrun for example_params_ui_tutorial to None, run_after=None
[2024-02-24T12:42:39.657-0600] {processor.py:183} INFO - Processing /Users/vamseekrishna/Desktop/F1_Data_Warehouse/f1datawarehouse/lib/python3.9/site-packages/airflow/example_dags/example_params_ui_tutorial.py took 0.119 seconds
[2024-02-24T12:44:49.899-0600] {processor.py:161} INFO - Started process (PID=76893) to work on /Users/vamseekrishna/Desktop/F1_Data_Warehouse/f1datawarehouse/lib/python3.9/site-packages/airflow/example_dags/example_params_ui_tutorial.py
[2024-02-24T12:44:49.900-0600] {processor.py:830} INFO - Processing file /Users/vamseekrishna/Desktop/F1_Data_Warehouse/f1datawarehouse/lib/python3.9/site-packages/airflow/example_dags/example_params_ui_tutorial.py for tasks to queue
[2024-02-24T12:44:49.901-0600] {logging_mixin.py:188} INFO - [2024-02-24T12:44:49.901-0600] {dagbag.py:538} INFO - Filling up the DagBag from /Users/vamseekrishna/Desktop/F1_Data_Warehouse/f1datawarehouse/lib/python3.9/site-packages/airflow/example_dags/example_params_ui_tutorial.py
[2024-02-24T12:44:49.920-0600] {processor.py:840} INFO - DAG(s) 'example_params_ui_tutorial' retrieved from /Users/vamseekrishna/Desktop/F1_Data_Warehouse/f1datawarehouse/lib/python3.9/site-packages/airflow/example_dags/example_params_ui_tutorial.py
[2024-02-24T12:44:49.980-0600] {logging_mixin.py:188} INFO - [2024-02-24T12:44:49.980-0600] {dag.py:3036} INFO - Sync 1 DAGs
[2024-02-24T12:44:49.984-0600] {logging_mixin.py:188} INFO - [2024-02-24T12:44:49.984-0600] {dag.py:3823} INFO - Setting next_dagrun for example_params_ui_tutorial to None, run_after=None
[2024-02-24T12:44:49.993-0600] {processor.py:183} INFO - Processing /Users/vamseekrishna/Desktop/F1_Data_Warehouse/f1datawarehouse/lib/python3.9/site-packages/airflow/example_dags/example_params_ui_tutorial.py took 0.095 seconds
[2024-02-24T12:47:04.333-0600] {processor.py:161} INFO - Started process (PID=77019) to work on /Users/vamseekrishna/Desktop/F1_Data_Warehouse/f1datawarehouse/lib/python3.9/site-packages/airflow/example_dags/example_params_ui_tutorial.py
[2024-02-24T12:47:04.335-0600] {processor.py:830} INFO - Processing file /Users/vamseekrishna/Desktop/F1_Data_Warehouse/f1datawarehouse/lib/python3.9/site-packages/airflow/example_dags/example_params_ui_tutorial.py for tasks to queue
[2024-02-24T12:47:04.335-0600] {logging_mixin.py:188} INFO - [2024-02-24T12:47:04.335-0600] {dagbag.py:538} INFO - Filling up the DagBag from /Users/vamseekrishna/Desktop/F1_Data_Warehouse/f1datawarehouse/lib/python3.9/site-packages/airflow/example_dags/example_params_ui_tutorial.py
[2024-02-24T12:47:04.358-0600] {processor.py:840} INFO - DAG(s) 'example_params_ui_tutorial' retrieved from /Users/vamseekrishna/Desktop/F1_Data_Warehouse/f1datawarehouse/lib/python3.9/site-packages/airflow/example_dags/example_params_ui_tutorial.py
[2024-02-24T12:47:04.419-0600] {logging_mixin.py:188} INFO - [2024-02-24T12:47:04.419-0600] {dag.py:3036} INFO - Sync 1 DAGs
[2024-02-24T12:47:04.424-0600] {logging_mixin.py:188} INFO - [2024-02-24T12:47:04.424-0600] {dag.py:3823} INFO - Setting next_dagrun for example_params_ui_tutorial to None, run_after=None
[2024-02-24T12:47:04.432-0600] {processor.py:183} INFO - Processing /Users/vamseekrishna/Desktop/F1_Data_Warehouse/f1datawarehouse/lib/python3.9/site-packages/airflow/example_dags/example_params_ui_tutorial.py took 0.100 seconds
[2024-02-24T12:49:14.046-0600] {processor.py:161} INFO - Started process (PID=77127) to work on /Users/vamseekrishna/Desktop/F1_Data_Warehouse/f1datawarehouse/lib/python3.9/site-packages/airflow/example_dags/example_params_ui_tutorial.py
[2024-02-24T12:49:14.048-0600] {processor.py:830} INFO - Processing file /Users/vamseekrishna/Desktop/F1_Data_Warehouse/f1datawarehouse/lib/python3.9/site-packages/airflow/example_dags/example_params_ui_tutorial.py for tasks to queue
[2024-02-24T12:49:14.048-0600] {logging_mixin.py:188} INFO - [2024-02-24T12:49:14.048-0600] {dagbag.py:538} INFO - Filling up the DagBag from /Users/vamseekrishna/Desktop/F1_Data_Warehouse/f1datawarehouse/lib/python3.9/site-packages/airflow/example_dags/example_params_ui_tutorial.py
[2024-02-24T12:49:14.071-0600] {processor.py:840} INFO - DAG(s) 'example_params_ui_tutorial' retrieved from /Users/vamseekrishna/Desktop/F1_Data_Warehouse/f1datawarehouse/lib/python3.9/site-packages/airflow/example_dags/example_params_ui_tutorial.py
[2024-02-24T12:49:14.137-0600] {logging_mixin.py:188} INFO - [2024-02-24T12:49:14.137-0600] {dag.py:3036} INFO - Sync 1 DAGs
[2024-02-24T12:49:14.141-0600] {logging_mixin.py:188} INFO - [2024-02-24T12:49:14.141-0600] {dag.py:3823} INFO - Setting next_dagrun for example_params_ui_tutorial to None, run_after=None
[2024-02-24T12:49:14.150-0600] {processor.py:183} INFO - Processing /Users/vamseekrishna/Desktop/F1_Data_Warehouse/f1datawarehouse/lib/python3.9/site-packages/airflow/example_dags/example_params_ui_tutorial.py took 0.104 seconds
[2024-02-24T12:51:18.430-0600] {processor.py:161} INFO - Started process (PID=77225) to work on /Users/vamseekrishna/Desktop/F1_Data_Warehouse/f1datawarehouse/lib/python3.9/site-packages/airflow/example_dags/example_params_ui_tutorial.py
[2024-02-24T12:51:18.433-0600] {processor.py:830} INFO - Processing file /Users/vamseekrishna/Desktop/F1_Data_Warehouse/f1datawarehouse/lib/python3.9/site-packages/airflow/example_dags/example_params_ui_tutorial.py for tasks to queue
[2024-02-24T12:51:18.433-0600] {logging_mixin.py:188} INFO - [2024-02-24T12:51:18.433-0600] {dagbag.py:538} INFO - Filling up the DagBag from /Users/vamseekrishna/Desktop/F1_Data_Warehouse/f1datawarehouse/lib/python3.9/site-packages/airflow/example_dags/example_params_ui_tutorial.py
[2024-02-24T12:51:18.452-0600] {processor.py:840} INFO - DAG(s) 'example_params_ui_tutorial' retrieved from /Users/vamseekrishna/Desktop/F1_Data_Warehouse/f1datawarehouse/lib/python3.9/site-packages/airflow/example_dags/example_params_ui_tutorial.py
[2024-02-24T12:51:18.525-0600] {logging_mixin.py:188} INFO - [2024-02-24T12:51:18.525-0600] {dag.py:3036} INFO - Sync 1 DAGs
[2024-02-24T12:51:18.529-0600] {logging_mixin.py:188} INFO - [2024-02-24T12:51:18.529-0600] {dag.py:3823} INFO - Setting next_dagrun for example_params_ui_tutorial to None, run_after=None
[2024-02-24T12:51:18.537-0600] {processor.py:183} INFO - Processing /Users/vamseekrishna/Desktop/F1_Data_Warehouse/f1datawarehouse/lib/python3.9/site-packages/airflow/example_dags/example_params_ui_tutorial.py took 0.107 seconds
[2024-02-24T12:53:25.943-0600] {processor.py:161} INFO - Started process (PID=77335) to work on /Users/vamseekrishna/Desktop/F1_Data_Warehouse/f1datawarehouse/lib/python3.9/site-packages/airflow/example_dags/example_params_ui_tutorial.py
[2024-02-24T12:53:25.945-0600] {processor.py:830} INFO - Processing file /Users/vamseekrishna/Desktop/F1_Data_Warehouse/f1datawarehouse/lib/python3.9/site-packages/airflow/example_dags/example_params_ui_tutorial.py for tasks to queue
[2024-02-24T12:53:25.945-0600] {logging_mixin.py:188} INFO - [2024-02-24T12:53:25.945-0600] {dagbag.py:538} INFO - Filling up the DagBag from /Users/vamseekrishna/Desktop/F1_Data_Warehouse/f1datawarehouse/lib/python3.9/site-packages/airflow/example_dags/example_params_ui_tutorial.py
[2024-02-24T12:53:25.963-0600] {processor.py:840} INFO - DAG(s) 'example_params_ui_tutorial' retrieved from /Users/vamseekrishna/Desktop/F1_Data_Warehouse/f1datawarehouse/lib/python3.9/site-packages/airflow/example_dags/example_params_ui_tutorial.py
[2024-02-24T12:53:26.027-0600] {logging_mixin.py:188} INFO - [2024-02-24T12:53:26.027-0600] {dag.py:3036} INFO - Sync 1 DAGs
[2024-02-24T12:53:26.031-0600] {logging_mixin.py:188} INFO - [2024-02-24T12:53:26.031-0600] {dag.py:3823} INFO - Setting next_dagrun for example_params_ui_tutorial to None, run_after=None
[2024-02-24T12:53:26.040-0600] {processor.py:183} INFO - Processing /Users/vamseekrishna/Desktop/F1_Data_Warehouse/f1datawarehouse/lib/python3.9/site-packages/airflow/example_dags/example_params_ui_tutorial.py took 0.097 seconds
[2024-02-24T12:55:39.698-0600] {processor.py:161} INFO - Started process (PID=77445) to work on /Users/vamseekrishna/Desktop/F1_Data_Warehouse/f1datawarehouse/lib/python3.9/site-packages/airflow/example_dags/example_params_ui_tutorial.py
[2024-02-24T12:55:39.701-0600] {processor.py:830} INFO - Processing file /Users/vamseekrishna/Desktop/F1_Data_Warehouse/f1datawarehouse/lib/python3.9/site-packages/airflow/example_dags/example_params_ui_tutorial.py for tasks to queue
[2024-02-24T12:55:39.701-0600] {logging_mixin.py:188} INFO - [2024-02-24T12:55:39.701-0600] {dagbag.py:538} INFO - Filling up the DagBag from /Users/vamseekrishna/Desktop/F1_Data_Warehouse/f1datawarehouse/lib/python3.9/site-packages/airflow/example_dags/example_params_ui_tutorial.py
[2024-02-24T12:55:39.720-0600] {processor.py:840} INFO - DAG(s) 'example_params_ui_tutorial' retrieved from /Users/vamseekrishna/Desktop/F1_Data_Warehouse/f1datawarehouse/lib/python3.9/site-packages/airflow/example_dags/example_params_ui_tutorial.py
[2024-02-24T12:55:39.785-0600] {logging_mixin.py:188} INFO - [2024-02-24T12:55:39.785-0600] {dag.py:3036} INFO - Sync 1 DAGs
[2024-02-24T12:55:39.789-0600] {logging_mixin.py:188} INFO - [2024-02-24T12:55:39.789-0600] {dag.py:3823} INFO - Setting next_dagrun for example_params_ui_tutorial to None, run_after=None
[2024-02-24T12:55:39.802-0600] {processor.py:183} INFO - Processing /Users/vamseekrishna/Desktop/F1_Data_Warehouse/f1datawarehouse/lib/python3.9/site-packages/airflow/example_dags/example_params_ui_tutorial.py took 0.104 seconds
[2024-02-24T12:57:47.984-0600] {processor.py:161} INFO - Started process (PID=77546) to work on /Users/vamseekrishna/Desktop/F1_Data_Warehouse/f1datawarehouse/lib/python3.9/site-packages/airflow/example_dags/example_params_ui_tutorial.py
[2024-02-24T12:57:47.986-0600] {processor.py:830} INFO - Processing file /Users/vamseekrishna/Desktop/F1_Data_Warehouse/f1datawarehouse/lib/python3.9/site-packages/airflow/example_dags/example_params_ui_tutorial.py for tasks to queue
[2024-02-24T12:57:47.987-0600] {logging_mixin.py:188} INFO - [2024-02-24T12:57:47.987-0600] {dagbag.py:538} INFO - Filling up the DagBag from /Users/vamseekrishna/Desktop/F1_Data_Warehouse/f1datawarehouse/lib/python3.9/site-packages/airflow/example_dags/example_params_ui_tutorial.py
[2024-02-24T12:57:48.006-0600] {processor.py:840} INFO - DAG(s) 'example_params_ui_tutorial' retrieved from /Users/vamseekrishna/Desktop/F1_Data_Warehouse/f1datawarehouse/lib/python3.9/site-packages/airflow/example_dags/example_params_ui_tutorial.py
[2024-02-24T12:57:48.071-0600] {logging_mixin.py:188} INFO - [2024-02-24T12:57:48.071-0600] {dag.py:3036} INFO - Sync 1 DAGs
[2024-02-24T12:57:48.075-0600] {logging_mixin.py:188} INFO - [2024-02-24T12:57:48.075-0600] {dag.py:3823} INFO - Setting next_dagrun for example_params_ui_tutorial to None, run_after=None
[2024-02-24T12:57:48.085-0600] {processor.py:183} INFO - Processing /Users/vamseekrishna/Desktop/F1_Data_Warehouse/f1datawarehouse/lib/python3.9/site-packages/airflow/example_dags/example_params_ui_tutorial.py took 0.101 seconds
[2024-02-24T12:59:54.855-0600] {processor.py:161} INFO - Started process (PID=77659) to work on /Users/vamseekrishna/Desktop/F1_Data_Warehouse/f1datawarehouse/lib/python3.9/site-packages/airflow/example_dags/example_params_ui_tutorial.py
[2024-02-24T12:59:54.857-0600] {processor.py:830} INFO - Processing file /Users/vamseekrishna/Desktop/F1_Data_Warehouse/f1datawarehouse/lib/python3.9/site-packages/airflow/example_dags/example_params_ui_tutorial.py for tasks to queue
[2024-02-24T12:59:54.857-0600] {logging_mixin.py:188} INFO - [2024-02-24T12:59:54.857-0600] {dagbag.py:538} INFO - Filling up the DagBag from /Users/vamseekrishna/Desktop/F1_Data_Warehouse/f1datawarehouse/lib/python3.9/site-packages/airflow/example_dags/example_params_ui_tutorial.py
[2024-02-24T12:59:54.876-0600] {processor.py:840} INFO - DAG(s) 'example_params_ui_tutorial' retrieved from /Users/vamseekrishna/Desktop/F1_Data_Warehouse/f1datawarehouse/lib/python3.9/site-packages/airflow/example_dags/example_params_ui_tutorial.py
[2024-02-24T12:59:54.936-0600] {logging_mixin.py:188} INFO - [2024-02-24T12:59:54.936-0600] {dag.py:3036} INFO - Sync 1 DAGs
[2024-02-24T12:59:54.940-0600] {logging_mixin.py:188} INFO - [2024-02-24T12:59:54.940-0600] {dag.py:3823} INFO - Setting next_dagrun for example_params_ui_tutorial to None, run_after=None
[2024-02-24T12:59:54.948-0600] {processor.py:183} INFO - Processing /Users/vamseekrishna/Desktop/F1_Data_Warehouse/f1datawarehouse/lib/python3.9/site-packages/airflow/example_dags/example_params_ui_tutorial.py took 0.094 seconds
[2024-02-24T13:01:58.919-0600] {processor.py:161} INFO - Started process (PID=77823) to work on /Users/vamseekrishna/Desktop/F1_Data_Warehouse/f1datawarehouse/lib/python3.9/site-packages/airflow/example_dags/example_params_ui_tutorial.py
[2024-02-24T13:01:58.920-0600] {processor.py:830} INFO - Processing file /Users/vamseekrishna/Desktop/F1_Data_Warehouse/f1datawarehouse/lib/python3.9/site-packages/airflow/example_dags/example_params_ui_tutorial.py for tasks to queue
[2024-02-24T13:01:58.920-0600] {logging_mixin.py:188} INFO - [2024-02-24T13:01:58.920-0600] {dagbag.py:538} INFO - Filling up the DagBag from /Users/vamseekrishna/Desktop/F1_Data_Warehouse/f1datawarehouse/lib/python3.9/site-packages/airflow/example_dags/example_params_ui_tutorial.py
[2024-02-24T13:01:58.937-0600] {processor.py:840} INFO - DAG(s) 'example_params_ui_tutorial' retrieved from /Users/vamseekrishna/Desktop/F1_Data_Warehouse/f1datawarehouse/lib/python3.9/site-packages/airflow/example_dags/example_params_ui_tutorial.py
[2024-02-24T13:01:58.992-0600] {logging_mixin.py:188} INFO - [2024-02-24T13:01:58.992-0600] {dag.py:3036} INFO - Sync 1 DAGs
[2024-02-24T13:01:58.995-0600] {logging_mixin.py:188} INFO - [2024-02-24T13:01:58.995-0600] {dag.py:3823} INFO - Setting next_dagrun for example_params_ui_tutorial to None, run_after=None
[2024-02-24T13:01:59.002-0600] {processor.py:183} INFO - Processing /Users/vamseekrishna/Desktop/F1_Data_Warehouse/f1datawarehouse/lib/python3.9/site-packages/airflow/example_dags/example_params_ui_tutorial.py took 0.084 seconds
[2024-02-24T13:03:55.747-0600] {processor.py:161} INFO - Started process (PID=77915) to work on /Users/vamseekrishna/Desktop/F1_Data_Warehouse/f1datawarehouse/lib/python3.9/site-packages/airflow/example_dags/example_params_ui_tutorial.py
[2024-02-24T13:03:55.748-0600] {processor.py:830} INFO - Processing file /Users/vamseekrishna/Desktop/F1_Data_Warehouse/f1datawarehouse/lib/python3.9/site-packages/airflow/example_dags/example_params_ui_tutorial.py for tasks to queue
[2024-02-24T13:03:55.749-0600] {logging_mixin.py:188} INFO - [2024-02-24T13:03:55.749-0600] {dagbag.py:538} INFO - Filling up the DagBag from /Users/vamseekrishna/Desktop/F1_Data_Warehouse/f1datawarehouse/lib/python3.9/site-packages/airflow/example_dags/example_params_ui_tutorial.py
[2024-02-24T13:03:55.765-0600] {processor.py:840} INFO - DAG(s) 'example_params_ui_tutorial' retrieved from /Users/vamseekrishna/Desktop/F1_Data_Warehouse/f1datawarehouse/lib/python3.9/site-packages/airflow/example_dags/example_params_ui_tutorial.py
[2024-02-24T13:03:55.818-0600] {logging_mixin.py:188} INFO - [2024-02-24T13:03:55.818-0600] {dag.py:3036} INFO - Sync 1 DAGs
[2024-02-24T13:03:55.822-0600] {logging_mixin.py:188} INFO - [2024-02-24T13:03:55.822-0600] {dag.py:3823} INFO - Setting next_dagrun for example_params_ui_tutorial to None, run_after=None
[2024-02-24T13:03:55.829-0600] {processor.py:183} INFO - Processing /Users/vamseekrishna/Desktop/F1_Data_Warehouse/f1datawarehouse/lib/python3.9/site-packages/airflow/example_dags/example_params_ui_tutorial.py took 0.082 seconds
[2024-02-24T13:05:45.704-0600] {processor.py:161} INFO - Started process (PID=77998) to work on /Users/vamseekrishna/Desktop/F1_Data_Warehouse/f1datawarehouse/lib/python3.9/site-packages/airflow/example_dags/example_params_ui_tutorial.py
[2024-02-24T13:05:45.706-0600] {processor.py:830} INFO - Processing file /Users/vamseekrishna/Desktop/F1_Data_Warehouse/f1datawarehouse/lib/python3.9/site-packages/airflow/example_dags/example_params_ui_tutorial.py for tasks to queue
[2024-02-24T13:05:45.706-0600] {logging_mixin.py:188} INFO - [2024-02-24T13:05:45.706-0600] {dagbag.py:538} INFO - Filling up the DagBag from /Users/vamseekrishna/Desktop/F1_Data_Warehouse/f1datawarehouse/lib/python3.9/site-packages/airflow/example_dags/example_params_ui_tutorial.py
[2024-02-24T13:05:45.722-0600] {processor.py:840} INFO - DAG(s) 'example_params_ui_tutorial' retrieved from /Users/vamseekrishna/Desktop/F1_Data_Warehouse/f1datawarehouse/lib/python3.9/site-packages/airflow/example_dags/example_params_ui_tutorial.py
[2024-02-24T13:05:45.776-0600] {logging_mixin.py:188} INFO - [2024-02-24T13:05:45.776-0600] {dag.py:3036} INFO - Sync 1 DAGs
[2024-02-24T13:05:45.780-0600] {logging_mixin.py:188} INFO - [2024-02-24T13:05:45.780-0600] {dag.py:3823} INFO - Setting next_dagrun for example_params_ui_tutorial to None, run_after=None
[2024-02-24T13:05:45.787-0600] {processor.py:183} INFO - Processing /Users/vamseekrishna/Desktop/F1_Data_Warehouse/f1datawarehouse/lib/python3.9/site-packages/airflow/example_dags/example_params_ui_tutorial.py took 0.083 seconds
[2024-02-24T13:07:38.830-0600] {processor.py:161} INFO - Started process (PID=78082) to work on /Users/vamseekrishna/Desktop/F1_Data_Warehouse/f1datawarehouse/lib/python3.9/site-packages/airflow/example_dags/example_params_ui_tutorial.py
[2024-02-24T13:07:38.831-0600] {processor.py:830} INFO - Processing file /Users/vamseekrishna/Desktop/F1_Data_Warehouse/f1datawarehouse/lib/python3.9/site-packages/airflow/example_dags/example_params_ui_tutorial.py for tasks to queue
[2024-02-24T13:07:38.831-0600] {logging_mixin.py:188} INFO - [2024-02-24T13:07:38.831-0600] {dagbag.py:538} INFO - Filling up the DagBag from /Users/vamseekrishna/Desktop/F1_Data_Warehouse/f1datawarehouse/lib/python3.9/site-packages/airflow/example_dags/example_params_ui_tutorial.py
[2024-02-24T13:07:38.847-0600] {processor.py:840} INFO - DAG(s) 'example_params_ui_tutorial' retrieved from /Users/vamseekrishna/Desktop/F1_Data_Warehouse/f1datawarehouse/lib/python3.9/site-packages/airflow/example_dags/example_params_ui_tutorial.py
[2024-02-24T13:07:38.901-0600] {logging_mixin.py:188} INFO - [2024-02-24T13:07:38.901-0600] {dag.py:3036} INFO - Sync 1 DAGs
[2024-02-24T13:07:38.904-0600] {logging_mixin.py:188} INFO - [2024-02-24T13:07:38.904-0600] {dag.py:3823} INFO - Setting next_dagrun for example_params_ui_tutorial to None, run_after=None
[2024-02-24T13:07:38.911-0600] {processor.py:183} INFO - Processing /Users/vamseekrishna/Desktop/F1_Data_Warehouse/f1datawarehouse/lib/python3.9/site-packages/airflow/example_dags/example_params_ui_tutorial.py took 0.082 seconds
[2024-02-24T13:09:31.010-0600] {processor.py:161} INFO - Started process (PID=78174) to work on /Users/vamseekrishna/Desktop/F1_Data_Warehouse/f1datawarehouse/lib/python3.9/site-packages/airflow/example_dags/example_params_ui_tutorial.py
[2024-02-24T13:09:31.012-0600] {processor.py:830} INFO - Processing file /Users/vamseekrishna/Desktop/F1_Data_Warehouse/f1datawarehouse/lib/python3.9/site-packages/airflow/example_dags/example_params_ui_tutorial.py for tasks to queue
[2024-02-24T13:09:31.012-0600] {logging_mixin.py:188} INFO - [2024-02-24T13:09:31.012-0600] {dagbag.py:538} INFO - Filling up the DagBag from /Users/vamseekrishna/Desktop/F1_Data_Warehouse/f1datawarehouse/lib/python3.9/site-packages/airflow/example_dags/example_params_ui_tutorial.py
[2024-02-24T13:09:31.029-0600] {processor.py:840} INFO - DAG(s) 'example_params_ui_tutorial' retrieved from /Users/vamseekrishna/Desktop/F1_Data_Warehouse/f1datawarehouse/lib/python3.9/site-packages/airflow/example_dags/example_params_ui_tutorial.py
[2024-02-24T13:09:31.083-0600] {logging_mixin.py:188} INFO - [2024-02-24T13:09:31.083-0600] {dag.py:3036} INFO - Sync 1 DAGs
[2024-02-24T13:09:31.086-0600] {logging_mixin.py:188} INFO - [2024-02-24T13:09:31.086-0600] {dag.py:3823} INFO - Setting next_dagrun for example_params_ui_tutorial to None, run_after=None
[2024-02-24T13:09:31.093-0600] {processor.py:183} INFO - Processing /Users/vamseekrishna/Desktop/F1_Data_Warehouse/f1datawarehouse/lib/python3.9/site-packages/airflow/example_dags/example_params_ui_tutorial.py took 0.083 seconds
[2024-02-24T13:11:22.097-0600] {processor.py:161} INFO - Started process (PID=78254) to work on /Users/vamseekrishna/Desktop/F1_Data_Warehouse/f1datawarehouse/lib/python3.9/site-packages/airflow/example_dags/example_params_ui_tutorial.py
[2024-02-24T13:11:22.099-0600] {processor.py:830} INFO - Processing file /Users/vamseekrishna/Desktop/F1_Data_Warehouse/f1datawarehouse/lib/python3.9/site-packages/airflow/example_dags/example_params_ui_tutorial.py for tasks to queue
[2024-02-24T13:11:22.099-0600] {logging_mixin.py:188} INFO - [2024-02-24T13:11:22.099-0600] {dagbag.py:538} INFO - Filling up the DagBag from /Users/vamseekrishna/Desktop/F1_Data_Warehouse/f1datawarehouse/lib/python3.9/site-packages/airflow/example_dags/example_params_ui_tutorial.py
[2024-02-24T13:11:22.115-0600] {processor.py:840} INFO - DAG(s) 'example_params_ui_tutorial' retrieved from /Users/vamseekrishna/Desktop/F1_Data_Warehouse/f1datawarehouse/lib/python3.9/site-packages/airflow/example_dags/example_params_ui_tutorial.py
[2024-02-24T13:11:22.169-0600] {logging_mixin.py:188} INFO - [2024-02-24T13:11:22.169-0600] {dag.py:3036} INFO - Sync 1 DAGs
[2024-02-24T13:11:22.172-0600] {logging_mixin.py:188} INFO - [2024-02-24T13:11:22.172-0600] {dag.py:3823} INFO - Setting next_dagrun for example_params_ui_tutorial to None, run_after=None
[2024-02-24T13:11:22.179-0600] {processor.py:183} INFO - Processing /Users/vamseekrishna/Desktop/F1_Data_Warehouse/f1datawarehouse/lib/python3.9/site-packages/airflow/example_dags/example_params_ui_tutorial.py took 0.083 seconds
[2024-02-24T13:13:09.708-0600] {processor.py:161} INFO - Started process (PID=78341) to work on /Users/vamseekrishna/Desktop/F1_Data_Warehouse/f1datawarehouse/lib/python3.9/site-packages/airflow/example_dags/example_params_ui_tutorial.py
[2024-02-24T13:13:09.710-0600] {processor.py:830} INFO - Processing file /Users/vamseekrishna/Desktop/F1_Data_Warehouse/f1datawarehouse/lib/python3.9/site-packages/airflow/example_dags/example_params_ui_tutorial.py for tasks to queue
[2024-02-24T13:13:09.710-0600] {logging_mixin.py:188} INFO - [2024-02-24T13:13:09.710-0600] {dagbag.py:538} INFO - Filling up the DagBag from /Users/vamseekrishna/Desktop/F1_Data_Warehouse/f1datawarehouse/lib/python3.9/site-packages/airflow/example_dags/example_params_ui_tutorial.py
[2024-02-24T13:13:09.726-0600] {processor.py:840} INFO - DAG(s) 'example_params_ui_tutorial' retrieved from /Users/vamseekrishna/Desktop/F1_Data_Warehouse/f1datawarehouse/lib/python3.9/site-packages/airflow/example_dags/example_params_ui_tutorial.py
[2024-02-24T13:13:09.781-0600] {logging_mixin.py:188} INFO - [2024-02-24T13:13:09.781-0600] {dag.py:3036} INFO - Sync 1 DAGs
[2024-02-24T13:13:09.785-0600] {logging_mixin.py:188} INFO - [2024-02-24T13:13:09.785-0600] {dag.py:3823} INFO - Setting next_dagrun for example_params_ui_tutorial to None, run_after=None
[2024-02-24T13:13:09.791-0600] {processor.py:183} INFO - Processing /Users/vamseekrishna/Desktop/F1_Data_Warehouse/f1datawarehouse/lib/python3.9/site-packages/airflow/example_dags/example_params_ui_tutorial.py took 0.084 seconds
[2024-02-24T13:14:58.773-0600] {processor.py:161} INFO - Started process (PID=78429) to work on /Users/vamseekrishna/Desktop/F1_Data_Warehouse/f1datawarehouse/lib/python3.9/site-packages/airflow/example_dags/example_params_ui_tutorial.py
[2024-02-24T13:14:58.775-0600] {processor.py:830} INFO - Processing file /Users/vamseekrishna/Desktop/F1_Data_Warehouse/f1datawarehouse/lib/python3.9/site-packages/airflow/example_dags/example_params_ui_tutorial.py for tasks to queue
[2024-02-24T13:14:58.776-0600] {logging_mixin.py:188} INFO - [2024-02-24T13:14:58.775-0600] {dagbag.py:538} INFO - Filling up the DagBag from /Users/vamseekrishna/Desktop/F1_Data_Warehouse/f1datawarehouse/lib/python3.9/site-packages/airflow/example_dags/example_params_ui_tutorial.py
[2024-02-24T13:14:58.792-0600] {processor.py:840} INFO - DAG(s) 'example_params_ui_tutorial' retrieved from /Users/vamseekrishna/Desktop/F1_Data_Warehouse/f1datawarehouse/lib/python3.9/site-packages/airflow/example_dags/example_params_ui_tutorial.py
[2024-02-24T13:14:58.847-0600] {logging_mixin.py:188} INFO - [2024-02-24T13:14:58.847-0600] {dag.py:3036} INFO - Sync 1 DAGs
[2024-02-24T13:14:58.850-0600] {logging_mixin.py:188} INFO - [2024-02-24T13:14:58.850-0600] {dag.py:3823} INFO - Setting next_dagrun for example_params_ui_tutorial to None, run_after=None
[2024-02-24T13:14:58.857-0600] {processor.py:183} INFO - Processing /Users/vamseekrishna/Desktop/F1_Data_Warehouse/f1datawarehouse/lib/python3.9/site-packages/airflow/example_dags/example_params_ui_tutorial.py took 0.084 seconds
[2024-02-24T13:16:51.446-0600] {processor.py:161} INFO - Started process (PID=78534) to work on /Users/vamseekrishna/Desktop/F1_Data_Warehouse/f1datawarehouse/lib/python3.9/site-packages/airflow/example_dags/example_params_ui_tutorial.py
[2024-02-24T13:16:51.447-0600] {processor.py:830} INFO - Processing file /Users/vamseekrishna/Desktop/F1_Data_Warehouse/f1datawarehouse/lib/python3.9/site-packages/airflow/example_dags/example_params_ui_tutorial.py for tasks to queue
[2024-02-24T13:16:51.448-0600] {logging_mixin.py:188} INFO - [2024-02-24T13:16:51.448-0600] {dagbag.py:538} INFO - Filling up the DagBag from /Users/vamseekrishna/Desktop/F1_Data_Warehouse/f1datawarehouse/lib/python3.9/site-packages/airflow/example_dags/example_params_ui_tutorial.py
[2024-02-24T13:16:51.464-0600] {processor.py:840} INFO - DAG(s) 'example_params_ui_tutorial' retrieved from /Users/vamseekrishna/Desktop/F1_Data_Warehouse/f1datawarehouse/lib/python3.9/site-packages/airflow/example_dags/example_params_ui_tutorial.py
[2024-02-24T13:16:51.519-0600] {logging_mixin.py:188} INFO - [2024-02-24T13:16:51.519-0600] {dag.py:3036} INFO - Sync 1 DAGs
[2024-02-24T13:16:51.522-0600] {logging_mixin.py:188} INFO - [2024-02-24T13:16:51.522-0600] {dag.py:3823} INFO - Setting next_dagrun for example_params_ui_tutorial to None, run_after=None
[2024-02-24T13:16:51.530-0600] {processor.py:183} INFO - Processing /Users/vamseekrishna/Desktop/F1_Data_Warehouse/f1datawarehouse/lib/python3.9/site-packages/airflow/example_dags/example_params_ui_tutorial.py took 0.085 seconds
[2024-02-24T13:18:44.359-0600] {processor.py:161} INFO - Started process (PID=78624) to work on /Users/vamseekrishna/Desktop/F1_Data_Warehouse/f1datawarehouse/lib/python3.9/site-packages/airflow/example_dags/example_params_ui_tutorial.py
[2024-02-24T13:18:44.360-0600] {processor.py:830} INFO - Processing file /Users/vamseekrishna/Desktop/F1_Data_Warehouse/f1datawarehouse/lib/python3.9/site-packages/airflow/example_dags/example_params_ui_tutorial.py for tasks to queue
[2024-02-24T13:18:44.361-0600] {logging_mixin.py:188} INFO - [2024-02-24T13:18:44.361-0600] {dagbag.py:538} INFO - Filling up the DagBag from /Users/vamseekrishna/Desktop/F1_Data_Warehouse/f1datawarehouse/lib/python3.9/site-packages/airflow/example_dags/example_params_ui_tutorial.py
[2024-02-24T13:18:44.377-0600] {processor.py:840} INFO - DAG(s) 'example_params_ui_tutorial' retrieved from /Users/vamseekrishna/Desktop/F1_Data_Warehouse/f1datawarehouse/lib/python3.9/site-packages/airflow/example_dags/example_params_ui_tutorial.py
[2024-02-24T13:18:44.431-0600] {logging_mixin.py:188} INFO - [2024-02-24T13:18:44.431-0600] {dag.py:3036} INFO - Sync 1 DAGs
[2024-02-24T13:18:44.435-0600] {logging_mixin.py:188} INFO - [2024-02-24T13:18:44.435-0600] {dag.py:3823} INFO - Setting next_dagrun for example_params_ui_tutorial to None, run_after=None
[2024-02-24T13:18:44.442-0600] {processor.py:183} INFO - Processing /Users/vamseekrishna/Desktop/F1_Data_Warehouse/f1datawarehouse/lib/python3.9/site-packages/airflow/example_dags/example_params_ui_tutorial.py took 0.083 seconds
[2024-02-24T13:20:33.763-0600] {processor.py:161} INFO - Started process (PID=78706) to work on /Users/vamseekrishna/Desktop/F1_Data_Warehouse/f1datawarehouse/lib/python3.9/site-packages/airflow/example_dags/example_params_ui_tutorial.py
[2024-02-24T13:20:33.765-0600] {processor.py:830} INFO - Processing file /Users/vamseekrishna/Desktop/F1_Data_Warehouse/f1datawarehouse/lib/python3.9/site-packages/airflow/example_dags/example_params_ui_tutorial.py for tasks to queue
[2024-02-24T13:20:33.765-0600] {logging_mixin.py:188} INFO - [2024-02-24T13:20:33.765-0600] {dagbag.py:538} INFO - Filling up the DagBag from /Users/vamseekrishna/Desktop/F1_Data_Warehouse/f1datawarehouse/lib/python3.9/site-packages/airflow/example_dags/example_params_ui_tutorial.py
[2024-02-24T13:20:33.781-0600] {processor.py:840} INFO - DAG(s) 'example_params_ui_tutorial' retrieved from /Users/vamseekrishna/Desktop/F1_Data_Warehouse/f1datawarehouse/lib/python3.9/site-packages/airflow/example_dags/example_params_ui_tutorial.py
[2024-02-24T13:20:33.835-0600] {logging_mixin.py:188} INFO - [2024-02-24T13:20:33.835-0600] {dag.py:3036} INFO - Sync 1 DAGs
[2024-02-24T13:20:33.838-0600] {logging_mixin.py:188} INFO - [2024-02-24T13:20:33.838-0600] {dag.py:3823} INFO - Setting next_dagrun for example_params_ui_tutorial to None, run_after=None
[2024-02-24T13:20:33.845-0600] {processor.py:183} INFO - Processing /Users/vamseekrishna/Desktop/F1_Data_Warehouse/f1datawarehouse/lib/python3.9/site-packages/airflow/example_dags/example_params_ui_tutorial.py took 0.083 seconds
[2024-02-24T13:22:21.733-0600] {processor.py:161} INFO - Started process (PID=78790) to work on /Users/vamseekrishna/Desktop/F1_Data_Warehouse/f1datawarehouse/lib/python3.9/site-packages/airflow/example_dags/example_params_ui_tutorial.py
[2024-02-24T13:22:21.735-0600] {processor.py:830} INFO - Processing file /Users/vamseekrishna/Desktop/F1_Data_Warehouse/f1datawarehouse/lib/python3.9/site-packages/airflow/example_dags/example_params_ui_tutorial.py for tasks to queue
[2024-02-24T13:22:21.735-0600] {logging_mixin.py:188} INFO - [2024-02-24T13:22:21.735-0600] {dagbag.py:538} INFO - Filling up the DagBag from /Users/vamseekrishna/Desktop/F1_Data_Warehouse/f1datawarehouse/lib/python3.9/site-packages/airflow/example_dags/example_params_ui_tutorial.py
[2024-02-24T13:22:21.751-0600] {processor.py:840} INFO - DAG(s) 'example_params_ui_tutorial' retrieved from /Users/vamseekrishna/Desktop/F1_Data_Warehouse/f1datawarehouse/lib/python3.9/site-packages/airflow/example_dags/example_params_ui_tutorial.py
[2024-02-24T13:22:21.808-0600] {logging_mixin.py:188} INFO - [2024-02-24T13:22:21.808-0600] {dag.py:3036} INFO - Sync 1 DAGs
[2024-02-24T13:22:21.812-0600] {logging_mixin.py:188} INFO - [2024-02-24T13:22:21.812-0600] {dag.py:3823} INFO - Setting next_dagrun for example_params_ui_tutorial to None, run_after=None
[2024-02-24T13:22:21.819-0600] {processor.py:183} INFO - Processing /Users/vamseekrishna/Desktop/F1_Data_Warehouse/f1datawarehouse/lib/python3.9/site-packages/airflow/example_dags/example_params_ui_tutorial.py took 0.086 seconds
[2024-02-24T13:24:19.449-0600] {processor.py:161} INFO - Started process (PID=78919) to work on /Users/vamseekrishna/Desktop/F1_Data_Warehouse/f1datawarehouse/lib/python3.9/site-packages/airflow/example_dags/example_params_ui_tutorial.py
[2024-02-24T13:24:19.450-0600] {processor.py:830} INFO - Processing file /Users/vamseekrishna/Desktop/F1_Data_Warehouse/f1datawarehouse/lib/python3.9/site-packages/airflow/example_dags/example_params_ui_tutorial.py for tasks to queue
[2024-02-24T13:24:19.450-0600] {logging_mixin.py:188} INFO - [2024-02-24T13:24:19.450-0600] {dagbag.py:538} INFO - Filling up the DagBag from /Users/vamseekrishna/Desktop/F1_Data_Warehouse/f1datawarehouse/lib/python3.9/site-packages/airflow/example_dags/example_params_ui_tutorial.py
[2024-02-24T13:24:19.466-0600] {processor.py:840} INFO - DAG(s) 'example_params_ui_tutorial' retrieved from /Users/vamseekrishna/Desktop/F1_Data_Warehouse/f1datawarehouse/lib/python3.9/site-packages/airflow/example_dags/example_params_ui_tutorial.py
[2024-02-24T13:24:19.520-0600] {logging_mixin.py:188} INFO - [2024-02-24T13:24:19.520-0600] {dag.py:3036} INFO - Sync 1 DAGs
[2024-02-24T13:24:19.524-0600] {logging_mixin.py:188} INFO - [2024-02-24T13:24:19.524-0600] {dag.py:3823} INFO - Setting next_dagrun for example_params_ui_tutorial to None, run_after=None
[2024-02-24T13:24:19.531-0600] {processor.py:183} INFO - Processing /Users/vamseekrishna/Desktop/F1_Data_Warehouse/f1datawarehouse/lib/python3.9/site-packages/airflow/example_dags/example_params_ui_tutorial.py took 0.083 seconds
[2024-02-24T13:26:10.195-0600] {processor.py:161} INFO - Started process (PID=79015) to work on /Users/vamseekrishna/Desktop/F1_Data_Warehouse/f1datawarehouse/lib/python3.9/site-packages/airflow/example_dags/example_params_ui_tutorial.py
[2024-02-24T13:26:10.196-0600] {processor.py:830} INFO - Processing file /Users/vamseekrishna/Desktop/F1_Data_Warehouse/f1datawarehouse/lib/python3.9/site-packages/airflow/example_dags/example_params_ui_tutorial.py for tasks to queue
[2024-02-24T13:26:10.196-0600] {logging_mixin.py:188} INFO - [2024-02-24T13:26:10.196-0600] {dagbag.py:538} INFO - Filling up the DagBag from /Users/vamseekrishna/Desktop/F1_Data_Warehouse/f1datawarehouse/lib/python3.9/site-packages/airflow/example_dags/example_params_ui_tutorial.py
[2024-02-24T13:26:10.213-0600] {processor.py:840} INFO - DAG(s) 'example_params_ui_tutorial' retrieved from /Users/vamseekrishna/Desktop/F1_Data_Warehouse/f1datawarehouse/lib/python3.9/site-packages/airflow/example_dags/example_params_ui_tutorial.py
[2024-02-24T13:26:10.267-0600] {logging_mixin.py:188} INFO - [2024-02-24T13:26:10.267-0600] {dag.py:3036} INFO - Sync 1 DAGs
[2024-02-24T13:26:10.276-0600] {logging_mixin.py:188} INFO - [2024-02-24T13:26:10.276-0600] {dag.py:3823} INFO - Setting next_dagrun for example_params_ui_tutorial to None, run_after=None
[2024-02-24T13:26:10.287-0600] {processor.py:183} INFO - Processing /Users/vamseekrishna/Desktop/F1_Data_Warehouse/f1datawarehouse/lib/python3.9/site-packages/airflow/example_dags/example_params_ui_tutorial.py took 0.093 seconds
[2024-02-24T13:27:57.239-0600] {processor.py:161} INFO - Started process (PID=79144) to work on /Users/vamseekrishna/Desktop/F1_Data_Warehouse/f1datawarehouse/lib/python3.9/site-packages/airflow/example_dags/example_params_ui_tutorial.py
[2024-02-24T13:27:57.240-0600] {processor.py:830} INFO - Processing file /Users/vamseekrishna/Desktop/F1_Data_Warehouse/f1datawarehouse/lib/python3.9/site-packages/airflow/example_dags/example_params_ui_tutorial.py for tasks to queue
[2024-02-24T13:27:57.241-0600] {logging_mixin.py:188} INFO - [2024-02-24T13:27:57.241-0600] {dagbag.py:538} INFO - Filling up the DagBag from /Users/vamseekrishna/Desktop/F1_Data_Warehouse/f1datawarehouse/lib/python3.9/site-packages/airflow/example_dags/example_params_ui_tutorial.py
[2024-02-24T13:27:57.258-0600] {processor.py:840} INFO - DAG(s) 'example_params_ui_tutorial' retrieved from /Users/vamseekrishna/Desktop/F1_Data_Warehouse/f1datawarehouse/lib/python3.9/site-packages/airflow/example_dags/example_params_ui_tutorial.py
[2024-02-24T13:27:57.312-0600] {logging_mixin.py:188} INFO - [2024-02-24T13:27:57.312-0600] {dag.py:3036} INFO - Sync 1 DAGs
[2024-02-24T13:27:57.315-0600] {logging_mixin.py:188} INFO - [2024-02-24T13:27:57.315-0600] {dag.py:3823} INFO - Setting next_dagrun for example_params_ui_tutorial to None, run_after=None
[2024-02-24T13:27:57.322-0600] {processor.py:183} INFO - Processing /Users/vamseekrishna/Desktop/F1_Data_Warehouse/f1datawarehouse/lib/python3.9/site-packages/airflow/example_dags/example_params_ui_tutorial.py took 0.084 seconds
[2024-02-24T13:29:43.969-0600] {processor.py:161} INFO - Started process (PID=79297) to work on /Users/vamseekrishna/Desktop/F1_Data_Warehouse/f1datawarehouse/lib/python3.9/site-packages/airflow/example_dags/example_params_ui_tutorial.py
[2024-02-24T13:29:43.971-0600] {processor.py:830} INFO - Processing file /Users/vamseekrishna/Desktop/F1_Data_Warehouse/f1datawarehouse/lib/python3.9/site-packages/airflow/example_dags/example_params_ui_tutorial.py for tasks to queue
[2024-02-24T13:29:43.971-0600] {logging_mixin.py:188} INFO - [2024-02-24T13:29:43.971-0600] {dagbag.py:538} INFO - Filling up the DagBag from /Users/vamseekrishna/Desktop/F1_Data_Warehouse/f1datawarehouse/lib/python3.9/site-packages/airflow/example_dags/example_params_ui_tutorial.py
[2024-02-24T13:29:43.987-0600] {processor.py:840} INFO - DAG(s) 'example_params_ui_tutorial' retrieved from /Users/vamseekrishna/Desktop/F1_Data_Warehouse/f1datawarehouse/lib/python3.9/site-packages/airflow/example_dags/example_params_ui_tutorial.py
[2024-02-24T13:29:44.041-0600] {logging_mixin.py:188} INFO - [2024-02-24T13:29:44.041-0600] {dag.py:3036} INFO - Sync 1 DAGs
[2024-02-24T13:29:44.044-0600] {logging_mixin.py:188} INFO - [2024-02-24T13:29:44.044-0600] {dag.py:3823} INFO - Setting next_dagrun for example_params_ui_tutorial to None, run_after=None
[2024-02-24T13:29:44.051-0600] {processor.py:183} INFO - Processing /Users/vamseekrishna/Desktop/F1_Data_Warehouse/f1datawarehouse/lib/python3.9/site-packages/airflow/example_dags/example_params_ui_tutorial.py took 0.083 seconds
