[2024-02-24T16:02:19.479-0600] {processor.py:161} INFO - Started process (PID=87847) to work on /Users/vamseekrishna/Desktop/F1_Data_Warehouse/f1datawarehouse/lib/python3.9/site-packages/airflow/example_dags/example_dynamic_task_mapping.py
[2024-02-24T16:02:19.481-0600] {processor.py:830} INFO - Processing file /Users/vamseekrishna/Desktop/F1_Data_Warehouse/f1datawarehouse/lib/python3.9/site-packages/airflow/example_dags/example_dynamic_task_mapping.py for tasks to queue
[2024-02-24T16:02:19.481-0600] {logging_mixin.py:188} INFO - [2024-02-24T16:02:19.481-0600] {dagbag.py:538} INFO - Filling up the DagBag from /Users/vamseekrishna/Desktop/F1_Data_Warehouse/f1datawarehouse/lib/python3.9/site-packages/airflow/example_dags/example_dynamic_task_mapping.py
[2024-02-24T16:02:19.502-0600] {processor.py:840} INFO - DAG(s) 'example_dynamic_task_mapping' retrieved from /Users/vamseekrishna/Desktop/F1_Data_Warehouse/f1datawarehouse/lib/python3.9/site-packages/airflow/example_dags/example_dynamic_task_mapping.py
[2024-02-24T16:02:19.602-0600] {logging_mixin.py:188} INFO - [2024-02-24T16:02:19.602-0600] {override.py:1769} INFO - Created Permission View: can edit on DAG:example_dynamic_task_mapping
[2024-02-24T16:02:19.605-0600] {logging_mixin.py:188} INFO - [2024-02-24T16:02:19.605-0600] {override.py:1769} INFO - Created Permission View: can read on DAG:example_dynamic_task_mapping
[2024-02-24T16:02:19.608-0600] {logging_mixin.py:188} INFO - [2024-02-24T16:02:19.607-0600] {override.py:1769} INFO - Created Permission View: can delete on DAG:example_dynamic_task_mapping
[2024-02-24T16:02:19.608-0600] {logging_mixin.py:188} INFO - [2024-02-24T16:02:19.608-0600] {dag.py:3036} INFO - Sync 1 DAGs
[2024-02-24T16:02:19.612-0600] {logging_mixin.py:188} INFO - [2024-02-24T16:02:19.612-0600] {dag.py:3058} INFO - Creating ORM DAG for example_dynamic_task_mapping
[2024-02-24T16:02:19.618-0600] {logging_mixin.py:188} INFO - [2024-02-24T16:02:19.617-0600] {dag.py:3823} INFO - Setting next_dagrun for example_dynamic_task_mapping to 2022-03-04 00:00:00+00:00, run_after=2022-03-05 00:00:00+00:00
[2024-02-24T16:02:19.624-0600] {processor.py:183} INFO - Processing /Users/vamseekrishna/Desktop/F1_Data_Warehouse/f1datawarehouse/lib/python3.9/site-packages/airflow/example_dags/example_dynamic_task_mapping.py took 0.146 seconds
[2024-02-24T16:04:24.250-0600] {processor.py:161} INFO - Started process (PID=88105) to work on /Users/vamseekrishna/Desktop/F1_Data_Warehouse/f1datawarehouse/lib/python3.9/site-packages/airflow/example_dags/example_dynamic_task_mapping.py
[2024-02-24T16:04:24.252-0600] {processor.py:830} INFO - Processing file /Users/vamseekrishna/Desktop/F1_Data_Warehouse/f1datawarehouse/lib/python3.9/site-packages/airflow/example_dags/example_dynamic_task_mapping.py for tasks to queue
[2024-02-24T16:04:24.252-0600] {logging_mixin.py:188} INFO - [2024-02-24T16:04:24.252-0600] {dagbag.py:538} INFO - Filling up the DagBag from /Users/vamseekrishna/Desktop/F1_Data_Warehouse/f1datawarehouse/lib/python3.9/site-packages/airflow/example_dags/example_dynamic_task_mapping.py
[2024-02-24T16:04:24.292-0600] {processor.py:840} INFO - DAG(s) 'example_dynamic_task_mapping' retrieved from /Users/vamseekrishna/Desktop/F1_Data_Warehouse/f1datawarehouse/lib/python3.9/site-packages/airflow/example_dags/example_dynamic_task_mapping.py
[2024-02-24T16:04:24.338-0600] {logging_mixin.py:188} INFO - [2024-02-24T16:04:24.338-0600] {dag.py:3036} INFO - Sync 1 DAGs
[2024-02-24T16:04:24.346-0600] {logging_mixin.py:188} INFO - [2024-02-24T16:04:24.346-0600] {dag.py:3823} INFO - Setting next_dagrun for example_dynamic_task_mapping to 2022-03-04 00:00:00+00:00, run_after=2022-03-05 00:00:00+00:00
[2024-02-24T16:04:24.354-0600] {processor.py:183} INFO - Processing /Users/vamseekrishna/Desktop/F1_Data_Warehouse/f1datawarehouse/lib/python3.9/site-packages/airflow/example_dags/example_dynamic_task_mapping.py took 0.105 seconds
[2024-02-24T16:06:20.773-0600] {processor.py:161} INFO - Started process (PID=88286) to work on /Users/vamseekrishna/Desktop/F1_Data_Warehouse/f1datawarehouse/lib/python3.9/site-packages/airflow/example_dags/example_dynamic_task_mapping.py
[2024-02-24T16:06:20.775-0600] {processor.py:830} INFO - Processing file /Users/vamseekrishna/Desktop/F1_Data_Warehouse/f1datawarehouse/lib/python3.9/site-packages/airflow/example_dags/example_dynamic_task_mapping.py for tasks to queue
[2024-02-24T16:06:20.775-0600] {logging_mixin.py:188} INFO - [2024-02-24T16:06:20.775-0600] {dagbag.py:538} INFO - Filling up the DagBag from /Users/vamseekrishna/Desktop/F1_Data_Warehouse/f1datawarehouse/lib/python3.9/site-packages/airflow/example_dags/example_dynamic_task_mapping.py
[2024-02-24T16:06:20.814-0600] {processor.py:840} INFO - DAG(s) 'example_dynamic_task_mapping' retrieved from /Users/vamseekrishna/Desktop/F1_Data_Warehouse/f1datawarehouse/lib/python3.9/site-packages/airflow/example_dags/example_dynamic_task_mapping.py
[2024-02-24T16:06:20.861-0600] {logging_mixin.py:188} INFO - [2024-02-24T16:06:20.861-0600] {dag.py:3036} INFO - Sync 1 DAGs
[2024-02-24T16:06:20.869-0600] {logging_mixin.py:188} INFO - [2024-02-24T16:06:20.869-0600] {dag.py:3823} INFO - Setting next_dagrun for example_dynamic_task_mapping to 2022-03-04 00:00:00+00:00, run_after=2022-03-05 00:00:00+00:00
[2024-02-24T16:06:20.877-0600] {processor.py:183} INFO - Processing /Users/vamseekrishna/Desktop/F1_Data_Warehouse/f1datawarehouse/lib/python3.9/site-packages/airflow/example_dags/example_dynamic_task_mapping.py took 0.104 seconds
[2024-02-24T16:08:19.608-0600] {processor.py:161} INFO - Started process (PID=88541) to work on /Users/vamseekrishna/Desktop/F1_Data_Warehouse/f1datawarehouse/lib/python3.9/site-packages/airflow/example_dags/example_dynamic_task_mapping.py
[2024-02-24T16:08:19.609-0600] {processor.py:830} INFO - Processing file /Users/vamseekrishna/Desktop/F1_Data_Warehouse/f1datawarehouse/lib/python3.9/site-packages/airflow/example_dags/example_dynamic_task_mapping.py for tasks to queue
[2024-02-24T16:08:19.610-0600] {logging_mixin.py:188} INFO - [2024-02-24T16:08:19.610-0600] {dagbag.py:538} INFO - Filling up the DagBag from /Users/vamseekrishna/Desktop/F1_Data_Warehouse/f1datawarehouse/lib/python3.9/site-packages/airflow/example_dags/example_dynamic_task_mapping.py
[2024-02-24T16:08:19.658-0600] {processor.py:840} INFO - DAG(s) 'example_dynamic_task_mapping' retrieved from /Users/vamseekrishna/Desktop/F1_Data_Warehouse/f1datawarehouse/lib/python3.9/site-packages/airflow/example_dags/example_dynamic_task_mapping.py
[2024-02-24T16:08:19.706-0600] {logging_mixin.py:188} INFO - [2024-02-24T16:08:19.705-0600] {dag.py:3036} INFO - Sync 1 DAGs
[2024-02-24T16:08:19.714-0600] {logging_mixin.py:188} INFO - [2024-02-24T16:08:19.714-0600] {dag.py:3823} INFO - Setting next_dagrun for example_dynamic_task_mapping to 2022-03-04 00:00:00+00:00, run_after=2022-03-05 00:00:00+00:00
[2024-02-24T16:08:19.722-0600] {processor.py:183} INFO - Processing /Users/vamseekrishna/Desktop/F1_Data_Warehouse/f1datawarehouse/lib/python3.9/site-packages/airflow/example_dags/example_dynamic_task_mapping.py took 0.114 seconds
[2024-02-24T16:10:14.657-0600] {processor.py:161} INFO - Started process (PID=88720) to work on /Users/vamseekrishna/Desktop/F1_Data_Warehouse/f1datawarehouse/lib/python3.9/site-packages/airflow/example_dags/example_dynamic_task_mapping.py
[2024-02-24T16:10:14.659-0600] {processor.py:830} INFO - Processing file /Users/vamseekrishna/Desktop/F1_Data_Warehouse/f1datawarehouse/lib/python3.9/site-packages/airflow/example_dags/example_dynamic_task_mapping.py for tasks to queue
[2024-02-24T16:10:14.659-0600] {logging_mixin.py:188} INFO - [2024-02-24T16:10:14.659-0600] {dagbag.py:538} INFO - Filling up the DagBag from /Users/vamseekrishna/Desktop/F1_Data_Warehouse/f1datawarehouse/lib/python3.9/site-packages/airflow/example_dags/example_dynamic_task_mapping.py
[2024-02-24T16:10:14.698-0600] {processor.py:840} INFO - DAG(s) 'example_dynamic_task_mapping' retrieved from /Users/vamseekrishna/Desktop/F1_Data_Warehouse/f1datawarehouse/lib/python3.9/site-packages/airflow/example_dags/example_dynamic_task_mapping.py
[2024-02-24T16:10:14.744-0600] {logging_mixin.py:188} INFO - [2024-02-24T16:10:14.743-0600] {dag.py:3036} INFO - Sync 1 DAGs
[2024-02-24T16:10:14.752-0600] {logging_mixin.py:188} INFO - [2024-02-24T16:10:14.752-0600] {dag.py:3823} INFO - Setting next_dagrun for example_dynamic_task_mapping to 2022-03-04 00:00:00+00:00, run_after=2022-03-05 00:00:00+00:00
[2024-02-24T16:10:14.759-0600] {processor.py:183} INFO - Processing /Users/vamseekrishna/Desktop/F1_Data_Warehouse/f1datawarehouse/lib/python3.9/site-packages/airflow/example_dags/example_dynamic_task_mapping.py took 0.103 seconds
[2024-02-24T16:12:10.200-0600] {processor.py:161} INFO - Started process (PID=88899) to work on /Users/vamseekrishna/Desktop/F1_Data_Warehouse/f1datawarehouse/lib/python3.9/site-packages/airflow/example_dags/example_dynamic_task_mapping.py
[2024-02-24T16:12:10.202-0600] {processor.py:830} INFO - Processing file /Users/vamseekrishna/Desktop/F1_Data_Warehouse/f1datawarehouse/lib/python3.9/site-packages/airflow/example_dags/example_dynamic_task_mapping.py for tasks to queue
[2024-02-24T16:12:10.202-0600] {logging_mixin.py:188} INFO - [2024-02-24T16:12:10.202-0600] {dagbag.py:538} INFO - Filling up the DagBag from /Users/vamseekrishna/Desktop/F1_Data_Warehouse/f1datawarehouse/lib/python3.9/site-packages/airflow/example_dags/example_dynamic_task_mapping.py
[2024-02-24T16:12:10.241-0600] {processor.py:840} INFO - DAG(s) 'example_dynamic_task_mapping' retrieved from /Users/vamseekrishna/Desktop/F1_Data_Warehouse/f1datawarehouse/lib/python3.9/site-packages/airflow/example_dags/example_dynamic_task_mapping.py
[2024-02-24T16:12:10.286-0600] {logging_mixin.py:188} INFO - [2024-02-24T16:12:10.286-0600] {dag.py:3036} INFO - Sync 1 DAGs
[2024-02-24T16:12:10.294-0600] {logging_mixin.py:188} INFO - [2024-02-24T16:12:10.294-0600] {dag.py:3823} INFO - Setting next_dagrun for example_dynamic_task_mapping to 2022-03-04 00:00:00+00:00, run_after=2022-03-05 00:00:00+00:00
[2024-02-24T16:12:10.302-0600] {processor.py:183} INFO - Processing /Users/vamseekrishna/Desktop/F1_Data_Warehouse/f1datawarehouse/lib/python3.9/site-packages/airflow/example_dags/example_dynamic_task_mapping.py took 0.103 seconds
[2024-02-24T16:14:01.107-0600] {processor.py:161} INFO - Started process (PID=89065) to work on /Users/vamseekrishna/Desktop/F1_Data_Warehouse/f1datawarehouse/lib/python3.9/site-packages/airflow/example_dags/example_dynamic_task_mapping.py
[2024-02-24T16:14:01.109-0600] {processor.py:830} INFO - Processing file /Users/vamseekrishna/Desktop/F1_Data_Warehouse/f1datawarehouse/lib/python3.9/site-packages/airflow/example_dags/example_dynamic_task_mapping.py for tasks to queue
[2024-02-24T16:14:01.109-0600] {logging_mixin.py:188} INFO - [2024-02-24T16:14:01.109-0600] {dagbag.py:538} INFO - Filling up the DagBag from /Users/vamseekrishna/Desktop/F1_Data_Warehouse/f1datawarehouse/lib/python3.9/site-packages/airflow/example_dags/example_dynamic_task_mapping.py
[2024-02-24T16:14:01.148-0600] {processor.py:840} INFO - DAG(s) 'example_dynamic_task_mapping' retrieved from /Users/vamseekrishna/Desktop/F1_Data_Warehouse/f1datawarehouse/lib/python3.9/site-packages/airflow/example_dags/example_dynamic_task_mapping.py
[2024-02-24T16:14:01.193-0600] {logging_mixin.py:188} INFO - [2024-02-24T16:14:01.193-0600] {dag.py:3036} INFO - Sync 1 DAGs
[2024-02-24T16:14:01.201-0600] {logging_mixin.py:188} INFO - [2024-02-24T16:14:01.201-0600] {dag.py:3823} INFO - Setting next_dagrun for example_dynamic_task_mapping to 2022-03-04 00:00:00+00:00, run_after=2022-03-05 00:00:00+00:00
[2024-02-24T16:14:01.208-0600] {processor.py:183} INFO - Processing /Users/vamseekrishna/Desktop/F1_Data_Warehouse/f1datawarehouse/lib/python3.9/site-packages/airflow/example_dags/example_dynamic_task_mapping.py took 0.102 seconds
[2024-02-24T16:15:50.343-0600] {processor.py:161} INFO - Started process (PID=89279) to work on /Users/vamseekrishna/Desktop/F1_Data_Warehouse/f1datawarehouse/lib/python3.9/site-packages/airflow/example_dags/example_dynamic_task_mapping.py
[2024-02-24T16:15:50.345-0600] {processor.py:830} INFO - Processing file /Users/vamseekrishna/Desktop/F1_Data_Warehouse/f1datawarehouse/lib/python3.9/site-packages/airflow/example_dags/example_dynamic_task_mapping.py for tasks to queue
[2024-02-24T16:15:50.345-0600] {logging_mixin.py:188} INFO - [2024-02-24T16:15:50.345-0600] {dagbag.py:538} INFO - Filling up the DagBag from /Users/vamseekrishna/Desktop/F1_Data_Warehouse/f1datawarehouse/lib/python3.9/site-packages/airflow/example_dags/example_dynamic_task_mapping.py
[2024-02-24T16:15:50.384-0600] {processor.py:840} INFO - DAG(s) 'example_dynamic_task_mapping' retrieved from /Users/vamseekrishna/Desktop/F1_Data_Warehouse/f1datawarehouse/lib/python3.9/site-packages/airflow/example_dags/example_dynamic_task_mapping.py
[2024-02-24T16:15:50.429-0600] {logging_mixin.py:188} INFO - [2024-02-24T16:15:50.429-0600] {dag.py:3036} INFO - Sync 1 DAGs
[2024-02-24T16:15:50.438-0600] {logging_mixin.py:188} INFO - [2024-02-24T16:15:50.438-0600] {dag.py:3823} INFO - Setting next_dagrun for example_dynamic_task_mapping to 2022-03-04 00:00:00+00:00, run_after=2022-03-05 00:00:00+00:00
[2024-02-24T16:15:50.445-0600] {processor.py:183} INFO - Processing /Users/vamseekrishna/Desktop/F1_Data_Warehouse/f1datawarehouse/lib/python3.9/site-packages/airflow/example_dags/example_dynamic_task_mapping.py took 0.102 seconds
[2024-02-24T16:17:43.855-0600] {processor.py:161} INFO - Started process (PID=89473) to work on /Users/vamseekrishna/Desktop/F1_Data_Warehouse/f1datawarehouse/lib/python3.9/site-packages/airflow/example_dags/example_dynamic_task_mapping.py
[2024-02-24T16:17:43.858-0600] {processor.py:830} INFO - Processing file /Users/vamseekrishna/Desktop/F1_Data_Warehouse/f1datawarehouse/lib/python3.9/site-packages/airflow/example_dags/example_dynamic_task_mapping.py for tasks to queue
[2024-02-24T16:17:43.858-0600] {logging_mixin.py:188} INFO - [2024-02-24T16:17:43.858-0600] {dagbag.py:538} INFO - Filling up the DagBag from /Users/vamseekrishna/Desktop/F1_Data_Warehouse/f1datawarehouse/lib/python3.9/site-packages/airflow/example_dags/example_dynamic_task_mapping.py
[2024-02-24T16:17:43.917-0600] {processor.py:840} INFO - DAG(s) 'example_dynamic_task_mapping' retrieved from /Users/vamseekrishna/Desktop/F1_Data_Warehouse/f1datawarehouse/lib/python3.9/site-packages/airflow/example_dags/example_dynamic_task_mapping.py
[2024-02-24T16:17:43.980-0600] {logging_mixin.py:188} INFO - [2024-02-24T16:17:43.980-0600] {dag.py:3036} INFO - Sync 1 DAGs
[2024-02-24T16:17:43.991-0600] {logging_mixin.py:188} INFO - [2024-02-24T16:17:43.990-0600] {dag.py:3823} INFO - Setting next_dagrun for example_dynamic_task_mapping to 2022-03-04 00:00:00+00:00, run_after=2022-03-05 00:00:00+00:00
[2024-02-24T16:17:44.000-0600] {processor.py:183} INFO - Processing /Users/vamseekrishna/Desktop/F1_Data_Warehouse/f1datawarehouse/lib/python3.9/site-packages/airflow/example_dags/example_dynamic_task_mapping.py took 0.146 seconds
[2024-02-24T16:19:42.153-0600] {processor.py:161} INFO - Started process (PID=89666) to work on /Users/vamseekrishna/Desktop/F1_Data_Warehouse/f1datawarehouse/lib/python3.9/site-packages/airflow/example_dags/example_dynamic_task_mapping.py
[2024-02-24T16:19:42.155-0600] {processor.py:830} INFO - Processing file /Users/vamseekrishna/Desktop/F1_Data_Warehouse/f1datawarehouse/lib/python3.9/site-packages/airflow/example_dags/example_dynamic_task_mapping.py for tasks to queue
[2024-02-24T16:19:42.155-0600] {logging_mixin.py:188} INFO - [2024-02-24T16:19:42.155-0600] {dagbag.py:538} INFO - Filling up the DagBag from /Users/vamseekrishna/Desktop/F1_Data_Warehouse/f1datawarehouse/lib/python3.9/site-packages/airflow/example_dags/example_dynamic_task_mapping.py
[2024-02-24T16:19:42.196-0600] {processor.py:840} INFO - DAG(s) 'example_dynamic_task_mapping' retrieved from /Users/vamseekrishna/Desktop/F1_Data_Warehouse/f1datawarehouse/lib/python3.9/site-packages/airflow/example_dags/example_dynamic_task_mapping.py
[2024-02-24T16:19:42.242-0600] {logging_mixin.py:188} INFO - [2024-02-24T16:19:42.242-0600] {dag.py:3036} INFO - Sync 1 DAGs
[2024-02-24T16:19:42.251-0600] {logging_mixin.py:188} INFO - [2024-02-24T16:19:42.250-0600] {dag.py:3823} INFO - Setting next_dagrun for example_dynamic_task_mapping to 2022-03-04 00:00:00+00:00, run_after=2022-03-05 00:00:00+00:00
[2024-02-24T16:19:42.258-0600] {processor.py:183} INFO - Processing /Users/vamseekrishna/Desktop/F1_Data_Warehouse/f1datawarehouse/lib/python3.9/site-packages/airflow/example_dags/example_dynamic_task_mapping.py took 0.106 seconds
[2024-02-24T16:21:46.591-0600] {processor.py:161} INFO - Started process (PID=89856) to work on /Users/vamseekrishna/Desktop/F1_Data_Warehouse/f1datawarehouse/lib/python3.9/site-packages/airflow/example_dags/example_dynamic_task_mapping.py
[2024-02-24T16:21:46.593-0600] {processor.py:830} INFO - Processing file /Users/vamseekrishna/Desktop/F1_Data_Warehouse/f1datawarehouse/lib/python3.9/site-packages/airflow/example_dags/example_dynamic_task_mapping.py for tasks to queue
[2024-02-24T16:21:46.593-0600] {logging_mixin.py:188} INFO - [2024-02-24T16:21:46.593-0600] {dagbag.py:538} INFO - Filling up the DagBag from /Users/vamseekrishna/Desktop/F1_Data_Warehouse/f1datawarehouse/lib/python3.9/site-packages/airflow/example_dags/example_dynamic_task_mapping.py
[2024-02-24T16:21:46.635-0600] {processor.py:840} INFO - DAG(s) 'example_dynamic_task_mapping' retrieved from /Users/vamseekrishna/Desktop/F1_Data_Warehouse/f1datawarehouse/lib/python3.9/site-packages/airflow/example_dags/example_dynamic_task_mapping.py
[2024-02-24T16:21:46.683-0600] {logging_mixin.py:188} INFO - [2024-02-24T16:21:46.683-0600] {dag.py:3036} INFO - Sync 1 DAGs
[2024-02-24T16:21:46.692-0600] {logging_mixin.py:188} INFO - [2024-02-24T16:21:46.692-0600] {dag.py:3823} INFO - Setting next_dagrun for example_dynamic_task_mapping to 2022-03-04 00:00:00+00:00, run_after=2022-03-05 00:00:00+00:00
[2024-02-24T16:21:46.699-0600] {processor.py:183} INFO - Processing /Users/vamseekrishna/Desktop/F1_Data_Warehouse/f1datawarehouse/lib/python3.9/site-packages/airflow/example_dags/example_dynamic_task_mapping.py took 0.109 seconds
[2024-02-24T16:23:47.848-0600] {processor.py:161} INFO - Started process (PID=90041) to work on /Users/vamseekrishna/Desktop/F1_Data_Warehouse/f1datawarehouse/lib/python3.9/site-packages/airflow/example_dags/example_dynamic_task_mapping.py
[2024-02-24T16:23:47.850-0600] {processor.py:830} INFO - Processing file /Users/vamseekrishna/Desktop/F1_Data_Warehouse/f1datawarehouse/lib/python3.9/site-packages/airflow/example_dags/example_dynamic_task_mapping.py for tasks to queue
[2024-02-24T16:23:47.850-0600] {logging_mixin.py:188} INFO - [2024-02-24T16:23:47.850-0600] {dagbag.py:538} INFO - Filling up the DagBag from /Users/vamseekrishna/Desktop/F1_Data_Warehouse/f1datawarehouse/lib/python3.9/site-packages/airflow/example_dags/example_dynamic_task_mapping.py
[2024-02-24T16:23:47.897-0600] {processor.py:840} INFO - DAG(s) 'example_dynamic_task_mapping' retrieved from /Users/vamseekrishna/Desktop/F1_Data_Warehouse/f1datawarehouse/lib/python3.9/site-packages/airflow/example_dags/example_dynamic_task_mapping.py
[2024-02-24T16:23:47.945-0600] {logging_mixin.py:188} INFO - [2024-02-24T16:23:47.945-0600] {dag.py:3036} INFO - Sync 1 DAGs
[2024-02-24T16:23:47.954-0600] {logging_mixin.py:188} INFO - [2024-02-24T16:23:47.953-0600] {dag.py:3823} INFO - Setting next_dagrun for example_dynamic_task_mapping to 2022-03-04 00:00:00+00:00, run_after=2022-03-05 00:00:00+00:00
[2024-02-24T16:23:47.961-0600] {processor.py:183} INFO - Processing /Users/vamseekrishna/Desktop/F1_Data_Warehouse/f1datawarehouse/lib/python3.9/site-packages/airflow/example_dags/example_dynamic_task_mapping.py took 0.115 seconds
[2024-02-24T16:25:55.503-0600] {processor.py:161} INFO - Started process (PID=90248) to work on /Users/vamseekrishna/Desktop/F1_Data_Warehouse/f1datawarehouse/lib/python3.9/site-packages/airflow/example_dags/example_dynamic_task_mapping.py
[2024-02-24T16:25:55.505-0600] {processor.py:830} INFO - Processing file /Users/vamseekrishna/Desktop/F1_Data_Warehouse/f1datawarehouse/lib/python3.9/site-packages/airflow/example_dags/example_dynamic_task_mapping.py for tasks to queue
[2024-02-24T16:25:55.505-0600] {logging_mixin.py:188} INFO - [2024-02-24T16:25:55.505-0600] {dagbag.py:538} INFO - Filling up the DagBag from /Users/vamseekrishna/Desktop/F1_Data_Warehouse/f1datawarehouse/lib/python3.9/site-packages/airflow/example_dags/example_dynamic_task_mapping.py
[2024-02-24T16:25:55.555-0600] {processor.py:840} INFO - DAG(s) 'example_dynamic_task_mapping' retrieved from /Users/vamseekrishna/Desktop/F1_Data_Warehouse/f1datawarehouse/lib/python3.9/site-packages/airflow/example_dags/example_dynamic_task_mapping.py
[2024-02-24T16:25:55.606-0600] {logging_mixin.py:188} INFO - [2024-02-24T16:25:55.605-0600] {dag.py:3036} INFO - Sync 1 DAGs
[2024-02-24T16:25:55.615-0600] {logging_mixin.py:188} INFO - [2024-02-24T16:25:55.615-0600] {dag.py:3823} INFO - Setting next_dagrun for example_dynamic_task_mapping to 2022-03-04 00:00:00+00:00, run_after=2022-03-05 00:00:00+00:00
[2024-02-24T16:25:55.623-0600] {processor.py:183} INFO - Processing /Users/vamseekrishna/Desktop/F1_Data_Warehouse/f1datawarehouse/lib/python3.9/site-packages/airflow/example_dags/example_dynamic_task_mapping.py took 0.121 seconds
[2024-02-24T16:27:52.473-0600] {processor.py:161} INFO - Started process (PID=90398) to work on /Users/vamseekrishna/Desktop/F1_Data_Warehouse/f1datawarehouse/lib/python3.9/site-packages/airflow/example_dags/example_dynamic_task_mapping.py
[2024-02-24T16:27:52.475-0600] {processor.py:830} INFO - Processing file /Users/vamseekrishna/Desktop/F1_Data_Warehouse/f1datawarehouse/lib/python3.9/site-packages/airflow/example_dags/example_dynamic_task_mapping.py for tasks to queue
[2024-02-24T16:27:52.475-0600] {logging_mixin.py:188} INFO - [2024-02-24T16:27:52.475-0600] {dagbag.py:538} INFO - Filling up the DagBag from /Users/vamseekrishna/Desktop/F1_Data_Warehouse/f1datawarehouse/lib/python3.9/site-packages/airflow/example_dags/example_dynamic_task_mapping.py
[2024-02-24T16:27:52.514-0600] {processor.py:840} INFO - DAG(s) 'example_dynamic_task_mapping' retrieved from /Users/vamseekrishna/Desktop/F1_Data_Warehouse/f1datawarehouse/lib/python3.9/site-packages/airflow/example_dags/example_dynamic_task_mapping.py
[2024-02-24T16:27:52.560-0600] {logging_mixin.py:188} INFO - [2024-02-24T16:27:52.560-0600] {dag.py:3036} INFO - Sync 1 DAGs
[2024-02-24T16:27:52.568-0600] {logging_mixin.py:188} INFO - [2024-02-24T16:27:52.568-0600] {dag.py:3823} INFO - Setting next_dagrun for example_dynamic_task_mapping to 2022-03-04 00:00:00+00:00, run_after=2022-03-05 00:00:00+00:00
[2024-02-24T16:27:52.576-0600] {processor.py:183} INFO - Processing /Users/vamseekrishna/Desktop/F1_Data_Warehouse/f1datawarehouse/lib/python3.9/site-packages/airflow/example_dags/example_dynamic_task_mapping.py took 0.103 seconds
[2024-02-24T16:29:54.965-0600] {processor.py:161} INFO - Started process (PID=90544) to work on /Users/vamseekrishna/Desktop/F1_Data_Warehouse/f1datawarehouse/lib/python3.9/site-packages/airflow/example_dags/example_dynamic_task_mapping.py
[2024-02-24T16:29:54.966-0600] {processor.py:830} INFO - Processing file /Users/vamseekrishna/Desktop/F1_Data_Warehouse/f1datawarehouse/lib/python3.9/site-packages/airflow/example_dags/example_dynamic_task_mapping.py for tasks to queue
[2024-02-24T16:29:54.966-0600] {logging_mixin.py:188} INFO - [2024-02-24T16:29:54.966-0600] {dagbag.py:538} INFO - Filling up the DagBag from /Users/vamseekrishna/Desktop/F1_Data_Warehouse/f1datawarehouse/lib/python3.9/site-packages/airflow/example_dags/example_dynamic_task_mapping.py
[2024-02-24T16:29:55.006-0600] {processor.py:840} INFO - DAG(s) 'example_dynamic_task_mapping' retrieved from /Users/vamseekrishna/Desktop/F1_Data_Warehouse/f1datawarehouse/lib/python3.9/site-packages/airflow/example_dags/example_dynamic_task_mapping.py
[2024-02-24T16:29:55.053-0600] {logging_mixin.py:188} INFO - [2024-02-24T16:29:55.053-0600] {dag.py:3036} INFO - Sync 1 DAGs
[2024-02-24T16:29:55.066-0600] {logging_mixin.py:188} INFO - [2024-02-24T16:29:55.066-0600] {dag.py:3823} INFO - Setting next_dagrun for example_dynamic_task_mapping to 2022-03-04 00:00:00+00:00, run_after=2022-03-05 00:00:00+00:00
[2024-02-24T16:29:55.074-0600] {processor.py:183} INFO - Processing /Users/vamseekrishna/Desktop/F1_Data_Warehouse/f1datawarehouse/lib/python3.9/site-packages/airflow/example_dags/example_dynamic_task_mapping.py took 0.110 seconds
[2024-02-24T16:31:56.956-0600] {processor.py:161} INFO - Started process (PID=90687) to work on /Users/vamseekrishna/Desktop/F1_Data_Warehouse/f1datawarehouse/lib/python3.9/site-packages/airflow/example_dags/example_dynamic_task_mapping.py
[2024-02-24T16:31:56.958-0600] {processor.py:830} INFO - Processing file /Users/vamseekrishna/Desktop/F1_Data_Warehouse/f1datawarehouse/lib/python3.9/site-packages/airflow/example_dags/example_dynamic_task_mapping.py for tasks to queue
[2024-02-24T16:31:56.959-0600] {logging_mixin.py:188} INFO - [2024-02-24T16:31:56.958-0600] {dagbag.py:538} INFO - Filling up the DagBag from /Users/vamseekrishna/Desktop/F1_Data_Warehouse/f1datawarehouse/lib/python3.9/site-packages/airflow/example_dags/example_dynamic_task_mapping.py
[2024-02-24T16:31:57.002-0600] {processor.py:840} INFO - DAG(s) 'example_dynamic_task_mapping' retrieved from /Users/vamseekrishna/Desktop/F1_Data_Warehouse/f1datawarehouse/lib/python3.9/site-packages/airflow/example_dags/example_dynamic_task_mapping.py
[2024-02-24T16:31:57.051-0600] {logging_mixin.py:188} INFO - [2024-02-24T16:31:57.051-0600] {dag.py:3036} INFO - Sync 1 DAGs
[2024-02-24T16:31:57.060-0600] {logging_mixin.py:188} INFO - [2024-02-24T16:31:57.060-0600] {dag.py:3823} INFO - Setting next_dagrun for example_dynamic_task_mapping to 2022-03-04 00:00:00+00:00, run_after=2022-03-05 00:00:00+00:00
[2024-02-24T16:31:57.068-0600] {processor.py:183} INFO - Processing /Users/vamseekrishna/Desktop/F1_Data_Warehouse/f1datawarehouse/lib/python3.9/site-packages/airflow/example_dags/example_dynamic_task_mapping.py took 0.113 seconds
[2024-02-24T16:34:14.841-0600] {processor.py:161} INFO - Started process (PID=90930) to work on /Users/vamseekrishna/Desktop/F1_Data_Warehouse/f1datawarehouse/lib/python3.9/site-packages/airflow/example_dags/example_dynamic_task_mapping.py
[2024-02-24T16:34:14.843-0600] {processor.py:830} INFO - Processing file /Users/vamseekrishna/Desktop/F1_Data_Warehouse/f1datawarehouse/lib/python3.9/site-packages/airflow/example_dags/example_dynamic_task_mapping.py for tasks to queue
[2024-02-24T16:34:14.843-0600] {logging_mixin.py:188} INFO - [2024-02-24T16:34:14.843-0600] {dagbag.py:538} INFO - Filling up the DagBag from /Users/vamseekrishna/Desktop/F1_Data_Warehouse/f1datawarehouse/lib/python3.9/site-packages/airflow/example_dags/example_dynamic_task_mapping.py
[2024-02-24T16:34:14.882-0600] {processor.py:840} INFO - DAG(s) 'example_dynamic_task_mapping' retrieved from /Users/vamseekrishna/Desktop/F1_Data_Warehouse/f1datawarehouse/lib/python3.9/site-packages/airflow/example_dags/example_dynamic_task_mapping.py
[2024-02-24T16:34:14.928-0600] {logging_mixin.py:188} INFO - [2024-02-24T16:34:14.928-0600] {dag.py:3036} INFO - Sync 1 DAGs
[2024-02-24T16:34:14.937-0600] {logging_mixin.py:188} INFO - [2024-02-24T16:34:14.937-0600] {dag.py:3823} INFO - Setting next_dagrun for example_dynamic_task_mapping to 2022-03-04 00:00:00+00:00, run_after=2022-03-05 00:00:00+00:00
[2024-02-24T16:34:14.944-0600] {processor.py:183} INFO - Processing /Users/vamseekrishna/Desktop/F1_Data_Warehouse/f1datawarehouse/lib/python3.9/site-packages/airflow/example_dags/example_dynamic_task_mapping.py took 0.104 seconds
[2024-02-24T16:36:18.796-0600] {processor.py:161} INFO - Started process (PID=91058) to work on /Users/vamseekrishna/Desktop/F1_Data_Warehouse/f1datawarehouse/lib/python3.9/site-packages/airflow/example_dags/example_dynamic_task_mapping.py
[2024-02-24T16:36:18.797-0600] {processor.py:830} INFO - Processing file /Users/vamseekrishna/Desktop/F1_Data_Warehouse/f1datawarehouse/lib/python3.9/site-packages/airflow/example_dags/example_dynamic_task_mapping.py for tasks to queue
[2024-02-24T16:36:18.798-0600] {logging_mixin.py:188} INFO - [2024-02-24T16:36:18.798-0600] {dagbag.py:538} INFO - Filling up the DagBag from /Users/vamseekrishna/Desktop/F1_Data_Warehouse/f1datawarehouse/lib/python3.9/site-packages/airflow/example_dags/example_dynamic_task_mapping.py
[2024-02-24T16:36:18.838-0600] {processor.py:840} INFO - DAG(s) 'example_dynamic_task_mapping' retrieved from /Users/vamseekrishna/Desktop/F1_Data_Warehouse/f1datawarehouse/lib/python3.9/site-packages/airflow/example_dags/example_dynamic_task_mapping.py
[2024-02-24T16:36:18.884-0600] {logging_mixin.py:188} INFO - [2024-02-24T16:36:18.884-0600] {dag.py:3036} INFO - Sync 1 DAGs
[2024-02-24T16:36:18.893-0600] {logging_mixin.py:188} INFO - [2024-02-24T16:36:18.893-0600] {dag.py:3823} INFO - Setting next_dagrun for example_dynamic_task_mapping to 2022-03-04 00:00:00+00:00, run_after=2022-03-05 00:00:00+00:00
[2024-02-24T16:36:18.901-0600] {processor.py:183} INFO - Processing /Users/vamseekrishna/Desktop/F1_Data_Warehouse/f1datawarehouse/lib/python3.9/site-packages/airflow/example_dags/example_dynamic_task_mapping.py took 0.107 seconds
[2024-02-24T16:38:15.106-0600] {processor.py:161} INFO - Started process (PID=91194) to work on /Users/vamseekrishna/Desktop/F1_Data_Warehouse/f1datawarehouse/lib/python3.9/site-packages/airflow/example_dags/example_dynamic_task_mapping.py
[2024-02-24T16:38:15.108-0600] {processor.py:830} INFO - Processing file /Users/vamseekrishna/Desktop/F1_Data_Warehouse/f1datawarehouse/lib/python3.9/site-packages/airflow/example_dags/example_dynamic_task_mapping.py for tasks to queue
[2024-02-24T16:38:15.108-0600] {logging_mixin.py:188} INFO - [2024-02-24T16:38:15.108-0600] {dagbag.py:538} INFO - Filling up the DagBag from /Users/vamseekrishna/Desktop/F1_Data_Warehouse/f1datawarehouse/lib/python3.9/site-packages/airflow/example_dags/example_dynamic_task_mapping.py
[2024-02-24T16:38:15.160-0600] {processor.py:840} INFO - DAG(s) 'example_dynamic_task_mapping' retrieved from /Users/vamseekrishna/Desktop/F1_Data_Warehouse/f1datawarehouse/lib/python3.9/site-packages/airflow/example_dags/example_dynamic_task_mapping.py
[2024-02-24T16:38:15.211-0600] {logging_mixin.py:188} INFO - [2024-02-24T16:38:15.210-0600] {dag.py:3036} INFO - Sync 1 DAGs
[2024-02-24T16:38:15.219-0600] {logging_mixin.py:188} INFO - [2024-02-24T16:38:15.219-0600] {dag.py:3823} INFO - Setting next_dagrun for example_dynamic_task_mapping to 2022-03-04 00:00:00+00:00, run_after=2022-03-05 00:00:00+00:00
[2024-02-24T16:38:15.227-0600] {processor.py:183} INFO - Processing /Users/vamseekrishna/Desktop/F1_Data_Warehouse/f1datawarehouse/lib/python3.9/site-packages/airflow/example_dags/example_dynamic_task_mapping.py took 0.122 seconds
[2024-02-24T16:40:18.585-0600] {processor.py:161} INFO - Started process (PID=91356) to work on /Users/vamseekrishna/Desktop/F1_Data_Warehouse/f1datawarehouse/lib/python3.9/site-packages/airflow/example_dags/example_dynamic_task_mapping.py
[2024-02-24T16:40:18.587-0600] {processor.py:830} INFO - Processing file /Users/vamseekrishna/Desktop/F1_Data_Warehouse/f1datawarehouse/lib/python3.9/site-packages/airflow/example_dags/example_dynamic_task_mapping.py for tasks to queue
[2024-02-24T16:40:18.588-0600] {logging_mixin.py:188} INFO - [2024-02-24T16:40:18.588-0600] {dagbag.py:538} INFO - Filling up the DagBag from /Users/vamseekrishna/Desktop/F1_Data_Warehouse/f1datawarehouse/lib/python3.9/site-packages/airflow/example_dags/example_dynamic_task_mapping.py
[2024-02-24T16:40:18.626-0600] {processor.py:840} INFO - DAG(s) 'example_dynamic_task_mapping' retrieved from /Users/vamseekrishna/Desktop/F1_Data_Warehouse/f1datawarehouse/lib/python3.9/site-packages/airflow/example_dags/example_dynamic_task_mapping.py
[2024-02-24T16:40:18.672-0600] {logging_mixin.py:188} INFO - [2024-02-24T16:40:18.672-0600] {dag.py:3036} INFO - Sync 1 DAGs
[2024-02-24T16:40:18.680-0600] {logging_mixin.py:188} INFO - [2024-02-24T16:40:18.680-0600] {dag.py:3823} INFO - Setting next_dagrun for example_dynamic_task_mapping to 2022-03-04 00:00:00+00:00, run_after=2022-03-05 00:00:00+00:00
[2024-02-24T16:40:18.691-0600] {processor.py:183} INFO - Processing /Users/vamseekrishna/Desktop/F1_Data_Warehouse/f1datawarehouse/lib/python3.9/site-packages/airflow/example_dags/example_dynamic_task_mapping.py took 0.106 seconds
[2024-02-24T16:42:18.808-0600] {processor.py:161} INFO - Started process (PID=91523) to work on /Users/vamseekrishna/Desktop/F1_Data_Warehouse/f1datawarehouse/lib/python3.9/site-packages/airflow/example_dags/example_dynamic_task_mapping.py
[2024-02-24T16:42:18.810-0600] {processor.py:830} INFO - Processing file /Users/vamseekrishna/Desktop/F1_Data_Warehouse/f1datawarehouse/lib/python3.9/site-packages/airflow/example_dags/example_dynamic_task_mapping.py for tasks to queue
[2024-02-24T16:42:18.810-0600] {logging_mixin.py:188} INFO - [2024-02-24T16:42:18.810-0600] {dagbag.py:538} INFO - Filling up the DagBag from /Users/vamseekrishna/Desktop/F1_Data_Warehouse/f1datawarehouse/lib/python3.9/site-packages/airflow/example_dags/example_dynamic_task_mapping.py
[2024-02-24T16:42:18.850-0600] {processor.py:840} INFO - DAG(s) 'example_dynamic_task_mapping' retrieved from /Users/vamseekrishna/Desktop/F1_Data_Warehouse/f1datawarehouse/lib/python3.9/site-packages/airflow/example_dags/example_dynamic_task_mapping.py
[2024-02-24T16:42:18.918-0600] {logging_mixin.py:188} INFO - [2024-02-24T16:42:18.918-0600] {dag.py:3036} INFO - Sync 1 DAGs
[2024-02-24T16:42:18.930-0600] {logging_mixin.py:188} INFO - [2024-02-24T16:42:18.929-0600] {dag.py:3823} INFO - Setting next_dagrun for example_dynamic_task_mapping to 2022-03-04 00:00:00+00:00, run_after=2022-03-05 00:00:00+00:00
[2024-02-24T16:42:18.938-0600] {processor.py:183} INFO - Processing /Users/vamseekrishna/Desktop/F1_Data_Warehouse/f1datawarehouse/lib/python3.9/site-packages/airflow/example_dags/example_dynamic_task_mapping.py took 0.130 seconds
[2024-02-24T16:44:21.067-0600] {processor.py:161} INFO - Started process (PID=91737) to work on /Users/vamseekrishna/Desktop/F1_Data_Warehouse/f1datawarehouse/lib/python3.9/site-packages/airflow/example_dags/example_dynamic_task_mapping.py
[2024-02-24T16:44:21.069-0600] {processor.py:830} INFO - Processing file /Users/vamseekrishna/Desktop/F1_Data_Warehouse/f1datawarehouse/lib/python3.9/site-packages/airflow/example_dags/example_dynamic_task_mapping.py for tasks to queue
[2024-02-24T16:44:21.069-0600] {logging_mixin.py:188} INFO - [2024-02-24T16:44:21.069-0600] {dagbag.py:538} INFO - Filling up the DagBag from /Users/vamseekrishna/Desktop/F1_Data_Warehouse/f1datawarehouse/lib/python3.9/site-packages/airflow/example_dags/example_dynamic_task_mapping.py
[2024-02-24T16:44:21.145-0600] {processor.py:840} INFO - DAG(s) 'example_dynamic_task_mapping' retrieved from /Users/vamseekrishna/Desktop/F1_Data_Warehouse/f1datawarehouse/lib/python3.9/site-packages/airflow/example_dags/example_dynamic_task_mapping.py
[2024-02-24T16:44:21.205-0600] {logging_mixin.py:188} INFO - [2024-02-24T16:44:21.204-0600] {dag.py:3036} INFO - Sync 1 DAGs
[2024-02-24T16:44:21.215-0600] {logging_mixin.py:188} INFO - [2024-02-24T16:44:21.215-0600] {dag.py:3823} INFO - Setting next_dagrun for example_dynamic_task_mapping to 2022-03-04 00:00:00+00:00, run_after=2022-03-05 00:00:00+00:00
[2024-02-24T16:44:21.225-0600] {processor.py:183} INFO - Processing /Users/vamseekrishna/Desktop/F1_Data_Warehouse/f1datawarehouse/lib/python3.9/site-packages/airflow/example_dags/example_dynamic_task_mapping.py took 0.159 seconds
[2024-02-24T16:46:19.943-0600] {processor.py:161} INFO - Started process (PID=91909) to work on /Users/vamseekrishna/Desktop/F1_Data_Warehouse/f1datawarehouse/lib/python3.9/site-packages/airflow/example_dags/example_dynamic_task_mapping.py
[2024-02-24T16:46:19.944-0600] {processor.py:830} INFO - Processing file /Users/vamseekrishna/Desktop/F1_Data_Warehouse/f1datawarehouse/lib/python3.9/site-packages/airflow/example_dags/example_dynamic_task_mapping.py for tasks to queue
[2024-02-24T16:46:19.945-0600] {logging_mixin.py:188} INFO - [2024-02-24T16:46:19.945-0600] {dagbag.py:538} INFO - Filling up the DagBag from /Users/vamseekrishna/Desktop/F1_Data_Warehouse/f1datawarehouse/lib/python3.9/site-packages/airflow/example_dags/example_dynamic_task_mapping.py
[2024-02-24T16:46:19.984-0600] {processor.py:840} INFO - DAG(s) 'example_dynamic_task_mapping' retrieved from /Users/vamseekrishna/Desktop/F1_Data_Warehouse/f1datawarehouse/lib/python3.9/site-packages/airflow/example_dags/example_dynamic_task_mapping.py
[2024-02-24T16:46:20.031-0600] {logging_mixin.py:188} INFO - [2024-02-24T16:46:20.031-0600] {dag.py:3036} INFO - Sync 1 DAGs
[2024-02-24T16:46:20.040-0600] {logging_mixin.py:188} INFO - [2024-02-24T16:46:20.039-0600] {dag.py:3823} INFO - Setting next_dagrun for example_dynamic_task_mapping to 2022-03-04 00:00:00+00:00, run_after=2022-03-05 00:00:00+00:00
[2024-02-24T16:46:20.047-0600] {processor.py:183} INFO - Processing /Users/vamseekrishna/Desktop/F1_Data_Warehouse/f1datawarehouse/lib/python3.9/site-packages/airflow/example_dags/example_dynamic_task_mapping.py took 0.105 seconds
[2024-02-24T16:48:23.344-0600] {processor.py:161} INFO - Started process (PID=92117) to work on /Users/vamseekrishna/Desktop/F1_Data_Warehouse/f1datawarehouse/lib/python3.9/site-packages/airflow/example_dags/example_dynamic_task_mapping.py
[2024-02-24T16:48:23.346-0600] {processor.py:830} INFO - Processing file /Users/vamseekrishna/Desktop/F1_Data_Warehouse/f1datawarehouse/lib/python3.9/site-packages/airflow/example_dags/example_dynamic_task_mapping.py for tasks to queue
[2024-02-24T16:48:23.346-0600] {logging_mixin.py:188} INFO - [2024-02-24T16:48:23.346-0600] {dagbag.py:538} INFO - Filling up the DagBag from /Users/vamseekrishna/Desktop/F1_Data_Warehouse/f1datawarehouse/lib/python3.9/site-packages/airflow/example_dags/example_dynamic_task_mapping.py
[2024-02-24T16:48:23.386-0600] {processor.py:840} INFO - DAG(s) 'example_dynamic_task_mapping' retrieved from /Users/vamseekrishna/Desktop/F1_Data_Warehouse/f1datawarehouse/lib/python3.9/site-packages/airflow/example_dags/example_dynamic_task_mapping.py
[2024-02-24T16:48:23.431-0600] {logging_mixin.py:188} INFO - [2024-02-24T16:48:23.431-0600] {dag.py:3036} INFO - Sync 1 DAGs
[2024-02-24T16:48:23.439-0600] {logging_mixin.py:188} INFO - [2024-02-24T16:48:23.439-0600] {dag.py:3823} INFO - Setting next_dagrun for example_dynamic_task_mapping to 2022-03-04 00:00:00+00:00, run_after=2022-03-05 00:00:00+00:00
[2024-02-24T16:48:23.447-0600] {processor.py:183} INFO - Processing /Users/vamseekrishna/Desktop/F1_Data_Warehouse/f1datawarehouse/lib/python3.9/site-packages/airflow/example_dags/example_dynamic_task_mapping.py took 0.103 seconds
[2024-02-24T16:50:26.994-0600] {processor.py:161} INFO - Started process (PID=92295) to work on /Users/vamseekrishna/Desktop/F1_Data_Warehouse/f1datawarehouse/lib/python3.9/site-packages/airflow/example_dags/example_dynamic_task_mapping.py
[2024-02-24T16:50:26.996-0600] {processor.py:830} INFO - Processing file /Users/vamseekrishna/Desktop/F1_Data_Warehouse/f1datawarehouse/lib/python3.9/site-packages/airflow/example_dags/example_dynamic_task_mapping.py for tasks to queue
[2024-02-24T16:50:26.996-0600] {logging_mixin.py:188} INFO - [2024-02-24T16:50:26.996-0600] {dagbag.py:538} INFO - Filling up the DagBag from /Users/vamseekrishna/Desktop/F1_Data_Warehouse/f1datawarehouse/lib/python3.9/site-packages/airflow/example_dags/example_dynamic_task_mapping.py
[2024-02-24T16:50:27.035-0600] {processor.py:840} INFO - DAG(s) 'example_dynamic_task_mapping' retrieved from /Users/vamseekrishna/Desktop/F1_Data_Warehouse/f1datawarehouse/lib/python3.9/site-packages/airflow/example_dags/example_dynamic_task_mapping.py
[2024-02-24T16:50:27.081-0600] {logging_mixin.py:188} INFO - [2024-02-24T16:50:27.080-0600] {dag.py:3036} INFO - Sync 1 DAGs
[2024-02-24T16:50:27.089-0600] {logging_mixin.py:188} INFO - [2024-02-24T16:50:27.089-0600] {dag.py:3823} INFO - Setting next_dagrun for example_dynamic_task_mapping to 2022-03-04 00:00:00+00:00, run_after=2022-03-05 00:00:00+00:00
[2024-02-24T16:50:27.096-0600] {processor.py:183} INFO - Processing /Users/vamseekrishna/Desktop/F1_Data_Warehouse/f1datawarehouse/lib/python3.9/site-packages/airflow/example_dags/example_dynamic_task_mapping.py took 0.103 seconds
[2024-02-24T16:52:31.975-0600] {processor.py:161} INFO - Started process (PID=92469) to work on /Users/vamseekrishna/Desktop/F1_Data_Warehouse/f1datawarehouse/lib/python3.9/site-packages/airflow/example_dags/example_dynamic_task_mapping.py
[2024-02-24T16:52:31.977-0600] {processor.py:830} INFO - Processing file /Users/vamseekrishna/Desktop/F1_Data_Warehouse/f1datawarehouse/lib/python3.9/site-packages/airflow/example_dags/example_dynamic_task_mapping.py for tasks to queue
[2024-02-24T16:52:31.977-0600] {logging_mixin.py:188} INFO - [2024-02-24T16:52:31.977-0600] {dagbag.py:538} INFO - Filling up the DagBag from /Users/vamseekrishna/Desktop/F1_Data_Warehouse/f1datawarehouse/lib/python3.9/site-packages/airflow/example_dags/example_dynamic_task_mapping.py
[2024-02-24T16:52:32.015-0600] {processor.py:840} INFO - DAG(s) 'example_dynamic_task_mapping' retrieved from /Users/vamseekrishna/Desktop/F1_Data_Warehouse/f1datawarehouse/lib/python3.9/site-packages/airflow/example_dags/example_dynamic_task_mapping.py
[2024-02-24T16:52:32.060-0600] {logging_mixin.py:188} INFO - [2024-02-24T16:52:32.060-0600] {dag.py:3036} INFO - Sync 1 DAGs
[2024-02-24T16:52:32.068-0600] {logging_mixin.py:188} INFO - [2024-02-24T16:52:32.068-0600] {dag.py:3823} INFO - Setting next_dagrun for example_dynamic_task_mapping to 2022-03-04 00:00:00+00:00, run_after=2022-03-05 00:00:00+00:00
[2024-02-24T16:52:32.076-0600] {processor.py:183} INFO - Processing /Users/vamseekrishna/Desktop/F1_Data_Warehouse/f1datawarehouse/lib/python3.9/site-packages/airflow/example_dags/example_dynamic_task_mapping.py took 0.102 seconds
[2024-02-24T16:54:38.691-0600] {processor.py:161} INFO - Started process (PID=92652) to work on /Users/vamseekrishna/Desktop/F1_Data_Warehouse/f1datawarehouse/lib/python3.9/site-packages/airflow/example_dags/example_dynamic_task_mapping.py
[2024-02-24T16:54:38.693-0600] {processor.py:830} INFO - Processing file /Users/vamseekrishna/Desktop/F1_Data_Warehouse/f1datawarehouse/lib/python3.9/site-packages/airflow/example_dags/example_dynamic_task_mapping.py for tasks to queue
[2024-02-24T16:54:38.694-0600] {logging_mixin.py:188} INFO - [2024-02-24T16:54:38.694-0600] {dagbag.py:538} INFO - Filling up the DagBag from /Users/vamseekrishna/Desktop/F1_Data_Warehouse/f1datawarehouse/lib/python3.9/site-packages/airflow/example_dags/example_dynamic_task_mapping.py
[2024-02-24T16:54:38.769-0600] {processor.py:840} INFO - DAG(s) 'example_dynamic_task_mapping' retrieved from /Users/vamseekrishna/Desktop/F1_Data_Warehouse/f1datawarehouse/lib/python3.9/site-packages/airflow/example_dags/example_dynamic_task_mapping.py
[2024-02-24T16:54:38.844-0600] {logging_mixin.py:188} INFO - [2024-02-24T16:54:38.844-0600] {dag.py:3036} INFO - Sync 1 DAGs
[2024-02-24T16:54:38.853-0600] {logging_mixin.py:188} INFO - [2024-02-24T16:54:38.853-0600] {dag.py:3823} INFO - Setting next_dagrun for example_dynamic_task_mapping to 2022-03-04 00:00:00+00:00, run_after=2022-03-05 00:00:00+00:00
[2024-02-24T16:54:38.862-0600] {processor.py:183} INFO - Processing /Users/vamseekrishna/Desktop/F1_Data_Warehouse/f1datawarehouse/lib/python3.9/site-packages/airflow/example_dags/example_dynamic_task_mapping.py took 0.172 seconds
[2024-02-24T16:56:49.944-0600] {processor.py:161} INFO - Started process (PID=92806) to work on /Users/vamseekrishna/Desktop/F1_Data_Warehouse/f1datawarehouse/lib/python3.9/site-packages/airflow/example_dags/example_dynamic_task_mapping.py
[2024-02-24T16:56:49.946-0600] {processor.py:830} INFO - Processing file /Users/vamseekrishna/Desktop/F1_Data_Warehouse/f1datawarehouse/lib/python3.9/site-packages/airflow/example_dags/example_dynamic_task_mapping.py for tasks to queue
[2024-02-24T16:56:49.946-0600] {logging_mixin.py:188} INFO - [2024-02-24T16:56:49.946-0600] {dagbag.py:538} INFO - Filling up the DagBag from /Users/vamseekrishna/Desktop/F1_Data_Warehouse/f1datawarehouse/lib/python3.9/site-packages/airflow/example_dags/example_dynamic_task_mapping.py
[2024-02-24T16:56:49.985-0600] {processor.py:840} INFO - DAG(s) 'example_dynamic_task_mapping' retrieved from /Users/vamseekrishna/Desktop/F1_Data_Warehouse/f1datawarehouse/lib/python3.9/site-packages/airflow/example_dags/example_dynamic_task_mapping.py
[2024-02-24T16:56:50.030-0600] {logging_mixin.py:188} INFO - [2024-02-24T16:56:50.030-0600] {dag.py:3036} INFO - Sync 1 DAGs
[2024-02-24T16:56:50.038-0600] {logging_mixin.py:188} INFO - [2024-02-24T16:56:50.038-0600] {dag.py:3823} INFO - Setting next_dagrun for example_dynamic_task_mapping to 2022-03-04 00:00:00+00:00, run_after=2022-03-05 00:00:00+00:00
[2024-02-24T16:56:50.046-0600] {processor.py:183} INFO - Processing /Users/vamseekrishna/Desktop/F1_Data_Warehouse/f1datawarehouse/lib/python3.9/site-packages/airflow/example_dags/example_dynamic_task_mapping.py took 0.103 seconds
[2024-02-24T16:58:47.696-0600] {processor.py:161} INFO - Started process (PID=92998) to work on /Users/vamseekrishna/Desktop/F1_Data_Warehouse/f1datawarehouse/lib/python3.9/site-packages/airflow/example_dags/example_dynamic_task_mapping.py
[2024-02-24T16:58:47.698-0600] {processor.py:830} INFO - Processing file /Users/vamseekrishna/Desktop/F1_Data_Warehouse/f1datawarehouse/lib/python3.9/site-packages/airflow/example_dags/example_dynamic_task_mapping.py for tasks to queue
[2024-02-24T16:58:47.698-0600] {logging_mixin.py:188} INFO - [2024-02-24T16:58:47.698-0600] {dagbag.py:538} INFO - Filling up the DagBag from /Users/vamseekrishna/Desktop/F1_Data_Warehouse/f1datawarehouse/lib/python3.9/site-packages/airflow/example_dags/example_dynamic_task_mapping.py
[2024-02-24T16:58:47.737-0600] {processor.py:840} INFO - DAG(s) 'example_dynamic_task_mapping' retrieved from /Users/vamseekrishna/Desktop/F1_Data_Warehouse/f1datawarehouse/lib/python3.9/site-packages/airflow/example_dags/example_dynamic_task_mapping.py
[2024-02-24T16:58:47.783-0600] {logging_mixin.py:188} INFO - [2024-02-24T16:58:47.783-0600] {dag.py:3036} INFO - Sync 1 DAGs
[2024-02-24T16:58:47.791-0600] {logging_mixin.py:188} INFO - [2024-02-24T16:58:47.791-0600] {dag.py:3823} INFO - Setting next_dagrun for example_dynamic_task_mapping to 2022-03-04 00:00:00+00:00, run_after=2022-03-05 00:00:00+00:00
[2024-02-24T16:58:47.799-0600] {processor.py:183} INFO - Processing /Users/vamseekrishna/Desktop/F1_Data_Warehouse/f1datawarehouse/lib/python3.9/site-packages/airflow/example_dags/example_dynamic_task_mapping.py took 0.104 seconds
[2024-02-24T17:00:56.539-0600] {processor.py:161} INFO - Started process (PID=93171) to work on /Users/vamseekrishna/Desktop/F1_Data_Warehouse/f1datawarehouse/lib/python3.9/site-packages/airflow/example_dags/example_dynamic_task_mapping.py
[2024-02-24T17:00:56.541-0600] {processor.py:830} INFO - Processing file /Users/vamseekrishna/Desktop/F1_Data_Warehouse/f1datawarehouse/lib/python3.9/site-packages/airflow/example_dags/example_dynamic_task_mapping.py for tasks to queue
[2024-02-24T17:00:56.541-0600] {logging_mixin.py:188} INFO - [2024-02-24T17:00:56.541-0600] {dagbag.py:538} INFO - Filling up the DagBag from /Users/vamseekrishna/Desktop/F1_Data_Warehouse/f1datawarehouse/lib/python3.9/site-packages/airflow/example_dags/example_dynamic_task_mapping.py
[2024-02-24T17:00:56.580-0600] {processor.py:840} INFO - DAG(s) 'example_dynamic_task_mapping' retrieved from /Users/vamseekrishna/Desktop/F1_Data_Warehouse/f1datawarehouse/lib/python3.9/site-packages/airflow/example_dags/example_dynamic_task_mapping.py
[2024-02-24T17:00:56.627-0600] {logging_mixin.py:188} INFO - [2024-02-24T17:00:56.627-0600] {dag.py:3036} INFO - Sync 1 DAGs
[2024-02-24T17:00:56.635-0600] {logging_mixin.py:188} INFO - [2024-02-24T17:00:56.635-0600] {dag.py:3823} INFO - Setting next_dagrun for example_dynamic_task_mapping to 2022-03-04 00:00:00+00:00, run_after=2022-03-05 00:00:00+00:00
[2024-02-24T17:00:56.643-0600] {processor.py:183} INFO - Processing /Users/vamseekrishna/Desktop/F1_Data_Warehouse/f1datawarehouse/lib/python3.9/site-packages/airflow/example_dags/example_dynamic_task_mapping.py took 0.104 seconds
[2024-02-24T17:02:49.926-0600] {processor.py:161} INFO - Started process (PID=93308) to work on /Users/vamseekrishna/Desktop/F1_Data_Warehouse/f1datawarehouse/lib/python3.9/site-packages/airflow/example_dags/example_dynamic_task_mapping.py
[2024-02-24T17:02:49.928-0600] {processor.py:830} INFO - Processing file /Users/vamseekrishna/Desktop/F1_Data_Warehouse/f1datawarehouse/lib/python3.9/site-packages/airflow/example_dags/example_dynamic_task_mapping.py for tasks to queue
[2024-02-24T17:02:49.928-0600] {logging_mixin.py:188} INFO - [2024-02-24T17:02:49.928-0600] {dagbag.py:538} INFO - Filling up the DagBag from /Users/vamseekrishna/Desktop/F1_Data_Warehouse/f1datawarehouse/lib/python3.9/site-packages/airflow/example_dags/example_dynamic_task_mapping.py
[2024-02-24T17:02:49.967-0600] {processor.py:840} INFO - DAG(s) 'example_dynamic_task_mapping' retrieved from /Users/vamseekrishna/Desktop/F1_Data_Warehouse/f1datawarehouse/lib/python3.9/site-packages/airflow/example_dags/example_dynamic_task_mapping.py
[2024-02-24T17:02:50.013-0600] {logging_mixin.py:188} INFO - [2024-02-24T17:02:50.013-0600] {dag.py:3036} INFO - Sync 1 DAGs
[2024-02-24T17:02:50.021-0600] {logging_mixin.py:188} INFO - [2024-02-24T17:02:50.021-0600] {dag.py:3823} INFO - Setting next_dagrun for example_dynamic_task_mapping to 2022-03-04 00:00:00+00:00, run_after=2022-03-05 00:00:00+00:00
[2024-02-24T17:02:50.030-0600] {processor.py:183} INFO - Processing /Users/vamseekrishna/Desktop/F1_Data_Warehouse/f1datawarehouse/lib/python3.9/site-packages/airflow/example_dags/example_dynamic_task_mapping.py took 0.105 seconds
[2024-02-24T17:04:51.967-0600] {processor.py:161} INFO - Started process (PID=93443) to work on /Users/vamseekrishna/Desktop/F1_Data_Warehouse/f1datawarehouse/lib/python3.9/site-packages/airflow/example_dags/example_dynamic_task_mapping.py
[2024-02-24T17:04:51.969-0600] {processor.py:830} INFO - Processing file /Users/vamseekrishna/Desktop/F1_Data_Warehouse/f1datawarehouse/lib/python3.9/site-packages/airflow/example_dags/example_dynamic_task_mapping.py for tasks to queue
[2024-02-24T17:04:51.969-0600] {logging_mixin.py:188} INFO - [2024-02-24T17:04:51.969-0600] {dagbag.py:538} INFO - Filling up the DagBag from /Users/vamseekrishna/Desktop/F1_Data_Warehouse/f1datawarehouse/lib/python3.9/site-packages/airflow/example_dags/example_dynamic_task_mapping.py
[2024-02-24T17:04:52.010-0600] {processor.py:840} INFO - DAG(s) 'example_dynamic_task_mapping' retrieved from /Users/vamseekrishna/Desktop/F1_Data_Warehouse/f1datawarehouse/lib/python3.9/site-packages/airflow/example_dags/example_dynamic_task_mapping.py
[2024-02-24T17:04:52.057-0600] {logging_mixin.py:188} INFO - [2024-02-24T17:04:52.057-0600] {dag.py:3036} INFO - Sync 1 DAGs
[2024-02-24T17:04:52.065-0600] {logging_mixin.py:188} INFO - [2024-02-24T17:04:52.065-0600] {dag.py:3823} INFO - Setting next_dagrun for example_dynamic_task_mapping to 2022-03-04 00:00:00+00:00, run_after=2022-03-05 00:00:00+00:00
[2024-02-24T17:04:52.073-0600] {processor.py:183} INFO - Processing /Users/vamseekrishna/Desktop/F1_Data_Warehouse/f1datawarehouse/lib/python3.9/site-packages/airflow/example_dags/example_dynamic_task_mapping.py took 0.107 seconds
[2024-02-24T17:06:56.810-0600] {processor.py:161} INFO - Started process (PID=93573) to work on /Users/vamseekrishna/Desktop/F1_Data_Warehouse/f1datawarehouse/lib/python3.9/site-packages/airflow/example_dags/example_dynamic_task_mapping.py
[2024-02-24T17:06:56.812-0600] {processor.py:830} INFO - Processing file /Users/vamseekrishna/Desktop/F1_Data_Warehouse/f1datawarehouse/lib/python3.9/site-packages/airflow/example_dags/example_dynamic_task_mapping.py for tasks to queue
[2024-02-24T17:06:56.812-0600] {logging_mixin.py:188} INFO - [2024-02-24T17:06:56.812-0600] {dagbag.py:538} INFO - Filling up the DagBag from /Users/vamseekrishna/Desktop/F1_Data_Warehouse/f1datawarehouse/lib/python3.9/site-packages/airflow/example_dags/example_dynamic_task_mapping.py
[2024-02-24T17:06:56.853-0600] {processor.py:840} INFO - DAG(s) 'example_dynamic_task_mapping' retrieved from /Users/vamseekrishna/Desktop/F1_Data_Warehouse/f1datawarehouse/lib/python3.9/site-packages/airflow/example_dags/example_dynamic_task_mapping.py
[2024-02-24T17:06:56.898-0600] {logging_mixin.py:188} INFO - [2024-02-24T17:06:56.898-0600] {dag.py:3036} INFO - Sync 1 DAGs
[2024-02-24T17:06:56.906-0600] {logging_mixin.py:188} INFO - [2024-02-24T17:06:56.906-0600] {dag.py:3823} INFO - Setting next_dagrun for example_dynamic_task_mapping to 2022-03-04 00:00:00+00:00, run_after=2022-03-05 00:00:00+00:00
[2024-02-24T17:06:56.914-0600] {processor.py:183} INFO - Processing /Users/vamseekrishna/Desktop/F1_Data_Warehouse/f1datawarehouse/lib/python3.9/site-packages/airflow/example_dags/example_dynamic_task_mapping.py took 0.104 seconds
[2024-02-24T17:09:01.412-0600] {processor.py:161} INFO - Started process (PID=93672) to work on /Users/vamseekrishna/Desktop/F1_Data_Warehouse/f1datawarehouse/lib/python3.9/site-packages/airflow/example_dags/example_dynamic_task_mapping.py
[2024-02-24T17:09:01.414-0600] {processor.py:830} INFO - Processing file /Users/vamseekrishna/Desktop/F1_Data_Warehouse/f1datawarehouse/lib/python3.9/site-packages/airflow/example_dags/example_dynamic_task_mapping.py for tasks to queue
[2024-02-24T17:09:01.415-0600] {logging_mixin.py:188} INFO - [2024-02-24T17:09:01.415-0600] {dagbag.py:538} INFO - Filling up the DagBag from /Users/vamseekrishna/Desktop/F1_Data_Warehouse/f1datawarehouse/lib/python3.9/site-packages/airflow/example_dags/example_dynamic_task_mapping.py
[2024-02-24T17:09:01.454-0600] {processor.py:840} INFO - DAG(s) 'example_dynamic_task_mapping' retrieved from /Users/vamseekrishna/Desktop/F1_Data_Warehouse/f1datawarehouse/lib/python3.9/site-packages/airflow/example_dags/example_dynamic_task_mapping.py
[2024-02-24T17:09:01.499-0600] {logging_mixin.py:188} INFO - [2024-02-24T17:09:01.499-0600] {dag.py:3036} INFO - Sync 1 DAGs
[2024-02-24T17:09:01.508-0600] {logging_mixin.py:188} INFO - [2024-02-24T17:09:01.508-0600] {dag.py:3823} INFO - Setting next_dagrun for example_dynamic_task_mapping to 2022-03-04 00:00:00+00:00, run_after=2022-03-05 00:00:00+00:00
[2024-02-24T17:09:01.515-0600] {processor.py:183} INFO - Processing /Users/vamseekrishna/Desktop/F1_Data_Warehouse/f1datawarehouse/lib/python3.9/site-packages/airflow/example_dags/example_dynamic_task_mapping.py took 0.104 seconds
[2024-02-24T17:11:10.167-0600] {processor.py:161} INFO - Started process (PID=93797) to work on /Users/vamseekrishna/Desktop/F1_Data_Warehouse/f1datawarehouse/lib/python3.9/site-packages/airflow/example_dags/example_dynamic_task_mapping.py
[2024-02-24T17:11:10.169-0600] {processor.py:830} INFO - Processing file /Users/vamseekrishna/Desktop/F1_Data_Warehouse/f1datawarehouse/lib/python3.9/site-packages/airflow/example_dags/example_dynamic_task_mapping.py for tasks to queue
[2024-02-24T17:11:10.169-0600] {logging_mixin.py:188} INFO - [2024-02-24T17:11:10.169-0600] {dagbag.py:538} INFO - Filling up the DagBag from /Users/vamseekrishna/Desktop/F1_Data_Warehouse/f1datawarehouse/lib/python3.9/site-packages/airflow/example_dags/example_dynamic_task_mapping.py
[2024-02-24T17:11:10.214-0600] {processor.py:840} INFO - DAG(s) 'example_dynamic_task_mapping' retrieved from /Users/vamseekrishna/Desktop/F1_Data_Warehouse/f1datawarehouse/lib/python3.9/site-packages/airflow/example_dags/example_dynamic_task_mapping.py
[2024-02-24T17:11:10.266-0600] {logging_mixin.py:188} INFO - [2024-02-24T17:11:10.266-0600] {dag.py:3036} INFO - Sync 1 DAGs
[2024-02-24T17:11:10.275-0600] {logging_mixin.py:188} INFO - [2024-02-24T17:11:10.275-0600] {dag.py:3823} INFO - Setting next_dagrun for example_dynamic_task_mapping to 2022-03-04 00:00:00+00:00, run_after=2022-03-05 00:00:00+00:00
[2024-02-24T17:11:10.284-0600] {processor.py:183} INFO - Processing /Users/vamseekrishna/Desktop/F1_Data_Warehouse/f1datawarehouse/lib/python3.9/site-packages/airflow/example_dags/example_dynamic_task_mapping.py took 0.118 seconds
[2024-02-24T17:13:14.879-0600] {processor.py:161} INFO - Started process (PID=93912) to work on /Users/vamseekrishna/Desktop/F1_Data_Warehouse/f1datawarehouse/lib/python3.9/site-packages/airflow/example_dags/example_dynamic_task_mapping.py
[2024-02-24T17:13:14.881-0600] {processor.py:830} INFO - Processing file /Users/vamseekrishna/Desktop/F1_Data_Warehouse/f1datawarehouse/lib/python3.9/site-packages/airflow/example_dags/example_dynamic_task_mapping.py for tasks to queue
[2024-02-24T17:13:14.881-0600] {logging_mixin.py:188} INFO - [2024-02-24T17:13:14.881-0600] {dagbag.py:538} INFO - Filling up the DagBag from /Users/vamseekrishna/Desktop/F1_Data_Warehouse/f1datawarehouse/lib/python3.9/site-packages/airflow/example_dags/example_dynamic_task_mapping.py
[2024-02-24T17:13:14.921-0600] {processor.py:840} INFO - DAG(s) 'example_dynamic_task_mapping' retrieved from /Users/vamseekrishna/Desktop/F1_Data_Warehouse/f1datawarehouse/lib/python3.9/site-packages/airflow/example_dags/example_dynamic_task_mapping.py
[2024-02-24T17:13:14.969-0600] {logging_mixin.py:188} INFO - [2024-02-24T17:13:14.968-0600] {dag.py:3036} INFO - Sync 1 DAGs
[2024-02-24T17:13:14.977-0600] {logging_mixin.py:188} INFO - [2024-02-24T17:13:14.977-0600] {dag.py:3823} INFO - Setting next_dagrun for example_dynamic_task_mapping to 2022-03-04 00:00:00+00:00, run_after=2022-03-05 00:00:00+00:00
[2024-02-24T17:13:14.984-0600] {processor.py:183} INFO - Processing /Users/vamseekrishna/Desktop/F1_Data_Warehouse/f1datawarehouse/lib/python3.9/site-packages/airflow/example_dags/example_dynamic_task_mapping.py took 0.106 seconds
[2024-02-24T17:15:24.979-0600] {processor.py:161} INFO - Started process (PID=94047) to work on /Users/vamseekrishna/Desktop/F1_Data_Warehouse/f1datawarehouse/lib/python3.9/site-packages/airflow/example_dags/example_dynamic_task_mapping.py
[2024-02-24T17:15:24.980-0600] {processor.py:830} INFO - Processing file /Users/vamseekrishna/Desktop/F1_Data_Warehouse/f1datawarehouse/lib/python3.9/site-packages/airflow/example_dags/example_dynamic_task_mapping.py for tasks to queue
[2024-02-24T17:15:24.981-0600] {logging_mixin.py:188} INFO - [2024-02-24T17:15:24.981-0600] {dagbag.py:538} INFO - Filling up the DagBag from /Users/vamseekrishna/Desktop/F1_Data_Warehouse/f1datawarehouse/lib/python3.9/site-packages/airflow/example_dags/example_dynamic_task_mapping.py
[2024-02-24T17:15:25.021-0600] {processor.py:840} INFO - DAG(s) 'example_dynamic_task_mapping' retrieved from /Users/vamseekrishna/Desktop/F1_Data_Warehouse/f1datawarehouse/lib/python3.9/site-packages/airflow/example_dags/example_dynamic_task_mapping.py
[2024-02-24T17:15:25.067-0600] {logging_mixin.py:188} INFO - [2024-02-24T17:15:25.067-0600] {dag.py:3036} INFO - Sync 1 DAGs
[2024-02-24T17:15:25.076-0600] {logging_mixin.py:188} INFO - [2024-02-24T17:15:25.076-0600] {dag.py:3823} INFO - Setting next_dagrun for example_dynamic_task_mapping to 2022-03-04 00:00:00+00:00, run_after=2022-03-05 00:00:00+00:00
[2024-02-24T17:15:25.083-0600] {processor.py:183} INFO - Processing /Users/vamseekrishna/Desktop/F1_Data_Warehouse/f1datawarehouse/lib/python3.9/site-packages/airflow/example_dags/example_dynamic_task_mapping.py took 0.105 seconds
[2024-02-24T17:17:25.846-0600] {processor.py:161} INFO - Started process (PID=94154) to work on /Users/vamseekrishna/Desktop/F1_Data_Warehouse/f1datawarehouse/lib/python3.9/site-packages/airflow/example_dags/example_dynamic_task_mapping.py
[2024-02-24T17:17:25.848-0600] {processor.py:830} INFO - Processing file /Users/vamseekrishna/Desktop/F1_Data_Warehouse/f1datawarehouse/lib/python3.9/site-packages/airflow/example_dags/example_dynamic_task_mapping.py for tasks to queue
[2024-02-24T17:17:25.848-0600] {logging_mixin.py:188} INFO - [2024-02-24T17:17:25.848-0600] {dagbag.py:538} INFO - Filling up the DagBag from /Users/vamseekrishna/Desktop/F1_Data_Warehouse/f1datawarehouse/lib/python3.9/site-packages/airflow/example_dags/example_dynamic_task_mapping.py
[2024-02-24T17:17:25.887-0600] {processor.py:840} INFO - DAG(s) 'example_dynamic_task_mapping' retrieved from /Users/vamseekrishna/Desktop/F1_Data_Warehouse/f1datawarehouse/lib/python3.9/site-packages/airflow/example_dags/example_dynamic_task_mapping.py
[2024-02-24T17:17:25.933-0600] {logging_mixin.py:188} INFO - [2024-02-24T17:17:25.933-0600] {dag.py:3036} INFO - Sync 1 DAGs
[2024-02-24T17:17:25.942-0600] {logging_mixin.py:188} INFO - [2024-02-24T17:17:25.942-0600] {dag.py:3823} INFO - Setting next_dagrun for example_dynamic_task_mapping to 2022-03-04 00:00:00+00:00, run_after=2022-03-05 00:00:00+00:00
[2024-02-24T17:17:25.950-0600] {processor.py:183} INFO - Processing /Users/vamseekrishna/Desktop/F1_Data_Warehouse/f1datawarehouse/lib/python3.9/site-packages/airflow/example_dags/example_dynamic_task_mapping.py took 0.105 seconds
[2024-02-24T17:19:25.351-0600] {processor.py:161} INFO - Started process (PID=94248) to work on /Users/vamseekrishna/Desktop/F1_Data_Warehouse/f1datawarehouse/lib/python3.9/site-packages/airflow/example_dags/example_dynamic_task_mapping.py
[2024-02-24T17:19:25.352-0600] {processor.py:830} INFO - Processing file /Users/vamseekrishna/Desktop/F1_Data_Warehouse/f1datawarehouse/lib/python3.9/site-packages/airflow/example_dags/example_dynamic_task_mapping.py for tasks to queue
[2024-02-24T17:19:25.353-0600] {logging_mixin.py:188} INFO - [2024-02-24T17:19:25.353-0600] {dagbag.py:538} INFO - Filling up the DagBag from /Users/vamseekrishna/Desktop/F1_Data_Warehouse/f1datawarehouse/lib/python3.9/site-packages/airflow/example_dags/example_dynamic_task_mapping.py
[2024-02-24T17:19:25.391-0600] {processor.py:840} INFO - DAG(s) 'example_dynamic_task_mapping' retrieved from /Users/vamseekrishna/Desktop/F1_Data_Warehouse/f1datawarehouse/lib/python3.9/site-packages/airflow/example_dags/example_dynamic_task_mapping.py
[2024-02-24T17:19:25.437-0600] {logging_mixin.py:188} INFO - [2024-02-24T17:19:25.437-0600] {dag.py:3036} INFO - Sync 1 DAGs
[2024-02-24T17:19:25.445-0600] {logging_mixin.py:188} INFO - [2024-02-24T17:19:25.445-0600] {dag.py:3823} INFO - Setting next_dagrun for example_dynamic_task_mapping to 2022-03-04 00:00:00+00:00, run_after=2022-03-05 00:00:00+00:00
[2024-02-24T17:19:25.453-0600] {processor.py:183} INFO - Processing /Users/vamseekrishna/Desktop/F1_Data_Warehouse/f1datawarehouse/lib/python3.9/site-packages/airflow/example_dags/example_dynamic_task_mapping.py took 0.102 seconds
[2024-02-24T17:21:21.043-0600] {processor.py:161} INFO - Started process (PID=94349) to work on /Users/vamseekrishna/Desktop/F1_Data_Warehouse/f1datawarehouse/lib/python3.9/site-packages/airflow/example_dags/example_dynamic_task_mapping.py
[2024-02-24T17:21:21.045-0600] {processor.py:830} INFO - Processing file /Users/vamseekrishna/Desktop/F1_Data_Warehouse/f1datawarehouse/lib/python3.9/site-packages/airflow/example_dags/example_dynamic_task_mapping.py for tasks to queue
[2024-02-24T17:21:21.046-0600] {logging_mixin.py:188} INFO - [2024-02-24T17:21:21.046-0600] {dagbag.py:538} INFO - Filling up the DagBag from /Users/vamseekrishna/Desktop/F1_Data_Warehouse/f1datawarehouse/lib/python3.9/site-packages/airflow/example_dags/example_dynamic_task_mapping.py
[2024-02-24T17:21:21.088-0600] {processor.py:840} INFO - DAG(s) 'example_dynamic_task_mapping' retrieved from /Users/vamseekrishna/Desktop/F1_Data_Warehouse/f1datawarehouse/lib/python3.9/site-packages/airflow/example_dags/example_dynamic_task_mapping.py
[2024-02-24T17:21:21.136-0600] {logging_mixin.py:188} INFO - [2024-02-24T17:21:21.135-0600] {dag.py:3036} INFO - Sync 1 DAGs
[2024-02-24T17:21:21.144-0600] {logging_mixin.py:188} INFO - [2024-02-24T17:21:21.144-0600] {dag.py:3823} INFO - Setting next_dagrun for example_dynamic_task_mapping to 2022-03-04 00:00:00+00:00, run_after=2022-03-05 00:00:00+00:00
[2024-02-24T17:21:21.155-0600] {processor.py:183} INFO - Processing /Users/vamseekrishna/Desktop/F1_Data_Warehouse/f1datawarehouse/lib/python3.9/site-packages/airflow/example_dags/example_dynamic_task_mapping.py took 0.112 seconds
[2024-02-24T17:23:29.621-0600] {processor.py:161} INFO - Started process (PID=94592) to work on /Users/vamseekrishna/Desktop/F1_Data_Warehouse/f1datawarehouse/lib/python3.9/site-packages/airflow/example_dags/example_dynamic_task_mapping.py
[2024-02-24T17:23:29.624-0600] {processor.py:830} INFO - Processing file /Users/vamseekrishna/Desktop/F1_Data_Warehouse/f1datawarehouse/lib/python3.9/site-packages/airflow/example_dags/example_dynamic_task_mapping.py for tasks to queue
[2024-02-24T17:23:29.624-0600] {logging_mixin.py:188} INFO - [2024-02-24T17:23:29.624-0600] {dagbag.py:538} INFO - Filling up the DagBag from /Users/vamseekrishna/Desktop/F1_Data_Warehouse/f1datawarehouse/lib/python3.9/site-packages/airflow/example_dags/example_dynamic_task_mapping.py
[2024-02-24T17:23:29.641-0600] {processor.py:840} INFO - DAG(s) 'example_dynamic_task_mapping' retrieved from /Users/vamseekrishna/Desktop/F1_Data_Warehouse/f1datawarehouse/lib/python3.9/site-packages/airflow/example_dags/example_dynamic_task_mapping.py
[2024-02-24T17:23:29.687-0600] {logging_mixin.py:188} INFO - [2024-02-24T17:23:29.687-0600] {dag.py:3036} INFO - Sync 1 DAGs
[2024-02-24T17:23:29.695-0600] {logging_mixin.py:188} INFO - [2024-02-24T17:23:29.695-0600] {dag.py:3823} INFO - Setting next_dagrun for example_dynamic_task_mapping to 2022-03-04 00:00:00+00:00, run_after=2022-03-05 00:00:00+00:00
[2024-02-24T17:23:29.703-0600] {processor.py:183} INFO - Processing /Users/vamseekrishna/Desktop/F1_Data_Warehouse/f1datawarehouse/lib/python3.9/site-packages/airflow/example_dags/example_dynamic_task_mapping.py took 0.083 seconds
[2024-02-24T17:25:34.766-0600] {processor.py:161} INFO - Started process (PID=94717) to work on /Users/vamseekrishna/Desktop/F1_Data_Warehouse/f1datawarehouse/lib/python3.9/site-packages/airflow/example_dags/example_dynamic_task_mapping.py
[2024-02-24T17:25:34.767-0600] {processor.py:830} INFO - Processing file /Users/vamseekrishna/Desktop/F1_Data_Warehouse/f1datawarehouse/lib/python3.9/site-packages/airflow/example_dags/example_dynamic_task_mapping.py for tasks to queue
[2024-02-24T17:25:34.768-0600] {logging_mixin.py:188} INFO - [2024-02-24T17:25:34.768-0600] {dagbag.py:538} INFO - Filling up the DagBag from /Users/vamseekrishna/Desktop/F1_Data_Warehouse/f1datawarehouse/lib/python3.9/site-packages/airflow/example_dags/example_dynamic_task_mapping.py
[2024-02-24T17:25:34.783-0600] {processor.py:840} INFO - DAG(s) 'example_dynamic_task_mapping' retrieved from /Users/vamseekrishna/Desktop/F1_Data_Warehouse/f1datawarehouse/lib/python3.9/site-packages/airflow/example_dags/example_dynamic_task_mapping.py
[2024-02-24T17:25:34.829-0600] {logging_mixin.py:188} INFO - [2024-02-24T17:25:34.829-0600] {dag.py:3036} INFO - Sync 1 DAGs
[2024-02-24T17:25:34.837-0600] {logging_mixin.py:188} INFO - [2024-02-24T17:25:34.837-0600] {dag.py:3823} INFO - Setting next_dagrun for example_dynamic_task_mapping to 2022-03-04 00:00:00+00:00, run_after=2022-03-05 00:00:00+00:00
[2024-02-24T17:25:34.845-0600] {processor.py:183} INFO - Processing /Users/vamseekrishna/Desktop/F1_Data_Warehouse/f1datawarehouse/lib/python3.9/site-packages/airflow/example_dags/example_dynamic_task_mapping.py took 0.080 seconds
[2024-02-24T17:27:33.581-0600] {processor.py:161} INFO - Started process (PID=94805) to work on /Users/vamseekrishna/Desktop/F1_Data_Warehouse/f1datawarehouse/lib/python3.9/site-packages/airflow/example_dags/example_dynamic_task_mapping.py
[2024-02-24T17:27:33.583-0600] {processor.py:830} INFO - Processing file /Users/vamseekrishna/Desktop/F1_Data_Warehouse/f1datawarehouse/lib/python3.9/site-packages/airflow/example_dags/example_dynamic_task_mapping.py for tasks to queue
[2024-02-24T17:27:33.583-0600] {logging_mixin.py:188} INFO - [2024-02-24T17:27:33.583-0600] {dagbag.py:538} INFO - Filling up the DagBag from /Users/vamseekrishna/Desktop/F1_Data_Warehouse/f1datawarehouse/lib/python3.9/site-packages/airflow/example_dags/example_dynamic_task_mapping.py
[2024-02-24T17:27:33.598-0600] {processor.py:840} INFO - DAG(s) 'example_dynamic_task_mapping' retrieved from /Users/vamseekrishna/Desktop/F1_Data_Warehouse/f1datawarehouse/lib/python3.9/site-packages/airflow/example_dags/example_dynamic_task_mapping.py
[2024-02-24T17:27:33.643-0600] {logging_mixin.py:188} INFO - [2024-02-24T17:27:33.643-0600] {dag.py:3036} INFO - Sync 1 DAGs
[2024-02-24T17:27:33.651-0600] {logging_mixin.py:188} INFO - [2024-02-24T17:27:33.651-0600] {dag.py:3823} INFO - Setting next_dagrun for example_dynamic_task_mapping to 2022-03-04 00:00:00+00:00, run_after=2022-03-05 00:00:00+00:00
[2024-02-24T17:27:33.659-0600] {processor.py:183} INFO - Processing /Users/vamseekrishna/Desktop/F1_Data_Warehouse/f1datawarehouse/lib/python3.9/site-packages/airflow/example_dags/example_dynamic_task_mapping.py took 0.079 seconds
[2024-02-24T17:29:34.568-0600] {processor.py:161} INFO - Started process (PID=94900) to work on /Users/vamseekrishna/Desktop/F1_Data_Warehouse/f1datawarehouse/lib/python3.9/site-packages/airflow/example_dags/example_dynamic_task_mapping.py
[2024-02-24T17:29:34.572-0600] {processor.py:830} INFO - Processing file /Users/vamseekrishna/Desktop/F1_Data_Warehouse/f1datawarehouse/lib/python3.9/site-packages/airflow/example_dags/example_dynamic_task_mapping.py for tasks to queue
[2024-02-24T17:29:34.572-0600] {logging_mixin.py:188} INFO - [2024-02-24T17:29:34.572-0600] {dagbag.py:538} INFO - Filling up the DagBag from /Users/vamseekrishna/Desktop/F1_Data_Warehouse/f1datawarehouse/lib/python3.9/site-packages/airflow/example_dags/example_dynamic_task_mapping.py
[2024-02-24T17:29:34.588-0600] {processor.py:840} INFO - DAG(s) 'example_dynamic_task_mapping' retrieved from /Users/vamseekrishna/Desktop/F1_Data_Warehouse/f1datawarehouse/lib/python3.9/site-packages/airflow/example_dags/example_dynamic_task_mapping.py
[2024-02-24T17:29:34.634-0600] {logging_mixin.py:188} INFO - [2024-02-24T17:29:34.634-0600] {dag.py:3036} INFO - Sync 1 DAGs
[2024-02-24T17:29:34.643-0600] {logging_mixin.py:188} INFO - [2024-02-24T17:29:34.642-0600] {dag.py:3823} INFO - Setting next_dagrun for example_dynamic_task_mapping to 2022-03-04 00:00:00+00:00, run_after=2022-03-05 00:00:00+00:00
[2024-02-24T17:29:34.651-0600] {processor.py:183} INFO - Processing /Users/vamseekrishna/Desktop/F1_Data_Warehouse/f1datawarehouse/lib/python3.9/site-packages/airflow/example_dags/example_dynamic_task_mapping.py took 0.083 seconds
[2024-02-24T17:31:31.486-0600] {processor.py:161} INFO - Started process (PID=94989) to work on /Users/vamseekrishna/Desktop/F1_Data_Warehouse/f1datawarehouse/lib/python3.9/site-packages/airflow/example_dags/example_dynamic_task_mapping.py
[2024-02-24T17:31:31.488-0600] {processor.py:830} INFO - Processing file /Users/vamseekrishna/Desktop/F1_Data_Warehouse/f1datawarehouse/lib/python3.9/site-packages/airflow/example_dags/example_dynamic_task_mapping.py for tasks to queue
[2024-02-24T17:31:31.488-0600] {logging_mixin.py:188} INFO - [2024-02-24T17:31:31.488-0600] {dagbag.py:538} INFO - Filling up the DagBag from /Users/vamseekrishna/Desktop/F1_Data_Warehouse/f1datawarehouse/lib/python3.9/site-packages/airflow/example_dags/example_dynamic_task_mapping.py
[2024-02-24T17:31:31.503-0600] {processor.py:840} INFO - DAG(s) 'example_dynamic_task_mapping' retrieved from /Users/vamseekrishna/Desktop/F1_Data_Warehouse/f1datawarehouse/lib/python3.9/site-packages/airflow/example_dags/example_dynamic_task_mapping.py
[2024-02-24T17:31:31.549-0600] {logging_mixin.py:188} INFO - [2024-02-24T17:31:31.549-0600] {dag.py:3036} INFO - Sync 1 DAGs
[2024-02-24T17:31:31.557-0600] {logging_mixin.py:188} INFO - [2024-02-24T17:31:31.557-0600] {dag.py:3823} INFO - Setting next_dagrun for example_dynamic_task_mapping to 2022-03-04 00:00:00+00:00, run_after=2022-03-05 00:00:00+00:00
[2024-02-24T17:31:31.565-0600] {processor.py:183} INFO - Processing /Users/vamseekrishna/Desktop/F1_Data_Warehouse/f1datawarehouse/lib/python3.9/site-packages/airflow/example_dags/example_dynamic_task_mapping.py took 0.080 seconds
[2024-02-24T17:33:29.434-0600] {processor.py:161} INFO - Started process (PID=95098) to work on /Users/vamseekrishna/Desktop/F1_Data_Warehouse/f1datawarehouse/lib/python3.9/site-packages/airflow/example_dags/example_dynamic_task_mapping.py
[2024-02-24T17:33:29.436-0600] {processor.py:830} INFO - Processing file /Users/vamseekrishna/Desktop/F1_Data_Warehouse/f1datawarehouse/lib/python3.9/site-packages/airflow/example_dags/example_dynamic_task_mapping.py for tasks to queue
[2024-02-24T17:33:29.436-0600] {logging_mixin.py:188} INFO - [2024-02-24T17:33:29.436-0600] {dagbag.py:538} INFO - Filling up the DagBag from /Users/vamseekrishna/Desktop/F1_Data_Warehouse/f1datawarehouse/lib/python3.9/site-packages/airflow/example_dags/example_dynamic_task_mapping.py
[2024-02-24T17:33:29.451-0600] {processor.py:840} INFO - DAG(s) 'example_dynamic_task_mapping' retrieved from /Users/vamseekrishna/Desktop/F1_Data_Warehouse/f1datawarehouse/lib/python3.9/site-packages/airflow/example_dags/example_dynamic_task_mapping.py
[2024-02-24T17:33:29.496-0600] {logging_mixin.py:188} INFO - [2024-02-24T17:33:29.496-0600] {dag.py:3036} INFO - Sync 1 DAGs
[2024-02-24T17:33:29.504-0600] {logging_mixin.py:188} INFO - [2024-02-24T17:33:29.504-0600] {dag.py:3823} INFO - Setting next_dagrun for example_dynamic_task_mapping to 2022-03-04 00:00:00+00:00, run_after=2022-03-05 00:00:00+00:00
[2024-02-24T17:33:29.512-0600] {processor.py:183} INFO - Processing /Users/vamseekrishna/Desktop/F1_Data_Warehouse/f1datawarehouse/lib/python3.9/site-packages/airflow/example_dags/example_dynamic_task_mapping.py took 0.079 seconds
[2024-02-24T17:35:27.309-0600] {processor.py:161} INFO - Started process (PID=95191) to work on /Users/vamseekrishna/Desktop/F1_Data_Warehouse/f1datawarehouse/lib/python3.9/site-packages/airflow/example_dags/example_dynamic_task_mapping.py
[2024-02-24T17:35:27.311-0600] {processor.py:830} INFO - Processing file /Users/vamseekrishna/Desktop/F1_Data_Warehouse/f1datawarehouse/lib/python3.9/site-packages/airflow/example_dags/example_dynamic_task_mapping.py for tasks to queue
[2024-02-24T17:35:27.312-0600] {logging_mixin.py:188} INFO - [2024-02-24T17:35:27.312-0600] {dagbag.py:538} INFO - Filling up the DagBag from /Users/vamseekrishna/Desktop/F1_Data_Warehouse/f1datawarehouse/lib/python3.9/site-packages/airflow/example_dags/example_dynamic_task_mapping.py
[2024-02-24T17:35:27.327-0600] {processor.py:840} INFO - DAG(s) 'example_dynamic_task_mapping' retrieved from /Users/vamseekrishna/Desktop/F1_Data_Warehouse/f1datawarehouse/lib/python3.9/site-packages/airflow/example_dags/example_dynamic_task_mapping.py
[2024-02-24T17:35:27.372-0600] {logging_mixin.py:188} INFO - [2024-02-24T17:35:27.372-0600] {dag.py:3036} INFO - Sync 1 DAGs
[2024-02-24T17:35:27.380-0600] {logging_mixin.py:188} INFO - [2024-02-24T17:35:27.380-0600] {dag.py:3823} INFO - Setting next_dagrun for example_dynamic_task_mapping to 2022-03-04 00:00:00+00:00, run_after=2022-03-05 00:00:00+00:00
[2024-02-24T17:35:27.388-0600] {processor.py:183} INFO - Processing /Users/vamseekrishna/Desktop/F1_Data_Warehouse/f1datawarehouse/lib/python3.9/site-packages/airflow/example_dags/example_dynamic_task_mapping.py took 0.079 seconds
[2024-02-24T17:37:22.783-0600] {processor.py:161} INFO - Started process (PID=95297) to work on /Users/vamseekrishna/Desktop/F1_Data_Warehouse/f1datawarehouse/lib/python3.9/site-packages/airflow/example_dags/example_dynamic_task_mapping.py
[2024-02-24T17:37:22.785-0600] {processor.py:830} INFO - Processing file /Users/vamseekrishna/Desktop/F1_Data_Warehouse/f1datawarehouse/lib/python3.9/site-packages/airflow/example_dags/example_dynamic_task_mapping.py for tasks to queue
[2024-02-24T17:37:22.785-0600] {logging_mixin.py:188} INFO - [2024-02-24T17:37:22.785-0600] {dagbag.py:538} INFO - Filling up the DagBag from /Users/vamseekrishna/Desktop/F1_Data_Warehouse/f1datawarehouse/lib/python3.9/site-packages/airflow/example_dags/example_dynamic_task_mapping.py
[2024-02-24T17:37:22.802-0600] {processor.py:840} INFO - DAG(s) 'example_dynamic_task_mapping' retrieved from /Users/vamseekrishna/Desktop/F1_Data_Warehouse/f1datawarehouse/lib/python3.9/site-packages/airflow/example_dags/example_dynamic_task_mapping.py
[2024-02-24T17:37:22.850-0600] {logging_mixin.py:188} INFO - [2024-02-24T17:37:22.849-0600] {dag.py:3036} INFO - Sync 1 DAGs
[2024-02-24T17:37:22.858-0600] {logging_mixin.py:188} INFO - [2024-02-24T17:37:22.858-0600] {dag.py:3823} INFO - Setting next_dagrun for example_dynamic_task_mapping to 2022-03-04 00:00:00+00:00, run_after=2022-03-05 00:00:00+00:00
[2024-02-24T17:37:22.866-0600] {processor.py:183} INFO - Processing /Users/vamseekrishna/Desktop/F1_Data_Warehouse/f1datawarehouse/lib/python3.9/site-packages/airflow/example_dags/example_dynamic_task_mapping.py took 0.084 seconds
[2024-02-24T17:50:28.386-0600] {processor.py:161} INFO - Started process (PID=95549) to work on /Users/vamseekrishna/Desktop/F1_Data_Warehouse/f1datawarehouse/lib/python3.9/site-packages/airflow/example_dags/example_dynamic_task_mapping.py
[2024-02-24T17:50:28.388-0600] {processor.py:830} INFO - Processing file /Users/vamseekrishna/Desktop/F1_Data_Warehouse/f1datawarehouse/lib/python3.9/site-packages/airflow/example_dags/example_dynamic_task_mapping.py for tasks to queue
[2024-02-24T17:50:28.388-0600] {logging_mixin.py:188} INFO - [2024-02-24T17:50:28.388-0600] {dagbag.py:538} INFO - Filling up the DagBag from /Users/vamseekrishna/Desktop/F1_Data_Warehouse/f1datawarehouse/lib/python3.9/site-packages/airflow/example_dags/example_dynamic_task_mapping.py
[2024-02-24T17:50:28.404-0600] {processor.py:840} INFO - DAG(s) 'example_dynamic_task_mapping' retrieved from /Users/vamseekrishna/Desktop/F1_Data_Warehouse/f1datawarehouse/lib/python3.9/site-packages/airflow/example_dags/example_dynamic_task_mapping.py
[2024-02-24T17:50:28.451-0600] {logging_mixin.py:188} INFO - [2024-02-24T17:50:28.451-0600] {dag.py:3036} INFO - Sync 1 DAGs
[2024-02-24T17:50:28.460-0600] {logging_mixin.py:188} INFO - [2024-02-24T17:50:28.460-0600] {dag.py:3823} INFO - Setting next_dagrun for example_dynamic_task_mapping to 2022-03-04 00:00:00+00:00, run_after=2022-03-05 00:00:00+00:00
[2024-02-24T17:50:28.468-0600] {processor.py:183} INFO - Processing /Users/vamseekrishna/Desktop/F1_Data_Warehouse/f1datawarehouse/lib/python3.9/site-packages/airflow/example_dags/example_dynamic_task_mapping.py took 0.082 seconds
