[2024-02-24T16:01:38.844-0600] {processor.py:161} INFO - Started process (PID=87725) to work on /Users/vamseekrishna/Desktop/F1_Data_Warehouse/f1datawarehouse/lib/python3.9/site-packages/airflow/example_dags/example_sla_dag.py
[2024-02-24T16:01:38.845-0600] {processor.py:830} INFO - Processing file /Users/vamseekrishna/Desktop/F1_Data_Warehouse/f1datawarehouse/lib/python3.9/site-packages/airflow/example_dags/example_sla_dag.py for tasks to queue
[2024-02-24T16:01:38.845-0600] {logging_mixin.py:188} INFO - [2024-02-24T16:01:38.845-0600] {dagbag.py:538} INFO - Filling up the DagBag from /Users/vamseekrishna/Desktop/F1_Data_Warehouse/f1datawarehouse/lib/python3.9/site-packages/airflow/example_dags/example_sla_dag.py
[2024-02-24T16:01:38.861-0600] {processor.py:840} INFO - DAG(s) 'example_sla_dag' retrieved from /Users/vamseekrishna/Desktop/F1_Data_Warehouse/f1datawarehouse/lib/python3.9/site-packages/airflow/example_dags/example_sla_dag.py
[2024-02-24T16:01:38.948-0600] {logging_mixin.py:188} INFO - [2024-02-24T16:01:38.947-0600] {override.py:1769} INFO - Created Permission View: can edit on DAG:example_sla_dag
[2024-02-24T16:01:38.951-0600] {logging_mixin.py:188} INFO - [2024-02-24T16:01:38.951-0600] {override.py:1769} INFO - Created Permission View: can delete on DAG:example_sla_dag
[2024-02-24T16:01:38.954-0600] {logging_mixin.py:188} INFO - [2024-02-24T16:01:38.953-0600] {override.py:1769} INFO - Created Permission View: can read on DAG:example_sla_dag
[2024-02-24T16:01:38.954-0600] {logging_mixin.py:188} INFO - [2024-02-24T16:01:38.954-0600] {dag.py:3036} INFO - Sync 1 DAGs
[2024-02-24T16:01:38.958-0600] {logging_mixin.py:188} INFO - [2024-02-24T16:01:38.958-0600] {dag.py:3058} INFO - Creating ORM DAG for example_sla_dag
[2024-02-24T16:01:38.964-0600] {logging_mixin.py:188} INFO - [2024-02-24T16:01:38.964-0600] {dag.py:3823} INFO - Setting next_dagrun for example_sla_dag to 2024-02-24 21:58:00+00:00, run_after=2024-02-24 22:00:00+00:00
[2024-02-24T16:01:38.970-0600] {processor.py:183} INFO - Processing /Users/vamseekrishna/Desktop/F1_Data_Warehouse/f1datawarehouse/lib/python3.9/site-packages/airflow/example_dags/example_sla_dag.py took 0.127 seconds
[2024-02-24T16:03:12.710-0600] {processor.py:161} INFO - Started process (PID=87948) to work on /Users/vamseekrishna/Desktop/F1_Data_Warehouse/f1datawarehouse/lib/python3.9/site-packages/airflow/example_dags/example_sla_dag.py
[2024-02-24T16:03:12.711-0600] {processor.py:830} INFO - Processing file /Users/vamseekrishna/Desktop/F1_Data_Warehouse/f1datawarehouse/lib/python3.9/site-packages/airflow/example_dags/example_sla_dag.py for tasks to queue
[2024-02-24T16:03:12.712-0600] {logging_mixin.py:188} INFO - [2024-02-24T16:03:12.711-0600] {dagbag.py:538} INFO - Filling up the DagBag from /Users/vamseekrishna/Desktop/F1_Data_Warehouse/f1datawarehouse/lib/python3.9/site-packages/airflow/example_dags/example_sla_dag.py
[2024-02-24T16:03:12.735-0600] {processor.py:840} INFO - DAG(s) 'example_sla_dag' retrieved from /Users/vamseekrishna/Desktop/F1_Data_Warehouse/f1datawarehouse/lib/python3.9/site-packages/airflow/example_dags/example_sla_dag.py
[2024-02-24T16:03:12.785-0600] {logging_mixin.py:188} INFO - [2024-02-24T16:03:12.785-0600] {dag.py:3036} INFO - Sync 1 DAGs
[2024-02-24T16:03:12.795-0600] {logging_mixin.py:188} INFO - [2024-02-24T16:03:12.795-0600] {dag.py:3823} INFO - Setting next_dagrun for example_sla_dag to 2024-02-24 22:00:00+00:00, run_after=2024-02-24 22:02:00+00:00
[2024-02-24T16:03:12.803-0600] {processor.py:183} INFO - Processing /Users/vamseekrishna/Desktop/F1_Data_Warehouse/f1datawarehouse/lib/python3.9/site-packages/airflow/example_dags/example_sla_dag.py took 0.095 seconds
[2024-02-24T16:04:16.541-0600] {processor.py:161} INFO - Started process (PID=88093) to work on /Users/vamseekrishna/Desktop/F1_Data_Warehouse/f1datawarehouse/lib/python3.9/site-packages/airflow/example_dags/example_sla_dag.py
[2024-02-24T16:04:16.543-0600] {processor.py:830} INFO - Processing file /Users/vamseekrishna/Desktop/F1_Data_Warehouse/f1datawarehouse/lib/python3.9/site-packages/airflow/example_dags/example_sla_dag.py for tasks to queue
[2024-02-24T16:04:16.543-0600] {logging_mixin.py:188} INFO - [2024-02-24T16:04:16.543-0600] {dagbag.py:538} INFO - Filling up the DagBag from /Users/vamseekrishna/Desktop/F1_Data_Warehouse/f1datawarehouse/lib/python3.9/site-packages/airflow/example_dags/example_sla_dag.py
[2024-02-24T16:04:16.588-0600] {processor.py:840} INFO - DAG(s) 'example_sla_dag' retrieved from /Users/vamseekrishna/Desktop/F1_Data_Warehouse/f1datawarehouse/lib/python3.9/site-packages/airflow/example_dags/example_sla_dag.py
[2024-02-24T16:04:16.637-0600] {logging_mixin.py:188} INFO - [2024-02-24T16:04:16.637-0600] {dag.py:3036} INFO - Sync 1 DAGs
[2024-02-24T16:04:16.648-0600] {logging_mixin.py:188} INFO - [2024-02-24T16:04:16.647-0600] {dag.py:3823} INFO - Setting next_dagrun for example_sla_dag to 2024-02-24 22:02:00+00:00, run_after=2024-02-24 22:04:00+00:00
[2024-02-24T16:04:16.656-0600] {processor.py:183} INFO - Processing /Users/vamseekrishna/Desktop/F1_Data_Warehouse/f1datawarehouse/lib/python3.9/site-packages/airflow/example_dags/example_sla_dag.py took 0.115 seconds
[2024-02-24T16:06:14.860-0600] {processor.py:161} INFO - Started process (PID=88270) to work on /Users/vamseekrishna/Desktop/F1_Data_Warehouse/f1datawarehouse/lib/python3.9/site-packages/airflow/example_dags/example_sla_dag.py
[2024-02-24T16:06:14.862-0600] {processor.py:830} INFO - Processing file /Users/vamseekrishna/Desktop/F1_Data_Warehouse/f1datawarehouse/lib/python3.9/site-packages/airflow/example_dags/example_sla_dag.py for tasks to queue
[2024-02-24T16:06:14.863-0600] {logging_mixin.py:188} INFO - [2024-02-24T16:06:14.863-0600] {dagbag.py:538} INFO - Filling up the DagBag from /Users/vamseekrishna/Desktop/F1_Data_Warehouse/f1datawarehouse/lib/python3.9/site-packages/airflow/example_dags/example_sla_dag.py
[2024-02-24T16:06:14.907-0600] {processor.py:840} INFO - DAG(s) 'example_sla_dag' retrieved from /Users/vamseekrishna/Desktop/F1_Data_Warehouse/f1datawarehouse/lib/python3.9/site-packages/airflow/example_dags/example_sla_dag.py
[2024-02-24T16:06:14.954-0600] {logging_mixin.py:188} INFO - [2024-02-24T16:06:14.954-0600] {dag.py:3036} INFO - Sync 1 DAGs
[2024-02-24T16:06:14.965-0600] {logging_mixin.py:188} INFO - [2024-02-24T16:06:14.965-0600] {dag.py:3823} INFO - Setting next_dagrun for example_sla_dag to 2024-02-24 22:04:00+00:00, run_after=2024-02-24 22:06:00+00:00
[2024-02-24T16:06:14.975-0600] {processor.py:183} INFO - Processing /Users/vamseekrishna/Desktop/F1_Data_Warehouse/f1datawarehouse/lib/python3.9/site-packages/airflow/example_dags/example_sla_dag.py took 0.115 seconds
[2024-02-24T16:08:12.742-0600] {processor.py:161} INFO - Started process (PID=88502) to work on /Users/vamseekrishna/Desktop/F1_Data_Warehouse/f1datawarehouse/lib/python3.9/site-packages/airflow/example_dags/example_sla_dag.py
[2024-02-24T16:08:12.743-0600] {processor.py:830} INFO - Processing file /Users/vamseekrishna/Desktop/F1_Data_Warehouse/f1datawarehouse/lib/python3.9/site-packages/airflow/example_dags/example_sla_dag.py for tasks to queue
[2024-02-24T16:08:12.744-0600] {logging_mixin.py:188} INFO - [2024-02-24T16:08:12.744-0600] {dagbag.py:538} INFO - Filling up the DagBag from /Users/vamseekrishna/Desktop/F1_Data_Warehouse/f1datawarehouse/lib/python3.9/site-packages/airflow/example_dags/example_sla_dag.py
[2024-02-24T16:08:12.797-0600] {processor.py:840} INFO - DAG(s) 'example_sla_dag' retrieved from /Users/vamseekrishna/Desktop/F1_Data_Warehouse/f1datawarehouse/lib/python3.9/site-packages/airflow/example_dags/example_sla_dag.py
[2024-02-24T16:08:12.845-0600] {logging_mixin.py:188} INFO - [2024-02-24T16:08:12.845-0600] {dag.py:3036} INFO - Sync 1 DAGs
[2024-02-24T16:08:12.855-0600] {logging_mixin.py:188} INFO - [2024-02-24T16:08:12.855-0600] {dag.py:3823} INFO - Setting next_dagrun for example_sla_dag to 2024-02-24 22:06:00+00:00, run_after=2024-02-24 22:08:00+00:00
[2024-02-24T16:08:12.863-0600] {processor.py:183} INFO - Processing /Users/vamseekrishna/Desktop/F1_Data_Warehouse/f1datawarehouse/lib/python3.9/site-packages/airflow/example_dags/example_sla_dag.py took 0.122 seconds
[2024-02-24T16:10:07.459-0600] {processor.py:161} INFO - Started process (PID=88701) to work on /Users/vamseekrishna/Desktop/F1_Data_Warehouse/f1datawarehouse/lib/python3.9/site-packages/airflow/example_dags/example_sla_dag.py
[2024-02-24T16:10:07.460-0600] {processor.py:830} INFO - Processing file /Users/vamseekrishna/Desktop/F1_Data_Warehouse/f1datawarehouse/lib/python3.9/site-packages/airflow/example_dags/example_sla_dag.py for tasks to queue
[2024-02-24T16:10:07.461-0600] {logging_mixin.py:188} INFO - [2024-02-24T16:10:07.461-0600] {dagbag.py:538} INFO - Filling up the DagBag from /Users/vamseekrishna/Desktop/F1_Data_Warehouse/f1datawarehouse/lib/python3.9/site-packages/airflow/example_dags/example_sla_dag.py
[2024-02-24T16:10:07.505-0600] {processor.py:840} INFO - DAG(s) 'example_sla_dag' retrieved from /Users/vamseekrishna/Desktop/F1_Data_Warehouse/f1datawarehouse/lib/python3.9/site-packages/airflow/example_dags/example_sla_dag.py
[2024-02-24T16:10:07.554-0600] {logging_mixin.py:188} INFO - [2024-02-24T16:10:07.553-0600] {dag.py:3036} INFO - Sync 1 DAGs
[2024-02-24T16:10:07.563-0600] {logging_mixin.py:188} INFO - [2024-02-24T16:10:07.563-0600] {dag.py:3823} INFO - Setting next_dagrun for example_sla_dag to 2024-02-24 22:08:00+00:00, run_after=2024-02-24 22:10:00+00:00
[2024-02-24T16:10:07.571-0600] {processor.py:183} INFO - Processing /Users/vamseekrishna/Desktop/F1_Data_Warehouse/f1datawarehouse/lib/python3.9/site-packages/airflow/example_dags/example_sla_dag.py took 0.112 seconds
[2024-02-24T16:12:04.318-0600] {processor.py:161} INFO - Started process (PID=88891) to work on /Users/vamseekrishna/Desktop/F1_Data_Warehouse/f1datawarehouse/lib/python3.9/site-packages/airflow/example_dags/example_sla_dag.py
[2024-02-24T16:12:04.320-0600] {processor.py:830} INFO - Processing file /Users/vamseekrishna/Desktop/F1_Data_Warehouse/f1datawarehouse/lib/python3.9/site-packages/airflow/example_dags/example_sla_dag.py for tasks to queue
[2024-02-24T16:12:04.320-0600] {logging_mixin.py:188} INFO - [2024-02-24T16:12:04.320-0600] {dagbag.py:538} INFO - Filling up the DagBag from /Users/vamseekrishna/Desktop/F1_Data_Warehouse/f1datawarehouse/lib/python3.9/site-packages/airflow/example_dags/example_sla_dag.py
[2024-02-24T16:12:04.359-0600] {processor.py:840} INFO - DAG(s) 'example_sla_dag' retrieved from /Users/vamseekrishna/Desktop/F1_Data_Warehouse/f1datawarehouse/lib/python3.9/site-packages/airflow/example_dags/example_sla_dag.py
[2024-02-24T16:12:04.411-0600] {logging_mixin.py:188} INFO - [2024-02-24T16:12:04.411-0600] {dag.py:3036} INFO - Sync 1 DAGs
[2024-02-24T16:12:04.422-0600] {logging_mixin.py:188} INFO - [2024-02-24T16:12:04.422-0600] {dag.py:3823} INFO - Setting next_dagrun for example_sla_dag to 2024-02-24 22:10:00+00:00, run_after=2024-02-24 22:12:00+00:00
[2024-02-24T16:12:04.429-0600] {processor.py:183} INFO - Processing /Users/vamseekrishna/Desktop/F1_Data_Warehouse/f1datawarehouse/lib/python3.9/site-packages/airflow/example_dags/example_sla_dag.py took 0.112 seconds
[2024-02-24T16:13:53.654-0600] {processor.py:161} INFO - Started process (PID=89056) to work on /Users/vamseekrishna/Desktop/F1_Data_Warehouse/f1datawarehouse/lib/python3.9/site-packages/airflow/example_dags/example_sla_dag.py
[2024-02-24T16:13:53.656-0600] {processor.py:830} INFO - Processing file /Users/vamseekrishna/Desktop/F1_Data_Warehouse/f1datawarehouse/lib/python3.9/site-packages/airflow/example_dags/example_sla_dag.py for tasks to queue
[2024-02-24T16:13:53.656-0600] {logging_mixin.py:188} INFO - [2024-02-24T16:13:53.656-0600] {dagbag.py:538} INFO - Filling up the DagBag from /Users/vamseekrishna/Desktop/F1_Data_Warehouse/f1datawarehouse/lib/python3.9/site-packages/airflow/example_dags/example_sla_dag.py
[2024-02-24T16:13:53.695-0600] {processor.py:840} INFO - DAG(s) 'example_sla_dag' retrieved from /Users/vamseekrishna/Desktop/F1_Data_Warehouse/f1datawarehouse/lib/python3.9/site-packages/airflow/example_dags/example_sla_dag.py
[2024-02-24T16:13:53.740-0600] {logging_mixin.py:188} INFO - [2024-02-24T16:13:53.740-0600] {dag.py:3036} INFO - Sync 1 DAGs
[2024-02-24T16:13:53.751-0600] {logging_mixin.py:188} INFO - [2024-02-24T16:13:53.750-0600] {dag.py:3823} INFO - Setting next_dagrun for example_sla_dag to 2024-02-24 22:10:00+00:00, run_after=2024-02-24 22:12:00+00:00
[2024-02-24T16:13:53.757-0600] {processor.py:183} INFO - Processing /Users/vamseekrishna/Desktop/F1_Data_Warehouse/f1datawarehouse/lib/python3.9/site-packages/airflow/example_dags/example_sla_dag.py took 0.104 seconds
[2024-02-24T16:15:44.502-0600] {processor.py:161} INFO - Started process (PID=89269) to work on /Users/vamseekrishna/Desktop/F1_Data_Warehouse/f1datawarehouse/lib/python3.9/site-packages/airflow/example_dags/example_sla_dag.py
[2024-02-24T16:15:44.504-0600] {processor.py:830} INFO - Processing file /Users/vamseekrishna/Desktop/F1_Data_Warehouse/f1datawarehouse/lib/python3.9/site-packages/airflow/example_dags/example_sla_dag.py for tasks to queue
[2024-02-24T16:15:44.504-0600] {logging_mixin.py:188} INFO - [2024-02-24T16:15:44.504-0600] {dagbag.py:538} INFO - Filling up the DagBag from /Users/vamseekrishna/Desktop/F1_Data_Warehouse/f1datawarehouse/lib/python3.9/site-packages/airflow/example_dags/example_sla_dag.py
[2024-02-24T16:15:44.546-0600] {processor.py:840} INFO - DAG(s) 'example_sla_dag' retrieved from /Users/vamseekrishna/Desktop/F1_Data_Warehouse/f1datawarehouse/lib/python3.9/site-packages/airflow/example_dags/example_sla_dag.py
[2024-02-24T16:15:44.593-0600] {logging_mixin.py:188} INFO - [2024-02-24T16:15:44.593-0600] {dag.py:3036} INFO - Sync 1 DAGs
[2024-02-24T16:15:44.604-0600] {logging_mixin.py:188} INFO - [2024-02-24T16:15:44.604-0600] {dag.py:3823} INFO - Setting next_dagrun for example_sla_dag to 2024-02-24 22:12:00+00:00, run_after=2024-02-24 22:14:00+00:00
[2024-02-24T16:15:44.611-0600] {processor.py:183} INFO - Processing /Users/vamseekrishna/Desktop/F1_Data_Warehouse/f1datawarehouse/lib/python3.9/site-packages/airflow/example_dags/example_sla_dag.py took 0.110 seconds
[2024-02-24T16:17:35.505-0600] {processor.py:161} INFO - Started process (PID=89462) to work on /Users/vamseekrishna/Desktop/F1_Data_Warehouse/f1datawarehouse/lib/python3.9/site-packages/airflow/example_dags/example_sla_dag.py
[2024-02-24T16:17:35.506-0600] {processor.py:830} INFO - Processing file /Users/vamseekrishna/Desktop/F1_Data_Warehouse/f1datawarehouse/lib/python3.9/site-packages/airflow/example_dags/example_sla_dag.py for tasks to queue
[2024-02-24T16:17:35.507-0600] {logging_mixin.py:188} INFO - [2024-02-24T16:17:35.507-0600] {dagbag.py:538} INFO - Filling up the DagBag from /Users/vamseekrishna/Desktop/F1_Data_Warehouse/f1datawarehouse/lib/python3.9/site-packages/airflow/example_dags/example_sla_dag.py
[2024-02-24T16:17:35.548-0600] {processor.py:840} INFO - DAG(s) 'example_sla_dag' retrieved from /Users/vamseekrishna/Desktop/F1_Data_Warehouse/f1datawarehouse/lib/python3.9/site-packages/airflow/example_dags/example_sla_dag.py
[2024-02-24T16:17:35.595-0600] {logging_mixin.py:188} INFO - [2024-02-24T16:17:35.595-0600] {dag.py:3036} INFO - Sync 1 DAGs
[2024-02-24T16:17:35.605-0600] {logging_mixin.py:188} INFO - [2024-02-24T16:17:35.605-0600] {dag.py:3823} INFO - Setting next_dagrun for example_sla_dag to 2024-02-24 22:14:00+00:00, run_after=2024-02-24 22:16:00+00:00
[2024-02-24T16:17:35.612-0600] {processor.py:183} INFO - Processing /Users/vamseekrishna/Desktop/F1_Data_Warehouse/f1datawarehouse/lib/python3.9/site-packages/airflow/example_dags/example_sla_dag.py took 0.107 seconds
[2024-02-24T16:19:35.341-0600] {processor.py:161} INFO - Started process (PID=89658) to work on /Users/vamseekrishna/Desktop/F1_Data_Warehouse/f1datawarehouse/lib/python3.9/site-packages/airflow/example_dags/example_sla_dag.py
[2024-02-24T16:19:35.343-0600] {processor.py:830} INFO - Processing file /Users/vamseekrishna/Desktop/F1_Data_Warehouse/f1datawarehouse/lib/python3.9/site-packages/airflow/example_dags/example_sla_dag.py for tasks to queue
[2024-02-24T16:19:35.343-0600] {logging_mixin.py:188} INFO - [2024-02-24T16:19:35.343-0600] {dagbag.py:538} INFO - Filling up the DagBag from /Users/vamseekrishna/Desktop/F1_Data_Warehouse/f1datawarehouse/lib/python3.9/site-packages/airflow/example_dags/example_sla_dag.py
[2024-02-24T16:19:35.382-0600] {processor.py:840} INFO - DAG(s) 'example_sla_dag' retrieved from /Users/vamseekrishna/Desktop/F1_Data_Warehouse/f1datawarehouse/lib/python3.9/site-packages/airflow/example_dags/example_sla_dag.py
[2024-02-24T16:19:35.427-0600] {logging_mixin.py:188} INFO - [2024-02-24T16:19:35.427-0600] {dag.py:3036} INFO - Sync 1 DAGs
[2024-02-24T16:19:35.437-0600] {logging_mixin.py:188} INFO - [2024-02-24T16:19:35.437-0600] {dag.py:3823} INFO - Setting next_dagrun for example_sla_dag to 2024-02-24 22:16:00+00:00, run_after=2024-02-24 22:18:00+00:00
[2024-02-24T16:19:35.445-0600] {processor.py:183} INFO - Processing /Users/vamseekrishna/Desktop/F1_Data_Warehouse/f1datawarehouse/lib/python3.9/site-packages/airflow/example_dags/example_sla_dag.py took 0.105 seconds
[2024-02-24T16:21:41.872-0600] {processor.py:161} INFO - Started process (PID=89849) to work on /Users/vamseekrishna/Desktop/F1_Data_Warehouse/f1datawarehouse/lib/python3.9/site-packages/airflow/example_dags/example_sla_dag.py
[2024-02-24T16:21:41.874-0600] {processor.py:830} INFO - Processing file /Users/vamseekrishna/Desktop/F1_Data_Warehouse/f1datawarehouse/lib/python3.9/site-packages/airflow/example_dags/example_sla_dag.py for tasks to queue
[2024-02-24T16:21:41.874-0600] {logging_mixin.py:188} INFO - [2024-02-24T16:21:41.874-0600] {dagbag.py:538} INFO - Filling up the DagBag from /Users/vamseekrishna/Desktop/F1_Data_Warehouse/f1datawarehouse/lib/python3.9/site-packages/airflow/example_dags/example_sla_dag.py
[2024-02-24T16:21:41.914-0600] {processor.py:840} INFO - DAG(s) 'example_sla_dag' retrieved from /Users/vamseekrishna/Desktop/F1_Data_Warehouse/f1datawarehouse/lib/python3.9/site-packages/airflow/example_dags/example_sla_dag.py
[2024-02-24T16:21:41.960-0600] {logging_mixin.py:188} INFO - [2024-02-24T16:21:41.960-0600] {dag.py:3036} INFO - Sync 1 DAGs
[2024-02-24T16:21:41.970-0600] {logging_mixin.py:188} INFO - [2024-02-24T16:21:41.970-0600] {dag.py:3823} INFO - Setting next_dagrun for example_sla_dag to 2024-02-24 22:18:00+00:00, run_after=2024-02-24 22:20:00+00:00
[2024-02-24T16:21:41.977-0600] {processor.py:183} INFO - Processing /Users/vamseekrishna/Desktop/F1_Data_Warehouse/f1datawarehouse/lib/python3.9/site-packages/airflow/example_dags/example_sla_dag.py took 0.106 seconds
[2024-02-24T16:23:40.641-0600] {processor.py:161} INFO - Started process (PID=90022) to work on /Users/vamseekrishna/Desktop/F1_Data_Warehouse/f1datawarehouse/lib/python3.9/site-packages/airflow/example_dags/example_sla_dag.py
[2024-02-24T16:23:40.643-0600] {processor.py:830} INFO - Processing file /Users/vamseekrishna/Desktop/F1_Data_Warehouse/f1datawarehouse/lib/python3.9/site-packages/airflow/example_dags/example_sla_dag.py for tasks to queue
[2024-02-24T16:23:40.644-0600] {logging_mixin.py:188} INFO - [2024-02-24T16:23:40.644-0600] {dagbag.py:538} INFO - Filling up the DagBag from /Users/vamseekrishna/Desktop/F1_Data_Warehouse/f1datawarehouse/lib/python3.9/site-packages/airflow/example_dags/example_sla_dag.py
[2024-02-24T16:23:40.684-0600] {processor.py:840} INFO - DAG(s) 'example_sla_dag' retrieved from /Users/vamseekrishna/Desktop/F1_Data_Warehouse/f1datawarehouse/lib/python3.9/site-packages/airflow/example_dags/example_sla_dag.py
[2024-02-24T16:23:40.729-0600] {logging_mixin.py:188} INFO - [2024-02-24T16:23:40.729-0600] {dag.py:3036} INFO - Sync 1 DAGs
[2024-02-24T16:23:40.739-0600] {logging_mixin.py:188} INFO - [2024-02-24T16:23:40.739-0600] {dag.py:3823} INFO - Setting next_dagrun for example_sla_dag to 2024-02-24 22:20:00+00:00, run_after=2024-02-24 22:22:00+00:00
[2024-02-24T16:23:40.748-0600] {processor.py:183} INFO - Processing /Users/vamseekrishna/Desktop/F1_Data_Warehouse/f1datawarehouse/lib/python3.9/site-packages/airflow/example_dags/example_sla_dag.py took 0.107 seconds
[2024-02-24T16:25:48.161-0600] {processor.py:161} INFO - Started process (PID=90239) to work on /Users/vamseekrishna/Desktop/F1_Data_Warehouse/f1datawarehouse/lib/python3.9/site-packages/airflow/example_dags/example_sla_dag.py
[2024-02-24T16:25:48.163-0600] {processor.py:830} INFO - Processing file /Users/vamseekrishna/Desktop/F1_Data_Warehouse/f1datawarehouse/lib/python3.9/site-packages/airflow/example_dags/example_sla_dag.py for tasks to queue
[2024-02-24T16:25:48.164-0600] {logging_mixin.py:188} INFO - [2024-02-24T16:25:48.164-0600] {dagbag.py:538} INFO - Filling up the DagBag from /Users/vamseekrishna/Desktop/F1_Data_Warehouse/f1datawarehouse/lib/python3.9/site-packages/airflow/example_dags/example_sla_dag.py
[2024-02-24T16:25:48.204-0600] {processor.py:840} INFO - DAG(s) 'example_sla_dag' retrieved from /Users/vamseekrishna/Desktop/F1_Data_Warehouse/f1datawarehouse/lib/python3.9/site-packages/airflow/example_dags/example_sla_dag.py
[2024-02-24T16:25:48.249-0600] {logging_mixin.py:188} INFO - [2024-02-24T16:25:48.249-0600] {dag.py:3036} INFO - Sync 1 DAGs
[2024-02-24T16:25:48.260-0600] {logging_mixin.py:188} INFO - [2024-02-24T16:25:48.259-0600] {dag.py:3823} INFO - Setting next_dagrun for example_sla_dag to 2024-02-24 22:22:00+00:00, run_after=2024-02-24 22:24:00+00:00
[2024-02-24T16:25:48.267-0600] {processor.py:183} INFO - Processing /Users/vamseekrishna/Desktop/F1_Data_Warehouse/f1datawarehouse/lib/python3.9/site-packages/airflow/example_dags/example_sla_dag.py took 0.106 seconds
[2024-02-24T16:27:46.613-0600] {processor.py:161} INFO - Started process (PID=90390) to work on /Users/vamseekrishna/Desktop/F1_Data_Warehouse/f1datawarehouse/lib/python3.9/site-packages/airflow/example_dags/example_sla_dag.py
[2024-02-24T16:27:46.615-0600] {processor.py:830} INFO - Processing file /Users/vamseekrishna/Desktop/F1_Data_Warehouse/f1datawarehouse/lib/python3.9/site-packages/airflow/example_dags/example_sla_dag.py for tasks to queue
[2024-02-24T16:27:46.615-0600] {logging_mixin.py:188} INFO - [2024-02-24T16:27:46.615-0600] {dagbag.py:538} INFO - Filling up the DagBag from /Users/vamseekrishna/Desktop/F1_Data_Warehouse/f1datawarehouse/lib/python3.9/site-packages/airflow/example_dags/example_sla_dag.py
[2024-02-24T16:27:46.657-0600] {processor.py:840} INFO - DAG(s) 'example_sla_dag' retrieved from /Users/vamseekrishna/Desktop/F1_Data_Warehouse/f1datawarehouse/lib/python3.9/site-packages/airflow/example_dags/example_sla_dag.py
[2024-02-24T16:27:46.703-0600] {logging_mixin.py:188} INFO - [2024-02-24T16:27:46.703-0600] {dag.py:3036} INFO - Sync 1 DAGs
[2024-02-24T16:27:46.713-0600] {logging_mixin.py:188} INFO - [2024-02-24T16:27:46.713-0600] {dag.py:3823} INFO - Setting next_dagrun for example_sla_dag to 2024-02-24 22:24:00+00:00, run_after=2024-02-24 22:26:00+00:00
[2024-02-24T16:27:46.720-0600] {processor.py:183} INFO - Processing /Users/vamseekrishna/Desktop/F1_Data_Warehouse/f1datawarehouse/lib/python3.9/site-packages/airflow/example_dags/example_sla_dag.py took 0.108 seconds
[2024-02-24T16:29:47.415-0600] {processor.py:161} INFO - Started process (PID=90539) to work on /Users/vamseekrishna/Desktop/F1_Data_Warehouse/f1datawarehouse/lib/python3.9/site-packages/airflow/example_dags/example_sla_dag.py
[2024-02-24T16:29:47.417-0600] {processor.py:830} INFO - Processing file /Users/vamseekrishna/Desktop/F1_Data_Warehouse/f1datawarehouse/lib/python3.9/site-packages/airflow/example_dags/example_sla_dag.py for tasks to queue
[2024-02-24T16:29:47.417-0600] {logging_mixin.py:188} INFO - [2024-02-24T16:29:47.417-0600] {dagbag.py:538} INFO - Filling up the DagBag from /Users/vamseekrishna/Desktop/F1_Data_Warehouse/f1datawarehouse/lib/python3.9/site-packages/airflow/example_dags/example_sla_dag.py
[2024-02-24T16:29:47.457-0600] {processor.py:840} INFO - DAG(s) 'example_sla_dag' retrieved from /Users/vamseekrishna/Desktop/F1_Data_Warehouse/f1datawarehouse/lib/python3.9/site-packages/airflow/example_dags/example_sla_dag.py
[2024-02-24T16:29:47.502-0600] {logging_mixin.py:188} INFO - [2024-02-24T16:29:47.502-0600] {dag.py:3036} INFO - Sync 1 DAGs
[2024-02-24T16:29:47.512-0600] {logging_mixin.py:188} INFO - [2024-02-24T16:29:47.512-0600] {dag.py:3823} INFO - Setting next_dagrun for example_sla_dag to 2024-02-24 22:26:00+00:00, run_after=2024-02-24 22:28:00+00:00
[2024-02-24T16:29:47.519-0600] {processor.py:183} INFO - Processing /Users/vamseekrishna/Desktop/F1_Data_Warehouse/f1datawarehouse/lib/python3.9/site-packages/airflow/example_dags/example_sla_dag.py took 0.105 seconds
[2024-02-24T16:31:48.811-0600] {processor.py:161} INFO - Started process (PID=90678) to work on /Users/vamseekrishna/Desktop/F1_Data_Warehouse/f1datawarehouse/lib/python3.9/site-packages/airflow/example_dags/example_sla_dag.py
[2024-02-24T16:31:48.812-0600] {processor.py:830} INFO - Processing file /Users/vamseekrishna/Desktop/F1_Data_Warehouse/f1datawarehouse/lib/python3.9/site-packages/airflow/example_dags/example_sla_dag.py for tasks to queue
[2024-02-24T16:31:48.813-0600] {logging_mixin.py:188} INFO - [2024-02-24T16:31:48.812-0600] {dagbag.py:538} INFO - Filling up the DagBag from /Users/vamseekrishna/Desktop/F1_Data_Warehouse/f1datawarehouse/lib/python3.9/site-packages/airflow/example_dags/example_sla_dag.py
[2024-02-24T16:31:48.852-0600] {processor.py:840} INFO - DAG(s) 'example_sla_dag' retrieved from /Users/vamseekrishna/Desktop/F1_Data_Warehouse/f1datawarehouse/lib/python3.9/site-packages/airflow/example_dags/example_sla_dag.py
[2024-02-24T16:31:48.904-0600] {logging_mixin.py:188} INFO - [2024-02-24T16:31:48.904-0600] {dag.py:3036} INFO - Sync 1 DAGs
[2024-02-24T16:31:48.914-0600] {logging_mixin.py:188} INFO - [2024-02-24T16:31:48.914-0600] {dag.py:3823} INFO - Setting next_dagrun for example_sla_dag to 2024-02-24 22:28:00+00:00, run_after=2024-02-24 22:30:00+00:00
[2024-02-24T16:31:48.922-0600] {processor.py:183} INFO - Processing /Users/vamseekrishna/Desktop/F1_Data_Warehouse/f1datawarehouse/lib/python3.9/site-packages/airflow/example_dags/example_sla_dag.py took 0.112 seconds
[2024-02-24T16:34:06.958-0600] {processor.py:161} INFO - Started process (PID=90921) to work on /Users/vamseekrishna/Desktop/F1_Data_Warehouse/f1datawarehouse/lib/python3.9/site-packages/airflow/example_dags/example_sla_dag.py
[2024-02-24T16:34:06.959-0600] {processor.py:830} INFO - Processing file /Users/vamseekrishna/Desktop/F1_Data_Warehouse/f1datawarehouse/lib/python3.9/site-packages/airflow/example_dags/example_sla_dag.py for tasks to queue
[2024-02-24T16:34:06.959-0600] {logging_mixin.py:188} INFO - [2024-02-24T16:34:06.959-0600] {dagbag.py:538} INFO - Filling up the DagBag from /Users/vamseekrishna/Desktop/F1_Data_Warehouse/f1datawarehouse/lib/python3.9/site-packages/airflow/example_dags/example_sla_dag.py
[2024-02-24T16:34:06.999-0600] {processor.py:840} INFO - DAG(s) 'example_sla_dag' retrieved from /Users/vamseekrishna/Desktop/F1_Data_Warehouse/f1datawarehouse/lib/python3.9/site-packages/airflow/example_dags/example_sla_dag.py
[2024-02-24T16:34:07.045-0600] {logging_mixin.py:188} INFO - [2024-02-24T16:34:07.045-0600] {dag.py:3036} INFO - Sync 1 DAGs
[2024-02-24T16:34:07.055-0600] {logging_mixin.py:188} INFO - [2024-02-24T16:34:07.055-0600] {dag.py:3823} INFO - Setting next_dagrun for example_sla_dag to 2024-02-24 22:32:00+00:00, run_after=2024-02-24 22:34:00+00:00
[2024-02-24T16:34:07.062-0600] {processor.py:183} INFO - Processing /Users/vamseekrishna/Desktop/F1_Data_Warehouse/f1datawarehouse/lib/python3.9/site-packages/airflow/example_dags/example_sla_dag.py took 0.105 seconds
[2024-02-24T16:36:09.872-0600] {processor.py:161} INFO - Started process (PID=91048) to work on /Users/vamseekrishna/Desktop/F1_Data_Warehouse/f1datawarehouse/lib/python3.9/site-packages/airflow/example_dags/example_sla_dag.py
[2024-02-24T16:36:09.873-0600] {processor.py:830} INFO - Processing file /Users/vamseekrishna/Desktop/F1_Data_Warehouse/f1datawarehouse/lib/python3.9/site-packages/airflow/example_dags/example_sla_dag.py for tasks to queue
[2024-02-24T16:36:09.874-0600] {logging_mixin.py:188} INFO - [2024-02-24T16:36:09.874-0600] {dagbag.py:538} INFO - Filling up the DagBag from /Users/vamseekrishna/Desktop/F1_Data_Warehouse/f1datawarehouse/lib/python3.9/site-packages/airflow/example_dags/example_sla_dag.py
[2024-02-24T16:36:09.914-0600] {processor.py:840} INFO - DAG(s) 'example_sla_dag' retrieved from /Users/vamseekrishna/Desktop/F1_Data_Warehouse/f1datawarehouse/lib/python3.9/site-packages/airflow/example_dags/example_sla_dag.py
[2024-02-24T16:36:09.960-0600] {logging_mixin.py:188} INFO - [2024-02-24T16:36:09.959-0600] {dag.py:3036} INFO - Sync 1 DAGs
[2024-02-24T16:36:09.970-0600] {logging_mixin.py:188} INFO - [2024-02-24T16:36:09.970-0600] {dag.py:3823} INFO - Setting next_dagrun for example_sla_dag to 2024-02-24 22:34:00+00:00, run_after=2024-02-24 22:36:00+00:00
[2024-02-24T16:36:09.977-0600] {processor.py:183} INFO - Processing /Users/vamseekrishna/Desktop/F1_Data_Warehouse/f1datawarehouse/lib/python3.9/site-packages/airflow/example_dags/example_sla_dag.py took 0.106 seconds
[2024-02-24T16:38:06.126-0600] {processor.py:161} INFO - Started process (PID=91184) to work on /Users/vamseekrishna/Desktop/F1_Data_Warehouse/f1datawarehouse/lib/python3.9/site-packages/airflow/example_dags/example_sla_dag.py
[2024-02-24T16:38:06.129-0600] {processor.py:830} INFO - Processing file /Users/vamseekrishna/Desktop/F1_Data_Warehouse/f1datawarehouse/lib/python3.9/site-packages/airflow/example_dags/example_sla_dag.py for tasks to queue
[2024-02-24T16:38:06.130-0600] {logging_mixin.py:188} INFO - [2024-02-24T16:38:06.129-0600] {dagbag.py:538} INFO - Filling up the DagBag from /Users/vamseekrishna/Desktop/F1_Data_Warehouse/f1datawarehouse/lib/python3.9/site-packages/airflow/example_dags/example_sla_dag.py
[2024-02-24T16:38:06.171-0600] {processor.py:840} INFO - DAG(s) 'example_sla_dag' retrieved from /Users/vamseekrishna/Desktop/F1_Data_Warehouse/f1datawarehouse/lib/python3.9/site-packages/airflow/example_dags/example_sla_dag.py
[2024-02-24T16:38:06.219-0600] {logging_mixin.py:188} INFO - [2024-02-24T16:38:06.218-0600] {dag.py:3036} INFO - Sync 1 DAGs
[2024-02-24T16:38:06.231-0600] {logging_mixin.py:188} INFO - [2024-02-24T16:38:06.231-0600] {dag.py:3823} INFO - Setting next_dagrun for example_sla_dag to 2024-02-24 22:36:00+00:00, run_after=2024-02-24 22:38:00+00:00
[2024-02-24T16:38:06.239-0600] {processor.py:183} INFO - Processing /Users/vamseekrishna/Desktop/F1_Data_Warehouse/f1datawarehouse/lib/python3.9/site-packages/airflow/example_dags/example_sla_dag.py took 0.114 seconds
[2024-02-24T16:40:10.844-0600] {processor.py:161} INFO - Started process (PID=91350) to work on /Users/vamseekrishna/Desktop/F1_Data_Warehouse/f1datawarehouse/lib/python3.9/site-packages/airflow/example_dags/example_sla_dag.py
[2024-02-24T16:40:10.846-0600] {processor.py:830} INFO - Processing file /Users/vamseekrishna/Desktop/F1_Data_Warehouse/f1datawarehouse/lib/python3.9/site-packages/airflow/example_dags/example_sla_dag.py for tasks to queue
[2024-02-24T16:40:10.847-0600] {logging_mixin.py:188} INFO - [2024-02-24T16:40:10.847-0600] {dagbag.py:538} INFO - Filling up the DagBag from /Users/vamseekrishna/Desktop/F1_Data_Warehouse/f1datawarehouse/lib/python3.9/site-packages/airflow/example_dags/example_sla_dag.py
[2024-02-24T16:40:10.887-0600] {processor.py:840} INFO - DAG(s) 'example_sla_dag' retrieved from /Users/vamseekrishna/Desktop/F1_Data_Warehouse/f1datawarehouse/lib/python3.9/site-packages/airflow/example_dags/example_sla_dag.py
[2024-02-24T16:40:10.932-0600] {logging_mixin.py:188} INFO - [2024-02-24T16:40:10.931-0600] {dag.py:3036} INFO - Sync 1 DAGs
[2024-02-24T16:40:10.942-0600] {logging_mixin.py:188} INFO - [2024-02-24T16:40:10.942-0600] {dag.py:3823} INFO - Setting next_dagrun for example_sla_dag to 2024-02-24 22:38:00+00:00, run_after=2024-02-24 22:40:00+00:00
[2024-02-24T16:40:10.949-0600] {processor.py:183} INFO - Processing /Users/vamseekrishna/Desktop/F1_Data_Warehouse/f1datawarehouse/lib/python3.9/site-packages/airflow/example_dags/example_sla_dag.py took 0.106 seconds
[2024-02-24T16:42:09.912-0600] {processor.py:161} INFO - Started process (PID=91500) to work on /Users/vamseekrishna/Desktop/F1_Data_Warehouse/f1datawarehouse/lib/python3.9/site-packages/airflow/example_dags/example_sla_dag.py
[2024-02-24T16:42:09.914-0600] {processor.py:830} INFO - Processing file /Users/vamseekrishna/Desktop/F1_Data_Warehouse/f1datawarehouse/lib/python3.9/site-packages/airflow/example_dags/example_sla_dag.py for tasks to queue
[2024-02-24T16:42:09.915-0600] {logging_mixin.py:188} INFO - [2024-02-24T16:42:09.914-0600] {dagbag.py:538} INFO - Filling up the DagBag from /Users/vamseekrishna/Desktop/F1_Data_Warehouse/f1datawarehouse/lib/python3.9/site-packages/airflow/example_dags/example_sla_dag.py
[2024-02-24T16:42:09.958-0600] {processor.py:840} INFO - DAG(s) 'example_sla_dag' retrieved from /Users/vamseekrishna/Desktop/F1_Data_Warehouse/f1datawarehouse/lib/python3.9/site-packages/airflow/example_dags/example_sla_dag.py
[2024-02-24T16:42:10.007-0600] {logging_mixin.py:188} INFO - [2024-02-24T16:42:10.007-0600] {dag.py:3036} INFO - Sync 1 DAGs
[2024-02-24T16:42:10.017-0600] {logging_mixin.py:188} INFO - [2024-02-24T16:42:10.017-0600] {dag.py:3823} INFO - Setting next_dagrun for example_sla_dag to 2024-02-24 22:40:00+00:00, run_after=2024-02-24 22:42:00+00:00
[2024-02-24T16:42:10.024-0600] {processor.py:183} INFO - Processing /Users/vamseekrishna/Desktop/F1_Data_Warehouse/f1datawarehouse/lib/python3.9/site-packages/airflow/example_dags/example_sla_dag.py took 0.113 seconds
[2024-02-24T16:44:09.915-0600] {processor.py:161} INFO - Started process (PID=91717) to work on /Users/vamseekrishna/Desktop/F1_Data_Warehouse/f1datawarehouse/lib/python3.9/site-packages/airflow/example_dags/example_sla_dag.py
[2024-02-24T16:44:09.917-0600] {processor.py:830} INFO - Processing file /Users/vamseekrishna/Desktop/F1_Data_Warehouse/f1datawarehouse/lib/python3.9/site-packages/airflow/example_dags/example_sla_dag.py for tasks to queue
[2024-02-24T16:44:09.918-0600] {logging_mixin.py:188} INFO - [2024-02-24T16:44:09.918-0600] {dagbag.py:538} INFO - Filling up the DagBag from /Users/vamseekrishna/Desktop/F1_Data_Warehouse/f1datawarehouse/lib/python3.9/site-packages/airflow/example_dags/example_sla_dag.py
[2024-02-24T16:44:09.977-0600] {processor.py:840} INFO - DAG(s) 'example_sla_dag' retrieved from /Users/vamseekrishna/Desktop/F1_Data_Warehouse/f1datawarehouse/lib/python3.9/site-packages/airflow/example_dags/example_sla_dag.py
[2024-02-24T16:44:10.216-0600] {logging_mixin.py:188} INFO - [2024-02-24T16:44:10.216-0600] {dag.py:3036} INFO - Sync 1 DAGs
[2024-02-24T16:44:10.246-0600] {logging_mixin.py:188} INFO - [2024-02-24T16:44:10.246-0600] {dag.py:3823} INFO - Setting next_dagrun for example_sla_dag to 2024-02-24 22:42:00+00:00, run_after=2024-02-24 22:44:00+00:00
[2024-02-24T16:44:10.278-0600] {processor.py:183} INFO - Processing /Users/vamseekrishna/Desktop/F1_Data_Warehouse/f1datawarehouse/lib/python3.9/site-packages/airflow/example_dags/example_sla_dag.py took 0.364 seconds
[2024-02-24T16:46:10.678-0600] {processor.py:161} INFO - Started process (PID=91898) to work on /Users/vamseekrishna/Desktop/F1_Data_Warehouse/f1datawarehouse/lib/python3.9/site-packages/airflow/example_dags/example_sla_dag.py
[2024-02-24T16:46:10.680-0600] {processor.py:830} INFO - Processing file /Users/vamseekrishna/Desktop/F1_Data_Warehouse/f1datawarehouse/lib/python3.9/site-packages/airflow/example_dags/example_sla_dag.py for tasks to queue
[2024-02-24T16:46:10.680-0600] {logging_mixin.py:188} INFO - [2024-02-24T16:46:10.680-0600] {dagbag.py:538} INFO - Filling up the DagBag from /Users/vamseekrishna/Desktop/F1_Data_Warehouse/f1datawarehouse/lib/python3.9/site-packages/airflow/example_dags/example_sla_dag.py
[2024-02-24T16:46:10.720-0600] {processor.py:840} INFO - DAG(s) 'example_sla_dag' retrieved from /Users/vamseekrishna/Desktop/F1_Data_Warehouse/f1datawarehouse/lib/python3.9/site-packages/airflow/example_dags/example_sla_dag.py
[2024-02-24T16:46:10.766-0600] {logging_mixin.py:188} INFO - [2024-02-24T16:46:10.765-0600] {dag.py:3036} INFO - Sync 1 DAGs
[2024-02-24T16:46:10.776-0600] {logging_mixin.py:188} INFO - [2024-02-24T16:46:10.776-0600] {dag.py:3823} INFO - Setting next_dagrun for example_sla_dag to 2024-02-24 22:44:00+00:00, run_after=2024-02-24 22:46:00+00:00
[2024-02-24T16:46:10.783-0600] {processor.py:183} INFO - Processing /Users/vamseekrishna/Desktop/F1_Data_Warehouse/f1datawarehouse/lib/python3.9/site-packages/airflow/example_dags/example_sla_dag.py took 0.105 seconds
[2024-02-24T16:48:15.292-0600] {processor.py:161} INFO - Started process (PID=92104) to work on /Users/vamseekrishna/Desktop/F1_Data_Warehouse/f1datawarehouse/lib/python3.9/site-packages/airflow/example_dags/example_sla_dag.py
[2024-02-24T16:48:15.294-0600] {processor.py:830} INFO - Processing file /Users/vamseekrishna/Desktop/F1_Data_Warehouse/f1datawarehouse/lib/python3.9/site-packages/airflow/example_dags/example_sla_dag.py for tasks to queue
[2024-02-24T16:48:15.294-0600] {logging_mixin.py:188} INFO - [2024-02-24T16:48:15.294-0600] {dagbag.py:538} INFO - Filling up the DagBag from /Users/vamseekrishna/Desktop/F1_Data_Warehouse/f1datawarehouse/lib/python3.9/site-packages/airflow/example_dags/example_sla_dag.py
[2024-02-24T16:48:15.337-0600] {processor.py:840} INFO - DAG(s) 'example_sla_dag' retrieved from /Users/vamseekrishna/Desktop/F1_Data_Warehouse/f1datawarehouse/lib/python3.9/site-packages/airflow/example_dags/example_sla_dag.py
[2024-02-24T16:48:15.385-0600] {logging_mixin.py:188} INFO - [2024-02-24T16:48:15.385-0600] {dag.py:3036} INFO - Sync 1 DAGs
[2024-02-24T16:48:15.396-0600] {logging_mixin.py:188} INFO - [2024-02-24T16:48:15.396-0600] {dag.py:3823} INFO - Setting next_dagrun for example_sla_dag to 2024-02-24 22:46:00+00:00, run_after=2024-02-24 22:48:00+00:00
[2024-02-24T16:48:15.403-0600] {processor.py:183} INFO - Processing /Users/vamseekrishna/Desktop/F1_Data_Warehouse/f1datawarehouse/lib/python3.9/site-packages/airflow/example_dags/example_sla_dag.py took 0.112 seconds
[2024-02-24T16:50:18.200-0600] {processor.py:161} INFO - Started process (PID=92278) to work on /Users/vamseekrishna/Desktop/F1_Data_Warehouse/f1datawarehouse/lib/python3.9/site-packages/airflow/example_dags/example_sla_dag.py
[2024-02-24T16:50:18.203-0600] {processor.py:830} INFO - Processing file /Users/vamseekrishna/Desktop/F1_Data_Warehouse/f1datawarehouse/lib/python3.9/site-packages/airflow/example_dags/example_sla_dag.py for tasks to queue
[2024-02-24T16:50:18.203-0600] {logging_mixin.py:188} INFO - [2024-02-24T16:50:18.203-0600] {dagbag.py:538} INFO - Filling up the DagBag from /Users/vamseekrishna/Desktop/F1_Data_Warehouse/f1datawarehouse/lib/python3.9/site-packages/airflow/example_dags/example_sla_dag.py
[2024-02-24T16:50:18.332-0600] {processor.py:840} INFO - DAG(s) 'example_sla_dag' retrieved from /Users/vamseekrishna/Desktop/F1_Data_Warehouse/f1datawarehouse/lib/python3.9/site-packages/airflow/example_dags/example_sla_dag.py
[2024-02-24T16:50:18.467-0600] {logging_mixin.py:188} INFO - [2024-02-24T16:50:18.467-0600] {dag.py:3036} INFO - Sync 1 DAGs
[2024-02-24T16:50:18.479-0600] {logging_mixin.py:188} INFO - [2024-02-24T16:50:18.479-0600] {dag.py:3823} INFO - Setting next_dagrun for example_sla_dag to 2024-02-24 22:48:00+00:00, run_after=2024-02-24 22:50:00+00:00
[2024-02-24T16:50:18.488-0600] {processor.py:183} INFO - Processing /Users/vamseekrishna/Desktop/F1_Data_Warehouse/f1datawarehouse/lib/python3.9/site-packages/airflow/example_dags/example_sla_dag.py took 0.288 seconds
[2024-02-24T16:52:22.491-0600] {processor.py:161} INFO - Started process (PID=92460) to work on /Users/vamseekrishna/Desktop/F1_Data_Warehouse/f1datawarehouse/lib/python3.9/site-packages/airflow/example_dags/example_sla_dag.py
[2024-02-24T16:52:22.494-0600] {processor.py:830} INFO - Processing file /Users/vamseekrishna/Desktop/F1_Data_Warehouse/f1datawarehouse/lib/python3.9/site-packages/airflow/example_dags/example_sla_dag.py for tasks to queue
[2024-02-24T16:52:22.494-0600] {logging_mixin.py:188} INFO - [2024-02-24T16:52:22.494-0600] {dagbag.py:538} INFO - Filling up the DagBag from /Users/vamseekrishna/Desktop/F1_Data_Warehouse/f1datawarehouse/lib/python3.9/site-packages/airflow/example_dags/example_sla_dag.py
[2024-02-24T16:52:22.540-0600] {processor.py:840} INFO - DAG(s) 'example_sla_dag' retrieved from /Users/vamseekrishna/Desktop/F1_Data_Warehouse/f1datawarehouse/lib/python3.9/site-packages/airflow/example_dags/example_sla_dag.py
[2024-02-24T16:52:22.587-0600] {logging_mixin.py:188} INFO - [2024-02-24T16:52:22.587-0600] {dag.py:3036} INFO - Sync 1 DAGs
[2024-02-24T16:52:22.598-0600] {logging_mixin.py:188} INFO - [2024-02-24T16:52:22.598-0600] {dag.py:3823} INFO - Setting next_dagrun for example_sla_dag to 2024-02-24 22:50:00+00:00, run_after=2024-02-24 22:52:00+00:00
[2024-02-24T16:52:22.605-0600] {processor.py:183} INFO - Processing /Users/vamseekrishna/Desktop/F1_Data_Warehouse/f1datawarehouse/lib/python3.9/site-packages/airflow/example_dags/example_sla_dag.py took 0.115 seconds
[2024-02-24T16:54:29.283-0600] {processor.py:161} INFO - Started process (PID=92643) to work on /Users/vamseekrishna/Desktop/F1_Data_Warehouse/f1datawarehouse/lib/python3.9/site-packages/airflow/example_dags/example_sla_dag.py
[2024-02-24T16:54:29.286-0600] {processor.py:830} INFO - Processing file /Users/vamseekrishna/Desktop/F1_Data_Warehouse/f1datawarehouse/lib/python3.9/site-packages/airflow/example_dags/example_sla_dag.py for tasks to queue
[2024-02-24T16:54:29.286-0600] {logging_mixin.py:188} INFO - [2024-02-24T16:54:29.286-0600] {dagbag.py:538} INFO - Filling up the DagBag from /Users/vamseekrishna/Desktop/F1_Data_Warehouse/f1datawarehouse/lib/python3.9/site-packages/airflow/example_dags/example_sla_dag.py
[2024-02-24T16:54:29.330-0600] {processor.py:840} INFO - DAG(s) 'example_sla_dag' retrieved from /Users/vamseekrishna/Desktop/F1_Data_Warehouse/f1datawarehouse/lib/python3.9/site-packages/airflow/example_dags/example_sla_dag.py
[2024-02-24T16:54:29.379-0600] {logging_mixin.py:188} INFO - [2024-02-24T16:54:29.378-0600] {dag.py:3036} INFO - Sync 1 DAGs
[2024-02-24T16:54:29.389-0600] {logging_mixin.py:188} INFO - [2024-02-24T16:54:29.389-0600] {dag.py:3823} INFO - Setting next_dagrun for example_sla_dag to 2024-02-24 22:52:00+00:00, run_after=2024-02-24 22:54:00+00:00
[2024-02-24T16:54:29.396-0600] {processor.py:183} INFO - Processing /Users/vamseekrishna/Desktop/F1_Data_Warehouse/f1datawarehouse/lib/python3.9/site-packages/airflow/example_dags/example_sla_dag.py took 0.113 seconds
[2024-02-24T16:56:42.071-0600] {processor.py:161} INFO - Started process (PID=92799) to work on /Users/vamseekrishna/Desktop/F1_Data_Warehouse/f1datawarehouse/lib/python3.9/site-packages/airflow/example_dags/example_sla_dag.py
[2024-02-24T16:56:42.073-0600] {processor.py:830} INFO - Processing file /Users/vamseekrishna/Desktop/F1_Data_Warehouse/f1datawarehouse/lib/python3.9/site-packages/airflow/example_dags/example_sla_dag.py for tasks to queue
[2024-02-24T16:56:42.073-0600] {logging_mixin.py:188} INFO - [2024-02-24T16:56:42.073-0600] {dagbag.py:538} INFO - Filling up the DagBag from /Users/vamseekrishna/Desktop/F1_Data_Warehouse/f1datawarehouse/lib/python3.9/site-packages/airflow/example_dags/example_sla_dag.py
[2024-02-24T16:56:42.113-0600] {processor.py:840} INFO - DAG(s) 'example_sla_dag' retrieved from /Users/vamseekrishna/Desktop/F1_Data_Warehouse/f1datawarehouse/lib/python3.9/site-packages/airflow/example_dags/example_sla_dag.py
[2024-02-24T16:56:42.171-0600] {logging_mixin.py:188} INFO - [2024-02-24T16:56:42.171-0600] {dag.py:3036} INFO - Sync 1 DAGs
[2024-02-24T16:56:42.181-0600] {logging_mixin.py:188} INFO - [2024-02-24T16:56:42.181-0600] {dag.py:3823} INFO - Setting next_dagrun for example_sla_dag to 2024-02-24 22:54:00+00:00, run_after=2024-02-24 22:56:00+00:00
[2024-02-24T16:56:42.188-0600] {processor.py:183} INFO - Processing /Users/vamseekrishna/Desktop/F1_Data_Warehouse/f1datawarehouse/lib/python3.9/site-packages/airflow/example_dags/example_sla_dag.py took 0.118 seconds
[2024-02-24T16:58:38.743-0600] {processor.py:161} INFO - Started process (PID=92992) to work on /Users/vamseekrishna/Desktop/F1_Data_Warehouse/f1datawarehouse/lib/python3.9/site-packages/airflow/example_dags/example_sla_dag.py
[2024-02-24T16:58:38.745-0600] {processor.py:830} INFO - Processing file /Users/vamseekrishna/Desktop/F1_Data_Warehouse/f1datawarehouse/lib/python3.9/site-packages/airflow/example_dags/example_sla_dag.py for tasks to queue
[2024-02-24T16:58:38.746-0600] {logging_mixin.py:188} INFO - [2024-02-24T16:58:38.746-0600] {dagbag.py:538} INFO - Filling up the DagBag from /Users/vamseekrishna/Desktop/F1_Data_Warehouse/f1datawarehouse/lib/python3.9/site-packages/airflow/example_dags/example_sla_dag.py
[2024-02-24T16:58:38.789-0600] {processor.py:840} INFO - DAG(s) 'example_sla_dag' retrieved from /Users/vamseekrishna/Desktop/F1_Data_Warehouse/f1datawarehouse/lib/python3.9/site-packages/airflow/example_dags/example_sla_dag.py
[2024-02-24T16:58:38.838-0600] {logging_mixin.py:188} INFO - [2024-02-24T16:58:38.838-0600] {dag.py:3036} INFO - Sync 1 DAGs
[2024-02-24T16:58:38.849-0600] {logging_mixin.py:188} INFO - [2024-02-24T16:58:38.849-0600] {dag.py:3823} INFO - Setting next_dagrun for example_sla_dag to 2024-02-24 22:56:00+00:00, run_after=2024-02-24 22:58:00+00:00
[2024-02-24T16:58:38.857-0600] {processor.py:183} INFO - Processing /Users/vamseekrishna/Desktop/F1_Data_Warehouse/f1datawarehouse/lib/python3.9/site-packages/airflow/example_dags/example_sla_dag.py took 0.115 seconds
[2024-02-24T17:00:45.708-0600] {processor.py:161} INFO - Started process (PID=93157) to work on /Users/vamseekrishna/Desktop/F1_Data_Warehouse/f1datawarehouse/lib/python3.9/site-packages/airflow/example_dags/example_sla_dag.py
[2024-02-24T17:00:45.709-0600] {processor.py:830} INFO - Processing file /Users/vamseekrishna/Desktop/F1_Data_Warehouse/f1datawarehouse/lib/python3.9/site-packages/airflow/example_dags/example_sla_dag.py for tasks to queue
[2024-02-24T17:00:45.709-0600] {logging_mixin.py:188} INFO - [2024-02-24T17:00:45.709-0600] {dagbag.py:538} INFO - Filling up the DagBag from /Users/vamseekrishna/Desktop/F1_Data_Warehouse/f1datawarehouse/lib/python3.9/site-packages/airflow/example_dags/example_sla_dag.py
[2024-02-24T17:00:45.750-0600] {processor.py:840} INFO - DAG(s) 'example_sla_dag' retrieved from /Users/vamseekrishna/Desktop/F1_Data_Warehouse/f1datawarehouse/lib/python3.9/site-packages/airflow/example_dags/example_sla_dag.py
[2024-02-24T17:00:45.797-0600] {logging_mixin.py:188} INFO - [2024-02-24T17:00:45.797-0600] {dag.py:3036} INFO - Sync 1 DAGs
[2024-02-24T17:00:45.806-0600] {logging_mixin.py:188} INFO - [2024-02-24T17:00:45.806-0600] {dag.py:3823} INFO - Setting next_dagrun for example_sla_dag to 2024-02-24 22:58:00+00:00, run_after=2024-02-24 23:00:00+00:00
[2024-02-24T17:00:45.814-0600] {processor.py:183} INFO - Processing /Users/vamseekrishna/Desktop/F1_Data_Warehouse/f1datawarehouse/lib/python3.9/site-packages/airflow/example_dags/example_sla_dag.py took 0.107 seconds
[2024-02-24T17:02:40.692-0600] {processor.py:161} INFO - Started process (PID=93295) to work on /Users/vamseekrishna/Desktop/F1_Data_Warehouse/f1datawarehouse/lib/python3.9/site-packages/airflow/example_dags/example_sla_dag.py
[2024-02-24T17:02:40.694-0600] {processor.py:830} INFO - Processing file /Users/vamseekrishna/Desktop/F1_Data_Warehouse/f1datawarehouse/lib/python3.9/site-packages/airflow/example_dags/example_sla_dag.py for tasks to queue
[2024-02-24T17:02:40.694-0600] {logging_mixin.py:188} INFO - [2024-02-24T17:02:40.694-0600] {dagbag.py:538} INFO - Filling up the DagBag from /Users/vamseekrishna/Desktop/F1_Data_Warehouse/f1datawarehouse/lib/python3.9/site-packages/airflow/example_dags/example_sla_dag.py
[2024-02-24T17:02:40.735-0600] {processor.py:840} INFO - DAG(s) 'example_sla_dag' retrieved from /Users/vamseekrishna/Desktop/F1_Data_Warehouse/f1datawarehouse/lib/python3.9/site-packages/airflow/example_dags/example_sla_dag.py
[2024-02-24T17:02:40.780-0600] {logging_mixin.py:188} INFO - [2024-02-24T17:02:40.780-0600] {dag.py:3036} INFO - Sync 1 DAGs
[2024-02-24T17:02:40.790-0600] {logging_mixin.py:188} INFO - [2024-02-24T17:02:40.790-0600] {dag.py:3823} INFO - Setting next_dagrun for example_sla_dag to 2024-02-24 23:00:00+00:00, run_after=2024-02-24 23:02:00+00:00
[2024-02-24T17:02:40.797-0600] {processor.py:183} INFO - Processing /Users/vamseekrishna/Desktop/F1_Data_Warehouse/f1datawarehouse/lib/python3.9/site-packages/airflow/example_dags/example_sla_dag.py took 0.106 seconds
[2024-02-24T17:04:40.831-0600] {processor.py:161} INFO - Started process (PID=93429) to work on /Users/vamseekrishna/Desktop/F1_Data_Warehouse/f1datawarehouse/lib/python3.9/site-packages/airflow/example_dags/example_sla_dag.py
[2024-02-24T17:04:40.834-0600] {processor.py:830} INFO - Processing file /Users/vamseekrishna/Desktop/F1_Data_Warehouse/f1datawarehouse/lib/python3.9/site-packages/airflow/example_dags/example_sla_dag.py for tasks to queue
[2024-02-24T17:04:40.835-0600] {logging_mixin.py:188} INFO - [2024-02-24T17:04:40.835-0600] {dagbag.py:538} INFO - Filling up the DagBag from /Users/vamseekrishna/Desktop/F1_Data_Warehouse/f1datawarehouse/lib/python3.9/site-packages/airflow/example_dags/example_sla_dag.py
[2024-02-24T17:04:40.883-0600] {processor.py:840} INFO - DAG(s) 'example_sla_dag' retrieved from /Users/vamseekrishna/Desktop/F1_Data_Warehouse/f1datawarehouse/lib/python3.9/site-packages/airflow/example_dags/example_sla_dag.py
[2024-02-24T17:04:40.955-0600] {logging_mixin.py:188} INFO - [2024-02-24T17:04:40.955-0600] {dag.py:3036} INFO - Sync 1 DAGs
[2024-02-24T17:04:40.974-0600] {logging_mixin.py:188} INFO - [2024-02-24T17:04:40.973-0600] {dag.py:3823} INFO - Setting next_dagrun for example_sla_dag to 2024-02-24 23:02:00+00:00, run_after=2024-02-24 23:04:00+00:00
[2024-02-24T17:04:41.005-0600] {processor.py:183} INFO - Processing /Users/vamseekrishna/Desktop/F1_Data_Warehouse/f1datawarehouse/lib/python3.9/site-packages/airflow/example_dags/example_sla_dag.py took 0.174 seconds
[2024-02-24T17:05:49.432-0600] {processor.py:161} INFO - Started process (PID=93518) to work on /Users/vamseekrishna/Desktop/F1_Data_Warehouse/f1datawarehouse/lib/python3.9/site-packages/airflow/example_dags/example_sla_dag.py
[2024-02-24T17:05:49.434-0600] {processor.py:830} INFO - Processing file /Users/vamseekrishna/Desktop/F1_Data_Warehouse/f1datawarehouse/lib/python3.9/site-packages/airflow/example_dags/example_sla_dag.py for tasks to queue
[2024-02-24T17:05:49.434-0600] {logging_mixin.py:188} INFO - [2024-02-24T17:05:49.434-0600] {dagbag.py:538} INFO - Filling up the DagBag from /Users/vamseekrishna/Desktop/F1_Data_Warehouse/f1datawarehouse/lib/python3.9/site-packages/airflow/example_dags/example_sla_dag.py
[2024-02-24T17:05:49.476-0600] {processor.py:840} INFO - DAG(s) 'example_sla_dag' retrieved from /Users/vamseekrishna/Desktop/F1_Data_Warehouse/f1datawarehouse/lib/python3.9/site-packages/airflow/example_dags/example_sla_dag.py
[2024-02-24T17:05:49.523-0600] {logging_mixin.py:188} INFO - [2024-02-24T17:05:49.523-0600] {dag.py:3036} INFO - Sync 1 DAGs
[2024-02-24T17:05:49.534-0600] {logging_mixin.py:188} INFO - [2024-02-24T17:05:49.533-0600] {dag.py:3823} INFO - Setting next_dagrun for example_sla_dag to 2024-02-24 23:02:00+00:00, run_after=2024-02-24 23:04:00+00:00
[2024-02-24T17:05:49.541-0600] {processor.py:183} INFO - Processing /Users/vamseekrishna/Desktop/F1_Data_Warehouse/f1datawarehouse/lib/python3.9/site-packages/airflow/example_dags/example_sla_dag.py took 0.110 seconds
[2024-02-24T17:07:48.925-0600] {processor.py:161} INFO - Started process (PID=93612) to work on /Users/vamseekrishna/Desktop/F1_Data_Warehouse/f1datawarehouse/lib/python3.9/site-packages/airflow/example_dags/example_sla_dag.py
[2024-02-24T17:07:48.926-0600] {processor.py:830} INFO - Processing file /Users/vamseekrishna/Desktop/F1_Data_Warehouse/f1datawarehouse/lib/python3.9/site-packages/airflow/example_dags/example_sla_dag.py for tasks to queue
[2024-02-24T17:07:48.926-0600] {logging_mixin.py:188} INFO - [2024-02-24T17:07:48.926-0600] {dagbag.py:538} INFO - Filling up the DagBag from /Users/vamseekrishna/Desktop/F1_Data_Warehouse/f1datawarehouse/lib/python3.9/site-packages/airflow/example_dags/example_sla_dag.py
[2024-02-24T17:07:48.968-0600] {processor.py:840} INFO - DAG(s) 'example_sla_dag' retrieved from /Users/vamseekrishna/Desktop/F1_Data_Warehouse/f1datawarehouse/lib/python3.9/site-packages/airflow/example_dags/example_sla_dag.py
[2024-02-24T17:07:49.015-0600] {logging_mixin.py:188} INFO - [2024-02-24T17:07:49.015-0600] {dag.py:3036} INFO - Sync 1 DAGs
[2024-02-24T17:07:49.025-0600] {logging_mixin.py:188} INFO - [2024-02-24T17:07:49.025-0600] {dag.py:3823} INFO - Setting next_dagrun for example_sla_dag to 2024-02-24 23:04:00+00:00, run_after=2024-02-24 23:06:00+00:00
[2024-02-24T17:07:49.032-0600] {processor.py:183} INFO - Processing /Users/vamseekrishna/Desktop/F1_Data_Warehouse/f1datawarehouse/lib/python3.9/site-packages/airflow/example_dags/example_sla_dag.py took 0.108 seconds
[2024-02-24T17:09:54.000-0600] {processor.py:161} INFO - Started process (PID=93724) to work on /Users/vamseekrishna/Desktop/F1_Data_Warehouse/f1datawarehouse/lib/python3.9/site-packages/airflow/example_dags/example_sla_dag.py
[2024-02-24T17:09:54.002-0600] {processor.py:830} INFO - Processing file /Users/vamseekrishna/Desktop/F1_Data_Warehouse/f1datawarehouse/lib/python3.9/site-packages/airflow/example_dags/example_sla_dag.py for tasks to queue
[2024-02-24T17:09:54.002-0600] {logging_mixin.py:188} INFO - [2024-02-24T17:09:54.002-0600] {dagbag.py:538} INFO - Filling up the DagBag from /Users/vamseekrishna/Desktop/F1_Data_Warehouse/f1datawarehouse/lib/python3.9/site-packages/airflow/example_dags/example_sla_dag.py
[2024-02-24T17:09:54.052-0600] {processor.py:840} INFO - DAG(s) 'example_sla_dag' retrieved from /Users/vamseekrishna/Desktop/F1_Data_Warehouse/f1datawarehouse/lib/python3.9/site-packages/airflow/example_dags/example_sla_dag.py
[2024-02-24T17:09:54.110-0600] {logging_mixin.py:188} INFO - [2024-02-24T17:09:54.109-0600] {dag.py:3036} INFO - Sync 1 DAGs
[2024-02-24T17:09:54.122-0600] {logging_mixin.py:188} INFO - [2024-02-24T17:09:54.122-0600] {dag.py:3823} INFO - Setting next_dagrun for example_sla_dag to 2024-02-24 23:06:00+00:00, run_after=2024-02-24 23:08:00+00:00
[2024-02-24T17:09:54.132-0600] {processor.py:183} INFO - Processing /Users/vamseekrishna/Desktop/F1_Data_Warehouse/f1datawarehouse/lib/python3.9/site-packages/airflow/example_dags/example_sla_dag.py took 0.133 seconds
[2024-02-24T17:12:05.383-0600] {processor.py:161} INFO - Started process (PID=93841) to work on /Users/vamseekrishna/Desktop/F1_Data_Warehouse/f1datawarehouse/lib/python3.9/site-packages/airflow/example_dags/example_sla_dag.py
[2024-02-24T17:12:05.384-0600] {processor.py:830} INFO - Processing file /Users/vamseekrishna/Desktop/F1_Data_Warehouse/f1datawarehouse/lib/python3.9/site-packages/airflow/example_dags/example_sla_dag.py for tasks to queue
[2024-02-24T17:12:05.385-0600] {logging_mixin.py:188} INFO - [2024-02-24T17:12:05.384-0600] {dagbag.py:538} INFO - Filling up the DagBag from /Users/vamseekrishna/Desktop/F1_Data_Warehouse/f1datawarehouse/lib/python3.9/site-packages/airflow/example_dags/example_sla_dag.py
[2024-02-24T17:12:05.427-0600] {processor.py:840} INFO - DAG(s) 'example_sla_dag' retrieved from /Users/vamseekrishna/Desktop/F1_Data_Warehouse/f1datawarehouse/lib/python3.9/site-packages/airflow/example_dags/example_sla_dag.py
[2024-02-24T17:12:05.473-0600] {logging_mixin.py:188} INFO - [2024-02-24T17:12:05.473-0600] {dag.py:3036} INFO - Sync 1 DAGs
[2024-02-24T17:12:05.484-0600] {logging_mixin.py:188} INFO - [2024-02-24T17:12:05.483-0600] {dag.py:3823} INFO - Setting next_dagrun for example_sla_dag to 2024-02-24 23:10:00+00:00, run_after=2024-02-24 23:12:00+00:00
[2024-02-24T17:12:05.491-0600] {processor.py:183} INFO - Processing /Users/vamseekrishna/Desktop/F1_Data_Warehouse/f1datawarehouse/lib/python3.9/site-packages/airflow/example_dags/example_sla_dag.py took 0.109 seconds
[2024-02-24T17:14:11.407-0600] {processor.py:161} INFO - Started process (PID=93992) to work on /Users/vamseekrishna/Desktop/F1_Data_Warehouse/f1datawarehouse/lib/python3.9/site-packages/airflow/example_dags/example_sla_dag.py
[2024-02-24T17:14:11.409-0600] {processor.py:830} INFO - Processing file /Users/vamseekrishna/Desktop/F1_Data_Warehouse/f1datawarehouse/lib/python3.9/site-packages/airflow/example_dags/example_sla_dag.py for tasks to queue
[2024-02-24T17:14:11.409-0600] {logging_mixin.py:188} INFO - [2024-02-24T17:14:11.409-0600] {dagbag.py:538} INFO - Filling up the DagBag from /Users/vamseekrishna/Desktop/F1_Data_Warehouse/f1datawarehouse/lib/python3.9/site-packages/airflow/example_dags/example_sla_dag.py
[2024-02-24T17:14:11.453-0600] {processor.py:840} INFO - DAG(s) 'example_sla_dag' retrieved from /Users/vamseekrishna/Desktop/F1_Data_Warehouse/f1datawarehouse/lib/python3.9/site-packages/airflow/example_dags/example_sla_dag.py
[2024-02-24T17:14:11.500-0600] {logging_mixin.py:188} INFO - [2024-02-24T17:14:11.500-0600] {dag.py:3036} INFO - Sync 1 DAGs
[2024-02-24T17:14:11.510-0600] {logging_mixin.py:188} INFO - [2024-02-24T17:14:11.510-0600] {dag.py:3823} INFO - Setting next_dagrun for example_sla_dag to 2024-02-24 23:12:00+00:00, run_after=2024-02-24 23:14:00+00:00
[2024-02-24T17:14:11.517-0600] {processor.py:183} INFO - Processing /Users/vamseekrishna/Desktop/F1_Data_Warehouse/f1datawarehouse/lib/python3.9/site-packages/airflow/example_dags/example_sla_dag.py took 0.111 seconds
[2024-02-24T17:16:17.025-0600] {processor.py:161} INFO - Started process (PID=94101) to work on /Users/vamseekrishna/Desktop/F1_Data_Warehouse/f1datawarehouse/lib/python3.9/site-packages/airflow/example_dags/example_sla_dag.py
[2024-02-24T17:16:17.027-0600] {processor.py:830} INFO - Processing file /Users/vamseekrishna/Desktop/F1_Data_Warehouse/f1datawarehouse/lib/python3.9/site-packages/airflow/example_dags/example_sla_dag.py for tasks to queue
[2024-02-24T17:16:17.028-0600] {logging_mixin.py:188} INFO - [2024-02-24T17:16:17.027-0600] {dagbag.py:538} INFO - Filling up the DagBag from /Users/vamseekrishna/Desktop/F1_Data_Warehouse/f1datawarehouse/lib/python3.9/site-packages/airflow/example_dags/example_sla_dag.py
[2024-02-24T17:16:17.068-0600] {processor.py:840} INFO - DAG(s) 'example_sla_dag' retrieved from /Users/vamseekrishna/Desktop/F1_Data_Warehouse/f1datawarehouse/lib/python3.9/site-packages/airflow/example_dags/example_sla_dag.py
[2024-02-24T17:16:17.114-0600] {logging_mixin.py:188} INFO - [2024-02-24T17:16:17.114-0600] {dag.py:3036} INFO - Sync 1 DAGs
[2024-02-24T17:16:17.124-0600] {logging_mixin.py:188} INFO - [2024-02-24T17:16:17.124-0600] {dag.py:3823} INFO - Setting next_dagrun for example_sla_dag to 2024-02-24 23:14:00+00:00, run_after=2024-02-24 23:16:00+00:00
[2024-02-24T17:16:17.131-0600] {processor.py:183} INFO - Processing /Users/vamseekrishna/Desktop/F1_Data_Warehouse/f1datawarehouse/lib/python3.9/site-packages/airflow/example_dags/example_sla_dag.py took 0.107 seconds
[2024-02-24T17:18:17.348-0600] {processor.py:161} INFO - Started process (PID=94199) to work on /Users/vamseekrishna/Desktop/F1_Data_Warehouse/f1datawarehouse/lib/python3.9/site-packages/airflow/example_dags/example_sla_dag.py
[2024-02-24T17:18:17.350-0600] {processor.py:830} INFO - Processing file /Users/vamseekrishna/Desktop/F1_Data_Warehouse/f1datawarehouse/lib/python3.9/site-packages/airflow/example_dags/example_sla_dag.py for tasks to queue
[2024-02-24T17:18:17.351-0600] {logging_mixin.py:188} INFO - [2024-02-24T17:18:17.350-0600] {dagbag.py:538} INFO - Filling up the DagBag from /Users/vamseekrishna/Desktop/F1_Data_Warehouse/f1datawarehouse/lib/python3.9/site-packages/airflow/example_dags/example_sla_dag.py
[2024-02-24T17:18:17.396-0600] {processor.py:840} INFO - DAG(s) 'example_sla_dag' retrieved from /Users/vamseekrishna/Desktop/F1_Data_Warehouse/f1datawarehouse/lib/python3.9/site-packages/airflow/example_dags/example_sla_dag.py
[2024-02-24T17:18:17.443-0600] {logging_mixin.py:188} INFO - [2024-02-24T17:18:17.443-0600] {dag.py:3036} INFO - Sync 1 DAGs
[2024-02-24T17:18:17.452-0600] {logging_mixin.py:188} INFO - [2024-02-24T17:18:17.452-0600] {dag.py:3823} INFO - Setting next_dagrun for example_sla_dag to 2024-02-24 23:16:00+00:00, run_after=2024-02-24 23:18:00+00:00
[2024-02-24T17:18:17.460-0600] {processor.py:183} INFO - Processing /Users/vamseekrishna/Desktop/F1_Data_Warehouse/f1datawarehouse/lib/python3.9/site-packages/airflow/example_dags/example_sla_dag.py took 0.113 seconds
[2024-02-24T17:20:18.307-0600] {processor.py:161} INFO - Started process (PID=94299) to work on /Users/vamseekrishna/Desktop/F1_Data_Warehouse/f1datawarehouse/lib/python3.9/site-packages/airflow/example_dags/example_sla_dag.py
[2024-02-24T17:20:18.309-0600] {processor.py:830} INFO - Processing file /Users/vamseekrishna/Desktop/F1_Data_Warehouse/f1datawarehouse/lib/python3.9/site-packages/airflow/example_dags/example_sla_dag.py for tasks to queue
[2024-02-24T17:20:18.309-0600] {logging_mixin.py:188} INFO - [2024-02-24T17:20:18.309-0600] {dagbag.py:538} INFO - Filling up the DagBag from /Users/vamseekrishna/Desktop/F1_Data_Warehouse/f1datawarehouse/lib/python3.9/site-packages/airflow/example_dags/example_sla_dag.py
[2024-02-24T17:20:18.350-0600] {processor.py:840} INFO - DAG(s) 'example_sla_dag' retrieved from /Users/vamseekrishna/Desktop/F1_Data_Warehouse/f1datawarehouse/lib/python3.9/site-packages/airflow/example_dags/example_sla_dag.py
[2024-02-24T17:20:18.402-0600] {logging_mixin.py:188} INFO - [2024-02-24T17:20:18.402-0600] {dag.py:3036} INFO - Sync 1 DAGs
[2024-02-24T17:20:18.413-0600] {logging_mixin.py:188} INFO - [2024-02-24T17:20:18.413-0600] {dag.py:3823} INFO - Setting next_dagrun for example_sla_dag to 2024-02-24 23:18:00+00:00, run_after=2024-02-24 23:20:00+00:00
[2024-02-24T17:20:18.420-0600] {processor.py:183} INFO - Processing /Users/vamseekrishna/Desktop/F1_Data_Warehouse/f1datawarehouse/lib/python3.9/site-packages/airflow/example_dags/example_sla_dag.py took 0.114 seconds
[2024-02-24T17:22:16.406-0600] {processor.py:161} INFO - Started process (PID=94473) to work on /Users/vamseekrishna/Desktop/F1_Data_Warehouse/f1datawarehouse/lib/python3.9/site-packages/airflow/example_dags/example_sla_dag.py
[2024-02-24T17:22:16.408-0600] {processor.py:830} INFO - Processing file /Users/vamseekrishna/Desktop/F1_Data_Warehouse/f1datawarehouse/lib/python3.9/site-packages/airflow/example_dags/example_sla_dag.py for tasks to queue
[2024-02-24T17:22:16.409-0600] {logging_mixin.py:188} INFO - [2024-02-24T17:22:16.409-0600] {dagbag.py:538} INFO - Filling up the DagBag from /Users/vamseekrishna/Desktop/F1_Data_Warehouse/f1datawarehouse/lib/python3.9/site-packages/airflow/example_dags/example_sla_dag.py
[2024-02-24T17:22:16.457-0600] {processor.py:840} INFO - DAG(s) 'example_sla_dag' retrieved from /Users/vamseekrishna/Desktop/F1_Data_Warehouse/f1datawarehouse/lib/python3.9/site-packages/airflow/example_dags/example_sla_dag.py
[2024-02-24T17:22:16.504-0600] {logging_mixin.py:188} INFO - [2024-02-24T17:22:16.503-0600] {dag.py:3036} INFO - Sync 1 DAGs
[2024-02-24T17:22:16.514-0600] {logging_mixin.py:188} INFO - [2024-02-24T17:22:16.514-0600] {dag.py:3823} INFO - Setting next_dagrun for example_sla_dag to 2024-02-24 23:20:00+00:00, run_after=2024-02-24 23:22:00+00:00
[2024-02-24T17:22:16.521-0600] {processor.py:183} INFO - Processing /Users/vamseekrishna/Desktop/F1_Data_Warehouse/f1datawarehouse/lib/python3.9/site-packages/airflow/example_dags/example_sla_dag.py took 0.116 seconds
[2024-02-24T17:24:21.671-0600] {processor.py:161} INFO - Started process (PID=94653) to work on /Users/vamseekrishna/Desktop/F1_Data_Warehouse/f1datawarehouse/lib/python3.9/site-packages/airflow/example_dags/example_sla_dag.py
[2024-02-24T17:24:21.672-0600] {processor.py:830} INFO - Processing file /Users/vamseekrishna/Desktop/F1_Data_Warehouse/f1datawarehouse/lib/python3.9/site-packages/airflow/example_dags/example_sla_dag.py for tasks to queue
[2024-02-24T17:24:21.672-0600] {logging_mixin.py:188} INFO - [2024-02-24T17:24:21.672-0600] {dagbag.py:538} INFO - Filling up the DagBag from /Users/vamseekrishna/Desktop/F1_Data_Warehouse/f1datawarehouse/lib/python3.9/site-packages/airflow/example_dags/example_sla_dag.py
[2024-02-24T17:24:21.691-0600] {processor.py:840} INFO - DAG(s) 'example_sla_dag' retrieved from /Users/vamseekrishna/Desktop/F1_Data_Warehouse/f1datawarehouse/lib/python3.9/site-packages/airflow/example_dags/example_sla_dag.py
[2024-02-24T17:24:21.742-0600] {logging_mixin.py:188} INFO - [2024-02-24T17:24:21.742-0600] {dag.py:3036} INFO - Sync 1 DAGs
[2024-02-24T17:24:21.752-0600] {logging_mixin.py:188} INFO - [2024-02-24T17:24:21.752-0600] {dag.py:3823} INFO - Setting next_dagrun for example_sla_dag to 2024-02-24 23:22:00+00:00, run_after=2024-02-24 23:24:00+00:00
[2024-02-24T17:24:21.760-0600] {processor.py:183} INFO - Processing /Users/vamseekrishna/Desktop/F1_Data_Warehouse/f1datawarehouse/lib/python3.9/site-packages/airflow/example_dags/example_sla_dag.py took 0.090 seconds
[2024-02-24T17:26:25.092-0600] {processor.py:161} INFO - Started process (PID=94755) to work on /Users/vamseekrishna/Desktop/F1_Data_Warehouse/f1datawarehouse/lib/python3.9/site-packages/airflow/example_dags/example_sla_dag.py
[2024-02-24T17:26:25.094-0600] {processor.py:830} INFO - Processing file /Users/vamseekrishna/Desktop/F1_Data_Warehouse/f1datawarehouse/lib/python3.9/site-packages/airflow/example_dags/example_sla_dag.py for tasks to queue
[2024-02-24T17:26:25.094-0600] {logging_mixin.py:188} INFO - [2024-02-24T17:26:25.094-0600] {dagbag.py:538} INFO - Filling up the DagBag from /Users/vamseekrishna/Desktop/F1_Data_Warehouse/f1datawarehouse/lib/python3.9/site-packages/airflow/example_dags/example_sla_dag.py
[2024-02-24T17:26:25.110-0600] {processor.py:840} INFO - DAG(s) 'example_sla_dag' retrieved from /Users/vamseekrishna/Desktop/F1_Data_Warehouse/f1datawarehouse/lib/python3.9/site-packages/airflow/example_dags/example_sla_dag.py
[2024-02-24T17:26:25.155-0600] {logging_mixin.py:188} INFO - [2024-02-24T17:26:25.155-0600] {dag.py:3036} INFO - Sync 1 DAGs
[2024-02-24T17:26:25.165-0600] {logging_mixin.py:188} INFO - [2024-02-24T17:26:25.165-0600] {dag.py:3823} INFO - Setting next_dagrun for example_sla_dag to 2024-02-24 23:24:00+00:00, run_after=2024-02-24 23:26:00+00:00
[2024-02-24T17:26:25.173-0600] {processor.py:183} INFO - Processing /Users/vamseekrishna/Desktop/F1_Data_Warehouse/f1datawarehouse/lib/python3.9/site-packages/airflow/example_dags/example_sla_dag.py took 0.082 seconds
[2024-02-24T17:28:26.594-0600] {processor.py:161} INFO - Started process (PID=94849) to work on /Users/vamseekrishna/Desktop/F1_Data_Warehouse/f1datawarehouse/lib/python3.9/site-packages/airflow/example_dags/example_sla_dag.py
[2024-02-24T17:28:26.596-0600] {processor.py:830} INFO - Processing file /Users/vamseekrishna/Desktop/F1_Data_Warehouse/f1datawarehouse/lib/python3.9/site-packages/airflow/example_dags/example_sla_dag.py for tasks to queue
[2024-02-24T17:28:26.596-0600] {logging_mixin.py:188} INFO - [2024-02-24T17:28:26.596-0600] {dagbag.py:538} INFO - Filling up the DagBag from /Users/vamseekrishna/Desktop/F1_Data_Warehouse/f1datawarehouse/lib/python3.9/site-packages/airflow/example_dags/example_sla_dag.py
[2024-02-24T17:28:26.612-0600] {processor.py:840} INFO - DAG(s) 'example_sla_dag' retrieved from /Users/vamseekrishna/Desktop/F1_Data_Warehouse/f1datawarehouse/lib/python3.9/site-packages/airflow/example_dags/example_sla_dag.py
[2024-02-24T17:28:26.657-0600] {logging_mixin.py:188} INFO - [2024-02-24T17:28:26.657-0600] {dag.py:3036} INFO - Sync 1 DAGs
[2024-02-24T17:28:26.667-0600] {logging_mixin.py:188} INFO - [2024-02-24T17:28:26.667-0600] {dag.py:3823} INFO - Setting next_dagrun for example_sla_dag to 2024-02-24 23:26:00+00:00, run_after=2024-02-24 23:28:00+00:00
[2024-02-24T17:28:26.675-0600] {processor.py:183} INFO - Processing /Users/vamseekrishna/Desktop/F1_Data_Warehouse/f1datawarehouse/lib/python3.9/site-packages/airflow/example_dags/example_sla_dag.py took 0.081 seconds
[2024-02-24T17:30:23.697-0600] {processor.py:161} INFO - Started process (PID=94938) to work on /Users/vamseekrishna/Desktop/F1_Data_Warehouse/f1datawarehouse/lib/python3.9/site-packages/airflow/example_dags/example_sla_dag.py
[2024-02-24T17:30:23.699-0600] {processor.py:830} INFO - Processing file /Users/vamseekrishna/Desktop/F1_Data_Warehouse/f1datawarehouse/lib/python3.9/site-packages/airflow/example_dags/example_sla_dag.py for tasks to queue
[2024-02-24T17:30:23.700-0600] {logging_mixin.py:188} INFO - [2024-02-24T17:30:23.700-0600] {dagbag.py:538} INFO - Filling up the DagBag from /Users/vamseekrishna/Desktop/F1_Data_Warehouse/f1datawarehouse/lib/python3.9/site-packages/airflow/example_dags/example_sla_dag.py
[2024-02-24T17:30:23.715-0600] {processor.py:840} INFO - DAG(s) 'example_sla_dag' retrieved from /Users/vamseekrishna/Desktop/F1_Data_Warehouse/f1datawarehouse/lib/python3.9/site-packages/airflow/example_dags/example_sla_dag.py
[2024-02-24T17:30:23.761-0600] {logging_mixin.py:188} INFO - [2024-02-24T17:30:23.760-0600] {dag.py:3036} INFO - Sync 1 DAGs
[2024-02-24T17:30:23.771-0600] {logging_mixin.py:188} INFO - [2024-02-24T17:30:23.771-0600] {dag.py:3823} INFO - Setting next_dagrun for example_sla_dag to 2024-02-24 23:28:00+00:00, run_after=2024-02-24 23:30:00+00:00
[2024-02-24T17:30:23.778-0600] {processor.py:183} INFO - Processing /Users/vamseekrishna/Desktop/F1_Data_Warehouse/f1datawarehouse/lib/python3.9/site-packages/airflow/example_dags/example_sla_dag.py took 0.082 seconds
[2024-02-24T17:32:21.436-0600] {processor.py:161} INFO - Started process (PID=95030) to work on /Users/vamseekrishna/Desktop/F1_Data_Warehouse/f1datawarehouse/lib/python3.9/site-packages/airflow/example_dags/example_sla_dag.py
[2024-02-24T17:32:21.438-0600] {processor.py:830} INFO - Processing file /Users/vamseekrishna/Desktop/F1_Data_Warehouse/f1datawarehouse/lib/python3.9/site-packages/airflow/example_dags/example_sla_dag.py for tasks to queue
[2024-02-24T17:32:21.438-0600] {logging_mixin.py:188} INFO - [2024-02-24T17:32:21.438-0600] {dagbag.py:538} INFO - Filling up the DagBag from /Users/vamseekrishna/Desktop/F1_Data_Warehouse/f1datawarehouse/lib/python3.9/site-packages/airflow/example_dags/example_sla_dag.py
[2024-02-24T17:32:21.454-0600] {processor.py:840} INFO - DAG(s) 'example_sla_dag' retrieved from /Users/vamseekrishna/Desktop/F1_Data_Warehouse/f1datawarehouse/lib/python3.9/site-packages/airflow/example_dags/example_sla_dag.py
[2024-02-24T17:32:21.499-0600] {logging_mixin.py:188} INFO - [2024-02-24T17:32:21.499-0600] {dag.py:3036} INFO - Sync 1 DAGs
[2024-02-24T17:32:21.509-0600] {logging_mixin.py:188} INFO - [2024-02-24T17:32:21.509-0600] {dag.py:3823} INFO - Setting next_dagrun for example_sla_dag to 2024-02-24 23:30:00+00:00, run_after=2024-02-24 23:32:00+00:00
[2024-02-24T17:32:21.517-0600] {processor.py:183} INFO - Processing /Users/vamseekrishna/Desktop/F1_Data_Warehouse/f1datawarehouse/lib/python3.9/site-packages/airflow/example_dags/example_sla_dag.py took 0.082 seconds
[2024-02-24T17:34:20.228-0600] {processor.py:161} INFO - Started process (PID=95135) to work on /Users/vamseekrishna/Desktop/F1_Data_Warehouse/f1datawarehouse/lib/python3.9/site-packages/airflow/example_dags/example_sla_dag.py
[2024-02-24T17:34:20.230-0600] {processor.py:830} INFO - Processing file /Users/vamseekrishna/Desktop/F1_Data_Warehouse/f1datawarehouse/lib/python3.9/site-packages/airflow/example_dags/example_sla_dag.py for tasks to queue
[2024-02-24T17:34:20.230-0600] {logging_mixin.py:188} INFO - [2024-02-24T17:34:20.230-0600] {dagbag.py:538} INFO - Filling up the DagBag from /Users/vamseekrishna/Desktop/F1_Data_Warehouse/f1datawarehouse/lib/python3.9/site-packages/airflow/example_dags/example_sla_dag.py
[2024-02-24T17:34:20.246-0600] {processor.py:840} INFO - DAG(s) 'example_sla_dag' retrieved from /Users/vamseekrishna/Desktop/F1_Data_Warehouse/f1datawarehouse/lib/python3.9/site-packages/airflow/example_dags/example_sla_dag.py
[2024-02-24T17:34:20.291-0600] {logging_mixin.py:188} INFO - [2024-02-24T17:34:20.291-0600] {dag.py:3036} INFO - Sync 1 DAGs
[2024-02-24T17:34:20.302-0600] {logging_mixin.py:188} INFO - [2024-02-24T17:34:20.302-0600] {dag.py:3823} INFO - Setting next_dagrun for example_sla_dag to 2024-02-24 23:32:00+00:00, run_after=2024-02-24 23:34:00+00:00
[2024-02-24T17:34:20.309-0600] {processor.py:183} INFO - Processing /Users/vamseekrishna/Desktop/F1_Data_Warehouse/f1datawarehouse/lib/python3.9/site-packages/airflow/example_dags/example_sla_dag.py took 0.082 seconds
[2024-02-24T17:36:16.978-0600] {processor.py:161} INFO - Started process (PID=95230) to work on /Users/vamseekrishna/Desktop/F1_Data_Warehouse/f1datawarehouse/lib/python3.9/site-packages/airflow/example_dags/example_sla_dag.py
[2024-02-24T17:36:16.979-0600] {processor.py:830} INFO - Processing file /Users/vamseekrishna/Desktop/F1_Data_Warehouse/f1datawarehouse/lib/python3.9/site-packages/airflow/example_dags/example_sla_dag.py for tasks to queue
[2024-02-24T17:36:16.980-0600] {logging_mixin.py:188} INFO - [2024-02-24T17:36:16.980-0600] {dagbag.py:538} INFO - Filling up the DagBag from /Users/vamseekrishna/Desktop/F1_Data_Warehouse/f1datawarehouse/lib/python3.9/site-packages/airflow/example_dags/example_sla_dag.py
[2024-02-24T17:36:16.996-0600] {processor.py:840} INFO - DAG(s) 'example_sla_dag' retrieved from /Users/vamseekrishna/Desktop/F1_Data_Warehouse/f1datawarehouse/lib/python3.9/site-packages/airflow/example_dags/example_sla_dag.py
[2024-02-24T17:36:17.042-0600] {logging_mixin.py:188} INFO - [2024-02-24T17:36:17.041-0600] {dag.py:3036} INFO - Sync 1 DAGs
[2024-02-24T17:36:17.051-0600] {logging_mixin.py:188} INFO - [2024-02-24T17:36:17.051-0600] {dag.py:3823} INFO - Setting next_dagrun for example_sla_dag to 2024-02-24 23:34:00+00:00, run_after=2024-02-24 23:36:00+00:00
[2024-02-24T17:36:17.059-0600] {processor.py:183} INFO - Processing /Users/vamseekrishna/Desktop/F1_Data_Warehouse/f1datawarehouse/lib/python3.9/site-packages/airflow/example_dags/example_sla_dag.py took 0.082 seconds
[2024-02-24T17:39:59.644-0600] {processor.py:161} INFO - Started process (PID=95449) to work on /Users/vamseekrishna/Desktop/F1_Data_Warehouse/f1datawarehouse/lib/python3.9/site-packages/airflow/example_dags/example_sla_dag.py
[2024-02-24T17:39:59.646-0600] {processor.py:830} INFO - Processing file /Users/vamseekrishna/Desktop/F1_Data_Warehouse/f1datawarehouse/lib/python3.9/site-packages/airflow/example_dags/example_sla_dag.py for tasks to queue
[2024-02-24T17:39:59.646-0600] {logging_mixin.py:188} INFO - [2024-02-24T17:39:59.646-0600] {dagbag.py:538} INFO - Filling up the DagBag from /Users/vamseekrishna/Desktop/F1_Data_Warehouse/f1datawarehouse/lib/python3.9/site-packages/airflow/example_dags/example_sla_dag.py
[2024-02-24T17:39:59.666-0600] {processor.py:840} INFO - DAG(s) 'example_sla_dag' retrieved from /Users/vamseekrishna/Desktop/F1_Data_Warehouse/f1datawarehouse/lib/python3.9/site-packages/airflow/example_dags/example_sla_dag.py
[2024-02-24T17:39:59.713-0600] {logging_mixin.py:188} INFO - [2024-02-24T17:39:59.713-0600] {dag.py:3036} INFO - Sync 1 DAGs
[2024-02-24T17:39:59.722-0600] {logging_mixin.py:188} INFO - [2024-02-24T17:39:59.722-0600] {dag.py:3823} INFO - Setting next_dagrun for example_sla_dag to 2024-02-24 23:36:00+00:00, run_after=2024-02-24 23:38:00+00:00
[2024-02-24T17:39:59.730-0600] {processor.py:183} INFO - Processing /Users/vamseekrishna/Desktop/F1_Data_Warehouse/f1datawarehouse/lib/python3.9/site-packages/airflow/example_dags/example_sla_dag.py took 0.087 seconds
