[2024-02-24T11:48:04.924-0600] {processor.py:161} INFO - Started process (PID=74992) to work on /Users/vamseekrishna/Desktop/F1_Data_Warehouse/f1datawarehouse/lib/python3.9/site-packages/airflow/example_dags/example_python_decorator.py
[2024-02-24T11:48:04.925-0600] {processor.py:830} INFO - Processing file /Users/vamseekrishna/Desktop/F1_Data_Warehouse/f1datawarehouse/lib/python3.9/site-packages/airflow/example_dags/example_python_decorator.py for tasks to queue
[2024-02-24T11:48:04.925-0600] {logging_mixin.py:188} INFO - [2024-02-24T11:48:04.925-0600] {dagbag.py:538} INFO - Filling up the DagBag from /Users/vamseekrishna/Desktop/F1_Data_Warehouse/f1datawarehouse/lib/python3.9/site-packages/airflow/example_dags/example_python_decorator.py
[2024-02-24T11:48:04.941-0600] {logging_mixin.py:188} INFO - [2024-02-24T11:48:04.941-0600] {example_python_decorator.py:79} WARNING - The virtalenv_python example task requires virtualenv, please install it.
[2024-02-24T11:48:04.942-0600] {processor.py:840} INFO - DAG(s) 'example_python_decorator' retrieved from /Users/vamseekrishna/Desktop/F1_Data_Warehouse/f1datawarehouse/lib/python3.9/site-packages/airflow/example_dags/example_python_decorator.py
[2024-02-24T11:48:05.026-0600] {logging_mixin.py:188} INFO - [2024-02-24T11:48:05.026-0600] {override.py:1769} INFO - Created Permission View: can read on DAG:example_python_decorator
[2024-02-24T11:48:05.030-0600] {logging_mixin.py:188} INFO - [2024-02-24T11:48:05.030-0600] {override.py:1769} INFO - Created Permission View: can edit on DAG:example_python_decorator
[2024-02-24T11:48:05.032-0600] {logging_mixin.py:188} INFO - [2024-02-24T11:48:05.032-0600] {override.py:1769} INFO - Created Permission View: can delete on DAG:example_python_decorator
[2024-02-24T11:48:05.032-0600] {logging_mixin.py:188} INFO - [2024-02-24T11:48:05.032-0600] {dag.py:3036} INFO - Sync 1 DAGs
[2024-02-24T11:48:05.037-0600] {logging_mixin.py:188} INFO - [2024-02-24T11:48:05.037-0600] {dag.py:3058} INFO - Creating ORM DAG for example_python_decorator
[2024-02-24T11:48:05.037-0600] {logging_mixin.py:188} INFO - [2024-02-24T11:48:05.037-0600] {dag.py:3823} INFO - Setting next_dagrun for example_python_decorator to None, run_after=None
[2024-02-24T11:48:05.046-0600] {processor.py:183} INFO - Processing /Users/vamseekrishna/Desktop/F1_Data_Warehouse/f1datawarehouse/lib/python3.9/site-packages/airflow/example_dags/example_python_decorator.py took 0.123 seconds
[2024-02-24T11:49:33.139-0600] {processor.py:161} INFO - Started process (PID=75157) to work on /Users/vamseekrishna/Desktop/F1_Data_Warehouse/f1datawarehouse/lib/python3.9/site-packages/airflow/example_dags/example_python_decorator.py
[2024-02-24T11:49:33.141-0600] {processor.py:830} INFO - Processing file /Users/vamseekrishna/Desktop/F1_Data_Warehouse/f1datawarehouse/lib/python3.9/site-packages/airflow/example_dags/example_python_decorator.py for tasks to queue
[2024-02-24T11:49:33.141-0600] {logging_mixin.py:188} INFO - [2024-02-24T11:49:33.141-0600] {dagbag.py:538} INFO - Filling up the DagBag from /Users/vamseekrishna/Desktop/F1_Data_Warehouse/f1datawarehouse/lib/python3.9/site-packages/airflow/example_dags/example_python_decorator.py
[2024-02-24T11:49:33.156-0600] {logging_mixin.py:188} INFO - [2024-02-24T11:49:33.156-0600] {example_python_decorator.py:79} WARNING - The virtalenv_python example task requires virtualenv, please install it.
[2024-02-24T11:49:33.157-0600] {processor.py:840} INFO - DAG(s) 'example_python_decorator' retrieved from /Users/vamseekrishna/Desktop/F1_Data_Warehouse/f1datawarehouse/lib/python3.9/site-packages/airflow/example_dags/example_python_decorator.py
[2024-02-24T11:49:33.204-0600] {logging_mixin.py:188} INFO - [2024-02-24T11:49:33.204-0600] {dag.py:3036} INFO - Sync 1 DAGs
[2024-02-24T11:49:33.208-0600] {logging_mixin.py:188} INFO - [2024-02-24T11:49:33.208-0600] {dag.py:3823} INFO - Setting next_dagrun for example_python_decorator to None, run_after=None
[2024-02-24T11:49:33.215-0600] {processor.py:183} INFO - Processing /Users/vamseekrishna/Desktop/F1_Data_Warehouse/f1datawarehouse/lib/python3.9/site-packages/airflow/example_dags/example_python_decorator.py took 0.077 seconds
[2024-02-24T11:51:46.888-0600] {processor.py:161} INFO - Started process (PID=75370) to work on /Users/vamseekrishna/Desktop/F1_Data_Warehouse/f1datawarehouse/lib/python3.9/site-packages/airflow/example_dags/example_python_decorator.py
[2024-02-24T11:51:46.890-0600] {processor.py:830} INFO - Processing file /Users/vamseekrishna/Desktop/F1_Data_Warehouse/f1datawarehouse/lib/python3.9/site-packages/airflow/example_dags/example_python_decorator.py for tasks to queue
[2024-02-24T11:51:46.890-0600] {logging_mixin.py:188} INFO - [2024-02-24T11:51:46.890-0600] {dagbag.py:538} INFO - Filling up the DagBag from /Users/vamseekrishna/Desktop/F1_Data_Warehouse/f1datawarehouse/lib/python3.9/site-packages/airflow/example_dags/example_python_decorator.py
[2024-02-24T11:51:46.909-0600] {logging_mixin.py:188} INFO - [2024-02-24T11:51:46.909-0600] {example_python_decorator.py:79} WARNING - The virtalenv_python example task requires virtualenv, please install it.
[2024-02-24T11:51:46.910-0600] {processor.py:840} INFO - DAG(s) 'example_python_decorator' retrieved from /Users/vamseekrishna/Desktop/F1_Data_Warehouse/f1datawarehouse/lib/python3.9/site-packages/airflow/example_dags/example_python_decorator.py
[2024-02-24T11:51:46.956-0600] {logging_mixin.py:188} INFO - [2024-02-24T11:51:46.956-0600] {dag.py:3036} INFO - Sync 1 DAGs
[2024-02-24T11:51:46.961-0600] {logging_mixin.py:188} INFO - [2024-02-24T11:51:46.961-0600] {dag.py:3823} INFO - Setting next_dagrun for example_python_decorator to None, run_after=None
[2024-02-24T11:51:46.970-0600] {processor.py:183} INFO - Processing /Users/vamseekrishna/Desktop/F1_Data_Warehouse/f1datawarehouse/lib/python3.9/site-packages/airflow/example_dags/example_python_decorator.py took 0.083 seconds
[2024-02-24T11:53:59.570-0600] {processor.py:161} INFO - Started process (PID=75510) to work on /Users/vamseekrishna/Desktop/F1_Data_Warehouse/f1datawarehouse/lib/python3.9/site-packages/airflow/example_dags/example_python_decorator.py
[2024-02-24T11:53:59.572-0600] {processor.py:830} INFO - Processing file /Users/vamseekrishna/Desktop/F1_Data_Warehouse/f1datawarehouse/lib/python3.9/site-packages/airflow/example_dags/example_python_decorator.py for tasks to queue
[2024-02-24T11:53:59.572-0600] {logging_mixin.py:188} INFO - [2024-02-24T11:53:59.572-0600] {dagbag.py:538} INFO - Filling up the DagBag from /Users/vamseekrishna/Desktop/F1_Data_Warehouse/f1datawarehouse/lib/python3.9/site-packages/airflow/example_dags/example_python_decorator.py
[2024-02-24T11:53:59.590-0600] {logging_mixin.py:188} INFO - [2024-02-24T11:53:59.590-0600] {example_python_decorator.py:79} WARNING - The virtalenv_python example task requires virtualenv, please install it.
[2024-02-24T11:53:59.592-0600] {processor.py:840} INFO - DAG(s) 'example_python_decorator' retrieved from /Users/vamseekrishna/Desktop/F1_Data_Warehouse/f1datawarehouse/lib/python3.9/site-packages/airflow/example_dags/example_python_decorator.py
[2024-02-24T11:53:59.647-0600] {logging_mixin.py:188} INFO - [2024-02-24T11:53:59.646-0600] {dag.py:3036} INFO - Sync 1 DAGs
[2024-02-24T11:53:59.651-0600] {logging_mixin.py:188} INFO - [2024-02-24T11:53:59.651-0600] {dag.py:3823} INFO - Setting next_dagrun for example_python_decorator to None, run_after=None
[2024-02-24T11:53:59.661-0600] {processor.py:183} INFO - Processing /Users/vamseekrishna/Desktop/F1_Data_Warehouse/f1datawarehouse/lib/python3.9/site-packages/airflow/example_dags/example_python_decorator.py took 0.091 seconds
[2024-02-24T11:55:51.560-0600] {processor.py:161} INFO - Started process (PID=75597) to work on /Users/vamseekrishna/Desktop/F1_Data_Warehouse/f1datawarehouse/lib/python3.9/site-packages/airflow/example_dags/example_python_decorator.py
[2024-02-24T11:55:51.562-0600] {processor.py:830} INFO - Processing file /Users/vamseekrishna/Desktop/F1_Data_Warehouse/f1datawarehouse/lib/python3.9/site-packages/airflow/example_dags/example_python_decorator.py for tasks to queue
[2024-02-24T11:55:51.562-0600] {logging_mixin.py:188} INFO - [2024-02-24T11:55:51.562-0600] {dagbag.py:538} INFO - Filling up the DagBag from /Users/vamseekrishna/Desktop/F1_Data_Warehouse/f1datawarehouse/lib/python3.9/site-packages/airflow/example_dags/example_python_decorator.py
[2024-02-24T11:55:51.578-0600] {logging_mixin.py:188} INFO - [2024-02-24T11:55:51.578-0600] {example_python_decorator.py:79} WARNING - The virtalenv_python example task requires virtualenv, please install it.
[2024-02-24T11:55:51.579-0600] {processor.py:840} INFO - DAG(s) 'example_python_decorator' retrieved from /Users/vamseekrishna/Desktop/F1_Data_Warehouse/f1datawarehouse/lib/python3.9/site-packages/airflow/example_dags/example_python_decorator.py
[2024-02-24T11:55:51.626-0600] {logging_mixin.py:188} INFO - [2024-02-24T11:55:51.626-0600] {dag.py:3036} INFO - Sync 1 DAGs
[2024-02-24T11:55:51.630-0600] {logging_mixin.py:188} INFO - [2024-02-24T11:55:51.630-0600] {dag.py:3823} INFO - Setting next_dagrun for example_python_decorator to None, run_after=None
[2024-02-24T11:55:51.638-0600] {processor.py:183} INFO - Processing /Users/vamseekrishna/Desktop/F1_Data_Warehouse/f1datawarehouse/lib/python3.9/site-packages/airflow/example_dags/example_python_decorator.py took 0.078 seconds
[2024-02-24T11:57:49.761-0600] {processor.py:161} INFO - Started process (PID=75696) to work on /Users/vamseekrishna/Desktop/F1_Data_Warehouse/f1datawarehouse/lib/python3.9/site-packages/airflow/example_dags/example_python_decorator.py
[2024-02-24T11:57:49.763-0600] {processor.py:830} INFO - Processing file /Users/vamseekrishna/Desktop/F1_Data_Warehouse/f1datawarehouse/lib/python3.9/site-packages/airflow/example_dags/example_python_decorator.py for tasks to queue
[2024-02-24T11:57:49.764-0600] {logging_mixin.py:188} INFO - [2024-02-24T11:57:49.764-0600] {dagbag.py:538} INFO - Filling up the DagBag from /Users/vamseekrishna/Desktop/F1_Data_Warehouse/f1datawarehouse/lib/python3.9/site-packages/airflow/example_dags/example_python_decorator.py
[2024-02-24T11:57:49.780-0600] {logging_mixin.py:188} INFO - [2024-02-24T11:57:49.780-0600] {example_python_decorator.py:79} WARNING - The virtalenv_python example task requires virtualenv, please install it.
[2024-02-24T11:57:49.781-0600] {processor.py:840} INFO - DAG(s) 'example_python_decorator' retrieved from /Users/vamseekrishna/Desktop/F1_Data_Warehouse/f1datawarehouse/lib/python3.9/site-packages/airflow/example_dags/example_python_decorator.py
[2024-02-24T11:57:49.834-0600] {logging_mixin.py:188} INFO - [2024-02-24T11:57:49.833-0600] {dag.py:3036} INFO - Sync 1 DAGs
[2024-02-24T11:57:49.837-0600] {logging_mixin.py:188} INFO - [2024-02-24T11:57:49.837-0600] {dag.py:3823} INFO - Setting next_dagrun for example_python_decorator to None, run_after=None
[2024-02-24T11:57:49.846-0600] {processor.py:183} INFO - Processing /Users/vamseekrishna/Desktop/F1_Data_Warehouse/f1datawarehouse/lib/python3.9/site-packages/airflow/example_dags/example_python_decorator.py took 0.085 seconds
[2024-02-24T12:00:03.447-0600] {processor.py:161} INFO - Started process (PID=75904) to work on /Users/vamseekrishna/Desktop/F1_Data_Warehouse/f1datawarehouse/lib/python3.9/site-packages/airflow/example_dags/example_python_decorator.py
[2024-02-24T12:00:03.449-0600] {processor.py:830} INFO - Processing file /Users/vamseekrishna/Desktop/F1_Data_Warehouse/f1datawarehouse/lib/python3.9/site-packages/airflow/example_dags/example_python_decorator.py for tasks to queue
[2024-02-24T12:00:03.449-0600] {logging_mixin.py:188} INFO - [2024-02-24T12:00:03.449-0600] {dagbag.py:538} INFO - Filling up the DagBag from /Users/vamseekrishna/Desktop/F1_Data_Warehouse/f1datawarehouse/lib/python3.9/site-packages/airflow/example_dags/example_python_decorator.py
[2024-02-24T12:00:03.473-0600] {logging_mixin.py:188} INFO - [2024-02-24T12:00:03.473-0600] {example_python_decorator.py:79} WARNING - The virtalenv_python example task requires virtualenv, please install it.
[2024-02-24T12:00:03.474-0600] {processor.py:840} INFO - DAG(s) 'example_python_decorator' retrieved from /Users/vamseekrishna/Desktop/F1_Data_Warehouse/f1datawarehouse/lib/python3.9/site-packages/airflow/example_dags/example_python_decorator.py
[2024-02-24T12:00:03.528-0600] {logging_mixin.py:188} INFO - [2024-02-24T12:00:03.528-0600] {dag.py:3036} INFO - Sync 1 DAGs
[2024-02-24T12:00:03.532-0600] {logging_mixin.py:188} INFO - [2024-02-24T12:00:03.532-0600] {dag.py:3823} INFO - Setting next_dagrun for example_python_decorator to None, run_after=None
[2024-02-24T12:00:03.541-0600] {processor.py:183} INFO - Processing /Users/vamseekrishna/Desktop/F1_Data_Warehouse/f1datawarehouse/lib/python3.9/site-packages/airflow/example_dags/example_python_decorator.py took 0.095 seconds
[2024-02-24T12:02:07.507-0600] {processor.py:161} INFO - Started process (PID=76034) to work on /Users/vamseekrishna/Desktop/F1_Data_Warehouse/f1datawarehouse/lib/python3.9/site-packages/airflow/example_dags/example_python_decorator.py
[2024-02-24T12:02:07.509-0600] {processor.py:830} INFO - Processing file /Users/vamseekrishna/Desktop/F1_Data_Warehouse/f1datawarehouse/lib/python3.9/site-packages/airflow/example_dags/example_python_decorator.py for tasks to queue
[2024-02-24T12:02:07.510-0600] {logging_mixin.py:188} INFO - [2024-02-24T12:02:07.510-0600] {dagbag.py:538} INFO - Filling up the DagBag from /Users/vamseekrishna/Desktop/F1_Data_Warehouse/f1datawarehouse/lib/python3.9/site-packages/airflow/example_dags/example_python_decorator.py
[2024-02-24T12:02:07.526-0600] {logging_mixin.py:188} INFO - [2024-02-24T12:02:07.526-0600] {example_python_decorator.py:79} WARNING - The virtalenv_python example task requires virtualenv, please install it.
[2024-02-24T12:02:07.527-0600] {processor.py:840} INFO - DAG(s) 'example_python_decorator' retrieved from /Users/vamseekrishna/Desktop/F1_Data_Warehouse/f1datawarehouse/lib/python3.9/site-packages/airflow/example_dags/example_python_decorator.py
[2024-02-24T12:02:07.577-0600] {logging_mixin.py:188} INFO - [2024-02-24T12:02:07.577-0600] {dag.py:3036} INFO - Sync 1 DAGs
[2024-02-24T12:02:07.582-0600] {logging_mixin.py:188} INFO - [2024-02-24T12:02:07.582-0600] {dag.py:3823} INFO - Setting next_dagrun for example_python_decorator to None, run_after=None
[2024-02-24T12:02:07.593-0600] {processor.py:183} INFO - Processing /Users/vamseekrishna/Desktop/F1_Data_Warehouse/f1datawarehouse/lib/python3.9/site-packages/airflow/example_dags/example_python_decorator.py took 0.086 seconds
[2024-02-24T12:03:58.664-0600] {processor.py:161} INFO - Started process (PID=76169) to work on /Users/vamseekrishna/Desktop/F1_Data_Warehouse/f1datawarehouse/lib/python3.9/site-packages/airflow/example_dags/example_python_decorator.py
[2024-02-24T12:03:58.666-0600] {processor.py:830} INFO - Processing file /Users/vamseekrishna/Desktop/F1_Data_Warehouse/f1datawarehouse/lib/python3.9/site-packages/airflow/example_dags/example_python_decorator.py for tasks to queue
[2024-02-24T12:03:58.666-0600] {logging_mixin.py:188} INFO - [2024-02-24T12:03:58.666-0600] {dagbag.py:538} INFO - Filling up the DagBag from /Users/vamseekrishna/Desktop/F1_Data_Warehouse/f1datawarehouse/lib/python3.9/site-packages/airflow/example_dags/example_python_decorator.py
[2024-02-24T12:03:58.683-0600] {logging_mixin.py:188} INFO - [2024-02-24T12:03:58.683-0600] {example_python_decorator.py:79} WARNING - The virtalenv_python example task requires virtualenv, please install it.
[2024-02-24T12:03:58.684-0600] {processor.py:840} INFO - DAG(s) 'example_python_decorator' retrieved from /Users/vamseekrishna/Desktop/F1_Data_Warehouse/f1datawarehouse/lib/python3.9/site-packages/airflow/example_dags/example_python_decorator.py
[2024-02-24T12:03:58.731-0600] {logging_mixin.py:188} INFO - [2024-02-24T12:03:58.731-0600] {dag.py:3036} INFO - Sync 1 DAGs
[2024-02-24T12:03:58.734-0600] {logging_mixin.py:188} INFO - [2024-02-24T12:03:58.734-0600] {dag.py:3823} INFO - Setting next_dagrun for example_python_decorator to None, run_after=None
[2024-02-24T12:03:58.744-0600] {processor.py:183} INFO - Processing /Users/vamseekrishna/Desktop/F1_Data_Warehouse/f1datawarehouse/lib/python3.9/site-packages/airflow/example_dags/example_python_decorator.py took 0.080 seconds
[2024-02-24T12:20:14.555-0600] {processor.py:161} INFO - Started process (PID=76260) to work on /Users/vamseekrishna/Desktop/F1_Data_Warehouse/f1datawarehouse/lib/python3.9/site-packages/airflow/example_dags/example_python_decorator.py
[2024-02-24T12:20:14.557-0600] {processor.py:830} INFO - Processing file /Users/vamseekrishna/Desktop/F1_Data_Warehouse/f1datawarehouse/lib/python3.9/site-packages/airflow/example_dags/example_python_decorator.py for tasks to queue
[2024-02-24T12:20:14.557-0600] {logging_mixin.py:188} INFO - [2024-02-24T12:20:14.557-0600] {dagbag.py:538} INFO - Filling up the DagBag from /Users/vamseekrishna/Desktop/F1_Data_Warehouse/f1datawarehouse/lib/python3.9/site-packages/airflow/example_dags/example_python_decorator.py
[2024-02-24T12:20:14.574-0600] {logging_mixin.py:188} INFO - [2024-02-24T12:20:14.574-0600] {example_python_decorator.py:79} WARNING - The virtalenv_python example task requires virtualenv, please install it.
[2024-02-24T12:20:14.576-0600] {processor.py:840} INFO - DAG(s) 'example_python_decorator' retrieved from /Users/vamseekrishna/Desktop/F1_Data_Warehouse/f1datawarehouse/lib/python3.9/site-packages/airflow/example_dags/example_python_decorator.py
[2024-02-24T12:20:14.640-0600] {logging_mixin.py:188} INFO - [2024-02-24T12:20:14.640-0600] {dag.py:3036} INFO - Sync 1 DAGs
[2024-02-24T12:20:14.645-0600] {logging_mixin.py:188} INFO - [2024-02-24T12:20:14.645-0600] {dag.py:3823} INFO - Setting next_dagrun for example_python_decorator to None, run_after=None
[2024-02-24T12:20:14.653-0600] {processor.py:183} INFO - Processing /Users/vamseekrishna/Desktop/F1_Data_Warehouse/f1datawarehouse/lib/python3.9/site-packages/airflow/example_dags/example_python_decorator.py took 0.099 seconds
[2024-02-24T12:38:32.371-0600] {processor.py:161} INFO - Started process (PID=76412) to work on /Users/vamseekrishna/Desktop/F1_Data_Warehouse/f1datawarehouse/lib/python3.9/site-packages/airflow/example_dags/example_python_decorator.py
[2024-02-24T12:38:32.373-0600] {processor.py:830} INFO - Processing file /Users/vamseekrishna/Desktop/F1_Data_Warehouse/f1datawarehouse/lib/python3.9/site-packages/airflow/example_dags/example_python_decorator.py for tasks to queue
[2024-02-24T12:38:32.374-0600] {logging_mixin.py:188} INFO - [2024-02-24T12:38:32.374-0600] {dagbag.py:538} INFO - Filling up the DagBag from /Users/vamseekrishna/Desktop/F1_Data_Warehouse/f1datawarehouse/lib/python3.9/site-packages/airflow/example_dags/example_python_decorator.py
[2024-02-24T12:38:32.390-0600] {logging_mixin.py:188} INFO - [2024-02-24T12:38:32.390-0600] {example_python_decorator.py:79} WARNING - The virtalenv_python example task requires virtualenv, please install it.
[2024-02-24T12:38:32.391-0600] {processor.py:840} INFO - DAG(s) 'example_python_decorator' retrieved from /Users/vamseekrishna/Desktop/F1_Data_Warehouse/f1datawarehouse/lib/python3.9/site-packages/airflow/example_dags/example_python_decorator.py
[2024-02-24T12:38:32.437-0600] {logging_mixin.py:188} INFO - [2024-02-24T12:38:32.437-0600] {dag.py:3036} INFO - Sync 1 DAGs
[2024-02-24T12:38:32.441-0600] {logging_mixin.py:188} INFO - [2024-02-24T12:38:32.441-0600] {dag.py:3823} INFO - Setting next_dagrun for example_python_decorator to None, run_after=None
[2024-02-24T12:38:32.451-0600] {processor.py:183} INFO - Processing /Users/vamseekrishna/Desktop/F1_Data_Warehouse/f1datawarehouse/lib/python3.9/site-packages/airflow/example_dags/example_python_decorator.py took 0.081 seconds
[2024-02-24T12:40:31.591-0600] {processor.py:161} INFO - Started process (PID=76535) to work on /Users/vamseekrishna/Desktop/F1_Data_Warehouse/f1datawarehouse/lib/python3.9/site-packages/airflow/example_dags/example_python_decorator.py
[2024-02-24T12:40:31.593-0600] {processor.py:830} INFO - Processing file /Users/vamseekrishna/Desktop/F1_Data_Warehouse/f1datawarehouse/lib/python3.9/site-packages/airflow/example_dags/example_python_decorator.py for tasks to queue
[2024-02-24T12:40:31.593-0600] {logging_mixin.py:188} INFO - [2024-02-24T12:40:31.593-0600] {dagbag.py:538} INFO - Filling up the DagBag from /Users/vamseekrishna/Desktop/F1_Data_Warehouse/f1datawarehouse/lib/python3.9/site-packages/airflow/example_dags/example_python_decorator.py
[2024-02-24T12:40:31.610-0600] {logging_mixin.py:188} INFO - [2024-02-24T12:40:31.610-0600] {example_python_decorator.py:79} WARNING - The virtalenv_python example task requires virtualenv, please install it.
[2024-02-24T12:40:31.611-0600] {processor.py:840} INFO - DAG(s) 'example_python_decorator' retrieved from /Users/vamseekrishna/Desktop/F1_Data_Warehouse/f1datawarehouse/lib/python3.9/site-packages/airflow/example_dags/example_python_decorator.py
[2024-02-24T12:40:31.656-0600] {logging_mixin.py:188} INFO - [2024-02-24T12:40:31.656-0600] {dag.py:3036} INFO - Sync 1 DAGs
[2024-02-24T12:40:31.660-0600] {logging_mixin.py:188} INFO - [2024-02-24T12:40:31.660-0600] {dag.py:3823} INFO - Setting next_dagrun for example_python_decorator to None, run_after=None
[2024-02-24T12:40:31.667-0600] {processor.py:183} INFO - Processing /Users/vamseekrishna/Desktop/F1_Data_Warehouse/f1datawarehouse/lib/python3.9/site-packages/airflow/example_dags/example_python_decorator.py took 0.077 seconds
[2024-02-24T12:42:35.415-0600] {processor.py:161} INFO - Started process (PID=76635) to work on /Users/vamseekrishna/Desktop/F1_Data_Warehouse/f1datawarehouse/lib/python3.9/site-packages/airflow/example_dags/example_python_decorator.py
[2024-02-24T12:42:35.417-0600] {processor.py:830} INFO - Processing file /Users/vamseekrishna/Desktop/F1_Data_Warehouse/f1datawarehouse/lib/python3.9/site-packages/airflow/example_dags/example_python_decorator.py for tasks to queue
[2024-02-24T12:42:35.417-0600] {logging_mixin.py:188} INFO - [2024-02-24T12:42:35.417-0600] {dagbag.py:538} INFO - Filling up the DagBag from /Users/vamseekrishna/Desktop/F1_Data_Warehouse/f1datawarehouse/lib/python3.9/site-packages/airflow/example_dags/example_python_decorator.py
[2024-02-24T12:42:35.433-0600] {logging_mixin.py:188} INFO - [2024-02-24T12:42:35.433-0600] {example_python_decorator.py:79} WARNING - The virtalenv_python example task requires virtualenv, please install it.
[2024-02-24T12:42:35.434-0600] {processor.py:840} INFO - DAG(s) 'example_python_decorator' retrieved from /Users/vamseekrishna/Desktop/F1_Data_Warehouse/f1datawarehouse/lib/python3.9/site-packages/airflow/example_dags/example_python_decorator.py
[2024-02-24T12:42:35.482-0600] {logging_mixin.py:188} INFO - [2024-02-24T12:42:35.481-0600] {dag.py:3036} INFO - Sync 1 DAGs
[2024-02-24T12:42:35.486-0600] {logging_mixin.py:188} INFO - [2024-02-24T12:42:35.486-0600] {dag.py:3823} INFO - Setting next_dagrun for example_python_decorator to None, run_after=None
[2024-02-24T12:42:35.494-0600] {processor.py:183} INFO - Processing /Users/vamseekrishna/Desktop/F1_Data_Warehouse/f1datawarehouse/lib/python3.9/site-packages/airflow/example_dags/example_python_decorator.py took 0.079 seconds
[2024-02-24T12:44:45.490-0600] {processor.py:161} INFO - Started process (PID=76888) to work on /Users/vamseekrishna/Desktop/F1_Data_Warehouse/f1datawarehouse/lib/python3.9/site-packages/airflow/example_dags/example_python_decorator.py
[2024-02-24T12:44:45.493-0600] {processor.py:830} INFO - Processing file /Users/vamseekrishna/Desktop/F1_Data_Warehouse/f1datawarehouse/lib/python3.9/site-packages/airflow/example_dags/example_python_decorator.py for tasks to queue
[2024-02-24T12:44:45.493-0600] {logging_mixin.py:188} INFO - [2024-02-24T12:44:45.493-0600] {dagbag.py:538} INFO - Filling up the DagBag from /Users/vamseekrishna/Desktop/F1_Data_Warehouse/f1datawarehouse/lib/python3.9/site-packages/airflow/example_dags/example_python_decorator.py
[2024-02-24T12:44:45.572-0600] {logging_mixin.py:188} INFO - [2024-02-24T12:44:45.572-0600] {example_python_decorator.py:79} WARNING - The virtalenv_python example task requires virtualenv, please install it.
[2024-02-24T12:44:45.575-0600] {processor.py:840} INFO - DAG(s) 'example_python_decorator' retrieved from /Users/vamseekrishna/Desktop/F1_Data_Warehouse/f1datawarehouse/lib/python3.9/site-packages/airflow/example_dags/example_python_decorator.py
[2024-02-24T12:44:45.686-0600] {logging_mixin.py:188} INFO - [2024-02-24T12:44:45.685-0600] {dag.py:3036} INFO - Sync 1 DAGs
[2024-02-24T12:44:45.706-0600] {logging_mixin.py:188} INFO - [2024-02-24T12:44:45.705-0600] {dag.py:3823} INFO - Setting next_dagrun for example_python_decorator to None, run_after=None
[2024-02-24T12:44:45.774-0600] {processor.py:183} INFO - Processing /Users/vamseekrishna/Desktop/F1_Data_Warehouse/f1datawarehouse/lib/python3.9/site-packages/airflow/example_dags/example_python_decorator.py took 0.284 seconds
[2024-02-24T12:47:00.113-0600] {processor.py:161} INFO - Started process (PID=77017) to work on /Users/vamseekrishna/Desktop/F1_Data_Warehouse/f1datawarehouse/lib/python3.9/site-packages/airflow/example_dags/example_python_decorator.py
[2024-02-24T12:47:00.115-0600] {processor.py:830} INFO - Processing file /Users/vamseekrishna/Desktop/F1_Data_Warehouse/f1datawarehouse/lib/python3.9/site-packages/airflow/example_dags/example_python_decorator.py for tasks to queue
[2024-02-24T12:47:00.115-0600] {logging_mixin.py:188} INFO - [2024-02-24T12:47:00.115-0600] {dagbag.py:538} INFO - Filling up the DagBag from /Users/vamseekrishna/Desktop/F1_Data_Warehouse/f1datawarehouse/lib/python3.9/site-packages/airflow/example_dags/example_python_decorator.py
[2024-02-24T12:47:00.130-0600] {logging_mixin.py:188} INFO - [2024-02-24T12:47:00.130-0600] {example_python_decorator.py:79} WARNING - The virtalenv_python example task requires virtualenv, please install it.
[2024-02-24T12:47:00.132-0600] {processor.py:840} INFO - DAG(s) 'example_python_decorator' retrieved from /Users/vamseekrishna/Desktop/F1_Data_Warehouse/f1datawarehouse/lib/python3.9/site-packages/airflow/example_dags/example_python_decorator.py
[2024-02-24T12:47:00.182-0600] {logging_mixin.py:188} INFO - [2024-02-24T12:47:00.182-0600] {dag.py:3036} INFO - Sync 1 DAGs
[2024-02-24T12:47:00.185-0600] {logging_mixin.py:188} INFO - [2024-02-24T12:47:00.185-0600] {dag.py:3823} INFO - Setting next_dagrun for example_python_decorator to None, run_after=None
[2024-02-24T12:47:00.193-0600] {processor.py:183} INFO - Processing /Users/vamseekrishna/Desktop/F1_Data_Warehouse/f1datawarehouse/lib/python3.9/site-packages/airflow/example_dags/example_python_decorator.py took 0.081 seconds
[2024-02-24T12:49:10.643-0600] {processor.py:161} INFO - Started process (PID=77125) to work on /Users/vamseekrishna/Desktop/F1_Data_Warehouse/f1datawarehouse/lib/python3.9/site-packages/airflow/example_dags/example_python_decorator.py
[2024-02-24T12:49:10.645-0600] {processor.py:830} INFO - Processing file /Users/vamseekrishna/Desktop/F1_Data_Warehouse/f1datawarehouse/lib/python3.9/site-packages/airflow/example_dags/example_python_decorator.py for tasks to queue
[2024-02-24T12:49:10.645-0600] {logging_mixin.py:188} INFO - [2024-02-24T12:49:10.645-0600] {dagbag.py:538} INFO - Filling up the DagBag from /Users/vamseekrishna/Desktop/F1_Data_Warehouse/f1datawarehouse/lib/python3.9/site-packages/airflow/example_dags/example_python_decorator.py
[2024-02-24T12:49:10.663-0600] {logging_mixin.py:188} INFO - [2024-02-24T12:49:10.663-0600] {example_python_decorator.py:79} WARNING - The virtalenv_python example task requires virtualenv, please install it.
[2024-02-24T12:49:10.664-0600] {processor.py:840} INFO - DAG(s) 'example_python_decorator' retrieved from /Users/vamseekrishna/Desktop/F1_Data_Warehouse/f1datawarehouse/lib/python3.9/site-packages/airflow/example_dags/example_python_decorator.py
[2024-02-24T12:49:10.715-0600] {logging_mixin.py:188} INFO - [2024-02-24T12:49:10.715-0600] {dag.py:3036} INFO - Sync 1 DAGs
[2024-02-24T12:49:10.720-0600] {logging_mixin.py:188} INFO - [2024-02-24T12:49:10.720-0600] {dag.py:3823} INFO - Setting next_dagrun for example_python_decorator to None, run_after=None
[2024-02-24T12:49:10.730-0600] {processor.py:183} INFO - Processing /Users/vamseekrishna/Desktop/F1_Data_Warehouse/f1datawarehouse/lib/python3.9/site-packages/airflow/example_dags/example_python_decorator.py took 0.087 seconds
[2024-02-24T12:51:15.583-0600] {processor.py:161} INFO - Started process (PID=77222) to work on /Users/vamseekrishna/Desktop/F1_Data_Warehouse/f1datawarehouse/lib/python3.9/site-packages/airflow/example_dags/example_python_decorator.py
[2024-02-24T12:51:15.585-0600] {processor.py:830} INFO - Processing file /Users/vamseekrishna/Desktop/F1_Data_Warehouse/f1datawarehouse/lib/python3.9/site-packages/airflow/example_dags/example_python_decorator.py for tasks to queue
[2024-02-24T12:51:15.586-0600] {logging_mixin.py:188} INFO - [2024-02-24T12:51:15.586-0600] {dagbag.py:538} INFO - Filling up the DagBag from /Users/vamseekrishna/Desktop/F1_Data_Warehouse/f1datawarehouse/lib/python3.9/site-packages/airflow/example_dags/example_python_decorator.py
[2024-02-24T12:51:15.601-0600] {logging_mixin.py:188} INFO - [2024-02-24T12:51:15.601-0600] {example_python_decorator.py:79} WARNING - The virtalenv_python example task requires virtualenv, please install it.
[2024-02-24T12:51:15.602-0600] {processor.py:840} INFO - DAG(s) 'example_python_decorator' retrieved from /Users/vamseekrishna/Desktop/F1_Data_Warehouse/f1datawarehouse/lib/python3.9/site-packages/airflow/example_dags/example_python_decorator.py
[2024-02-24T12:51:15.652-0600] {logging_mixin.py:188} INFO - [2024-02-24T12:51:15.652-0600] {dag.py:3036} INFO - Sync 1 DAGs
[2024-02-24T12:51:15.656-0600] {logging_mixin.py:188} INFO - [2024-02-24T12:51:15.656-0600] {dag.py:3823} INFO - Setting next_dagrun for example_python_decorator to None, run_after=None
[2024-02-24T12:51:15.665-0600] {processor.py:183} INFO - Processing /Users/vamseekrishna/Desktop/F1_Data_Warehouse/f1datawarehouse/lib/python3.9/site-packages/airflow/example_dags/example_python_decorator.py took 0.082 seconds
[2024-02-24T12:53:21.909-0600] {processor.py:161} INFO - Started process (PID=77331) to work on /Users/vamseekrishna/Desktop/F1_Data_Warehouse/f1datawarehouse/lib/python3.9/site-packages/airflow/example_dags/example_python_decorator.py
[2024-02-24T12:53:21.911-0600] {processor.py:830} INFO - Processing file /Users/vamseekrishna/Desktop/F1_Data_Warehouse/f1datawarehouse/lib/python3.9/site-packages/airflow/example_dags/example_python_decorator.py for tasks to queue
[2024-02-24T12:53:21.911-0600] {logging_mixin.py:188} INFO - [2024-02-24T12:53:21.911-0600] {dagbag.py:538} INFO - Filling up the DagBag from /Users/vamseekrishna/Desktop/F1_Data_Warehouse/f1datawarehouse/lib/python3.9/site-packages/airflow/example_dags/example_python_decorator.py
[2024-02-24T12:53:21.927-0600] {logging_mixin.py:188} INFO - [2024-02-24T12:53:21.927-0600] {example_python_decorator.py:79} WARNING - The virtalenv_python example task requires virtualenv, please install it.
[2024-02-24T12:53:21.928-0600] {processor.py:840} INFO - DAG(s) 'example_python_decorator' retrieved from /Users/vamseekrishna/Desktop/F1_Data_Warehouse/f1datawarehouse/lib/python3.9/site-packages/airflow/example_dags/example_python_decorator.py
[2024-02-24T12:53:21.978-0600] {logging_mixin.py:188} INFO - [2024-02-24T12:53:21.978-0600] {dag.py:3036} INFO - Sync 1 DAGs
[2024-02-24T12:53:21.983-0600] {logging_mixin.py:188} INFO - [2024-02-24T12:53:21.983-0600] {dag.py:3823} INFO - Setting next_dagrun for example_python_decorator to None, run_after=None
[2024-02-24T12:53:21.990-0600] {processor.py:183} INFO - Processing /Users/vamseekrishna/Desktop/F1_Data_Warehouse/f1datawarehouse/lib/python3.9/site-packages/airflow/example_dags/example_python_decorator.py took 0.082 seconds
[2024-02-24T12:55:36.536-0600] {processor.py:161} INFO - Started process (PID=77443) to work on /Users/vamseekrishna/Desktop/F1_Data_Warehouse/f1datawarehouse/lib/python3.9/site-packages/airflow/example_dags/example_python_decorator.py
[2024-02-24T12:55:36.538-0600] {processor.py:830} INFO - Processing file /Users/vamseekrishna/Desktop/F1_Data_Warehouse/f1datawarehouse/lib/python3.9/site-packages/airflow/example_dags/example_python_decorator.py for tasks to queue
[2024-02-24T12:55:36.539-0600] {logging_mixin.py:188} INFO - [2024-02-24T12:55:36.539-0600] {dagbag.py:538} INFO - Filling up the DagBag from /Users/vamseekrishna/Desktop/F1_Data_Warehouse/f1datawarehouse/lib/python3.9/site-packages/airflow/example_dags/example_python_decorator.py
[2024-02-24T12:55:36.555-0600] {logging_mixin.py:188} INFO - [2024-02-24T12:55:36.555-0600] {example_python_decorator.py:79} WARNING - The virtalenv_python example task requires virtualenv, please install it.
[2024-02-24T12:55:36.556-0600] {processor.py:840} INFO - DAG(s) 'example_python_decorator' retrieved from /Users/vamseekrishna/Desktop/F1_Data_Warehouse/f1datawarehouse/lib/python3.9/site-packages/airflow/example_dags/example_python_decorator.py
[2024-02-24T12:55:36.613-0600] {logging_mixin.py:188} INFO - [2024-02-24T12:55:36.613-0600] {dag.py:3036} INFO - Sync 1 DAGs
[2024-02-24T12:55:36.617-0600] {logging_mixin.py:188} INFO - [2024-02-24T12:55:36.617-0600] {dag.py:3823} INFO - Setting next_dagrun for example_python_decorator to None, run_after=None
[2024-02-24T12:55:36.626-0600] {processor.py:183} INFO - Processing /Users/vamseekrishna/Desktop/F1_Data_Warehouse/f1datawarehouse/lib/python3.9/site-packages/airflow/example_dags/example_python_decorator.py took 0.091 seconds
[2024-02-24T12:57:43.890-0600] {processor.py:161} INFO - Started process (PID=77543) to work on /Users/vamseekrishna/Desktop/F1_Data_Warehouse/f1datawarehouse/lib/python3.9/site-packages/airflow/example_dags/example_python_decorator.py
[2024-02-24T12:57:43.893-0600] {processor.py:830} INFO - Processing file /Users/vamseekrishna/Desktop/F1_Data_Warehouse/f1datawarehouse/lib/python3.9/site-packages/airflow/example_dags/example_python_decorator.py for tasks to queue
[2024-02-24T12:57:43.893-0600] {logging_mixin.py:188} INFO - [2024-02-24T12:57:43.893-0600] {dagbag.py:538} INFO - Filling up the DagBag from /Users/vamseekrishna/Desktop/F1_Data_Warehouse/f1datawarehouse/lib/python3.9/site-packages/airflow/example_dags/example_python_decorator.py
[2024-02-24T12:57:43.910-0600] {logging_mixin.py:188} INFO - [2024-02-24T12:57:43.910-0600] {example_python_decorator.py:79} WARNING - The virtalenv_python example task requires virtualenv, please install it.
[2024-02-24T12:57:43.911-0600] {processor.py:840} INFO - DAG(s) 'example_python_decorator' retrieved from /Users/vamseekrishna/Desktop/F1_Data_Warehouse/f1datawarehouse/lib/python3.9/site-packages/airflow/example_dags/example_python_decorator.py
[2024-02-24T12:57:43.960-0600] {logging_mixin.py:188} INFO - [2024-02-24T12:57:43.960-0600] {dag.py:3036} INFO - Sync 1 DAGs
[2024-02-24T12:57:43.964-0600] {logging_mixin.py:188} INFO - [2024-02-24T12:57:43.964-0600] {dag.py:3823} INFO - Setting next_dagrun for example_python_decorator to None, run_after=None
[2024-02-24T12:57:43.972-0600] {processor.py:183} INFO - Processing /Users/vamseekrishna/Desktop/F1_Data_Warehouse/f1datawarehouse/lib/python3.9/site-packages/airflow/example_dags/example_python_decorator.py took 0.082 seconds
[2024-02-24T12:59:50.828-0600] {processor.py:161} INFO - Started process (PID=77656) to work on /Users/vamseekrishna/Desktop/F1_Data_Warehouse/f1datawarehouse/lib/python3.9/site-packages/airflow/example_dags/example_python_decorator.py
[2024-02-24T12:59:50.829-0600] {processor.py:830} INFO - Processing file /Users/vamseekrishna/Desktop/F1_Data_Warehouse/f1datawarehouse/lib/python3.9/site-packages/airflow/example_dags/example_python_decorator.py for tasks to queue
[2024-02-24T12:59:50.829-0600] {logging_mixin.py:188} INFO - [2024-02-24T12:59:50.829-0600] {dagbag.py:538} INFO - Filling up the DagBag from /Users/vamseekrishna/Desktop/F1_Data_Warehouse/f1datawarehouse/lib/python3.9/site-packages/airflow/example_dags/example_python_decorator.py
[2024-02-24T12:59:50.847-0600] {logging_mixin.py:188} INFO - [2024-02-24T12:59:50.847-0600] {example_python_decorator.py:79} WARNING - The virtalenv_python example task requires virtualenv, please install it.
[2024-02-24T12:59:50.848-0600] {processor.py:840} INFO - DAG(s) 'example_python_decorator' retrieved from /Users/vamseekrishna/Desktop/F1_Data_Warehouse/f1datawarehouse/lib/python3.9/site-packages/airflow/example_dags/example_python_decorator.py
[2024-02-24T12:59:50.895-0600] {logging_mixin.py:188} INFO - [2024-02-24T12:59:50.894-0600] {dag.py:3036} INFO - Sync 1 DAGs
[2024-02-24T12:59:50.898-0600] {logging_mixin.py:188} INFO - [2024-02-24T12:59:50.898-0600] {dag.py:3823} INFO - Setting next_dagrun for example_python_decorator to None, run_after=None
[2024-02-24T12:59:50.906-0600] {processor.py:183} INFO - Processing /Users/vamseekrishna/Desktop/F1_Data_Warehouse/f1datawarehouse/lib/python3.9/site-packages/airflow/example_dags/example_python_decorator.py took 0.079 seconds
[2024-02-24T13:01:56.201-0600] {processor.py:161} INFO - Started process (PID=77820) to work on /Users/vamseekrishna/Desktop/F1_Data_Warehouse/f1datawarehouse/lib/python3.9/site-packages/airflow/example_dags/example_python_decorator.py
[2024-02-24T13:01:56.203-0600] {processor.py:830} INFO - Processing file /Users/vamseekrishna/Desktop/F1_Data_Warehouse/f1datawarehouse/lib/python3.9/site-packages/airflow/example_dags/example_python_decorator.py for tasks to queue
[2024-02-24T13:01:56.203-0600] {logging_mixin.py:188} INFO - [2024-02-24T13:01:56.203-0600] {dagbag.py:538} INFO - Filling up the DagBag from /Users/vamseekrishna/Desktop/F1_Data_Warehouse/f1datawarehouse/lib/python3.9/site-packages/airflow/example_dags/example_python_decorator.py
[2024-02-24T13:01:56.218-0600] {logging_mixin.py:188} INFO - [2024-02-24T13:01:56.218-0600] {example_python_decorator.py:79} WARNING - The virtalenv_python example task requires virtualenv, please install it.
[2024-02-24T13:01:56.219-0600] {processor.py:840} INFO - DAG(s) 'example_python_decorator' retrieved from /Users/vamseekrishna/Desktop/F1_Data_Warehouse/f1datawarehouse/lib/python3.9/site-packages/airflow/example_dags/example_python_decorator.py
[2024-02-24T13:01:56.264-0600] {logging_mixin.py:188} INFO - [2024-02-24T13:01:56.264-0600] {dag.py:3036} INFO - Sync 1 DAGs
[2024-02-24T13:01:56.268-0600] {logging_mixin.py:188} INFO - [2024-02-24T13:01:56.268-0600] {dag.py:3823} INFO - Setting next_dagrun for example_python_decorator to None, run_after=None
[2024-02-24T13:01:56.276-0600] {processor.py:183} INFO - Processing /Users/vamseekrishna/Desktop/F1_Data_Warehouse/f1datawarehouse/lib/python3.9/site-packages/airflow/example_dags/example_python_decorator.py took 0.075 seconds
[2024-02-24T13:03:52.144-0600] {processor.py:161} INFO - Started process (PID=77913) to work on /Users/vamseekrishna/Desktop/F1_Data_Warehouse/f1datawarehouse/lib/python3.9/site-packages/airflow/example_dags/example_python_decorator.py
[2024-02-24T13:03:52.146-0600] {processor.py:830} INFO - Processing file /Users/vamseekrishna/Desktop/F1_Data_Warehouse/f1datawarehouse/lib/python3.9/site-packages/airflow/example_dags/example_python_decorator.py for tasks to queue
[2024-02-24T13:03:52.146-0600] {logging_mixin.py:188} INFO - [2024-02-24T13:03:52.146-0600] {dagbag.py:538} INFO - Filling up the DagBag from /Users/vamseekrishna/Desktop/F1_Data_Warehouse/f1datawarehouse/lib/python3.9/site-packages/airflow/example_dags/example_python_decorator.py
[2024-02-24T13:03:52.160-0600] {logging_mixin.py:188} INFO - [2024-02-24T13:03:52.160-0600] {example_python_decorator.py:79} WARNING - The virtalenv_python example task requires virtualenv, please install it.
[2024-02-24T13:03:52.161-0600] {processor.py:840} INFO - DAG(s) 'example_python_decorator' retrieved from /Users/vamseekrishna/Desktop/F1_Data_Warehouse/f1datawarehouse/lib/python3.9/site-packages/airflow/example_dags/example_python_decorator.py
[2024-02-24T13:03:52.204-0600] {logging_mixin.py:188} INFO - [2024-02-24T13:03:52.204-0600] {dag.py:3036} INFO - Sync 1 DAGs
[2024-02-24T13:03:52.208-0600] {logging_mixin.py:188} INFO - [2024-02-24T13:03:52.208-0600] {dag.py:3823} INFO - Setting next_dagrun for example_python_decorator to None, run_after=None
[2024-02-24T13:03:52.215-0600] {processor.py:183} INFO - Processing /Users/vamseekrishna/Desktop/F1_Data_Warehouse/f1datawarehouse/lib/python3.9/site-packages/airflow/example_dags/example_python_decorator.py took 0.071 seconds
[2024-02-24T13:05:41.936-0600] {processor.py:161} INFO - Started process (PID=77996) to work on /Users/vamseekrishna/Desktop/F1_Data_Warehouse/f1datawarehouse/lib/python3.9/site-packages/airflow/example_dags/example_python_decorator.py
[2024-02-24T13:05:41.938-0600] {processor.py:830} INFO - Processing file /Users/vamseekrishna/Desktop/F1_Data_Warehouse/f1datawarehouse/lib/python3.9/site-packages/airflow/example_dags/example_python_decorator.py for tasks to queue
[2024-02-24T13:05:41.938-0600] {logging_mixin.py:188} INFO - [2024-02-24T13:05:41.938-0600] {dagbag.py:538} INFO - Filling up the DagBag from /Users/vamseekrishna/Desktop/F1_Data_Warehouse/f1datawarehouse/lib/python3.9/site-packages/airflow/example_dags/example_python_decorator.py
[2024-02-24T13:05:41.953-0600] {logging_mixin.py:188} INFO - [2024-02-24T13:05:41.952-0600] {example_python_decorator.py:79} WARNING - The virtalenv_python example task requires virtualenv, please install it.
[2024-02-24T13:05:41.953-0600] {processor.py:840} INFO - DAG(s) 'example_python_decorator' retrieved from /Users/vamseekrishna/Desktop/F1_Data_Warehouse/f1datawarehouse/lib/python3.9/site-packages/airflow/example_dags/example_python_decorator.py
[2024-02-24T13:05:41.996-0600] {logging_mixin.py:188} INFO - [2024-02-24T13:05:41.996-0600] {dag.py:3036} INFO - Sync 1 DAGs
[2024-02-24T13:05:41.999-0600] {logging_mixin.py:188} INFO - [2024-02-24T13:05:41.999-0600] {dag.py:3823} INFO - Setting next_dagrun for example_python_decorator to None, run_after=None
[2024-02-24T13:05:42.006-0600] {processor.py:183} INFO - Processing /Users/vamseekrishna/Desktop/F1_Data_Warehouse/f1datawarehouse/lib/python3.9/site-packages/airflow/example_dags/example_python_decorator.py took 0.071 seconds
[2024-02-24T13:07:35.014-0600] {processor.py:161} INFO - Started process (PID=78080) to work on /Users/vamseekrishna/Desktop/F1_Data_Warehouse/f1datawarehouse/lib/python3.9/site-packages/airflow/example_dags/example_python_decorator.py
[2024-02-24T13:07:35.016-0600] {processor.py:830} INFO - Processing file /Users/vamseekrishna/Desktop/F1_Data_Warehouse/f1datawarehouse/lib/python3.9/site-packages/airflow/example_dags/example_python_decorator.py for tasks to queue
[2024-02-24T13:07:35.016-0600] {logging_mixin.py:188} INFO - [2024-02-24T13:07:35.016-0600] {dagbag.py:538} INFO - Filling up the DagBag from /Users/vamseekrishna/Desktop/F1_Data_Warehouse/f1datawarehouse/lib/python3.9/site-packages/airflow/example_dags/example_python_decorator.py
[2024-02-24T13:07:35.030-0600] {logging_mixin.py:188} INFO - [2024-02-24T13:07:35.030-0600] {example_python_decorator.py:79} WARNING - The virtalenv_python example task requires virtualenv, please install it.
[2024-02-24T13:07:35.031-0600] {processor.py:840} INFO - DAG(s) 'example_python_decorator' retrieved from /Users/vamseekrishna/Desktop/F1_Data_Warehouse/f1datawarehouse/lib/python3.9/site-packages/airflow/example_dags/example_python_decorator.py
[2024-02-24T13:07:35.074-0600] {logging_mixin.py:188} INFO - [2024-02-24T13:07:35.074-0600] {dag.py:3036} INFO - Sync 1 DAGs
[2024-02-24T13:07:35.077-0600] {logging_mixin.py:188} INFO - [2024-02-24T13:07:35.077-0600] {dag.py:3823} INFO - Setting next_dagrun for example_python_decorator to None, run_after=None
[2024-02-24T13:07:35.084-0600] {processor.py:183} INFO - Processing /Users/vamseekrishna/Desktop/F1_Data_Warehouse/f1datawarehouse/lib/python3.9/site-packages/airflow/example_dags/example_python_decorator.py took 0.071 seconds
[2024-02-24T13:09:27.882-0600] {processor.py:161} INFO - Started process (PID=78171) to work on /Users/vamseekrishna/Desktop/F1_Data_Warehouse/f1datawarehouse/lib/python3.9/site-packages/airflow/example_dags/example_python_decorator.py
[2024-02-24T13:09:27.884-0600] {processor.py:830} INFO - Processing file /Users/vamseekrishna/Desktop/F1_Data_Warehouse/f1datawarehouse/lib/python3.9/site-packages/airflow/example_dags/example_python_decorator.py for tasks to queue
[2024-02-24T13:09:27.884-0600] {logging_mixin.py:188} INFO - [2024-02-24T13:09:27.884-0600] {dagbag.py:538} INFO - Filling up the DagBag from /Users/vamseekrishna/Desktop/F1_Data_Warehouse/f1datawarehouse/lib/python3.9/site-packages/airflow/example_dags/example_python_decorator.py
[2024-02-24T13:09:27.898-0600] {logging_mixin.py:188} INFO - [2024-02-24T13:09:27.898-0600] {example_python_decorator.py:79} WARNING - The virtalenv_python example task requires virtualenv, please install it.
[2024-02-24T13:09:27.899-0600] {processor.py:840} INFO - DAG(s) 'example_python_decorator' retrieved from /Users/vamseekrishna/Desktop/F1_Data_Warehouse/f1datawarehouse/lib/python3.9/site-packages/airflow/example_dags/example_python_decorator.py
[2024-02-24T13:09:27.942-0600] {logging_mixin.py:188} INFO - [2024-02-24T13:09:27.942-0600] {dag.py:3036} INFO - Sync 1 DAGs
[2024-02-24T13:09:27.946-0600] {logging_mixin.py:188} INFO - [2024-02-24T13:09:27.946-0600] {dag.py:3823} INFO - Setting next_dagrun for example_python_decorator to None, run_after=None
[2024-02-24T13:09:27.953-0600] {processor.py:183} INFO - Processing /Users/vamseekrishna/Desktop/F1_Data_Warehouse/f1datawarehouse/lib/python3.9/site-packages/airflow/example_dags/example_python_decorator.py took 0.071 seconds
[2024-02-24T13:11:19.804-0600] {processor.py:161} INFO - Started process (PID=78251) to work on /Users/vamseekrishna/Desktop/F1_Data_Warehouse/f1datawarehouse/lib/python3.9/site-packages/airflow/example_dags/example_python_decorator.py
[2024-02-24T13:11:19.806-0600] {processor.py:830} INFO - Processing file /Users/vamseekrishna/Desktop/F1_Data_Warehouse/f1datawarehouse/lib/python3.9/site-packages/airflow/example_dags/example_python_decorator.py for tasks to queue
[2024-02-24T13:11:19.806-0600] {logging_mixin.py:188} INFO - [2024-02-24T13:11:19.806-0600] {dagbag.py:538} INFO - Filling up the DagBag from /Users/vamseekrishna/Desktop/F1_Data_Warehouse/f1datawarehouse/lib/python3.9/site-packages/airflow/example_dags/example_python_decorator.py
[2024-02-24T13:11:19.820-0600] {logging_mixin.py:188} INFO - [2024-02-24T13:11:19.820-0600] {example_python_decorator.py:79} WARNING - The virtalenv_python example task requires virtualenv, please install it.
[2024-02-24T13:11:19.821-0600] {processor.py:840} INFO - DAG(s) 'example_python_decorator' retrieved from /Users/vamseekrishna/Desktop/F1_Data_Warehouse/f1datawarehouse/lib/python3.9/site-packages/airflow/example_dags/example_python_decorator.py
[2024-02-24T13:11:19.865-0600] {logging_mixin.py:188} INFO - [2024-02-24T13:11:19.865-0600] {dag.py:3036} INFO - Sync 1 DAGs
[2024-02-24T13:11:19.868-0600] {logging_mixin.py:188} INFO - [2024-02-24T13:11:19.868-0600] {dag.py:3823} INFO - Setting next_dagrun for example_python_decorator to None, run_after=None
[2024-02-24T13:11:19.876-0600] {processor.py:183} INFO - Processing /Users/vamseekrishna/Desktop/F1_Data_Warehouse/f1datawarehouse/lib/python3.9/site-packages/airflow/example_dags/example_python_decorator.py took 0.072 seconds
[2024-02-24T13:13:05.888-0600] {processor.py:161} INFO - Started process (PID=78339) to work on /Users/vamseekrishna/Desktop/F1_Data_Warehouse/f1datawarehouse/lib/python3.9/site-packages/airflow/example_dags/example_python_decorator.py
[2024-02-24T13:13:05.890-0600] {processor.py:830} INFO - Processing file /Users/vamseekrishna/Desktop/F1_Data_Warehouse/f1datawarehouse/lib/python3.9/site-packages/airflow/example_dags/example_python_decorator.py for tasks to queue
[2024-02-24T13:13:05.890-0600] {logging_mixin.py:188} INFO - [2024-02-24T13:13:05.890-0600] {dagbag.py:538} INFO - Filling up the DagBag from /Users/vamseekrishna/Desktop/F1_Data_Warehouse/f1datawarehouse/lib/python3.9/site-packages/airflow/example_dags/example_python_decorator.py
[2024-02-24T13:13:05.904-0600] {logging_mixin.py:188} INFO - [2024-02-24T13:13:05.904-0600] {example_python_decorator.py:79} WARNING - The virtalenv_python example task requires virtualenv, please install it.
[2024-02-24T13:13:05.905-0600] {processor.py:840} INFO - DAG(s) 'example_python_decorator' retrieved from /Users/vamseekrishna/Desktop/F1_Data_Warehouse/f1datawarehouse/lib/python3.9/site-packages/airflow/example_dags/example_python_decorator.py
[2024-02-24T13:13:05.948-0600] {logging_mixin.py:188} INFO - [2024-02-24T13:13:05.948-0600] {dag.py:3036} INFO - Sync 1 DAGs
[2024-02-24T13:13:05.952-0600] {logging_mixin.py:188} INFO - [2024-02-24T13:13:05.951-0600] {dag.py:3823} INFO - Setting next_dagrun for example_python_decorator to None, run_after=None
[2024-02-24T13:13:05.958-0600] {processor.py:183} INFO - Processing /Users/vamseekrishna/Desktop/F1_Data_Warehouse/f1datawarehouse/lib/python3.9/site-packages/airflow/example_dags/example_python_decorator.py took 0.071 seconds
[2024-02-24T13:14:54.925-0600] {processor.py:161} INFO - Started process (PID=78427) to work on /Users/vamseekrishna/Desktop/F1_Data_Warehouse/f1datawarehouse/lib/python3.9/site-packages/airflow/example_dags/example_python_decorator.py
[2024-02-24T13:14:54.927-0600] {processor.py:830} INFO - Processing file /Users/vamseekrishna/Desktop/F1_Data_Warehouse/f1datawarehouse/lib/python3.9/site-packages/airflow/example_dags/example_python_decorator.py for tasks to queue
[2024-02-24T13:14:54.927-0600] {logging_mixin.py:188} INFO - [2024-02-24T13:14:54.927-0600] {dagbag.py:538} INFO - Filling up the DagBag from /Users/vamseekrishna/Desktop/F1_Data_Warehouse/f1datawarehouse/lib/python3.9/site-packages/airflow/example_dags/example_python_decorator.py
[2024-02-24T13:14:54.941-0600] {logging_mixin.py:188} INFO - [2024-02-24T13:14:54.941-0600] {example_python_decorator.py:79} WARNING - The virtalenv_python example task requires virtualenv, please install it.
[2024-02-24T13:14:54.942-0600] {processor.py:840} INFO - DAG(s) 'example_python_decorator' retrieved from /Users/vamseekrishna/Desktop/F1_Data_Warehouse/f1datawarehouse/lib/python3.9/site-packages/airflow/example_dags/example_python_decorator.py
[2024-02-24T13:14:54.985-0600] {logging_mixin.py:188} INFO - [2024-02-24T13:14:54.985-0600] {dag.py:3036} INFO - Sync 1 DAGs
[2024-02-24T13:14:54.989-0600] {logging_mixin.py:188} INFO - [2024-02-24T13:14:54.989-0600] {dag.py:3823} INFO - Setting next_dagrun for example_python_decorator to None, run_after=None
[2024-02-24T13:14:54.996-0600] {processor.py:183} INFO - Processing /Users/vamseekrishna/Desktop/F1_Data_Warehouse/f1datawarehouse/lib/python3.9/site-packages/airflow/example_dags/example_python_decorator.py took 0.072 seconds
[2024-02-24T13:16:47.592-0600] {processor.py:161} INFO - Started process (PID=78532) to work on /Users/vamseekrishna/Desktop/F1_Data_Warehouse/f1datawarehouse/lib/python3.9/site-packages/airflow/example_dags/example_python_decorator.py
[2024-02-24T13:16:47.594-0600] {processor.py:830} INFO - Processing file /Users/vamseekrishna/Desktop/F1_Data_Warehouse/f1datawarehouse/lib/python3.9/site-packages/airflow/example_dags/example_python_decorator.py for tasks to queue
[2024-02-24T13:16:47.594-0600] {logging_mixin.py:188} INFO - [2024-02-24T13:16:47.594-0600] {dagbag.py:538} INFO - Filling up the DagBag from /Users/vamseekrishna/Desktop/F1_Data_Warehouse/f1datawarehouse/lib/python3.9/site-packages/airflow/example_dags/example_python_decorator.py
[2024-02-24T13:16:47.608-0600] {logging_mixin.py:188} INFO - [2024-02-24T13:16:47.608-0600] {example_python_decorator.py:79} WARNING - The virtalenv_python example task requires virtualenv, please install it.
[2024-02-24T13:16:47.609-0600] {processor.py:840} INFO - DAG(s) 'example_python_decorator' retrieved from /Users/vamseekrishna/Desktop/F1_Data_Warehouse/f1datawarehouse/lib/python3.9/site-packages/airflow/example_dags/example_python_decorator.py
[2024-02-24T13:16:47.653-0600] {logging_mixin.py:188} INFO - [2024-02-24T13:16:47.653-0600] {dag.py:3036} INFO - Sync 1 DAGs
[2024-02-24T13:16:47.656-0600] {logging_mixin.py:188} INFO - [2024-02-24T13:16:47.656-0600] {dag.py:3823} INFO - Setting next_dagrun for example_python_decorator to None, run_after=None
[2024-02-24T13:16:47.663-0600] {processor.py:183} INFO - Processing /Users/vamseekrishna/Desktop/F1_Data_Warehouse/f1datawarehouse/lib/python3.9/site-packages/airflow/example_dags/example_python_decorator.py took 0.072 seconds
[2024-02-24T13:18:40.733-0600] {processor.py:161} INFO - Started process (PID=78622) to work on /Users/vamseekrishna/Desktop/F1_Data_Warehouse/f1datawarehouse/lib/python3.9/site-packages/airflow/example_dags/example_python_decorator.py
[2024-02-24T13:18:40.735-0600] {processor.py:830} INFO - Processing file /Users/vamseekrishna/Desktop/F1_Data_Warehouse/f1datawarehouse/lib/python3.9/site-packages/airflow/example_dags/example_python_decorator.py for tasks to queue
[2024-02-24T13:18:40.735-0600] {logging_mixin.py:188} INFO - [2024-02-24T13:18:40.735-0600] {dagbag.py:538} INFO - Filling up the DagBag from /Users/vamseekrishna/Desktop/F1_Data_Warehouse/f1datawarehouse/lib/python3.9/site-packages/airflow/example_dags/example_python_decorator.py
[2024-02-24T13:18:40.750-0600] {logging_mixin.py:188} INFO - [2024-02-24T13:18:40.750-0600] {example_python_decorator.py:79} WARNING - The virtalenv_python example task requires virtualenv, please install it.
[2024-02-24T13:18:40.751-0600] {processor.py:840} INFO - DAG(s) 'example_python_decorator' retrieved from /Users/vamseekrishna/Desktop/F1_Data_Warehouse/f1datawarehouse/lib/python3.9/site-packages/airflow/example_dags/example_python_decorator.py
[2024-02-24T13:18:40.794-0600] {logging_mixin.py:188} INFO - [2024-02-24T13:18:40.793-0600] {dag.py:3036} INFO - Sync 1 DAGs
[2024-02-24T13:18:40.797-0600] {logging_mixin.py:188} INFO - [2024-02-24T13:18:40.797-0600] {dag.py:3823} INFO - Setting next_dagrun for example_python_decorator to None, run_after=None
[2024-02-24T13:18:40.804-0600] {processor.py:183} INFO - Processing /Users/vamseekrishna/Desktop/F1_Data_Warehouse/f1datawarehouse/lib/python3.9/site-packages/airflow/example_dags/example_python_decorator.py took 0.071 seconds
[2024-02-24T13:20:30.805-0600] {processor.py:161} INFO - Started process (PID=78704) to work on /Users/vamseekrishna/Desktop/F1_Data_Warehouse/f1datawarehouse/lib/python3.9/site-packages/airflow/example_dags/example_python_decorator.py
[2024-02-24T13:20:30.807-0600] {processor.py:830} INFO - Processing file /Users/vamseekrishna/Desktop/F1_Data_Warehouse/f1datawarehouse/lib/python3.9/site-packages/airflow/example_dags/example_python_decorator.py for tasks to queue
[2024-02-24T13:20:30.807-0600] {logging_mixin.py:188} INFO - [2024-02-24T13:20:30.807-0600] {dagbag.py:538} INFO - Filling up the DagBag from /Users/vamseekrishna/Desktop/F1_Data_Warehouse/f1datawarehouse/lib/python3.9/site-packages/airflow/example_dags/example_python_decorator.py
[2024-02-24T13:20:30.822-0600] {logging_mixin.py:188} INFO - [2024-02-24T13:20:30.822-0600] {example_python_decorator.py:79} WARNING - The virtalenv_python example task requires virtualenv, please install it.
[2024-02-24T13:20:30.823-0600] {processor.py:840} INFO - DAG(s) 'example_python_decorator' retrieved from /Users/vamseekrishna/Desktop/F1_Data_Warehouse/f1datawarehouse/lib/python3.9/site-packages/airflow/example_dags/example_python_decorator.py
[2024-02-24T13:20:30.867-0600] {logging_mixin.py:188} INFO - [2024-02-24T13:20:30.866-0600] {dag.py:3036} INFO - Sync 1 DAGs
[2024-02-24T13:20:30.870-0600] {logging_mixin.py:188} INFO - [2024-02-24T13:20:30.870-0600] {dag.py:3823} INFO - Setting next_dagrun for example_python_decorator to None, run_after=None
[2024-02-24T13:20:30.877-0600] {processor.py:183} INFO - Processing /Users/vamseekrishna/Desktop/F1_Data_Warehouse/f1datawarehouse/lib/python3.9/site-packages/airflow/example_dags/example_python_decorator.py took 0.072 seconds
[2024-02-24T13:22:17.536-0600] {processor.py:161} INFO - Started process (PID=78785) to work on /Users/vamseekrishna/Desktop/F1_Data_Warehouse/f1datawarehouse/lib/python3.9/site-packages/airflow/example_dags/example_python_decorator.py
[2024-02-24T13:22:17.538-0600] {processor.py:830} INFO - Processing file /Users/vamseekrishna/Desktop/F1_Data_Warehouse/f1datawarehouse/lib/python3.9/site-packages/airflow/example_dags/example_python_decorator.py for tasks to queue
[2024-02-24T13:22:17.538-0600] {logging_mixin.py:188} INFO - [2024-02-24T13:22:17.538-0600] {dagbag.py:538} INFO - Filling up the DagBag from /Users/vamseekrishna/Desktop/F1_Data_Warehouse/f1datawarehouse/lib/python3.9/site-packages/airflow/example_dags/example_python_decorator.py
[2024-02-24T13:22:17.565-0600] {logging_mixin.py:188} INFO - [2024-02-24T13:22:17.565-0600] {example_python_decorator.py:79} WARNING - The virtalenv_python example task requires virtualenv, please install it.
[2024-02-24T13:22:17.567-0600] {processor.py:840} INFO - DAG(s) 'example_python_decorator' retrieved from /Users/vamseekrishna/Desktop/F1_Data_Warehouse/f1datawarehouse/lib/python3.9/site-packages/airflow/example_dags/example_python_decorator.py
[2024-02-24T13:22:17.615-0600] {logging_mixin.py:188} INFO - [2024-02-24T13:22:17.615-0600] {dag.py:3036} INFO - Sync 1 DAGs
[2024-02-24T13:22:17.620-0600] {logging_mixin.py:188} INFO - [2024-02-24T13:22:17.619-0600] {dag.py:3823} INFO - Setting next_dagrun for example_python_decorator to None, run_after=None
[2024-02-24T13:22:17.628-0600] {processor.py:183} INFO - Processing /Users/vamseekrishna/Desktop/F1_Data_Warehouse/f1datawarehouse/lib/python3.9/site-packages/airflow/example_dags/example_python_decorator.py took 0.093 seconds
[2024-02-24T13:24:15.636-0600] {processor.py:161} INFO - Started process (PID=78916) to work on /Users/vamseekrishna/Desktop/F1_Data_Warehouse/f1datawarehouse/lib/python3.9/site-packages/airflow/example_dags/example_python_decorator.py
[2024-02-24T13:24:15.638-0600] {processor.py:830} INFO - Processing file /Users/vamseekrishna/Desktop/F1_Data_Warehouse/f1datawarehouse/lib/python3.9/site-packages/airflow/example_dags/example_python_decorator.py for tasks to queue
[2024-02-24T13:24:15.638-0600] {logging_mixin.py:188} INFO - [2024-02-24T13:24:15.638-0600] {dagbag.py:538} INFO - Filling up the DagBag from /Users/vamseekrishna/Desktop/F1_Data_Warehouse/f1datawarehouse/lib/python3.9/site-packages/airflow/example_dags/example_python_decorator.py
[2024-02-24T13:24:15.652-0600] {logging_mixin.py:188} INFO - [2024-02-24T13:24:15.652-0600] {example_python_decorator.py:79} WARNING - The virtalenv_python example task requires virtualenv, please install it.
[2024-02-24T13:24:15.653-0600] {processor.py:840} INFO - DAG(s) 'example_python_decorator' retrieved from /Users/vamseekrishna/Desktop/F1_Data_Warehouse/f1datawarehouse/lib/python3.9/site-packages/airflow/example_dags/example_python_decorator.py
[2024-02-24T13:24:15.695-0600] {logging_mixin.py:188} INFO - [2024-02-24T13:24:15.695-0600] {dag.py:3036} INFO - Sync 1 DAGs
[2024-02-24T13:24:15.698-0600] {logging_mixin.py:188} INFO - [2024-02-24T13:24:15.698-0600] {dag.py:3823} INFO - Setting next_dagrun for example_python_decorator to None, run_after=None
[2024-02-24T13:24:15.705-0600] {processor.py:183} INFO - Processing /Users/vamseekrishna/Desktop/F1_Data_Warehouse/f1datawarehouse/lib/python3.9/site-packages/airflow/example_dags/example_python_decorator.py took 0.070 seconds
[2024-02-24T13:26:06.259-0600] {processor.py:161} INFO - Started process (PID=79008) to work on /Users/vamseekrishna/Desktop/F1_Data_Warehouse/f1datawarehouse/lib/python3.9/site-packages/airflow/example_dags/example_python_decorator.py
[2024-02-24T13:26:06.260-0600] {processor.py:830} INFO - Processing file /Users/vamseekrishna/Desktop/F1_Data_Warehouse/f1datawarehouse/lib/python3.9/site-packages/airflow/example_dags/example_python_decorator.py for tasks to queue
[2024-02-24T13:26:06.260-0600] {logging_mixin.py:188} INFO - [2024-02-24T13:26:06.260-0600] {dagbag.py:538} INFO - Filling up the DagBag from /Users/vamseekrishna/Desktop/F1_Data_Warehouse/f1datawarehouse/lib/python3.9/site-packages/airflow/example_dags/example_python_decorator.py
[2024-02-24T13:26:06.276-0600] {logging_mixin.py:188} INFO - [2024-02-24T13:26:06.276-0600] {example_python_decorator.py:79} WARNING - The virtalenv_python example task requires virtualenv, please install it.
[2024-02-24T13:26:06.277-0600] {processor.py:840} INFO - DAG(s) 'example_python_decorator' retrieved from /Users/vamseekrishna/Desktop/F1_Data_Warehouse/f1datawarehouse/lib/python3.9/site-packages/airflow/example_dags/example_python_decorator.py
[2024-02-24T13:26:06.323-0600] {logging_mixin.py:188} INFO - [2024-02-24T13:26:06.322-0600] {dag.py:3036} INFO - Sync 1 DAGs
[2024-02-24T13:26:06.326-0600] {logging_mixin.py:188} INFO - [2024-02-24T13:26:06.326-0600] {dag.py:3823} INFO - Setting next_dagrun for example_python_decorator to None, run_after=None
[2024-02-24T13:26:06.333-0600] {processor.py:183} INFO - Processing /Users/vamseekrishna/Desktop/F1_Data_Warehouse/f1datawarehouse/lib/python3.9/site-packages/airflow/example_dags/example_python_decorator.py took 0.075 seconds
[2024-02-24T13:27:54.176-0600] {processor.py:161} INFO - Started process (PID=79142) to work on /Users/vamseekrishna/Desktop/F1_Data_Warehouse/f1datawarehouse/lib/python3.9/site-packages/airflow/example_dags/example_python_decorator.py
[2024-02-24T13:27:54.178-0600] {processor.py:830} INFO - Processing file /Users/vamseekrishna/Desktop/F1_Data_Warehouse/f1datawarehouse/lib/python3.9/site-packages/airflow/example_dags/example_python_decorator.py for tasks to queue
[2024-02-24T13:27:54.178-0600] {logging_mixin.py:188} INFO - [2024-02-24T13:27:54.178-0600] {dagbag.py:538} INFO - Filling up the DagBag from /Users/vamseekrishna/Desktop/F1_Data_Warehouse/f1datawarehouse/lib/python3.9/site-packages/airflow/example_dags/example_python_decorator.py
[2024-02-24T13:27:54.192-0600] {logging_mixin.py:188} INFO - [2024-02-24T13:27:54.192-0600] {example_python_decorator.py:79} WARNING - The virtalenv_python example task requires virtualenv, please install it.
[2024-02-24T13:27:54.193-0600] {processor.py:840} INFO - DAG(s) 'example_python_decorator' retrieved from /Users/vamseekrishna/Desktop/F1_Data_Warehouse/f1datawarehouse/lib/python3.9/site-packages/airflow/example_dags/example_python_decorator.py
[2024-02-24T13:27:54.236-0600] {logging_mixin.py:188} INFO - [2024-02-24T13:27:54.236-0600] {dag.py:3036} INFO - Sync 1 DAGs
[2024-02-24T13:27:54.240-0600] {logging_mixin.py:188} INFO - [2024-02-24T13:27:54.240-0600] {dag.py:3823} INFO - Setting next_dagrun for example_python_decorator to None, run_after=None
[2024-02-24T13:27:54.247-0600] {processor.py:183} INFO - Processing /Users/vamseekrishna/Desktop/F1_Data_Warehouse/f1datawarehouse/lib/python3.9/site-packages/airflow/example_dags/example_python_decorator.py took 0.071 seconds
[2024-02-24T13:29:40.181-0600] {processor.py:161} INFO - Started process (PID=79292) to work on /Users/vamseekrishna/Desktop/F1_Data_Warehouse/f1datawarehouse/lib/python3.9/site-packages/airflow/example_dags/example_python_decorator.py
[2024-02-24T13:29:40.182-0600] {processor.py:830} INFO - Processing file /Users/vamseekrishna/Desktop/F1_Data_Warehouse/f1datawarehouse/lib/python3.9/site-packages/airflow/example_dags/example_python_decorator.py for tasks to queue
[2024-02-24T13:29:40.183-0600] {logging_mixin.py:188} INFO - [2024-02-24T13:29:40.183-0600] {dagbag.py:538} INFO - Filling up the DagBag from /Users/vamseekrishna/Desktop/F1_Data_Warehouse/f1datawarehouse/lib/python3.9/site-packages/airflow/example_dags/example_python_decorator.py
[2024-02-24T13:29:40.197-0600] {logging_mixin.py:188} INFO - [2024-02-24T13:29:40.197-0600] {example_python_decorator.py:79} WARNING - The virtalenv_python example task requires virtualenv, please install it.
[2024-02-24T13:29:40.198-0600] {processor.py:840} INFO - DAG(s) 'example_python_decorator' retrieved from /Users/vamseekrishna/Desktop/F1_Data_Warehouse/f1datawarehouse/lib/python3.9/site-packages/airflow/example_dags/example_python_decorator.py
[2024-02-24T13:29:40.243-0600] {logging_mixin.py:188} INFO - [2024-02-24T13:29:40.242-0600] {dag.py:3036} INFO - Sync 1 DAGs
[2024-02-24T13:29:40.246-0600] {logging_mixin.py:188} INFO - [2024-02-24T13:29:40.246-0600] {dag.py:3823} INFO - Setting next_dagrun for example_python_decorator to None, run_after=None
[2024-02-24T13:29:40.253-0600] {processor.py:183} INFO - Processing /Users/vamseekrishna/Desktop/F1_Data_Warehouse/f1datawarehouse/lib/python3.9/site-packages/airflow/example_dags/example_python_decorator.py took 0.072 seconds
