[2024-02-24T16:02:33.354-0600] {processor.py:161} INFO - Started process (PID=87877) to work on /Users/vamseekrishna/Desktop/F1_Data_Warehouse/f1datawarehouse/lib/python3.9/site-packages/airflow/example_dags/example_branch_labels.py
[2024-02-24T16:02:33.355-0600] {processor.py:830} INFO - Processing file /Users/vamseekrishna/Desktop/F1_Data_Warehouse/f1datawarehouse/lib/python3.9/site-packages/airflow/example_dags/example_branch_labels.py for tasks to queue
[2024-02-24T16:02:33.356-0600] {logging_mixin.py:188} INFO - [2024-02-24T16:02:33.356-0600] {dagbag.py:538} INFO - Filling up the DagBag from /Users/vamseekrishna/Desktop/F1_Data_Warehouse/f1datawarehouse/lib/python3.9/site-packages/airflow/example_dags/example_branch_labels.py
[2024-02-24T16:02:33.360-0600] {processor.py:840} INFO - DAG(s) 'example_branch_labels' retrieved from /Users/vamseekrishna/Desktop/F1_Data_Warehouse/f1datawarehouse/lib/python3.9/site-packages/airflow/example_dags/example_branch_labels.py
[2024-02-24T16:02:33.445-0600] {logging_mixin.py:188} INFO - [2024-02-24T16:02:33.445-0600] {override.py:1769} INFO - Created Permission View: can delete on DAG:example_branch_labels
[2024-02-24T16:02:33.449-0600] {logging_mixin.py:188} INFO - [2024-02-24T16:02:33.448-0600] {override.py:1769} INFO - Created Permission View: can edit on DAG:example_branch_labels
[2024-02-24T16:02:33.451-0600] {logging_mixin.py:188} INFO - [2024-02-24T16:02:33.451-0600] {override.py:1769} INFO - Created Permission View: can read on DAG:example_branch_labels
[2024-02-24T16:02:33.451-0600] {logging_mixin.py:188} INFO - [2024-02-24T16:02:33.451-0600] {dag.py:3036} INFO - Sync 1 DAGs
[2024-02-24T16:02:33.455-0600] {logging_mixin.py:188} INFO - [2024-02-24T16:02:33.455-0600] {dag.py:3058} INFO - Creating ORM DAG for example_branch_labels
[2024-02-24T16:02:33.459-0600] {logging_mixin.py:188} INFO - [2024-02-24T16:02:33.459-0600] {dag.py:3823} INFO - Setting next_dagrun for example_branch_labels to 2024-02-23 00:00:00+00:00, run_after=2024-02-24 00:00:00+00:00
[2024-02-24T16:02:33.466-0600] {processor.py:183} INFO - Processing /Users/vamseekrishna/Desktop/F1_Data_Warehouse/f1datawarehouse/lib/python3.9/site-packages/airflow/example_dags/example_branch_labels.py took 0.113 seconds
[2024-02-24T16:04:37.045-0600] {processor.py:161} INFO - Started process (PID=88126) to work on /Users/vamseekrishna/Desktop/F1_Data_Warehouse/f1datawarehouse/lib/python3.9/site-packages/airflow/example_dags/example_branch_labels.py
[2024-02-24T16:04:37.047-0600] {processor.py:830} INFO - Processing file /Users/vamseekrishna/Desktop/F1_Data_Warehouse/f1datawarehouse/lib/python3.9/site-packages/airflow/example_dags/example_branch_labels.py for tasks to queue
[2024-02-24T16:04:37.048-0600] {logging_mixin.py:188} INFO - [2024-02-24T16:04:37.047-0600] {dagbag.py:538} INFO - Filling up the DagBag from /Users/vamseekrishna/Desktop/F1_Data_Warehouse/f1datawarehouse/lib/python3.9/site-packages/airflow/example_dags/example_branch_labels.py
[2024-02-24T16:04:37.052-0600] {processor.py:840} INFO - DAG(s) 'example_branch_labels' retrieved from /Users/vamseekrishna/Desktop/F1_Data_Warehouse/f1datawarehouse/lib/python3.9/site-packages/airflow/example_dags/example_branch_labels.py
[2024-02-24T16:04:37.127-0600] {logging_mixin.py:188} INFO - [2024-02-24T16:04:37.126-0600] {dag.py:3036} INFO - Sync 1 DAGs
[2024-02-24T16:04:37.134-0600] {logging_mixin.py:188} INFO - [2024-02-24T16:04:37.134-0600] {dag.py:3823} INFO - Setting next_dagrun for example_branch_labels to 2024-02-23 00:00:00+00:00, run_after=2024-02-24 00:00:00+00:00
[2024-02-24T16:04:37.144-0600] {processor.py:183} INFO - Processing /Users/vamseekrishna/Desktop/F1_Data_Warehouse/f1datawarehouse/lib/python3.9/site-packages/airflow/example_dags/example_branch_labels.py took 0.099 seconds
[2024-02-24T16:06:33.958-0600] {processor.py:161} INFO - Started process (PID=88309) to work on /Users/vamseekrishna/Desktop/F1_Data_Warehouse/f1datawarehouse/lib/python3.9/site-packages/airflow/example_dags/example_branch_labels.py
[2024-02-24T16:06:33.960-0600] {processor.py:830} INFO - Processing file /Users/vamseekrishna/Desktop/F1_Data_Warehouse/f1datawarehouse/lib/python3.9/site-packages/airflow/example_dags/example_branch_labels.py for tasks to queue
[2024-02-24T16:06:33.961-0600] {logging_mixin.py:188} INFO - [2024-02-24T16:06:33.961-0600] {dagbag.py:538} INFO - Filling up the DagBag from /Users/vamseekrishna/Desktop/F1_Data_Warehouse/f1datawarehouse/lib/python3.9/site-packages/airflow/example_dags/example_branch_labels.py
[2024-02-24T16:06:33.970-0600] {processor.py:840} INFO - DAG(s) 'example_branch_labels' retrieved from /Users/vamseekrishna/Desktop/F1_Data_Warehouse/f1datawarehouse/lib/python3.9/site-packages/airflow/example_dags/example_branch_labels.py
[2024-02-24T16:06:34.061-0600] {logging_mixin.py:188} INFO - [2024-02-24T16:06:34.061-0600] {dag.py:3036} INFO - Sync 1 DAGs
[2024-02-24T16:06:34.070-0600] {logging_mixin.py:188} INFO - [2024-02-24T16:06:34.070-0600] {dag.py:3823} INFO - Setting next_dagrun for example_branch_labels to 2024-02-23 00:00:00+00:00, run_after=2024-02-24 00:00:00+00:00
[2024-02-24T16:06:34.079-0600] {processor.py:183} INFO - Processing /Users/vamseekrishna/Desktop/F1_Data_Warehouse/f1datawarehouse/lib/python3.9/site-packages/airflow/example_dags/example_branch_labels.py took 0.121 seconds
[2024-02-24T16:08:31.364-0600] {processor.py:161} INFO - Started process (PID=88556) to work on /Users/vamseekrishna/Desktop/F1_Data_Warehouse/f1datawarehouse/lib/python3.9/site-packages/airflow/example_dags/example_branch_labels.py
[2024-02-24T16:08:31.366-0600] {processor.py:830} INFO - Processing file /Users/vamseekrishna/Desktop/F1_Data_Warehouse/f1datawarehouse/lib/python3.9/site-packages/airflow/example_dags/example_branch_labels.py for tasks to queue
[2024-02-24T16:08:31.366-0600] {logging_mixin.py:188} INFO - [2024-02-24T16:08:31.366-0600] {dagbag.py:538} INFO - Filling up the DagBag from /Users/vamseekrishna/Desktop/F1_Data_Warehouse/f1datawarehouse/lib/python3.9/site-packages/airflow/example_dags/example_branch_labels.py
[2024-02-24T16:08:31.370-0600] {processor.py:840} INFO - DAG(s) 'example_branch_labels' retrieved from /Users/vamseekrishna/Desktop/F1_Data_Warehouse/f1datawarehouse/lib/python3.9/site-packages/airflow/example_dags/example_branch_labels.py
[2024-02-24T16:08:31.443-0600] {logging_mixin.py:188} INFO - [2024-02-24T16:08:31.443-0600] {dag.py:3036} INFO - Sync 1 DAGs
[2024-02-24T16:08:31.451-0600] {logging_mixin.py:188} INFO - [2024-02-24T16:08:31.451-0600] {dag.py:3823} INFO - Setting next_dagrun for example_branch_labels to 2024-02-23 00:00:00+00:00, run_after=2024-02-24 00:00:00+00:00
[2024-02-24T16:08:31.458-0600] {processor.py:183} INFO - Processing /Users/vamseekrishna/Desktop/F1_Data_Warehouse/f1datawarehouse/lib/python3.9/site-packages/airflow/example_dags/example_branch_labels.py took 0.095 seconds
[2024-02-24T16:10:27.152-0600] {processor.py:161} INFO - Started process (PID=88738) to work on /Users/vamseekrishna/Desktop/F1_Data_Warehouse/f1datawarehouse/lib/python3.9/site-packages/airflow/example_dags/example_branch_labels.py
[2024-02-24T16:10:27.153-0600] {processor.py:830} INFO - Processing file /Users/vamseekrishna/Desktop/F1_Data_Warehouse/f1datawarehouse/lib/python3.9/site-packages/airflow/example_dags/example_branch_labels.py for tasks to queue
[2024-02-24T16:10:27.154-0600] {logging_mixin.py:188} INFO - [2024-02-24T16:10:27.154-0600] {dagbag.py:538} INFO - Filling up the DagBag from /Users/vamseekrishna/Desktop/F1_Data_Warehouse/f1datawarehouse/lib/python3.9/site-packages/airflow/example_dags/example_branch_labels.py
[2024-02-24T16:10:27.158-0600] {processor.py:840} INFO - DAG(s) 'example_branch_labels' retrieved from /Users/vamseekrishna/Desktop/F1_Data_Warehouse/f1datawarehouse/lib/python3.9/site-packages/airflow/example_dags/example_branch_labels.py
[2024-02-24T16:10:27.228-0600] {logging_mixin.py:188} INFO - [2024-02-24T16:10:27.228-0600] {dag.py:3036} INFO - Sync 1 DAGs
[2024-02-24T16:10:27.236-0600] {logging_mixin.py:188} INFO - [2024-02-24T16:10:27.235-0600] {dag.py:3823} INFO - Setting next_dagrun for example_branch_labels to 2024-02-23 00:00:00+00:00, run_after=2024-02-24 00:00:00+00:00
[2024-02-24T16:10:27.243-0600] {processor.py:183} INFO - Processing /Users/vamseekrishna/Desktop/F1_Data_Warehouse/f1datawarehouse/lib/python3.9/site-packages/airflow/example_dags/example_branch_labels.py took 0.093 seconds
[2024-02-24T16:12:22.544-0600] {processor.py:161} INFO - Started process (PID=88916) to work on /Users/vamseekrishna/Desktop/F1_Data_Warehouse/f1datawarehouse/lib/python3.9/site-packages/airflow/example_dags/example_branch_labels.py
[2024-02-24T16:12:22.546-0600] {processor.py:830} INFO - Processing file /Users/vamseekrishna/Desktop/F1_Data_Warehouse/f1datawarehouse/lib/python3.9/site-packages/airflow/example_dags/example_branch_labels.py for tasks to queue
[2024-02-24T16:12:22.546-0600] {logging_mixin.py:188} INFO - [2024-02-24T16:12:22.546-0600] {dagbag.py:538} INFO - Filling up the DagBag from /Users/vamseekrishna/Desktop/F1_Data_Warehouse/f1datawarehouse/lib/python3.9/site-packages/airflow/example_dags/example_branch_labels.py
[2024-02-24T16:12:22.550-0600] {processor.py:840} INFO - DAG(s) 'example_branch_labels' retrieved from /Users/vamseekrishna/Desktop/F1_Data_Warehouse/f1datawarehouse/lib/python3.9/site-packages/airflow/example_dags/example_branch_labels.py
[2024-02-24T16:12:22.623-0600] {logging_mixin.py:188} INFO - [2024-02-24T16:12:22.623-0600] {dag.py:3036} INFO - Sync 1 DAGs
[2024-02-24T16:12:22.631-0600] {logging_mixin.py:188} INFO - [2024-02-24T16:12:22.631-0600] {dag.py:3823} INFO - Setting next_dagrun for example_branch_labels to 2024-02-23 00:00:00+00:00, run_after=2024-02-24 00:00:00+00:00
[2024-02-24T16:12:22.639-0600] {processor.py:183} INFO - Processing /Users/vamseekrishna/Desktop/F1_Data_Warehouse/f1datawarehouse/lib/python3.9/site-packages/airflow/example_dags/example_branch_labels.py took 0.096 seconds
[2024-02-24T16:14:13.909-0600] {processor.py:161} INFO - Started process (PID=89084) to work on /Users/vamseekrishna/Desktop/F1_Data_Warehouse/f1datawarehouse/lib/python3.9/site-packages/airflow/example_dags/example_branch_labels.py
[2024-02-24T16:14:13.911-0600] {processor.py:830} INFO - Processing file /Users/vamseekrishna/Desktop/F1_Data_Warehouse/f1datawarehouse/lib/python3.9/site-packages/airflow/example_dags/example_branch_labels.py for tasks to queue
[2024-02-24T16:14:13.911-0600] {logging_mixin.py:188} INFO - [2024-02-24T16:14:13.911-0600] {dagbag.py:538} INFO - Filling up the DagBag from /Users/vamseekrishna/Desktop/F1_Data_Warehouse/f1datawarehouse/lib/python3.9/site-packages/airflow/example_dags/example_branch_labels.py
[2024-02-24T16:14:13.915-0600] {processor.py:840} INFO - DAG(s) 'example_branch_labels' retrieved from /Users/vamseekrishna/Desktop/F1_Data_Warehouse/f1datawarehouse/lib/python3.9/site-packages/airflow/example_dags/example_branch_labels.py
[2024-02-24T16:14:13.986-0600] {logging_mixin.py:188} INFO - [2024-02-24T16:14:13.986-0600] {dag.py:3036} INFO - Sync 1 DAGs
[2024-02-24T16:14:13.994-0600] {logging_mixin.py:188} INFO - [2024-02-24T16:14:13.994-0600] {dag.py:3823} INFO - Setting next_dagrun for example_branch_labels to 2024-02-23 00:00:00+00:00, run_after=2024-02-24 00:00:00+00:00
[2024-02-24T16:14:14.002-0600] {processor.py:183} INFO - Processing /Users/vamseekrishna/Desktop/F1_Data_Warehouse/f1datawarehouse/lib/python3.9/site-packages/airflow/example_dags/example_branch_labels.py took 0.093 seconds
[2024-02-24T16:16:02.033-0600] {processor.py:161} INFO - Started process (PID=89297) to work on /Users/vamseekrishna/Desktop/F1_Data_Warehouse/f1datawarehouse/lib/python3.9/site-packages/airflow/example_dags/example_branch_labels.py
[2024-02-24T16:16:02.035-0600] {processor.py:830} INFO - Processing file /Users/vamseekrishna/Desktop/F1_Data_Warehouse/f1datawarehouse/lib/python3.9/site-packages/airflow/example_dags/example_branch_labels.py for tasks to queue
[2024-02-24T16:16:02.035-0600] {logging_mixin.py:188} INFO - [2024-02-24T16:16:02.035-0600] {dagbag.py:538} INFO - Filling up the DagBag from /Users/vamseekrishna/Desktop/F1_Data_Warehouse/f1datawarehouse/lib/python3.9/site-packages/airflow/example_dags/example_branch_labels.py
[2024-02-24T16:16:02.040-0600] {processor.py:840} INFO - DAG(s) 'example_branch_labels' retrieved from /Users/vamseekrishna/Desktop/F1_Data_Warehouse/f1datawarehouse/lib/python3.9/site-packages/airflow/example_dags/example_branch_labels.py
[2024-02-24T16:16:02.117-0600] {logging_mixin.py:188} INFO - [2024-02-24T16:16:02.117-0600] {dag.py:3036} INFO - Sync 1 DAGs
[2024-02-24T16:16:02.125-0600] {logging_mixin.py:188} INFO - [2024-02-24T16:16:02.125-0600] {dag.py:3823} INFO - Setting next_dagrun for example_branch_labels to 2024-02-23 00:00:00+00:00, run_after=2024-02-24 00:00:00+00:00
[2024-02-24T16:16:02.133-0600] {processor.py:183} INFO - Processing /Users/vamseekrishna/Desktop/F1_Data_Warehouse/f1datawarehouse/lib/python3.9/site-packages/airflow/example_dags/example_branch_labels.py took 0.100 seconds
[2024-02-24T16:17:56.760-0600] {processor.py:161} INFO - Started process (PID=89488) to work on /Users/vamseekrishna/Desktop/F1_Data_Warehouse/f1datawarehouse/lib/python3.9/site-packages/airflow/example_dags/example_branch_labels.py
[2024-02-24T16:17:56.762-0600] {processor.py:830} INFO - Processing file /Users/vamseekrishna/Desktop/F1_Data_Warehouse/f1datawarehouse/lib/python3.9/site-packages/airflow/example_dags/example_branch_labels.py for tasks to queue
[2024-02-24T16:17:56.762-0600] {logging_mixin.py:188} INFO - [2024-02-24T16:17:56.762-0600] {dagbag.py:538} INFO - Filling up the DagBag from /Users/vamseekrishna/Desktop/F1_Data_Warehouse/f1datawarehouse/lib/python3.9/site-packages/airflow/example_dags/example_branch_labels.py
[2024-02-24T16:17:56.766-0600] {processor.py:840} INFO - DAG(s) 'example_branch_labels' retrieved from /Users/vamseekrishna/Desktop/F1_Data_Warehouse/f1datawarehouse/lib/python3.9/site-packages/airflow/example_dags/example_branch_labels.py
[2024-02-24T16:17:56.838-0600] {logging_mixin.py:188} INFO - [2024-02-24T16:17:56.838-0600] {dag.py:3036} INFO - Sync 1 DAGs
[2024-02-24T16:17:56.846-0600] {logging_mixin.py:188} INFO - [2024-02-24T16:17:56.846-0600] {dag.py:3823} INFO - Setting next_dagrun for example_branch_labels to 2024-02-23 00:00:00+00:00, run_after=2024-02-24 00:00:00+00:00
[2024-02-24T16:17:56.853-0600] {processor.py:183} INFO - Processing /Users/vamseekrishna/Desktop/F1_Data_Warehouse/f1datawarehouse/lib/python3.9/site-packages/airflow/example_dags/example_branch_labels.py took 0.094 seconds
[2024-02-24T16:19:55.101-0600] {processor.py:161} INFO - Started process (PID=89687) to work on /Users/vamseekrishna/Desktop/F1_Data_Warehouse/f1datawarehouse/lib/python3.9/site-packages/airflow/example_dags/example_branch_labels.py
[2024-02-24T16:19:55.104-0600] {processor.py:830} INFO - Processing file /Users/vamseekrishna/Desktop/F1_Data_Warehouse/f1datawarehouse/lib/python3.9/site-packages/airflow/example_dags/example_branch_labels.py for tasks to queue
[2024-02-24T16:19:55.104-0600] {logging_mixin.py:188} INFO - [2024-02-24T16:19:55.104-0600] {dagbag.py:538} INFO - Filling up the DagBag from /Users/vamseekrishna/Desktop/F1_Data_Warehouse/f1datawarehouse/lib/python3.9/site-packages/airflow/example_dags/example_branch_labels.py
[2024-02-24T16:19:55.109-0600] {processor.py:840} INFO - DAG(s) 'example_branch_labels' retrieved from /Users/vamseekrishna/Desktop/F1_Data_Warehouse/f1datawarehouse/lib/python3.9/site-packages/airflow/example_dags/example_branch_labels.py
[2024-02-24T16:19:55.184-0600] {logging_mixin.py:188} INFO - [2024-02-24T16:19:55.183-0600] {dag.py:3036} INFO - Sync 1 DAGs
[2024-02-24T16:19:55.191-0600] {logging_mixin.py:188} INFO - [2024-02-24T16:19:55.191-0600] {dag.py:3823} INFO - Setting next_dagrun for example_branch_labels to 2024-02-23 00:00:00+00:00, run_after=2024-02-24 00:00:00+00:00
[2024-02-24T16:19:55.199-0600] {processor.py:183} INFO - Processing /Users/vamseekrishna/Desktop/F1_Data_Warehouse/f1datawarehouse/lib/python3.9/site-packages/airflow/example_dags/example_branch_labels.py took 0.099 seconds
[2024-02-24T16:21:58.986-0600] {processor.py:161} INFO - Started process (PID=89874) to work on /Users/vamseekrishna/Desktop/F1_Data_Warehouse/f1datawarehouse/lib/python3.9/site-packages/airflow/example_dags/example_branch_labels.py
[2024-02-24T16:21:58.988-0600] {processor.py:830} INFO - Processing file /Users/vamseekrishna/Desktop/F1_Data_Warehouse/f1datawarehouse/lib/python3.9/site-packages/airflow/example_dags/example_branch_labels.py for tasks to queue
[2024-02-24T16:21:58.988-0600] {logging_mixin.py:188} INFO - [2024-02-24T16:21:58.988-0600] {dagbag.py:538} INFO - Filling up the DagBag from /Users/vamseekrishna/Desktop/F1_Data_Warehouse/f1datawarehouse/lib/python3.9/site-packages/airflow/example_dags/example_branch_labels.py
[2024-02-24T16:21:58.992-0600] {processor.py:840} INFO - DAG(s) 'example_branch_labels' retrieved from /Users/vamseekrishna/Desktop/F1_Data_Warehouse/f1datawarehouse/lib/python3.9/site-packages/airflow/example_dags/example_branch_labels.py
[2024-02-24T16:21:59.066-0600] {logging_mixin.py:188} INFO - [2024-02-24T16:21:59.065-0600] {dag.py:3036} INFO - Sync 1 DAGs
[2024-02-24T16:21:59.073-0600] {logging_mixin.py:188} INFO - [2024-02-24T16:21:59.073-0600] {dag.py:3823} INFO - Setting next_dagrun for example_branch_labels to 2024-02-23 00:00:00+00:00, run_after=2024-02-24 00:00:00+00:00
[2024-02-24T16:21:59.081-0600] {processor.py:183} INFO - Processing /Users/vamseekrishna/Desktop/F1_Data_Warehouse/f1datawarehouse/lib/python3.9/site-packages/airflow/example_dags/example_branch_labels.py took 0.095 seconds
[2024-02-24T16:24:01.141-0600] {processor.py:161} INFO - Started process (PID=90062) to work on /Users/vamseekrishna/Desktop/F1_Data_Warehouse/f1datawarehouse/lib/python3.9/site-packages/airflow/example_dags/example_branch_labels.py
[2024-02-24T16:24:01.144-0600] {processor.py:830} INFO - Processing file /Users/vamseekrishna/Desktop/F1_Data_Warehouse/f1datawarehouse/lib/python3.9/site-packages/airflow/example_dags/example_branch_labels.py for tasks to queue
[2024-02-24T16:24:01.144-0600] {logging_mixin.py:188} INFO - [2024-02-24T16:24:01.144-0600] {dagbag.py:538} INFO - Filling up the DagBag from /Users/vamseekrishna/Desktop/F1_Data_Warehouse/f1datawarehouse/lib/python3.9/site-packages/airflow/example_dags/example_branch_labels.py
[2024-02-24T16:24:01.148-0600] {processor.py:840} INFO - DAG(s) 'example_branch_labels' retrieved from /Users/vamseekrishna/Desktop/F1_Data_Warehouse/f1datawarehouse/lib/python3.9/site-packages/airflow/example_dags/example_branch_labels.py
[2024-02-24T16:24:01.220-0600] {logging_mixin.py:188} INFO - [2024-02-24T16:24:01.220-0600] {dag.py:3036} INFO - Sync 1 DAGs
[2024-02-24T16:24:01.228-0600] {logging_mixin.py:188} INFO - [2024-02-24T16:24:01.228-0600] {dag.py:3823} INFO - Setting next_dagrun for example_branch_labels to 2024-02-23 00:00:00+00:00, run_after=2024-02-24 00:00:00+00:00
[2024-02-24T16:24:01.235-0600] {processor.py:183} INFO - Processing /Users/vamseekrishna/Desktop/F1_Data_Warehouse/f1datawarehouse/lib/python3.9/site-packages/airflow/example_dags/example_branch_labels.py took 0.094 seconds
[2024-02-24T16:26:06.782-0600] {processor.py:161} INFO - Started process (PID=90270) to work on /Users/vamseekrishna/Desktop/F1_Data_Warehouse/f1datawarehouse/lib/python3.9/site-packages/airflow/example_dags/example_branch_labels.py
[2024-02-24T16:26:06.784-0600] {processor.py:830} INFO - Processing file /Users/vamseekrishna/Desktop/F1_Data_Warehouse/f1datawarehouse/lib/python3.9/site-packages/airflow/example_dags/example_branch_labels.py for tasks to queue
[2024-02-24T16:26:06.784-0600] {logging_mixin.py:188} INFO - [2024-02-24T16:26:06.784-0600] {dagbag.py:538} INFO - Filling up the DagBag from /Users/vamseekrishna/Desktop/F1_Data_Warehouse/f1datawarehouse/lib/python3.9/site-packages/airflow/example_dags/example_branch_labels.py
[2024-02-24T16:26:06.789-0600] {processor.py:840} INFO - DAG(s) 'example_branch_labels' retrieved from /Users/vamseekrishna/Desktop/F1_Data_Warehouse/f1datawarehouse/lib/python3.9/site-packages/airflow/example_dags/example_branch_labels.py
[2024-02-24T16:26:06.867-0600] {logging_mixin.py:188} INFO - [2024-02-24T16:26:06.867-0600] {dag.py:3036} INFO - Sync 1 DAGs
[2024-02-24T16:26:06.876-0600] {logging_mixin.py:188} INFO - [2024-02-24T16:26:06.876-0600] {dag.py:3823} INFO - Setting next_dagrun for example_branch_labels to 2024-02-23 00:00:00+00:00, run_after=2024-02-24 00:00:00+00:00
[2024-02-24T16:26:06.883-0600] {processor.py:183} INFO - Processing /Users/vamseekrishna/Desktop/F1_Data_Warehouse/f1datawarehouse/lib/python3.9/site-packages/airflow/example_dags/example_branch_labels.py took 0.102 seconds
[2024-02-24T16:28:06.374-0600] {processor.py:161} INFO - Started process (PID=90414) to work on /Users/vamseekrishna/Desktop/F1_Data_Warehouse/f1datawarehouse/lib/python3.9/site-packages/airflow/example_dags/example_branch_labels.py
[2024-02-24T16:28:06.375-0600] {processor.py:830} INFO - Processing file /Users/vamseekrishna/Desktop/F1_Data_Warehouse/f1datawarehouse/lib/python3.9/site-packages/airflow/example_dags/example_branch_labels.py for tasks to queue
[2024-02-24T16:28:06.376-0600] {logging_mixin.py:188} INFO - [2024-02-24T16:28:06.376-0600] {dagbag.py:538} INFO - Filling up the DagBag from /Users/vamseekrishna/Desktop/F1_Data_Warehouse/f1datawarehouse/lib/python3.9/site-packages/airflow/example_dags/example_branch_labels.py
[2024-02-24T16:28:06.381-0600] {processor.py:840} INFO - DAG(s) 'example_branch_labels' retrieved from /Users/vamseekrishna/Desktop/F1_Data_Warehouse/f1datawarehouse/lib/python3.9/site-packages/airflow/example_dags/example_branch_labels.py
[2024-02-24T16:28:06.458-0600] {logging_mixin.py:188} INFO - [2024-02-24T16:28:06.457-0600] {dag.py:3036} INFO - Sync 1 DAGs
[2024-02-24T16:28:06.466-0600] {logging_mixin.py:188} INFO - [2024-02-24T16:28:06.466-0600] {dag.py:3823} INFO - Setting next_dagrun for example_branch_labels to 2024-02-23 00:00:00+00:00, run_after=2024-02-24 00:00:00+00:00
[2024-02-24T16:28:06.473-0600] {processor.py:183} INFO - Processing /Users/vamseekrishna/Desktop/F1_Data_Warehouse/f1datawarehouse/lib/python3.9/site-packages/airflow/example_dags/example_branch_labels.py took 0.101 seconds
[2024-02-24T16:30:06.889-0600] {processor.py:161} INFO - Started process (PID=90557) to work on /Users/vamseekrishna/Desktop/F1_Data_Warehouse/f1datawarehouse/lib/python3.9/site-packages/airflow/example_dags/example_branch_labels.py
[2024-02-24T16:30:06.891-0600] {processor.py:830} INFO - Processing file /Users/vamseekrishna/Desktop/F1_Data_Warehouse/f1datawarehouse/lib/python3.9/site-packages/airflow/example_dags/example_branch_labels.py for tasks to queue
[2024-02-24T16:30:06.891-0600] {logging_mixin.py:188} INFO - [2024-02-24T16:30:06.891-0600] {dagbag.py:538} INFO - Filling up the DagBag from /Users/vamseekrishna/Desktop/F1_Data_Warehouse/f1datawarehouse/lib/python3.9/site-packages/airflow/example_dags/example_branch_labels.py
[2024-02-24T16:30:06.895-0600] {processor.py:840} INFO - DAG(s) 'example_branch_labels' retrieved from /Users/vamseekrishna/Desktop/F1_Data_Warehouse/f1datawarehouse/lib/python3.9/site-packages/airflow/example_dags/example_branch_labels.py
[2024-02-24T16:30:06.968-0600] {logging_mixin.py:188} INFO - [2024-02-24T16:30:06.968-0600] {dag.py:3036} INFO - Sync 1 DAGs
[2024-02-24T16:30:06.978-0600] {logging_mixin.py:188} INFO - [2024-02-24T16:30:06.978-0600] {dag.py:3823} INFO - Setting next_dagrun for example_branch_labels to 2024-02-23 00:00:00+00:00, run_after=2024-02-24 00:00:00+00:00
[2024-02-24T16:30:06.986-0600] {processor.py:183} INFO - Processing /Users/vamseekrishna/Desktop/F1_Data_Warehouse/f1datawarehouse/lib/python3.9/site-packages/airflow/example_dags/example_branch_labels.py took 0.098 seconds
[2024-02-24T16:32:11.018-0600] {processor.py:161} INFO - Started process (PID=90715) to work on /Users/vamseekrishna/Desktop/F1_Data_Warehouse/f1datawarehouse/lib/python3.9/site-packages/airflow/example_dags/example_branch_labels.py
[2024-02-24T16:32:11.021-0600] {processor.py:830} INFO - Processing file /Users/vamseekrishna/Desktop/F1_Data_Warehouse/f1datawarehouse/lib/python3.9/site-packages/airflow/example_dags/example_branch_labels.py for tasks to queue
[2024-02-24T16:32:11.022-0600] {logging_mixin.py:188} INFO - [2024-02-24T16:32:11.022-0600] {dagbag.py:538} INFO - Filling up the DagBag from /Users/vamseekrishna/Desktop/F1_Data_Warehouse/f1datawarehouse/lib/python3.9/site-packages/airflow/example_dags/example_branch_labels.py
[2024-02-24T16:32:11.028-0600] {processor.py:840} INFO - DAG(s) 'example_branch_labels' retrieved from /Users/vamseekrishna/Desktop/F1_Data_Warehouse/f1datawarehouse/lib/python3.9/site-packages/airflow/example_dags/example_branch_labels.py
[2024-02-24T16:32:11.105-0600] {logging_mixin.py:188} INFO - [2024-02-24T16:32:11.105-0600] {dag.py:3036} INFO - Sync 1 DAGs
[2024-02-24T16:32:11.113-0600] {logging_mixin.py:188} INFO - [2024-02-24T16:32:11.113-0600] {dag.py:3823} INFO - Setting next_dagrun for example_branch_labels to 2024-02-23 00:00:00+00:00, run_after=2024-02-24 00:00:00+00:00
[2024-02-24T16:32:11.121-0600] {processor.py:183} INFO - Processing /Users/vamseekrishna/Desktop/F1_Data_Warehouse/f1datawarehouse/lib/python3.9/site-packages/airflow/example_dags/example_branch_labels.py took 0.104 seconds
[2024-02-24T16:34:27.763-0600] {processor.py:161} INFO - Started process (PID=90947) to work on /Users/vamseekrishna/Desktop/F1_Data_Warehouse/f1datawarehouse/lib/python3.9/site-packages/airflow/example_dags/example_branch_labels.py
[2024-02-24T16:34:27.764-0600] {processor.py:830} INFO - Processing file /Users/vamseekrishna/Desktop/F1_Data_Warehouse/f1datawarehouse/lib/python3.9/site-packages/airflow/example_dags/example_branch_labels.py for tasks to queue
[2024-02-24T16:34:27.764-0600] {logging_mixin.py:188} INFO - [2024-02-24T16:34:27.764-0600] {dagbag.py:538} INFO - Filling up the DagBag from /Users/vamseekrishna/Desktop/F1_Data_Warehouse/f1datawarehouse/lib/python3.9/site-packages/airflow/example_dags/example_branch_labels.py
[2024-02-24T16:34:27.768-0600] {processor.py:840} INFO - DAG(s) 'example_branch_labels' retrieved from /Users/vamseekrishna/Desktop/F1_Data_Warehouse/f1datawarehouse/lib/python3.9/site-packages/airflow/example_dags/example_branch_labels.py
[2024-02-24T16:34:27.849-0600] {logging_mixin.py:188} INFO - [2024-02-24T16:34:27.849-0600] {dag.py:3036} INFO - Sync 1 DAGs
[2024-02-24T16:34:27.857-0600] {logging_mixin.py:188} INFO - [2024-02-24T16:34:27.857-0600] {dag.py:3823} INFO - Setting next_dagrun for example_branch_labels to 2024-02-23 00:00:00+00:00, run_after=2024-02-24 00:00:00+00:00
[2024-02-24T16:34:27.865-0600] {processor.py:183} INFO - Processing /Users/vamseekrishna/Desktop/F1_Data_Warehouse/f1datawarehouse/lib/python3.9/site-packages/airflow/example_dags/example_branch_labels.py took 0.103 seconds
[2024-02-24T16:36:30.516-0600] {processor.py:161} INFO - Started process (PID=91071) to work on /Users/vamseekrishna/Desktop/F1_Data_Warehouse/f1datawarehouse/lib/python3.9/site-packages/airflow/example_dags/example_branch_labels.py
[2024-02-24T16:36:30.518-0600] {processor.py:830} INFO - Processing file /Users/vamseekrishna/Desktop/F1_Data_Warehouse/f1datawarehouse/lib/python3.9/site-packages/airflow/example_dags/example_branch_labels.py for tasks to queue
[2024-02-24T16:36:30.518-0600] {logging_mixin.py:188} INFO - [2024-02-24T16:36:30.518-0600] {dagbag.py:538} INFO - Filling up the DagBag from /Users/vamseekrishna/Desktop/F1_Data_Warehouse/f1datawarehouse/lib/python3.9/site-packages/airflow/example_dags/example_branch_labels.py
[2024-02-24T16:36:30.522-0600] {processor.py:840} INFO - DAG(s) 'example_branch_labels' retrieved from /Users/vamseekrishna/Desktop/F1_Data_Warehouse/f1datawarehouse/lib/python3.9/site-packages/airflow/example_dags/example_branch_labels.py
[2024-02-24T16:36:30.594-0600] {logging_mixin.py:188} INFO - [2024-02-24T16:36:30.594-0600] {dag.py:3036} INFO - Sync 1 DAGs
[2024-02-24T16:36:30.602-0600] {logging_mixin.py:188} INFO - [2024-02-24T16:36:30.602-0600] {dag.py:3823} INFO - Setting next_dagrun for example_branch_labels to 2024-02-23 00:00:00+00:00, run_after=2024-02-24 00:00:00+00:00
[2024-02-24T16:36:30.609-0600] {processor.py:183} INFO - Processing /Users/vamseekrishna/Desktop/F1_Data_Warehouse/f1datawarehouse/lib/python3.9/site-packages/airflow/example_dags/example_branch_labels.py took 0.094 seconds
[2024-02-24T16:38:27.731-0600] {processor.py:161} INFO - Started process (PID=91206) to work on /Users/vamseekrishna/Desktop/F1_Data_Warehouse/f1datawarehouse/lib/python3.9/site-packages/airflow/example_dags/example_branch_labels.py
[2024-02-24T16:38:27.732-0600] {processor.py:830} INFO - Processing file /Users/vamseekrishna/Desktop/F1_Data_Warehouse/f1datawarehouse/lib/python3.9/site-packages/airflow/example_dags/example_branch_labels.py for tasks to queue
[2024-02-24T16:38:27.733-0600] {logging_mixin.py:188} INFO - [2024-02-24T16:38:27.732-0600] {dagbag.py:538} INFO - Filling up the DagBag from /Users/vamseekrishna/Desktop/F1_Data_Warehouse/f1datawarehouse/lib/python3.9/site-packages/airflow/example_dags/example_branch_labels.py
[2024-02-24T16:38:27.737-0600] {processor.py:840} INFO - DAG(s) 'example_branch_labels' retrieved from /Users/vamseekrishna/Desktop/F1_Data_Warehouse/f1datawarehouse/lib/python3.9/site-packages/airflow/example_dags/example_branch_labels.py
[2024-02-24T16:38:27.811-0600] {logging_mixin.py:188} INFO - [2024-02-24T16:38:27.811-0600] {dag.py:3036} INFO - Sync 1 DAGs
[2024-02-24T16:38:27.818-0600] {logging_mixin.py:188} INFO - [2024-02-24T16:38:27.818-0600] {dag.py:3823} INFO - Setting next_dagrun for example_branch_labels to 2024-02-23 00:00:00+00:00, run_after=2024-02-24 00:00:00+00:00
[2024-02-24T16:38:27.826-0600] {processor.py:183} INFO - Processing /Users/vamseekrishna/Desktop/F1_Data_Warehouse/f1datawarehouse/lib/python3.9/site-packages/airflow/example_dags/example_branch_labels.py took 0.096 seconds
[2024-02-24T16:40:31.707-0600] {processor.py:161} INFO - Started process (PID=91368) to work on /Users/vamseekrishna/Desktop/F1_Data_Warehouse/f1datawarehouse/lib/python3.9/site-packages/airflow/example_dags/example_branch_labels.py
[2024-02-24T16:40:31.709-0600] {processor.py:830} INFO - Processing file /Users/vamseekrishna/Desktop/F1_Data_Warehouse/f1datawarehouse/lib/python3.9/site-packages/airflow/example_dags/example_branch_labels.py for tasks to queue
[2024-02-24T16:40:31.709-0600] {logging_mixin.py:188} INFO - [2024-02-24T16:40:31.709-0600] {dagbag.py:538} INFO - Filling up the DagBag from /Users/vamseekrishna/Desktop/F1_Data_Warehouse/f1datawarehouse/lib/python3.9/site-packages/airflow/example_dags/example_branch_labels.py
[2024-02-24T16:40:31.714-0600] {processor.py:840} INFO - DAG(s) 'example_branch_labels' retrieved from /Users/vamseekrishna/Desktop/F1_Data_Warehouse/f1datawarehouse/lib/python3.9/site-packages/airflow/example_dags/example_branch_labels.py
[2024-02-24T16:40:31.788-0600] {logging_mixin.py:188} INFO - [2024-02-24T16:40:31.788-0600] {dag.py:3036} INFO - Sync 1 DAGs
[2024-02-24T16:40:31.797-0600] {logging_mixin.py:188} INFO - [2024-02-24T16:40:31.797-0600] {dag.py:3823} INFO - Setting next_dagrun for example_branch_labels to 2024-02-23 00:00:00+00:00, run_after=2024-02-24 00:00:00+00:00
[2024-02-24T16:40:31.805-0600] {processor.py:183} INFO - Processing /Users/vamseekrishna/Desktop/F1_Data_Warehouse/f1datawarehouse/lib/python3.9/site-packages/airflow/example_dags/example_branch_labels.py took 0.099 seconds
[2024-02-24T16:42:31.530-0600] {processor.py:161} INFO - Started process (PID=91544) to work on /Users/vamseekrishna/Desktop/F1_Data_Warehouse/f1datawarehouse/lib/python3.9/site-packages/airflow/example_dags/example_branch_labels.py
[2024-02-24T16:42:31.532-0600] {processor.py:830} INFO - Processing file /Users/vamseekrishna/Desktop/F1_Data_Warehouse/f1datawarehouse/lib/python3.9/site-packages/airflow/example_dags/example_branch_labels.py for tasks to queue
[2024-02-24T16:42:31.532-0600] {logging_mixin.py:188} INFO - [2024-02-24T16:42:31.532-0600] {dagbag.py:538} INFO - Filling up the DagBag from /Users/vamseekrishna/Desktop/F1_Data_Warehouse/f1datawarehouse/lib/python3.9/site-packages/airflow/example_dags/example_branch_labels.py
[2024-02-24T16:42:31.537-0600] {processor.py:840} INFO - DAG(s) 'example_branch_labels' retrieved from /Users/vamseekrishna/Desktop/F1_Data_Warehouse/f1datawarehouse/lib/python3.9/site-packages/airflow/example_dags/example_branch_labels.py
[2024-02-24T16:42:31.613-0600] {logging_mixin.py:188} INFO - [2024-02-24T16:42:31.613-0600] {dag.py:3036} INFO - Sync 1 DAGs
[2024-02-24T16:42:31.620-0600] {logging_mixin.py:188} INFO - [2024-02-24T16:42:31.620-0600] {dag.py:3823} INFO - Setting next_dagrun for example_branch_labels to 2024-02-23 00:00:00+00:00, run_after=2024-02-24 00:00:00+00:00
[2024-02-24T16:42:31.629-0600] {processor.py:183} INFO - Processing /Users/vamseekrishna/Desktop/F1_Data_Warehouse/f1datawarehouse/lib/python3.9/site-packages/airflow/example_dags/example_branch_labels.py took 0.100 seconds
[2024-02-24T16:44:33.404-0600] {processor.py:161} INFO - Started process (PID=91754) to work on /Users/vamseekrishna/Desktop/F1_Data_Warehouse/f1datawarehouse/lib/python3.9/site-packages/airflow/example_dags/example_branch_labels.py
[2024-02-24T16:44:33.406-0600] {processor.py:830} INFO - Processing file /Users/vamseekrishna/Desktop/F1_Data_Warehouse/f1datawarehouse/lib/python3.9/site-packages/airflow/example_dags/example_branch_labels.py for tasks to queue
[2024-02-24T16:44:33.406-0600] {logging_mixin.py:188} INFO - [2024-02-24T16:44:33.406-0600] {dagbag.py:538} INFO - Filling up the DagBag from /Users/vamseekrishna/Desktop/F1_Data_Warehouse/f1datawarehouse/lib/python3.9/site-packages/airflow/example_dags/example_branch_labels.py
[2024-02-24T16:44:33.410-0600] {processor.py:840} INFO - DAG(s) 'example_branch_labels' retrieved from /Users/vamseekrishna/Desktop/F1_Data_Warehouse/f1datawarehouse/lib/python3.9/site-packages/airflow/example_dags/example_branch_labels.py
[2024-02-24T16:44:33.485-0600] {logging_mixin.py:188} INFO - [2024-02-24T16:44:33.485-0600] {dag.py:3036} INFO - Sync 1 DAGs
[2024-02-24T16:44:33.493-0600] {logging_mixin.py:188} INFO - [2024-02-24T16:44:33.493-0600] {dag.py:3823} INFO - Setting next_dagrun for example_branch_labels to 2024-02-23 00:00:00+00:00, run_after=2024-02-24 00:00:00+00:00
[2024-02-24T16:44:33.501-0600] {processor.py:183} INFO - Processing /Users/vamseekrishna/Desktop/F1_Data_Warehouse/f1datawarehouse/lib/python3.9/site-packages/airflow/example_dags/example_branch_labels.py took 0.098 seconds
[2024-02-24T16:46:31.884-0600] {processor.py:161} INFO - Started process (PID=91922) to work on /Users/vamseekrishna/Desktop/F1_Data_Warehouse/f1datawarehouse/lib/python3.9/site-packages/airflow/example_dags/example_branch_labels.py
[2024-02-24T16:46:31.886-0600] {processor.py:830} INFO - Processing file /Users/vamseekrishna/Desktop/F1_Data_Warehouse/f1datawarehouse/lib/python3.9/site-packages/airflow/example_dags/example_branch_labels.py for tasks to queue
[2024-02-24T16:46:31.886-0600] {logging_mixin.py:188} INFO - [2024-02-24T16:46:31.886-0600] {dagbag.py:538} INFO - Filling up the DagBag from /Users/vamseekrishna/Desktop/F1_Data_Warehouse/f1datawarehouse/lib/python3.9/site-packages/airflow/example_dags/example_branch_labels.py
[2024-02-24T16:46:31.891-0600] {processor.py:840} INFO - DAG(s) 'example_branch_labels' retrieved from /Users/vamseekrishna/Desktop/F1_Data_Warehouse/f1datawarehouse/lib/python3.9/site-packages/airflow/example_dags/example_branch_labels.py
[2024-02-24T16:46:31.968-0600] {logging_mixin.py:188} INFO - [2024-02-24T16:46:31.968-0600] {dag.py:3036} INFO - Sync 1 DAGs
[2024-02-24T16:46:31.977-0600] {logging_mixin.py:188} INFO - [2024-02-24T16:46:31.976-0600] {dag.py:3823} INFO - Setting next_dagrun for example_branch_labels to 2024-02-23 00:00:00+00:00, run_after=2024-02-24 00:00:00+00:00
[2024-02-24T16:46:31.985-0600] {processor.py:183} INFO - Processing /Users/vamseekrishna/Desktop/F1_Data_Warehouse/f1datawarehouse/lib/python3.9/site-packages/airflow/example_dags/example_branch_labels.py took 0.102 seconds
[2024-02-24T16:48:36.840-0600] {processor.py:161} INFO - Started process (PID=92139) to work on /Users/vamseekrishna/Desktop/F1_Data_Warehouse/f1datawarehouse/lib/python3.9/site-packages/airflow/example_dags/example_branch_labels.py
[2024-02-24T16:48:36.841-0600] {processor.py:830} INFO - Processing file /Users/vamseekrishna/Desktop/F1_Data_Warehouse/f1datawarehouse/lib/python3.9/site-packages/airflow/example_dags/example_branch_labels.py for tasks to queue
[2024-02-24T16:48:36.841-0600] {logging_mixin.py:188} INFO - [2024-02-24T16:48:36.841-0600] {dagbag.py:538} INFO - Filling up the DagBag from /Users/vamseekrishna/Desktop/F1_Data_Warehouse/f1datawarehouse/lib/python3.9/site-packages/airflow/example_dags/example_branch_labels.py
[2024-02-24T16:48:36.845-0600] {processor.py:840} INFO - DAG(s) 'example_branch_labels' retrieved from /Users/vamseekrishna/Desktop/F1_Data_Warehouse/f1datawarehouse/lib/python3.9/site-packages/airflow/example_dags/example_branch_labels.py
[2024-02-24T16:48:36.918-0600] {logging_mixin.py:188} INFO - [2024-02-24T16:48:36.918-0600] {dag.py:3036} INFO - Sync 1 DAGs
[2024-02-24T16:48:36.926-0600] {logging_mixin.py:188} INFO - [2024-02-24T16:48:36.925-0600] {dag.py:3823} INFO - Setting next_dagrun for example_branch_labels to 2024-02-23 00:00:00+00:00, run_after=2024-02-24 00:00:00+00:00
[2024-02-24T16:48:36.934-0600] {processor.py:183} INFO - Processing /Users/vamseekrishna/Desktop/F1_Data_Warehouse/f1datawarehouse/lib/python3.9/site-packages/airflow/example_dags/example_branch_labels.py took 0.095 seconds
[2024-02-24T16:50:39.867-0600] {processor.py:161} INFO - Started process (PID=92306) to work on /Users/vamseekrishna/Desktop/F1_Data_Warehouse/f1datawarehouse/lib/python3.9/site-packages/airflow/example_dags/example_branch_labels.py
[2024-02-24T16:50:39.868-0600] {processor.py:830} INFO - Processing file /Users/vamseekrishna/Desktop/F1_Data_Warehouse/f1datawarehouse/lib/python3.9/site-packages/airflow/example_dags/example_branch_labels.py for tasks to queue
[2024-02-24T16:50:39.869-0600] {logging_mixin.py:188} INFO - [2024-02-24T16:50:39.868-0600] {dagbag.py:538} INFO - Filling up the DagBag from /Users/vamseekrishna/Desktop/F1_Data_Warehouse/f1datawarehouse/lib/python3.9/site-packages/airflow/example_dags/example_branch_labels.py
[2024-02-24T16:50:39.873-0600] {processor.py:840} INFO - DAG(s) 'example_branch_labels' retrieved from /Users/vamseekrishna/Desktop/F1_Data_Warehouse/f1datawarehouse/lib/python3.9/site-packages/airflow/example_dags/example_branch_labels.py
[2024-02-24T16:50:39.957-0600] {logging_mixin.py:188} INFO - [2024-02-24T16:50:39.957-0600] {dag.py:3036} INFO - Sync 1 DAGs
[2024-02-24T16:50:39.966-0600] {logging_mixin.py:188} INFO - [2024-02-24T16:50:39.966-0600] {dag.py:3823} INFO - Setting next_dagrun for example_branch_labels to 2024-02-23 00:00:00+00:00, run_after=2024-02-24 00:00:00+00:00
[2024-02-24T16:50:39.974-0600] {processor.py:183} INFO - Processing /Users/vamseekrishna/Desktop/F1_Data_Warehouse/f1datawarehouse/lib/python3.9/site-packages/airflow/example_dags/example_branch_labels.py took 0.108 seconds
[2024-02-24T16:52:45.275-0600] {processor.py:161} INFO - Started process (PID=92479) to work on /Users/vamseekrishna/Desktop/F1_Data_Warehouse/f1datawarehouse/lib/python3.9/site-packages/airflow/example_dags/example_branch_labels.py
[2024-02-24T16:52:45.277-0600] {processor.py:830} INFO - Processing file /Users/vamseekrishna/Desktop/F1_Data_Warehouse/f1datawarehouse/lib/python3.9/site-packages/airflow/example_dags/example_branch_labels.py for tasks to queue
[2024-02-24T16:52:45.277-0600] {logging_mixin.py:188} INFO - [2024-02-24T16:52:45.277-0600] {dagbag.py:538} INFO - Filling up the DagBag from /Users/vamseekrishna/Desktop/F1_Data_Warehouse/f1datawarehouse/lib/python3.9/site-packages/airflow/example_dags/example_branch_labels.py
[2024-02-24T16:52:45.282-0600] {processor.py:840} INFO - DAG(s) 'example_branch_labels' retrieved from /Users/vamseekrishna/Desktop/F1_Data_Warehouse/f1datawarehouse/lib/python3.9/site-packages/airflow/example_dags/example_branch_labels.py
[2024-02-24T16:52:45.355-0600] {logging_mixin.py:188} INFO - [2024-02-24T16:52:45.355-0600] {dag.py:3036} INFO - Sync 1 DAGs
[2024-02-24T16:52:45.363-0600] {logging_mixin.py:188} INFO - [2024-02-24T16:52:45.363-0600] {dag.py:3823} INFO - Setting next_dagrun for example_branch_labels to 2024-02-23 00:00:00+00:00, run_after=2024-02-24 00:00:00+00:00
[2024-02-24T16:52:45.370-0600] {processor.py:183} INFO - Processing /Users/vamseekrishna/Desktop/F1_Data_Warehouse/f1datawarehouse/lib/python3.9/site-packages/airflow/example_dags/example_branch_labels.py took 0.096 seconds
[2024-02-24T16:54:52.307-0600] {processor.py:161} INFO - Started process (PID=92666) to work on /Users/vamseekrishna/Desktop/F1_Data_Warehouse/f1datawarehouse/lib/python3.9/site-packages/airflow/example_dags/example_branch_labels.py
[2024-02-24T16:54:52.308-0600] {processor.py:830} INFO - Processing file /Users/vamseekrishna/Desktop/F1_Data_Warehouse/f1datawarehouse/lib/python3.9/site-packages/airflow/example_dags/example_branch_labels.py for tasks to queue
[2024-02-24T16:54:52.308-0600] {logging_mixin.py:188} INFO - [2024-02-24T16:54:52.308-0600] {dagbag.py:538} INFO - Filling up the DagBag from /Users/vamseekrishna/Desktop/F1_Data_Warehouse/f1datawarehouse/lib/python3.9/site-packages/airflow/example_dags/example_branch_labels.py
[2024-02-24T16:54:52.312-0600] {processor.py:840} INFO - DAG(s) 'example_branch_labels' retrieved from /Users/vamseekrishna/Desktop/F1_Data_Warehouse/f1datawarehouse/lib/python3.9/site-packages/airflow/example_dags/example_branch_labels.py
[2024-02-24T16:54:52.386-0600] {logging_mixin.py:188} INFO - [2024-02-24T16:54:52.386-0600] {dag.py:3036} INFO - Sync 1 DAGs
[2024-02-24T16:54:52.394-0600] {logging_mixin.py:188} INFO - [2024-02-24T16:54:52.393-0600] {dag.py:3823} INFO - Setting next_dagrun for example_branch_labels to 2024-02-23 00:00:00+00:00, run_after=2024-02-24 00:00:00+00:00
[2024-02-24T16:54:52.402-0600] {processor.py:183} INFO - Processing /Users/vamseekrishna/Desktop/F1_Data_Warehouse/f1datawarehouse/lib/python3.9/site-packages/airflow/example_dags/example_branch_labels.py took 0.096 seconds
[2024-02-24T16:57:02.397-0600] {processor.py:161} INFO - Started process (PID=92817) to work on /Users/vamseekrishna/Desktop/F1_Data_Warehouse/f1datawarehouse/lib/python3.9/site-packages/airflow/example_dags/example_branch_labels.py
[2024-02-24T16:57:02.398-0600] {processor.py:830} INFO - Processing file /Users/vamseekrishna/Desktop/F1_Data_Warehouse/f1datawarehouse/lib/python3.9/site-packages/airflow/example_dags/example_branch_labels.py for tasks to queue
[2024-02-24T16:57:02.399-0600] {logging_mixin.py:188} INFO - [2024-02-24T16:57:02.399-0600] {dagbag.py:538} INFO - Filling up the DagBag from /Users/vamseekrishna/Desktop/F1_Data_Warehouse/f1datawarehouse/lib/python3.9/site-packages/airflow/example_dags/example_branch_labels.py
[2024-02-24T16:57:02.403-0600] {processor.py:840} INFO - DAG(s) 'example_branch_labels' retrieved from /Users/vamseekrishna/Desktop/F1_Data_Warehouse/f1datawarehouse/lib/python3.9/site-packages/airflow/example_dags/example_branch_labels.py
[2024-02-24T16:57:02.475-0600] {logging_mixin.py:188} INFO - [2024-02-24T16:57:02.475-0600] {dag.py:3036} INFO - Sync 1 DAGs
[2024-02-24T16:57:02.483-0600] {logging_mixin.py:188} INFO - [2024-02-24T16:57:02.483-0600] {dag.py:3823} INFO - Setting next_dagrun for example_branch_labels to 2024-02-23 00:00:00+00:00, run_after=2024-02-24 00:00:00+00:00
[2024-02-24T16:57:02.490-0600] {processor.py:183} INFO - Processing /Users/vamseekrishna/Desktop/F1_Data_Warehouse/f1datawarehouse/lib/python3.9/site-packages/airflow/example_dags/example_branch_labels.py took 0.094 seconds
[2024-02-24T16:58:59.294-0600] {processor.py:161} INFO - Started process (PID=93006) to work on /Users/vamseekrishna/Desktop/F1_Data_Warehouse/f1datawarehouse/lib/python3.9/site-packages/airflow/example_dags/example_branch_labels.py
[2024-02-24T16:58:59.296-0600] {processor.py:830} INFO - Processing file /Users/vamseekrishna/Desktop/F1_Data_Warehouse/f1datawarehouse/lib/python3.9/site-packages/airflow/example_dags/example_branch_labels.py for tasks to queue
[2024-02-24T16:58:59.296-0600] {logging_mixin.py:188} INFO - [2024-02-24T16:58:59.296-0600] {dagbag.py:538} INFO - Filling up the DagBag from /Users/vamseekrishna/Desktop/F1_Data_Warehouse/f1datawarehouse/lib/python3.9/site-packages/airflow/example_dags/example_branch_labels.py
[2024-02-24T16:58:59.300-0600] {processor.py:840} INFO - DAG(s) 'example_branch_labels' retrieved from /Users/vamseekrishna/Desktop/F1_Data_Warehouse/f1datawarehouse/lib/python3.9/site-packages/airflow/example_dags/example_branch_labels.py
[2024-02-24T16:58:59.371-0600] {logging_mixin.py:188} INFO - [2024-02-24T16:58:59.371-0600] {dag.py:3036} INFO - Sync 1 DAGs
[2024-02-24T16:58:59.379-0600] {logging_mixin.py:188} INFO - [2024-02-24T16:58:59.379-0600] {dag.py:3823} INFO - Setting next_dagrun for example_branch_labels to 2024-02-23 00:00:00+00:00, run_after=2024-02-24 00:00:00+00:00
[2024-02-24T16:58:59.386-0600] {processor.py:183} INFO - Processing /Users/vamseekrishna/Desktop/F1_Data_Warehouse/f1datawarehouse/lib/python3.9/site-packages/airflow/example_dags/example_branch_labels.py took 0.093 seconds
[2024-02-24T17:01:09.052-0600] {processor.py:161} INFO - Started process (PID=93198) to work on /Users/vamseekrishna/Desktop/F1_Data_Warehouse/f1datawarehouse/lib/python3.9/site-packages/airflow/example_dags/example_branch_labels.py
[2024-02-24T17:01:09.054-0600] {processor.py:830} INFO - Processing file /Users/vamseekrishna/Desktop/F1_Data_Warehouse/f1datawarehouse/lib/python3.9/site-packages/airflow/example_dags/example_branch_labels.py for tasks to queue
[2024-02-24T17:01:09.054-0600] {logging_mixin.py:188} INFO - [2024-02-24T17:01:09.054-0600] {dagbag.py:538} INFO - Filling up the DagBag from /Users/vamseekrishna/Desktop/F1_Data_Warehouse/f1datawarehouse/lib/python3.9/site-packages/airflow/example_dags/example_branch_labels.py
[2024-02-24T17:01:09.058-0600] {processor.py:840} INFO - DAG(s) 'example_branch_labels' retrieved from /Users/vamseekrishna/Desktop/F1_Data_Warehouse/f1datawarehouse/lib/python3.9/site-packages/airflow/example_dags/example_branch_labels.py
[2024-02-24T17:01:09.132-0600] {logging_mixin.py:188} INFO - [2024-02-24T17:01:09.132-0600] {dag.py:3036} INFO - Sync 1 DAGs
[2024-02-24T17:01:09.140-0600] {logging_mixin.py:188} INFO - [2024-02-24T17:01:09.140-0600] {dag.py:3823} INFO - Setting next_dagrun for example_branch_labels to 2024-02-23 00:00:00+00:00, run_after=2024-02-24 00:00:00+00:00
[2024-02-24T17:01:09.148-0600] {processor.py:183} INFO - Processing /Users/vamseekrishna/Desktop/F1_Data_Warehouse/f1datawarehouse/lib/python3.9/site-packages/airflow/example_dags/example_branch_labels.py took 0.096 seconds
[2024-02-24T17:03:02.610-0600] {processor.py:161} INFO - Started process (PID=93322) to work on /Users/vamseekrishna/Desktop/F1_Data_Warehouse/f1datawarehouse/lib/python3.9/site-packages/airflow/example_dags/example_branch_labels.py
[2024-02-24T17:03:02.612-0600] {processor.py:830} INFO - Processing file /Users/vamseekrishna/Desktop/F1_Data_Warehouse/f1datawarehouse/lib/python3.9/site-packages/airflow/example_dags/example_branch_labels.py for tasks to queue
[2024-02-24T17:03:02.612-0600] {logging_mixin.py:188} INFO - [2024-02-24T17:03:02.612-0600] {dagbag.py:538} INFO - Filling up the DagBag from /Users/vamseekrishna/Desktop/F1_Data_Warehouse/f1datawarehouse/lib/python3.9/site-packages/airflow/example_dags/example_branch_labels.py
[2024-02-24T17:03:02.616-0600] {processor.py:840} INFO - DAG(s) 'example_branch_labels' retrieved from /Users/vamseekrishna/Desktop/F1_Data_Warehouse/f1datawarehouse/lib/python3.9/site-packages/airflow/example_dags/example_branch_labels.py
[2024-02-24T17:03:02.688-0600] {logging_mixin.py:188} INFO - [2024-02-24T17:03:02.688-0600] {dag.py:3036} INFO - Sync 1 DAGs
[2024-02-24T17:03:02.696-0600] {logging_mixin.py:188} INFO - [2024-02-24T17:03:02.696-0600] {dag.py:3823} INFO - Setting next_dagrun for example_branch_labels to 2024-02-23 00:00:00+00:00, run_after=2024-02-24 00:00:00+00:00
[2024-02-24T17:03:02.703-0600] {processor.py:183} INFO - Processing /Users/vamseekrishna/Desktop/F1_Data_Warehouse/f1datawarehouse/lib/python3.9/site-packages/airflow/example_dags/example_branch_labels.py took 0.093 seconds
[2024-02-24T17:05:07.043-0600] {processor.py:161} INFO - Started process (PID=93466) to work on /Users/vamseekrishna/Desktop/F1_Data_Warehouse/f1datawarehouse/lib/python3.9/site-packages/airflow/example_dags/example_branch_labels.py
[2024-02-24T17:05:07.044-0600] {processor.py:830} INFO - Processing file /Users/vamseekrishna/Desktop/F1_Data_Warehouse/f1datawarehouse/lib/python3.9/site-packages/airflow/example_dags/example_branch_labels.py for tasks to queue
[2024-02-24T17:05:07.044-0600] {logging_mixin.py:188} INFO - [2024-02-24T17:05:07.044-0600] {dagbag.py:538} INFO - Filling up the DagBag from /Users/vamseekrishna/Desktop/F1_Data_Warehouse/f1datawarehouse/lib/python3.9/site-packages/airflow/example_dags/example_branch_labels.py
[2024-02-24T17:05:07.049-0600] {processor.py:840} INFO - DAG(s) 'example_branch_labels' retrieved from /Users/vamseekrishna/Desktop/F1_Data_Warehouse/f1datawarehouse/lib/python3.9/site-packages/airflow/example_dags/example_branch_labels.py
[2024-02-24T17:05:07.124-0600] {logging_mixin.py:188} INFO - [2024-02-24T17:05:07.123-0600] {dag.py:3036} INFO - Sync 1 DAGs
[2024-02-24T17:05:07.131-0600] {logging_mixin.py:188} INFO - [2024-02-24T17:05:07.131-0600] {dag.py:3823} INFO - Setting next_dagrun for example_branch_labels to 2024-02-23 00:00:00+00:00, run_after=2024-02-24 00:00:00+00:00
[2024-02-24T17:05:07.139-0600] {processor.py:183} INFO - Processing /Users/vamseekrishna/Desktop/F1_Data_Warehouse/f1datawarehouse/lib/python3.9/site-packages/airflow/example_dags/example_branch_labels.py took 0.097 seconds
[2024-02-24T17:07:10.291-0600] {processor.py:161} INFO - Started process (PID=93584) to work on /Users/vamseekrishna/Desktop/F1_Data_Warehouse/f1datawarehouse/lib/python3.9/site-packages/airflow/example_dags/example_branch_labels.py
[2024-02-24T17:07:10.293-0600] {processor.py:830} INFO - Processing file /Users/vamseekrishna/Desktop/F1_Data_Warehouse/f1datawarehouse/lib/python3.9/site-packages/airflow/example_dags/example_branch_labels.py for tasks to queue
[2024-02-24T17:07:10.293-0600] {logging_mixin.py:188} INFO - [2024-02-24T17:07:10.293-0600] {dagbag.py:538} INFO - Filling up the DagBag from /Users/vamseekrishna/Desktop/F1_Data_Warehouse/f1datawarehouse/lib/python3.9/site-packages/airflow/example_dags/example_branch_labels.py
[2024-02-24T17:07:10.298-0600] {processor.py:840} INFO - DAG(s) 'example_branch_labels' retrieved from /Users/vamseekrishna/Desktop/F1_Data_Warehouse/f1datawarehouse/lib/python3.9/site-packages/airflow/example_dags/example_branch_labels.py
[2024-02-24T17:07:10.372-0600] {logging_mixin.py:188} INFO - [2024-02-24T17:07:10.372-0600] {dag.py:3036} INFO - Sync 1 DAGs
[2024-02-24T17:07:10.380-0600] {logging_mixin.py:188} INFO - [2024-02-24T17:07:10.380-0600] {dag.py:3823} INFO - Setting next_dagrun for example_branch_labels to 2024-02-23 00:00:00+00:00, run_after=2024-02-24 00:00:00+00:00
[2024-02-24T17:07:10.388-0600] {processor.py:183} INFO - Processing /Users/vamseekrishna/Desktop/F1_Data_Warehouse/f1datawarehouse/lib/python3.9/site-packages/airflow/example_dags/example_branch_labels.py took 0.097 seconds
[2024-02-24T17:09:14.183-0600] {processor.py:161} INFO - Started process (PID=93683) to work on /Users/vamseekrishna/Desktop/F1_Data_Warehouse/f1datawarehouse/lib/python3.9/site-packages/airflow/example_dags/example_branch_labels.py
[2024-02-24T17:09:14.185-0600] {processor.py:830} INFO - Processing file /Users/vamseekrishna/Desktop/F1_Data_Warehouse/f1datawarehouse/lib/python3.9/site-packages/airflow/example_dags/example_branch_labels.py for tasks to queue
[2024-02-24T17:09:14.185-0600] {logging_mixin.py:188} INFO - [2024-02-24T17:09:14.185-0600] {dagbag.py:538} INFO - Filling up the DagBag from /Users/vamseekrishna/Desktop/F1_Data_Warehouse/f1datawarehouse/lib/python3.9/site-packages/airflow/example_dags/example_branch_labels.py
[2024-02-24T17:09:14.189-0600] {processor.py:840} INFO - DAG(s) 'example_branch_labels' retrieved from /Users/vamseekrishna/Desktop/F1_Data_Warehouse/f1datawarehouse/lib/python3.9/site-packages/airflow/example_dags/example_branch_labels.py
[2024-02-24T17:09:14.260-0600] {logging_mixin.py:188} INFO - [2024-02-24T17:09:14.260-0600] {dag.py:3036} INFO - Sync 1 DAGs
[2024-02-24T17:09:14.268-0600] {logging_mixin.py:188} INFO - [2024-02-24T17:09:14.268-0600] {dag.py:3823} INFO - Setting next_dagrun for example_branch_labels to 2024-02-23 00:00:00+00:00, run_after=2024-02-24 00:00:00+00:00
[2024-02-24T17:09:14.276-0600] {processor.py:183} INFO - Processing /Users/vamseekrishna/Desktop/F1_Data_Warehouse/f1datawarehouse/lib/python3.9/site-packages/airflow/example_dags/example_branch_labels.py took 0.094 seconds
[2024-02-24T17:11:24.167-0600] {processor.py:161} INFO - Started process (PID=93809) to work on /Users/vamseekrishna/Desktop/F1_Data_Warehouse/f1datawarehouse/lib/python3.9/site-packages/airflow/example_dags/example_branch_labels.py
[2024-02-24T17:11:24.169-0600] {processor.py:830} INFO - Processing file /Users/vamseekrishna/Desktop/F1_Data_Warehouse/f1datawarehouse/lib/python3.9/site-packages/airflow/example_dags/example_branch_labels.py for tasks to queue
[2024-02-24T17:11:24.169-0600] {logging_mixin.py:188} INFO - [2024-02-24T17:11:24.169-0600] {dagbag.py:538} INFO - Filling up the DagBag from /Users/vamseekrishna/Desktop/F1_Data_Warehouse/f1datawarehouse/lib/python3.9/site-packages/airflow/example_dags/example_branch_labels.py
[2024-02-24T17:11:24.173-0600] {processor.py:840} INFO - DAG(s) 'example_branch_labels' retrieved from /Users/vamseekrishna/Desktop/F1_Data_Warehouse/f1datawarehouse/lib/python3.9/site-packages/airflow/example_dags/example_branch_labels.py
[2024-02-24T17:11:24.250-0600] {logging_mixin.py:188} INFO - [2024-02-24T17:11:24.250-0600] {dag.py:3036} INFO - Sync 1 DAGs
[2024-02-24T17:11:24.258-0600] {logging_mixin.py:188} INFO - [2024-02-24T17:11:24.258-0600] {dag.py:3823} INFO - Setting next_dagrun for example_branch_labels to 2024-02-23 00:00:00+00:00, run_after=2024-02-24 00:00:00+00:00
[2024-02-24T17:11:24.266-0600] {processor.py:183} INFO - Processing /Users/vamseekrishna/Desktop/F1_Data_Warehouse/f1datawarehouse/lib/python3.9/site-packages/airflow/example_dags/example_branch_labels.py took 0.100 seconds
[2024-02-24T17:13:27.946-0600] {processor.py:161} INFO - Started process (PID=93930) to work on /Users/vamseekrishna/Desktop/F1_Data_Warehouse/f1datawarehouse/lib/python3.9/site-packages/airflow/example_dags/example_branch_labels.py
[2024-02-24T17:13:27.948-0600] {processor.py:830} INFO - Processing file /Users/vamseekrishna/Desktop/F1_Data_Warehouse/f1datawarehouse/lib/python3.9/site-packages/airflow/example_dags/example_branch_labels.py for tasks to queue
[2024-02-24T17:13:27.948-0600] {logging_mixin.py:188} INFO - [2024-02-24T17:13:27.948-0600] {dagbag.py:538} INFO - Filling up the DagBag from /Users/vamseekrishna/Desktop/F1_Data_Warehouse/f1datawarehouse/lib/python3.9/site-packages/airflow/example_dags/example_branch_labels.py
[2024-02-24T17:13:27.953-0600] {processor.py:840} INFO - DAG(s) 'example_branch_labels' retrieved from /Users/vamseekrishna/Desktop/F1_Data_Warehouse/f1datawarehouse/lib/python3.9/site-packages/airflow/example_dags/example_branch_labels.py
[2024-02-24T17:13:28.220-0600] {logging_mixin.py:188} INFO - [2024-02-24T17:13:28.220-0600] {dag.py:3036} INFO - Sync 1 DAGs
[2024-02-24T17:13:28.237-0600] {logging_mixin.py:188} INFO - [2024-02-24T17:13:28.237-0600] {dag.py:3823} INFO - Setting next_dagrun for example_branch_labels to 2024-02-23 00:00:00+00:00, run_after=2024-02-24 00:00:00+00:00
[2024-02-24T17:13:28.249-0600] {processor.py:183} INFO - Processing /Users/vamseekrishna/Desktop/F1_Data_Warehouse/f1datawarehouse/lib/python3.9/site-packages/airflow/example_dags/example_branch_labels.py took 0.304 seconds
[2024-02-24T17:15:37.033-0600] {processor.py:161} INFO - Started process (PID=94055) to work on /Users/vamseekrishna/Desktop/F1_Data_Warehouse/f1datawarehouse/lib/python3.9/site-packages/airflow/example_dags/example_branch_labels.py
[2024-02-24T17:15:37.035-0600] {processor.py:830} INFO - Processing file /Users/vamseekrishna/Desktop/F1_Data_Warehouse/f1datawarehouse/lib/python3.9/site-packages/airflow/example_dags/example_branch_labels.py for tasks to queue
[2024-02-24T17:15:37.035-0600] {logging_mixin.py:188} INFO - [2024-02-24T17:15:37.035-0600] {dagbag.py:538} INFO - Filling up the DagBag from /Users/vamseekrishna/Desktop/F1_Data_Warehouse/f1datawarehouse/lib/python3.9/site-packages/airflow/example_dags/example_branch_labels.py
[2024-02-24T17:15:37.039-0600] {processor.py:840} INFO - DAG(s) 'example_branch_labels' retrieved from /Users/vamseekrishna/Desktop/F1_Data_Warehouse/f1datawarehouse/lib/python3.9/site-packages/airflow/example_dags/example_branch_labels.py
[2024-02-24T17:15:37.113-0600] {logging_mixin.py:188} INFO - [2024-02-24T17:15:37.113-0600] {dag.py:3036} INFO - Sync 1 DAGs
[2024-02-24T17:15:37.121-0600] {logging_mixin.py:188} INFO - [2024-02-24T17:15:37.121-0600] {dag.py:3823} INFO - Setting next_dagrun for example_branch_labels to 2024-02-23 00:00:00+00:00, run_after=2024-02-24 00:00:00+00:00
[2024-02-24T17:15:37.129-0600] {processor.py:183} INFO - Processing /Users/vamseekrishna/Desktop/F1_Data_Warehouse/f1datawarehouse/lib/python3.9/site-packages/airflow/example_dags/example_branch_labels.py took 0.096 seconds
[2024-02-24T17:17:38.633-0600] {processor.py:161} INFO - Started process (PID=94163) to work on /Users/vamseekrishna/Desktop/F1_Data_Warehouse/f1datawarehouse/lib/python3.9/site-packages/airflow/example_dags/example_branch_labels.py
[2024-02-24T17:17:38.634-0600] {processor.py:830} INFO - Processing file /Users/vamseekrishna/Desktop/F1_Data_Warehouse/f1datawarehouse/lib/python3.9/site-packages/airflow/example_dags/example_branch_labels.py for tasks to queue
[2024-02-24T17:17:38.635-0600] {logging_mixin.py:188} INFO - [2024-02-24T17:17:38.635-0600] {dagbag.py:538} INFO - Filling up the DagBag from /Users/vamseekrishna/Desktop/F1_Data_Warehouse/f1datawarehouse/lib/python3.9/site-packages/airflow/example_dags/example_branch_labels.py
[2024-02-24T17:17:38.639-0600] {processor.py:840} INFO - DAG(s) 'example_branch_labels' retrieved from /Users/vamseekrishna/Desktop/F1_Data_Warehouse/f1datawarehouse/lib/python3.9/site-packages/airflow/example_dags/example_branch_labels.py
[2024-02-24T17:17:38.734-0600] {logging_mixin.py:188} INFO - [2024-02-24T17:17:38.734-0600] {dag.py:3036} INFO - Sync 1 DAGs
[2024-02-24T17:17:38.743-0600] {logging_mixin.py:188} INFO - [2024-02-24T17:17:38.742-0600] {dag.py:3823} INFO - Setting next_dagrun for example_branch_labels to 2024-02-23 00:00:00+00:00, run_after=2024-02-24 00:00:00+00:00
[2024-02-24T17:17:38.752-0600] {processor.py:183} INFO - Processing /Users/vamseekrishna/Desktop/F1_Data_Warehouse/f1datawarehouse/lib/python3.9/site-packages/airflow/example_dags/example_branch_labels.py took 0.121 seconds
[2024-02-24T17:19:38.400-0600] {processor.py:161} INFO - Started process (PID=94256) to work on /Users/vamseekrishna/Desktop/F1_Data_Warehouse/f1datawarehouse/lib/python3.9/site-packages/airflow/example_dags/example_branch_labels.py
[2024-02-24T17:19:38.402-0600] {processor.py:830} INFO - Processing file /Users/vamseekrishna/Desktop/F1_Data_Warehouse/f1datawarehouse/lib/python3.9/site-packages/airflow/example_dags/example_branch_labels.py for tasks to queue
[2024-02-24T17:19:38.402-0600] {logging_mixin.py:188} INFO - [2024-02-24T17:19:38.402-0600] {dagbag.py:538} INFO - Filling up the DagBag from /Users/vamseekrishna/Desktop/F1_Data_Warehouse/f1datawarehouse/lib/python3.9/site-packages/airflow/example_dags/example_branch_labels.py
[2024-02-24T17:19:38.406-0600] {processor.py:840} INFO - DAG(s) 'example_branch_labels' retrieved from /Users/vamseekrishna/Desktop/F1_Data_Warehouse/f1datawarehouse/lib/python3.9/site-packages/airflow/example_dags/example_branch_labels.py
[2024-02-24T17:19:38.483-0600] {logging_mixin.py:188} INFO - [2024-02-24T17:19:38.483-0600] {dag.py:3036} INFO - Sync 1 DAGs
[2024-02-24T17:19:38.490-0600] {logging_mixin.py:188} INFO - [2024-02-24T17:19:38.490-0600] {dag.py:3823} INFO - Setting next_dagrun for example_branch_labels to 2024-02-23 00:00:00+00:00, run_after=2024-02-24 00:00:00+00:00
[2024-02-24T17:19:38.499-0600] {processor.py:183} INFO - Processing /Users/vamseekrishna/Desktop/F1_Data_Warehouse/f1datawarehouse/lib/python3.9/site-packages/airflow/example_dags/example_branch_labels.py took 0.099 seconds
[2024-02-24T17:21:33.992-0600] {processor.py:161} INFO - Started process (PID=94359) to work on /Users/vamseekrishna/Desktop/F1_Data_Warehouse/f1datawarehouse/lib/python3.9/site-packages/airflow/example_dags/example_branch_labels.py
[2024-02-24T17:21:33.993-0600] {processor.py:830} INFO - Processing file /Users/vamseekrishna/Desktop/F1_Data_Warehouse/f1datawarehouse/lib/python3.9/site-packages/airflow/example_dags/example_branch_labels.py for tasks to queue
[2024-02-24T17:21:33.994-0600] {logging_mixin.py:188} INFO - [2024-02-24T17:21:33.994-0600] {dagbag.py:538} INFO - Filling up the DagBag from /Users/vamseekrishna/Desktop/F1_Data_Warehouse/f1datawarehouse/lib/python3.9/site-packages/airflow/example_dags/example_branch_labels.py
[2024-02-24T17:21:33.998-0600] {processor.py:840} INFO - DAG(s) 'example_branch_labels' retrieved from /Users/vamseekrishna/Desktop/F1_Data_Warehouse/f1datawarehouse/lib/python3.9/site-packages/airflow/example_dags/example_branch_labels.py
[2024-02-24T17:21:34.077-0600] {logging_mixin.py:188} INFO - [2024-02-24T17:21:34.077-0600] {dag.py:3036} INFO - Sync 1 DAGs
[2024-02-24T17:21:34.091-0600] {logging_mixin.py:188} INFO - [2024-02-24T17:21:34.091-0600] {dag.py:3823} INFO - Setting next_dagrun for example_branch_labels to 2024-02-23 00:00:00+00:00, run_after=2024-02-24 00:00:00+00:00
[2024-02-24T17:21:34.100-0600] {processor.py:183} INFO - Processing /Users/vamseekrishna/Desktop/F1_Data_Warehouse/f1datawarehouse/lib/python3.9/site-packages/airflow/example_dags/example_branch_labels.py took 0.109 seconds
[2024-02-24T17:23:42.444-0600] {processor.py:161} INFO - Started process (PID=94600) to work on /Users/vamseekrishna/Desktop/F1_Data_Warehouse/f1datawarehouse/lib/python3.9/site-packages/airflow/example_dags/example_branch_labels.py
[2024-02-24T17:23:42.446-0600] {processor.py:830} INFO - Processing file /Users/vamseekrishna/Desktop/F1_Data_Warehouse/f1datawarehouse/lib/python3.9/site-packages/airflow/example_dags/example_branch_labels.py for tasks to queue
[2024-02-24T17:23:42.446-0600] {logging_mixin.py:188} INFO - [2024-02-24T17:23:42.446-0600] {dagbag.py:538} INFO - Filling up the DagBag from /Users/vamseekrishna/Desktop/F1_Data_Warehouse/f1datawarehouse/lib/python3.9/site-packages/airflow/example_dags/example_branch_labels.py
[2024-02-24T17:23:42.450-0600] {processor.py:840} INFO - DAG(s) 'example_branch_labels' retrieved from /Users/vamseekrishna/Desktop/F1_Data_Warehouse/f1datawarehouse/lib/python3.9/site-packages/airflow/example_dags/example_branch_labels.py
[2024-02-24T17:23:42.497-0600] {logging_mixin.py:188} INFO - [2024-02-24T17:23:42.497-0600] {dag.py:3036} INFO - Sync 1 DAGs
[2024-02-24T17:23:42.505-0600] {logging_mixin.py:188} INFO - [2024-02-24T17:23:42.505-0600] {dag.py:3823} INFO - Setting next_dagrun for example_branch_labels to 2024-02-23 00:00:00+00:00, run_after=2024-02-24 00:00:00+00:00
[2024-02-24T17:23:42.512-0600] {processor.py:183} INFO - Processing /Users/vamseekrishna/Desktop/F1_Data_Warehouse/f1datawarehouse/lib/python3.9/site-packages/airflow/example_dags/example_branch_labels.py took 0.069 seconds
[2024-02-24T17:25:47.880-0600] {processor.py:161} INFO - Started process (PID=94725) to work on /Users/vamseekrishna/Desktop/F1_Data_Warehouse/f1datawarehouse/lib/python3.9/site-packages/airflow/example_dags/example_branch_labels.py
[2024-02-24T17:25:47.883-0600] {processor.py:830} INFO - Processing file /Users/vamseekrishna/Desktop/F1_Data_Warehouse/f1datawarehouse/lib/python3.9/site-packages/airflow/example_dags/example_branch_labels.py for tasks to queue
[2024-02-24T17:25:47.883-0600] {logging_mixin.py:188} INFO - [2024-02-24T17:25:47.883-0600] {dagbag.py:538} INFO - Filling up the DagBag from /Users/vamseekrishna/Desktop/F1_Data_Warehouse/f1datawarehouse/lib/python3.9/site-packages/airflow/example_dags/example_branch_labels.py
[2024-02-24T17:25:47.887-0600] {processor.py:840} INFO - DAG(s) 'example_branch_labels' retrieved from /Users/vamseekrishna/Desktop/F1_Data_Warehouse/f1datawarehouse/lib/python3.9/site-packages/airflow/example_dags/example_branch_labels.py
[2024-02-24T17:25:47.936-0600] {logging_mixin.py:188} INFO - [2024-02-24T17:25:47.936-0600] {dag.py:3036} INFO - Sync 1 DAGs
[2024-02-24T17:25:47.944-0600] {logging_mixin.py:188} INFO - [2024-02-24T17:25:47.944-0600] {dag.py:3823} INFO - Setting next_dagrun for example_branch_labels to 2024-02-23 00:00:00+00:00, run_after=2024-02-24 00:00:00+00:00
[2024-02-24T17:25:47.952-0600] {processor.py:183} INFO - Processing /Users/vamseekrishna/Desktop/F1_Data_Warehouse/f1datawarehouse/lib/python3.9/site-packages/airflow/example_dags/example_branch_labels.py took 0.072 seconds
[2024-02-24T17:27:45.902-0600] {processor.py:161} INFO - Started process (PID=94814) to work on /Users/vamseekrishna/Desktop/F1_Data_Warehouse/f1datawarehouse/lib/python3.9/site-packages/airflow/example_dags/example_branch_labels.py
[2024-02-24T17:27:45.904-0600] {processor.py:830} INFO - Processing file /Users/vamseekrishna/Desktop/F1_Data_Warehouse/f1datawarehouse/lib/python3.9/site-packages/airflow/example_dags/example_branch_labels.py for tasks to queue
[2024-02-24T17:27:45.904-0600] {logging_mixin.py:188} INFO - [2024-02-24T17:27:45.904-0600] {dagbag.py:538} INFO - Filling up the DagBag from /Users/vamseekrishna/Desktop/F1_Data_Warehouse/f1datawarehouse/lib/python3.9/site-packages/airflow/example_dags/example_branch_labels.py
[2024-02-24T17:27:45.908-0600] {processor.py:840} INFO - DAG(s) 'example_branch_labels' retrieved from /Users/vamseekrishna/Desktop/F1_Data_Warehouse/f1datawarehouse/lib/python3.9/site-packages/airflow/example_dags/example_branch_labels.py
[2024-02-24T17:27:45.957-0600] {logging_mixin.py:188} INFO - [2024-02-24T17:27:45.957-0600] {dag.py:3036} INFO - Sync 1 DAGs
[2024-02-24T17:27:45.965-0600] {logging_mixin.py:188} INFO - [2024-02-24T17:27:45.965-0600] {dag.py:3823} INFO - Setting next_dagrun for example_branch_labels to 2024-02-23 00:00:00+00:00, run_after=2024-02-24 00:00:00+00:00
[2024-02-24T17:27:45.975-0600] {processor.py:183} INFO - Processing /Users/vamseekrishna/Desktop/F1_Data_Warehouse/f1datawarehouse/lib/python3.9/site-packages/airflow/example_dags/example_branch_labels.py took 0.073 seconds
[2024-02-24T17:29:47.093-0600] {processor.py:161} INFO - Started process (PID=94909) to work on /Users/vamseekrishna/Desktop/F1_Data_Warehouse/f1datawarehouse/lib/python3.9/site-packages/airflow/example_dags/example_branch_labels.py
[2024-02-24T17:29:47.095-0600] {processor.py:830} INFO - Processing file /Users/vamseekrishna/Desktop/F1_Data_Warehouse/f1datawarehouse/lib/python3.9/site-packages/airflow/example_dags/example_branch_labels.py for tasks to queue
[2024-02-24T17:29:47.095-0600] {logging_mixin.py:188} INFO - [2024-02-24T17:29:47.095-0600] {dagbag.py:538} INFO - Filling up the DagBag from /Users/vamseekrishna/Desktop/F1_Data_Warehouse/f1datawarehouse/lib/python3.9/site-packages/airflow/example_dags/example_branch_labels.py
[2024-02-24T17:29:47.100-0600] {processor.py:840} INFO - DAG(s) 'example_branch_labels' retrieved from /Users/vamseekrishna/Desktop/F1_Data_Warehouse/f1datawarehouse/lib/python3.9/site-packages/airflow/example_dags/example_branch_labels.py
[2024-02-24T17:29:47.148-0600] {logging_mixin.py:188} INFO - [2024-02-24T17:29:47.148-0600] {dag.py:3036} INFO - Sync 1 DAGs
[2024-02-24T17:29:47.156-0600] {logging_mixin.py:188} INFO - [2024-02-24T17:29:47.155-0600] {dag.py:3823} INFO - Setting next_dagrun for example_branch_labels to 2024-02-23 00:00:00+00:00, run_after=2024-02-24 00:00:00+00:00
[2024-02-24T17:29:47.163-0600] {processor.py:183} INFO - Processing /Users/vamseekrishna/Desktop/F1_Data_Warehouse/f1datawarehouse/lib/python3.9/site-packages/airflow/example_dags/example_branch_labels.py took 0.071 seconds
[2024-02-24T17:31:43.682-0600] {processor.py:161} INFO - Started process (PID=94997) to work on /Users/vamseekrishna/Desktop/F1_Data_Warehouse/f1datawarehouse/lib/python3.9/site-packages/airflow/example_dags/example_branch_labels.py
[2024-02-24T17:31:43.684-0600] {processor.py:830} INFO - Processing file /Users/vamseekrishna/Desktop/F1_Data_Warehouse/f1datawarehouse/lib/python3.9/site-packages/airflow/example_dags/example_branch_labels.py for tasks to queue
[2024-02-24T17:31:43.684-0600] {logging_mixin.py:188} INFO - [2024-02-24T17:31:43.684-0600] {dagbag.py:538} INFO - Filling up the DagBag from /Users/vamseekrishna/Desktop/F1_Data_Warehouse/f1datawarehouse/lib/python3.9/site-packages/airflow/example_dags/example_branch_labels.py
[2024-02-24T17:31:43.688-0600] {processor.py:840} INFO - DAG(s) 'example_branch_labels' retrieved from /Users/vamseekrishna/Desktop/F1_Data_Warehouse/f1datawarehouse/lib/python3.9/site-packages/airflow/example_dags/example_branch_labels.py
[2024-02-24T17:31:43.735-0600] {logging_mixin.py:188} INFO - [2024-02-24T17:31:43.735-0600] {dag.py:3036} INFO - Sync 1 DAGs
[2024-02-24T17:31:43.742-0600] {logging_mixin.py:188} INFO - [2024-02-24T17:31:43.742-0600] {dag.py:3823} INFO - Setting next_dagrun for example_branch_labels to 2024-02-23 00:00:00+00:00, run_after=2024-02-24 00:00:00+00:00
[2024-02-24T17:31:43.750-0600] {processor.py:183} INFO - Processing /Users/vamseekrishna/Desktop/F1_Data_Warehouse/f1datawarehouse/lib/python3.9/site-packages/airflow/example_dags/example_branch_labels.py took 0.068 seconds
[2024-02-24T17:33:42.896-0600] {processor.py:161} INFO - Started process (PID=95106) to work on /Users/vamseekrishna/Desktop/F1_Data_Warehouse/f1datawarehouse/lib/python3.9/site-packages/airflow/example_dags/example_branch_labels.py
[2024-02-24T17:33:42.898-0600] {processor.py:830} INFO - Processing file /Users/vamseekrishna/Desktop/F1_Data_Warehouse/f1datawarehouse/lib/python3.9/site-packages/airflow/example_dags/example_branch_labels.py for tasks to queue
[2024-02-24T17:33:42.898-0600] {logging_mixin.py:188} INFO - [2024-02-24T17:33:42.898-0600] {dagbag.py:538} INFO - Filling up the DagBag from /Users/vamseekrishna/Desktop/F1_Data_Warehouse/f1datawarehouse/lib/python3.9/site-packages/airflow/example_dags/example_branch_labels.py
[2024-02-24T17:33:42.902-0600] {processor.py:840} INFO - DAG(s) 'example_branch_labels' retrieved from /Users/vamseekrishna/Desktop/F1_Data_Warehouse/f1datawarehouse/lib/python3.9/site-packages/airflow/example_dags/example_branch_labels.py
[2024-02-24T17:33:42.949-0600] {logging_mixin.py:188} INFO - [2024-02-24T17:33:42.949-0600] {dag.py:3036} INFO - Sync 1 DAGs
[2024-02-24T17:33:42.956-0600] {logging_mixin.py:188} INFO - [2024-02-24T17:33:42.956-0600] {dag.py:3823} INFO - Setting next_dagrun for example_branch_labels to 2024-02-23 00:00:00+00:00, run_after=2024-02-24 00:00:00+00:00
[2024-02-24T17:33:42.963-0600] {processor.py:183} INFO - Processing /Users/vamseekrishna/Desktop/F1_Data_Warehouse/f1datawarehouse/lib/python3.9/site-packages/airflow/example_dags/example_branch_labels.py took 0.068 seconds
[2024-02-24T17:35:40.023-0600] {processor.py:161} INFO - Started process (PID=95200) to work on /Users/vamseekrishna/Desktop/F1_Data_Warehouse/f1datawarehouse/lib/python3.9/site-packages/airflow/example_dags/example_branch_labels.py
[2024-02-24T17:35:40.025-0600] {processor.py:830} INFO - Processing file /Users/vamseekrishna/Desktop/F1_Data_Warehouse/f1datawarehouse/lib/python3.9/site-packages/airflow/example_dags/example_branch_labels.py for tasks to queue
[2024-02-24T17:35:40.026-0600] {logging_mixin.py:188} INFO - [2024-02-24T17:35:40.026-0600] {dagbag.py:538} INFO - Filling up the DagBag from /Users/vamseekrishna/Desktop/F1_Data_Warehouse/f1datawarehouse/lib/python3.9/site-packages/airflow/example_dags/example_branch_labels.py
[2024-02-24T17:35:40.030-0600] {processor.py:840} INFO - DAG(s) 'example_branch_labels' retrieved from /Users/vamseekrishna/Desktop/F1_Data_Warehouse/f1datawarehouse/lib/python3.9/site-packages/airflow/example_dags/example_branch_labels.py
[2024-02-24T17:35:40.079-0600] {logging_mixin.py:188} INFO - [2024-02-24T17:35:40.079-0600] {dag.py:3036} INFO - Sync 1 DAGs
[2024-02-24T17:35:40.086-0600] {logging_mixin.py:188} INFO - [2024-02-24T17:35:40.086-0600] {dag.py:3823} INFO - Setting next_dagrun for example_branch_labels to 2024-02-23 00:00:00+00:00, run_after=2024-02-24 00:00:00+00:00
[2024-02-24T17:35:40.094-0600] {processor.py:183} INFO - Processing /Users/vamseekrishna/Desktop/F1_Data_Warehouse/f1datawarehouse/lib/python3.9/site-packages/airflow/example_dags/example_branch_labels.py took 0.071 seconds
[2024-02-24T17:37:35.785-0600] {processor.py:161} INFO - Started process (PID=95335) to work on /Users/vamseekrishna/Desktop/F1_Data_Warehouse/f1datawarehouse/lib/python3.9/site-packages/airflow/example_dags/example_branch_labels.py
[2024-02-24T17:37:35.786-0600] {processor.py:830} INFO - Processing file /Users/vamseekrishna/Desktop/F1_Data_Warehouse/f1datawarehouse/lib/python3.9/site-packages/airflow/example_dags/example_branch_labels.py for tasks to queue
[2024-02-24T17:37:35.787-0600] {logging_mixin.py:188} INFO - [2024-02-24T17:37:35.787-0600] {dagbag.py:538} INFO - Filling up the DagBag from /Users/vamseekrishna/Desktop/F1_Data_Warehouse/f1datawarehouse/lib/python3.9/site-packages/airflow/example_dags/example_branch_labels.py
[2024-02-24T17:37:35.791-0600] {processor.py:840} INFO - DAG(s) 'example_branch_labels' retrieved from /Users/vamseekrishna/Desktop/F1_Data_Warehouse/f1datawarehouse/lib/python3.9/site-packages/airflow/example_dags/example_branch_labels.py
[2024-02-24T17:37:35.841-0600] {logging_mixin.py:188} INFO - [2024-02-24T17:37:35.840-0600] {dag.py:3036} INFO - Sync 1 DAGs
[2024-02-24T17:37:35.849-0600] {logging_mixin.py:188} INFO - [2024-02-24T17:37:35.848-0600] {dag.py:3823} INFO - Setting next_dagrun for example_branch_labels to 2024-02-23 00:00:00+00:00, run_after=2024-02-24 00:00:00+00:00
[2024-02-24T17:37:35.856-0600] {processor.py:183} INFO - Processing /Users/vamseekrishna/Desktop/F1_Data_Warehouse/f1datawarehouse/lib/python3.9/site-packages/airflow/example_dags/example_branch_labels.py took 0.072 seconds
