[2024-02-24T16:01:54.263-0600] {processor.py:161} INFO - Started process (PID=87768) to work on /Users/vamseekrishna/Desktop/F1_Data_Warehouse/f1datawarehouse/lib/python3.9/site-packages/airflow/example_dags/example_python_operator.py
[2024-02-24T16:01:54.265-0600] {processor.py:830} INFO - Processing file /Users/vamseekrishna/Desktop/F1_Data_Warehouse/f1datawarehouse/lib/python3.9/site-packages/airflow/example_dags/example_python_operator.py for tasks to queue
[2024-02-24T16:01:54.265-0600] {logging_mixin.py:188} INFO - [2024-02-24T16:01:54.265-0600] {dagbag.py:538} INFO - Filling up the DagBag from /Users/vamseekrishna/Desktop/F1_Data_Warehouse/f1datawarehouse/lib/python3.9/site-packages/airflow/example_dags/example_python_operator.py
[2024-02-24T16:01:54.277-0600] {logging_mixin.py:188} INFO - [2024-02-24T16:01:54.277-0600] {example_python_operator.py:88} WARNING - The virtalenv_python example task requires virtualenv, please install it.
[2024-02-24T16:01:54.279-0600] {processor.py:840} INFO - DAG(s) 'example_python_operator' retrieved from /Users/vamseekrishna/Desktop/F1_Data_Warehouse/f1datawarehouse/lib/python3.9/site-packages/airflow/example_dags/example_python_operator.py
[2024-02-24T16:01:54.372-0600] {logging_mixin.py:188} INFO - [2024-02-24T16:01:54.372-0600] {override.py:1769} INFO - Created Permission View: can edit on DAG:example_python_operator
[2024-02-24T16:01:54.376-0600] {logging_mixin.py:188} INFO - [2024-02-24T16:01:54.376-0600] {override.py:1769} INFO - Created Permission View: can delete on DAG:example_python_operator
[2024-02-24T16:01:54.378-0600] {logging_mixin.py:188} INFO - [2024-02-24T16:01:54.378-0600] {override.py:1769} INFO - Created Permission View: can read on DAG:example_python_operator
[2024-02-24T16:01:54.378-0600] {logging_mixin.py:188} INFO - [2024-02-24T16:01:54.378-0600] {dag.py:3036} INFO - Sync 1 DAGs
[2024-02-24T16:01:54.383-0600] {logging_mixin.py:188} INFO - [2024-02-24T16:01:54.383-0600] {dag.py:3058} INFO - Creating ORM DAG for example_python_operator
[2024-02-24T16:01:54.383-0600] {logging_mixin.py:188} INFO - [2024-02-24T16:01:54.383-0600] {dag.py:3823} INFO - Setting next_dagrun for example_python_operator to None, run_after=None
[2024-02-24T16:01:54.392-0600] {processor.py:183} INFO - Processing /Users/vamseekrishna/Desktop/F1_Data_Warehouse/f1datawarehouse/lib/python3.9/site-packages/airflow/example_dags/example_python_operator.py took 0.130 seconds
[2024-02-24T16:03:27.523-0600] {processor.py:161} INFO - Started process (PID=87970) to work on /Users/vamseekrishna/Desktop/F1_Data_Warehouse/f1datawarehouse/lib/python3.9/site-packages/airflow/example_dags/example_python_operator.py
[2024-02-24T16:03:27.525-0600] {processor.py:830} INFO - Processing file /Users/vamseekrishna/Desktop/F1_Data_Warehouse/f1datawarehouse/lib/python3.9/site-packages/airflow/example_dags/example_python_operator.py for tasks to queue
[2024-02-24T16:03:27.525-0600] {logging_mixin.py:188} INFO - [2024-02-24T16:03:27.525-0600] {dagbag.py:538} INFO - Filling up the DagBag from /Users/vamseekrishna/Desktop/F1_Data_Warehouse/f1datawarehouse/lib/python3.9/site-packages/airflow/example_dags/example_python_operator.py
[2024-02-24T16:03:27.538-0600] {logging_mixin.py:188} INFO - [2024-02-24T16:03:27.538-0600] {example_python_operator.py:88} WARNING - The virtalenv_python example task requires virtualenv, please install it.
[2024-02-24T16:03:27.540-0600] {processor.py:840} INFO - DAG(s) 'example_python_operator' retrieved from /Users/vamseekrishna/Desktop/F1_Data_Warehouse/f1datawarehouse/lib/python3.9/site-packages/airflow/example_dags/example_python_operator.py
[2024-02-24T16:03:27.590-0600] {logging_mixin.py:188} INFO - [2024-02-24T16:03:27.590-0600] {dag.py:3036} INFO - Sync 1 DAGs
[2024-02-24T16:03:27.594-0600] {logging_mixin.py:188} INFO - [2024-02-24T16:03:27.594-0600] {dag.py:3823} INFO - Setting next_dagrun for example_python_operator to None, run_after=None
[2024-02-24T16:03:27.602-0600] {processor.py:183} INFO - Processing /Users/vamseekrishna/Desktop/F1_Data_Warehouse/f1datawarehouse/lib/python3.9/site-packages/airflow/example_dags/example_python_operator.py took 0.079 seconds
[2024-02-24T16:05:27.172-0600] {processor.py:161} INFO - Started process (PID=88214) to work on /Users/vamseekrishna/Desktop/F1_Data_Warehouse/f1datawarehouse/lib/python3.9/site-packages/airflow/example_dags/example_python_operator.py
[2024-02-24T16:05:27.174-0600] {processor.py:830} INFO - Processing file /Users/vamseekrishna/Desktop/F1_Data_Warehouse/f1datawarehouse/lib/python3.9/site-packages/airflow/example_dags/example_python_operator.py for tasks to queue
[2024-02-24T16:05:27.174-0600] {logging_mixin.py:188} INFO - [2024-02-24T16:05:27.174-0600] {dagbag.py:538} INFO - Filling up the DagBag from /Users/vamseekrishna/Desktop/F1_Data_Warehouse/f1datawarehouse/lib/python3.9/site-packages/airflow/example_dags/example_python_operator.py
[2024-02-24T16:05:27.184-0600] {logging_mixin.py:188} INFO - [2024-02-24T16:05:27.184-0600] {example_python_operator.py:88} WARNING - The virtalenv_python example task requires virtualenv, please install it.
[2024-02-24T16:05:27.186-0600] {processor.py:840} INFO - DAG(s) 'example_python_operator' retrieved from /Users/vamseekrishna/Desktop/F1_Data_Warehouse/f1datawarehouse/lib/python3.9/site-packages/airflow/example_dags/example_python_operator.py
[2024-02-24T16:05:27.256-0600] {logging_mixin.py:188} INFO - [2024-02-24T16:05:27.256-0600] {dag.py:3036} INFO - Sync 1 DAGs
[2024-02-24T16:05:27.260-0600] {logging_mixin.py:188} INFO - [2024-02-24T16:05:27.260-0600] {dag.py:3823} INFO - Setting next_dagrun for example_python_operator to None, run_after=None
[2024-02-24T16:05:27.268-0600] {processor.py:183} INFO - Processing /Users/vamseekrishna/Desktop/F1_Data_Warehouse/f1datawarehouse/lib/python3.9/site-packages/airflow/example_dags/example_python_operator.py took 0.097 seconds
[2024-02-24T16:07:22.988-0600] {processor.py:161} INFO - Started process (PID=88417) to work on /Users/vamseekrishna/Desktop/F1_Data_Warehouse/f1datawarehouse/lib/python3.9/site-packages/airflow/example_dags/example_python_operator.py
[2024-02-24T16:07:22.989-0600] {processor.py:830} INFO - Processing file /Users/vamseekrishna/Desktop/F1_Data_Warehouse/f1datawarehouse/lib/python3.9/site-packages/airflow/example_dags/example_python_operator.py for tasks to queue
[2024-02-24T16:07:22.989-0600] {logging_mixin.py:188} INFO - [2024-02-24T16:07:22.989-0600] {dagbag.py:538} INFO - Filling up the DagBag from /Users/vamseekrishna/Desktop/F1_Data_Warehouse/f1datawarehouse/lib/python3.9/site-packages/airflow/example_dags/example_python_operator.py
[2024-02-24T16:07:23.000-0600] {logging_mixin.py:188} INFO - [2024-02-24T16:07:23.000-0600] {example_python_operator.py:88} WARNING - The virtalenv_python example task requires virtualenv, please install it.
[2024-02-24T16:07:23.002-0600] {processor.py:840} INFO - DAG(s) 'example_python_operator' retrieved from /Users/vamseekrishna/Desktop/F1_Data_Warehouse/f1datawarehouse/lib/python3.9/site-packages/airflow/example_dags/example_python_operator.py
[2024-02-24T16:07:23.077-0600] {logging_mixin.py:188} INFO - [2024-02-24T16:07:23.077-0600] {dag.py:3036} INFO - Sync 1 DAGs
[2024-02-24T16:07:23.081-0600] {logging_mixin.py:188} INFO - [2024-02-24T16:07:23.081-0600] {dag.py:3823} INFO - Setting next_dagrun for example_python_operator to None, run_after=None
[2024-02-24T16:07:23.091-0600] {processor.py:183} INFO - Processing /Users/vamseekrishna/Desktop/F1_Data_Warehouse/f1datawarehouse/lib/python3.9/site-packages/airflow/example_dags/example_python_operator.py took 0.104 seconds
[2024-02-24T16:09:20.310-0600] {processor.py:161} INFO - Started process (PID=88620) to work on /Users/vamseekrishna/Desktop/F1_Data_Warehouse/f1datawarehouse/lib/python3.9/site-packages/airflow/example_dags/example_python_operator.py
[2024-02-24T16:09:20.312-0600] {processor.py:830} INFO - Processing file /Users/vamseekrishna/Desktop/F1_Data_Warehouse/f1datawarehouse/lib/python3.9/site-packages/airflow/example_dags/example_python_operator.py for tasks to queue
[2024-02-24T16:09:20.312-0600] {logging_mixin.py:188} INFO - [2024-02-24T16:09:20.312-0600] {dagbag.py:538} INFO - Filling up the DagBag from /Users/vamseekrishna/Desktop/F1_Data_Warehouse/f1datawarehouse/lib/python3.9/site-packages/airflow/example_dags/example_python_operator.py
[2024-02-24T16:09:20.322-0600] {logging_mixin.py:188} INFO - [2024-02-24T16:09:20.322-0600] {example_python_operator.py:88} WARNING - The virtalenv_python example task requires virtualenv, please install it.
[2024-02-24T16:09:20.324-0600] {processor.py:840} INFO - DAG(s) 'example_python_operator' retrieved from /Users/vamseekrishna/Desktop/F1_Data_Warehouse/f1datawarehouse/lib/python3.9/site-packages/airflow/example_dags/example_python_operator.py
[2024-02-24T16:09:20.394-0600] {logging_mixin.py:188} INFO - [2024-02-24T16:09:20.393-0600] {dag.py:3036} INFO - Sync 1 DAGs
[2024-02-24T16:09:20.397-0600] {logging_mixin.py:188} INFO - [2024-02-24T16:09:20.397-0600] {dag.py:3823} INFO - Setting next_dagrun for example_python_operator to None, run_after=None
[2024-02-24T16:09:20.406-0600] {processor.py:183} INFO - Processing /Users/vamseekrishna/Desktop/F1_Data_Warehouse/f1datawarehouse/lib/python3.9/site-packages/airflow/example_dags/example_python_operator.py took 0.097 seconds
[2024-02-24T16:11:17.799-0600] {processor.py:161} INFO - Started process (PID=88824) to work on /Users/vamseekrishna/Desktop/F1_Data_Warehouse/f1datawarehouse/lib/python3.9/site-packages/airflow/example_dags/example_python_operator.py
[2024-02-24T16:11:17.801-0600] {processor.py:830} INFO - Processing file /Users/vamseekrishna/Desktop/F1_Data_Warehouse/f1datawarehouse/lib/python3.9/site-packages/airflow/example_dags/example_python_operator.py for tasks to queue
[2024-02-24T16:11:17.801-0600] {logging_mixin.py:188} INFO - [2024-02-24T16:11:17.801-0600] {dagbag.py:538} INFO - Filling up the DagBag from /Users/vamseekrishna/Desktop/F1_Data_Warehouse/f1datawarehouse/lib/python3.9/site-packages/airflow/example_dags/example_python_operator.py
[2024-02-24T16:11:17.812-0600] {logging_mixin.py:188} INFO - [2024-02-24T16:11:17.812-0600] {example_python_operator.py:88} WARNING - The virtalenv_python example task requires virtualenv, please install it.
[2024-02-24T16:11:17.814-0600] {processor.py:840} INFO - DAG(s) 'example_python_operator' retrieved from /Users/vamseekrishna/Desktop/F1_Data_Warehouse/f1datawarehouse/lib/python3.9/site-packages/airflow/example_dags/example_python_operator.py
[2024-02-24T16:11:17.883-0600] {logging_mixin.py:188} INFO - [2024-02-24T16:11:17.883-0600] {dag.py:3036} INFO - Sync 1 DAGs
[2024-02-24T16:11:17.886-0600] {logging_mixin.py:188} INFO - [2024-02-24T16:11:17.886-0600] {dag.py:3823} INFO - Setting next_dagrun for example_python_operator to None, run_after=None
[2024-02-24T16:11:17.895-0600] {processor.py:183} INFO - Processing /Users/vamseekrishna/Desktop/F1_Data_Warehouse/f1datawarehouse/lib/python3.9/site-packages/airflow/example_dags/example_python_operator.py took 0.097 seconds
[2024-02-24T16:13:09.021-0600] {processor.py:161} INFO - Started process (PID=88996) to work on /Users/vamseekrishna/Desktop/F1_Data_Warehouse/f1datawarehouse/lib/python3.9/site-packages/airflow/example_dags/example_python_operator.py
[2024-02-24T16:13:09.023-0600] {processor.py:830} INFO - Processing file /Users/vamseekrishna/Desktop/F1_Data_Warehouse/f1datawarehouse/lib/python3.9/site-packages/airflow/example_dags/example_python_operator.py for tasks to queue
[2024-02-24T16:13:09.024-0600] {logging_mixin.py:188} INFO - [2024-02-24T16:13:09.024-0600] {dagbag.py:538} INFO - Filling up the DagBag from /Users/vamseekrishna/Desktop/F1_Data_Warehouse/f1datawarehouse/lib/python3.9/site-packages/airflow/example_dags/example_python_operator.py
[2024-02-24T16:13:09.037-0600] {logging_mixin.py:188} INFO - [2024-02-24T16:13:09.037-0600] {example_python_operator.py:88} WARNING - The virtalenv_python example task requires virtualenv, please install it.
[2024-02-24T16:13:09.040-0600] {processor.py:840} INFO - DAG(s) 'example_python_operator' retrieved from /Users/vamseekrishna/Desktop/F1_Data_Warehouse/f1datawarehouse/lib/python3.9/site-packages/airflow/example_dags/example_python_operator.py
[2024-02-24T16:13:09.112-0600] {logging_mixin.py:188} INFO - [2024-02-24T16:13:09.112-0600] {dag.py:3036} INFO - Sync 1 DAGs
[2024-02-24T16:13:09.116-0600] {logging_mixin.py:188} INFO - [2024-02-24T16:13:09.116-0600] {dag.py:3823} INFO - Setting next_dagrun for example_python_operator to None, run_after=None
[2024-02-24T16:13:09.124-0600] {processor.py:183} INFO - Processing /Users/vamseekrishna/Desktop/F1_Data_Warehouse/f1datawarehouse/lib/python3.9/site-packages/airflow/example_dags/example_python_operator.py took 0.103 seconds
[2024-02-24T16:15:01.465-0600] {processor.py:161} INFO - Started process (PID=89192) to work on /Users/vamseekrishna/Desktop/F1_Data_Warehouse/f1datawarehouse/lib/python3.9/site-packages/airflow/example_dags/example_python_operator.py
[2024-02-24T16:15:01.466-0600] {processor.py:830} INFO - Processing file /Users/vamseekrishna/Desktop/F1_Data_Warehouse/f1datawarehouse/lib/python3.9/site-packages/airflow/example_dags/example_python_operator.py for tasks to queue
[2024-02-24T16:15:01.467-0600] {logging_mixin.py:188} INFO - [2024-02-24T16:15:01.467-0600] {dagbag.py:538} INFO - Filling up the DagBag from /Users/vamseekrishna/Desktop/F1_Data_Warehouse/f1datawarehouse/lib/python3.9/site-packages/airflow/example_dags/example_python_operator.py
[2024-02-24T16:15:01.479-0600] {logging_mixin.py:188} INFO - [2024-02-24T16:15:01.479-0600] {example_python_operator.py:88} WARNING - The virtalenv_python example task requires virtualenv, please install it.
[2024-02-24T16:15:01.481-0600] {processor.py:840} INFO - DAG(s) 'example_python_operator' retrieved from /Users/vamseekrishna/Desktop/F1_Data_Warehouse/f1datawarehouse/lib/python3.9/site-packages/airflow/example_dags/example_python_operator.py
[2024-02-24T16:15:01.559-0600] {logging_mixin.py:188} INFO - [2024-02-24T16:15:01.558-0600] {dag.py:3036} INFO - Sync 1 DAGs
[2024-02-24T16:15:01.562-0600] {logging_mixin.py:188} INFO - [2024-02-24T16:15:01.562-0600] {dag.py:3823} INFO - Setting next_dagrun for example_python_operator to None, run_after=None
[2024-02-24T16:15:01.570-0600] {processor.py:183} INFO - Processing /Users/vamseekrishna/Desktop/F1_Data_Warehouse/f1datawarehouse/lib/python3.9/site-packages/airflow/example_dags/example_python_operator.py took 0.107 seconds
[2024-02-24T16:16:45.905-0600] {processor.py:161} INFO - Started process (PID=89386) to work on /Users/vamseekrishna/Desktop/F1_Data_Warehouse/f1datawarehouse/lib/python3.9/site-packages/airflow/example_dags/example_python_operator.py
[2024-02-24T16:16:45.907-0600] {processor.py:830} INFO - Processing file /Users/vamseekrishna/Desktop/F1_Data_Warehouse/f1datawarehouse/lib/python3.9/site-packages/airflow/example_dags/example_python_operator.py for tasks to queue
[2024-02-24T16:16:45.907-0600] {logging_mixin.py:188} INFO - [2024-02-24T16:16:45.907-0600] {dagbag.py:538} INFO - Filling up the DagBag from /Users/vamseekrishna/Desktop/F1_Data_Warehouse/f1datawarehouse/lib/python3.9/site-packages/airflow/example_dags/example_python_operator.py
[2024-02-24T16:16:45.918-0600] {logging_mixin.py:188} INFO - [2024-02-24T16:16:45.918-0600] {example_python_operator.py:88} WARNING - The virtalenv_python example task requires virtualenv, please install it.
[2024-02-24T16:16:45.920-0600] {processor.py:840} INFO - DAG(s) 'example_python_operator' retrieved from /Users/vamseekrishna/Desktop/F1_Data_Warehouse/f1datawarehouse/lib/python3.9/site-packages/airflow/example_dags/example_python_operator.py
[2024-02-24T16:16:45.997-0600] {logging_mixin.py:188} INFO - [2024-02-24T16:16:45.997-0600] {dag.py:3036} INFO - Sync 1 DAGs
[2024-02-24T16:16:46.001-0600] {logging_mixin.py:188} INFO - [2024-02-24T16:16:46.001-0600] {dag.py:3823} INFO - Setting next_dagrun for example_python_operator to None, run_after=None
[2024-02-24T16:16:46.012-0600] {processor.py:183} INFO - Processing /Users/vamseekrishna/Desktop/F1_Data_Warehouse/f1datawarehouse/lib/python3.9/site-packages/airflow/example_dags/example_python_operator.py took 0.108 seconds
[2024-02-24T16:18:47.313-0600] {processor.py:161} INFO - Started process (PID=89588) to work on /Users/vamseekrishna/Desktop/F1_Data_Warehouse/f1datawarehouse/lib/python3.9/site-packages/airflow/example_dags/example_python_operator.py
[2024-02-24T16:18:47.314-0600] {processor.py:830} INFO - Processing file /Users/vamseekrishna/Desktop/F1_Data_Warehouse/f1datawarehouse/lib/python3.9/site-packages/airflow/example_dags/example_python_operator.py for tasks to queue
[2024-02-24T16:18:47.314-0600] {logging_mixin.py:188} INFO - [2024-02-24T16:18:47.314-0600] {dagbag.py:538} INFO - Filling up the DagBag from /Users/vamseekrishna/Desktop/F1_Data_Warehouse/f1datawarehouse/lib/python3.9/site-packages/airflow/example_dags/example_python_operator.py
[2024-02-24T16:18:47.325-0600] {logging_mixin.py:188} INFO - [2024-02-24T16:18:47.325-0600] {example_python_operator.py:88} WARNING - The virtalenv_python example task requires virtualenv, please install it.
[2024-02-24T16:18:47.327-0600] {processor.py:840} INFO - DAG(s) 'example_python_operator' retrieved from /Users/vamseekrishna/Desktop/F1_Data_Warehouse/f1datawarehouse/lib/python3.9/site-packages/airflow/example_dags/example_python_operator.py
[2024-02-24T16:18:47.397-0600] {logging_mixin.py:188} INFO - [2024-02-24T16:18:47.396-0600] {dag.py:3036} INFO - Sync 1 DAGs
[2024-02-24T16:18:47.400-0600] {logging_mixin.py:188} INFO - [2024-02-24T16:18:47.400-0600] {dag.py:3823} INFO - Setting next_dagrun for example_python_operator to None, run_after=None
[2024-02-24T16:18:47.408-0600] {processor.py:183} INFO - Processing /Users/vamseekrishna/Desktop/F1_Data_Warehouse/f1datawarehouse/lib/python3.9/site-packages/airflow/example_dags/example_python_operator.py took 0.096 seconds
[2024-02-24T16:20:44.308-0600] {processor.py:161} INFO - Started process (PID=89762) to work on /Users/vamseekrishna/Desktop/F1_Data_Warehouse/f1datawarehouse/lib/python3.9/site-packages/airflow/example_dags/example_python_operator.py
[2024-02-24T16:20:44.310-0600] {processor.py:830} INFO - Processing file /Users/vamseekrishna/Desktop/F1_Data_Warehouse/f1datawarehouse/lib/python3.9/site-packages/airflow/example_dags/example_python_operator.py for tasks to queue
[2024-02-24T16:20:44.310-0600] {logging_mixin.py:188} INFO - [2024-02-24T16:20:44.310-0600] {dagbag.py:538} INFO - Filling up the DagBag from /Users/vamseekrishna/Desktop/F1_Data_Warehouse/f1datawarehouse/lib/python3.9/site-packages/airflow/example_dags/example_python_operator.py
[2024-02-24T16:20:44.320-0600] {logging_mixin.py:188} INFO - [2024-02-24T16:20:44.320-0600] {example_python_operator.py:88} WARNING - The virtalenv_python example task requires virtualenv, please install it.
[2024-02-24T16:20:44.322-0600] {processor.py:840} INFO - DAG(s) 'example_python_operator' retrieved from /Users/vamseekrishna/Desktop/F1_Data_Warehouse/f1datawarehouse/lib/python3.9/site-packages/airflow/example_dags/example_python_operator.py
[2024-02-24T16:20:44.391-0600] {logging_mixin.py:188} INFO - [2024-02-24T16:20:44.391-0600] {dag.py:3036} INFO - Sync 1 DAGs
[2024-02-24T16:20:44.395-0600] {logging_mixin.py:188} INFO - [2024-02-24T16:20:44.395-0600] {dag.py:3823} INFO - Setting next_dagrun for example_python_operator to None, run_after=None
[2024-02-24T16:20:44.403-0600] {processor.py:183} INFO - Processing /Users/vamseekrishna/Desktop/F1_Data_Warehouse/f1datawarehouse/lib/python3.9/site-packages/airflow/example_dags/example_python_operator.py took 0.095 seconds
[2024-02-24T16:22:46.428-0600] {processor.py:161} INFO - Started process (PID=89945) to work on /Users/vamseekrishna/Desktop/F1_Data_Warehouse/f1datawarehouse/lib/python3.9/site-packages/airflow/example_dags/example_python_operator.py
[2024-02-24T16:22:46.430-0600] {processor.py:830} INFO - Processing file /Users/vamseekrishna/Desktop/F1_Data_Warehouse/f1datawarehouse/lib/python3.9/site-packages/airflow/example_dags/example_python_operator.py for tasks to queue
[2024-02-24T16:22:46.430-0600] {logging_mixin.py:188} INFO - [2024-02-24T16:22:46.430-0600] {dagbag.py:538} INFO - Filling up the DagBag from /Users/vamseekrishna/Desktop/F1_Data_Warehouse/f1datawarehouse/lib/python3.9/site-packages/airflow/example_dags/example_python_operator.py
[2024-02-24T16:22:46.440-0600] {logging_mixin.py:188} INFO - [2024-02-24T16:22:46.440-0600] {example_python_operator.py:88} WARNING - The virtalenv_python example task requires virtualenv, please install it.
[2024-02-24T16:22:46.442-0600] {processor.py:840} INFO - DAG(s) 'example_python_operator' retrieved from /Users/vamseekrishna/Desktop/F1_Data_Warehouse/f1datawarehouse/lib/python3.9/site-packages/airflow/example_dags/example_python_operator.py
[2024-02-24T16:22:46.515-0600] {logging_mixin.py:188} INFO - [2024-02-24T16:22:46.515-0600] {dag.py:3036} INFO - Sync 1 DAGs
[2024-02-24T16:22:46.519-0600] {logging_mixin.py:188} INFO - [2024-02-24T16:22:46.519-0600] {dag.py:3823} INFO - Setting next_dagrun for example_python_operator to None, run_after=None
[2024-02-24T16:22:46.526-0600] {processor.py:183} INFO - Processing /Users/vamseekrishna/Desktop/F1_Data_Warehouse/f1datawarehouse/lib/python3.9/site-packages/airflow/example_dags/example_python_operator.py took 0.099 seconds
[2024-02-24T16:24:54.870-0600] {processor.py:161} INFO - Started process (PID=90140) to work on /Users/vamseekrishna/Desktop/F1_Data_Warehouse/f1datawarehouse/lib/python3.9/site-packages/airflow/example_dags/example_python_operator.py
[2024-02-24T16:24:54.871-0600] {processor.py:830} INFO - Processing file /Users/vamseekrishna/Desktop/F1_Data_Warehouse/f1datawarehouse/lib/python3.9/site-packages/airflow/example_dags/example_python_operator.py for tasks to queue
[2024-02-24T16:24:54.871-0600] {logging_mixin.py:188} INFO - [2024-02-24T16:24:54.871-0600] {dagbag.py:538} INFO - Filling up the DagBag from /Users/vamseekrishna/Desktop/F1_Data_Warehouse/f1datawarehouse/lib/python3.9/site-packages/airflow/example_dags/example_python_operator.py
[2024-02-24T16:24:54.881-0600] {logging_mixin.py:188} INFO - [2024-02-24T16:24:54.881-0600] {example_python_operator.py:88} WARNING - The virtalenv_python example task requires virtualenv, please install it.
[2024-02-24T16:24:54.883-0600] {processor.py:840} INFO - DAG(s) 'example_python_operator' retrieved from /Users/vamseekrishna/Desktop/F1_Data_Warehouse/f1datawarehouse/lib/python3.9/site-packages/airflow/example_dags/example_python_operator.py
[2024-02-24T16:24:54.955-0600] {logging_mixin.py:188} INFO - [2024-02-24T16:24:54.955-0600] {dag.py:3036} INFO - Sync 1 DAGs
[2024-02-24T16:24:54.959-0600] {logging_mixin.py:188} INFO - [2024-02-24T16:24:54.959-0600] {dag.py:3823} INFO - Setting next_dagrun for example_python_operator to None, run_after=None
[2024-02-24T16:24:54.967-0600] {processor.py:183} INFO - Processing /Users/vamseekrishna/Desktop/F1_Data_Warehouse/f1datawarehouse/lib/python3.9/site-packages/airflow/example_dags/example_python_operator.py took 0.098 seconds
[2024-02-24T16:26:57.906-0600] {processor.py:161} INFO - Started process (PID=90337) to work on /Users/vamseekrishna/Desktop/F1_Data_Warehouse/f1datawarehouse/lib/python3.9/site-packages/airflow/example_dags/example_python_operator.py
[2024-02-24T16:26:57.908-0600] {processor.py:830} INFO - Processing file /Users/vamseekrishna/Desktop/F1_Data_Warehouse/f1datawarehouse/lib/python3.9/site-packages/airflow/example_dags/example_python_operator.py for tasks to queue
[2024-02-24T16:26:57.908-0600] {logging_mixin.py:188} INFO - [2024-02-24T16:26:57.908-0600] {dagbag.py:538} INFO - Filling up the DagBag from /Users/vamseekrishna/Desktop/F1_Data_Warehouse/f1datawarehouse/lib/python3.9/site-packages/airflow/example_dags/example_python_operator.py
[2024-02-24T16:26:57.927-0600] {logging_mixin.py:188} INFO - [2024-02-24T16:26:57.927-0600] {example_python_operator.py:88} WARNING - The virtalenv_python example task requires virtualenv, please install it.
[2024-02-24T16:26:57.932-0600] {processor.py:840} INFO - DAG(s) 'example_python_operator' retrieved from /Users/vamseekrishna/Desktop/F1_Data_Warehouse/f1datawarehouse/lib/python3.9/site-packages/airflow/example_dags/example_python_operator.py
[2024-02-24T16:26:58.053-0600] {logging_mixin.py:188} INFO - [2024-02-24T16:26:58.053-0600] {dag.py:3036} INFO - Sync 1 DAGs
[2024-02-24T16:26:58.057-0600] {logging_mixin.py:188} INFO - [2024-02-24T16:26:58.057-0600] {dag.py:3823} INFO - Setting next_dagrun for example_python_operator to None, run_after=None
[2024-02-24T16:26:58.066-0600] {processor.py:183} INFO - Processing /Users/vamseekrishna/Desktop/F1_Data_Warehouse/f1datawarehouse/lib/python3.9/site-packages/airflow/example_dags/example_python_operator.py took 0.161 seconds
[2024-02-24T16:28:59.188-0600] {processor.py:161} INFO - Started process (PID=90487) to work on /Users/vamseekrishna/Desktop/F1_Data_Warehouse/f1datawarehouse/lib/python3.9/site-packages/airflow/example_dags/example_python_operator.py
[2024-02-24T16:28:59.189-0600] {processor.py:830} INFO - Processing file /Users/vamseekrishna/Desktop/F1_Data_Warehouse/f1datawarehouse/lib/python3.9/site-packages/airflow/example_dags/example_python_operator.py for tasks to queue
[2024-02-24T16:28:59.190-0600] {logging_mixin.py:188} INFO - [2024-02-24T16:28:59.190-0600] {dagbag.py:538} INFO - Filling up the DagBag from /Users/vamseekrishna/Desktop/F1_Data_Warehouse/f1datawarehouse/lib/python3.9/site-packages/airflow/example_dags/example_python_operator.py
[2024-02-24T16:28:59.205-0600] {logging_mixin.py:188} INFO - [2024-02-24T16:28:59.205-0600] {example_python_operator.py:88} WARNING - The virtalenv_python example task requires virtualenv, please install it.
[2024-02-24T16:28:59.207-0600] {processor.py:840} INFO - DAG(s) 'example_python_operator' retrieved from /Users/vamseekrishna/Desktop/F1_Data_Warehouse/f1datawarehouse/lib/python3.9/site-packages/airflow/example_dags/example_python_operator.py
[2024-02-24T16:28:59.278-0600] {logging_mixin.py:188} INFO - [2024-02-24T16:28:59.278-0600] {dag.py:3036} INFO - Sync 1 DAGs
[2024-02-24T16:28:59.282-0600] {logging_mixin.py:188} INFO - [2024-02-24T16:28:59.282-0600] {dag.py:3823} INFO - Setting next_dagrun for example_python_operator to None, run_after=None
[2024-02-24T16:28:59.290-0600] {processor.py:183} INFO - Processing /Users/vamseekrishna/Desktop/F1_Data_Warehouse/f1datawarehouse/lib/python3.9/site-packages/airflow/example_dags/example_python_operator.py took 0.103 seconds
[2024-02-24T16:31:00.416-0600] {processor.py:161} INFO - Started process (PID=90609) to work on /Users/vamseekrishna/Desktop/F1_Data_Warehouse/f1datawarehouse/lib/python3.9/site-packages/airflow/example_dags/example_python_operator.py
[2024-02-24T16:31:00.418-0600] {processor.py:830} INFO - Processing file /Users/vamseekrishna/Desktop/F1_Data_Warehouse/f1datawarehouse/lib/python3.9/site-packages/airflow/example_dags/example_python_operator.py for tasks to queue
[2024-02-24T16:31:00.418-0600] {logging_mixin.py:188} INFO - [2024-02-24T16:31:00.418-0600] {dagbag.py:538} INFO - Filling up the DagBag from /Users/vamseekrishna/Desktop/F1_Data_Warehouse/f1datawarehouse/lib/python3.9/site-packages/airflow/example_dags/example_python_operator.py
[2024-02-24T16:31:00.428-0600] {logging_mixin.py:188} INFO - [2024-02-24T16:31:00.428-0600] {example_python_operator.py:88} WARNING - The virtalenv_python example task requires virtualenv, please install it.
[2024-02-24T16:31:00.430-0600] {processor.py:840} INFO - DAG(s) 'example_python_operator' retrieved from /Users/vamseekrishna/Desktop/F1_Data_Warehouse/f1datawarehouse/lib/python3.9/site-packages/airflow/example_dags/example_python_operator.py
[2024-02-24T16:31:00.499-0600] {logging_mixin.py:188} INFO - [2024-02-24T16:31:00.499-0600] {dag.py:3036} INFO - Sync 1 DAGs
[2024-02-24T16:31:00.503-0600] {logging_mixin.py:188} INFO - [2024-02-24T16:31:00.503-0600] {dag.py:3823} INFO - Setting next_dagrun for example_python_operator to None, run_after=None
[2024-02-24T16:31:00.511-0600] {processor.py:183} INFO - Processing /Users/vamseekrishna/Desktop/F1_Data_Warehouse/f1datawarehouse/lib/python3.9/site-packages/airflow/example_dags/example_python_operator.py took 0.096 seconds
[2024-02-24T16:33:11.405-0600] {processor.py:161} INFO - Started process (PID=90820) to work on /Users/vamseekrishna/Desktop/F1_Data_Warehouse/f1datawarehouse/lib/python3.9/site-packages/airflow/example_dags/example_python_operator.py
[2024-02-24T16:33:11.407-0600] {processor.py:830} INFO - Processing file /Users/vamseekrishna/Desktop/F1_Data_Warehouse/f1datawarehouse/lib/python3.9/site-packages/airflow/example_dags/example_python_operator.py for tasks to queue
[2024-02-24T16:33:11.408-0600] {logging_mixin.py:188} INFO - [2024-02-24T16:33:11.408-0600] {dagbag.py:538} INFO - Filling up the DagBag from /Users/vamseekrishna/Desktop/F1_Data_Warehouse/f1datawarehouse/lib/python3.9/site-packages/airflow/example_dags/example_python_operator.py
[2024-02-24T16:33:11.417-0600] {logging_mixin.py:188} INFO - [2024-02-24T16:33:11.417-0600] {example_python_operator.py:88} WARNING - The virtalenv_python example task requires virtualenv, please install it.
[2024-02-24T16:33:11.419-0600] {processor.py:840} INFO - DAG(s) 'example_python_operator' retrieved from /Users/vamseekrishna/Desktop/F1_Data_Warehouse/f1datawarehouse/lib/python3.9/site-packages/airflow/example_dags/example_python_operator.py
[2024-02-24T16:33:11.490-0600] {logging_mixin.py:188} INFO - [2024-02-24T16:33:11.490-0600] {dag.py:3036} INFO - Sync 1 DAGs
[2024-02-24T16:33:11.494-0600] {logging_mixin.py:188} INFO - [2024-02-24T16:33:11.494-0600] {dag.py:3823} INFO - Setting next_dagrun for example_python_operator to None, run_after=None
[2024-02-24T16:33:11.501-0600] {processor.py:183} INFO - Processing /Users/vamseekrishna/Desktop/F1_Data_Warehouse/f1datawarehouse/lib/python3.9/site-packages/airflow/example_dags/example_python_operator.py took 0.097 seconds
[2024-02-24T16:35:19.463-0600] {processor.py:161} INFO - Started process (PID=90993) to work on /Users/vamseekrishna/Desktop/F1_Data_Warehouse/f1datawarehouse/lib/python3.9/site-packages/airflow/example_dags/example_python_operator.py
[2024-02-24T16:35:19.465-0600] {processor.py:830} INFO - Processing file /Users/vamseekrishna/Desktop/F1_Data_Warehouse/f1datawarehouse/lib/python3.9/site-packages/airflow/example_dags/example_python_operator.py for tasks to queue
[2024-02-24T16:35:19.465-0600] {logging_mixin.py:188} INFO - [2024-02-24T16:35:19.465-0600] {dagbag.py:538} INFO - Filling up the DagBag from /Users/vamseekrishna/Desktop/F1_Data_Warehouse/f1datawarehouse/lib/python3.9/site-packages/airflow/example_dags/example_python_operator.py
[2024-02-24T16:35:19.475-0600] {logging_mixin.py:188} INFO - [2024-02-24T16:35:19.475-0600] {example_python_operator.py:88} WARNING - The virtalenv_python example task requires virtualenv, please install it.
[2024-02-24T16:35:19.477-0600] {processor.py:840} INFO - DAG(s) 'example_python_operator' retrieved from /Users/vamseekrishna/Desktop/F1_Data_Warehouse/f1datawarehouse/lib/python3.9/site-packages/airflow/example_dags/example_python_operator.py
[2024-02-24T16:35:19.561-0600] {logging_mixin.py:188} INFO - [2024-02-24T16:35:19.561-0600] {dag.py:3036} INFO - Sync 1 DAGs
[2024-02-24T16:35:19.565-0600] {logging_mixin.py:188} INFO - [2024-02-24T16:35:19.565-0600] {dag.py:3823} INFO - Setting next_dagrun for example_python_operator to None, run_after=None
[2024-02-24T16:35:19.573-0600] {processor.py:183} INFO - Processing /Users/vamseekrishna/Desktop/F1_Data_Warehouse/f1datawarehouse/lib/python3.9/site-packages/airflow/example_dags/example_python_operator.py took 0.111 seconds
[2024-02-24T16:37:21.018-0600] {processor.py:161} INFO - Started process (PID=91130) to work on /Users/vamseekrishna/Desktop/F1_Data_Warehouse/f1datawarehouse/lib/python3.9/site-packages/airflow/example_dags/example_python_operator.py
[2024-02-24T16:37:21.020-0600] {processor.py:830} INFO - Processing file /Users/vamseekrishna/Desktop/F1_Data_Warehouse/f1datawarehouse/lib/python3.9/site-packages/airflow/example_dags/example_python_operator.py for tasks to queue
[2024-02-24T16:37:21.020-0600] {logging_mixin.py:188} INFO - [2024-02-24T16:37:21.020-0600] {dagbag.py:538} INFO - Filling up the DagBag from /Users/vamseekrishna/Desktop/F1_Data_Warehouse/f1datawarehouse/lib/python3.9/site-packages/airflow/example_dags/example_python_operator.py
[2024-02-24T16:37:21.030-0600] {logging_mixin.py:188} INFO - [2024-02-24T16:37:21.030-0600] {example_python_operator.py:88} WARNING - The virtalenv_python example task requires virtualenv, please install it.
[2024-02-24T16:37:21.032-0600] {processor.py:840} INFO - DAG(s) 'example_python_operator' retrieved from /Users/vamseekrishna/Desktop/F1_Data_Warehouse/f1datawarehouse/lib/python3.9/site-packages/airflow/example_dags/example_python_operator.py
[2024-02-24T16:37:21.104-0600] {logging_mixin.py:188} INFO - [2024-02-24T16:37:21.104-0600] {dag.py:3036} INFO - Sync 1 DAGs
[2024-02-24T16:37:21.108-0600] {logging_mixin.py:188} INFO - [2024-02-24T16:37:21.107-0600] {dag.py:3823} INFO - Setting next_dagrun for example_python_operator to None, run_after=None
[2024-02-24T16:37:21.116-0600] {processor.py:183} INFO - Processing /Users/vamseekrishna/Desktop/F1_Data_Warehouse/f1datawarehouse/lib/python3.9/site-packages/airflow/example_dags/example_python_operator.py took 0.098 seconds
[2024-02-24T16:39:23.826-0600] {processor.py:161} INFO - Started process (PID=91290) to work on /Users/vamseekrishna/Desktop/F1_Data_Warehouse/f1datawarehouse/lib/python3.9/site-packages/airflow/example_dags/example_python_operator.py
[2024-02-24T16:39:23.828-0600] {processor.py:830} INFO - Processing file /Users/vamseekrishna/Desktop/F1_Data_Warehouse/f1datawarehouse/lib/python3.9/site-packages/airflow/example_dags/example_python_operator.py for tasks to queue
[2024-02-24T16:39:23.828-0600] {logging_mixin.py:188} INFO - [2024-02-24T16:39:23.828-0600] {dagbag.py:538} INFO - Filling up the DagBag from /Users/vamseekrishna/Desktop/F1_Data_Warehouse/f1datawarehouse/lib/python3.9/site-packages/airflow/example_dags/example_python_operator.py
[2024-02-24T16:39:23.839-0600] {logging_mixin.py:188} INFO - [2024-02-24T16:39:23.839-0600] {example_python_operator.py:88} WARNING - The virtalenv_python example task requires virtualenv, please install it.
[2024-02-24T16:39:23.844-0600] {processor.py:840} INFO - DAG(s) 'example_python_operator' retrieved from /Users/vamseekrishna/Desktop/F1_Data_Warehouse/f1datawarehouse/lib/python3.9/site-packages/airflow/example_dags/example_python_operator.py
[2024-02-24T16:39:23.956-0600] {logging_mixin.py:188} INFO - [2024-02-24T16:39:23.956-0600] {dag.py:3036} INFO - Sync 1 DAGs
[2024-02-24T16:39:23.961-0600] {logging_mixin.py:188} INFO - [2024-02-24T16:39:23.961-0600] {dag.py:3823} INFO - Setting next_dagrun for example_python_operator to None, run_after=None
[2024-02-24T16:39:23.969-0600] {processor.py:183} INFO - Processing /Users/vamseekrishna/Desktop/F1_Data_Warehouse/f1datawarehouse/lib/python3.9/site-packages/airflow/example_dags/example_python_operator.py took 0.144 seconds
[2024-02-24T16:41:21.723-0600] {processor.py:161} INFO - Started process (PID=91418) to work on /Users/vamseekrishna/Desktop/F1_Data_Warehouse/f1datawarehouse/lib/python3.9/site-packages/airflow/example_dags/example_python_operator.py
[2024-02-24T16:41:21.725-0600] {processor.py:830} INFO - Processing file /Users/vamseekrishna/Desktop/F1_Data_Warehouse/f1datawarehouse/lib/python3.9/site-packages/airflow/example_dags/example_python_operator.py for tasks to queue
[2024-02-24T16:41:21.725-0600] {logging_mixin.py:188} INFO - [2024-02-24T16:41:21.725-0600] {dagbag.py:538} INFO - Filling up the DagBag from /Users/vamseekrishna/Desktop/F1_Data_Warehouse/f1datawarehouse/lib/python3.9/site-packages/airflow/example_dags/example_python_operator.py
[2024-02-24T16:41:21.735-0600] {logging_mixin.py:188} INFO - [2024-02-24T16:41:21.735-0600] {example_python_operator.py:88} WARNING - The virtalenv_python example task requires virtualenv, please install it.
[2024-02-24T16:41:21.737-0600] {processor.py:840} INFO - DAG(s) 'example_python_operator' retrieved from /Users/vamseekrishna/Desktop/F1_Data_Warehouse/f1datawarehouse/lib/python3.9/site-packages/airflow/example_dags/example_python_operator.py
[2024-02-24T16:41:21.807-0600] {logging_mixin.py:188} INFO - [2024-02-24T16:41:21.807-0600] {dag.py:3036} INFO - Sync 1 DAGs
[2024-02-24T16:41:21.811-0600] {logging_mixin.py:188} INFO - [2024-02-24T16:41:21.811-0600] {dag.py:3823} INFO - Setting next_dagrun for example_python_operator to None, run_after=None
[2024-02-24T16:41:21.818-0600] {processor.py:183} INFO - Processing /Users/vamseekrishna/Desktop/F1_Data_Warehouse/f1datawarehouse/lib/python3.9/site-packages/airflow/example_dags/example_python_operator.py took 0.096 seconds
[2024-02-24T16:43:22.282-0600] {processor.py:161} INFO - Started process (PID=91642) to work on /Users/vamseekrishna/Desktop/F1_Data_Warehouse/f1datawarehouse/lib/python3.9/site-packages/airflow/example_dags/example_python_operator.py
[2024-02-24T16:43:22.284-0600] {processor.py:830} INFO - Processing file /Users/vamseekrishna/Desktop/F1_Data_Warehouse/f1datawarehouse/lib/python3.9/site-packages/airflow/example_dags/example_python_operator.py for tasks to queue
[2024-02-24T16:43:22.284-0600] {logging_mixin.py:188} INFO - [2024-02-24T16:43:22.284-0600] {dagbag.py:538} INFO - Filling up the DagBag from /Users/vamseekrishna/Desktop/F1_Data_Warehouse/f1datawarehouse/lib/python3.9/site-packages/airflow/example_dags/example_python_operator.py
[2024-02-24T16:43:22.294-0600] {logging_mixin.py:188} INFO - [2024-02-24T16:43:22.294-0600] {example_python_operator.py:88} WARNING - The virtalenv_python example task requires virtualenv, please install it.
[2024-02-24T16:43:22.296-0600] {processor.py:840} INFO - DAG(s) 'example_python_operator' retrieved from /Users/vamseekrishna/Desktop/F1_Data_Warehouse/f1datawarehouse/lib/python3.9/site-packages/airflow/example_dags/example_python_operator.py
[2024-02-24T16:43:22.366-0600] {logging_mixin.py:188} INFO - [2024-02-24T16:43:22.366-0600] {dag.py:3036} INFO - Sync 1 DAGs
[2024-02-24T16:43:22.370-0600] {logging_mixin.py:188} INFO - [2024-02-24T16:43:22.370-0600] {dag.py:3823} INFO - Setting next_dagrun for example_python_operator to None, run_after=None
[2024-02-24T16:43:22.378-0600] {processor.py:183} INFO - Processing /Users/vamseekrishna/Desktop/F1_Data_Warehouse/f1datawarehouse/lib/python3.9/site-packages/airflow/example_dags/example_python_operator.py took 0.096 seconds
[2024-02-24T16:45:27.328-0600] {processor.py:161} INFO - Started process (PID=91843) to work on /Users/vamseekrishna/Desktop/F1_Data_Warehouse/f1datawarehouse/lib/python3.9/site-packages/airflow/example_dags/example_python_operator.py
[2024-02-24T16:45:27.330-0600] {processor.py:830} INFO - Processing file /Users/vamseekrishna/Desktop/F1_Data_Warehouse/f1datawarehouse/lib/python3.9/site-packages/airflow/example_dags/example_python_operator.py for tasks to queue
[2024-02-24T16:45:27.330-0600] {logging_mixin.py:188} INFO - [2024-02-24T16:45:27.330-0600] {dagbag.py:538} INFO - Filling up the DagBag from /Users/vamseekrishna/Desktop/F1_Data_Warehouse/f1datawarehouse/lib/python3.9/site-packages/airflow/example_dags/example_python_operator.py
[2024-02-24T16:45:27.340-0600] {logging_mixin.py:188} INFO - [2024-02-24T16:45:27.340-0600] {example_python_operator.py:88} WARNING - The virtalenv_python example task requires virtualenv, please install it.
[2024-02-24T16:45:27.342-0600] {processor.py:840} INFO - DAG(s) 'example_python_operator' retrieved from /Users/vamseekrishna/Desktop/F1_Data_Warehouse/f1datawarehouse/lib/python3.9/site-packages/airflow/example_dags/example_python_operator.py
[2024-02-24T16:45:27.413-0600] {logging_mixin.py:188} INFO - [2024-02-24T16:45:27.413-0600] {dag.py:3036} INFO - Sync 1 DAGs
[2024-02-24T16:45:27.417-0600] {logging_mixin.py:188} INFO - [2024-02-24T16:45:27.417-0600] {dag.py:3823} INFO - Setting next_dagrun for example_python_operator to None, run_after=None
[2024-02-24T16:45:27.425-0600] {processor.py:183} INFO - Processing /Users/vamseekrishna/Desktop/F1_Data_Warehouse/f1datawarehouse/lib/python3.9/site-packages/airflow/example_dags/example_python_operator.py took 0.098 seconds
[2024-02-24T16:47:25.015-0600] {processor.py:161} INFO - Started process (PID=92008) to work on /Users/vamseekrishna/Desktop/F1_Data_Warehouse/f1datawarehouse/lib/python3.9/site-packages/airflow/example_dags/example_python_operator.py
[2024-02-24T16:47:25.017-0600] {processor.py:830} INFO - Processing file /Users/vamseekrishna/Desktop/F1_Data_Warehouse/f1datawarehouse/lib/python3.9/site-packages/airflow/example_dags/example_python_operator.py for tasks to queue
[2024-02-24T16:47:25.017-0600] {logging_mixin.py:188} INFO - [2024-02-24T16:47:25.017-0600] {dagbag.py:538} INFO - Filling up the DagBag from /Users/vamseekrishna/Desktop/F1_Data_Warehouse/f1datawarehouse/lib/python3.9/site-packages/airflow/example_dags/example_python_operator.py
[2024-02-24T16:47:25.029-0600] {logging_mixin.py:188} INFO - [2024-02-24T16:47:25.029-0600] {example_python_operator.py:88} WARNING - The virtalenv_python example task requires virtualenv, please install it.
[2024-02-24T16:47:25.031-0600] {processor.py:840} INFO - DAG(s) 'example_python_operator' retrieved from /Users/vamseekrishna/Desktop/F1_Data_Warehouse/f1datawarehouse/lib/python3.9/site-packages/airflow/example_dags/example_python_operator.py
[2024-02-24T16:47:25.103-0600] {logging_mixin.py:188} INFO - [2024-02-24T16:47:25.103-0600] {dag.py:3036} INFO - Sync 1 DAGs
[2024-02-24T16:47:25.107-0600] {logging_mixin.py:188} INFO - [2024-02-24T16:47:25.107-0600] {dag.py:3823} INFO - Setting next_dagrun for example_python_operator to None, run_after=None
[2024-02-24T16:47:25.114-0600] {processor.py:183} INFO - Processing /Users/vamseekrishna/Desktop/F1_Data_Warehouse/f1datawarehouse/lib/python3.9/site-packages/airflow/example_dags/example_python_operator.py took 0.099 seconds
[2024-02-24T16:49:28.246-0600] {processor.py:161} INFO - Started process (PID=92207) to work on /Users/vamseekrishna/Desktop/F1_Data_Warehouse/f1datawarehouse/lib/python3.9/site-packages/airflow/example_dags/example_python_operator.py
[2024-02-24T16:49:28.248-0600] {processor.py:830} INFO - Processing file /Users/vamseekrishna/Desktop/F1_Data_Warehouse/f1datawarehouse/lib/python3.9/site-packages/airflow/example_dags/example_python_operator.py for tasks to queue
[2024-02-24T16:49:28.248-0600] {logging_mixin.py:188} INFO - [2024-02-24T16:49:28.248-0600] {dagbag.py:538} INFO - Filling up the DagBag from /Users/vamseekrishna/Desktop/F1_Data_Warehouse/f1datawarehouse/lib/python3.9/site-packages/airflow/example_dags/example_python_operator.py
[2024-02-24T16:49:28.261-0600] {logging_mixin.py:188} INFO - [2024-02-24T16:49:28.260-0600] {example_python_operator.py:88} WARNING - The virtalenv_python example task requires virtualenv, please install it.
[2024-02-24T16:49:28.263-0600] {processor.py:840} INFO - DAG(s) 'example_python_operator' retrieved from /Users/vamseekrishna/Desktop/F1_Data_Warehouse/f1datawarehouse/lib/python3.9/site-packages/airflow/example_dags/example_python_operator.py
[2024-02-24T16:49:28.346-0600] {logging_mixin.py:188} INFO - [2024-02-24T16:49:28.346-0600] {dag.py:3036} INFO - Sync 1 DAGs
[2024-02-24T16:49:28.352-0600] {logging_mixin.py:188} INFO - [2024-02-24T16:49:28.352-0600] {dag.py:3823} INFO - Setting next_dagrun for example_python_operator to None, run_after=None
[2024-02-24T16:49:28.384-0600] {processor.py:183} INFO - Processing /Users/vamseekrishna/Desktop/F1_Data_Warehouse/f1datawarehouse/lib/python3.9/site-packages/airflow/example_dags/example_python_operator.py took 0.139 seconds
[2024-02-24T16:51:35.172-0600] {processor.py:161} INFO - Started process (PID=92392) to work on /Users/vamseekrishna/Desktop/F1_Data_Warehouse/f1datawarehouse/lib/python3.9/site-packages/airflow/example_dags/example_python_operator.py
[2024-02-24T16:51:35.174-0600] {processor.py:830} INFO - Processing file /Users/vamseekrishna/Desktop/F1_Data_Warehouse/f1datawarehouse/lib/python3.9/site-packages/airflow/example_dags/example_python_operator.py for tasks to queue
[2024-02-24T16:51:35.174-0600] {logging_mixin.py:188} INFO - [2024-02-24T16:51:35.174-0600] {dagbag.py:538} INFO - Filling up the DagBag from /Users/vamseekrishna/Desktop/F1_Data_Warehouse/f1datawarehouse/lib/python3.9/site-packages/airflow/example_dags/example_python_operator.py
[2024-02-24T16:51:35.184-0600] {logging_mixin.py:188} INFO - [2024-02-24T16:51:35.184-0600] {example_python_operator.py:88} WARNING - The virtalenv_python example task requires virtualenv, please install it.
[2024-02-24T16:51:35.186-0600] {processor.py:840} INFO - DAG(s) 'example_python_operator' retrieved from /Users/vamseekrishna/Desktop/F1_Data_Warehouse/f1datawarehouse/lib/python3.9/site-packages/airflow/example_dags/example_python_operator.py
[2024-02-24T16:51:35.263-0600] {logging_mixin.py:188} INFO - [2024-02-24T16:51:35.263-0600] {dag.py:3036} INFO - Sync 1 DAGs
[2024-02-24T16:51:35.267-0600] {logging_mixin.py:188} INFO - [2024-02-24T16:51:35.267-0600] {dag.py:3823} INFO - Setting next_dagrun for example_python_operator to None, run_after=None
[2024-02-24T16:51:35.275-0600] {processor.py:183} INFO - Processing /Users/vamseekrishna/Desktop/F1_Data_Warehouse/f1datawarehouse/lib/python3.9/site-packages/airflow/example_dags/example_python_operator.py took 0.103 seconds
[2024-02-24T16:53:39.124-0600] {processor.py:161} INFO - Started process (PID=92584) to work on /Users/vamseekrishna/Desktop/F1_Data_Warehouse/f1datawarehouse/lib/python3.9/site-packages/airflow/example_dags/example_python_operator.py
[2024-02-24T16:53:39.126-0600] {processor.py:830} INFO - Processing file /Users/vamseekrishna/Desktop/F1_Data_Warehouse/f1datawarehouse/lib/python3.9/site-packages/airflow/example_dags/example_python_operator.py for tasks to queue
[2024-02-24T16:53:39.126-0600] {logging_mixin.py:188} INFO - [2024-02-24T16:53:39.126-0600] {dagbag.py:538} INFO - Filling up the DagBag from /Users/vamseekrishna/Desktop/F1_Data_Warehouse/f1datawarehouse/lib/python3.9/site-packages/airflow/example_dags/example_python_operator.py
[2024-02-24T16:53:39.136-0600] {logging_mixin.py:188} INFO - [2024-02-24T16:53:39.136-0600] {example_python_operator.py:88} WARNING - The virtalenv_python example task requires virtualenv, please install it.
[2024-02-24T16:53:39.138-0600] {processor.py:840} INFO - DAG(s) 'example_python_operator' retrieved from /Users/vamseekrishna/Desktop/F1_Data_Warehouse/f1datawarehouse/lib/python3.9/site-packages/airflow/example_dags/example_python_operator.py
[2024-02-24T16:53:39.210-0600] {logging_mixin.py:188} INFO - [2024-02-24T16:53:39.210-0600] {dag.py:3036} INFO - Sync 1 DAGs
[2024-02-24T16:53:39.215-0600] {logging_mixin.py:188} INFO - [2024-02-24T16:53:39.215-0600] {dag.py:3823} INFO - Setting next_dagrun for example_python_operator to None, run_after=None
[2024-02-24T16:53:39.223-0600] {processor.py:183} INFO - Processing /Users/vamseekrishna/Desktop/F1_Data_Warehouse/f1datawarehouse/lib/python3.9/site-packages/airflow/example_dags/example_python_operator.py took 0.100 seconds
[2024-02-24T16:55:49.241-0600] {processor.py:161} INFO - Started process (PID=92717) to work on /Users/vamseekrishna/Desktop/F1_Data_Warehouse/f1datawarehouse/lib/python3.9/site-packages/airflow/example_dags/example_python_operator.py
[2024-02-24T16:55:49.243-0600] {processor.py:830} INFO - Processing file /Users/vamseekrishna/Desktop/F1_Data_Warehouse/f1datawarehouse/lib/python3.9/site-packages/airflow/example_dags/example_python_operator.py for tasks to queue
[2024-02-24T16:55:49.244-0600] {logging_mixin.py:188} INFO - [2024-02-24T16:55:49.244-0600] {dagbag.py:538} INFO - Filling up the DagBag from /Users/vamseekrishna/Desktop/F1_Data_Warehouse/f1datawarehouse/lib/python3.9/site-packages/airflow/example_dags/example_python_operator.py
[2024-02-24T16:55:49.254-0600] {logging_mixin.py:188} INFO - [2024-02-24T16:55:49.254-0600] {example_python_operator.py:88} WARNING - The virtalenv_python example task requires virtualenv, please install it.
[2024-02-24T16:55:49.256-0600] {processor.py:840} INFO - DAG(s) 'example_python_operator' retrieved from /Users/vamseekrishna/Desktop/F1_Data_Warehouse/f1datawarehouse/lib/python3.9/site-packages/airflow/example_dags/example_python_operator.py
[2024-02-24T16:55:49.328-0600] {logging_mixin.py:188} INFO - [2024-02-24T16:55:49.328-0600] {dag.py:3036} INFO - Sync 1 DAGs
[2024-02-24T16:55:49.332-0600] {logging_mixin.py:188} INFO - [2024-02-24T16:55:49.332-0600] {dag.py:3823} INFO - Setting next_dagrun for example_python_operator to None, run_after=None
[2024-02-24T16:55:49.339-0600] {processor.py:183} INFO - Processing /Users/vamseekrishna/Desktop/F1_Data_Warehouse/f1datawarehouse/lib/python3.9/site-packages/airflow/example_dags/example_python_operator.py took 0.099 seconds
[2024-02-24T16:57:51.511-0600] {processor.py:161} INFO - Started process (PID=92891) to work on /Users/vamseekrishna/Desktop/F1_Data_Warehouse/f1datawarehouse/lib/python3.9/site-packages/airflow/example_dags/example_python_operator.py
[2024-02-24T16:57:51.512-0600] {processor.py:830} INFO - Processing file /Users/vamseekrishna/Desktop/F1_Data_Warehouse/f1datawarehouse/lib/python3.9/site-packages/airflow/example_dags/example_python_operator.py for tasks to queue
[2024-02-24T16:57:51.513-0600] {logging_mixin.py:188} INFO - [2024-02-24T16:57:51.513-0600] {dagbag.py:538} INFO - Filling up the DagBag from /Users/vamseekrishna/Desktop/F1_Data_Warehouse/f1datawarehouse/lib/python3.9/site-packages/airflow/example_dags/example_python_operator.py
[2024-02-24T16:57:51.523-0600] {logging_mixin.py:188} INFO - [2024-02-24T16:57:51.523-0600] {example_python_operator.py:88} WARNING - The virtalenv_python example task requires virtualenv, please install it.
[2024-02-24T16:57:51.525-0600] {processor.py:840} INFO - DAG(s) 'example_python_operator' retrieved from /Users/vamseekrishna/Desktop/F1_Data_Warehouse/f1datawarehouse/lib/python3.9/site-packages/airflow/example_dags/example_python_operator.py
[2024-02-24T16:57:51.598-0600] {logging_mixin.py:188} INFO - [2024-02-24T16:57:51.598-0600] {dag.py:3036} INFO - Sync 1 DAGs
[2024-02-24T16:57:51.602-0600] {logging_mixin.py:188} INFO - [2024-02-24T16:57:51.602-0600] {dag.py:3823} INFO - Setting next_dagrun for example_python_operator to None, run_after=None
[2024-02-24T16:57:51.609-0600] {processor.py:183} INFO - Processing /Users/vamseekrishna/Desktop/F1_Data_Warehouse/f1datawarehouse/lib/python3.9/site-packages/airflow/example_dags/example_python_operator.py took 0.099 seconds
[2024-02-24T16:59:51.700-0600] {processor.py:161} INFO - Started process (PID=93048) to work on /Users/vamseekrishna/Desktop/F1_Data_Warehouse/f1datawarehouse/lib/python3.9/site-packages/airflow/example_dags/example_python_operator.py
[2024-02-24T16:59:51.706-0600] {processor.py:830} INFO - Processing file /Users/vamseekrishna/Desktop/F1_Data_Warehouse/f1datawarehouse/lib/python3.9/site-packages/airflow/example_dags/example_python_operator.py for tasks to queue
[2024-02-24T16:59:51.707-0600] {logging_mixin.py:188} INFO - [2024-02-24T16:59:51.707-0600] {dagbag.py:538} INFO - Filling up the DagBag from /Users/vamseekrishna/Desktop/F1_Data_Warehouse/f1datawarehouse/lib/python3.9/site-packages/airflow/example_dags/example_python_operator.py
[2024-02-24T16:59:51.721-0600] {logging_mixin.py:188} INFO - [2024-02-24T16:59:51.721-0600] {example_python_operator.py:88} WARNING - The virtalenv_python example task requires virtualenv, please install it.
[2024-02-24T16:59:51.723-0600] {processor.py:840} INFO - DAG(s) 'example_python_operator' retrieved from /Users/vamseekrishna/Desktop/F1_Data_Warehouse/f1datawarehouse/lib/python3.9/site-packages/airflow/example_dags/example_python_operator.py
[2024-02-24T16:59:51.810-0600] {logging_mixin.py:188} INFO - [2024-02-24T16:59:51.810-0600] {dag.py:3036} INFO - Sync 1 DAGs
[2024-02-24T16:59:51.814-0600] {logging_mixin.py:188} INFO - [2024-02-24T16:59:51.814-0600] {dag.py:3823} INFO - Setting next_dagrun for example_python_operator to None, run_after=None
[2024-02-24T16:59:51.827-0600] {processor.py:183} INFO - Processing /Users/vamseekrishna/Desktop/F1_Data_Warehouse/f1datawarehouse/lib/python3.9/site-packages/airflow/example_dags/example_python_operator.py took 0.130 seconds
[2024-02-24T17:01:57.502-0600] {processor.py:161} INFO - Started process (PID=93250) to work on /Users/vamseekrishna/Desktop/F1_Data_Warehouse/f1datawarehouse/lib/python3.9/site-packages/airflow/example_dags/example_python_operator.py
[2024-02-24T17:01:57.504-0600] {processor.py:830} INFO - Processing file /Users/vamseekrishna/Desktop/F1_Data_Warehouse/f1datawarehouse/lib/python3.9/site-packages/airflow/example_dags/example_python_operator.py for tasks to queue
[2024-02-24T17:01:57.504-0600] {logging_mixin.py:188} INFO - [2024-02-24T17:01:57.504-0600] {dagbag.py:538} INFO - Filling up the DagBag from /Users/vamseekrishna/Desktop/F1_Data_Warehouse/f1datawarehouse/lib/python3.9/site-packages/airflow/example_dags/example_python_operator.py
[2024-02-24T17:01:57.515-0600] {logging_mixin.py:188} INFO - [2024-02-24T17:01:57.515-0600] {example_python_operator.py:88} WARNING - The virtalenv_python example task requires virtualenv, please install it.
[2024-02-24T17:01:57.517-0600] {processor.py:840} INFO - DAG(s) 'example_python_operator' retrieved from /Users/vamseekrishna/Desktop/F1_Data_Warehouse/f1datawarehouse/lib/python3.9/site-packages/airflow/example_dags/example_python_operator.py
[2024-02-24T17:01:57.587-0600] {logging_mixin.py:188} INFO - [2024-02-24T17:01:57.587-0600] {dag.py:3036} INFO - Sync 1 DAGs
[2024-02-24T17:01:57.591-0600] {logging_mixin.py:188} INFO - [2024-02-24T17:01:57.591-0600] {dag.py:3823} INFO - Setting next_dagrun for example_python_operator to None, run_after=None
[2024-02-24T17:01:57.599-0600] {processor.py:183} INFO - Processing /Users/vamseekrishna/Desktop/F1_Data_Warehouse/f1datawarehouse/lib/python3.9/site-packages/airflow/example_dags/example_python_operator.py took 0.097 seconds
[2024-02-24T17:03:51.781-0600] {processor.py:161} INFO - Started process (PID=93383) to work on /Users/vamseekrishna/Desktop/F1_Data_Warehouse/f1datawarehouse/lib/python3.9/site-packages/airflow/example_dags/example_python_operator.py
[2024-02-24T17:03:51.783-0600] {processor.py:830} INFO - Processing file /Users/vamseekrishna/Desktop/F1_Data_Warehouse/f1datawarehouse/lib/python3.9/site-packages/airflow/example_dags/example_python_operator.py for tasks to queue
[2024-02-24T17:03:51.783-0600] {logging_mixin.py:188} INFO - [2024-02-24T17:03:51.783-0600] {dagbag.py:538} INFO - Filling up the DagBag from /Users/vamseekrishna/Desktop/F1_Data_Warehouse/f1datawarehouse/lib/python3.9/site-packages/airflow/example_dags/example_python_operator.py
[2024-02-24T17:03:51.802-0600] {logging_mixin.py:188} INFO - [2024-02-24T17:03:51.802-0600] {example_python_operator.py:88} WARNING - The virtalenv_python example task requires virtualenv, please install it.
[2024-02-24T17:03:51.805-0600] {processor.py:840} INFO - DAG(s) 'example_python_operator' retrieved from /Users/vamseekrishna/Desktop/F1_Data_Warehouse/f1datawarehouse/lib/python3.9/site-packages/airflow/example_dags/example_python_operator.py
[2024-02-24T17:03:51.892-0600] {logging_mixin.py:188} INFO - [2024-02-24T17:03:51.891-0600] {dag.py:3036} INFO - Sync 1 DAGs
[2024-02-24T17:03:51.896-0600] {logging_mixin.py:188} INFO - [2024-02-24T17:03:51.896-0600] {dag.py:3823} INFO - Setting next_dagrun for example_python_operator to None, run_after=None
[2024-02-24T17:03:51.904-0600] {processor.py:183} INFO - Processing /Users/vamseekrishna/Desktop/F1_Data_Warehouse/f1datawarehouse/lib/python3.9/site-packages/airflow/example_dags/example_python_operator.py took 0.124 seconds
[2024-02-24T17:06:00.694-0600] {processor.py:161} INFO - Started process (PID=93526) to work on /Users/vamseekrishna/Desktop/F1_Data_Warehouse/f1datawarehouse/lib/python3.9/site-packages/airflow/example_dags/example_python_operator.py
[2024-02-24T17:06:00.696-0600] {processor.py:830} INFO - Processing file /Users/vamseekrishna/Desktop/F1_Data_Warehouse/f1datawarehouse/lib/python3.9/site-packages/airflow/example_dags/example_python_operator.py for tasks to queue
[2024-02-24T17:06:00.696-0600] {logging_mixin.py:188} INFO - [2024-02-24T17:06:00.696-0600] {dagbag.py:538} INFO - Filling up the DagBag from /Users/vamseekrishna/Desktop/F1_Data_Warehouse/f1datawarehouse/lib/python3.9/site-packages/airflow/example_dags/example_python_operator.py
[2024-02-24T17:06:00.706-0600] {logging_mixin.py:188} INFO - [2024-02-24T17:06:00.706-0600] {example_python_operator.py:88} WARNING - The virtalenv_python example task requires virtualenv, please install it.
[2024-02-24T17:06:00.708-0600] {processor.py:840} INFO - DAG(s) 'example_python_operator' retrieved from /Users/vamseekrishna/Desktop/F1_Data_Warehouse/f1datawarehouse/lib/python3.9/site-packages/airflow/example_dags/example_python_operator.py
[2024-02-24T17:06:00.779-0600] {logging_mixin.py:188} INFO - [2024-02-24T17:06:00.779-0600] {dag.py:3036} INFO - Sync 1 DAGs
[2024-02-24T17:06:00.783-0600] {logging_mixin.py:188} INFO - [2024-02-24T17:06:00.783-0600] {dag.py:3823} INFO - Setting next_dagrun for example_python_operator to None, run_after=None
[2024-02-24T17:06:00.791-0600] {processor.py:183} INFO - Processing /Users/vamseekrishna/Desktop/F1_Data_Warehouse/f1datawarehouse/lib/python3.9/site-packages/airflow/example_dags/example_python_operator.py took 0.098 seconds
[2024-02-24T17:08:00.666-0600] {processor.py:161} INFO - Started process (PID=93623) to work on /Users/vamseekrishna/Desktop/F1_Data_Warehouse/f1datawarehouse/lib/python3.9/site-packages/airflow/example_dags/example_python_operator.py
[2024-02-24T17:08:00.668-0600] {processor.py:830} INFO - Processing file /Users/vamseekrishna/Desktop/F1_Data_Warehouse/f1datawarehouse/lib/python3.9/site-packages/airflow/example_dags/example_python_operator.py for tasks to queue
[2024-02-24T17:08:00.668-0600] {logging_mixin.py:188} INFO - [2024-02-24T17:08:00.668-0600] {dagbag.py:538} INFO - Filling up the DagBag from /Users/vamseekrishna/Desktop/F1_Data_Warehouse/f1datawarehouse/lib/python3.9/site-packages/airflow/example_dags/example_python_operator.py
[2024-02-24T17:08:00.680-0600] {logging_mixin.py:188} INFO - [2024-02-24T17:08:00.680-0600] {example_python_operator.py:88} WARNING - The virtalenv_python example task requires virtualenv, please install it.
[2024-02-24T17:08:00.682-0600] {processor.py:840} INFO - DAG(s) 'example_python_operator' retrieved from /Users/vamseekrishna/Desktop/F1_Data_Warehouse/f1datawarehouse/lib/python3.9/site-packages/airflow/example_dags/example_python_operator.py
[2024-02-24T17:08:00.760-0600] {logging_mixin.py:188} INFO - [2024-02-24T17:08:00.760-0600] {dag.py:3036} INFO - Sync 1 DAGs
[2024-02-24T17:08:00.765-0600] {logging_mixin.py:188} INFO - [2024-02-24T17:08:00.764-0600] {dag.py:3823} INFO - Setting next_dagrun for example_python_operator to None, run_after=None
[2024-02-24T17:08:00.773-0600] {processor.py:183} INFO - Processing /Users/vamseekrishna/Desktop/F1_Data_Warehouse/f1datawarehouse/lib/python3.9/site-packages/airflow/example_dags/example_python_operator.py took 0.107 seconds
[2024-02-24T17:10:07.312-0600] {processor.py:161} INFO - Started process (PID=93738) to work on /Users/vamseekrishna/Desktop/F1_Data_Warehouse/f1datawarehouse/lib/python3.9/site-packages/airflow/example_dags/example_python_operator.py
[2024-02-24T17:10:07.315-0600] {processor.py:830} INFO - Processing file /Users/vamseekrishna/Desktop/F1_Data_Warehouse/f1datawarehouse/lib/python3.9/site-packages/airflow/example_dags/example_python_operator.py for tasks to queue
[2024-02-24T17:10:07.316-0600] {logging_mixin.py:188} INFO - [2024-02-24T17:10:07.316-0600] {dagbag.py:538} INFO - Filling up the DagBag from /Users/vamseekrishna/Desktop/F1_Data_Warehouse/f1datawarehouse/lib/python3.9/site-packages/airflow/example_dags/example_python_operator.py
[2024-02-24T17:10:07.328-0600] {logging_mixin.py:188} INFO - [2024-02-24T17:10:07.328-0600] {example_python_operator.py:88} WARNING - The virtalenv_python example task requires virtualenv, please install it.
[2024-02-24T17:10:07.330-0600] {processor.py:840} INFO - DAG(s) 'example_python_operator' retrieved from /Users/vamseekrishna/Desktop/F1_Data_Warehouse/f1datawarehouse/lib/python3.9/site-packages/airflow/example_dags/example_python_operator.py
[2024-02-24T17:10:07.416-0600] {logging_mixin.py:188} INFO - [2024-02-24T17:10:07.416-0600] {dag.py:3036} INFO - Sync 1 DAGs
[2024-02-24T17:10:07.421-0600] {logging_mixin.py:188} INFO - [2024-02-24T17:10:07.421-0600] {dag.py:3823} INFO - Setting next_dagrun for example_python_operator to None, run_after=None
[2024-02-24T17:10:07.429-0600] {processor.py:183} INFO - Processing /Users/vamseekrishna/Desktop/F1_Data_Warehouse/f1datawarehouse/lib/python3.9/site-packages/airflow/example_dags/example_python_operator.py took 0.117 seconds
[2024-02-24T17:12:18.184-0600] {processor.py:161} INFO - Started process (PID=93852) to work on /Users/vamseekrishna/Desktop/F1_Data_Warehouse/f1datawarehouse/lib/python3.9/site-packages/airflow/example_dags/example_python_operator.py
[2024-02-24T17:12:18.185-0600] {processor.py:830} INFO - Processing file /Users/vamseekrishna/Desktop/F1_Data_Warehouse/f1datawarehouse/lib/python3.9/site-packages/airflow/example_dags/example_python_operator.py for tasks to queue
[2024-02-24T17:12:18.186-0600] {logging_mixin.py:188} INFO - [2024-02-24T17:12:18.186-0600] {dagbag.py:538} INFO - Filling up the DagBag from /Users/vamseekrishna/Desktop/F1_Data_Warehouse/f1datawarehouse/lib/python3.9/site-packages/airflow/example_dags/example_python_operator.py
[2024-02-24T17:12:18.196-0600] {logging_mixin.py:188} INFO - [2024-02-24T17:12:18.196-0600] {example_python_operator.py:88} WARNING - The virtalenv_python example task requires virtualenv, please install it.
[2024-02-24T17:12:18.198-0600] {processor.py:840} INFO - DAG(s) 'example_python_operator' retrieved from /Users/vamseekrishna/Desktop/F1_Data_Warehouse/f1datawarehouse/lib/python3.9/site-packages/airflow/example_dags/example_python_operator.py
[2024-02-24T17:12:18.269-0600] {logging_mixin.py:188} INFO - [2024-02-24T17:12:18.269-0600] {dag.py:3036} INFO - Sync 1 DAGs
[2024-02-24T17:12:18.272-0600] {logging_mixin.py:188} INFO - [2024-02-24T17:12:18.272-0600] {dag.py:3823} INFO - Setting next_dagrun for example_python_operator to None, run_after=None
[2024-02-24T17:12:18.280-0600] {processor.py:183} INFO - Processing /Users/vamseekrishna/Desktop/F1_Data_Warehouse/f1datawarehouse/lib/python3.9/site-packages/airflow/example_dags/example_python_operator.py took 0.097 seconds
[2024-02-24T17:14:24.466-0600] {processor.py:161} INFO - Started process (PID=94002) to work on /Users/vamseekrishna/Desktop/F1_Data_Warehouse/f1datawarehouse/lib/python3.9/site-packages/airflow/example_dags/example_python_operator.py
[2024-02-24T17:14:24.468-0600] {processor.py:830} INFO - Processing file /Users/vamseekrishna/Desktop/F1_Data_Warehouse/f1datawarehouse/lib/python3.9/site-packages/airflow/example_dags/example_python_operator.py for tasks to queue
[2024-02-24T17:14:24.469-0600] {logging_mixin.py:188} INFO - [2024-02-24T17:14:24.468-0600] {dagbag.py:538} INFO - Filling up the DagBag from /Users/vamseekrishna/Desktop/F1_Data_Warehouse/f1datawarehouse/lib/python3.9/site-packages/airflow/example_dags/example_python_operator.py
[2024-02-24T17:14:24.480-0600] {logging_mixin.py:188} INFO - [2024-02-24T17:14:24.479-0600] {example_python_operator.py:88} WARNING - The virtalenv_python example task requires virtualenv, please install it.
[2024-02-24T17:14:24.482-0600] {processor.py:840} INFO - DAG(s) 'example_python_operator' retrieved from /Users/vamseekrishna/Desktop/F1_Data_Warehouse/f1datawarehouse/lib/python3.9/site-packages/airflow/example_dags/example_python_operator.py
[2024-02-24T17:14:24.563-0600] {logging_mixin.py:188} INFO - [2024-02-24T17:14:24.563-0600] {dag.py:3036} INFO - Sync 1 DAGs
[2024-02-24T17:14:24.568-0600] {logging_mixin.py:188} INFO - [2024-02-24T17:14:24.568-0600] {dag.py:3823} INFO - Setting next_dagrun for example_python_operator to None, run_after=None
[2024-02-24T17:14:24.577-0600] {processor.py:183} INFO - Processing /Users/vamseekrishna/Desktop/F1_Data_Warehouse/f1datawarehouse/lib/python3.9/site-packages/airflow/example_dags/example_python_operator.py took 0.111 seconds
[2024-02-24T17:16:30.500-0600] {processor.py:161} INFO - Started process (PID=94111) to work on /Users/vamseekrishna/Desktop/F1_Data_Warehouse/f1datawarehouse/lib/python3.9/site-packages/airflow/example_dags/example_python_operator.py
[2024-02-24T17:16:30.501-0600] {processor.py:830} INFO - Processing file /Users/vamseekrishna/Desktop/F1_Data_Warehouse/f1datawarehouse/lib/python3.9/site-packages/airflow/example_dags/example_python_operator.py for tasks to queue
[2024-02-24T17:16:30.502-0600] {logging_mixin.py:188} INFO - [2024-02-24T17:16:30.502-0600] {dagbag.py:538} INFO - Filling up the DagBag from /Users/vamseekrishna/Desktop/F1_Data_Warehouse/f1datawarehouse/lib/python3.9/site-packages/airflow/example_dags/example_python_operator.py
[2024-02-24T17:16:30.512-0600] {logging_mixin.py:188} INFO - [2024-02-24T17:16:30.512-0600] {example_python_operator.py:88} WARNING - The virtalenv_python example task requires virtualenv, please install it.
[2024-02-24T17:16:30.514-0600] {processor.py:840} INFO - DAG(s) 'example_python_operator' retrieved from /Users/vamseekrishna/Desktop/F1_Data_Warehouse/f1datawarehouse/lib/python3.9/site-packages/airflow/example_dags/example_python_operator.py
[2024-02-24T17:16:30.584-0600] {logging_mixin.py:188} INFO - [2024-02-24T17:16:30.584-0600] {dag.py:3036} INFO - Sync 1 DAGs
[2024-02-24T17:16:30.588-0600] {logging_mixin.py:188} INFO - [2024-02-24T17:16:30.588-0600] {dag.py:3823} INFO - Setting next_dagrun for example_python_operator to None, run_after=None
[2024-02-24T17:16:30.596-0600] {processor.py:183} INFO - Processing /Users/vamseekrishna/Desktop/F1_Data_Warehouse/f1datawarehouse/lib/python3.9/site-packages/airflow/example_dags/example_python_operator.py took 0.096 seconds
[2024-02-24T17:18:29.383-0600] {processor.py:161} INFO - Started process (PID=94207) to work on /Users/vamseekrishna/Desktop/F1_Data_Warehouse/f1datawarehouse/lib/python3.9/site-packages/airflow/example_dags/example_python_operator.py
[2024-02-24T17:18:29.385-0600] {processor.py:830} INFO - Processing file /Users/vamseekrishna/Desktop/F1_Data_Warehouse/f1datawarehouse/lib/python3.9/site-packages/airflow/example_dags/example_python_operator.py for tasks to queue
[2024-02-24T17:18:29.385-0600] {logging_mixin.py:188} INFO - [2024-02-24T17:18:29.385-0600] {dagbag.py:538} INFO - Filling up the DagBag from /Users/vamseekrishna/Desktop/F1_Data_Warehouse/f1datawarehouse/lib/python3.9/site-packages/airflow/example_dags/example_python_operator.py
[2024-02-24T17:18:29.395-0600] {logging_mixin.py:188} INFO - [2024-02-24T17:18:29.395-0600] {example_python_operator.py:88} WARNING - The virtalenv_python example task requires virtualenv, please install it.
[2024-02-24T17:18:29.397-0600] {processor.py:840} INFO - DAG(s) 'example_python_operator' retrieved from /Users/vamseekrishna/Desktop/F1_Data_Warehouse/f1datawarehouse/lib/python3.9/site-packages/airflow/example_dags/example_python_operator.py
[2024-02-24T17:18:29.468-0600] {logging_mixin.py:188} INFO - [2024-02-24T17:18:29.468-0600] {dag.py:3036} INFO - Sync 1 DAGs
[2024-02-24T17:18:29.472-0600] {logging_mixin.py:188} INFO - [2024-02-24T17:18:29.472-0600] {dag.py:3823} INFO - Setting next_dagrun for example_python_operator to None, run_after=None
[2024-02-24T17:18:29.485-0600] {processor.py:183} INFO - Processing /Users/vamseekrishna/Desktop/F1_Data_Warehouse/f1datawarehouse/lib/python3.9/site-packages/airflow/example_dags/example_python_operator.py took 0.102 seconds
[2024-02-24T17:20:29.251-0600] {processor.py:161} INFO - Started process (PID=94308) to work on /Users/vamseekrishna/Desktop/F1_Data_Warehouse/f1datawarehouse/lib/python3.9/site-packages/airflow/example_dags/example_python_operator.py
[2024-02-24T17:20:29.254-0600] {processor.py:830} INFO - Processing file /Users/vamseekrishna/Desktop/F1_Data_Warehouse/f1datawarehouse/lib/python3.9/site-packages/airflow/example_dags/example_python_operator.py for tasks to queue
[2024-02-24T17:20:29.254-0600] {logging_mixin.py:188} INFO - [2024-02-24T17:20:29.254-0600] {dagbag.py:538} INFO - Filling up the DagBag from /Users/vamseekrishna/Desktop/F1_Data_Warehouse/f1datawarehouse/lib/python3.9/site-packages/airflow/example_dags/example_python_operator.py
[2024-02-24T17:20:29.266-0600] {logging_mixin.py:188} INFO - [2024-02-24T17:20:29.266-0600] {example_python_operator.py:88} WARNING - The virtalenv_python example task requires virtualenv, please install it.
[2024-02-24T17:20:29.268-0600] {processor.py:840} INFO - DAG(s) 'example_python_operator' retrieved from /Users/vamseekrishna/Desktop/F1_Data_Warehouse/f1datawarehouse/lib/python3.9/site-packages/airflow/example_dags/example_python_operator.py
[2024-02-24T17:20:29.345-0600] {logging_mixin.py:188} INFO - [2024-02-24T17:20:29.345-0600] {dag.py:3036} INFO - Sync 1 DAGs
[2024-02-24T17:20:29.349-0600] {logging_mixin.py:188} INFO - [2024-02-24T17:20:29.349-0600] {dag.py:3823} INFO - Setting next_dagrun for example_python_operator to None, run_after=None
[2024-02-24T17:20:29.358-0600] {processor.py:183} INFO - Processing /Users/vamseekrishna/Desktop/F1_Data_Warehouse/f1datawarehouse/lib/python3.9/site-packages/airflow/example_dags/example_python_operator.py took 0.108 seconds
[2024-02-24T17:22:28.721-0600] {processor.py:161} INFO - Started process (PID=94486) to work on /Users/vamseekrishna/Desktop/F1_Data_Warehouse/f1datawarehouse/lib/python3.9/site-packages/airflow/example_dags/example_python_operator.py
[2024-02-24T17:22:28.723-0600] {processor.py:830} INFO - Processing file /Users/vamseekrishna/Desktop/F1_Data_Warehouse/f1datawarehouse/lib/python3.9/site-packages/airflow/example_dags/example_python_operator.py for tasks to queue
[2024-02-24T17:22:28.723-0600] {logging_mixin.py:188} INFO - [2024-02-24T17:22:28.723-0600] {dagbag.py:538} INFO - Filling up the DagBag from /Users/vamseekrishna/Desktop/F1_Data_Warehouse/f1datawarehouse/lib/python3.9/site-packages/airflow/example_dags/example_python_operator.py
[2024-02-24T17:22:28.733-0600] {logging_mixin.py:188} INFO - [2024-02-24T17:22:28.733-0600] {example_python_operator.py:88} WARNING - The virtalenv_python example task requires virtualenv, please install it.
[2024-02-24T17:22:28.735-0600] {processor.py:840} INFO - DAG(s) 'example_python_operator' retrieved from /Users/vamseekrishna/Desktop/F1_Data_Warehouse/f1datawarehouse/lib/python3.9/site-packages/airflow/example_dags/example_python_operator.py
[2024-02-24T17:22:28.809-0600] {logging_mixin.py:188} INFO - [2024-02-24T17:22:28.809-0600] {dag.py:3036} INFO - Sync 1 DAGs
[2024-02-24T17:22:28.812-0600] {logging_mixin.py:188} INFO - [2024-02-24T17:22:28.812-0600] {dag.py:3823} INFO - Setting next_dagrun for example_python_operator to None, run_after=None
[2024-02-24T17:22:28.820-0600] {processor.py:183} INFO - Processing /Users/vamseekrishna/Desktop/F1_Data_Warehouse/f1datawarehouse/lib/python3.9/site-packages/airflow/example_dags/example_python_operator.py took 0.100 seconds
[2024-02-24T17:24:36.323-0600] {processor.py:161} INFO - Started process (PID=94666) to work on /Users/vamseekrishna/Desktop/F1_Data_Warehouse/f1datawarehouse/lib/python3.9/site-packages/airflow/example_dags/example_python_operator.py
[2024-02-24T17:24:36.331-0600] {processor.py:830} INFO - Processing file /Users/vamseekrishna/Desktop/F1_Data_Warehouse/f1datawarehouse/lib/python3.9/site-packages/airflow/example_dags/example_python_operator.py for tasks to queue
[2024-02-24T17:24:36.332-0600] {logging_mixin.py:188} INFO - [2024-02-24T17:24:36.332-0600] {dagbag.py:538} INFO - Filling up the DagBag from /Users/vamseekrishna/Desktop/F1_Data_Warehouse/f1datawarehouse/lib/python3.9/site-packages/airflow/example_dags/example_python_operator.py
[2024-02-24T17:24:36.358-0600] {logging_mixin.py:188} INFO - [2024-02-24T17:24:36.358-0600] {example_python_operator.py:88} WARNING - The virtalenv_python example task requires virtualenv, please install it.
[2024-02-24T17:24:36.360-0600] {processor.py:840} INFO - DAG(s) 'example_python_operator' retrieved from /Users/vamseekrishna/Desktop/F1_Data_Warehouse/f1datawarehouse/lib/python3.9/site-packages/airflow/example_dags/example_python_operator.py
[2024-02-24T17:24:36.438-0600] {logging_mixin.py:188} INFO - [2024-02-24T17:24:36.437-0600] {dag.py:3036} INFO - Sync 1 DAGs
[2024-02-24T17:24:36.443-0600] {logging_mixin.py:188} INFO - [2024-02-24T17:24:36.443-0600] {dag.py:3823} INFO - Setting next_dagrun for example_python_operator to None, run_after=None
[2024-02-24T17:24:36.452-0600] {processor.py:183} INFO - Processing /Users/vamseekrishna/Desktop/F1_Data_Warehouse/f1datawarehouse/lib/python3.9/site-packages/airflow/example_dags/example_python_operator.py took 0.130 seconds
[2024-02-24T17:26:37.750-0600] {processor.py:161} INFO - Started process (PID=94763) to work on /Users/vamseekrishna/Desktop/F1_Data_Warehouse/f1datawarehouse/lib/python3.9/site-packages/airflow/example_dags/example_python_operator.py
[2024-02-24T17:26:37.753-0600] {processor.py:830} INFO - Processing file /Users/vamseekrishna/Desktop/F1_Data_Warehouse/f1datawarehouse/lib/python3.9/site-packages/airflow/example_dags/example_python_operator.py for tasks to queue
[2024-02-24T17:26:37.753-0600] {logging_mixin.py:188} INFO - [2024-02-24T17:26:37.753-0600] {dagbag.py:538} INFO - Filling up the DagBag from /Users/vamseekrishna/Desktop/F1_Data_Warehouse/f1datawarehouse/lib/python3.9/site-packages/airflow/example_dags/example_python_operator.py
[2024-02-24T17:26:37.763-0600] {logging_mixin.py:188} INFO - [2024-02-24T17:26:37.763-0600] {example_python_operator.py:88} WARNING - The virtalenv_python example task requires virtualenv, please install it.
[2024-02-24T17:26:37.764-0600] {processor.py:840} INFO - DAG(s) 'example_python_operator' retrieved from /Users/vamseekrishna/Desktop/F1_Data_Warehouse/f1datawarehouse/lib/python3.9/site-packages/airflow/example_dags/example_python_operator.py
[2024-02-24T17:26:37.811-0600] {logging_mixin.py:188} INFO - [2024-02-24T17:26:37.811-0600] {dag.py:3036} INFO - Sync 1 DAGs
[2024-02-24T17:26:37.815-0600] {logging_mixin.py:188} INFO - [2024-02-24T17:26:37.815-0600] {dag.py:3823} INFO - Setting next_dagrun for example_python_operator to None, run_after=None
[2024-02-24T17:26:37.823-0600] {processor.py:183} INFO - Processing /Users/vamseekrishna/Desktop/F1_Data_Warehouse/f1datawarehouse/lib/python3.9/site-packages/airflow/example_dags/example_python_operator.py took 0.073 seconds
[2024-02-24T17:28:39.374-0600] {processor.py:161} INFO - Started process (PID=94857) to work on /Users/vamseekrishna/Desktop/F1_Data_Warehouse/f1datawarehouse/lib/python3.9/site-packages/airflow/example_dags/example_python_operator.py
[2024-02-24T17:28:39.376-0600] {processor.py:830} INFO - Processing file /Users/vamseekrishna/Desktop/F1_Data_Warehouse/f1datawarehouse/lib/python3.9/site-packages/airflow/example_dags/example_python_operator.py for tasks to queue
[2024-02-24T17:28:39.376-0600] {logging_mixin.py:188} INFO - [2024-02-24T17:28:39.376-0600] {dagbag.py:538} INFO - Filling up the DagBag from /Users/vamseekrishna/Desktop/F1_Data_Warehouse/f1datawarehouse/lib/python3.9/site-packages/airflow/example_dags/example_python_operator.py
[2024-02-24T17:28:39.386-0600] {logging_mixin.py:188} INFO - [2024-02-24T17:28:39.386-0600] {example_python_operator.py:88} WARNING - The virtalenv_python example task requires virtualenv, please install it.
[2024-02-24T17:28:39.387-0600] {processor.py:840} INFO - DAG(s) 'example_python_operator' retrieved from /Users/vamseekrishna/Desktop/F1_Data_Warehouse/f1datawarehouse/lib/python3.9/site-packages/airflow/example_dags/example_python_operator.py
[2024-02-24T17:28:39.433-0600] {logging_mixin.py:188} INFO - [2024-02-24T17:28:39.433-0600] {dag.py:3036} INFO - Sync 1 DAGs
[2024-02-24T17:28:39.437-0600] {logging_mixin.py:188} INFO - [2024-02-24T17:28:39.436-0600] {dag.py:3823} INFO - Setting next_dagrun for example_python_operator to None, run_after=None
[2024-02-24T17:28:39.445-0600] {processor.py:183} INFO - Processing /Users/vamseekrishna/Desktop/F1_Data_Warehouse/f1datawarehouse/lib/python3.9/site-packages/airflow/example_dags/example_python_operator.py took 0.072 seconds
[2024-02-24T17:30:35.311-0600] {processor.py:161} INFO - Started process (PID=94946) to work on /Users/vamseekrishna/Desktop/F1_Data_Warehouse/f1datawarehouse/lib/python3.9/site-packages/airflow/example_dags/example_python_operator.py
[2024-02-24T17:30:35.313-0600] {processor.py:830} INFO - Processing file /Users/vamseekrishna/Desktop/F1_Data_Warehouse/f1datawarehouse/lib/python3.9/site-packages/airflow/example_dags/example_python_operator.py for tasks to queue
[2024-02-24T17:30:35.313-0600] {logging_mixin.py:188} INFO - [2024-02-24T17:30:35.313-0600] {dagbag.py:538} INFO - Filling up the DagBag from /Users/vamseekrishna/Desktop/F1_Data_Warehouse/f1datawarehouse/lib/python3.9/site-packages/airflow/example_dags/example_python_operator.py
[2024-02-24T17:30:35.323-0600] {logging_mixin.py:188} INFO - [2024-02-24T17:30:35.323-0600] {example_python_operator.py:88} WARNING - The virtalenv_python example task requires virtualenv, please install it.
[2024-02-24T17:30:35.325-0600] {processor.py:840} INFO - DAG(s) 'example_python_operator' retrieved from /Users/vamseekrishna/Desktop/F1_Data_Warehouse/f1datawarehouse/lib/python3.9/site-packages/airflow/example_dags/example_python_operator.py
[2024-02-24T17:30:35.370-0600] {logging_mixin.py:188} INFO - [2024-02-24T17:30:35.370-0600] {dag.py:3036} INFO - Sync 1 DAGs
[2024-02-24T17:30:35.374-0600] {logging_mixin.py:188} INFO - [2024-02-24T17:30:35.374-0600] {dag.py:3823} INFO - Setting next_dagrun for example_python_operator to None, run_after=None
[2024-02-24T17:30:35.381-0600] {processor.py:183} INFO - Processing /Users/vamseekrishna/Desktop/F1_Data_Warehouse/f1datawarehouse/lib/python3.9/site-packages/airflow/example_dags/example_python_operator.py took 0.071 seconds
[2024-02-24T17:32:34.054-0600] {processor.py:161} INFO - Started process (PID=95038) to work on /Users/vamseekrishna/Desktop/F1_Data_Warehouse/f1datawarehouse/lib/python3.9/site-packages/airflow/example_dags/example_python_operator.py
[2024-02-24T17:32:34.056-0600] {processor.py:830} INFO - Processing file /Users/vamseekrishna/Desktop/F1_Data_Warehouse/f1datawarehouse/lib/python3.9/site-packages/airflow/example_dags/example_python_operator.py for tasks to queue
[2024-02-24T17:32:34.056-0600] {logging_mixin.py:188} INFO - [2024-02-24T17:32:34.056-0600] {dagbag.py:538} INFO - Filling up the DagBag from /Users/vamseekrishna/Desktop/F1_Data_Warehouse/f1datawarehouse/lib/python3.9/site-packages/airflow/example_dags/example_python_operator.py
[2024-02-24T17:32:34.067-0600] {logging_mixin.py:188} INFO - [2024-02-24T17:32:34.067-0600] {example_python_operator.py:88} WARNING - The virtalenv_python example task requires virtualenv, please install it.
[2024-02-24T17:32:34.068-0600] {processor.py:840} INFO - DAG(s) 'example_python_operator' retrieved from /Users/vamseekrishna/Desktop/F1_Data_Warehouse/f1datawarehouse/lib/python3.9/site-packages/airflow/example_dags/example_python_operator.py
[2024-02-24T17:32:34.169-0600] {logging_mixin.py:188} INFO - [2024-02-24T17:32:34.168-0600] {dag.py:3036} INFO - Sync 1 DAGs
[2024-02-24T17:32:34.173-0600] {logging_mixin.py:188} INFO - [2024-02-24T17:32:34.173-0600] {dag.py:3823} INFO - Setting next_dagrun for example_python_operator to None, run_after=None
[2024-02-24T17:32:34.183-0600] {processor.py:183} INFO - Processing /Users/vamseekrishna/Desktop/F1_Data_Warehouse/f1datawarehouse/lib/python3.9/site-packages/airflow/example_dags/example_python_operator.py took 0.130 seconds
[2024-02-24T17:34:32.973-0600] {processor.py:161} INFO - Started process (PID=95143) to work on /Users/vamseekrishna/Desktop/F1_Data_Warehouse/f1datawarehouse/lib/python3.9/site-packages/airflow/example_dags/example_python_operator.py
[2024-02-24T17:34:32.974-0600] {processor.py:830} INFO - Processing file /Users/vamseekrishna/Desktop/F1_Data_Warehouse/f1datawarehouse/lib/python3.9/site-packages/airflow/example_dags/example_python_operator.py for tasks to queue
[2024-02-24T17:34:32.974-0600] {logging_mixin.py:188} INFO - [2024-02-24T17:34:32.974-0600] {dagbag.py:538} INFO - Filling up the DagBag from /Users/vamseekrishna/Desktop/F1_Data_Warehouse/f1datawarehouse/lib/python3.9/site-packages/airflow/example_dags/example_python_operator.py
[2024-02-24T17:34:32.984-0600] {logging_mixin.py:188} INFO - [2024-02-24T17:34:32.984-0600] {example_python_operator.py:88} WARNING - The virtalenv_python example task requires virtualenv, please install it.
[2024-02-24T17:34:32.986-0600] {processor.py:840} INFO - DAG(s) 'example_python_operator' retrieved from /Users/vamseekrishna/Desktop/F1_Data_Warehouse/f1datawarehouse/lib/python3.9/site-packages/airflow/example_dags/example_python_operator.py
[2024-02-24T17:34:33.032-0600] {logging_mixin.py:188} INFO - [2024-02-24T17:34:33.031-0600] {dag.py:3036} INFO - Sync 1 DAGs
[2024-02-24T17:34:33.035-0600] {logging_mixin.py:188} INFO - [2024-02-24T17:34:33.035-0600] {dag.py:3823} INFO - Setting next_dagrun for example_python_operator to None, run_after=None
[2024-02-24T17:34:33.043-0600] {processor.py:183} INFO - Processing /Users/vamseekrishna/Desktop/F1_Data_Warehouse/f1datawarehouse/lib/python3.9/site-packages/airflow/example_dags/example_python_operator.py took 0.071 seconds
[2024-02-24T17:36:29.672-0600] {processor.py:161} INFO - Started process (PID=95239) to work on /Users/vamseekrishna/Desktop/F1_Data_Warehouse/f1datawarehouse/lib/python3.9/site-packages/airflow/example_dags/example_python_operator.py
[2024-02-24T17:36:29.675-0600] {processor.py:830} INFO - Processing file /Users/vamseekrishna/Desktop/F1_Data_Warehouse/f1datawarehouse/lib/python3.9/site-packages/airflow/example_dags/example_python_operator.py for tasks to queue
[2024-02-24T17:36:29.675-0600] {logging_mixin.py:188} INFO - [2024-02-24T17:36:29.675-0600] {dagbag.py:538} INFO - Filling up the DagBag from /Users/vamseekrishna/Desktop/F1_Data_Warehouse/f1datawarehouse/lib/python3.9/site-packages/airflow/example_dags/example_python_operator.py
[2024-02-24T17:36:29.685-0600] {logging_mixin.py:188} INFO - [2024-02-24T17:36:29.685-0600] {example_python_operator.py:88} WARNING - The virtalenv_python example task requires virtualenv, please install it.
[2024-02-24T17:36:29.686-0600] {processor.py:840} INFO - DAG(s) 'example_python_operator' retrieved from /Users/vamseekrishna/Desktop/F1_Data_Warehouse/f1datawarehouse/lib/python3.9/site-packages/airflow/example_dags/example_python_operator.py
[2024-02-24T17:36:29.732-0600] {logging_mixin.py:188} INFO - [2024-02-24T17:36:29.732-0600] {dag.py:3036} INFO - Sync 1 DAGs
[2024-02-24T17:36:29.736-0600] {logging_mixin.py:188} INFO - [2024-02-24T17:36:29.736-0600] {dag.py:3823} INFO - Setting next_dagrun for example_python_operator to None, run_after=None
[2024-02-24T17:36:29.744-0600] {processor.py:183} INFO - Processing /Users/vamseekrishna/Desktop/F1_Data_Warehouse/f1datawarehouse/lib/python3.9/site-packages/airflow/example_dags/example_python_operator.py took 0.072 seconds
[2024-02-24T17:40:11.113-0600] {processor.py:161} INFO - Started process (PID=95474) to work on /Users/vamseekrishna/Desktop/F1_Data_Warehouse/f1datawarehouse/lib/python3.9/site-packages/airflow/example_dags/example_python_operator.py
[2024-02-24T17:40:11.114-0600] {processor.py:830} INFO - Processing file /Users/vamseekrishna/Desktop/F1_Data_Warehouse/f1datawarehouse/lib/python3.9/site-packages/airflow/example_dags/example_python_operator.py for tasks to queue
[2024-02-24T17:40:11.115-0600] {logging_mixin.py:188} INFO - [2024-02-24T17:40:11.115-0600] {dagbag.py:538} INFO - Filling up the DagBag from /Users/vamseekrishna/Desktop/F1_Data_Warehouse/f1datawarehouse/lib/python3.9/site-packages/airflow/example_dags/example_python_operator.py
[2024-02-24T17:40:11.126-0600] {logging_mixin.py:188} INFO - [2024-02-24T17:40:11.126-0600] {example_python_operator.py:88} WARNING - The virtalenv_python example task requires virtualenv, please install it.
[2024-02-24T17:40:11.127-0600] {processor.py:840} INFO - DAG(s) 'example_python_operator' retrieved from /Users/vamseekrishna/Desktop/F1_Data_Warehouse/f1datawarehouse/lib/python3.9/site-packages/airflow/example_dags/example_python_operator.py
[2024-02-24T17:40:11.174-0600] {logging_mixin.py:188} INFO - [2024-02-24T17:40:11.174-0600] {dag.py:3036} INFO - Sync 1 DAGs
[2024-02-24T17:40:11.178-0600] {logging_mixin.py:188} INFO - [2024-02-24T17:40:11.178-0600] {dag.py:3823} INFO - Setting next_dagrun for example_python_operator to None, run_after=None
[2024-02-24T17:40:11.185-0600] {processor.py:183} INFO - Processing /Users/vamseekrishna/Desktop/F1_Data_Warehouse/f1datawarehouse/lib/python3.9/site-packages/airflow/example_dags/example_python_operator.py took 0.073 seconds
