[2024-02-24T11:47:55.924-0600] {processor.py:161} INFO - Started process (PID=74979) to work on /Users/vamseekrishna/Desktop/F1_Data_Warehouse/f1datawarehouse/lib/python3.9/site-packages/airflow/example_dags/example_setup_teardown_taskflow.py
[2024-02-24T11:47:55.926-0600] {processor.py:830} INFO - Processing file /Users/vamseekrishna/Desktop/F1_Data_Warehouse/f1datawarehouse/lib/python3.9/site-packages/airflow/example_dags/example_setup_teardown_taskflow.py for tasks to queue
[2024-02-24T11:47:55.926-0600] {logging_mixin.py:188} INFO - [2024-02-24T11:47:55.926-0600] {dagbag.py:538} INFO - Filling up the DagBag from /Users/vamseekrishna/Desktop/F1_Data_Warehouse/f1datawarehouse/lib/python3.9/site-packages/airflow/example_dags/example_setup_teardown_taskflow.py
[2024-02-24T11:47:55.943-0600] {processor.py:840} INFO - DAG(s) 'example_setup_teardown_taskflow' retrieved from /Users/vamseekrishna/Desktop/F1_Data_Warehouse/f1datawarehouse/lib/python3.9/site-packages/airflow/example_dags/example_setup_teardown_taskflow.py
[2024-02-24T11:47:56.029-0600] {logging_mixin.py:188} INFO - [2024-02-24T11:47:56.028-0600] {override.py:1769} INFO - Created Permission View: can edit on DAG:example_setup_teardown_taskflow
[2024-02-24T11:47:56.032-0600] {logging_mixin.py:188} INFO - [2024-02-24T11:47:56.032-0600] {override.py:1769} INFO - Created Permission View: can delete on DAG:example_setup_teardown_taskflow
[2024-02-24T11:47:56.034-0600] {logging_mixin.py:188} INFO - [2024-02-24T11:47:56.034-0600] {override.py:1769} INFO - Created Permission View: can read on DAG:example_setup_teardown_taskflow
[2024-02-24T11:47:56.034-0600] {logging_mixin.py:188} INFO - [2024-02-24T11:47:56.034-0600] {dag.py:3036} INFO - Sync 1 DAGs
[2024-02-24T11:47:56.038-0600] {logging_mixin.py:188} INFO - [2024-02-24T11:47:56.038-0600] {dag.py:3058} INFO - Creating ORM DAG for example_setup_teardown_taskflow
[2024-02-24T11:47:56.043-0600] {logging_mixin.py:188} INFO - [2024-02-24T11:47:56.043-0600] {dag.py:3823} INFO - Setting next_dagrun for example_setup_teardown_taskflow to 2024-02-23 00:00:00+00:00, run_after=2024-02-24 00:00:00+00:00
[2024-02-24T11:47:56.052-0600] {processor.py:183} INFO - Processing /Users/vamseekrishna/Desktop/F1_Data_Warehouse/f1datawarehouse/lib/python3.9/site-packages/airflow/example_dags/example_setup_teardown_taskflow.py took 0.128 seconds
[2024-02-24T11:49:25.483-0600] {processor.py:161} INFO - Started process (PID=75131) to work on /Users/vamseekrishna/Desktop/F1_Data_Warehouse/f1datawarehouse/lib/python3.9/site-packages/airflow/example_dags/example_setup_teardown_taskflow.py
[2024-02-24T11:49:25.484-0600] {processor.py:830} INFO - Processing file /Users/vamseekrishna/Desktop/F1_Data_Warehouse/f1datawarehouse/lib/python3.9/site-packages/airflow/example_dags/example_setup_teardown_taskflow.py for tasks to queue
[2024-02-24T11:49:25.485-0600] {logging_mixin.py:188} INFO - [2024-02-24T11:49:25.484-0600] {dagbag.py:538} INFO - Filling up the DagBag from /Users/vamseekrishna/Desktop/F1_Data_Warehouse/f1datawarehouse/lib/python3.9/site-packages/airflow/example_dags/example_setup_teardown_taskflow.py
[2024-02-24T11:49:25.503-0600] {processor.py:840} INFO - DAG(s) 'example_setup_teardown_taskflow' retrieved from /Users/vamseekrishna/Desktop/F1_Data_Warehouse/f1datawarehouse/lib/python3.9/site-packages/airflow/example_dags/example_setup_teardown_taskflow.py
[2024-02-24T11:49:25.558-0600] {logging_mixin.py:188} INFO - [2024-02-24T11:49:25.557-0600] {dag.py:3036} INFO - Sync 1 DAGs
[2024-02-24T11:49:25.567-0600] {logging_mixin.py:188} INFO - [2024-02-24T11:49:25.567-0600] {dag.py:3823} INFO - Setting next_dagrun for example_setup_teardown_taskflow to 2024-02-23 00:00:00+00:00, run_after=2024-02-24 00:00:00+00:00
[2024-02-24T11:49:25.579-0600] {processor.py:183} INFO - Processing /Users/vamseekrishna/Desktop/F1_Data_Warehouse/f1datawarehouse/lib/python3.9/site-packages/airflow/example_dags/example_setup_teardown_taskflow.py took 0.097 seconds
[2024-02-24T11:51:33.613-0600] {processor.py:161} INFO - Started process (PID=75340) to work on /Users/vamseekrishna/Desktop/F1_Data_Warehouse/f1datawarehouse/lib/python3.9/site-packages/airflow/example_dags/example_setup_teardown_taskflow.py
[2024-02-24T11:51:33.617-0600] {processor.py:830} INFO - Processing file /Users/vamseekrishna/Desktop/F1_Data_Warehouse/f1datawarehouse/lib/python3.9/site-packages/airflow/example_dags/example_setup_teardown_taskflow.py for tasks to queue
[2024-02-24T11:51:33.617-0600] {logging_mixin.py:188} INFO - [2024-02-24T11:51:33.617-0600] {dagbag.py:538} INFO - Filling up the DagBag from /Users/vamseekrishna/Desktop/F1_Data_Warehouse/f1datawarehouse/lib/python3.9/site-packages/airflow/example_dags/example_setup_teardown_taskflow.py
[2024-02-24T11:51:33.694-0600] {processor.py:840} INFO - DAG(s) 'example_setup_teardown_taskflow' retrieved from /Users/vamseekrishna/Desktop/F1_Data_Warehouse/f1datawarehouse/lib/python3.9/site-packages/airflow/example_dags/example_setup_teardown_taskflow.py
[2024-02-24T11:51:33.836-0600] {logging_mixin.py:188} INFO - [2024-02-24T11:51:33.836-0600] {dag.py:3036} INFO - Sync 1 DAGs
[2024-02-24T11:51:33.858-0600] {logging_mixin.py:188} INFO - [2024-02-24T11:51:33.858-0600] {dag.py:3823} INFO - Setting next_dagrun for example_setup_teardown_taskflow to 2024-02-23 00:00:00+00:00, run_after=2024-02-24 00:00:00+00:00
[2024-02-24T11:51:33.901-0600] {processor.py:183} INFO - Processing /Users/vamseekrishna/Desktop/F1_Data_Warehouse/f1datawarehouse/lib/python3.9/site-packages/airflow/example_dags/example_setup_teardown_taskflow.py took 0.289 seconds
[2024-02-24T11:53:50.370-0600] {processor.py:161} INFO - Started process (PID=75504) to work on /Users/vamseekrishna/Desktop/F1_Data_Warehouse/f1datawarehouse/lib/python3.9/site-packages/airflow/example_dags/example_setup_teardown_taskflow.py
[2024-02-24T11:53:50.372-0600] {processor.py:830} INFO - Processing file /Users/vamseekrishna/Desktop/F1_Data_Warehouse/f1datawarehouse/lib/python3.9/site-packages/airflow/example_dags/example_setup_teardown_taskflow.py for tasks to queue
[2024-02-24T11:53:50.372-0600] {logging_mixin.py:188} INFO - [2024-02-24T11:53:50.372-0600] {dagbag.py:538} INFO - Filling up the DagBag from /Users/vamseekrishna/Desktop/F1_Data_Warehouse/f1datawarehouse/lib/python3.9/site-packages/airflow/example_dags/example_setup_teardown_taskflow.py
[2024-02-24T11:53:50.388-0600] {processor.py:840} INFO - DAG(s) 'example_setup_teardown_taskflow' retrieved from /Users/vamseekrishna/Desktop/F1_Data_Warehouse/f1datawarehouse/lib/python3.9/site-packages/airflow/example_dags/example_setup_teardown_taskflow.py
[2024-02-24T11:53:50.437-0600] {logging_mixin.py:188} INFO - [2024-02-24T11:53:50.437-0600] {dag.py:3036} INFO - Sync 1 DAGs
[2024-02-24T11:53:50.445-0600] {logging_mixin.py:188} INFO - [2024-02-24T11:53:50.445-0600] {dag.py:3823} INFO - Setting next_dagrun for example_setup_teardown_taskflow to 2024-02-23 00:00:00+00:00, run_after=2024-02-24 00:00:00+00:00
[2024-02-24T11:53:50.453-0600] {processor.py:183} INFO - Processing /Users/vamseekrishna/Desktop/F1_Data_Warehouse/f1datawarehouse/lib/python3.9/site-packages/airflow/example_dags/example_setup_teardown_taskflow.py took 0.084 seconds
[2024-02-24T11:55:42.561-0600] {processor.py:161} INFO - Started process (PID=75587) to work on /Users/vamseekrishna/Desktop/F1_Data_Warehouse/f1datawarehouse/lib/python3.9/site-packages/airflow/example_dags/example_setup_teardown_taskflow.py
[2024-02-24T11:55:42.563-0600] {processor.py:830} INFO - Processing file /Users/vamseekrishna/Desktop/F1_Data_Warehouse/f1datawarehouse/lib/python3.9/site-packages/airflow/example_dags/example_setup_teardown_taskflow.py for tasks to queue
[2024-02-24T11:55:42.563-0600] {logging_mixin.py:188} INFO - [2024-02-24T11:55:42.563-0600] {dagbag.py:538} INFO - Filling up the DagBag from /Users/vamseekrishna/Desktop/F1_Data_Warehouse/f1datawarehouse/lib/python3.9/site-packages/airflow/example_dags/example_setup_teardown_taskflow.py
[2024-02-24T11:55:42.579-0600] {processor.py:840} INFO - DAG(s) 'example_setup_teardown_taskflow' retrieved from /Users/vamseekrishna/Desktop/F1_Data_Warehouse/f1datawarehouse/lib/python3.9/site-packages/airflow/example_dags/example_setup_teardown_taskflow.py
[2024-02-24T11:55:42.628-0600] {logging_mixin.py:188} INFO - [2024-02-24T11:55:42.628-0600] {dag.py:3036} INFO - Sync 1 DAGs
[2024-02-24T11:55:42.636-0600] {logging_mixin.py:188} INFO - [2024-02-24T11:55:42.636-0600] {dag.py:3823} INFO - Setting next_dagrun for example_setup_teardown_taskflow to 2024-02-23 00:00:00+00:00, run_after=2024-02-24 00:00:00+00:00
[2024-02-24T11:55:42.644-0600] {processor.py:183} INFO - Processing /Users/vamseekrishna/Desktop/F1_Data_Warehouse/f1datawarehouse/lib/python3.9/site-packages/airflow/example_dags/example_setup_teardown_taskflow.py took 0.083 seconds
[2024-02-24T11:57:39.416-0600] {processor.py:161} INFO - Started process (PID=75690) to work on /Users/vamseekrishna/Desktop/F1_Data_Warehouse/f1datawarehouse/lib/python3.9/site-packages/airflow/example_dags/example_setup_teardown_taskflow.py
[2024-02-24T11:57:39.418-0600] {processor.py:830} INFO - Processing file /Users/vamseekrishna/Desktop/F1_Data_Warehouse/f1datawarehouse/lib/python3.9/site-packages/airflow/example_dags/example_setup_teardown_taskflow.py for tasks to queue
[2024-02-24T11:57:39.419-0600] {logging_mixin.py:188} INFO - [2024-02-24T11:57:39.419-0600] {dagbag.py:538} INFO - Filling up the DagBag from /Users/vamseekrishna/Desktop/F1_Data_Warehouse/f1datawarehouse/lib/python3.9/site-packages/airflow/example_dags/example_setup_teardown_taskflow.py
[2024-02-24T11:57:39.436-0600] {processor.py:840} INFO - DAG(s) 'example_setup_teardown_taskflow' retrieved from /Users/vamseekrishna/Desktop/F1_Data_Warehouse/f1datawarehouse/lib/python3.9/site-packages/airflow/example_dags/example_setup_teardown_taskflow.py
[2024-02-24T11:57:39.485-0600] {logging_mixin.py:188} INFO - [2024-02-24T11:57:39.485-0600] {dag.py:3036} INFO - Sync 1 DAGs
[2024-02-24T11:57:39.495-0600] {logging_mixin.py:188} INFO - [2024-02-24T11:57:39.495-0600] {dag.py:3823} INFO - Setting next_dagrun for example_setup_teardown_taskflow to 2024-02-23 00:00:00+00:00, run_after=2024-02-24 00:00:00+00:00
[2024-02-24T11:57:39.504-0600] {processor.py:183} INFO - Processing /Users/vamseekrishna/Desktop/F1_Data_Warehouse/f1datawarehouse/lib/python3.9/site-packages/airflow/example_dags/example_setup_teardown_taskflow.py took 0.088 seconds
[2024-02-24T11:59:54.157-0600] {processor.py:161} INFO - Started process (PID=75897) to work on /Users/vamseekrishna/Desktop/F1_Data_Warehouse/f1datawarehouse/lib/python3.9/site-packages/airflow/example_dags/example_setup_teardown_taskflow.py
[2024-02-24T11:59:54.159-0600] {processor.py:830} INFO - Processing file /Users/vamseekrishna/Desktop/F1_Data_Warehouse/f1datawarehouse/lib/python3.9/site-packages/airflow/example_dags/example_setup_teardown_taskflow.py for tasks to queue
[2024-02-24T11:59:54.159-0600] {logging_mixin.py:188} INFO - [2024-02-24T11:59:54.159-0600] {dagbag.py:538} INFO - Filling up the DagBag from /Users/vamseekrishna/Desktop/F1_Data_Warehouse/f1datawarehouse/lib/python3.9/site-packages/airflow/example_dags/example_setup_teardown_taskflow.py
[2024-02-24T11:59:54.176-0600] {processor.py:840} INFO - DAG(s) 'example_setup_teardown_taskflow' retrieved from /Users/vamseekrishna/Desktop/F1_Data_Warehouse/f1datawarehouse/lib/python3.9/site-packages/airflow/example_dags/example_setup_teardown_taskflow.py
[2024-02-24T11:59:54.226-0600] {logging_mixin.py:188} INFO - [2024-02-24T11:59:54.225-0600] {dag.py:3036} INFO - Sync 1 DAGs
[2024-02-24T11:59:54.239-0600] {logging_mixin.py:188} INFO - [2024-02-24T11:59:54.239-0600] {dag.py:3823} INFO - Setting next_dagrun for example_setup_teardown_taskflow to 2024-02-23 00:00:00+00:00, run_after=2024-02-24 00:00:00+00:00
[2024-02-24T11:59:54.250-0600] {processor.py:183} INFO - Processing /Users/vamseekrishna/Desktop/F1_Data_Warehouse/f1datawarehouse/lib/python3.9/site-packages/airflow/example_dags/example_setup_teardown_taskflow.py took 0.093 seconds
[2024-02-24T12:01:57.606-0600] {processor.py:161} INFO - Started process (PID=76027) to work on /Users/vamseekrishna/Desktop/F1_Data_Warehouse/f1datawarehouse/lib/python3.9/site-packages/airflow/example_dags/example_setup_teardown_taskflow.py
[2024-02-24T12:01:57.608-0600] {processor.py:830} INFO - Processing file /Users/vamseekrishna/Desktop/F1_Data_Warehouse/f1datawarehouse/lib/python3.9/site-packages/airflow/example_dags/example_setup_teardown_taskflow.py for tasks to queue
[2024-02-24T12:01:57.608-0600] {logging_mixin.py:188} INFO - [2024-02-24T12:01:57.608-0600] {dagbag.py:538} INFO - Filling up the DagBag from /Users/vamseekrishna/Desktop/F1_Data_Warehouse/f1datawarehouse/lib/python3.9/site-packages/airflow/example_dags/example_setup_teardown_taskflow.py
[2024-02-24T12:01:57.630-0600] {processor.py:840} INFO - DAG(s) 'example_setup_teardown_taskflow' retrieved from /Users/vamseekrishna/Desktop/F1_Data_Warehouse/f1datawarehouse/lib/python3.9/site-packages/airflow/example_dags/example_setup_teardown_taskflow.py
[2024-02-24T12:01:57.678-0600] {logging_mixin.py:188} INFO - [2024-02-24T12:01:57.678-0600] {dag.py:3036} INFO - Sync 1 DAGs
[2024-02-24T12:01:57.688-0600] {logging_mixin.py:188} INFO - [2024-02-24T12:01:57.688-0600] {dag.py:3823} INFO - Setting next_dagrun for example_setup_teardown_taskflow to 2024-02-23 00:00:00+00:00, run_after=2024-02-24 00:00:00+00:00
[2024-02-24T12:01:57.697-0600] {processor.py:183} INFO - Processing /Users/vamseekrishna/Desktop/F1_Data_Warehouse/f1datawarehouse/lib/python3.9/site-packages/airflow/example_dags/example_setup_teardown_taskflow.py took 0.092 seconds
[2024-02-24T12:03:49.860-0600] {processor.py:161} INFO - Started process (PID=76157) to work on /Users/vamseekrishna/Desktop/F1_Data_Warehouse/f1datawarehouse/lib/python3.9/site-packages/airflow/example_dags/example_setup_teardown_taskflow.py
[2024-02-24T12:03:49.862-0600] {processor.py:830} INFO - Processing file /Users/vamseekrishna/Desktop/F1_Data_Warehouse/f1datawarehouse/lib/python3.9/site-packages/airflow/example_dags/example_setup_teardown_taskflow.py for tasks to queue
[2024-02-24T12:03:49.862-0600] {logging_mixin.py:188} INFO - [2024-02-24T12:03:49.862-0600] {dagbag.py:538} INFO - Filling up the DagBag from /Users/vamseekrishna/Desktop/F1_Data_Warehouse/f1datawarehouse/lib/python3.9/site-packages/airflow/example_dags/example_setup_teardown_taskflow.py
[2024-02-24T12:03:49.880-0600] {processor.py:840} INFO - DAG(s) 'example_setup_teardown_taskflow' retrieved from /Users/vamseekrishna/Desktop/F1_Data_Warehouse/f1datawarehouse/lib/python3.9/site-packages/airflow/example_dags/example_setup_teardown_taskflow.py
[2024-02-24T12:03:49.929-0600] {logging_mixin.py:188} INFO - [2024-02-24T12:03:49.929-0600] {dag.py:3036} INFO - Sync 1 DAGs
[2024-02-24T12:03:49.939-0600] {logging_mixin.py:188} INFO - [2024-02-24T12:03:49.939-0600] {dag.py:3823} INFO - Setting next_dagrun for example_setup_teardown_taskflow to 2024-02-23 00:00:00+00:00, run_after=2024-02-24 00:00:00+00:00
[2024-02-24T12:03:49.950-0600] {processor.py:183} INFO - Processing /Users/vamseekrishna/Desktop/F1_Data_Warehouse/f1datawarehouse/lib/python3.9/site-packages/airflow/example_dags/example_setup_teardown_taskflow.py took 0.090 seconds
[2024-02-24T12:20:05.350-0600] {processor.py:161} INFO - Started process (PID=76254) to work on /Users/vamseekrishna/Desktop/F1_Data_Warehouse/f1datawarehouse/lib/python3.9/site-packages/airflow/example_dags/example_setup_teardown_taskflow.py
[2024-02-24T12:20:05.351-0600] {processor.py:830} INFO - Processing file /Users/vamseekrishna/Desktop/F1_Data_Warehouse/f1datawarehouse/lib/python3.9/site-packages/airflow/example_dags/example_setup_teardown_taskflow.py for tasks to queue
[2024-02-24T12:20:05.352-0600] {logging_mixin.py:188} INFO - [2024-02-24T12:20:05.352-0600] {dagbag.py:538} INFO - Filling up the DagBag from /Users/vamseekrishna/Desktop/F1_Data_Warehouse/f1datawarehouse/lib/python3.9/site-packages/airflow/example_dags/example_setup_teardown_taskflow.py
[2024-02-24T12:20:05.369-0600] {processor.py:840} INFO - DAG(s) 'example_setup_teardown_taskflow' retrieved from /Users/vamseekrishna/Desktop/F1_Data_Warehouse/f1datawarehouse/lib/python3.9/site-packages/airflow/example_dags/example_setup_teardown_taskflow.py
[2024-02-24T12:20:05.422-0600] {logging_mixin.py:188} INFO - [2024-02-24T12:20:05.422-0600] {dag.py:3036} INFO - Sync 1 DAGs
[2024-02-24T12:20:05.431-0600] {logging_mixin.py:188} INFO - [2024-02-24T12:20:05.431-0600] {dag.py:3823} INFO - Setting next_dagrun for example_setup_teardown_taskflow to 2024-02-23 00:00:00+00:00, run_after=2024-02-24 00:00:00+00:00
[2024-02-24T12:20:05.440-0600] {processor.py:183} INFO - Processing /Users/vamseekrishna/Desktop/F1_Data_Warehouse/f1datawarehouse/lib/python3.9/site-packages/airflow/example_dags/example_setup_teardown_taskflow.py took 0.091 seconds
[2024-02-24T12:38:22.940-0600] {processor.py:161} INFO - Started process (PID=76405) to work on /Users/vamseekrishna/Desktop/F1_Data_Warehouse/f1datawarehouse/lib/python3.9/site-packages/airflow/example_dags/example_setup_teardown_taskflow.py
[2024-02-24T12:38:22.941-0600] {processor.py:830} INFO - Processing file /Users/vamseekrishna/Desktop/F1_Data_Warehouse/f1datawarehouse/lib/python3.9/site-packages/airflow/example_dags/example_setup_teardown_taskflow.py for tasks to queue
[2024-02-24T12:38:22.942-0600] {logging_mixin.py:188} INFO - [2024-02-24T12:38:22.941-0600] {dagbag.py:538} INFO - Filling up the DagBag from /Users/vamseekrishna/Desktop/F1_Data_Warehouse/f1datawarehouse/lib/python3.9/site-packages/airflow/example_dags/example_setup_teardown_taskflow.py
[2024-02-24T12:38:22.959-0600] {processor.py:840} INFO - DAG(s) 'example_setup_teardown_taskflow' retrieved from /Users/vamseekrishna/Desktop/F1_Data_Warehouse/f1datawarehouse/lib/python3.9/site-packages/airflow/example_dags/example_setup_teardown_taskflow.py
[2024-02-24T12:38:23.007-0600] {logging_mixin.py:188} INFO - [2024-02-24T12:38:23.007-0600] {dag.py:3036} INFO - Sync 1 DAGs
[2024-02-24T12:38:23.017-0600] {logging_mixin.py:188} INFO - [2024-02-24T12:38:23.017-0600] {dag.py:3823} INFO - Setting next_dagrun for example_setup_teardown_taskflow to 2024-02-23 00:00:00+00:00, run_after=2024-02-24 00:00:00+00:00
[2024-02-24T12:38:23.029-0600] {processor.py:183} INFO - Processing /Users/vamseekrishna/Desktop/F1_Data_Warehouse/f1datawarehouse/lib/python3.9/site-packages/airflow/example_dags/example_setup_teardown_taskflow.py took 0.090 seconds
[2024-02-24T12:40:22.289-0600] {processor.py:161} INFO - Started process (PID=76529) to work on /Users/vamseekrishna/Desktop/F1_Data_Warehouse/f1datawarehouse/lib/python3.9/site-packages/airflow/example_dags/example_setup_teardown_taskflow.py
[2024-02-24T12:40:22.291-0600] {processor.py:830} INFO - Processing file /Users/vamseekrishna/Desktop/F1_Data_Warehouse/f1datawarehouse/lib/python3.9/site-packages/airflow/example_dags/example_setup_teardown_taskflow.py for tasks to queue
[2024-02-24T12:40:22.291-0600] {logging_mixin.py:188} INFO - [2024-02-24T12:40:22.291-0600] {dagbag.py:538} INFO - Filling up the DagBag from /Users/vamseekrishna/Desktop/F1_Data_Warehouse/f1datawarehouse/lib/python3.9/site-packages/airflow/example_dags/example_setup_teardown_taskflow.py
[2024-02-24T12:40:22.307-0600] {processor.py:840} INFO - DAG(s) 'example_setup_teardown_taskflow' retrieved from /Users/vamseekrishna/Desktop/F1_Data_Warehouse/f1datawarehouse/lib/python3.9/site-packages/airflow/example_dags/example_setup_teardown_taskflow.py
[2024-02-24T12:40:22.355-0600] {logging_mixin.py:188} INFO - [2024-02-24T12:40:22.355-0600] {dag.py:3036} INFO - Sync 1 DAGs
[2024-02-24T12:40:22.363-0600] {logging_mixin.py:188} INFO - [2024-02-24T12:40:22.363-0600] {dag.py:3823} INFO - Setting next_dagrun for example_setup_teardown_taskflow to 2024-02-23 00:00:00+00:00, run_after=2024-02-24 00:00:00+00:00
[2024-02-24T12:40:22.372-0600] {processor.py:183} INFO - Processing /Users/vamseekrishna/Desktop/F1_Data_Warehouse/f1datawarehouse/lib/python3.9/site-packages/airflow/example_dags/example_setup_teardown_taskflow.py took 0.083 seconds
[2024-02-24T12:42:25.661-0600] {processor.py:161} INFO - Started process (PID=76628) to work on /Users/vamseekrishna/Desktop/F1_Data_Warehouse/f1datawarehouse/lib/python3.9/site-packages/airflow/example_dags/example_setup_teardown_taskflow.py
[2024-02-24T12:42:25.663-0600] {processor.py:830} INFO - Processing file /Users/vamseekrishna/Desktop/F1_Data_Warehouse/f1datawarehouse/lib/python3.9/site-packages/airflow/example_dags/example_setup_teardown_taskflow.py for tasks to queue
[2024-02-24T12:42:25.663-0600] {logging_mixin.py:188} INFO - [2024-02-24T12:42:25.663-0600] {dagbag.py:538} INFO - Filling up the DagBag from /Users/vamseekrishna/Desktop/F1_Data_Warehouse/f1datawarehouse/lib/python3.9/site-packages/airflow/example_dags/example_setup_teardown_taskflow.py
[2024-02-24T12:42:25.680-0600] {processor.py:840} INFO - DAG(s) 'example_setup_teardown_taskflow' retrieved from /Users/vamseekrishna/Desktop/F1_Data_Warehouse/f1datawarehouse/lib/python3.9/site-packages/airflow/example_dags/example_setup_teardown_taskflow.py
[2024-02-24T12:42:25.729-0600] {logging_mixin.py:188} INFO - [2024-02-24T12:42:25.728-0600] {dag.py:3036} INFO - Sync 1 DAGs
[2024-02-24T12:42:25.737-0600] {logging_mixin.py:188} INFO - [2024-02-24T12:42:25.737-0600] {dag.py:3823} INFO - Setting next_dagrun for example_setup_teardown_taskflow to 2024-02-23 00:00:00+00:00, run_after=2024-02-24 00:00:00+00:00
[2024-02-24T12:42:25.746-0600] {processor.py:183} INFO - Processing /Users/vamseekrishna/Desktop/F1_Data_Warehouse/f1datawarehouse/lib/python3.9/site-packages/airflow/example_dags/example_setup_teardown_taskflow.py took 0.086 seconds
[2024-02-24T12:44:31.328-0600] {processor.py:161} INFO - Started process (PID=76832) to work on /Users/vamseekrishna/Desktop/F1_Data_Warehouse/f1datawarehouse/lib/python3.9/site-packages/airflow/example_dags/example_setup_teardown_taskflow.py
[2024-02-24T12:44:31.330-0600] {processor.py:830} INFO - Processing file /Users/vamseekrishna/Desktop/F1_Data_Warehouse/f1datawarehouse/lib/python3.9/site-packages/airflow/example_dags/example_setup_teardown_taskflow.py for tasks to queue
[2024-02-24T12:44:31.330-0600] {logging_mixin.py:188} INFO - [2024-02-24T12:44:31.330-0600] {dagbag.py:538} INFO - Filling up the DagBag from /Users/vamseekrishna/Desktop/F1_Data_Warehouse/f1datawarehouse/lib/python3.9/site-packages/airflow/example_dags/example_setup_teardown_taskflow.py
[2024-02-24T12:44:31.352-0600] {processor.py:840} INFO - DAG(s) 'example_setup_teardown_taskflow' retrieved from /Users/vamseekrishna/Desktop/F1_Data_Warehouse/f1datawarehouse/lib/python3.9/site-packages/airflow/example_dags/example_setup_teardown_taskflow.py
[2024-02-24T12:44:31.402-0600] {logging_mixin.py:188} INFO - [2024-02-24T12:44:31.402-0600] {dag.py:3036} INFO - Sync 1 DAGs
[2024-02-24T12:44:31.412-0600] {logging_mixin.py:188} INFO - [2024-02-24T12:44:31.411-0600] {dag.py:3823} INFO - Setting next_dagrun for example_setup_teardown_taskflow to 2024-02-23 00:00:00+00:00, run_after=2024-02-24 00:00:00+00:00
[2024-02-24T12:44:31.422-0600] {processor.py:183} INFO - Processing /Users/vamseekrishna/Desktop/F1_Data_Warehouse/f1datawarehouse/lib/python3.9/site-packages/airflow/example_dags/example_setup_teardown_taskflow.py took 0.094 seconds
[2024-02-24T12:45:49.221-0600] {processor.py:161} INFO - Started process (PID=76957) to work on /Users/vamseekrishna/Desktop/F1_Data_Warehouse/f1datawarehouse/lib/python3.9/site-packages/airflow/example_dags/example_setup_teardown_taskflow.py
[2024-02-24T12:45:49.222-0600] {processor.py:830} INFO - Processing file /Users/vamseekrishna/Desktop/F1_Data_Warehouse/f1datawarehouse/lib/python3.9/site-packages/airflow/example_dags/example_setup_teardown_taskflow.py for tasks to queue
[2024-02-24T12:45:49.222-0600] {logging_mixin.py:188} INFO - [2024-02-24T12:45:49.222-0600] {dagbag.py:538} INFO - Filling up the DagBag from /Users/vamseekrishna/Desktop/F1_Data_Warehouse/f1datawarehouse/lib/python3.9/site-packages/airflow/example_dags/example_setup_teardown_taskflow.py
[2024-02-24T12:45:49.240-0600] {processor.py:840} INFO - DAG(s) 'example_setup_teardown_taskflow' retrieved from /Users/vamseekrishna/Desktop/F1_Data_Warehouse/f1datawarehouse/lib/python3.9/site-packages/airflow/example_dags/example_setup_teardown_taskflow.py
[2024-02-24T12:45:49.287-0600] {logging_mixin.py:188} INFO - [2024-02-24T12:45:49.287-0600] {dag.py:3036} INFO - Sync 1 DAGs
[2024-02-24T12:45:49.298-0600] {logging_mixin.py:188} INFO - [2024-02-24T12:45:49.298-0600] {dag.py:3823} INFO - Setting next_dagrun for example_setup_teardown_taskflow to 2024-02-23 00:00:00+00:00, run_after=2024-02-24 00:00:00+00:00
[2024-02-24T12:45:49.310-0600] {processor.py:183} INFO - Processing /Users/vamseekrishna/Desktop/F1_Data_Warehouse/f1datawarehouse/lib/python3.9/site-packages/airflow/example_dags/example_setup_teardown_taskflow.py took 0.090 seconds
[2024-02-24T12:47:55.947-0600] {processor.py:161} INFO - Started process (PID=77061) to work on /Users/vamseekrishna/Desktop/F1_Data_Warehouse/f1datawarehouse/lib/python3.9/site-packages/airflow/example_dags/example_setup_teardown_taskflow.py
[2024-02-24T12:47:55.949-0600] {processor.py:830} INFO - Processing file /Users/vamseekrishna/Desktop/F1_Data_Warehouse/f1datawarehouse/lib/python3.9/site-packages/airflow/example_dags/example_setup_teardown_taskflow.py for tasks to queue
[2024-02-24T12:47:55.949-0600] {logging_mixin.py:188} INFO - [2024-02-24T12:47:55.949-0600] {dagbag.py:538} INFO - Filling up the DagBag from /Users/vamseekrishna/Desktop/F1_Data_Warehouse/f1datawarehouse/lib/python3.9/site-packages/airflow/example_dags/example_setup_teardown_taskflow.py
[2024-02-24T12:47:55.970-0600] {processor.py:840} INFO - DAG(s) 'example_setup_teardown_taskflow' retrieved from /Users/vamseekrishna/Desktop/F1_Data_Warehouse/f1datawarehouse/lib/python3.9/site-packages/airflow/example_dags/example_setup_teardown_taskflow.py
[2024-02-24T12:47:56.020-0600] {logging_mixin.py:188} INFO - [2024-02-24T12:47:56.019-0600] {dag.py:3036} INFO - Sync 1 DAGs
[2024-02-24T12:47:56.029-0600] {logging_mixin.py:188} INFO - [2024-02-24T12:47:56.028-0600] {dag.py:3823} INFO - Setting next_dagrun for example_setup_teardown_taskflow to 2024-02-23 00:00:00+00:00, run_after=2024-02-24 00:00:00+00:00
[2024-02-24T12:47:56.037-0600] {processor.py:183} INFO - Processing /Users/vamseekrishna/Desktop/F1_Data_Warehouse/f1datawarehouse/lib/python3.9/site-packages/airflow/example_dags/example_setup_teardown_taskflow.py took 0.090 seconds
[2024-02-24T12:50:04.172-0600] {processor.py:161} INFO - Started process (PID=77163) to work on /Users/vamseekrishna/Desktop/F1_Data_Warehouse/f1datawarehouse/lib/python3.9/site-packages/airflow/example_dags/example_setup_teardown_taskflow.py
[2024-02-24T12:50:04.175-0600] {processor.py:830} INFO - Processing file /Users/vamseekrishna/Desktop/F1_Data_Warehouse/f1datawarehouse/lib/python3.9/site-packages/airflow/example_dags/example_setup_teardown_taskflow.py for tasks to queue
[2024-02-24T12:50:04.175-0600] {logging_mixin.py:188} INFO - [2024-02-24T12:50:04.175-0600] {dagbag.py:538} INFO - Filling up the DagBag from /Users/vamseekrishna/Desktop/F1_Data_Warehouse/f1datawarehouse/lib/python3.9/site-packages/airflow/example_dags/example_setup_teardown_taskflow.py
[2024-02-24T12:50:04.191-0600] {processor.py:840} INFO - DAG(s) 'example_setup_teardown_taskflow' retrieved from /Users/vamseekrishna/Desktop/F1_Data_Warehouse/f1datawarehouse/lib/python3.9/site-packages/airflow/example_dags/example_setup_teardown_taskflow.py
[2024-02-24T12:50:04.242-0600] {logging_mixin.py:188} INFO - [2024-02-24T12:50:04.242-0600] {dag.py:3036} INFO - Sync 1 DAGs
[2024-02-24T12:50:04.252-0600] {logging_mixin.py:188} INFO - [2024-02-24T12:50:04.251-0600] {dag.py:3823} INFO - Setting next_dagrun for example_setup_teardown_taskflow to 2024-02-23 00:00:00+00:00, run_after=2024-02-24 00:00:00+00:00
[2024-02-24T12:50:04.260-0600] {processor.py:183} INFO - Processing /Users/vamseekrishna/Desktop/F1_Data_Warehouse/f1datawarehouse/lib/python3.9/site-packages/airflow/example_dags/example_setup_teardown_taskflow.py took 0.089 seconds
[2024-02-24T12:52:08.435-0600] {processor.py:161} INFO - Started process (PID=77260) to work on /Users/vamseekrishna/Desktop/F1_Data_Warehouse/f1datawarehouse/lib/python3.9/site-packages/airflow/example_dags/example_setup_teardown_taskflow.py
[2024-02-24T12:52:08.438-0600] {processor.py:830} INFO - Processing file /Users/vamseekrishna/Desktop/F1_Data_Warehouse/f1datawarehouse/lib/python3.9/site-packages/airflow/example_dags/example_setup_teardown_taskflow.py for tasks to queue
[2024-02-24T12:52:08.438-0600] {logging_mixin.py:188} INFO - [2024-02-24T12:52:08.438-0600] {dagbag.py:538} INFO - Filling up the DagBag from /Users/vamseekrishna/Desktop/F1_Data_Warehouse/f1datawarehouse/lib/python3.9/site-packages/airflow/example_dags/example_setup_teardown_taskflow.py
[2024-02-24T12:52:08.474-0600] {processor.py:840} INFO - DAG(s) 'example_setup_teardown_taskflow' retrieved from /Users/vamseekrishna/Desktop/F1_Data_Warehouse/f1datawarehouse/lib/python3.9/site-packages/airflow/example_dags/example_setup_teardown_taskflow.py
[2024-02-24T12:52:08.529-0600] {logging_mixin.py:188} INFO - [2024-02-24T12:52:08.529-0600] {dag.py:3036} INFO - Sync 1 DAGs
[2024-02-24T12:52:08.538-0600] {logging_mixin.py:188} INFO - [2024-02-24T12:52:08.538-0600] {dag.py:3823} INFO - Setting next_dagrun for example_setup_teardown_taskflow to 2024-02-23 00:00:00+00:00, run_after=2024-02-24 00:00:00+00:00
[2024-02-24T12:52:08.547-0600] {processor.py:183} INFO - Processing /Users/vamseekrishna/Desktop/F1_Data_Warehouse/f1datawarehouse/lib/python3.9/site-packages/airflow/example_dags/example_setup_teardown_taskflow.py took 0.112 seconds
[2024-02-24T12:54:19.642-0600] {processor.py:161} INFO - Started process (PID=77370) to work on /Users/vamseekrishna/Desktop/F1_Data_Warehouse/f1datawarehouse/lib/python3.9/site-packages/airflow/example_dags/example_setup_teardown_taskflow.py
[2024-02-24T12:54:19.644-0600] {processor.py:830} INFO - Processing file /Users/vamseekrishna/Desktop/F1_Data_Warehouse/f1datawarehouse/lib/python3.9/site-packages/airflow/example_dags/example_setup_teardown_taskflow.py for tasks to queue
[2024-02-24T12:54:19.644-0600] {logging_mixin.py:188} INFO - [2024-02-24T12:54:19.644-0600] {dagbag.py:538} INFO - Filling up the DagBag from /Users/vamseekrishna/Desktop/F1_Data_Warehouse/f1datawarehouse/lib/python3.9/site-packages/airflow/example_dags/example_setup_teardown_taskflow.py
[2024-02-24T12:54:19.663-0600] {processor.py:840} INFO - DAG(s) 'example_setup_teardown_taskflow' retrieved from /Users/vamseekrishna/Desktop/F1_Data_Warehouse/f1datawarehouse/lib/python3.9/site-packages/airflow/example_dags/example_setup_teardown_taskflow.py
[2024-02-24T12:54:19.710-0600] {logging_mixin.py:188} INFO - [2024-02-24T12:54:19.710-0600] {dag.py:3036} INFO - Sync 1 DAGs
[2024-02-24T12:54:19.719-0600] {logging_mixin.py:188} INFO - [2024-02-24T12:54:19.719-0600] {dag.py:3823} INFO - Setting next_dagrun for example_setup_teardown_taskflow to 2024-02-23 00:00:00+00:00, run_after=2024-02-24 00:00:00+00:00
[2024-02-24T12:54:19.729-0600] {processor.py:183} INFO - Processing /Users/vamseekrishna/Desktop/F1_Data_Warehouse/f1datawarehouse/lib/python3.9/site-packages/airflow/example_dags/example_setup_teardown_taskflow.py took 0.087 seconds
[2024-02-24T12:56:28.547-0600] {processor.py:161} INFO - Started process (PID=77480) to work on /Users/vamseekrishna/Desktop/F1_Data_Warehouse/f1datawarehouse/lib/python3.9/site-packages/airflow/example_dags/example_setup_teardown_taskflow.py
[2024-02-24T12:56:28.550-0600] {processor.py:830} INFO - Processing file /Users/vamseekrishna/Desktop/F1_Data_Warehouse/f1datawarehouse/lib/python3.9/site-packages/airflow/example_dags/example_setup_teardown_taskflow.py for tasks to queue
[2024-02-24T12:56:28.550-0600] {logging_mixin.py:188} INFO - [2024-02-24T12:56:28.550-0600] {dagbag.py:538} INFO - Filling up the DagBag from /Users/vamseekrishna/Desktop/F1_Data_Warehouse/f1datawarehouse/lib/python3.9/site-packages/airflow/example_dags/example_setup_teardown_taskflow.py
[2024-02-24T12:56:28.568-0600] {processor.py:840} INFO - DAG(s) 'example_setup_teardown_taskflow' retrieved from /Users/vamseekrishna/Desktop/F1_Data_Warehouse/f1datawarehouse/lib/python3.9/site-packages/airflow/example_dags/example_setup_teardown_taskflow.py
[2024-02-24T12:56:28.624-0600] {logging_mixin.py:188} INFO - [2024-02-24T12:56:28.624-0600] {dag.py:3036} INFO - Sync 1 DAGs
[2024-02-24T12:56:28.635-0600] {logging_mixin.py:188} INFO - [2024-02-24T12:56:28.635-0600] {dag.py:3823} INFO - Setting next_dagrun for example_setup_teardown_taskflow to 2024-02-23 00:00:00+00:00, run_after=2024-02-24 00:00:00+00:00
[2024-02-24T12:56:28.647-0600] {processor.py:183} INFO - Processing /Users/vamseekrishna/Desktop/F1_Data_Warehouse/f1datawarehouse/lib/python3.9/site-packages/airflow/example_dags/example_setup_teardown_taskflow.py took 0.101 seconds
[2024-02-24T12:58:38.786-0600] {processor.py:161} INFO - Started process (PID=77589) to work on /Users/vamseekrishna/Desktop/F1_Data_Warehouse/f1datawarehouse/lib/python3.9/site-packages/airflow/example_dags/example_setup_teardown_taskflow.py
[2024-02-24T12:58:38.787-0600] {processor.py:830} INFO - Processing file /Users/vamseekrishna/Desktop/F1_Data_Warehouse/f1datawarehouse/lib/python3.9/site-packages/airflow/example_dags/example_setup_teardown_taskflow.py for tasks to queue
[2024-02-24T12:58:38.788-0600] {logging_mixin.py:188} INFO - [2024-02-24T12:58:38.788-0600] {dagbag.py:538} INFO - Filling up the DagBag from /Users/vamseekrishna/Desktop/F1_Data_Warehouse/f1datawarehouse/lib/python3.9/site-packages/airflow/example_dags/example_setup_teardown_taskflow.py
[2024-02-24T12:58:38.806-0600] {processor.py:840} INFO - DAG(s) 'example_setup_teardown_taskflow' retrieved from /Users/vamseekrishna/Desktop/F1_Data_Warehouse/f1datawarehouse/lib/python3.9/site-packages/airflow/example_dags/example_setup_teardown_taskflow.py
[2024-02-24T12:58:38.854-0600] {logging_mixin.py:188} INFO - [2024-02-24T12:58:38.854-0600] {dag.py:3036} INFO - Sync 1 DAGs
[2024-02-24T12:58:38.863-0600] {logging_mixin.py:188} INFO - [2024-02-24T12:58:38.863-0600] {dag.py:3823} INFO - Setting next_dagrun for example_setup_teardown_taskflow to 2024-02-23 00:00:00+00:00, run_after=2024-02-24 00:00:00+00:00
[2024-02-24T12:58:38.874-0600] {processor.py:183} INFO - Processing /Users/vamseekrishna/Desktop/F1_Data_Warehouse/f1datawarehouse/lib/python3.9/site-packages/airflow/example_dags/example_setup_teardown_taskflow.py took 0.089 seconds
[2024-02-24T13:00:48.806-0600] {processor.py:161} INFO - Started process (PID=77724) to work on /Users/vamseekrishna/Desktop/F1_Data_Warehouse/f1datawarehouse/lib/python3.9/site-packages/airflow/example_dags/example_setup_teardown_taskflow.py
[2024-02-24T13:00:48.817-0600] {processor.py:830} INFO - Processing file /Users/vamseekrishna/Desktop/F1_Data_Warehouse/f1datawarehouse/lib/python3.9/site-packages/airflow/example_dags/example_setup_teardown_taskflow.py for tasks to queue
[2024-02-24T13:00:48.817-0600] {logging_mixin.py:188} INFO - [2024-02-24T13:00:48.817-0600] {dagbag.py:538} INFO - Filling up the DagBag from /Users/vamseekrishna/Desktop/F1_Data_Warehouse/f1datawarehouse/lib/python3.9/site-packages/airflow/example_dags/example_setup_teardown_taskflow.py
[2024-02-24T13:00:48.842-0600] {processor.py:840} INFO - DAG(s) 'example_setup_teardown_taskflow' retrieved from /Users/vamseekrishna/Desktop/F1_Data_Warehouse/f1datawarehouse/lib/python3.9/site-packages/airflow/example_dags/example_setup_teardown_taskflow.py
[2024-02-24T13:00:48.904-0600] {logging_mixin.py:188} INFO - [2024-02-24T13:00:48.904-0600] {dag.py:3036} INFO - Sync 1 DAGs
[2024-02-24T13:00:48.915-0600] {logging_mixin.py:188} INFO - [2024-02-24T13:00:48.915-0600] {dag.py:3823} INFO - Setting next_dagrun for example_setup_teardown_taskflow to 2024-02-23 00:00:00+00:00, run_after=2024-02-24 00:00:00+00:00
[2024-02-24T13:00:48.929-0600] {processor.py:183} INFO - Processing /Users/vamseekrishna/Desktop/F1_Data_Warehouse/f1datawarehouse/lib/python3.9/site-packages/airflow/example_dags/example_setup_teardown_taskflow.py took 0.124 seconds
[2024-02-24T13:02:43.833-0600] {processor.py:161} INFO - Started process (PID=77858) to work on /Users/vamseekrishna/Desktop/F1_Data_Warehouse/f1datawarehouse/lib/python3.9/site-packages/airflow/example_dags/example_setup_teardown_taskflow.py
[2024-02-24T13:02:43.835-0600] {processor.py:830} INFO - Processing file /Users/vamseekrishna/Desktop/F1_Data_Warehouse/f1datawarehouse/lib/python3.9/site-packages/airflow/example_dags/example_setup_teardown_taskflow.py for tasks to queue
[2024-02-24T13:02:43.835-0600] {logging_mixin.py:188} INFO - [2024-02-24T13:02:43.835-0600] {dagbag.py:538} INFO - Filling up the DagBag from /Users/vamseekrishna/Desktop/F1_Data_Warehouse/f1datawarehouse/lib/python3.9/site-packages/airflow/example_dags/example_setup_teardown_taskflow.py
[2024-02-24T13:02:43.852-0600] {processor.py:840} INFO - DAG(s) 'example_setup_teardown_taskflow' retrieved from /Users/vamseekrishna/Desktop/F1_Data_Warehouse/f1datawarehouse/lib/python3.9/site-packages/airflow/example_dags/example_setup_teardown_taskflow.py
[2024-02-24T13:02:43.896-0600] {logging_mixin.py:188} INFO - [2024-02-24T13:02:43.896-0600] {dag.py:3036} INFO - Sync 1 DAGs
[2024-02-24T13:02:43.904-0600] {logging_mixin.py:188} INFO - [2024-02-24T13:02:43.904-0600] {dag.py:3823} INFO - Setting next_dagrun for example_setup_teardown_taskflow to 2024-02-23 00:00:00+00:00, run_after=2024-02-24 00:00:00+00:00
[2024-02-24T13:02:43.911-0600] {processor.py:183} INFO - Processing /Users/vamseekrishna/Desktop/F1_Data_Warehouse/f1datawarehouse/lib/python3.9/site-packages/airflow/example_dags/example_setup_teardown_taskflow.py took 0.079 seconds
[2024-02-24T13:04:39.065-0600] {processor.py:161} INFO - Started process (PID=77951) to work on /Users/vamseekrishna/Desktop/F1_Data_Warehouse/f1datawarehouse/lib/python3.9/site-packages/airflow/example_dags/example_setup_teardown_taskflow.py
[2024-02-24T13:04:39.067-0600] {processor.py:830} INFO - Processing file /Users/vamseekrishna/Desktop/F1_Data_Warehouse/f1datawarehouse/lib/python3.9/site-packages/airflow/example_dags/example_setup_teardown_taskflow.py for tasks to queue
[2024-02-24T13:04:39.067-0600] {logging_mixin.py:188} INFO - [2024-02-24T13:04:39.067-0600] {dagbag.py:538} INFO - Filling up the DagBag from /Users/vamseekrishna/Desktop/F1_Data_Warehouse/f1datawarehouse/lib/python3.9/site-packages/airflow/example_dags/example_setup_teardown_taskflow.py
[2024-02-24T13:04:39.082-0600] {processor.py:840} INFO - DAG(s) 'example_setup_teardown_taskflow' retrieved from /Users/vamseekrishna/Desktop/F1_Data_Warehouse/f1datawarehouse/lib/python3.9/site-packages/airflow/example_dags/example_setup_teardown_taskflow.py
[2024-02-24T13:04:39.125-0600] {logging_mixin.py:188} INFO - [2024-02-24T13:04:39.125-0600] {dag.py:3036} INFO - Sync 1 DAGs
[2024-02-24T13:04:39.133-0600] {logging_mixin.py:188} INFO - [2024-02-24T13:04:39.133-0600] {dag.py:3823} INFO - Setting next_dagrun for example_setup_teardown_taskflow to 2024-02-23 00:00:00+00:00, run_after=2024-02-24 00:00:00+00:00
[2024-02-24T13:04:39.140-0600] {processor.py:183} INFO - Processing /Users/vamseekrishna/Desktop/F1_Data_Warehouse/f1datawarehouse/lib/python3.9/site-packages/airflow/example_dags/example_setup_teardown_taskflow.py took 0.075 seconds
[2024-02-24T13:06:30.174-0600] {processor.py:161} INFO - Started process (PID=78030) to work on /Users/vamseekrishna/Desktop/F1_Data_Warehouse/f1datawarehouse/lib/python3.9/site-packages/airflow/example_dags/example_setup_teardown_taskflow.py
[2024-02-24T13:06:30.176-0600] {processor.py:830} INFO - Processing file /Users/vamseekrishna/Desktop/F1_Data_Warehouse/f1datawarehouse/lib/python3.9/site-packages/airflow/example_dags/example_setup_teardown_taskflow.py for tasks to queue
[2024-02-24T13:06:30.176-0600] {logging_mixin.py:188} INFO - [2024-02-24T13:06:30.176-0600] {dagbag.py:538} INFO - Filling up the DagBag from /Users/vamseekrishna/Desktop/F1_Data_Warehouse/f1datawarehouse/lib/python3.9/site-packages/airflow/example_dags/example_setup_teardown_taskflow.py
[2024-02-24T13:06:30.191-0600] {processor.py:840} INFO - DAG(s) 'example_setup_teardown_taskflow' retrieved from /Users/vamseekrishna/Desktop/F1_Data_Warehouse/f1datawarehouse/lib/python3.9/site-packages/airflow/example_dags/example_setup_teardown_taskflow.py
[2024-02-24T13:06:30.234-0600] {logging_mixin.py:188} INFO - [2024-02-24T13:06:30.234-0600] {dag.py:3036} INFO - Sync 1 DAGs
[2024-02-24T13:06:30.241-0600] {logging_mixin.py:188} INFO - [2024-02-24T13:06:30.241-0600] {dag.py:3823} INFO - Setting next_dagrun for example_setup_teardown_taskflow to 2024-02-23 00:00:00+00:00, run_after=2024-02-24 00:00:00+00:00
[2024-02-24T13:06:30.249-0600] {processor.py:183} INFO - Processing /Users/vamseekrishna/Desktop/F1_Data_Warehouse/f1datawarehouse/lib/python3.9/site-packages/airflow/example_dags/example_setup_teardown_taskflow.py took 0.075 seconds
[2024-02-24T13:08:22.781-0600] {processor.py:161} INFO - Started process (PID=78119) to work on /Users/vamseekrishna/Desktop/F1_Data_Warehouse/f1datawarehouse/lib/python3.9/site-packages/airflow/example_dags/example_setup_teardown_taskflow.py
[2024-02-24T13:08:22.783-0600] {processor.py:830} INFO - Processing file /Users/vamseekrishna/Desktop/F1_Data_Warehouse/f1datawarehouse/lib/python3.9/site-packages/airflow/example_dags/example_setup_teardown_taskflow.py for tasks to queue
[2024-02-24T13:08:22.783-0600] {logging_mixin.py:188} INFO - [2024-02-24T13:08:22.783-0600] {dagbag.py:538} INFO - Filling up the DagBag from /Users/vamseekrishna/Desktop/F1_Data_Warehouse/f1datawarehouse/lib/python3.9/site-packages/airflow/example_dags/example_setup_teardown_taskflow.py
[2024-02-24T13:08:22.800-0600] {processor.py:840} INFO - DAG(s) 'example_setup_teardown_taskflow' retrieved from /Users/vamseekrishna/Desktop/F1_Data_Warehouse/f1datawarehouse/lib/python3.9/site-packages/airflow/example_dags/example_setup_teardown_taskflow.py
[2024-02-24T13:08:22.846-0600] {logging_mixin.py:188} INFO - [2024-02-24T13:08:22.846-0600] {dag.py:3036} INFO - Sync 1 DAGs
[2024-02-24T13:08:22.854-0600] {logging_mixin.py:188} INFO - [2024-02-24T13:08:22.854-0600] {dag.py:3823} INFO - Setting next_dagrun for example_setup_teardown_taskflow to 2024-02-23 00:00:00+00:00, run_after=2024-02-24 00:00:00+00:00
[2024-02-24T13:08:22.865-0600] {processor.py:183} INFO - Processing /Users/vamseekrishna/Desktop/F1_Data_Warehouse/f1datawarehouse/lib/python3.9/site-packages/airflow/example_dags/example_setup_teardown_taskflow.py took 0.085 seconds
[2024-02-24T13:10:15.013-0600] {processor.py:161} INFO - Started process (PID=78204) to work on /Users/vamseekrishna/Desktop/F1_Data_Warehouse/f1datawarehouse/lib/python3.9/site-packages/airflow/example_dags/example_setup_teardown_taskflow.py
[2024-02-24T13:10:15.015-0600] {processor.py:830} INFO - Processing file /Users/vamseekrishna/Desktop/F1_Data_Warehouse/f1datawarehouse/lib/python3.9/site-packages/airflow/example_dags/example_setup_teardown_taskflow.py for tasks to queue
[2024-02-24T13:10:15.015-0600] {logging_mixin.py:188} INFO - [2024-02-24T13:10:15.015-0600] {dagbag.py:538} INFO - Filling up the DagBag from /Users/vamseekrishna/Desktop/F1_Data_Warehouse/f1datawarehouse/lib/python3.9/site-packages/airflow/example_dags/example_setup_teardown_taskflow.py
[2024-02-24T13:10:15.031-0600] {processor.py:840} INFO - DAG(s) 'example_setup_teardown_taskflow' retrieved from /Users/vamseekrishna/Desktop/F1_Data_Warehouse/f1datawarehouse/lib/python3.9/site-packages/airflow/example_dags/example_setup_teardown_taskflow.py
[2024-02-24T13:10:15.074-0600] {logging_mixin.py:188} INFO - [2024-02-24T13:10:15.074-0600] {dag.py:3036} INFO - Sync 1 DAGs
[2024-02-24T13:10:15.082-0600] {logging_mixin.py:188} INFO - [2024-02-24T13:10:15.082-0600] {dag.py:3823} INFO - Setting next_dagrun for example_setup_teardown_taskflow to 2024-02-23 00:00:00+00:00, run_after=2024-02-24 00:00:00+00:00
[2024-02-24T13:10:15.090-0600] {processor.py:183} INFO - Processing /Users/vamseekrishna/Desktop/F1_Data_Warehouse/f1datawarehouse/lib/python3.9/site-packages/airflow/example_dags/example_setup_teardown_taskflow.py took 0.077 seconds
[2024-02-24T13:12:01.288-0600] {processor.py:161} INFO - Started process (PID=78289) to work on /Users/vamseekrishna/Desktop/F1_Data_Warehouse/f1datawarehouse/lib/python3.9/site-packages/airflow/example_dags/example_setup_teardown_taskflow.py
[2024-02-24T13:12:01.290-0600] {processor.py:830} INFO - Processing file /Users/vamseekrishna/Desktop/F1_Data_Warehouse/f1datawarehouse/lib/python3.9/site-packages/airflow/example_dags/example_setup_teardown_taskflow.py for tasks to queue
[2024-02-24T13:12:01.290-0600] {logging_mixin.py:188} INFO - [2024-02-24T13:12:01.290-0600] {dagbag.py:538} INFO - Filling up the DagBag from /Users/vamseekrishna/Desktop/F1_Data_Warehouse/f1datawarehouse/lib/python3.9/site-packages/airflow/example_dags/example_setup_teardown_taskflow.py
[2024-02-24T13:12:01.305-0600] {processor.py:840} INFO - DAG(s) 'example_setup_teardown_taskflow' retrieved from /Users/vamseekrishna/Desktop/F1_Data_Warehouse/f1datawarehouse/lib/python3.9/site-packages/airflow/example_dags/example_setup_teardown_taskflow.py
[2024-02-24T13:12:01.350-0600] {logging_mixin.py:188} INFO - [2024-02-24T13:12:01.350-0600] {dag.py:3036} INFO - Sync 1 DAGs
[2024-02-24T13:12:01.358-0600] {logging_mixin.py:188} INFO - [2024-02-24T13:12:01.358-0600] {dag.py:3823} INFO - Setting next_dagrun for example_setup_teardown_taskflow to 2024-02-23 00:00:00+00:00, run_after=2024-02-24 00:00:00+00:00
[2024-02-24T13:12:01.366-0600] {processor.py:183} INFO - Processing /Users/vamseekrishna/Desktop/F1_Data_Warehouse/f1datawarehouse/lib/python3.9/site-packages/airflow/example_dags/example_setup_teardown_taskflow.py took 0.078 seconds
[2024-02-24T13:13:52.085-0600] {processor.py:161} INFO - Started process (PID=78374) to work on /Users/vamseekrishna/Desktop/F1_Data_Warehouse/f1datawarehouse/lib/python3.9/site-packages/airflow/example_dags/example_setup_teardown_taskflow.py
[2024-02-24T13:13:52.087-0600] {processor.py:830} INFO - Processing file /Users/vamseekrishna/Desktop/F1_Data_Warehouse/f1datawarehouse/lib/python3.9/site-packages/airflow/example_dags/example_setup_teardown_taskflow.py for tasks to queue
[2024-02-24T13:13:52.087-0600] {logging_mixin.py:188} INFO - [2024-02-24T13:13:52.087-0600] {dagbag.py:538} INFO - Filling up the DagBag from /Users/vamseekrishna/Desktop/F1_Data_Warehouse/f1datawarehouse/lib/python3.9/site-packages/airflow/example_dags/example_setup_teardown_taskflow.py
[2024-02-24T13:13:52.103-0600] {processor.py:840} INFO - DAG(s) 'example_setup_teardown_taskflow' retrieved from /Users/vamseekrishna/Desktop/F1_Data_Warehouse/f1datawarehouse/lib/python3.9/site-packages/airflow/example_dags/example_setup_teardown_taskflow.py
[2024-02-24T13:13:52.146-0600] {logging_mixin.py:188} INFO - [2024-02-24T13:13:52.146-0600] {dag.py:3036} INFO - Sync 1 DAGs
[2024-02-24T13:13:52.154-0600] {logging_mixin.py:188} INFO - [2024-02-24T13:13:52.154-0600] {dag.py:3823} INFO - Setting next_dagrun for example_setup_teardown_taskflow to 2024-02-23 00:00:00+00:00, run_after=2024-02-24 00:00:00+00:00
[2024-02-24T13:13:52.162-0600] {processor.py:183} INFO - Processing /Users/vamseekrishna/Desktop/F1_Data_Warehouse/f1datawarehouse/lib/python3.9/site-packages/airflow/example_dags/example_setup_teardown_taskflow.py took 0.077 seconds
[2024-02-24T13:15:42.475-0600] {processor.py:161} INFO - Started process (PID=78464) to work on /Users/vamseekrishna/Desktop/F1_Data_Warehouse/f1datawarehouse/lib/python3.9/site-packages/airflow/example_dags/example_setup_teardown_taskflow.py
[2024-02-24T13:15:42.477-0600] {processor.py:830} INFO - Processing file /Users/vamseekrishna/Desktop/F1_Data_Warehouse/f1datawarehouse/lib/python3.9/site-packages/airflow/example_dags/example_setup_teardown_taskflow.py for tasks to queue
[2024-02-24T13:15:42.477-0600] {logging_mixin.py:188} INFO - [2024-02-24T13:15:42.477-0600] {dagbag.py:538} INFO - Filling up the DagBag from /Users/vamseekrishna/Desktop/F1_Data_Warehouse/f1datawarehouse/lib/python3.9/site-packages/airflow/example_dags/example_setup_teardown_taskflow.py
[2024-02-24T13:15:42.492-0600] {processor.py:840} INFO - DAG(s) 'example_setup_teardown_taskflow' retrieved from /Users/vamseekrishna/Desktop/F1_Data_Warehouse/f1datawarehouse/lib/python3.9/site-packages/airflow/example_dags/example_setup_teardown_taskflow.py
[2024-02-24T13:15:42.535-0600] {logging_mixin.py:188} INFO - [2024-02-24T13:15:42.534-0600] {dag.py:3036} INFO - Sync 1 DAGs
[2024-02-24T13:15:42.542-0600] {logging_mixin.py:188} INFO - [2024-02-24T13:15:42.542-0600] {dag.py:3823} INFO - Setting next_dagrun for example_setup_teardown_taskflow to 2024-02-23 00:00:00+00:00, run_after=2024-02-24 00:00:00+00:00
[2024-02-24T13:15:42.550-0600] {processor.py:183} INFO - Processing /Users/vamseekrishna/Desktop/F1_Data_Warehouse/f1datawarehouse/lib/python3.9/site-packages/airflow/example_dags/example_setup_teardown_taskflow.py took 0.076 seconds
[2024-02-24T13:17:35.673-0600] {processor.py:161} INFO - Started process (PID=78569) to work on /Users/vamseekrishna/Desktop/F1_Data_Warehouse/f1datawarehouse/lib/python3.9/site-packages/airflow/example_dags/example_setup_teardown_taskflow.py
[2024-02-24T13:17:35.675-0600] {processor.py:830} INFO - Processing file /Users/vamseekrishna/Desktop/F1_Data_Warehouse/f1datawarehouse/lib/python3.9/site-packages/airflow/example_dags/example_setup_teardown_taskflow.py for tasks to queue
[2024-02-24T13:17:35.675-0600] {logging_mixin.py:188} INFO - [2024-02-24T13:17:35.675-0600] {dagbag.py:538} INFO - Filling up the DagBag from /Users/vamseekrishna/Desktop/F1_Data_Warehouse/f1datawarehouse/lib/python3.9/site-packages/airflow/example_dags/example_setup_teardown_taskflow.py
[2024-02-24T13:17:35.690-0600] {processor.py:840} INFO - DAG(s) 'example_setup_teardown_taskflow' retrieved from /Users/vamseekrishna/Desktop/F1_Data_Warehouse/f1datawarehouse/lib/python3.9/site-packages/airflow/example_dags/example_setup_teardown_taskflow.py
[2024-02-24T13:17:35.733-0600] {logging_mixin.py:188} INFO - [2024-02-24T13:17:35.733-0600] {dag.py:3036} INFO - Sync 1 DAGs
[2024-02-24T13:17:35.740-0600] {logging_mixin.py:188} INFO - [2024-02-24T13:17:35.740-0600] {dag.py:3823} INFO - Setting next_dagrun for example_setup_teardown_taskflow to 2024-02-23 00:00:00+00:00, run_after=2024-02-24 00:00:00+00:00
[2024-02-24T13:17:35.748-0600] {processor.py:183} INFO - Processing /Users/vamseekrishna/Desktop/F1_Data_Warehouse/f1datawarehouse/lib/python3.9/site-packages/airflow/example_dags/example_setup_teardown_taskflow.py took 0.075 seconds
[2024-02-24T13:19:26.959-0600] {processor.py:161} INFO - Started process (PID=78658) to work on /Users/vamseekrishna/Desktop/F1_Data_Warehouse/f1datawarehouse/lib/python3.9/site-packages/airflow/example_dags/example_setup_teardown_taskflow.py
[2024-02-24T13:19:26.961-0600] {processor.py:830} INFO - Processing file /Users/vamseekrishna/Desktop/F1_Data_Warehouse/f1datawarehouse/lib/python3.9/site-packages/airflow/example_dags/example_setup_teardown_taskflow.py for tasks to queue
[2024-02-24T13:19:26.961-0600] {logging_mixin.py:188} INFO - [2024-02-24T13:19:26.961-0600] {dagbag.py:538} INFO - Filling up the DagBag from /Users/vamseekrishna/Desktop/F1_Data_Warehouse/f1datawarehouse/lib/python3.9/site-packages/airflow/example_dags/example_setup_teardown_taskflow.py
[2024-02-24T13:19:26.976-0600] {processor.py:840} INFO - DAG(s) 'example_setup_teardown_taskflow' retrieved from /Users/vamseekrishna/Desktop/F1_Data_Warehouse/f1datawarehouse/lib/python3.9/site-packages/airflow/example_dags/example_setup_teardown_taskflow.py
[2024-02-24T13:19:27.019-0600] {logging_mixin.py:188} INFO - [2024-02-24T13:19:27.019-0600] {dag.py:3036} INFO - Sync 1 DAGs
[2024-02-24T13:19:27.027-0600] {logging_mixin.py:188} INFO - [2024-02-24T13:19:27.027-0600] {dag.py:3823} INFO - Setting next_dagrun for example_setup_teardown_taskflow to 2024-02-23 00:00:00+00:00, run_after=2024-02-24 00:00:00+00:00
[2024-02-24T13:19:27.036-0600] {processor.py:183} INFO - Processing /Users/vamseekrishna/Desktop/F1_Data_Warehouse/f1datawarehouse/lib/python3.9/site-packages/airflow/example_dags/example_setup_teardown_taskflow.py took 0.077 seconds
[2024-02-24T13:21:12.545-0600] {processor.py:161} INFO - Started process (PID=78737) to work on /Users/vamseekrishna/Desktop/F1_Data_Warehouse/f1datawarehouse/lib/python3.9/site-packages/airflow/example_dags/example_setup_teardown_taskflow.py
[2024-02-24T13:21:12.547-0600] {processor.py:830} INFO - Processing file /Users/vamseekrishna/Desktop/F1_Data_Warehouse/f1datawarehouse/lib/python3.9/site-packages/airflow/example_dags/example_setup_teardown_taskflow.py for tasks to queue
[2024-02-24T13:21:12.547-0600] {logging_mixin.py:188} INFO - [2024-02-24T13:21:12.547-0600] {dagbag.py:538} INFO - Filling up the DagBag from /Users/vamseekrishna/Desktop/F1_Data_Warehouse/f1datawarehouse/lib/python3.9/site-packages/airflow/example_dags/example_setup_teardown_taskflow.py
[2024-02-24T13:21:12.563-0600] {processor.py:840} INFO - DAG(s) 'example_setup_teardown_taskflow' retrieved from /Users/vamseekrishna/Desktop/F1_Data_Warehouse/f1datawarehouse/lib/python3.9/site-packages/airflow/example_dags/example_setup_teardown_taskflow.py
[2024-02-24T13:21:12.608-0600] {logging_mixin.py:188} INFO - [2024-02-24T13:21:12.608-0600] {dag.py:3036} INFO - Sync 1 DAGs
[2024-02-24T13:21:12.616-0600] {logging_mixin.py:188} INFO - [2024-02-24T13:21:12.616-0600] {dag.py:3823} INFO - Setting next_dagrun for example_setup_teardown_taskflow to 2024-02-23 00:00:00+00:00, run_after=2024-02-24 00:00:00+00:00
[2024-02-24T13:21:12.624-0600] {processor.py:183} INFO - Processing /Users/vamseekrishna/Desktop/F1_Data_Warehouse/f1datawarehouse/lib/python3.9/site-packages/airflow/example_dags/example_setup_teardown_taskflow.py took 0.080 seconds
[2024-02-24T13:23:08.285-0600] {processor.py:161} INFO - Started process (PID=78857) to work on /Users/vamseekrishna/Desktop/F1_Data_Warehouse/f1datawarehouse/lib/python3.9/site-packages/airflow/example_dags/example_setup_teardown_taskflow.py
[2024-02-24T13:23:08.287-0600] {processor.py:830} INFO - Processing file /Users/vamseekrishna/Desktop/F1_Data_Warehouse/f1datawarehouse/lib/python3.9/site-packages/airflow/example_dags/example_setup_teardown_taskflow.py for tasks to queue
[2024-02-24T13:23:08.287-0600] {logging_mixin.py:188} INFO - [2024-02-24T13:23:08.287-0600] {dagbag.py:538} INFO - Filling up the DagBag from /Users/vamseekrishna/Desktop/F1_Data_Warehouse/f1datawarehouse/lib/python3.9/site-packages/airflow/example_dags/example_setup_teardown_taskflow.py
[2024-02-24T13:23:08.302-0600] {processor.py:840} INFO - DAG(s) 'example_setup_teardown_taskflow' retrieved from /Users/vamseekrishna/Desktop/F1_Data_Warehouse/f1datawarehouse/lib/python3.9/site-packages/airflow/example_dags/example_setup_teardown_taskflow.py
[2024-02-24T13:23:08.345-0600] {logging_mixin.py:188} INFO - [2024-02-24T13:23:08.345-0600] {dag.py:3036} INFO - Sync 1 DAGs
[2024-02-24T13:23:08.353-0600] {logging_mixin.py:188} INFO - [2024-02-24T13:23:08.353-0600] {dag.py:3823} INFO - Setting next_dagrun for example_setup_teardown_taskflow to 2024-02-23 00:00:00+00:00, run_after=2024-02-24 00:00:00+00:00
[2024-02-24T13:23:08.361-0600] {processor.py:183} INFO - Processing /Users/vamseekrishna/Desktop/F1_Data_Warehouse/f1datawarehouse/lib/python3.9/site-packages/airflow/example_dags/example_setup_teardown_taskflow.py took 0.076 seconds
[2024-02-24T13:25:02.550-0600] {processor.py:161} INFO - Started process (PID=78954) to work on /Users/vamseekrishna/Desktop/F1_Data_Warehouse/f1datawarehouse/lib/python3.9/site-packages/airflow/example_dags/example_setup_teardown_taskflow.py
[2024-02-24T13:25:02.552-0600] {processor.py:830} INFO - Processing file /Users/vamseekrishna/Desktop/F1_Data_Warehouse/f1datawarehouse/lib/python3.9/site-packages/airflow/example_dags/example_setup_teardown_taskflow.py for tasks to queue
[2024-02-24T13:25:02.552-0600] {logging_mixin.py:188} INFO - [2024-02-24T13:25:02.552-0600] {dagbag.py:538} INFO - Filling up the DagBag from /Users/vamseekrishna/Desktop/F1_Data_Warehouse/f1datawarehouse/lib/python3.9/site-packages/airflow/example_dags/example_setup_teardown_taskflow.py
[2024-02-24T13:25:02.567-0600] {processor.py:840} INFO - DAG(s) 'example_setup_teardown_taskflow' retrieved from /Users/vamseekrishna/Desktop/F1_Data_Warehouse/f1datawarehouse/lib/python3.9/site-packages/airflow/example_dags/example_setup_teardown_taskflow.py
[2024-02-24T13:25:02.609-0600] {logging_mixin.py:188} INFO - [2024-02-24T13:25:02.609-0600] {dag.py:3036} INFO - Sync 1 DAGs
[2024-02-24T13:25:02.617-0600] {logging_mixin.py:188} INFO - [2024-02-24T13:25:02.617-0600] {dag.py:3823} INFO - Setting next_dagrun for example_setup_teardown_taskflow to 2024-02-23 00:00:00+00:00, run_after=2024-02-24 00:00:00+00:00
[2024-02-24T13:25:02.624-0600] {processor.py:183} INFO - Processing /Users/vamseekrishna/Desktop/F1_Data_Warehouse/f1datawarehouse/lib/python3.9/site-packages/airflow/example_dags/example_setup_teardown_taskflow.py took 0.075 seconds
[2024-02-24T13:26:53.774-0600] {processor.py:161} INFO - Started process (PID=79070) to work on /Users/vamseekrishna/Desktop/F1_Data_Warehouse/f1datawarehouse/lib/python3.9/site-packages/airflow/example_dags/example_setup_teardown_taskflow.py
[2024-02-24T13:26:53.776-0600] {processor.py:830} INFO - Processing file /Users/vamseekrishna/Desktop/F1_Data_Warehouse/f1datawarehouse/lib/python3.9/site-packages/airflow/example_dags/example_setup_teardown_taskflow.py for tasks to queue
[2024-02-24T13:26:53.777-0600] {logging_mixin.py:188} INFO - [2024-02-24T13:26:53.776-0600] {dagbag.py:538} INFO - Filling up the DagBag from /Users/vamseekrishna/Desktop/F1_Data_Warehouse/f1datawarehouse/lib/python3.9/site-packages/airflow/example_dags/example_setup_teardown_taskflow.py
[2024-02-24T13:26:53.792-0600] {processor.py:840} INFO - DAG(s) 'example_setup_teardown_taskflow' retrieved from /Users/vamseekrishna/Desktop/F1_Data_Warehouse/f1datawarehouse/lib/python3.9/site-packages/airflow/example_dags/example_setup_teardown_taskflow.py
[2024-02-24T13:26:53.836-0600] {logging_mixin.py:188} INFO - [2024-02-24T13:26:53.836-0600] {dag.py:3036} INFO - Sync 1 DAGs
[2024-02-24T13:26:53.844-0600] {logging_mixin.py:188} INFO - [2024-02-24T13:26:53.844-0600] {dag.py:3823} INFO - Setting next_dagrun for example_setup_teardown_taskflow to 2024-02-23 00:00:00+00:00, run_after=2024-02-24 00:00:00+00:00
[2024-02-24T13:26:53.852-0600] {processor.py:183} INFO - Processing /Users/vamseekrishna/Desktop/F1_Data_Warehouse/f1datawarehouse/lib/python3.9/site-packages/airflow/example_dags/example_setup_teardown_taskflow.py took 0.079 seconds
[2024-02-24T13:28:37.185-0600] {processor.py:161} INFO - Started process (PID=79175) to work on /Users/vamseekrishna/Desktop/F1_Data_Warehouse/f1datawarehouse/lib/python3.9/site-packages/airflow/example_dags/example_setup_teardown_taskflow.py
[2024-02-24T13:28:37.187-0600] {processor.py:830} INFO - Processing file /Users/vamseekrishna/Desktop/F1_Data_Warehouse/f1datawarehouse/lib/python3.9/site-packages/airflow/example_dags/example_setup_teardown_taskflow.py for tasks to queue
[2024-02-24T13:28:37.187-0600] {logging_mixin.py:188} INFO - [2024-02-24T13:28:37.187-0600] {dagbag.py:538} INFO - Filling up the DagBag from /Users/vamseekrishna/Desktop/F1_Data_Warehouse/f1datawarehouse/lib/python3.9/site-packages/airflow/example_dags/example_setup_teardown_taskflow.py
[2024-02-24T13:28:37.202-0600] {processor.py:840} INFO - DAG(s) 'example_setup_teardown_taskflow' retrieved from /Users/vamseekrishna/Desktop/F1_Data_Warehouse/f1datawarehouse/lib/python3.9/site-packages/airflow/example_dags/example_setup_teardown_taskflow.py
[2024-02-24T13:28:37.245-0600] {logging_mixin.py:188} INFO - [2024-02-24T13:28:37.245-0600] {dag.py:3036} INFO - Sync 1 DAGs
[2024-02-24T13:28:37.253-0600] {logging_mixin.py:188} INFO - [2024-02-24T13:28:37.253-0600] {dag.py:3823} INFO - Setting next_dagrun for example_setup_teardown_taskflow to 2024-02-23 00:00:00+00:00, run_after=2024-02-24 00:00:00+00:00
[2024-02-24T13:28:37.261-0600] {processor.py:183} INFO - Processing /Users/vamseekrishna/Desktop/F1_Data_Warehouse/f1datawarehouse/lib/python3.9/site-packages/airflow/example_dags/example_setup_teardown_taskflow.py took 0.076 seconds
[2024-02-24T13:30:29.731-0600] {processor.py:161} INFO - Started process (PID=79456) to work on /Users/vamseekrishna/Desktop/F1_Data_Warehouse/f1datawarehouse/lib/python3.9/site-packages/airflow/example_dags/example_setup_teardown_taskflow.py
[2024-02-24T13:30:29.736-0600] {processor.py:830} INFO - Processing file /Users/vamseekrishna/Desktop/F1_Data_Warehouse/f1datawarehouse/lib/python3.9/site-packages/airflow/example_dags/example_setup_teardown_taskflow.py for tasks to queue
[2024-02-24T13:30:29.737-0600] {logging_mixin.py:188} INFO - [2024-02-24T13:30:29.737-0600] {dagbag.py:538} INFO - Filling up the DagBag from /Users/vamseekrishna/Desktop/F1_Data_Warehouse/f1datawarehouse/lib/python3.9/site-packages/airflow/example_dags/example_setup_teardown_taskflow.py
[2024-02-24T13:30:29.754-0600] {processor.py:840} INFO - DAG(s) 'example_setup_teardown_taskflow' retrieved from /Users/vamseekrishna/Desktop/F1_Data_Warehouse/f1datawarehouse/lib/python3.9/site-packages/airflow/example_dags/example_setup_teardown_taskflow.py
[2024-02-24T13:30:29.799-0600] {logging_mixin.py:188} INFO - [2024-02-24T13:30:29.799-0600] {dag.py:3036} INFO - Sync 1 DAGs
[2024-02-24T13:30:29.807-0600] {logging_mixin.py:188} INFO - [2024-02-24T13:30:29.807-0600] {dag.py:3823} INFO - Setting next_dagrun for example_setup_teardown_taskflow to 2024-02-23 00:00:00+00:00, run_after=2024-02-24 00:00:00+00:00
[2024-02-24T13:30:29.815-0600] {processor.py:183} INFO - Processing /Users/vamseekrishna/Desktop/F1_Data_Warehouse/f1datawarehouse/lib/python3.9/site-packages/airflow/example_dags/example_setup_teardown_taskflow.py took 0.085 seconds
