[2024-02-24T16:02:02.761-0600] {processor.py:161} INFO - Started process (PID=87784) to work on /Users/vamseekrishna/Desktop/F1_Data_Warehouse/f1datawarehouse/lib/python3.9/site-packages/airflow/example_dags/example_params_trigger_ui.py
[2024-02-24T16:02:02.763-0600] {processor.py:830} INFO - Processing file /Users/vamseekrishna/Desktop/F1_Data_Warehouse/f1datawarehouse/lib/python3.9/site-packages/airflow/example_dags/example_params_trigger_ui.py for tasks to queue
[2024-02-24T16:02:02.763-0600] {logging_mixin.py:188} INFO - [2024-02-24T16:02:02.763-0600] {dagbag.py:538} INFO - Filling up the DagBag from /Users/vamseekrishna/Desktop/F1_Data_Warehouse/f1datawarehouse/lib/python3.9/site-packages/airflow/example_dags/example_params_trigger_ui.py
[2024-02-24T16:02:02.786-0600] {processor.py:840} INFO - DAG(s) 'example_params_trigger_ui' retrieved from /Users/vamseekrishna/Desktop/F1_Data_Warehouse/f1datawarehouse/lib/python3.9/site-packages/airflow/example_dags/example_params_trigger_ui.py
[2024-02-24T16:02:02.886-0600] {logging_mixin.py:188} INFO - [2024-02-24T16:02:02.886-0600] {override.py:1769} INFO - Created Permission View: can delete on DAG:example_params_trigger_ui
[2024-02-24T16:02:02.890-0600] {logging_mixin.py:188} INFO - [2024-02-24T16:02:02.890-0600] {override.py:1769} INFO - Created Permission View: can edit on DAG:example_params_trigger_ui
[2024-02-24T16:02:02.894-0600] {logging_mixin.py:188} INFO - [2024-02-24T16:02:02.894-0600] {override.py:1769} INFO - Created Permission View: can read on DAG:example_params_trigger_ui
[2024-02-24T16:02:02.894-0600] {logging_mixin.py:188} INFO - [2024-02-24T16:02:02.894-0600] {dag.py:3036} INFO - Sync 1 DAGs
[2024-02-24T16:02:02.901-0600] {logging_mixin.py:188} INFO - [2024-02-24T16:02:02.900-0600] {dag.py:3058} INFO - Creating ORM DAG for example_params_trigger_ui
[2024-02-24T16:02:02.901-0600] {logging_mixin.py:188} INFO - [2024-02-24T16:02:02.901-0600] {dag.py:3823} INFO - Setting next_dagrun for example_params_trigger_ui to None, run_after=None
[2024-02-24T16:02:02.910-0600] {processor.py:183} INFO - Processing /Users/vamseekrishna/Desktop/F1_Data_Warehouse/f1datawarehouse/lib/python3.9/site-packages/airflow/example_dags/example_params_trigger_ui.py took 0.149 seconds
[2024-02-24T16:03:35.022-0600] {processor.py:161} INFO - Started process (PID=87981) to work on /Users/vamseekrishna/Desktop/F1_Data_Warehouse/f1datawarehouse/lib/python3.9/site-packages/airflow/example_dags/example_params_trigger_ui.py
[2024-02-24T16:03:35.023-0600] {processor.py:830} INFO - Processing file /Users/vamseekrishna/Desktop/F1_Data_Warehouse/f1datawarehouse/lib/python3.9/site-packages/airflow/example_dags/example_params_trigger_ui.py for tasks to queue
[2024-02-24T16:03:35.023-0600] {logging_mixin.py:188} INFO - [2024-02-24T16:03:35.023-0600] {dagbag.py:538} INFO - Filling up the DagBag from /Users/vamseekrishna/Desktop/F1_Data_Warehouse/f1datawarehouse/lib/python3.9/site-packages/airflow/example_dags/example_params_trigger_ui.py
[2024-02-24T16:03:35.041-0600] {processor.py:840} INFO - DAG(s) 'example_params_trigger_ui' retrieved from /Users/vamseekrishna/Desktop/F1_Data_Warehouse/f1datawarehouse/lib/python3.9/site-packages/airflow/example_dags/example_params_trigger_ui.py
[2024-02-24T16:03:35.101-0600] {logging_mixin.py:188} INFO - [2024-02-24T16:03:35.101-0600] {dag.py:3036} INFO - Sync 1 DAGs
[2024-02-24T16:03:35.105-0600] {logging_mixin.py:188} INFO - [2024-02-24T16:03:35.105-0600] {dag.py:3823} INFO - Setting next_dagrun for example_params_trigger_ui to None, run_after=None
[2024-02-24T16:03:35.113-0600] {processor.py:183} INFO - Processing /Users/vamseekrishna/Desktop/F1_Data_Warehouse/f1datawarehouse/lib/python3.9/site-packages/airflow/example_dags/example_params_trigger_ui.py took 0.092 seconds
[2024-02-24T16:05:34.104-0600] {processor.py:161} INFO - Started process (PID=88220) to work on /Users/vamseekrishna/Desktop/F1_Data_Warehouse/f1datawarehouse/lib/python3.9/site-packages/airflow/example_dags/example_params_trigger_ui.py
[2024-02-24T16:05:34.106-0600] {processor.py:830} INFO - Processing file /Users/vamseekrishna/Desktop/F1_Data_Warehouse/f1datawarehouse/lib/python3.9/site-packages/airflow/example_dags/example_params_trigger_ui.py for tasks to queue
[2024-02-24T16:05:34.107-0600] {logging_mixin.py:188} INFO - [2024-02-24T16:05:34.107-0600] {dagbag.py:538} INFO - Filling up the DagBag from /Users/vamseekrishna/Desktop/F1_Data_Warehouse/f1datawarehouse/lib/python3.9/site-packages/airflow/example_dags/example_params_trigger_ui.py
[2024-02-24T16:05:34.150-0600] {processor.py:840} INFO - DAG(s) 'example_params_trigger_ui' retrieved from /Users/vamseekrishna/Desktop/F1_Data_Warehouse/f1datawarehouse/lib/python3.9/site-packages/airflow/example_dags/example_params_trigger_ui.py
[2024-02-24T16:05:34.209-0600] {logging_mixin.py:188} INFO - [2024-02-24T16:05:34.209-0600] {dag.py:3036} INFO - Sync 1 DAGs
[2024-02-24T16:05:34.213-0600] {logging_mixin.py:188} INFO - [2024-02-24T16:05:34.212-0600] {dag.py:3823} INFO - Setting next_dagrun for example_params_trigger_ui to None, run_after=None
[2024-02-24T16:05:34.221-0600] {processor.py:183} INFO - Processing /Users/vamseekrishna/Desktop/F1_Data_Warehouse/f1datawarehouse/lib/python3.9/site-packages/airflow/example_dags/example_params_trigger_ui.py took 0.117 seconds
[2024-02-24T16:07:30.813-0600] {processor.py:161} INFO - Started process (PID=88432) to work on /Users/vamseekrishna/Desktop/F1_Data_Warehouse/f1datawarehouse/lib/python3.9/site-packages/airflow/example_dags/example_params_trigger_ui.py
[2024-02-24T16:07:30.815-0600] {processor.py:830} INFO - Processing file /Users/vamseekrishna/Desktop/F1_Data_Warehouse/f1datawarehouse/lib/python3.9/site-packages/airflow/example_dags/example_params_trigger_ui.py for tasks to queue
[2024-02-24T16:07:30.815-0600] {logging_mixin.py:188} INFO - [2024-02-24T16:07:30.815-0600] {dagbag.py:538} INFO - Filling up the DagBag from /Users/vamseekrishna/Desktop/F1_Data_Warehouse/f1datawarehouse/lib/python3.9/site-packages/airflow/example_dags/example_params_trigger_ui.py
[2024-02-24T16:07:30.873-0600] {processor.py:840} INFO - DAG(s) 'example_params_trigger_ui' retrieved from /Users/vamseekrishna/Desktop/F1_Data_Warehouse/f1datawarehouse/lib/python3.9/site-packages/airflow/example_dags/example_params_trigger_ui.py
[2024-02-24T16:07:30.930-0600] {logging_mixin.py:188} INFO - [2024-02-24T16:07:30.929-0600] {dag.py:3036} INFO - Sync 1 DAGs
[2024-02-24T16:07:30.933-0600] {logging_mixin.py:188} INFO - [2024-02-24T16:07:30.933-0600] {dag.py:3823} INFO - Setting next_dagrun for example_params_trigger_ui to None, run_after=None
[2024-02-24T16:07:30.941-0600] {processor.py:183} INFO - Processing /Users/vamseekrishna/Desktop/F1_Data_Warehouse/f1datawarehouse/lib/python3.9/site-packages/airflow/example_dags/example_params_trigger_ui.py took 0.129 seconds
[2024-02-24T16:09:28.301-0600] {processor.py:161} INFO - Started process (PID=88634) to work on /Users/vamseekrishna/Desktop/F1_Data_Warehouse/f1datawarehouse/lib/python3.9/site-packages/airflow/example_dags/example_params_trigger_ui.py
[2024-02-24T16:09:28.303-0600] {processor.py:830} INFO - Processing file /Users/vamseekrishna/Desktop/F1_Data_Warehouse/f1datawarehouse/lib/python3.9/site-packages/airflow/example_dags/example_params_trigger_ui.py for tasks to queue
[2024-02-24T16:09:28.304-0600] {logging_mixin.py:188} INFO - [2024-02-24T16:09:28.304-0600] {dagbag.py:538} INFO - Filling up the DagBag from /Users/vamseekrishna/Desktop/F1_Data_Warehouse/f1datawarehouse/lib/python3.9/site-packages/airflow/example_dags/example_params_trigger_ui.py
[2024-02-24T16:09:28.350-0600] {processor.py:840} INFO - DAG(s) 'example_params_trigger_ui' retrieved from /Users/vamseekrishna/Desktop/F1_Data_Warehouse/f1datawarehouse/lib/python3.9/site-packages/airflow/example_dags/example_params_trigger_ui.py
[2024-02-24T16:09:28.409-0600] {logging_mixin.py:188} INFO - [2024-02-24T16:09:28.409-0600] {dag.py:3036} INFO - Sync 1 DAGs
[2024-02-24T16:09:28.414-0600] {logging_mixin.py:188} INFO - [2024-02-24T16:09:28.414-0600] {dag.py:3823} INFO - Setting next_dagrun for example_params_trigger_ui to None, run_after=None
[2024-02-24T16:09:28.422-0600] {processor.py:183} INFO - Processing /Users/vamseekrishna/Desktop/F1_Data_Warehouse/f1datawarehouse/lib/python3.9/site-packages/airflow/example_dags/example_params_trigger_ui.py took 0.121 seconds
[2024-02-24T16:11:25.015-0600] {processor.py:161} INFO - Started process (PID=88832) to work on /Users/vamseekrishna/Desktop/F1_Data_Warehouse/f1datawarehouse/lib/python3.9/site-packages/airflow/example_dags/example_params_trigger_ui.py
[2024-02-24T16:11:25.017-0600] {processor.py:830} INFO - Processing file /Users/vamseekrishna/Desktop/F1_Data_Warehouse/f1datawarehouse/lib/python3.9/site-packages/airflow/example_dags/example_params_trigger_ui.py for tasks to queue
[2024-02-24T16:11:25.017-0600] {logging_mixin.py:188} INFO - [2024-02-24T16:11:25.017-0600] {dagbag.py:538} INFO - Filling up the DagBag from /Users/vamseekrishna/Desktop/F1_Data_Warehouse/f1datawarehouse/lib/python3.9/site-packages/airflow/example_dags/example_params_trigger_ui.py
[2024-02-24T16:11:25.063-0600] {processor.py:840} INFO - DAG(s) 'example_params_trigger_ui' retrieved from /Users/vamseekrishna/Desktop/F1_Data_Warehouse/f1datawarehouse/lib/python3.9/site-packages/airflow/example_dags/example_params_trigger_ui.py
[2024-02-24T16:11:25.121-0600] {logging_mixin.py:188} INFO - [2024-02-24T16:11:25.121-0600] {dag.py:3036} INFO - Sync 1 DAGs
[2024-02-24T16:11:25.125-0600] {logging_mixin.py:188} INFO - [2024-02-24T16:11:25.125-0600] {dag.py:3823} INFO - Setting next_dagrun for example_params_trigger_ui to None, run_after=None
[2024-02-24T16:11:25.133-0600] {processor.py:183} INFO - Processing /Users/vamseekrishna/Desktop/F1_Data_Warehouse/f1datawarehouse/lib/python3.9/site-packages/airflow/example_dags/example_params_trigger_ui.py took 0.118 seconds
[2024-02-24T16:13:15.582-0600] {processor.py:161} INFO - Started process (PID=89006) to work on /Users/vamseekrishna/Desktop/F1_Data_Warehouse/f1datawarehouse/lib/python3.9/site-packages/airflow/example_dags/example_params_trigger_ui.py
[2024-02-24T16:13:15.584-0600] {processor.py:830} INFO - Processing file /Users/vamseekrishna/Desktop/F1_Data_Warehouse/f1datawarehouse/lib/python3.9/site-packages/airflow/example_dags/example_params_trigger_ui.py for tasks to queue
[2024-02-24T16:13:15.584-0600] {logging_mixin.py:188} INFO - [2024-02-24T16:13:15.584-0600] {dagbag.py:538} INFO - Filling up the DagBag from /Users/vamseekrishna/Desktop/F1_Data_Warehouse/f1datawarehouse/lib/python3.9/site-packages/airflow/example_dags/example_params_trigger_ui.py
[2024-02-24T16:13:15.625-0600] {processor.py:840} INFO - DAG(s) 'example_params_trigger_ui' retrieved from /Users/vamseekrishna/Desktop/F1_Data_Warehouse/f1datawarehouse/lib/python3.9/site-packages/airflow/example_dags/example_params_trigger_ui.py
[2024-02-24T16:13:15.683-0600] {logging_mixin.py:188} INFO - [2024-02-24T16:13:15.683-0600] {dag.py:3036} INFO - Sync 1 DAGs
[2024-02-24T16:13:15.687-0600] {logging_mixin.py:188} INFO - [2024-02-24T16:13:15.686-0600] {dag.py:3823} INFO - Setting next_dagrun for example_params_trigger_ui to None, run_after=None
[2024-02-24T16:13:15.695-0600] {processor.py:183} INFO - Processing /Users/vamseekrishna/Desktop/F1_Data_Warehouse/f1datawarehouse/lib/python3.9/site-packages/airflow/example_dags/example_params_trigger_ui.py took 0.114 seconds
[2024-02-24T16:15:08.644-0600] {processor.py:161} INFO - Started process (PID=89206) to work on /Users/vamseekrishna/Desktop/F1_Data_Warehouse/f1datawarehouse/lib/python3.9/site-packages/airflow/example_dags/example_params_trigger_ui.py
[2024-02-24T16:15:08.645-0600] {processor.py:830} INFO - Processing file /Users/vamseekrishna/Desktop/F1_Data_Warehouse/f1datawarehouse/lib/python3.9/site-packages/airflow/example_dags/example_params_trigger_ui.py for tasks to queue
[2024-02-24T16:15:08.646-0600] {logging_mixin.py:188} INFO - [2024-02-24T16:15:08.646-0600] {dagbag.py:538} INFO - Filling up the DagBag from /Users/vamseekrishna/Desktop/F1_Data_Warehouse/f1datawarehouse/lib/python3.9/site-packages/airflow/example_dags/example_params_trigger_ui.py
[2024-02-24T16:15:08.688-0600] {processor.py:840} INFO - DAG(s) 'example_params_trigger_ui' retrieved from /Users/vamseekrishna/Desktop/F1_Data_Warehouse/f1datawarehouse/lib/python3.9/site-packages/airflow/example_dags/example_params_trigger_ui.py
[2024-02-24T16:15:08.745-0600] {logging_mixin.py:188} INFO - [2024-02-24T16:15:08.745-0600] {dag.py:3036} INFO - Sync 1 DAGs
[2024-02-24T16:15:08.748-0600] {logging_mixin.py:188} INFO - [2024-02-24T16:15:08.748-0600] {dag.py:3823} INFO - Setting next_dagrun for example_params_trigger_ui to None, run_after=None
[2024-02-24T16:15:08.756-0600] {processor.py:183} INFO - Processing /Users/vamseekrishna/Desktop/F1_Data_Warehouse/f1datawarehouse/lib/python3.9/site-packages/airflow/example_dags/example_params_trigger_ui.py took 0.113 seconds
[2024-02-24T16:16:54.456-0600] {processor.py:161} INFO - Started process (PID=89402) to work on /Users/vamseekrishna/Desktop/F1_Data_Warehouse/f1datawarehouse/lib/python3.9/site-packages/airflow/example_dags/example_params_trigger_ui.py
[2024-02-24T16:16:54.458-0600] {processor.py:830} INFO - Processing file /Users/vamseekrishna/Desktop/F1_Data_Warehouse/f1datawarehouse/lib/python3.9/site-packages/airflow/example_dags/example_params_trigger_ui.py for tasks to queue
[2024-02-24T16:16:54.459-0600] {logging_mixin.py:188} INFO - [2024-02-24T16:16:54.459-0600] {dagbag.py:538} INFO - Filling up the DagBag from /Users/vamseekrishna/Desktop/F1_Data_Warehouse/f1datawarehouse/lib/python3.9/site-packages/airflow/example_dags/example_params_trigger_ui.py
[2024-02-24T16:16:54.520-0600] {processor.py:840} INFO - DAG(s) 'example_params_trigger_ui' retrieved from /Users/vamseekrishna/Desktop/F1_Data_Warehouse/f1datawarehouse/lib/python3.9/site-packages/airflow/example_dags/example_params_trigger_ui.py
[2024-02-24T16:16:54.621-0600] {logging_mixin.py:188} INFO - [2024-02-24T16:16:54.621-0600] {dag.py:3036} INFO - Sync 1 DAGs
[2024-02-24T16:16:54.630-0600] {logging_mixin.py:188} INFO - [2024-02-24T16:16:54.630-0600] {dag.py:3823} INFO - Setting next_dagrun for example_params_trigger_ui to None, run_after=None
[2024-02-24T16:16:54.658-0600] {processor.py:183} INFO - Processing /Users/vamseekrishna/Desktop/F1_Data_Warehouse/f1datawarehouse/lib/python3.9/site-packages/airflow/example_dags/example_params_trigger_ui.py took 0.203 seconds
[2024-02-24T16:18:54.708-0600] {processor.py:161} INFO - Started process (PID=89597) to work on /Users/vamseekrishna/Desktop/F1_Data_Warehouse/f1datawarehouse/lib/python3.9/site-packages/airflow/example_dags/example_params_trigger_ui.py
[2024-02-24T16:18:54.711-0600] {processor.py:830} INFO - Processing file /Users/vamseekrishna/Desktop/F1_Data_Warehouse/f1datawarehouse/lib/python3.9/site-packages/airflow/example_dags/example_params_trigger_ui.py for tasks to queue
[2024-02-24T16:18:54.712-0600] {logging_mixin.py:188} INFO - [2024-02-24T16:18:54.712-0600] {dagbag.py:538} INFO - Filling up the DagBag from /Users/vamseekrishna/Desktop/F1_Data_Warehouse/f1datawarehouse/lib/python3.9/site-packages/airflow/example_dags/example_params_trigger_ui.py
[2024-02-24T16:18:54.775-0600] {processor.py:840} INFO - DAG(s) 'example_params_trigger_ui' retrieved from /Users/vamseekrishna/Desktop/F1_Data_Warehouse/f1datawarehouse/lib/python3.9/site-packages/airflow/example_dags/example_params_trigger_ui.py
[2024-02-24T16:18:54.837-0600] {logging_mixin.py:188} INFO - [2024-02-24T16:18:54.837-0600] {dag.py:3036} INFO - Sync 1 DAGs
[2024-02-24T16:18:54.841-0600] {logging_mixin.py:188} INFO - [2024-02-24T16:18:54.841-0600] {dag.py:3823} INFO - Setting next_dagrun for example_params_trigger_ui to None, run_after=None
[2024-02-24T16:18:54.849-0600] {processor.py:183} INFO - Processing /Users/vamseekrishna/Desktop/F1_Data_Warehouse/f1datawarehouse/lib/python3.9/site-packages/airflow/example_dags/example_params_trigger_ui.py took 0.141 seconds
[2024-02-24T16:20:51.648-0600] {processor.py:161} INFO - Started process (PID=89769) to work on /Users/vamseekrishna/Desktop/F1_Data_Warehouse/f1datawarehouse/lib/python3.9/site-packages/airflow/example_dags/example_params_trigger_ui.py
[2024-02-24T16:20:51.649-0600] {processor.py:830} INFO - Processing file /Users/vamseekrishna/Desktop/F1_Data_Warehouse/f1datawarehouse/lib/python3.9/site-packages/airflow/example_dags/example_params_trigger_ui.py for tasks to queue
[2024-02-24T16:20:51.650-0600] {logging_mixin.py:188} INFO - [2024-02-24T16:20:51.650-0600] {dagbag.py:538} INFO - Filling up the DagBag from /Users/vamseekrishna/Desktop/F1_Data_Warehouse/f1datawarehouse/lib/python3.9/site-packages/airflow/example_dags/example_params_trigger_ui.py
[2024-02-24T16:20:51.692-0600] {processor.py:840} INFO - DAG(s) 'example_params_trigger_ui' retrieved from /Users/vamseekrishna/Desktop/F1_Data_Warehouse/f1datawarehouse/lib/python3.9/site-packages/airflow/example_dags/example_params_trigger_ui.py
[2024-02-24T16:20:51.751-0600] {logging_mixin.py:188} INFO - [2024-02-24T16:20:51.750-0600] {dag.py:3036} INFO - Sync 1 DAGs
[2024-02-24T16:20:51.756-0600] {logging_mixin.py:188} INFO - [2024-02-24T16:20:51.756-0600] {dag.py:3823} INFO - Setting next_dagrun for example_params_trigger_ui to None, run_after=None
[2024-02-24T16:20:51.764-0600] {processor.py:183} INFO - Processing /Users/vamseekrishna/Desktop/F1_Data_Warehouse/f1datawarehouse/lib/python3.9/site-packages/airflow/example_dags/example_params_trigger_ui.py took 0.118 seconds
[2024-02-24T16:22:54.348-0600] {processor.py:161} INFO - Started process (PID=89963) to work on /Users/vamseekrishna/Desktop/F1_Data_Warehouse/f1datawarehouse/lib/python3.9/site-packages/airflow/example_dags/example_params_trigger_ui.py
[2024-02-24T16:22:54.349-0600] {processor.py:830} INFO - Processing file /Users/vamseekrishna/Desktop/F1_Data_Warehouse/f1datawarehouse/lib/python3.9/site-packages/airflow/example_dags/example_params_trigger_ui.py for tasks to queue
[2024-02-24T16:22:54.350-0600] {logging_mixin.py:188} INFO - [2024-02-24T16:22:54.349-0600] {dagbag.py:538} INFO - Filling up the DagBag from /Users/vamseekrishna/Desktop/F1_Data_Warehouse/f1datawarehouse/lib/python3.9/site-packages/airflow/example_dags/example_params_trigger_ui.py
[2024-02-24T16:22:54.390-0600] {processor.py:840} INFO - DAG(s) 'example_params_trigger_ui' retrieved from /Users/vamseekrishna/Desktop/F1_Data_Warehouse/f1datawarehouse/lib/python3.9/site-packages/airflow/example_dags/example_params_trigger_ui.py
[2024-02-24T16:22:54.464-0600] {logging_mixin.py:188} INFO - [2024-02-24T16:22:54.463-0600] {dag.py:3036} INFO - Sync 1 DAGs
[2024-02-24T16:22:54.470-0600] {logging_mixin.py:188} INFO - [2024-02-24T16:22:54.469-0600] {dag.py:3823} INFO - Setting next_dagrun for example_params_trigger_ui to None, run_after=None
[2024-02-24T16:22:54.485-0600] {processor.py:183} INFO - Processing /Users/vamseekrishna/Desktop/F1_Data_Warehouse/f1datawarehouse/lib/python3.9/site-packages/airflow/example_dags/example_params_trigger_ui.py took 0.138 seconds
[2024-02-24T16:25:02.996-0600] {processor.py:161} INFO - Started process (PID=90153) to work on /Users/vamseekrishna/Desktop/F1_Data_Warehouse/f1datawarehouse/lib/python3.9/site-packages/airflow/example_dags/example_params_trigger_ui.py
[2024-02-24T16:25:02.999-0600] {processor.py:830} INFO - Processing file /Users/vamseekrishna/Desktop/F1_Data_Warehouse/f1datawarehouse/lib/python3.9/site-packages/airflow/example_dags/example_params_trigger_ui.py for tasks to queue
[2024-02-24T16:25:02.999-0600] {logging_mixin.py:188} INFO - [2024-02-24T16:25:02.999-0600] {dagbag.py:538} INFO - Filling up the DagBag from /Users/vamseekrishna/Desktop/F1_Data_Warehouse/f1datawarehouse/lib/python3.9/site-packages/airflow/example_dags/example_params_trigger_ui.py
[2024-02-24T16:25:03.046-0600] {processor.py:840} INFO - DAG(s) 'example_params_trigger_ui' retrieved from /Users/vamseekrishna/Desktop/F1_Data_Warehouse/f1datawarehouse/lib/python3.9/site-packages/airflow/example_dags/example_params_trigger_ui.py
[2024-02-24T16:25:03.108-0600] {logging_mixin.py:188} INFO - [2024-02-24T16:25:03.108-0600] {dag.py:3036} INFO - Sync 1 DAGs
[2024-02-24T16:25:03.112-0600] {logging_mixin.py:188} INFO - [2024-02-24T16:25:03.112-0600] {dag.py:3823} INFO - Setting next_dagrun for example_params_trigger_ui to None, run_after=None
[2024-02-24T16:25:03.120-0600] {processor.py:183} INFO - Processing /Users/vamseekrishna/Desktop/F1_Data_Warehouse/f1datawarehouse/lib/python3.9/site-packages/airflow/example_dags/example_params_trigger_ui.py took 0.124 seconds
[2024-02-24T16:27:05.686-0600] {processor.py:161} INFO - Started process (PID=90345) to work on /Users/vamseekrishna/Desktop/F1_Data_Warehouse/f1datawarehouse/lib/python3.9/site-packages/airflow/example_dags/example_params_trigger_ui.py
[2024-02-24T16:27:05.688-0600] {processor.py:830} INFO - Processing file /Users/vamseekrishna/Desktop/F1_Data_Warehouse/f1datawarehouse/lib/python3.9/site-packages/airflow/example_dags/example_params_trigger_ui.py for tasks to queue
[2024-02-24T16:27:05.688-0600] {logging_mixin.py:188} INFO - [2024-02-24T16:27:05.688-0600] {dagbag.py:538} INFO - Filling up the DagBag from /Users/vamseekrishna/Desktop/F1_Data_Warehouse/f1datawarehouse/lib/python3.9/site-packages/airflow/example_dags/example_params_trigger_ui.py
[2024-02-24T16:27:05.731-0600] {processor.py:840} INFO - DAG(s) 'example_params_trigger_ui' retrieved from /Users/vamseekrishna/Desktop/F1_Data_Warehouse/f1datawarehouse/lib/python3.9/site-packages/airflow/example_dags/example_params_trigger_ui.py
[2024-02-24T16:27:05.789-0600] {logging_mixin.py:188} INFO - [2024-02-24T16:27:05.789-0600] {dag.py:3036} INFO - Sync 1 DAGs
[2024-02-24T16:27:05.793-0600] {logging_mixin.py:188} INFO - [2024-02-24T16:27:05.793-0600] {dag.py:3823} INFO - Setting next_dagrun for example_params_trigger_ui to None, run_after=None
[2024-02-24T16:27:05.801-0600] {processor.py:183} INFO - Processing /Users/vamseekrishna/Desktop/F1_Data_Warehouse/f1datawarehouse/lib/python3.9/site-packages/airflow/example_dags/example_params_trigger_ui.py took 0.115 seconds
[2024-02-24T16:29:07.079-0600] {processor.py:161} INFO - Started process (PID=90496) to work on /Users/vamseekrishna/Desktop/F1_Data_Warehouse/f1datawarehouse/lib/python3.9/site-packages/airflow/example_dags/example_params_trigger_ui.py
[2024-02-24T16:29:07.081-0600] {processor.py:830} INFO - Processing file /Users/vamseekrishna/Desktop/F1_Data_Warehouse/f1datawarehouse/lib/python3.9/site-packages/airflow/example_dags/example_params_trigger_ui.py for tasks to queue
[2024-02-24T16:29:07.081-0600] {logging_mixin.py:188} INFO - [2024-02-24T16:29:07.081-0600] {dagbag.py:538} INFO - Filling up the DagBag from /Users/vamseekrishna/Desktop/F1_Data_Warehouse/f1datawarehouse/lib/python3.9/site-packages/airflow/example_dags/example_params_trigger_ui.py
[2024-02-24T16:29:07.127-0600] {processor.py:840} INFO - DAG(s) 'example_params_trigger_ui' retrieved from /Users/vamseekrishna/Desktop/F1_Data_Warehouse/f1datawarehouse/lib/python3.9/site-packages/airflow/example_dags/example_params_trigger_ui.py
[2024-02-24T16:29:07.185-0600] {logging_mixin.py:188} INFO - [2024-02-24T16:29:07.185-0600] {dag.py:3036} INFO - Sync 1 DAGs
[2024-02-24T16:29:07.189-0600] {logging_mixin.py:188} INFO - [2024-02-24T16:29:07.189-0600] {dag.py:3823} INFO - Setting next_dagrun for example_params_trigger_ui to None, run_after=None
[2024-02-24T16:29:07.197-0600] {processor.py:183} INFO - Processing /Users/vamseekrishna/Desktop/F1_Data_Warehouse/f1datawarehouse/lib/python3.9/site-packages/airflow/example_dags/example_params_trigger_ui.py took 0.119 seconds
[2024-02-24T16:31:06.770-0600] {processor.py:161} INFO - Started process (PID=90615) to work on /Users/vamseekrishna/Desktop/F1_Data_Warehouse/f1datawarehouse/lib/python3.9/site-packages/airflow/example_dags/example_params_trigger_ui.py
[2024-02-24T16:31:06.772-0600] {processor.py:830} INFO - Processing file /Users/vamseekrishna/Desktop/F1_Data_Warehouse/f1datawarehouse/lib/python3.9/site-packages/airflow/example_dags/example_params_trigger_ui.py for tasks to queue
[2024-02-24T16:31:06.773-0600] {logging_mixin.py:188} INFO - [2024-02-24T16:31:06.772-0600] {dagbag.py:538} INFO - Filling up the DagBag from /Users/vamseekrishna/Desktop/F1_Data_Warehouse/f1datawarehouse/lib/python3.9/site-packages/airflow/example_dags/example_params_trigger_ui.py
[2024-02-24T16:31:06.813-0600] {processor.py:840} INFO - DAG(s) 'example_params_trigger_ui' retrieved from /Users/vamseekrishna/Desktop/F1_Data_Warehouse/f1datawarehouse/lib/python3.9/site-packages/airflow/example_dags/example_params_trigger_ui.py
[2024-02-24T16:31:06.871-0600] {logging_mixin.py:188} INFO - [2024-02-24T16:31:06.871-0600] {dag.py:3036} INFO - Sync 1 DAGs
[2024-02-24T16:31:06.876-0600] {logging_mixin.py:188} INFO - [2024-02-24T16:31:06.875-0600] {dag.py:3823} INFO - Setting next_dagrun for example_params_trigger_ui to None, run_after=None
[2024-02-24T16:31:06.886-0600] {processor.py:183} INFO - Processing /Users/vamseekrishna/Desktop/F1_Data_Warehouse/f1datawarehouse/lib/python3.9/site-packages/airflow/example_dags/example_params_trigger_ui.py took 0.117 seconds
[2024-02-24T16:33:18.724-0600] {processor.py:161} INFO - Started process (PID=90827) to work on /Users/vamseekrishna/Desktop/F1_Data_Warehouse/f1datawarehouse/lib/python3.9/site-packages/airflow/example_dags/example_params_trigger_ui.py
[2024-02-24T16:33:18.727-0600] {processor.py:830} INFO - Processing file /Users/vamseekrishna/Desktop/F1_Data_Warehouse/f1datawarehouse/lib/python3.9/site-packages/airflow/example_dags/example_params_trigger_ui.py for tasks to queue
[2024-02-24T16:33:18.728-0600] {logging_mixin.py:188} INFO - [2024-02-24T16:33:18.728-0600] {dagbag.py:538} INFO - Filling up the DagBag from /Users/vamseekrishna/Desktop/F1_Data_Warehouse/f1datawarehouse/lib/python3.9/site-packages/airflow/example_dags/example_params_trigger_ui.py
[2024-02-24T16:33:18.783-0600] {processor.py:840} INFO - DAG(s) 'example_params_trigger_ui' retrieved from /Users/vamseekrishna/Desktop/F1_Data_Warehouse/f1datawarehouse/lib/python3.9/site-packages/airflow/example_dags/example_params_trigger_ui.py
[2024-02-24T16:33:18.860-0600] {logging_mixin.py:188} INFO - [2024-02-24T16:33:18.860-0600] {dag.py:3036} INFO - Sync 1 DAGs
[2024-02-24T16:33:18.864-0600] {logging_mixin.py:188} INFO - [2024-02-24T16:33:18.864-0600] {dag.py:3823} INFO - Setting next_dagrun for example_params_trigger_ui to None, run_after=None
[2024-02-24T16:33:18.872-0600] {processor.py:183} INFO - Processing /Users/vamseekrishna/Desktop/F1_Data_Warehouse/f1datawarehouse/lib/python3.9/site-packages/airflow/example_dags/example_params_trigger_ui.py took 0.149 seconds
[2024-02-24T16:35:26.079-0600] {processor.py:161} INFO - Started process (PID=90999) to work on /Users/vamseekrishna/Desktop/F1_Data_Warehouse/f1datawarehouse/lib/python3.9/site-packages/airflow/example_dags/example_params_trigger_ui.py
[2024-02-24T16:35:26.081-0600] {processor.py:830} INFO - Processing file /Users/vamseekrishna/Desktop/F1_Data_Warehouse/f1datawarehouse/lib/python3.9/site-packages/airflow/example_dags/example_params_trigger_ui.py for tasks to queue
[2024-02-24T16:35:26.081-0600] {logging_mixin.py:188} INFO - [2024-02-24T16:35:26.081-0600] {dagbag.py:538} INFO - Filling up the DagBag from /Users/vamseekrishna/Desktop/F1_Data_Warehouse/f1datawarehouse/lib/python3.9/site-packages/airflow/example_dags/example_params_trigger_ui.py
[2024-02-24T16:35:26.124-0600] {processor.py:840} INFO - DAG(s) 'example_params_trigger_ui' retrieved from /Users/vamseekrishna/Desktop/F1_Data_Warehouse/f1datawarehouse/lib/python3.9/site-packages/airflow/example_dags/example_params_trigger_ui.py
[2024-02-24T16:35:26.181-0600] {logging_mixin.py:188} INFO - [2024-02-24T16:35:26.181-0600] {dag.py:3036} INFO - Sync 1 DAGs
[2024-02-24T16:35:26.185-0600] {logging_mixin.py:188} INFO - [2024-02-24T16:35:26.185-0600] {dag.py:3823} INFO - Setting next_dagrun for example_params_trigger_ui to None, run_after=None
[2024-02-24T16:35:26.192-0600] {processor.py:183} INFO - Processing /Users/vamseekrishna/Desktop/F1_Data_Warehouse/f1datawarehouse/lib/python3.9/site-packages/airflow/example_dags/example_params_trigger_ui.py took 0.114 seconds
[2024-02-24T16:37:27.403-0600] {processor.py:161} INFO - Started process (PID=91137) to work on /Users/vamseekrishna/Desktop/F1_Data_Warehouse/f1datawarehouse/lib/python3.9/site-packages/airflow/example_dags/example_params_trigger_ui.py
[2024-02-24T16:37:27.405-0600] {processor.py:830} INFO - Processing file /Users/vamseekrishna/Desktop/F1_Data_Warehouse/f1datawarehouse/lib/python3.9/site-packages/airflow/example_dags/example_params_trigger_ui.py for tasks to queue
[2024-02-24T16:37:27.405-0600] {logging_mixin.py:188} INFO - [2024-02-24T16:37:27.405-0600] {dagbag.py:538} INFO - Filling up the DagBag from /Users/vamseekrishna/Desktop/F1_Data_Warehouse/f1datawarehouse/lib/python3.9/site-packages/airflow/example_dags/example_params_trigger_ui.py
[2024-02-24T16:37:27.447-0600] {processor.py:840} INFO - DAG(s) 'example_params_trigger_ui' retrieved from /Users/vamseekrishna/Desktop/F1_Data_Warehouse/f1datawarehouse/lib/python3.9/site-packages/airflow/example_dags/example_params_trigger_ui.py
[2024-02-24T16:37:27.503-0600] {logging_mixin.py:188} INFO - [2024-02-24T16:37:27.503-0600] {dag.py:3036} INFO - Sync 1 DAGs
[2024-02-24T16:37:27.507-0600] {logging_mixin.py:188} INFO - [2024-02-24T16:37:27.507-0600] {dag.py:3823} INFO - Setting next_dagrun for example_params_trigger_ui to None, run_after=None
[2024-02-24T16:37:27.515-0600] {processor.py:183} INFO - Processing /Users/vamseekrishna/Desktop/F1_Data_Warehouse/f1datawarehouse/lib/python3.9/site-packages/airflow/example_dags/example_params_trigger_ui.py took 0.113 seconds
[2024-02-24T16:39:30.623-0600] {processor.py:161} INFO - Started process (PID=91305) to work on /Users/vamseekrishna/Desktop/F1_Data_Warehouse/f1datawarehouse/lib/python3.9/site-packages/airflow/example_dags/example_params_trigger_ui.py
[2024-02-24T16:39:30.625-0600] {processor.py:830} INFO - Processing file /Users/vamseekrishna/Desktop/F1_Data_Warehouse/f1datawarehouse/lib/python3.9/site-packages/airflow/example_dags/example_params_trigger_ui.py for tasks to queue
[2024-02-24T16:39:30.625-0600] {logging_mixin.py:188} INFO - [2024-02-24T16:39:30.625-0600] {dagbag.py:538} INFO - Filling up the DagBag from /Users/vamseekrishna/Desktop/F1_Data_Warehouse/f1datawarehouse/lib/python3.9/site-packages/airflow/example_dags/example_params_trigger_ui.py
[2024-02-24T16:39:30.667-0600] {processor.py:840} INFO - DAG(s) 'example_params_trigger_ui' retrieved from /Users/vamseekrishna/Desktop/F1_Data_Warehouse/f1datawarehouse/lib/python3.9/site-packages/airflow/example_dags/example_params_trigger_ui.py
[2024-02-24T16:39:30.730-0600] {logging_mixin.py:188} INFO - [2024-02-24T16:39:30.730-0600] {dag.py:3036} INFO - Sync 1 DAGs
[2024-02-24T16:39:30.735-0600] {logging_mixin.py:188} INFO - [2024-02-24T16:39:30.735-0600] {dag.py:3823} INFO - Setting next_dagrun for example_params_trigger_ui to None, run_after=None
[2024-02-24T16:39:30.743-0600] {processor.py:183} INFO - Processing /Users/vamseekrishna/Desktop/F1_Data_Warehouse/f1datawarehouse/lib/python3.9/site-packages/airflow/example_dags/example_params_trigger_ui.py took 0.121 seconds
[2024-02-24T16:41:28.825-0600] {processor.py:161} INFO - Started process (PID=91423) to work on /Users/vamseekrishna/Desktop/F1_Data_Warehouse/f1datawarehouse/lib/python3.9/site-packages/airflow/example_dags/example_params_trigger_ui.py
[2024-02-24T16:41:28.827-0600] {processor.py:830} INFO - Processing file /Users/vamseekrishna/Desktop/F1_Data_Warehouse/f1datawarehouse/lib/python3.9/site-packages/airflow/example_dags/example_params_trigger_ui.py for tasks to queue
[2024-02-24T16:41:28.828-0600] {logging_mixin.py:188} INFO - [2024-02-24T16:41:28.828-0600] {dagbag.py:538} INFO - Filling up the DagBag from /Users/vamseekrishna/Desktop/F1_Data_Warehouse/f1datawarehouse/lib/python3.9/site-packages/airflow/example_dags/example_params_trigger_ui.py
[2024-02-24T16:41:28.868-0600] {processor.py:840} INFO - DAG(s) 'example_params_trigger_ui' retrieved from /Users/vamseekrishna/Desktop/F1_Data_Warehouse/f1datawarehouse/lib/python3.9/site-packages/airflow/example_dags/example_params_trigger_ui.py
[2024-02-24T16:41:28.925-0600] {logging_mixin.py:188} INFO - [2024-02-24T16:41:28.925-0600] {dag.py:3036} INFO - Sync 1 DAGs
[2024-02-24T16:41:28.929-0600] {logging_mixin.py:188} INFO - [2024-02-24T16:41:28.929-0600] {dag.py:3823} INFO - Setting next_dagrun for example_params_trigger_ui to None, run_after=None
[2024-02-24T16:41:28.937-0600] {processor.py:183} INFO - Processing /Users/vamseekrishna/Desktop/F1_Data_Warehouse/f1datawarehouse/lib/python3.9/site-packages/airflow/example_dags/example_params_trigger_ui.py took 0.112 seconds
[2024-02-24T16:43:29.343-0600] {processor.py:161} INFO - Started process (PID=91653) to work on /Users/vamseekrishna/Desktop/F1_Data_Warehouse/f1datawarehouse/lib/python3.9/site-packages/airflow/example_dags/example_params_trigger_ui.py
[2024-02-24T16:43:29.345-0600] {processor.py:830} INFO - Processing file /Users/vamseekrishna/Desktop/F1_Data_Warehouse/f1datawarehouse/lib/python3.9/site-packages/airflow/example_dags/example_params_trigger_ui.py for tasks to queue
[2024-02-24T16:43:29.346-0600] {logging_mixin.py:188} INFO - [2024-02-24T16:43:29.346-0600] {dagbag.py:538} INFO - Filling up the DagBag from /Users/vamseekrishna/Desktop/F1_Data_Warehouse/f1datawarehouse/lib/python3.9/site-packages/airflow/example_dags/example_params_trigger_ui.py
[2024-02-24T16:43:29.386-0600] {processor.py:840} INFO - DAG(s) 'example_params_trigger_ui' retrieved from /Users/vamseekrishna/Desktop/F1_Data_Warehouse/f1datawarehouse/lib/python3.9/site-packages/airflow/example_dags/example_params_trigger_ui.py
[2024-02-24T16:43:29.442-0600] {logging_mixin.py:188} INFO - [2024-02-24T16:43:29.442-0600] {dag.py:3036} INFO - Sync 1 DAGs
[2024-02-24T16:43:29.446-0600] {logging_mixin.py:188} INFO - [2024-02-24T16:43:29.446-0600] {dag.py:3823} INFO - Setting next_dagrun for example_params_trigger_ui to None, run_after=None
[2024-02-24T16:43:29.454-0600] {processor.py:183} INFO - Processing /Users/vamseekrishna/Desktop/F1_Data_Warehouse/f1datawarehouse/lib/python3.9/site-packages/airflow/example_dags/example_params_trigger_ui.py took 0.111 seconds
[2024-02-24T16:45:33.946-0600] {processor.py:161} INFO - Started process (PID=91856) to work on /Users/vamseekrishna/Desktop/F1_Data_Warehouse/f1datawarehouse/lib/python3.9/site-packages/airflow/example_dags/example_params_trigger_ui.py
[2024-02-24T16:45:33.948-0600] {processor.py:830} INFO - Processing file /Users/vamseekrishna/Desktop/F1_Data_Warehouse/f1datawarehouse/lib/python3.9/site-packages/airflow/example_dags/example_params_trigger_ui.py for tasks to queue
[2024-02-24T16:45:33.949-0600] {logging_mixin.py:188} INFO - [2024-02-24T16:45:33.949-0600] {dagbag.py:538} INFO - Filling up the DagBag from /Users/vamseekrishna/Desktop/F1_Data_Warehouse/f1datawarehouse/lib/python3.9/site-packages/airflow/example_dags/example_params_trigger_ui.py
[2024-02-24T16:45:33.991-0600] {processor.py:840} INFO - DAG(s) 'example_params_trigger_ui' retrieved from /Users/vamseekrishna/Desktop/F1_Data_Warehouse/f1datawarehouse/lib/python3.9/site-packages/airflow/example_dags/example_params_trigger_ui.py
[2024-02-24T16:45:34.048-0600] {logging_mixin.py:188} INFO - [2024-02-24T16:45:34.048-0600] {dag.py:3036} INFO - Sync 1 DAGs
[2024-02-24T16:45:34.055-0600] {logging_mixin.py:188} INFO - [2024-02-24T16:45:34.054-0600] {dag.py:3823} INFO - Setting next_dagrun for example_params_trigger_ui to None, run_after=None
[2024-02-24T16:45:34.062-0600] {processor.py:183} INFO - Processing /Users/vamseekrishna/Desktop/F1_Data_Warehouse/f1datawarehouse/lib/python3.9/site-packages/airflow/example_dags/example_params_trigger_ui.py took 0.117 seconds
[2024-02-24T16:47:32.599-0600] {processor.py:161} INFO - Started process (PID=92016) to work on /Users/vamseekrishna/Desktop/F1_Data_Warehouse/f1datawarehouse/lib/python3.9/site-packages/airflow/example_dags/example_params_trigger_ui.py
[2024-02-24T16:47:32.601-0600] {processor.py:830} INFO - Processing file /Users/vamseekrishna/Desktop/F1_Data_Warehouse/f1datawarehouse/lib/python3.9/site-packages/airflow/example_dags/example_params_trigger_ui.py for tasks to queue
[2024-02-24T16:47:32.601-0600] {logging_mixin.py:188} INFO - [2024-02-24T16:47:32.601-0600] {dagbag.py:538} INFO - Filling up the DagBag from /Users/vamseekrishna/Desktop/F1_Data_Warehouse/f1datawarehouse/lib/python3.9/site-packages/airflow/example_dags/example_params_trigger_ui.py
[2024-02-24T16:47:32.644-0600] {processor.py:840} INFO - DAG(s) 'example_params_trigger_ui' retrieved from /Users/vamseekrishna/Desktop/F1_Data_Warehouse/f1datawarehouse/lib/python3.9/site-packages/airflow/example_dags/example_params_trigger_ui.py
[2024-02-24T16:47:32.705-0600] {logging_mixin.py:188} INFO - [2024-02-24T16:47:32.704-0600] {dag.py:3036} INFO - Sync 1 DAGs
[2024-02-24T16:47:32.708-0600] {logging_mixin.py:188} INFO - [2024-02-24T16:47:32.708-0600] {dag.py:3823} INFO - Setting next_dagrun for example_params_trigger_ui to None, run_after=None
[2024-02-24T16:47:32.717-0600] {processor.py:183} INFO - Processing /Users/vamseekrishna/Desktop/F1_Data_Warehouse/f1datawarehouse/lib/python3.9/site-packages/airflow/example_dags/example_params_trigger_ui.py took 0.119 seconds
[2024-02-24T16:49:36.255-0600] {processor.py:161} INFO - Started process (PID=92214) to work on /Users/vamseekrishna/Desktop/F1_Data_Warehouse/f1datawarehouse/lib/python3.9/site-packages/airflow/example_dags/example_params_trigger_ui.py
[2024-02-24T16:49:36.258-0600] {processor.py:830} INFO - Processing file /Users/vamseekrishna/Desktop/F1_Data_Warehouse/f1datawarehouse/lib/python3.9/site-packages/airflow/example_dags/example_params_trigger_ui.py for tasks to queue
[2024-02-24T16:49:36.258-0600] {logging_mixin.py:188} INFO - [2024-02-24T16:49:36.258-0600] {dagbag.py:538} INFO - Filling up the DagBag from /Users/vamseekrishna/Desktop/F1_Data_Warehouse/f1datawarehouse/lib/python3.9/site-packages/airflow/example_dags/example_params_trigger_ui.py
[2024-02-24T16:49:36.308-0600] {processor.py:840} INFO - DAG(s) 'example_params_trigger_ui' retrieved from /Users/vamseekrishna/Desktop/F1_Data_Warehouse/f1datawarehouse/lib/python3.9/site-packages/airflow/example_dags/example_params_trigger_ui.py
[2024-02-24T16:49:36.366-0600] {logging_mixin.py:188} INFO - [2024-02-24T16:49:36.366-0600] {dag.py:3036} INFO - Sync 1 DAGs
[2024-02-24T16:49:36.370-0600] {logging_mixin.py:188} INFO - [2024-02-24T16:49:36.370-0600] {dag.py:3823} INFO - Setting next_dagrun for example_params_trigger_ui to None, run_after=None
[2024-02-24T16:49:36.378-0600] {processor.py:183} INFO - Processing /Users/vamseekrishna/Desktop/F1_Data_Warehouse/f1datawarehouse/lib/python3.9/site-packages/airflow/example_dags/example_params_trigger_ui.py took 0.124 seconds
[2024-02-24T16:51:42.157-0600] {processor.py:161} INFO - Started process (PID=92400) to work on /Users/vamseekrishna/Desktop/F1_Data_Warehouse/f1datawarehouse/lib/python3.9/site-packages/airflow/example_dags/example_params_trigger_ui.py
[2024-02-24T16:51:42.159-0600] {processor.py:830} INFO - Processing file /Users/vamseekrishna/Desktop/F1_Data_Warehouse/f1datawarehouse/lib/python3.9/site-packages/airflow/example_dags/example_params_trigger_ui.py for tasks to queue
[2024-02-24T16:51:42.159-0600] {logging_mixin.py:188} INFO - [2024-02-24T16:51:42.159-0600] {dagbag.py:538} INFO - Filling up the DagBag from /Users/vamseekrishna/Desktop/F1_Data_Warehouse/f1datawarehouse/lib/python3.9/site-packages/airflow/example_dags/example_params_trigger_ui.py
[2024-02-24T16:51:42.202-0600] {processor.py:840} INFO - DAG(s) 'example_params_trigger_ui' retrieved from /Users/vamseekrishna/Desktop/F1_Data_Warehouse/f1datawarehouse/lib/python3.9/site-packages/airflow/example_dags/example_params_trigger_ui.py
[2024-02-24T16:51:42.262-0600] {logging_mixin.py:188} INFO - [2024-02-24T16:51:42.262-0600] {dag.py:3036} INFO - Sync 1 DAGs
[2024-02-24T16:51:42.266-0600] {logging_mixin.py:188} INFO - [2024-02-24T16:51:42.266-0600] {dag.py:3823} INFO - Setting next_dagrun for example_params_trigger_ui to None, run_after=None
[2024-02-24T16:51:42.275-0600] {processor.py:183} INFO - Processing /Users/vamseekrishna/Desktop/F1_Data_Warehouse/f1datawarehouse/lib/python3.9/site-packages/airflow/example_dags/example_params_trigger_ui.py took 0.119 seconds
[2024-02-24T16:53:46.154-0600] {processor.py:161} INFO - Started process (PID=92591) to work on /Users/vamseekrishna/Desktop/F1_Data_Warehouse/f1datawarehouse/lib/python3.9/site-packages/airflow/example_dags/example_params_trigger_ui.py
[2024-02-24T16:53:46.157-0600] {processor.py:830} INFO - Processing file /Users/vamseekrishna/Desktop/F1_Data_Warehouse/f1datawarehouse/lib/python3.9/site-packages/airflow/example_dags/example_params_trigger_ui.py for tasks to queue
[2024-02-24T16:53:46.157-0600] {logging_mixin.py:188} INFO - [2024-02-24T16:53:46.157-0600] {dagbag.py:538} INFO - Filling up the DagBag from /Users/vamseekrishna/Desktop/F1_Data_Warehouse/f1datawarehouse/lib/python3.9/site-packages/airflow/example_dags/example_params_trigger_ui.py
[2024-02-24T16:53:46.198-0600] {processor.py:840} INFO - DAG(s) 'example_params_trigger_ui' retrieved from /Users/vamseekrishna/Desktop/F1_Data_Warehouse/f1datawarehouse/lib/python3.9/site-packages/airflow/example_dags/example_params_trigger_ui.py
[2024-02-24T16:53:46.255-0600] {logging_mixin.py:188} INFO - [2024-02-24T16:53:46.255-0600] {dag.py:3036} INFO - Sync 1 DAGs
[2024-02-24T16:53:46.258-0600] {logging_mixin.py:188} INFO - [2024-02-24T16:53:46.258-0600] {dag.py:3823} INFO - Setting next_dagrun for example_params_trigger_ui to None, run_after=None
[2024-02-24T16:53:46.266-0600] {processor.py:183} INFO - Processing /Users/vamseekrishna/Desktop/F1_Data_Warehouse/f1datawarehouse/lib/python3.9/site-packages/airflow/example_dags/example_params_trigger_ui.py took 0.113 seconds
[2024-02-24T16:55:56.429-0600] {processor.py:161} INFO - Started process (PID=92729) to work on /Users/vamseekrishna/Desktop/F1_Data_Warehouse/f1datawarehouse/lib/python3.9/site-packages/airflow/example_dags/example_params_trigger_ui.py
[2024-02-24T16:55:56.431-0600] {processor.py:830} INFO - Processing file /Users/vamseekrishna/Desktop/F1_Data_Warehouse/f1datawarehouse/lib/python3.9/site-packages/airflow/example_dags/example_params_trigger_ui.py for tasks to queue
[2024-02-24T16:55:56.431-0600] {logging_mixin.py:188} INFO - [2024-02-24T16:55:56.431-0600] {dagbag.py:538} INFO - Filling up the DagBag from /Users/vamseekrishna/Desktop/F1_Data_Warehouse/f1datawarehouse/lib/python3.9/site-packages/airflow/example_dags/example_params_trigger_ui.py
[2024-02-24T16:55:56.479-0600] {processor.py:840} INFO - DAG(s) 'example_params_trigger_ui' retrieved from /Users/vamseekrishna/Desktop/F1_Data_Warehouse/f1datawarehouse/lib/python3.9/site-packages/airflow/example_dags/example_params_trigger_ui.py
[2024-02-24T16:55:56.563-0600] {logging_mixin.py:188} INFO - [2024-02-24T16:55:56.563-0600] {dag.py:3036} INFO - Sync 1 DAGs
[2024-02-24T16:55:56.572-0600] {logging_mixin.py:188} INFO - [2024-02-24T16:55:56.572-0600] {dag.py:3823} INFO - Setting next_dagrun for example_params_trigger_ui to None, run_after=None
[2024-02-24T16:55:56.581-0600] {processor.py:183} INFO - Processing /Users/vamseekrishna/Desktop/F1_Data_Warehouse/f1datawarehouse/lib/python3.9/site-packages/airflow/example_dags/example_params_trigger_ui.py took 0.152 seconds
[2024-02-24T16:57:59.387-0600] {processor.py:161} INFO - Started process (PID=92908) to work on /Users/vamseekrishna/Desktop/F1_Data_Warehouse/f1datawarehouse/lib/python3.9/site-packages/airflow/example_dags/example_params_trigger_ui.py
[2024-02-24T16:57:59.396-0600] {processor.py:830} INFO - Processing file /Users/vamseekrishna/Desktop/F1_Data_Warehouse/f1datawarehouse/lib/python3.9/site-packages/airflow/example_dags/example_params_trigger_ui.py for tasks to queue
[2024-02-24T16:57:59.397-0600] {logging_mixin.py:188} INFO - [2024-02-24T16:57:59.397-0600] {dagbag.py:538} INFO - Filling up the DagBag from /Users/vamseekrishna/Desktop/F1_Data_Warehouse/f1datawarehouse/lib/python3.9/site-packages/airflow/example_dags/example_params_trigger_ui.py
[2024-02-24T16:57:59.474-0600] {processor.py:840} INFO - DAG(s) 'example_params_trigger_ui' retrieved from /Users/vamseekrishna/Desktop/F1_Data_Warehouse/f1datawarehouse/lib/python3.9/site-packages/airflow/example_dags/example_params_trigger_ui.py
[2024-02-24T16:57:59.537-0600] {logging_mixin.py:188} INFO - [2024-02-24T16:57:59.537-0600] {dag.py:3036} INFO - Sync 1 DAGs
[2024-02-24T16:57:59.541-0600] {logging_mixin.py:188} INFO - [2024-02-24T16:57:59.541-0600] {dag.py:3823} INFO - Setting next_dagrun for example_params_trigger_ui to None, run_after=None
[2024-02-24T16:57:59.550-0600] {processor.py:183} INFO - Processing /Users/vamseekrishna/Desktop/F1_Data_Warehouse/f1datawarehouse/lib/python3.9/site-packages/airflow/example_dags/example_params_trigger_ui.py took 0.164 seconds
[2024-02-24T17:00:00.771-0600] {processor.py:161} INFO - Started process (PID=93073) to work on /Users/vamseekrishna/Desktop/F1_Data_Warehouse/f1datawarehouse/lib/python3.9/site-packages/airflow/example_dags/example_params_trigger_ui.py
[2024-02-24T17:00:00.772-0600] {processor.py:830} INFO - Processing file /Users/vamseekrishna/Desktop/F1_Data_Warehouse/f1datawarehouse/lib/python3.9/site-packages/airflow/example_dags/example_params_trigger_ui.py for tasks to queue
[2024-02-24T17:00:00.773-0600] {logging_mixin.py:188} INFO - [2024-02-24T17:00:00.772-0600] {dagbag.py:538} INFO - Filling up the DagBag from /Users/vamseekrishna/Desktop/F1_Data_Warehouse/f1datawarehouse/lib/python3.9/site-packages/airflow/example_dags/example_params_trigger_ui.py
[2024-02-24T17:00:00.817-0600] {processor.py:840} INFO - DAG(s) 'example_params_trigger_ui' retrieved from /Users/vamseekrishna/Desktop/F1_Data_Warehouse/f1datawarehouse/lib/python3.9/site-packages/airflow/example_dags/example_params_trigger_ui.py
[2024-02-24T17:00:00.899-0600] {logging_mixin.py:188} INFO - [2024-02-24T17:00:00.898-0600] {dag.py:3036} INFO - Sync 1 DAGs
[2024-02-24T17:00:00.903-0600] {logging_mixin.py:188} INFO - [2024-02-24T17:00:00.903-0600] {dag.py:3823} INFO - Setting next_dagrun for example_params_trigger_ui to None, run_after=None
[2024-02-24T17:00:00.916-0600] {processor.py:183} INFO - Processing /Users/vamseekrishna/Desktop/F1_Data_Warehouse/f1datawarehouse/lib/python3.9/site-packages/airflow/example_dags/example_params_trigger_ui.py took 0.146 seconds
[2024-02-24T17:02:04.525-0600] {processor.py:161} INFO - Started process (PID=93258) to work on /Users/vamseekrishna/Desktop/F1_Data_Warehouse/f1datawarehouse/lib/python3.9/site-packages/airflow/example_dags/example_params_trigger_ui.py
[2024-02-24T17:02:04.527-0600] {processor.py:830} INFO - Processing file /Users/vamseekrishna/Desktop/F1_Data_Warehouse/f1datawarehouse/lib/python3.9/site-packages/airflow/example_dags/example_params_trigger_ui.py for tasks to queue
[2024-02-24T17:02:04.527-0600] {logging_mixin.py:188} INFO - [2024-02-24T17:02:04.527-0600] {dagbag.py:538} INFO - Filling up the DagBag from /Users/vamseekrishna/Desktop/F1_Data_Warehouse/f1datawarehouse/lib/python3.9/site-packages/airflow/example_dags/example_params_trigger_ui.py
[2024-02-24T17:02:04.572-0600] {processor.py:840} INFO - DAG(s) 'example_params_trigger_ui' retrieved from /Users/vamseekrishna/Desktop/F1_Data_Warehouse/f1datawarehouse/lib/python3.9/site-packages/airflow/example_dags/example_params_trigger_ui.py
[2024-02-24T17:02:04.629-0600] {logging_mixin.py:188} INFO - [2024-02-24T17:02:04.629-0600] {dag.py:3036} INFO - Sync 1 DAGs
[2024-02-24T17:02:04.633-0600] {logging_mixin.py:188} INFO - [2024-02-24T17:02:04.633-0600] {dag.py:3823} INFO - Setting next_dagrun for example_params_trigger_ui to None, run_after=None
[2024-02-24T17:02:04.641-0600] {processor.py:183} INFO - Processing /Users/vamseekrishna/Desktop/F1_Data_Warehouse/f1datawarehouse/lib/python3.9/site-packages/airflow/example_dags/example_params_trigger_ui.py took 0.116 seconds
[2024-02-24T17:03:59.562-0600] {processor.py:161} INFO - Started process (PID=93391) to work on /Users/vamseekrishna/Desktop/F1_Data_Warehouse/f1datawarehouse/lib/python3.9/site-packages/airflow/example_dags/example_params_trigger_ui.py
[2024-02-24T17:03:59.564-0600] {processor.py:830} INFO - Processing file /Users/vamseekrishna/Desktop/F1_Data_Warehouse/f1datawarehouse/lib/python3.9/site-packages/airflow/example_dags/example_params_trigger_ui.py for tasks to queue
[2024-02-24T17:03:59.564-0600] {logging_mixin.py:188} INFO - [2024-02-24T17:03:59.564-0600] {dagbag.py:538} INFO - Filling up the DagBag from /Users/vamseekrishna/Desktop/F1_Data_Warehouse/f1datawarehouse/lib/python3.9/site-packages/airflow/example_dags/example_params_trigger_ui.py
[2024-02-24T17:03:59.605-0600] {processor.py:840} INFO - DAG(s) 'example_params_trigger_ui' retrieved from /Users/vamseekrishna/Desktop/F1_Data_Warehouse/f1datawarehouse/lib/python3.9/site-packages/airflow/example_dags/example_params_trigger_ui.py
[2024-02-24T17:03:59.662-0600] {logging_mixin.py:188} INFO - [2024-02-24T17:03:59.662-0600] {dag.py:3036} INFO - Sync 1 DAGs
[2024-02-24T17:03:59.666-0600] {logging_mixin.py:188} INFO - [2024-02-24T17:03:59.666-0600] {dag.py:3823} INFO - Setting next_dagrun for example_params_trigger_ui to None, run_after=None
[2024-02-24T17:03:59.674-0600] {processor.py:183} INFO - Processing /Users/vamseekrishna/Desktop/F1_Data_Warehouse/f1datawarehouse/lib/python3.9/site-packages/airflow/example_dags/example_params_trigger_ui.py took 0.112 seconds
[2024-02-24T17:06:07.581-0600] {processor.py:161} INFO - Started process (PID=93534) to work on /Users/vamseekrishna/Desktop/F1_Data_Warehouse/f1datawarehouse/lib/python3.9/site-packages/airflow/example_dags/example_params_trigger_ui.py
[2024-02-24T17:06:07.583-0600] {processor.py:830} INFO - Processing file /Users/vamseekrishna/Desktop/F1_Data_Warehouse/f1datawarehouse/lib/python3.9/site-packages/airflow/example_dags/example_params_trigger_ui.py for tasks to queue
[2024-02-24T17:06:07.583-0600] {logging_mixin.py:188} INFO - [2024-02-24T17:06:07.583-0600] {dagbag.py:538} INFO - Filling up the DagBag from /Users/vamseekrishna/Desktop/F1_Data_Warehouse/f1datawarehouse/lib/python3.9/site-packages/airflow/example_dags/example_params_trigger_ui.py
[2024-02-24T17:06:07.625-0600] {processor.py:840} INFO - DAG(s) 'example_params_trigger_ui' retrieved from /Users/vamseekrishna/Desktop/F1_Data_Warehouse/f1datawarehouse/lib/python3.9/site-packages/airflow/example_dags/example_params_trigger_ui.py
[2024-02-24T17:06:07.683-0600] {logging_mixin.py:188} INFO - [2024-02-24T17:06:07.683-0600] {dag.py:3036} INFO - Sync 1 DAGs
[2024-02-24T17:06:07.686-0600] {logging_mixin.py:188} INFO - [2024-02-24T17:06:07.686-0600] {dag.py:3823} INFO - Setting next_dagrun for example_params_trigger_ui to None, run_after=None
[2024-02-24T17:06:07.694-0600] {processor.py:183} INFO - Processing /Users/vamseekrishna/Desktop/F1_Data_Warehouse/f1datawarehouse/lib/python3.9/site-packages/airflow/example_dags/example_params_trigger_ui.py took 0.114 seconds
[2024-02-24T17:08:08.431-0600] {processor.py:161} INFO - Started process (PID=93631) to work on /Users/vamseekrishna/Desktop/F1_Data_Warehouse/f1datawarehouse/lib/python3.9/site-packages/airflow/example_dags/example_params_trigger_ui.py
[2024-02-24T17:08:08.433-0600] {processor.py:830} INFO - Processing file /Users/vamseekrishna/Desktop/F1_Data_Warehouse/f1datawarehouse/lib/python3.9/site-packages/airflow/example_dags/example_params_trigger_ui.py for tasks to queue
[2024-02-24T17:08:08.433-0600] {logging_mixin.py:188} INFO - [2024-02-24T17:08:08.433-0600] {dagbag.py:538} INFO - Filling up the DagBag from /Users/vamseekrishna/Desktop/F1_Data_Warehouse/f1datawarehouse/lib/python3.9/site-packages/airflow/example_dags/example_params_trigger_ui.py
[2024-02-24T17:08:08.486-0600] {processor.py:840} INFO - DAG(s) 'example_params_trigger_ui' retrieved from /Users/vamseekrishna/Desktop/F1_Data_Warehouse/f1datawarehouse/lib/python3.9/site-packages/airflow/example_dags/example_params_trigger_ui.py
[2024-02-24T17:08:08.553-0600] {logging_mixin.py:188} INFO - [2024-02-24T17:08:08.553-0600] {dag.py:3036} INFO - Sync 1 DAGs
[2024-02-24T17:08:08.558-0600] {logging_mixin.py:188} INFO - [2024-02-24T17:08:08.557-0600] {dag.py:3823} INFO - Setting next_dagrun for example_params_trigger_ui to None, run_after=None
[2024-02-24T17:08:08.569-0600] {processor.py:183} INFO - Processing /Users/vamseekrishna/Desktop/F1_Data_Warehouse/f1datawarehouse/lib/python3.9/site-packages/airflow/example_dags/example_params_trigger_ui.py took 0.140 seconds
[2024-02-24T17:10:15.266-0600] {processor.py:161} INFO - Started process (PID=93742) to work on /Users/vamseekrishna/Desktop/F1_Data_Warehouse/f1datawarehouse/lib/python3.9/site-packages/airflow/example_dags/example_params_trigger_ui.py
[2024-02-24T17:10:15.268-0600] {processor.py:830} INFO - Processing file /Users/vamseekrishna/Desktop/F1_Data_Warehouse/f1datawarehouse/lib/python3.9/site-packages/airflow/example_dags/example_params_trigger_ui.py for tasks to queue
[2024-02-24T17:10:15.269-0600] {logging_mixin.py:188} INFO - [2024-02-24T17:10:15.269-0600] {dagbag.py:538} INFO - Filling up the DagBag from /Users/vamseekrishna/Desktop/F1_Data_Warehouse/f1datawarehouse/lib/python3.9/site-packages/airflow/example_dags/example_params_trigger_ui.py
[2024-02-24T17:10:15.312-0600] {processor.py:840} INFO - DAG(s) 'example_params_trigger_ui' retrieved from /Users/vamseekrishna/Desktop/F1_Data_Warehouse/f1datawarehouse/lib/python3.9/site-packages/airflow/example_dags/example_params_trigger_ui.py
[2024-02-24T17:10:15.372-0600] {logging_mixin.py:188} INFO - [2024-02-24T17:10:15.371-0600] {dag.py:3036} INFO - Sync 1 DAGs
[2024-02-24T17:10:15.375-0600] {logging_mixin.py:188} INFO - [2024-02-24T17:10:15.375-0600] {dag.py:3823} INFO - Setting next_dagrun for example_params_trigger_ui to None, run_after=None
[2024-02-24T17:10:15.384-0600] {processor.py:183} INFO - Processing /Users/vamseekrishna/Desktop/F1_Data_Warehouse/f1datawarehouse/lib/python3.9/site-packages/airflow/example_dags/example_params_trigger_ui.py took 0.119 seconds
[2024-02-24T17:12:25.409-0600] {processor.py:161} INFO - Started process (PID=93861) to work on /Users/vamseekrishna/Desktop/F1_Data_Warehouse/f1datawarehouse/lib/python3.9/site-packages/airflow/example_dags/example_params_trigger_ui.py
[2024-02-24T17:12:25.410-0600] {processor.py:830} INFO - Processing file /Users/vamseekrishna/Desktop/F1_Data_Warehouse/f1datawarehouse/lib/python3.9/site-packages/airflow/example_dags/example_params_trigger_ui.py for tasks to queue
[2024-02-24T17:12:25.411-0600] {logging_mixin.py:188} INFO - [2024-02-24T17:12:25.411-0600] {dagbag.py:538} INFO - Filling up the DagBag from /Users/vamseekrishna/Desktop/F1_Data_Warehouse/f1datawarehouse/lib/python3.9/site-packages/airflow/example_dags/example_params_trigger_ui.py
[2024-02-24T17:12:25.454-0600] {processor.py:840} INFO - DAG(s) 'example_params_trigger_ui' retrieved from /Users/vamseekrishna/Desktop/F1_Data_Warehouse/f1datawarehouse/lib/python3.9/site-packages/airflow/example_dags/example_params_trigger_ui.py
[2024-02-24T17:12:25.519-0600] {logging_mixin.py:188} INFO - [2024-02-24T17:12:25.519-0600] {dag.py:3036} INFO - Sync 1 DAGs
[2024-02-24T17:12:25.523-0600] {logging_mixin.py:188} INFO - [2024-02-24T17:12:25.523-0600] {dag.py:3823} INFO - Setting next_dagrun for example_params_trigger_ui to None, run_after=None
[2024-02-24T17:12:25.531-0600] {processor.py:183} INFO - Processing /Users/vamseekrishna/Desktop/F1_Data_Warehouse/f1datawarehouse/lib/python3.9/site-packages/airflow/example_dags/example_params_trigger_ui.py took 0.123 seconds
[2024-02-24T17:14:32.254-0600] {processor.py:161} INFO - Started process (PID=94011) to work on /Users/vamseekrishna/Desktop/F1_Data_Warehouse/f1datawarehouse/lib/python3.9/site-packages/airflow/example_dags/example_params_trigger_ui.py
[2024-02-24T17:14:32.255-0600] {processor.py:830} INFO - Processing file /Users/vamseekrishna/Desktop/F1_Data_Warehouse/f1datawarehouse/lib/python3.9/site-packages/airflow/example_dags/example_params_trigger_ui.py for tasks to queue
[2024-02-24T17:14:32.255-0600] {logging_mixin.py:188} INFO - [2024-02-24T17:14:32.255-0600] {dagbag.py:538} INFO - Filling up the DagBag from /Users/vamseekrishna/Desktop/F1_Data_Warehouse/f1datawarehouse/lib/python3.9/site-packages/airflow/example_dags/example_params_trigger_ui.py
[2024-02-24T17:14:32.302-0600] {processor.py:840} INFO - DAG(s) 'example_params_trigger_ui' retrieved from /Users/vamseekrishna/Desktop/F1_Data_Warehouse/f1datawarehouse/lib/python3.9/site-packages/airflow/example_dags/example_params_trigger_ui.py
[2024-02-24T17:14:32.360-0600] {logging_mixin.py:188} INFO - [2024-02-24T17:14:32.360-0600] {dag.py:3036} INFO - Sync 1 DAGs
[2024-02-24T17:14:32.366-0600] {logging_mixin.py:188} INFO - [2024-02-24T17:14:32.365-0600] {dag.py:3823} INFO - Setting next_dagrun for example_params_trigger_ui to None, run_after=None
[2024-02-24T17:14:32.374-0600] {processor.py:183} INFO - Processing /Users/vamseekrishna/Desktop/F1_Data_Warehouse/f1datawarehouse/lib/python3.9/site-packages/airflow/example_dags/example_params_trigger_ui.py took 0.121 seconds
[2024-02-24T17:16:37.493-0600] {processor.py:161} INFO - Started process (PID=94116) to work on /Users/vamseekrishna/Desktop/F1_Data_Warehouse/f1datawarehouse/lib/python3.9/site-packages/airflow/example_dags/example_params_trigger_ui.py
[2024-02-24T17:16:37.495-0600] {processor.py:830} INFO - Processing file /Users/vamseekrishna/Desktop/F1_Data_Warehouse/f1datawarehouse/lib/python3.9/site-packages/airflow/example_dags/example_params_trigger_ui.py for tasks to queue
[2024-02-24T17:16:37.495-0600] {logging_mixin.py:188} INFO - [2024-02-24T17:16:37.495-0600] {dagbag.py:538} INFO - Filling up the DagBag from /Users/vamseekrishna/Desktop/F1_Data_Warehouse/f1datawarehouse/lib/python3.9/site-packages/airflow/example_dags/example_params_trigger_ui.py
[2024-02-24T17:16:37.539-0600] {processor.py:840} INFO - DAG(s) 'example_params_trigger_ui' retrieved from /Users/vamseekrishna/Desktop/F1_Data_Warehouse/f1datawarehouse/lib/python3.9/site-packages/airflow/example_dags/example_params_trigger_ui.py
[2024-02-24T17:16:37.596-0600] {logging_mixin.py:188} INFO - [2024-02-24T17:16:37.596-0600] {dag.py:3036} INFO - Sync 1 DAGs
[2024-02-24T17:16:37.599-0600] {logging_mixin.py:188} INFO - [2024-02-24T17:16:37.599-0600] {dag.py:3823} INFO - Setting next_dagrun for example_params_trigger_ui to None, run_after=None
[2024-02-24T17:16:37.608-0600] {processor.py:183} INFO - Processing /Users/vamseekrishna/Desktop/F1_Data_Warehouse/f1datawarehouse/lib/python3.9/site-packages/airflow/example_dags/example_params_trigger_ui.py took 0.115 seconds
[2024-02-24T17:18:36.513-0600] {processor.py:161} INFO - Started process (PID=94212) to work on /Users/vamseekrishna/Desktop/F1_Data_Warehouse/f1datawarehouse/lib/python3.9/site-packages/airflow/example_dags/example_params_trigger_ui.py
[2024-02-24T17:18:36.515-0600] {processor.py:830} INFO - Processing file /Users/vamseekrishna/Desktop/F1_Data_Warehouse/f1datawarehouse/lib/python3.9/site-packages/airflow/example_dags/example_params_trigger_ui.py for tasks to queue
[2024-02-24T17:18:36.515-0600] {logging_mixin.py:188} INFO - [2024-02-24T17:18:36.515-0600] {dagbag.py:538} INFO - Filling up the DagBag from /Users/vamseekrishna/Desktop/F1_Data_Warehouse/f1datawarehouse/lib/python3.9/site-packages/airflow/example_dags/example_params_trigger_ui.py
[2024-02-24T17:18:36.558-0600] {processor.py:840} INFO - DAG(s) 'example_params_trigger_ui' retrieved from /Users/vamseekrishna/Desktop/F1_Data_Warehouse/f1datawarehouse/lib/python3.9/site-packages/airflow/example_dags/example_params_trigger_ui.py
[2024-02-24T17:18:36.616-0600] {logging_mixin.py:188} INFO - [2024-02-24T17:18:36.616-0600] {dag.py:3036} INFO - Sync 1 DAGs
[2024-02-24T17:18:36.620-0600] {logging_mixin.py:188} INFO - [2024-02-24T17:18:36.620-0600] {dag.py:3823} INFO - Setting next_dagrun for example_params_trigger_ui to None, run_after=None
[2024-02-24T17:18:36.628-0600] {processor.py:183} INFO - Processing /Users/vamseekrishna/Desktop/F1_Data_Warehouse/f1datawarehouse/lib/python3.9/site-packages/airflow/example_dags/example_params_trigger_ui.py took 0.116 seconds
[2024-02-24T17:20:35.840-0600] {processor.py:161} INFO - Started process (PID=94313) to work on /Users/vamseekrishna/Desktop/F1_Data_Warehouse/f1datawarehouse/lib/python3.9/site-packages/airflow/example_dags/example_params_trigger_ui.py
[2024-02-24T17:20:35.842-0600] {processor.py:830} INFO - Processing file /Users/vamseekrishna/Desktop/F1_Data_Warehouse/f1datawarehouse/lib/python3.9/site-packages/airflow/example_dags/example_params_trigger_ui.py for tasks to queue
[2024-02-24T17:20:35.842-0600] {logging_mixin.py:188} INFO - [2024-02-24T17:20:35.842-0600] {dagbag.py:538} INFO - Filling up the DagBag from /Users/vamseekrishna/Desktop/F1_Data_Warehouse/f1datawarehouse/lib/python3.9/site-packages/airflow/example_dags/example_params_trigger_ui.py
[2024-02-24T17:20:35.887-0600] {processor.py:840} INFO - DAG(s) 'example_params_trigger_ui' retrieved from /Users/vamseekrishna/Desktop/F1_Data_Warehouse/f1datawarehouse/lib/python3.9/site-packages/airflow/example_dags/example_params_trigger_ui.py
[2024-02-24T17:20:35.945-0600] {logging_mixin.py:188} INFO - [2024-02-24T17:20:35.944-0600] {dag.py:3036} INFO - Sync 1 DAGs
[2024-02-24T17:20:35.949-0600] {logging_mixin.py:188} INFO - [2024-02-24T17:20:35.949-0600] {dag.py:3823} INFO - Setting next_dagrun for example_params_trigger_ui to None, run_after=None
[2024-02-24T17:20:35.957-0600] {processor.py:183} INFO - Processing /Users/vamseekrishna/Desktop/F1_Data_Warehouse/f1datawarehouse/lib/python3.9/site-packages/airflow/example_dags/example_params_trigger_ui.py took 0.117 seconds
[2024-02-24T17:22:36.609-0600] {processor.py:161} INFO - Started process (PID=94507) to work on /Users/vamseekrishna/Desktop/F1_Data_Warehouse/f1datawarehouse/lib/python3.9/site-packages/airflow/example_dags/example_params_trigger_ui.py
[2024-02-24T17:22:36.611-0600] {processor.py:830} INFO - Processing file /Users/vamseekrishna/Desktop/F1_Data_Warehouse/f1datawarehouse/lib/python3.9/site-packages/airflow/example_dags/example_params_trigger_ui.py for tasks to queue
[2024-02-24T17:22:36.611-0600] {logging_mixin.py:188} INFO - [2024-02-24T17:22:36.611-0600] {dagbag.py:538} INFO - Filling up the DagBag from /Users/vamseekrishna/Desktop/F1_Data_Warehouse/f1datawarehouse/lib/python3.9/site-packages/airflow/example_dags/example_params_trigger_ui.py
[2024-02-24T17:22:36.662-0600] {processor.py:840} INFO - DAG(s) 'example_params_trigger_ui' retrieved from /Users/vamseekrishna/Desktop/F1_Data_Warehouse/f1datawarehouse/lib/python3.9/site-packages/airflow/example_dags/example_params_trigger_ui.py
[2024-02-24T17:22:36.734-0600] {logging_mixin.py:188} INFO - [2024-02-24T17:22:36.734-0600] {dag.py:3036} INFO - Sync 1 DAGs
[2024-02-24T17:22:36.739-0600] {logging_mixin.py:188} INFO - [2024-02-24T17:22:36.739-0600] {dag.py:3823} INFO - Setting next_dagrun for example_params_trigger_ui to None, run_after=None
[2024-02-24T17:22:36.749-0600] {processor.py:183} INFO - Processing /Users/vamseekrishna/Desktop/F1_Data_Warehouse/f1datawarehouse/lib/python3.9/site-packages/airflow/example_dags/example_params_trigger_ui.py took 0.141 seconds
[2024-02-24T17:24:43.352-0600] {processor.py:161} INFO - Started process (PID=94674) to work on /Users/vamseekrishna/Desktop/F1_Data_Warehouse/f1datawarehouse/lib/python3.9/site-packages/airflow/example_dags/example_params_trigger_ui.py
[2024-02-24T17:24:43.354-0600] {processor.py:830} INFO - Processing file /Users/vamseekrishna/Desktop/F1_Data_Warehouse/f1datawarehouse/lib/python3.9/site-packages/airflow/example_dags/example_params_trigger_ui.py for tasks to queue
[2024-02-24T17:24:43.355-0600] {logging_mixin.py:188} INFO - [2024-02-24T17:24:43.355-0600] {dagbag.py:538} INFO - Filling up the DagBag from /Users/vamseekrishna/Desktop/F1_Data_Warehouse/f1datawarehouse/lib/python3.9/site-packages/airflow/example_dags/example_params_trigger_ui.py
[2024-02-24T17:24:43.372-0600] {processor.py:840} INFO - DAG(s) 'example_params_trigger_ui' retrieved from /Users/vamseekrishna/Desktop/F1_Data_Warehouse/f1datawarehouse/lib/python3.9/site-packages/airflow/example_dags/example_params_trigger_ui.py
[2024-02-24T17:24:43.429-0600] {logging_mixin.py:188} INFO - [2024-02-24T17:24:43.428-0600] {dag.py:3036} INFO - Sync 1 DAGs
[2024-02-24T17:24:43.433-0600] {logging_mixin.py:188} INFO - [2024-02-24T17:24:43.432-0600] {dag.py:3823} INFO - Setting next_dagrun for example_params_trigger_ui to None, run_after=None
[2024-02-24T17:24:43.440-0600] {processor.py:183} INFO - Processing /Users/vamseekrishna/Desktop/F1_Data_Warehouse/f1datawarehouse/lib/python3.9/site-packages/airflow/example_dags/example_params_trigger_ui.py took 0.088 seconds
[2024-02-24T17:26:45.386-0600] {processor.py:161} INFO - Started process (PID=94768) to work on /Users/vamseekrishna/Desktop/F1_Data_Warehouse/f1datawarehouse/lib/python3.9/site-packages/airflow/example_dags/example_params_trigger_ui.py
[2024-02-24T17:26:45.388-0600] {processor.py:830} INFO - Processing file /Users/vamseekrishna/Desktop/F1_Data_Warehouse/f1datawarehouse/lib/python3.9/site-packages/airflow/example_dags/example_params_trigger_ui.py for tasks to queue
[2024-02-24T17:26:45.388-0600] {logging_mixin.py:188} INFO - [2024-02-24T17:26:45.388-0600] {dagbag.py:538} INFO - Filling up the DagBag from /Users/vamseekrishna/Desktop/F1_Data_Warehouse/f1datawarehouse/lib/python3.9/site-packages/airflow/example_dags/example_params_trigger_ui.py
[2024-02-24T17:26:45.405-0600] {processor.py:840} INFO - DAG(s) 'example_params_trigger_ui' retrieved from /Users/vamseekrishna/Desktop/F1_Data_Warehouse/f1datawarehouse/lib/python3.9/site-packages/airflow/example_dags/example_params_trigger_ui.py
[2024-02-24T17:26:45.463-0600] {logging_mixin.py:188} INFO - [2024-02-24T17:26:45.463-0600] {dag.py:3036} INFO - Sync 1 DAGs
[2024-02-24T17:26:45.467-0600] {logging_mixin.py:188} INFO - [2024-02-24T17:26:45.467-0600] {dag.py:3823} INFO - Setting next_dagrun for example_params_trigger_ui to None, run_after=None
[2024-02-24T17:26:45.474-0600] {processor.py:183} INFO - Processing /Users/vamseekrishna/Desktop/F1_Data_Warehouse/f1datawarehouse/lib/python3.9/site-packages/airflow/example_dags/example_params_trigger_ui.py took 0.089 seconds
[2024-02-24T17:28:46.288-0600] {processor.py:161} INFO - Started process (PID=94863) to work on /Users/vamseekrishna/Desktop/F1_Data_Warehouse/f1datawarehouse/lib/python3.9/site-packages/airflow/example_dags/example_params_trigger_ui.py
[2024-02-24T17:28:46.290-0600] {processor.py:830} INFO - Processing file /Users/vamseekrishna/Desktop/F1_Data_Warehouse/f1datawarehouse/lib/python3.9/site-packages/airflow/example_dags/example_params_trigger_ui.py for tasks to queue
[2024-02-24T17:28:46.290-0600] {logging_mixin.py:188} INFO - [2024-02-24T17:28:46.290-0600] {dagbag.py:538} INFO - Filling up the DagBag from /Users/vamseekrishna/Desktop/F1_Data_Warehouse/f1datawarehouse/lib/python3.9/site-packages/airflow/example_dags/example_params_trigger_ui.py
[2024-02-24T17:28:46.307-0600] {processor.py:840} INFO - DAG(s) 'example_params_trigger_ui' retrieved from /Users/vamseekrishna/Desktop/F1_Data_Warehouse/f1datawarehouse/lib/python3.9/site-packages/airflow/example_dags/example_params_trigger_ui.py
[2024-02-24T17:28:46.363-0600] {logging_mixin.py:188} INFO - [2024-02-24T17:28:46.363-0600] {dag.py:3036} INFO - Sync 1 DAGs
[2024-02-24T17:28:46.367-0600] {logging_mixin.py:188} INFO - [2024-02-24T17:28:46.366-0600] {dag.py:3823} INFO - Setting next_dagrun for example_params_trigger_ui to None, run_after=None
[2024-02-24T17:28:46.375-0600] {processor.py:183} INFO - Processing /Users/vamseekrishna/Desktop/F1_Data_Warehouse/f1datawarehouse/lib/python3.9/site-packages/airflow/example_dags/example_params_trigger_ui.py took 0.087 seconds
[2024-02-24T17:30:42.892-0600] {processor.py:161} INFO - Started process (PID=94951) to work on /Users/vamseekrishna/Desktop/F1_Data_Warehouse/f1datawarehouse/lib/python3.9/site-packages/airflow/example_dags/example_params_trigger_ui.py
[2024-02-24T17:30:42.894-0600] {processor.py:830} INFO - Processing file /Users/vamseekrishna/Desktop/F1_Data_Warehouse/f1datawarehouse/lib/python3.9/site-packages/airflow/example_dags/example_params_trigger_ui.py for tasks to queue
[2024-02-24T17:30:42.895-0600] {logging_mixin.py:188} INFO - [2024-02-24T17:30:42.895-0600] {dagbag.py:538} INFO - Filling up the DagBag from /Users/vamseekrishna/Desktop/F1_Data_Warehouse/f1datawarehouse/lib/python3.9/site-packages/airflow/example_dags/example_params_trigger_ui.py
[2024-02-24T17:30:42.911-0600] {processor.py:840} INFO - DAG(s) 'example_params_trigger_ui' retrieved from /Users/vamseekrishna/Desktop/F1_Data_Warehouse/f1datawarehouse/lib/python3.9/site-packages/airflow/example_dags/example_params_trigger_ui.py
[2024-02-24T17:30:42.967-0600] {logging_mixin.py:188} INFO - [2024-02-24T17:30:42.967-0600] {dag.py:3036} INFO - Sync 1 DAGs
[2024-02-24T17:30:42.971-0600] {logging_mixin.py:188} INFO - [2024-02-24T17:30:42.971-0600] {dag.py:3823} INFO - Setting next_dagrun for example_params_trigger_ui to None, run_after=None
[2024-02-24T17:30:42.979-0600] {processor.py:183} INFO - Processing /Users/vamseekrishna/Desktop/F1_Data_Warehouse/f1datawarehouse/lib/python3.9/site-packages/airflow/example_dags/example_params_trigger_ui.py took 0.087 seconds
[2024-02-24T17:32:41.173-0600] {processor.py:161} INFO - Started process (PID=95047) to work on /Users/vamseekrishna/Desktop/F1_Data_Warehouse/f1datawarehouse/lib/python3.9/site-packages/airflow/example_dags/example_params_trigger_ui.py
[2024-02-24T17:32:41.175-0600] {processor.py:830} INFO - Processing file /Users/vamseekrishna/Desktop/F1_Data_Warehouse/f1datawarehouse/lib/python3.9/site-packages/airflow/example_dags/example_params_trigger_ui.py for tasks to queue
[2024-02-24T17:32:41.176-0600] {logging_mixin.py:188} INFO - [2024-02-24T17:32:41.175-0600] {dagbag.py:538} INFO - Filling up the DagBag from /Users/vamseekrishna/Desktop/F1_Data_Warehouse/f1datawarehouse/lib/python3.9/site-packages/airflow/example_dags/example_params_trigger_ui.py
[2024-02-24T17:32:41.192-0600] {processor.py:840} INFO - DAG(s) 'example_params_trigger_ui' retrieved from /Users/vamseekrishna/Desktop/F1_Data_Warehouse/f1datawarehouse/lib/python3.9/site-packages/airflow/example_dags/example_params_trigger_ui.py
[2024-02-24T17:32:41.248-0600] {logging_mixin.py:188} INFO - [2024-02-24T17:32:41.248-0600] {dag.py:3036} INFO - Sync 1 DAGs
[2024-02-24T17:32:41.252-0600] {logging_mixin.py:188} INFO - [2024-02-24T17:32:41.252-0600] {dag.py:3823} INFO - Setting next_dagrun for example_params_trigger_ui to None, run_after=None
[2024-02-24T17:32:41.260-0600] {processor.py:183} INFO - Processing /Users/vamseekrishna/Desktop/F1_Data_Warehouse/f1datawarehouse/lib/python3.9/site-packages/airflow/example_dags/example_params_trigger_ui.py took 0.088 seconds
[2024-02-24T17:34:40.138-0600] {processor.py:161} INFO - Started process (PID=95148) to work on /Users/vamseekrishna/Desktop/F1_Data_Warehouse/f1datawarehouse/lib/python3.9/site-packages/airflow/example_dags/example_params_trigger_ui.py
[2024-02-24T17:34:40.140-0600] {processor.py:830} INFO - Processing file /Users/vamseekrishna/Desktop/F1_Data_Warehouse/f1datawarehouse/lib/python3.9/site-packages/airflow/example_dags/example_params_trigger_ui.py for tasks to queue
[2024-02-24T17:34:40.140-0600] {logging_mixin.py:188} INFO - [2024-02-24T17:34:40.140-0600] {dagbag.py:538} INFO - Filling up the DagBag from /Users/vamseekrishna/Desktop/F1_Data_Warehouse/f1datawarehouse/lib/python3.9/site-packages/airflow/example_dags/example_params_trigger_ui.py
[2024-02-24T17:34:40.157-0600] {processor.py:840} INFO - DAG(s) 'example_params_trigger_ui' retrieved from /Users/vamseekrishna/Desktop/F1_Data_Warehouse/f1datawarehouse/lib/python3.9/site-packages/airflow/example_dags/example_params_trigger_ui.py
[2024-02-24T17:34:40.215-0600] {logging_mixin.py:188} INFO - [2024-02-24T17:34:40.215-0600] {dag.py:3036} INFO - Sync 1 DAGs
[2024-02-24T17:34:40.218-0600] {logging_mixin.py:188} INFO - [2024-02-24T17:34:40.218-0600] {dag.py:3823} INFO - Setting next_dagrun for example_params_trigger_ui to None, run_after=None
[2024-02-24T17:34:40.227-0600] {processor.py:183} INFO - Processing /Users/vamseekrishna/Desktop/F1_Data_Warehouse/f1datawarehouse/lib/python3.9/site-packages/airflow/example_dags/example_params_trigger_ui.py took 0.090 seconds
[2024-02-24T17:36:36.785-0600] {processor.py:161} INFO - Started process (PID=95244) to work on /Users/vamseekrishna/Desktop/F1_Data_Warehouse/f1datawarehouse/lib/python3.9/site-packages/airflow/example_dags/example_params_trigger_ui.py
[2024-02-24T17:36:36.788-0600] {processor.py:830} INFO - Processing file /Users/vamseekrishna/Desktop/F1_Data_Warehouse/f1datawarehouse/lib/python3.9/site-packages/airflow/example_dags/example_params_trigger_ui.py for tasks to queue
[2024-02-24T17:36:36.788-0600] {logging_mixin.py:188} INFO - [2024-02-24T17:36:36.788-0600] {dagbag.py:538} INFO - Filling up the DagBag from /Users/vamseekrishna/Desktop/F1_Data_Warehouse/f1datawarehouse/lib/python3.9/site-packages/airflow/example_dags/example_params_trigger_ui.py
[2024-02-24T17:36:36.805-0600] {processor.py:840} INFO - DAG(s) 'example_params_trigger_ui' retrieved from /Users/vamseekrishna/Desktop/F1_Data_Warehouse/f1datawarehouse/lib/python3.9/site-packages/airflow/example_dags/example_params_trigger_ui.py
[2024-02-24T17:36:36.861-0600] {logging_mixin.py:188} INFO - [2024-02-24T17:36:36.861-0600] {dag.py:3036} INFO - Sync 1 DAGs
[2024-02-24T17:36:36.865-0600] {logging_mixin.py:188} INFO - [2024-02-24T17:36:36.865-0600] {dag.py:3823} INFO - Setting next_dagrun for example_params_trigger_ui to None, run_after=None
[2024-02-24T17:36:36.873-0600] {processor.py:183} INFO - Processing /Users/vamseekrishna/Desktop/F1_Data_Warehouse/f1datawarehouse/lib/python3.9/site-packages/airflow/example_dags/example_params_trigger_ui.py took 0.088 seconds
[2024-02-24T17:40:18.776-0600] {processor.py:161} INFO - Started process (PID=95482) to work on /Users/vamseekrishna/Desktop/F1_Data_Warehouse/f1datawarehouse/lib/python3.9/site-packages/airflow/example_dags/example_params_trigger_ui.py
[2024-02-24T17:40:18.778-0600] {processor.py:830} INFO - Processing file /Users/vamseekrishna/Desktop/F1_Data_Warehouse/f1datawarehouse/lib/python3.9/site-packages/airflow/example_dags/example_params_trigger_ui.py for tasks to queue
[2024-02-24T17:40:18.778-0600] {logging_mixin.py:188} INFO - [2024-02-24T17:40:18.778-0600] {dagbag.py:538} INFO - Filling up the DagBag from /Users/vamseekrishna/Desktop/F1_Data_Warehouse/f1datawarehouse/lib/python3.9/site-packages/airflow/example_dags/example_params_trigger_ui.py
[2024-02-24T17:40:18.796-0600] {processor.py:840} INFO - DAG(s) 'example_params_trigger_ui' retrieved from /Users/vamseekrishna/Desktop/F1_Data_Warehouse/f1datawarehouse/lib/python3.9/site-packages/airflow/example_dags/example_params_trigger_ui.py
[2024-02-24T17:40:18.853-0600] {logging_mixin.py:188} INFO - [2024-02-24T17:40:18.853-0600] {dag.py:3036} INFO - Sync 1 DAGs
[2024-02-24T17:40:18.857-0600] {logging_mixin.py:188} INFO - [2024-02-24T17:40:18.857-0600] {dag.py:3823} INFO - Setting next_dagrun for example_params_trigger_ui to None, run_after=None
[2024-02-24T17:40:18.864-0600] {processor.py:183} INFO - Processing /Users/vamseekrishna/Desktop/F1_Data_Warehouse/f1datawarehouse/lib/python3.9/site-packages/airflow/example_dags/example_params_trigger_ui.py took 0.089 seconds
