[2024-02-24T16:01:48.291-0600] {processor.py:161} INFO - Started process (PID=87758) to work on /Users/vamseekrishna/Desktop/F1_Data_Warehouse/f1datawarehouse/lib/python3.9/site-packages/airflow/example_dags/example_setup_teardown.py
[2024-02-24T16:01:48.292-0600] {processor.py:830} INFO - Processing file /Users/vamseekrishna/Desktop/F1_Data_Warehouse/f1datawarehouse/lib/python3.9/site-packages/airflow/example_dags/example_setup_teardown.py for tasks to queue
[2024-02-24T16:01:48.292-0600] {logging_mixin.py:188} INFO - [2024-02-24T16:01:48.292-0600] {dagbag.py:538} INFO - Filling up the DagBag from /Users/vamseekrishna/Desktop/F1_Data_Warehouse/f1datawarehouse/lib/python3.9/site-packages/airflow/example_dags/example_setup_teardown.py
[2024-02-24T16:01:48.296-0600] {processor.py:840} INFO - DAG(s) 'example_setup_teardown' retrieved from /Users/vamseekrishna/Desktop/F1_Data_Warehouse/f1datawarehouse/lib/python3.9/site-packages/airflow/example_dags/example_setup_teardown.py
[2024-02-24T16:01:48.381-0600] {logging_mixin.py:188} INFO - [2024-02-24T16:01:48.381-0600] {override.py:1769} INFO - Created Permission View: can read on DAG:example_setup_teardown
[2024-02-24T16:01:48.384-0600] {logging_mixin.py:188} INFO - [2024-02-24T16:01:48.384-0600] {override.py:1769} INFO - Created Permission View: can edit on DAG:example_setup_teardown
[2024-02-24T16:01:48.386-0600] {logging_mixin.py:188} INFO - [2024-02-24T16:01:48.386-0600] {override.py:1769} INFO - Created Permission View: can delete on DAG:example_setup_teardown
[2024-02-24T16:01:48.387-0600] {logging_mixin.py:188} INFO - [2024-02-24T16:01:48.387-0600] {dag.py:3036} INFO - Sync 1 DAGs
[2024-02-24T16:01:48.391-0600] {logging_mixin.py:188} INFO - [2024-02-24T16:01:48.391-0600] {dag.py:3058} INFO - Creating ORM DAG for example_setup_teardown
[2024-02-24T16:01:48.395-0600] {logging_mixin.py:188} INFO - [2024-02-24T16:01:48.395-0600] {dag.py:3823} INFO - Setting next_dagrun for example_setup_teardown to 2024-02-23 00:00:00+00:00, run_after=2024-02-24 00:00:00+00:00
[2024-02-24T16:01:48.403-0600] {processor.py:183} INFO - Processing /Users/vamseekrishna/Desktop/F1_Data_Warehouse/f1datawarehouse/lib/python3.9/site-packages/airflow/example_dags/example_setup_teardown.py took 0.113 seconds
[2024-02-24T16:03:21.588-0600] {processor.py:161} INFO - Started process (PID=87963) to work on /Users/vamseekrishna/Desktop/F1_Data_Warehouse/f1datawarehouse/lib/python3.9/site-packages/airflow/example_dags/example_setup_teardown.py
[2024-02-24T16:03:21.590-0600] {processor.py:830} INFO - Processing file /Users/vamseekrishna/Desktop/F1_Data_Warehouse/f1datawarehouse/lib/python3.9/site-packages/airflow/example_dags/example_setup_teardown.py for tasks to queue
[2024-02-24T16:03:21.590-0600] {logging_mixin.py:188} INFO - [2024-02-24T16:03:21.590-0600] {dagbag.py:538} INFO - Filling up the DagBag from /Users/vamseekrishna/Desktop/F1_Data_Warehouse/f1datawarehouse/lib/python3.9/site-packages/airflow/example_dags/example_setup_teardown.py
[2024-02-24T16:03:21.594-0600] {processor.py:840} INFO - DAG(s) 'example_setup_teardown' retrieved from /Users/vamseekrishna/Desktop/F1_Data_Warehouse/f1datawarehouse/lib/python3.9/site-packages/airflow/example_dags/example_setup_teardown.py
[2024-02-24T16:03:21.642-0600] {logging_mixin.py:188} INFO - [2024-02-24T16:03:21.642-0600] {dag.py:3036} INFO - Sync 1 DAGs
[2024-02-24T16:03:21.651-0600] {logging_mixin.py:188} INFO - [2024-02-24T16:03:21.650-0600] {dag.py:3823} INFO - Setting next_dagrun for example_setup_teardown to 2024-02-23 00:00:00+00:00, run_after=2024-02-24 00:00:00+00:00
[2024-02-24T16:03:21.658-0600] {processor.py:183} INFO - Processing /Users/vamseekrishna/Desktop/F1_Data_Warehouse/f1datawarehouse/lib/python3.9/site-packages/airflow/example_dags/example_setup_teardown.py took 0.071 seconds
[2024-02-24T16:05:21.267-0600] {processor.py:161} INFO - Started process (PID=88205) to work on /Users/vamseekrishna/Desktop/F1_Data_Warehouse/f1datawarehouse/lib/python3.9/site-packages/airflow/example_dags/example_setup_teardown.py
[2024-02-24T16:05:21.269-0600] {processor.py:830} INFO - Processing file /Users/vamseekrishna/Desktop/F1_Data_Warehouse/f1datawarehouse/lib/python3.9/site-packages/airflow/example_dags/example_setup_teardown.py for tasks to queue
[2024-02-24T16:05:21.269-0600] {logging_mixin.py:188} INFO - [2024-02-24T16:05:21.269-0600] {dagbag.py:538} INFO - Filling up the DagBag from /Users/vamseekrishna/Desktop/F1_Data_Warehouse/f1datawarehouse/lib/python3.9/site-packages/airflow/example_dags/example_setup_teardown.py
[2024-02-24T16:05:21.274-0600] {processor.py:840} INFO - DAG(s) 'example_setup_teardown' retrieved from /Users/vamseekrishna/Desktop/F1_Data_Warehouse/f1datawarehouse/lib/python3.9/site-packages/airflow/example_dags/example_setup_teardown.py
[2024-02-24T16:05:21.363-0600] {logging_mixin.py:188} INFO - [2024-02-24T16:05:21.363-0600] {dag.py:3036} INFO - Sync 1 DAGs
[2024-02-24T16:05:21.373-0600] {logging_mixin.py:188} INFO - [2024-02-24T16:05:21.373-0600] {dag.py:3823} INFO - Setting next_dagrun for example_setup_teardown to 2024-02-23 00:00:00+00:00, run_after=2024-02-24 00:00:00+00:00
[2024-02-24T16:05:21.381-0600] {processor.py:183} INFO - Processing /Users/vamseekrishna/Desktop/F1_Data_Warehouse/f1datawarehouse/lib/python3.9/site-packages/airflow/example_dags/example_setup_teardown.py took 0.115 seconds
[2024-02-24T16:07:17.776-0600] {processor.py:161} INFO - Started process (PID=88407) to work on /Users/vamseekrishna/Desktop/F1_Data_Warehouse/f1datawarehouse/lib/python3.9/site-packages/airflow/example_dags/example_setup_teardown.py
[2024-02-24T16:07:17.777-0600] {processor.py:830} INFO - Processing file /Users/vamseekrishna/Desktop/F1_Data_Warehouse/f1datawarehouse/lib/python3.9/site-packages/airflow/example_dags/example_setup_teardown.py for tasks to queue
[2024-02-24T16:07:17.777-0600] {logging_mixin.py:188} INFO - [2024-02-24T16:07:17.777-0600] {dagbag.py:538} INFO - Filling up the DagBag from /Users/vamseekrishna/Desktop/F1_Data_Warehouse/f1datawarehouse/lib/python3.9/site-packages/airflow/example_dags/example_setup_teardown.py
[2024-02-24T16:07:17.781-0600] {processor.py:840} INFO - DAG(s) 'example_setup_teardown' retrieved from /Users/vamseekrishna/Desktop/F1_Data_Warehouse/f1datawarehouse/lib/python3.9/site-packages/airflow/example_dags/example_setup_teardown.py
[2024-02-24T16:07:17.856-0600] {logging_mixin.py:188} INFO - [2024-02-24T16:07:17.856-0600] {dag.py:3036} INFO - Sync 1 DAGs
[2024-02-24T16:07:17.866-0600] {logging_mixin.py:188} INFO - [2024-02-24T16:07:17.866-0600] {dag.py:3823} INFO - Setting next_dagrun for example_setup_teardown to 2024-02-23 00:00:00+00:00, run_after=2024-02-24 00:00:00+00:00
[2024-02-24T16:07:17.876-0600] {processor.py:183} INFO - Processing /Users/vamseekrishna/Desktop/F1_Data_Warehouse/f1datawarehouse/lib/python3.9/site-packages/airflow/example_dags/example_setup_teardown.py took 0.101 seconds
[2024-02-24T16:09:14.516-0600] {processor.py:161} INFO - Started process (PID=88614) to work on /Users/vamseekrishna/Desktop/F1_Data_Warehouse/f1datawarehouse/lib/python3.9/site-packages/airflow/example_dags/example_setup_teardown.py
[2024-02-24T16:09:14.519-0600] {processor.py:830} INFO - Processing file /Users/vamseekrishna/Desktop/F1_Data_Warehouse/f1datawarehouse/lib/python3.9/site-packages/airflow/example_dags/example_setup_teardown.py for tasks to queue
[2024-02-24T16:09:14.520-0600] {logging_mixin.py:188} INFO - [2024-02-24T16:09:14.520-0600] {dagbag.py:538} INFO - Filling up the DagBag from /Users/vamseekrishna/Desktop/F1_Data_Warehouse/f1datawarehouse/lib/python3.9/site-packages/airflow/example_dags/example_setup_teardown.py
[2024-02-24T16:09:14.527-0600] {processor.py:840} INFO - DAG(s) 'example_setup_teardown' retrieved from /Users/vamseekrishna/Desktop/F1_Data_Warehouse/f1datawarehouse/lib/python3.9/site-packages/airflow/example_dags/example_setup_teardown.py
[2024-02-24T16:09:14.693-0600] {logging_mixin.py:188} INFO - [2024-02-24T16:09:14.691-0600] {dag.py:3036} INFO - Sync 1 DAGs
[2024-02-24T16:09:14.707-0600] {logging_mixin.py:188} INFO - [2024-02-24T16:09:14.707-0600] {dag.py:3823} INFO - Setting next_dagrun for example_setup_teardown to 2024-02-23 00:00:00+00:00, run_after=2024-02-24 00:00:00+00:00
[2024-02-24T16:09:14.726-0600] {processor.py:183} INFO - Processing /Users/vamseekrishna/Desktop/F1_Data_Warehouse/f1datawarehouse/lib/python3.9/site-packages/airflow/example_dags/example_setup_teardown.py took 0.210 seconds
[2024-02-24T16:11:12.185-0600] {processor.py:161} INFO - Started process (PID=88818) to work on /Users/vamseekrishna/Desktop/F1_Data_Warehouse/f1datawarehouse/lib/python3.9/site-packages/airflow/example_dags/example_setup_teardown.py
[2024-02-24T16:11:12.187-0600] {processor.py:830} INFO - Processing file /Users/vamseekrishna/Desktop/F1_Data_Warehouse/f1datawarehouse/lib/python3.9/site-packages/airflow/example_dags/example_setup_teardown.py for tasks to queue
[2024-02-24T16:11:12.187-0600] {logging_mixin.py:188} INFO - [2024-02-24T16:11:12.187-0600] {dagbag.py:538} INFO - Filling up the DagBag from /Users/vamseekrishna/Desktop/F1_Data_Warehouse/f1datawarehouse/lib/python3.9/site-packages/airflow/example_dags/example_setup_teardown.py
[2024-02-24T16:11:12.191-0600] {processor.py:840} INFO - DAG(s) 'example_setup_teardown' retrieved from /Users/vamseekrishna/Desktop/F1_Data_Warehouse/f1datawarehouse/lib/python3.9/site-packages/airflow/example_dags/example_setup_teardown.py
[2024-02-24T16:11:12.262-0600] {logging_mixin.py:188} INFO - [2024-02-24T16:11:12.262-0600] {dag.py:3036} INFO - Sync 1 DAGs
[2024-02-24T16:11:12.271-0600] {logging_mixin.py:188} INFO - [2024-02-24T16:11:12.271-0600] {dag.py:3823} INFO - Setting next_dagrun for example_setup_teardown to 2024-02-23 00:00:00+00:00, run_after=2024-02-24 00:00:00+00:00
[2024-02-24T16:11:12.279-0600] {processor.py:183} INFO - Processing /Users/vamseekrishna/Desktop/F1_Data_Warehouse/f1datawarehouse/lib/python3.9/site-packages/airflow/example_dags/example_setup_teardown.py took 0.094 seconds
[2024-02-24T16:13:04.804-0600] {processor.py:161} INFO - Started process (PID=88981) to work on /Users/vamseekrishna/Desktop/F1_Data_Warehouse/f1datawarehouse/lib/python3.9/site-packages/airflow/example_dags/example_setup_teardown.py
[2024-02-24T16:13:04.806-0600] {processor.py:830} INFO - Processing file /Users/vamseekrishna/Desktop/F1_Data_Warehouse/f1datawarehouse/lib/python3.9/site-packages/airflow/example_dags/example_setup_teardown.py for tasks to queue
[2024-02-24T16:13:04.806-0600] {logging_mixin.py:188} INFO - [2024-02-24T16:13:04.806-0600] {dagbag.py:538} INFO - Filling up the DagBag from /Users/vamseekrishna/Desktop/F1_Data_Warehouse/f1datawarehouse/lib/python3.9/site-packages/airflow/example_dags/example_setup_teardown.py
[2024-02-24T16:13:04.809-0600] {processor.py:840} INFO - DAG(s) 'example_setup_teardown' retrieved from /Users/vamseekrishna/Desktop/F1_Data_Warehouse/f1datawarehouse/lib/python3.9/site-packages/airflow/example_dags/example_setup_teardown.py
[2024-02-24T16:13:04.880-0600] {logging_mixin.py:188} INFO - [2024-02-24T16:13:04.880-0600] {dag.py:3036} INFO - Sync 1 DAGs
[2024-02-24T16:13:04.889-0600] {logging_mixin.py:188} INFO - [2024-02-24T16:13:04.889-0600] {dag.py:3823} INFO - Setting next_dagrun for example_setup_teardown to 2024-02-23 00:00:00+00:00, run_after=2024-02-24 00:00:00+00:00
[2024-02-24T16:13:04.896-0600] {processor.py:183} INFO - Processing /Users/vamseekrishna/Desktop/F1_Data_Warehouse/f1datawarehouse/lib/python3.9/site-packages/airflow/example_dags/example_setup_teardown.py took 0.093 seconds
[2024-02-24T16:14:56.503-0600] {processor.py:161} INFO - Started process (PID=89176) to work on /Users/vamseekrishna/Desktop/F1_Data_Warehouse/f1datawarehouse/lib/python3.9/site-packages/airflow/example_dags/example_setup_teardown.py
[2024-02-24T16:14:56.505-0600] {processor.py:830} INFO - Processing file /Users/vamseekrishna/Desktop/F1_Data_Warehouse/f1datawarehouse/lib/python3.9/site-packages/airflow/example_dags/example_setup_teardown.py for tasks to queue
[2024-02-24T16:14:56.505-0600] {logging_mixin.py:188} INFO - [2024-02-24T16:14:56.505-0600] {dagbag.py:538} INFO - Filling up the DagBag from /Users/vamseekrishna/Desktop/F1_Data_Warehouse/f1datawarehouse/lib/python3.9/site-packages/airflow/example_dags/example_setup_teardown.py
[2024-02-24T16:14:56.509-0600] {processor.py:840} INFO - DAG(s) 'example_setup_teardown' retrieved from /Users/vamseekrishna/Desktop/F1_Data_Warehouse/f1datawarehouse/lib/python3.9/site-packages/airflow/example_dags/example_setup_teardown.py
[2024-02-24T16:14:56.583-0600] {logging_mixin.py:188} INFO - [2024-02-24T16:14:56.583-0600] {dag.py:3036} INFO - Sync 1 DAGs
[2024-02-24T16:14:56.593-0600] {logging_mixin.py:188} INFO - [2024-02-24T16:14:56.593-0600] {dag.py:3823} INFO - Setting next_dagrun for example_setup_teardown to 2024-02-23 00:00:00+00:00, run_after=2024-02-24 00:00:00+00:00
[2024-02-24T16:14:56.601-0600] {processor.py:183} INFO - Processing /Users/vamseekrishna/Desktop/F1_Data_Warehouse/f1datawarehouse/lib/python3.9/site-packages/airflow/example_dags/example_setup_teardown.py took 0.099 seconds
[2024-02-24T16:16:41.871-0600] {processor.py:161} INFO - Started process (PID=89378) to work on /Users/vamseekrishna/Desktop/F1_Data_Warehouse/f1datawarehouse/lib/python3.9/site-packages/airflow/example_dags/example_setup_teardown.py
[2024-02-24T16:16:41.873-0600] {processor.py:830} INFO - Processing file /Users/vamseekrishna/Desktop/F1_Data_Warehouse/f1datawarehouse/lib/python3.9/site-packages/airflow/example_dags/example_setup_teardown.py for tasks to queue
[2024-02-24T16:16:41.873-0600] {logging_mixin.py:188} INFO - [2024-02-24T16:16:41.873-0600] {dagbag.py:538} INFO - Filling up the DagBag from /Users/vamseekrishna/Desktop/F1_Data_Warehouse/f1datawarehouse/lib/python3.9/site-packages/airflow/example_dags/example_setup_teardown.py
[2024-02-24T16:16:41.876-0600] {processor.py:840} INFO - DAG(s) 'example_setup_teardown' retrieved from /Users/vamseekrishna/Desktop/F1_Data_Warehouse/f1datawarehouse/lib/python3.9/site-packages/airflow/example_dags/example_setup_teardown.py
[2024-02-24T16:16:41.952-0600] {logging_mixin.py:188} INFO - [2024-02-24T16:16:41.952-0600] {dag.py:3036} INFO - Sync 1 DAGs
[2024-02-24T16:16:41.961-0600] {logging_mixin.py:188} INFO - [2024-02-24T16:16:41.961-0600] {dag.py:3823} INFO - Setting next_dagrun for example_setup_teardown to 2024-02-23 00:00:00+00:00, run_after=2024-02-24 00:00:00+00:00
[2024-02-24T16:16:41.969-0600] {processor.py:183} INFO - Processing /Users/vamseekrishna/Desktop/F1_Data_Warehouse/f1datawarehouse/lib/python3.9/site-packages/airflow/example_dags/example_setup_teardown.py took 0.099 seconds
[2024-02-24T16:18:41.573-0600] {processor.py:161} INFO - Started process (PID=89582) to work on /Users/vamseekrishna/Desktop/F1_Data_Warehouse/f1datawarehouse/lib/python3.9/site-packages/airflow/example_dags/example_setup_teardown.py
[2024-02-24T16:18:41.575-0600] {processor.py:830} INFO - Processing file /Users/vamseekrishna/Desktop/F1_Data_Warehouse/f1datawarehouse/lib/python3.9/site-packages/airflow/example_dags/example_setup_teardown.py for tasks to queue
[2024-02-24T16:18:41.575-0600] {logging_mixin.py:188} INFO - [2024-02-24T16:18:41.575-0600] {dagbag.py:538} INFO - Filling up the DagBag from /Users/vamseekrishna/Desktop/F1_Data_Warehouse/f1datawarehouse/lib/python3.9/site-packages/airflow/example_dags/example_setup_teardown.py
[2024-02-24T16:18:41.579-0600] {processor.py:840} INFO - DAG(s) 'example_setup_teardown' retrieved from /Users/vamseekrishna/Desktop/F1_Data_Warehouse/f1datawarehouse/lib/python3.9/site-packages/airflow/example_dags/example_setup_teardown.py
[2024-02-24T16:18:41.651-0600] {logging_mixin.py:188} INFO - [2024-02-24T16:18:41.651-0600] {dag.py:3036} INFO - Sync 1 DAGs
[2024-02-24T16:18:41.660-0600] {logging_mixin.py:188} INFO - [2024-02-24T16:18:41.660-0600] {dag.py:3823} INFO - Setting next_dagrun for example_setup_teardown to 2024-02-23 00:00:00+00:00, run_after=2024-02-24 00:00:00+00:00
[2024-02-24T16:18:41.668-0600] {processor.py:183} INFO - Processing /Users/vamseekrishna/Desktop/F1_Data_Warehouse/f1datawarehouse/lib/python3.9/site-packages/airflow/example_dags/example_setup_teardown.py took 0.095 seconds
[2024-02-24T16:20:38.666-0600] {processor.py:161} INFO - Started process (PID=89754) to work on /Users/vamseekrishna/Desktop/F1_Data_Warehouse/f1datawarehouse/lib/python3.9/site-packages/airflow/example_dags/example_setup_teardown.py
[2024-02-24T16:20:38.668-0600] {processor.py:830} INFO - Processing file /Users/vamseekrishna/Desktop/F1_Data_Warehouse/f1datawarehouse/lib/python3.9/site-packages/airflow/example_dags/example_setup_teardown.py for tasks to queue
[2024-02-24T16:20:38.668-0600] {logging_mixin.py:188} INFO - [2024-02-24T16:20:38.668-0600] {dagbag.py:538} INFO - Filling up the DagBag from /Users/vamseekrishna/Desktop/F1_Data_Warehouse/f1datawarehouse/lib/python3.9/site-packages/airflow/example_dags/example_setup_teardown.py
[2024-02-24T16:20:38.672-0600] {processor.py:840} INFO - DAG(s) 'example_setup_teardown' retrieved from /Users/vamseekrishna/Desktop/F1_Data_Warehouse/f1datawarehouse/lib/python3.9/site-packages/airflow/example_dags/example_setup_teardown.py
[2024-02-24T16:20:38.744-0600] {logging_mixin.py:188} INFO - [2024-02-24T16:20:38.744-0600] {dag.py:3036} INFO - Sync 1 DAGs
[2024-02-24T16:20:38.753-0600] {logging_mixin.py:188} INFO - [2024-02-24T16:20:38.753-0600] {dag.py:3823} INFO - Setting next_dagrun for example_setup_teardown to 2024-02-23 00:00:00+00:00, run_after=2024-02-24 00:00:00+00:00
[2024-02-24T16:20:38.762-0600] {processor.py:183} INFO - Processing /Users/vamseekrishna/Desktop/F1_Data_Warehouse/f1datawarehouse/lib/python3.9/site-packages/airflow/example_dags/example_setup_teardown.py took 0.097 seconds
[2024-02-24T16:22:41.641-0600] {processor.py:161} INFO - Started process (PID=89937) to work on /Users/vamseekrishna/Desktop/F1_Data_Warehouse/f1datawarehouse/lib/python3.9/site-packages/airflow/example_dags/example_setup_teardown.py
[2024-02-24T16:22:41.643-0600] {processor.py:830} INFO - Processing file /Users/vamseekrishna/Desktop/F1_Data_Warehouse/f1datawarehouse/lib/python3.9/site-packages/airflow/example_dags/example_setup_teardown.py for tasks to queue
[2024-02-24T16:22:41.643-0600] {logging_mixin.py:188} INFO - [2024-02-24T16:22:41.643-0600] {dagbag.py:538} INFO - Filling up the DagBag from /Users/vamseekrishna/Desktop/F1_Data_Warehouse/f1datawarehouse/lib/python3.9/site-packages/airflow/example_dags/example_setup_teardown.py
[2024-02-24T16:22:41.648-0600] {processor.py:840} INFO - DAG(s) 'example_setup_teardown' retrieved from /Users/vamseekrishna/Desktop/F1_Data_Warehouse/f1datawarehouse/lib/python3.9/site-packages/airflow/example_dags/example_setup_teardown.py
[2024-02-24T16:22:41.722-0600] {logging_mixin.py:188} INFO - [2024-02-24T16:22:41.722-0600] {dag.py:3036} INFO - Sync 1 DAGs
[2024-02-24T16:22:41.731-0600] {logging_mixin.py:188} INFO - [2024-02-24T16:22:41.731-0600] {dag.py:3823} INFO - Setting next_dagrun for example_setup_teardown to 2024-02-23 00:00:00+00:00, run_after=2024-02-24 00:00:00+00:00
[2024-02-24T16:22:41.738-0600] {processor.py:183} INFO - Processing /Users/vamseekrishna/Desktop/F1_Data_Warehouse/f1datawarehouse/lib/python3.9/site-packages/airflow/example_dags/example_setup_teardown.py took 0.098 seconds
[2024-02-24T16:24:49.102-0600] {processor.py:161} INFO - Started process (PID=90134) to work on /Users/vamseekrishna/Desktop/F1_Data_Warehouse/f1datawarehouse/lib/python3.9/site-packages/airflow/example_dags/example_setup_teardown.py
[2024-02-24T16:24:49.103-0600] {processor.py:830} INFO - Processing file /Users/vamseekrishna/Desktop/F1_Data_Warehouse/f1datawarehouse/lib/python3.9/site-packages/airflow/example_dags/example_setup_teardown.py for tasks to queue
[2024-02-24T16:24:49.104-0600] {logging_mixin.py:188} INFO - [2024-02-24T16:24:49.103-0600] {dagbag.py:538} INFO - Filling up the DagBag from /Users/vamseekrishna/Desktop/F1_Data_Warehouse/f1datawarehouse/lib/python3.9/site-packages/airflow/example_dags/example_setup_teardown.py
[2024-02-24T16:24:49.107-0600] {processor.py:840} INFO - DAG(s) 'example_setup_teardown' retrieved from /Users/vamseekrishna/Desktop/F1_Data_Warehouse/f1datawarehouse/lib/python3.9/site-packages/airflow/example_dags/example_setup_teardown.py
[2024-02-24T16:24:49.184-0600] {logging_mixin.py:188} INFO - [2024-02-24T16:24:49.184-0600] {dag.py:3036} INFO - Sync 1 DAGs
[2024-02-24T16:24:49.193-0600] {logging_mixin.py:188} INFO - [2024-02-24T16:24:49.193-0600] {dag.py:3823} INFO - Setting next_dagrun for example_setup_teardown to 2024-02-23 00:00:00+00:00, run_after=2024-02-24 00:00:00+00:00
[2024-02-24T16:24:49.201-0600] {processor.py:183} INFO - Processing /Users/vamseekrishna/Desktop/F1_Data_Warehouse/f1datawarehouse/lib/python3.9/site-packages/airflow/example_dags/example_setup_teardown.py took 0.100 seconds
[2024-02-24T16:26:51.910-0600] {processor.py:161} INFO - Started process (PID=90327) to work on /Users/vamseekrishna/Desktop/F1_Data_Warehouse/f1datawarehouse/lib/python3.9/site-packages/airflow/example_dags/example_setup_teardown.py
[2024-02-24T16:26:51.912-0600] {processor.py:830} INFO - Processing file /Users/vamseekrishna/Desktop/F1_Data_Warehouse/f1datawarehouse/lib/python3.9/site-packages/airflow/example_dags/example_setup_teardown.py for tasks to queue
[2024-02-24T16:26:51.912-0600] {logging_mixin.py:188} INFO - [2024-02-24T16:26:51.912-0600] {dagbag.py:538} INFO - Filling up the DagBag from /Users/vamseekrishna/Desktop/F1_Data_Warehouse/f1datawarehouse/lib/python3.9/site-packages/airflow/example_dags/example_setup_teardown.py
[2024-02-24T16:26:51.916-0600] {processor.py:840} INFO - DAG(s) 'example_setup_teardown' retrieved from /Users/vamseekrishna/Desktop/F1_Data_Warehouse/f1datawarehouse/lib/python3.9/site-packages/airflow/example_dags/example_setup_teardown.py
[2024-02-24T16:26:51.987-0600] {logging_mixin.py:188} INFO - [2024-02-24T16:26:51.987-0600] {dag.py:3036} INFO - Sync 1 DAGs
[2024-02-24T16:26:51.997-0600] {logging_mixin.py:188} INFO - [2024-02-24T16:26:51.996-0600] {dag.py:3823} INFO - Setting next_dagrun for example_setup_teardown to 2024-02-23 00:00:00+00:00, run_after=2024-02-24 00:00:00+00:00
[2024-02-24T16:26:52.004-0600] {processor.py:183} INFO - Processing /Users/vamseekrishna/Desktop/F1_Data_Warehouse/f1datawarehouse/lib/python3.9/site-packages/airflow/example_dags/example_setup_teardown.py took 0.095 seconds
[2024-02-24T16:28:53.549-0600] {processor.py:161} INFO - Started process (PID=90480) to work on /Users/vamseekrishna/Desktop/F1_Data_Warehouse/f1datawarehouse/lib/python3.9/site-packages/airflow/example_dags/example_setup_teardown.py
[2024-02-24T16:28:53.551-0600] {processor.py:830} INFO - Processing file /Users/vamseekrishna/Desktop/F1_Data_Warehouse/f1datawarehouse/lib/python3.9/site-packages/airflow/example_dags/example_setup_teardown.py for tasks to queue
[2024-02-24T16:28:53.551-0600] {logging_mixin.py:188} INFO - [2024-02-24T16:28:53.551-0600] {dagbag.py:538} INFO - Filling up the DagBag from /Users/vamseekrishna/Desktop/F1_Data_Warehouse/f1datawarehouse/lib/python3.9/site-packages/airflow/example_dags/example_setup_teardown.py
[2024-02-24T16:28:53.573-0600] {processor.py:840} INFO - DAG(s) 'example_setup_teardown' retrieved from /Users/vamseekrishna/Desktop/F1_Data_Warehouse/f1datawarehouse/lib/python3.9/site-packages/airflow/example_dags/example_setup_teardown.py
[2024-02-24T16:28:53.768-0600] {logging_mixin.py:188} INFO - [2024-02-24T16:28:53.768-0600] {dag.py:3036} INFO - Sync 1 DAGs
[2024-02-24T16:28:53.792-0600] {logging_mixin.py:188} INFO - [2024-02-24T16:28:53.792-0600] {dag.py:3823} INFO - Setting next_dagrun for example_setup_teardown to 2024-02-23 00:00:00+00:00, run_after=2024-02-24 00:00:00+00:00
[2024-02-24T16:28:53.801-0600] {processor.py:183} INFO - Processing /Users/vamseekrishna/Desktop/F1_Data_Warehouse/f1datawarehouse/lib/python3.9/site-packages/airflow/example_dags/example_setup_teardown.py took 0.253 seconds
[2024-02-24T16:30:55.835-0600] {processor.py:161} INFO - Started process (PID=90600) to work on /Users/vamseekrishna/Desktop/F1_Data_Warehouse/f1datawarehouse/lib/python3.9/site-packages/airflow/example_dags/example_setup_teardown.py
[2024-02-24T16:30:55.837-0600] {processor.py:830} INFO - Processing file /Users/vamseekrishna/Desktop/F1_Data_Warehouse/f1datawarehouse/lib/python3.9/site-packages/airflow/example_dags/example_setup_teardown.py for tasks to queue
[2024-02-24T16:30:55.838-0600] {logging_mixin.py:188} INFO - [2024-02-24T16:30:55.838-0600] {dagbag.py:538} INFO - Filling up the DagBag from /Users/vamseekrishna/Desktop/F1_Data_Warehouse/f1datawarehouse/lib/python3.9/site-packages/airflow/example_dags/example_setup_teardown.py
[2024-02-24T16:30:55.841-0600] {processor.py:840} INFO - DAG(s) 'example_setup_teardown' retrieved from /Users/vamseekrishna/Desktop/F1_Data_Warehouse/f1datawarehouse/lib/python3.9/site-packages/airflow/example_dags/example_setup_teardown.py
[2024-02-24T16:30:55.912-0600] {logging_mixin.py:188} INFO - [2024-02-24T16:30:55.912-0600] {dag.py:3036} INFO - Sync 1 DAGs
[2024-02-24T16:30:55.921-0600] {logging_mixin.py:188} INFO - [2024-02-24T16:30:55.921-0600] {dag.py:3823} INFO - Setting next_dagrun for example_setup_teardown to 2024-02-23 00:00:00+00:00, run_after=2024-02-24 00:00:00+00:00
[2024-02-24T16:30:55.929-0600] {processor.py:183} INFO - Processing /Users/vamseekrishna/Desktop/F1_Data_Warehouse/f1datawarehouse/lib/python3.9/site-packages/airflow/example_dags/example_setup_teardown.py took 0.094 seconds
[2024-02-24T16:33:05.585-0600] {processor.py:161} INFO - Started process (PID=90813) to work on /Users/vamseekrishna/Desktop/F1_Data_Warehouse/f1datawarehouse/lib/python3.9/site-packages/airflow/example_dags/example_setup_teardown.py
[2024-02-24T16:33:05.587-0600] {processor.py:830} INFO - Processing file /Users/vamseekrishna/Desktop/F1_Data_Warehouse/f1datawarehouse/lib/python3.9/site-packages/airflow/example_dags/example_setup_teardown.py for tasks to queue
[2024-02-24T16:33:05.587-0600] {logging_mixin.py:188} INFO - [2024-02-24T16:33:05.587-0600] {dagbag.py:538} INFO - Filling up the DagBag from /Users/vamseekrishna/Desktop/F1_Data_Warehouse/f1datawarehouse/lib/python3.9/site-packages/airflow/example_dags/example_setup_teardown.py
[2024-02-24T16:33:05.591-0600] {processor.py:840} INFO - DAG(s) 'example_setup_teardown' retrieved from /Users/vamseekrishna/Desktop/F1_Data_Warehouse/f1datawarehouse/lib/python3.9/site-packages/airflow/example_dags/example_setup_teardown.py
[2024-02-24T16:33:05.668-0600] {logging_mixin.py:188} INFO - [2024-02-24T16:33:05.668-0600] {dag.py:3036} INFO - Sync 1 DAGs
[2024-02-24T16:33:05.677-0600] {logging_mixin.py:188} INFO - [2024-02-24T16:33:05.677-0600] {dag.py:3823} INFO - Setting next_dagrun for example_setup_teardown to 2024-02-23 00:00:00+00:00, run_after=2024-02-24 00:00:00+00:00
[2024-02-24T16:33:05.686-0600] {processor.py:183} INFO - Processing /Users/vamseekrishna/Desktop/F1_Data_Warehouse/f1datawarehouse/lib/python3.9/site-packages/airflow/example_dags/example_setup_teardown.py took 0.102 seconds
[2024-02-24T16:35:13.915-0600] {processor.py:161} INFO - Started process (PID=90990) to work on /Users/vamseekrishna/Desktop/F1_Data_Warehouse/f1datawarehouse/lib/python3.9/site-packages/airflow/example_dags/example_setup_teardown.py
[2024-02-24T16:35:13.919-0600] {processor.py:830} INFO - Processing file /Users/vamseekrishna/Desktop/F1_Data_Warehouse/f1datawarehouse/lib/python3.9/site-packages/airflow/example_dags/example_setup_teardown.py for tasks to queue
[2024-02-24T16:35:13.919-0600] {logging_mixin.py:188} INFO - [2024-02-24T16:35:13.919-0600] {dagbag.py:538} INFO - Filling up the DagBag from /Users/vamseekrishna/Desktop/F1_Data_Warehouse/f1datawarehouse/lib/python3.9/site-packages/airflow/example_dags/example_setup_teardown.py
[2024-02-24T16:35:13.923-0600] {processor.py:840} INFO - DAG(s) 'example_setup_teardown' retrieved from /Users/vamseekrishna/Desktop/F1_Data_Warehouse/f1datawarehouse/lib/python3.9/site-packages/airflow/example_dags/example_setup_teardown.py
[2024-02-24T16:35:13.995-0600] {logging_mixin.py:188} INFO - [2024-02-24T16:35:13.995-0600] {dag.py:3036} INFO - Sync 1 DAGs
[2024-02-24T16:35:14.004-0600] {logging_mixin.py:188} INFO - [2024-02-24T16:35:14.004-0600] {dag.py:3823} INFO - Setting next_dagrun for example_setup_teardown to 2024-02-23 00:00:00+00:00, run_after=2024-02-24 00:00:00+00:00
[2024-02-24T16:35:14.014-0600] {processor.py:183} INFO - Processing /Users/vamseekrishna/Desktop/F1_Data_Warehouse/f1datawarehouse/lib/python3.9/site-packages/airflow/example_dags/example_setup_teardown.py took 0.099 seconds
[2024-02-24T16:37:16.216-0600] {processor.py:161} INFO - Started process (PID=91124) to work on /Users/vamseekrishna/Desktop/F1_Data_Warehouse/f1datawarehouse/lib/python3.9/site-packages/airflow/example_dags/example_setup_teardown.py
[2024-02-24T16:37:16.218-0600] {processor.py:830} INFO - Processing file /Users/vamseekrishna/Desktop/F1_Data_Warehouse/f1datawarehouse/lib/python3.9/site-packages/airflow/example_dags/example_setup_teardown.py for tasks to queue
[2024-02-24T16:37:16.218-0600] {logging_mixin.py:188} INFO - [2024-02-24T16:37:16.218-0600] {dagbag.py:538} INFO - Filling up the DagBag from /Users/vamseekrishna/Desktop/F1_Data_Warehouse/f1datawarehouse/lib/python3.9/site-packages/airflow/example_dags/example_setup_teardown.py
[2024-02-24T16:37:16.222-0600] {processor.py:840} INFO - DAG(s) 'example_setup_teardown' retrieved from /Users/vamseekrishna/Desktop/F1_Data_Warehouse/f1datawarehouse/lib/python3.9/site-packages/airflow/example_dags/example_setup_teardown.py
[2024-02-24T16:37:16.296-0600] {logging_mixin.py:188} INFO - [2024-02-24T16:37:16.296-0600] {dag.py:3036} INFO - Sync 1 DAGs
[2024-02-24T16:37:16.305-0600] {logging_mixin.py:188} INFO - [2024-02-24T16:37:16.305-0600] {dag.py:3823} INFO - Setting next_dagrun for example_setup_teardown to 2024-02-23 00:00:00+00:00, run_after=2024-02-24 00:00:00+00:00
[2024-02-24T16:37:16.314-0600] {processor.py:183} INFO - Processing /Users/vamseekrishna/Desktop/F1_Data_Warehouse/f1datawarehouse/lib/python3.9/site-packages/airflow/example_dags/example_setup_teardown.py took 0.099 seconds
[2024-02-24T16:39:17.213-0600] {processor.py:161} INFO - Started process (PID=91282) to work on /Users/vamseekrishna/Desktop/F1_Data_Warehouse/f1datawarehouse/lib/python3.9/site-packages/airflow/example_dags/example_setup_teardown.py
[2024-02-24T16:39:17.215-0600] {processor.py:830} INFO - Processing file /Users/vamseekrishna/Desktop/F1_Data_Warehouse/f1datawarehouse/lib/python3.9/site-packages/airflow/example_dags/example_setup_teardown.py for tasks to queue
[2024-02-24T16:39:17.215-0600] {logging_mixin.py:188} INFO - [2024-02-24T16:39:17.215-0600] {dagbag.py:538} INFO - Filling up the DagBag from /Users/vamseekrishna/Desktop/F1_Data_Warehouse/f1datawarehouse/lib/python3.9/site-packages/airflow/example_dags/example_setup_teardown.py
[2024-02-24T16:39:17.219-0600] {processor.py:840} INFO - DAG(s) 'example_setup_teardown' retrieved from /Users/vamseekrishna/Desktop/F1_Data_Warehouse/f1datawarehouse/lib/python3.9/site-packages/airflow/example_dags/example_setup_teardown.py
[2024-02-24T16:39:17.301-0600] {logging_mixin.py:188} INFO - [2024-02-24T16:39:17.301-0600] {dag.py:3036} INFO - Sync 1 DAGs
[2024-02-24T16:39:17.314-0600] {logging_mixin.py:188} INFO - [2024-02-24T16:39:17.314-0600] {dag.py:3823} INFO - Setting next_dagrun for example_setup_teardown to 2024-02-23 00:00:00+00:00, run_after=2024-02-24 00:00:00+00:00
[2024-02-24T16:39:17.323-0600] {processor.py:183} INFO - Processing /Users/vamseekrishna/Desktop/F1_Data_Warehouse/f1datawarehouse/lib/python3.9/site-packages/airflow/example_dags/example_setup_teardown.py took 0.110 seconds
[2024-02-24T16:41:16.093-0600] {processor.py:161} INFO - Started process (PID=91415) to work on /Users/vamseekrishna/Desktop/F1_Data_Warehouse/f1datawarehouse/lib/python3.9/site-packages/airflow/example_dags/example_setup_teardown.py
[2024-02-24T16:41:16.095-0600] {processor.py:830} INFO - Processing file /Users/vamseekrishna/Desktop/F1_Data_Warehouse/f1datawarehouse/lib/python3.9/site-packages/airflow/example_dags/example_setup_teardown.py for tasks to queue
[2024-02-24T16:41:16.096-0600] {logging_mixin.py:188} INFO - [2024-02-24T16:41:16.096-0600] {dagbag.py:538} INFO - Filling up the DagBag from /Users/vamseekrishna/Desktop/F1_Data_Warehouse/f1datawarehouse/lib/python3.9/site-packages/airflow/example_dags/example_setup_teardown.py
[2024-02-24T16:41:16.100-0600] {processor.py:840} INFO - DAG(s) 'example_setup_teardown' retrieved from /Users/vamseekrishna/Desktop/F1_Data_Warehouse/f1datawarehouse/lib/python3.9/site-packages/airflow/example_dags/example_setup_teardown.py
[2024-02-24T16:41:16.171-0600] {logging_mixin.py:188} INFO - [2024-02-24T16:41:16.171-0600] {dag.py:3036} INFO - Sync 1 DAGs
[2024-02-24T16:41:16.179-0600] {logging_mixin.py:188} INFO - [2024-02-24T16:41:16.179-0600] {dag.py:3823} INFO - Setting next_dagrun for example_setup_teardown to 2024-02-23 00:00:00+00:00, run_after=2024-02-24 00:00:00+00:00
[2024-02-24T16:41:16.187-0600] {processor.py:183} INFO - Processing /Users/vamseekrishna/Desktop/F1_Data_Warehouse/f1datawarehouse/lib/python3.9/site-packages/airflow/example_dags/example_setup_teardown.py took 0.094 seconds
[2024-02-24T16:43:16.667-0600] {processor.py:161} INFO - Started process (PID=91636) to work on /Users/vamseekrishna/Desktop/F1_Data_Warehouse/f1datawarehouse/lib/python3.9/site-packages/airflow/example_dags/example_setup_teardown.py
[2024-02-24T16:43:16.669-0600] {processor.py:830} INFO - Processing file /Users/vamseekrishna/Desktop/F1_Data_Warehouse/f1datawarehouse/lib/python3.9/site-packages/airflow/example_dags/example_setup_teardown.py for tasks to queue
[2024-02-24T16:43:16.669-0600] {logging_mixin.py:188} INFO - [2024-02-24T16:43:16.669-0600] {dagbag.py:538} INFO - Filling up the DagBag from /Users/vamseekrishna/Desktop/F1_Data_Warehouse/f1datawarehouse/lib/python3.9/site-packages/airflow/example_dags/example_setup_teardown.py
[2024-02-24T16:43:16.673-0600] {processor.py:840} INFO - DAG(s) 'example_setup_teardown' retrieved from /Users/vamseekrishna/Desktop/F1_Data_Warehouse/f1datawarehouse/lib/python3.9/site-packages/airflow/example_dags/example_setup_teardown.py
[2024-02-24T16:43:16.743-0600] {logging_mixin.py:188} INFO - [2024-02-24T16:43:16.742-0600] {dag.py:3036} INFO - Sync 1 DAGs
[2024-02-24T16:43:16.751-0600] {logging_mixin.py:188} INFO - [2024-02-24T16:43:16.751-0600] {dag.py:3823} INFO - Setting next_dagrun for example_setup_teardown to 2024-02-23 00:00:00+00:00, run_after=2024-02-24 00:00:00+00:00
[2024-02-24T16:43:16.759-0600] {processor.py:183} INFO - Processing /Users/vamseekrishna/Desktop/F1_Data_Warehouse/f1datawarehouse/lib/python3.9/site-packages/airflow/example_dags/example_setup_teardown.py took 0.092 seconds
[2024-02-24T16:45:23.265-0600] {processor.py:161} INFO - Started process (PID=91834) to work on /Users/vamseekrishna/Desktop/F1_Data_Warehouse/f1datawarehouse/lib/python3.9/site-packages/airflow/example_dags/example_setup_teardown.py
[2024-02-24T16:45:23.267-0600] {processor.py:830} INFO - Processing file /Users/vamseekrishna/Desktop/F1_Data_Warehouse/f1datawarehouse/lib/python3.9/site-packages/airflow/example_dags/example_setup_teardown.py for tasks to queue
[2024-02-24T16:45:23.268-0600] {logging_mixin.py:188} INFO - [2024-02-24T16:45:23.268-0600] {dagbag.py:538} INFO - Filling up the DagBag from /Users/vamseekrishna/Desktop/F1_Data_Warehouse/f1datawarehouse/lib/python3.9/site-packages/airflow/example_dags/example_setup_teardown.py
[2024-02-24T16:45:23.271-0600] {processor.py:840} INFO - DAG(s) 'example_setup_teardown' retrieved from /Users/vamseekrishna/Desktop/F1_Data_Warehouse/f1datawarehouse/lib/python3.9/site-packages/airflow/example_dags/example_setup_teardown.py
[2024-02-24T16:45:23.346-0600] {logging_mixin.py:188} INFO - [2024-02-24T16:45:23.346-0600] {dag.py:3036} INFO - Sync 1 DAGs
[2024-02-24T16:45:23.356-0600] {logging_mixin.py:188} INFO - [2024-02-24T16:45:23.355-0600] {dag.py:3823} INFO - Setting next_dagrun for example_setup_teardown to 2024-02-23 00:00:00+00:00, run_after=2024-02-24 00:00:00+00:00
[2024-02-24T16:45:23.363-0600] {processor.py:183} INFO - Processing /Users/vamseekrishna/Desktop/F1_Data_Warehouse/f1datawarehouse/lib/python3.9/site-packages/airflow/example_dags/example_setup_teardown.py took 0.098 seconds
[2024-02-24T16:47:19.960-0600] {processor.py:161} INFO - Started process (PID=91998) to work on /Users/vamseekrishna/Desktop/F1_Data_Warehouse/f1datawarehouse/lib/python3.9/site-packages/airflow/example_dags/example_setup_teardown.py
[2024-02-24T16:47:19.962-0600] {processor.py:830} INFO - Processing file /Users/vamseekrishna/Desktop/F1_Data_Warehouse/f1datawarehouse/lib/python3.9/site-packages/airflow/example_dags/example_setup_teardown.py for tasks to queue
[2024-02-24T16:47:19.962-0600] {logging_mixin.py:188} INFO - [2024-02-24T16:47:19.962-0600] {dagbag.py:538} INFO - Filling up the DagBag from /Users/vamseekrishna/Desktop/F1_Data_Warehouse/f1datawarehouse/lib/python3.9/site-packages/airflow/example_dags/example_setup_teardown.py
[2024-02-24T16:47:19.966-0600] {processor.py:840} INFO - DAG(s) 'example_setup_teardown' retrieved from /Users/vamseekrishna/Desktop/F1_Data_Warehouse/f1datawarehouse/lib/python3.9/site-packages/airflow/example_dags/example_setup_teardown.py
[2024-02-24T16:47:20.045-0600] {logging_mixin.py:188} INFO - [2024-02-24T16:47:20.045-0600] {dag.py:3036} INFO - Sync 1 DAGs
[2024-02-24T16:47:20.055-0600] {logging_mixin.py:188} INFO - [2024-02-24T16:47:20.055-0600] {dag.py:3823} INFO - Setting next_dagrun for example_setup_teardown to 2024-02-23 00:00:00+00:00, run_after=2024-02-24 00:00:00+00:00
[2024-02-24T16:47:20.064-0600] {processor.py:183} INFO - Processing /Users/vamseekrishna/Desktop/F1_Data_Warehouse/f1datawarehouse/lib/python3.9/site-packages/airflow/example_dags/example_setup_teardown.py took 0.105 seconds
[2024-02-24T16:49:22.346-0600] {processor.py:161} INFO - Started process (PID=92201) to work on /Users/vamseekrishna/Desktop/F1_Data_Warehouse/f1datawarehouse/lib/python3.9/site-packages/airflow/example_dags/example_setup_teardown.py
[2024-02-24T16:49:22.347-0600] {processor.py:830} INFO - Processing file /Users/vamseekrishna/Desktop/F1_Data_Warehouse/f1datawarehouse/lib/python3.9/site-packages/airflow/example_dags/example_setup_teardown.py for tasks to queue
[2024-02-24T16:49:22.348-0600] {logging_mixin.py:188} INFO - [2024-02-24T16:49:22.347-0600] {dagbag.py:538} INFO - Filling up the DagBag from /Users/vamseekrishna/Desktop/F1_Data_Warehouse/f1datawarehouse/lib/python3.9/site-packages/airflow/example_dags/example_setup_teardown.py
[2024-02-24T16:49:22.351-0600] {processor.py:840} INFO - DAG(s) 'example_setup_teardown' retrieved from /Users/vamseekrishna/Desktop/F1_Data_Warehouse/f1datawarehouse/lib/python3.9/site-packages/airflow/example_dags/example_setup_teardown.py
[2024-02-24T16:49:22.424-0600] {logging_mixin.py:188} INFO - [2024-02-24T16:49:22.424-0600] {dag.py:3036} INFO - Sync 1 DAGs
[2024-02-24T16:49:22.433-0600] {logging_mixin.py:188} INFO - [2024-02-24T16:49:22.433-0600] {dag.py:3823} INFO - Setting next_dagrun for example_setup_teardown to 2024-02-23 00:00:00+00:00, run_after=2024-02-24 00:00:00+00:00
[2024-02-24T16:49:22.441-0600] {processor.py:183} INFO - Processing /Users/vamseekrishna/Desktop/F1_Data_Warehouse/f1datawarehouse/lib/python3.9/site-packages/airflow/example_dags/example_setup_teardown.py took 0.096 seconds
[2024-02-24T16:51:29.211-0600] {processor.py:161} INFO - Started process (PID=92383) to work on /Users/vamseekrishna/Desktop/F1_Data_Warehouse/f1datawarehouse/lib/python3.9/site-packages/airflow/example_dags/example_setup_teardown.py
[2024-02-24T16:51:29.213-0600] {processor.py:830} INFO - Processing file /Users/vamseekrishna/Desktop/F1_Data_Warehouse/f1datawarehouse/lib/python3.9/site-packages/airflow/example_dags/example_setup_teardown.py for tasks to queue
[2024-02-24T16:51:29.213-0600] {logging_mixin.py:188} INFO - [2024-02-24T16:51:29.213-0600] {dagbag.py:538} INFO - Filling up the DagBag from /Users/vamseekrishna/Desktop/F1_Data_Warehouse/f1datawarehouse/lib/python3.9/site-packages/airflow/example_dags/example_setup_teardown.py
[2024-02-24T16:51:29.217-0600] {processor.py:840} INFO - DAG(s) 'example_setup_teardown' retrieved from /Users/vamseekrishna/Desktop/F1_Data_Warehouse/f1datawarehouse/lib/python3.9/site-packages/airflow/example_dags/example_setup_teardown.py
[2024-02-24T16:51:29.299-0600] {logging_mixin.py:188} INFO - [2024-02-24T16:51:29.299-0600] {dag.py:3036} INFO - Sync 1 DAGs
[2024-02-24T16:51:29.309-0600] {logging_mixin.py:188} INFO - [2024-02-24T16:51:29.309-0600] {dag.py:3823} INFO - Setting next_dagrun for example_setup_teardown to 2024-02-23 00:00:00+00:00, run_after=2024-02-24 00:00:00+00:00
[2024-02-24T16:51:29.320-0600] {processor.py:183} INFO - Processing /Users/vamseekrishna/Desktop/F1_Data_Warehouse/f1datawarehouse/lib/python3.9/site-packages/airflow/example_dags/example_setup_teardown.py took 0.109 seconds
[2024-02-24T16:53:33.405-0600] {processor.py:161} INFO - Started process (PID=92568) to work on /Users/vamseekrishna/Desktop/F1_Data_Warehouse/f1datawarehouse/lib/python3.9/site-packages/airflow/example_dags/example_setup_teardown.py
[2024-02-24T16:53:33.406-0600] {processor.py:830} INFO - Processing file /Users/vamseekrishna/Desktop/F1_Data_Warehouse/f1datawarehouse/lib/python3.9/site-packages/airflow/example_dags/example_setup_teardown.py for tasks to queue
[2024-02-24T16:53:33.407-0600] {logging_mixin.py:188} INFO - [2024-02-24T16:53:33.407-0600] {dagbag.py:538} INFO - Filling up the DagBag from /Users/vamseekrishna/Desktop/F1_Data_Warehouse/f1datawarehouse/lib/python3.9/site-packages/airflow/example_dags/example_setup_teardown.py
[2024-02-24T16:53:33.411-0600] {processor.py:840} INFO - DAG(s) 'example_setup_teardown' retrieved from /Users/vamseekrishna/Desktop/F1_Data_Warehouse/f1datawarehouse/lib/python3.9/site-packages/airflow/example_dags/example_setup_teardown.py
[2024-02-24T16:53:33.487-0600] {logging_mixin.py:188} INFO - [2024-02-24T16:53:33.487-0600] {dag.py:3036} INFO - Sync 1 DAGs
[2024-02-24T16:53:33.497-0600] {logging_mixin.py:188} INFO - [2024-02-24T16:53:33.497-0600] {dag.py:3823} INFO - Setting next_dagrun for example_setup_teardown to 2024-02-23 00:00:00+00:00, run_after=2024-02-24 00:00:00+00:00
[2024-02-24T16:53:33.505-0600] {processor.py:183} INFO - Processing /Users/vamseekrishna/Desktop/F1_Data_Warehouse/f1datawarehouse/lib/python3.9/site-packages/airflow/example_dags/example_setup_teardown.py took 0.101 seconds
[2024-02-24T16:55:43.174-0600] {processor.py:161} INFO - Started process (PID=92713) to work on /Users/vamseekrishna/Desktop/F1_Data_Warehouse/f1datawarehouse/lib/python3.9/site-packages/airflow/example_dags/example_setup_teardown.py
[2024-02-24T16:55:43.176-0600] {processor.py:830} INFO - Processing file /Users/vamseekrishna/Desktop/F1_Data_Warehouse/f1datawarehouse/lib/python3.9/site-packages/airflow/example_dags/example_setup_teardown.py for tasks to queue
[2024-02-24T16:55:43.176-0600] {logging_mixin.py:188} INFO - [2024-02-24T16:55:43.176-0600] {dagbag.py:538} INFO - Filling up the DagBag from /Users/vamseekrishna/Desktop/F1_Data_Warehouse/f1datawarehouse/lib/python3.9/site-packages/airflow/example_dags/example_setup_teardown.py
[2024-02-24T16:55:43.180-0600] {processor.py:840} INFO - DAG(s) 'example_setup_teardown' retrieved from /Users/vamseekrishna/Desktop/F1_Data_Warehouse/f1datawarehouse/lib/python3.9/site-packages/airflow/example_dags/example_setup_teardown.py
[2024-02-24T16:55:43.303-0600] {logging_mixin.py:188} INFO - [2024-02-24T16:55:43.303-0600] {dag.py:3036} INFO - Sync 1 DAGs
[2024-02-24T16:55:43.314-0600] {logging_mixin.py:188} INFO - [2024-02-24T16:55:43.314-0600] {dag.py:3823} INFO - Setting next_dagrun for example_setup_teardown to 2024-02-23 00:00:00+00:00, run_after=2024-02-24 00:00:00+00:00
[2024-02-24T16:55:43.324-0600] {processor.py:183} INFO - Processing /Users/vamseekrishna/Desktop/F1_Data_Warehouse/f1datawarehouse/lib/python3.9/site-packages/airflow/example_dags/example_setup_teardown.py took 0.151 seconds
[2024-02-24T16:57:46.482-0600] {processor.py:161} INFO - Started process (PID=92882) to work on /Users/vamseekrishna/Desktop/F1_Data_Warehouse/f1datawarehouse/lib/python3.9/site-packages/airflow/example_dags/example_setup_teardown.py
[2024-02-24T16:57:46.484-0600] {processor.py:830} INFO - Processing file /Users/vamseekrishna/Desktop/F1_Data_Warehouse/f1datawarehouse/lib/python3.9/site-packages/airflow/example_dags/example_setup_teardown.py for tasks to queue
[2024-02-24T16:57:46.484-0600] {logging_mixin.py:188} INFO - [2024-02-24T16:57:46.484-0600] {dagbag.py:538} INFO - Filling up the DagBag from /Users/vamseekrishna/Desktop/F1_Data_Warehouse/f1datawarehouse/lib/python3.9/site-packages/airflow/example_dags/example_setup_teardown.py
[2024-02-24T16:57:46.488-0600] {processor.py:840} INFO - DAG(s) 'example_setup_teardown' retrieved from /Users/vamseekrishna/Desktop/F1_Data_Warehouse/f1datawarehouse/lib/python3.9/site-packages/airflow/example_dags/example_setup_teardown.py
[2024-02-24T16:57:46.564-0600] {logging_mixin.py:188} INFO - [2024-02-24T16:57:46.564-0600] {dag.py:3036} INFO - Sync 1 DAGs
[2024-02-24T16:57:46.573-0600] {logging_mixin.py:188} INFO - [2024-02-24T16:57:46.573-0600] {dag.py:3823} INFO - Setting next_dagrun for example_setup_teardown to 2024-02-23 00:00:00+00:00, run_after=2024-02-24 00:00:00+00:00
[2024-02-24T16:57:46.583-0600] {processor.py:183} INFO - Processing /Users/vamseekrishna/Desktop/F1_Data_Warehouse/f1datawarehouse/lib/python3.9/site-packages/airflow/example_dags/example_setup_teardown.py took 0.102 seconds
[2024-02-24T16:59:45.566-0600] {processor.py:161} INFO - Started process (PID=93041) to work on /Users/vamseekrishna/Desktop/F1_Data_Warehouse/f1datawarehouse/lib/python3.9/site-packages/airflow/example_dags/example_setup_teardown.py
[2024-02-24T16:59:45.567-0600] {processor.py:830} INFO - Processing file /Users/vamseekrishna/Desktop/F1_Data_Warehouse/f1datawarehouse/lib/python3.9/site-packages/airflow/example_dags/example_setup_teardown.py for tasks to queue
[2024-02-24T16:59:45.568-0600] {logging_mixin.py:188} INFO - [2024-02-24T16:59:45.567-0600] {dagbag.py:538} INFO - Filling up the DagBag from /Users/vamseekrishna/Desktop/F1_Data_Warehouse/f1datawarehouse/lib/python3.9/site-packages/airflow/example_dags/example_setup_teardown.py
[2024-02-24T16:59:45.571-0600] {processor.py:840} INFO - DAG(s) 'example_setup_teardown' retrieved from /Users/vamseekrishna/Desktop/F1_Data_Warehouse/f1datawarehouse/lib/python3.9/site-packages/airflow/example_dags/example_setup_teardown.py
[2024-02-24T16:59:45.642-0600] {logging_mixin.py:188} INFO - [2024-02-24T16:59:45.642-0600] {dag.py:3036} INFO - Sync 1 DAGs
[2024-02-24T16:59:45.650-0600] {logging_mixin.py:188} INFO - [2024-02-24T16:59:45.650-0600] {dag.py:3823} INFO - Setting next_dagrun for example_setup_teardown to 2024-02-23 00:00:00+00:00, run_after=2024-02-24 00:00:00+00:00
[2024-02-24T16:59:45.658-0600] {processor.py:183} INFO - Processing /Users/vamseekrishna/Desktop/F1_Data_Warehouse/f1datawarehouse/lib/python3.9/site-packages/airflow/example_dags/example_setup_teardown.py took 0.093 seconds
[2024-02-24T17:01:52.786-0600] {processor.py:161} INFO - Started process (PID=93242) to work on /Users/vamseekrishna/Desktop/F1_Data_Warehouse/f1datawarehouse/lib/python3.9/site-packages/airflow/example_dags/example_setup_teardown.py
[2024-02-24T17:01:52.788-0600] {processor.py:830} INFO - Processing file /Users/vamseekrishna/Desktop/F1_Data_Warehouse/f1datawarehouse/lib/python3.9/site-packages/airflow/example_dags/example_setup_teardown.py for tasks to queue
[2024-02-24T17:01:52.788-0600] {logging_mixin.py:188} INFO - [2024-02-24T17:01:52.788-0600] {dagbag.py:538} INFO - Filling up the DagBag from /Users/vamseekrishna/Desktop/F1_Data_Warehouse/f1datawarehouse/lib/python3.9/site-packages/airflow/example_dags/example_setup_teardown.py
[2024-02-24T17:01:52.791-0600] {processor.py:840} INFO - DAG(s) 'example_setup_teardown' retrieved from /Users/vamseekrishna/Desktop/F1_Data_Warehouse/f1datawarehouse/lib/python3.9/site-packages/airflow/example_dags/example_setup_teardown.py
[2024-02-24T17:01:52.861-0600] {logging_mixin.py:188} INFO - [2024-02-24T17:01:52.861-0600] {dag.py:3036} INFO - Sync 1 DAGs
[2024-02-24T17:01:52.870-0600] {logging_mixin.py:188} INFO - [2024-02-24T17:01:52.870-0600] {dag.py:3823} INFO - Setting next_dagrun for example_setup_teardown to 2024-02-23 00:00:00+00:00, run_after=2024-02-24 00:00:00+00:00
[2024-02-24T17:01:52.877-0600] {processor.py:183} INFO - Processing /Users/vamseekrishna/Desktop/F1_Data_Warehouse/f1datawarehouse/lib/python3.9/site-packages/airflow/example_dags/example_setup_teardown.py took 0.092 seconds
[2024-02-24T17:03:45.940-0600] {processor.py:161} INFO - Started process (PID=93374) to work on /Users/vamseekrishna/Desktop/F1_Data_Warehouse/f1datawarehouse/lib/python3.9/site-packages/airflow/example_dags/example_setup_teardown.py
[2024-02-24T17:03:45.941-0600] {processor.py:830} INFO - Processing file /Users/vamseekrishna/Desktop/F1_Data_Warehouse/f1datawarehouse/lib/python3.9/site-packages/airflow/example_dags/example_setup_teardown.py for tasks to queue
[2024-02-24T17:03:45.941-0600] {logging_mixin.py:188} INFO - [2024-02-24T17:03:45.941-0600] {dagbag.py:538} INFO - Filling up the DagBag from /Users/vamseekrishna/Desktop/F1_Data_Warehouse/f1datawarehouse/lib/python3.9/site-packages/airflow/example_dags/example_setup_teardown.py
[2024-02-24T17:03:45.946-0600] {processor.py:840} INFO - DAG(s) 'example_setup_teardown' retrieved from /Users/vamseekrishna/Desktop/F1_Data_Warehouse/f1datawarehouse/lib/python3.9/site-packages/airflow/example_dags/example_setup_teardown.py
[2024-02-24T17:03:46.031-0600] {logging_mixin.py:188} INFO - [2024-02-24T17:03:46.031-0600] {dag.py:3036} INFO - Sync 1 DAGs
[2024-02-24T17:03:46.043-0600] {logging_mixin.py:188} INFO - [2024-02-24T17:03:46.043-0600] {dag.py:3823} INFO - Setting next_dagrun for example_setup_teardown to 2024-02-23 00:00:00+00:00, run_after=2024-02-24 00:00:00+00:00
[2024-02-24T17:03:46.054-0600] {processor.py:183} INFO - Processing /Users/vamseekrishna/Desktop/F1_Data_Warehouse/f1datawarehouse/lib/python3.9/site-packages/airflow/example_dags/example_setup_teardown.py took 0.115 seconds
[2024-02-24T17:05:55.948-0600] {processor.py:161} INFO - Started process (PID=93523) to work on /Users/vamseekrishna/Desktop/F1_Data_Warehouse/f1datawarehouse/lib/python3.9/site-packages/airflow/example_dags/example_setup_teardown.py
[2024-02-24T17:05:55.950-0600] {processor.py:830} INFO - Processing file /Users/vamseekrishna/Desktop/F1_Data_Warehouse/f1datawarehouse/lib/python3.9/site-packages/airflow/example_dags/example_setup_teardown.py for tasks to queue
[2024-02-24T17:05:55.950-0600] {logging_mixin.py:188} INFO - [2024-02-24T17:05:55.950-0600] {dagbag.py:538} INFO - Filling up the DagBag from /Users/vamseekrishna/Desktop/F1_Data_Warehouse/f1datawarehouse/lib/python3.9/site-packages/airflow/example_dags/example_setup_teardown.py
[2024-02-24T17:05:55.954-0600] {processor.py:840} INFO - DAG(s) 'example_setup_teardown' retrieved from /Users/vamseekrishna/Desktop/F1_Data_Warehouse/f1datawarehouse/lib/python3.9/site-packages/airflow/example_dags/example_setup_teardown.py
[2024-02-24T17:05:56.027-0600] {logging_mixin.py:188} INFO - [2024-02-24T17:05:56.027-0600] {dag.py:3036} INFO - Sync 1 DAGs
[2024-02-24T17:05:56.036-0600] {logging_mixin.py:188} INFO - [2024-02-24T17:05:56.036-0600] {dag.py:3823} INFO - Setting next_dagrun for example_setup_teardown to 2024-02-23 00:00:00+00:00, run_after=2024-02-24 00:00:00+00:00
[2024-02-24T17:05:56.043-0600] {processor.py:183} INFO - Processing /Users/vamseekrishna/Desktop/F1_Data_Warehouse/f1datawarehouse/lib/python3.9/site-packages/airflow/example_dags/example_setup_teardown.py took 0.096 seconds
[2024-02-24T17:07:55.728-0600] {processor.py:161} INFO - Started process (PID=93619) to work on /Users/vamseekrishna/Desktop/F1_Data_Warehouse/f1datawarehouse/lib/python3.9/site-packages/airflow/example_dags/example_setup_teardown.py
[2024-02-24T17:07:55.730-0600] {processor.py:830} INFO - Processing file /Users/vamseekrishna/Desktop/F1_Data_Warehouse/f1datawarehouse/lib/python3.9/site-packages/airflow/example_dags/example_setup_teardown.py for tasks to queue
[2024-02-24T17:07:55.730-0600] {logging_mixin.py:188} INFO - [2024-02-24T17:07:55.730-0600] {dagbag.py:538} INFO - Filling up the DagBag from /Users/vamseekrishna/Desktop/F1_Data_Warehouse/f1datawarehouse/lib/python3.9/site-packages/airflow/example_dags/example_setup_teardown.py
[2024-02-24T17:07:55.734-0600] {processor.py:840} INFO - DAG(s) 'example_setup_teardown' retrieved from /Users/vamseekrishna/Desktop/F1_Data_Warehouse/f1datawarehouse/lib/python3.9/site-packages/airflow/example_dags/example_setup_teardown.py
[2024-02-24T17:07:55.804-0600] {logging_mixin.py:188} INFO - [2024-02-24T17:07:55.804-0600] {dag.py:3036} INFO - Sync 1 DAGs
[2024-02-24T17:07:55.814-0600] {logging_mixin.py:188} INFO - [2024-02-24T17:07:55.813-0600] {dag.py:3823} INFO - Setting next_dagrun for example_setup_teardown to 2024-02-23 00:00:00+00:00, run_after=2024-02-24 00:00:00+00:00
[2024-02-24T17:07:55.821-0600] {processor.py:183} INFO - Processing /Users/vamseekrishna/Desktop/F1_Data_Warehouse/f1datawarehouse/lib/python3.9/site-packages/airflow/example_dags/example_setup_teardown.py took 0.093 seconds
[2024-02-24T17:10:01.814-0600] {processor.py:161} INFO - Started process (PID=93731) to work on /Users/vamseekrishna/Desktop/F1_Data_Warehouse/f1datawarehouse/lib/python3.9/site-packages/airflow/example_dags/example_setup_teardown.py
[2024-02-24T17:10:01.816-0600] {processor.py:830} INFO - Processing file /Users/vamseekrishna/Desktop/F1_Data_Warehouse/f1datawarehouse/lib/python3.9/site-packages/airflow/example_dags/example_setup_teardown.py for tasks to queue
[2024-02-24T17:10:01.816-0600] {logging_mixin.py:188} INFO - [2024-02-24T17:10:01.816-0600] {dagbag.py:538} INFO - Filling up the DagBag from /Users/vamseekrishna/Desktop/F1_Data_Warehouse/f1datawarehouse/lib/python3.9/site-packages/airflow/example_dags/example_setup_teardown.py
[2024-02-24T17:10:01.823-0600] {processor.py:840} INFO - DAG(s) 'example_setup_teardown' retrieved from /Users/vamseekrishna/Desktop/F1_Data_Warehouse/f1datawarehouse/lib/python3.9/site-packages/airflow/example_dags/example_setup_teardown.py
[2024-02-24T17:10:01.908-0600] {logging_mixin.py:188} INFO - [2024-02-24T17:10:01.908-0600] {dag.py:3036} INFO - Sync 1 DAGs
[2024-02-24T17:10:01.917-0600] {logging_mixin.py:188} INFO - [2024-02-24T17:10:01.917-0600] {dag.py:3823} INFO - Setting next_dagrun for example_setup_teardown to 2024-02-23 00:00:00+00:00, run_after=2024-02-24 00:00:00+00:00
[2024-02-24T17:10:01.926-0600] {processor.py:183} INFO - Processing /Users/vamseekrishna/Desktop/F1_Data_Warehouse/f1datawarehouse/lib/python3.9/site-packages/airflow/example_dags/example_setup_teardown.py took 0.114 seconds
[2024-02-24T17:12:12.501-0600] {processor.py:161} INFO - Started process (PID=93848) to work on /Users/vamseekrishna/Desktop/F1_Data_Warehouse/f1datawarehouse/lib/python3.9/site-packages/airflow/example_dags/example_setup_teardown.py
[2024-02-24T17:12:12.503-0600] {processor.py:830} INFO - Processing file /Users/vamseekrishna/Desktop/F1_Data_Warehouse/f1datawarehouse/lib/python3.9/site-packages/airflow/example_dags/example_setup_teardown.py for tasks to queue
[2024-02-24T17:12:12.503-0600] {logging_mixin.py:188} INFO - [2024-02-24T17:12:12.503-0600] {dagbag.py:538} INFO - Filling up the DagBag from /Users/vamseekrishna/Desktop/F1_Data_Warehouse/f1datawarehouse/lib/python3.9/site-packages/airflow/example_dags/example_setup_teardown.py
[2024-02-24T17:12:12.507-0600] {processor.py:840} INFO - DAG(s) 'example_setup_teardown' retrieved from /Users/vamseekrishna/Desktop/F1_Data_Warehouse/f1datawarehouse/lib/python3.9/site-packages/airflow/example_dags/example_setup_teardown.py
[2024-02-24T17:12:12.580-0600] {logging_mixin.py:188} INFO - [2024-02-24T17:12:12.580-0600] {dag.py:3036} INFO - Sync 1 DAGs
[2024-02-24T17:12:12.589-0600] {logging_mixin.py:188} INFO - [2024-02-24T17:12:12.589-0600] {dag.py:3823} INFO - Setting next_dagrun for example_setup_teardown to 2024-02-23 00:00:00+00:00, run_after=2024-02-24 00:00:00+00:00
[2024-02-24T17:12:12.597-0600] {processor.py:183} INFO - Processing /Users/vamseekrishna/Desktop/F1_Data_Warehouse/f1datawarehouse/lib/python3.9/site-packages/airflow/example_dags/example_setup_teardown.py took 0.097 seconds
[2024-02-24T17:14:18.216-0600] {processor.py:161} INFO - Started process (PID=93996) to work on /Users/vamseekrishna/Desktop/F1_Data_Warehouse/f1datawarehouse/lib/python3.9/site-packages/airflow/example_dags/example_setup_teardown.py
[2024-02-24T17:14:18.218-0600] {processor.py:830} INFO - Processing file /Users/vamseekrishna/Desktop/F1_Data_Warehouse/f1datawarehouse/lib/python3.9/site-packages/airflow/example_dags/example_setup_teardown.py for tasks to queue
[2024-02-24T17:14:18.219-0600] {logging_mixin.py:188} INFO - [2024-02-24T17:14:18.219-0600] {dagbag.py:538} INFO - Filling up the DagBag from /Users/vamseekrishna/Desktop/F1_Data_Warehouse/f1datawarehouse/lib/python3.9/site-packages/airflow/example_dags/example_setup_teardown.py
[2024-02-24T17:14:18.222-0600] {processor.py:840} INFO - DAG(s) 'example_setup_teardown' retrieved from /Users/vamseekrishna/Desktop/F1_Data_Warehouse/f1datawarehouse/lib/python3.9/site-packages/airflow/example_dags/example_setup_teardown.py
[2024-02-24T17:14:18.294-0600] {logging_mixin.py:188} INFO - [2024-02-24T17:14:18.294-0600] {dag.py:3036} INFO - Sync 1 DAGs
[2024-02-24T17:14:18.303-0600] {logging_mixin.py:188} INFO - [2024-02-24T17:14:18.303-0600] {dag.py:3823} INFO - Setting next_dagrun for example_setup_teardown to 2024-02-23 00:00:00+00:00, run_after=2024-02-24 00:00:00+00:00
[2024-02-24T17:14:18.311-0600] {processor.py:183} INFO - Processing /Users/vamseekrishna/Desktop/F1_Data_Warehouse/f1datawarehouse/lib/python3.9/site-packages/airflow/example_dags/example_setup_teardown.py took 0.096 seconds
[2024-02-24T17:16:24.756-0600] {processor.py:161} INFO - Started process (PID=94106) to work on /Users/vamseekrishna/Desktop/F1_Data_Warehouse/f1datawarehouse/lib/python3.9/site-packages/airflow/example_dags/example_setup_teardown.py
[2024-02-24T17:16:24.758-0600] {processor.py:830} INFO - Processing file /Users/vamseekrishna/Desktop/F1_Data_Warehouse/f1datawarehouse/lib/python3.9/site-packages/airflow/example_dags/example_setup_teardown.py for tasks to queue
[2024-02-24T17:16:24.759-0600] {logging_mixin.py:188} INFO - [2024-02-24T17:16:24.759-0600] {dagbag.py:538} INFO - Filling up the DagBag from /Users/vamseekrishna/Desktop/F1_Data_Warehouse/f1datawarehouse/lib/python3.9/site-packages/airflow/example_dags/example_setup_teardown.py
[2024-02-24T17:16:24.763-0600] {processor.py:840} INFO - DAG(s) 'example_setup_teardown' retrieved from /Users/vamseekrishna/Desktop/F1_Data_Warehouse/f1datawarehouse/lib/python3.9/site-packages/airflow/example_dags/example_setup_teardown.py
[2024-02-24T17:16:24.840-0600] {logging_mixin.py:188} INFO - [2024-02-24T17:16:24.839-0600] {dag.py:3036} INFO - Sync 1 DAGs
[2024-02-24T17:16:24.849-0600] {logging_mixin.py:188} INFO - [2024-02-24T17:16:24.849-0600] {dag.py:3823} INFO - Setting next_dagrun for example_setup_teardown to 2024-02-23 00:00:00+00:00, run_after=2024-02-24 00:00:00+00:00
[2024-02-24T17:16:24.857-0600] {processor.py:183} INFO - Processing /Users/vamseekrishna/Desktop/F1_Data_Warehouse/f1datawarehouse/lib/python3.9/site-packages/airflow/example_dags/example_setup_teardown.py took 0.102 seconds
[2024-02-24T17:18:24.631-0600] {processor.py:161} INFO - Started process (PID=94204) to work on /Users/vamseekrishna/Desktop/F1_Data_Warehouse/f1datawarehouse/lib/python3.9/site-packages/airflow/example_dags/example_setup_teardown.py
[2024-02-24T17:18:24.633-0600] {processor.py:830} INFO - Processing file /Users/vamseekrishna/Desktop/F1_Data_Warehouse/f1datawarehouse/lib/python3.9/site-packages/airflow/example_dags/example_setup_teardown.py for tasks to queue
[2024-02-24T17:18:24.633-0600] {logging_mixin.py:188} INFO - [2024-02-24T17:18:24.633-0600] {dagbag.py:538} INFO - Filling up the DagBag from /Users/vamseekrishna/Desktop/F1_Data_Warehouse/f1datawarehouse/lib/python3.9/site-packages/airflow/example_dags/example_setup_teardown.py
[2024-02-24T17:18:24.637-0600] {processor.py:840} INFO - DAG(s) 'example_setup_teardown' retrieved from /Users/vamseekrishna/Desktop/F1_Data_Warehouse/f1datawarehouse/lib/python3.9/site-packages/airflow/example_dags/example_setup_teardown.py
[2024-02-24T17:18:24.714-0600] {logging_mixin.py:188} INFO - [2024-02-24T17:18:24.713-0600] {dag.py:3036} INFO - Sync 1 DAGs
[2024-02-24T17:18:24.722-0600] {logging_mixin.py:188} INFO - [2024-02-24T17:18:24.722-0600] {dag.py:3823} INFO - Setting next_dagrun for example_setup_teardown to 2024-02-23 00:00:00+00:00, run_after=2024-02-24 00:00:00+00:00
[2024-02-24T17:18:24.731-0600] {processor.py:183} INFO - Processing /Users/vamseekrishna/Desktop/F1_Data_Warehouse/f1datawarehouse/lib/python3.9/site-packages/airflow/example_dags/example_setup_teardown.py took 0.100 seconds
[2024-02-24T17:20:25.051-0600] {processor.py:161} INFO - Started process (PID=94305) to work on /Users/vamseekrishna/Desktop/F1_Data_Warehouse/f1datawarehouse/lib/python3.9/site-packages/airflow/example_dags/example_setup_teardown.py
[2024-02-24T17:20:25.052-0600] {processor.py:830} INFO - Processing file /Users/vamseekrishna/Desktop/F1_Data_Warehouse/f1datawarehouse/lib/python3.9/site-packages/airflow/example_dags/example_setup_teardown.py for tasks to queue
[2024-02-24T17:20:25.053-0600] {logging_mixin.py:188} INFO - [2024-02-24T17:20:25.053-0600] {dagbag.py:538} INFO - Filling up the DagBag from /Users/vamseekrishna/Desktop/F1_Data_Warehouse/f1datawarehouse/lib/python3.9/site-packages/airflow/example_dags/example_setup_teardown.py
[2024-02-24T17:20:25.056-0600] {processor.py:840} INFO - DAG(s) 'example_setup_teardown' retrieved from /Users/vamseekrishna/Desktop/F1_Data_Warehouse/f1datawarehouse/lib/python3.9/site-packages/airflow/example_dags/example_setup_teardown.py
[2024-02-24T17:20:25.127-0600] {logging_mixin.py:188} INFO - [2024-02-24T17:20:25.127-0600] {dag.py:3036} INFO - Sync 1 DAGs
[2024-02-24T17:20:25.136-0600] {logging_mixin.py:188} INFO - [2024-02-24T17:20:25.136-0600] {dag.py:3823} INFO - Setting next_dagrun for example_setup_teardown to 2024-02-23 00:00:00+00:00, run_after=2024-02-24 00:00:00+00:00
[2024-02-24T17:20:25.144-0600] {processor.py:183} INFO - Processing /Users/vamseekrishna/Desktop/F1_Data_Warehouse/f1datawarehouse/lib/python3.9/site-packages/airflow/example_dags/example_setup_teardown.py took 0.094 seconds
[2024-02-24T17:22:23.676-0600] {processor.py:161} INFO - Started process (PID=94480) to work on /Users/vamseekrishna/Desktop/F1_Data_Warehouse/f1datawarehouse/lib/python3.9/site-packages/airflow/example_dags/example_setup_teardown.py
[2024-02-24T17:22:23.677-0600] {processor.py:830} INFO - Processing file /Users/vamseekrishna/Desktop/F1_Data_Warehouse/f1datawarehouse/lib/python3.9/site-packages/airflow/example_dags/example_setup_teardown.py for tasks to queue
[2024-02-24T17:22:23.678-0600] {logging_mixin.py:188} INFO - [2024-02-24T17:22:23.677-0600] {dagbag.py:538} INFO - Filling up the DagBag from /Users/vamseekrishna/Desktop/F1_Data_Warehouse/f1datawarehouse/lib/python3.9/site-packages/airflow/example_dags/example_setup_teardown.py
[2024-02-24T17:22:23.681-0600] {processor.py:840} INFO - DAG(s) 'example_setup_teardown' retrieved from /Users/vamseekrishna/Desktop/F1_Data_Warehouse/f1datawarehouse/lib/python3.9/site-packages/airflow/example_dags/example_setup_teardown.py
[2024-02-24T17:22:23.754-0600] {logging_mixin.py:188} INFO - [2024-02-24T17:22:23.754-0600] {dag.py:3036} INFO - Sync 1 DAGs
[2024-02-24T17:22:23.764-0600] {logging_mixin.py:188} INFO - [2024-02-24T17:22:23.763-0600] {dag.py:3823} INFO - Setting next_dagrun for example_setup_teardown to 2024-02-23 00:00:00+00:00, run_after=2024-02-24 00:00:00+00:00
[2024-02-24T17:22:23.771-0600] {processor.py:183} INFO - Processing /Users/vamseekrishna/Desktop/F1_Data_Warehouse/f1datawarehouse/lib/python3.9/site-packages/airflow/example_dags/example_setup_teardown.py took 0.097 seconds
[2024-02-24T17:24:29.664-0600] {processor.py:161} INFO - Started process (PID=94658) to work on /Users/vamseekrishna/Desktop/F1_Data_Warehouse/f1datawarehouse/lib/python3.9/site-packages/airflow/example_dags/example_setup_teardown.py
[2024-02-24T17:24:29.666-0600] {processor.py:830} INFO - Processing file /Users/vamseekrishna/Desktop/F1_Data_Warehouse/f1datawarehouse/lib/python3.9/site-packages/airflow/example_dags/example_setup_teardown.py for tasks to queue
[2024-02-24T17:24:29.666-0600] {logging_mixin.py:188} INFO - [2024-02-24T17:24:29.666-0600] {dagbag.py:538} INFO - Filling up the DagBag from /Users/vamseekrishna/Desktop/F1_Data_Warehouse/f1datawarehouse/lib/python3.9/site-packages/airflow/example_dags/example_setup_teardown.py
[2024-02-24T17:24:29.670-0600] {processor.py:840} INFO - DAG(s) 'example_setup_teardown' retrieved from /Users/vamseekrishna/Desktop/F1_Data_Warehouse/f1datawarehouse/lib/python3.9/site-packages/airflow/example_dags/example_setup_teardown.py
[2024-02-24T17:24:29.727-0600] {logging_mixin.py:188} INFO - [2024-02-24T17:24:29.727-0600] {dag.py:3036} INFO - Sync 1 DAGs
[2024-02-24T17:24:29.739-0600] {logging_mixin.py:188} INFO - [2024-02-24T17:24:29.738-0600] {dag.py:3823} INFO - Setting next_dagrun for example_setup_teardown to 2024-02-23 00:00:00+00:00, run_after=2024-02-24 00:00:00+00:00
[2024-02-24T17:24:29.748-0600] {processor.py:183} INFO - Processing /Users/vamseekrishna/Desktop/F1_Data_Warehouse/f1datawarehouse/lib/python3.9/site-packages/airflow/example_dags/example_setup_teardown.py took 0.085 seconds
[2024-02-24T17:26:32.700-0600] {processor.py:161} INFO - Started process (PID=94759) to work on /Users/vamseekrishna/Desktop/F1_Data_Warehouse/f1datawarehouse/lib/python3.9/site-packages/airflow/example_dags/example_setup_teardown.py
[2024-02-24T17:26:32.702-0600] {processor.py:830} INFO - Processing file /Users/vamseekrishna/Desktop/F1_Data_Warehouse/f1datawarehouse/lib/python3.9/site-packages/airflow/example_dags/example_setup_teardown.py for tasks to queue
[2024-02-24T17:26:32.702-0600] {logging_mixin.py:188} INFO - [2024-02-24T17:26:32.702-0600] {dagbag.py:538} INFO - Filling up the DagBag from /Users/vamseekrishna/Desktop/F1_Data_Warehouse/f1datawarehouse/lib/python3.9/site-packages/airflow/example_dags/example_setup_teardown.py
[2024-02-24T17:26:32.706-0600] {processor.py:840} INFO - DAG(s) 'example_setup_teardown' retrieved from /Users/vamseekrishna/Desktop/F1_Data_Warehouse/f1datawarehouse/lib/python3.9/site-packages/airflow/example_dags/example_setup_teardown.py
[2024-02-24T17:26:32.753-0600] {logging_mixin.py:188} INFO - [2024-02-24T17:26:32.752-0600] {dag.py:3036} INFO - Sync 1 DAGs
[2024-02-24T17:26:32.761-0600] {logging_mixin.py:188} INFO - [2024-02-24T17:26:32.761-0600] {dag.py:3823} INFO - Setting next_dagrun for example_setup_teardown to 2024-02-23 00:00:00+00:00, run_after=2024-02-24 00:00:00+00:00
[2024-02-24T17:26:32.769-0600] {processor.py:183} INFO - Processing /Users/vamseekrishna/Desktop/F1_Data_Warehouse/f1datawarehouse/lib/python3.9/site-packages/airflow/example_dags/example_setup_teardown.py took 0.070 seconds
[2024-02-24T17:28:33.703-0600] {processor.py:161} INFO - Started process (PID=94853) to work on /Users/vamseekrishna/Desktop/F1_Data_Warehouse/f1datawarehouse/lib/python3.9/site-packages/airflow/example_dags/example_setup_teardown.py
[2024-02-24T17:28:33.705-0600] {processor.py:830} INFO - Processing file /Users/vamseekrishna/Desktop/F1_Data_Warehouse/f1datawarehouse/lib/python3.9/site-packages/airflow/example_dags/example_setup_teardown.py for tasks to queue
[2024-02-24T17:28:33.706-0600] {logging_mixin.py:188} INFO - [2024-02-24T17:28:33.706-0600] {dagbag.py:538} INFO - Filling up the DagBag from /Users/vamseekrishna/Desktop/F1_Data_Warehouse/f1datawarehouse/lib/python3.9/site-packages/airflow/example_dags/example_setup_teardown.py
[2024-02-24T17:28:33.709-0600] {processor.py:840} INFO - DAG(s) 'example_setup_teardown' retrieved from /Users/vamseekrishna/Desktop/F1_Data_Warehouse/f1datawarehouse/lib/python3.9/site-packages/airflow/example_dags/example_setup_teardown.py
[2024-02-24T17:28:33.756-0600] {logging_mixin.py:188} INFO - [2024-02-24T17:28:33.755-0600] {dag.py:3036} INFO - Sync 1 DAGs
[2024-02-24T17:28:33.764-0600] {logging_mixin.py:188} INFO - [2024-02-24T17:28:33.764-0600] {dag.py:3823} INFO - Setting next_dagrun for example_setup_teardown to 2024-02-23 00:00:00+00:00, run_after=2024-02-24 00:00:00+00:00
[2024-02-24T17:28:33.772-0600] {processor.py:183} INFO - Processing /Users/vamseekrishna/Desktop/F1_Data_Warehouse/f1datawarehouse/lib/python3.9/site-packages/airflow/example_dags/example_setup_teardown.py took 0.069 seconds
[2024-02-24T17:30:31.309-0600] {processor.py:161} INFO - Started process (PID=94943) to work on /Users/vamseekrishna/Desktop/F1_Data_Warehouse/f1datawarehouse/lib/python3.9/site-packages/airflow/example_dags/example_setup_teardown.py
[2024-02-24T17:30:31.311-0600] {processor.py:830} INFO - Processing file /Users/vamseekrishna/Desktop/F1_Data_Warehouse/f1datawarehouse/lib/python3.9/site-packages/airflow/example_dags/example_setup_teardown.py for tasks to queue
[2024-02-24T17:30:31.311-0600] {logging_mixin.py:188} INFO - [2024-02-24T17:30:31.311-0600] {dagbag.py:538} INFO - Filling up the DagBag from /Users/vamseekrishna/Desktop/F1_Data_Warehouse/f1datawarehouse/lib/python3.9/site-packages/airflow/example_dags/example_setup_teardown.py
[2024-02-24T17:30:31.314-0600] {processor.py:840} INFO - DAG(s) 'example_setup_teardown' retrieved from /Users/vamseekrishna/Desktop/F1_Data_Warehouse/f1datawarehouse/lib/python3.9/site-packages/airflow/example_dags/example_setup_teardown.py
[2024-02-24T17:30:31.361-0600] {logging_mixin.py:188} INFO - [2024-02-24T17:30:31.361-0600] {dag.py:3036} INFO - Sync 1 DAGs
[2024-02-24T17:30:31.369-0600] {logging_mixin.py:188} INFO - [2024-02-24T17:30:31.369-0600] {dag.py:3823} INFO - Setting next_dagrun for example_setup_teardown to 2024-02-23 00:00:00+00:00, run_after=2024-02-24 00:00:00+00:00
[2024-02-24T17:30:31.377-0600] {processor.py:183} INFO - Processing /Users/vamseekrishna/Desktop/F1_Data_Warehouse/f1datawarehouse/lib/python3.9/site-packages/airflow/example_dags/example_setup_teardown.py took 0.069 seconds
[2024-02-24T17:32:28.394-0600] {processor.py:161} INFO - Started process (PID=95035) to work on /Users/vamseekrishna/Desktop/F1_Data_Warehouse/f1datawarehouse/lib/python3.9/site-packages/airflow/example_dags/example_setup_teardown.py
[2024-02-24T17:32:28.397-0600] {processor.py:830} INFO - Processing file /Users/vamseekrishna/Desktop/F1_Data_Warehouse/f1datawarehouse/lib/python3.9/site-packages/airflow/example_dags/example_setup_teardown.py for tasks to queue
[2024-02-24T17:32:28.397-0600] {logging_mixin.py:188} INFO - [2024-02-24T17:32:28.397-0600] {dagbag.py:538} INFO - Filling up the DagBag from /Users/vamseekrishna/Desktop/F1_Data_Warehouse/f1datawarehouse/lib/python3.9/site-packages/airflow/example_dags/example_setup_teardown.py
[2024-02-24T17:32:28.400-0600] {processor.py:840} INFO - DAG(s) 'example_setup_teardown' retrieved from /Users/vamseekrishna/Desktop/F1_Data_Warehouse/f1datawarehouse/lib/python3.9/site-packages/airflow/example_dags/example_setup_teardown.py
[2024-02-24T17:32:28.449-0600] {logging_mixin.py:188} INFO - [2024-02-24T17:32:28.449-0600] {dag.py:3036} INFO - Sync 1 DAGs
[2024-02-24T17:32:28.458-0600] {logging_mixin.py:188} INFO - [2024-02-24T17:32:28.458-0600] {dag.py:3823} INFO - Setting next_dagrun for example_setup_teardown to 2024-02-23 00:00:00+00:00, run_after=2024-02-24 00:00:00+00:00
[2024-02-24T17:32:28.465-0600] {processor.py:183} INFO - Processing /Users/vamseekrishna/Desktop/F1_Data_Warehouse/f1datawarehouse/lib/python3.9/site-packages/airflow/example_dags/example_setup_teardown.py took 0.072 seconds
[2024-02-24T17:34:27.911-0600] {processor.py:161} INFO - Started process (PID=95140) to work on /Users/vamseekrishna/Desktop/F1_Data_Warehouse/f1datawarehouse/lib/python3.9/site-packages/airflow/example_dags/example_setup_teardown.py
[2024-02-24T17:34:27.913-0600] {processor.py:830} INFO - Processing file /Users/vamseekrishna/Desktop/F1_Data_Warehouse/f1datawarehouse/lib/python3.9/site-packages/airflow/example_dags/example_setup_teardown.py for tasks to queue
[2024-02-24T17:34:27.914-0600] {logging_mixin.py:188} INFO - [2024-02-24T17:34:27.913-0600] {dagbag.py:538} INFO - Filling up the DagBag from /Users/vamseekrishna/Desktop/F1_Data_Warehouse/f1datawarehouse/lib/python3.9/site-packages/airflow/example_dags/example_setup_teardown.py
[2024-02-24T17:34:27.917-0600] {processor.py:840} INFO - DAG(s) 'example_setup_teardown' retrieved from /Users/vamseekrishna/Desktop/F1_Data_Warehouse/f1datawarehouse/lib/python3.9/site-packages/airflow/example_dags/example_setup_teardown.py
[2024-02-24T17:34:27.963-0600] {logging_mixin.py:188} INFO - [2024-02-24T17:34:27.963-0600] {dag.py:3036} INFO - Sync 1 DAGs
[2024-02-24T17:34:27.972-0600] {logging_mixin.py:188} INFO - [2024-02-24T17:34:27.972-0600] {dag.py:3823} INFO - Setting next_dagrun for example_setup_teardown to 2024-02-23 00:00:00+00:00, run_after=2024-02-24 00:00:00+00:00
[2024-02-24T17:34:27.979-0600] {processor.py:183} INFO - Processing /Users/vamseekrishna/Desktop/F1_Data_Warehouse/f1datawarehouse/lib/python3.9/site-packages/airflow/example_dags/example_setup_teardown.py took 0.069 seconds
[2024-02-24T17:36:23.973-0600] {processor.py:161} INFO - Started process (PID=95235) to work on /Users/vamseekrishna/Desktop/F1_Data_Warehouse/f1datawarehouse/lib/python3.9/site-packages/airflow/example_dags/example_setup_teardown.py
[2024-02-24T17:36:23.975-0600] {processor.py:830} INFO - Processing file /Users/vamseekrishna/Desktop/F1_Data_Warehouse/f1datawarehouse/lib/python3.9/site-packages/airflow/example_dags/example_setup_teardown.py for tasks to queue
[2024-02-24T17:36:23.975-0600] {logging_mixin.py:188} INFO - [2024-02-24T17:36:23.975-0600] {dagbag.py:538} INFO - Filling up the DagBag from /Users/vamseekrishna/Desktop/F1_Data_Warehouse/f1datawarehouse/lib/python3.9/site-packages/airflow/example_dags/example_setup_teardown.py
[2024-02-24T17:36:23.979-0600] {processor.py:840} INFO - DAG(s) 'example_setup_teardown' retrieved from /Users/vamseekrishna/Desktop/F1_Data_Warehouse/f1datawarehouse/lib/python3.9/site-packages/airflow/example_dags/example_setup_teardown.py
[2024-02-24T17:36:24.028-0600] {logging_mixin.py:188} INFO - [2024-02-24T17:36:24.028-0600] {dag.py:3036} INFO - Sync 1 DAGs
[2024-02-24T17:36:24.037-0600] {logging_mixin.py:188} INFO - [2024-02-24T17:36:24.037-0600] {dag.py:3823} INFO - Setting next_dagrun for example_setup_teardown to 2024-02-23 00:00:00+00:00, run_after=2024-02-24 00:00:00+00:00
[2024-02-24T17:36:24.045-0600] {processor.py:183} INFO - Processing /Users/vamseekrishna/Desktop/F1_Data_Warehouse/f1datawarehouse/lib/python3.9/site-packages/airflow/example_dags/example_setup_teardown.py took 0.072 seconds
[2024-02-24T17:40:05.383-0600] {processor.py:161} INFO - Started process (PID=95465) to work on /Users/vamseekrishna/Desktop/F1_Data_Warehouse/f1datawarehouse/lib/python3.9/site-packages/airflow/example_dags/example_setup_teardown.py
[2024-02-24T17:40:05.385-0600] {processor.py:830} INFO - Processing file /Users/vamseekrishna/Desktop/F1_Data_Warehouse/f1datawarehouse/lib/python3.9/site-packages/airflow/example_dags/example_setup_teardown.py for tasks to queue
[2024-02-24T17:40:05.386-0600] {logging_mixin.py:188} INFO - [2024-02-24T17:40:05.386-0600] {dagbag.py:538} INFO - Filling up the DagBag from /Users/vamseekrishna/Desktop/F1_Data_Warehouse/f1datawarehouse/lib/python3.9/site-packages/airflow/example_dags/example_setup_teardown.py
[2024-02-24T17:40:05.389-0600] {processor.py:840} INFO - DAG(s) 'example_setup_teardown' retrieved from /Users/vamseekrishna/Desktop/F1_Data_Warehouse/f1datawarehouse/lib/python3.9/site-packages/airflow/example_dags/example_setup_teardown.py
[2024-02-24T17:40:05.436-0600] {logging_mixin.py:188} INFO - [2024-02-24T17:40:05.435-0600] {dag.py:3036} INFO - Sync 1 DAGs
[2024-02-24T17:40:05.444-0600] {logging_mixin.py:188} INFO - [2024-02-24T17:40:05.444-0600] {dag.py:3823} INFO - Setting next_dagrun for example_setup_teardown to 2024-02-23 00:00:00+00:00, run_after=2024-02-24 00:00:00+00:00
[2024-02-24T17:40:05.452-0600] {processor.py:183} INFO - Processing /Users/vamseekrishna/Desktop/F1_Data_Warehouse/f1datawarehouse/lib/python3.9/site-packages/airflow/example_dags/example_setup_teardown.py took 0.069 seconds
