[2024-02-24T11:48:15.920-0600] {processor.py:161} INFO - Started process (PID=75008) to work on /Users/vamseekrishna/Desktop/F1_Data_Warehouse/f1datawarehouse/lib/python3.9/site-packages/airflow/example_dags/example_latest_only_with_trigger.py
[2024-02-24T11:48:15.921-0600] {processor.py:830} INFO - Processing file /Users/vamseekrishna/Desktop/F1_Data_Warehouse/f1datawarehouse/lib/python3.9/site-packages/airflow/example_dags/example_latest_only_with_trigger.py for tasks to queue
[2024-02-24T11:48:15.922-0600] {logging_mixin.py:188} INFO - [2024-02-24T11:48:15.922-0600] {dagbag.py:538} INFO - Filling up the DagBag from /Users/vamseekrishna/Desktop/F1_Data_Warehouse/f1datawarehouse/lib/python3.9/site-packages/airflow/example_dags/example_latest_only_with_trigger.py
[2024-02-24T11:48:15.926-0600] {processor.py:840} INFO - DAG(s) 'latest_only_with_trigger' retrieved from /Users/vamseekrishna/Desktop/F1_Data_Warehouse/f1datawarehouse/lib/python3.9/site-packages/airflow/example_dags/example_latest_only_with_trigger.py
[2024-02-24T11:48:16.013-0600] {logging_mixin.py:188} INFO - [2024-02-24T11:48:16.013-0600] {override.py:1769} INFO - Created Permission View: can edit on DAG:latest_only_with_trigger
[2024-02-24T11:48:16.017-0600] {logging_mixin.py:188} INFO - [2024-02-24T11:48:16.017-0600] {override.py:1769} INFO - Created Permission View: can read on DAG:latest_only_with_trigger
[2024-02-24T11:48:16.019-0600] {logging_mixin.py:188} INFO - [2024-02-24T11:48:16.019-0600] {override.py:1769} INFO - Created Permission View: can delete on DAG:latest_only_with_trigger
[2024-02-24T11:48:16.019-0600] {logging_mixin.py:188} INFO - [2024-02-24T11:48:16.019-0600] {dag.py:3036} INFO - Sync 1 DAGs
[2024-02-24T11:48:16.023-0600] {logging_mixin.py:188} INFO - [2024-02-24T11:48:16.023-0600] {dag.py:3058} INFO - Creating ORM DAG for latest_only_with_trigger
[2024-02-24T11:48:16.028-0600] {logging_mixin.py:188} INFO - [2024-02-24T11:48:16.028-0600] {dag.py:3823} INFO - Setting next_dagrun for latest_only_with_trigger to 2024-02-24 12:00:00+00:00, run_after=2024-02-24 16:00:00+00:00
[2024-02-24T11:48:16.037-0600] {processor.py:183} INFO - Processing /Users/vamseekrishna/Desktop/F1_Data_Warehouse/f1datawarehouse/lib/python3.9/site-packages/airflow/example_dags/example_latest_only_with_trigger.py took 0.118 seconds
[2024-02-24T11:50:19.371-0600] {processor.py:161} INFO - Started process (PID=75242) to work on /Users/vamseekrishna/Desktop/F1_Data_Warehouse/f1datawarehouse/lib/python3.9/site-packages/airflow/example_dags/example_latest_only_with_trigger.py
[2024-02-24T11:50:19.373-0600] {processor.py:830} INFO - Processing file /Users/vamseekrishna/Desktop/F1_Data_Warehouse/f1datawarehouse/lib/python3.9/site-packages/airflow/example_dags/example_latest_only_with_trigger.py for tasks to queue
[2024-02-24T11:50:19.373-0600] {logging_mixin.py:188} INFO - [2024-02-24T11:50:19.373-0600] {dagbag.py:538} INFO - Filling up the DagBag from /Users/vamseekrishna/Desktop/F1_Data_Warehouse/f1datawarehouse/lib/python3.9/site-packages/airflow/example_dags/example_latest_only_with_trigger.py
[2024-02-24T11:50:19.378-0600] {processor.py:840} INFO - DAG(s) 'latest_only_with_trigger' retrieved from /Users/vamseekrishna/Desktop/F1_Data_Warehouse/f1datawarehouse/lib/python3.9/site-packages/airflow/example_dags/example_latest_only_with_trigger.py
[2024-02-24T11:50:19.442-0600] {logging_mixin.py:188} INFO - [2024-02-24T11:50:19.441-0600] {dag.py:3036} INFO - Sync 1 DAGs
[2024-02-24T11:50:19.452-0600] {logging_mixin.py:188} INFO - [2024-02-24T11:50:19.451-0600] {dag.py:3823} INFO - Setting next_dagrun for latest_only_with_trigger to 2024-02-24 12:00:00+00:00, run_after=2024-02-24 16:00:00+00:00
[2024-02-24T11:50:19.462-0600] {processor.py:183} INFO - Processing /Users/vamseekrishna/Desktop/F1_Data_Warehouse/f1datawarehouse/lib/python3.9/site-packages/airflow/example_dags/example_latest_only_with_trigger.py took 0.091 seconds
[2024-02-24T11:51:59.813-0600] {processor.py:161} INFO - Started process (PID=75380) to work on /Users/vamseekrishna/Desktop/F1_Data_Warehouse/f1datawarehouse/lib/python3.9/site-packages/airflow/example_dags/example_latest_only_with_trigger.py
[2024-02-24T11:51:59.815-0600] {processor.py:830} INFO - Processing file /Users/vamseekrishna/Desktop/F1_Data_Warehouse/f1datawarehouse/lib/python3.9/site-packages/airflow/example_dags/example_latest_only_with_trigger.py for tasks to queue
[2024-02-24T11:51:59.815-0600] {logging_mixin.py:188} INFO - [2024-02-24T11:51:59.815-0600] {dagbag.py:538} INFO - Filling up the DagBag from /Users/vamseekrishna/Desktop/F1_Data_Warehouse/f1datawarehouse/lib/python3.9/site-packages/airflow/example_dags/example_latest_only_with_trigger.py
[2024-02-24T11:51:59.818-0600] {processor.py:840} INFO - DAG(s) 'latest_only_with_trigger' retrieved from /Users/vamseekrishna/Desktop/F1_Data_Warehouse/f1datawarehouse/lib/python3.9/site-packages/airflow/example_dags/example_latest_only_with_trigger.py
[2024-02-24T11:51:59.868-0600] {logging_mixin.py:188} INFO - [2024-02-24T11:51:59.867-0600] {dag.py:3036} INFO - Sync 1 DAGs
[2024-02-24T11:51:59.877-0600] {logging_mixin.py:188} INFO - [2024-02-24T11:51:59.877-0600] {dag.py:3823} INFO - Setting next_dagrun for latest_only_with_trigger to 2024-02-24 12:00:00+00:00, run_after=2024-02-24 16:00:00+00:00
[2024-02-24T11:51:59.885-0600] {processor.py:183} INFO - Processing /Users/vamseekrishna/Desktop/F1_Data_Warehouse/f1datawarehouse/lib/python3.9/site-packages/airflow/example_dags/example_latest_only_with_trigger.py took 0.073 seconds
[2024-02-24T11:54:11.339-0600] {processor.py:161} INFO - Started process (PID=75519) to work on /Users/vamseekrishna/Desktop/F1_Data_Warehouse/f1datawarehouse/lib/python3.9/site-packages/airflow/example_dags/example_latest_only_with_trigger.py
[2024-02-24T11:54:11.341-0600] {processor.py:830} INFO - Processing file /Users/vamseekrishna/Desktop/F1_Data_Warehouse/f1datawarehouse/lib/python3.9/site-packages/airflow/example_dags/example_latest_only_with_trigger.py for tasks to queue
[2024-02-24T11:54:11.341-0600] {logging_mixin.py:188} INFO - [2024-02-24T11:54:11.341-0600] {dagbag.py:538} INFO - Filling up the DagBag from /Users/vamseekrishna/Desktop/F1_Data_Warehouse/f1datawarehouse/lib/python3.9/site-packages/airflow/example_dags/example_latest_only_with_trigger.py
[2024-02-24T11:54:11.345-0600] {processor.py:840} INFO - DAG(s) 'latest_only_with_trigger' retrieved from /Users/vamseekrishna/Desktop/F1_Data_Warehouse/f1datawarehouse/lib/python3.9/site-packages/airflow/example_dags/example_latest_only_with_trigger.py
[2024-02-24T11:54:11.392-0600] {logging_mixin.py:188} INFO - [2024-02-24T11:54:11.392-0600] {dag.py:3036} INFO - Sync 1 DAGs
[2024-02-24T11:54:11.403-0600] {logging_mixin.py:188} INFO - [2024-02-24T11:54:11.402-0600] {dag.py:3823} INFO - Setting next_dagrun for latest_only_with_trigger to 2024-02-24 12:00:00+00:00, run_after=2024-02-24 16:00:00+00:00
[2024-02-24T11:54:11.411-0600] {processor.py:183} INFO - Processing /Users/vamseekrishna/Desktop/F1_Data_Warehouse/f1datawarehouse/lib/python3.9/site-packages/airflow/example_dags/example_latest_only_with_trigger.py took 0.073 seconds
[2024-02-24T11:56:02.216-0600] {processor.py:161} INFO - Started process (PID=75610) to work on /Users/vamseekrishna/Desktop/F1_Data_Warehouse/f1datawarehouse/lib/python3.9/site-packages/airflow/example_dags/example_latest_only_with_trigger.py
[2024-02-24T11:56:02.218-0600] {processor.py:830} INFO - Processing file /Users/vamseekrishna/Desktop/F1_Data_Warehouse/f1datawarehouse/lib/python3.9/site-packages/airflow/example_dags/example_latest_only_with_trigger.py for tasks to queue
[2024-02-24T11:56:02.219-0600] {logging_mixin.py:188} INFO - [2024-02-24T11:56:02.218-0600] {dagbag.py:538} INFO - Filling up the DagBag from /Users/vamseekrishna/Desktop/F1_Data_Warehouse/f1datawarehouse/lib/python3.9/site-packages/airflow/example_dags/example_latest_only_with_trigger.py
[2024-02-24T11:56:02.223-0600] {processor.py:840} INFO - DAG(s) 'latest_only_with_trigger' retrieved from /Users/vamseekrishna/Desktop/F1_Data_Warehouse/f1datawarehouse/lib/python3.9/site-packages/airflow/example_dags/example_latest_only_with_trigger.py
[2024-02-24T11:56:02.270-0600] {logging_mixin.py:188} INFO - [2024-02-24T11:56:02.270-0600] {dag.py:3036} INFO - Sync 1 DAGs
[2024-02-24T11:56:02.280-0600] {logging_mixin.py:188} INFO - [2024-02-24T11:56:02.280-0600] {dag.py:3823} INFO - Setting next_dagrun for latest_only_with_trigger to 2024-02-24 12:00:00+00:00, run_after=2024-02-24 16:00:00+00:00
[2024-02-24T11:56:02.289-0600] {processor.py:183} INFO - Processing /Users/vamseekrishna/Desktop/F1_Data_Warehouse/f1datawarehouse/lib/python3.9/site-packages/airflow/example_dags/example_latest_only_with_trigger.py took 0.074 seconds
[2024-02-24T11:58:00.804-0600] {processor.py:161} INFO - Started process (PID=75703) to work on /Users/vamseekrishna/Desktop/F1_Data_Warehouse/f1datawarehouse/lib/python3.9/site-packages/airflow/example_dags/example_latest_only_with_trigger.py
[2024-02-24T11:58:00.806-0600] {processor.py:830} INFO - Processing file /Users/vamseekrishna/Desktop/F1_Data_Warehouse/f1datawarehouse/lib/python3.9/site-packages/airflow/example_dags/example_latest_only_with_trigger.py for tasks to queue
[2024-02-24T11:58:00.806-0600] {logging_mixin.py:188} INFO - [2024-02-24T11:58:00.806-0600] {dagbag.py:538} INFO - Filling up the DagBag from /Users/vamseekrishna/Desktop/F1_Data_Warehouse/f1datawarehouse/lib/python3.9/site-packages/airflow/example_dags/example_latest_only_with_trigger.py
[2024-02-24T11:58:00.810-0600] {processor.py:840} INFO - DAG(s) 'latest_only_with_trigger' retrieved from /Users/vamseekrishna/Desktop/F1_Data_Warehouse/f1datawarehouse/lib/python3.9/site-packages/airflow/example_dags/example_latest_only_with_trigger.py
[2024-02-24T11:58:00.858-0600] {logging_mixin.py:188} INFO - [2024-02-24T11:58:00.858-0600] {dag.py:3036} INFO - Sync 1 DAGs
[2024-02-24T11:58:00.869-0600] {logging_mixin.py:188} INFO - [2024-02-24T11:58:00.868-0600] {dag.py:3823} INFO - Setting next_dagrun for latest_only_with_trigger to 2024-02-24 12:00:00+00:00, run_after=2024-02-24 16:00:00+00:00
[2024-02-24T11:58:00.877-0600] {processor.py:183} INFO - Processing /Users/vamseekrishna/Desktop/F1_Data_Warehouse/f1datawarehouse/lib/python3.9/site-packages/airflow/example_dags/example_latest_only_with_trigger.py took 0.074 seconds
[2024-02-24T12:00:15.504-0600] {processor.py:161} INFO - Started process (PID=75921) to work on /Users/vamseekrishna/Desktop/F1_Data_Warehouse/f1datawarehouse/lib/python3.9/site-packages/airflow/example_dags/example_latest_only_with_trigger.py
[2024-02-24T12:00:15.506-0600] {processor.py:830} INFO - Processing file /Users/vamseekrishna/Desktop/F1_Data_Warehouse/f1datawarehouse/lib/python3.9/site-packages/airflow/example_dags/example_latest_only_with_trigger.py for tasks to queue
[2024-02-24T12:00:15.506-0600] {logging_mixin.py:188} INFO - [2024-02-24T12:00:15.506-0600] {dagbag.py:538} INFO - Filling up the DagBag from /Users/vamseekrishna/Desktop/F1_Data_Warehouse/f1datawarehouse/lib/python3.9/site-packages/airflow/example_dags/example_latest_only_with_trigger.py
[2024-02-24T12:00:15.510-0600] {processor.py:840} INFO - DAG(s) 'latest_only_with_trigger' retrieved from /Users/vamseekrishna/Desktop/F1_Data_Warehouse/f1datawarehouse/lib/python3.9/site-packages/airflow/example_dags/example_latest_only_with_trigger.py
[2024-02-24T12:00:15.562-0600] {logging_mixin.py:188} INFO - [2024-02-24T12:00:15.561-0600] {dag.py:3036} INFO - Sync 1 DAGs
[2024-02-24T12:00:15.571-0600] {logging_mixin.py:188} INFO - [2024-02-24T12:00:15.571-0600] {dag.py:3823} INFO - Setting next_dagrun for latest_only_with_trigger to 2024-02-24 12:00:00+00:00, run_after=2024-02-24 16:00:00+00:00
[2024-02-24T12:00:15.579-0600] {processor.py:183} INFO - Processing /Users/vamseekrishna/Desktop/F1_Data_Warehouse/f1datawarehouse/lib/python3.9/site-packages/airflow/example_dags/example_latest_only_with_trigger.py took 0.076 seconds
[2024-02-24T12:02:16.714-0600] {processor.py:161} INFO - Started process (PID=76044) to work on /Users/vamseekrishna/Desktop/F1_Data_Warehouse/f1datawarehouse/lib/python3.9/site-packages/airflow/example_dags/example_latest_only_with_trigger.py
[2024-02-24T12:02:16.716-0600] {processor.py:830} INFO - Processing file /Users/vamseekrishna/Desktop/F1_Data_Warehouse/f1datawarehouse/lib/python3.9/site-packages/airflow/example_dags/example_latest_only_with_trigger.py for tasks to queue
[2024-02-24T12:02:16.716-0600] {logging_mixin.py:188} INFO - [2024-02-24T12:02:16.716-0600] {dagbag.py:538} INFO - Filling up the DagBag from /Users/vamseekrishna/Desktop/F1_Data_Warehouse/f1datawarehouse/lib/python3.9/site-packages/airflow/example_dags/example_latest_only_with_trigger.py
[2024-02-24T12:02:16.721-0600] {processor.py:840} INFO - DAG(s) 'latest_only_with_trigger' retrieved from /Users/vamseekrishna/Desktop/F1_Data_Warehouse/f1datawarehouse/lib/python3.9/site-packages/airflow/example_dags/example_latest_only_with_trigger.py
[2024-02-24T12:02:16.769-0600] {logging_mixin.py:188} INFO - [2024-02-24T12:02:16.769-0600] {dag.py:3036} INFO - Sync 1 DAGs
[2024-02-24T12:02:16.778-0600] {logging_mixin.py:188} INFO - [2024-02-24T12:02:16.778-0600] {dag.py:3823} INFO - Setting next_dagrun for latest_only_with_trigger to 2024-02-24 12:00:00+00:00, run_after=2024-02-24 16:00:00+00:00
[2024-02-24T12:02:16.787-0600] {processor.py:183} INFO - Processing /Users/vamseekrishna/Desktop/F1_Data_Warehouse/f1datawarehouse/lib/python3.9/site-packages/airflow/example_dags/example_latest_only_with_trigger.py took 0.073 seconds
[2024-02-24T12:04:09.556-0600] {processor.py:161} INFO - Started process (PID=76176) to work on /Users/vamseekrishna/Desktop/F1_Data_Warehouse/f1datawarehouse/lib/python3.9/site-packages/airflow/example_dags/example_latest_only_with_trigger.py
[2024-02-24T12:04:09.557-0600] {processor.py:830} INFO - Processing file /Users/vamseekrishna/Desktop/F1_Data_Warehouse/f1datawarehouse/lib/python3.9/site-packages/airflow/example_dags/example_latest_only_with_trigger.py for tasks to queue
[2024-02-24T12:04:09.558-0600] {logging_mixin.py:188} INFO - [2024-02-24T12:04:09.558-0600] {dagbag.py:538} INFO - Filling up the DagBag from /Users/vamseekrishna/Desktop/F1_Data_Warehouse/f1datawarehouse/lib/python3.9/site-packages/airflow/example_dags/example_latest_only_with_trigger.py
[2024-02-24T12:04:09.562-0600] {processor.py:840} INFO - DAG(s) 'latest_only_with_trigger' retrieved from /Users/vamseekrishna/Desktop/F1_Data_Warehouse/f1datawarehouse/lib/python3.9/site-packages/airflow/example_dags/example_latest_only_with_trigger.py
[2024-02-24T12:04:09.609-0600] {logging_mixin.py:188} INFO - [2024-02-24T12:04:09.609-0600] {dag.py:3036} INFO - Sync 1 DAGs
[2024-02-24T12:04:09.618-0600] {logging_mixin.py:188} INFO - [2024-02-24T12:04:09.618-0600] {dag.py:3823} INFO - Setting next_dagrun for latest_only_with_trigger to 2024-02-24 12:00:00+00:00, run_after=2024-02-24 16:00:00+00:00
[2024-02-24T12:04:09.628-0600] {processor.py:183} INFO - Processing /Users/vamseekrishna/Desktop/F1_Data_Warehouse/f1datawarehouse/lib/python3.9/site-packages/airflow/example_dags/example_latest_only_with_trigger.py took 0.072 seconds
[2024-02-24T12:20:26.447-0600] {processor.py:161} INFO - Started process (PID=76271) to work on /Users/vamseekrishna/Desktop/F1_Data_Warehouse/f1datawarehouse/lib/python3.9/site-packages/airflow/example_dags/example_latest_only_with_trigger.py
[2024-02-24T12:20:26.449-0600] {processor.py:830} INFO - Processing file /Users/vamseekrishna/Desktop/F1_Data_Warehouse/f1datawarehouse/lib/python3.9/site-packages/airflow/example_dags/example_latest_only_with_trigger.py for tasks to queue
[2024-02-24T12:20:26.449-0600] {logging_mixin.py:188} INFO - [2024-02-24T12:20:26.449-0600] {dagbag.py:538} INFO - Filling up the DagBag from /Users/vamseekrishna/Desktop/F1_Data_Warehouse/f1datawarehouse/lib/python3.9/site-packages/airflow/example_dags/example_latest_only_with_trigger.py
[2024-02-24T12:20:26.453-0600] {processor.py:840} INFO - DAG(s) 'latest_only_with_trigger' retrieved from /Users/vamseekrishna/Desktop/F1_Data_Warehouse/f1datawarehouse/lib/python3.9/site-packages/airflow/example_dags/example_latest_only_with_trigger.py
[2024-02-24T12:20:26.502-0600] {logging_mixin.py:188} INFO - [2024-02-24T12:20:26.502-0600] {dag.py:3036} INFO - Sync 1 DAGs
[2024-02-24T12:20:26.511-0600] {logging_mixin.py:188} INFO - [2024-02-24T12:20:26.511-0600] {dag.py:3823} INFO - Setting next_dagrun for latest_only_with_trigger to 2024-02-24 12:00:00+00:00, run_after=2024-02-24 16:00:00+00:00
[2024-02-24T12:20:26.519-0600] {processor.py:183} INFO - Processing /Users/vamseekrishna/Desktop/F1_Data_Warehouse/f1datawarehouse/lib/python3.9/site-packages/airflow/example_dags/example_latest_only_with_trigger.py took 0.073 seconds
[2024-02-24T12:38:43.890-0600] {processor.py:161} INFO - Started process (PID=76420) to work on /Users/vamseekrishna/Desktop/F1_Data_Warehouse/f1datawarehouse/lib/python3.9/site-packages/airflow/example_dags/example_latest_only_with_trigger.py
[2024-02-24T12:38:43.892-0600] {processor.py:830} INFO - Processing file /Users/vamseekrishna/Desktop/F1_Data_Warehouse/f1datawarehouse/lib/python3.9/site-packages/airflow/example_dags/example_latest_only_with_trigger.py for tasks to queue
[2024-02-24T12:38:43.892-0600] {logging_mixin.py:188} INFO - [2024-02-24T12:38:43.892-0600] {dagbag.py:538} INFO - Filling up the DagBag from /Users/vamseekrishna/Desktop/F1_Data_Warehouse/f1datawarehouse/lib/python3.9/site-packages/airflow/example_dags/example_latest_only_with_trigger.py
[2024-02-24T12:38:43.896-0600] {processor.py:840} INFO - DAG(s) 'latest_only_with_trigger' retrieved from /Users/vamseekrishna/Desktop/F1_Data_Warehouse/f1datawarehouse/lib/python3.9/site-packages/airflow/example_dags/example_latest_only_with_trigger.py
[2024-02-24T12:38:43.948-0600] {logging_mixin.py:188} INFO - [2024-02-24T12:38:43.948-0600] {dag.py:3036} INFO - Sync 1 DAGs
[2024-02-24T12:38:43.958-0600] {logging_mixin.py:188} INFO - [2024-02-24T12:38:43.957-0600] {dag.py:3823} INFO - Setting next_dagrun for latest_only_with_trigger to 2024-02-24 12:00:00+00:00, run_after=2024-02-24 16:00:00+00:00
[2024-02-24T12:38:43.968-0600] {processor.py:183} INFO - Processing /Users/vamseekrishna/Desktop/F1_Data_Warehouse/f1datawarehouse/lib/python3.9/site-packages/airflow/example_dags/example_latest_only_with_trigger.py took 0.078 seconds
[2024-02-24T12:40:43.033-0600] {processor.py:161} INFO - Started process (PID=76542) to work on /Users/vamseekrishna/Desktop/F1_Data_Warehouse/f1datawarehouse/lib/python3.9/site-packages/airflow/example_dags/example_latest_only_with_trigger.py
[2024-02-24T12:40:43.035-0600] {processor.py:830} INFO - Processing file /Users/vamseekrishna/Desktop/F1_Data_Warehouse/f1datawarehouse/lib/python3.9/site-packages/airflow/example_dags/example_latest_only_with_trigger.py for tasks to queue
[2024-02-24T12:40:43.035-0600] {logging_mixin.py:188} INFO - [2024-02-24T12:40:43.035-0600] {dagbag.py:538} INFO - Filling up the DagBag from /Users/vamseekrishna/Desktop/F1_Data_Warehouse/f1datawarehouse/lib/python3.9/site-packages/airflow/example_dags/example_latest_only_with_trigger.py
[2024-02-24T12:40:43.039-0600] {processor.py:840} INFO - DAG(s) 'latest_only_with_trigger' retrieved from /Users/vamseekrishna/Desktop/F1_Data_Warehouse/f1datawarehouse/lib/python3.9/site-packages/airflow/example_dags/example_latest_only_with_trigger.py
[2024-02-24T12:40:43.090-0600] {logging_mixin.py:188} INFO - [2024-02-24T12:40:43.090-0600] {dag.py:3036} INFO - Sync 1 DAGs
[2024-02-24T12:40:43.102-0600] {logging_mixin.py:188} INFO - [2024-02-24T12:40:43.102-0600] {dag.py:3823} INFO - Setting next_dagrun for latest_only_with_trigger to 2024-02-24 12:00:00+00:00, run_after=2024-02-24 16:00:00+00:00
[2024-02-24T12:40:43.110-0600] {processor.py:183} INFO - Processing /Users/vamseekrishna/Desktop/F1_Data_Warehouse/f1datawarehouse/lib/python3.9/site-packages/airflow/example_dags/example_latest_only_with_trigger.py took 0.078 seconds
[2024-02-24T12:42:47.518-0600] {processor.py:161} INFO - Started process (PID=76648) to work on /Users/vamseekrishna/Desktop/F1_Data_Warehouse/f1datawarehouse/lib/python3.9/site-packages/airflow/example_dags/example_latest_only_with_trigger.py
[2024-02-24T12:42:47.521-0600] {processor.py:830} INFO - Processing file /Users/vamseekrishna/Desktop/F1_Data_Warehouse/f1datawarehouse/lib/python3.9/site-packages/airflow/example_dags/example_latest_only_with_trigger.py for tasks to queue
[2024-02-24T12:42:47.521-0600] {logging_mixin.py:188} INFO - [2024-02-24T12:42:47.521-0600] {dagbag.py:538} INFO - Filling up the DagBag from /Users/vamseekrishna/Desktop/F1_Data_Warehouse/f1datawarehouse/lib/python3.9/site-packages/airflow/example_dags/example_latest_only_with_trigger.py
[2024-02-24T12:42:47.527-0600] {processor.py:840} INFO - DAG(s) 'latest_only_with_trigger' retrieved from /Users/vamseekrishna/Desktop/F1_Data_Warehouse/f1datawarehouse/lib/python3.9/site-packages/airflow/example_dags/example_latest_only_with_trigger.py
[2024-02-24T12:42:47.576-0600] {logging_mixin.py:188} INFO - [2024-02-24T12:42:47.575-0600] {dag.py:3036} INFO - Sync 1 DAGs
[2024-02-24T12:42:47.585-0600] {logging_mixin.py:188} INFO - [2024-02-24T12:42:47.585-0600] {dag.py:3823} INFO - Setting next_dagrun for latest_only_with_trigger to 2024-02-24 12:00:00+00:00, run_after=2024-02-24 16:00:00+00:00
[2024-02-24T12:42:47.592-0600] {processor.py:183} INFO - Processing /Users/vamseekrishna/Desktop/F1_Data_Warehouse/f1datawarehouse/lib/python3.9/site-packages/airflow/example_dags/example_latest_only_with_trigger.py took 0.075 seconds
[2024-02-24T12:44:59.172-0600] {processor.py:161} INFO - Started process (PID=76899) to work on /Users/vamseekrishna/Desktop/F1_Data_Warehouse/f1datawarehouse/lib/python3.9/site-packages/airflow/example_dags/example_latest_only_with_trigger.py
[2024-02-24T12:44:59.174-0600] {processor.py:830} INFO - Processing file /Users/vamseekrishna/Desktop/F1_Data_Warehouse/f1datawarehouse/lib/python3.9/site-packages/airflow/example_dags/example_latest_only_with_trigger.py for tasks to queue
[2024-02-24T12:44:59.174-0600] {logging_mixin.py:188} INFO - [2024-02-24T12:44:59.174-0600] {dagbag.py:538} INFO - Filling up the DagBag from /Users/vamseekrishna/Desktop/F1_Data_Warehouse/f1datawarehouse/lib/python3.9/site-packages/airflow/example_dags/example_latest_only_with_trigger.py
[2024-02-24T12:44:59.178-0600] {processor.py:840} INFO - DAG(s) 'latest_only_with_trigger' retrieved from /Users/vamseekrishna/Desktop/F1_Data_Warehouse/f1datawarehouse/lib/python3.9/site-packages/airflow/example_dags/example_latest_only_with_trigger.py
[2024-02-24T12:44:59.230-0600] {logging_mixin.py:188} INFO - [2024-02-24T12:44:59.229-0600] {dag.py:3036} INFO - Sync 1 DAGs
[2024-02-24T12:44:59.240-0600] {logging_mixin.py:188} INFO - [2024-02-24T12:44:59.240-0600] {dag.py:3823} INFO - Setting next_dagrun for latest_only_with_trigger to 2024-02-24 12:00:00+00:00, run_after=2024-02-24 16:00:00+00:00
[2024-02-24T12:44:59.250-0600] {processor.py:183} INFO - Processing /Users/vamseekrishna/Desktop/F1_Data_Warehouse/f1datawarehouse/lib/python3.9/site-packages/airflow/example_dags/example_latest_only_with_trigger.py took 0.079 seconds
[2024-02-24T12:47:12.128-0600] {processor.py:161} INFO - Started process (PID=77025) to work on /Users/vamseekrishna/Desktop/F1_Data_Warehouse/f1datawarehouse/lib/python3.9/site-packages/airflow/example_dags/example_latest_only_with_trigger.py
[2024-02-24T12:47:12.130-0600] {processor.py:830} INFO - Processing file /Users/vamseekrishna/Desktop/F1_Data_Warehouse/f1datawarehouse/lib/python3.9/site-packages/airflow/example_dags/example_latest_only_with_trigger.py for tasks to queue
[2024-02-24T12:47:12.130-0600] {logging_mixin.py:188} INFO - [2024-02-24T12:47:12.130-0600] {dagbag.py:538} INFO - Filling up the DagBag from /Users/vamseekrishna/Desktop/F1_Data_Warehouse/f1datawarehouse/lib/python3.9/site-packages/airflow/example_dags/example_latest_only_with_trigger.py
[2024-02-24T12:47:12.135-0600] {processor.py:840} INFO - DAG(s) 'latest_only_with_trigger' retrieved from /Users/vamseekrishna/Desktop/F1_Data_Warehouse/f1datawarehouse/lib/python3.9/site-packages/airflow/example_dags/example_latest_only_with_trigger.py
[2024-02-24T12:47:12.185-0600] {logging_mixin.py:188} INFO - [2024-02-24T12:47:12.185-0600] {dag.py:3036} INFO - Sync 1 DAGs
[2024-02-24T12:47:12.195-0600] {logging_mixin.py:188} INFO - [2024-02-24T12:47:12.195-0600] {dag.py:3823} INFO - Setting next_dagrun for latest_only_with_trigger to 2024-02-24 12:00:00+00:00, run_after=2024-02-24 16:00:00+00:00
[2024-02-24T12:47:12.207-0600] {processor.py:183} INFO - Processing /Users/vamseekrishna/Desktop/F1_Data_Warehouse/f1datawarehouse/lib/python3.9/site-packages/airflow/example_dags/example_latest_only_with_trigger.py took 0.079 seconds
[2024-02-24T12:49:21.635-0600] {processor.py:161} INFO - Started process (PID=77134) to work on /Users/vamseekrishna/Desktop/F1_Data_Warehouse/f1datawarehouse/lib/python3.9/site-packages/airflow/example_dags/example_latest_only_with_trigger.py
[2024-02-24T12:49:21.637-0600] {processor.py:830} INFO - Processing file /Users/vamseekrishna/Desktop/F1_Data_Warehouse/f1datawarehouse/lib/python3.9/site-packages/airflow/example_dags/example_latest_only_with_trigger.py for tasks to queue
[2024-02-24T12:49:21.637-0600] {logging_mixin.py:188} INFO - [2024-02-24T12:49:21.637-0600] {dagbag.py:538} INFO - Filling up the DagBag from /Users/vamseekrishna/Desktop/F1_Data_Warehouse/f1datawarehouse/lib/python3.9/site-packages/airflow/example_dags/example_latest_only_with_trigger.py
[2024-02-24T12:49:21.641-0600] {processor.py:840} INFO - DAG(s) 'latest_only_with_trigger' retrieved from /Users/vamseekrishna/Desktop/F1_Data_Warehouse/f1datawarehouse/lib/python3.9/site-packages/airflow/example_dags/example_latest_only_with_trigger.py
[2024-02-24T12:49:21.692-0600] {logging_mixin.py:188} INFO - [2024-02-24T12:49:21.692-0600] {dag.py:3036} INFO - Sync 1 DAGs
[2024-02-24T12:49:21.702-0600] {logging_mixin.py:188} INFO - [2024-02-24T12:49:21.702-0600] {dag.py:3823} INFO - Setting next_dagrun for latest_only_with_trigger to 2024-02-24 12:00:00+00:00, run_after=2024-02-24 16:00:00+00:00
[2024-02-24T12:49:21.710-0600] {processor.py:183} INFO - Processing /Users/vamseekrishna/Desktop/F1_Data_Warehouse/f1datawarehouse/lib/python3.9/site-packages/airflow/example_dags/example_latest_only_with_trigger.py took 0.076 seconds
[2024-02-24T12:51:26.223-0600] {processor.py:161} INFO - Started process (PID=77232) to work on /Users/vamseekrishna/Desktop/F1_Data_Warehouse/f1datawarehouse/lib/python3.9/site-packages/airflow/example_dags/example_latest_only_with_trigger.py
[2024-02-24T12:51:26.225-0600] {processor.py:830} INFO - Processing file /Users/vamseekrishna/Desktop/F1_Data_Warehouse/f1datawarehouse/lib/python3.9/site-packages/airflow/example_dags/example_latest_only_with_trigger.py for tasks to queue
[2024-02-24T12:51:26.225-0600] {logging_mixin.py:188} INFO - [2024-02-24T12:51:26.225-0600] {dagbag.py:538} INFO - Filling up the DagBag from /Users/vamseekrishna/Desktop/F1_Data_Warehouse/f1datawarehouse/lib/python3.9/site-packages/airflow/example_dags/example_latest_only_with_trigger.py
[2024-02-24T12:51:26.229-0600] {processor.py:840} INFO - DAG(s) 'latest_only_with_trigger' retrieved from /Users/vamseekrishna/Desktop/F1_Data_Warehouse/f1datawarehouse/lib/python3.9/site-packages/airflow/example_dags/example_latest_only_with_trigger.py
[2024-02-24T12:51:26.280-0600] {logging_mixin.py:188} INFO - [2024-02-24T12:51:26.280-0600] {dag.py:3036} INFO - Sync 1 DAGs
[2024-02-24T12:51:26.291-0600] {logging_mixin.py:188} INFO - [2024-02-24T12:51:26.291-0600] {dag.py:3823} INFO - Setting next_dagrun for latest_only_with_trigger to 2024-02-24 12:00:00+00:00, run_after=2024-02-24 16:00:00+00:00
[2024-02-24T12:51:26.299-0600] {processor.py:183} INFO - Processing /Users/vamseekrishna/Desktop/F1_Data_Warehouse/f1datawarehouse/lib/python3.9/site-packages/airflow/example_dags/example_latest_only_with_trigger.py took 0.077 seconds
[2024-02-24T12:53:34.057-0600] {processor.py:161} INFO - Started process (PID=77341) to work on /Users/vamseekrishna/Desktop/F1_Data_Warehouse/f1datawarehouse/lib/python3.9/site-packages/airflow/example_dags/example_latest_only_with_trigger.py
[2024-02-24T12:53:34.059-0600] {processor.py:830} INFO - Processing file /Users/vamseekrishna/Desktop/F1_Data_Warehouse/f1datawarehouse/lib/python3.9/site-packages/airflow/example_dags/example_latest_only_with_trigger.py for tasks to queue
[2024-02-24T12:53:34.059-0600] {logging_mixin.py:188} INFO - [2024-02-24T12:53:34.059-0600] {dagbag.py:538} INFO - Filling up the DagBag from /Users/vamseekrishna/Desktop/F1_Data_Warehouse/f1datawarehouse/lib/python3.9/site-packages/airflow/example_dags/example_latest_only_with_trigger.py
[2024-02-24T12:53:34.064-0600] {processor.py:840} INFO - DAG(s) 'latest_only_with_trigger' retrieved from /Users/vamseekrishna/Desktop/F1_Data_Warehouse/f1datawarehouse/lib/python3.9/site-packages/airflow/example_dags/example_latest_only_with_trigger.py
[2024-02-24T12:53:34.122-0600] {logging_mixin.py:188} INFO - [2024-02-24T12:53:34.121-0600] {dag.py:3036} INFO - Sync 1 DAGs
[2024-02-24T12:53:34.132-0600] {logging_mixin.py:188} INFO - [2024-02-24T12:53:34.132-0600] {dag.py:3823} INFO - Setting next_dagrun for latest_only_with_trigger to 2024-02-24 12:00:00+00:00, run_after=2024-02-24 16:00:00+00:00
[2024-02-24T12:53:34.143-0600] {processor.py:183} INFO - Processing /Users/vamseekrishna/Desktop/F1_Data_Warehouse/f1datawarehouse/lib/python3.9/site-packages/airflow/example_dags/example_latest_only_with_trigger.py took 0.087 seconds
[2024-02-24T12:55:47.250-0600] {processor.py:161} INFO - Started process (PID=77450) to work on /Users/vamseekrishna/Desktop/F1_Data_Warehouse/f1datawarehouse/lib/python3.9/site-packages/airflow/example_dags/example_latest_only_with_trigger.py
[2024-02-24T12:55:47.252-0600] {processor.py:830} INFO - Processing file /Users/vamseekrishna/Desktop/F1_Data_Warehouse/f1datawarehouse/lib/python3.9/site-packages/airflow/example_dags/example_latest_only_with_trigger.py for tasks to queue
[2024-02-24T12:55:47.253-0600] {logging_mixin.py:188} INFO - [2024-02-24T12:55:47.252-0600] {dagbag.py:538} INFO - Filling up the DagBag from /Users/vamseekrishna/Desktop/F1_Data_Warehouse/f1datawarehouse/lib/python3.9/site-packages/airflow/example_dags/example_latest_only_with_trigger.py
[2024-02-24T12:55:47.261-0600] {processor.py:840} INFO - DAG(s) 'latest_only_with_trigger' retrieved from /Users/vamseekrishna/Desktop/F1_Data_Warehouse/f1datawarehouse/lib/python3.9/site-packages/airflow/example_dags/example_latest_only_with_trigger.py
[2024-02-24T12:55:47.315-0600] {logging_mixin.py:188} INFO - [2024-02-24T12:55:47.315-0600] {dag.py:3036} INFO - Sync 1 DAGs
[2024-02-24T12:55:47.326-0600] {logging_mixin.py:188} INFO - [2024-02-24T12:55:47.326-0600] {dag.py:3823} INFO - Setting next_dagrun for latest_only_with_trigger to 2024-02-24 12:00:00+00:00, run_after=2024-02-24 16:00:00+00:00
[2024-02-24T12:55:47.336-0600] {processor.py:183} INFO - Processing /Users/vamseekrishna/Desktop/F1_Data_Warehouse/f1datawarehouse/lib/python3.9/site-packages/airflow/example_dags/example_latest_only_with_trigger.py took 0.086 seconds
[2024-02-24T12:57:56.039-0600] {processor.py:161} INFO - Started process (PID=77553) to work on /Users/vamseekrishna/Desktop/F1_Data_Warehouse/f1datawarehouse/lib/python3.9/site-packages/airflow/example_dags/example_latest_only_with_trigger.py
[2024-02-24T12:57:56.044-0600] {processor.py:830} INFO - Processing file /Users/vamseekrishna/Desktop/F1_Data_Warehouse/f1datawarehouse/lib/python3.9/site-packages/airflow/example_dags/example_latest_only_with_trigger.py for tasks to queue
[2024-02-24T12:57:56.044-0600] {logging_mixin.py:188} INFO - [2024-02-24T12:57:56.044-0600] {dagbag.py:538} INFO - Filling up the DagBag from /Users/vamseekrishna/Desktop/F1_Data_Warehouse/f1datawarehouse/lib/python3.9/site-packages/airflow/example_dags/example_latest_only_with_trigger.py
[2024-02-24T12:57:56.050-0600] {processor.py:840} INFO - DAG(s) 'latest_only_with_trigger' retrieved from /Users/vamseekrishna/Desktop/F1_Data_Warehouse/f1datawarehouse/lib/python3.9/site-packages/airflow/example_dags/example_latest_only_with_trigger.py
[2024-02-24T12:57:56.104-0600] {logging_mixin.py:188} INFO - [2024-02-24T12:57:56.104-0600] {dag.py:3036} INFO - Sync 1 DAGs
[2024-02-24T12:57:56.114-0600] {logging_mixin.py:188} INFO - [2024-02-24T12:57:56.114-0600] {dag.py:3823} INFO - Setting next_dagrun for latest_only_with_trigger to 2024-02-24 12:00:00+00:00, run_after=2024-02-24 16:00:00+00:00
[2024-02-24T12:57:56.122-0600] {processor.py:183} INFO - Processing /Users/vamseekrishna/Desktop/F1_Data_Warehouse/f1datawarehouse/lib/python3.9/site-packages/airflow/example_dags/example_latest_only_with_trigger.py took 0.084 seconds
[2024-02-24T13:00:03.247-0600] {processor.py:161} INFO - Started process (PID=77670) to work on /Users/vamseekrishna/Desktop/F1_Data_Warehouse/f1datawarehouse/lib/python3.9/site-packages/airflow/example_dags/example_latest_only_with_trigger.py
[2024-02-24T13:00:03.249-0600] {processor.py:830} INFO - Processing file /Users/vamseekrishna/Desktop/F1_Data_Warehouse/f1datawarehouse/lib/python3.9/site-packages/airflow/example_dags/example_latest_only_with_trigger.py for tasks to queue
[2024-02-24T13:00:03.250-0600] {logging_mixin.py:188} INFO - [2024-02-24T13:00:03.250-0600] {dagbag.py:538} INFO - Filling up the DagBag from /Users/vamseekrishna/Desktop/F1_Data_Warehouse/f1datawarehouse/lib/python3.9/site-packages/airflow/example_dags/example_latest_only_with_trigger.py
[2024-02-24T13:00:03.254-0600] {processor.py:840} INFO - DAG(s) 'latest_only_with_trigger' retrieved from /Users/vamseekrishna/Desktop/F1_Data_Warehouse/f1datawarehouse/lib/python3.9/site-packages/airflow/example_dags/example_latest_only_with_trigger.py
[2024-02-24T13:00:03.311-0600] {logging_mixin.py:188} INFO - [2024-02-24T13:00:03.311-0600] {dag.py:3036} INFO - Sync 1 DAGs
[2024-02-24T13:00:03.322-0600] {logging_mixin.py:188} INFO - [2024-02-24T13:00:03.321-0600] {dag.py:3823} INFO - Setting next_dagrun for latest_only_with_trigger to 2024-02-24 12:00:00+00:00, run_after=2024-02-24 16:00:00+00:00
[2024-02-24T13:00:03.330-0600] {processor.py:183} INFO - Processing /Users/vamseekrishna/Desktop/F1_Data_Warehouse/f1datawarehouse/lib/python3.9/site-packages/airflow/example_dags/example_latest_only_with_trigger.py took 0.083 seconds
[2024-02-24T13:02:06.669-0600] {processor.py:161} INFO - Started process (PID=77828) to work on /Users/vamseekrishna/Desktop/F1_Data_Warehouse/f1datawarehouse/lib/python3.9/site-packages/airflow/example_dags/example_latest_only_with_trigger.py
[2024-02-24T13:02:06.671-0600] {processor.py:830} INFO - Processing file /Users/vamseekrishna/Desktop/F1_Data_Warehouse/f1datawarehouse/lib/python3.9/site-packages/airflow/example_dags/example_latest_only_with_trigger.py for tasks to queue
[2024-02-24T13:02:06.672-0600] {logging_mixin.py:188} INFO - [2024-02-24T13:02:06.671-0600] {dagbag.py:538} INFO - Filling up the DagBag from /Users/vamseekrishna/Desktop/F1_Data_Warehouse/f1datawarehouse/lib/python3.9/site-packages/airflow/example_dags/example_latest_only_with_trigger.py
[2024-02-24T13:02:06.675-0600] {processor.py:840} INFO - DAG(s) 'latest_only_with_trigger' retrieved from /Users/vamseekrishna/Desktop/F1_Data_Warehouse/f1datawarehouse/lib/python3.9/site-packages/airflow/example_dags/example_latest_only_with_trigger.py
[2024-02-24T13:02:06.719-0600] {logging_mixin.py:188} INFO - [2024-02-24T13:02:06.719-0600] {dag.py:3036} INFO - Sync 1 DAGs
[2024-02-24T13:02:06.728-0600] {logging_mixin.py:188} INFO - [2024-02-24T13:02:06.728-0600] {dag.py:3823} INFO - Setting next_dagrun for latest_only_with_trigger to 2024-02-24 12:00:00+00:00, run_after=2024-02-24 16:00:00+00:00
[2024-02-24T13:02:06.735-0600] {processor.py:183} INFO - Processing /Users/vamseekrishna/Desktop/F1_Data_Warehouse/f1datawarehouse/lib/python3.9/site-packages/airflow/example_dags/example_latest_only_with_trigger.py took 0.066 seconds
[2024-02-24T13:04:03.442-0600] {processor.py:161} INFO - Started process (PID=77920) to work on /Users/vamseekrishna/Desktop/F1_Data_Warehouse/f1datawarehouse/lib/python3.9/site-packages/airflow/example_dags/example_latest_only_with_trigger.py
[2024-02-24T13:04:03.443-0600] {processor.py:830} INFO - Processing file /Users/vamseekrishna/Desktop/F1_Data_Warehouse/f1datawarehouse/lib/python3.9/site-packages/airflow/example_dags/example_latest_only_with_trigger.py for tasks to queue
[2024-02-24T13:04:03.444-0600] {logging_mixin.py:188} INFO - [2024-02-24T13:04:03.444-0600] {dagbag.py:538} INFO - Filling up the DagBag from /Users/vamseekrishna/Desktop/F1_Data_Warehouse/f1datawarehouse/lib/python3.9/site-packages/airflow/example_dags/example_latest_only_with_trigger.py
[2024-02-24T13:04:03.447-0600] {processor.py:840} INFO - DAG(s) 'latest_only_with_trigger' retrieved from /Users/vamseekrishna/Desktop/F1_Data_Warehouse/f1datawarehouse/lib/python3.9/site-packages/airflow/example_dags/example_latest_only_with_trigger.py
[2024-02-24T13:04:03.491-0600] {logging_mixin.py:188} INFO - [2024-02-24T13:04:03.491-0600] {dag.py:3036} INFO - Sync 1 DAGs
[2024-02-24T13:04:03.499-0600] {logging_mixin.py:188} INFO - [2024-02-24T13:04:03.499-0600] {dag.py:3823} INFO - Setting next_dagrun for latest_only_with_trigger to 2024-02-24 12:00:00+00:00, run_after=2024-02-24 16:00:00+00:00
[2024-02-24T13:04:03.506-0600] {processor.py:183} INFO - Processing /Users/vamseekrishna/Desktop/F1_Data_Warehouse/f1datawarehouse/lib/python3.9/site-packages/airflow/example_dags/example_latest_only_with_trigger.py took 0.065 seconds
[2024-02-24T13:05:52.652-0600] {processor.py:161} INFO - Started process (PID=78003) to work on /Users/vamseekrishna/Desktop/F1_Data_Warehouse/f1datawarehouse/lib/python3.9/site-packages/airflow/example_dags/example_latest_only_with_trigger.py
[2024-02-24T13:05:52.654-0600] {processor.py:830} INFO - Processing file /Users/vamseekrishna/Desktop/F1_Data_Warehouse/f1datawarehouse/lib/python3.9/site-packages/airflow/example_dags/example_latest_only_with_trigger.py for tasks to queue
[2024-02-24T13:05:52.654-0600] {logging_mixin.py:188} INFO - [2024-02-24T13:05:52.654-0600] {dagbag.py:538} INFO - Filling up the DagBag from /Users/vamseekrishna/Desktop/F1_Data_Warehouse/f1datawarehouse/lib/python3.9/site-packages/airflow/example_dags/example_latest_only_with_trigger.py
[2024-02-24T13:05:52.658-0600] {processor.py:840} INFO - DAG(s) 'latest_only_with_trigger' retrieved from /Users/vamseekrishna/Desktop/F1_Data_Warehouse/f1datawarehouse/lib/python3.9/site-packages/airflow/example_dags/example_latest_only_with_trigger.py
[2024-02-24T13:05:52.701-0600] {logging_mixin.py:188} INFO - [2024-02-24T13:05:52.701-0600] {dag.py:3036} INFO - Sync 1 DAGs
[2024-02-24T13:05:52.710-0600] {logging_mixin.py:188} INFO - [2024-02-24T13:05:52.710-0600] {dag.py:3823} INFO - Setting next_dagrun for latest_only_with_trigger to 2024-02-24 12:00:00+00:00, run_after=2024-02-24 16:00:00+00:00
[2024-02-24T13:05:52.717-0600] {processor.py:183} INFO - Processing /Users/vamseekrishna/Desktop/F1_Data_Warehouse/f1datawarehouse/lib/python3.9/site-packages/airflow/example_dags/example_latest_only_with_trigger.py took 0.065 seconds
[2024-02-24T13:07:45.879-0600] {processor.py:161} INFO - Started process (PID=78089) to work on /Users/vamseekrishna/Desktop/F1_Data_Warehouse/f1datawarehouse/lib/python3.9/site-packages/airflow/example_dags/example_latest_only_with_trigger.py
[2024-02-24T13:07:45.880-0600] {processor.py:830} INFO - Processing file /Users/vamseekrishna/Desktop/F1_Data_Warehouse/f1datawarehouse/lib/python3.9/site-packages/airflow/example_dags/example_latest_only_with_trigger.py for tasks to queue
[2024-02-24T13:07:45.881-0600] {logging_mixin.py:188} INFO - [2024-02-24T13:07:45.881-0600] {dagbag.py:538} INFO - Filling up the DagBag from /Users/vamseekrishna/Desktop/F1_Data_Warehouse/f1datawarehouse/lib/python3.9/site-packages/airflow/example_dags/example_latest_only_with_trigger.py
[2024-02-24T13:07:45.884-0600] {processor.py:840} INFO - DAG(s) 'latest_only_with_trigger' retrieved from /Users/vamseekrishna/Desktop/F1_Data_Warehouse/f1datawarehouse/lib/python3.9/site-packages/airflow/example_dags/example_latest_only_with_trigger.py
[2024-02-24T13:07:45.927-0600] {logging_mixin.py:188} INFO - [2024-02-24T13:07:45.927-0600] {dag.py:3036} INFO - Sync 1 DAGs
[2024-02-24T13:07:45.936-0600] {logging_mixin.py:188} INFO - [2024-02-24T13:07:45.936-0600] {dag.py:3823} INFO - Setting next_dagrun for latest_only_with_trigger to 2024-02-24 12:00:00+00:00, run_after=2024-02-24 16:00:00+00:00
[2024-02-24T13:07:45.943-0600] {processor.py:183} INFO - Processing /Users/vamseekrishna/Desktop/F1_Data_Warehouse/f1datawarehouse/lib/python3.9/site-packages/airflow/example_dags/example_latest_only_with_trigger.py took 0.065 seconds
[2024-02-24T13:09:38.658-0600] {processor.py:161} INFO - Started process (PID=78179) to work on /Users/vamseekrishna/Desktop/F1_Data_Warehouse/f1datawarehouse/lib/python3.9/site-packages/airflow/example_dags/example_latest_only_with_trigger.py
[2024-02-24T13:09:38.660-0600] {processor.py:830} INFO - Processing file /Users/vamseekrishna/Desktop/F1_Data_Warehouse/f1datawarehouse/lib/python3.9/site-packages/airflow/example_dags/example_latest_only_with_trigger.py for tasks to queue
[2024-02-24T13:09:38.660-0600] {logging_mixin.py:188} INFO - [2024-02-24T13:09:38.660-0600] {dagbag.py:538} INFO - Filling up the DagBag from /Users/vamseekrishna/Desktop/F1_Data_Warehouse/f1datawarehouse/lib/python3.9/site-packages/airflow/example_dags/example_latest_only_with_trigger.py
[2024-02-24T13:09:38.663-0600] {processor.py:840} INFO - DAG(s) 'latest_only_with_trigger' retrieved from /Users/vamseekrishna/Desktop/F1_Data_Warehouse/f1datawarehouse/lib/python3.9/site-packages/airflow/example_dags/example_latest_only_with_trigger.py
[2024-02-24T13:09:38.709-0600] {logging_mixin.py:188} INFO - [2024-02-24T13:09:38.709-0600] {dag.py:3036} INFO - Sync 1 DAGs
[2024-02-24T13:09:38.717-0600] {logging_mixin.py:188} INFO - [2024-02-24T13:09:38.717-0600] {dag.py:3823} INFO - Setting next_dagrun for latest_only_with_trigger to 2024-02-24 12:00:00+00:00, run_after=2024-02-24 16:00:00+00:00
[2024-02-24T13:09:38.724-0600] {processor.py:183} INFO - Processing /Users/vamseekrishna/Desktop/F1_Data_Warehouse/f1datawarehouse/lib/python3.9/site-packages/airflow/example_dags/example_latest_only_with_trigger.py took 0.067 seconds
[2024-02-24T13:11:28.767-0600] {processor.py:161} INFO - Started process (PID=78260) to work on /Users/vamseekrishna/Desktop/F1_Data_Warehouse/f1datawarehouse/lib/python3.9/site-packages/airflow/example_dags/example_latest_only_with_trigger.py
[2024-02-24T13:11:28.769-0600] {processor.py:830} INFO - Processing file /Users/vamseekrishna/Desktop/F1_Data_Warehouse/f1datawarehouse/lib/python3.9/site-packages/airflow/example_dags/example_latest_only_with_trigger.py for tasks to queue
[2024-02-24T13:11:28.769-0600] {logging_mixin.py:188} INFO - [2024-02-24T13:11:28.769-0600] {dagbag.py:538} INFO - Filling up the DagBag from /Users/vamseekrishna/Desktop/F1_Data_Warehouse/f1datawarehouse/lib/python3.9/site-packages/airflow/example_dags/example_latest_only_with_trigger.py
[2024-02-24T13:11:28.772-0600] {processor.py:840} INFO - DAG(s) 'latest_only_with_trigger' retrieved from /Users/vamseekrishna/Desktop/F1_Data_Warehouse/f1datawarehouse/lib/python3.9/site-packages/airflow/example_dags/example_latest_only_with_trigger.py
[2024-02-24T13:11:28.817-0600] {logging_mixin.py:188} INFO - [2024-02-24T13:11:28.817-0600] {dag.py:3036} INFO - Sync 1 DAGs
[2024-02-24T13:11:28.826-0600] {logging_mixin.py:188} INFO - [2024-02-24T13:11:28.825-0600] {dag.py:3823} INFO - Setting next_dagrun for latest_only_with_trigger to 2024-02-24 12:00:00+00:00, run_after=2024-02-24 16:00:00+00:00
[2024-02-24T13:11:28.833-0600] {processor.py:183} INFO - Processing /Users/vamseekrishna/Desktop/F1_Data_Warehouse/f1datawarehouse/lib/python3.9/site-packages/airflow/example_dags/example_latest_only_with_trigger.py took 0.066 seconds
[2024-02-24T13:13:16.303-0600] {processor.py:161} INFO - Started process (PID=78347) to work on /Users/vamseekrishna/Desktop/F1_Data_Warehouse/f1datawarehouse/lib/python3.9/site-packages/airflow/example_dags/example_latest_only_with_trigger.py
[2024-02-24T13:13:16.305-0600] {processor.py:830} INFO - Processing file /Users/vamseekrishna/Desktop/F1_Data_Warehouse/f1datawarehouse/lib/python3.9/site-packages/airflow/example_dags/example_latest_only_with_trigger.py for tasks to queue
[2024-02-24T13:13:16.306-0600] {logging_mixin.py:188} INFO - [2024-02-24T13:13:16.305-0600] {dagbag.py:538} INFO - Filling up the DagBag from /Users/vamseekrishna/Desktop/F1_Data_Warehouse/f1datawarehouse/lib/python3.9/site-packages/airflow/example_dags/example_latest_only_with_trigger.py
[2024-02-24T13:13:16.309-0600] {processor.py:840} INFO - DAG(s) 'latest_only_with_trigger' retrieved from /Users/vamseekrishna/Desktop/F1_Data_Warehouse/f1datawarehouse/lib/python3.9/site-packages/airflow/example_dags/example_latest_only_with_trigger.py
[2024-02-24T13:13:16.354-0600] {logging_mixin.py:188} INFO - [2024-02-24T13:13:16.354-0600] {dag.py:3036} INFO - Sync 1 DAGs
[2024-02-24T13:13:16.362-0600] {logging_mixin.py:188} INFO - [2024-02-24T13:13:16.362-0600] {dag.py:3823} INFO - Setting next_dagrun for latest_only_with_trigger to 2024-02-24 12:00:00+00:00, run_after=2024-02-24 16:00:00+00:00
[2024-02-24T13:13:16.369-0600] {processor.py:183} INFO - Processing /Users/vamseekrishna/Desktop/F1_Data_Warehouse/f1datawarehouse/lib/python3.9/site-packages/airflow/example_dags/example_latest_only_with_trigger.py took 0.066 seconds
[2024-02-24T13:15:05.824-0600] {processor.py:161} INFO - Started process (PID=78434) to work on /Users/vamseekrishna/Desktop/F1_Data_Warehouse/f1datawarehouse/lib/python3.9/site-packages/airflow/example_dags/example_latest_only_with_trigger.py
[2024-02-24T13:15:05.826-0600] {processor.py:830} INFO - Processing file /Users/vamseekrishna/Desktop/F1_Data_Warehouse/f1datawarehouse/lib/python3.9/site-packages/airflow/example_dags/example_latest_only_with_trigger.py for tasks to queue
[2024-02-24T13:15:05.827-0600] {logging_mixin.py:188} INFO - [2024-02-24T13:15:05.827-0600] {dagbag.py:538} INFO - Filling up the DagBag from /Users/vamseekrishna/Desktop/F1_Data_Warehouse/f1datawarehouse/lib/python3.9/site-packages/airflow/example_dags/example_latest_only_with_trigger.py
[2024-02-24T13:15:05.830-0600] {processor.py:840} INFO - DAG(s) 'latest_only_with_trigger' retrieved from /Users/vamseekrishna/Desktop/F1_Data_Warehouse/f1datawarehouse/lib/python3.9/site-packages/airflow/example_dags/example_latest_only_with_trigger.py
[2024-02-24T13:15:05.874-0600] {logging_mixin.py:188} INFO - [2024-02-24T13:15:05.874-0600] {dag.py:3036} INFO - Sync 1 DAGs
[2024-02-24T13:15:05.882-0600] {logging_mixin.py:188} INFO - [2024-02-24T13:15:05.882-0600] {dag.py:3823} INFO - Setting next_dagrun for latest_only_with_trigger to 2024-02-24 12:00:00+00:00, run_after=2024-02-24 16:00:00+00:00
[2024-02-24T13:15:05.890-0600] {processor.py:183} INFO - Processing /Users/vamseekrishna/Desktop/F1_Data_Warehouse/f1datawarehouse/lib/python3.9/site-packages/airflow/example_dags/example_latest_only_with_trigger.py took 0.066 seconds
[2024-02-24T13:16:58.141-0600] {processor.py:161} INFO - Started process (PID=78539) to work on /Users/vamseekrishna/Desktop/F1_Data_Warehouse/f1datawarehouse/lib/python3.9/site-packages/airflow/example_dags/example_latest_only_with_trigger.py
[2024-02-24T13:16:58.143-0600] {processor.py:830} INFO - Processing file /Users/vamseekrishna/Desktop/F1_Data_Warehouse/f1datawarehouse/lib/python3.9/site-packages/airflow/example_dags/example_latest_only_with_trigger.py for tasks to queue
[2024-02-24T13:16:58.143-0600] {logging_mixin.py:188} INFO - [2024-02-24T13:16:58.143-0600] {dagbag.py:538} INFO - Filling up the DagBag from /Users/vamseekrishna/Desktop/F1_Data_Warehouse/f1datawarehouse/lib/python3.9/site-packages/airflow/example_dags/example_latest_only_with_trigger.py
[2024-02-24T13:16:58.146-0600] {processor.py:840} INFO - DAG(s) 'latest_only_with_trigger' retrieved from /Users/vamseekrishna/Desktop/F1_Data_Warehouse/f1datawarehouse/lib/python3.9/site-packages/airflow/example_dags/example_latest_only_with_trigger.py
[2024-02-24T13:16:58.190-0600] {logging_mixin.py:188} INFO - [2024-02-24T13:16:58.189-0600] {dag.py:3036} INFO - Sync 1 DAGs
[2024-02-24T13:16:58.198-0600] {logging_mixin.py:188} INFO - [2024-02-24T13:16:58.198-0600] {dag.py:3823} INFO - Setting next_dagrun for latest_only_with_trigger to 2024-02-24 12:00:00+00:00, run_after=2024-02-24 16:00:00+00:00
[2024-02-24T13:16:58.205-0600] {processor.py:183} INFO - Processing /Users/vamseekrishna/Desktop/F1_Data_Warehouse/f1datawarehouse/lib/python3.9/site-packages/airflow/example_dags/example_latest_only_with_trigger.py took 0.064 seconds
[2024-02-24T13:18:51.090-0600] {processor.py:161} INFO - Started process (PID=78629) to work on /Users/vamseekrishna/Desktop/F1_Data_Warehouse/f1datawarehouse/lib/python3.9/site-packages/airflow/example_dags/example_latest_only_with_trigger.py
[2024-02-24T13:18:51.092-0600] {processor.py:830} INFO - Processing file /Users/vamseekrishna/Desktop/F1_Data_Warehouse/f1datawarehouse/lib/python3.9/site-packages/airflow/example_dags/example_latest_only_with_trigger.py for tasks to queue
[2024-02-24T13:18:51.092-0600] {logging_mixin.py:188} INFO - [2024-02-24T13:18:51.092-0600] {dagbag.py:538} INFO - Filling up the DagBag from /Users/vamseekrishna/Desktop/F1_Data_Warehouse/f1datawarehouse/lib/python3.9/site-packages/airflow/example_dags/example_latest_only_with_trigger.py
[2024-02-24T13:18:51.095-0600] {processor.py:840} INFO - DAG(s) 'latest_only_with_trigger' retrieved from /Users/vamseekrishna/Desktop/F1_Data_Warehouse/f1datawarehouse/lib/python3.9/site-packages/airflow/example_dags/example_latest_only_with_trigger.py
[2024-02-24T13:18:51.139-0600] {logging_mixin.py:188} INFO - [2024-02-24T13:18:51.139-0600] {dag.py:3036} INFO - Sync 1 DAGs
[2024-02-24T13:18:51.148-0600] {logging_mixin.py:188} INFO - [2024-02-24T13:18:51.148-0600] {dag.py:3823} INFO - Setting next_dagrun for latest_only_with_trigger to 2024-02-24 12:00:00+00:00, run_after=2024-02-24 16:00:00+00:00
[2024-02-24T13:18:51.155-0600] {processor.py:183} INFO - Processing /Users/vamseekrishna/Desktop/F1_Data_Warehouse/f1datawarehouse/lib/python3.9/site-packages/airflow/example_dags/example_latest_only_with_trigger.py took 0.065 seconds
[2024-02-24T13:20:39.788-0600] {processor.py:161} INFO - Started process (PID=78713) to work on /Users/vamseekrishna/Desktop/F1_Data_Warehouse/f1datawarehouse/lib/python3.9/site-packages/airflow/example_dags/example_latest_only_with_trigger.py
[2024-02-24T13:20:39.790-0600] {processor.py:830} INFO - Processing file /Users/vamseekrishna/Desktop/F1_Data_Warehouse/f1datawarehouse/lib/python3.9/site-packages/airflow/example_dags/example_latest_only_with_trigger.py for tasks to queue
[2024-02-24T13:20:39.790-0600] {logging_mixin.py:188} INFO - [2024-02-24T13:20:39.790-0600] {dagbag.py:538} INFO - Filling up the DagBag from /Users/vamseekrishna/Desktop/F1_Data_Warehouse/f1datawarehouse/lib/python3.9/site-packages/airflow/example_dags/example_latest_only_with_trigger.py
[2024-02-24T13:20:39.794-0600] {processor.py:840} INFO - DAG(s) 'latest_only_with_trigger' retrieved from /Users/vamseekrishna/Desktop/F1_Data_Warehouse/f1datawarehouse/lib/python3.9/site-packages/airflow/example_dags/example_latest_only_with_trigger.py
[2024-02-24T13:20:39.839-0600] {logging_mixin.py:188} INFO - [2024-02-24T13:20:39.839-0600] {dag.py:3036} INFO - Sync 1 DAGs
[2024-02-24T13:20:39.847-0600] {logging_mixin.py:188} INFO - [2024-02-24T13:20:39.847-0600] {dag.py:3823} INFO - Setting next_dagrun for latest_only_with_trigger to 2024-02-24 12:00:00+00:00, run_after=2024-02-24 16:00:00+00:00
[2024-02-24T13:20:39.854-0600] {processor.py:183} INFO - Processing /Users/vamseekrishna/Desktop/F1_Data_Warehouse/f1datawarehouse/lib/python3.9/site-packages/airflow/example_dags/example_latest_only_with_trigger.py took 0.066 seconds
[2024-02-24T13:22:29.659-0600] {processor.py:161} INFO - Started process (PID=78811) to work on /Users/vamseekrishna/Desktop/F1_Data_Warehouse/f1datawarehouse/lib/python3.9/site-packages/airflow/example_dags/example_latest_only_with_trigger.py
[2024-02-24T13:22:29.661-0600] {processor.py:830} INFO - Processing file /Users/vamseekrishna/Desktop/F1_Data_Warehouse/f1datawarehouse/lib/python3.9/site-packages/airflow/example_dags/example_latest_only_with_trigger.py for tasks to queue
[2024-02-24T13:22:29.661-0600] {logging_mixin.py:188} INFO - [2024-02-24T13:22:29.661-0600] {dagbag.py:538} INFO - Filling up the DagBag from /Users/vamseekrishna/Desktop/F1_Data_Warehouse/f1datawarehouse/lib/python3.9/site-packages/airflow/example_dags/example_latest_only_with_trigger.py
[2024-02-24T13:22:29.665-0600] {processor.py:840} INFO - DAG(s) 'latest_only_with_trigger' retrieved from /Users/vamseekrishna/Desktop/F1_Data_Warehouse/f1datawarehouse/lib/python3.9/site-packages/airflow/example_dags/example_latest_only_with_trigger.py
[2024-02-24T13:22:29.721-0600] {logging_mixin.py:188} INFO - [2024-02-24T13:22:29.720-0600] {dag.py:3036} INFO - Sync 1 DAGs
[2024-02-24T13:22:29.730-0600] {logging_mixin.py:188} INFO - [2024-02-24T13:22:29.730-0600] {dag.py:3823} INFO - Setting next_dagrun for latest_only_with_trigger to 2024-02-24 12:00:00+00:00, run_after=2024-02-24 16:00:00+00:00
[2024-02-24T13:22:29.738-0600] {processor.py:183} INFO - Processing /Users/vamseekrishna/Desktop/F1_Data_Warehouse/f1datawarehouse/lib/python3.9/site-packages/airflow/example_dags/example_latest_only_with_trigger.py took 0.079 seconds
[2024-02-24T13:24:26.649-0600] {processor.py:161} INFO - Started process (PID=78927) to work on /Users/vamseekrishna/Desktop/F1_Data_Warehouse/f1datawarehouse/lib/python3.9/site-packages/airflow/example_dags/example_latest_only_with_trigger.py
[2024-02-24T13:24:26.651-0600] {processor.py:830} INFO - Processing file /Users/vamseekrishna/Desktop/F1_Data_Warehouse/f1datawarehouse/lib/python3.9/site-packages/airflow/example_dags/example_latest_only_with_trigger.py for tasks to queue
[2024-02-24T13:24:26.651-0600] {logging_mixin.py:188} INFO - [2024-02-24T13:24:26.651-0600] {dagbag.py:538} INFO - Filling up the DagBag from /Users/vamseekrishna/Desktop/F1_Data_Warehouse/f1datawarehouse/lib/python3.9/site-packages/airflow/example_dags/example_latest_only_with_trigger.py
[2024-02-24T13:24:26.654-0600] {processor.py:840} INFO - DAG(s) 'latest_only_with_trigger' retrieved from /Users/vamseekrishna/Desktop/F1_Data_Warehouse/f1datawarehouse/lib/python3.9/site-packages/airflow/example_dags/example_latest_only_with_trigger.py
[2024-02-24T13:24:26.697-0600] {logging_mixin.py:188} INFO - [2024-02-24T13:24:26.697-0600] {dag.py:3036} INFO - Sync 1 DAGs
[2024-02-24T13:24:26.706-0600] {logging_mixin.py:188} INFO - [2024-02-24T13:24:26.706-0600] {dag.py:3823} INFO - Setting next_dagrun for latest_only_with_trigger to 2024-02-24 12:00:00+00:00, run_after=2024-02-24 16:00:00+00:00
[2024-02-24T13:24:26.712-0600] {processor.py:183} INFO - Processing /Users/vamseekrishna/Desktop/F1_Data_Warehouse/f1datawarehouse/lib/python3.9/site-packages/airflow/example_dags/example_latest_only_with_trigger.py took 0.064 seconds
[2024-02-24T13:26:18.218-0600] {processor.py:161} INFO - Started process (PID=79027) to work on /Users/vamseekrishna/Desktop/F1_Data_Warehouse/f1datawarehouse/lib/python3.9/site-packages/airflow/example_dags/example_latest_only_with_trigger.py
[2024-02-24T13:26:18.220-0600] {processor.py:830} INFO - Processing file /Users/vamseekrishna/Desktop/F1_Data_Warehouse/f1datawarehouse/lib/python3.9/site-packages/airflow/example_dags/example_latest_only_with_trigger.py for tasks to queue
[2024-02-24T13:26:18.220-0600] {logging_mixin.py:188} INFO - [2024-02-24T13:26:18.220-0600] {dagbag.py:538} INFO - Filling up the DagBag from /Users/vamseekrishna/Desktop/F1_Data_Warehouse/f1datawarehouse/lib/python3.9/site-packages/airflow/example_dags/example_latest_only_with_trigger.py
[2024-02-24T13:26:18.223-0600] {processor.py:840} INFO - DAG(s) 'latest_only_with_trigger' retrieved from /Users/vamseekrishna/Desktop/F1_Data_Warehouse/f1datawarehouse/lib/python3.9/site-packages/airflow/example_dags/example_latest_only_with_trigger.py
[2024-02-24T13:26:18.268-0600] {logging_mixin.py:188} INFO - [2024-02-24T13:26:18.268-0600] {dag.py:3036} INFO - Sync 1 DAGs
[2024-02-24T13:26:18.276-0600] {logging_mixin.py:188} INFO - [2024-02-24T13:26:18.276-0600] {dag.py:3823} INFO - Setting next_dagrun for latest_only_with_trigger to 2024-02-24 12:00:00+00:00, run_after=2024-02-24 16:00:00+00:00
[2024-02-24T13:26:18.283-0600] {processor.py:183} INFO - Processing /Users/vamseekrishna/Desktop/F1_Data_Warehouse/f1datawarehouse/lib/python3.9/site-packages/airflow/example_dags/example_latest_only_with_trigger.py took 0.065 seconds
[2024-02-24T13:28:02.397-0600] {processor.py:161} INFO - Started process (PID=79149) to work on /Users/vamseekrishna/Desktop/F1_Data_Warehouse/f1datawarehouse/lib/python3.9/site-packages/airflow/example_dags/example_latest_only_with_trigger.py
[2024-02-24T13:28:02.399-0600] {processor.py:830} INFO - Processing file /Users/vamseekrishna/Desktop/F1_Data_Warehouse/f1datawarehouse/lib/python3.9/site-packages/airflow/example_dags/example_latest_only_with_trigger.py for tasks to queue
[2024-02-24T13:28:02.399-0600] {logging_mixin.py:188} INFO - [2024-02-24T13:28:02.399-0600] {dagbag.py:538} INFO - Filling up the DagBag from /Users/vamseekrishna/Desktop/F1_Data_Warehouse/f1datawarehouse/lib/python3.9/site-packages/airflow/example_dags/example_latest_only_with_trigger.py
[2024-02-24T13:28:02.402-0600] {processor.py:840} INFO - DAG(s) 'latest_only_with_trigger' retrieved from /Users/vamseekrishna/Desktop/F1_Data_Warehouse/f1datawarehouse/lib/python3.9/site-packages/airflow/example_dags/example_latest_only_with_trigger.py
[2024-02-24T13:28:02.445-0600] {logging_mixin.py:188} INFO - [2024-02-24T13:28:02.445-0600] {dag.py:3036} INFO - Sync 1 DAGs
[2024-02-24T13:28:02.453-0600] {logging_mixin.py:188} INFO - [2024-02-24T13:28:02.453-0600] {dag.py:3823} INFO - Setting next_dagrun for latest_only_with_trigger to 2024-02-24 12:00:00+00:00, run_after=2024-02-24 16:00:00+00:00
[2024-02-24T13:28:02.460-0600] {processor.py:183} INFO - Processing /Users/vamseekrishna/Desktop/F1_Data_Warehouse/f1datawarehouse/lib/python3.9/site-packages/airflow/example_dags/example_latest_only_with_trigger.py took 0.064 seconds
[2024-02-24T13:29:51.062-0600] {processor.py:161} INFO - Started process (PID=79312) to work on /Users/vamseekrishna/Desktop/F1_Data_Warehouse/f1datawarehouse/lib/python3.9/site-packages/airflow/example_dags/example_latest_only_with_trigger.py
[2024-02-24T13:29:51.063-0600] {processor.py:830} INFO - Processing file /Users/vamseekrishna/Desktop/F1_Data_Warehouse/f1datawarehouse/lib/python3.9/site-packages/airflow/example_dags/example_latest_only_with_trigger.py for tasks to queue
[2024-02-24T13:29:51.064-0600] {logging_mixin.py:188} INFO - [2024-02-24T13:29:51.064-0600] {dagbag.py:538} INFO - Filling up the DagBag from /Users/vamseekrishna/Desktop/F1_Data_Warehouse/f1datawarehouse/lib/python3.9/site-packages/airflow/example_dags/example_latest_only_with_trigger.py
[2024-02-24T13:29:51.067-0600] {processor.py:840} INFO - DAG(s) 'latest_only_with_trigger' retrieved from /Users/vamseekrishna/Desktop/F1_Data_Warehouse/f1datawarehouse/lib/python3.9/site-packages/airflow/example_dags/example_latest_only_with_trigger.py
[2024-02-24T13:29:51.114-0600] {logging_mixin.py:188} INFO - [2024-02-24T13:29:51.114-0600] {dag.py:3036} INFO - Sync 1 DAGs
[2024-02-24T13:29:51.122-0600] {logging_mixin.py:188} INFO - [2024-02-24T13:29:51.122-0600] {dag.py:3823} INFO - Setting next_dagrun for latest_only_with_trigger to 2024-02-24 12:00:00+00:00, run_after=2024-02-24 16:00:00+00:00
[2024-02-24T13:29:51.129-0600] {processor.py:183} INFO - Processing /Users/vamseekrishna/Desktop/F1_Data_Warehouse/f1datawarehouse/lib/python3.9/site-packages/airflow/example_dags/example_latest_only_with_trigger.py took 0.068 seconds
