[2024-02-24T16:02:27.491-0600] {processor.py:161} INFO - Started process (PID=87870) to work on /Users/vamseekrishna/Desktop/F1_Data_Warehouse/f1datawarehouse/lib/python3.9/site-packages/airflow/example_dags/example_branch_python_dop_operator_3.py
[2024-02-24T16:02:27.493-0600] {processor.py:830} INFO - Processing file /Users/vamseekrishna/Desktop/F1_Data_Warehouse/f1datawarehouse/lib/python3.9/site-packages/airflow/example_dags/example_branch_python_dop_operator_3.py for tasks to queue
[2024-02-24T16:02:27.493-0600] {logging_mixin.py:188} INFO - [2024-02-24T16:02:27.493-0600] {dagbag.py:538} INFO - Filling up the DagBag from /Users/vamseekrishna/Desktop/F1_Data_Warehouse/f1datawarehouse/lib/python3.9/site-packages/airflow/example_dags/example_branch_python_dop_operator_3.py
[2024-02-24T16:02:27.519-0600] {processor.py:840} INFO - DAG(s) 'example_branch_dop_operator_v3' retrieved from /Users/vamseekrishna/Desktop/F1_Data_Warehouse/f1datawarehouse/lib/python3.9/site-packages/airflow/example_dags/example_branch_python_dop_operator_3.py
[2024-02-24T16:02:27.610-0600] {logging_mixin.py:188} INFO - [2024-02-24T16:02:27.609-0600] {override.py:1769} INFO - Created Permission View: can delete on DAG:example_branch_dop_operator_v3
[2024-02-24T16:02:27.614-0600] {logging_mixin.py:188} INFO - [2024-02-24T16:02:27.614-0600] {override.py:1769} INFO - Created Permission View: can read on DAG:example_branch_dop_operator_v3
[2024-02-24T16:02:27.617-0600] {logging_mixin.py:188} INFO - [2024-02-24T16:02:27.617-0600] {override.py:1769} INFO - Created Permission View: can edit on DAG:example_branch_dop_operator_v3
[2024-02-24T16:02:27.617-0600] {logging_mixin.py:188} INFO - [2024-02-24T16:02:27.617-0600] {dag.py:3036} INFO - Sync 1 DAGs
[2024-02-24T16:02:27.621-0600] {logging_mixin.py:188} INFO - [2024-02-24T16:02:27.621-0600] {dag.py:3058} INFO - Creating ORM DAG for example_branch_dop_operator_v3
[2024-02-24T16:02:27.629-0600] {logging_mixin.py:188} INFO - [2024-02-24T16:02:27.628-0600] {dag.py:3823} INFO - Setting next_dagrun for example_branch_dop_operator_v3 to 2024-02-24 22:01:00+00:00, run_after=2024-02-24 22:02:00+00:00
[2024-02-24T16:02:27.636-0600] {processor.py:183} INFO - Processing /Users/vamseekrishna/Desktop/F1_Data_Warehouse/f1datawarehouse/lib/python3.9/site-packages/airflow/example_dags/example_branch_python_dop_operator_3.py took 0.146 seconds
[2024-02-24T16:04:32.091-0600] {processor.py:161} INFO - Started process (PID=88117) to work on /Users/vamseekrishna/Desktop/F1_Data_Warehouse/f1datawarehouse/lib/python3.9/site-packages/airflow/example_dags/example_branch_python_dop_operator_3.py
[2024-02-24T16:04:32.093-0600] {processor.py:830} INFO - Processing file /Users/vamseekrishna/Desktop/F1_Data_Warehouse/f1datawarehouse/lib/python3.9/site-packages/airflow/example_dags/example_branch_python_dop_operator_3.py for tasks to queue
[2024-02-24T16:04:32.093-0600] {logging_mixin.py:188} INFO - [2024-02-24T16:04:32.093-0600] {dagbag.py:538} INFO - Filling up the DagBag from /Users/vamseekrishna/Desktop/F1_Data_Warehouse/f1datawarehouse/lib/python3.9/site-packages/airflow/example_dags/example_branch_python_dop_operator_3.py
[2024-02-24T16:04:32.134-0600] {processor.py:840} INFO - DAG(s) 'example_branch_dop_operator_v3' retrieved from /Users/vamseekrishna/Desktop/F1_Data_Warehouse/f1datawarehouse/lib/python3.9/site-packages/airflow/example_dags/example_branch_python_dop_operator_3.py
[2024-02-24T16:04:32.180-0600] {logging_mixin.py:188} INFO - [2024-02-24T16:04:32.180-0600] {dag.py:3036} INFO - Sync 1 DAGs
[2024-02-24T16:04:32.190-0600] {logging_mixin.py:188} INFO - [2024-02-24T16:04:32.190-0600] {dag.py:3823} INFO - Setting next_dagrun for example_branch_dop_operator_v3 to 2024-02-24 22:03:00+00:00, run_after=2024-02-24 22:04:00+00:00
[2024-02-24T16:04:32.198-0600] {processor.py:183} INFO - Processing /Users/vamseekrishna/Desktop/F1_Data_Warehouse/f1datawarehouse/lib/python3.9/site-packages/airflow/example_dags/example_branch_python_dop_operator_3.py took 0.108 seconds
[2024-02-24T16:06:28.484-0600] {processor.py:161} INFO - Started process (PID=88301) to work on /Users/vamseekrishna/Desktop/F1_Data_Warehouse/f1datawarehouse/lib/python3.9/site-packages/airflow/example_dags/example_branch_python_dop_operator_3.py
[2024-02-24T16:06:28.485-0600] {processor.py:830} INFO - Processing file /Users/vamseekrishna/Desktop/F1_Data_Warehouse/f1datawarehouse/lib/python3.9/site-packages/airflow/example_dags/example_branch_python_dop_operator_3.py for tasks to queue
[2024-02-24T16:06:28.485-0600] {logging_mixin.py:188} INFO - [2024-02-24T16:06:28.485-0600] {dagbag.py:538} INFO - Filling up the DagBag from /Users/vamseekrishna/Desktop/F1_Data_Warehouse/f1datawarehouse/lib/python3.9/site-packages/airflow/example_dags/example_branch_python_dop_operator_3.py
[2024-02-24T16:06:28.529-0600] {processor.py:840} INFO - DAG(s) 'example_branch_dop_operator_v3' retrieved from /Users/vamseekrishna/Desktop/F1_Data_Warehouse/f1datawarehouse/lib/python3.9/site-packages/airflow/example_dags/example_branch_python_dop_operator_3.py
[2024-02-24T16:06:28.580-0600] {logging_mixin.py:188} INFO - [2024-02-24T16:06:28.580-0600] {dag.py:3036} INFO - Sync 1 DAGs
[2024-02-24T16:06:28.591-0600] {logging_mixin.py:188} INFO - [2024-02-24T16:06:28.591-0600] {dag.py:3823} INFO - Setting next_dagrun for example_branch_dop_operator_v3 to 2024-02-24 22:05:00+00:00, run_after=2024-02-24 22:06:00+00:00
[2024-02-24T16:06:28.600-0600] {processor.py:183} INFO - Processing /Users/vamseekrishna/Desktop/F1_Data_Warehouse/f1datawarehouse/lib/python3.9/site-packages/airflow/example_dags/example_branch_python_dop_operator_3.py took 0.117 seconds
[2024-02-24T16:08:26.589-0600] {processor.py:161} INFO - Started process (PID=88550) to work on /Users/vamseekrishna/Desktop/F1_Data_Warehouse/f1datawarehouse/lib/python3.9/site-packages/airflow/example_dags/example_branch_python_dop_operator_3.py
[2024-02-24T16:08:26.591-0600] {processor.py:830} INFO - Processing file /Users/vamseekrishna/Desktop/F1_Data_Warehouse/f1datawarehouse/lib/python3.9/site-packages/airflow/example_dags/example_branch_python_dop_operator_3.py for tasks to queue
[2024-02-24T16:08:26.591-0600] {logging_mixin.py:188} INFO - [2024-02-24T16:08:26.591-0600] {dagbag.py:538} INFO - Filling up the DagBag from /Users/vamseekrishna/Desktop/F1_Data_Warehouse/f1datawarehouse/lib/python3.9/site-packages/airflow/example_dags/example_branch_python_dop_operator_3.py
[2024-02-24T16:08:26.634-0600] {processor.py:840} INFO - DAG(s) 'example_branch_dop_operator_v3' retrieved from /Users/vamseekrishna/Desktop/F1_Data_Warehouse/f1datawarehouse/lib/python3.9/site-packages/airflow/example_dags/example_branch_python_dop_operator_3.py
[2024-02-24T16:08:26.681-0600] {logging_mixin.py:188} INFO - [2024-02-24T16:08:26.681-0600] {dag.py:3036} INFO - Sync 1 DAGs
[2024-02-24T16:08:26.692-0600] {logging_mixin.py:188} INFO - [2024-02-24T16:08:26.692-0600] {dag.py:3823} INFO - Setting next_dagrun for example_branch_dop_operator_v3 to 2024-02-24 22:07:00+00:00, run_after=2024-02-24 22:08:00+00:00
[2024-02-24T16:08:26.700-0600] {processor.py:183} INFO - Processing /Users/vamseekrishna/Desktop/F1_Data_Warehouse/f1datawarehouse/lib/python3.9/site-packages/airflow/example_dags/example_branch_python_dop_operator_3.py took 0.112 seconds
[2024-02-24T16:10:22.352-0600] {processor.py:161} INFO - Started process (PID=88732) to work on /Users/vamseekrishna/Desktop/F1_Data_Warehouse/f1datawarehouse/lib/python3.9/site-packages/airflow/example_dags/example_branch_python_dop_operator_3.py
[2024-02-24T16:10:22.354-0600] {processor.py:830} INFO - Processing file /Users/vamseekrishna/Desktop/F1_Data_Warehouse/f1datawarehouse/lib/python3.9/site-packages/airflow/example_dags/example_branch_python_dop_operator_3.py for tasks to queue
[2024-02-24T16:10:22.354-0600] {logging_mixin.py:188} INFO - [2024-02-24T16:10:22.354-0600] {dagbag.py:538} INFO - Filling up the DagBag from /Users/vamseekrishna/Desktop/F1_Data_Warehouse/f1datawarehouse/lib/python3.9/site-packages/airflow/example_dags/example_branch_python_dop_operator_3.py
[2024-02-24T16:10:22.395-0600] {processor.py:840} INFO - DAG(s) 'example_branch_dop_operator_v3' retrieved from /Users/vamseekrishna/Desktop/F1_Data_Warehouse/f1datawarehouse/lib/python3.9/site-packages/airflow/example_dags/example_branch_python_dop_operator_3.py
[2024-02-24T16:10:22.440-0600] {logging_mixin.py:188} INFO - [2024-02-24T16:10:22.440-0600] {dag.py:3036} INFO - Sync 1 DAGs
[2024-02-24T16:10:22.451-0600] {logging_mixin.py:188} INFO - [2024-02-24T16:10:22.451-0600] {dag.py:3823} INFO - Setting next_dagrun for example_branch_dop_operator_v3 to 2024-02-24 22:09:00+00:00, run_after=2024-02-24 22:10:00+00:00
[2024-02-24T16:10:22.461-0600] {processor.py:183} INFO - Processing /Users/vamseekrishna/Desktop/F1_Data_Warehouse/f1datawarehouse/lib/python3.9/site-packages/airflow/example_dags/example_branch_python_dop_operator_3.py took 0.110 seconds
[2024-02-24T16:12:16.871-0600] {processor.py:161} INFO - Started process (PID=88909) to work on /Users/vamseekrishna/Desktop/F1_Data_Warehouse/f1datawarehouse/lib/python3.9/site-packages/airflow/example_dags/example_branch_python_dop_operator_3.py
[2024-02-24T16:12:16.873-0600] {processor.py:830} INFO - Processing file /Users/vamseekrishna/Desktop/F1_Data_Warehouse/f1datawarehouse/lib/python3.9/site-packages/airflow/example_dags/example_branch_python_dop_operator_3.py for tasks to queue
[2024-02-24T16:12:16.873-0600] {logging_mixin.py:188} INFO - [2024-02-24T16:12:16.873-0600] {dagbag.py:538} INFO - Filling up the DagBag from /Users/vamseekrishna/Desktop/F1_Data_Warehouse/f1datawarehouse/lib/python3.9/site-packages/airflow/example_dags/example_branch_python_dop_operator_3.py
[2024-02-24T16:12:16.915-0600] {processor.py:840} INFO - DAG(s) 'example_branch_dop_operator_v3' retrieved from /Users/vamseekrishna/Desktop/F1_Data_Warehouse/f1datawarehouse/lib/python3.9/site-packages/airflow/example_dags/example_branch_python_dop_operator_3.py
[2024-02-24T16:12:16.963-0600] {logging_mixin.py:188} INFO - [2024-02-24T16:12:16.963-0600] {dag.py:3036} INFO - Sync 1 DAGs
[2024-02-24T16:12:16.973-0600] {logging_mixin.py:188} INFO - [2024-02-24T16:12:16.973-0600] {dag.py:3823} INFO - Setting next_dagrun for example_branch_dop_operator_v3 to 2024-02-24 22:11:00+00:00, run_after=2024-02-24 22:12:00+00:00
[2024-02-24T16:12:16.981-0600] {processor.py:183} INFO - Processing /Users/vamseekrishna/Desktop/F1_Data_Warehouse/f1datawarehouse/lib/python3.9/site-packages/airflow/example_dags/example_branch_python_dop_operator_3.py took 0.111 seconds
[2024-02-24T16:14:08.862-0600] {processor.py:161} INFO - Started process (PID=89077) to work on /Users/vamseekrishna/Desktop/F1_Data_Warehouse/f1datawarehouse/lib/python3.9/site-packages/airflow/example_dags/example_branch_python_dop_operator_3.py
[2024-02-24T16:14:08.864-0600] {processor.py:830} INFO - Processing file /Users/vamseekrishna/Desktop/F1_Data_Warehouse/f1datawarehouse/lib/python3.9/site-packages/airflow/example_dags/example_branch_python_dop_operator_3.py for tasks to queue
[2024-02-24T16:14:08.864-0600] {logging_mixin.py:188} INFO - [2024-02-24T16:14:08.864-0600] {dagbag.py:538} INFO - Filling up the DagBag from /Users/vamseekrishna/Desktop/F1_Data_Warehouse/f1datawarehouse/lib/python3.9/site-packages/airflow/example_dags/example_branch_python_dop_operator_3.py
[2024-02-24T16:14:08.904-0600] {processor.py:840} INFO - DAG(s) 'example_branch_dop_operator_v3' retrieved from /Users/vamseekrishna/Desktop/F1_Data_Warehouse/f1datawarehouse/lib/python3.9/site-packages/airflow/example_dags/example_branch_python_dop_operator_3.py
[2024-02-24T16:14:08.949-0600] {logging_mixin.py:188} INFO - [2024-02-24T16:14:08.949-0600] {dag.py:3036} INFO - Sync 1 DAGs
[2024-02-24T16:14:08.960-0600] {logging_mixin.py:188} INFO - [2024-02-24T16:14:08.960-0600] {dag.py:3823} INFO - Setting next_dagrun for example_branch_dop_operator_v3 to 2024-02-24 22:13:00+00:00, run_after=2024-02-24 22:14:00+00:00
[2024-02-24T16:14:08.967-0600] {processor.py:183} INFO - Processing /Users/vamseekrishna/Desktop/F1_Data_Warehouse/f1datawarehouse/lib/python3.9/site-packages/airflow/example_dags/example_branch_python_dop_operator_3.py took 0.107 seconds
[2024-02-24T16:15:57.518-0600] {processor.py:161} INFO - Started process (PID=89289) to work on /Users/vamseekrishna/Desktop/F1_Data_Warehouse/f1datawarehouse/lib/python3.9/site-packages/airflow/example_dags/example_branch_python_dop_operator_3.py
[2024-02-24T16:15:57.520-0600] {processor.py:830} INFO - Processing file /Users/vamseekrishna/Desktop/F1_Data_Warehouse/f1datawarehouse/lib/python3.9/site-packages/airflow/example_dags/example_branch_python_dop_operator_3.py for tasks to queue
[2024-02-24T16:15:57.520-0600] {logging_mixin.py:188} INFO - [2024-02-24T16:15:57.520-0600] {dagbag.py:538} INFO - Filling up the DagBag from /Users/vamseekrishna/Desktop/F1_Data_Warehouse/f1datawarehouse/lib/python3.9/site-packages/airflow/example_dags/example_branch_python_dop_operator_3.py
[2024-02-24T16:15:57.565-0600] {processor.py:840} INFO - DAG(s) 'example_branch_dop_operator_v3' retrieved from /Users/vamseekrishna/Desktop/F1_Data_Warehouse/f1datawarehouse/lib/python3.9/site-packages/airflow/example_dags/example_branch_python_dop_operator_3.py
[2024-02-24T16:15:57.614-0600] {logging_mixin.py:188} INFO - [2024-02-24T16:15:57.614-0600] {dag.py:3036} INFO - Sync 1 DAGs
[2024-02-24T16:15:57.625-0600] {logging_mixin.py:188} INFO - [2024-02-24T16:15:57.625-0600] {dag.py:3823} INFO - Setting next_dagrun for example_branch_dop_operator_v3 to 2024-02-24 22:14:00+00:00, run_after=2024-02-24 22:15:00+00:00
[2024-02-24T16:15:57.633-0600] {processor.py:183} INFO - Processing /Users/vamseekrishna/Desktop/F1_Data_Warehouse/f1datawarehouse/lib/python3.9/site-packages/airflow/example_dags/example_branch_python_dop_operator_3.py took 0.116 seconds
[2024-02-24T16:17:51.508-0600] {processor.py:161} INFO - Started process (PID=89481) to work on /Users/vamseekrishna/Desktop/F1_Data_Warehouse/f1datawarehouse/lib/python3.9/site-packages/airflow/example_dags/example_branch_python_dop_operator_3.py
[2024-02-24T16:17:51.511-0600] {processor.py:830} INFO - Processing file /Users/vamseekrishna/Desktop/F1_Data_Warehouse/f1datawarehouse/lib/python3.9/site-packages/airflow/example_dags/example_branch_python_dop_operator_3.py for tasks to queue
[2024-02-24T16:17:51.511-0600] {logging_mixin.py:188} INFO - [2024-02-24T16:17:51.511-0600] {dagbag.py:538} INFO - Filling up the DagBag from /Users/vamseekrishna/Desktop/F1_Data_Warehouse/f1datawarehouse/lib/python3.9/site-packages/airflow/example_dags/example_branch_python_dop_operator_3.py
[2024-02-24T16:17:51.552-0600] {processor.py:840} INFO - DAG(s) 'example_branch_dop_operator_v3' retrieved from /Users/vamseekrishna/Desktop/F1_Data_Warehouse/f1datawarehouse/lib/python3.9/site-packages/airflow/example_dags/example_branch_python_dop_operator_3.py
[2024-02-24T16:17:51.599-0600] {logging_mixin.py:188} INFO - [2024-02-24T16:17:51.599-0600] {dag.py:3036} INFO - Sync 1 DAGs
[2024-02-24T16:17:51.610-0600] {logging_mixin.py:188} INFO - [2024-02-24T16:17:51.610-0600] {dag.py:3823} INFO - Setting next_dagrun for example_branch_dop_operator_v3 to 2024-02-24 22:16:00+00:00, run_after=2024-02-24 22:17:00+00:00
[2024-02-24T16:17:51.618-0600] {processor.py:183} INFO - Processing /Users/vamseekrishna/Desktop/F1_Data_Warehouse/f1datawarehouse/lib/python3.9/site-packages/airflow/example_dags/example_branch_python_dop_operator_3.py took 0.110 seconds
[2024-02-24T16:19:50.447-0600] {processor.py:161} INFO - Started process (PID=89678) to work on /Users/vamseekrishna/Desktop/F1_Data_Warehouse/f1datawarehouse/lib/python3.9/site-packages/airflow/example_dags/example_branch_python_dop_operator_3.py
[2024-02-24T16:19:50.449-0600] {processor.py:830} INFO - Processing file /Users/vamseekrishna/Desktop/F1_Data_Warehouse/f1datawarehouse/lib/python3.9/site-packages/airflow/example_dags/example_branch_python_dop_operator_3.py for tasks to queue
[2024-02-24T16:19:50.449-0600] {logging_mixin.py:188} INFO - [2024-02-24T16:19:50.449-0600] {dagbag.py:538} INFO - Filling up the DagBag from /Users/vamseekrishna/Desktop/F1_Data_Warehouse/f1datawarehouse/lib/python3.9/site-packages/airflow/example_dags/example_branch_python_dop_operator_3.py
[2024-02-24T16:19:50.490-0600] {processor.py:840} INFO - DAG(s) 'example_branch_dop_operator_v3' retrieved from /Users/vamseekrishna/Desktop/F1_Data_Warehouse/f1datawarehouse/lib/python3.9/site-packages/airflow/example_dags/example_branch_python_dop_operator_3.py
[2024-02-24T16:19:50.535-0600] {logging_mixin.py:188} INFO - [2024-02-24T16:19:50.535-0600] {dag.py:3036} INFO - Sync 1 DAGs
[2024-02-24T16:19:50.545-0600] {logging_mixin.py:188} INFO - [2024-02-24T16:19:50.545-0600] {dag.py:3823} INFO - Setting next_dagrun for example_branch_dop_operator_v3 to 2024-02-24 22:18:00+00:00, run_after=2024-02-24 22:19:00+00:00
[2024-02-24T16:19:50.553-0600] {processor.py:183} INFO - Processing /Users/vamseekrishna/Desktop/F1_Data_Warehouse/f1datawarehouse/lib/python3.9/site-packages/airflow/example_dags/example_branch_python_dop_operator_3.py took 0.106 seconds
[2024-02-24T16:21:53.999-0600] {processor.py:161} INFO - Started process (PID=89868) to work on /Users/vamseekrishna/Desktop/F1_Data_Warehouse/f1datawarehouse/lib/python3.9/site-packages/airflow/example_dags/example_branch_python_dop_operator_3.py
[2024-02-24T16:21:54.001-0600] {processor.py:830} INFO - Processing file /Users/vamseekrishna/Desktop/F1_Data_Warehouse/f1datawarehouse/lib/python3.9/site-packages/airflow/example_dags/example_branch_python_dop_operator_3.py for tasks to queue
[2024-02-24T16:21:54.001-0600] {logging_mixin.py:188} INFO - [2024-02-24T16:21:54.001-0600] {dagbag.py:538} INFO - Filling up the DagBag from /Users/vamseekrishna/Desktop/F1_Data_Warehouse/f1datawarehouse/lib/python3.9/site-packages/airflow/example_dags/example_branch_python_dop_operator_3.py
[2024-02-24T16:21:54.042-0600] {processor.py:840} INFO - DAG(s) 'example_branch_dop_operator_v3' retrieved from /Users/vamseekrishna/Desktop/F1_Data_Warehouse/f1datawarehouse/lib/python3.9/site-packages/airflow/example_dags/example_branch_python_dop_operator_3.py
[2024-02-24T16:21:54.093-0600] {logging_mixin.py:188} INFO - [2024-02-24T16:21:54.093-0600] {dag.py:3036} INFO - Sync 1 DAGs
[2024-02-24T16:21:54.104-0600] {logging_mixin.py:188} INFO - [2024-02-24T16:21:54.104-0600] {dag.py:3823} INFO - Setting next_dagrun for example_branch_dop_operator_v3 to 2024-02-24 22:20:00+00:00, run_after=2024-02-24 22:21:00+00:00
[2024-02-24T16:21:54.112-0600] {processor.py:183} INFO - Processing /Users/vamseekrishna/Desktop/F1_Data_Warehouse/f1datawarehouse/lib/python3.9/site-packages/airflow/example_dags/example_branch_python_dop_operator_3.py took 0.114 seconds
[2024-02-24T16:23:55.398-0600] {processor.py:161} INFO - Started process (PID=90053) to work on /Users/vamseekrishna/Desktop/F1_Data_Warehouse/f1datawarehouse/lib/python3.9/site-packages/airflow/example_dags/example_branch_python_dop_operator_3.py
[2024-02-24T16:23:55.400-0600] {processor.py:830} INFO - Processing file /Users/vamseekrishna/Desktop/F1_Data_Warehouse/f1datawarehouse/lib/python3.9/site-packages/airflow/example_dags/example_branch_python_dop_operator_3.py for tasks to queue
[2024-02-24T16:23:55.400-0600] {logging_mixin.py:188} INFO - [2024-02-24T16:23:55.400-0600] {dagbag.py:538} INFO - Filling up the DagBag from /Users/vamseekrishna/Desktop/F1_Data_Warehouse/f1datawarehouse/lib/python3.9/site-packages/airflow/example_dags/example_branch_python_dop_operator_3.py
[2024-02-24T16:23:55.440-0600] {processor.py:840} INFO - DAG(s) 'example_branch_dop_operator_v3' retrieved from /Users/vamseekrishna/Desktop/F1_Data_Warehouse/f1datawarehouse/lib/python3.9/site-packages/airflow/example_dags/example_branch_python_dop_operator_3.py
[2024-02-24T16:23:55.487-0600] {logging_mixin.py:188} INFO - [2024-02-24T16:23:55.487-0600] {dag.py:3036} INFO - Sync 1 DAGs
[2024-02-24T16:23:55.497-0600] {logging_mixin.py:188} INFO - [2024-02-24T16:23:55.497-0600] {dag.py:3823} INFO - Setting next_dagrun for example_branch_dop_operator_v3 to 2024-02-24 22:22:00+00:00, run_after=2024-02-24 22:23:00+00:00
[2024-02-24T16:23:55.505-0600] {processor.py:183} INFO - Processing /Users/vamseekrishna/Desktop/F1_Data_Warehouse/f1datawarehouse/lib/python3.9/site-packages/airflow/example_dags/example_branch_python_dop_operator_3.py took 0.108 seconds
[2024-02-24T16:26:02.584-0600] {processor.py:161} INFO - Started process (PID=90263) to work on /Users/vamseekrishna/Desktop/F1_Data_Warehouse/f1datawarehouse/lib/python3.9/site-packages/airflow/example_dags/example_branch_python_dop_operator_3.py
[2024-02-24T16:26:02.586-0600] {processor.py:830} INFO - Processing file /Users/vamseekrishna/Desktop/F1_Data_Warehouse/f1datawarehouse/lib/python3.9/site-packages/airflow/example_dags/example_branch_python_dop_operator_3.py for tasks to queue
[2024-02-24T16:26:02.586-0600] {logging_mixin.py:188} INFO - [2024-02-24T16:26:02.586-0600] {dagbag.py:538} INFO - Filling up the DagBag from /Users/vamseekrishna/Desktop/F1_Data_Warehouse/f1datawarehouse/lib/python3.9/site-packages/airflow/example_dags/example_branch_python_dop_operator_3.py
[2024-02-24T16:26:02.628-0600] {processor.py:840} INFO - DAG(s) 'example_branch_dop_operator_v3' retrieved from /Users/vamseekrishna/Desktop/F1_Data_Warehouse/f1datawarehouse/lib/python3.9/site-packages/airflow/example_dags/example_branch_python_dop_operator_3.py
[2024-02-24T16:26:02.675-0600] {logging_mixin.py:188} INFO - [2024-02-24T16:26:02.675-0600] {dag.py:3036} INFO - Sync 1 DAGs
[2024-02-24T16:26:02.686-0600] {logging_mixin.py:188} INFO - [2024-02-24T16:26:02.686-0600] {dag.py:3823} INFO - Setting next_dagrun for example_branch_dop_operator_v3 to 2024-02-24 22:25:00+00:00, run_after=2024-02-24 22:26:00+00:00
[2024-02-24T16:26:02.693-0600] {processor.py:183} INFO - Processing /Users/vamseekrishna/Desktop/F1_Data_Warehouse/f1datawarehouse/lib/python3.9/site-packages/airflow/example_dags/example_branch_python_dop_operator_3.py took 0.110 seconds
[2024-02-24T16:28:00.489-0600] {processor.py:161} INFO - Started process (PID=90407) to work on /Users/vamseekrishna/Desktop/F1_Data_Warehouse/f1datawarehouse/lib/python3.9/site-packages/airflow/example_dags/example_branch_python_dop_operator_3.py
[2024-02-24T16:28:00.490-0600] {processor.py:830} INFO - Processing file /Users/vamseekrishna/Desktop/F1_Data_Warehouse/f1datawarehouse/lib/python3.9/site-packages/airflow/example_dags/example_branch_python_dop_operator_3.py for tasks to queue
[2024-02-24T16:28:00.490-0600] {logging_mixin.py:188} INFO - [2024-02-24T16:28:00.490-0600] {dagbag.py:538} INFO - Filling up the DagBag from /Users/vamseekrishna/Desktop/F1_Data_Warehouse/f1datawarehouse/lib/python3.9/site-packages/airflow/example_dags/example_branch_python_dop_operator_3.py
[2024-02-24T16:28:00.534-0600] {processor.py:840} INFO - DAG(s) 'example_branch_dop_operator_v3' retrieved from /Users/vamseekrishna/Desktop/F1_Data_Warehouse/f1datawarehouse/lib/python3.9/site-packages/airflow/example_dags/example_branch_python_dop_operator_3.py
[2024-02-24T16:28:00.583-0600] {logging_mixin.py:188} INFO - [2024-02-24T16:28:00.583-0600] {dag.py:3036} INFO - Sync 1 DAGs
[2024-02-24T16:28:00.595-0600] {logging_mixin.py:188} INFO - [2024-02-24T16:28:00.595-0600] {dag.py:3823} INFO - Setting next_dagrun for example_branch_dop_operator_v3 to 2024-02-24 22:27:00+00:00, run_after=2024-02-24 22:28:00+00:00
[2024-02-24T16:28:00.604-0600] {processor.py:183} INFO - Processing /Users/vamseekrishna/Desktop/F1_Data_Warehouse/f1datawarehouse/lib/python3.9/site-packages/airflow/example_dags/example_branch_python_dop_operator_3.py took 0.115 seconds
[2024-02-24T16:30:02.069-0600] {processor.py:161} INFO - Started process (PID=90551) to work on /Users/vamseekrishna/Desktop/F1_Data_Warehouse/f1datawarehouse/lib/python3.9/site-packages/airflow/example_dags/example_branch_python_dop_operator_3.py
[2024-02-24T16:30:02.071-0600] {processor.py:830} INFO - Processing file /Users/vamseekrishna/Desktop/F1_Data_Warehouse/f1datawarehouse/lib/python3.9/site-packages/airflow/example_dags/example_branch_python_dop_operator_3.py for tasks to queue
[2024-02-24T16:30:02.071-0600] {logging_mixin.py:188} INFO - [2024-02-24T16:30:02.071-0600] {dagbag.py:538} INFO - Filling up the DagBag from /Users/vamseekrishna/Desktop/F1_Data_Warehouse/f1datawarehouse/lib/python3.9/site-packages/airflow/example_dags/example_branch_python_dop_operator_3.py
[2024-02-24T16:30:02.123-0600] {processor.py:840} INFO - DAG(s) 'example_branch_dop_operator_v3' retrieved from /Users/vamseekrishna/Desktop/F1_Data_Warehouse/f1datawarehouse/lib/python3.9/site-packages/airflow/example_dags/example_branch_python_dop_operator_3.py
[2024-02-24T16:30:02.169-0600] {logging_mixin.py:188} INFO - [2024-02-24T16:30:02.169-0600] {dag.py:3036} INFO - Sync 1 DAGs
[2024-02-24T16:30:02.181-0600] {logging_mixin.py:188} INFO - [2024-02-24T16:30:02.181-0600] {dag.py:3823} INFO - Setting next_dagrun for example_branch_dop_operator_v3 to 2024-02-24 22:29:00+00:00, run_after=2024-02-24 22:30:00+00:00
[2024-02-24T16:30:02.188-0600] {processor.py:183} INFO - Processing /Users/vamseekrishna/Desktop/F1_Data_Warehouse/f1datawarehouse/lib/python3.9/site-packages/airflow/example_dags/example_branch_python_dop_operator_3.py took 0.120 seconds
[2024-02-24T16:32:05.001-0600] {processor.py:161} INFO - Started process (PID=90705) to work on /Users/vamseekrishna/Desktop/F1_Data_Warehouse/f1datawarehouse/lib/python3.9/site-packages/airflow/example_dags/example_branch_python_dop_operator_3.py
[2024-02-24T16:32:05.003-0600] {processor.py:830} INFO - Processing file /Users/vamseekrishna/Desktop/F1_Data_Warehouse/f1datawarehouse/lib/python3.9/site-packages/airflow/example_dags/example_branch_python_dop_operator_3.py for tasks to queue
[2024-02-24T16:32:05.003-0600] {logging_mixin.py:188} INFO - [2024-02-24T16:32:05.003-0600] {dagbag.py:538} INFO - Filling up the DagBag from /Users/vamseekrishna/Desktop/F1_Data_Warehouse/f1datawarehouse/lib/python3.9/site-packages/airflow/example_dags/example_branch_python_dop_operator_3.py
[2024-02-24T16:32:05.047-0600] {processor.py:840} INFO - DAG(s) 'example_branch_dop_operator_v3' retrieved from /Users/vamseekrishna/Desktop/F1_Data_Warehouse/f1datawarehouse/lib/python3.9/site-packages/airflow/example_dags/example_branch_python_dop_operator_3.py
[2024-02-24T16:32:05.095-0600] {logging_mixin.py:188} INFO - [2024-02-24T16:32:05.095-0600] {dag.py:3036} INFO - Sync 1 DAGs
[2024-02-24T16:32:05.108-0600] {logging_mixin.py:188} INFO - [2024-02-24T16:32:05.108-0600] {dag.py:3823} INFO - Setting next_dagrun for example_branch_dop_operator_v3 to 2024-02-24 22:31:00+00:00, run_after=2024-02-24 22:32:00+00:00
[2024-02-24T16:32:05.116-0600] {processor.py:183} INFO - Processing /Users/vamseekrishna/Desktop/F1_Data_Warehouse/f1datawarehouse/lib/python3.9/site-packages/airflow/example_dags/example_branch_python_dop_operator_3.py took 0.116 seconds
[2024-02-24T16:34:22.758-0600] {processor.py:161} INFO - Started process (PID=90935) to work on /Users/vamseekrishna/Desktop/F1_Data_Warehouse/f1datawarehouse/lib/python3.9/site-packages/airflow/example_dags/example_branch_python_dop_operator_3.py
[2024-02-24T16:34:22.760-0600] {processor.py:830} INFO - Processing file /Users/vamseekrishna/Desktop/F1_Data_Warehouse/f1datawarehouse/lib/python3.9/site-packages/airflow/example_dags/example_branch_python_dop_operator_3.py for tasks to queue
[2024-02-24T16:34:22.760-0600] {logging_mixin.py:188} INFO - [2024-02-24T16:34:22.760-0600] {dagbag.py:538} INFO - Filling up the DagBag from /Users/vamseekrishna/Desktop/F1_Data_Warehouse/f1datawarehouse/lib/python3.9/site-packages/airflow/example_dags/example_branch_python_dop_operator_3.py
[2024-02-24T16:34:22.806-0600] {processor.py:840} INFO - DAG(s) 'example_branch_dop_operator_v3' retrieved from /Users/vamseekrishna/Desktop/F1_Data_Warehouse/f1datawarehouse/lib/python3.9/site-packages/airflow/example_dags/example_branch_python_dop_operator_3.py
[2024-02-24T16:34:22.856-0600] {logging_mixin.py:188} INFO - [2024-02-24T16:34:22.856-0600] {dag.py:3036} INFO - Sync 1 DAGs
[2024-02-24T16:34:22.867-0600] {logging_mixin.py:188} INFO - [2024-02-24T16:34:22.867-0600] {dag.py:3823} INFO - Setting next_dagrun for example_branch_dop_operator_v3 to 2024-02-24 22:33:00+00:00, run_after=2024-02-24 22:34:00+00:00
[2024-02-24T16:34:22.875-0600] {processor.py:183} INFO - Processing /Users/vamseekrishna/Desktop/F1_Data_Warehouse/f1datawarehouse/lib/python3.9/site-packages/airflow/example_dags/example_branch_python_dop_operator_3.py took 0.118 seconds
[2024-02-24T16:36:26.513-0600] {processor.py:161} INFO - Started process (PID=91065) to work on /Users/vamseekrishna/Desktop/F1_Data_Warehouse/f1datawarehouse/lib/python3.9/site-packages/airflow/example_dags/example_branch_python_dop_operator_3.py
[2024-02-24T16:36:26.515-0600] {processor.py:830} INFO - Processing file /Users/vamseekrishna/Desktop/F1_Data_Warehouse/f1datawarehouse/lib/python3.9/site-packages/airflow/example_dags/example_branch_python_dop_operator_3.py for tasks to queue
[2024-02-24T16:36:26.515-0600] {logging_mixin.py:188} INFO - [2024-02-24T16:36:26.515-0600] {dagbag.py:538} INFO - Filling up the DagBag from /Users/vamseekrishna/Desktop/F1_Data_Warehouse/f1datawarehouse/lib/python3.9/site-packages/airflow/example_dags/example_branch_python_dop_operator_3.py
[2024-02-24T16:36:26.556-0600] {processor.py:840} INFO - DAG(s) 'example_branch_dop_operator_v3' retrieved from /Users/vamseekrishna/Desktop/F1_Data_Warehouse/f1datawarehouse/lib/python3.9/site-packages/airflow/example_dags/example_branch_python_dop_operator_3.py
[2024-02-24T16:36:26.602-0600] {logging_mixin.py:188} INFO - [2024-02-24T16:36:26.602-0600] {dag.py:3036} INFO - Sync 1 DAGs
[2024-02-24T16:36:26.613-0600] {logging_mixin.py:188} INFO - [2024-02-24T16:36:26.613-0600] {dag.py:3823} INFO - Setting next_dagrun for example_branch_dop_operator_v3 to 2024-02-24 22:35:00+00:00, run_after=2024-02-24 22:36:00+00:00
[2024-02-24T16:36:26.620-0600] {processor.py:183} INFO - Processing /Users/vamseekrishna/Desktop/F1_Data_Warehouse/f1datawarehouse/lib/python3.9/site-packages/airflow/example_dags/example_branch_python_dop_operator_3.py took 0.108 seconds
[2024-02-24T16:38:22.052-0600] {processor.py:161} INFO - Started process (PID=91201) to work on /Users/vamseekrishna/Desktop/F1_Data_Warehouse/f1datawarehouse/lib/python3.9/site-packages/airflow/example_dags/example_branch_python_dop_operator_3.py
[2024-02-24T16:38:22.053-0600] {processor.py:830} INFO - Processing file /Users/vamseekrishna/Desktop/F1_Data_Warehouse/f1datawarehouse/lib/python3.9/site-packages/airflow/example_dags/example_branch_python_dop_operator_3.py for tasks to queue
[2024-02-24T16:38:22.054-0600] {logging_mixin.py:188} INFO - [2024-02-24T16:38:22.054-0600] {dagbag.py:538} INFO - Filling up the DagBag from /Users/vamseekrishna/Desktop/F1_Data_Warehouse/f1datawarehouse/lib/python3.9/site-packages/airflow/example_dags/example_branch_python_dop_operator_3.py
[2024-02-24T16:38:22.095-0600] {processor.py:840} INFO - DAG(s) 'example_branch_dop_operator_v3' retrieved from /Users/vamseekrishna/Desktop/F1_Data_Warehouse/f1datawarehouse/lib/python3.9/site-packages/airflow/example_dags/example_branch_python_dop_operator_3.py
[2024-02-24T16:38:22.142-0600] {logging_mixin.py:188} INFO - [2024-02-24T16:38:22.142-0600] {dag.py:3036} INFO - Sync 1 DAGs
[2024-02-24T16:38:22.152-0600] {logging_mixin.py:188} INFO - [2024-02-24T16:38:22.152-0600] {dag.py:3823} INFO - Setting next_dagrun for example_branch_dop_operator_v3 to 2024-02-24 22:37:00+00:00, run_after=2024-02-24 22:38:00+00:00
[2024-02-24T16:38:22.162-0600] {processor.py:183} INFO - Processing /Users/vamseekrishna/Desktop/F1_Data_Warehouse/f1datawarehouse/lib/python3.9/site-packages/airflow/example_dags/example_branch_python_dop_operator_3.py took 0.111 seconds
[2024-02-24T16:40:26.063-0600] {processor.py:161} INFO - Started process (PID=91363) to work on /Users/vamseekrishna/Desktop/F1_Data_Warehouse/f1datawarehouse/lib/python3.9/site-packages/airflow/example_dags/example_branch_python_dop_operator_3.py
[2024-02-24T16:40:26.065-0600] {processor.py:830} INFO - Processing file /Users/vamseekrishna/Desktop/F1_Data_Warehouse/f1datawarehouse/lib/python3.9/site-packages/airflow/example_dags/example_branch_python_dop_operator_3.py for tasks to queue
[2024-02-24T16:40:26.065-0600] {logging_mixin.py:188} INFO - [2024-02-24T16:40:26.065-0600] {dagbag.py:538} INFO - Filling up the DagBag from /Users/vamseekrishna/Desktop/F1_Data_Warehouse/f1datawarehouse/lib/python3.9/site-packages/airflow/example_dags/example_branch_python_dop_operator_3.py
[2024-02-24T16:40:26.106-0600] {processor.py:840} INFO - DAG(s) 'example_branch_dop_operator_v3' retrieved from /Users/vamseekrishna/Desktop/F1_Data_Warehouse/f1datawarehouse/lib/python3.9/site-packages/airflow/example_dags/example_branch_python_dop_operator_3.py
[2024-02-24T16:40:26.153-0600] {logging_mixin.py:188} INFO - [2024-02-24T16:40:26.153-0600] {dag.py:3036} INFO - Sync 1 DAGs
[2024-02-24T16:40:26.163-0600] {logging_mixin.py:188} INFO - [2024-02-24T16:40:26.163-0600] {dag.py:3823} INFO - Setting next_dagrun for example_branch_dop_operator_v3 to 2024-02-24 22:39:00+00:00, run_after=2024-02-24 22:40:00+00:00
[2024-02-24T16:40:26.170-0600] {processor.py:183} INFO - Processing /Users/vamseekrishna/Desktop/F1_Data_Warehouse/f1datawarehouse/lib/python3.9/site-packages/airflow/example_dags/example_branch_python_dop_operator_3.py took 0.108 seconds
[2024-02-24T16:42:26.069-0600] {processor.py:161} INFO - Started process (PID=91532) to work on /Users/vamseekrishna/Desktop/F1_Data_Warehouse/f1datawarehouse/lib/python3.9/site-packages/airflow/example_dags/example_branch_python_dop_operator_3.py
[2024-02-24T16:42:26.071-0600] {processor.py:830} INFO - Processing file /Users/vamseekrishna/Desktop/F1_Data_Warehouse/f1datawarehouse/lib/python3.9/site-packages/airflow/example_dags/example_branch_python_dop_operator_3.py for tasks to queue
[2024-02-24T16:42:26.072-0600] {logging_mixin.py:188} INFO - [2024-02-24T16:42:26.072-0600] {dagbag.py:538} INFO - Filling up the DagBag from /Users/vamseekrishna/Desktop/F1_Data_Warehouse/f1datawarehouse/lib/python3.9/site-packages/airflow/example_dags/example_branch_python_dop_operator_3.py
[2024-02-24T16:42:26.120-0600] {processor.py:840} INFO - DAG(s) 'example_branch_dop_operator_v3' retrieved from /Users/vamseekrishna/Desktop/F1_Data_Warehouse/f1datawarehouse/lib/python3.9/site-packages/airflow/example_dags/example_branch_python_dop_operator_3.py
[2024-02-24T16:42:26.168-0600] {logging_mixin.py:188} INFO - [2024-02-24T16:42:26.167-0600] {dag.py:3036} INFO - Sync 1 DAGs
[2024-02-24T16:42:26.178-0600] {logging_mixin.py:188} INFO - [2024-02-24T16:42:26.178-0600] {dag.py:3823} INFO - Setting next_dagrun for example_branch_dop_operator_v3 to 2024-02-24 22:41:00+00:00, run_after=2024-02-24 22:42:00+00:00
[2024-02-24T16:42:26.186-0600] {processor.py:183} INFO - Processing /Users/vamseekrishna/Desktop/F1_Data_Warehouse/f1datawarehouse/lib/python3.9/site-packages/airflow/example_dags/example_branch_python_dop_operator_3.py took 0.117 seconds
[2024-02-24T16:44:28.558-0600] {processor.py:161} INFO - Started process (PID=91746) to work on /Users/vamseekrishna/Desktop/F1_Data_Warehouse/f1datawarehouse/lib/python3.9/site-packages/airflow/example_dags/example_branch_python_dop_operator_3.py
[2024-02-24T16:44:28.568-0600] {processor.py:830} INFO - Processing file /Users/vamseekrishna/Desktop/F1_Data_Warehouse/f1datawarehouse/lib/python3.9/site-packages/airflow/example_dags/example_branch_python_dop_operator_3.py for tasks to queue
[2024-02-24T16:44:28.569-0600] {logging_mixin.py:188} INFO - [2024-02-24T16:44:28.569-0600] {dagbag.py:538} INFO - Filling up the DagBag from /Users/vamseekrishna/Desktop/F1_Data_Warehouse/f1datawarehouse/lib/python3.9/site-packages/airflow/example_dags/example_branch_python_dop_operator_3.py
[2024-02-24T16:44:28.629-0600] {processor.py:840} INFO - DAG(s) 'example_branch_dop_operator_v3' retrieved from /Users/vamseekrishna/Desktop/F1_Data_Warehouse/f1datawarehouse/lib/python3.9/site-packages/airflow/example_dags/example_branch_python_dop_operator_3.py
[2024-02-24T16:44:28.705-0600] {logging_mixin.py:188} INFO - [2024-02-24T16:44:28.705-0600] {dag.py:3036} INFO - Sync 1 DAGs
[2024-02-24T16:44:28.722-0600] {logging_mixin.py:188} INFO - [2024-02-24T16:44:28.722-0600] {dag.py:3823} INFO - Setting next_dagrun for example_branch_dop_operator_v3 to 2024-02-24 22:43:00+00:00, run_after=2024-02-24 22:44:00+00:00
[2024-02-24T16:44:28.735-0600] {processor.py:183} INFO - Processing /Users/vamseekrishna/Desktop/F1_Data_Warehouse/f1datawarehouse/lib/python3.9/site-packages/airflow/example_dags/example_branch_python_dop_operator_3.py took 0.182 seconds
[2024-02-24T16:46:27.626-0600] {processor.py:161} INFO - Started process (PID=91919) to work on /Users/vamseekrishna/Desktop/F1_Data_Warehouse/f1datawarehouse/lib/python3.9/site-packages/airflow/example_dags/example_branch_python_dop_operator_3.py
[2024-02-24T16:46:27.628-0600] {processor.py:830} INFO - Processing file /Users/vamseekrishna/Desktop/F1_Data_Warehouse/f1datawarehouse/lib/python3.9/site-packages/airflow/example_dags/example_branch_python_dop_operator_3.py for tasks to queue
[2024-02-24T16:46:27.628-0600] {logging_mixin.py:188} INFO - [2024-02-24T16:46:27.628-0600] {dagbag.py:538} INFO - Filling up the DagBag from /Users/vamseekrishna/Desktop/F1_Data_Warehouse/f1datawarehouse/lib/python3.9/site-packages/airflow/example_dags/example_branch_python_dop_operator_3.py
[2024-02-24T16:46:27.669-0600] {processor.py:840} INFO - DAG(s) 'example_branch_dop_operator_v3' retrieved from /Users/vamseekrishna/Desktop/F1_Data_Warehouse/f1datawarehouse/lib/python3.9/site-packages/airflow/example_dags/example_branch_python_dop_operator_3.py
[2024-02-24T16:46:27.715-0600] {logging_mixin.py:188} INFO - [2024-02-24T16:46:27.714-0600] {dag.py:3036} INFO - Sync 1 DAGs
[2024-02-24T16:46:27.725-0600] {logging_mixin.py:188} INFO - [2024-02-24T16:46:27.725-0600] {dag.py:3823} INFO - Setting next_dagrun for example_branch_dop_operator_v3 to 2024-02-24 22:45:00+00:00, run_after=2024-02-24 22:46:00+00:00
[2024-02-24T16:46:27.733-0600] {processor.py:183} INFO - Processing /Users/vamseekrishna/Desktop/F1_Data_Warehouse/f1datawarehouse/lib/python3.9/site-packages/airflow/example_dags/example_branch_python_dop_operator_3.py took 0.107 seconds
[2024-02-24T16:48:31.255-0600] {processor.py:161} INFO - Started process (PID=92128) to work on /Users/vamseekrishna/Desktop/F1_Data_Warehouse/f1datawarehouse/lib/python3.9/site-packages/airflow/example_dags/example_branch_python_dop_operator_3.py
[2024-02-24T16:48:31.256-0600] {processor.py:830} INFO - Processing file /Users/vamseekrishna/Desktop/F1_Data_Warehouse/f1datawarehouse/lib/python3.9/site-packages/airflow/example_dags/example_branch_python_dop_operator_3.py for tasks to queue
[2024-02-24T16:48:31.257-0600] {logging_mixin.py:188} INFO - [2024-02-24T16:48:31.257-0600] {dagbag.py:538} INFO - Filling up the DagBag from /Users/vamseekrishna/Desktop/F1_Data_Warehouse/f1datawarehouse/lib/python3.9/site-packages/airflow/example_dags/example_branch_python_dop_operator_3.py
[2024-02-24T16:48:31.297-0600] {processor.py:840} INFO - DAG(s) 'example_branch_dop_operator_v3' retrieved from /Users/vamseekrishna/Desktop/F1_Data_Warehouse/f1datawarehouse/lib/python3.9/site-packages/airflow/example_dags/example_branch_python_dop_operator_3.py
[2024-02-24T16:48:31.342-0600] {logging_mixin.py:188} INFO - [2024-02-24T16:48:31.342-0600] {dag.py:3036} INFO - Sync 1 DAGs
[2024-02-24T16:48:31.353-0600] {logging_mixin.py:188} INFO - [2024-02-24T16:48:31.353-0600] {dag.py:3823} INFO - Setting next_dagrun for example_branch_dop_operator_v3 to 2024-02-24 22:47:00+00:00, run_after=2024-02-24 22:48:00+00:00
[2024-02-24T16:48:31.361-0600] {processor.py:183} INFO - Processing /Users/vamseekrishna/Desktop/F1_Data_Warehouse/f1datawarehouse/lib/python3.9/site-packages/airflow/example_dags/example_branch_python_dop_operator_3.py took 0.106 seconds
[2024-02-24T16:50:34.843-0600] {processor.py:161} INFO - Started process (PID=92301) to work on /Users/vamseekrishna/Desktop/F1_Data_Warehouse/f1datawarehouse/lib/python3.9/site-packages/airflow/example_dags/example_branch_python_dop_operator_3.py
[2024-02-24T16:50:34.844-0600] {processor.py:830} INFO - Processing file /Users/vamseekrishna/Desktop/F1_Data_Warehouse/f1datawarehouse/lib/python3.9/site-packages/airflow/example_dags/example_branch_python_dop_operator_3.py for tasks to queue
[2024-02-24T16:50:34.845-0600] {logging_mixin.py:188} INFO - [2024-02-24T16:50:34.844-0600] {dagbag.py:538} INFO - Filling up the DagBag from /Users/vamseekrishna/Desktop/F1_Data_Warehouse/f1datawarehouse/lib/python3.9/site-packages/airflow/example_dags/example_branch_python_dop_operator_3.py
[2024-02-24T16:50:34.897-0600] {processor.py:840} INFO - DAG(s) 'example_branch_dop_operator_v3' retrieved from /Users/vamseekrishna/Desktop/F1_Data_Warehouse/f1datawarehouse/lib/python3.9/site-packages/airflow/example_dags/example_branch_python_dop_operator_3.py
[2024-02-24T16:50:34.952-0600] {logging_mixin.py:188} INFO - [2024-02-24T16:50:34.952-0600] {dag.py:3036} INFO - Sync 1 DAGs
[2024-02-24T16:50:34.963-0600] {logging_mixin.py:188} INFO - [2024-02-24T16:50:34.962-0600] {dag.py:3823} INFO - Setting next_dagrun for example_branch_dop_operator_v3 to 2024-02-24 22:49:00+00:00, run_after=2024-02-24 22:50:00+00:00
[2024-02-24T16:50:34.970-0600] {processor.py:183} INFO - Processing /Users/vamseekrishna/Desktop/F1_Data_Warehouse/f1datawarehouse/lib/python3.9/site-packages/airflow/example_dags/example_branch_python_dop_operator_3.py took 0.129 seconds
[2024-02-24T16:52:39.338-0600] {processor.py:161} INFO - Started process (PID=92474) to work on /Users/vamseekrishna/Desktop/F1_Data_Warehouse/f1datawarehouse/lib/python3.9/site-packages/airflow/example_dags/example_branch_python_dop_operator_3.py
[2024-02-24T16:52:39.340-0600] {processor.py:830} INFO - Processing file /Users/vamseekrishna/Desktop/F1_Data_Warehouse/f1datawarehouse/lib/python3.9/site-packages/airflow/example_dags/example_branch_python_dop_operator_3.py for tasks to queue
[2024-02-24T16:52:39.340-0600] {logging_mixin.py:188} INFO - [2024-02-24T16:52:39.340-0600] {dagbag.py:538} INFO - Filling up the DagBag from /Users/vamseekrishna/Desktop/F1_Data_Warehouse/f1datawarehouse/lib/python3.9/site-packages/airflow/example_dags/example_branch_python_dop_operator_3.py
[2024-02-24T16:52:39.384-0600] {processor.py:840} INFO - DAG(s) 'example_branch_dop_operator_v3' retrieved from /Users/vamseekrishna/Desktop/F1_Data_Warehouse/f1datawarehouse/lib/python3.9/site-packages/airflow/example_dags/example_branch_python_dop_operator_3.py
[2024-02-24T16:52:39.432-0600] {logging_mixin.py:188} INFO - [2024-02-24T16:52:39.432-0600] {dag.py:3036} INFO - Sync 1 DAGs
[2024-02-24T16:52:39.442-0600] {logging_mixin.py:188} INFO - [2024-02-24T16:52:39.442-0600] {dag.py:3823} INFO - Setting next_dagrun for example_branch_dop_operator_v3 to 2024-02-24 22:51:00+00:00, run_after=2024-02-24 22:52:00+00:00
[2024-02-24T16:52:39.450-0600] {processor.py:183} INFO - Processing /Users/vamseekrishna/Desktop/F1_Data_Warehouse/f1datawarehouse/lib/python3.9/site-packages/airflow/example_dags/example_branch_python_dop_operator_3.py took 0.113 seconds
[2024-02-24T16:54:46.562-0600] {processor.py:161} INFO - Started process (PID=92659) to work on /Users/vamseekrishna/Desktop/F1_Data_Warehouse/f1datawarehouse/lib/python3.9/site-packages/airflow/example_dags/example_branch_python_dop_operator_3.py
[2024-02-24T16:54:46.564-0600] {processor.py:830} INFO - Processing file /Users/vamseekrishna/Desktop/F1_Data_Warehouse/f1datawarehouse/lib/python3.9/site-packages/airflow/example_dags/example_branch_python_dop_operator_3.py for tasks to queue
[2024-02-24T16:54:46.565-0600] {logging_mixin.py:188} INFO - [2024-02-24T16:54:46.565-0600] {dagbag.py:538} INFO - Filling up the DagBag from /Users/vamseekrishna/Desktop/F1_Data_Warehouse/f1datawarehouse/lib/python3.9/site-packages/airflow/example_dags/example_branch_python_dop_operator_3.py
[2024-02-24T16:54:46.611-0600] {processor.py:840} INFO - DAG(s) 'example_branch_dop_operator_v3' retrieved from /Users/vamseekrishna/Desktop/F1_Data_Warehouse/f1datawarehouse/lib/python3.9/site-packages/airflow/example_dags/example_branch_python_dop_operator_3.py
[2024-02-24T16:54:46.661-0600] {logging_mixin.py:188} INFO - [2024-02-24T16:54:46.661-0600] {dag.py:3036} INFO - Sync 1 DAGs
[2024-02-24T16:54:46.672-0600] {logging_mixin.py:188} INFO - [2024-02-24T16:54:46.672-0600] {dag.py:3823} INFO - Setting next_dagrun for example_branch_dop_operator_v3 to 2024-02-24 22:53:00+00:00, run_after=2024-02-24 22:54:00+00:00
[2024-02-24T16:54:46.680-0600] {processor.py:183} INFO - Processing /Users/vamseekrishna/Desktop/F1_Data_Warehouse/f1datawarehouse/lib/python3.9/site-packages/airflow/example_dags/example_branch_python_dop_operator_3.py took 0.119 seconds
[2024-02-24T16:56:57.597-0600] {processor.py:161} INFO - Started process (PID=92811) to work on /Users/vamseekrishna/Desktop/F1_Data_Warehouse/f1datawarehouse/lib/python3.9/site-packages/airflow/example_dags/example_branch_python_dop_operator_3.py
[2024-02-24T16:56:57.600-0600] {processor.py:830} INFO - Processing file /Users/vamseekrishna/Desktop/F1_Data_Warehouse/f1datawarehouse/lib/python3.9/site-packages/airflow/example_dags/example_branch_python_dop_operator_3.py for tasks to queue
[2024-02-24T16:56:57.600-0600] {logging_mixin.py:188} INFO - [2024-02-24T16:56:57.600-0600] {dagbag.py:538} INFO - Filling up the DagBag from /Users/vamseekrishna/Desktop/F1_Data_Warehouse/f1datawarehouse/lib/python3.9/site-packages/airflow/example_dags/example_branch_python_dop_operator_3.py
[2024-02-24T16:56:57.640-0600] {processor.py:840} INFO - DAG(s) 'example_branch_dop_operator_v3' retrieved from /Users/vamseekrishna/Desktop/F1_Data_Warehouse/f1datawarehouse/lib/python3.9/site-packages/airflow/example_dags/example_branch_python_dop_operator_3.py
[2024-02-24T16:56:57.685-0600] {logging_mixin.py:188} INFO - [2024-02-24T16:56:57.685-0600] {dag.py:3036} INFO - Sync 1 DAGs
[2024-02-24T16:56:57.696-0600] {logging_mixin.py:188} INFO - [2024-02-24T16:56:57.696-0600] {dag.py:3823} INFO - Setting next_dagrun for example_branch_dop_operator_v3 to 2024-02-24 22:55:00+00:00, run_after=2024-02-24 22:56:00+00:00
[2024-02-24T16:56:57.703-0600] {processor.py:183} INFO - Processing /Users/vamseekrishna/Desktop/F1_Data_Warehouse/f1datawarehouse/lib/python3.9/site-packages/airflow/example_dags/example_branch_python_dop_operator_3.py took 0.107 seconds
[2024-02-24T16:58:54.559-0600] {processor.py:161} INFO - Started process (PID=93003) to work on /Users/vamseekrishna/Desktop/F1_Data_Warehouse/f1datawarehouse/lib/python3.9/site-packages/airflow/example_dags/example_branch_python_dop_operator_3.py
[2024-02-24T16:58:54.560-0600] {processor.py:830} INFO - Processing file /Users/vamseekrishna/Desktop/F1_Data_Warehouse/f1datawarehouse/lib/python3.9/site-packages/airflow/example_dags/example_branch_python_dop_operator_3.py for tasks to queue
[2024-02-24T16:58:54.561-0600] {logging_mixin.py:188} INFO - [2024-02-24T16:58:54.561-0600] {dagbag.py:538} INFO - Filling up the DagBag from /Users/vamseekrishna/Desktop/F1_Data_Warehouse/f1datawarehouse/lib/python3.9/site-packages/airflow/example_dags/example_branch_python_dop_operator_3.py
[2024-02-24T16:58:54.601-0600] {processor.py:840} INFO - DAG(s) 'example_branch_dop_operator_v3' retrieved from /Users/vamseekrishna/Desktop/F1_Data_Warehouse/f1datawarehouse/lib/python3.9/site-packages/airflow/example_dags/example_branch_python_dop_operator_3.py
[2024-02-24T16:58:54.647-0600] {logging_mixin.py:188} INFO - [2024-02-24T16:58:54.647-0600] {dag.py:3036} INFO - Sync 1 DAGs
[2024-02-24T16:58:54.658-0600] {logging_mixin.py:188} INFO - [2024-02-24T16:58:54.658-0600] {dag.py:3823} INFO - Setting next_dagrun for example_branch_dop_operator_v3 to 2024-02-24 22:57:00+00:00, run_after=2024-02-24 22:58:00+00:00
[2024-02-24T16:58:54.666-0600] {processor.py:183} INFO - Processing /Users/vamseekrishna/Desktop/F1_Data_Warehouse/f1datawarehouse/lib/python3.9/site-packages/airflow/example_dags/example_branch_python_dop_operator_3.py took 0.108 seconds
[2024-02-24T17:01:04.225-0600] {processor.py:161} INFO - Started process (PID=93183) to work on /Users/vamseekrishna/Desktop/F1_Data_Warehouse/f1datawarehouse/lib/python3.9/site-packages/airflow/example_dags/example_branch_python_dop_operator_3.py
[2024-02-24T17:01:04.227-0600] {processor.py:830} INFO - Processing file /Users/vamseekrishna/Desktop/F1_Data_Warehouse/f1datawarehouse/lib/python3.9/site-packages/airflow/example_dags/example_branch_python_dop_operator_3.py for tasks to queue
[2024-02-24T17:01:04.227-0600] {logging_mixin.py:188} INFO - [2024-02-24T17:01:04.227-0600] {dagbag.py:538} INFO - Filling up the DagBag from /Users/vamseekrishna/Desktop/F1_Data_Warehouse/f1datawarehouse/lib/python3.9/site-packages/airflow/example_dags/example_branch_python_dop_operator_3.py
[2024-02-24T17:01:04.267-0600] {processor.py:840} INFO - DAG(s) 'example_branch_dop_operator_v3' retrieved from /Users/vamseekrishna/Desktop/F1_Data_Warehouse/f1datawarehouse/lib/python3.9/site-packages/airflow/example_dags/example_branch_python_dop_operator_3.py
[2024-02-24T17:01:04.313-0600] {logging_mixin.py:188} INFO - [2024-02-24T17:01:04.313-0600] {dag.py:3036} INFO - Sync 1 DAGs
[2024-02-24T17:01:04.323-0600] {logging_mixin.py:188} INFO - [2024-02-24T17:01:04.323-0600] {dag.py:3823} INFO - Setting next_dagrun for example_branch_dop_operator_v3 to 2024-02-24 23:00:00+00:00, run_after=2024-02-24 23:01:00+00:00
[2024-02-24T17:01:04.330-0600] {processor.py:183} INFO - Processing /Users/vamseekrishna/Desktop/F1_Data_Warehouse/f1datawarehouse/lib/python3.9/site-packages/airflow/example_dags/example_branch_python_dop_operator_3.py took 0.106 seconds
[2024-02-24T17:02:56.905-0600] {processor.py:161} INFO - Started process (PID=93315) to work on /Users/vamseekrishna/Desktop/F1_Data_Warehouse/f1datawarehouse/lib/python3.9/site-packages/airflow/example_dags/example_branch_python_dop_operator_3.py
[2024-02-24T17:02:56.907-0600] {processor.py:830} INFO - Processing file /Users/vamseekrishna/Desktop/F1_Data_Warehouse/f1datawarehouse/lib/python3.9/site-packages/airflow/example_dags/example_branch_python_dop_operator_3.py for tasks to queue
[2024-02-24T17:02:56.907-0600] {logging_mixin.py:188} INFO - [2024-02-24T17:02:56.907-0600] {dagbag.py:538} INFO - Filling up the DagBag from /Users/vamseekrishna/Desktop/F1_Data_Warehouse/f1datawarehouse/lib/python3.9/site-packages/airflow/example_dags/example_branch_python_dop_operator_3.py
[2024-02-24T17:02:56.947-0600] {processor.py:840} INFO - DAG(s) 'example_branch_dop_operator_v3' retrieved from /Users/vamseekrishna/Desktop/F1_Data_Warehouse/f1datawarehouse/lib/python3.9/site-packages/airflow/example_dags/example_branch_python_dop_operator_3.py
[2024-02-24T17:02:56.992-0600] {logging_mixin.py:188} INFO - [2024-02-24T17:02:56.992-0600] {dag.py:3036} INFO - Sync 1 DAGs
[2024-02-24T17:02:57.003-0600] {logging_mixin.py:188} INFO - [2024-02-24T17:02:57.002-0600] {dag.py:3823} INFO - Setting next_dagrun for example_branch_dop_operator_v3 to 2024-02-24 23:01:00+00:00, run_after=2024-02-24 23:02:00+00:00
[2024-02-24T17:02:57.010-0600] {processor.py:183} INFO - Processing /Users/vamseekrishna/Desktop/F1_Data_Warehouse/f1datawarehouse/lib/python3.9/site-packages/airflow/example_dags/example_branch_python_dop_operator_3.py took 0.105 seconds
[2024-02-24T17:05:01.321-0600] {processor.py:161} INFO - Started process (PID=93459) to work on /Users/vamseekrishna/Desktop/F1_Data_Warehouse/f1datawarehouse/lib/python3.9/site-packages/airflow/example_dags/example_branch_python_dop_operator_3.py
[2024-02-24T17:05:01.323-0600] {processor.py:830} INFO - Processing file /Users/vamseekrishna/Desktop/F1_Data_Warehouse/f1datawarehouse/lib/python3.9/site-packages/airflow/example_dags/example_branch_python_dop_operator_3.py for tasks to queue
[2024-02-24T17:05:01.324-0600] {logging_mixin.py:188} INFO - [2024-02-24T17:05:01.324-0600] {dagbag.py:538} INFO - Filling up the DagBag from /Users/vamseekrishna/Desktop/F1_Data_Warehouse/f1datawarehouse/lib/python3.9/site-packages/airflow/example_dags/example_branch_python_dop_operator_3.py
[2024-02-24T17:05:01.377-0600] {processor.py:840} INFO - DAG(s) 'example_branch_dop_operator_v3' retrieved from /Users/vamseekrishna/Desktop/F1_Data_Warehouse/f1datawarehouse/lib/python3.9/site-packages/airflow/example_dags/example_branch_python_dop_operator_3.py
[2024-02-24T17:05:01.441-0600] {logging_mixin.py:188} INFO - [2024-02-24T17:05:01.441-0600] {dag.py:3036} INFO - Sync 1 DAGs
[2024-02-24T17:05:01.454-0600] {logging_mixin.py:188} INFO - [2024-02-24T17:05:01.454-0600] {dag.py:3823} INFO - Setting next_dagrun for example_branch_dop_operator_v3 to 2024-02-24 23:04:00+00:00, run_after=2024-02-24 23:05:00+00:00
[2024-02-24T17:05:01.463-0600] {processor.py:183} INFO - Processing /Users/vamseekrishna/Desktop/F1_Data_Warehouse/f1datawarehouse/lib/python3.9/site-packages/airflow/example_dags/example_branch_python_dop_operator_3.py took 0.143 seconds
[2024-02-24T17:07:04.513-0600] {processor.py:161} INFO - Started process (PID=93578) to work on /Users/vamseekrishna/Desktop/F1_Data_Warehouse/f1datawarehouse/lib/python3.9/site-packages/airflow/example_dags/example_branch_python_dop_operator_3.py
[2024-02-24T17:07:04.515-0600] {processor.py:830} INFO - Processing file /Users/vamseekrishna/Desktop/F1_Data_Warehouse/f1datawarehouse/lib/python3.9/site-packages/airflow/example_dags/example_branch_python_dop_operator_3.py for tasks to queue
[2024-02-24T17:07:04.516-0600] {logging_mixin.py:188} INFO - [2024-02-24T17:07:04.516-0600] {dagbag.py:538} INFO - Filling up the DagBag from /Users/vamseekrishna/Desktop/F1_Data_Warehouse/f1datawarehouse/lib/python3.9/site-packages/airflow/example_dags/example_branch_python_dop_operator_3.py
[2024-02-24T17:07:04.557-0600] {processor.py:840} INFO - DAG(s) 'example_branch_dop_operator_v3' retrieved from /Users/vamseekrishna/Desktop/F1_Data_Warehouse/f1datawarehouse/lib/python3.9/site-packages/airflow/example_dags/example_branch_python_dop_operator_3.py
[2024-02-24T17:07:04.604-0600] {logging_mixin.py:188} INFO - [2024-02-24T17:07:04.603-0600] {dag.py:3036} INFO - Sync 1 DAGs
[2024-02-24T17:07:04.614-0600] {logging_mixin.py:188} INFO - [2024-02-24T17:07:04.614-0600] {dag.py:3823} INFO - Setting next_dagrun for example_branch_dop_operator_v3 to 2024-02-24 23:06:00+00:00, run_after=2024-02-24 23:07:00+00:00
[2024-02-24T17:07:04.622-0600] {processor.py:183} INFO - Processing /Users/vamseekrishna/Desktop/F1_Data_Warehouse/f1datawarehouse/lib/python3.9/site-packages/airflow/example_dags/example_branch_python_dop_operator_3.py took 0.109 seconds
[2024-02-24T17:09:08.999-0600] {processor.py:161} INFO - Started process (PID=93680) to work on /Users/vamseekrishna/Desktop/F1_Data_Warehouse/f1datawarehouse/lib/python3.9/site-packages/airflow/example_dags/example_branch_python_dop_operator_3.py
[2024-02-24T17:09:09.001-0600] {processor.py:830} INFO - Processing file /Users/vamseekrishna/Desktop/F1_Data_Warehouse/f1datawarehouse/lib/python3.9/site-packages/airflow/example_dags/example_branch_python_dop_operator_3.py for tasks to queue
[2024-02-24T17:09:09.001-0600] {logging_mixin.py:188} INFO - [2024-02-24T17:09:09.001-0600] {dagbag.py:538} INFO - Filling up the DagBag from /Users/vamseekrishna/Desktop/F1_Data_Warehouse/f1datawarehouse/lib/python3.9/site-packages/airflow/example_dags/example_branch_python_dop_operator_3.py
[2024-02-24T17:09:09.041-0600] {processor.py:840} INFO - DAG(s) 'example_branch_dop_operator_v3' retrieved from /Users/vamseekrishna/Desktop/F1_Data_Warehouse/f1datawarehouse/lib/python3.9/site-packages/airflow/example_dags/example_branch_python_dop_operator_3.py
[2024-02-24T17:09:09.090-0600] {logging_mixin.py:188} INFO - [2024-02-24T17:09:09.090-0600] {dag.py:3036} INFO - Sync 1 DAGs
[2024-02-24T17:09:09.100-0600] {logging_mixin.py:188} INFO - [2024-02-24T17:09:09.100-0600] {dag.py:3823} INFO - Setting next_dagrun for example_branch_dop_operator_v3 to 2024-02-24 23:08:00+00:00, run_after=2024-02-24 23:09:00+00:00
[2024-02-24T17:09:09.108-0600] {processor.py:183} INFO - Processing /Users/vamseekrishna/Desktop/F1_Data_Warehouse/f1datawarehouse/lib/python3.9/site-packages/airflow/example_dags/example_branch_python_dop_operator_3.py took 0.110 seconds
[2024-02-24T17:11:18.632-0600] {processor.py:161} INFO - Started process (PID=93804) to work on /Users/vamseekrishna/Desktop/F1_Data_Warehouse/f1datawarehouse/lib/python3.9/site-packages/airflow/example_dags/example_branch_python_dop_operator_3.py
[2024-02-24T17:11:18.634-0600] {processor.py:830} INFO - Processing file /Users/vamseekrishna/Desktop/F1_Data_Warehouse/f1datawarehouse/lib/python3.9/site-packages/airflow/example_dags/example_branch_python_dop_operator_3.py for tasks to queue
[2024-02-24T17:11:18.635-0600] {logging_mixin.py:188} INFO - [2024-02-24T17:11:18.635-0600] {dagbag.py:538} INFO - Filling up the DagBag from /Users/vamseekrishna/Desktop/F1_Data_Warehouse/f1datawarehouse/lib/python3.9/site-packages/airflow/example_dags/example_branch_python_dop_operator_3.py
[2024-02-24T17:11:18.678-0600] {processor.py:840} INFO - DAG(s) 'example_branch_dop_operator_v3' retrieved from /Users/vamseekrishna/Desktop/F1_Data_Warehouse/f1datawarehouse/lib/python3.9/site-packages/airflow/example_dags/example_branch_python_dop_operator_3.py
[2024-02-24T17:11:18.725-0600] {logging_mixin.py:188} INFO - [2024-02-24T17:11:18.725-0600] {dag.py:3036} INFO - Sync 1 DAGs
[2024-02-24T17:11:18.736-0600] {logging_mixin.py:188} INFO - [2024-02-24T17:11:18.736-0600] {dag.py:3823} INFO - Setting next_dagrun for example_branch_dop_operator_v3 to 2024-02-24 23:10:00+00:00, run_after=2024-02-24 23:11:00+00:00
[2024-02-24T17:11:18.744-0600] {processor.py:183} INFO - Processing /Users/vamseekrishna/Desktop/F1_Data_Warehouse/f1datawarehouse/lib/python3.9/site-packages/airflow/example_dags/example_branch_python_dop_operator_3.py took 0.113 seconds
[2024-02-24T17:13:21.850-0600] {processor.py:161} INFO - Started process (PID=93919) to work on /Users/vamseekrishna/Desktop/F1_Data_Warehouse/f1datawarehouse/lib/python3.9/site-packages/airflow/example_dags/example_branch_python_dop_operator_3.py
[2024-02-24T17:13:21.854-0600] {processor.py:830} INFO - Processing file /Users/vamseekrishna/Desktop/F1_Data_Warehouse/f1datawarehouse/lib/python3.9/site-packages/airflow/example_dags/example_branch_python_dop_operator_3.py for tasks to queue
[2024-02-24T17:13:21.855-0600] {logging_mixin.py:188} INFO - [2024-02-24T17:13:21.855-0600] {dagbag.py:538} INFO - Filling up the DagBag from /Users/vamseekrishna/Desktop/F1_Data_Warehouse/f1datawarehouse/lib/python3.9/site-packages/airflow/example_dags/example_branch_python_dop_operator_3.py
[2024-02-24T17:13:21.915-0600] {processor.py:840} INFO - DAG(s) 'example_branch_dop_operator_v3' retrieved from /Users/vamseekrishna/Desktop/F1_Data_Warehouse/f1datawarehouse/lib/python3.9/site-packages/airflow/example_dags/example_branch_python_dop_operator_3.py
[2024-02-24T17:13:21.976-0600] {logging_mixin.py:188} INFO - [2024-02-24T17:13:21.976-0600] {dag.py:3036} INFO - Sync 1 DAGs
[2024-02-24T17:13:21.988-0600] {logging_mixin.py:188} INFO - [2024-02-24T17:13:21.988-0600] {dag.py:3823} INFO - Setting next_dagrun for example_branch_dop_operator_v3 to 2024-02-24 23:12:00+00:00, run_after=2024-02-24 23:13:00+00:00
[2024-02-24T17:13:21.998-0600] {processor.py:183} INFO - Processing /Users/vamseekrishna/Desktop/F1_Data_Warehouse/f1datawarehouse/lib/python3.9/site-packages/airflow/example_dags/example_branch_python_dop_operator_3.py took 0.149 seconds
[2024-02-24T17:15:32.237-0600] {processor.py:161} INFO - Started process (PID=94052) to work on /Users/vamseekrishna/Desktop/F1_Data_Warehouse/f1datawarehouse/lib/python3.9/site-packages/airflow/example_dags/example_branch_python_dop_operator_3.py
[2024-02-24T17:15:32.239-0600] {processor.py:830} INFO - Processing file /Users/vamseekrishna/Desktop/F1_Data_Warehouse/f1datawarehouse/lib/python3.9/site-packages/airflow/example_dags/example_branch_python_dop_operator_3.py for tasks to queue
[2024-02-24T17:15:32.239-0600] {logging_mixin.py:188} INFO - [2024-02-24T17:15:32.239-0600] {dagbag.py:538} INFO - Filling up the DagBag from /Users/vamseekrishna/Desktop/F1_Data_Warehouse/f1datawarehouse/lib/python3.9/site-packages/airflow/example_dags/example_branch_python_dop_operator_3.py
[2024-02-24T17:15:32.282-0600] {processor.py:840} INFO - DAG(s) 'example_branch_dop_operator_v3' retrieved from /Users/vamseekrishna/Desktop/F1_Data_Warehouse/f1datawarehouse/lib/python3.9/site-packages/airflow/example_dags/example_branch_python_dop_operator_3.py
[2024-02-24T17:15:32.328-0600] {logging_mixin.py:188} INFO - [2024-02-24T17:15:32.328-0600] {dag.py:3036} INFO - Sync 1 DAGs
[2024-02-24T17:15:32.339-0600] {logging_mixin.py:188} INFO - [2024-02-24T17:15:32.339-0600] {dag.py:3823} INFO - Setting next_dagrun for example_branch_dop_operator_v3 to 2024-02-24 23:14:00+00:00, run_after=2024-02-24 23:15:00+00:00
[2024-02-24T17:15:32.346-0600] {processor.py:183} INFO - Processing /Users/vamseekrishna/Desktop/F1_Data_Warehouse/f1datawarehouse/lib/python3.9/site-packages/airflow/example_dags/example_branch_python_dop_operator_3.py took 0.110 seconds
[2024-02-24T17:17:32.697-0600] {processor.py:161} INFO - Started process (PID=94160) to work on /Users/vamseekrishna/Desktop/F1_Data_Warehouse/f1datawarehouse/lib/python3.9/site-packages/airflow/example_dags/example_branch_python_dop_operator_3.py
[2024-02-24T17:17:32.698-0600] {processor.py:830} INFO - Processing file /Users/vamseekrishna/Desktop/F1_Data_Warehouse/f1datawarehouse/lib/python3.9/site-packages/airflow/example_dags/example_branch_python_dop_operator_3.py for tasks to queue
[2024-02-24T17:17:32.699-0600] {logging_mixin.py:188} INFO - [2024-02-24T17:17:32.698-0600] {dagbag.py:538} INFO - Filling up the DagBag from /Users/vamseekrishna/Desktop/F1_Data_Warehouse/f1datawarehouse/lib/python3.9/site-packages/airflow/example_dags/example_branch_python_dop_operator_3.py
[2024-02-24T17:17:32.740-0600] {processor.py:840} INFO - DAG(s) 'example_branch_dop_operator_v3' retrieved from /Users/vamseekrishna/Desktop/F1_Data_Warehouse/f1datawarehouse/lib/python3.9/site-packages/airflow/example_dags/example_branch_python_dop_operator_3.py
[2024-02-24T17:17:32.788-0600] {logging_mixin.py:188} INFO - [2024-02-24T17:17:32.788-0600] {dag.py:3036} INFO - Sync 1 DAGs
[2024-02-24T17:17:32.798-0600] {logging_mixin.py:188} INFO - [2024-02-24T17:17:32.798-0600] {dag.py:3823} INFO - Setting next_dagrun for example_branch_dop_operator_v3 to 2024-02-24 23:16:00+00:00, run_after=2024-02-24 23:17:00+00:00
[2024-02-24T17:17:32.806-0600] {processor.py:183} INFO - Processing /Users/vamseekrishna/Desktop/F1_Data_Warehouse/f1datawarehouse/lib/python3.9/site-packages/airflow/example_dags/example_branch_python_dop_operator_3.py took 0.110 seconds
[2024-02-24T17:19:33.170-0600] {processor.py:161} INFO - Started process (PID=94253) to work on /Users/vamseekrishna/Desktop/F1_Data_Warehouse/f1datawarehouse/lib/python3.9/site-packages/airflow/example_dags/example_branch_python_dop_operator_3.py
[2024-02-24T17:19:33.172-0600] {processor.py:830} INFO - Processing file /Users/vamseekrishna/Desktop/F1_Data_Warehouse/f1datawarehouse/lib/python3.9/site-packages/airflow/example_dags/example_branch_python_dop_operator_3.py for tasks to queue
[2024-02-24T17:19:33.172-0600] {logging_mixin.py:188} INFO - [2024-02-24T17:19:33.172-0600] {dagbag.py:538} INFO - Filling up the DagBag from /Users/vamseekrishna/Desktop/F1_Data_Warehouse/f1datawarehouse/lib/python3.9/site-packages/airflow/example_dags/example_branch_python_dop_operator_3.py
[2024-02-24T17:19:33.218-0600] {processor.py:840} INFO - DAG(s) 'example_branch_dop_operator_v3' retrieved from /Users/vamseekrishna/Desktop/F1_Data_Warehouse/f1datawarehouse/lib/python3.9/site-packages/airflow/example_dags/example_branch_python_dop_operator_3.py
[2024-02-24T17:19:33.263-0600] {logging_mixin.py:188} INFO - [2024-02-24T17:19:33.263-0600] {dag.py:3036} INFO - Sync 1 DAGs
[2024-02-24T17:19:33.274-0600] {logging_mixin.py:188} INFO - [2024-02-24T17:19:33.274-0600] {dag.py:3823} INFO - Setting next_dagrun for example_branch_dop_operator_v3 to 2024-02-24 23:18:00+00:00, run_after=2024-02-24 23:19:00+00:00
[2024-02-24T17:19:33.281-0600] {processor.py:183} INFO - Processing /Users/vamseekrishna/Desktop/F1_Data_Warehouse/f1datawarehouse/lib/python3.9/site-packages/airflow/example_dags/example_branch_python_dop_operator_3.py took 0.112 seconds
[2024-02-24T17:21:27.958-0600] {processor.py:161} INFO - Started process (PID=94354) to work on /Users/vamseekrishna/Desktop/F1_Data_Warehouse/f1datawarehouse/lib/python3.9/site-packages/airflow/example_dags/example_branch_python_dop_operator_3.py
[2024-02-24T17:21:27.960-0600] {processor.py:830} INFO - Processing file /Users/vamseekrishna/Desktop/F1_Data_Warehouse/f1datawarehouse/lib/python3.9/site-packages/airflow/example_dags/example_branch_python_dop_operator_3.py for tasks to queue
[2024-02-24T17:21:27.960-0600] {logging_mixin.py:188} INFO - [2024-02-24T17:21:27.960-0600] {dagbag.py:538} INFO - Filling up the DagBag from /Users/vamseekrishna/Desktop/F1_Data_Warehouse/f1datawarehouse/lib/python3.9/site-packages/airflow/example_dags/example_branch_python_dop_operator_3.py
[2024-02-24T17:21:28.014-0600] {processor.py:840} INFO - DAG(s) 'example_branch_dop_operator_v3' retrieved from /Users/vamseekrishna/Desktop/F1_Data_Warehouse/f1datawarehouse/lib/python3.9/site-packages/airflow/example_dags/example_branch_python_dop_operator_3.py
[2024-02-24T17:21:28.069-0600] {logging_mixin.py:188} INFO - [2024-02-24T17:21:28.068-0600] {dag.py:3036} INFO - Sync 1 DAGs
[2024-02-24T17:21:28.085-0600] {logging_mixin.py:188} INFO - [2024-02-24T17:21:28.085-0600] {dag.py:3823} INFO - Setting next_dagrun for example_branch_dop_operator_v3 to 2024-02-24 23:20:00+00:00, run_after=2024-02-24 23:21:00+00:00
[2024-02-24T17:21:28.094-0600] {processor.py:183} INFO - Processing /Users/vamseekrishna/Desktop/F1_Data_Warehouse/f1datawarehouse/lib/python3.9/site-packages/airflow/example_dags/example_branch_python_dop_operator_3.py took 0.137 seconds
[2024-02-24T17:23:36.690-0600] {processor.py:161} INFO - Started process (PID=94597) to work on /Users/vamseekrishna/Desktop/F1_Data_Warehouse/f1datawarehouse/lib/python3.9/site-packages/airflow/example_dags/example_branch_python_dop_operator_3.py
[2024-02-24T17:23:36.691-0600] {processor.py:830} INFO - Processing file /Users/vamseekrishna/Desktop/F1_Data_Warehouse/f1datawarehouse/lib/python3.9/site-packages/airflow/example_dags/example_branch_python_dop_operator_3.py for tasks to queue
[2024-02-24T17:23:36.691-0600] {logging_mixin.py:188} INFO - [2024-02-24T17:23:36.691-0600] {dagbag.py:538} INFO - Filling up the DagBag from /Users/vamseekrishna/Desktop/F1_Data_Warehouse/f1datawarehouse/lib/python3.9/site-packages/airflow/example_dags/example_branch_python_dop_operator_3.py
[2024-02-24T17:23:36.709-0600] {processor.py:840} INFO - DAG(s) 'example_branch_dop_operator_v3' retrieved from /Users/vamseekrishna/Desktop/F1_Data_Warehouse/f1datawarehouse/lib/python3.9/site-packages/airflow/example_dags/example_branch_python_dop_operator_3.py
[2024-02-24T17:23:36.754-0600] {logging_mixin.py:188} INFO - [2024-02-24T17:23:36.754-0600] {dag.py:3036} INFO - Sync 1 DAGs
[2024-02-24T17:23:36.765-0600] {logging_mixin.py:188} INFO - [2024-02-24T17:23:36.765-0600] {dag.py:3823} INFO - Setting next_dagrun for example_branch_dop_operator_v3 to 2024-02-24 23:22:00+00:00, run_after=2024-02-24 23:23:00+00:00
[2024-02-24T17:23:36.774-0600] {processor.py:183} INFO - Processing /Users/vamseekrishna/Desktop/F1_Data_Warehouse/f1datawarehouse/lib/python3.9/site-packages/airflow/example_dags/example_branch_python_dop_operator_3.py took 0.085 seconds
[2024-02-24T17:25:42.198-0600] {processor.py:161} INFO - Started process (PID=94721) to work on /Users/vamseekrishna/Desktop/F1_Data_Warehouse/f1datawarehouse/lib/python3.9/site-packages/airflow/example_dags/example_branch_python_dop_operator_3.py
[2024-02-24T17:25:42.200-0600] {processor.py:830} INFO - Processing file /Users/vamseekrishna/Desktop/F1_Data_Warehouse/f1datawarehouse/lib/python3.9/site-packages/airflow/example_dags/example_branch_python_dop_operator_3.py for tasks to queue
[2024-02-24T17:25:42.200-0600] {logging_mixin.py:188} INFO - [2024-02-24T17:25:42.200-0600] {dagbag.py:538} INFO - Filling up the DagBag from /Users/vamseekrishna/Desktop/F1_Data_Warehouse/f1datawarehouse/lib/python3.9/site-packages/airflow/example_dags/example_branch_python_dop_operator_3.py
[2024-02-24T17:25:42.217-0600] {processor.py:840} INFO - DAG(s) 'example_branch_dop_operator_v3' retrieved from /Users/vamseekrishna/Desktop/F1_Data_Warehouse/f1datawarehouse/lib/python3.9/site-packages/airflow/example_dags/example_branch_python_dop_operator_3.py
[2024-02-24T17:25:42.264-0600] {logging_mixin.py:188} INFO - [2024-02-24T17:25:42.264-0600] {dag.py:3036} INFO - Sync 1 DAGs
[2024-02-24T17:25:42.274-0600] {logging_mixin.py:188} INFO - [2024-02-24T17:25:42.274-0600] {dag.py:3823} INFO - Setting next_dagrun for example_branch_dop_operator_v3 to 2024-02-24 23:24:00+00:00, run_after=2024-02-24 23:25:00+00:00
[2024-02-24T17:25:42.282-0600] {processor.py:183} INFO - Processing /Users/vamseekrishna/Desktop/F1_Data_Warehouse/f1datawarehouse/lib/python3.9/site-packages/airflow/example_dags/example_branch_python_dop_operator_3.py took 0.085 seconds
[2024-02-24T17:27:40.707-0600] {processor.py:161} INFO - Started process (PID=94810) to work on /Users/vamseekrishna/Desktop/F1_Data_Warehouse/f1datawarehouse/lib/python3.9/site-packages/airflow/example_dags/example_branch_python_dop_operator_3.py
[2024-02-24T17:27:40.708-0600] {processor.py:830} INFO - Processing file /Users/vamseekrishna/Desktop/F1_Data_Warehouse/f1datawarehouse/lib/python3.9/site-packages/airflow/example_dags/example_branch_python_dop_operator_3.py for tasks to queue
[2024-02-24T17:27:40.708-0600] {logging_mixin.py:188} INFO - [2024-02-24T17:27:40.708-0600] {dagbag.py:538} INFO - Filling up the DagBag from /Users/vamseekrishna/Desktop/F1_Data_Warehouse/f1datawarehouse/lib/python3.9/site-packages/airflow/example_dags/example_branch_python_dop_operator_3.py
[2024-02-24T17:27:40.724-0600] {processor.py:840} INFO - DAG(s) 'example_branch_dop_operator_v3' retrieved from /Users/vamseekrishna/Desktop/F1_Data_Warehouse/f1datawarehouse/lib/python3.9/site-packages/airflow/example_dags/example_branch_python_dop_operator_3.py
[2024-02-24T17:27:40.771-0600] {logging_mixin.py:188} INFO - [2024-02-24T17:27:40.771-0600] {dag.py:3036} INFO - Sync 1 DAGs
[2024-02-24T17:27:40.782-0600] {logging_mixin.py:188} INFO - [2024-02-24T17:27:40.782-0600] {dag.py:3823} INFO - Setting next_dagrun for example_branch_dop_operator_v3 to 2024-02-24 23:26:00+00:00, run_after=2024-02-24 23:27:00+00:00
[2024-02-24T17:27:40.791-0600] {processor.py:183} INFO - Processing /Users/vamseekrishna/Desktop/F1_Data_Warehouse/f1datawarehouse/lib/python3.9/site-packages/airflow/example_dags/example_branch_python_dop_operator_3.py took 0.085 seconds
[2024-02-24T17:29:42.256-0600] {processor.py:161} INFO - Started process (PID=94905) to work on /Users/vamseekrishna/Desktop/F1_Data_Warehouse/f1datawarehouse/lib/python3.9/site-packages/airflow/example_dags/example_branch_python_dop_operator_3.py
[2024-02-24T17:29:42.259-0600] {processor.py:830} INFO - Processing file /Users/vamseekrishna/Desktop/F1_Data_Warehouse/f1datawarehouse/lib/python3.9/site-packages/airflow/example_dags/example_branch_python_dop_operator_3.py for tasks to queue
[2024-02-24T17:29:42.259-0600] {logging_mixin.py:188} INFO - [2024-02-24T17:29:42.259-0600] {dagbag.py:538} INFO - Filling up the DagBag from /Users/vamseekrishna/Desktop/F1_Data_Warehouse/f1datawarehouse/lib/python3.9/site-packages/airflow/example_dags/example_branch_python_dop_operator_3.py
[2024-02-24T17:29:42.275-0600] {processor.py:840} INFO - DAG(s) 'example_branch_dop_operator_v3' retrieved from /Users/vamseekrishna/Desktop/F1_Data_Warehouse/f1datawarehouse/lib/python3.9/site-packages/airflow/example_dags/example_branch_python_dop_operator_3.py
[2024-02-24T17:29:42.320-0600] {logging_mixin.py:188} INFO - [2024-02-24T17:29:42.320-0600] {dag.py:3036} INFO - Sync 1 DAGs
[2024-02-24T17:29:42.331-0600] {logging_mixin.py:188} INFO - [2024-02-24T17:29:42.331-0600] {dag.py:3823} INFO - Setting next_dagrun for example_branch_dop_operator_v3 to 2024-02-24 23:28:00+00:00, run_after=2024-02-24 23:29:00+00:00
[2024-02-24T17:29:42.339-0600] {processor.py:183} INFO - Processing /Users/vamseekrishna/Desktop/F1_Data_Warehouse/f1datawarehouse/lib/python3.9/site-packages/airflow/example_dags/example_branch_python_dop_operator_3.py took 0.083 seconds
[2024-02-24T17:31:37.991-0600] {processor.py:161} INFO - Started process (PID=94994) to work on /Users/vamseekrishna/Desktop/F1_Data_Warehouse/f1datawarehouse/lib/python3.9/site-packages/airflow/example_dags/example_branch_python_dop_operator_3.py
[2024-02-24T17:31:37.993-0600] {processor.py:830} INFO - Processing file /Users/vamseekrishna/Desktop/F1_Data_Warehouse/f1datawarehouse/lib/python3.9/site-packages/airflow/example_dags/example_branch_python_dop_operator_3.py for tasks to queue
[2024-02-24T17:31:37.993-0600] {logging_mixin.py:188} INFO - [2024-02-24T17:31:37.993-0600] {dagbag.py:538} INFO - Filling up the DagBag from /Users/vamseekrishna/Desktop/F1_Data_Warehouse/f1datawarehouse/lib/python3.9/site-packages/airflow/example_dags/example_branch_python_dop_operator_3.py
[2024-02-24T17:31:38.010-0600] {processor.py:840} INFO - DAG(s) 'example_branch_dop_operator_v3' retrieved from /Users/vamseekrishna/Desktop/F1_Data_Warehouse/f1datawarehouse/lib/python3.9/site-packages/airflow/example_dags/example_branch_python_dop_operator_3.py
[2024-02-24T17:31:38.055-0600] {logging_mixin.py:188} INFO - [2024-02-24T17:31:38.055-0600] {dag.py:3036} INFO - Sync 1 DAGs
[2024-02-24T17:31:38.066-0600] {logging_mixin.py:188} INFO - [2024-02-24T17:31:38.066-0600] {dag.py:3823} INFO - Setting next_dagrun for example_branch_dop_operator_v3 to 2024-02-24 23:30:00+00:00, run_after=2024-02-24 23:31:00+00:00
[2024-02-24T17:31:38.074-0600] {processor.py:183} INFO - Processing /Users/vamseekrishna/Desktop/F1_Data_Warehouse/f1datawarehouse/lib/python3.9/site-packages/airflow/example_dags/example_branch_python_dop_operator_3.py took 0.083 seconds
[2024-02-24T17:33:37.211-0600] {processor.py:161} INFO - Started process (PID=95102) to work on /Users/vamseekrishna/Desktop/F1_Data_Warehouse/f1datawarehouse/lib/python3.9/site-packages/airflow/example_dags/example_branch_python_dop_operator_3.py
[2024-02-24T17:33:37.213-0600] {processor.py:830} INFO - Processing file /Users/vamseekrishna/Desktop/F1_Data_Warehouse/f1datawarehouse/lib/python3.9/site-packages/airflow/example_dags/example_branch_python_dop_operator_3.py for tasks to queue
[2024-02-24T17:33:37.213-0600] {logging_mixin.py:188} INFO - [2024-02-24T17:33:37.213-0600] {dagbag.py:538} INFO - Filling up the DagBag from /Users/vamseekrishna/Desktop/F1_Data_Warehouse/f1datawarehouse/lib/python3.9/site-packages/airflow/example_dags/example_branch_python_dop_operator_3.py
[2024-02-24T17:33:37.229-0600] {processor.py:840} INFO - DAG(s) 'example_branch_dop_operator_v3' retrieved from /Users/vamseekrishna/Desktop/F1_Data_Warehouse/f1datawarehouse/lib/python3.9/site-packages/airflow/example_dags/example_branch_python_dop_operator_3.py
[2024-02-24T17:33:37.275-0600] {logging_mixin.py:188} INFO - [2024-02-24T17:33:37.275-0600] {dag.py:3036} INFO - Sync 1 DAGs
[2024-02-24T17:33:37.285-0600] {logging_mixin.py:188} INFO - [2024-02-24T17:33:37.285-0600] {dag.py:3823} INFO - Setting next_dagrun for example_branch_dop_operator_v3 to 2024-02-24 23:32:00+00:00, run_after=2024-02-24 23:33:00+00:00
[2024-02-24T17:33:37.293-0600] {processor.py:183} INFO - Processing /Users/vamseekrishna/Desktop/F1_Data_Warehouse/f1datawarehouse/lib/python3.9/site-packages/airflow/example_dags/example_branch_python_dop_operator_3.py took 0.083 seconds
[2024-02-24T17:35:34.780-0600] {processor.py:161} INFO - Started process (PID=95196) to work on /Users/vamseekrishna/Desktop/F1_Data_Warehouse/f1datawarehouse/lib/python3.9/site-packages/airflow/example_dags/example_branch_python_dop_operator_3.py
[2024-02-24T17:35:34.782-0600] {processor.py:830} INFO - Processing file /Users/vamseekrishna/Desktop/F1_Data_Warehouse/f1datawarehouse/lib/python3.9/site-packages/airflow/example_dags/example_branch_python_dop_operator_3.py for tasks to queue
[2024-02-24T17:35:34.782-0600] {logging_mixin.py:188} INFO - [2024-02-24T17:35:34.782-0600] {dagbag.py:538} INFO - Filling up the DagBag from /Users/vamseekrishna/Desktop/F1_Data_Warehouse/f1datawarehouse/lib/python3.9/site-packages/airflow/example_dags/example_branch_python_dop_operator_3.py
[2024-02-24T17:35:34.798-0600] {processor.py:840} INFO - DAG(s) 'example_branch_dop_operator_v3' retrieved from /Users/vamseekrishna/Desktop/F1_Data_Warehouse/f1datawarehouse/lib/python3.9/site-packages/airflow/example_dags/example_branch_python_dop_operator_3.py
[2024-02-24T17:35:34.845-0600] {logging_mixin.py:188} INFO - [2024-02-24T17:35:34.844-0600] {dag.py:3036} INFO - Sync 1 DAGs
[2024-02-24T17:35:34.855-0600] {logging_mixin.py:188} INFO - [2024-02-24T17:35:34.855-0600] {dag.py:3823} INFO - Setting next_dagrun for example_branch_dop_operator_v3 to 2024-02-24 23:34:00+00:00, run_after=2024-02-24 23:35:00+00:00
[2024-02-24T17:35:34.863-0600] {processor.py:183} INFO - Processing /Users/vamseekrishna/Desktop/F1_Data_Warehouse/f1datawarehouse/lib/python3.9/site-packages/airflow/example_dags/example_branch_python_dop_operator_3.py took 0.084 seconds
[2024-02-24T17:37:29.846-0600] {processor.py:161} INFO - Started process (PID=95330) to work on /Users/vamseekrishna/Desktop/F1_Data_Warehouse/f1datawarehouse/lib/python3.9/site-packages/airflow/example_dags/example_branch_python_dop_operator_3.py
[2024-02-24T17:37:29.848-0600] {processor.py:830} INFO - Processing file /Users/vamseekrishna/Desktop/F1_Data_Warehouse/f1datawarehouse/lib/python3.9/site-packages/airflow/example_dags/example_branch_python_dop_operator_3.py for tasks to queue
[2024-02-24T17:37:29.848-0600] {logging_mixin.py:188} INFO - [2024-02-24T17:37:29.848-0600] {dagbag.py:538} INFO - Filling up the DagBag from /Users/vamseekrishna/Desktop/F1_Data_Warehouse/f1datawarehouse/lib/python3.9/site-packages/airflow/example_dags/example_branch_python_dop_operator_3.py
[2024-02-24T17:37:29.866-0600] {processor.py:840} INFO - DAG(s) 'example_branch_dop_operator_v3' retrieved from /Users/vamseekrishna/Desktop/F1_Data_Warehouse/f1datawarehouse/lib/python3.9/site-packages/airflow/example_dags/example_branch_python_dop_operator_3.py
[2024-02-24T17:37:29.918-0600] {logging_mixin.py:188} INFO - [2024-02-24T17:37:29.918-0600] {dag.py:3036} INFO - Sync 1 DAGs
[2024-02-24T17:37:29.928-0600] {logging_mixin.py:188} INFO - [2024-02-24T17:37:29.928-0600] {dag.py:3823} INFO - Setting next_dagrun for example_branch_dop_operator_v3 to 2024-02-24 23:36:00+00:00, run_after=2024-02-24 23:37:00+00:00
[2024-02-24T17:37:29.936-0600] {processor.py:183} INFO - Processing /Users/vamseekrishna/Desktop/F1_Data_Warehouse/f1datawarehouse/lib/python3.9/site-packages/airflow/example_dags/example_branch_python_dop_operator_3.py took 0.090 seconds
[2024-02-24T17:50:36.294-0600] {processor.py:161} INFO - Started process (PID=95554) to work on /Users/vamseekrishna/Desktop/F1_Data_Warehouse/f1datawarehouse/lib/python3.9/site-packages/airflow/example_dags/example_branch_python_dop_operator_3.py
[2024-02-24T17:50:36.296-0600] {processor.py:830} INFO - Processing file /Users/vamseekrishna/Desktop/F1_Data_Warehouse/f1datawarehouse/lib/python3.9/site-packages/airflow/example_dags/example_branch_python_dop_operator_3.py for tasks to queue
[2024-02-24T17:50:36.296-0600] {logging_mixin.py:188} INFO - [2024-02-24T17:50:36.296-0600] {dagbag.py:538} INFO - Filling up the DagBag from /Users/vamseekrishna/Desktop/F1_Data_Warehouse/f1datawarehouse/lib/python3.9/site-packages/airflow/example_dags/example_branch_python_dop_operator_3.py
[2024-02-24T17:50:36.313-0600] {processor.py:840} INFO - DAG(s) 'example_branch_dop_operator_v3' retrieved from /Users/vamseekrishna/Desktop/F1_Data_Warehouse/f1datawarehouse/lib/python3.9/site-packages/airflow/example_dags/example_branch_python_dop_operator_3.py
[2024-02-24T17:50:36.359-0600] {logging_mixin.py:188} INFO - [2024-02-24T17:50:36.359-0600] {dag.py:3036} INFO - Sync 1 DAGs
[2024-02-24T17:50:36.369-0600] {logging_mixin.py:188} INFO - [2024-02-24T17:50:36.369-0600] {dag.py:3823} INFO - Setting next_dagrun for example_branch_dop_operator_v3 to 2024-02-24 23:49:00+00:00, run_after=2024-02-24 23:50:00+00:00
[2024-02-24T17:50:36.377-0600] {processor.py:183} INFO - Processing /Users/vamseekrishna/Desktop/F1_Data_Warehouse/f1datawarehouse/lib/python3.9/site-packages/airflow/example_dags/example_branch_python_dop_operator_3.py took 0.084 seconds
