[2024-02-24T11:47:58.942-0600] {processor.py:161} INFO - Started process (PID=74985) to work on /Users/vamseekrishna/Desktop/F1_Data_Warehouse/f1datawarehouse/lib/python3.9/site-packages/airflow/example_dags/example_sensors.py
[2024-02-24T11:47:58.944-0600] {processor.py:830} INFO - Processing file /Users/vamseekrishna/Desktop/F1_Data_Warehouse/f1datawarehouse/lib/python3.9/site-packages/airflow/example_dags/example_sensors.py for tasks to queue
[2024-02-24T11:47:58.944-0600] {logging_mixin.py:188} INFO - [2024-02-24T11:47:58.944-0600] {dagbag.py:538} INFO - Filling up the DagBag from /Users/vamseekrishna/Desktop/F1_Data_Warehouse/f1datawarehouse/lib/python3.9/site-packages/airflow/example_dags/example_sensors.py
[2024-02-24T11:47:58.954-0600] {processor.py:840} INFO - DAG(s) 'example_sensors' retrieved from /Users/vamseekrishna/Desktop/F1_Data_Warehouse/f1datawarehouse/lib/python3.9/site-packages/airflow/example_dags/example_sensors.py
[2024-02-24T11:47:59.045-0600] {logging_mixin.py:188} INFO - [2024-02-24T11:47:59.045-0600] {override.py:1769} INFO - Created Permission View: can delete on DAG:example_sensors
[2024-02-24T11:47:59.049-0600] {logging_mixin.py:188} INFO - [2024-02-24T11:47:59.049-0600] {override.py:1769} INFO - Created Permission View: can edit on DAG:example_sensors
[2024-02-24T11:47:59.051-0600] {logging_mixin.py:188} INFO - [2024-02-24T11:47:59.051-0600] {override.py:1769} INFO - Created Permission View: can read on DAG:example_sensors
[2024-02-24T11:47:59.051-0600] {logging_mixin.py:188} INFO - [2024-02-24T11:47:59.051-0600] {dag.py:3036} INFO - Sync 1 DAGs
[2024-02-24T11:47:59.056-0600] {logging_mixin.py:188} INFO - [2024-02-24T11:47:59.056-0600] {dag.py:3058} INFO - Creating ORM DAG for example_sensors
[2024-02-24T11:47:59.056-0600] {logging_mixin.py:188} INFO - [2024-02-24T11:47:59.056-0600] {dag.py:3823} INFO - Setting next_dagrun for example_sensors to None, run_after=None
[2024-02-24T11:47:59.063-0600] {processor.py:183} INFO - Processing /Users/vamseekrishna/Desktop/F1_Data_Warehouse/f1datawarehouse/lib/python3.9/site-packages/airflow/example_dags/example_sensors.py took 0.121 seconds
[2024-02-24T11:49:29.097-0600] {processor.py:161} INFO - Started process (PID=75152) to work on /Users/vamseekrishna/Desktop/F1_Data_Warehouse/f1datawarehouse/lib/python3.9/site-packages/airflow/example_dags/example_sensors.py
[2024-02-24T11:49:29.099-0600] {processor.py:830} INFO - Processing file /Users/vamseekrishna/Desktop/F1_Data_Warehouse/f1datawarehouse/lib/python3.9/site-packages/airflow/example_dags/example_sensors.py for tasks to queue
[2024-02-24T11:49:29.099-0600] {logging_mixin.py:188} INFO - [2024-02-24T11:49:29.099-0600] {dagbag.py:538} INFO - Filling up the DagBag from /Users/vamseekrishna/Desktop/F1_Data_Warehouse/f1datawarehouse/lib/python3.9/site-packages/airflow/example_dags/example_sensors.py
[2024-02-24T11:49:29.108-0600] {processor.py:840} INFO - DAG(s) 'example_sensors' retrieved from /Users/vamseekrishna/Desktop/F1_Data_Warehouse/f1datawarehouse/lib/python3.9/site-packages/airflow/example_dags/example_sensors.py
[2024-02-24T11:49:29.161-0600] {logging_mixin.py:188} INFO - [2024-02-24T11:49:29.161-0600] {dag.py:3036} INFO - Sync 1 DAGs
[2024-02-24T11:49:29.165-0600] {logging_mixin.py:188} INFO - [2024-02-24T11:49:29.165-0600] {dag.py:3823} INFO - Setting next_dagrun for example_sensors to None, run_after=None
[2024-02-24T11:49:29.174-0600] {processor.py:183} INFO - Processing /Users/vamseekrishna/Desktop/F1_Data_Warehouse/f1datawarehouse/lib/python3.9/site-packages/airflow/example_dags/example_sensors.py took 0.077 seconds
[2024-02-24T11:51:38.999-0600] {processor.py:161} INFO - Started process (PID=75348) to work on /Users/vamseekrishna/Desktop/F1_Data_Warehouse/f1datawarehouse/lib/python3.9/site-packages/airflow/example_dags/example_sensors.py
[2024-02-24T11:51:39.003-0600] {processor.py:830} INFO - Processing file /Users/vamseekrishna/Desktop/F1_Data_Warehouse/f1datawarehouse/lib/python3.9/site-packages/airflow/example_dags/example_sensors.py for tasks to queue
[2024-02-24T11:51:39.003-0600] {logging_mixin.py:188} INFO - [2024-02-24T11:51:39.003-0600] {dagbag.py:538} INFO - Filling up the DagBag from /Users/vamseekrishna/Desktop/F1_Data_Warehouse/f1datawarehouse/lib/python3.9/site-packages/airflow/example_dags/example_sensors.py
[2024-02-24T11:51:39.013-0600] {processor.py:840} INFO - DAG(s) 'example_sensors' retrieved from /Users/vamseekrishna/Desktop/F1_Data_Warehouse/f1datawarehouse/lib/python3.9/site-packages/airflow/example_dags/example_sensors.py
[2024-02-24T11:51:39.074-0600] {logging_mixin.py:188} INFO - [2024-02-24T11:51:39.074-0600] {dag.py:3036} INFO - Sync 1 DAGs
[2024-02-24T11:51:39.079-0600] {logging_mixin.py:188} INFO - [2024-02-24T11:51:39.079-0600] {dag.py:3823} INFO - Setting next_dagrun for example_sensors to None, run_after=None
[2024-02-24T11:51:39.089-0600] {processor.py:183} INFO - Processing /Users/vamseekrishna/Desktop/F1_Data_Warehouse/f1datawarehouse/lib/python3.9/site-packages/airflow/example_dags/example_sensors.py took 0.090 seconds
[2024-02-24T11:53:53.386-0600] {processor.py:161} INFO - Started process (PID=75507) to work on /Users/vamseekrishna/Desktop/F1_Data_Warehouse/f1datawarehouse/lib/python3.9/site-packages/airflow/example_dags/example_sensors.py
[2024-02-24T11:53:53.388-0600] {processor.py:830} INFO - Processing file /Users/vamseekrishna/Desktop/F1_Data_Warehouse/f1datawarehouse/lib/python3.9/site-packages/airflow/example_dags/example_sensors.py for tasks to queue
[2024-02-24T11:53:53.388-0600] {logging_mixin.py:188} INFO - [2024-02-24T11:53:53.388-0600] {dagbag.py:538} INFO - Filling up the DagBag from /Users/vamseekrishna/Desktop/F1_Data_Warehouse/f1datawarehouse/lib/python3.9/site-packages/airflow/example_dags/example_sensors.py
[2024-02-24T11:53:53.397-0600] {processor.py:840} INFO - DAG(s) 'example_sensors' retrieved from /Users/vamseekrishna/Desktop/F1_Data_Warehouse/f1datawarehouse/lib/python3.9/site-packages/airflow/example_dags/example_sensors.py
[2024-02-24T11:53:53.449-0600] {logging_mixin.py:188} INFO - [2024-02-24T11:53:53.449-0600] {dag.py:3036} INFO - Sync 1 DAGs
[2024-02-24T11:53:53.453-0600] {logging_mixin.py:188} INFO - [2024-02-24T11:53:53.453-0600] {dag.py:3823} INFO - Setting next_dagrun for example_sensors to None, run_after=None
[2024-02-24T11:53:53.462-0600] {processor.py:183} INFO - Processing /Users/vamseekrishna/Desktop/F1_Data_Warehouse/f1datawarehouse/lib/python3.9/site-packages/airflow/example_dags/example_sensors.py took 0.077 seconds
[2024-02-24T11:55:46.477-0600] {processor.py:161} INFO - Started process (PID=75589) to work on /Users/vamseekrishna/Desktop/F1_Data_Warehouse/f1datawarehouse/lib/python3.9/site-packages/airflow/example_dags/example_sensors.py
[2024-02-24T11:55:46.479-0600] {processor.py:830} INFO - Processing file /Users/vamseekrishna/Desktop/F1_Data_Warehouse/f1datawarehouse/lib/python3.9/site-packages/airflow/example_dags/example_sensors.py for tasks to queue
[2024-02-24T11:55:46.480-0600] {logging_mixin.py:188} INFO - [2024-02-24T11:55:46.480-0600] {dagbag.py:538} INFO - Filling up the DagBag from /Users/vamseekrishna/Desktop/F1_Data_Warehouse/f1datawarehouse/lib/python3.9/site-packages/airflow/example_dags/example_sensors.py
[2024-02-24T11:55:46.487-0600] {processor.py:840} INFO - DAG(s) 'example_sensors' retrieved from /Users/vamseekrishna/Desktop/F1_Data_Warehouse/f1datawarehouse/lib/python3.9/site-packages/airflow/example_dags/example_sensors.py
[2024-02-24T11:55:46.540-0600] {logging_mixin.py:188} INFO - [2024-02-24T11:55:46.540-0600] {dag.py:3036} INFO - Sync 1 DAGs
[2024-02-24T11:55:46.545-0600] {logging_mixin.py:188} INFO - [2024-02-24T11:55:46.544-0600] {dag.py:3823} INFO - Setting next_dagrun for example_sensors to None, run_after=None
[2024-02-24T11:55:46.552-0600] {processor.py:183} INFO - Processing /Users/vamseekrishna/Desktop/F1_Data_Warehouse/f1datawarehouse/lib/python3.9/site-packages/airflow/example_dags/example_sensors.py took 0.076 seconds
[2024-02-24T11:57:43.348-0600] {processor.py:161} INFO - Started process (PID=75693) to work on /Users/vamseekrishna/Desktop/F1_Data_Warehouse/f1datawarehouse/lib/python3.9/site-packages/airflow/example_dags/example_sensors.py
[2024-02-24T11:57:43.349-0600] {processor.py:830} INFO - Processing file /Users/vamseekrishna/Desktop/F1_Data_Warehouse/f1datawarehouse/lib/python3.9/site-packages/airflow/example_dags/example_sensors.py for tasks to queue
[2024-02-24T11:57:43.350-0600] {logging_mixin.py:188} INFO - [2024-02-24T11:57:43.350-0600] {dagbag.py:538} INFO - Filling up the DagBag from /Users/vamseekrishna/Desktop/F1_Data_Warehouse/f1datawarehouse/lib/python3.9/site-packages/airflow/example_dags/example_sensors.py
[2024-02-24T11:57:43.357-0600] {processor.py:840} INFO - DAG(s) 'example_sensors' retrieved from /Users/vamseekrishna/Desktop/F1_Data_Warehouse/f1datawarehouse/lib/python3.9/site-packages/airflow/example_dags/example_sensors.py
[2024-02-24T11:57:43.411-0600] {logging_mixin.py:188} INFO - [2024-02-24T11:57:43.411-0600] {dag.py:3036} INFO - Sync 1 DAGs
[2024-02-24T11:57:43.415-0600] {logging_mixin.py:188} INFO - [2024-02-24T11:57:43.415-0600] {dag.py:3823} INFO - Setting next_dagrun for example_sensors to None, run_after=None
[2024-02-24T11:57:43.422-0600] {processor.py:183} INFO - Processing /Users/vamseekrishna/Desktop/F1_Data_Warehouse/f1datawarehouse/lib/python3.9/site-packages/airflow/example_dags/example_sensors.py took 0.075 seconds
[2024-02-24T11:59:58.066-0600] {processor.py:161} INFO - Started process (PID=75899) to work on /Users/vamseekrishna/Desktop/F1_Data_Warehouse/f1datawarehouse/lib/python3.9/site-packages/airflow/example_dags/example_sensors.py
[2024-02-24T11:59:58.069-0600] {processor.py:830} INFO - Processing file /Users/vamseekrishna/Desktop/F1_Data_Warehouse/f1datawarehouse/lib/python3.9/site-packages/airflow/example_dags/example_sensors.py for tasks to queue
[2024-02-24T11:59:58.069-0600] {logging_mixin.py:188} INFO - [2024-02-24T11:59:58.069-0600] {dagbag.py:538} INFO - Filling up the DagBag from /Users/vamseekrishna/Desktop/F1_Data_Warehouse/f1datawarehouse/lib/python3.9/site-packages/airflow/example_dags/example_sensors.py
[2024-02-24T11:59:58.087-0600] {processor.py:840} INFO - DAG(s) 'example_sensors' retrieved from /Users/vamseekrishna/Desktop/F1_Data_Warehouse/f1datawarehouse/lib/python3.9/site-packages/airflow/example_dags/example_sensors.py
[2024-02-24T11:59:58.142-0600] {logging_mixin.py:188} INFO - [2024-02-24T11:59:58.142-0600] {dag.py:3036} INFO - Sync 1 DAGs
[2024-02-24T11:59:58.146-0600] {logging_mixin.py:188} INFO - [2024-02-24T11:59:58.146-0600] {dag.py:3823} INFO - Setting next_dagrun for example_sensors to None, run_after=None
[2024-02-24T11:59:58.156-0600] {processor.py:183} INFO - Processing /Users/vamseekrishna/Desktop/F1_Data_Warehouse/f1datawarehouse/lib/python3.9/site-packages/airflow/example_dags/example_sensors.py took 0.091 seconds
[2024-02-24T12:02:01.541-0600] {processor.py:161} INFO - Started process (PID=76030) to work on /Users/vamseekrishna/Desktop/F1_Data_Warehouse/f1datawarehouse/lib/python3.9/site-packages/airflow/example_dags/example_sensors.py
[2024-02-24T12:02:01.542-0600] {processor.py:830} INFO - Processing file /Users/vamseekrishna/Desktop/F1_Data_Warehouse/f1datawarehouse/lib/python3.9/site-packages/airflow/example_dags/example_sensors.py for tasks to queue
[2024-02-24T12:02:01.543-0600] {logging_mixin.py:188} INFO - [2024-02-24T12:02:01.543-0600] {dagbag.py:538} INFO - Filling up the DagBag from /Users/vamseekrishna/Desktop/F1_Data_Warehouse/f1datawarehouse/lib/python3.9/site-packages/airflow/example_dags/example_sensors.py
[2024-02-24T12:02:01.551-0600] {processor.py:840} INFO - DAG(s) 'example_sensors' retrieved from /Users/vamseekrishna/Desktop/F1_Data_Warehouse/f1datawarehouse/lib/python3.9/site-packages/airflow/example_dags/example_sensors.py
[2024-02-24T12:02:01.604-0600] {logging_mixin.py:188} INFO - [2024-02-24T12:02:01.603-0600] {dag.py:3036} INFO - Sync 1 DAGs
[2024-02-24T12:02:01.608-0600] {logging_mixin.py:188} INFO - [2024-02-24T12:02:01.607-0600] {dag.py:3823} INFO - Setting next_dagrun for example_sensors to None, run_after=None
[2024-02-24T12:02:01.617-0600] {processor.py:183} INFO - Processing /Users/vamseekrishna/Desktop/F1_Data_Warehouse/f1datawarehouse/lib/python3.9/site-packages/airflow/example_dags/example_sensors.py took 0.077 seconds
[2024-02-24T12:03:53.813-0600] {processor.py:161} INFO - Started process (PID=76164) to work on /Users/vamseekrishna/Desktop/F1_Data_Warehouse/f1datawarehouse/lib/python3.9/site-packages/airflow/example_dags/example_sensors.py
[2024-02-24T12:03:53.815-0600] {processor.py:830} INFO - Processing file /Users/vamseekrishna/Desktop/F1_Data_Warehouse/f1datawarehouse/lib/python3.9/site-packages/airflow/example_dags/example_sensors.py for tasks to queue
[2024-02-24T12:03:53.815-0600] {logging_mixin.py:188} INFO - [2024-02-24T12:03:53.815-0600] {dagbag.py:538} INFO - Filling up the DagBag from /Users/vamseekrishna/Desktop/F1_Data_Warehouse/f1datawarehouse/lib/python3.9/site-packages/airflow/example_dags/example_sensors.py
[2024-02-24T12:03:53.822-0600] {processor.py:840} INFO - DAG(s) 'example_sensors' retrieved from /Users/vamseekrishna/Desktop/F1_Data_Warehouse/f1datawarehouse/lib/python3.9/site-packages/airflow/example_dags/example_sensors.py
[2024-02-24T12:03:53.876-0600] {logging_mixin.py:188} INFO - [2024-02-24T12:03:53.876-0600] {dag.py:3036} INFO - Sync 1 DAGs
[2024-02-24T12:03:53.880-0600] {logging_mixin.py:188} INFO - [2024-02-24T12:03:53.880-0600] {dag.py:3823} INFO - Setting next_dagrun for example_sensors to None, run_after=None
[2024-02-24T12:03:53.888-0600] {processor.py:183} INFO - Processing /Users/vamseekrishna/Desktop/F1_Data_Warehouse/f1datawarehouse/lib/python3.9/site-packages/airflow/example_dags/example_sensors.py took 0.076 seconds
[2024-02-24T12:20:09.287-0600] {processor.py:161} INFO - Started process (PID=76256) to work on /Users/vamseekrishna/Desktop/F1_Data_Warehouse/f1datawarehouse/lib/python3.9/site-packages/airflow/example_dags/example_sensors.py
[2024-02-24T12:20:09.290-0600] {processor.py:830} INFO - Processing file /Users/vamseekrishna/Desktop/F1_Data_Warehouse/f1datawarehouse/lib/python3.9/site-packages/airflow/example_dags/example_sensors.py for tasks to queue
[2024-02-24T12:20:09.290-0600] {logging_mixin.py:188} INFO - [2024-02-24T12:20:09.290-0600] {dagbag.py:538} INFO - Filling up the DagBag from /Users/vamseekrishna/Desktop/F1_Data_Warehouse/f1datawarehouse/lib/python3.9/site-packages/airflow/example_dags/example_sensors.py
[2024-02-24T12:20:09.298-0600] {processor.py:840} INFO - DAG(s) 'example_sensors' retrieved from /Users/vamseekrishna/Desktop/F1_Data_Warehouse/f1datawarehouse/lib/python3.9/site-packages/airflow/example_dags/example_sensors.py
[2024-02-24T12:20:09.353-0600] {logging_mixin.py:188} INFO - [2024-02-24T12:20:09.353-0600] {dag.py:3036} INFO - Sync 1 DAGs
[2024-02-24T12:20:09.357-0600] {logging_mixin.py:188} INFO - [2024-02-24T12:20:09.357-0600] {dag.py:3823} INFO - Setting next_dagrun for example_sensors to None, run_after=None
[2024-02-24T12:20:09.366-0600] {processor.py:183} INFO - Processing /Users/vamseekrishna/Desktop/F1_Data_Warehouse/f1datawarehouse/lib/python3.9/site-packages/airflow/example_dags/example_sensors.py took 0.079 seconds
[2024-02-24T12:38:26.469-0600] {processor.py:161} INFO - Started process (PID=76409) to work on /Users/vamseekrishna/Desktop/F1_Data_Warehouse/f1datawarehouse/lib/python3.9/site-packages/airflow/example_dags/example_sensors.py
[2024-02-24T12:38:26.471-0600] {processor.py:830} INFO - Processing file /Users/vamseekrishna/Desktop/F1_Data_Warehouse/f1datawarehouse/lib/python3.9/site-packages/airflow/example_dags/example_sensors.py for tasks to queue
[2024-02-24T12:38:26.472-0600] {logging_mixin.py:188} INFO - [2024-02-24T12:38:26.471-0600] {dagbag.py:538} INFO - Filling up the DagBag from /Users/vamseekrishna/Desktop/F1_Data_Warehouse/f1datawarehouse/lib/python3.9/site-packages/airflow/example_dags/example_sensors.py
[2024-02-24T12:38:26.479-0600] {processor.py:840} INFO - DAG(s) 'example_sensors' retrieved from /Users/vamseekrishna/Desktop/F1_Data_Warehouse/f1datawarehouse/lib/python3.9/site-packages/airflow/example_dags/example_sensors.py
[2024-02-24T12:38:26.532-0600] {logging_mixin.py:188} INFO - [2024-02-24T12:38:26.532-0600] {dag.py:3036} INFO - Sync 1 DAGs
[2024-02-24T12:38:26.536-0600] {logging_mixin.py:188} INFO - [2024-02-24T12:38:26.536-0600] {dag.py:3823} INFO - Setting next_dagrun for example_sensors to None, run_after=None
[2024-02-24T12:38:26.544-0600] {processor.py:183} INFO - Processing /Users/vamseekrishna/Desktop/F1_Data_Warehouse/f1datawarehouse/lib/python3.9/site-packages/airflow/example_dags/example_sensors.py took 0.076 seconds
[2024-02-24T12:40:25.768-0600] {processor.py:161} INFO - Started process (PID=76532) to work on /Users/vamseekrishna/Desktop/F1_Data_Warehouse/f1datawarehouse/lib/python3.9/site-packages/airflow/example_dags/example_sensors.py
[2024-02-24T12:40:25.770-0600] {processor.py:830} INFO - Processing file /Users/vamseekrishna/Desktop/F1_Data_Warehouse/f1datawarehouse/lib/python3.9/site-packages/airflow/example_dags/example_sensors.py for tasks to queue
[2024-02-24T12:40:25.770-0600] {logging_mixin.py:188} INFO - [2024-02-24T12:40:25.770-0600] {dagbag.py:538} INFO - Filling up the DagBag from /Users/vamseekrishna/Desktop/F1_Data_Warehouse/f1datawarehouse/lib/python3.9/site-packages/airflow/example_dags/example_sensors.py
[2024-02-24T12:40:25.778-0600] {processor.py:840} INFO - DAG(s) 'example_sensors' retrieved from /Users/vamseekrishna/Desktop/F1_Data_Warehouse/f1datawarehouse/lib/python3.9/site-packages/airflow/example_dags/example_sensors.py
[2024-02-24T12:40:25.830-0600] {logging_mixin.py:188} INFO - [2024-02-24T12:40:25.830-0600] {dag.py:3036} INFO - Sync 1 DAGs
[2024-02-24T12:40:25.834-0600] {logging_mixin.py:188} INFO - [2024-02-24T12:40:25.833-0600] {dag.py:3823} INFO - Setting next_dagrun for example_sensors to None, run_after=None
[2024-02-24T12:40:25.842-0600] {processor.py:183} INFO - Processing /Users/vamseekrishna/Desktop/F1_Data_Warehouse/f1datawarehouse/lib/python3.9/site-packages/airflow/example_dags/example_sensors.py took 0.076 seconds
[2024-02-24T12:42:29.536-0600] {processor.py:161} INFO - Started process (PID=76630) to work on /Users/vamseekrishna/Desktop/F1_Data_Warehouse/f1datawarehouse/lib/python3.9/site-packages/airflow/example_dags/example_sensors.py
[2024-02-24T12:42:29.538-0600] {processor.py:830} INFO - Processing file /Users/vamseekrishna/Desktop/F1_Data_Warehouse/f1datawarehouse/lib/python3.9/site-packages/airflow/example_dags/example_sensors.py for tasks to queue
[2024-02-24T12:42:29.538-0600] {logging_mixin.py:188} INFO - [2024-02-24T12:42:29.538-0600] {dagbag.py:538} INFO - Filling up the DagBag from /Users/vamseekrishna/Desktop/F1_Data_Warehouse/f1datawarehouse/lib/python3.9/site-packages/airflow/example_dags/example_sensors.py
[2024-02-24T12:42:29.546-0600] {processor.py:840} INFO - DAG(s) 'example_sensors' retrieved from /Users/vamseekrishna/Desktop/F1_Data_Warehouse/f1datawarehouse/lib/python3.9/site-packages/airflow/example_dags/example_sensors.py
[2024-02-24T12:42:29.598-0600] {logging_mixin.py:188} INFO - [2024-02-24T12:42:29.598-0600] {dag.py:3036} INFO - Sync 1 DAGs
[2024-02-24T12:42:29.603-0600] {logging_mixin.py:188} INFO - [2024-02-24T12:42:29.603-0600] {dag.py:3823} INFO - Setting next_dagrun for example_sensors to None, run_after=None
[2024-02-24T12:42:29.612-0600] {processor.py:183} INFO - Processing /Users/vamseekrishna/Desktop/F1_Data_Warehouse/f1datawarehouse/lib/python3.9/site-packages/airflow/example_dags/example_sensors.py took 0.077 seconds
[2024-02-24T12:44:36.522-0600] {processor.py:161} INFO - Started process (PID=76855) to work on /Users/vamseekrishna/Desktop/F1_Data_Warehouse/f1datawarehouse/lib/python3.9/site-packages/airflow/example_dags/example_sensors.py
[2024-02-24T12:44:36.524-0600] {processor.py:830} INFO - Processing file /Users/vamseekrishna/Desktop/F1_Data_Warehouse/f1datawarehouse/lib/python3.9/site-packages/airflow/example_dags/example_sensors.py for tasks to queue
[2024-02-24T12:44:36.524-0600] {logging_mixin.py:188} INFO - [2024-02-24T12:44:36.524-0600] {dagbag.py:538} INFO - Filling up the DagBag from /Users/vamseekrishna/Desktop/F1_Data_Warehouse/f1datawarehouse/lib/python3.9/site-packages/airflow/example_dags/example_sensors.py
[2024-02-24T12:44:36.537-0600] {processor.py:840} INFO - DAG(s) 'example_sensors' retrieved from /Users/vamseekrishna/Desktop/F1_Data_Warehouse/f1datawarehouse/lib/python3.9/site-packages/airflow/example_dags/example_sensors.py
[2024-02-24T12:44:36.602-0600] {logging_mixin.py:188} INFO - [2024-02-24T12:44:36.601-0600] {dag.py:3036} INFO - Sync 1 DAGs
[2024-02-24T12:44:36.607-0600] {logging_mixin.py:188} INFO - [2024-02-24T12:44:36.607-0600] {dag.py:3823} INFO - Setting next_dagrun for example_sensors to None, run_after=None
[2024-02-24T12:44:36.618-0600] {processor.py:183} INFO - Processing /Users/vamseekrishna/Desktop/F1_Data_Warehouse/f1datawarehouse/lib/python3.9/site-packages/airflow/example_dags/example_sensors.py took 0.097 seconds
[2024-02-24T12:45:53.111-0600] {processor.py:161} INFO - Started process (PID=76959) to work on /Users/vamseekrishna/Desktop/F1_Data_Warehouse/f1datawarehouse/lib/python3.9/site-packages/airflow/example_dags/example_sensors.py
[2024-02-24T12:45:53.112-0600] {processor.py:830} INFO - Processing file /Users/vamseekrishna/Desktop/F1_Data_Warehouse/f1datawarehouse/lib/python3.9/site-packages/airflow/example_dags/example_sensors.py for tasks to queue
[2024-02-24T12:45:53.113-0600] {logging_mixin.py:188} INFO - [2024-02-24T12:45:53.112-0600] {dagbag.py:538} INFO - Filling up the DagBag from /Users/vamseekrishna/Desktop/F1_Data_Warehouse/f1datawarehouse/lib/python3.9/site-packages/airflow/example_dags/example_sensors.py
[2024-02-24T12:45:53.121-0600] {processor.py:840} INFO - DAG(s) 'example_sensors' retrieved from /Users/vamseekrishna/Desktop/F1_Data_Warehouse/f1datawarehouse/lib/python3.9/site-packages/airflow/example_dags/example_sensors.py
[2024-02-24T12:45:53.176-0600] {logging_mixin.py:188} INFO - [2024-02-24T12:45:53.176-0600] {dag.py:3036} INFO - Sync 1 DAGs
[2024-02-24T12:45:53.180-0600] {logging_mixin.py:188} INFO - [2024-02-24T12:45:53.180-0600] {dag.py:3823} INFO - Setting next_dagrun for example_sensors to None, run_after=None
[2024-02-24T12:45:53.191-0600] {processor.py:183} INFO - Processing /Users/vamseekrishna/Desktop/F1_Data_Warehouse/f1datawarehouse/lib/python3.9/site-packages/airflow/example_dags/example_sensors.py took 0.081 seconds
[2024-02-24T12:47:59.831-0600] {processor.py:161} INFO - Started process (PID=77064) to work on /Users/vamseekrishna/Desktop/F1_Data_Warehouse/f1datawarehouse/lib/python3.9/site-packages/airflow/example_dags/example_sensors.py
[2024-02-24T12:47:59.833-0600] {processor.py:830} INFO - Processing file /Users/vamseekrishna/Desktop/F1_Data_Warehouse/f1datawarehouse/lib/python3.9/site-packages/airflow/example_dags/example_sensors.py for tasks to queue
[2024-02-24T12:47:59.833-0600] {logging_mixin.py:188} INFO - [2024-02-24T12:47:59.833-0600] {dagbag.py:538} INFO - Filling up the DagBag from /Users/vamseekrishna/Desktop/F1_Data_Warehouse/f1datawarehouse/lib/python3.9/site-packages/airflow/example_dags/example_sensors.py
[2024-02-24T12:47:59.843-0600] {processor.py:840} INFO - DAG(s) 'example_sensors' retrieved from /Users/vamseekrishna/Desktop/F1_Data_Warehouse/f1datawarehouse/lib/python3.9/site-packages/airflow/example_dags/example_sensors.py
[2024-02-24T12:47:59.900-0600] {logging_mixin.py:188} INFO - [2024-02-24T12:47:59.900-0600] {dag.py:3036} INFO - Sync 1 DAGs
[2024-02-24T12:47:59.905-0600] {logging_mixin.py:188} INFO - [2024-02-24T12:47:59.905-0600] {dag.py:3823} INFO - Setting next_dagrun for example_sensors to None, run_after=None
[2024-02-24T12:47:59.915-0600] {processor.py:183} INFO - Processing /Users/vamseekrishna/Desktop/F1_Data_Warehouse/f1datawarehouse/lib/python3.9/site-packages/airflow/example_dags/example_sensors.py took 0.086 seconds
[2024-02-24T12:50:08.092-0600] {processor.py:161} INFO - Started process (PID=77165) to work on /Users/vamseekrishna/Desktop/F1_Data_Warehouse/f1datawarehouse/lib/python3.9/site-packages/airflow/example_dags/example_sensors.py
[2024-02-24T12:50:08.094-0600] {processor.py:830} INFO - Processing file /Users/vamseekrishna/Desktop/F1_Data_Warehouse/f1datawarehouse/lib/python3.9/site-packages/airflow/example_dags/example_sensors.py for tasks to queue
[2024-02-24T12:50:08.094-0600] {logging_mixin.py:188} INFO - [2024-02-24T12:50:08.094-0600] {dagbag.py:538} INFO - Filling up the DagBag from /Users/vamseekrishna/Desktop/F1_Data_Warehouse/f1datawarehouse/lib/python3.9/site-packages/airflow/example_dags/example_sensors.py
[2024-02-24T12:50:08.101-0600] {processor.py:840} INFO - DAG(s) 'example_sensors' retrieved from /Users/vamseekrishna/Desktop/F1_Data_Warehouse/f1datawarehouse/lib/python3.9/site-packages/airflow/example_dags/example_sensors.py
[2024-02-24T12:50:08.157-0600] {logging_mixin.py:188} INFO - [2024-02-24T12:50:08.157-0600] {dag.py:3036} INFO - Sync 1 DAGs
[2024-02-24T12:50:08.162-0600] {logging_mixin.py:188} INFO - [2024-02-24T12:50:08.162-0600] {dag.py:3823} INFO - Setting next_dagrun for example_sensors to None, run_after=None
[2024-02-24T12:50:08.169-0600] {processor.py:183} INFO - Processing /Users/vamseekrishna/Desktop/F1_Data_Warehouse/f1datawarehouse/lib/python3.9/site-packages/airflow/example_dags/example_sensors.py took 0.078 seconds
[2024-02-24T12:52:12.341-0600] {processor.py:161} INFO - Started process (PID=77268) to work on /Users/vamseekrishna/Desktop/F1_Data_Warehouse/f1datawarehouse/lib/python3.9/site-packages/airflow/example_dags/example_sensors.py
[2024-02-24T12:52:12.343-0600] {processor.py:830} INFO - Processing file /Users/vamseekrishna/Desktop/F1_Data_Warehouse/f1datawarehouse/lib/python3.9/site-packages/airflow/example_dags/example_sensors.py for tasks to queue
[2024-02-24T12:52:12.343-0600] {logging_mixin.py:188} INFO - [2024-02-24T12:52:12.343-0600] {dagbag.py:538} INFO - Filling up the DagBag from /Users/vamseekrishna/Desktop/F1_Data_Warehouse/f1datawarehouse/lib/python3.9/site-packages/airflow/example_dags/example_sensors.py
[2024-02-24T12:52:12.352-0600] {processor.py:840} INFO - DAG(s) 'example_sensors' retrieved from /Users/vamseekrishna/Desktop/F1_Data_Warehouse/f1datawarehouse/lib/python3.9/site-packages/airflow/example_dags/example_sensors.py
[2024-02-24T12:52:12.408-0600] {logging_mixin.py:188} INFO - [2024-02-24T12:52:12.407-0600] {dag.py:3036} INFO - Sync 1 DAGs
[2024-02-24T12:52:12.411-0600] {logging_mixin.py:188} INFO - [2024-02-24T12:52:12.411-0600] {dag.py:3823} INFO - Setting next_dagrun for example_sensors to None, run_after=None
[2024-02-24T12:52:12.419-0600] {processor.py:183} INFO - Processing /Users/vamseekrishna/Desktop/F1_Data_Warehouse/f1datawarehouse/lib/python3.9/site-packages/airflow/example_dags/example_sensors.py took 0.078 seconds
[2024-02-24T12:54:23.626-0600] {processor.py:161} INFO - Started process (PID=77375) to work on /Users/vamseekrishna/Desktop/F1_Data_Warehouse/f1datawarehouse/lib/python3.9/site-packages/airflow/example_dags/example_sensors.py
[2024-02-24T12:54:23.628-0600] {processor.py:830} INFO - Processing file /Users/vamseekrishna/Desktop/F1_Data_Warehouse/f1datawarehouse/lib/python3.9/site-packages/airflow/example_dags/example_sensors.py for tasks to queue
[2024-02-24T12:54:23.628-0600] {logging_mixin.py:188} INFO - [2024-02-24T12:54:23.628-0600] {dagbag.py:538} INFO - Filling up the DagBag from /Users/vamseekrishna/Desktop/F1_Data_Warehouse/f1datawarehouse/lib/python3.9/site-packages/airflow/example_dags/example_sensors.py
[2024-02-24T12:54:23.636-0600] {processor.py:840} INFO - DAG(s) 'example_sensors' retrieved from /Users/vamseekrishna/Desktop/F1_Data_Warehouse/f1datawarehouse/lib/python3.9/site-packages/airflow/example_dags/example_sensors.py
[2024-02-24T12:54:23.692-0600] {logging_mixin.py:188} INFO - [2024-02-24T12:54:23.692-0600] {dag.py:3036} INFO - Sync 1 DAGs
[2024-02-24T12:54:23.696-0600] {logging_mixin.py:188} INFO - [2024-02-24T12:54:23.696-0600] {dag.py:3823} INFO - Setting next_dagrun for example_sensors to None, run_after=None
[2024-02-24T12:54:23.707-0600] {processor.py:183} INFO - Processing /Users/vamseekrishna/Desktop/F1_Data_Warehouse/f1datawarehouse/lib/python3.9/site-packages/airflow/example_dags/example_sensors.py took 0.082 seconds
[2024-02-24T12:56:32.960-0600] {processor.py:161} INFO - Started process (PID=77483) to work on /Users/vamseekrishna/Desktop/F1_Data_Warehouse/f1datawarehouse/lib/python3.9/site-packages/airflow/example_dags/example_sensors.py
[2024-02-24T12:56:32.962-0600] {processor.py:830} INFO - Processing file /Users/vamseekrishna/Desktop/F1_Data_Warehouse/f1datawarehouse/lib/python3.9/site-packages/airflow/example_dags/example_sensors.py for tasks to queue
[2024-02-24T12:56:32.963-0600] {logging_mixin.py:188} INFO - [2024-02-24T12:56:32.963-0600] {dagbag.py:538} INFO - Filling up the DagBag from /Users/vamseekrishna/Desktop/F1_Data_Warehouse/f1datawarehouse/lib/python3.9/site-packages/airflow/example_dags/example_sensors.py
[2024-02-24T12:56:32.973-0600] {processor.py:840} INFO - DAG(s) 'example_sensors' retrieved from /Users/vamseekrishna/Desktop/F1_Data_Warehouse/f1datawarehouse/lib/python3.9/site-packages/airflow/example_dags/example_sensors.py
[2024-02-24T12:56:33.035-0600] {logging_mixin.py:188} INFO - [2024-02-24T12:56:33.035-0600] {dag.py:3036} INFO - Sync 1 DAGs
[2024-02-24T12:56:33.039-0600] {logging_mixin.py:188} INFO - [2024-02-24T12:56:33.039-0600] {dag.py:3823} INFO - Setting next_dagrun for example_sensors to None, run_after=None
[2024-02-24T12:56:33.046-0600] {processor.py:183} INFO - Processing /Users/vamseekrishna/Desktop/F1_Data_Warehouse/f1datawarehouse/lib/python3.9/site-packages/airflow/example_dags/example_sensors.py took 0.089 seconds
[2024-02-24T12:58:41.737-0600] {processor.py:161} INFO - Started process (PID=77594) to work on /Users/vamseekrishna/Desktop/F1_Data_Warehouse/f1datawarehouse/lib/python3.9/site-packages/airflow/example_dags/example_sensors.py
[2024-02-24T12:58:41.738-0600] {processor.py:830} INFO - Processing file /Users/vamseekrishna/Desktop/F1_Data_Warehouse/f1datawarehouse/lib/python3.9/site-packages/airflow/example_dags/example_sensors.py for tasks to queue
[2024-02-24T12:58:41.738-0600] {logging_mixin.py:188} INFO - [2024-02-24T12:58:41.738-0600] {dagbag.py:538} INFO - Filling up the DagBag from /Users/vamseekrishna/Desktop/F1_Data_Warehouse/f1datawarehouse/lib/python3.9/site-packages/airflow/example_dags/example_sensors.py
[2024-02-24T12:58:41.745-0600] {processor.py:840} INFO - DAG(s) 'example_sensors' retrieved from /Users/vamseekrishna/Desktop/F1_Data_Warehouse/f1datawarehouse/lib/python3.9/site-packages/airflow/example_dags/example_sensors.py
[2024-02-24T12:58:41.802-0600] {logging_mixin.py:188} INFO - [2024-02-24T12:58:41.802-0600] {dag.py:3036} INFO - Sync 1 DAGs
[2024-02-24T12:58:41.806-0600] {logging_mixin.py:188} INFO - [2024-02-24T12:58:41.806-0600] {dag.py:3823} INFO - Setting next_dagrun for example_sensors to None, run_after=None
[2024-02-24T12:58:41.815-0600] {processor.py:183} INFO - Processing /Users/vamseekrishna/Desktop/F1_Data_Warehouse/f1datawarehouse/lib/python3.9/site-packages/airflow/example_dags/example_sensors.py took 0.079 seconds
[2024-02-24T13:00:52.616-0600] {processor.py:161} INFO - Started process (PID=77726) to work on /Users/vamseekrishna/Desktop/F1_Data_Warehouse/f1datawarehouse/lib/python3.9/site-packages/airflow/example_dags/example_sensors.py
[2024-02-24T13:00:52.620-0600] {processor.py:830} INFO - Processing file /Users/vamseekrishna/Desktop/F1_Data_Warehouse/f1datawarehouse/lib/python3.9/site-packages/airflow/example_dags/example_sensors.py for tasks to queue
[2024-02-24T13:00:52.621-0600] {logging_mixin.py:188} INFO - [2024-02-24T13:00:52.621-0600] {dagbag.py:538} INFO - Filling up the DagBag from /Users/vamseekrishna/Desktop/F1_Data_Warehouse/f1datawarehouse/lib/python3.9/site-packages/airflow/example_dags/example_sensors.py
[2024-02-24T13:00:52.633-0600] {processor.py:840} INFO - DAG(s) 'example_sensors' retrieved from /Users/vamseekrishna/Desktop/F1_Data_Warehouse/f1datawarehouse/lib/python3.9/site-packages/airflow/example_dags/example_sensors.py
[2024-02-24T13:00:52.696-0600] {logging_mixin.py:188} INFO - [2024-02-24T13:00:52.696-0600] {dag.py:3036} INFO - Sync 1 DAGs
[2024-02-24T13:00:52.701-0600] {logging_mixin.py:188} INFO - [2024-02-24T13:00:52.701-0600] {dag.py:3823} INFO - Setting next_dagrun for example_sensors to None, run_after=None
[2024-02-24T13:00:52.711-0600] {processor.py:183} INFO - Processing /Users/vamseekrishna/Desktop/F1_Data_Warehouse/f1datawarehouse/lib/python3.9/site-packages/airflow/example_dags/example_sensors.py took 0.096 seconds
[2024-02-24T13:02:47.740-0600] {processor.py:161} INFO - Started process (PID=77861) to work on /Users/vamseekrishna/Desktop/F1_Data_Warehouse/f1datawarehouse/lib/python3.9/site-packages/airflow/example_dags/example_sensors.py
[2024-02-24T13:02:47.742-0600] {processor.py:830} INFO - Processing file /Users/vamseekrishna/Desktop/F1_Data_Warehouse/f1datawarehouse/lib/python3.9/site-packages/airflow/example_dags/example_sensors.py for tasks to queue
[2024-02-24T13:02:47.742-0600] {logging_mixin.py:188} INFO - [2024-02-24T13:02:47.742-0600] {dagbag.py:538} INFO - Filling up the DagBag from /Users/vamseekrishna/Desktop/F1_Data_Warehouse/f1datawarehouse/lib/python3.9/site-packages/airflow/example_dags/example_sensors.py
[2024-02-24T13:02:47.748-0600] {processor.py:840} INFO - DAG(s) 'example_sensors' retrieved from /Users/vamseekrishna/Desktop/F1_Data_Warehouse/f1datawarehouse/lib/python3.9/site-packages/airflow/example_dags/example_sensors.py
[2024-02-24T13:02:47.799-0600] {logging_mixin.py:188} INFO - [2024-02-24T13:02:47.799-0600] {dag.py:3036} INFO - Sync 1 DAGs
[2024-02-24T13:02:47.803-0600] {logging_mixin.py:188} INFO - [2024-02-24T13:02:47.803-0600] {dag.py:3823} INFO - Setting next_dagrun for example_sensors to None, run_after=None
[2024-02-24T13:02:47.810-0600] {processor.py:183} INFO - Processing /Users/vamseekrishna/Desktop/F1_Data_Warehouse/f1datawarehouse/lib/python3.9/site-packages/airflow/example_dags/example_sensors.py took 0.070 seconds
[2024-02-24T13:04:42.893-0600] {processor.py:161} INFO - Started process (PID=77953) to work on /Users/vamseekrishna/Desktop/F1_Data_Warehouse/f1datawarehouse/lib/python3.9/site-packages/airflow/example_dags/example_sensors.py
[2024-02-24T13:04:42.895-0600] {processor.py:830} INFO - Processing file /Users/vamseekrishna/Desktop/F1_Data_Warehouse/f1datawarehouse/lib/python3.9/site-packages/airflow/example_dags/example_sensors.py for tasks to queue
[2024-02-24T13:04:42.895-0600] {logging_mixin.py:188} INFO - [2024-02-24T13:04:42.895-0600] {dagbag.py:538} INFO - Filling up the DagBag from /Users/vamseekrishna/Desktop/F1_Data_Warehouse/f1datawarehouse/lib/python3.9/site-packages/airflow/example_dags/example_sensors.py
[2024-02-24T13:04:42.901-0600] {processor.py:840} INFO - DAG(s) 'example_sensors' retrieved from /Users/vamseekrishna/Desktop/F1_Data_Warehouse/f1datawarehouse/lib/python3.9/site-packages/airflow/example_dags/example_sensors.py
[2024-02-24T13:04:42.949-0600] {logging_mixin.py:188} INFO - [2024-02-24T13:04:42.949-0600] {dag.py:3036} INFO - Sync 1 DAGs
[2024-02-24T13:04:42.953-0600] {logging_mixin.py:188} INFO - [2024-02-24T13:04:42.953-0600] {dag.py:3823} INFO - Setting next_dagrun for example_sensors to None, run_after=None
[2024-02-24T13:04:42.960-0600] {processor.py:183} INFO - Processing /Users/vamseekrishna/Desktop/F1_Data_Warehouse/f1datawarehouse/lib/python3.9/site-packages/airflow/example_dags/example_sensors.py took 0.067 seconds
[2024-02-24T13:06:33.978-0600] {processor.py:161} INFO - Started process (PID=78032) to work on /Users/vamseekrishna/Desktop/F1_Data_Warehouse/f1datawarehouse/lib/python3.9/site-packages/airflow/example_dags/example_sensors.py
[2024-02-24T13:06:33.980-0600] {processor.py:830} INFO - Processing file /Users/vamseekrishna/Desktop/F1_Data_Warehouse/f1datawarehouse/lib/python3.9/site-packages/airflow/example_dags/example_sensors.py for tasks to queue
[2024-02-24T13:06:33.980-0600] {logging_mixin.py:188} INFO - [2024-02-24T13:06:33.980-0600] {dagbag.py:538} INFO - Filling up the DagBag from /Users/vamseekrishna/Desktop/F1_Data_Warehouse/f1datawarehouse/lib/python3.9/site-packages/airflow/example_dags/example_sensors.py
[2024-02-24T13:06:33.986-0600] {processor.py:840} INFO - DAG(s) 'example_sensors' retrieved from /Users/vamseekrishna/Desktop/F1_Data_Warehouse/f1datawarehouse/lib/python3.9/site-packages/airflow/example_dags/example_sensors.py
[2024-02-24T13:06:34.034-0600] {logging_mixin.py:188} INFO - [2024-02-24T13:06:34.034-0600] {dag.py:3036} INFO - Sync 1 DAGs
[2024-02-24T13:06:34.038-0600] {logging_mixin.py:188} INFO - [2024-02-24T13:06:34.038-0600] {dag.py:3823} INFO - Setting next_dagrun for example_sensors to None, run_after=None
[2024-02-24T13:06:34.045-0600] {processor.py:183} INFO - Processing /Users/vamseekrishna/Desktop/F1_Data_Warehouse/f1datawarehouse/lib/python3.9/site-packages/airflow/example_dags/example_sensors.py took 0.067 seconds
[2024-02-24T13:08:26.408-0600] {processor.py:161} INFO - Started process (PID=78123) to work on /Users/vamseekrishna/Desktop/F1_Data_Warehouse/f1datawarehouse/lib/python3.9/site-packages/airflow/example_dags/example_sensors.py
[2024-02-24T13:08:26.410-0600] {processor.py:830} INFO - Processing file /Users/vamseekrishna/Desktop/F1_Data_Warehouse/f1datawarehouse/lib/python3.9/site-packages/airflow/example_dags/example_sensors.py for tasks to queue
[2024-02-24T13:08:26.410-0600] {logging_mixin.py:188} INFO - [2024-02-24T13:08:26.410-0600] {dagbag.py:538} INFO - Filling up the DagBag from /Users/vamseekrishna/Desktop/F1_Data_Warehouse/f1datawarehouse/lib/python3.9/site-packages/airflow/example_dags/example_sensors.py
[2024-02-24T13:08:26.417-0600] {processor.py:840} INFO - DAG(s) 'example_sensors' retrieved from /Users/vamseekrishna/Desktop/F1_Data_Warehouse/f1datawarehouse/lib/python3.9/site-packages/airflow/example_dags/example_sensors.py
[2024-02-24T13:08:26.466-0600] {logging_mixin.py:188} INFO - [2024-02-24T13:08:26.466-0600] {dag.py:3036} INFO - Sync 1 DAGs
[2024-02-24T13:08:26.470-0600] {logging_mixin.py:188} INFO - [2024-02-24T13:08:26.470-0600] {dag.py:3823} INFO - Setting next_dagrun for example_sensors to None, run_after=None
[2024-02-24T13:08:26.477-0600] {processor.py:183} INFO - Processing /Users/vamseekrishna/Desktop/F1_Data_Warehouse/f1datawarehouse/lib/python3.9/site-packages/airflow/example_dags/example_sensors.py took 0.069 seconds
[2024-02-24T13:10:18.026-0600] {processor.py:161} INFO - Started process (PID=78206) to work on /Users/vamseekrishna/Desktop/F1_Data_Warehouse/f1datawarehouse/lib/python3.9/site-packages/airflow/example_dags/example_sensors.py
[2024-02-24T13:10:18.028-0600] {processor.py:830} INFO - Processing file /Users/vamseekrishna/Desktop/F1_Data_Warehouse/f1datawarehouse/lib/python3.9/site-packages/airflow/example_dags/example_sensors.py for tasks to queue
[2024-02-24T13:10:18.028-0600] {logging_mixin.py:188} INFO - [2024-02-24T13:10:18.028-0600] {dagbag.py:538} INFO - Filling up the DagBag from /Users/vamseekrishna/Desktop/F1_Data_Warehouse/f1datawarehouse/lib/python3.9/site-packages/airflow/example_dags/example_sensors.py
[2024-02-24T13:10:18.034-0600] {processor.py:840} INFO - DAG(s) 'example_sensors' retrieved from /Users/vamseekrishna/Desktop/F1_Data_Warehouse/f1datawarehouse/lib/python3.9/site-packages/airflow/example_dags/example_sensors.py
[2024-02-24T13:10:18.084-0600] {logging_mixin.py:188} INFO - [2024-02-24T13:10:18.084-0600] {dag.py:3036} INFO - Sync 1 DAGs
[2024-02-24T13:10:18.088-0600] {logging_mixin.py:188} INFO - [2024-02-24T13:10:18.088-0600] {dag.py:3823} INFO - Setting next_dagrun for example_sensors to None, run_after=None
[2024-02-24T13:10:18.095-0600] {processor.py:183} INFO - Processing /Users/vamseekrishna/Desktop/F1_Data_Warehouse/f1datawarehouse/lib/python3.9/site-packages/airflow/example_dags/example_sensors.py took 0.069 seconds
[2024-02-24T13:12:05.113-0600] {processor.py:161} INFO - Started process (PID=78292) to work on /Users/vamseekrishna/Desktop/F1_Data_Warehouse/f1datawarehouse/lib/python3.9/site-packages/airflow/example_dags/example_sensors.py
[2024-02-24T13:12:05.114-0600] {processor.py:830} INFO - Processing file /Users/vamseekrishna/Desktop/F1_Data_Warehouse/f1datawarehouse/lib/python3.9/site-packages/airflow/example_dags/example_sensors.py for tasks to queue
[2024-02-24T13:12:05.115-0600] {logging_mixin.py:188} INFO - [2024-02-24T13:12:05.115-0600] {dagbag.py:538} INFO - Filling up the DagBag from /Users/vamseekrishna/Desktop/F1_Data_Warehouse/f1datawarehouse/lib/python3.9/site-packages/airflow/example_dags/example_sensors.py
[2024-02-24T13:12:05.121-0600] {processor.py:840} INFO - DAG(s) 'example_sensors' retrieved from /Users/vamseekrishna/Desktop/F1_Data_Warehouse/f1datawarehouse/lib/python3.9/site-packages/airflow/example_dags/example_sensors.py
[2024-02-24T13:12:05.169-0600] {logging_mixin.py:188} INFO - [2024-02-24T13:12:05.169-0600] {dag.py:3036} INFO - Sync 1 DAGs
[2024-02-24T13:12:05.173-0600] {logging_mixin.py:188} INFO - [2024-02-24T13:12:05.173-0600] {dag.py:3823} INFO - Setting next_dagrun for example_sensors to None, run_after=None
[2024-02-24T13:12:05.181-0600] {processor.py:183} INFO - Processing /Users/vamseekrishna/Desktop/F1_Data_Warehouse/f1datawarehouse/lib/python3.9/site-packages/airflow/example_dags/example_sensors.py took 0.069 seconds
[2024-02-24T13:13:55.909-0600] {processor.py:161} INFO - Started process (PID=78377) to work on /Users/vamseekrishna/Desktop/F1_Data_Warehouse/f1datawarehouse/lib/python3.9/site-packages/airflow/example_dags/example_sensors.py
[2024-02-24T13:13:55.911-0600] {processor.py:830} INFO - Processing file /Users/vamseekrishna/Desktop/F1_Data_Warehouse/f1datawarehouse/lib/python3.9/site-packages/airflow/example_dags/example_sensors.py for tasks to queue
[2024-02-24T13:13:55.911-0600] {logging_mixin.py:188} INFO - [2024-02-24T13:13:55.911-0600] {dagbag.py:538} INFO - Filling up the DagBag from /Users/vamseekrishna/Desktop/F1_Data_Warehouse/f1datawarehouse/lib/python3.9/site-packages/airflow/example_dags/example_sensors.py
[2024-02-24T13:13:55.917-0600] {processor.py:840} INFO - DAG(s) 'example_sensors' retrieved from /Users/vamseekrishna/Desktop/F1_Data_Warehouse/f1datawarehouse/lib/python3.9/site-packages/airflow/example_dags/example_sensors.py
[2024-02-24T13:13:55.965-0600] {logging_mixin.py:188} INFO - [2024-02-24T13:13:55.965-0600] {dag.py:3036} INFO - Sync 1 DAGs
[2024-02-24T13:13:55.969-0600] {logging_mixin.py:188} INFO - [2024-02-24T13:13:55.969-0600] {dag.py:3823} INFO - Setting next_dagrun for example_sensors to None, run_after=None
[2024-02-24T13:13:55.976-0600] {processor.py:183} INFO - Processing /Users/vamseekrishna/Desktop/F1_Data_Warehouse/f1datawarehouse/lib/python3.9/site-packages/airflow/example_dags/example_sensors.py took 0.068 seconds
[2024-02-24T13:15:46.304-0600] {processor.py:161} INFO - Started process (PID=78467) to work on /Users/vamseekrishna/Desktop/F1_Data_Warehouse/f1datawarehouse/lib/python3.9/site-packages/airflow/example_dags/example_sensors.py
[2024-02-24T13:15:46.306-0600] {processor.py:830} INFO - Processing file /Users/vamseekrishna/Desktop/F1_Data_Warehouse/f1datawarehouse/lib/python3.9/site-packages/airflow/example_dags/example_sensors.py for tasks to queue
[2024-02-24T13:15:46.306-0600] {logging_mixin.py:188} INFO - [2024-02-24T13:15:46.306-0600] {dagbag.py:538} INFO - Filling up the DagBag from /Users/vamseekrishna/Desktop/F1_Data_Warehouse/f1datawarehouse/lib/python3.9/site-packages/airflow/example_dags/example_sensors.py
[2024-02-24T13:15:46.312-0600] {processor.py:840} INFO - DAG(s) 'example_sensors' retrieved from /Users/vamseekrishna/Desktop/F1_Data_Warehouse/f1datawarehouse/lib/python3.9/site-packages/airflow/example_dags/example_sensors.py
[2024-02-24T13:15:46.360-0600] {logging_mixin.py:188} INFO - [2024-02-24T13:15:46.360-0600] {dag.py:3036} INFO - Sync 1 DAGs
[2024-02-24T13:15:46.364-0600] {logging_mixin.py:188} INFO - [2024-02-24T13:15:46.364-0600] {dag.py:3823} INFO - Setting next_dagrun for example_sensors to None, run_after=None
[2024-02-24T13:15:46.371-0600] {processor.py:183} INFO - Processing /Users/vamseekrishna/Desktop/F1_Data_Warehouse/f1datawarehouse/lib/python3.9/site-packages/airflow/example_dags/example_sensors.py took 0.067 seconds
[2024-02-24T13:17:39.517-0600] {processor.py:161} INFO - Started process (PID=78572) to work on /Users/vamseekrishna/Desktop/F1_Data_Warehouse/f1datawarehouse/lib/python3.9/site-packages/airflow/example_dags/example_sensors.py
[2024-02-24T13:17:39.519-0600] {processor.py:830} INFO - Processing file /Users/vamseekrishna/Desktop/F1_Data_Warehouse/f1datawarehouse/lib/python3.9/site-packages/airflow/example_dags/example_sensors.py for tasks to queue
[2024-02-24T13:17:39.519-0600] {logging_mixin.py:188} INFO - [2024-02-24T13:17:39.519-0600] {dagbag.py:538} INFO - Filling up the DagBag from /Users/vamseekrishna/Desktop/F1_Data_Warehouse/f1datawarehouse/lib/python3.9/site-packages/airflow/example_dags/example_sensors.py
[2024-02-24T13:17:39.526-0600] {processor.py:840} INFO - DAG(s) 'example_sensors' retrieved from /Users/vamseekrishna/Desktop/F1_Data_Warehouse/f1datawarehouse/lib/python3.9/site-packages/airflow/example_dags/example_sensors.py
[2024-02-24T13:17:39.574-0600] {logging_mixin.py:188} INFO - [2024-02-24T13:17:39.574-0600] {dag.py:3036} INFO - Sync 1 DAGs
[2024-02-24T13:17:39.578-0600] {logging_mixin.py:188} INFO - [2024-02-24T13:17:39.578-0600] {dag.py:3823} INFO - Setting next_dagrun for example_sensors to None, run_after=None
[2024-02-24T13:17:39.585-0600] {processor.py:183} INFO - Processing /Users/vamseekrishna/Desktop/F1_Data_Warehouse/f1datawarehouse/lib/python3.9/site-packages/airflow/example_dags/example_sensors.py took 0.068 seconds
[2024-02-24T13:19:30.129-0600] {processor.py:161} INFO - Started process (PID=78660) to work on /Users/vamseekrishna/Desktop/F1_Data_Warehouse/f1datawarehouse/lib/python3.9/site-packages/airflow/example_dags/example_sensors.py
[2024-02-24T13:19:30.131-0600] {processor.py:830} INFO - Processing file /Users/vamseekrishna/Desktop/F1_Data_Warehouse/f1datawarehouse/lib/python3.9/site-packages/airflow/example_dags/example_sensors.py for tasks to queue
[2024-02-24T13:19:30.131-0600] {logging_mixin.py:188} INFO - [2024-02-24T13:19:30.131-0600] {dagbag.py:538} INFO - Filling up the DagBag from /Users/vamseekrishna/Desktop/F1_Data_Warehouse/f1datawarehouse/lib/python3.9/site-packages/airflow/example_dags/example_sensors.py
[2024-02-24T13:19:30.137-0600] {processor.py:840} INFO - DAG(s) 'example_sensors' retrieved from /Users/vamseekrishna/Desktop/F1_Data_Warehouse/f1datawarehouse/lib/python3.9/site-packages/airflow/example_dags/example_sensors.py
[2024-02-24T13:19:30.186-0600] {logging_mixin.py:188} INFO - [2024-02-24T13:19:30.186-0600] {dag.py:3036} INFO - Sync 1 DAGs
[2024-02-24T13:19:30.189-0600] {logging_mixin.py:188} INFO - [2024-02-24T13:19:30.189-0600] {dag.py:3823} INFO - Setting next_dagrun for example_sensors to None, run_after=None
[2024-02-24T13:19:30.196-0600] {processor.py:183} INFO - Processing /Users/vamseekrishna/Desktop/F1_Data_Warehouse/f1datawarehouse/lib/python3.9/site-packages/airflow/example_dags/example_sensors.py took 0.067 seconds
[2024-02-24T13:21:16.365-0600] {processor.py:161} INFO - Started process (PID=78739) to work on /Users/vamseekrishna/Desktop/F1_Data_Warehouse/f1datawarehouse/lib/python3.9/site-packages/airflow/example_dags/example_sensors.py
[2024-02-24T13:21:16.367-0600] {processor.py:830} INFO - Processing file /Users/vamseekrishna/Desktop/F1_Data_Warehouse/f1datawarehouse/lib/python3.9/site-packages/airflow/example_dags/example_sensors.py for tasks to queue
[2024-02-24T13:21:16.367-0600] {logging_mixin.py:188} INFO - [2024-02-24T13:21:16.367-0600] {dagbag.py:538} INFO - Filling up the DagBag from /Users/vamseekrishna/Desktop/F1_Data_Warehouse/f1datawarehouse/lib/python3.9/site-packages/airflow/example_dags/example_sensors.py
[2024-02-24T13:21:16.374-0600] {processor.py:840} INFO - DAG(s) 'example_sensors' retrieved from /Users/vamseekrishna/Desktop/F1_Data_Warehouse/f1datawarehouse/lib/python3.9/site-packages/airflow/example_dags/example_sensors.py
[2024-02-24T13:21:16.422-0600] {logging_mixin.py:188} INFO - [2024-02-24T13:21:16.422-0600] {dag.py:3036} INFO - Sync 1 DAGs
[2024-02-24T13:21:16.425-0600] {logging_mixin.py:188} INFO - [2024-02-24T13:21:16.425-0600] {dag.py:3823} INFO - Setting next_dagrun for example_sensors to None, run_after=None
[2024-02-24T13:21:16.432-0600] {processor.py:183} INFO - Processing /Users/vamseekrishna/Desktop/F1_Data_Warehouse/f1datawarehouse/lib/python3.9/site-packages/airflow/example_dags/example_sensors.py took 0.068 seconds
[2024-02-24T13:23:12.166-0600] {processor.py:161} INFO - Started process (PID=78866) to work on /Users/vamseekrishna/Desktop/F1_Data_Warehouse/f1datawarehouse/lib/python3.9/site-packages/airflow/example_dags/example_sensors.py
[2024-02-24T13:23:12.168-0600] {processor.py:830} INFO - Processing file /Users/vamseekrishna/Desktop/F1_Data_Warehouse/f1datawarehouse/lib/python3.9/site-packages/airflow/example_dags/example_sensors.py for tasks to queue
[2024-02-24T13:23:12.168-0600] {logging_mixin.py:188} INFO - [2024-02-24T13:23:12.168-0600] {dagbag.py:538} INFO - Filling up the DagBag from /Users/vamseekrishna/Desktop/F1_Data_Warehouse/f1datawarehouse/lib/python3.9/site-packages/airflow/example_dags/example_sensors.py
[2024-02-24T13:23:12.175-0600] {processor.py:840} INFO - DAG(s) 'example_sensors' retrieved from /Users/vamseekrishna/Desktop/F1_Data_Warehouse/f1datawarehouse/lib/python3.9/site-packages/airflow/example_dags/example_sensors.py
[2024-02-24T13:23:12.226-0600] {logging_mixin.py:188} INFO - [2024-02-24T13:23:12.225-0600] {dag.py:3036} INFO - Sync 1 DAGs
[2024-02-24T13:23:12.229-0600] {logging_mixin.py:188} INFO - [2024-02-24T13:23:12.229-0600] {dag.py:3823} INFO - Setting next_dagrun for example_sensors to None, run_after=None
[2024-02-24T13:23:12.237-0600] {processor.py:183} INFO - Processing /Users/vamseekrishna/Desktop/F1_Data_Warehouse/f1datawarehouse/lib/python3.9/site-packages/airflow/example_dags/example_sensors.py took 0.071 seconds
[2024-02-24T13:25:05.922-0600] {processor.py:161} INFO - Started process (PID=78956) to work on /Users/vamseekrishna/Desktop/F1_Data_Warehouse/f1datawarehouse/lib/python3.9/site-packages/airflow/example_dags/example_sensors.py
[2024-02-24T13:25:05.924-0600] {processor.py:830} INFO - Processing file /Users/vamseekrishna/Desktop/F1_Data_Warehouse/f1datawarehouse/lib/python3.9/site-packages/airflow/example_dags/example_sensors.py for tasks to queue
[2024-02-24T13:25:05.924-0600] {logging_mixin.py:188} INFO - [2024-02-24T13:25:05.924-0600] {dagbag.py:538} INFO - Filling up the DagBag from /Users/vamseekrishna/Desktop/F1_Data_Warehouse/f1datawarehouse/lib/python3.9/site-packages/airflow/example_dags/example_sensors.py
[2024-02-24T13:25:05.930-0600] {processor.py:840} INFO - DAG(s) 'example_sensors' retrieved from /Users/vamseekrishna/Desktop/F1_Data_Warehouse/f1datawarehouse/lib/python3.9/site-packages/airflow/example_dags/example_sensors.py
[2024-02-24T13:25:05.978-0600] {logging_mixin.py:188} INFO - [2024-02-24T13:25:05.978-0600] {dag.py:3036} INFO - Sync 1 DAGs
[2024-02-24T13:25:05.981-0600] {logging_mixin.py:188} INFO - [2024-02-24T13:25:05.981-0600] {dag.py:3823} INFO - Setting next_dagrun for example_sensors to None, run_after=None
[2024-02-24T13:25:05.988-0600] {processor.py:183} INFO - Processing /Users/vamseekrishna/Desktop/F1_Data_Warehouse/f1datawarehouse/lib/python3.9/site-packages/airflow/example_dags/example_sensors.py took 0.067 seconds
[2024-02-24T13:26:57.690-0600] {processor.py:161} INFO - Started process (PID=79075) to work on /Users/vamseekrishna/Desktop/F1_Data_Warehouse/f1datawarehouse/lib/python3.9/site-packages/airflow/example_dags/example_sensors.py
[2024-02-24T13:26:57.692-0600] {processor.py:830} INFO - Processing file /Users/vamseekrishna/Desktop/F1_Data_Warehouse/f1datawarehouse/lib/python3.9/site-packages/airflow/example_dags/example_sensors.py for tasks to queue
[2024-02-24T13:26:57.692-0600] {logging_mixin.py:188} INFO - [2024-02-24T13:26:57.692-0600] {dagbag.py:538} INFO - Filling up the DagBag from /Users/vamseekrishna/Desktop/F1_Data_Warehouse/f1datawarehouse/lib/python3.9/site-packages/airflow/example_dags/example_sensors.py
[2024-02-24T13:26:57.701-0600] {processor.py:840} INFO - DAG(s) 'example_sensors' retrieved from /Users/vamseekrishna/Desktop/F1_Data_Warehouse/f1datawarehouse/lib/python3.9/site-packages/airflow/example_dags/example_sensors.py
[2024-02-24T13:26:57.758-0600] {logging_mixin.py:188} INFO - [2024-02-24T13:26:57.758-0600] {dag.py:3036} INFO - Sync 1 DAGs
[2024-02-24T13:26:57.762-0600] {logging_mixin.py:188} INFO - [2024-02-24T13:26:57.762-0600] {dag.py:3823} INFO - Setting next_dagrun for example_sensors to None, run_after=None
[2024-02-24T13:26:57.770-0600] {processor.py:183} INFO - Processing /Users/vamseekrishna/Desktop/F1_Data_Warehouse/f1datawarehouse/lib/python3.9/site-packages/airflow/example_dags/example_sensors.py took 0.081 seconds
[2024-02-24T13:28:40.974-0600] {processor.py:161} INFO - Started process (PID=79178) to work on /Users/vamseekrishna/Desktop/F1_Data_Warehouse/f1datawarehouse/lib/python3.9/site-packages/airflow/example_dags/example_sensors.py
[2024-02-24T13:28:40.975-0600] {processor.py:830} INFO - Processing file /Users/vamseekrishna/Desktop/F1_Data_Warehouse/f1datawarehouse/lib/python3.9/site-packages/airflow/example_dags/example_sensors.py for tasks to queue
[2024-02-24T13:28:40.976-0600] {logging_mixin.py:188} INFO - [2024-02-24T13:28:40.976-0600] {dagbag.py:538} INFO - Filling up the DagBag from /Users/vamseekrishna/Desktop/F1_Data_Warehouse/f1datawarehouse/lib/python3.9/site-packages/airflow/example_dags/example_sensors.py
[2024-02-24T13:28:40.982-0600] {processor.py:840} INFO - DAG(s) 'example_sensors' retrieved from /Users/vamseekrishna/Desktop/F1_Data_Warehouse/f1datawarehouse/lib/python3.9/site-packages/airflow/example_dags/example_sensors.py
[2024-02-24T13:28:41.030-0600] {logging_mixin.py:188} INFO - [2024-02-24T13:28:41.030-0600] {dag.py:3036} INFO - Sync 1 DAGs
[2024-02-24T13:28:41.033-0600] {logging_mixin.py:188} INFO - [2024-02-24T13:28:41.033-0600] {dag.py:3823} INFO - Setting next_dagrun for example_sensors to None, run_after=None
[2024-02-24T13:28:41.040-0600] {processor.py:183} INFO - Processing /Users/vamseekrishna/Desktop/F1_Data_Warehouse/f1datawarehouse/lib/python3.9/site-packages/airflow/example_dags/example_sensors.py took 0.067 seconds
[2024-02-24T13:30:33.546-0600] {processor.py:161} INFO - Started process (PID=79462) to work on /Users/vamseekrishna/Desktop/F1_Data_Warehouse/f1datawarehouse/lib/python3.9/site-packages/airflow/example_dags/example_sensors.py
[2024-02-24T13:30:33.548-0600] {processor.py:830} INFO - Processing file /Users/vamseekrishna/Desktop/F1_Data_Warehouse/f1datawarehouse/lib/python3.9/site-packages/airflow/example_dags/example_sensors.py for tasks to queue
[2024-02-24T13:30:33.549-0600] {logging_mixin.py:188} INFO - [2024-02-24T13:30:33.548-0600] {dagbag.py:538} INFO - Filling up the DagBag from /Users/vamseekrishna/Desktop/F1_Data_Warehouse/f1datawarehouse/lib/python3.9/site-packages/airflow/example_dags/example_sensors.py
[2024-02-24T13:30:33.555-0600] {processor.py:840} INFO - DAG(s) 'example_sensors' retrieved from /Users/vamseekrishna/Desktop/F1_Data_Warehouse/f1datawarehouse/lib/python3.9/site-packages/airflow/example_dags/example_sensors.py
[2024-02-24T13:30:33.605-0600] {logging_mixin.py:188} INFO - [2024-02-24T13:30:33.605-0600] {dag.py:3036} INFO - Sync 1 DAGs
[2024-02-24T13:30:33.608-0600] {logging_mixin.py:188} INFO - [2024-02-24T13:30:33.608-0600] {dag.py:3823} INFO - Setting next_dagrun for example_sensors to None, run_after=None
[2024-02-24T13:30:33.616-0600] {processor.py:183} INFO - Processing /Users/vamseekrishna/Desktop/F1_Data_Warehouse/f1datawarehouse/lib/python3.9/site-packages/airflow/example_dags/example_sensors.py took 0.070 seconds
