[2024-02-24T11:48:43.891-0600] {processor.py:161} INFO - Started process (PID=75062) to work on /Users/vamseekrishna/Desktop/F1_Data_Warehouse/f1datawarehouse/lib/python3.9/site-packages/airflow/example_dags/example_bash_operator.py
[2024-02-24T11:48:43.892-0600] {processor.py:830} INFO - Processing file /Users/vamseekrishna/Desktop/F1_Data_Warehouse/f1datawarehouse/lib/python3.9/site-packages/airflow/example_dags/example_bash_operator.py for tasks to queue
[2024-02-24T11:48:43.892-0600] {logging_mixin.py:188} INFO - [2024-02-24T11:48:43.892-0600] {dagbag.py:538} INFO - Filling up the DagBag from /Users/vamseekrishna/Desktop/F1_Data_Warehouse/f1datawarehouse/lib/python3.9/site-packages/airflow/example_dags/example_bash_operator.py
[2024-02-24T11:48:43.898-0600] {processor.py:840} INFO - DAG(s) 'example_bash_operator' retrieved from /Users/vamseekrishna/Desktop/F1_Data_Warehouse/f1datawarehouse/lib/python3.9/site-packages/airflow/example_dags/example_bash_operator.py
[2024-02-24T11:48:43.987-0600] {logging_mixin.py:188} INFO - [2024-02-24T11:48:43.987-0600] {override.py:1769} INFO - Created Permission View: can read on DAG:example_bash_operator
[2024-02-24T11:48:43.991-0600] {logging_mixin.py:188} INFO - [2024-02-24T11:48:43.991-0600] {override.py:1769} INFO - Created Permission View: can delete on DAG:example_bash_operator
[2024-02-24T11:48:43.994-0600] {logging_mixin.py:188} INFO - [2024-02-24T11:48:43.994-0600] {override.py:1769} INFO - Created Permission View: can edit on DAG:example_bash_operator
[2024-02-24T11:48:43.994-0600] {logging_mixin.py:188} INFO - [2024-02-24T11:48:43.994-0600] {dag.py:3036} INFO - Sync 1 DAGs
[2024-02-24T11:48:43.999-0600] {logging_mixin.py:188} INFO - [2024-02-24T11:48:43.999-0600] {dag.py:3058} INFO - Creating ORM DAG for example_bash_operator
[2024-02-24T11:48:44.003-0600] {logging_mixin.py:188} INFO - [2024-02-24T11:48:44.003-0600] {dag.py:3823} INFO - Setting next_dagrun for example_bash_operator to 2024-02-23 00:00:00+00:00, run_after=2024-02-24 00:00:00+00:00
[2024-02-24T11:48:44.010-0600] {processor.py:183} INFO - Processing /Users/vamseekrishna/Desktop/F1_Data_Warehouse/f1datawarehouse/lib/python3.9/site-packages/airflow/example_dags/example_bash_operator.py took 0.120 seconds
[2024-02-24T11:50:51.893-0600] {processor.py:161} INFO - Started process (PID=75298) to work on /Users/vamseekrishna/Desktop/F1_Data_Warehouse/f1datawarehouse/lib/python3.9/site-packages/airflow/example_dags/example_bash_operator.py
[2024-02-24T11:50:51.895-0600] {processor.py:830} INFO - Processing file /Users/vamseekrishna/Desktop/F1_Data_Warehouse/f1datawarehouse/lib/python3.9/site-packages/airflow/example_dags/example_bash_operator.py for tasks to queue
[2024-02-24T11:50:51.895-0600] {logging_mixin.py:188} INFO - [2024-02-24T11:50:51.895-0600] {dagbag.py:538} INFO - Filling up the DagBag from /Users/vamseekrishna/Desktop/F1_Data_Warehouse/f1datawarehouse/lib/python3.9/site-packages/airflow/example_dags/example_bash_operator.py
[2024-02-24T11:50:51.901-0600] {processor.py:840} INFO - DAG(s) 'example_bash_operator' retrieved from /Users/vamseekrishna/Desktop/F1_Data_Warehouse/f1datawarehouse/lib/python3.9/site-packages/airflow/example_dags/example_bash_operator.py
[2024-02-24T11:50:51.956-0600] {logging_mixin.py:188} INFO - [2024-02-24T11:50:51.956-0600] {dag.py:3036} INFO - Sync 1 DAGs
[2024-02-24T11:50:51.966-0600] {logging_mixin.py:188} INFO - [2024-02-24T11:50:51.965-0600] {dag.py:3823} INFO - Setting next_dagrun for example_bash_operator to 2024-02-23 00:00:00+00:00, run_after=2024-02-24 00:00:00+00:00
[2024-02-24T11:50:51.976-0600] {processor.py:183} INFO - Processing /Users/vamseekrishna/Desktop/F1_Data_Warehouse/f1datawarehouse/lib/python3.9/site-packages/airflow/example_dags/example_bash_operator.py took 0.083 seconds
[2024-02-24T11:53:11.115-0600] {processor.py:161} INFO - Started process (PID=75474) to work on /Users/vamseekrishna/Desktop/F1_Data_Warehouse/f1datawarehouse/lib/python3.9/site-packages/airflow/example_dags/example_bash_operator.py
[2024-02-24T11:53:11.117-0600] {processor.py:830} INFO - Processing file /Users/vamseekrishna/Desktop/F1_Data_Warehouse/f1datawarehouse/lib/python3.9/site-packages/airflow/example_dags/example_bash_operator.py for tasks to queue
[2024-02-24T11:53:11.117-0600] {logging_mixin.py:188} INFO - [2024-02-24T11:53:11.117-0600] {dagbag.py:538} INFO - Filling up the DagBag from /Users/vamseekrishna/Desktop/F1_Data_Warehouse/f1datawarehouse/lib/python3.9/site-packages/airflow/example_dags/example_bash_operator.py
[2024-02-24T11:53:11.123-0600] {processor.py:840} INFO - DAG(s) 'example_bash_operator' retrieved from /Users/vamseekrishna/Desktop/F1_Data_Warehouse/f1datawarehouse/lib/python3.9/site-packages/airflow/example_dags/example_bash_operator.py
[2024-02-24T11:53:11.173-0600] {logging_mixin.py:188} INFO - [2024-02-24T11:53:11.173-0600] {dag.py:3036} INFO - Sync 1 DAGs
[2024-02-24T11:53:11.182-0600] {logging_mixin.py:188} INFO - [2024-02-24T11:53:11.182-0600] {dag.py:3823} INFO - Setting next_dagrun for example_bash_operator to 2024-02-23 00:00:00+00:00, run_after=2024-02-24 00:00:00+00:00
[2024-02-24T11:53:11.190-0600] {processor.py:183} INFO - Processing /Users/vamseekrishna/Desktop/F1_Data_Warehouse/f1datawarehouse/lib/python3.9/site-packages/airflow/example_dags/example_bash_operator.py took 0.075 seconds
[2024-02-24T11:55:09.340-0600] {processor.py:161} INFO - Started process (PID=75561) to work on /Users/vamseekrishna/Desktop/F1_Data_Warehouse/f1datawarehouse/lib/python3.9/site-packages/airflow/example_dags/example_bash_operator.py
[2024-02-24T11:55:09.342-0600] {processor.py:830} INFO - Processing file /Users/vamseekrishna/Desktop/F1_Data_Warehouse/f1datawarehouse/lib/python3.9/site-packages/airflow/example_dags/example_bash_operator.py for tasks to queue
[2024-02-24T11:55:09.342-0600] {logging_mixin.py:188} INFO - [2024-02-24T11:55:09.342-0600] {dagbag.py:538} INFO - Filling up the DagBag from /Users/vamseekrishna/Desktop/F1_Data_Warehouse/f1datawarehouse/lib/python3.9/site-packages/airflow/example_dags/example_bash_operator.py
[2024-02-24T11:55:09.348-0600] {processor.py:840} INFO - DAG(s) 'example_bash_operator' retrieved from /Users/vamseekrishna/Desktop/F1_Data_Warehouse/f1datawarehouse/lib/python3.9/site-packages/airflow/example_dags/example_bash_operator.py
[2024-02-24T11:55:09.399-0600] {logging_mixin.py:188} INFO - [2024-02-24T11:55:09.399-0600] {dag.py:3036} INFO - Sync 1 DAGs
[2024-02-24T11:55:09.406-0600] {logging_mixin.py:188} INFO - [2024-02-24T11:55:09.406-0600] {dag.py:3823} INFO - Setting next_dagrun for example_bash_operator to 2024-02-23 00:00:00+00:00, run_after=2024-02-24 00:00:00+00:00
[2024-02-24T11:55:09.416-0600] {processor.py:183} INFO - Processing /Users/vamseekrishna/Desktop/F1_Data_Warehouse/f1datawarehouse/lib/python3.9/site-packages/airflow/example_dags/example_bash_operator.py took 0.077 seconds
[2024-02-24T11:57:01.007-0600] {processor.py:161} INFO - Started process (PID=75659) to work on /Users/vamseekrishna/Desktop/F1_Data_Warehouse/f1datawarehouse/lib/python3.9/site-packages/airflow/example_dags/example_bash_operator.py
[2024-02-24T11:57:01.009-0600] {processor.py:830} INFO - Processing file /Users/vamseekrishna/Desktop/F1_Data_Warehouse/f1datawarehouse/lib/python3.9/site-packages/airflow/example_dags/example_bash_operator.py for tasks to queue
[2024-02-24T11:57:01.010-0600] {logging_mixin.py:188} INFO - [2024-02-24T11:57:01.009-0600] {dagbag.py:538} INFO - Filling up the DagBag from /Users/vamseekrishna/Desktop/F1_Data_Warehouse/f1datawarehouse/lib/python3.9/site-packages/airflow/example_dags/example_bash_operator.py
[2024-02-24T11:57:01.016-0600] {processor.py:840} INFO - DAG(s) 'example_bash_operator' retrieved from /Users/vamseekrishna/Desktop/F1_Data_Warehouse/f1datawarehouse/lib/python3.9/site-packages/airflow/example_dags/example_bash_operator.py
[2024-02-24T11:57:01.066-0600] {logging_mixin.py:188} INFO - [2024-02-24T11:57:01.066-0600] {dag.py:3036} INFO - Sync 1 DAGs
[2024-02-24T11:57:01.074-0600] {logging_mixin.py:188} INFO - [2024-02-24T11:57:01.074-0600] {dag.py:3823} INFO - Setting next_dagrun for example_bash_operator to 2024-02-23 00:00:00+00:00, run_after=2024-02-24 00:00:00+00:00
[2024-02-24T11:57:01.083-0600] {processor.py:183} INFO - Processing /Users/vamseekrishna/Desktop/F1_Data_Warehouse/f1datawarehouse/lib/python3.9/site-packages/airflow/example_dags/example_bash_operator.py took 0.077 seconds
[2024-02-24T11:59:09.979-0600] {processor.py:161} INFO - Started process (PID=75821) to work on /Users/vamseekrishna/Desktop/F1_Data_Warehouse/f1datawarehouse/lib/python3.9/site-packages/airflow/example_dags/example_bash_operator.py
[2024-02-24T11:59:09.981-0600] {processor.py:830} INFO - Processing file /Users/vamseekrishna/Desktop/F1_Data_Warehouse/f1datawarehouse/lib/python3.9/site-packages/airflow/example_dags/example_bash_operator.py for tasks to queue
[2024-02-24T11:59:09.982-0600] {logging_mixin.py:188} INFO - [2024-02-24T11:59:09.982-0600] {dagbag.py:538} INFO - Filling up the DagBag from /Users/vamseekrishna/Desktop/F1_Data_Warehouse/f1datawarehouse/lib/python3.9/site-packages/airflow/example_dags/example_bash_operator.py
[2024-02-24T11:59:09.989-0600] {processor.py:840} INFO - DAG(s) 'example_bash_operator' retrieved from /Users/vamseekrishna/Desktop/F1_Data_Warehouse/f1datawarehouse/lib/python3.9/site-packages/airflow/example_dags/example_bash_operator.py
[2024-02-24T11:59:10.044-0600] {logging_mixin.py:188} INFO - [2024-02-24T11:59:10.044-0600] {dag.py:3036} INFO - Sync 1 DAGs
[2024-02-24T11:59:10.052-0600] {logging_mixin.py:188} INFO - [2024-02-24T11:59:10.052-0600] {dag.py:3823} INFO - Setting next_dagrun for example_bash_operator to 2024-02-23 00:00:00+00:00, run_after=2024-02-24 00:00:00+00:00
[2024-02-24T11:59:10.060-0600] {processor.py:183} INFO - Processing /Users/vamseekrishna/Desktop/F1_Data_Warehouse/f1datawarehouse/lib/python3.9/site-packages/airflow/example_dags/example_bash_operator.py took 0.082 seconds
[2024-02-24T12:01:19.468-0600] {processor.py:161} INFO - Started process (PID=75995) to work on /Users/vamseekrishna/Desktop/F1_Data_Warehouse/f1datawarehouse/lib/python3.9/site-packages/airflow/example_dags/example_bash_operator.py
[2024-02-24T12:01:19.470-0600] {processor.py:830} INFO - Processing file /Users/vamseekrishna/Desktop/F1_Data_Warehouse/f1datawarehouse/lib/python3.9/site-packages/airflow/example_dags/example_bash_operator.py for tasks to queue
[2024-02-24T12:01:19.470-0600] {logging_mixin.py:188} INFO - [2024-02-24T12:01:19.470-0600] {dagbag.py:538} INFO - Filling up the DagBag from /Users/vamseekrishna/Desktop/F1_Data_Warehouse/f1datawarehouse/lib/python3.9/site-packages/airflow/example_dags/example_bash_operator.py
[2024-02-24T12:01:19.476-0600] {processor.py:840} INFO - DAG(s) 'example_bash_operator' retrieved from /Users/vamseekrishna/Desktop/F1_Data_Warehouse/f1datawarehouse/lib/python3.9/site-packages/airflow/example_dags/example_bash_operator.py
[2024-02-24T12:01:19.532-0600] {logging_mixin.py:188} INFO - [2024-02-24T12:01:19.532-0600] {dag.py:3036} INFO - Sync 1 DAGs
[2024-02-24T12:01:19.541-0600] {logging_mixin.py:188} INFO - [2024-02-24T12:01:19.541-0600] {dag.py:3823} INFO - Setting next_dagrun for example_bash_operator to 2024-02-23 00:00:00+00:00, run_after=2024-02-24 00:00:00+00:00
[2024-02-24T12:01:19.551-0600] {processor.py:183} INFO - Processing /Users/vamseekrishna/Desktop/F1_Data_Warehouse/f1datawarehouse/lib/python3.9/site-packages/airflow/example_dags/example_bash_operator.py took 0.084 seconds
[2024-02-24T12:03:16.418-0600] {processor.py:161} INFO - Started process (PID=76118) to work on /Users/vamseekrishna/Desktop/F1_Data_Warehouse/f1datawarehouse/lib/python3.9/site-packages/airflow/example_dags/example_bash_operator.py
[2024-02-24T12:03:16.420-0600] {processor.py:830} INFO - Processing file /Users/vamseekrishna/Desktop/F1_Data_Warehouse/f1datawarehouse/lib/python3.9/site-packages/airflow/example_dags/example_bash_operator.py for tasks to queue
[2024-02-24T12:03:16.420-0600] {logging_mixin.py:188} INFO - [2024-02-24T12:03:16.420-0600] {dagbag.py:538} INFO - Filling up the DagBag from /Users/vamseekrishna/Desktop/F1_Data_Warehouse/f1datawarehouse/lib/python3.9/site-packages/airflow/example_dags/example_bash_operator.py
[2024-02-24T12:03:16.426-0600] {processor.py:840} INFO - DAG(s) 'example_bash_operator' retrieved from /Users/vamseekrishna/Desktop/F1_Data_Warehouse/f1datawarehouse/lib/python3.9/site-packages/airflow/example_dags/example_bash_operator.py
[2024-02-24T12:03:16.477-0600] {logging_mixin.py:188} INFO - [2024-02-24T12:03:16.477-0600] {dag.py:3036} INFO - Sync 1 DAGs
[2024-02-24T12:03:16.484-0600] {logging_mixin.py:188} INFO - [2024-02-24T12:03:16.484-0600] {dag.py:3823} INFO - Setting next_dagrun for example_bash_operator to 2024-02-23 00:00:00+00:00, run_after=2024-02-24 00:00:00+00:00
[2024-02-24T12:03:16.494-0600] {processor.py:183} INFO - Processing /Users/vamseekrishna/Desktop/F1_Data_Warehouse/f1datawarehouse/lib/python3.9/site-packages/airflow/example_dags/example_bash_operator.py took 0.076 seconds
[2024-02-24T12:37:42.635-0600] {processor.py:161} INFO - Started process (PID=76327) to work on /Users/vamseekrishna/Desktop/F1_Data_Warehouse/f1datawarehouse/lib/python3.9/site-packages/airflow/example_dags/example_bash_operator.py
[2024-02-24T12:37:42.637-0600] {processor.py:830} INFO - Processing file /Users/vamseekrishna/Desktop/F1_Data_Warehouse/f1datawarehouse/lib/python3.9/site-packages/airflow/example_dags/example_bash_operator.py for tasks to queue
[2024-02-24T12:37:42.638-0600] {logging_mixin.py:188} INFO - [2024-02-24T12:37:42.638-0600] {dagbag.py:538} INFO - Filling up the DagBag from /Users/vamseekrishna/Desktop/F1_Data_Warehouse/f1datawarehouse/lib/python3.9/site-packages/airflow/example_dags/example_bash_operator.py
[2024-02-24T12:37:42.644-0600] {processor.py:840} INFO - DAG(s) 'example_bash_operator' retrieved from /Users/vamseekrishna/Desktop/F1_Data_Warehouse/f1datawarehouse/lib/python3.9/site-packages/airflow/example_dags/example_bash_operator.py
[2024-02-24T12:37:42.694-0600] {logging_mixin.py:188} INFO - [2024-02-24T12:37:42.694-0600] {dag.py:3036} INFO - Sync 1 DAGs
[2024-02-24T12:37:42.703-0600] {logging_mixin.py:188} INFO - [2024-02-24T12:37:42.703-0600] {dag.py:3823} INFO - Setting next_dagrun for example_bash_operator to 2024-02-23 00:00:00+00:00, run_after=2024-02-24 00:00:00+00:00
[2024-02-24T12:37:42.711-0600] {processor.py:183} INFO - Processing /Users/vamseekrishna/Desktop/F1_Data_Warehouse/f1datawarehouse/lib/python3.9/site-packages/airflow/example_dags/example_bash_operator.py took 0.077 seconds
[2024-02-24T12:39:49.437-0600] {processor.py:161} INFO - Started process (PID=76486) to work on /Users/vamseekrishna/Desktop/F1_Data_Warehouse/f1datawarehouse/lib/python3.9/site-packages/airflow/example_dags/example_bash_operator.py
[2024-02-24T12:39:49.439-0600] {processor.py:830} INFO - Processing file /Users/vamseekrishna/Desktop/F1_Data_Warehouse/f1datawarehouse/lib/python3.9/site-packages/airflow/example_dags/example_bash_operator.py for tasks to queue
[2024-02-24T12:39:49.439-0600] {logging_mixin.py:188} INFO - [2024-02-24T12:39:49.439-0600] {dagbag.py:538} INFO - Filling up the DagBag from /Users/vamseekrishna/Desktop/F1_Data_Warehouse/f1datawarehouse/lib/python3.9/site-packages/airflow/example_dags/example_bash_operator.py
[2024-02-24T12:39:49.444-0600] {processor.py:840} INFO - DAG(s) 'example_bash_operator' retrieved from /Users/vamseekrishna/Desktop/F1_Data_Warehouse/f1datawarehouse/lib/python3.9/site-packages/airflow/example_dags/example_bash_operator.py
[2024-02-24T12:39:49.496-0600] {logging_mixin.py:188} INFO - [2024-02-24T12:39:49.496-0600] {dag.py:3036} INFO - Sync 1 DAGs
[2024-02-24T12:39:49.505-0600] {logging_mixin.py:188} INFO - [2024-02-24T12:39:49.504-0600] {dag.py:3823} INFO - Setting next_dagrun for example_bash_operator to 2024-02-23 00:00:00+00:00, run_after=2024-02-24 00:00:00+00:00
[2024-02-24T12:39:49.512-0600] {processor.py:183} INFO - Processing /Users/vamseekrishna/Desktop/F1_Data_Warehouse/f1datawarehouse/lib/python3.9/site-packages/airflow/example_dags/example_bash_operator.py took 0.075 seconds
[2024-02-24T12:41:49.095-0600] {processor.py:161} INFO - Started process (PID=76602) to work on /Users/vamseekrishna/Desktop/F1_Data_Warehouse/f1datawarehouse/lib/python3.9/site-packages/airflow/example_dags/example_bash_operator.py
[2024-02-24T12:41:49.097-0600] {processor.py:830} INFO - Processing file /Users/vamseekrishna/Desktop/F1_Data_Warehouse/f1datawarehouse/lib/python3.9/site-packages/airflow/example_dags/example_bash_operator.py for tasks to queue
[2024-02-24T12:41:49.097-0600] {logging_mixin.py:188} INFO - [2024-02-24T12:41:49.097-0600] {dagbag.py:538} INFO - Filling up the DagBag from /Users/vamseekrishna/Desktop/F1_Data_Warehouse/f1datawarehouse/lib/python3.9/site-packages/airflow/example_dags/example_bash_operator.py
[2024-02-24T12:41:49.102-0600] {processor.py:840} INFO - DAG(s) 'example_bash_operator' retrieved from /Users/vamseekrishna/Desktop/F1_Data_Warehouse/f1datawarehouse/lib/python3.9/site-packages/airflow/example_dags/example_bash_operator.py
[2024-02-24T12:41:49.158-0600] {logging_mixin.py:188} INFO - [2024-02-24T12:41:49.157-0600] {dag.py:3036} INFO - Sync 1 DAGs
[2024-02-24T12:41:49.168-0600] {logging_mixin.py:188} INFO - [2024-02-24T12:41:49.168-0600] {dag.py:3823} INFO - Setting next_dagrun for example_bash_operator to 2024-02-23 00:00:00+00:00, run_after=2024-02-24 00:00:00+00:00
[2024-02-24T12:41:49.176-0600] {processor.py:183} INFO - Processing /Users/vamseekrishna/Desktop/F1_Data_Warehouse/f1datawarehouse/lib/python3.9/site-packages/airflow/example_dags/example_bash_operator.py took 0.082 seconds
[2024-02-24T12:43:53.709-0600] {processor.py:161} INFO - Started process (PID=76726) to work on /Users/vamseekrishna/Desktop/F1_Data_Warehouse/f1datawarehouse/lib/python3.9/site-packages/airflow/example_dags/example_bash_operator.py
[2024-02-24T12:43:53.712-0600] {processor.py:830} INFO - Processing file /Users/vamseekrishna/Desktop/F1_Data_Warehouse/f1datawarehouse/lib/python3.9/site-packages/airflow/example_dags/example_bash_operator.py for tasks to queue
[2024-02-24T12:43:53.712-0600] {logging_mixin.py:188} INFO - [2024-02-24T12:43:53.712-0600] {dagbag.py:538} INFO - Filling up the DagBag from /Users/vamseekrishna/Desktop/F1_Data_Warehouse/f1datawarehouse/lib/python3.9/site-packages/airflow/example_dags/example_bash_operator.py
[2024-02-24T12:43:53.718-0600] {processor.py:840} INFO - DAG(s) 'example_bash_operator' retrieved from /Users/vamseekrishna/Desktop/F1_Data_Warehouse/f1datawarehouse/lib/python3.9/site-packages/airflow/example_dags/example_bash_operator.py
[2024-02-24T12:43:53.767-0600] {logging_mixin.py:188} INFO - [2024-02-24T12:43:53.767-0600] {dag.py:3036} INFO - Sync 1 DAGs
[2024-02-24T12:43:53.775-0600] {logging_mixin.py:188} INFO - [2024-02-24T12:43:53.775-0600] {dag.py:3823} INFO - Setting next_dagrun for example_bash_operator to 2024-02-23 00:00:00+00:00, run_after=2024-02-24 00:00:00+00:00
[2024-02-24T12:43:53.785-0600] {processor.py:183} INFO - Processing /Users/vamseekrishna/Desktop/F1_Data_Warehouse/f1datawarehouse/lib/python3.9/site-packages/airflow/example_dags/example_bash_operator.py took 0.076 seconds
[2024-02-24T12:46:15.015-0600] {processor.py:161} INFO - Started process (PID=76976) to work on /Users/vamseekrishna/Desktop/F1_Data_Warehouse/f1datawarehouse/lib/python3.9/site-packages/airflow/example_dags/example_bash_operator.py
[2024-02-24T12:46:15.018-0600] {processor.py:830} INFO - Processing file /Users/vamseekrishna/Desktop/F1_Data_Warehouse/f1datawarehouse/lib/python3.9/site-packages/airflow/example_dags/example_bash_operator.py for tasks to queue
[2024-02-24T12:46:15.018-0600] {logging_mixin.py:188} INFO - [2024-02-24T12:46:15.018-0600] {dagbag.py:538} INFO - Filling up the DagBag from /Users/vamseekrishna/Desktop/F1_Data_Warehouse/f1datawarehouse/lib/python3.9/site-packages/airflow/example_dags/example_bash_operator.py
[2024-02-24T12:46:15.024-0600] {processor.py:840} INFO - DAG(s) 'example_bash_operator' retrieved from /Users/vamseekrishna/Desktop/F1_Data_Warehouse/f1datawarehouse/lib/python3.9/site-packages/airflow/example_dags/example_bash_operator.py
[2024-02-24T12:46:15.076-0600] {logging_mixin.py:188} INFO - [2024-02-24T12:46:15.076-0600] {dag.py:3036} INFO - Sync 1 DAGs
[2024-02-24T12:46:15.084-0600] {logging_mixin.py:188} INFO - [2024-02-24T12:46:15.084-0600] {dag.py:3823} INFO - Setting next_dagrun for example_bash_operator to 2024-02-23 00:00:00+00:00, run_after=2024-02-24 00:00:00+00:00
[2024-02-24T12:46:15.097-0600] {processor.py:183} INFO - Processing /Users/vamseekrishna/Desktop/F1_Data_Warehouse/f1datawarehouse/lib/python3.9/site-packages/airflow/example_dags/example_bash_operator.py took 0.083 seconds
[2024-02-24T12:48:23.104-0600] {processor.py:161} INFO - Started process (PID=77081) to work on /Users/vamseekrishna/Desktop/F1_Data_Warehouse/f1datawarehouse/lib/python3.9/site-packages/airflow/example_dags/example_bash_operator.py
[2024-02-24T12:48:23.106-0600] {processor.py:830} INFO - Processing file /Users/vamseekrishna/Desktop/F1_Data_Warehouse/f1datawarehouse/lib/python3.9/site-packages/airflow/example_dags/example_bash_operator.py for tasks to queue
[2024-02-24T12:48:23.107-0600] {logging_mixin.py:188} INFO - [2024-02-24T12:48:23.107-0600] {dagbag.py:538} INFO - Filling up the DagBag from /Users/vamseekrishna/Desktop/F1_Data_Warehouse/f1datawarehouse/lib/python3.9/site-packages/airflow/example_dags/example_bash_operator.py
[2024-02-24T12:48:23.119-0600] {processor.py:840} INFO - DAG(s) 'example_bash_operator' retrieved from /Users/vamseekrishna/Desktop/F1_Data_Warehouse/f1datawarehouse/lib/python3.9/site-packages/airflow/example_dags/example_bash_operator.py
[2024-02-24T12:48:23.174-0600] {logging_mixin.py:188} INFO - [2024-02-24T12:48:23.174-0600] {dag.py:3036} INFO - Sync 1 DAGs
[2024-02-24T12:48:23.183-0600] {logging_mixin.py:188} INFO - [2024-02-24T12:48:23.183-0600] {dag.py:3823} INFO - Setting next_dagrun for example_bash_operator to 2024-02-23 00:00:00+00:00, run_after=2024-02-24 00:00:00+00:00
[2024-02-24T12:48:23.191-0600] {processor.py:183} INFO - Processing /Users/vamseekrishna/Desktop/F1_Data_Warehouse/f1datawarehouse/lib/python3.9/site-packages/airflow/example_dags/example_bash_operator.py took 0.087 seconds
[2024-02-24T12:50:31.264-0600] {processor.py:161} INFO - Started process (PID=77183) to work on /Users/vamseekrishna/Desktop/F1_Data_Warehouse/f1datawarehouse/lib/python3.9/site-packages/airflow/example_dags/example_bash_operator.py
[2024-02-24T12:50:31.266-0600] {processor.py:830} INFO - Processing file /Users/vamseekrishna/Desktop/F1_Data_Warehouse/f1datawarehouse/lib/python3.9/site-packages/airflow/example_dags/example_bash_operator.py for tasks to queue
[2024-02-24T12:50:31.267-0600] {logging_mixin.py:188} INFO - [2024-02-24T12:50:31.267-0600] {dagbag.py:538} INFO - Filling up the DagBag from /Users/vamseekrishna/Desktop/F1_Data_Warehouse/f1datawarehouse/lib/python3.9/site-packages/airflow/example_dags/example_bash_operator.py
[2024-02-24T12:50:31.278-0600] {processor.py:840} INFO - DAG(s) 'example_bash_operator' retrieved from /Users/vamseekrishna/Desktop/F1_Data_Warehouse/f1datawarehouse/lib/python3.9/site-packages/airflow/example_dags/example_bash_operator.py
[2024-02-24T12:50:31.336-0600] {logging_mixin.py:188} INFO - [2024-02-24T12:50:31.336-0600] {dag.py:3036} INFO - Sync 1 DAGs
[2024-02-24T12:50:31.349-0600] {logging_mixin.py:188} INFO - [2024-02-24T12:50:31.349-0600] {dag.py:3823} INFO - Setting next_dagrun for example_bash_operator to 2024-02-23 00:00:00+00:00, run_after=2024-02-24 00:00:00+00:00
[2024-02-24T12:50:31.357-0600] {processor.py:183} INFO - Processing /Users/vamseekrishna/Desktop/F1_Data_Warehouse/f1datawarehouse/lib/python3.9/site-packages/airflow/example_dags/example_bash_operator.py took 0.093 seconds
[2024-02-24T12:52:35.075-0600] {processor.py:161} INFO - Started process (PID=77291) to work on /Users/vamseekrishna/Desktop/F1_Data_Warehouse/f1datawarehouse/lib/python3.9/site-packages/airflow/example_dags/example_bash_operator.py
[2024-02-24T12:52:35.076-0600] {processor.py:830} INFO - Processing file /Users/vamseekrishna/Desktop/F1_Data_Warehouse/f1datawarehouse/lib/python3.9/site-packages/airflow/example_dags/example_bash_operator.py for tasks to queue
[2024-02-24T12:52:35.077-0600] {logging_mixin.py:188} INFO - [2024-02-24T12:52:35.077-0600] {dagbag.py:538} INFO - Filling up the DagBag from /Users/vamseekrishna/Desktop/F1_Data_Warehouse/f1datawarehouse/lib/python3.9/site-packages/airflow/example_dags/example_bash_operator.py
[2024-02-24T12:52:35.083-0600] {processor.py:840} INFO - DAG(s) 'example_bash_operator' retrieved from /Users/vamseekrishna/Desktop/F1_Data_Warehouse/f1datawarehouse/lib/python3.9/site-packages/airflow/example_dags/example_bash_operator.py
[2024-02-24T12:52:35.138-0600] {logging_mixin.py:188} INFO - [2024-02-24T12:52:35.138-0600] {dag.py:3036} INFO - Sync 1 DAGs
[2024-02-24T12:52:35.147-0600] {logging_mixin.py:188} INFO - [2024-02-24T12:52:35.147-0600] {dag.py:3823} INFO - Setting next_dagrun for example_bash_operator to 2024-02-23 00:00:00+00:00, run_after=2024-02-24 00:00:00+00:00
[2024-02-24T12:52:35.154-0600] {processor.py:183} INFO - Processing /Users/vamseekrishna/Desktop/F1_Data_Warehouse/f1datawarehouse/lib/python3.9/site-packages/airflow/example_dags/example_bash_operator.py took 0.081 seconds
[2024-02-24T12:54:47.106-0600] {processor.py:161} INFO - Started process (PID=77404) to work on /Users/vamseekrishna/Desktop/F1_Data_Warehouse/f1datawarehouse/lib/python3.9/site-packages/airflow/example_dags/example_bash_operator.py
[2024-02-24T12:54:47.110-0600] {processor.py:830} INFO - Processing file /Users/vamseekrishna/Desktop/F1_Data_Warehouse/f1datawarehouse/lib/python3.9/site-packages/airflow/example_dags/example_bash_operator.py for tasks to queue
[2024-02-24T12:54:47.111-0600] {logging_mixin.py:188} INFO - [2024-02-24T12:54:47.111-0600] {dagbag.py:538} INFO - Filling up the DagBag from /Users/vamseekrishna/Desktop/F1_Data_Warehouse/f1datawarehouse/lib/python3.9/site-packages/airflow/example_dags/example_bash_operator.py
[2024-02-24T12:54:47.121-0600] {processor.py:840} INFO - DAG(s) 'example_bash_operator' retrieved from /Users/vamseekrishna/Desktop/F1_Data_Warehouse/f1datawarehouse/lib/python3.9/site-packages/airflow/example_dags/example_bash_operator.py
[2024-02-24T12:54:47.176-0600] {logging_mixin.py:188} INFO - [2024-02-24T12:54:47.175-0600] {dag.py:3036} INFO - Sync 1 DAGs
[2024-02-24T12:54:47.184-0600] {logging_mixin.py:188} INFO - [2024-02-24T12:54:47.184-0600] {dag.py:3823} INFO - Setting next_dagrun for example_bash_operator to 2024-02-23 00:00:00+00:00, run_after=2024-02-24 00:00:00+00:00
[2024-02-24T12:54:47.200-0600] {processor.py:183} INFO - Processing /Users/vamseekrishna/Desktop/F1_Data_Warehouse/f1datawarehouse/lib/python3.9/site-packages/airflow/example_dags/example_bash_operator.py took 0.095 seconds
[2024-02-24T12:56:56.277-0600] {processor.py:161} INFO - Started process (PID=77505) to work on /Users/vamseekrishna/Desktop/F1_Data_Warehouse/f1datawarehouse/lib/python3.9/site-packages/airflow/example_dags/example_bash_operator.py
[2024-02-24T12:56:56.279-0600] {processor.py:830} INFO - Processing file /Users/vamseekrishna/Desktop/F1_Data_Warehouse/f1datawarehouse/lib/python3.9/site-packages/airflow/example_dags/example_bash_operator.py for tasks to queue
[2024-02-24T12:56:56.279-0600] {logging_mixin.py:188} INFO - [2024-02-24T12:56:56.279-0600] {dagbag.py:538} INFO - Filling up the DagBag from /Users/vamseekrishna/Desktop/F1_Data_Warehouse/f1datawarehouse/lib/python3.9/site-packages/airflow/example_dags/example_bash_operator.py
[2024-02-24T12:56:56.285-0600] {processor.py:840} INFO - DAG(s) 'example_bash_operator' retrieved from /Users/vamseekrishna/Desktop/F1_Data_Warehouse/f1datawarehouse/lib/python3.9/site-packages/airflow/example_dags/example_bash_operator.py
[2024-02-24T12:56:56.337-0600] {logging_mixin.py:188} INFO - [2024-02-24T12:56:56.337-0600] {dag.py:3036} INFO - Sync 1 DAGs
[2024-02-24T12:56:56.346-0600] {logging_mixin.py:188} INFO - [2024-02-24T12:56:56.346-0600] {dag.py:3823} INFO - Setting next_dagrun for example_bash_operator to 2024-02-23 00:00:00+00:00, run_after=2024-02-24 00:00:00+00:00
[2024-02-24T12:56:56.354-0600] {processor.py:183} INFO - Processing /Users/vamseekrishna/Desktop/F1_Data_Warehouse/f1datawarehouse/lib/python3.9/site-packages/airflow/example_dags/example_bash_operator.py took 0.078 seconds
[2024-02-24T12:59:04.862-0600] {processor.py:161} INFO - Started process (PID=77611) to work on /Users/vamseekrishna/Desktop/F1_Data_Warehouse/f1datawarehouse/lib/python3.9/site-packages/airflow/example_dags/example_bash_operator.py
[2024-02-24T12:59:04.864-0600] {processor.py:830} INFO - Processing file /Users/vamseekrishna/Desktop/F1_Data_Warehouse/f1datawarehouse/lib/python3.9/site-packages/airflow/example_dags/example_bash_operator.py for tasks to queue
[2024-02-24T12:59:04.864-0600] {logging_mixin.py:188} INFO - [2024-02-24T12:59:04.864-0600] {dagbag.py:538} INFO - Filling up the DagBag from /Users/vamseekrishna/Desktop/F1_Data_Warehouse/f1datawarehouse/lib/python3.9/site-packages/airflow/example_dags/example_bash_operator.py
[2024-02-24T12:59:04.870-0600] {processor.py:840} INFO - DAG(s) 'example_bash_operator' retrieved from /Users/vamseekrishna/Desktop/F1_Data_Warehouse/f1datawarehouse/lib/python3.9/site-packages/airflow/example_dags/example_bash_operator.py
[2024-02-24T12:59:04.923-0600] {logging_mixin.py:188} INFO - [2024-02-24T12:59:04.923-0600] {dag.py:3036} INFO - Sync 1 DAGs
[2024-02-24T12:59:04.931-0600] {logging_mixin.py:188} INFO - [2024-02-24T12:59:04.931-0600] {dag.py:3823} INFO - Setting next_dagrun for example_bash_operator to 2024-02-23 00:00:00+00:00, run_after=2024-02-24 00:00:00+00:00
[2024-02-24T12:59:04.945-0600] {processor.py:183} INFO - Processing /Users/vamseekrishna/Desktop/F1_Data_Warehouse/f1datawarehouse/lib/python3.9/site-packages/airflow/example_dags/example_bash_operator.py took 0.084 seconds
[2024-02-24T13:01:15.240-0600] {processor.py:161} INFO - Started process (PID=77762) to work on /Users/vamseekrishna/Desktop/F1_Data_Warehouse/f1datawarehouse/lib/python3.9/site-packages/airflow/example_dags/example_bash_operator.py
[2024-02-24T13:01:15.242-0600] {processor.py:830} INFO - Processing file /Users/vamseekrishna/Desktop/F1_Data_Warehouse/f1datawarehouse/lib/python3.9/site-packages/airflow/example_dags/example_bash_operator.py for tasks to queue
[2024-02-24T13:01:15.242-0600] {logging_mixin.py:188} INFO - [2024-02-24T13:01:15.242-0600] {dagbag.py:538} INFO - Filling up the DagBag from /Users/vamseekrishna/Desktop/F1_Data_Warehouse/f1datawarehouse/lib/python3.9/site-packages/airflow/example_dags/example_bash_operator.py
[2024-02-24T13:01:15.248-0600] {processor.py:840} INFO - DAG(s) 'example_bash_operator' retrieved from /Users/vamseekrishna/Desktop/F1_Data_Warehouse/f1datawarehouse/lib/python3.9/site-packages/airflow/example_dags/example_bash_operator.py
[2024-02-24T13:01:15.299-0600] {logging_mixin.py:188} INFO - [2024-02-24T13:01:15.299-0600] {dag.py:3036} INFO - Sync 1 DAGs
[2024-02-24T13:01:15.308-0600] {logging_mixin.py:188} INFO - [2024-02-24T13:01:15.308-0600] {dag.py:3823} INFO - Setting next_dagrun for example_bash_operator to 2024-02-23 00:00:00+00:00, run_after=2024-02-24 00:00:00+00:00
[2024-02-24T13:01:15.315-0600] {processor.py:183} INFO - Processing /Users/vamseekrishna/Desktop/F1_Data_Warehouse/f1datawarehouse/lib/python3.9/site-packages/airflow/example_dags/example_bash_operator.py took 0.076 seconds
[2024-02-24T13:03:10.168-0600] {processor.py:161} INFO - Started process (PID=77880) to work on /Users/vamseekrishna/Desktop/F1_Data_Warehouse/f1datawarehouse/lib/python3.9/site-packages/airflow/example_dags/example_bash_operator.py
[2024-02-24T13:03:10.170-0600] {processor.py:830} INFO - Processing file /Users/vamseekrishna/Desktop/F1_Data_Warehouse/f1datawarehouse/lib/python3.9/site-packages/airflow/example_dags/example_bash_operator.py for tasks to queue
[2024-02-24T13:03:10.171-0600] {logging_mixin.py:188} INFO - [2024-02-24T13:03:10.170-0600] {dagbag.py:538} INFO - Filling up the DagBag from /Users/vamseekrishna/Desktop/F1_Data_Warehouse/f1datawarehouse/lib/python3.9/site-packages/airflow/example_dags/example_bash_operator.py
[2024-02-24T13:03:10.175-0600] {processor.py:840} INFO - DAG(s) 'example_bash_operator' retrieved from /Users/vamseekrishna/Desktop/F1_Data_Warehouse/f1datawarehouse/lib/python3.9/site-packages/airflow/example_dags/example_bash_operator.py
[2024-02-24T13:03:10.222-0600] {logging_mixin.py:188} INFO - [2024-02-24T13:03:10.222-0600] {dag.py:3036} INFO - Sync 1 DAGs
[2024-02-24T13:03:10.229-0600] {logging_mixin.py:188} INFO - [2024-02-24T13:03:10.229-0600] {dag.py:3823} INFO - Setting next_dagrun for example_bash_operator to 2024-02-23 00:00:00+00:00, run_after=2024-02-24 00:00:00+00:00
[2024-02-24T13:03:10.236-0600] {processor.py:183} INFO - Processing /Users/vamseekrishna/Desktop/F1_Data_Warehouse/f1datawarehouse/lib/python3.9/site-packages/airflow/example_dags/example_bash_operator.py took 0.069 seconds
[2024-02-24T13:05:04.027-0600] {processor.py:161} INFO - Started process (PID=77967) to work on /Users/vamseekrishna/Desktop/F1_Data_Warehouse/f1datawarehouse/lib/python3.9/site-packages/airflow/example_dags/example_bash_operator.py
[2024-02-24T13:05:04.029-0600] {processor.py:830} INFO - Processing file /Users/vamseekrishna/Desktop/F1_Data_Warehouse/f1datawarehouse/lib/python3.9/site-packages/airflow/example_dags/example_bash_operator.py for tasks to queue
[2024-02-24T13:05:04.029-0600] {logging_mixin.py:188} INFO - [2024-02-24T13:05:04.029-0600] {dagbag.py:538} INFO - Filling up the DagBag from /Users/vamseekrishna/Desktop/F1_Data_Warehouse/f1datawarehouse/lib/python3.9/site-packages/airflow/example_dags/example_bash_operator.py
[2024-02-24T13:05:04.034-0600] {processor.py:840} INFO - DAG(s) 'example_bash_operator' retrieved from /Users/vamseekrishna/Desktop/F1_Data_Warehouse/f1datawarehouse/lib/python3.9/site-packages/airflow/example_dags/example_bash_operator.py
[2024-02-24T13:05:04.080-0600] {logging_mixin.py:188} INFO - [2024-02-24T13:05:04.080-0600] {dag.py:3036} INFO - Sync 1 DAGs
[2024-02-24T13:05:04.087-0600] {logging_mixin.py:188} INFO - [2024-02-24T13:05:04.087-0600] {dag.py:3823} INFO - Setting next_dagrun for example_bash_operator to 2024-02-23 00:00:00+00:00, run_after=2024-02-24 00:00:00+00:00
[2024-02-24T13:05:04.094-0600] {processor.py:183} INFO - Processing /Users/vamseekrishna/Desktop/F1_Data_Warehouse/f1datawarehouse/lib/python3.9/site-packages/airflow/example_dags/example_bash_operator.py took 0.068 seconds
[2024-02-24T13:06:54.916-0600] {processor.py:161} INFO - Started process (PID=78051) to work on /Users/vamseekrishna/Desktop/F1_Data_Warehouse/f1datawarehouse/lib/python3.9/site-packages/airflow/example_dags/example_bash_operator.py
[2024-02-24T13:06:54.918-0600] {processor.py:830} INFO - Processing file /Users/vamseekrishna/Desktop/F1_Data_Warehouse/f1datawarehouse/lib/python3.9/site-packages/airflow/example_dags/example_bash_operator.py for tasks to queue
[2024-02-24T13:06:54.918-0600] {logging_mixin.py:188} INFO - [2024-02-24T13:06:54.918-0600] {dagbag.py:538} INFO - Filling up the DagBag from /Users/vamseekrishna/Desktop/F1_Data_Warehouse/f1datawarehouse/lib/python3.9/site-packages/airflow/example_dags/example_bash_operator.py
[2024-02-24T13:06:54.923-0600] {processor.py:840} INFO - DAG(s) 'example_bash_operator' retrieved from /Users/vamseekrishna/Desktop/F1_Data_Warehouse/f1datawarehouse/lib/python3.9/site-packages/airflow/example_dags/example_bash_operator.py
[2024-02-24T13:06:54.969-0600] {logging_mixin.py:188} INFO - [2024-02-24T13:06:54.969-0600] {dag.py:3036} INFO - Sync 1 DAGs
[2024-02-24T13:06:54.976-0600] {logging_mixin.py:188} INFO - [2024-02-24T13:06:54.976-0600] {dag.py:3823} INFO - Setting next_dagrun for example_bash_operator to 2024-02-23 00:00:00+00:00, run_after=2024-02-24 00:00:00+00:00
[2024-02-24T13:06:54.983-0600] {processor.py:183} INFO - Processing /Users/vamseekrishna/Desktop/F1_Data_Warehouse/f1datawarehouse/lib/python3.9/site-packages/airflow/example_dags/example_bash_operator.py took 0.068 seconds
[2024-02-24T13:08:48.139-0600] {processor.py:161} INFO - Started process (PID=78137) to work on /Users/vamseekrishna/Desktop/F1_Data_Warehouse/f1datawarehouse/lib/python3.9/site-packages/airflow/example_dags/example_bash_operator.py
[2024-02-24T13:08:48.141-0600] {processor.py:830} INFO - Processing file /Users/vamseekrishna/Desktop/F1_Data_Warehouse/f1datawarehouse/lib/python3.9/site-packages/airflow/example_dags/example_bash_operator.py for tasks to queue
[2024-02-24T13:08:48.141-0600] {logging_mixin.py:188} INFO - [2024-02-24T13:08:48.141-0600] {dagbag.py:538} INFO - Filling up the DagBag from /Users/vamseekrishna/Desktop/F1_Data_Warehouse/f1datawarehouse/lib/python3.9/site-packages/airflow/example_dags/example_bash_operator.py
[2024-02-24T13:08:48.146-0600] {processor.py:840} INFO - DAG(s) 'example_bash_operator' retrieved from /Users/vamseekrishna/Desktop/F1_Data_Warehouse/f1datawarehouse/lib/python3.9/site-packages/airflow/example_dags/example_bash_operator.py
[2024-02-24T13:08:48.192-0600] {logging_mixin.py:188} INFO - [2024-02-24T13:08:48.192-0600] {dag.py:3036} INFO - Sync 1 DAGs
[2024-02-24T13:08:48.199-0600] {logging_mixin.py:188} INFO - [2024-02-24T13:08:48.199-0600] {dag.py:3823} INFO - Setting next_dagrun for example_bash_operator to 2024-02-23 00:00:00+00:00, run_after=2024-02-24 00:00:00+00:00
[2024-02-24T13:08:48.206-0600] {processor.py:183} INFO - Processing /Users/vamseekrishna/Desktop/F1_Data_Warehouse/f1datawarehouse/lib/python3.9/site-packages/airflow/example_dags/example_bash_operator.py took 0.068 seconds
[2024-02-24T13:10:39.662-0600] {processor.py:161} INFO - Started process (PID=78223) to work on /Users/vamseekrishna/Desktop/F1_Data_Warehouse/f1datawarehouse/lib/python3.9/site-packages/airflow/example_dags/example_bash_operator.py
[2024-02-24T13:10:39.664-0600] {processor.py:830} INFO - Processing file /Users/vamseekrishna/Desktop/F1_Data_Warehouse/f1datawarehouse/lib/python3.9/site-packages/airflow/example_dags/example_bash_operator.py for tasks to queue
[2024-02-24T13:10:39.664-0600] {logging_mixin.py:188} INFO - [2024-02-24T13:10:39.664-0600] {dagbag.py:538} INFO - Filling up the DagBag from /Users/vamseekrishna/Desktop/F1_Data_Warehouse/f1datawarehouse/lib/python3.9/site-packages/airflow/example_dags/example_bash_operator.py
[2024-02-24T13:10:39.669-0600] {processor.py:840} INFO - DAG(s) 'example_bash_operator' retrieved from /Users/vamseekrishna/Desktop/F1_Data_Warehouse/f1datawarehouse/lib/python3.9/site-packages/airflow/example_dags/example_bash_operator.py
[2024-02-24T13:10:39.716-0600] {logging_mixin.py:188} INFO - [2024-02-24T13:10:39.716-0600] {dag.py:3036} INFO - Sync 1 DAGs
[2024-02-24T13:10:39.723-0600] {logging_mixin.py:188} INFO - [2024-02-24T13:10:39.723-0600] {dag.py:3823} INFO - Setting next_dagrun for example_bash_operator to 2024-02-23 00:00:00+00:00, run_after=2024-02-24 00:00:00+00:00
[2024-02-24T13:10:39.731-0600] {processor.py:183} INFO - Processing /Users/vamseekrishna/Desktop/F1_Data_Warehouse/f1datawarehouse/lib/python3.9/site-packages/airflow/example_dags/example_bash_operator.py took 0.069 seconds
[2024-02-24T13:12:26.780-0600] {processor.py:161} INFO - Started process (PID=78310) to work on /Users/vamseekrishna/Desktop/F1_Data_Warehouse/f1datawarehouse/lib/python3.9/site-packages/airflow/example_dags/example_bash_operator.py
[2024-02-24T13:12:26.782-0600] {processor.py:830} INFO - Processing file /Users/vamseekrishna/Desktop/F1_Data_Warehouse/f1datawarehouse/lib/python3.9/site-packages/airflow/example_dags/example_bash_operator.py for tasks to queue
[2024-02-24T13:12:26.782-0600] {logging_mixin.py:188} INFO - [2024-02-24T13:12:26.782-0600] {dagbag.py:538} INFO - Filling up the DagBag from /Users/vamseekrishna/Desktop/F1_Data_Warehouse/f1datawarehouse/lib/python3.9/site-packages/airflow/example_dags/example_bash_operator.py
[2024-02-24T13:12:26.787-0600] {processor.py:840} INFO - DAG(s) 'example_bash_operator' retrieved from /Users/vamseekrishna/Desktop/F1_Data_Warehouse/f1datawarehouse/lib/python3.9/site-packages/airflow/example_dags/example_bash_operator.py
[2024-02-24T13:12:26.833-0600] {logging_mixin.py:188} INFO - [2024-02-24T13:12:26.833-0600] {dag.py:3036} INFO - Sync 1 DAGs
[2024-02-24T13:12:26.841-0600] {logging_mixin.py:188} INFO - [2024-02-24T13:12:26.840-0600] {dag.py:3823} INFO - Setting next_dagrun for example_bash_operator to 2024-02-23 00:00:00+00:00, run_after=2024-02-24 00:00:00+00:00
[2024-02-24T13:12:26.847-0600] {processor.py:183} INFO - Processing /Users/vamseekrishna/Desktop/F1_Data_Warehouse/f1datawarehouse/lib/python3.9/site-packages/airflow/example_dags/example_bash_operator.py took 0.068 seconds
[2024-02-24T13:14:17.426-0600] {processor.py:161} INFO - Started process (PID=78393) to work on /Users/vamseekrishna/Desktop/F1_Data_Warehouse/f1datawarehouse/lib/python3.9/site-packages/airflow/example_dags/example_bash_operator.py
[2024-02-24T13:14:17.428-0600] {processor.py:830} INFO - Processing file /Users/vamseekrishna/Desktop/F1_Data_Warehouse/f1datawarehouse/lib/python3.9/site-packages/airflow/example_dags/example_bash_operator.py for tasks to queue
[2024-02-24T13:14:17.428-0600] {logging_mixin.py:188} INFO - [2024-02-24T13:14:17.428-0600] {dagbag.py:538} INFO - Filling up the DagBag from /Users/vamseekrishna/Desktop/F1_Data_Warehouse/f1datawarehouse/lib/python3.9/site-packages/airflow/example_dags/example_bash_operator.py
[2024-02-24T13:14:17.433-0600] {processor.py:840} INFO - DAG(s) 'example_bash_operator' retrieved from /Users/vamseekrishna/Desktop/F1_Data_Warehouse/f1datawarehouse/lib/python3.9/site-packages/airflow/example_dags/example_bash_operator.py
[2024-02-24T13:14:17.479-0600] {logging_mixin.py:188} INFO - [2024-02-24T13:14:17.479-0600] {dag.py:3036} INFO - Sync 1 DAGs
[2024-02-24T13:14:17.486-0600] {logging_mixin.py:188} INFO - [2024-02-24T13:14:17.486-0600] {dag.py:3823} INFO - Setting next_dagrun for example_bash_operator to 2024-02-23 00:00:00+00:00, run_after=2024-02-24 00:00:00+00:00
[2024-02-24T13:14:17.493-0600] {processor.py:183} INFO - Processing /Users/vamseekrishna/Desktop/F1_Data_Warehouse/f1datawarehouse/lib/python3.9/site-packages/airflow/example_dags/example_bash_operator.py took 0.068 seconds
[2024-02-24T13:16:07.290-0600] {processor.py:161} INFO - Started process (PID=78501) to work on /Users/vamseekrishna/Desktop/F1_Data_Warehouse/f1datawarehouse/lib/python3.9/site-packages/airflow/example_dags/example_bash_operator.py
[2024-02-24T13:16:07.292-0600] {processor.py:830} INFO - Processing file /Users/vamseekrishna/Desktop/F1_Data_Warehouse/f1datawarehouse/lib/python3.9/site-packages/airflow/example_dags/example_bash_operator.py for tasks to queue
[2024-02-24T13:16:07.292-0600] {logging_mixin.py:188} INFO - [2024-02-24T13:16:07.292-0600] {dagbag.py:538} INFO - Filling up the DagBag from /Users/vamseekrishna/Desktop/F1_Data_Warehouse/f1datawarehouse/lib/python3.9/site-packages/airflow/example_dags/example_bash_operator.py
[2024-02-24T13:16:07.297-0600] {processor.py:840} INFO - DAG(s) 'example_bash_operator' retrieved from /Users/vamseekrishna/Desktop/F1_Data_Warehouse/f1datawarehouse/lib/python3.9/site-packages/airflow/example_dags/example_bash_operator.py
[2024-02-24T13:16:07.343-0600] {logging_mixin.py:188} INFO - [2024-02-24T13:16:07.343-0600] {dag.py:3036} INFO - Sync 1 DAGs
[2024-02-24T13:16:07.350-0600] {logging_mixin.py:188} INFO - [2024-02-24T13:16:07.350-0600] {dag.py:3823} INFO - Setting next_dagrun for example_bash_operator to 2024-02-23 00:00:00+00:00, run_after=2024-02-24 00:00:00+00:00
[2024-02-24T13:16:07.357-0600] {processor.py:183} INFO - Processing /Users/vamseekrishna/Desktop/F1_Data_Warehouse/f1datawarehouse/lib/python3.9/site-packages/airflow/example_dags/example_bash_operator.py took 0.067 seconds
[2024-02-24T13:18:00.241-0600] {processor.py:161} INFO - Started process (PID=78592) to work on /Users/vamseekrishna/Desktop/F1_Data_Warehouse/f1datawarehouse/lib/python3.9/site-packages/airflow/example_dags/example_bash_operator.py
[2024-02-24T13:18:00.242-0600] {processor.py:830} INFO - Processing file /Users/vamseekrishna/Desktop/F1_Data_Warehouse/f1datawarehouse/lib/python3.9/site-packages/airflow/example_dags/example_bash_operator.py for tasks to queue
[2024-02-24T13:18:00.243-0600] {logging_mixin.py:188} INFO - [2024-02-24T13:18:00.243-0600] {dagbag.py:538} INFO - Filling up the DagBag from /Users/vamseekrishna/Desktop/F1_Data_Warehouse/f1datawarehouse/lib/python3.9/site-packages/airflow/example_dags/example_bash_operator.py
[2024-02-24T13:18:00.248-0600] {processor.py:840} INFO - DAG(s) 'example_bash_operator' retrieved from /Users/vamseekrishna/Desktop/F1_Data_Warehouse/f1datawarehouse/lib/python3.9/site-packages/airflow/example_dags/example_bash_operator.py
[2024-02-24T13:18:00.297-0600] {logging_mixin.py:188} INFO - [2024-02-24T13:18:00.297-0600] {dag.py:3036} INFO - Sync 1 DAGs
[2024-02-24T13:18:00.304-0600] {logging_mixin.py:188} INFO - [2024-02-24T13:18:00.304-0600] {dag.py:3823} INFO - Setting next_dagrun for example_bash_operator to 2024-02-23 00:00:00+00:00, run_after=2024-02-24 00:00:00+00:00
[2024-02-24T13:18:00.311-0600] {processor.py:183} INFO - Processing /Users/vamseekrishna/Desktop/F1_Data_Warehouse/f1datawarehouse/lib/python3.9/site-packages/airflow/example_dags/example_bash_operator.py took 0.071 seconds
[2024-02-24T13:19:50.687-0600] {processor.py:161} INFO - Started process (PID=78675) to work on /Users/vamseekrishna/Desktop/F1_Data_Warehouse/f1datawarehouse/lib/python3.9/site-packages/airflow/example_dags/example_bash_operator.py
[2024-02-24T13:19:50.689-0600] {processor.py:830} INFO - Processing file /Users/vamseekrishna/Desktop/F1_Data_Warehouse/f1datawarehouse/lib/python3.9/site-packages/airflow/example_dags/example_bash_operator.py for tasks to queue
[2024-02-24T13:19:50.689-0600] {logging_mixin.py:188} INFO - [2024-02-24T13:19:50.689-0600] {dagbag.py:538} INFO - Filling up the DagBag from /Users/vamseekrishna/Desktop/F1_Data_Warehouse/f1datawarehouse/lib/python3.9/site-packages/airflow/example_dags/example_bash_operator.py
[2024-02-24T13:19:50.694-0600] {processor.py:840} INFO - DAG(s) 'example_bash_operator' retrieved from /Users/vamseekrishna/Desktop/F1_Data_Warehouse/f1datawarehouse/lib/python3.9/site-packages/airflow/example_dags/example_bash_operator.py
[2024-02-24T13:19:50.742-0600] {logging_mixin.py:188} INFO - [2024-02-24T13:19:50.741-0600] {dag.py:3036} INFO - Sync 1 DAGs
[2024-02-24T13:19:50.749-0600] {logging_mixin.py:188} INFO - [2024-02-24T13:19:50.749-0600] {dag.py:3823} INFO - Setting next_dagrun for example_bash_operator to 2024-02-23 00:00:00+00:00, run_after=2024-02-24 00:00:00+00:00
[2024-02-24T13:19:50.756-0600] {processor.py:183} INFO - Processing /Users/vamseekrishna/Desktop/F1_Data_Warehouse/f1datawarehouse/lib/python3.9/site-packages/airflow/example_dags/example_bash_operator.py took 0.069 seconds
[2024-02-24T13:21:37.991-0600] {processor.py:161} INFO - Started process (PID=78756) to work on /Users/vamseekrishna/Desktop/F1_Data_Warehouse/f1datawarehouse/lib/python3.9/site-packages/airflow/example_dags/example_bash_operator.py
[2024-02-24T13:21:37.993-0600] {processor.py:830} INFO - Processing file /Users/vamseekrishna/Desktop/F1_Data_Warehouse/f1datawarehouse/lib/python3.9/site-packages/airflow/example_dags/example_bash_operator.py for tasks to queue
[2024-02-24T13:21:37.993-0600] {logging_mixin.py:188} INFO - [2024-02-24T13:21:37.993-0600] {dagbag.py:538} INFO - Filling up the DagBag from /Users/vamseekrishna/Desktop/F1_Data_Warehouse/f1datawarehouse/lib/python3.9/site-packages/airflow/example_dags/example_bash_operator.py
[2024-02-24T13:21:37.998-0600] {processor.py:840} INFO - DAG(s) 'example_bash_operator' retrieved from /Users/vamseekrishna/Desktop/F1_Data_Warehouse/f1datawarehouse/lib/python3.9/site-packages/airflow/example_dags/example_bash_operator.py
[2024-02-24T13:21:38.045-0600] {logging_mixin.py:188} INFO - [2024-02-24T13:21:38.045-0600] {dag.py:3036} INFO - Sync 1 DAGs
[2024-02-24T13:21:38.052-0600] {logging_mixin.py:188} INFO - [2024-02-24T13:21:38.052-0600] {dag.py:3823} INFO - Setting next_dagrun for example_bash_operator to 2024-02-23 00:00:00+00:00, run_after=2024-02-24 00:00:00+00:00
[2024-02-24T13:21:38.059-0600] {processor.py:183} INFO - Processing /Users/vamseekrishna/Desktop/F1_Data_Warehouse/f1datawarehouse/lib/python3.9/site-packages/airflow/example_dags/example_bash_operator.py took 0.068 seconds
[2024-02-24T13:23:33.776-0600] {processor.py:161} INFO - Started process (PID=78884) to work on /Users/vamseekrishna/Desktop/F1_Data_Warehouse/f1datawarehouse/lib/python3.9/site-packages/airflow/example_dags/example_bash_operator.py
[2024-02-24T13:23:33.778-0600] {processor.py:830} INFO - Processing file /Users/vamseekrishna/Desktop/F1_Data_Warehouse/f1datawarehouse/lib/python3.9/site-packages/airflow/example_dags/example_bash_operator.py for tasks to queue
[2024-02-24T13:23:33.778-0600] {logging_mixin.py:188} INFO - [2024-02-24T13:23:33.778-0600] {dagbag.py:538} INFO - Filling up the DagBag from /Users/vamseekrishna/Desktop/F1_Data_Warehouse/f1datawarehouse/lib/python3.9/site-packages/airflow/example_dags/example_bash_operator.py
[2024-02-24T13:23:33.783-0600] {processor.py:840} INFO - DAG(s) 'example_bash_operator' retrieved from /Users/vamseekrishna/Desktop/F1_Data_Warehouse/f1datawarehouse/lib/python3.9/site-packages/airflow/example_dags/example_bash_operator.py
[2024-02-24T13:23:33.829-0600] {logging_mixin.py:188} INFO - [2024-02-24T13:23:33.829-0600] {dag.py:3036} INFO - Sync 1 DAGs
[2024-02-24T13:23:33.837-0600] {logging_mixin.py:188} INFO - [2024-02-24T13:23:33.836-0600] {dag.py:3823} INFO - Setting next_dagrun for example_bash_operator to 2024-02-23 00:00:00+00:00, run_after=2024-02-24 00:00:00+00:00
[2024-02-24T13:23:33.844-0600] {processor.py:183} INFO - Processing /Users/vamseekrishna/Desktop/F1_Data_Warehouse/f1datawarehouse/lib/python3.9/site-packages/airflow/example_dags/example_bash_operator.py took 0.069 seconds
[2024-02-24T13:25:27.072-0600] {processor.py:161} INFO - Started process (PID=78973) to work on /Users/vamseekrishna/Desktop/F1_Data_Warehouse/f1datawarehouse/lib/python3.9/site-packages/airflow/example_dags/example_bash_operator.py
[2024-02-24T13:25:27.074-0600] {processor.py:830} INFO - Processing file /Users/vamseekrishna/Desktop/F1_Data_Warehouse/f1datawarehouse/lib/python3.9/site-packages/airflow/example_dags/example_bash_operator.py for tasks to queue
[2024-02-24T13:25:27.074-0600] {logging_mixin.py:188} INFO - [2024-02-24T13:25:27.074-0600] {dagbag.py:538} INFO - Filling up the DagBag from /Users/vamseekrishna/Desktop/F1_Data_Warehouse/f1datawarehouse/lib/python3.9/site-packages/airflow/example_dags/example_bash_operator.py
[2024-02-24T13:25:27.079-0600] {processor.py:840} INFO - DAG(s) 'example_bash_operator' retrieved from /Users/vamseekrishna/Desktop/F1_Data_Warehouse/f1datawarehouse/lib/python3.9/site-packages/airflow/example_dags/example_bash_operator.py
[2024-02-24T13:25:27.125-0600] {logging_mixin.py:188} INFO - [2024-02-24T13:25:27.125-0600] {dag.py:3036} INFO - Sync 1 DAGs
[2024-02-24T13:25:27.132-0600] {logging_mixin.py:188} INFO - [2024-02-24T13:25:27.132-0600] {dag.py:3823} INFO - Setting next_dagrun for example_bash_operator to 2024-02-23 00:00:00+00:00, run_after=2024-02-24 00:00:00+00:00
[2024-02-24T13:25:27.139-0600] {processor.py:183} INFO - Processing /Users/vamseekrishna/Desktop/F1_Data_Warehouse/f1datawarehouse/lib/python3.9/site-packages/airflow/example_dags/example_bash_operator.py took 0.067 seconds
[2024-02-24T13:27:17.575-0600] {processor.py:161} INFO - Started process (PID=79105) to work on /Users/vamseekrishna/Desktop/F1_Data_Warehouse/f1datawarehouse/lib/python3.9/site-packages/airflow/example_dags/example_bash_operator.py
[2024-02-24T13:27:17.577-0600] {processor.py:830} INFO - Processing file /Users/vamseekrishna/Desktop/F1_Data_Warehouse/f1datawarehouse/lib/python3.9/site-packages/airflow/example_dags/example_bash_operator.py for tasks to queue
[2024-02-24T13:27:17.577-0600] {logging_mixin.py:188} INFO - [2024-02-24T13:27:17.577-0600] {dagbag.py:538} INFO - Filling up the DagBag from /Users/vamseekrishna/Desktop/F1_Data_Warehouse/f1datawarehouse/lib/python3.9/site-packages/airflow/example_dags/example_bash_operator.py
[2024-02-24T13:27:17.582-0600] {processor.py:840} INFO - DAG(s) 'example_bash_operator' retrieved from /Users/vamseekrishna/Desktop/F1_Data_Warehouse/f1datawarehouse/lib/python3.9/site-packages/airflow/example_dags/example_bash_operator.py
[2024-02-24T13:27:17.628-0600] {logging_mixin.py:188} INFO - [2024-02-24T13:27:17.628-0600] {dag.py:3036} INFO - Sync 1 DAGs
[2024-02-24T13:27:17.635-0600] {logging_mixin.py:188} INFO - [2024-02-24T13:27:17.635-0600] {dag.py:3823} INFO - Setting next_dagrun for example_bash_operator to 2024-02-23 00:00:00+00:00, run_after=2024-02-24 00:00:00+00:00
[2024-02-24T13:27:17.643-0600] {processor.py:183} INFO - Processing /Users/vamseekrishna/Desktop/F1_Data_Warehouse/f1datawarehouse/lib/python3.9/site-packages/airflow/example_dags/example_bash_operator.py took 0.068 seconds
[2024-02-24T13:29:01.486-0600] {processor.py:161} INFO - Started process (PID=79214) to work on /Users/vamseekrishna/Desktop/F1_Data_Warehouse/f1datawarehouse/lib/python3.9/site-packages/airflow/example_dags/example_bash_operator.py
[2024-02-24T13:29:01.489-0600] {processor.py:830} INFO - Processing file /Users/vamseekrishna/Desktop/F1_Data_Warehouse/f1datawarehouse/lib/python3.9/site-packages/airflow/example_dags/example_bash_operator.py for tasks to queue
[2024-02-24T13:29:01.489-0600] {logging_mixin.py:188} INFO - [2024-02-24T13:29:01.489-0600] {dagbag.py:538} INFO - Filling up the DagBag from /Users/vamseekrishna/Desktop/F1_Data_Warehouse/f1datawarehouse/lib/python3.9/site-packages/airflow/example_dags/example_bash_operator.py
[2024-02-24T13:29:01.495-0600] {processor.py:840} INFO - DAG(s) 'example_bash_operator' retrieved from /Users/vamseekrishna/Desktop/F1_Data_Warehouse/f1datawarehouse/lib/python3.9/site-packages/airflow/example_dags/example_bash_operator.py
[2024-02-24T13:29:01.541-0600] {logging_mixin.py:188} INFO - [2024-02-24T13:29:01.541-0600] {dag.py:3036} INFO - Sync 1 DAGs
[2024-02-24T13:29:01.548-0600] {logging_mixin.py:188} INFO - [2024-02-24T13:29:01.548-0600] {dag.py:3823} INFO - Setting next_dagrun for example_bash_operator to 2024-02-23 00:00:00+00:00, run_after=2024-02-24 00:00:00+00:00
[2024-02-24T13:29:01.555-0600] {processor.py:183} INFO - Processing /Users/vamseekrishna/Desktop/F1_Data_Warehouse/f1datawarehouse/lib/python3.9/site-packages/airflow/example_dags/example_bash_operator.py took 0.070 seconds
