[2024-02-24T11:48:21.817-0600] {processor.py:161} INFO - Started process (PID=75017) to work on /Users/vamseekrishna/Desktop/F1_Data_Warehouse/f1datawarehouse/lib/python3.9/site-packages/airflow/example_dags/example_external_task_marker_dag.py
[2024-02-24T11:48:21.819-0600] {processor.py:830} INFO - Processing file /Users/vamseekrishna/Desktop/F1_Data_Warehouse/f1datawarehouse/lib/python3.9/site-packages/airflow/example_dags/example_external_task_marker_dag.py for tasks to queue
[2024-02-24T11:48:21.819-0600] {logging_mixin.py:188} INFO - [2024-02-24T11:48:21.819-0600] {dagbag.py:538} INFO - Filling up the DagBag from /Users/vamseekrishna/Desktop/F1_Data_Warehouse/f1datawarehouse/lib/python3.9/site-packages/airflow/example_dags/example_external_task_marker_dag.py
[2024-02-24T11:48:21.825-0600] {processor.py:840} INFO - DAG(s) 'example_external_task_marker_child', 'example_external_task_marker_parent' retrieved from /Users/vamseekrishna/Desktop/F1_Data_Warehouse/f1datawarehouse/lib/python3.9/site-packages/airflow/example_dags/example_external_task_marker_dag.py
[2024-02-24T11:48:21.914-0600] {logging_mixin.py:188} INFO - [2024-02-24T11:48:21.914-0600] {override.py:1769} INFO - Created Permission View: can delete on DAG:example_external_task_marker_child
[2024-02-24T11:48:21.918-0600] {logging_mixin.py:188} INFO - [2024-02-24T11:48:21.917-0600] {override.py:1769} INFO - Created Permission View: can read on DAG:example_external_task_marker_child
[2024-02-24T11:48:21.920-0600] {logging_mixin.py:188} INFO - [2024-02-24T11:48:21.920-0600] {override.py:1769} INFO - Created Permission View: can edit on DAG:example_external_task_marker_child
[2024-02-24T11:48:21.925-0600] {logging_mixin.py:188} INFO - [2024-02-24T11:48:21.925-0600] {override.py:1769} INFO - Created Permission View: can delete on DAG:example_external_task_marker_parent
[2024-02-24T11:48:21.928-0600] {logging_mixin.py:188} INFO - [2024-02-24T11:48:21.928-0600] {override.py:1769} INFO - Created Permission View: can read on DAG:example_external_task_marker_parent
[2024-02-24T11:48:21.930-0600] {logging_mixin.py:188} INFO - [2024-02-24T11:48:21.930-0600] {override.py:1769} INFO - Created Permission View: can edit on DAG:example_external_task_marker_parent
[2024-02-24T11:48:21.931-0600] {logging_mixin.py:188} INFO - [2024-02-24T11:48:21.930-0600] {dag.py:3036} INFO - Sync 2 DAGs
[2024-02-24T11:48:21.935-0600] {logging_mixin.py:188} INFO - [2024-02-24T11:48:21.935-0600] {dag.py:3058} INFO - Creating ORM DAG for example_external_task_marker_child
[2024-02-24T11:48:21.936-0600] {logging_mixin.py:188} INFO - [2024-02-24T11:48:21.936-0600] {dag.py:3058} INFO - Creating ORM DAG for example_external_task_marker_parent
[2024-02-24T11:48:21.936-0600] {logging_mixin.py:188} INFO - [2024-02-24T11:48:21.936-0600] {dag.py:3823} INFO - Setting next_dagrun for example_external_task_marker_child to None, run_after=None
[2024-02-24T11:48:21.936-0600] {logging_mixin.py:188} INFO - [2024-02-24T11:48:21.936-0600] {dag.py:3823} INFO - Setting next_dagrun for example_external_task_marker_parent to None, run_after=None
[2024-02-24T11:48:21.947-0600] {processor.py:183} INFO - Processing /Users/vamseekrishna/Desktop/F1_Data_Warehouse/f1datawarehouse/lib/python3.9/site-packages/airflow/example_dags/example_external_task_marker_dag.py took 0.131 seconds
[2024-02-24T11:50:25.232-0600] {processor.py:161} INFO - Started process (PID=75254) to work on /Users/vamseekrishna/Desktop/F1_Data_Warehouse/f1datawarehouse/lib/python3.9/site-packages/airflow/example_dags/example_external_task_marker_dag.py
[2024-02-24T11:50:25.234-0600] {processor.py:830} INFO - Processing file /Users/vamseekrishna/Desktop/F1_Data_Warehouse/f1datawarehouse/lib/python3.9/site-packages/airflow/example_dags/example_external_task_marker_dag.py for tasks to queue
[2024-02-24T11:50:25.234-0600] {logging_mixin.py:188} INFO - [2024-02-24T11:50:25.234-0600] {dagbag.py:538} INFO - Filling up the DagBag from /Users/vamseekrishna/Desktop/F1_Data_Warehouse/f1datawarehouse/lib/python3.9/site-packages/airflow/example_dags/example_external_task_marker_dag.py
[2024-02-24T11:50:25.241-0600] {processor.py:840} INFO - DAG(s) 'example_external_task_marker_parent', 'example_external_task_marker_child' retrieved from /Users/vamseekrishna/Desktop/F1_Data_Warehouse/f1datawarehouse/lib/python3.9/site-packages/airflow/example_dags/example_external_task_marker_dag.py
[2024-02-24T11:50:25.311-0600] {logging_mixin.py:188} INFO - [2024-02-24T11:50:25.311-0600] {dag.py:3036} INFO - Sync 2 DAGs
[2024-02-24T11:50:25.317-0600] {logging_mixin.py:188} INFO - [2024-02-24T11:50:25.317-0600] {dag.py:3823} INFO - Setting next_dagrun for example_external_task_marker_child to None, run_after=None
[2024-02-24T11:50:25.319-0600] {logging_mixin.py:188} INFO - [2024-02-24T11:50:25.319-0600] {dag.py:3823} INFO - Setting next_dagrun for example_external_task_marker_parent to None, run_after=None
[2024-02-24T11:50:25.327-0600] {processor.py:183} INFO - Processing /Users/vamseekrishna/Desktop/F1_Data_Warehouse/f1datawarehouse/lib/python3.9/site-packages/airflow/example_dags/example_external_task_marker_dag.py took 0.095 seconds
[2024-02-24T11:52:48.212-0600] {processor.py:161} INFO - Started process (PID=75449) to work on /Users/vamseekrishna/Desktop/F1_Data_Warehouse/f1datawarehouse/lib/python3.9/site-packages/airflow/example_dags/example_external_task_marker_dag.py
[2024-02-24T11:52:48.214-0600] {processor.py:830} INFO - Processing file /Users/vamseekrishna/Desktop/F1_Data_Warehouse/f1datawarehouse/lib/python3.9/site-packages/airflow/example_dags/example_external_task_marker_dag.py for tasks to queue
[2024-02-24T11:52:48.215-0600] {logging_mixin.py:188} INFO - [2024-02-24T11:52:48.215-0600] {dagbag.py:538} INFO - Filling up the DagBag from /Users/vamseekrishna/Desktop/F1_Data_Warehouse/f1datawarehouse/lib/python3.9/site-packages/airflow/example_dags/example_external_task_marker_dag.py
[2024-02-24T11:52:48.225-0600] {processor.py:840} INFO - DAG(s) 'example_external_task_marker_parent', 'example_external_task_marker_child' retrieved from /Users/vamseekrishna/Desktop/F1_Data_Warehouse/f1datawarehouse/lib/python3.9/site-packages/airflow/example_dags/example_external_task_marker_dag.py
[2024-02-24T11:52:48.279-0600] {logging_mixin.py:188} INFO - [2024-02-24T11:52:48.279-0600] {dag.py:3036} INFO - Sync 2 DAGs
[2024-02-24T11:52:48.284-0600] {logging_mixin.py:188} INFO - [2024-02-24T11:52:48.284-0600] {dag.py:3823} INFO - Setting next_dagrun for example_external_task_marker_child to None, run_after=None
[2024-02-24T11:52:48.285-0600] {logging_mixin.py:188} INFO - [2024-02-24T11:52:48.285-0600] {dag.py:3823} INFO - Setting next_dagrun for example_external_task_marker_parent to None, run_after=None
[2024-02-24T11:52:48.292-0600] {processor.py:183} INFO - Processing /Users/vamseekrishna/Desktop/F1_Data_Warehouse/f1datawarehouse/lib/python3.9/site-packages/airflow/example_dags/example_external_task_marker_dag.py took 0.082 seconds
[2024-02-24T11:54:49.456-0600] {processor.py:161} INFO - Started process (PID=75547) to work on /Users/vamseekrishna/Desktop/F1_Data_Warehouse/f1datawarehouse/lib/python3.9/site-packages/airflow/example_dags/example_external_task_marker_dag.py
[2024-02-24T11:54:49.457-0600] {processor.py:830} INFO - Processing file /Users/vamseekrishna/Desktop/F1_Data_Warehouse/f1datawarehouse/lib/python3.9/site-packages/airflow/example_dags/example_external_task_marker_dag.py for tasks to queue
[2024-02-24T11:54:49.458-0600] {logging_mixin.py:188} INFO - [2024-02-24T11:54:49.457-0600] {dagbag.py:538} INFO - Filling up the DagBag from /Users/vamseekrishna/Desktop/F1_Data_Warehouse/f1datawarehouse/lib/python3.9/site-packages/airflow/example_dags/example_external_task_marker_dag.py
[2024-02-24T11:54:49.463-0600] {processor.py:840} INFO - DAG(s) 'example_external_task_marker_parent', 'example_external_task_marker_child' retrieved from /Users/vamseekrishna/Desktop/F1_Data_Warehouse/f1datawarehouse/lib/python3.9/site-packages/airflow/example_dags/example_external_task_marker_dag.py
[2024-02-24T11:54:49.515-0600] {logging_mixin.py:188} INFO - [2024-02-24T11:54:49.515-0600] {dag.py:3036} INFO - Sync 2 DAGs
[2024-02-24T11:54:49.520-0600] {logging_mixin.py:188} INFO - [2024-02-24T11:54:49.520-0600] {dag.py:3823} INFO - Setting next_dagrun for example_external_task_marker_child to None, run_after=None
[2024-02-24T11:54:49.521-0600] {logging_mixin.py:188} INFO - [2024-02-24T11:54:49.521-0600] {dag.py:3823} INFO - Setting next_dagrun for example_external_task_marker_parent to None, run_after=None
[2024-02-24T11:54:49.528-0600] {processor.py:183} INFO - Processing /Users/vamseekrishna/Desktop/F1_Data_Warehouse/f1datawarehouse/lib/python3.9/site-packages/airflow/example_dags/example_external_task_marker_dag.py took 0.073 seconds
[2024-02-24T11:56:38.970-0600] {processor.py:161} INFO - Started process (PID=75642) to work on /Users/vamseekrishna/Desktop/F1_Data_Warehouse/f1datawarehouse/lib/python3.9/site-packages/airflow/example_dags/example_external_task_marker_dag.py
[2024-02-24T11:56:38.972-0600] {processor.py:830} INFO - Processing file /Users/vamseekrishna/Desktop/F1_Data_Warehouse/f1datawarehouse/lib/python3.9/site-packages/airflow/example_dags/example_external_task_marker_dag.py for tasks to queue
[2024-02-24T11:56:38.972-0600] {logging_mixin.py:188} INFO - [2024-02-24T11:56:38.972-0600] {dagbag.py:538} INFO - Filling up the DagBag from /Users/vamseekrishna/Desktop/F1_Data_Warehouse/f1datawarehouse/lib/python3.9/site-packages/airflow/example_dags/example_external_task_marker_dag.py
[2024-02-24T11:56:38.977-0600] {processor.py:840} INFO - DAG(s) 'example_external_task_marker_parent', 'example_external_task_marker_child' retrieved from /Users/vamseekrishna/Desktop/F1_Data_Warehouse/f1datawarehouse/lib/python3.9/site-packages/airflow/example_dags/example_external_task_marker_dag.py
[2024-02-24T11:56:39.028-0600] {logging_mixin.py:188} INFO - [2024-02-24T11:56:39.028-0600] {dag.py:3036} INFO - Sync 2 DAGs
[2024-02-24T11:56:39.032-0600] {logging_mixin.py:188} INFO - [2024-02-24T11:56:39.032-0600] {dag.py:3823} INFO - Setting next_dagrun for example_external_task_marker_child to None, run_after=None
[2024-02-24T11:56:39.033-0600] {logging_mixin.py:188} INFO - [2024-02-24T11:56:39.033-0600] {dag.py:3823} INFO - Setting next_dagrun for example_external_task_marker_parent to None, run_after=None
[2024-02-24T11:56:39.040-0600] {processor.py:183} INFO - Processing /Users/vamseekrishna/Desktop/F1_Data_Warehouse/f1datawarehouse/lib/python3.9/site-packages/airflow/example_dags/example_external_task_marker_dag.py took 0.071 seconds
[2024-02-24T11:58:42.477-0600] {processor.py:161} INFO - Started process (PID=75751) to work on /Users/vamseekrishna/Desktop/F1_Data_Warehouse/f1datawarehouse/lib/python3.9/site-packages/airflow/example_dags/example_external_task_marker_dag.py
[2024-02-24T11:58:42.479-0600] {processor.py:830} INFO - Processing file /Users/vamseekrishna/Desktop/F1_Data_Warehouse/f1datawarehouse/lib/python3.9/site-packages/airflow/example_dags/example_external_task_marker_dag.py for tasks to queue
[2024-02-24T11:58:42.479-0600] {logging_mixin.py:188} INFO - [2024-02-24T11:58:42.479-0600] {dagbag.py:538} INFO - Filling up the DagBag from /Users/vamseekrishna/Desktop/F1_Data_Warehouse/f1datawarehouse/lib/python3.9/site-packages/airflow/example_dags/example_external_task_marker_dag.py
[2024-02-24T11:58:42.485-0600] {processor.py:840} INFO - DAG(s) 'example_external_task_marker_parent', 'example_external_task_marker_child' retrieved from /Users/vamseekrishna/Desktop/F1_Data_Warehouse/f1datawarehouse/lib/python3.9/site-packages/airflow/example_dags/example_external_task_marker_dag.py
[2024-02-24T11:58:42.539-0600] {logging_mixin.py:188} INFO - [2024-02-24T11:58:42.539-0600] {dag.py:3036} INFO - Sync 2 DAGs
[2024-02-24T11:58:42.544-0600] {logging_mixin.py:188} INFO - [2024-02-24T11:58:42.544-0600] {dag.py:3823} INFO - Setting next_dagrun for example_external_task_marker_child to None, run_after=None
[2024-02-24T11:58:42.545-0600] {logging_mixin.py:188} INFO - [2024-02-24T11:58:42.545-0600] {dag.py:3823} INFO - Setting next_dagrun for example_external_task_marker_parent to None, run_after=None
[2024-02-24T11:58:42.552-0600] {processor.py:183} INFO - Processing /Users/vamseekrishna/Desktop/F1_Data_Warehouse/f1datawarehouse/lib/python3.9/site-packages/airflow/example_dags/example_external_task_marker_dag.py took 0.076 seconds
[2024-02-24T12:00:57.328-0600] {processor.py:161} INFO - Started process (PID=75959) to work on /Users/vamseekrishna/Desktop/F1_Data_Warehouse/f1datawarehouse/lib/python3.9/site-packages/airflow/example_dags/example_external_task_marker_dag.py
[2024-02-24T12:00:57.329-0600] {processor.py:830} INFO - Processing file /Users/vamseekrishna/Desktop/F1_Data_Warehouse/f1datawarehouse/lib/python3.9/site-packages/airflow/example_dags/example_external_task_marker_dag.py for tasks to queue
[2024-02-24T12:00:57.330-0600] {logging_mixin.py:188} INFO - [2024-02-24T12:00:57.330-0600] {dagbag.py:538} INFO - Filling up the DagBag from /Users/vamseekrishna/Desktop/F1_Data_Warehouse/f1datawarehouse/lib/python3.9/site-packages/airflow/example_dags/example_external_task_marker_dag.py
[2024-02-24T12:00:57.336-0600] {processor.py:840} INFO - DAG(s) 'example_external_task_marker_child', 'example_external_task_marker_parent' retrieved from /Users/vamseekrishna/Desktop/F1_Data_Warehouse/f1datawarehouse/lib/python3.9/site-packages/airflow/example_dags/example_external_task_marker_dag.py
[2024-02-24T12:00:57.393-0600] {logging_mixin.py:188} INFO - [2024-02-24T12:00:57.392-0600] {dag.py:3036} INFO - Sync 2 DAGs
[2024-02-24T12:00:57.398-0600] {logging_mixin.py:188} INFO - [2024-02-24T12:00:57.397-0600] {dag.py:3823} INFO - Setting next_dagrun for example_external_task_marker_child to None, run_after=None
[2024-02-24T12:00:57.399-0600] {logging_mixin.py:188} INFO - [2024-02-24T12:00:57.399-0600] {dag.py:3823} INFO - Setting next_dagrun for example_external_task_marker_parent to None, run_after=None
[2024-02-24T12:00:57.407-0600] {processor.py:183} INFO - Processing /Users/vamseekrishna/Desktop/F1_Data_Warehouse/f1datawarehouse/lib/python3.9/site-packages/airflow/example_dags/example_external_task_marker_dag.py took 0.080 seconds
[2024-02-24T12:02:55.299-0600] {processor.py:161} INFO - Started process (PID=76091) to work on /Users/vamseekrishna/Desktop/F1_Data_Warehouse/f1datawarehouse/lib/python3.9/site-packages/airflow/example_dags/example_external_task_marker_dag.py
[2024-02-24T12:02:55.300-0600] {processor.py:830} INFO - Processing file /Users/vamseekrishna/Desktop/F1_Data_Warehouse/f1datawarehouse/lib/python3.9/site-packages/airflow/example_dags/example_external_task_marker_dag.py for tasks to queue
[2024-02-24T12:02:55.301-0600] {logging_mixin.py:188} INFO - [2024-02-24T12:02:55.301-0600] {dagbag.py:538} INFO - Filling up the DagBag from /Users/vamseekrishna/Desktop/F1_Data_Warehouse/f1datawarehouse/lib/python3.9/site-packages/airflow/example_dags/example_external_task_marker_dag.py
[2024-02-24T12:02:55.306-0600] {processor.py:840} INFO - DAG(s) 'example_external_task_marker_parent', 'example_external_task_marker_child' retrieved from /Users/vamseekrishna/Desktop/F1_Data_Warehouse/f1datawarehouse/lib/python3.9/site-packages/airflow/example_dags/example_external_task_marker_dag.py
[2024-02-24T12:02:55.356-0600] {logging_mixin.py:188} INFO - [2024-02-24T12:02:55.356-0600] {dag.py:3036} INFO - Sync 2 DAGs
[2024-02-24T12:02:55.360-0600] {logging_mixin.py:188} INFO - [2024-02-24T12:02:55.360-0600] {dag.py:3823} INFO - Setting next_dagrun for example_external_task_marker_child to None, run_after=None
[2024-02-24T12:02:55.361-0600] {logging_mixin.py:188} INFO - [2024-02-24T12:02:55.361-0600] {dag.py:3823} INFO - Setting next_dagrun for example_external_task_marker_parent to None, run_after=None
[2024-02-24T12:02:55.368-0600] {processor.py:183} INFO - Processing /Users/vamseekrishna/Desktop/F1_Data_Warehouse/f1datawarehouse/lib/python3.9/site-packages/airflow/example_dags/example_external_task_marker_dag.py took 0.070 seconds
[2024-02-24T12:20:30.356-0600] {processor.py:161} INFO - Started process (PID=76275) to work on /Users/vamseekrishna/Desktop/F1_Data_Warehouse/f1datawarehouse/lib/python3.9/site-packages/airflow/example_dags/example_external_task_marker_dag.py
[2024-02-24T12:20:30.358-0600] {processor.py:830} INFO - Processing file /Users/vamseekrishna/Desktop/F1_Data_Warehouse/f1datawarehouse/lib/python3.9/site-packages/airflow/example_dags/example_external_task_marker_dag.py for tasks to queue
[2024-02-24T12:20:30.359-0600] {logging_mixin.py:188} INFO - [2024-02-24T12:20:30.359-0600] {dagbag.py:538} INFO - Filling up the DagBag from /Users/vamseekrishna/Desktop/F1_Data_Warehouse/f1datawarehouse/lib/python3.9/site-packages/airflow/example_dags/example_external_task_marker_dag.py
[2024-02-24T12:20:30.364-0600] {processor.py:840} INFO - DAG(s) 'example_external_task_marker_parent', 'example_external_task_marker_child' retrieved from /Users/vamseekrishna/Desktop/F1_Data_Warehouse/f1datawarehouse/lib/python3.9/site-packages/airflow/example_dags/example_external_task_marker_dag.py
[2024-02-24T12:20:30.417-0600] {logging_mixin.py:188} INFO - [2024-02-24T12:20:30.416-0600] {dag.py:3036} INFO - Sync 2 DAGs
[2024-02-24T12:20:30.421-0600] {logging_mixin.py:188} INFO - [2024-02-24T12:20:30.421-0600] {dag.py:3823} INFO - Setting next_dagrun for example_external_task_marker_child to None, run_after=None
[2024-02-24T12:20:30.422-0600] {logging_mixin.py:188} INFO - [2024-02-24T12:20:30.422-0600] {dag.py:3823} INFO - Setting next_dagrun for example_external_task_marker_parent to None, run_after=None
[2024-02-24T12:20:30.429-0600] {processor.py:183} INFO - Processing /Users/vamseekrishna/Desktop/F1_Data_Warehouse/f1datawarehouse/lib/python3.9/site-packages/airflow/example_dags/example_external_task_marker_dag.py took 0.073 seconds
[2024-02-24T12:38:49.349-0600] {processor.py:161} INFO - Started process (PID=76425) to work on /Users/vamseekrishna/Desktop/F1_Data_Warehouse/f1datawarehouse/lib/python3.9/site-packages/airflow/example_dags/example_external_task_marker_dag.py
[2024-02-24T12:38:49.351-0600] {processor.py:830} INFO - Processing file /Users/vamseekrishna/Desktop/F1_Data_Warehouse/f1datawarehouse/lib/python3.9/site-packages/airflow/example_dags/example_external_task_marker_dag.py for tasks to queue
[2024-02-24T12:38:49.351-0600] {logging_mixin.py:188} INFO - [2024-02-24T12:38:49.351-0600] {dagbag.py:538} INFO - Filling up the DagBag from /Users/vamseekrishna/Desktop/F1_Data_Warehouse/f1datawarehouse/lib/python3.9/site-packages/airflow/example_dags/example_external_task_marker_dag.py
[2024-02-24T12:38:49.356-0600] {processor.py:840} INFO - DAG(s) 'example_external_task_marker_child', 'example_external_task_marker_parent' retrieved from /Users/vamseekrishna/Desktop/F1_Data_Warehouse/f1datawarehouse/lib/python3.9/site-packages/airflow/example_dags/example_external_task_marker_dag.py
[2024-02-24T12:38:49.407-0600] {logging_mixin.py:188} INFO - [2024-02-24T12:38:49.407-0600] {dag.py:3036} INFO - Sync 2 DAGs
[2024-02-24T12:38:49.412-0600] {logging_mixin.py:188} INFO - [2024-02-24T12:38:49.412-0600] {dag.py:3823} INFO - Setting next_dagrun for example_external_task_marker_child to None, run_after=None
[2024-02-24T12:38:49.413-0600] {logging_mixin.py:188} INFO - [2024-02-24T12:38:49.413-0600] {dag.py:3823} INFO - Setting next_dagrun for example_external_task_marker_parent to None, run_after=None
[2024-02-24T12:38:49.419-0600] {processor.py:183} INFO - Processing /Users/vamseekrishna/Desktop/F1_Data_Warehouse/f1datawarehouse/lib/python3.9/site-packages/airflow/example_dags/example_external_task_marker_dag.py took 0.071 seconds
[2024-02-24T12:40:48.495-0600] {processor.py:161} INFO - Started process (PID=76546) to work on /Users/vamseekrishna/Desktop/F1_Data_Warehouse/f1datawarehouse/lib/python3.9/site-packages/airflow/example_dags/example_external_task_marker_dag.py
[2024-02-24T12:40:48.497-0600] {processor.py:830} INFO - Processing file /Users/vamseekrishna/Desktop/F1_Data_Warehouse/f1datawarehouse/lib/python3.9/site-packages/airflow/example_dags/example_external_task_marker_dag.py for tasks to queue
[2024-02-24T12:40:48.497-0600] {logging_mixin.py:188} INFO - [2024-02-24T12:40:48.497-0600] {dagbag.py:538} INFO - Filling up the DagBag from /Users/vamseekrishna/Desktop/F1_Data_Warehouse/f1datawarehouse/lib/python3.9/site-packages/airflow/example_dags/example_external_task_marker_dag.py
[2024-02-24T12:40:48.505-0600] {processor.py:840} INFO - DAG(s) 'example_external_task_marker_child', 'example_external_task_marker_parent' retrieved from /Users/vamseekrishna/Desktop/F1_Data_Warehouse/f1datawarehouse/lib/python3.9/site-packages/airflow/example_dags/example_external_task_marker_dag.py
[2024-02-24T12:40:48.558-0600] {logging_mixin.py:188} INFO - [2024-02-24T12:40:48.558-0600] {dag.py:3036} INFO - Sync 2 DAGs
[2024-02-24T12:40:48.563-0600] {logging_mixin.py:188} INFO - [2024-02-24T12:40:48.563-0600] {dag.py:3823} INFO - Setting next_dagrun for example_external_task_marker_child to None, run_after=None
[2024-02-24T12:40:48.564-0600] {logging_mixin.py:188} INFO - [2024-02-24T12:40:48.564-0600] {dag.py:3823} INFO - Setting next_dagrun for example_external_task_marker_parent to None, run_after=None
[2024-02-24T12:40:48.573-0600] {processor.py:183} INFO - Processing /Users/vamseekrishna/Desktop/F1_Data_Warehouse/f1datawarehouse/lib/python3.9/site-packages/airflow/example_dags/example_external_task_marker_dag.py took 0.078 seconds
[2024-02-24T12:42:52.468-0600] {processor.py:161} INFO - Started process (PID=76657) to work on /Users/vamseekrishna/Desktop/F1_Data_Warehouse/f1datawarehouse/lib/python3.9/site-packages/airflow/example_dags/example_external_task_marker_dag.py
[2024-02-24T12:42:52.470-0600] {processor.py:830} INFO - Processing file /Users/vamseekrishna/Desktop/F1_Data_Warehouse/f1datawarehouse/lib/python3.9/site-packages/airflow/example_dags/example_external_task_marker_dag.py for tasks to queue
[2024-02-24T12:42:52.470-0600] {logging_mixin.py:188} INFO - [2024-02-24T12:42:52.470-0600] {dagbag.py:538} INFO - Filling up the DagBag from /Users/vamseekrishna/Desktop/F1_Data_Warehouse/f1datawarehouse/lib/python3.9/site-packages/airflow/example_dags/example_external_task_marker_dag.py
[2024-02-24T12:42:52.476-0600] {processor.py:840} INFO - DAG(s) 'example_external_task_marker_child', 'example_external_task_marker_parent' retrieved from /Users/vamseekrishna/Desktop/F1_Data_Warehouse/f1datawarehouse/lib/python3.9/site-packages/airflow/example_dags/example_external_task_marker_dag.py
[2024-02-24T12:42:52.526-0600] {logging_mixin.py:188} INFO - [2024-02-24T12:42:52.525-0600] {dag.py:3036} INFO - Sync 2 DAGs
[2024-02-24T12:42:52.530-0600] {logging_mixin.py:188} INFO - [2024-02-24T12:42:52.530-0600] {dag.py:3823} INFO - Setting next_dagrun for example_external_task_marker_child to None, run_after=None
[2024-02-24T12:42:52.531-0600] {logging_mixin.py:188} INFO - [2024-02-24T12:42:52.531-0600] {dag.py:3823} INFO - Setting next_dagrun for example_external_task_marker_parent to None, run_after=None
[2024-02-24T12:42:52.537-0600] {processor.py:183} INFO - Processing /Users/vamseekrishna/Desktop/F1_Data_Warehouse/f1datawarehouse/lib/python3.9/site-packages/airflow/example_dags/example_external_task_marker_dag.py took 0.070 seconds
[2024-02-24T12:45:05.683-0600] {processor.py:161} INFO - Started process (PID=76903) to work on /Users/vamseekrishna/Desktop/F1_Data_Warehouse/f1datawarehouse/lib/python3.9/site-packages/airflow/example_dags/example_external_task_marker_dag.py
[2024-02-24T12:45:05.685-0600] {processor.py:830} INFO - Processing file /Users/vamseekrishna/Desktop/F1_Data_Warehouse/f1datawarehouse/lib/python3.9/site-packages/airflow/example_dags/example_external_task_marker_dag.py for tasks to queue
[2024-02-24T12:45:05.685-0600] {logging_mixin.py:188} INFO - [2024-02-24T12:45:05.685-0600] {dagbag.py:538} INFO - Filling up the DagBag from /Users/vamseekrishna/Desktop/F1_Data_Warehouse/f1datawarehouse/lib/python3.9/site-packages/airflow/example_dags/example_external_task_marker_dag.py
[2024-02-24T12:45:05.696-0600] {processor.py:840} INFO - DAG(s) 'example_external_task_marker_child', 'example_external_task_marker_parent' retrieved from /Users/vamseekrishna/Desktop/F1_Data_Warehouse/f1datawarehouse/lib/python3.9/site-packages/airflow/example_dags/example_external_task_marker_dag.py
[2024-02-24T12:45:05.753-0600] {logging_mixin.py:188} INFO - [2024-02-24T12:45:05.752-0600] {dag.py:3036} INFO - Sync 2 DAGs
[2024-02-24T12:45:05.758-0600] {logging_mixin.py:188} INFO - [2024-02-24T12:45:05.757-0600] {dag.py:3823} INFO - Setting next_dagrun for example_external_task_marker_child to None, run_after=None
[2024-02-24T12:45:05.759-0600] {logging_mixin.py:188} INFO - [2024-02-24T12:45:05.759-0600] {dag.py:3823} INFO - Setting next_dagrun for example_external_task_marker_parent to None, run_after=None
[2024-02-24T12:45:05.766-0600] {processor.py:183} INFO - Processing /Users/vamseekrishna/Desktop/F1_Data_Warehouse/f1datawarehouse/lib/python3.9/site-packages/airflow/example_dags/example_external_task_marker_dag.py took 0.084 seconds
[2024-02-24T12:47:18.034-0600] {processor.py:161} INFO - Started process (PID=77029) to work on /Users/vamseekrishna/Desktop/F1_Data_Warehouse/f1datawarehouse/lib/python3.9/site-packages/airflow/example_dags/example_external_task_marker_dag.py
[2024-02-24T12:47:18.036-0600] {processor.py:830} INFO - Processing file /Users/vamseekrishna/Desktop/F1_Data_Warehouse/f1datawarehouse/lib/python3.9/site-packages/airflow/example_dags/example_external_task_marker_dag.py for tasks to queue
[2024-02-24T12:47:18.037-0600] {logging_mixin.py:188} INFO - [2024-02-24T12:47:18.037-0600] {dagbag.py:538} INFO - Filling up the DagBag from /Users/vamseekrishna/Desktop/F1_Data_Warehouse/f1datawarehouse/lib/python3.9/site-packages/airflow/example_dags/example_external_task_marker_dag.py
[2024-02-24T12:47:18.043-0600] {processor.py:840} INFO - DAG(s) 'example_external_task_marker_child', 'example_external_task_marker_parent' retrieved from /Users/vamseekrishna/Desktop/F1_Data_Warehouse/f1datawarehouse/lib/python3.9/site-packages/airflow/example_dags/example_external_task_marker_dag.py
[2024-02-24T12:47:18.095-0600] {logging_mixin.py:188} INFO - [2024-02-24T12:47:18.095-0600] {dag.py:3036} INFO - Sync 2 DAGs
[2024-02-24T12:47:18.100-0600] {logging_mixin.py:188} INFO - [2024-02-24T12:47:18.100-0600] {dag.py:3823} INFO - Setting next_dagrun for example_external_task_marker_child to None, run_after=None
[2024-02-24T12:47:18.101-0600] {logging_mixin.py:188} INFO - [2024-02-24T12:47:18.101-0600] {dag.py:3823} INFO - Setting next_dagrun for example_external_task_marker_parent to None, run_after=None
[2024-02-24T12:47:18.107-0600] {processor.py:183} INFO - Processing /Users/vamseekrishna/Desktop/F1_Data_Warehouse/f1datawarehouse/lib/python3.9/site-packages/airflow/example_dags/example_external_task_marker_dag.py took 0.074 seconds
[2024-02-24T12:49:27.726-0600] {processor.py:161} INFO - Started process (PID=77139) to work on /Users/vamseekrishna/Desktop/F1_Data_Warehouse/f1datawarehouse/lib/python3.9/site-packages/airflow/example_dags/example_external_task_marker_dag.py
[2024-02-24T12:49:27.728-0600] {processor.py:830} INFO - Processing file /Users/vamseekrishna/Desktop/F1_Data_Warehouse/f1datawarehouse/lib/python3.9/site-packages/airflow/example_dags/example_external_task_marker_dag.py for tasks to queue
[2024-02-24T12:49:27.729-0600] {logging_mixin.py:188} INFO - [2024-02-24T12:49:27.729-0600] {dagbag.py:538} INFO - Filling up the DagBag from /Users/vamseekrishna/Desktop/F1_Data_Warehouse/f1datawarehouse/lib/python3.9/site-packages/airflow/example_dags/example_external_task_marker_dag.py
[2024-02-24T12:49:27.742-0600] {processor.py:840} INFO - DAG(s) 'example_external_task_marker_parent', 'example_external_task_marker_child' retrieved from /Users/vamseekrishna/Desktop/F1_Data_Warehouse/f1datawarehouse/lib/python3.9/site-packages/airflow/example_dags/example_external_task_marker_dag.py
[2024-02-24T12:49:27.794-0600] {logging_mixin.py:188} INFO - [2024-02-24T12:49:27.794-0600] {dag.py:3036} INFO - Sync 2 DAGs
[2024-02-24T12:49:27.799-0600] {logging_mixin.py:188} INFO - [2024-02-24T12:49:27.799-0600] {dag.py:3823} INFO - Setting next_dagrun for example_external_task_marker_child to None, run_after=None
[2024-02-24T12:49:27.800-0600] {logging_mixin.py:188} INFO - [2024-02-24T12:49:27.800-0600] {dag.py:3823} INFO - Setting next_dagrun for example_external_task_marker_parent to None, run_after=None
[2024-02-24T12:49:27.808-0600] {processor.py:183} INFO - Processing /Users/vamseekrishna/Desktop/F1_Data_Warehouse/f1datawarehouse/lib/python3.9/site-packages/airflow/example_dags/example_external_task_marker_dag.py took 0.082 seconds
[2024-02-24T12:51:32.132-0600] {processor.py:161} INFO - Started process (PID=77236) to work on /Users/vamseekrishna/Desktop/F1_Data_Warehouse/f1datawarehouse/lib/python3.9/site-packages/airflow/example_dags/example_external_task_marker_dag.py
[2024-02-24T12:51:32.135-0600] {processor.py:830} INFO - Processing file /Users/vamseekrishna/Desktop/F1_Data_Warehouse/f1datawarehouse/lib/python3.9/site-packages/airflow/example_dags/example_external_task_marker_dag.py for tasks to queue
[2024-02-24T12:51:32.135-0600] {logging_mixin.py:188} INFO - [2024-02-24T12:51:32.135-0600] {dagbag.py:538} INFO - Filling up the DagBag from /Users/vamseekrishna/Desktop/F1_Data_Warehouse/f1datawarehouse/lib/python3.9/site-packages/airflow/example_dags/example_external_task_marker_dag.py
[2024-02-24T12:51:32.142-0600] {processor.py:840} INFO - DAG(s) 'example_external_task_marker_child', 'example_external_task_marker_parent' retrieved from /Users/vamseekrishna/Desktop/F1_Data_Warehouse/f1datawarehouse/lib/python3.9/site-packages/airflow/example_dags/example_external_task_marker_dag.py
[2024-02-24T12:51:32.197-0600] {logging_mixin.py:188} INFO - [2024-02-24T12:51:32.197-0600] {dag.py:3036} INFO - Sync 2 DAGs
[2024-02-24T12:51:32.201-0600] {logging_mixin.py:188} INFO - [2024-02-24T12:51:32.201-0600] {dag.py:3823} INFO - Setting next_dagrun for example_external_task_marker_child to None, run_after=None
[2024-02-24T12:51:32.203-0600] {logging_mixin.py:188} INFO - [2024-02-24T12:51:32.203-0600] {dag.py:3823} INFO - Setting next_dagrun for example_external_task_marker_parent to None, run_after=None
[2024-02-24T12:51:32.211-0600] {processor.py:183} INFO - Processing /Users/vamseekrishna/Desktop/F1_Data_Warehouse/f1datawarehouse/lib/python3.9/site-packages/airflow/example_dags/example_external_task_marker_dag.py took 0.079 seconds
[2024-02-24T12:53:40.050-0600] {processor.py:161} INFO - Started process (PID=77344) to work on /Users/vamseekrishna/Desktop/F1_Data_Warehouse/f1datawarehouse/lib/python3.9/site-packages/airflow/example_dags/example_external_task_marker_dag.py
[2024-02-24T12:53:40.052-0600] {processor.py:830} INFO - Processing file /Users/vamseekrishna/Desktop/F1_Data_Warehouse/f1datawarehouse/lib/python3.9/site-packages/airflow/example_dags/example_external_task_marker_dag.py for tasks to queue
[2024-02-24T12:53:40.052-0600] {logging_mixin.py:188} INFO - [2024-02-24T12:53:40.052-0600] {dagbag.py:538} INFO - Filling up the DagBag from /Users/vamseekrishna/Desktop/F1_Data_Warehouse/f1datawarehouse/lib/python3.9/site-packages/airflow/example_dags/example_external_task_marker_dag.py
[2024-02-24T12:53:40.058-0600] {processor.py:840} INFO - DAG(s) 'example_external_task_marker_child', 'example_external_task_marker_parent' retrieved from /Users/vamseekrishna/Desktop/F1_Data_Warehouse/f1datawarehouse/lib/python3.9/site-packages/airflow/example_dags/example_external_task_marker_dag.py
[2024-02-24T12:53:40.111-0600] {logging_mixin.py:188} INFO - [2024-02-24T12:53:40.111-0600] {dag.py:3036} INFO - Sync 2 DAGs
[2024-02-24T12:53:40.116-0600] {logging_mixin.py:188} INFO - [2024-02-24T12:53:40.116-0600] {dag.py:3823} INFO - Setting next_dagrun for example_external_task_marker_child to None, run_after=None
[2024-02-24T12:53:40.117-0600] {logging_mixin.py:188} INFO - [2024-02-24T12:53:40.117-0600] {dag.py:3823} INFO - Setting next_dagrun for example_external_task_marker_parent to None, run_after=None
[2024-02-24T12:53:40.124-0600] {processor.py:183} INFO - Processing /Users/vamseekrishna/Desktop/F1_Data_Warehouse/f1datawarehouse/lib/python3.9/site-packages/airflow/example_dags/example_external_task_marker_dag.py took 0.075 seconds
[2024-02-24T12:55:52.584-0600] {processor.py:161} INFO - Started process (PID=77454) to work on /Users/vamseekrishna/Desktop/F1_Data_Warehouse/f1datawarehouse/lib/python3.9/site-packages/airflow/example_dags/example_external_task_marker_dag.py
[2024-02-24T12:55:52.586-0600] {processor.py:830} INFO - Processing file /Users/vamseekrishna/Desktop/F1_Data_Warehouse/f1datawarehouse/lib/python3.9/site-packages/airflow/example_dags/example_external_task_marker_dag.py for tasks to queue
[2024-02-24T12:55:52.586-0600] {logging_mixin.py:188} INFO - [2024-02-24T12:55:52.586-0600] {dagbag.py:538} INFO - Filling up the DagBag from /Users/vamseekrishna/Desktop/F1_Data_Warehouse/f1datawarehouse/lib/python3.9/site-packages/airflow/example_dags/example_external_task_marker_dag.py
[2024-02-24T12:55:52.592-0600] {processor.py:840} INFO - DAG(s) 'example_external_task_marker_child', 'example_external_task_marker_parent' retrieved from /Users/vamseekrishna/Desktop/F1_Data_Warehouse/f1datawarehouse/lib/python3.9/site-packages/airflow/example_dags/example_external_task_marker_dag.py
[2024-02-24T12:55:52.647-0600] {logging_mixin.py:188} INFO - [2024-02-24T12:55:52.647-0600] {dag.py:3036} INFO - Sync 2 DAGs
[2024-02-24T12:55:52.652-0600] {logging_mixin.py:188} INFO - [2024-02-24T12:55:52.652-0600] {dag.py:3823} INFO - Setting next_dagrun for example_external_task_marker_child to None, run_after=None
[2024-02-24T12:55:52.654-0600] {logging_mixin.py:188} INFO - [2024-02-24T12:55:52.654-0600] {dag.py:3823} INFO - Setting next_dagrun for example_external_task_marker_parent to None, run_after=None
[2024-02-24T12:55:52.664-0600] {processor.py:183} INFO - Processing /Users/vamseekrishna/Desktop/F1_Data_Warehouse/f1datawarehouse/lib/python3.9/site-packages/airflow/example_dags/example_external_task_marker_dag.py took 0.080 seconds
[2024-02-24T12:58:01.894-0600] {processor.py:161} INFO - Started process (PID=77556) to work on /Users/vamseekrishna/Desktop/F1_Data_Warehouse/f1datawarehouse/lib/python3.9/site-packages/airflow/example_dags/example_external_task_marker_dag.py
[2024-02-24T12:58:01.897-0600] {processor.py:830} INFO - Processing file /Users/vamseekrishna/Desktop/F1_Data_Warehouse/f1datawarehouse/lib/python3.9/site-packages/airflow/example_dags/example_external_task_marker_dag.py for tasks to queue
[2024-02-24T12:58:01.897-0600] {logging_mixin.py:188} INFO - [2024-02-24T12:58:01.897-0600] {dagbag.py:538} INFO - Filling up the DagBag from /Users/vamseekrishna/Desktop/F1_Data_Warehouse/f1datawarehouse/lib/python3.9/site-packages/airflow/example_dags/example_external_task_marker_dag.py
[2024-02-24T12:58:01.904-0600] {processor.py:840} INFO - DAG(s) 'example_external_task_marker_parent', 'example_external_task_marker_child' retrieved from /Users/vamseekrishna/Desktop/F1_Data_Warehouse/f1datawarehouse/lib/python3.9/site-packages/airflow/example_dags/example_external_task_marker_dag.py
[2024-02-24T12:58:01.954-0600] {logging_mixin.py:188} INFO - [2024-02-24T12:58:01.954-0600] {dag.py:3036} INFO - Sync 2 DAGs
[2024-02-24T12:58:01.959-0600] {logging_mixin.py:188} INFO - [2024-02-24T12:58:01.959-0600] {dag.py:3823} INFO - Setting next_dagrun for example_external_task_marker_child to None, run_after=None
[2024-02-24T12:58:01.961-0600] {logging_mixin.py:188} INFO - [2024-02-24T12:58:01.960-0600] {dag.py:3823} INFO - Setting next_dagrun for example_external_task_marker_parent to None, run_after=None
[2024-02-24T12:58:01.967-0600] {processor.py:183} INFO - Processing /Users/vamseekrishna/Desktop/F1_Data_Warehouse/f1datawarehouse/lib/python3.9/site-packages/airflow/example_dags/example_external_task_marker_dag.py took 0.073 seconds
[2024-02-24T13:00:08.823-0600] {processor.py:161} INFO - Started process (PID=77677) to work on /Users/vamseekrishna/Desktop/F1_Data_Warehouse/f1datawarehouse/lib/python3.9/site-packages/airflow/example_dags/example_external_task_marker_dag.py
[2024-02-24T13:00:08.825-0600] {processor.py:830} INFO - Processing file /Users/vamseekrishna/Desktop/F1_Data_Warehouse/f1datawarehouse/lib/python3.9/site-packages/airflow/example_dags/example_external_task_marker_dag.py for tasks to queue
[2024-02-24T13:00:08.825-0600] {logging_mixin.py:188} INFO - [2024-02-24T13:00:08.825-0600] {dagbag.py:538} INFO - Filling up the DagBag from /Users/vamseekrishna/Desktop/F1_Data_Warehouse/f1datawarehouse/lib/python3.9/site-packages/airflow/example_dags/example_external_task_marker_dag.py
[2024-02-24T13:00:08.832-0600] {processor.py:840} INFO - DAG(s) 'example_external_task_marker_child', 'example_external_task_marker_parent' retrieved from /Users/vamseekrishna/Desktop/F1_Data_Warehouse/f1datawarehouse/lib/python3.9/site-packages/airflow/example_dags/example_external_task_marker_dag.py
[2024-02-24T13:00:08.885-0600] {logging_mixin.py:188} INFO - [2024-02-24T13:00:08.885-0600] {dag.py:3036} INFO - Sync 2 DAGs
[2024-02-24T13:00:08.889-0600] {logging_mixin.py:188} INFO - [2024-02-24T13:00:08.889-0600] {dag.py:3823} INFO - Setting next_dagrun for example_external_task_marker_child to None, run_after=None
[2024-02-24T13:00:08.891-0600] {logging_mixin.py:188} INFO - [2024-02-24T13:00:08.891-0600] {dag.py:3823} INFO - Setting next_dagrun for example_external_task_marker_parent to None, run_after=None
[2024-02-24T13:00:08.898-0600] {processor.py:183} INFO - Processing /Users/vamseekrishna/Desktop/F1_Data_Warehouse/f1datawarehouse/lib/python3.9/site-packages/airflow/example_dags/example_external_task_marker_dag.py took 0.076 seconds
[2024-02-24T13:02:12.399-0600] {processor.py:161} INFO - Started process (PID=77832) to work on /Users/vamseekrishna/Desktop/F1_Data_Warehouse/f1datawarehouse/lib/python3.9/site-packages/airflow/example_dags/example_external_task_marker_dag.py
[2024-02-24T13:02:12.401-0600] {processor.py:830} INFO - Processing file /Users/vamseekrishna/Desktop/F1_Data_Warehouse/f1datawarehouse/lib/python3.9/site-packages/airflow/example_dags/example_external_task_marker_dag.py for tasks to queue
[2024-02-24T13:02:12.401-0600] {logging_mixin.py:188} INFO - [2024-02-24T13:02:12.401-0600] {dagbag.py:538} INFO - Filling up the DagBag from /Users/vamseekrishna/Desktop/F1_Data_Warehouse/f1datawarehouse/lib/python3.9/site-packages/airflow/example_dags/example_external_task_marker_dag.py
[2024-02-24T13:02:12.406-0600] {processor.py:840} INFO - DAG(s) 'example_external_task_marker_parent', 'example_external_task_marker_child' retrieved from /Users/vamseekrishna/Desktop/F1_Data_Warehouse/f1datawarehouse/lib/python3.9/site-packages/airflow/example_dags/example_external_task_marker_dag.py
[2024-02-24T13:02:12.453-0600] {logging_mixin.py:188} INFO - [2024-02-24T13:02:12.453-0600] {dag.py:3036} INFO - Sync 2 DAGs
[2024-02-24T13:02:12.457-0600] {logging_mixin.py:188} INFO - [2024-02-24T13:02:12.457-0600] {dag.py:3823} INFO - Setting next_dagrun for example_external_task_marker_child to None, run_after=None
[2024-02-24T13:02:12.459-0600] {logging_mixin.py:188} INFO - [2024-02-24T13:02:12.459-0600] {dag.py:3823} INFO - Setting next_dagrun for example_external_task_marker_parent to None, run_after=None
[2024-02-24T13:02:12.465-0600] {processor.py:183} INFO - Processing /Users/vamseekrishna/Desktop/F1_Data_Warehouse/f1datawarehouse/lib/python3.9/site-packages/airflow/example_dags/example_external_task_marker_dag.py took 0.067 seconds
[2024-02-24T13:04:08.559-0600] {processor.py:161} INFO - Started process (PID=77924) to work on /Users/vamseekrishna/Desktop/F1_Data_Warehouse/f1datawarehouse/lib/python3.9/site-packages/airflow/example_dags/example_external_task_marker_dag.py
[2024-02-24T13:04:08.561-0600] {processor.py:830} INFO - Processing file /Users/vamseekrishna/Desktop/F1_Data_Warehouse/f1datawarehouse/lib/python3.9/site-packages/airflow/example_dags/example_external_task_marker_dag.py for tasks to queue
[2024-02-24T13:04:08.561-0600] {logging_mixin.py:188} INFO - [2024-02-24T13:04:08.561-0600] {dagbag.py:538} INFO - Filling up the DagBag from /Users/vamseekrishna/Desktop/F1_Data_Warehouse/f1datawarehouse/lib/python3.9/site-packages/airflow/example_dags/example_external_task_marker_dag.py
[2024-02-24T13:04:08.567-0600] {processor.py:840} INFO - DAG(s) 'example_external_task_marker_child', 'example_external_task_marker_parent' retrieved from /Users/vamseekrishna/Desktop/F1_Data_Warehouse/f1datawarehouse/lib/python3.9/site-packages/airflow/example_dags/example_external_task_marker_dag.py
[2024-02-24T13:04:08.612-0600] {logging_mixin.py:188} INFO - [2024-02-24T13:04:08.612-0600] {dag.py:3036} INFO - Sync 2 DAGs
[2024-02-24T13:04:08.616-0600] {logging_mixin.py:188} INFO - [2024-02-24T13:04:08.616-0600] {dag.py:3823} INFO - Setting next_dagrun for example_external_task_marker_child to None, run_after=None
[2024-02-24T13:04:08.617-0600] {logging_mixin.py:188} INFO - [2024-02-24T13:04:08.617-0600] {dag.py:3823} INFO - Setting next_dagrun for example_external_task_marker_parent to None, run_after=None
[2024-02-24T13:04:08.624-0600] {processor.py:183} INFO - Processing /Users/vamseekrishna/Desktop/F1_Data_Warehouse/f1datawarehouse/lib/python3.9/site-packages/airflow/example_dags/example_external_task_marker_dag.py took 0.065 seconds
[2024-02-24T13:05:58.324-0600] {processor.py:161} INFO - Started process (PID=78007) to work on /Users/vamseekrishna/Desktop/F1_Data_Warehouse/f1datawarehouse/lib/python3.9/site-packages/airflow/example_dags/example_external_task_marker_dag.py
[2024-02-24T13:05:58.326-0600] {processor.py:830} INFO - Processing file /Users/vamseekrishna/Desktop/F1_Data_Warehouse/f1datawarehouse/lib/python3.9/site-packages/airflow/example_dags/example_external_task_marker_dag.py for tasks to queue
[2024-02-24T13:05:58.326-0600] {logging_mixin.py:188} INFO - [2024-02-24T13:05:58.326-0600] {dagbag.py:538} INFO - Filling up the DagBag from /Users/vamseekrishna/Desktop/F1_Data_Warehouse/f1datawarehouse/lib/python3.9/site-packages/airflow/example_dags/example_external_task_marker_dag.py
[2024-02-24T13:05:58.331-0600] {processor.py:840} INFO - DAG(s) 'example_external_task_marker_parent', 'example_external_task_marker_child' retrieved from /Users/vamseekrishna/Desktop/F1_Data_Warehouse/f1datawarehouse/lib/python3.9/site-packages/airflow/example_dags/example_external_task_marker_dag.py
[2024-02-24T13:05:58.377-0600] {logging_mixin.py:188} INFO - [2024-02-24T13:05:58.377-0600] {dag.py:3036} INFO - Sync 2 DAGs
[2024-02-24T13:05:58.381-0600] {logging_mixin.py:188} INFO - [2024-02-24T13:05:58.381-0600] {dag.py:3823} INFO - Setting next_dagrun for example_external_task_marker_child to None, run_after=None
[2024-02-24T13:05:58.382-0600] {logging_mixin.py:188} INFO - [2024-02-24T13:05:58.382-0600] {dag.py:3823} INFO - Setting next_dagrun for example_external_task_marker_parent to None, run_after=None
[2024-02-24T13:05:58.389-0600] {processor.py:183} INFO - Processing /Users/vamseekrishna/Desktop/F1_Data_Warehouse/f1datawarehouse/lib/python3.9/site-packages/airflow/example_dags/example_external_task_marker_dag.py took 0.065 seconds
[2024-02-24T13:07:51.037-0600] {processor.py:161} INFO - Started process (PID=78093) to work on /Users/vamseekrishna/Desktop/F1_Data_Warehouse/f1datawarehouse/lib/python3.9/site-packages/airflow/example_dags/example_external_task_marker_dag.py
[2024-02-24T13:07:51.039-0600] {processor.py:830} INFO - Processing file /Users/vamseekrishna/Desktop/F1_Data_Warehouse/f1datawarehouse/lib/python3.9/site-packages/airflow/example_dags/example_external_task_marker_dag.py for tasks to queue
[2024-02-24T13:07:51.039-0600] {logging_mixin.py:188} INFO - [2024-02-24T13:07:51.039-0600] {dagbag.py:538} INFO - Filling up the DagBag from /Users/vamseekrishna/Desktop/F1_Data_Warehouse/f1datawarehouse/lib/python3.9/site-packages/airflow/example_dags/example_external_task_marker_dag.py
[2024-02-24T13:07:51.044-0600] {processor.py:840} INFO - DAG(s) 'example_external_task_marker_parent', 'example_external_task_marker_child' retrieved from /Users/vamseekrishna/Desktop/F1_Data_Warehouse/f1datawarehouse/lib/python3.9/site-packages/airflow/example_dags/example_external_task_marker_dag.py
[2024-02-24T13:07:51.090-0600] {logging_mixin.py:188} INFO - [2024-02-24T13:07:51.089-0600] {dag.py:3036} INFO - Sync 2 DAGs
[2024-02-24T13:07:51.094-0600] {logging_mixin.py:188} INFO - [2024-02-24T13:07:51.093-0600] {dag.py:3823} INFO - Setting next_dagrun for example_external_task_marker_child to None, run_after=None
[2024-02-24T13:07:51.095-0600] {logging_mixin.py:188} INFO - [2024-02-24T13:07:51.095-0600] {dag.py:3823} INFO - Setting next_dagrun for example_external_task_marker_parent to None, run_after=None
[2024-02-24T13:07:51.101-0600] {processor.py:183} INFO - Processing /Users/vamseekrishna/Desktop/F1_Data_Warehouse/f1datawarehouse/lib/python3.9/site-packages/airflow/example_dags/example_external_task_marker_dag.py took 0.065 seconds
[2024-02-24T13:09:44.347-0600] {processor.py:161} INFO - Started process (PID=78183) to work on /Users/vamseekrishna/Desktop/F1_Data_Warehouse/f1datawarehouse/lib/python3.9/site-packages/airflow/example_dags/example_external_task_marker_dag.py
[2024-02-24T13:09:44.348-0600] {processor.py:830} INFO - Processing file /Users/vamseekrishna/Desktop/F1_Data_Warehouse/f1datawarehouse/lib/python3.9/site-packages/airflow/example_dags/example_external_task_marker_dag.py for tasks to queue
[2024-02-24T13:09:44.349-0600] {logging_mixin.py:188} INFO - [2024-02-24T13:09:44.349-0600] {dagbag.py:538} INFO - Filling up the DagBag from /Users/vamseekrishna/Desktop/F1_Data_Warehouse/f1datawarehouse/lib/python3.9/site-packages/airflow/example_dags/example_external_task_marker_dag.py
[2024-02-24T13:09:44.354-0600] {processor.py:840} INFO - DAG(s) 'example_external_task_marker_child', 'example_external_task_marker_parent' retrieved from /Users/vamseekrishna/Desktop/F1_Data_Warehouse/f1datawarehouse/lib/python3.9/site-packages/airflow/example_dags/example_external_task_marker_dag.py
[2024-02-24T13:09:44.399-0600] {logging_mixin.py:188} INFO - [2024-02-24T13:09:44.398-0600] {dag.py:3036} INFO - Sync 2 DAGs
[2024-02-24T13:09:44.402-0600] {logging_mixin.py:188} INFO - [2024-02-24T13:09:44.402-0600] {dag.py:3823} INFO - Setting next_dagrun for example_external_task_marker_child to None, run_after=None
[2024-02-24T13:09:44.403-0600] {logging_mixin.py:188} INFO - [2024-02-24T13:09:44.403-0600] {dag.py:3823} INFO - Setting next_dagrun for example_external_task_marker_parent to None, run_after=None
[2024-02-24T13:09:44.410-0600] {processor.py:183} INFO - Processing /Users/vamseekrishna/Desktop/F1_Data_Warehouse/f1datawarehouse/lib/python3.9/site-packages/airflow/example_dags/example_external_task_marker_dag.py took 0.064 seconds
[2024-02-24T13:11:33.550-0600] {processor.py:161} INFO - Started process (PID=78265) to work on /Users/vamseekrishna/Desktop/F1_Data_Warehouse/f1datawarehouse/lib/python3.9/site-packages/airflow/example_dags/example_external_task_marker_dag.py
[2024-02-24T13:11:33.551-0600] {processor.py:830} INFO - Processing file /Users/vamseekrishna/Desktop/F1_Data_Warehouse/f1datawarehouse/lib/python3.9/site-packages/airflow/example_dags/example_external_task_marker_dag.py for tasks to queue
[2024-02-24T13:11:33.551-0600] {logging_mixin.py:188} INFO - [2024-02-24T13:11:33.551-0600] {dagbag.py:538} INFO - Filling up the DagBag from /Users/vamseekrishna/Desktop/F1_Data_Warehouse/f1datawarehouse/lib/python3.9/site-packages/airflow/example_dags/example_external_task_marker_dag.py
[2024-02-24T13:11:33.557-0600] {processor.py:840} INFO - DAG(s) 'example_external_task_marker_parent', 'example_external_task_marker_child' retrieved from /Users/vamseekrishna/Desktop/F1_Data_Warehouse/f1datawarehouse/lib/python3.9/site-packages/airflow/example_dags/example_external_task_marker_dag.py
[2024-02-24T13:11:33.602-0600] {logging_mixin.py:188} INFO - [2024-02-24T13:11:33.602-0600] {dag.py:3036} INFO - Sync 2 DAGs
[2024-02-24T13:11:33.606-0600] {logging_mixin.py:188} INFO - [2024-02-24T13:11:33.606-0600] {dag.py:3823} INFO - Setting next_dagrun for example_external_task_marker_child to None, run_after=None
[2024-02-24T13:11:33.607-0600] {logging_mixin.py:188} INFO - [2024-02-24T13:11:33.607-0600] {dag.py:3823} INFO - Setting next_dagrun for example_external_task_marker_parent to None, run_after=None
[2024-02-24T13:11:33.614-0600] {processor.py:183} INFO - Processing /Users/vamseekrishna/Desktop/F1_Data_Warehouse/f1datawarehouse/lib/python3.9/site-packages/airflow/example_dags/example_external_task_marker_dag.py took 0.064 seconds
[2024-02-24T13:13:21.326-0600] {processor.py:161} INFO - Started process (PID=78350) to work on /Users/vamseekrishna/Desktop/F1_Data_Warehouse/f1datawarehouse/lib/python3.9/site-packages/airflow/example_dags/example_external_task_marker_dag.py
[2024-02-24T13:13:21.328-0600] {processor.py:830} INFO - Processing file /Users/vamseekrishna/Desktop/F1_Data_Warehouse/f1datawarehouse/lib/python3.9/site-packages/airflow/example_dags/example_external_task_marker_dag.py for tasks to queue
[2024-02-24T13:13:21.328-0600] {logging_mixin.py:188} INFO - [2024-02-24T13:13:21.328-0600] {dagbag.py:538} INFO - Filling up the DagBag from /Users/vamseekrishna/Desktop/F1_Data_Warehouse/f1datawarehouse/lib/python3.9/site-packages/airflow/example_dags/example_external_task_marker_dag.py
[2024-02-24T13:13:21.333-0600] {processor.py:840} INFO - DAG(s) 'example_external_task_marker_child', 'example_external_task_marker_parent' retrieved from /Users/vamseekrishna/Desktop/F1_Data_Warehouse/f1datawarehouse/lib/python3.9/site-packages/airflow/example_dags/example_external_task_marker_dag.py
[2024-02-24T13:13:21.378-0600] {logging_mixin.py:188} INFO - [2024-02-24T13:13:21.378-0600] {dag.py:3036} INFO - Sync 2 DAGs
[2024-02-24T13:13:21.382-0600] {logging_mixin.py:188} INFO - [2024-02-24T13:13:21.382-0600] {dag.py:3823} INFO - Setting next_dagrun for example_external_task_marker_child to None, run_after=None
[2024-02-24T13:13:21.383-0600] {logging_mixin.py:188} INFO - [2024-02-24T13:13:21.383-0600] {dag.py:3823} INFO - Setting next_dagrun for example_external_task_marker_parent to None, run_after=None
[2024-02-24T13:13:21.389-0600] {processor.py:183} INFO - Processing /Users/vamseekrishna/Desktop/F1_Data_Warehouse/f1datawarehouse/lib/python3.9/site-packages/airflow/example_dags/example_external_task_marker_dag.py took 0.064 seconds
[2024-02-24T13:15:11.526-0600] {processor.py:161} INFO - Started process (PID=78438) to work on /Users/vamseekrishna/Desktop/F1_Data_Warehouse/f1datawarehouse/lib/python3.9/site-packages/airflow/example_dags/example_external_task_marker_dag.py
[2024-02-24T13:15:11.528-0600] {processor.py:830} INFO - Processing file /Users/vamseekrishna/Desktop/F1_Data_Warehouse/f1datawarehouse/lib/python3.9/site-packages/airflow/example_dags/example_external_task_marker_dag.py for tasks to queue
[2024-02-24T13:15:11.528-0600] {logging_mixin.py:188} INFO - [2024-02-24T13:15:11.528-0600] {dagbag.py:538} INFO - Filling up the DagBag from /Users/vamseekrishna/Desktop/F1_Data_Warehouse/f1datawarehouse/lib/python3.9/site-packages/airflow/example_dags/example_external_task_marker_dag.py
[2024-02-24T13:15:11.533-0600] {processor.py:840} INFO - DAG(s) 'example_external_task_marker_child', 'example_external_task_marker_parent' retrieved from /Users/vamseekrishna/Desktop/F1_Data_Warehouse/f1datawarehouse/lib/python3.9/site-packages/airflow/example_dags/example_external_task_marker_dag.py
[2024-02-24T13:15:11.578-0600] {logging_mixin.py:188} INFO - [2024-02-24T13:15:11.578-0600] {dag.py:3036} INFO - Sync 2 DAGs
[2024-02-24T13:15:11.582-0600] {logging_mixin.py:188} INFO - [2024-02-24T13:15:11.582-0600] {dag.py:3823} INFO - Setting next_dagrun for example_external_task_marker_child to None, run_after=None
[2024-02-24T13:15:11.583-0600] {logging_mixin.py:188} INFO - [2024-02-24T13:15:11.583-0600] {dag.py:3823} INFO - Setting next_dagrun for example_external_task_marker_parent to None, run_after=None
[2024-02-24T13:15:11.590-0600] {processor.py:183} INFO - Processing /Users/vamseekrishna/Desktop/F1_Data_Warehouse/f1datawarehouse/lib/python3.9/site-packages/airflow/example_dags/example_external_task_marker_dag.py took 0.064 seconds
[2024-02-24T13:17:03.665-0600] {processor.py:161} INFO - Started process (PID=78542) to work on /Users/vamseekrishna/Desktop/F1_Data_Warehouse/f1datawarehouse/lib/python3.9/site-packages/airflow/example_dags/example_external_task_marker_dag.py
[2024-02-24T13:17:03.667-0600] {processor.py:830} INFO - Processing file /Users/vamseekrishna/Desktop/F1_Data_Warehouse/f1datawarehouse/lib/python3.9/site-packages/airflow/example_dags/example_external_task_marker_dag.py for tasks to queue
[2024-02-24T13:17:03.667-0600] {logging_mixin.py:188} INFO - [2024-02-24T13:17:03.667-0600] {dagbag.py:538} INFO - Filling up the DagBag from /Users/vamseekrishna/Desktop/F1_Data_Warehouse/f1datawarehouse/lib/python3.9/site-packages/airflow/example_dags/example_external_task_marker_dag.py
[2024-02-24T13:17:03.673-0600] {processor.py:840} INFO - DAG(s) 'example_external_task_marker_child', 'example_external_task_marker_parent' retrieved from /Users/vamseekrishna/Desktop/F1_Data_Warehouse/f1datawarehouse/lib/python3.9/site-packages/airflow/example_dags/example_external_task_marker_dag.py
[2024-02-24T13:17:03.720-0600] {logging_mixin.py:188} INFO - [2024-02-24T13:17:03.720-0600] {dag.py:3036} INFO - Sync 2 DAGs
[2024-02-24T13:17:03.724-0600] {logging_mixin.py:188} INFO - [2024-02-24T13:17:03.724-0600] {dag.py:3823} INFO - Setting next_dagrun for example_external_task_marker_child to None, run_after=None
[2024-02-24T13:17:03.725-0600] {logging_mixin.py:188} INFO - [2024-02-24T13:17:03.725-0600] {dag.py:3823} INFO - Setting next_dagrun for example_external_task_marker_parent to None, run_after=None
[2024-02-24T13:17:03.733-0600] {processor.py:183} INFO - Processing /Users/vamseekrishna/Desktop/F1_Data_Warehouse/f1datawarehouse/lib/python3.9/site-packages/airflow/example_dags/example_external_task_marker_dag.py took 0.068 seconds
[2024-02-24T13:18:56.791-0600] {processor.py:161} INFO - Started process (PID=78633) to work on /Users/vamseekrishna/Desktop/F1_Data_Warehouse/f1datawarehouse/lib/python3.9/site-packages/airflow/example_dags/example_external_task_marker_dag.py
[2024-02-24T13:18:56.792-0600] {processor.py:830} INFO - Processing file /Users/vamseekrishna/Desktop/F1_Data_Warehouse/f1datawarehouse/lib/python3.9/site-packages/airflow/example_dags/example_external_task_marker_dag.py for tasks to queue
[2024-02-24T13:18:56.793-0600] {logging_mixin.py:188} INFO - [2024-02-24T13:18:56.793-0600] {dagbag.py:538} INFO - Filling up the DagBag from /Users/vamseekrishna/Desktop/F1_Data_Warehouse/f1datawarehouse/lib/python3.9/site-packages/airflow/example_dags/example_external_task_marker_dag.py
[2024-02-24T13:18:56.798-0600] {processor.py:840} INFO - DAG(s) 'example_external_task_marker_child', 'example_external_task_marker_parent' retrieved from /Users/vamseekrishna/Desktop/F1_Data_Warehouse/f1datawarehouse/lib/python3.9/site-packages/airflow/example_dags/example_external_task_marker_dag.py
[2024-02-24T13:18:56.843-0600] {logging_mixin.py:188} INFO - [2024-02-24T13:18:56.843-0600] {dag.py:3036} INFO - Sync 2 DAGs
[2024-02-24T13:18:56.847-0600] {logging_mixin.py:188} INFO - [2024-02-24T13:18:56.847-0600] {dag.py:3823} INFO - Setting next_dagrun for example_external_task_marker_child to None, run_after=None
[2024-02-24T13:18:56.848-0600] {logging_mixin.py:188} INFO - [2024-02-24T13:18:56.848-0600] {dag.py:3823} INFO - Setting next_dagrun for example_external_task_marker_parent to None, run_after=None
[2024-02-24T13:18:56.854-0600] {processor.py:183} INFO - Processing /Users/vamseekrishna/Desktop/F1_Data_Warehouse/f1datawarehouse/lib/python3.9/site-packages/airflow/example_dags/example_external_task_marker_dag.py took 0.064 seconds
[2024-02-24T13:20:44.482-0600] {processor.py:161} INFO - Started process (PID=78716) to work on /Users/vamseekrishna/Desktop/F1_Data_Warehouse/f1datawarehouse/lib/python3.9/site-packages/airflow/example_dags/example_external_task_marker_dag.py
[2024-02-24T13:20:44.483-0600] {processor.py:830} INFO - Processing file /Users/vamseekrishna/Desktop/F1_Data_Warehouse/f1datawarehouse/lib/python3.9/site-packages/airflow/example_dags/example_external_task_marker_dag.py for tasks to queue
[2024-02-24T13:20:44.484-0600] {logging_mixin.py:188} INFO - [2024-02-24T13:20:44.484-0600] {dagbag.py:538} INFO - Filling up the DagBag from /Users/vamseekrishna/Desktop/F1_Data_Warehouse/f1datawarehouse/lib/python3.9/site-packages/airflow/example_dags/example_external_task_marker_dag.py
[2024-02-24T13:20:44.489-0600] {processor.py:840} INFO - DAG(s) 'example_external_task_marker_parent', 'example_external_task_marker_child' retrieved from /Users/vamseekrishna/Desktop/F1_Data_Warehouse/f1datawarehouse/lib/python3.9/site-packages/airflow/example_dags/example_external_task_marker_dag.py
[2024-02-24T13:20:44.535-0600] {logging_mixin.py:188} INFO - [2024-02-24T13:20:44.535-0600] {dag.py:3036} INFO - Sync 2 DAGs
[2024-02-24T13:20:44.539-0600] {logging_mixin.py:188} INFO - [2024-02-24T13:20:44.539-0600] {dag.py:3823} INFO - Setting next_dagrun for example_external_task_marker_child to None, run_after=None
[2024-02-24T13:20:44.540-0600] {logging_mixin.py:188} INFO - [2024-02-24T13:20:44.540-0600] {dag.py:3823} INFO - Setting next_dagrun for example_external_task_marker_parent to None, run_after=None
[2024-02-24T13:20:44.547-0600] {processor.py:183} INFO - Processing /Users/vamseekrishna/Desktop/F1_Data_Warehouse/f1datawarehouse/lib/python3.9/site-packages/airflow/example_dags/example_external_task_marker_dag.py took 0.065 seconds
[2024-02-24T13:22:35.595-0600] {processor.py:161} INFO - Started process (PID=78824) to work on /Users/vamseekrishna/Desktop/F1_Data_Warehouse/f1datawarehouse/lib/python3.9/site-packages/airflow/example_dags/example_external_task_marker_dag.py
[2024-02-24T13:22:35.597-0600] {processor.py:830} INFO - Processing file /Users/vamseekrishna/Desktop/F1_Data_Warehouse/f1datawarehouse/lib/python3.9/site-packages/airflow/example_dags/example_external_task_marker_dag.py for tasks to queue
[2024-02-24T13:22:35.597-0600] {logging_mixin.py:188} INFO - [2024-02-24T13:22:35.597-0600] {dagbag.py:538} INFO - Filling up the DagBag from /Users/vamseekrishna/Desktop/F1_Data_Warehouse/f1datawarehouse/lib/python3.9/site-packages/airflow/example_dags/example_external_task_marker_dag.py
[2024-02-24T13:22:35.602-0600] {processor.py:840} INFO - DAG(s) 'example_external_task_marker_parent', 'example_external_task_marker_child' retrieved from /Users/vamseekrishna/Desktop/F1_Data_Warehouse/f1datawarehouse/lib/python3.9/site-packages/airflow/example_dags/example_external_task_marker_dag.py
[2024-02-24T13:22:35.648-0600] {logging_mixin.py:188} INFO - [2024-02-24T13:22:35.648-0600] {dag.py:3036} INFO - Sync 2 DAGs
[2024-02-24T13:22:35.652-0600] {logging_mixin.py:188} INFO - [2024-02-24T13:22:35.652-0600] {dag.py:3823} INFO - Setting next_dagrun for example_external_task_marker_child to None, run_after=None
[2024-02-24T13:22:35.653-0600] {logging_mixin.py:188} INFO - [2024-02-24T13:22:35.653-0600] {dag.py:3823} INFO - Setting next_dagrun for example_external_task_marker_parent to None, run_after=None
[2024-02-24T13:22:35.660-0600] {processor.py:183} INFO - Processing /Users/vamseekrishna/Desktop/F1_Data_Warehouse/f1datawarehouse/lib/python3.9/site-packages/airflow/example_dags/example_external_task_marker_dag.py took 0.066 seconds
[2024-02-24T13:24:31.536-0600] {processor.py:161} INFO - Started process (PID=78931) to work on /Users/vamseekrishna/Desktop/F1_Data_Warehouse/f1datawarehouse/lib/python3.9/site-packages/airflow/example_dags/example_external_task_marker_dag.py
[2024-02-24T13:24:31.538-0600] {processor.py:830} INFO - Processing file /Users/vamseekrishna/Desktop/F1_Data_Warehouse/f1datawarehouse/lib/python3.9/site-packages/airflow/example_dags/example_external_task_marker_dag.py for tasks to queue
[2024-02-24T13:24:31.539-0600] {logging_mixin.py:188} INFO - [2024-02-24T13:24:31.538-0600] {dagbag.py:538} INFO - Filling up the DagBag from /Users/vamseekrishna/Desktop/F1_Data_Warehouse/f1datawarehouse/lib/python3.9/site-packages/airflow/example_dags/example_external_task_marker_dag.py
[2024-02-24T13:24:31.544-0600] {processor.py:840} INFO - DAG(s) 'example_external_task_marker_child', 'example_external_task_marker_parent' retrieved from /Users/vamseekrishna/Desktop/F1_Data_Warehouse/f1datawarehouse/lib/python3.9/site-packages/airflow/example_dags/example_external_task_marker_dag.py
[2024-02-24T13:24:31.588-0600] {logging_mixin.py:188} INFO - [2024-02-24T13:24:31.588-0600] {dag.py:3036} INFO - Sync 2 DAGs
[2024-02-24T13:24:31.592-0600] {logging_mixin.py:188} INFO - [2024-02-24T13:24:31.592-0600] {dag.py:3823} INFO - Setting next_dagrun for example_external_task_marker_child to None, run_after=None
[2024-02-24T13:24:31.593-0600] {logging_mixin.py:188} INFO - [2024-02-24T13:24:31.593-0600] {dag.py:3823} INFO - Setting next_dagrun for example_external_task_marker_parent to None, run_after=None
[2024-02-24T13:24:31.600-0600] {processor.py:183} INFO - Processing /Users/vamseekrishna/Desktop/F1_Data_Warehouse/f1datawarehouse/lib/python3.9/site-packages/airflow/example_dags/example_external_task_marker_dag.py took 0.064 seconds
[2024-02-24T13:26:22.184-0600] {processor.py:161} INFO - Started process (PID=79032) to work on /Users/vamseekrishna/Desktop/F1_Data_Warehouse/f1datawarehouse/lib/python3.9/site-packages/airflow/example_dags/example_external_task_marker_dag.py
[2024-02-24T13:26:22.185-0600] {processor.py:830} INFO - Processing file /Users/vamseekrishna/Desktop/F1_Data_Warehouse/f1datawarehouse/lib/python3.9/site-packages/airflow/example_dags/example_external_task_marker_dag.py for tasks to queue
[2024-02-24T13:26:22.185-0600] {logging_mixin.py:188} INFO - [2024-02-24T13:26:22.185-0600] {dagbag.py:538} INFO - Filling up the DagBag from /Users/vamseekrishna/Desktop/F1_Data_Warehouse/f1datawarehouse/lib/python3.9/site-packages/airflow/example_dags/example_external_task_marker_dag.py
[2024-02-24T13:26:22.191-0600] {processor.py:840} INFO - DAG(s) 'example_external_task_marker_child', 'example_external_task_marker_parent' retrieved from /Users/vamseekrishna/Desktop/F1_Data_Warehouse/f1datawarehouse/lib/python3.9/site-packages/airflow/example_dags/example_external_task_marker_dag.py
[2024-02-24T13:26:22.236-0600] {logging_mixin.py:188} INFO - [2024-02-24T13:26:22.236-0600] {dag.py:3036} INFO - Sync 2 DAGs
[2024-02-24T13:26:22.240-0600] {logging_mixin.py:188} INFO - [2024-02-24T13:26:22.240-0600] {dag.py:3823} INFO - Setting next_dagrun for example_external_task_marker_child to None, run_after=None
[2024-02-24T13:26:22.241-0600] {logging_mixin.py:188} INFO - [2024-02-24T13:26:22.241-0600] {dag.py:3823} INFO - Setting next_dagrun for example_external_task_marker_parent to None, run_after=None
[2024-02-24T13:26:22.248-0600] {processor.py:183} INFO - Processing /Users/vamseekrishna/Desktop/F1_Data_Warehouse/f1datawarehouse/lib/python3.9/site-packages/airflow/example_dags/example_external_task_marker_dag.py took 0.065 seconds
[2024-02-24T13:28:07.800-0600] {processor.py:161} INFO - Started process (PID=79152) to work on /Users/vamseekrishna/Desktop/F1_Data_Warehouse/f1datawarehouse/lib/python3.9/site-packages/airflow/example_dags/example_external_task_marker_dag.py
[2024-02-24T13:28:07.802-0600] {processor.py:830} INFO - Processing file /Users/vamseekrishna/Desktop/F1_Data_Warehouse/f1datawarehouse/lib/python3.9/site-packages/airflow/example_dags/example_external_task_marker_dag.py for tasks to queue
[2024-02-24T13:28:07.802-0600] {logging_mixin.py:188} INFO - [2024-02-24T13:28:07.802-0600] {dagbag.py:538} INFO - Filling up the DagBag from /Users/vamseekrishna/Desktop/F1_Data_Warehouse/f1datawarehouse/lib/python3.9/site-packages/airflow/example_dags/example_external_task_marker_dag.py
[2024-02-24T13:28:07.807-0600] {processor.py:840} INFO - DAG(s) 'example_external_task_marker_child', 'example_external_task_marker_parent' retrieved from /Users/vamseekrishna/Desktop/F1_Data_Warehouse/f1datawarehouse/lib/python3.9/site-packages/airflow/example_dags/example_external_task_marker_dag.py
[2024-02-24T13:28:07.852-0600] {logging_mixin.py:188} INFO - [2024-02-24T13:28:07.851-0600] {dag.py:3036} INFO - Sync 2 DAGs
[2024-02-24T13:28:07.856-0600] {logging_mixin.py:188} INFO - [2024-02-24T13:28:07.855-0600] {dag.py:3823} INFO - Setting next_dagrun for example_external_task_marker_child to None, run_after=None
[2024-02-24T13:28:07.857-0600] {logging_mixin.py:188} INFO - [2024-02-24T13:28:07.857-0600] {dag.py:3823} INFO - Setting next_dagrun for example_external_task_marker_parent to None, run_after=None
[2024-02-24T13:28:07.863-0600] {processor.py:183} INFO - Processing /Users/vamseekrishna/Desktop/F1_Data_Warehouse/f1datawarehouse/lib/python3.9/site-packages/airflow/example_dags/example_external_task_marker_dag.py took 0.063 seconds
[2024-02-24T13:29:57.352-0600] {processor.py:161} INFO - Started process (PID=79352) to work on /Users/vamseekrishna/Desktop/F1_Data_Warehouse/f1datawarehouse/lib/python3.9/site-packages/airflow/example_dags/example_external_task_marker_dag.py
[2024-02-24T13:29:57.353-0600] {processor.py:830} INFO - Processing file /Users/vamseekrishna/Desktop/F1_Data_Warehouse/f1datawarehouse/lib/python3.9/site-packages/airflow/example_dags/example_external_task_marker_dag.py for tasks to queue
[2024-02-24T13:29:57.354-0600] {logging_mixin.py:188} INFO - [2024-02-24T13:29:57.353-0600] {dagbag.py:538} INFO - Filling up the DagBag from /Users/vamseekrishna/Desktop/F1_Data_Warehouse/f1datawarehouse/lib/python3.9/site-packages/airflow/example_dags/example_external_task_marker_dag.py
[2024-02-24T13:29:57.359-0600] {processor.py:840} INFO - DAG(s) 'example_external_task_marker_child', 'example_external_task_marker_parent' retrieved from /Users/vamseekrishna/Desktop/F1_Data_Warehouse/f1datawarehouse/lib/python3.9/site-packages/airflow/example_dags/example_external_task_marker_dag.py
[2024-02-24T13:29:57.410-0600] {logging_mixin.py:188} INFO - [2024-02-24T13:29:57.410-0600] {dag.py:3036} INFO - Sync 2 DAGs
[2024-02-24T13:29:57.415-0600] {logging_mixin.py:188} INFO - [2024-02-24T13:29:57.414-0600] {dag.py:3823} INFO - Setting next_dagrun for example_external_task_marker_child to None, run_after=None
[2024-02-24T13:29:57.416-0600] {logging_mixin.py:188} INFO - [2024-02-24T13:29:57.416-0600] {dag.py:3823} INFO - Setting next_dagrun for example_external_task_marker_parent to None, run_after=None
[2024-02-24T13:29:57.423-0600] {processor.py:183} INFO - Processing /Users/vamseekrishna/Desktop/F1_Data_Warehouse/f1datawarehouse/lib/python3.9/site-packages/airflow/example_dags/example_external_task_marker_dag.py took 0.072 seconds
