[2024-02-24T11:47:50.839-0600] {processor.py:161} INFO - Started process (PID=74969) to work on /Users/vamseekrishna/Desktop/F1_Data_Warehouse/f1datawarehouse/lib/python3.9/site-packages/airflow/example_dags/example_skip_dag.py
[2024-02-24T11:47:50.841-0600] {processor.py:830} INFO - Processing file /Users/vamseekrishna/Desktop/F1_Data_Warehouse/f1datawarehouse/lib/python3.9/site-packages/airflow/example_dags/example_skip_dag.py for tasks to queue
[2024-02-24T11:47:50.841-0600] {logging_mixin.py:188} INFO - [2024-02-24T11:47:50.841-0600] {dagbag.py:538} INFO - Filling up the DagBag from /Users/vamseekrishna/Desktop/F1_Data_Warehouse/f1datawarehouse/lib/python3.9/site-packages/airflow/example_dags/example_skip_dag.py
[2024-02-24T11:47:50.845-0600] {processor.py:840} INFO - DAG(s) 'example_skip_dag' retrieved from /Users/vamseekrishna/Desktop/F1_Data_Warehouse/f1datawarehouse/lib/python3.9/site-packages/airflow/example_dags/example_skip_dag.py
[2024-02-24T11:47:50.929-0600] {logging_mixin.py:188} INFO - [2024-02-24T11:47:50.929-0600] {override.py:1769} INFO - Created Permission View: can edit on DAG:example_skip_dag
[2024-02-24T11:47:50.934-0600] {logging_mixin.py:188} INFO - [2024-02-24T11:47:50.933-0600] {override.py:1769} INFO - Created Permission View: can read on DAG:example_skip_dag
[2024-02-24T11:47:50.937-0600] {logging_mixin.py:188} INFO - [2024-02-24T11:47:50.936-0600] {override.py:1769} INFO - Created Permission View: can delete on DAG:example_skip_dag
[2024-02-24T11:47:50.937-0600] {logging_mixin.py:188} INFO - [2024-02-24T11:47:50.937-0600] {dag.py:3036} INFO - Sync 1 DAGs
[2024-02-24T11:47:50.941-0600] {logging_mixin.py:188} INFO - [2024-02-24T11:47:50.941-0600] {dag.py:3058} INFO - Creating ORM DAG for example_skip_dag
[2024-02-24T11:47:50.946-0600] {logging_mixin.py:188} INFO - [2024-02-24T11:47:50.946-0600] {dag.py:3823} INFO - Setting next_dagrun for example_skip_dag to 2024-02-23 00:00:00+00:00, run_after=2024-02-24 00:00:00+00:00
[2024-02-24T11:47:50.953-0600] {processor.py:183} INFO - Processing /Users/vamseekrishna/Desktop/F1_Data_Warehouse/f1datawarehouse/lib/python3.9/site-packages/airflow/example_dags/example_skip_dag.py took 0.115 seconds
[2024-02-24T11:49:19.179-0600] {processor.py:161} INFO - Started process (PID=75122) to work on /Users/vamseekrishna/Desktop/F1_Data_Warehouse/f1datawarehouse/lib/python3.9/site-packages/airflow/example_dags/example_skip_dag.py
[2024-02-24T11:49:19.180-0600] {processor.py:830} INFO - Processing file /Users/vamseekrishna/Desktop/F1_Data_Warehouse/f1datawarehouse/lib/python3.9/site-packages/airflow/example_dags/example_skip_dag.py for tasks to queue
[2024-02-24T11:49:19.181-0600] {logging_mixin.py:188} INFO - [2024-02-24T11:49:19.181-0600] {dagbag.py:538} INFO - Filling up the DagBag from /Users/vamseekrishna/Desktop/F1_Data_Warehouse/f1datawarehouse/lib/python3.9/site-packages/airflow/example_dags/example_skip_dag.py
[2024-02-24T11:49:19.184-0600] {processor.py:840} INFO - DAG(s) 'example_skip_dag' retrieved from /Users/vamseekrishna/Desktop/F1_Data_Warehouse/f1datawarehouse/lib/python3.9/site-packages/airflow/example_dags/example_skip_dag.py
[2024-02-24T11:49:19.234-0600] {logging_mixin.py:188} INFO - [2024-02-24T11:49:19.234-0600] {dag.py:3036} INFO - Sync 1 DAGs
[2024-02-24T11:49:19.242-0600] {logging_mixin.py:188} INFO - [2024-02-24T11:49:19.242-0600] {dag.py:3823} INFO - Setting next_dagrun for example_skip_dag to 2024-02-23 00:00:00+00:00, run_after=2024-02-24 00:00:00+00:00
[2024-02-24T11:49:19.250-0600] {processor.py:183} INFO - Processing /Users/vamseekrishna/Desktop/F1_Data_Warehouse/f1datawarehouse/lib/python3.9/site-packages/airflow/example_dags/example_skip_dag.py took 0.072 seconds
[2024-02-24T11:51:27.739-0600] {processor.py:161} INFO - Started process (PID=75325) to work on /Users/vamseekrishna/Desktop/F1_Data_Warehouse/f1datawarehouse/lib/python3.9/site-packages/airflow/example_dags/example_skip_dag.py
[2024-02-24T11:51:27.741-0600] {processor.py:830} INFO - Processing file /Users/vamseekrishna/Desktop/F1_Data_Warehouse/f1datawarehouse/lib/python3.9/site-packages/airflow/example_dags/example_skip_dag.py for tasks to queue
[2024-02-24T11:51:27.742-0600] {logging_mixin.py:188} INFO - [2024-02-24T11:51:27.742-0600] {dagbag.py:538} INFO - Filling up the DagBag from /Users/vamseekrishna/Desktop/F1_Data_Warehouse/f1datawarehouse/lib/python3.9/site-packages/airflow/example_dags/example_skip_dag.py
[2024-02-24T11:51:27.758-0600] {processor.py:840} INFO - DAG(s) 'example_skip_dag' retrieved from /Users/vamseekrishna/Desktop/F1_Data_Warehouse/f1datawarehouse/lib/python3.9/site-packages/airflow/example_dags/example_skip_dag.py
[2024-02-24T11:51:27.821-0600] {logging_mixin.py:188} INFO - [2024-02-24T11:51:27.821-0600] {dag.py:3036} INFO - Sync 1 DAGs
[2024-02-24T11:51:27.832-0600] {logging_mixin.py:188} INFO - [2024-02-24T11:51:27.832-0600] {dag.py:3823} INFO - Setting next_dagrun for example_skip_dag to 2024-02-23 00:00:00+00:00, run_after=2024-02-24 00:00:00+00:00
[2024-02-24T11:51:27.841-0600] {processor.py:183} INFO - Processing /Users/vamseekrishna/Desktop/F1_Data_Warehouse/f1datawarehouse/lib/python3.9/site-packages/airflow/example_dags/example_skip_dag.py took 0.104 seconds
[2024-02-24T11:52:39.997-0600] {processor.py:161} INFO - Started process (PID=75440) to work on /Users/vamseekrishna/Desktop/F1_Data_Warehouse/f1datawarehouse/lib/python3.9/site-packages/airflow/example_dags/example_skip_dag.py
[2024-02-24T11:52:39.999-0600] {processor.py:830} INFO - Processing file /Users/vamseekrishna/Desktop/F1_Data_Warehouse/f1datawarehouse/lib/python3.9/site-packages/airflow/example_dags/example_skip_dag.py for tasks to queue
[2024-02-24T11:52:39.999-0600] {logging_mixin.py:188} INFO - [2024-02-24T11:52:39.999-0600] {dagbag.py:538} INFO - Filling up the DagBag from /Users/vamseekrishna/Desktop/F1_Data_Warehouse/f1datawarehouse/lib/python3.9/site-packages/airflow/example_dags/example_skip_dag.py
[2024-02-24T11:52:40.003-0600] {processor.py:840} INFO - DAG(s) 'example_skip_dag' retrieved from /Users/vamseekrishna/Desktop/F1_Data_Warehouse/f1datawarehouse/lib/python3.9/site-packages/airflow/example_dags/example_skip_dag.py
[2024-02-24T11:52:40.061-0600] {logging_mixin.py:188} INFO - [2024-02-24T11:52:40.061-0600] {dag.py:3036} INFO - Sync 1 DAGs
[2024-02-24T11:52:40.070-0600] {logging_mixin.py:188} INFO - [2024-02-24T11:52:40.070-0600] {dag.py:3823} INFO - Setting next_dagrun for example_skip_dag to 2024-02-23 00:00:00+00:00, run_after=2024-02-24 00:00:00+00:00
[2024-02-24T11:52:40.081-0600] {processor.py:183} INFO - Processing /Users/vamseekrishna/Desktop/F1_Data_Warehouse/f1datawarehouse/lib/python3.9/site-packages/airflow/example_dags/example_skip_dag.py took 0.085 seconds
[2024-02-24T11:53:49.417-0600] {processor.py:161} INFO - Started process (PID=75502) to work on /Users/vamseekrishna/Desktop/F1_Data_Warehouse/f1datawarehouse/lib/python3.9/site-packages/airflow/example_dags/example_skip_dag.py
[2024-02-24T11:53:49.419-0600] {processor.py:830} INFO - Processing file /Users/vamseekrishna/Desktop/F1_Data_Warehouse/f1datawarehouse/lib/python3.9/site-packages/airflow/example_dags/example_skip_dag.py for tasks to queue
[2024-02-24T11:53:49.419-0600] {logging_mixin.py:188} INFO - [2024-02-24T11:53:49.419-0600] {dagbag.py:538} INFO - Filling up the DagBag from /Users/vamseekrishna/Desktop/F1_Data_Warehouse/f1datawarehouse/lib/python3.9/site-packages/airflow/example_dags/example_skip_dag.py
[2024-02-24T11:53:49.423-0600] {processor.py:840} INFO - DAG(s) 'example_skip_dag' retrieved from /Users/vamseekrishna/Desktop/F1_Data_Warehouse/f1datawarehouse/lib/python3.9/site-packages/airflow/example_dags/example_skip_dag.py
[2024-02-24T11:53:49.472-0600] {logging_mixin.py:188} INFO - [2024-02-24T11:53:49.472-0600] {dag.py:3036} INFO - Sync 1 DAGs
[2024-02-24T11:53:49.481-0600] {logging_mixin.py:188} INFO - [2024-02-24T11:53:49.481-0600] {dag.py:3823} INFO - Setting next_dagrun for example_skip_dag to 2024-02-23 00:00:00+00:00, run_after=2024-02-24 00:00:00+00:00
[2024-02-24T11:53:49.489-0600] {processor.py:183} INFO - Processing /Users/vamseekrishna/Desktop/F1_Data_Warehouse/f1datawarehouse/lib/python3.9/site-packages/airflow/example_dags/example_skip_dag.py took 0.073 seconds
[2024-02-24T11:55:40.594-0600] {processor.py:161} INFO - Started process (PID=75586) to work on /Users/vamseekrishna/Desktop/F1_Data_Warehouse/f1datawarehouse/lib/python3.9/site-packages/airflow/example_dags/example_skip_dag.py
[2024-02-24T11:55:40.596-0600] {processor.py:830} INFO - Processing file /Users/vamseekrishna/Desktop/F1_Data_Warehouse/f1datawarehouse/lib/python3.9/site-packages/airflow/example_dags/example_skip_dag.py for tasks to queue
[2024-02-24T11:55:40.597-0600] {logging_mixin.py:188} INFO - [2024-02-24T11:55:40.597-0600] {dagbag.py:538} INFO - Filling up the DagBag from /Users/vamseekrishna/Desktop/F1_Data_Warehouse/f1datawarehouse/lib/python3.9/site-packages/airflow/example_dags/example_skip_dag.py
[2024-02-24T11:55:40.600-0600] {processor.py:840} INFO - DAG(s) 'example_skip_dag' retrieved from /Users/vamseekrishna/Desktop/F1_Data_Warehouse/f1datawarehouse/lib/python3.9/site-packages/airflow/example_dags/example_skip_dag.py
[2024-02-24T11:55:40.648-0600] {logging_mixin.py:188} INFO - [2024-02-24T11:55:40.648-0600] {dag.py:3036} INFO - Sync 1 DAGs
[2024-02-24T11:55:40.659-0600] {logging_mixin.py:188} INFO - [2024-02-24T11:55:40.658-0600] {dag.py:3823} INFO - Setting next_dagrun for example_skip_dag to 2024-02-23 00:00:00+00:00, run_after=2024-02-24 00:00:00+00:00
[2024-02-24T11:55:40.667-0600] {processor.py:183} INFO - Processing /Users/vamseekrishna/Desktop/F1_Data_Warehouse/f1datawarehouse/lib/python3.9/site-packages/airflow/example_dags/example_skip_dag.py took 0.073 seconds
[2024-02-24T11:57:37.461-0600] {processor.py:161} INFO - Started process (PID=75689) to work on /Users/vamseekrishna/Desktop/F1_Data_Warehouse/f1datawarehouse/lib/python3.9/site-packages/airflow/example_dags/example_skip_dag.py
[2024-02-24T11:57:37.463-0600] {processor.py:830} INFO - Processing file /Users/vamseekrishna/Desktop/F1_Data_Warehouse/f1datawarehouse/lib/python3.9/site-packages/airflow/example_dags/example_skip_dag.py for tasks to queue
[2024-02-24T11:57:37.464-0600] {logging_mixin.py:188} INFO - [2024-02-24T11:57:37.464-0600] {dagbag.py:538} INFO - Filling up the DagBag from /Users/vamseekrishna/Desktop/F1_Data_Warehouse/f1datawarehouse/lib/python3.9/site-packages/airflow/example_dags/example_skip_dag.py
[2024-02-24T11:57:37.467-0600] {processor.py:840} INFO - DAG(s) 'example_skip_dag' retrieved from /Users/vamseekrishna/Desktop/F1_Data_Warehouse/f1datawarehouse/lib/python3.9/site-packages/airflow/example_dags/example_skip_dag.py
[2024-02-24T11:57:37.516-0600] {logging_mixin.py:188} INFO - [2024-02-24T11:57:37.516-0600] {dag.py:3036} INFO - Sync 1 DAGs
[2024-02-24T11:57:37.524-0600] {logging_mixin.py:188} INFO - [2024-02-24T11:57:37.524-0600] {dag.py:3823} INFO - Setting next_dagrun for example_skip_dag to 2024-02-23 00:00:00+00:00, run_after=2024-02-24 00:00:00+00:00
[2024-02-24T11:57:37.531-0600] {processor.py:183} INFO - Processing /Users/vamseekrishna/Desktop/F1_Data_Warehouse/f1datawarehouse/lib/python3.9/site-packages/airflow/example_dags/example_skip_dag.py took 0.071 seconds
[2024-02-24T11:59:48.162-0600] {processor.py:161} INFO - Started process (PID=75892) to work on /Users/vamseekrishna/Desktop/F1_Data_Warehouse/f1datawarehouse/lib/python3.9/site-packages/airflow/example_dags/example_skip_dag.py
[2024-02-24T11:59:48.164-0600] {processor.py:830} INFO - Processing file /Users/vamseekrishna/Desktop/F1_Data_Warehouse/f1datawarehouse/lib/python3.9/site-packages/airflow/example_dags/example_skip_dag.py for tasks to queue
[2024-02-24T11:59:48.164-0600] {logging_mixin.py:188} INFO - [2024-02-24T11:59:48.164-0600] {dagbag.py:538} INFO - Filling up the DagBag from /Users/vamseekrishna/Desktop/F1_Data_Warehouse/f1datawarehouse/lib/python3.9/site-packages/airflow/example_dags/example_skip_dag.py
[2024-02-24T11:59:48.168-0600] {processor.py:840} INFO - DAG(s) 'example_skip_dag' retrieved from /Users/vamseekrishna/Desktop/F1_Data_Warehouse/f1datawarehouse/lib/python3.9/site-packages/airflow/example_dags/example_skip_dag.py
[2024-02-24T11:59:48.219-0600] {logging_mixin.py:188} INFO - [2024-02-24T11:59:48.218-0600] {dag.py:3036} INFO - Sync 1 DAGs
[2024-02-24T11:59:48.230-0600] {logging_mixin.py:188} INFO - [2024-02-24T11:59:48.230-0600] {dag.py:3823} INFO - Setting next_dagrun for example_skip_dag to 2024-02-23 00:00:00+00:00, run_after=2024-02-24 00:00:00+00:00
[2024-02-24T11:59:48.239-0600] {processor.py:183} INFO - Processing /Users/vamseekrishna/Desktop/F1_Data_Warehouse/f1datawarehouse/lib/python3.9/site-packages/airflow/example_dags/example_skip_dag.py took 0.077 seconds
[2024-02-24T12:00:55.237-0600] {processor.py:161} INFO - Started process (PID=75958) to work on /Users/vamseekrishna/Desktop/F1_Data_Warehouse/f1datawarehouse/lib/python3.9/site-packages/airflow/example_dags/example_skip_dag.py
[2024-02-24T12:00:55.238-0600] {processor.py:830} INFO - Processing file /Users/vamseekrishna/Desktop/F1_Data_Warehouse/f1datawarehouse/lib/python3.9/site-packages/airflow/example_dags/example_skip_dag.py for tasks to queue
[2024-02-24T12:00:55.239-0600] {logging_mixin.py:188} INFO - [2024-02-24T12:00:55.239-0600] {dagbag.py:538} INFO - Filling up the DagBag from /Users/vamseekrishna/Desktop/F1_Data_Warehouse/f1datawarehouse/lib/python3.9/site-packages/airflow/example_dags/example_skip_dag.py
[2024-02-24T12:00:55.243-0600] {processor.py:840} INFO - DAG(s) 'example_skip_dag' retrieved from /Users/vamseekrishna/Desktop/F1_Data_Warehouse/f1datawarehouse/lib/python3.9/site-packages/airflow/example_dags/example_skip_dag.py
[2024-02-24T12:00:55.294-0600] {logging_mixin.py:188} INFO - [2024-02-24T12:00:55.294-0600] {dag.py:3036} INFO - Sync 1 DAGs
[2024-02-24T12:00:55.305-0600] {logging_mixin.py:188} INFO - [2024-02-24T12:00:55.305-0600] {dag.py:3823} INFO - Setting next_dagrun for example_skip_dag to 2024-02-23 00:00:00+00:00, run_after=2024-02-24 00:00:00+00:00
[2024-02-24T12:00:55.314-0600] {processor.py:183} INFO - Processing /Users/vamseekrishna/Desktop/F1_Data_Warehouse/f1datawarehouse/lib/python3.9/site-packages/airflow/example_dags/example_skip_dag.py took 0.078 seconds
[2024-02-24T12:02:53.362-0600] {processor.py:161} INFO - Started process (PID=76089) to work on /Users/vamseekrishna/Desktop/F1_Data_Warehouse/f1datawarehouse/lib/python3.9/site-packages/airflow/example_dags/example_skip_dag.py
[2024-02-24T12:02:53.364-0600] {processor.py:830} INFO - Processing file /Users/vamseekrishna/Desktop/F1_Data_Warehouse/f1datawarehouse/lib/python3.9/site-packages/airflow/example_dags/example_skip_dag.py for tasks to queue
[2024-02-24T12:02:53.364-0600] {logging_mixin.py:188} INFO - [2024-02-24T12:02:53.364-0600] {dagbag.py:538} INFO - Filling up the DagBag from /Users/vamseekrishna/Desktop/F1_Data_Warehouse/f1datawarehouse/lib/python3.9/site-packages/airflow/example_dags/example_skip_dag.py
[2024-02-24T12:02:53.367-0600] {processor.py:840} INFO - DAG(s) 'example_skip_dag' retrieved from /Users/vamseekrishna/Desktop/F1_Data_Warehouse/f1datawarehouse/lib/python3.9/site-packages/airflow/example_dags/example_skip_dag.py
[2024-02-24T12:02:53.415-0600] {logging_mixin.py:188} INFO - [2024-02-24T12:02:53.415-0600] {dag.py:3036} INFO - Sync 1 DAGs
[2024-02-24T12:02:53.424-0600] {logging_mixin.py:188} INFO - [2024-02-24T12:02:53.424-0600] {dag.py:3823} INFO - Setting next_dagrun for example_skip_dag to 2024-02-23 00:00:00+00:00, run_after=2024-02-24 00:00:00+00:00
[2024-02-24T12:02:53.431-0600] {processor.py:183} INFO - Processing /Users/vamseekrishna/Desktop/F1_Data_Warehouse/f1datawarehouse/lib/python3.9/site-packages/airflow/example_dags/example_skip_dag.py took 0.069 seconds
[2024-02-24T12:19:59.264-0600] {processor.py:161} INFO - Started process (PID=76250) to work on /Users/vamseekrishna/Desktop/F1_Data_Warehouse/f1datawarehouse/lib/python3.9/site-packages/airflow/example_dags/example_skip_dag.py
[2024-02-24T12:19:59.266-0600] {processor.py:830} INFO - Processing file /Users/vamseekrishna/Desktop/F1_Data_Warehouse/f1datawarehouse/lib/python3.9/site-packages/airflow/example_dags/example_skip_dag.py for tasks to queue
[2024-02-24T12:19:59.266-0600] {logging_mixin.py:188} INFO - [2024-02-24T12:19:59.266-0600] {dagbag.py:538} INFO - Filling up the DagBag from /Users/vamseekrishna/Desktop/F1_Data_Warehouse/f1datawarehouse/lib/python3.9/site-packages/airflow/example_dags/example_skip_dag.py
[2024-02-24T12:19:59.276-0600] {processor.py:840} INFO - DAG(s) 'example_skip_dag' retrieved from /Users/vamseekrishna/Desktop/F1_Data_Warehouse/f1datawarehouse/lib/python3.9/site-packages/airflow/example_dags/example_skip_dag.py
[2024-02-24T12:19:59.327-0600] {logging_mixin.py:188} INFO - [2024-02-24T12:19:59.327-0600] {dag.py:3036} INFO - Sync 1 DAGs
[2024-02-24T12:19:59.342-0600] {logging_mixin.py:188} INFO - [2024-02-24T12:19:59.342-0600] {dag.py:3823} INFO - Setting next_dagrun for example_skip_dag to 2024-02-23 00:00:00+00:00, run_after=2024-02-24 00:00:00+00:00
[2024-02-24T12:19:59.350-0600] {processor.py:183} INFO - Processing /Users/vamseekrishna/Desktop/F1_Data_Warehouse/f1datawarehouse/lib/python3.9/site-packages/airflow/example_dags/example_skip_dag.py took 0.087 seconds
[2024-02-24T12:38:17.416-0600] {processor.py:161} INFO - Started process (PID=76392) to work on /Users/vamseekrishna/Desktop/F1_Data_Warehouse/f1datawarehouse/lib/python3.9/site-packages/airflow/example_dags/example_skip_dag.py
[2024-02-24T12:38:17.418-0600] {processor.py:830} INFO - Processing file /Users/vamseekrishna/Desktop/F1_Data_Warehouse/f1datawarehouse/lib/python3.9/site-packages/airflow/example_dags/example_skip_dag.py for tasks to queue
[2024-02-24T12:38:17.418-0600] {logging_mixin.py:188} INFO - [2024-02-24T12:38:17.418-0600] {dagbag.py:538} INFO - Filling up the DagBag from /Users/vamseekrishna/Desktop/F1_Data_Warehouse/f1datawarehouse/lib/python3.9/site-packages/airflow/example_dags/example_skip_dag.py
[2024-02-24T12:38:17.422-0600] {processor.py:840} INFO - DAG(s) 'example_skip_dag' retrieved from /Users/vamseekrishna/Desktop/F1_Data_Warehouse/f1datawarehouse/lib/python3.9/site-packages/airflow/example_dags/example_skip_dag.py
[2024-02-24T12:38:17.468-0600] {logging_mixin.py:188} INFO - [2024-02-24T12:38:17.468-0600] {dag.py:3036} INFO - Sync 1 DAGs
[2024-02-24T12:38:17.477-0600] {logging_mixin.py:188} INFO - [2024-02-24T12:38:17.477-0600] {dag.py:3823} INFO - Setting next_dagrun for example_skip_dag to 2024-02-23 00:00:00+00:00, run_after=2024-02-24 00:00:00+00:00
[2024-02-24T12:38:17.486-0600] {processor.py:183} INFO - Processing /Users/vamseekrishna/Desktop/F1_Data_Warehouse/f1datawarehouse/lib/python3.9/site-packages/airflow/example_dags/example_skip_dag.py took 0.071 seconds
[2024-02-24T12:39:25.468-0600] {processor.py:161} INFO - Started process (PID=76471) to work on /Users/vamseekrishna/Desktop/F1_Data_Warehouse/f1datawarehouse/lib/python3.9/site-packages/airflow/example_dags/example_skip_dag.py
[2024-02-24T12:39:25.471-0600] {processor.py:830} INFO - Processing file /Users/vamseekrishna/Desktop/F1_Data_Warehouse/f1datawarehouse/lib/python3.9/site-packages/airflow/example_dags/example_skip_dag.py for tasks to queue
[2024-02-24T12:39:25.471-0600] {logging_mixin.py:188} INFO - [2024-02-24T12:39:25.471-0600] {dagbag.py:538} INFO - Filling up the DagBag from /Users/vamseekrishna/Desktop/F1_Data_Warehouse/f1datawarehouse/lib/python3.9/site-packages/airflow/example_dags/example_skip_dag.py
[2024-02-24T12:39:25.475-0600] {processor.py:840} INFO - DAG(s) 'example_skip_dag' retrieved from /Users/vamseekrishna/Desktop/F1_Data_Warehouse/f1datawarehouse/lib/python3.9/site-packages/airflow/example_dags/example_skip_dag.py
[2024-02-24T12:39:25.530-0600] {logging_mixin.py:188} INFO - [2024-02-24T12:39:25.530-0600] {dag.py:3036} INFO - Sync 1 DAGs
[2024-02-24T12:39:25.540-0600] {logging_mixin.py:188} INFO - [2024-02-24T12:39:25.540-0600] {dag.py:3823} INFO - Setting next_dagrun for example_skip_dag to 2024-02-23 00:00:00+00:00, run_after=2024-02-24 00:00:00+00:00
[2024-02-24T12:39:25.550-0600] {processor.py:183} INFO - Processing /Users/vamseekrishna/Desktop/F1_Data_Warehouse/f1datawarehouse/lib/python3.9/site-packages/airflow/example_dags/example_skip_dag.py took 0.082 seconds
[2024-02-24T12:41:23.375-0600] {processor.py:161} INFO - Started process (PID=76572) to work on /Users/vamseekrishna/Desktop/F1_Data_Warehouse/f1datawarehouse/lib/python3.9/site-packages/airflow/example_dags/example_skip_dag.py
[2024-02-24T12:41:23.377-0600] {processor.py:830} INFO - Processing file /Users/vamseekrishna/Desktop/F1_Data_Warehouse/f1datawarehouse/lib/python3.9/site-packages/airflow/example_dags/example_skip_dag.py for tasks to queue
[2024-02-24T12:41:23.377-0600] {logging_mixin.py:188} INFO - [2024-02-24T12:41:23.377-0600] {dagbag.py:538} INFO - Filling up the DagBag from /Users/vamseekrishna/Desktop/F1_Data_Warehouse/f1datawarehouse/lib/python3.9/site-packages/airflow/example_dags/example_skip_dag.py
[2024-02-24T12:41:23.381-0600] {processor.py:840} INFO - DAG(s) 'example_skip_dag' retrieved from /Users/vamseekrishna/Desktop/F1_Data_Warehouse/f1datawarehouse/lib/python3.9/site-packages/airflow/example_dags/example_skip_dag.py
[2024-02-24T12:41:23.431-0600] {logging_mixin.py:188} INFO - [2024-02-24T12:41:23.431-0600] {dag.py:3036} INFO - Sync 1 DAGs
[2024-02-24T12:41:23.441-0600] {logging_mixin.py:188} INFO - [2024-02-24T12:41:23.441-0600] {dag.py:3823} INFO - Setting next_dagrun for example_skip_dag to 2024-02-23 00:00:00+00:00, run_after=2024-02-24 00:00:00+00:00
[2024-02-24T12:41:23.449-0600] {processor.py:183} INFO - Processing /Users/vamseekrishna/Desktop/F1_Data_Warehouse/f1datawarehouse/lib/python3.9/site-packages/airflow/example_dags/example_skip_dag.py took 0.076 seconds
[2024-02-24T12:43:28.614-0600] {processor.py:161} INFO - Started process (PID=76689) to work on /Users/vamseekrishna/Desktop/F1_Data_Warehouse/f1datawarehouse/lib/python3.9/site-packages/airflow/example_dags/example_skip_dag.py
[2024-02-24T12:43:28.616-0600] {processor.py:830} INFO - Processing file /Users/vamseekrishna/Desktop/F1_Data_Warehouse/f1datawarehouse/lib/python3.9/site-packages/airflow/example_dags/example_skip_dag.py for tasks to queue
[2024-02-24T12:43:28.616-0600] {logging_mixin.py:188} INFO - [2024-02-24T12:43:28.616-0600] {dagbag.py:538} INFO - Filling up the DagBag from /Users/vamseekrishna/Desktop/F1_Data_Warehouse/f1datawarehouse/lib/python3.9/site-packages/airflow/example_dags/example_skip_dag.py
[2024-02-24T12:43:28.625-0600] {processor.py:840} INFO - DAG(s) 'example_skip_dag' retrieved from /Users/vamseekrishna/Desktop/F1_Data_Warehouse/f1datawarehouse/lib/python3.9/site-packages/airflow/example_dags/example_skip_dag.py
[2024-02-24T12:43:28.678-0600] {logging_mixin.py:188} INFO - [2024-02-24T12:43:28.677-0600] {dag.py:3036} INFO - Sync 1 DAGs
[2024-02-24T12:43:28.687-0600] {logging_mixin.py:188} INFO - [2024-02-24T12:43:28.687-0600] {dag.py:3823} INFO - Setting next_dagrun for example_skip_dag to 2024-02-23 00:00:00+00:00, run_after=2024-02-24 00:00:00+00:00
[2024-02-24T12:43:28.700-0600] {processor.py:183} INFO - Processing /Users/vamseekrishna/Desktop/F1_Data_Warehouse/f1datawarehouse/lib/python3.9/site-packages/airflow/example_dags/example_skip_dag.py took 0.087 seconds
[2024-02-24T12:45:42.957-0600] {processor.py:161} INFO - Started process (PID=76953) to work on /Users/vamseekrishna/Desktop/F1_Data_Warehouse/f1datawarehouse/lib/python3.9/site-packages/airflow/example_dags/example_skip_dag.py
[2024-02-24T12:45:42.958-0600] {processor.py:830} INFO - Processing file /Users/vamseekrishna/Desktop/F1_Data_Warehouse/f1datawarehouse/lib/python3.9/site-packages/airflow/example_dags/example_skip_dag.py for tasks to queue
[2024-02-24T12:45:42.959-0600] {logging_mixin.py:188} INFO - [2024-02-24T12:45:42.959-0600] {dagbag.py:538} INFO - Filling up the DagBag from /Users/vamseekrishna/Desktop/F1_Data_Warehouse/f1datawarehouse/lib/python3.9/site-packages/airflow/example_dags/example_skip_dag.py
[2024-02-24T12:45:42.962-0600] {processor.py:840} INFO - DAG(s) 'example_skip_dag' retrieved from /Users/vamseekrishna/Desktop/F1_Data_Warehouse/f1datawarehouse/lib/python3.9/site-packages/airflow/example_dags/example_skip_dag.py
[2024-02-24T12:45:43.014-0600] {logging_mixin.py:188} INFO - [2024-02-24T12:45:43.014-0600] {dag.py:3036} INFO - Sync 1 DAGs
[2024-02-24T12:45:43.024-0600] {logging_mixin.py:188} INFO - [2024-02-24T12:45:43.024-0600] {dag.py:3823} INFO - Setting next_dagrun for example_skip_dag to 2024-02-23 00:00:00+00:00, run_after=2024-02-24 00:00:00+00:00
[2024-02-24T12:45:43.032-0600] {processor.py:183} INFO - Processing /Users/vamseekrishna/Desktop/F1_Data_Warehouse/f1datawarehouse/lib/python3.9/site-packages/airflow/example_dags/example_skip_dag.py took 0.076 seconds
[2024-02-24T12:46:52.348-0600] {processor.py:161} INFO - Started process (PID=77010) to work on /Users/vamseekrishna/Desktop/F1_Data_Warehouse/f1datawarehouse/lib/python3.9/site-packages/airflow/example_dags/example_skip_dag.py
[2024-02-24T12:46:52.349-0600] {processor.py:830} INFO - Processing file /Users/vamseekrishna/Desktop/F1_Data_Warehouse/f1datawarehouse/lib/python3.9/site-packages/airflow/example_dags/example_skip_dag.py for tasks to queue
[2024-02-24T12:46:52.350-0600] {logging_mixin.py:188} INFO - [2024-02-24T12:46:52.350-0600] {dagbag.py:538} INFO - Filling up the DagBag from /Users/vamseekrishna/Desktop/F1_Data_Warehouse/f1datawarehouse/lib/python3.9/site-packages/airflow/example_dags/example_skip_dag.py
[2024-02-24T12:46:52.354-0600] {processor.py:840} INFO - DAG(s) 'example_skip_dag' retrieved from /Users/vamseekrishna/Desktop/F1_Data_Warehouse/f1datawarehouse/lib/python3.9/site-packages/airflow/example_dags/example_skip_dag.py
[2024-02-24T12:46:52.403-0600] {logging_mixin.py:188} INFO - [2024-02-24T12:46:52.403-0600] {dag.py:3036} INFO - Sync 1 DAGs
[2024-02-24T12:46:52.412-0600] {logging_mixin.py:188} INFO - [2024-02-24T12:46:52.412-0600] {dag.py:3823} INFO - Setting next_dagrun for example_skip_dag to 2024-02-23 00:00:00+00:00, run_after=2024-02-24 00:00:00+00:00
[2024-02-24T12:46:52.419-0600] {processor.py:183} INFO - Processing /Users/vamseekrishna/Desktop/F1_Data_Warehouse/f1datawarehouse/lib/python3.9/site-packages/airflow/example_dags/example_skip_dag.py took 0.072 seconds
[2024-02-24T12:49:00.156-0600] {processor.py:161} INFO - Started process (PID=77114) to work on /Users/vamseekrishna/Desktop/F1_Data_Warehouse/f1datawarehouse/lib/python3.9/site-packages/airflow/example_dags/example_skip_dag.py
[2024-02-24T12:49:00.158-0600] {processor.py:830} INFO - Processing file /Users/vamseekrishna/Desktop/F1_Data_Warehouse/f1datawarehouse/lib/python3.9/site-packages/airflow/example_dags/example_skip_dag.py for tasks to queue
[2024-02-24T12:49:00.158-0600] {logging_mixin.py:188} INFO - [2024-02-24T12:49:00.158-0600] {dagbag.py:538} INFO - Filling up the DagBag from /Users/vamseekrishna/Desktop/F1_Data_Warehouse/f1datawarehouse/lib/python3.9/site-packages/airflow/example_dags/example_skip_dag.py
[2024-02-24T12:49:00.162-0600] {processor.py:840} INFO - DAG(s) 'example_skip_dag' retrieved from /Users/vamseekrishna/Desktop/F1_Data_Warehouse/f1datawarehouse/lib/python3.9/site-packages/airflow/example_dags/example_skip_dag.py
[2024-02-24T12:49:00.212-0600] {logging_mixin.py:188} INFO - [2024-02-24T12:49:00.212-0600] {dag.py:3036} INFO - Sync 1 DAGs
[2024-02-24T12:49:00.226-0600] {logging_mixin.py:188} INFO - [2024-02-24T12:49:00.226-0600] {dag.py:3823} INFO - Setting next_dagrun for example_skip_dag to 2024-02-23 00:00:00+00:00, run_after=2024-02-24 00:00:00+00:00
[2024-02-24T12:49:00.235-0600] {processor.py:183} INFO - Processing /Users/vamseekrishna/Desktop/F1_Data_Warehouse/f1datawarehouse/lib/python3.9/site-packages/airflow/example_dags/example_skip_dag.py took 0.080 seconds
[2024-02-24T12:51:06.737-0600] {processor.py:161} INFO - Started process (PID=77208) to work on /Users/vamseekrishna/Desktop/F1_Data_Warehouse/f1datawarehouse/lib/python3.9/site-packages/airflow/example_dags/example_skip_dag.py
[2024-02-24T12:51:06.739-0600] {processor.py:830} INFO - Processing file /Users/vamseekrishna/Desktop/F1_Data_Warehouse/f1datawarehouse/lib/python3.9/site-packages/airflow/example_dags/example_skip_dag.py for tasks to queue
[2024-02-24T12:51:06.739-0600] {logging_mixin.py:188} INFO - [2024-02-24T12:51:06.739-0600] {dagbag.py:538} INFO - Filling up the DagBag from /Users/vamseekrishna/Desktop/F1_Data_Warehouse/f1datawarehouse/lib/python3.9/site-packages/airflow/example_dags/example_skip_dag.py
[2024-02-24T12:51:06.742-0600] {processor.py:840} INFO - DAG(s) 'example_skip_dag' retrieved from /Users/vamseekrishna/Desktop/F1_Data_Warehouse/f1datawarehouse/lib/python3.9/site-packages/airflow/example_dags/example_skip_dag.py
[2024-02-24T12:51:06.792-0600] {logging_mixin.py:188} INFO - [2024-02-24T12:51:06.792-0600] {dag.py:3036} INFO - Sync 1 DAGs
[2024-02-24T12:51:06.803-0600] {logging_mixin.py:188} INFO - [2024-02-24T12:51:06.803-0600] {dag.py:3823} INFO - Setting next_dagrun for example_skip_dag to 2024-02-23 00:00:00+00:00, run_after=2024-02-24 00:00:00+00:00
[2024-02-24T12:51:06.813-0600] {processor.py:183} INFO - Processing /Users/vamseekrishna/Desktop/F1_Data_Warehouse/f1datawarehouse/lib/python3.9/site-packages/airflow/example_dags/example_skip_dag.py took 0.077 seconds
[2024-02-24T12:53:11.530-0600] {processor.py:161} INFO - Started process (PID=77316) to work on /Users/vamseekrishna/Desktop/F1_Data_Warehouse/f1datawarehouse/lib/python3.9/site-packages/airflow/example_dags/example_skip_dag.py
[2024-02-24T12:53:11.536-0600] {processor.py:830} INFO - Processing file /Users/vamseekrishna/Desktop/F1_Data_Warehouse/f1datawarehouse/lib/python3.9/site-packages/airflow/example_dags/example_skip_dag.py for tasks to queue
[2024-02-24T12:53:11.536-0600] {logging_mixin.py:188} INFO - [2024-02-24T12:53:11.536-0600] {dagbag.py:538} INFO - Filling up the DagBag from /Users/vamseekrishna/Desktop/F1_Data_Warehouse/f1datawarehouse/lib/python3.9/site-packages/airflow/example_dags/example_skip_dag.py
[2024-02-24T12:53:11.540-0600] {processor.py:840} INFO - DAG(s) 'example_skip_dag' retrieved from /Users/vamseekrishna/Desktop/F1_Data_Warehouse/f1datawarehouse/lib/python3.9/site-packages/airflow/example_dags/example_skip_dag.py
[2024-02-24T12:53:11.589-0600] {logging_mixin.py:188} INFO - [2024-02-24T12:53:11.589-0600] {dag.py:3036} INFO - Sync 1 DAGs
[2024-02-24T12:53:11.601-0600] {logging_mixin.py:188} INFO - [2024-02-24T12:53:11.601-0600] {dag.py:3823} INFO - Setting next_dagrun for example_skip_dag to 2024-02-23 00:00:00+00:00, run_after=2024-02-24 00:00:00+00:00
[2024-02-24T12:53:11.612-0600] {processor.py:183} INFO - Processing /Users/vamseekrishna/Desktop/F1_Data_Warehouse/f1datawarehouse/lib/python3.9/site-packages/airflow/example_dags/example_skip_dag.py took 0.084 seconds
[2024-02-24T12:55:26.546-0600] {processor.py:161} INFO - Started process (PID=77437) to work on /Users/vamseekrishna/Desktop/F1_Data_Warehouse/f1datawarehouse/lib/python3.9/site-packages/airflow/example_dags/example_skip_dag.py
[2024-02-24T12:55:26.548-0600] {processor.py:830} INFO - Processing file /Users/vamseekrishna/Desktop/F1_Data_Warehouse/f1datawarehouse/lib/python3.9/site-packages/airflow/example_dags/example_skip_dag.py for tasks to queue
[2024-02-24T12:55:26.548-0600] {logging_mixin.py:188} INFO - [2024-02-24T12:55:26.548-0600] {dagbag.py:538} INFO - Filling up the DagBag from /Users/vamseekrishna/Desktop/F1_Data_Warehouse/f1datawarehouse/lib/python3.9/site-packages/airflow/example_dags/example_skip_dag.py
[2024-02-24T12:55:26.555-0600] {processor.py:840} INFO - DAG(s) 'example_skip_dag' retrieved from /Users/vamseekrishna/Desktop/F1_Data_Warehouse/f1datawarehouse/lib/python3.9/site-packages/airflow/example_dags/example_skip_dag.py
[2024-02-24T12:55:26.614-0600] {logging_mixin.py:188} INFO - [2024-02-24T12:55:26.614-0600] {dag.py:3036} INFO - Sync 1 DAGs
[2024-02-24T12:55:26.627-0600] {logging_mixin.py:188} INFO - [2024-02-24T12:55:26.627-0600] {dag.py:3823} INFO - Setting next_dagrun for example_skip_dag to 2024-02-23 00:00:00+00:00, run_after=2024-02-24 00:00:00+00:00
[2024-02-24T12:55:26.638-0600] {processor.py:183} INFO - Processing /Users/vamseekrishna/Desktop/F1_Data_Warehouse/f1datawarehouse/lib/python3.9/site-packages/airflow/example_dags/example_skip_dag.py took 0.092 seconds
[2024-02-24T12:57:34.799-0600] {processor.py:161} INFO - Started process (PID=77536) to work on /Users/vamseekrishna/Desktop/F1_Data_Warehouse/f1datawarehouse/lib/python3.9/site-packages/airflow/example_dags/example_skip_dag.py
[2024-02-24T12:57:34.801-0600] {processor.py:830} INFO - Processing file /Users/vamseekrishna/Desktop/F1_Data_Warehouse/f1datawarehouse/lib/python3.9/site-packages/airflow/example_dags/example_skip_dag.py for tasks to queue
[2024-02-24T12:57:34.801-0600] {logging_mixin.py:188} INFO - [2024-02-24T12:57:34.801-0600] {dagbag.py:538} INFO - Filling up the DagBag from /Users/vamseekrishna/Desktop/F1_Data_Warehouse/f1datawarehouse/lib/python3.9/site-packages/airflow/example_dags/example_skip_dag.py
[2024-02-24T12:57:34.805-0600] {processor.py:840} INFO - DAG(s) 'example_skip_dag' retrieved from /Users/vamseekrishna/Desktop/F1_Data_Warehouse/f1datawarehouse/lib/python3.9/site-packages/airflow/example_dags/example_skip_dag.py
[2024-02-24T12:57:34.855-0600] {logging_mixin.py:188} INFO - [2024-02-24T12:57:34.855-0600] {dag.py:3036} INFO - Sync 1 DAGs
[2024-02-24T12:57:34.865-0600] {logging_mixin.py:188} INFO - [2024-02-24T12:57:34.865-0600] {dag.py:3823} INFO - Setting next_dagrun for example_skip_dag to 2024-02-23 00:00:00+00:00, run_after=2024-02-24 00:00:00+00:00
[2024-02-24T12:57:34.873-0600] {processor.py:183} INFO - Processing /Users/vamseekrishna/Desktop/F1_Data_Warehouse/f1datawarehouse/lib/python3.9/site-packages/airflow/example_dags/example_skip_dag.py took 0.074 seconds
[2024-02-24T12:59:41.383-0600] {processor.py:161} INFO - Started process (PID=77650) to work on /Users/vamseekrishna/Desktop/F1_Data_Warehouse/f1datawarehouse/lib/python3.9/site-packages/airflow/example_dags/example_skip_dag.py
[2024-02-24T12:59:41.386-0600] {processor.py:830} INFO - Processing file /Users/vamseekrishna/Desktop/F1_Data_Warehouse/f1datawarehouse/lib/python3.9/site-packages/airflow/example_dags/example_skip_dag.py for tasks to queue
[2024-02-24T12:59:41.386-0600] {logging_mixin.py:188} INFO - [2024-02-24T12:59:41.386-0600] {dagbag.py:538} INFO - Filling up the DagBag from /Users/vamseekrishna/Desktop/F1_Data_Warehouse/f1datawarehouse/lib/python3.9/site-packages/airflow/example_dags/example_skip_dag.py
[2024-02-24T12:59:41.391-0600] {processor.py:840} INFO - DAG(s) 'example_skip_dag' retrieved from /Users/vamseekrishna/Desktop/F1_Data_Warehouse/f1datawarehouse/lib/python3.9/site-packages/airflow/example_dags/example_skip_dag.py
[2024-02-24T12:59:41.452-0600] {logging_mixin.py:188} INFO - [2024-02-24T12:59:41.452-0600] {dag.py:3036} INFO - Sync 1 DAGs
[2024-02-24T12:59:41.463-0600] {logging_mixin.py:188} INFO - [2024-02-24T12:59:41.463-0600] {dag.py:3823} INFO - Setting next_dagrun for example_skip_dag to 2024-02-23 00:00:00+00:00, run_after=2024-02-24 00:00:00+00:00
[2024-02-24T12:59:41.481-0600] {processor.py:183} INFO - Processing /Users/vamseekrishna/Desktop/F1_Data_Warehouse/f1datawarehouse/lib/python3.9/site-packages/airflow/example_dags/example_skip_dag.py took 0.098 seconds
[2024-02-24T13:01:47.215-0600] {processor.py:161} INFO - Started process (PID=77807) to work on /Users/vamseekrishna/Desktop/F1_Data_Warehouse/f1datawarehouse/lib/python3.9/site-packages/airflow/example_dags/example_skip_dag.py
[2024-02-24T13:01:47.216-0600] {processor.py:830} INFO - Processing file /Users/vamseekrishna/Desktop/F1_Data_Warehouse/f1datawarehouse/lib/python3.9/site-packages/airflow/example_dags/example_skip_dag.py for tasks to queue
[2024-02-24T13:01:47.216-0600] {logging_mixin.py:188} INFO - [2024-02-24T13:01:47.216-0600] {dagbag.py:538} INFO - Filling up the DagBag from /Users/vamseekrishna/Desktop/F1_Data_Warehouse/f1datawarehouse/lib/python3.9/site-packages/airflow/example_dags/example_skip_dag.py
[2024-02-24T13:01:47.220-0600] {processor.py:840} INFO - DAG(s) 'example_skip_dag' retrieved from /Users/vamseekrishna/Desktop/F1_Data_Warehouse/f1datawarehouse/lib/python3.9/site-packages/airflow/example_dags/example_skip_dag.py
[2024-02-24T13:01:47.264-0600] {logging_mixin.py:188} INFO - [2024-02-24T13:01:47.264-0600] {dag.py:3036} INFO - Sync 1 DAGs
[2024-02-24T13:01:47.273-0600] {logging_mixin.py:188} INFO - [2024-02-24T13:01:47.273-0600] {dag.py:3823} INFO - Setting next_dagrun for example_skip_dag to 2024-02-23 00:00:00+00:00, run_after=2024-02-24 00:00:00+00:00
[2024-02-24T13:01:47.279-0600] {processor.py:183} INFO - Processing /Users/vamseekrishna/Desktop/F1_Data_Warehouse/f1datawarehouse/lib/python3.9/site-packages/airflow/example_dags/example_skip_dag.py took 0.065 seconds
[2024-02-24T13:03:42.949-0600] {processor.py:161} INFO - Started process (PID=77906) to work on /Users/vamseekrishna/Desktop/F1_Data_Warehouse/f1datawarehouse/lib/python3.9/site-packages/airflow/example_dags/example_skip_dag.py
[2024-02-24T13:03:42.951-0600] {processor.py:830} INFO - Processing file /Users/vamseekrishna/Desktop/F1_Data_Warehouse/f1datawarehouse/lib/python3.9/site-packages/airflow/example_dags/example_skip_dag.py for tasks to queue
[2024-02-24T13:03:42.951-0600] {logging_mixin.py:188} INFO - [2024-02-24T13:03:42.951-0600] {dagbag.py:538} INFO - Filling up the DagBag from /Users/vamseekrishna/Desktop/F1_Data_Warehouse/f1datawarehouse/lib/python3.9/site-packages/airflow/example_dags/example_skip_dag.py
[2024-02-24T13:03:42.954-0600] {processor.py:840} INFO - DAG(s) 'example_skip_dag' retrieved from /Users/vamseekrishna/Desktop/F1_Data_Warehouse/f1datawarehouse/lib/python3.9/site-packages/airflow/example_dags/example_skip_dag.py
[2024-02-24T13:03:42.998-0600] {logging_mixin.py:188} INFO - [2024-02-24T13:03:42.998-0600] {dag.py:3036} INFO - Sync 1 DAGs
[2024-02-24T13:03:43.006-0600] {logging_mixin.py:188} INFO - [2024-02-24T13:03:43.006-0600] {dag.py:3823} INFO - Setting next_dagrun for example_skip_dag to 2024-02-23 00:00:00+00:00, run_after=2024-02-24 00:00:00+00:00
[2024-02-24T13:03:43.013-0600] {processor.py:183} INFO - Processing /Users/vamseekrishna/Desktop/F1_Data_Warehouse/f1datawarehouse/lib/python3.9/site-packages/airflow/example_dags/example_skip_dag.py took 0.064 seconds
[2024-02-24T13:05:32.931-0600] {processor.py:161} INFO - Started process (PID=77990) to work on /Users/vamseekrishna/Desktop/F1_Data_Warehouse/f1datawarehouse/lib/python3.9/site-packages/airflow/example_dags/example_skip_dag.py
[2024-02-24T13:05:32.932-0600] {processor.py:830} INFO - Processing file /Users/vamseekrishna/Desktop/F1_Data_Warehouse/f1datawarehouse/lib/python3.9/site-packages/airflow/example_dags/example_skip_dag.py for tasks to queue
[2024-02-24T13:05:32.932-0600] {logging_mixin.py:188} INFO - [2024-02-24T13:05:32.932-0600] {dagbag.py:538} INFO - Filling up the DagBag from /Users/vamseekrishna/Desktop/F1_Data_Warehouse/f1datawarehouse/lib/python3.9/site-packages/airflow/example_dags/example_skip_dag.py
[2024-02-24T13:05:32.935-0600] {processor.py:840} INFO - DAG(s) 'example_skip_dag' retrieved from /Users/vamseekrishna/Desktop/F1_Data_Warehouse/f1datawarehouse/lib/python3.9/site-packages/airflow/example_dags/example_skip_dag.py
[2024-02-24T13:05:32.980-0600] {logging_mixin.py:188} INFO - [2024-02-24T13:05:32.980-0600] {dag.py:3036} INFO - Sync 1 DAGs
[2024-02-24T13:05:32.988-0600] {logging_mixin.py:188} INFO - [2024-02-24T13:05:32.988-0600] {dag.py:3823} INFO - Setting next_dagrun for example_skip_dag to 2024-02-23 00:00:00+00:00, run_after=2024-02-24 00:00:00+00:00
[2024-02-24T13:05:32.994-0600] {processor.py:183} INFO - Processing /Users/vamseekrishna/Desktop/F1_Data_Warehouse/f1datawarehouse/lib/python3.9/site-packages/airflow/example_dags/example_skip_dag.py took 0.064 seconds
[2024-02-24T13:07:26.015-0600] {processor.py:161} INFO - Started process (PID=78074) to work on /Users/vamseekrishna/Desktop/F1_Data_Warehouse/f1datawarehouse/lib/python3.9/site-packages/airflow/example_dags/example_skip_dag.py
[2024-02-24T13:07:26.016-0600] {processor.py:830} INFO - Processing file /Users/vamseekrishna/Desktop/F1_Data_Warehouse/f1datawarehouse/lib/python3.9/site-packages/airflow/example_dags/example_skip_dag.py for tasks to queue
[2024-02-24T13:07:26.017-0600] {logging_mixin.py:188} INFO - [2024-02-24T13:07:26.017-0600] {dagbag.py:538} INFO - Filling up the DagBag from /Users/vamseekrishna/Desktop/F1_Data_Warehouse/f1datawarehouse/lib/python3.9/site-packages/airflow/example_dags/example_skip_dag.py
[2024-02-24T13:07:26.020-0600] {processor.py:840} INFO - DAG(s) 'example_skip_dag' retrieved from /Users/vamseekrishna/Desktop/F1_Data_Warehouse/f1datawarehouse/lib/python3.9/site-packages/airflow/example_dags/example_skip_dag.py
[2024-02-24T13:07:26.065-0600] {logging_mixin.py:188} INFO - [2024-02-24T13:07:26.065-0600] {dag.py:3036} INFO - Sync 1 DAGs
[2024-02-24T13:07:26.073-0600] {logging_mixin.py:188} INFO - [2024-02-24T13:07:26.073-0600] {dag.py:3823} INFO - Setting next_dagrun for example_skip_dag to 2024-02-23 00:00:00+00:00, run_after=2024-02-24 00:00:00+00:00
[2024-02-24T13:07:26.080-0600] {processor.py:183} INFO - Processing /Users/vamseekrishna/Desktop/F1_Data_Warehouse/f1datawarehouse/lib/python3.9/site-packages/airflow/example_dags/example_skip_dag.py took 0.066 seconds
[2024-02-24T13:09:20.087-0600] {processor.py:161} INFO - Started process (PID=78160) to work on /Users/vamseekrishna/Desktop/F1_Data_Warehouse/f1datawarehouse/lib/python3.9/site-packages/airflow/example_dags/example_skip_dag.py
[2024-02-24T13:09:20.089-0600] {processor.py:830} INFO - Processing file /Users/vamseekrishna/Desktop/F1_Data_Warehouse/f1datawarehouse/lib/python3.9/site-packages/airflow/example_dags/example_skip_dag.py for tasks to queue
[2024-02-24T13:09:20.089-0600] {logging_mixin.py:188} INFO - [2024-02-24T13:09:20.089-0600] {dagbag.py:538} INFO - Filling up the DagBag from /Users/vamseekrishna/Desktop/F1_Data_Warehouse/f1datawarehouse/lib/python3.9/site-packages/airflow/example_dags/example_skip_dag.py
[2024-02-24T13:09:20.092-0600] {processor.py:840} INFO - DAG(s) 'example_skip_dag' retrieved from /Users/vamseekrishna/Desktop/F1_Data_Warehouse/f1datawarehouse/lib/python3.9/site-packages/airflow/example_dags/example_skip_dag.py
[2024-02-24T13:09:20.137-0600] {logging_mixin.py:188} INFO - [2024-02-24T13:09:20.137-0600] {dag.py:3036} INFO - Sync 1 DAGs
[2024-02-24T13:09:20.146-0600] {logging_mixin.py:188} INFO - [2024-02-24T13:09:20.145-0600] {dag.py:3823} INFO - Setting next_dagrun for example_skip_dag to 2024-02-23 00:00:00+00:00, run_after=2024-02-24 00:00:00+00:00
[2024-02-24T13:09:20.153-0600] {processor.py:183} INFO - Processing /Users/vamseekrishna/Desktop/F1_Data_Warehouse/f1datawarehouse/lib/python3.9/site-packages/airflow/example_dags/example_skip_dag.py took 0.066 seconds
[2024-02-24T13:11:10.213-0600] {processor.py:161} INFO - Started process (PID=78244) to work on /Users/vamseekrishna/Desktop/F1_Data_Warehouse/f1datawarehouse/lib/python3.9/site-packages/airflow/example_dags/example_skip_dag.py
[2024-02-24T13:11:10.215-0600] {processor.py:830} INFO - Processing file /Users/vamseekrishna/Desktop/F1_Data_Warehouse/f1datawarehouse/lib/python3.9/site-packages/airflow/example_dags/example_skip_dag.py for tasks to queue
[2024-02-24T13:11:10.215-0600] {logging_mixin.py:188} INFO - [2024-02-24T13:11:10.215-0600] {dagbag.py:538} INFO - Filling up the DagBag from /Users/vamseekrishna/Desktop/F1_Data_Warehouse/f1datawarehouse/lib/python3.9/site-packages/airflow/example_dags/example_skip_dag.py
[2024-02-24T13:11:10.218-0600] {processor.py:840} INFO - DAG(s) 'example_skip_dag' retrieved from /Users/vamseekrishna/Desktop/F1_Data_Warehouse/f1datawarehouse/lib/python3.9/site-packages/airflow/example_dags/example_skip_dag.py
[2024-02-24T13:11:10.262-0600] {logging_mixin.py:188} INFO - [2024-02-24T13:11:10.262-0600] {dag.py:3036} INFO - Sync 1 DAGs
[2024-02-24T13:11:10.270-0600] {logging_mixin.py:188} INFO - [2024-02-24T13:11:10.270-0600] {dag.py:3823} INFO - Setting next_dagrun for example_skip_dag to 2024-02-23 00:00:00+00:00, run_after=2024-02-24 00:00:00+00:00
[2024-02-24T13:11:10.277-0600] {processor.py:183} INFO - Processing /Users/vamseekrishna/Desktop/F1_Data_Warehouse/f1datawarehouse/lib/python3.9/site-packages/airflow/example_dags/example_skip_dag.py took 0.065 seconds
[2024-02-24T13:12:56.668-0600] {processor.py:161} INFO - Started process (PID=78333) to work on /Users/vamseekrishna/Desktop/F1_Data_Warehouse/f1datawarehouse/lib/python3.9/site-packages/airflow/example_dags/example_skip_dag.py
[2024-02-24T13:12:56.670-0600] {processor.py:830} INFO - Processing file /Users/vamseekrishna/Desktop/F1_Data_Warehouse/f1datawarehouse/lib/python3.9/site-packages/airflow/example_dags/example_skip_dag.py for tasks to queue
[2024-02-24T13:12:56.670-0600] {logging_mixin.py:188} INFO - [2024-02-24T13:12:56.670-0600] {dagbag.py:538} INFO - Filling up the DagBag from /Users/vamseekrishna/Desktop/F1_Data_Warehouse/f1datawarehouse/lib/python3.9/site-packages/airflow/example_dags/example_skip_dag.py
[2024-02-24T13:12:56.673-0600] {processor.py:840} INFO - DAG(s) 'example_skip_dag' retrieved from /Users/vamseekrishna/Desktop/F1_Data_Warehouse/f1datawarehouse/lib/python3.9/site-packages/airflow/example_dags/example_skip_dag.py
[2024-02-24T13:12:56.717-0600] {logging_mixin.py:188} INFO - [2024-02-24T13:12:56.717-0600] {dag.py:3036} INFO - Sync 1 DAGs
[2024-02-24T13:12:56.725-0600] {logging_mixin.py:188} INFO - [2024-02-24T13:12:56.725-0600] {dag.py:3823} INFO - Setting next_dagrun for example_skip_dag to 2024-02-23 00:00:00+00:00, run_after=2024-02-24 00:00:00+00:00
[2024-02-24T13:12:56.732-0600] {processor.py:183} INFO - Processing /Users/vamseekrishna/Desktop/F1_Data_Warehouse/f1datawarehouse/lib/python3.9/site-packages/airflow/example_dags/example_skip_dag.py took 0.064 seconds
[2024-02-24T13:14:47.058-0600] {processor.py:161} INFO - Started process (PID=78420) to work on /Users/vamseekrishna/Desktop/F1_Data_Warehouse/f1datawarehouse/lib/python3.9/site-packages/airflow/example_dags/example_skip_dag.py
[2024-02-24T13:14:47.060-0600] {processor.py:830} INFO - Processing file /Users/vamseekrishna/Desktop/F1_Data_Warehouse/f1datawarehouse/lib/python3.9/site-packages/airflow/example_dags/example_skip_dag.py for tasks to queue
[2024-02-24T13:14:47.060-0600] {logging_mixin.py:188} INFO - [2024-02-24T13:14:47.060-0600] {dagbag.py:538} INFO - Filling up the DagBag from /Users/vamseekrishna/Desktop/F1_Data_Warehouse/f1datawarehouse/lib/python3.9/site-packages/airflow/example_dags/example_skip_dag.py
[2024-02-24T13:14:47.064-0600] {processor.py:840} INFO - DAG(s) 'example_skip_dag' retrieved from /Users/vamseekrishna/Desktop/F1_Data_Warehouse/f1datawarehouse/lib/python3.9/site-packages/airflow/example_dags/example_skip_dag.py
[2024-02-24T13:14:47.107-0600] {logging_mixin.py:188} INFO - [2024-02-24T13:14:47.107-0600] {dag.py:3036} INFO - Sync 1 DAGs
[2024-02-24T13:14:47.116-0600] {logging_mixin.py:188} INFO - [2024-02-24T13:14:47.116-0600] {dag.py:3823} INFO - Setting next_dagrun for example_skip_dag to 2024-02-23 00:00:00+00:00, run_after=2024-02-24 00:00:00+00:00
[2024-02-24T13:14:47.122-0600] {processor.py:183} INFO - Processing /Users/vamseekrishna/Desktop/F1_Data_Warehouse/f1datawarehouse/lib/python3.9/site-packages/airflow/example_dags/example_skip_dag.py took 0.065 seconds
[2024-02-24T13:16:37.906-0600] {processor.py:161} INFO - Started process (PID=78525) to work on /Users/vamseekrishna/Desktop/F1_Data_Warehouse/f1datawarehouse/lib/python3.9/site-packages/airflow/example_dags/example_skip_dag.py
[2024-02-24T13:16:37.908-0600] {processor.py:830} INFO - Processing file /Users/vamseekrishna/Desktop/F1_Data_Warehouse/f1datawarehouse/lib/python3.9/site-packages/airflow/example_dags/example_skip_dag.py for tasks to queue
[2024-02-24T13:16:37.908-0600] {logging_mixin.py:188} INFO - [2024-02-24T13:16:37.908-0600] {dagbag.py:538} INFO - Filling up the DagBag from /Users/vamseekrishna/Desktop/F1_Data_Warehouse/f1datawarehouse/lib/python3.9/site-packages/airflow/example_dags/example_skip_dag.py
[2024-02-24T13:16:37.912-0600] {processor.py:840} INFO - DAG(s) 'example_skip_dag' retrieved from /Users/vamseekrishna/Desktop/F1_Data_Warehouse/f1datawarehouse/lib/python3.9/site-packages/airflow/example_dags/example_skip_dag.py
[2024-02-24T13:16:37.957-0600] {logging_mixin.py:188} INFO - [2024-02-24T13:16:37.957-0600] {dag.py:3036} INFO - Sync 1 DAGs
[2024-02-24T13:16:37.965-0600] {logging_mixin.py:188} INFO - [2024-02-24T13:16:37.965-0600] {dag.py:3823} INFO - Setting next_dagrun for example_skip_dag to 2024-02-23 00:00:00+00:00, run_after=2024-02-24 00:00:00+00:00
[2024-02-24T13:16:37.972-0600] {processor.py:183} INFO - Processing /Users/vamseekrishna/Desktop/F1_Data_Warehouse/f1datawarehouse/lib/python3.9/site-packages/airflow/example_dags/example_skip_dag.py took 0.067 seconds
[2024-02-24T13:18:31.734-0600] {processor.py:161} INFO - Started process (PID=78616) to work on /Users/vamseekrishna/Desktop/F1_Data_Warehouse/f1datawarehouse/lib/python3.9/site-packages/airflow/example_dags/example_skip_dag.py
[2024-02-24T13:18:31.736-0600] {processor.py:830} INFO - Processing file /Users/vamseekrishna/Desktop/F1_Data_Warehouse/f1datawarehouse/lib/python3.9/site-packages/airflow/example_dags/example_skip_dag.py for tasks to queue
[2024-02-24T13:18:31.736-0600] {logging_mixin.py:188} INFO - [2024-02-24T13:18:31.736-0600] {dagbag.py:538} INFO - Filling up the DagBag from /Users/vamseekrishna/Desktop/F1_Data_Warehouse/f1datawarehouse/lib/python3.9/site-packages/airflow/example_dags/example_skip_dag.py
[2024-02-24T13:18:31.739-0600] {processor.py:840} INFO - DAG(s) 'example_skip_dag' retrieved from /Users/vamseekrishna/Desktop/F1_Data_Warehouse/f1datawarehouse/lib/python3.9/site-packages/airflow/example_dags/example_skip_dag.py
[2024-02-24T13:18:31.783-0600] {logging_mixin.py:188} INFO - [2024-02-24T13:18:31.783-0600] {dag.py:3036} INFO - Sync 1 DAGs
[2024-02-24T13:18:31.792-0600] {logging_mixin.py:188} INFO - [2024-02-24T13:18:31.792-0600] {dag.py:3823} INFO - Setting next_dagrun for example_skip_dag to 2024-02-23 00:00:00+00:00, run_after=2024-02-24 00:00:00+00:00
[2024-02-24T13:18:31.800-0600] {processor.py:183} INFO - Processing /Users/vamseekrishna/Desktop/F1_Data_Warehouse/f1datawarehouse/lib/python3.9/site-packages/airflow/example_dags/example_skip_dag.py took 0.066 seconds
[2024-02-24T13:20:21.267-0600] {processor.py:161} INFO - Started process (PID=78696) to work on /Users/vamseekrishna/Desktop/F1_Data_Warehouse/f1datawarehouse/lib/python3.9/site-packages/airflow/example_dags/example_skip_dag.py
[2024-02-24T13:20:21.268-0600] {processor.py:830} INFO - Processing file /Users/vamseekrishna/Desktop/F1_Data_Warehouse/f1datawarehouse/lib/python3.9/site-packages/airflow/example_dags/example_skip_dag.py for tasks to queue
[2024-02-24T13:20:21.268-0600] {logging_mixin.py:188} INFO - [2024-02-24T13:20:21.268-0600] {dagbag.py:538} INFO - Filling up the DagBag from /Users/vamseekrishna/Desktop/F1_Data_Warehouse/f1datawarehouse/lib/python3.9/site-packages/airflow/example_dags/example_skip_dag.py
[2024-02-24T13:20:21.272-0600] {processor.py:840} INFO - DAG(s) 'example_skip_dag' retrieved from /Users/vamseekrishna/Desktop/F1_Data_Warehouse/f1datawarehouse/lib/python3.9/site-packages/airflow/example_dags/example_skip_dag.py
[2024-02-24T13:20:21.316-0600] {logging_mixin.py:188} INFO - [2024-02-24T13:20:21.316-0600] {dag.py:3036} INFO - Sync 1 DAGs
[2024-02-24T13:20:21.324-0600] {logging_mixin.py:188} INFO - [2024-02-24T13:20:21.324-0600] {dag.py:3823} INFO - Setting next_dagrun for example_skip_dag to 2024-02-23 00:00:00+00:00, run_after=2024-02-24 00:00:00+00:00
[2024-02-24T13:20:21.331-0600] {processor.py:183} INFO - Processing /Users/vamseekrishna/Desktop/F1_Data_Warehouse/f1datawarehouse/lib/python3.9/site-packages/airflow/example_dags/example_skip_dag.py took 0.065 seconds
[2024-02-24T13:22:07.880-0600] {processor.py:161} INFO - Started process (PID=78778) to work on /Users/vamseekrishna/Desktop/F1_Data_Warehouse/f1datawarehouse/lib/python3.9/site-packages/airflow/example_dags/example_skip_dag.py
[2024-02-24T13:22:07.882-0600] {processor.py:830} INFO - Processing file /Users/vamseekrishna/Desktop/F1_Data_Warehouse/f1datawarehouse/lib/python3.9/site-packages/airflow/example_dags/example_skip_dag.py for tasks to queue
[2024-02-24T13:22:07.883-0600] {logging_mixin.py:188} INFO - [2024-02-24T13:22:07.883-0600] {dagbag.py:538} INFO - Filling up the DagBag from /Users/vamseekrishna/Desktop/F1_Data_Warehouse/f1datawarehouse/lib/python3.9/site-packages/airflow/example_dags/example_skip_dag.py
[2024-02-24T13:22:07.886-0600] {processor.py:840} INFO - DAG(s) 'example_skip_dag' retrieved from /Users/vamseekrishna/Desktop/F1_Data_Warehouse/f1datawarehouse/lib/python3.9/site-packages/airflow/example_dags/example_skip_dag.py
[2024-02-24T13:22:07.930-0600] {logging_mixin.py:188} INFO - [2024-02-24T13:22:07.930-0600] {dag.py:3036} INFO - Sync 1 DAGs
[2024-02-24T13:22:07.938-0600] {logging_mixin.py:188} INFO - [2024-02-24T13:22:07.938-0600] {dag.py:3823} INFO - Setting next_dagrun for example_skip_dag to 2024-02-23 00:00:00+00:00, run_after=2024-02-24 00:00:00+00:00
[2024-02-24T13:22:07.945-0600] {processor.py:183} INFO - Processing /Users/vamseekrishna/Desktop/F1_Data_Warehouse/f1datawarehouse/lib/python3.9/site-packages/airflow/example_dags/example_skip_dag.py took 0.065 seconds
[2024-02-24T13:24:06.749-0600] {processor.py:161} INFO - Started process (PID=78909) to work on /Users/vamseekrishna/Desktop/F1_Data_Warehouse/f1datawarehouse/lib/python3.9/site-packages/airflow/example_dags/example_skip_dag.py
[2024-02-24T13:24:06.751-0600] {processor.py:830} INFO - Processing file /Users/vamseekrishna/Desktop/F1_Data_Warehouse/f1datawarehouse/lib/python3.9/site-packages/airflow/example_dags/example_skip_dag.py for tasks to queue
[2024-02-24T13:24:06.752-0600] {logging_mixin.py:188} INFO - [2024-02-24T13:24:06.752-0600] {dagbag.py:538} INFO - Filling up the DagBag from /Users/vamseekrishna/Desktop/F1_Data_Warehouse/f1datawarehouse/lib/python3.9/site-packages/airflow/example_dags/example_skip_dag.py
[2024-02-24T13:24:06.755-0600] {processor.py:840} INFO - DAG(s) 'example_skip_dag' retrieved from /Users/vamseekrishna/Desktop/F1_Data_Warehouse/f1datawarehouse/lib/python3.9/site-packages/airflow/example_dags/example_skip_dag.py
[2024-02-24T13:24:06.798-0600] {logging_mixin.py:188} INFO - [2024-02-24T13:24:06.798-0600] {dag.py:3036} INFO - Sync 1 DAGs
[2024-02-24T13:24:06.806-0600] {logging_mixin.py:188} INFO - [2024-02-24T13:24:06.806-0600] {dag.py:3823} INFO - Setting next_dagrun for example_skip_dag to 2024-02-23 00:00:00+00:00, run_after=2024-02-24 00:00:00+00:00
[2024-02-24T13:24:06.812-0600] {processor.py:183} INFO - Processing /Users/vamseekrishna/Desktop/F1_Data_Warehouse/f1datawarehouse/lib/python3.9/site-packages/airflow/example_dags/example_skip_dag.py took 0.064 seconds
[2024-02-24T13:25:57.313-0600] {processor.py:161} INFO - Started process (PID=78999) to work on /Users/vamseekrishna/Desktop/F1_Data_Warehouse/f1datawarehouse/lib/python3.9/site-packages/airflow/example_dags/example_skip_dag.py
[2024-02-24T13:25:57.315-0600] {processor.py:830} INFO - Processing file /Users/vamseekrishna/Desktop/F1_Data_Warehouse/f1datawarehouse/lib/python3.9/site-packages/airflow/example_dags/example_skip_dag.py for tasks to queue
[2024-02-24T13:25:57.315-0600] {logging_mixin.py:188} INFO - [2024-02-24T13:25:57.315-0600] {dagbag.py:538} INFO - Filling up the DagBag from /Users/vamseekrishna/Desktop/F1_Data_Warehouse/f1datawarehouse/lib/python3.9/site-packages/airflow/example_dags/example_skip_dag.py
[2024-02-24T13:25:57.318-0600] {processor.py:840} INFO - DAG(s) 'example_skip_dag' retrieved from /Users/vamseekrishna/Desktop/F1_Data_Warehouse/f1datawarehouse/lib/python3.9/site-packages/airflow/example_dags/example_skip_dag.py
[2024-02-24T13:25:57.363-0600] {logging_mixin.py:188} INFO - [2024-02-24T13:25:57.363-0600] {dag.py:3036} INFO - Sync 1 DAGs
[2024-02-24T13:25:57.372-0600] {logging_mixin.py:188} INFO - [2024-02-24T13:25:57.371-0600] {dag.py:3823} INFO - Setting next_dagrun for example_skip_dag to 2024-02-23 00:00:00+00:00, run_after=2024-02-24 00:00:00+00:00
[2024-02-24T13:25:57.379-0600] {processor.py:183} INFO - Processing /Users/vamseekrishna/Desktop/F1_Data_Warehouse/f1datawarehouse/lib/python3.9/site-packages/airflow/example_dags/example_skip_dag.py took 0.067 seconds
[2024-02-24T13:27:45.103-0600] {processor.py:161} INFO - Started process (PID=79134) to work on /Users/vamseekrishna/Desktop/F1_Data_Warehouse/f1datawarehouse/lib/python3.9/site-packages/airflow/example_dags/example_skip_dag.py
[2024-02-24T13:27:45.105-0600] {processor.py:830} INFO - Processing file /Users/vamseekrishna/Desktop/F1_Data_Warehouse/f1datawarehouse/lib/python3.9/site-packages/airflow/example_dags/example_skip_dag.py for tasks to queue
[2024-02-24T13:27:45.106-0600] {logging_mixin.py:188} INFO - [2024-02-24T13:27:45.106-0600] {dagbag.py:538} INFO - Filling up the DagBag from /Users/vamseekrishna/Desktop/F1_Data_Warehouse/f1datawarehouse/lib/python3.9/site-packages/airflow/example_dags/example_skip_dag.py
[2024-02-24T13:27:45.109-0600] {processor.py:840} INFO - DAG(s) 'example_skip_dag' retrieved from /Users/vamseekrishna/Desktop/F1_Data_Warehouse/f1datawarehouse/lib/python3.9/site-packages/airflow/example_dags/example_skip_dag.py
[2024-02-24T13:27:45.152-0600] {logging_mixin.py:188} INFO - [2024-02-24T13:27:45.152-0600] {dag.py:3036} INFO - Sync 1 DAGs
[2024-02-24T13:27:45.160-0600] {logging_mixin.py:188} INFO - [2024-02-24T13:27:45.160-0600] {dag.py:3823} INFO - Setting next_dagrun for example_skip_dag to 2024-02-23 00:00:00+00:00, run_after=2024-02-24 00:00:00+00:00
[2024-02-24T13:27:45.167-0600] {processor.py:183} INFO - Processing /Users/vamseekrishna/Desktop/F1_Data_Warehouse/f1datawarehouse/lib/python3.9/site-packages/airflow/example_dags/example_skip_dag.py took 0.064 seconds
[2024-02-24T13:29:32.056-0600] {processor.py:161} INFO - Started process (PID=79280) to work on /Users/vamseekrishna/Desktop/F1_Data_Warehouse/f1datawarehouse/lib/python3.9/site-packages/airflow/example_dags/example_skip_dag.py
[2024-02-24T13:29:32.058-0600] {processor.py:830} INFO - Processing file /Users/vamseekrishna/Desktop/F1_Data_Warehouse/f1datawarehouse/lib/python3.9/site-packages/airflow/example_dags/example_skip_dag.py for tasks to queue
[2024-02-24T13:29:32.059-0600] {logging_mixin.py:188} INFO - [2024-02-24T13:29:32.059-0600] {dagbag.py:538} INFO - Filling up the DagBag from /Users/vamseekrishna/Desktop/F1_Data_Warehouse/f1datawarehouse/lib/python3.9/site-packages/airflow/example_dags/example_skip_dag.py
[2024-02-24T13:29:32.062-0600] {processor.py:840} INFO - DAG(s) 'example_skip_dag' retrieved from /Users/vamseekrishna/Desktop/F1_Data_Warehouse/f1datawarehouse/lib/python3.9/site-packages/airflow/example_dags/example_skip_dag.py
[2024-02-24T13:29:32.105-0600] {logging_mixin.py:188} INFO - [2024-02-24T13:29:32.105-0600] {dag.py:3036} INFO - Sync 1 DAGs
[2024-02-24T13:29:32.113-0600] {logging_mixin.py:188} INFO - [2024-02-24T13:29:32.113-0600] {dag.py:3823} INFO - Setting next_dagrun for example_skip_dag to 2024-02-23 00:00:00+00:00, run_after=2024-02-24 00:00:00+00:00
[2024-02-24T13:29:32.120-0600] {processor.py:183} INFO - Processing /Users/vamseekrishna/Desktop/F1_Data_Warehouse/f1datawarehouse/lib/python3.9/site-packages/airflow/example_dags/example_skip_dag.py took 0.064 seconds
