[2024-02-24T11:47:42.874-0600] {processor.py:161} INFO - Started process (PID=74957) to work on /Users/vamseekrishna/Desktop/F1_Data_Warehouse/f1datawarehouse/lib/python3.9/site-packages/airflow/example_dags/example_task_group_decorator.py
[2024-02-24T11:47:42.876-0600] {processor.py:830} INFO - Processing file /Users/vamseekrishna/Desktop/F1_Data_Warehouse/f1datawarehouse/lib/python3.9/site-packages/airflow/example_dags/example_task_group_decorator.py for tasks to queue
[2024-02-24T11:47:42.876-0600] {logging_mixin.py:188} INFO - [2024-02-24T11:47:42.876-0600] {dagbag.py:538} INFO - Filling up the DagBag from /Users/vamseekrishna/Desktop/F1_Data_Warehouse/f1datawarehouse/lib/python3.9/site-packages/airflow/example_dags/example_task_group_decorator.py
[2024-02-24T11:47:42.898-0600] {processor.py:840} INFO - DAG(s) 'example_task_group_decorator' retrieved from /Users/vamseekrishna/Desktop/F1_Data_Warehouse/f1datawarehouse/lib/python3.9/site-packages/airflow/example_dags/example_task_group_decorator.py
[2024-02-24T11:47:42.994-0600] {logging_mixin.py:188} INFO - [2024-02-24T11:47:42.994-0600] {override.py:1769} INFO - Created Permission View: can edit on DAG:example_task_group_decorator
[2024-02-24T11:47:42.999-0600] {logging_mixin.py:188} INFO - [2024-02-24T11:47:42.999-0600] {override.py:1769} INFO - Created Permission View: can read on DAG:example_task_group_decorator
[2024-02-24T11:47:43.002-0600] {logging_mixin.py:188} INFO - [2024-02-24T11:47:43.002-0600] {override.py:1769} INFO - Created Permission View: can delete on DAG:example_task_group_decorator
[2024-02-24T11:47:43.002-0600] {logging_mixin.py:188} INFO - [2024-02-24T11:47:43.002-0600] {dag.py:3036} INFO - Sync 1 DAGs
[2024-02-24T11:47:43.007-0600] {logging_mixin.py:188} INFO - [2024-02-24T11:47:43.007-0600] {dag.py:3058} INFO - Creating ORM DAG for example_task_group_decorator
[2024-02-24T11:47:43.012-0600] {logging_mixin.py:188} INFO - [2024-02-24T11:47:43.012-0600] {dag.py:3823} INFO - Setting next_dagrun for example_task_group_decorator to 2024-02-23 00:00:00+00:00, run_after=2024-02-24 00:00:00+00:00
[2024-02-24T11:47:43.021-0600] {processor.py:183} INFO - Processing /Users/vamseekrishna/Desktop/F1_Data_Warehouse/f1datawarehouse/lib/python3.9/site-packages/airflow/example_dags/example_task_group_decorator.py took 0.148 seconds
[2024-02-24T11:49:12.157-0600] {processor.py:161} INFO - Started process (PID=75105) to work on /Users/vamseekrishna/Desktop/F1_Data_Warehouse/f1datawarehouse/lib/python3.9/site-packages/airflow/example_dags/example_task_group_decorator.py
[2024-02-24T11:49:12.159-0600] {processor.py:830} INFO - Processing file /Users/vamseekrishna/Desktop/F1_Data_Warehouse/f1datawarehouse/lib/python3.9/site-packages/airflow/example_dags/example_task_group_decorator.py for tasks to queue
[2024-02-24T11:49:12.160-0600] {logging_mixin.py:188} INFO - [2024-02-24T11:49:12.160-0600] {dagbag.py:538} INFO - Filling up the DagBag from /Users/vamseekrishna/Desktop/F1_Data_Warehouse/f1datawarehouse/lib/python3.9/site-packages/airflow/example_dags/example_task_group_decorator.py
[2024-02-24T11:49:12.179-0600] {processor.py:840} INFO - DAG(s) 'example_task_group_decorator' retrieved from /Users/vamseekrishna/Desktop/F1_Data_Warehouse/f1datawarehouse/lib/python3.9/site-packages/airflow/example_dags/example_task_group_decorator.py
[2024-02-24T11:49:12.227-0600] {logging_mixin.py:188} INFO - [2024-02-24T11:49:12.227-0600] {dag.py:3036} INFO - Sync 1 DAGs
[2024-02-24T11:49:12.237-0600] {logging_mixin.py:188} INFO - [2024-02-24T11:49:12.237-0600] {dag.py:3823} INFO - Setting next_dagrun for example_task_group_decorator to 2024-02-23 00:00:00+00:00, run_after=2024-02-24 00:00:00+00:00
[2024-02-24T11:49:12.246-0600] {processor.py:183} INFO - Processing /Users/vamseekrishna/Desktop/F1_Data_Warehouse/f1datawarehouse/lib/python3.9/site-packages/airflow/example_dags/example_task_group_decorator.py took 0.089 seconds
[2024-02-24T11:50:14.938-0600] {processor.py:161} INFO - Started process (PID=75237) to work on /Users/vamseekrishna/Desktop/F1_Data_Warehouse/f1datawarehouse/lib/python3.9/site-packages/airflow/example_dags/example_task_group_decorator.py
[2024-02-24T11:50:14.940-0600] {processor.py:830} INFO - Processing file /Users/vamseekrishna/Desktop/F1_Data_Warehouse/f1datawarehouse/lib/python3.9/site-packages/airflow/example_dags/example_task_group_decorator.py for tasks to queue
[2024-02-24T11:50:14.940-0600] {logging_mixin.py:188} INFO - [2024-02-24T11:50:14.940-0600] {dagbag.py:538} INFO - Filling up the DagBag from /Users/vamseekrishna/Desktop/F1_Data_Warehouse/f1datawarehouse/lib/python3.9/site-packages/airflow/example_dags/example_task_group_decorator.py
[2024-02-24T11:50:14.964-0600] {processor.py:840} INFO - DAG(s) 'example_task_group_decorator' retrieved from /Users/vamseekrishna/Desktop/F1_Data_Warehouse/f1datawarehouse/lib/python3.9/site-packages/airflow/example_dags/example_task_group_decorator.py
[2024-02-24T11:50:15.036-0600] {logging_mixin.py:188} INFO - [2024-02-24T11:50:15.036-0600] {dag.py:3036} INFO - Sync 1 DAGs
[2024-02-24T11:50:15.046-0600] {logging_mixin.py:188} INFO - [2024-02-24T11:50:15.046-0600] {dag.py:3823} INFO - Setting next_dagrun for example_task_group_decorator to 2024-02-23 00:00:00+00:00, run_after=2024-02-24 00:00:00+00:00
[2024-02-24T11:50:15.055-0600] {processor.py:183} INFO - Processing /Users/vamseekrishna/Desktop/F1_Data_Warehouse/f1datawarehouse/lib/python3.9/site-packages/airflow/example_dags/example_task_group_decorator.py took 0.118 seconds
[2024-02-24T11:51:19.880-0600] {processor.py:161} INFO - Started process (PID=75320) to work on /Users/vamseekrishna/Desktop/F1_Data_Warehouse/f1datawarehouse/lib/python3.9/site-packages/airflow/example_dags/example_task_group_decorator.py
[2024-02-24T11:51:19.881-0600] {processor.py:830} INFO - Processing file /Users/vamseekrishna/Desktop/F1_Data_Warehouse/f1datawarehouse/lib/python3.9/site-packages/airflow/example_dags/example_task_group_decorator.py for tasks to queue
[2024-02-24T11:51:19.882-0600] {logging_mixin.py:188} INFO - [2024-02-24T11:51:19.882-0600] {dagbag.py:538} INFO - Filling up the DagBag from /Users/vamseekrishna/Desktop/F1_Data_Warehouse/f1datawarehouse/lib/python3.9/site-packages/airflow/example_dags/example_task_group_decorator.py
[2024-02-24T11:51:19.900-0600] {processor.py:840} INFO - DAG(s) 'example_task_group_decorator' retrieved from /Users/vamseekrishna/Desktop/F1_Data_Warehouse/f1datawarehouse/lib/python3.9/site-packages/airflow/example_dags/example_task_group_decorator.py
[2024-02-24T11:51:19.950-0600] {logging_mixin.py:188} INFO - [2024-02-24T11:51:19.949-0600] {dag.py:3036} INFO - Sync 1 DAGs
[2024-02-24T11:51:19.960-0600] {logging_mixin.py:188} INFO - [2024-02-24T11:51:19.960-0600] {dag.py:3823} INFO - Setting next_dagrun for example_task_group_decorator to 2024-02-23 00:00:00+00:00, run_after=2024-02-24 00:00:00+00:00
[2024-02-24T11:51:19.969-0600] {processor.py:183} INFO - Processing /Users/vamseekrishna/Desktop/F1_Data_Warehouse/f1datawarehouse/lib/python3.9/site-packages/airflow/example_dags/example_task_group_decorator.py took 0.090 seconds
[2024-02-24T11:52:31.703-0600] {processor.py:161} INFO - Started process (PID=75432) to work on /Users/vamseekrishna/Desktop/F1_Data_Warehouse/f1datawarehouse/lib/python3.9/site-packages/airflow/example_dags/example_task_group_decorator.py
[2024-02-24T11:52:31.705-0600] {processor.py:830} INFO - Processing file /Users/vamseekrishna/Desktop/F1_Data_Warehouse/f1datawarehouse/lib/python3.9/site-packages/airflow/example_dags/example_task_group_decorator.py for tasks to queue
[2024-02-24T11:52:31.705-0600] {logging_mixin.py:188} INFO - [2024-02-24T11:52:31.705-0600] {dagbag.py:538} INFO - Filling up the DagBag from /Users/vamseekrishna/Desktop/F1_Data_Warehouse/f1datawarehouse/lib/python3.9/site-packages/airflow/example_dags/example_task_group_decorator.py
[2024-02-24T11:52:31.725-0600] {processor.py:840} INFO - DAG(s) 'example_task_group_decorator' retrieved from /Users/vamseekrishna/Desktop/F1_Data_Warehouse/f1datawarehouse/lib/python3.9/site-packages/airflow/example_dags/example_task_group_decorator.py
[2024-02-24T11:52:31.773-0600] {logging_mixin.py:188} INFO - [2024-02-24T11:52:31.773-0600] {dag.py:3036} INFO - Sync 1 DAGs
[2024-02-24T11:52:31.781-0600] {logging_mixin.py:188} INFO - [2024-02-24T11:52:31.781-0600] {dag.py:3823} INFO - Setting next_dagrun for example_task_group_decorator to 2024-02-23 00:00:00+00:00, run_after=2024-02-24 00:00:00+00:00
[2024-02-24T11:52:31.791-0600] {processor.py:183} INFO - Processing /Users/vamseekrishna/Desktop/F1_Data_Warehouse/f1datawarehouse/lib/python3.9/site-packages/airflow/example_dags/example_task_group_decorator.py took 0.089 seconds
[2024-02-24T11:53:41.455-0600] {processor.py:161} INFO - Started process (PID=75498) to work on /Users/vamseekrishna/Desktop/F1_Data_Warehouse/f1datawarehouse/lib/python3.9/site-packages/airflow/example_dags/example_task_group_decorator.py
[2024-02-24T11:53:41.457-0600] {processor.py:830} INFO - Processing file /Users/vamseekrishna/Desktop/F1_Data_Warehouse/f1datawarehouse/lib/python3.9/site-packages/airflow/example_dags/example_task_group_decorator.py for tasks to queue
[2024-02-24T11:53:41.457-0600] {logging_mixin.py:188} INFO - [2024-02-24T11:53:41.457-0600] {dagbag.py:538} INFO - Filling up the DagBag from /Users/vamseekrishna/Desktop/F1_Data_Warehouse/f1datawarehouse/lib/python3.9/site-packages/airflow/example_dags/example_task_group_decorator.py
[2024-02-24T11:53:41.478-0600] {processor.py:840} INFO - DAG(s) 'example_task_group_decorator' retrieved from /Users/vamseekrishna/Desktop/F1_Data_Warehouse/f1datawarehouse/lib/python3.9/site-packages/airflow/example_dags/example_task_group_decorator.py
[2024-02-24T11:53:41.530-0600] {logging_mixin.py:188} INFO - [2024-02-24T11:53:41.529-0600] {dag.py:3036} INFO - Sync 1 DAGs
[2024-02-24T11:53:41.542-0600] {logging_mixin.py:188} INFO - [2024-02-24T11:53:41.542-0600] {dag.py:3823} INFO - Setting next_dagrun for example_task_group_decorator to 2024-02-23 00:00:00+00:00, run_after=2024-02-24 00:00:00+00:00
[2024-02-24T11:53:41.554-0600] {processor.py:183} INFO - Processing /Users/vamseekrishna/Desktop/F1_Data_Warehouse/f1datawarehouse/lib/python3.9/site-packages/airflow/example_dags/example_task_group_decorator.py took 0.099 seconds
[2024-02-24T11:54:40.423-0600] {processor.py:161} INFO - Started process (PID=75541) to work on /Users/vamseekrishna/Desktop/F1_Data_Warehouse/f1datawarehouse/lib/python3.9/site-packages/airflow/example_dags/example_task_group_decorator.py
[2024-02-24T11:54:40.425-0600] {processor.py:830} INFO - Processing file /Users/vamseekrishna/Desktop/F1_Data_Warehouse/f1datawarehouse/lib/python3.9/site-packages/airflow/example_dags/example_task_group_decorator.py for tasks to queue
[2024-02-24T11:54:40.425-0600] {logging_mixin.py:188} INFO - [2024-02-24T11:54:40.425-0600] {dagbag.py:538} INFO - Filling up the DagBag from /Users/vamseekrishna/Desktop/F1_Data_Warehouse/f1datawarehouse/lib/python3.9/site-packages/airflow/example_dags/example_task_group_decorator.py
[2024-02-24T11:54:40.444-0600] {processor.py:840} INFO - DAG(s) 'example_task_group_decorator' retrieved from /Users/vamseekrishna/Desktop/F1_Data_Warehouse/f1datawarehouse/lib/python3.9/site-packages/airflow/example_dags/example_task_group_decorator.py
[2024-02-24T11:54:40.494-0600] {logging_mixin.py:188} INFO - [2024-02-24T11:54:40.493-0600] {dag.py:3036} INFO - Sync 1 DAGs
[2024-02-24T11:54:40.502-0600] {logging_mixin.py:188} INFO - [2024-02-24T11:54:40.502-0600] {dag.py:3823} INFO - Setting next_dagrun for example_task_group_decorator to 2024-02-23 00:00:00+00:00, run_after=2024-02-24 00:00:00+00:00
[2024-02-24T11:54:40.512-0600] {processor.py:183} INFO - Processing /Users/vamseekrishna/Desktop/F1_Data_Warehouse/f1datawarehouse/lib/python3.9/site-packages/airflow/example_dags/example_task_group_decorator.py took 0.090 seconds
[2024-02-24T11:56:29.977-0600] {processor.py:161} INFO - Started process (PID=75635) to work on /Users/vamseekrishna/Desktop/F1_Data_Warehouse/f1datawarehouse/lib/python3.9/site-packages/airflow/example_dags/example_task_group_decorator.py
[2024-02-24T11:56:29.979-0600] {processor.py:830} INFO - Processing file /Users/vamseekrishna/Desktop/F1_Data_Warehouse/f1datawarehouse/lib/python3.9/site-packages/airflow/example_dags/example_task_group_decorator.py for tasks to queue
[2024-02-24T11:56:29.979-0600] {logging_mixin.py:188} INFO - [2024-02-24T11:56:29.979-0600] {dagbag.py:538} INFO - Filling up the DagBag from /Users/vamseekrishna/Desktop/F1_Data_Warehouse/f1datawarehouse/lib/python3.9/site-packages/airflow/example_dags/example_task_group_decorator.py
[2024-02-24T11:56:29.997-0600] {processor.py:840} INFO - DAG(s) 'example_task_group_decorator' retrieved from /Users/vamseekrishna/Desktop/F1_Data_Warehouse/f1datawarehouse/lib/python3.9/site-packages/airflow/example_dags/example_task_group_decorator.py
[2024-02-24T11:56:30.049-0600] {logging_mixin.py:188} INFO - [2024-02-24T11:56:30.049-0600] {dag.py:3036} INFO - Sync 1 DAGs
[2024-02-24T11:56:30.058-0600] {logging_mixin.py:188} INFO - [2024-02-24T11:56:30.057-0600] {dag.py:3823} INFO - Setting next_dagrun for example_task_group_decorator to 2024-02-23 00:00:00+00:00, run_after=2024-02-24 00:00:00+00:00
[2024-02-24T11:56:30.066-0600] {processor.py:183} INFO - Processing /Users/vamseekrishna/Desktop/F1_Data_Warehouse/f1datawarehouse/lib/python3.9/site-packages/airflow/example_dags/example_task_group_decorator.py took 0.090 seconds
[2024-02-24T11:57:29.299-0600] {processor.py:161} INFO - Started process (PID=75684) to work on /Users/vamseekrishna/Desktop/F1_Data_Warehouse/f1datawarehouse/lib/python3.9/site-packages/airflow/example_dags/example_task_group_decorator.py
[2024-02-24T11:57:29.307-0600] {processor.py:830} INFO - Processing file /Users/vamseekrishna/Desktop/F1_Data_Warehouse/f1datawarehouse/lib/python3.9/site-packages/airflow/example_dags/example_task_group_decorator.py for tasks to queue
[2024-02-24T11:57:29.307-0600] {logging_mixin.py:188} INFO - [2024-02-24T11:57:29.307-0600] {dagbag.py:538} INFO - Filling up the DagBag from /Users/vamseekrishna/Desktop/F1_Data_Warehouse/f1datawarehouse/lib/python3.9/site-packages/airflow/example_dags/example_task_group_decorator.py
[2024-02-24T11:57:29.329-0600] {processor.py:840} INFO - DAG(s) 'example_task_group_decorator' retrieved from /Users/vamseekrishna/Desktop/F1_Data_Warehouse/f1datawarehouse/lib/python3.9/site-packages/airflow/example_dags/example_task_group_decorator.py
[2024-02-24T11:57:29.384-0600] {logging_mixin.py:188} INFO - [2024-02-24T11:57:29.384-0600] {dag.py:3036} INFO - Sync 1 DAGs
[2024-02-24T11:57:29.393-0600] {logging_mixin.py:188} INFO - [2024-02-24T11:57:29.393-0600] {dag.py:3823} INFO - Setting next_dagrun for example_task_group_decorator to 2024-02-23 00:00:00+00:00, run_after=2024-02-24 00:00:00+00:00
[2024-02-24T11:57:29.402-0600] {processor.py:183} INFO - Processing /Users/vamseekrishna/Desktop/F1_Data_Warehouse/f1datawarehouse/lib/python3.9/site-packages/airflow/example_dags/example_task_group_decorator.py took 0.104 seconds
[2024-02-24T11:58:30.216-0600] {processor.py:161} INFO - Started process (PID=75725) to work on /Users/vamseekrishna/Desktop/F1_Data_Warehouse/f1datawarehouse/lib/python3.9/site-packages/airflow/example_dags/example_task_group_decorator.py
[2024-02-24T11:58:30.218-0600] {processor.py:830} INFO - Processing file /Users/vamseekrishna/Desktop/F1_Data_Warehouse/f1datawarehouse/lib/python3.9/site-packages/airflow/example_dags/example_task_group_decorator.py for tasks to queue
[2024-02-24T11:58:30.218-0600] {logging_mixin.py:188} INFO - [2024-02-24T11:58:30.218-0600] {dagbag.py:538} INFO - Filling up the DagBag from /Users/vamseekrishna/Desktop/F1_Data_Warehouse/f1datawarehouse/lib/python3.9/site-packages/airflow/example_dags/example_task_group_decorator.py
[2024-02-24T11:58:30.238-0600] {processor.py:840} INFO - DAG(s) 'example_task_group_decorator' retrieved from /Users/vamseekrishna/Desktop/F1_Data_Warehouse/f1datawarehouse/lib/python3.9/site-packages/airflow/example_dags/example_task_group_decorator.py
[2024-02-24T11:58:30.289-0600] {logging_mixin.py:188} INFO - [2024-02-24T11:58:30.289-0600] {dag.py:3036} INFO - Sync 1 DAGs
[2024-02-24T11:58:30.299-0600] {logging_mixin.py:188} INFO - [2024-02-24T11:58:30.298-0600] {dag.py:3823} INFO - Setting next_dagrun for example_task_group_decorator to 2024-02-23 00:00:00+00:00, run_after=2024-02-24 00:00:00+00:00
[2024-02-24T11:58:30.307-0600] {processor.py:183} INFO - Processing /Users/vamseekrishna/Desktop/F1_Data_Warehouse/f1datawarehouse/lib/python3.9/site-packages/airflow/example_dags/example_task_group_decorator.py took 0.091 seconds
[2024-02-24T11:59:40.031-0600] {processor.py:161} INFO - Started process (PID=75885) to work on /Users/vamseekrishna/Desktop/F1_Data_Warehouse/f1datawarehouse/lib/python3.9/site-packages/airflow/example_dags/example_task_group_decorator.py
[2024-02-24T11:59:40.033-0600] {processor.py:830} INFO - Processing file /Users/vamseekrishna/Desktop/F1_Data_Warehouse/f1datawarehouse/lib/python3.9/site-packages/airflow/example_dags/example_task_group_decorator.py for tasks to queue
[2024-02-24T11:59:40.033-0600] {logging_mixin.py:188} INFO - [2024-02-24T11:59:40.033-0600] {dagbag.py:538} INFO - Filling up the DagBag from /Users/vamseekrishna/Desktop/F1_Data_Warehouse/f1datawarehouse/lib/python3.9/site-packages/airflow/example_dags/example_task_group_decorator.py
[2024-02-24T11:59:40.053-0600] {processor.py:840} INFO - DAG(s) 'example_task_group_decorator' retrieved from /Users/vamseekrishna/Desktop/F1_Data_Warehouse/f1datawarehouse/lib/python3.9/site-packages/airflow/example_dags/example_task_group_decorator.py
[2024-02-24T11:59:40.104-0600] {logging_mixin.py:188} INFO - [2024-02-24T11:59:40.104-0600] {dag.py:3036} INFO - Sync 1 DAGs
[2024-02-24T11:59:40.113-0600] {logging_mixin.py:188} INFO - [2024-02-24T11:59:40.113-0600] {dag.py:3823} INFO - Setting next_dagrun for example_task_group_decorator to 2024-02-23 00:00:00+00:00, run_after=2024-02-24 00:00:00+00:00
[2024-02-24T11:59:40.123-0600] {processor.py:183} INFO - Processing /Users/vamseekrishna/Desktop/F1_Data_Warehouse/f1datawarehouse/lib/python3.9/site-packages/airflow/example_dags/example_task_group_decorator.py took 0.093 seconds
[2024-02-24T12:00:47.934-0600] {processor.py:161} INFO - Started process (PID=75948) to work on /Users/vamseekrishna/Desktop/F1_Data_Warehouse/f1datawarehouse/lib/python3.9/site-packages/airflow/example_dags/example_task_group_decorator.py
[2024-02-24T12:00:47.936-0600] {processor.py:830} INFO - Processing file /Users/vamseekrishna/Desktop/F1_Data_Warehouse/f1datawarehouse/lib/python3.9/site-packages/airflow/example_dags/example_task_group_decorator.py for tasks to queue
[2024-02-24T12:00:47.936-0600] {logging_mixin.py:188} INFO - [2024-02-24T12:00:47.936-0600] {dagbag.py:538} INFO - Filling up the DagBag from /Users/vamseekrishna/Desktop/F1_Data_Warehouse/f1datawarehouse/lib/python3.9/site-packages/airflow/example_dags/example_task_group_decorator.py
[2024-02-24T12:00:47.954-0600] {processor.py:840} INFO - DAG(s) 'example_task_group_decorator' retrieved from /Users/vamseekrishna/Desktop/F1_Data_Warehouse/f1datawarehouse/lib/python3.9/site-packages/airflow/example_dags/example_task_group_decorator.py
[2024-02-24T12:00:48.004-0600] {logging_mixin.py:188} INFO - [2024-02-24T12:00:48.003-0600] {dag.py:3036} INFO - Sync 1 DAGs
[2024-02-24T12:00:48.012-0600] {logging_mixin.py:188} INFO - [2024-02-24T12:00:48.012-0600] {dag.py:3823} INFO - Setting next_dagrun for example_task_group_decorator to 2024-02-23 00:00:00+00:00, run_after=2024-02-24 00:00:00+00:00
[2024-02-24T12:00:48.020-0600] {processor.py:183} INFO - Processing /Users/vamseekrishna/Desktop/F1_Data_Warehouse/f1datawarehouse/lib/python3.9/site-packages/airflow/example_dags/example_task_group_decorator.py took 0.086 seconds
[2024-02-24T12:01:50.411-0600] {processor.py:161} INFO - Started process (PID=76022) to work on /Users/vamseekrishna/Desktop/F1_Data_Warehouse/f1datawarehouse/lib/python3.9/site-packages/airflow/example_dags/example_task_group_decorator.py
[2024-02-24T12:01:50.413-0600] {processor.py:830} INFO - Processing file /Users/vamseekrishna/Desktop/F1_Data_Warehouse/f1datawarehouse/lib/python3.9/site-packages/airflow/example_dags/example_task_group_decorator.py for tasks to queue
[2024-02-24T12:01:50.413-0600] {logging_mixin.py:188} INFO - [2024-02-24T12:01:50.413-0600] {dagbag.py:538} INFO - Filling up the DagBag from /Users/vamseekrishna/Desktop/F1_Data_Warehouse/f1datawarehouse/lib/python3.9/site-packages/airflow/example_dags/example_task_group_decorator.py
[2024-02-24T12:01:50.434-0600] {processor.py:840} INFO - DAG(s) 'example_task_group_decorator' retrieved from /Users/vamseekrishna/Desktop/F1_Data_Warehouse/f1datawarehouse/lib/python3.9/site-packages/airflow/example_dags/example_task_group_decorator.py
[2024-02-24T12:01:50.496-0600] {logging_mixin.py:188} INFO - [2024-02-24T12:01:50.495-0600] {dag.py:3036} INFO - Sync 1 DAGs
[2024-02-24T12:01:50.506-0600] {logging_mixin.py:188} INFO - [2024-02-24T12:01:50.506-0600] {dag.py:3823} INFO - Setting next_dagrun for example_task_group_decorator to 2024-02-23 00:00:00+00:00, run_after=2024-02-24 00:00:00+00:00
[2024-02-24T12:01:50.515-0600] {processor.py:183} INFO - Processing /Users/vamseekrishna/Desktop/F1_Data_Warehouse/f1datawarehouse/lib/python3.9/site-packages/airflow/example_dags/example_task_group_decorator.py took 0.105 seconds
[2024-02-24T12:02:47.506-0600] {processor.py:161} INFO - Started process (PID=76080) to work on /Users/vamseekrishna/Desktop/F1_Data_Warehouse/f1datawarehouse/lib/python3.9/site-packages/airflow/example_dags/example_task_group_decorator.py
[2024-02-24T12:02:47.508-0600] {processor.py:830} INFO - Processing file /Users/vamseekrishna/Desktop/F1_Data_Warehouse/f1datawarehouse/lib/python3.9/site-packages/airflow/example_dags/example_task_group_decorator.py for tasks to queue
[2024-02-24T12:02:47.509-0600] {logging_mixin.py:188} INFO - [2024-02-24T12:02:47.509-0600] {dagbag.py:538} INFO - Filling up the DagBag from /Users/vamseekrishna/Desktop/F1_Data_Warehouse/f1datawarehouse/lib/python3.9/site-packages/airflow/example_dags/example_task_group_decorator.py
[2024-02-24T12:02:47.527-0600] {processor.py:840} INFO - DAG(s) 'example_task_group_decorator' retrieved from /Users/vamseekrishna/Desktop/F1_Data_Warehouse/f1datawarehouse/lib/python3.9/site-packages/airflow/example_dags/example_task_group_decorator.py
[2024-02-24T12:02:47.576-0600] {logging_mixin.py:188} INFO - [2024-02-24T12:02:47.576-0600] {dag.py:3036} INFO - Sync 1 DAGs
[2024-02-24T12:02:47.584-0600] {logging_mixin.py:188} INFO - [2024-02-24T12:02:47.584-0600] {dag.py:3823} INFO - Setting next_dagrun for example_task_group_decorator to 2024-02-23 00:00:00+00:00, run_after=2024-02-24 00:00:00+00:00
[2024-02-24T12:02:47.593-0600] {processor.py:183} INFO - Processing /Users/vamseekrishna/Desktop/F1_Data_Warehouse/f1datawarehouse/lib/python3.9/site-packages/airflow/example_dags/example_task_group_decorator.py took 0.087 seconds
[2024-02-24T12:19:50.752-0600] {processor.py:161} INFO - Started process (PID=76237) to work on /Users/vamseekrishna/Desktop/F1_Data_Warehouse/f1datawarehouse/lib/python3.9/site-packages/airflow/example_dags/example_task_group_decorator.py
[2024-02-24T12:19:50.754-0600] {processor.py:830} INFO - Processing file /Users/vamseekrishna/Desktop/F1_Data_Warehouse/f1datawarehouse/lib/python3.9/site-packages/airflow/example_dags/example_task_group_decorator.py for tasks to queue
[2024-02-24T12:19:50.754-0600] {logging_mixin.py:188} INFO - [2024-02-24T12:19:50.754-0600] {dagbag.py:538} INFO - Filling up the DagBag from /Users/vamseekrishna/Desktop/F1_Data_Warehouse/f1datawarehouse/lib/python3.9/site-packages/airflow/example_dags/example_task_group_decorator.py
[2024-02-24T12:19:50.774-0600] {processor.py:840} INFO - DAG(s) 'example_task_group_decorator' retrieved from /Users/vamseekrishna/Desktop/F1_Data_Warehouse/f1datawarehouse/lib/python3.9/site-packages/airflow/example_dags/example_task_group_decorator.py
[2024-02-24T12:19:50.823-0600] {logging_mixin.py:188} INFO - [2024-02-24T12:19:50.823-0600] {dag.py:3036} INFO - Sync 1 DAGs
[2024-02-24T12:19:50.831-0600] {logging_mixin.py:188} INFO - [2024-02-24T12:19:50.831-0600] {dag.py:3823} INFO - Setting next_dagrun for example_task_group_decorator to 2024-02-23 00:00:00+00:00, run_after=2024-02-24 00:00:00+00:00
[2024-02-24T12:19:50.841-0600] {processor.py:183} INFO - Processing /Users/vamseekrishna/Desktop/F1_Data_Warehouse/f1datawarehouse/lib/python3.9/site-packages/airflow/example_dags/example_task_group_decorator.py took 0.090 seconds
[2024-02-24T12:38:10.365-0600] {processor.py:161} INFO - Started process (PID=76380) to work on /Users/vamseekrishna/Desktop/F1_Data_Warehouse/f1datawarehouse/lib/python3.9/site-packages/airflow/example_dags/example_task_group_decorator.py
[2024-02-24T12:38:10.366-0600] {processor.py:830} INFO - Processing file /Users/vamseekrishna/Desktop/F1_Data_Warehouse/f1datawarehouse/lib/python3.9/site-packages/airflow/example_dags/example_task_group_decorator.py for tasks to queue
[2024-02-24T12:38:10.366-0600] {logging_mixin.py:188} INFO - [2024-02-24T12:38:10.366-0600] {dagbag.py:538} INFO - Filling up the DagBag from /Users/vamseekrishna/Desktop/F1_Data_Warehouse/f1datawarehouse/lib/python3.9/site-packages/airflow/example_dags/example_task_group_decorator.py
[2024-02-24T12:38:10.385-0600] {processor.py:840} INFO - DAG(s) 'example_task_group_decorator' retrieved from /Users/vamseekrishna/Desktop/F1_Data_Warehouse/f1datawarehouse/lib/python3.9/site-packages/airflow/example_dags/example_task_group_decorator.py
[2024-02-24T12:38:10.434-0600] {logging_mixin.py:188} INFO - [2024-02-24T12:38:10.434-0600] {dag.py:3036} INFO - Sync 1 DAGs
[2024-02-24T12:38:10.443-0600] {logging_mixin.py:188} INFO - [2024-02-24T12:38:10.442-0600] {dag.py:3823} INFO - Setting next_dagrun for example_task_group_decorator to 2024-02-23 00:00:00+00:00, run_after=2024-02-24 00:00:00+00:00
[2024-02-24T12:38:10.451-0600] {processor.py:183} INFO - Processing /Users/vamseekrishna/Desktop/F1_Data_Warehouse/f1datawarehouse/lib/python3.9/site-packages/airflow/example_dags/example_task_group_decorator.py took 0.087 seconds
[2024-02-24T12:39:17.141-0600] {processor.py:161} INFO - Started process (PID=76463) to work on /Users/vamseekrishna/Desktop/F1_Data_Warehouse/f1datawarehouse/lib/python3.9/site-packages/airflow/example_dags/example_task_group_decorator.py
[2024-02-24T12:39:17.142-0600] {processor.py:830} INFO - Processing file /Users/vamseekrishna/Desktop/F1_Data_Warehouse/f1datawarehouse/lib/python3.9/site-packages/airflow/example_dags/example_task_group_decorator.py for tasks to queue
[2024-02-24T12:39:17.143-0600] {logging_mixin.py:188} INFO - [2024-02-24T12:39:17.143-0600] {dagbag.py:538} INFO - Filling up the DagBag from /Users/vamseekrishna/Desktop/F1_Data_Warehouse/f1datawarehouse/lib/python3.9/site-packages/airflow/example_dags/example_task_group_decorator.py
[2024-02-24T12:39:17.163-0600] {processor.py:840} INFO - DAG(s) 'example_task_group_decorator' retrieved from /Users/vamseekrishna/Desktop/F1_Data_Warehouse/f1datawarehouse/lib/python3.9/site-packages/airflow/example_dags/example_task_group_decorator.py
[2024-02-24T12:39:17.215-0600] {logging_mixin.py:188} INFO - [2024-02-24T12:39:17.214-0600] {dag.py:3036} INFO - Sync 1 DAGs
[2024-02-24T12:39:17.223-0600] {logging_mixin.py:188} INFO - [2024-02-24T12:39:17.223-0600] {dag.py:3823} INFO - Setting next_dagrun for example_task_group_decorator to 2024-02-23 00:00:00+00:00, run_after=2024-02-24 00:00:00+00:00
[2024-02-24T12:39:17.235-0600] {processor.py:183} INFO - Processing /Users/vamseekrishna/Desktop/F1_Data_Warehouse/f1datawarehouse/lib/python3.9/site-packages/airflow/example_dags/example_task_group_decorator.py took 0.095 seconds
[2024-02-24T12:40:17.171-0600] {processor.py:161} INFO - Started process (PID=76524) to work on /Users/vamseekrishna/Desktop/F1_Data_Warehouse/f1datawarehouse/lib/python3.9/site-packages/airflow/example_dags/example_task_group_decorator.py
[2024-02-24T12:40:17.173-0600] {processor.py:830} INFO - Processing file /Users/vamseekrishna/Desktop/F1_Data_Warehouse/f1datawarehouse/lib/python3.9/site-packages/airflow/example_dags/example_task_group_decorator.py for tasks to queue
[2024-02-24T12:40:17.174-0600] {logging_mixin.py:188} INFO - [2024-02-24T12:40:17.174-0600] {dagbag.py:538} INFO - Filling up the DagBag from /Users/vamseekrishna/Desktop/F1_Data_Warehouse/f1datawarehouse/lib/python3.9/site-packages/airflow/example_dags/example_task_group_decorator.py
[2024-02-24T12:40:17.193-0600] {processor.py:840} INFO - DAG(s) 'example_task_group_decorator' retrieved from /Users/vamseekrishna/Desktop/F1_Data_Warehouse/f1datawarehouse/lib/python3.9/site-packages/airflow/example_dags/example_task_group_decorator.py
[2024-02-24T12:40:17.241-0600] {logging_mixin.py:188} INFO - [2024-02-24T12:40:17.241-0600] {dag.py:3036} INFO - Sync 1 DAGs
[2024-02-24T12:40:17.251-0600] {logging_mixin.py:188} INFO - [2024-02-24T12:40:17.251-0600] {dag.py:3823} INFO - Setting next_dagrun for example_task_group_decorator to 2024-02-23 00:00:00+00:00, run_after=2024-02-24 00:00:00+00:00
[2024-02-24T12:40:17.259-0600] {processor.py:183} INFO - Processing /Users/vamseekrishna/Desktop/F1_Data_Warehouse/f1datawarehouse/lib/python3.9/site-packages/airflow/example_dags/example_task_group_decorator.py took 0.089 seconds
[2024-02-24T12:41:16.395-0600] {processor.py:161} INFO - Started process (PID=76565) to work on /Users/vamseekrishna/Desktop/F1_Data_Warehouse/f1datawarehouse/lib/python3.9/site-packages/airflow/example_dags/example_task_group_decorator.py
[2024-02-24T12:41:16.397-0600] {processor.py:830} INFO - Processing file /Users/vamseekrishna/Desktop/F1_Data_Warehouse/f1datawarehouse/lib/python3.9/site-packages/airflow/example_dags/example_task_group_decorator.py for tasks to queue
[2024-02-24T12:41:16.397-0600] {logging_mixin.py:188} INFO - [2024-02-24T12:41:16.397-0600] {dagbag.py:538} INFO - Filling up the DagBag from /Users/vamseekrishna/Desktop/F1_Data_Warehouse/f1datawarehouse/lib/python3.9/site-packages/airflow/example_dags/example_task_group_decorator.py
[2024-02-24T12:41:16.417-0600] {processor.py:840} INFO - DAG(s) 'example_task_group_decorator' retrieved from /Users/vamseekrishna/Desktop/F1_Data_Warehouse/f1datawarehouse/lib/python3.9/site-packages/airflow/example_dags/example_task_group_decorator.py
[2024-02-24T12:41:16.465-0600] {logging_mixin.py:188} INFO - [2024-02-24T12:41:16.465-0600] {dag.py:3036} INFO - Sync 1 DAGs
[2024-02-24T12:41:16.474-0600] {logging_mixin.py:188} INFO - [2024-02-24T12:41:16.473-0600] {dag.py:3823} INFO - Setting next_dagrun for example_task_group_decorator to 2024-02-23 00:00:00+00:00, run_after=2024-02-24 00:00:00+00:00
[2024-02-24T12:41:16.483-0600] {processor.py:183} INFO - Processing /Users/vamseekrishna/Desktop/F1_Data_Warehouse/f1datawarehouse/lib/python3.9/site-packages/airflow/example_dags/example_task_group_decorator.py took 0.089 seconds
[2024-02-24T12:42:18.146-0600] {processor.py:161} INFO - Started process (PID=76621) to work on /Users/vamseekrishna/Desktop/F1_Data_Warehouse/f1datawarehouse/lib/python3.9/site-packages/airflow/example_dags/example_task_group_decorator.py
[2024-02-24T12:42:18.149-0600] {processor.py:830} INFO - Processing file /Users/vamseekrishna/Desktop/F1_Data_Warehouse/f1datawarehouse/lib/python3.9/site-packages/airflow/example_dags/example_task_group_decorator.py for tasks to queue
[2024-02-24T12:42:18.149-0600] {logging_mixin.py:188} INFO - [2024-02-24T12:42:18.149-0600] {dagbag.py:538} INFO - Filling up the DagBag from /Users/vamseekrishna/Desktop/F1_Data_Warehouse/f1datawarehouse/lib/python3.9/site-packages/airflow/example_dags/example_task_group_decorator.py
[2024-02-24T12:42:18.169-0600] {processor.py:840} INFO - DAG(s) 'example_task_group_decorator' retrieved from /Users/vamseekrishna/Desktop/F1_Data_Warehouse/f1datawarehouse/lib/python3.9/site-packages/airflow/example_dags/example_task_group_decorator.py
[2024-02-24T12:42:18.219-0600] {logging_mixin.py:188} INFO - [2024-02-24T12:42:18.218-0600] {dag.py:3036} INFO - Sync 1 DAGs
[2024-02-24T12:42:18.228-0600] {logging_mixin.py:188} INFO - [2024-02-24T12:42:18.228-0600] {dag.py:3823} INFO - Setting next_dagrun for example_task_group_decorator to 2024-02-23 00:00:00+00:00, run_after=2024-02-24 00:00:00+00:00
[2024-02-24T12:42:18.237-0600] {processor.py:183} INFO - Processing /Users/vamseekrishna/Desktop/F1_Data_Warehouse/f1datawarehouse/lib/python3.9/site-packages/airflow/example_dags/example_task_group_decorator.py took 0.091 seconds
[2024-02-24T12:43:20.629-0600] {processor.py:161} INFO - Started process (PID=76681) to work on /Users/vamseekrishna/Desktop/F1_Data_Warehouse/f1datawarehouse/lib/python3.9/site-packages/airflow/example_dags/example_task_group_decorator.py
[2024-02-24T12:43:20.631-0600] {processor.py:830} INFO - Processing file /Users/vamseekrishna/Desktop/F1_Data_Warehouse/f1datawarehouse/lib/python3.9/site-packages/airflow/example_dags/example_task_group_decorator.py for tasks to queue
[2024-02-24T12:43:20.632-0600] {logging_mixin.py:188} INFO - [2024-02-24T12:43:20.632-0600] {dagbag.py:538} INFO - Filling up the DagBag from /Users/vamseekrishna/Desktop/F1_Data_Warehouse/f1datawarehouse/lib/python3.9/site-packages/airflow/example_dags/example_task_group_decorator.py
[2024-02-24T12:43:20.651-0600] {processor.py:840} INFO - DAG(s) 'example_task_group_decorator' retrieved from /Users/vamseekrishna/Desktop/F1_Data_Warehouse/f1datawarehouse/lib/python3.9/site-packages/airflow/example_dags/example_task_group_decorator.py
[2024-02-24T12:43:20.701-0600] {logging_mixin.py:188} INFO - [2024-02-24T12:43:20.700-0600] {dag.py:3036} INFO - Sync 1 DAGs
[2024-02-24T12:43:20.711-0600] {logging_mixin.py:188} INFO - [2024-02-24T12:43:20.711-0600] {dag.py:3823} INFO - Setting next_dagrun for example_task_group_decorator to 2024-02-23 00:00:00+00:00, run_after=2024-02-24 00:00:00+00:00
[2024-02-24T12:43:20.721-0600] {processor.py:183} INFO - Processing /Users/vamseekrishna/Desktop/F1_Data_Warehouse/f1datawarehouse/lib/python3.9/site-packages/airflow/example_dags/example_task_group_decorator.py took 0.093 seconds
[2024-02-24T12:44:22.754-0600] {processor.py:161} INFO - Started process (PID=76798) to work on /Users/vamseekrishna/Desktop/F1_Data_Warehouse/f1datawarehouse/lib/python3.9/site-packages/airflow/example_dags/example_task_group_decorator.py
[2024-02-24T12:44:22.756-0600] {processor.py:830} INFO - Processing file /Users/vamseekrishna/Desktop/F1_Data_Warehouse/f1datawarehouse/lib/python3.9/site-packages/airflow/example_dags/example_task_group_decorator.py for tasks to queue
[2024-02-24T12:44:22.756-0600] {logging_mixin.py:188} INFO - [2024-02-24T12:44:22.756-0600] {dagbag.py:538} INFO - Filling up the DagBag from /Users/vamseekrishna/Desktop/F1_Data_Warehouse/f1datawarehouse/lib/python3.9/site-packages/airflow/example_dags/example_task_group_decorator.py
[2024-02-24T12:44:22.775-0600] {processor.py:840} INFO - DAG(s) 'example_task_group_decorator' retrieved from /Users/vamseekrishna/Desktop/F1_Data_Warehouse/f1datawarehouse/lib/python3.9/site-packages/airflow/example_dags/example_task_group_decorator.py
[2024-02-24T12:44:22.826-0600] {logging_mixin.py:188} INFO - [2024-02-24T12:44:22.826-0600] {dag.py:3036} INFO - Sync 1 DAGs
[2024-02-24T12:44:22.835-0600] {logging_mixin.py:188} INFO - [2024-02-24T12:44:22.834-0600] {dag.py:3823} INFO - Setting next_dagrun for example_task_group_decorator to 2024-02-23 00:00:00+00:00, run_after=2024-02-24 00:00:00+00:00
[2024-02-24T12:44:22.843-0600] {processor.py:183} INFO - Processing /Users/vamseekrishna/Desktop/F1_Data_Warehouse/f1datawarehouse/lib/python3.9/site-packages/airflow/example_dags/example_task_group_decorator.py took 0.089 seconds
[2024-02-24T12:45:35.606-0600] {processor.py:161} INFO - Started process (PID=76946) to work on /Users/vamseekrishna/Desktop/F1_Data_Warehouse/f1datawarehouse/lib/python3.9/site-packages/airflow/example_dags/example_task_group_decorator.py
[2024-02-24T12:45:35.607-0600] {processor.py:830} INFO - Processing file /Users/vamseekrishna/Desktop/F1_Data_Warehouse/f1datawarehouse/lib/python3.9/site-packages/airflow/example_dags/example_task_group_decorator.py for tasks to queue
[2024-02-24T12:45:35.607-0600] {logging_mixin.py:188} INFO - [2024-02-24T12:45:35.607-0600] {dagbag.py:538} INFO - Filling up the DagBag from /Users/vamseekrishna/Desktop/F1_Data_Warehouse/f1datawarehouse/lib/python3.9/site-packages/airflow/example_dags/example_task_group_decorator.py
[2024-02-24T12:45:35.627-0600] {processor.py:840} INFO - DAG(s) 'example_task_group_decorator' retrieved from /Users/vamseekrishna/Desktop/F1_Data_Warehouse/f1datawarehouse/lib/python3.9/site-packages/airflow/example_dags/example_task_group_decorator.py
[2024-02-24T12:45:35.677-0600] {logging_mixin.py:188} INFO - [2024-02-24T12:45:35.676-0600] {dag.py:3036} INFO - Sync 1 DAGs
[2024-02-24T12:45:35.685-0600] {logging_mixin.py:188} INFO - [2024-02-24T12:45:35.685-0600] {dag.py:3823} INFO - Setting next_dagrun for example_task_group_decorator to 2024-02-23 00:00:00+00:00, run_after=2024-02-24 00:00:00+00:00
[2024-02-24T12:45:35.695-0600] {processor.py:183} INFO - Processing /Users/vamseekrishna/Desktop/F1_Data_Warehouse/f1datawarehouse/lib/python3.9/site-packages/airflow/example_dags/example_task_group_decorator.py took 0.090 seconds
[2024-02-24T12:46:44.135-0600] {processor.py:161} INFO - Started process (PID=77001) to work on /Users/vamseekrishna/Desktop/F1_Data_Warehouse/f1datawarehouse/lib/python3.9/site-packages/airflow/example_dags/example_task_group_decorator.py
[2024-02-24T12:46:44.137-0600] {processor.py:830} INFO - Processing file /Users/vamseekrishna/Desktop/F1_Data_Warehouse/f1datawarehouse/lib/python3.9/site-packages/airflow/example_dags/example_task_group_decorator.py for tasks to queue
[2024-02-24T12:46:44.137-0600] {logging_mixin.py:188} INFO - [2024-02-24T12:46:44.137-0600] {dagbag.py:538} INFO - Filling up the DagBag from /Users/vamseekrishna/Desktop/F1_Data_Warehouse/f1datawarehouse/lib/python3.9/site-packages/airflow/example_dags/example_task_group_decorator.py
[2024-02-24T12:46:44.158-0600] {processor.py:840} INFO - DAG(s) 'example_task_group_decorator' retrieved from /Users/vamseekrishna/Desktop/F1_Data_Warehouse/f1datawarehouse/lib/python3.9/site-packages/airflow/example_dags/example_task_group_decorator.py
[2024-02-24T12:46:44.209-0600] {logging_mixin.py:188} INFO - [2024-02-24T12:46:44.209-0600] {dag.py:3036} INFO - Sync 1 DAGs
[2024-02-24T12:46:44.220-0600] {logging_mixin.py:188} INFO - [2024-02-24T12:46:44.219-0600] {dag.py:3823} INFO - Setting next_dagrun for example_task_group_decorator to 2024-02-23 00:00:00+00:00, run_after=2024-02-24 00:00:00+00:00
[2024-02-24T12:46:44.229-0600] {processor.py:183} INFO - Processing /Users/vamseekrishna/Desktop/F1_Data_Warehouse/f1datawarehouse/lib/python3.9/site-packages/airflow/example_dags/example_task_group_decorator.py took 0.095 seconds
[2024-02-24T12:47:48.129-0600] {processor.py:161} INFO - Started process (PID=77054) to work on /Users/vamseekrishna/Desktop/F1_Data_Warehouse/f1datawarehouse/lib/python3.9/site-packages/airflow/example_dags/example_task_group_decorator.py
[2024-02-24T12:47:48.131-0600] {processor.py:830} INFO - Processing file /Users/vamseekrishna/Desktop/F1_Data_Warehouse/f1datawarehouse/lib/python3.9/site-packages/airflow/example_dags/example_task_group_decorator.py for tasks to queue
[2024-02-24T12:47:48.131-0600] {logging_mixin.py:188} INFO - [2024-02-24T12:47:48.131-0600] {dagbag.py:538} INFO - Filling up the DagBag from /Users/vamseekrishna/Desktop/F1_Data_Warehouse/f1datawarehouse/lib/python3.9/site-packages/airflow/example_dags/example_task_group_decorator.py
[2024-02-24T12:47:48.153-0600] {processor.py:840} INFO - DAG(s) 'example_task_group_decorator' retrieved from /Users/vamseekrishna/Desktop/F1_Data_Warehouse/f1datawarehouse/lib/python3.9/site-packages/airflow/example_dags/example_task_group_decorator.py
[2024-02-24T12:47:48.213-0600] {logging_mixin.py:188} INFO - [2024-02-24T12:47:48.213-0600] {dag.py:3036} INFO - Sync 1 DAGs
[2024-02-24T12:47:48.222-0600] {logging_mixin.py:188} INFO - [2024-02-24T12:47:48.222-0600] {dag.py:3823} INFO - Setting next_dagrun for example_task_group_decorator to 2024-02-23 00:00:00+00:00, run_after=2024-02-24 00:00:00+00:00
[2024-02-24T12:47:48.233-0600] {processor.py:183} INFO - Processing /Users/vamseekrishna/Desktop/F1_Data_Warehouse/f1datawarehouse/lib/python3.9/site-packages/airflow/example_dags/example_task_group_decorator.py took 0.104 seconds
[2024-02-24T12:48:52.300-0600] {processor.py:161} INFO - Started process (PID=77106) to work on /Users/vamseekrishna/Desktop/F1_Data_Warehouse/f1datawarehouse/lib/python3.9/site-packages/airflow/example_dags/example_task_group_decorator.py
[2024-02-24T12:48:52.303-0600] {processor.py:830} INFO - Processing file /Users/vamseekrishna/Desktop/F1_Data_Warehouse/f1datawarehouse/lib/python3.9/site-packages/airflow/example_dags/example_task_group_decorator.py for tasks to queue
[2024-02-24T12:48:52.303-0600] {logging_mixin.py:188} INFO - [2024-02-24T12:48:52.303-0600] {dagbag.py:538} INFO - Filling up the DagBag from /Users/vamseekrishna/Desktop/F1_Data_Warehouse/f1datawarehouse/lib/python3.9/site-packages/airflow/example_dags/example_task_group_decorator.py
[2024-02-24T12:48:52.322-0600] {processor.py:840} INFO - DAG(s) 'example_task_group_decorator' retrieved from /Users/vamseekrishna/Desktop/F1_Data_Warehouse/f1datawarehouse/lib/python3.9/site-packages/airflow/example_dags/example_task_group_decorator.py
[2024-02-24T12:48:52.373-0600] {logging_mixin.py:188} INFO - [2024-02-24T12:48:52.373-0600] {dag.py:3036} INFO - Sync 1 DAGs
[2024-02-24T12:48:52.383-0600] {logging_mixin.py:188} INFO - [2024-02-24T12:48:52.383-0600] {dag.py:3823} INFO - Setting next_dagrun for example_task_group_decorator to 2024-02-23 00:00:00+00:00, run_after=2024-02-24 00:00:00+00:00
[2024-02-24T12:48:52.391-0600] {processor.py:183} INFO - Processing /Users/vamseekrishna/Desktop/F1_Data_Warehouse/f1datawarehouse/lib/python3.9/site-packages/airflow/example_dags/example_task_group_decorator.py took 0.092 seconds
[2024-02-24T12:49:56.665-0600] {processor.py:161} INFO - Started process (PID=77158) to work on /Users/vamseekrishna/Desktop/F1_Data_Warehouse/f1datawarehouse/lib/python3.9/site-packages/airflow/example_dags/example_task_group_decorator.py
[2024-02-24T12:49:56.667-0600] {processor.py:830} INFO - Processing file /Users/vamseekrishna/Desktop/F1_Data_Warehouse/f1datawarehouse/lib/python3.9/site-packages/airflow/example_dags/example_task_group_decorator.py for tasks to queue
[2024-02-24T12:49:56.667-0600] {logging_mixin.py:188} INFO - [2024-02-24T12:49:56.667-0600] {dagbag.py:538} INFO - Filling up the DagBag from /Users/vamseekrishna/Desktop/F1_Data_Warehouse/f1datawarehouse/lib/python3.9/site-packages/airflow/example_dags/example_task_group_decorator.py
[2024-02-24T12:49:56.688-0600] {processor.py:840} INFO - DAG(s) 'example_task_group_decorator' retrieved from /Users/vamseekrishna/Desktop/F1_Data_Warehouse/f1datawarehouse/lib/python3.9/site-packages/airflow/example_dags/example_task_group_decorator.py
[2024-02-24T12:49:56.737-0600] {logging_mixin.py:188} INFO - [2024-02-24T12:49:56.737-0600] {dag.py:3036} INFO - Sync 1 DAGs
[2024-02-24T12:49:56.746-0600] {logging_mixin.py:188} INFO - [2024-02-24T12:49:56.746-0600] {dag.py:3823} INFO - Setting next_dagrun for example_task_group_decorator to 2024-02-23 00:00:00+00:00, run_after=2024-02-24 00:00:00+00:00
[2024-02-24T12:49:56.757-0600] {processor.py:183} INFO - Processing /Users/vamseekrishna/Desktop/F1_Data_Warehouse/f1datawarehouse/lib/python3.9/site-packages/airflow/example_dags/example_task_group_decorator.py took 0.092 seconds
[2024-02-24T12:50:58.466-0600] {processor.py:161} INFO - Started process (PID=77203) to work on /Users/vamseekrishna/Desktop/F1_Data_Warehouse/f1datawarehouse/lib/python3.9/site-packages/airflow/example_dags/example_task_group_decorator.py
[2024-02-24T12:50:58.469-0600] {processor.py:830} INFO - Processing file /Users/vamseekrishna/Desktop/F1_Data_Warehouse/f1datawarehouse/lib/python3.9/site-packages/airflow/example_dags/example_task_group_decorator.py for tasks to queue
[2024-02-24T12:50:58.469-0600] {logging_mixin.py:188} INFO - [2024-02-24T12:50:58.469-0600] {dagbag.py:538} INFO - Filling up the DagBag from /Users/vamseekrishna/Desktop/F1_Data_Warehouse/f1datawarehouse/lib/python3.9/site-packages/airflow/example_dags/example_task_group_decorator.py
[2024-02-24T12:50:58.491-0600] {processor.py:840} INFO - DAG(s) 'example_task_group_decorator' retrieved from /Users/vamseekrishna/Desktop/F1_Data_Warehouse/f1datawarehouse/lib/python3.9/site-packages/airflow/example_dags/example_task_group_decorator.py
[2024-02-24T12:50:58.543-0600] {logging_mixin.py:188} INFO - [2024-02-24T12:50:58.543-0600] {dag.py:3036} INFO - Sync 1 DAGs
[2024-02-24T12:50:58.552-0600] {logging_mixin.py:188} INFO - [2024-02-24T12:50:58.552-0600] {dag.py:3823} INFO - Setting next_dagrun for example_task_group_decorator to 2024-02-23 00:00:00+00:00, run_after=2024-02-24 00:00:00+00:00
[2024-02-24T12:50:58.560-0600] {processor.py:183} INFO - Processing /Users/vamseekrishna/Desktop/F1_Data_Warehouse/f1datawarehouse/lib/python3.9/site-packages/airflow/example_dags/example_task_group_decorator.py took 0.094 seconds
[2024-02-24T12:52:02.153-0600] {processor.py:161} INFO - Started process (PID=77255) to work on /Users/vamseekrishna/Desktop/F1_Data_Warehouse/f1datawarehouse/lib/python3.9/site-packages/airflow/example_dags/example_task_group_decorator.py
[2024-02-24T12:52:02.156-0600] {processor.py:830} INFO - Processing file /Users/vamseekrishna/Desktop/F1_Data_Warehouse/f1datawarehouse/lib/python3.9/site-packages/airflow/example_dags/example_task_group_decorator.py for tasks to queue
[2024-02-24T12:52:02.156-0600] {logging_mixin.py:188} INFO - [2024-02-24T12:52:02.156-0600] {dagbag.py:538} INFO - Filling up the DagBag from /Users/vamseekrishna/Desktop/F1_Data_Warehouse/f1datawarehouse/lib/python3.9/site-packages/airflow/example_dags/example_task_group_decorator.py
[2024-02-24T12:52:02.175-0600] {processor.py:840} INFO - DAG(s) 'example_task_group_decorator' retrieved from /Users/vamseekrishna/Desktop/F1_Data_Warehouse/f1datawarehouse/lib/python3.9/site-packages/airflow/example_dags/example_task_group_decorator.py
[2024-02-24T12:52:02.225-0600] {logging_mixin.py:188} INFO - [2024-02-24T12:52:02.225-0600] {dag.py:3036} INFO - Sync 1 DAGs
[2024-02-24T12:52:02.235-0600] {logging_mixin.py:188} INFO - [2024-02-24T12:52:02.235-0600] {dag.py:3823} INFO - Setting next_dagrun for example_task_group_decorator to 2024-02-23 00:00:00+00:00, run_after=2024-02-24 00:00:00+00:00
[2024-02-24T12:52:02.243-0600] {processor.py:183} INFO - Processing /Users/vamseekrishna/Desktop/F1_Data_Warehouse/f1datawarehouse/lib/python3.9/site-packages/airflow/example_dags/example_task_group_decorator.py took 0.090 seconds
[2024-02-24T12:53:06.259-0600] {processor.py:161} INFO - Started process (PID=77311) to work on /Users/vamseekrishna/Desktop/F1_Data_Warehouse/f1datawarehouse/lib/python3.9/site-packages/airflow/example_dags/example_task_group_decorator.py
[2024-02-24T12:53:06.261-0600] {processor.py:830} INFO - Processing file /Users/vamseekrishna/Desktop/F1_Data_Warehouse/f1datawarehouse/lib/python3.9/site-packages/airflow/example_dags/example_task_group_decorator.py for tasks to queue
[2024-02-24T12:53:06.262-0600] {logging_mixin.py:188} INFO - [2024-02-24T12:53:06.262-0600] {dagbag.py:538} INFO - Filling up the DagBag from /Users/vamseekrishna/Desktop/F1_Data_Warehouse/f1datawarehouse/lib/python3.9/site-packages/airflow/example_dags/example_task_group_decorator.py
[2024-02-24T12:53:06.280-0600] {processor.py:840} INFO - DAG(s) 'example_task_group_decorator' retrieved from /Users/vamseekrishna/Desktop/F1_Data_Warehouse/f1datawarehouse/lib/python3.9/site-packages/airflow/example_dags/example_task_group_decorator.py
[2024-02-24T12:53:06.331-0600] {logging_mixin.py:188} INFO - [2024-02-24T12:53:06.330-0600] {dag.py:3036} INFO - Sync 1 DAGs
[2024-02-24T12:53:06.341-0600] {logging_mixin.py:188} INFO - [2024-02-24T12:53:06.341-0600] {dag.py:3823} INFO - Setting next_dagrun for example_task_group_decorator to 2024-02-23 00:00:00+00:00, run_after=2024-02-24 00:00:00+00:00
[2024-02-24T12:53:06.349-0600] {processor.py:183} INFO - Processing /Users/vamseekrishna/Desktop/F1_Data_Warehouse/f1datawarehouse/lib/python3.9/site-packages/airflow/example_dags/example_task_group_decorator.py took 0.091 seconds
[2024-02-24T12:54:11.084-0600] {processor.py:161} INFO - Started process (PID=77363) to work on /Users/vamseekrishna/Desktop/F1_Data_Warehouse/f1datawarehouse/lib/python3.9/site-packages/airflow/example_dags/example_task_group_decorator.py
[2024-02-24T12:54:11.087-0600] {processor.py:830} INFO - Processing file /Users/vamseekrishna/Desktop/F1_Data_Warehouse/f1datawarehouse/lib/python3.9/site-packages/airflow/example_dags/example_task_group_decorator.py for tasks to queue
[2024-02-24T12:54:11.087-0600] {logging_mixin.py:188} INFO - [2024-02-24T12:54:11.087-0600] {dagbag.py:538} INFO - Filling up the DagBag from /Users/vamseekrishna/Desktop/F1_Data_Warehouse/f1datawarehouse/lib/python3.9/site-packages/airflow/example_dags/example_task_group_decorator.py
[2024-02-24T12:54:11.108-0600] {processor.py:840} INFO - DAG(s) 'example_task_group_decorator' retrieved from /Users/vamseekrishna/Desktop/F1_Data_Warehouse/f1datawarehouse/lib/python3.9/site-packages/airflow/example_dags/example_task_group_decorator.py
[2024-02-24T12:54:11.159-0600] {logging_mixin.py:188} INFO - [2024-02-24T12:54:11.159-0600] {dag.py:3036} INFO - Sync 1 DAGs
[2024-02-24T12:54:11.168-0600] {logging_mixin.py:188} INFO - [2024-02-24T12:54:11.167-0600] {dag.py:3823} INFO - Setting next_dagrun for example_task_group_decorator to 2024-02-23 00:00:00+00:00, run_after=2024-02-24 00:00:00+00:00
[2024-02-24T12:54:11.179-0600] {processor.py:183} INFO - Processing /Users/vamseekrishna/Desktop/F1_Data_Warehouse/f1datawarehouse/lib/python3.9/site-packages/airflow/example_dags/example_task_group_decorator.py took 0.095 seconds
[2024-02-24T12:55:18.019-0600] {processor.py:161} INFO - Started process (PID=77429) to work on /Users/vamseekrishna/Desktop/F1_Data_Warehouse/f1datawarehouse/lib/python3.9/site-packages/airflow/example_dags/example_task_group_decorator.py
[2024-02-24T12:55:18.021-0600] {processor.py:830} INFO - Processing file /Users/vamseekrishna/Desktop/F1_Data_Warehouse/f1datawarehouse/lib/python3.9/site-packages/airflow/example_dags/example_task_group_decorator.py for tasks to queue
[2024-02-24T12:55:18.022-0600] {logging_mixin.py:188} INFO - [2024-02-24T12:55:18.022-0600] {dagbag.py:538} INFO - Filling up the DagBag from /Users/vamseekrishna/Desktop/F1_Data_Warehouse/f1datawarehouse/lib/python3.9/site-packages/airflow/example_dags/example_task_group_decorator.py
[2024-02-24T12:55:18.055-0600] {processor.py:840} INFO - DAG(s) 'example_task_group_decorator' retrieved from /Users/vamseekrishna/Desktop/F1_Data_Warehouse/f1datawarehouse/lib/python3.9/site-packages/airflow/example_dags/example_task_group_decorator.py
[2024-02-24T12:55:18.122-0600] {logging_mixin.py:188} INFO - [2024-02-24T12:55:18.121-0600] {dag.py:3036} INFO - Sync 1 DAGs
[2024-02-24T12:55:18.131-0600] {logging_mixin.py:188} INFO - [2024-02-24T12:55:18.131-0600] {dag.py:3823} INFO - Setting next_dagrun for example_task_group_decorator to 2024-02-23 00:00:00+00:00, run_after=2024-02-24 00:00:00+00:00
[2024-02-24T12:55:18.145-0600] {processor.py:183} INFO - Processing /Users/vamseekrishna/Desktop/F1_Data_Warehouse/f1datawarehouse/lib/python3.9/site-packages/airflow/example_dags/example_task_group_decorator.py took 0.127 seconds
[2024-02-24T12:56:22.650-0600] {processor.py:161} INFO - Started process (PID=77474) to work on /Users/vamseekrishna/Desktop/F1_Data_Warehouse/f1datawarehouse/lib/python3.9/site-packages/airflow/example_dags/example_task_group_decorator.py
[2024-02-24T12:56:22.652-0600] {processor.py:830} INFO - Processing file /Users/vamseekrishna/Desktop/F1_Data_Warehouse/f1datawarehouse/lib/python3.9/site-packages/airflow/example_dags/example_task_group_decorator.py for tasks to queue
[2024-02-24T12:56:22.652-0600] {logging_mixin.py:188} INFO - [2024-02-24T12:56:22.652-0600] {dagbag.py:538} INFO - Filling up the DagBag from /Users/vamseekrishna/Desktop/F1_Data_Warehouse/f1datawarehouse/lib/python3.9/site-packages/airflow/example_dags/example_task_group_decorator.py
[2024-02-24T12:56:22.671-0600] {processor.py:840} INFO - DAG(s) 'example_task_group_decorator' retrieved from /Users/vamseekrishna/Desktop/F1_Data_Warehouse/f1datawarehouse/lib/python3.9/site-packages/airflow/example_dags/example_task_group_decorator.py
[2024-02-24T12:56:22.723-0600] {logging_mixin.py:188} INFO - [2024-02-24T12:56:22.723-0600] {dag.py:3036} INFO - Sync 1 DAGs
[2024-02-24T12:56:22.733-0600] {logging_mixin.py:188} INFO - [2024-02-24T12:56:22.733-0600] {dag.py:3823} INFO - Setting next_dagrun for example_task_group_decorator to 2024-02-23 00:00:00+00:00, run_after=2024-02-24 00:00:00+00:00
[2024-02-24T12:56:22.741-0600] {processor.py:183} INFO - Processing /Users/vamseekrishna/Desktop/F1_Data_Warehouse/f1datawarehouse/lib/python3.9/site-packages/airflow/example_dags/example_task_group_decorator.py took 0.092 seconds
[2024-02-24T12:57:26.788-0600] {processor.py:161} INFO - Started process (PID=77531) to work on /Users/vamseekrishna/Desktop/F1_Data_Warehouse/f1datawarehouse/lib/python3.9/site-packages/airflow/example_dags/example_task_group_decorator.py
[2024-02-24T12:57:26.792-0600] {processor.py:830} INFO - Processing file /Users/vamseekrishna/Desktop/F1_Data_Warehouse/f1datawarehouse/lib/python3.9/site-packages/airflow/example_dags/example_task_group_decorator.py for tasks to queue
[2024-02-24T12:57:26.792-0600] {logging_mixin.py:188} INFO - [2024-02-24T12:57:26.792-0600] {dagbag.py:538} INFO - Filling up the DagBag from /Users/vamseekrishna/Desktop/F1_Data_Warehouse/f1datawarehouse/lib/python3.9/site-packages/airflow/example_dags/example_task_group_decorator.py
[2024-02-24T12:57:26.823-0600] {processor.py:840} INFO - DAG(s) 'example_task_group_decorator' retrieved from /Users/vamseekrishna/Desktop/F1_Data_Warehouse/f1datawarehouse/lib/python3.9/site-packages/airflow/example_dags/example_task_group_decorator.py
[2024-02-24T12:57:26.874-0600] {logging_mixin.py:188} INFO - [2024-02-24T12:57:26.874-0600] {dag.py:3036} INFO - Sync 1 DAGs
[2024-02-24T12:57:26.887-0600] {logging_mixin.py:188} INFO - [2024-02-24T12:57:26.887-0600] {dag.py:3823} INFO - Setting next_dagrun for example_task_group_decorator to 2024-02-23 00:00:00+00:00, run_after=2024-02-24 00:00:00+00:00
[2024-02-24T12:57:26.897-0600] {processor.py:183} INFO - Processing /Users/vamseekrishna/Desktop/F1_Data_Warehouse/f1datawarehouse/lib/python3.9/site-packages/airflow/example_dags/example_task_group_decorator.py took 0.109 seconds
[2024-02-24T12:58:30.721-0600] {processor.py:161} INFO - Started process (PID=77578) to work on /Users/vamseekrishna/Desktop/F1_Data_Warehouse/f1datawarehouse/lib/python3.9/site-packages/airflow/example_dags/example_task_group_decorator.py
[2024-02-24T12:58:30.723-0600] {processor.py:830} INFO - Processing file /Users/vamseekrishna/Desktop/F1_Data_Warehouse/f1datawarehouse/lib/python3.9/site-packages/airflow/example_dags/example_task_group_decorator.py for tasks to queue
[2024-02-24T12:58:30.723-0600] {logging_mixin.py:188} INFO - [2024-02-24T12:58:30.723-0600] {dagbag.py:538} INFO - Filling up the DagBag from /Users/vamseekrishna/Desktop/F1_Data_Warehouse/f1datawarehouse/lib/python3.9/site-packages/airflow/example_dags/example_task_group_decorator.py
[2024-02-24T12:58:30.742-0600] {processor.py:840} INFO - DAG(s) 'example_task_group_decorator' retrieved from /Users/vamseekrishna/Desktop/F1_Data_Warehouse/f1datawarehouse/lib/python3.9/site-packages/airflow/example_dags/example_task_group_decorator.py
[2024-02-24T12:58:30.798-0600] {logging_mixin.py:188} INFO - [2024-02-24T12:58:30.798-0600] {dag.py:3036} INFO - Sync 1 DAGs
[2024-02-24T12:58:30.807-0600] {logging_mixin.py:188} INFO - [2024-02-24T12:58:30.807-0600] {dag.py:3823} INFO - Setting next_dagrun for example_task_group_decorator to 2024-02-23 00:00:00+00:00, run_after=2024-02-24 00:00:00+00:00
[2024-02-24T12:58:30.815-0600] {processor.py:183} INFO - Processing /Users/vamseekrishna/Desktop/F1_Data_Warehouse/f1datawarehouse/lib/python3.9/site-packages/airflow/example_dags/example_task_group_decorator.py took 0.096 seconds
[2024-02-24T12:59:35.004-0600] {processor.py:161} INFO - Started process (PID=77647) to work on /Users/vamseekrishna/Desktop/F1_Data_Warehouse/f1datawarehouse/lib/python3.9/site-packages/airflow/example_dags/example_task_group_decorator.py
[2024-02-24T12:59:35.006-0600] {processor.py:830} INFO - Processing file /Users/vamseekrishna/Desktop/F1_Data_Warehouse/f1datawarehouse/lib/python3.9/site-packages/airflow/example_dags/example_task_group_decorator.py for tasks to queue
[2024-02-24T12:59:35.006-0600] {logging_mixin.py:188} INFO - [2024-02-24T12:59:35.006-0600] {dagbag.py:538} INFO - Filling up the DagBag from /Users/vamseekrishna/Desktop/F1_Data_Warehouse/f1datawarehouse/lib/python3.9/site-packages/airflow/example_dags/example_task_group_decorator.py
[2024-02-24T12:59:35.026-0600] {processor.py:840} INFO - DAG(s) 'example_task_group_decorator' retrieved from /Users/vamseekrishna/Desktop/F1_Data_Warehouse/f1datawarehouse/lib/python3.9/site-packages/airflow/example_dags/example_task_group_decorator.py
[2024-02-24T12:59:35.077-0600] {logging_mixin.py:188} INFO - [2024-02-24T12:59:35.076-0600] {dag.py:3036} INFO - Sync 1 DAGs
[2024-02-24T12:59:35.085-0600] {logging_mixin.py:188} INFO - [2024-02-24T12:59:35.085-0600] {dag.py:3823} INFO - Setting next_dagrun for example_task_group_decorator to 2024-02-23 00:00:00+00:00, run_after=2024-02-24 00:00:00+00:00
[2024-02-24T12:59:35.095-0600] {processor.py:183} INFO - Processing /Users/vamseekrishna/Desktop/F1_Data_Warehouse/f1datawarehouse/lib/python3.9/site-packages/airflow/example_dags/example_task_group_decorator.py took 0.092 seconds
[2024-02-24T13:00:40.018-0600] {processor.py:161} INFO - Started process (PID=77719) to work on /Users/vamseekrishna/Desktop/F1_Data_Warehouse/f1datawarehouse/lib/python3.9/site-packages/airflow/example_dags/example_task_group_decorator.py
[2024-02-24T13:00:40.025-0600] {processor.py:830} INFO - Processing file /Users/vamseekrishna/Desktop/F1_Data_Warehouse/f1datawarehouse/lib/python3.9/site-packages/airflow/example_dags/example_task_group_decorator.py for tasks to queue
[2024-02-24T13:00:40.029-0600] {logging_mixin.py:188} INFO - [2024-02-24T13:00:40.029-0600] {dagbag.py:538} INFO - Filling up the DagBag from /Users/vamseekrishna/Desktop/F1_Data_Warehouse/f1datawarehouse/lib/python3.9/site-packages/airflow/example_dags/example_task_group_decorator.py
[2024-02-24T13:00:40.055-0600] {processor.py:840} INFO - DAG(s) 'example_task_group_decorator' retrieved from /Users/vamseekrishna/Desktop/F1_Data_Warehouse/f1datawarehouse/lib/python3.9/site-packages/airflow/example_dags/example_task_group_decorator.py
[2024-02-24T13:00:40.105-0600] {logging_mixin.py:188} INFO - [2024-02-24T13:00:40.105-0600] {dag.py:3036} INFO - Sync 1 DAGs
[2024-02-24T13:00:40.115-0600] {logging_mixin.py:188} INFO - [2024-02-24T13:00:40.115-0600] {dag.py:3823} INFO - Setting next_dagrun for example_task_group_decorator to 2024-02-23 00:00:00+00:00, run_after=2024-02-24 00:00:00+00:00
[2024-02-24T13:00:40.124-0600] {processor.py:183} INFO - Processing /Users/vamseekrishna/Desktop/F1_Data_Warehouse/f1datawarehouse/lib/python3.9/site-packages/airflow/example_dags/example_task_group_decorator.py took 0.106 seconds
[2024-02-24T13:01:42.176-0600] {processor.py:161} INFO - Started process (PID=77803) to work on /Users/vamseekrishna/Desktop/F1_Data_Warehouse/f1datawarehouse/lib/python3.9/site-packages/airflow/example_dags/example_task_group_decorator.py
[2024-02-24T13:01:42.178-0600] {processor.py:830} INFO - Processing file /Users/vamseekrishna/Desktop/F1_Data_Warehouse/f1datawarehouse/lib/python3.9/site-packages/airflow/example_dags/example_task_group_decorator.py for tasks to queue
[2024-02-24T13:01:42.178-0600] {logging_mixin.py:188} INFO - [2024-02-24T13:01:42.178-0600] {dagbag.py:538} INFO - Filling up the DagBag from /Users/vamseekrishna/Desktop/F1_Data_Warehouse/f1datawarehouse/lib/python3.9/site-packages/airflow/example_dags/example_task_group_decorator.py
[2024-02-24T13:01:42.196-0600] {processor.py:840} INFO - DAG(s) 'example_task_group_decorator' retrieved from /Users/vamseekrishna/Desktop/F1_Data_Warehouse/f1datawarehouse/lib/python3.9/site-packages/airflow/example_dags/example_task_group_decorator.py
[2024-02-24T13:01:42.241-0600] {logging_mixin.py:188} INFO - [2024-02-24T13:01:42.241-0600] {dag.py:3036} INFO - Sync 1 DAGs
[2024-02-24T13:01:42.249-0600] {logging_mixin.py:188} INFO - [2024-02-24T13:01:42.249-0600] {dag.py:3823} INFO - Setting next_dagrun for example_task_group_decorator to 2024-02-23 00:00:00+00:00, run_after=2024-02-24 00:00:00+00:00
[2024-02-24T13:01:42.256-0600] {processor.py:183} INFO - Processing /Users/vamseekrishna/Desktop/F1_Data_Warehouse/f1datawarehouse/lib/python3.9/site-packages/airflow/example_dags/example_task_group_decorator.py took 0.081 seconds
[2024-02-24T13:02:38.059-0600] {processor.py:161} INFO - Started process (PID=77855) to work on /Users/vamseekrishna/Desktop/F1_Data_Warehouse/f1datawarehouse/lib/python3.9/site-packages/airflow/example_dags/example_task_group_decorator.py
[2024-02-24T13:02:38.060-0600] {processor.py:830} INFO - Processing file /Users/vamseekrishna/Desktop/F1_Data_Warehouse/f1datawarehouse/lib/python3.9/site-packages/airflow/example_dags/example_task_group_decorator.py for tasks to queue
[2024-02-24T13:02:38.061-0600] {logging_mixin.py:188} INFO - [2024-02-24T13:02:38.061-0600] {dagbag.py:538} INFO - Filling up the DagBag from /Users/vamseekrishna/Desktop/F1_Data_Warehouse/f1datawarehouse/lib/python3.9/site-packages/airflow/example_dags/example_task_group_decorator.py
[2024-02-24T13:02:38.078-0600] {processor.py:840} INFO - DAG(s) 'example_task_group_decorator' retrieved from /Users/vamseekrishna/Desktop/F1_Data_Warehouse/f1datawarehouse/lib/python3.9/site-packages/airflow/example_dags/example_task_group_decorator.py
[2024-02-24T13:02:38.123-0600] {logging_mixin.py:188} INFO - [2024-02-24T13:02:38.122-0600] {dag.py:3036} INFO - Sync 1 DAGs
[2024-02-24T13:02:38.131-0600] {logging_mixin.py:188} INFO - [2024-02-24T13:02:38.131-0600] {dag.py:3823} INFO - Setting next_dagrun for example_task_group_decorator to 2024-02-23 00:00:00+00:00, run_after=2024-02-24 00:00:00+00:00
[2024-02-24T13:02:38.138-0600] {processor.py:183} INFO - Processing /Users/vamseekrishna/Desktop/F1_Data_Warehouse/f1datawarehouse/lib/python3.9/site-packages/airflow/example_dags/example_task_group_decorator.py took 0.080 seconds
[2024-02-24T13:03:37.768-0600] {processor.py:161} INFO - Started process (PID=77903) to work on /Users/vamseekrishna/Desktop/F1_Data_Warehouse/f1datawarehouse/lib/python3.9/site-packages/airflow/example_dags/example_task_group_decorator.py
[2024-02-24T13:03:37.770-0600] {processor.py:830} INFO - Processing file /Users/vamseekrishna/Desktop/F1_Data_Warehouse/f1datawarehouse/lib/python3.9/site-packages/airflow/example_dags/example_task_group_decorator.py for tasks to queue
[2024-02-24T13:03:37.770-0600] {logging_mixin.py:188} INFO - [2024-02-24T13:03:37.770-0600] {dagbag.py:538} INFO - Filling up the DagBag from /Users/vamseekrishna/Desktop/F1_Data_Warehouse/f1datawarehouse/lib/python3.9/site-packages/airflow/example_dags/example_task_group_decorator.py
[2024-02-24T13:03:37.788-0600] {processor.py:840} INFO - DAG(s) 'example_task_group_decorator' retrieved from /Users/vamseekrishna/Desktop/F1_Data_Warehouse/f1datawarehouse/lib/python3.9/site-packages/airflow/example_dags/example_task_group_decorator.py
[2024-02-24T13:03:37.832-0600] {logging_mixin.py:188} INFO - [2024-02-24T13:03:37.832-0600] {dag.py:3036} INFO - Sync 1 DAGs
[2024-02-24T13:03:37.840-0600] {logging_mixin.py:188} INFO - [2024-02-24T13:03:37.840-0600] {dag.py:3823} INFO - Setting next_dagrun for example_task_group_decorator to 2024-02-23 00:00:00+00:00, run_after=2024-02-24 00:00:00+00:00
[2024-02-24T13:03:37.848-0600] {processor.py:183} INFO - Processing /Users/vamseekrishna/Desktop/F1_Data_Warehouse/f1datawarehouse/lib/python3.9/site-packages/airflow/example_dags/example_task_group_decorator.py took 0.080 seconds
[2024-02-24T13:04:35.230-0600] {processor.py:161} INFO - Started process (PID=77948) to work on /Users/vamseekrishna/Desktop/F1_Data_Warehouse/f1datawarehouse/lib/python3.9/site-packages/airflow/example_dags/example_task_group_decorator.py
[2024-02-24T13:04:35.232-0600] {processor.py:830} INFO - Processing file /Users/vamseekrishna/Desktop/F1_Data_Warehouse/f1datawarehouse/lib/python3.9/site-packages/airflow/example_dags/example_task_group_decorator.py for tasks to queue
[2024-02-24T13:04:35.232-0600] {logging_mixin.py:188} INFO - [2024-02-24T13:04:35.232-0600] {dagbag.py:538} INFO - Filling up the DagBag from /Users/vamseekrishna/Desktop/F1_Data_Warehouse/f1datawarehouse/lib/python3.9/site-packages/airflow/example_dags/example_task_group_decorator.py
[2024-02-24T13:04:35.250-0600] {processor.py:840} INFO - DAG(s) 'example_task_group_decorator' retrieved from /Users/vamseekrishna/Desktop/F1_Data_Warehouse/f1datawarehouse/lib/python3.9/site-packages/airflow/example_dags/example_task_group_decorator.py
[2024-02-24T13:04:35.294-0600] {logging_mixin.py:188} INFO - [2024-02-24T13:04:35.294-0600] {dag.py:3036} INFO - Sync 1 DAGs
[2024-02-24T13:04:35.302-0600] {logging_mixin.py:188} INFO - [2024-02-24T13:04:35.302-0600] {dag.py:3823} INFO - Setting next_dagrun for example_task_group_decorator to 2024-02-23 00:00:00+00:00, run_after=2024-02-24 00:00:00+00:00
[2024-02-24T13:04:35.309-0600] {processor.py:183} INFO - Processing /Users/vamseekrishna/Desktop/F1_Data_Warehouse/f1datawarehouse/lib/python3.9/site-packages/airflow/example_dags/example_task_group_decorator.py took 0.080 seconds
[2024-02-24T13:06:26.340-0600] {processor.py:161} INFO - Started process (PID=78027) to work on /Users/vamseekrishna/Desktop/F1_Data_Warehouse/f1datawarehouse/lib/python3.9/site-packages/airflow/example_dags/example_task_group_decorator.py
[2024-02-24T13:06:26.341-0600] {processor.py:830} INFO - Processing file /Users/vamseekrishna/Desktop/F1_Data_Warehouse/f1datawarehouse/lib/python3.9/site-packages/airflow/example_dags/example_task_group_decorator.py for tasks to queue
[2024-02-24T13:06:26.341-0600] {logging_mixin.py:188} INFO - [2024-02-24T13:06:26.341-0600] {dagbag.py:538} INFO - Filling up the DagBag from /Users/vamseekrishna/Desktop/F1_Data_Warehouse/f1datawarehouse/lib/python3.9/site-packages/airflow/example_dags/example_task_group_decorator.py
[2024-02-24T13:06:26.358-0600] {processor.py:840} INFO - DAG(s) 'example_task_group_decorator' retrieved from /Users/vamseekrishna/Desktop/F1_Data_Warehouse/f1datawarehouse/lib/python3.9/site-packages/airflow/example_dags/example_task_group_decorator.py
[2024-02-24T13:06:26.402-0600] {logging_mixin.py:188} INFO - [2024-02-24T13:06:26.402-0600] {dag.py:3036} INFO - Sync 1 DAGs
[2024-02-24T13:06:26.410-0600] {logging_mixin.py:188} INFO - [2024-02-24T13:06:26.410-0600] {dag.py:3823} INFO - Setting next_dagrun for example_task_group_decorator to 2024-02-23 00:00:00+00:00, run_after=2024-02-24 00:00:00+00:00
[2024-02-24T13:06:26.417-0600] {processor.py:183} INFO - Processing /Users/vamseekrishna/Desktop/F1_Data_Warehouse/f1datawarehouse/lib/python3.9/site-packages/airflow/example_dags/example_task_group_decorator.py took 0.078 seconds
[2024-02-24T13:08:18.541-0600] {processor.py:161} INFO - Started process (PID=78113) to work on /Users/vamseekrishna/Desktop/F1_Data_Warehouse/f1datawarehouse/lib/python3.9/site-packages/airflow/example_dags/example_task_group_decorator.py
[2024-02-24T13:08:18.542-0600] {processor.py:830} INFO - Processing file /Users/vamseekrishna/Desktop/F1_Data_Warehouse/f1datawarehouse/lib/python3.9/site-packages/airflow/example_dags/example_task_group_decorator.py for tasks to queue
[2024-02-24T13:08:18.542-0600] {logging_mixin.py:188} INFO - [2024-02-24T13:08:18.542-0600] {dagbag.py:538} INFO - Filling up the DagBag from /Users/vamseekrishna/Desktop/F1_Data_Warehouse/f1datawarehouse/lib/python3.9/site-packages/airflow/example_dags/example_task_group_decorator.py
[2024-02-24T13:08:18.561-0600] {processor.py:840} INFO - DAG(s) 'example_task_group_decorator' retrieved from /Users/vamseekrishna/Desktop/F1_Data_Warehouse/f1datawarehouse/lib/python3.9/site-packages/airflow/example_dags/example_task_group_decorator.py
[2024-02-24T13:08:18.610-0600] {logging_mixin.py:188} INFO - [2024-02-24T13:08:18.610-0600] {dag.py:3036} INFO - Sync 1 DAGs
[2024-02-24T13:08:18.619-0600] {logging_mixin.py:188} INFO - [2024-02-24T13:08:18.619-0600] {dag.py:3823} INFO - Setting next_dagrun for example_task_group_decorator to 2024-02-23 00:00:00+00:00, run_after=2024-02-24 00:00:00+00:00
[2024-02-24T13:08:18.627-0600] {processor.py:183} INFO - Processing /Users/vamseekrishna/Desktop/F1_Data_Warehouse/f1datawarehouse/lib/python3.9/site-packages/airflow/example_dags/example_task_group_decorator.py took 0.087 seconds
[2024-02-24T13:09:15.126-0600] {processor.py:161} INFO - Started process (PID=78157) to work on /Users/vamseekrishna/Desktop/F1_Data_Warehouse/f1datawarehouse/lib/python3.9/site-packages/airflow/example_dags/example_task_group_decorator.py
[2024-02-24T13:09:15.128-0600] {processor.py:830} INFO - Processing file /Users/vamseekrishna/Desktop/F1_Data_Warehouse/f1datawarehouse/lib/python3.9/site-packages/airflow/example_dags/example_task_group_decorator.py for tasks to queue
[2024-02-24T13:09:15.128-0600] {logging_mixin.py:188} INFO - [2024-02-24T13:09:15.128-0600] {dagbag.py:538} INFO - Filling up the DagBag from /Users/vamseekrishna/Desktop/F1_Data_Warehouse/f1datawarehouse/lib/python3.9/site-packages/airflow/example_dags/example_task_group_decorator.py
[2024-02-24T13:09:15.145-0600] {processor.py:840} INFO - DAG(s) 'example_task_group_decorator' retrieved from /Users/vamseekrishna/Desktop/F1_Data_Warehouse/f1datawarehouse/lib/python3.9/site-packages/airflow/example_dags/example_task_group_decorator.py
[2024-02-24T13:09:15.190-0600] {logging_mixin.py:188} INFO - [2024-02-24T13:09:15.189-0600] {dag.py:3036} INFO - Sync 1 DAGs
[2024-02-24T13:09:15.197-0600] {logging_mixin.py:188} INFO - [2024-02-24T13:09:15.197-0600] {dag.py:3823} INFO - Setting next_dagrun for example_task_group_decorator to 2024-02-23 00:00:00+00:00, run_after=2024-02-24 00:00:00+00:00
[2024-02-24T13:09:15.205-0600] {processor.py:183} INFO - Processing /Users/vamseekrishna/Desktop/F1_Data_Warehouse/f1datawarehouse/lib/python3.9/site-packages/airflow/example_dags/example_task_group_decorator.py took 0.079 seconds
[2024-02-24T13:10:11.166-0600] {processor.py:161} INFO - Started process (PID=78202) to work on /Users/vamseekrishna/Desktop/F1_Data_Warehouse/f1datawarehouse/lib/python3.9/site-packages/airflow/example_dags/example_task_group_decorator.py
[2024-02-24T13:10:11.167-0600] {processor.py:830} INFO - Processing file /Users/vamseekrishna/Desktop/F1_Data_Warehouse/f1datawarehouse/lib/python3.9/site-packages/airflow/example_dags/example_task_group_decorator.py for tasks to queue
[2024-02-24T13:10:11.168-0600] {logging_mixin.py:188} INFO - [2024-02-24T13:10:11.168-0600] {dagbag.py:538} INFO - Filling up the DagBag from /Users/vamseekrishna/Desktop/F1_Data_Warehouse/f1datawarehouse/lib/python3.9/site-packages/airflow/example_dags/example_task_group_decorator.py
[2024-02-24T13:10:11.184-0600] {processor.py:840} INFO - DAG(s) 'example_task_group_decorator' retrieved from /Users/vamseekrishna/Desktop/F1_Data_Warehouse/f1datawarehouse/lib/python3.9/site-packages/airflow/example_dags/example_task_group_decorator.py
[2024-02-24T13:10:11.229-0600] {logging_mixin.py:188} INFO - [2024-02-24T13:10:11.229-0600] {dag.py:3036} INFO - Sync 1 DAGs
[2024-02-24T13:10:11.237-0600] {logging_mixin.py:188} INFO - [2024-02-24T13:10:11.237-0600] {dag.py:3823} INFO - Setting next_dagrun for example_task_group_decorator to 2024-02-23 00:00:00+00:00, run_after=2024-02-24 00:00:00+00:00
[2024-02-24T13:10:11.245-0600] {processor.py:183} INFO - Processing /Users/vamseekrishna/Desktop/F1_Data_Warehouse/f1datawarehouse/lib/python3.9/site-packages/airflow/example_dags/example_task_group_decorator.py took 0.080 seconds
[2024-02-24T13:11:58.103-0600] {processor.py:161} INFO - Started process (PID=78287) to work on /Users/vamseekrishna/Desktop/F1_Data_Warehouse/f1datawarehouse/lib/python3.9/site-packages/airflow/example_dags/example_task_group_decorator.py
[2024-02-24T13:11:58.104-0600] {processor.py:830} INFO - Processing file /Users/vamseekrishna/Desktop/F1_Data_Warehouse/f1datawarehouse/lib/python3.9/site-packages/airflow/example_dags/example_task_group_decorator.py for tasks to queue
[2024-02-24T13:11:58.105-0600] {logging_mixin.py:188} INFO - [2024-02-24T13:11:58.105-0600] {dagbag.py:538} INFO - Filling up the DagBag from /Users/vamseekrishna/Desktop/F1_Data_Warehouse/f1datawarehouse/lib/python3.9/site-packages/airflow/example_dags/example_task_group_decorator.py
[2024-02-24T13:11:58.121-0600] {processor.py:840} INFO - DAG(s) 'example_task_group_decorator' retrieved from /Users/vamseekrishna/Desktop/F1_Data_Warehouse/f1datawarehouse/lib/python3.9/site-packages/airflow/example_dags/example_task_group_decorator.py
[2024-02-24T13:11:58.166-0600] {logging_mixin.py:188} INFO - [2024-02-24T13:11:58.166-0600] {dag.py:3036} INFO - Sync 1 DAGs
[2024-02-24T13:11:58.173-0600] {logging_mixin.py:188} INFO - [2024-02-24T13:11:58.173-0600] {dag.py:3823} INFO - Setting next_dagrun for example_task_group_decorator to 2024-02-23 00:00:00+00:00, run_after=2024-02-24 00:00:00+00:00
[2024-02-24T13:11:58.181-0600] {processor.py:183} INFO - Processing /Users/vamseekrishna/Desktop/F1_Data_Warehouse/f1datawarehouse/lib/python3.9/site-packages/airflow/example_dags/example_task_group_decorator.py took 0.079 seconds
[2024-02-24T13:13:48.793-0600] {processor.py:161} INFO - Started process (PID=78372) to work on /Users/vamseekrishna/Desktop/F1_Data_Warehouse/f1datawarehouse/lib/python3.9/site-packages/airflow/example_dags/example_task_group_decorator.py
[2024-02-24T13:13:48.795-0600] {processor.py:830} INFO - Processing file /Users/vamseekrishna/Desktop/F1_Data_Warehouse/f1datawarehouse/lib/python3.9/site-packages/airflow/example_dags/example_task_group_decorator.py for tasks to queue
[2024-02-24T13:13:48.796-0600] {logging_mixin.py:188} INFO - [2024-02-24T13:13:48.796-0600] {dagbag.py:538} INFO - Filling up the DagBag from /Users/vamseekrishna/Desktop/F1_Data_Warehouse/f1datawarehouse/lib/python3.9/site-packages/airflow/example_dags/example_task_group_decorator.py
[2024-02-24T13:13:48.813-0600] {processor.py:840} INFO - DAG(s) 'example_task_group_decorator' retrieved from /Users/vamseekrishna/Desktop/F1_Data_Warehouse/f1datawarehouse/lib/python3.9/site-packages/airflow/example_dags/example_task_group_decorator.py
[2024-02-24T13:13:48.859-0600] {logging_mixin.py:188} INFO - [2024-02-24T13:13:48.859-0600] {dag.py:3036} INFO - Sync 1 DAGs
[2024-02-24T13:13:48.867-0600] {logging_mixin.py:188} INFO - [2024-02-24T13:13:48.867-0600] {dag.py:3823} INFO - Setting next_dagrun for example_task_group_decorator to 2024-02-23 00:00:00+00:00, run_after=2024-02-24 00:00:00+00:00
[2024-02-24T13:13:48.874-0600] {processor.py:183} INFO - Processing /Users/vamseekrishna/Desktop/F1_Data_Warehouse/f1datawarehouse/lib/python3.9/site-packages/airflow/example_dags/example_task_group_decorator.py took 0.081 seconds
[2024-02-24T13:15:38.642-0600] {processor.py:161} INFO - Started process (PID=78462) to work on /Users/vamseekrishna/Desktop/F1_Data_Warehouse/f1datawarehouse/lib/python3.9/site-packages/airflow/example_dags/example_task_group_decorator.py
[2024-02-24T13:15:38.644-0600] {processor.py:830} INFO - Processing file /Users/vamseekrishna/Desktop/F1_Data_Warehouse/f1datawarehouse/lib/python3.9/site-packages/airflow/example_dags/example_task_group_decorator.py for tasks to queue
[2024-02-24T13:15:38.644-0600] {logging_mixin.py:188} INFO - [2024-02-24T13:15:38.644-0600] {dagbag.py:538} INFO - Filling up the DagBag from /Users/vamseekrishna/Desktop/F1_Data_Warehouse/f1datawarehouse/lib/python3.9/site-packages/airflow/example_dags/example_task_group_decorator.py
[2024-02-24T13:15:38.661-0600] {processor.py:840} INFO - DAG(s) 'example_task_group_decorator' retrieved from /Users/vamseekrishna/Desktop/F1_Data_Warehouse/f1datawarehouse/lib/python3.9/site-packages/airflow/example_dags/example_task_group_decorator.py
[2024-02-24T13:15:38.705-0600] {logging_mixin.py:188} INFO - [2024-02-24T13:15:38.705-0600] {dag.py:3036} INFO - Sync 1 DAGs
[2024-02-24T13:15:38.713-0600] {logging_mixin.py:188} INFO - [2024-02-24T13:15:38.713-0600] {dag.py:3823} INFO - Setting next_dagrun for example_task_group_decorator to 2024-02-23 00:00:00+00:00, run_after=2024-02-24 00:00:00+00:00
[2024-02-24T13:15:38.721-0600] {processor.py:183} INFO - Processing /Users/vamseekrishna/Desktop/F1_Data_Warehouse/f1datawarehouse/lib/python3.9/site-packages/airflow/example_dags/example_task_group_decorator.py took 0.079 seconds
[2024-02-24T13:17:30.058-0600] {processor.py:161} INFO - Started process (PID=78565) to work on /Users/vamseekrishna/Desktop/F1_Data_Warehouse/f1datawarehouse/lib/python3.9/site-packages/airflow/example_dags/example_task_group_decorator.py
[2024-02-24T13:17:30.060-0600] {processor.py:830} INFO - Processing file /Users/vamseekrishna/Desktop/F1_Data_Warehouse/f1datawarehouse/lib/python3.9/site-packages/airflow/example_dags/example_task_group_decorator.py for tasks to queue
[2024-02-24T13:17:30.060-0600] {logging_mixin.py:188} INFO - [2024-02-24T13:17:30.060-0600] {dagbag.py:538} INFO - Filling up the DagBag from /Users/vamseekrishna/Desktop/F1_Data_Warehouse/f1datawarehouse/lib/python3.9/site-packages/airflow/example_dags/example_task_group_decorator.py
[2024-02-24T13:17:30.077-0600] {processor.py:840} INFO - DAG(s) 'example_task_group_decorator' retrieved from /Users/vamseekrishna/Desktop/F1_Data_Warehouse/f1datawarehouse/lib/python3.9/site-packages/airflow/example_dags/example_task_group_decorator.py
[2024-02-24T13:17:30.121-0600] {logging_mixin.py:188} INFO - [2024-02-24T13:17:30.121-0600] {dag.py:3036} INFO - Sync 1 DAGs
[2024-02-24T13:17:30.129-0600] {logging_mixin.py:188} INFO - [2024-02-24T13:17:30.129-0600] {dag.py:3823} INFO - Setting next_dagrun for example_task_group_decorator to 2024-02-23 00:00:00+00:00, run_after=2024-02-24 00:00:00+00:00
[2024-02-24T13:17:30.136-0600] {processor.py:183} INFO - Processing /Users/vamseekrishna/Desktop/F1_Data_Warehouse/f1datawarehouse/lib/python3.9/site-packages/airflow/example_dags/example_task_group_decorator.py took 0.079 seconds
[2024-02-24T13:18:28.428-0600] {processor.py:161} INFO - Started process (PID=78614) to work on /Users/vamseekrishna/Desktop/F1_Data_Warehouse/f1datawarehouse/lib/python3.9/site-packages/airflow/example_dags/example_task_group_decorator.py
[2024-02-24T13:18:28.430-0600] {processor.py:830} INFO - Processing file /Users/vamseekrishna/Desktop/F1_Data_Warehouse/f1datawarehouse/lib/python3.9/site-packages/airflow/example_dags/example_task_group_decorator.py for tasks to queue
[2024-02-24T13:18:28.431-0600] {logging_mixin.py:188} INFO - [2024-02-24T13:18:28.431-0600] {dagbag.py:538} INFO - Filling up the DagBag from /Users/vamseekrishna/Desktop/F1_Data_Warehouse/f1datawarehouse/lib/python3.9/site-packages/airflow/example_dags/example_task_group_decorator.py
[2024-02-24T13:18:28.447-0600] {processor.py:840} INFO - DAG(s) 'example_task_group_decorator' retrieved from /Users/vamseekrishna/Desktop/F1_Data_Warehouse/f1datawarehouse/lib/python3.9/site-packages/airflow/example_dags/example_task_group_decorator.py
[2024-02-24T13:18:28.492-0600] {logging_mixin.py:188} INFO - [2024-02-24T13:18:28.491-0600] {dag.py:3036} INFO - Sync 1 DAGs
[2024-02-24T13:18:28.499-0600] {logging_mixin.py:188} INFO - [2024-02-24T13:18:28.499-0600] {dag.py:3823} INFO - Setting next_dagrun for example_task_group_decorator to 2024-02-23 00:00:00+00:00, run_after=2024-02-24 00:00:00+00:00
[2024-02-24T13:18:28.507-0600] {processor.py:183} INFO - Processing /Users/vamseekrishna/Desktop/F1_Data_Warehouse/f1datawarehouse/lib/python3.9/site-packages/airflow/example_dags/example_task_group_decorator.py took 0.079 seconds
[2024-02-24T13:20:17.860-0600] {processor.py:161} INFO - Started process (PID=78694) to work on /Users/vamseekrishna/Desktop/F1_Data_Warehouse/f1datawarehouse/lib/python3.9/site-packages/airflow/example_dags/example_task_group_decorator.py
[2024-02-24T13:20:17.862-0600] {processor.py:830} INFO - Processing file /Users/vamseekrishna/Desktop/F1_Data_Warehouse/f1datawarehouse/lib/python3.9/site-packages/airflow/example_dags/example_task_group_decorator.py for tasks to queue
[2024-02-24T13:20:17.862-0600] {logging_mixin.py:188} INFO - [2024-02-24T13:20:17.862-0600] {dagbag.py:538} INFO - Filling up the DagBag from /Users/vamseekrishna/Desktop/F1_Data_Warehouse/f1datawarehouse/lib/python3.9/site-packages/airflow/example_dags/example_task_group_decorator.py
[2024-02-24T13:20:17.879-0600] {processor.py:840} INFO - DAG(s) 'example_task_group_decorator' retrieved from /Users/vamseekrishna/Desktop/F1_Data_Warehouse/f1datawarehouse/lib/python3.9/site-packages/airflow/example_dags/example_task_group_decorator.py
[2024-02-24T13:20:17.923-0600] {logging_mixin.py:188} INFO - [2024-02-24T13:20:17.923-0600] {dag.py:3036} INFO - Sync 1 DAGs
[2024-02-24T13:20:17.931-0600] {logging_mixin.py:188} INFO - [2024-02-24T13:20:17.931-0600] {dag.py:3823} INFO - Setting next_dagrun for example_task_group_decorator to 2024-02-23 00:00:00+00:00, run_after=2024-02-24 00:00:00+00:00
[2024-02-24T13:20:17.938-0600] {processor.py:183} INFO - Processing /Users/vamseekrishna/Desktop/F1_Data_Warehouse/f1datawarehouse/lib/python3.9/site-packages/airflow/example_dags/example_task_group_decorator.py took 0.079 seconds
[2024-02-24T13:22:04.531-0600] {processor.py:161} INFO - Started process (PID=78775) to work on /Users/vamseekrishna/Desktop/F1_Data_Warehouse/f1datawarehouse/lib/python3.9/site-packages/airflow/example_dags/example_task_group_decorator.py
[2024-02-24T13:22:04.533-0600] {processor.py:830} INFO - Processing file /Users/vamseekrishna/Desktop/F1_Data_Warehouse/f1datawarehouse/lib/python3.9/site-packages/airflow/example_dags/example_task_group_decorator.py for tasks to queue
[2024-02-24T13:22:04.533-0600] {logging_mixin.py:188} INFO - [2024-02-24T13:22:04.533-0600] {dagbag.py:538} INFO - Filling up the DagBag from /Users/vamseekrishna/Desktop/F1_Data_Warehouse/f1datawarehouse/lib/python3.9/site-packages/airflow/example_dags/example_task_group_decorator.py
[2024-02-24T13:22:04.550-0600] {processor.py:840} INFO - DAG(s) 'example_task_group_decorator' retrieved from /Users/vamseekrishna/Desktop/F1_Data_Warehouse/f1datawarehouse/lib/python3.9/site-packages/airflow/example_dags/example_task_group_decorator.py
[2024-02-24T13:22:04.594-0600] {logging_mixin.py:188} INFO - [2024-02-24T13:22:04.594-0600] {dag.py:3036} INFO - Sync 1 DAGs
[2024-02-24T13:22:04.603-0600] {logging_mixin.py:188} INFO - [2024-02-24T13:22:04.603-0600] {dag.py:3823} INFO - Setting next_dagrun for example_task_group_decorator to 2024-02-23 00:00:00+00:00, run_after=2024-02-24 00:00:00+00:00
[2024-02-24T13:22:04.610-0600] {processor.py:183} INFO - Processing /Users/vamseekrishna/Desktop/F1_Data_Warehouse/f1datawarehouse/lib/python3.9/site-packages/airflow/example_dags/example_task_group_decorator.py took 0.080 seconds
[2024-02-24T13:23:01.160-0600] {processor.py:161} INFO - Started process (PID=78849) to work on /Users/vamseekrishna/Desktop/F1_Data_Warehouse/f1datawarehouse/lib/python3.9/site-packages/airflow/example_dags/example_task_group_decorator.py
[2024-02-24T13:23:01.163-0600] {processor.py:830} INFO - Processing file /Users/vamseekrishna/Desktop/F1_Data_Warehouse/f1datawarehouse/lib/python3.9/site-packages/airflow/example_dags/example_task_group_decorator.py for tasks to queue
[2024-02-24T13:23:01.163-0600] {logging_mixin.py:188} INFO - [2024-02-24T13:23:01.163-0600] {dagbag.py:538} INFO - Filling up the DagBag from /Users/vamseekrishna/Desktop/F1_Data_Warehouse/f1datawarehouse/lib/python3.9/site-packages/airflow/example_dags/example_task_group_decorator.py
[2024-02-24T13:23:01.186-0600] {processor.py:840} INFO - DAG(s) 'example_task_group_decorator' retrieved from /Users/vamseekrishna/Desktop/F1_Data_Warehouse/f1datawarehouse/lib/python3.9/site-packages/airflow/example_dags/example_task_group_decorator.py
[2024-02-24T13:23:01.237-0600] {logging_mixin.py:188} INFO - [2024-02-24T13:23:01.237-0600] {dag.py:3036} INFO - Sync 1 DAGs
[2024-02-24T13:23:01.245-0600] {logging_mixin.py:188} INFO - [2024-02-24T13:23:01.245-0600] {dag.py:3823} INFO - Setting next_dagrun for example_task_group_decorator to 2024-02-23 00:00:00+00:00, run_after=2024-02-24 00:00:00+00:00
[2024-02-24T13:23:01.253-0600] {processor.py:183} INFO - Processing /Users/vamseekrishna/Desktop/F1_Data_Warehouse/f1datawarehouse/lib/python3.9/site-packages/airflow/example_dags/example_task_group_decorator.py took 0.093 seconds
[2024-02-24T13:24:02.968-0600] {processor.py:161} INFO - Started process (PID=78907) to work on /Users/vamseekrishna/Desktop/F1_Data_Warehouse/f1datawarehouse/lib/python3.9/site-packages/airflow/example_dags/example_task_group_decorator.py
[2024-02-24T13:24:02.970-0600] {processor.py:830} INFO - Processing file /Users/vamseekrishna/Desktop/F1_Data_Warehouse/f1datawarehouse/lib/python3.9/site-packages/airflow/example_dags/example_task_group_decorator.py for tasks to queue
[2024-02-24T13:24:02.970-0600] {logging_mixin.py:188} INFO - [2024-02-24T13:24:02.970-0600] {dagbag.py:538} INFO - Filling up the DagBag from /Users/vamseekrishna/Desktop/F1_Data_Warehouse/f1datawarehouse/lib/python3.9/site-packages/airflow/example_dags/example_task_group_decorator.py
[2024-02-24T13:24:02.987-0600] {processor.py:840} INFO - DAG(s) 'example_task_group_decorator' retrieved from /Users/vamseekrishna/Desktop/F1_Data_Warehouse/f1datawarehouse/lib/python3.9/site-packages/airflow/example_dags/example_task_group_decorator.py
[2024-02-24T13:24:03.031-0600] {logging_mixin.py:188} INFO - [2024-02-24T13:24:03.031-0600] {dag.py:3036} INFO - Sync 1 DAGs
[2024-02-24T13:24:03.038-0600] {logging_mixin.py:188} INFO - [2024-02-24T13:24:03.038-0600] {dag.py:3823} INFO - Setting next_dagrun for example_task_group_decorator to 2024-02-23 00:00:00+00:00, run_after=2024-02-24 00:00:00+00:00
[2024-02-24T13:24:03.046-0600] {processor.py:183} INFO - Processing /Users/vamseekrishna/Desktop/F1_Data_Warehouse/f1datawarehouse/lib/python3.9/site-packages/airflow/example_dags/example_task_group_decorator.py took 0.079 seconds
[2024-02-24T13:25:53.409-0600] {processor.py:161} INFO - Started process (PID=78997) to work on /Users/vamseekrishna/Desktop/F1_Data_Warehouse/f1datawarehouse/lib/python3.9/site-packages/airflow/example_dags/example_task_group_decorator.py
[2024-02-24T13:25:53.411-0600] {processor.py:830} INFO - Processing file /Users/vamseekrishna/Desktop/F1_Data_Warehouse/f1datawarehouse/lib/python3.9/site-packages/airflow/example_dags/example_task_group_decorator.py for tasks to queue
[2024-02-24T13:25:53.411-0600] {logging_mixin.py:188} INFO - [2024-02-24T13:25:53.411-0600] {dagbag.py:538} INFO - Filling up the DagBag from /Users/vamseekrishna/Desktop/F1_Data_Warehouse/f1datawarehouse/lib/python3.9/site-packages/airflow/example_dags/example_task_group_decorator.py
[2024-02-24T13:25:53.431-0600] {processor.py:840} INFO - DAG(s) 'example_task_group_decorator' retrieved from /Users/vamseekrishna/Desktop/F1_Data_Warehouse/f1datawarehouse/lib/python3.9/site-packages/airflow/example_dags/example_task_group_decorator.py
[2024-02-24T13:25:53.479-0600] {logging_mixin.py:188} INFO - [2024-02-24T13:25:53.478-0600] {dag.py:3036} INFO - Sync 1 DAGs
[2024-02-24T13:25:53.488-0600] {logging_mixin.py:188} INFO - [2024-02-24T13:25:53.488-0600] {dag.py:3823} INFO - Setting next_dagrun for example_task_group_decorator to 2024-02-23 00:00:00+00:00, run_after=2024-02-24 00:00:00+00:00
[2024-02-24T13:25:53.496-0600] {processor.py:183} INFO - Processing /Users/vamseekrishna/Desktop/F1_Data_Warehouse/f1datawarehouse/lib/python3.9/site-packages/airflow/example_dags/example_task_group_decorator.py took 0.088 seconds
[2024-02-24T13:27:41.304-0600] {processor.py:161} INFO - Started process (PID=79132) to work on /Users/vamseekrishna/Desktop/F1_Data_Warehouse/f1datawarehouse/lib/python3.9/site-packages/airflow/example_dags/example_task_group_decorator.py
[2024-02-24T13:27:41.307-0600] {processor.py:830} INFO - Processing file /Users/vamseekrishna/Desktop/F1_Data_Warehouse/f1datawarehouse/lib/python3.9/site-packages/airflow/example_dags/example_task_group_decorator.py for tasks to queue
[2024-02-24T13:27:41.307-0600] {logging_mixin.py:188} INFO - [2024-02-24T13:27:41.307-0600] {dagbag.py:538} INFO - Filling up the DagBag from /Users/vamseekrishna/Desktop/F1_Data_Warehouse/f1datawarehouse/lib/python3.9/site-packages/airflow/example_dags/example_task_group_decorator.py
[2024-02-24T13:27:41.324-0600] {processor.py:840} INFO - DAG(s) 'example_task_group_decorator' retrieved from /Users/vamseekrishna/Desktop/F1_Data_Warehouse/f1datawarehouse/lib/python3.9/site-packages/airflow/example_dags/example_task_group_decorator.py
[2024-02-24T13:27:41.368-0600] {logging_mixin.py:188} INFO - [2024-02-24T13:27:41.368-0600] {dag.py:3036} INFO - Sync 1 DAGs
[2024-02-24T13:27:41.376-0600] {logging_mixin.py:188} INFO - [2024-02-24T13:27:41.376-0600] {dag.py:3823} INFO - Setting next_dagrun for example_task_group_decorator to 2024-02-23 00:00:00+00:00, run_after=2024-02-24 00:00:00+00:00
[2024-02-24T13:27:41.384-0600] {processor.py:183} INFO - Processing /Users/vamseekrishna/Desktop/F1_Data_Warehouse/f1datawarehouse/lib/python3.9/site-packages/airflow/example_dags/example_task_group_decorator.py took 0.080 seconds
[2024-02-24T13:29:28.918-0600] {processor.py:161} INFO - Started process (PID=79277) to work on /Users/vamseekrishna/Desktop/F1_Data_Warehouse/f1datawarehouse/lib/python3.9/site-packages/airflow/example_dags/example_task_group_decorator.py
[2024-02-24T13:29:28.919-0600] {processor.py:830} INFO - Processing file /Users/vamseekrishna/Desktop/F1_Data_Warehouse/f1datawarehouse/lib/python3.9/site-packages/airflow/example_dags/example_task_group_decorator.py for tasks to queue
[2024-02-24T13:29:28.919-0600] {logging_mixin.py:188} INFO - [2024-02-24T13:29:28.919-0600] {dagbag.py:538} INFO - Filling up the DagBag from /Users/vamseekrishna/Desktop/F1_Data_Warehouse/f1datawarehouse/lib/python3.9/site-packages/airflow/example_dags/example_task_group_decorator.py
[2024-02-24T13:29:28.937-0600] {processor.py:840} INFO - DAG(s) 'example_task_group_decorator' retrieved from /Users/vamseekrishna/Desktop/F1_Data_Warehouse/f1datawarehouse/lib/python3.9/site-packages/airflow/example_dags/example_task_group_decorator.py
[2024-02-24T13:29:28.982-0600] {logging_mixin.py:188} INFO - [2024-02-24T13:29:28.982-0600] {dag.py:3036} INFO - Sync 1 DAGs
[2024-02-24T13:29:28.990-0600] {logging_mixin.py:188} INFO - [2024-02-24T13:29:28.990-0600] {dag.py:3823} INFO - Setting next_dagrun for example_task_group_decorator to 2024-02-23 00:00:00+00:00, run_after=2024-02-24 00:00:00+00:00
[2024-02-24T13:29:28.998-0600] {processor.py:183} INFO - Processing /Users/vamseekrishna/Desktop/F1_Data_Warehouse/f1datawarehouse/lib/python3.9/site-packages/airflow/example_dags/example_task_group_decorator.py took 0.081 seconds
