[2024-02-24T21:37:43.154-0600] {processor.py:161} INFO - Started process (PID=8319) to work on /Users/vamseekrishna/Desktop/F1_Data_Warehouse/f1datawarehouse/lib/python3.9/site-packages/airflow/example_dags/example_bash_operator.py
[2024-02-24T21:37:43.155-0600] {processor.py:830} INFO - Processing file /Users/vamseekrishna/Desktop/F1_Data_Warehouse/f1datawarehouse/lib/python3.9/site-packages/airflow/example_dags/example_bash_operator.py for tasks to queue
[2024-02-24T21:37:43.155-0600] {logging_mixin.py:188} INFO - [2024-02-24T21:37:43.155-0600] {dagbag.py:538} INFO - Filling up the DagBag from /Users/vamseekrishna/Desktop/F1_Data_Warehouse/f1datawarehouse/lib/python3.9/site-packages/airflow/example_dags/example_bash_operator.py
[2024-02-24T21:37:43.162-0600] {processor.py:840} INFO - DAG(s) 'example_bash_operator' retrieved from /Users/vamseekrishna/Desktop/F1_Data_Warehouse/f1datawarehouse/lib/python3.9/site-packages/airflow/example_dags/example_bash_operator.py
[2024-02-24T21:37:43.257-0600] {logging_mixin.py:188} INFO - [2024-02-24T21:37:43.257-0600] {dag.py:3036} INFO - Sync 1 DAGs
[2024-02-24T21:37:43.265-0600] {logging_mixin.py:188} INFO - [2024-02-24T21:37:43.265-0600] {dag.py:3823} INFO - Setting next_dagrun for example_bash_operator to 2024-02-24 00:00:00+00:00, run_after=2024-02-25 00:00:00+00:00
[2024-02-24T21:37:43.275-0600] {processor.py:183} INFO - Processing /Users/vamseekrishna/Desktop/F1_Data_Warehouse/f1datawarehouse/lib/python3.9/site-packages/airflow/example_dags/example_bash_operator.py took 0.122 seconds
[2024-02-24T21:39:40.786-0600] {processor.py:161} INFO - Started process (PID=8511) to work on /Users/vamseekrishna/Desktop/F1_Data_Warehouse/f1datawarehouse/lib/python3.9/site-packages/airflow/example_dags/example_bash_operator.py
[2024-02-24T21:39:40.788-0600] {processor.py:830} INFO - Processing file /Users/vamseekrishna/Desktop/F1_Data_Warehouse/f1datawarehouse/lib/python3.9/site-packages/airflow/example_dags/example_bash_operator.py for tasks to queue
[2024-02-24T21:39:40.789-0600] {logging_mixin.py:188} INFO - [2024-02-24T21:39:40.789-0600] {dagbag.py:538} INFO - Filling up the DagBag from /Users/vamseekrishna/Desktop/F1_Data_Warehouse/f1datawarehouse/lib/python3.9/site-packages/airflow/example_dags/example_bash_operator.py
[2024-02-24T21:39:40.809-0600] {processor.py:840} INFO - DAG(s) 'example_bash_operator' retrieved from /Users/vamseekrishna/Desktop/F1_Data_Warehouse/f1datawarehouse/lib/python3.9/site-packages/airflow/example_dags/example_bash_operator.py
[2024-02-24T21:39:40.919-0600] {logging_mixin.py:188} INFO - [2024-02-24T21:39:40.919-0600] {dag.py:3036} INFO - Sync 1 DAGs
[2024-02-24T21:39:40.935-0600] {logging_mixin.py:188} INFO - [2024-02-24T21:39:40.935-0600] {dag.py:3823} INFO - Setting next_dagrun for example_bash_operator to 2024-02-24 00:00:00+00:00, run_after=2024-02-25 00:00:00+00:00
[2024-02-24T21:39:40.952-0600] {processor.py:183} INFO - Processing /Users/vamseekrishna/Desktop/F1_Data_Warehouse/f1datawarehouse/lib/python3.9/site-packages/airflow/example_dags/example_bash_operator.py took 0.167 seconds
[2024-02-24T21:41:45.438-0600] {processor.py:161} INFO - Started process (PID=8706) to work on /Users/vamseekrishna/Desktop/F1_Data_Warehouse/f1datawarehouse/lib/python3.9/site-packages/airflow/example_dags/example_bash_operator.py
[2024-02-24T21:41:45.440-0600] {processor.py:830} INFO - Processing file /Users/vamseekrishna/Desktop/F1_Data_Warehouse/f1datawarehouse/lib/python3.9/site-packages/airflow/example_dags/example_bash_operator.py for tasks to queue
[2024-02-24T21:41:45.440-0600] {logging_mixin.py:188} INFO - [2024-02-24T21:41:45.440-0600] {dagbag.py:538} INFO - Filling up the DagBag from /Users/vamseekrishna/Desktop/F1_Data_Warehouse/f1datawarehouse/lib/python3.9/site-packages/airflow/example_dags/example_bash_operator.py
[2024-02-24T21:41:45.446-0600] {processor.py:840} INFO - DAG(s) 'example_bash_operator' retrieved from /Users/vamseekrishna/Desktop/F1_Data_Warehouse/f1datawarehouse/lib/python3.9/site-packages/airflow/example_dags/example_bash_operator.py
[2024-02-24T21:41:45.499-0600] {logging_mixin.py:188} INFO - [2024-02-24T21:41:45.499-0600] {dag.py:3036} INFO - Sync 1 DAGs
[2024-02-24T21:41:45.507-0600] {logging_mixin.py:188} INFO - [2024-02-24T21:41:45.507-0600] {dag.py:3823} INFO - Setting next_dagrun for example_bash_operator to 2024-02-24 00:00:00+00:00, run_after=2024-02-25 00:00:00+00:00
[2024-02-24T21:41:45.514-0600] {processor.py:183} INFO - Processing /Users/vamseekrishna/Desktop/F1_Data_Warehouse/f1datawarehouse/lib/python3.9/site-packages/airflow/example_dags/example_bash_operator.py took 0.077 seconds
[2024-02-24T21:50:44.858-0600] {processor.py:161} INFO - Started process (PID=9123) to work on /Users/vamseekrishna/Desktop/F1_Data_Warehouse/f1datawarehouse/lib/python3.9/site-packages/airflow/example_dags/example_bash_operator.py
[2024-02-24T21:50:44.860-0600] {processor.py:830} INFO - Processing file /Users/vamseekrishna/Desktop/F1_Data_Warehouse/f1datawarehouse/lib/python3.9/site-packages/airflow/example_dags/example_bash_operator.py for tasks to queue
[2024-02-24T21:50:44.860-0600] {logging_mixin.py:188} INFO - [2024-02-24T21:50:44.860-0600] {dagbag.py:538} INFO - Filling up the DagBag from /Users/vamseekrishna/Desktop/F1_Data_Warehouse/f1datawarehouse/lib/python3.9/site-packages/airflow/example_dags/example_bash_operator.py
[2024-02-24T21:50:44.866-0600] {processor.py:840} INFO - DAG(s) 'example_bash_operator' retrieved from /Users/vamseekrishna/Desktop/F1_Data_Warehouse/f1datawarehouse/lib/python3.9/site-packages/airflow/example_dags/example_bash_operator.py
[2024-02-24T21:50:44.917-0600] {logging_mixin.py:188} INFO - [2024-02-24T21:50:44.917-0600] {dag.py:3036} INFO - Sync 1 DAGs
[2024-02-24T21:50:44.925-0600] {logging_mixin.py:188} INFO - [2024-02-24T21:50:44.924-0600] {dag.py:3823} INFO - Setting next_dagrun for example_bash_operator to 2024-02-24 00:00:00+00:00, run_after=2024-02-25 00:00:00+00:00
[2024-02-24T21:50:44.933-0600] {processor.py:183} INFO - Processing /Users/vamseekrishna/Desktop/F1_Data_Warehouse/f1datawarehouse/lib/python3.9/site-packages/airflow/example_dags/example_bash_operator.py took 0.076 seconds
[2024-02-24T21:52:46.309-0600] {processor.py:161} INFO - Started process (PID=9268) to work on /Users/vamseekrishna/Desktop/F1_Data_Warehouse/f1datawarehouse/lib/python3.9/site-packages/airflow/example_dags/example_bash_operator.py
[2024-02-24T21:52:46.311-0600] {processor.py:830} INFO - Processing file /Users/vamseekrishna/Desktop/F1_Data_Warehouse/f1datawarehouse/lib/python3.9/site-packages/airflow/example_dags/example_bash_operator.py for tasks to queue
[2024-02-24T21:52:46.311-0600] {logging_mixin.py:188} INFO - [2024-02-24T21:52:46.311-0600] {dagbag.py:538} INFO - Filling up the DagBag from /Users/vamseekrishna/Desktop/F1_Data_Warehouse/f1datawarehouse/lib/python3.9/site-packages/airflow/example_dags/example_bash_operator.py
[2024-02-24T21:52:46.317-0600] {processor.py:840} INFO - DAG(s) 'example_bash_operator' retrieved from /Users/vamseekrishna/Desktop/F1_Data_Warehouse/f1datawarehouse/lib/python3.9/site-packages/airflow/example_dags/example_bash_operator.py
[2024-02-24T21:52:46.369-0600] {logging_mixin.py:188} INFO - [2024-02-24T21:52:46.369-0600] {dag.py:3036} INFO - Sync 1 DAGs
[2024-02-24T21:52:46.378-0600] {logging_mixin.py:188} INFO - [2024-02-24T21:52:46.378-0600] {dag.py:3823} INFO - Setting next_dagrun for example_bash_operator to 2024-02-24 00:00:00+00:00, run_after=2024-02-25 00:00:00+00:00
[2024-02-24T21:52:46.386-0600] {processor.py:183} INFO - Processing /Users/vamseekrishna/Desktop/F1_Data_Warehouse/f1datawarehouse/lib/python3.9/site-packages/airflow/example_dags/example_bash_operator.py took 0.078 seconds
[2024-02-24T21:54:55.626-0600] {processor.py:161} INFO - Started process (PID=9384) to work on /Users/vamseekrishna/Desktop/F1_Data_Warehouse/f1datawarehouse/lib/python3.9/site-packages/airflow/example_dags/example_bash_operator.py
[2024-02-24T21:54:55.628-0600] {processor.py:830} INFO - Processing file /Users/vamseekrishna/Desktop/F1_Data_Warehouse/f1datawarehouse/lib/python3.9/site-packages/airflow/example_dags/example_bash_operator.py for tasks to queue
[2024-02-24T21:54:55.628-0600] {logging_mixin.py:188} INFO - [2024-02-24T21:54:55.628-0600] {dagbag.py:538} INFO - Filling up the DagBag from /Users/vamseekrishna/Desktop/F1_Data_Warehouse/f1datawarehouse/lib/python3.9/site-packages/airflow/example_dags/example_bash_operator.py
[2024-02-24T21:54:55.635-0600] {processor.py:840} INFO - DAG(s) 'example_bash_operator' retrieved from /Users/vamseekrishna/Desktop/F1_Data_Warehouse/f1datawarehouse/lib/python3.9/site-packages/airflow/example_dags/example_bash_operator.py
[2024-02-24T21:54:55.686-0600] {logging_mixin.py:188} INFO - [2024-02-24T21:54:55.686-0600] {dag.py:3036} INFO - Sync 1 DAGs
[2024-02-24T21:54:55.694-0600] {logging_mixin.py:188} INFO - [2024-02-24T21:54:55.694-0600] {dag.py:3823} INFO - Setting next_dagrun for example_bash_operator to 2024-02-24 00:00:00+00:00, run_after=2024-02-25 00:00:00+00:00
[2024-02-24T21:54:55.702-0600] {processor.py:183} INFO - Processing /Users/vamseekrishna/Desktop/F1_Data_Warehouse/f1datawarehouse/lib/python3.9/site-packages/airflow/example_dags/example_bash_operator.py took 0.077 seconds
[2024-02-24T21:57:11.031-0600] {processor.py:161} INFO - Started process (PID=9513) to work on /Users/vamseekrishna/Desktop/F1_Data_Warehouse/f1datawarehouse/lib/python3.9/site-packages/airflow/example_dags/example_bash_operator.py
[2024-02-24T21:57:11.033-0600] {processor.py:830} INFO - Processing file /Users/vamseekrishna/Desktop/F1_Data_Warehouse/f1datawarehouse/lib/python3.9/site-packages/airflow/example_dags/example_bash_operator.py for tasks to queue
[2024-02-24T21:57:11.033-0600] {logging_mixin.py:188} INFO - [2024-02-24T21:57:11.033-0600] {dagbag.py:538} INFO - Filling up the DagBag from /Users/vamseekrishna/Desktop/F1_Data_Warehouse/f1datawarehouse/lib/python3.9/site-packages/airflow/example_dags/example_bash_operator.py
[2024-02-24T21:57:11.040-0600] {processor.py:840} INFO - DAG(s) 'example_bash_operator' retrieved from /Users/vamseekrishna/Desktop/F1_Data_Warehouse/f1datawarehouse/lib/python3.9/site-packages/airflow/example_dags/example_bash_operator.py
[2024-02-24T21:57:11.099-0600] {logging_mixin.py:188} INFO - [2024-02-24T21:57:11.099-0600] {dag.py:3036} INFO - Sync 1 DAGs
[2024-02-24T21:57:11.107-0600] {logging_mixin.py:188} INFO - [2024-02-24T21:57:11.107-0600] {dag.py:3823} INFO - Setting next_dagrun for example_bash_operator to 2024-02-24 00:00:00+00:00, run_after=2024-02-25 00:00:00+00:00
[2024-02-24T21:57:11.114-0600] {processor.py:183} INFO - Processing /Users/vamseekrishna/Desktop/F1_Data_Warehouse/f1datawarehouse/lib/python3.9/site-packages/airflow/example_dags/example_bash_operator.py took 0.084 seconds
[2024-02-24T21:59:12.890-0600] {processor.py:161} INFO - Started process (PID=9623) to work on /Users/vamseekrishna/Desktop/F1_Data_Warehouse/f1datawarehouse/lib/python3.9/site-packages/airflow/example_dags/example_bash_operator.py
[2024-02-24T21:59:12.892-0600] {processor.py:830} INFO - Processing file /Users/vamseekrishna/Desktop/F1_Data_Warehouse/f1datawarehouse/lib/python3.9/site-packages/airflow/example_dags/example_bash_operator.py for tasks to queue
[2024-02-24T21:59:12.892-0600] {logging_mixin.py:188} INFO - [2024-02-24T21:59:12.892-0600] {dagbag.py:538} INFO - Filling up the DagBag from /Users/vamseekrishna/Desktop/F1_Data_Warehouse/f1datawarehouse/lib/python3.9/site-packages/airflow/example_dags/example_bash_operator.py
[2024-02-24T21:59:12.898-0600] {processor.py:840} INFO - DAG(s) 'example_bash_operator' retrieved from /Users/vamseekrishna/Desktop/F1_Data_Warehouse/f1datawarehouse/lib/python3.9/site-packages/airflow/example_dags/example_bash_operator.py
[2024-02-24T21:59:12.950-0600] {logging_mixin.py:188} INFO - [2024-02-24T21:59:12.950-0600] {dag.py:3036} INFO - Sync 1 DAGs
[2024-02-24T21:59:12.958-0600] {logging_mixin.py:188} INFO - [2024-02-24T21:59:12.958-0600] {dag.py:3823} INFO - Setting next_dagrun for example_bash_operator to 2024-02-24 00:00:00+00:00, run_after=2024-02-25 00:00:00+00:00
[2024-02-24T21:59:12.969-0600] {processor.py:183} INFO - Processing /Users/vamseekrishna/Desktop/F1_Data_Warehouse/f1datawarehouse/lib/python3.9/site-packages/airflow/example_dags/example_bash_operator.py took 0.079 seconds
