[2024-02-24T21:36:30.881-0600] {processor.py:161} INFO - Started process (PID=8204) to work on /Users/vamseekrishna/Desktop/F1_Data_Warehouse/f1datawarehouse/lib/python3.9/site-packages/airflow/example_dags/example_xcom.py
[2024-02-24T21:36:30.882-0600] {processor.py:830} INFO - Processing file /Users/vamseekrishna/Desktop/F1_Data_Warehouse/f1datawarehouse/lib/python3.9/site-packages/airflow/example_dags/example_xcom.py for tasks to queue
[2024-02-24T21:36:30.883-0600] {logging_mixin.py:188} INFO - [2024-02-24T21:36:30.883-0600] {dagbag.py:538} INFO - Filling up the DagBag from /Users/vamseekrishna/Desktop/F1_Data_Warehouse/f1datawarehouse/lib/python3.9/site-packages/airflow/example_dags/example_xcom.py
[2024-02-24T21:36:30.915-0600] {processor.py:840} INFO - DAG(s) 'example_xcom' retrieved from /Users/vamseekrishna/Desktop/F1_Data_Warehouse/f1datawarehouse/lib/python3.9/site-packages/airflow/example_dags/example_xcom.py
[2024-02-24T21:36:30.931-0600] {logging_mixin.py:188} INFO - [2024-02-24T21:36:30.931-0600] {dag.py:3036} INFO - Sync 1 DAGs
[2024-02-24T21:36:31.002-0600] {logging_mixin.py:188} INFO - [2024-02-24T21:36:31.002-0600] {dag.py:3823} INFO - Setting next_dagrun for example_xcom to 2021-01-01 00:00:00+00:00, run_after=2021-01-01 00:00:00+00:00
[2024-02-24T21:36:31.011-0600] {processor.py:183} INFO - Processing /Users/vamseekrishna/Desktop/F1_Data_Warehouse/f1datawarehouse/lib/python3.9/site-packages/airflow/example_dags/example_xcom.py took 0.130 seconds
[2024-02-24T21:38:04.676-0600] {processor.py:161} INFO - Started process (PID=8358) to work on /Users/vamseekrishna/Desktop/F1_Data_Warehouse/f1datawarehouse/lib/python3.9/site-packages/airflow/example_dags/example_xcom.py
[2024-02-24T21:38:04.678-0600] {processor.py:830} INFO - Processing file /Users/vamseekrishna/Desktop/F1_Data_Warehouse/f1datawarehouse/lib/python3.9/site-packages/airflow/example_dags/example_xcom.py for tasks to queue
[2024-02-24T21:38:04.678-0600] {logging_mixin.py:188} INFO - [2024-02-24T21:38:04.678-0600] {dagbag.py:538} INFO - Filling up the DagBag from /Users/vamseekrishna/Desktop/F1_Data_Warehouse/f1datawarehouse/lib/python3.9/site-packages/airflow/example_dags/example_xcom.py
[2024-02-24T21:38:04.695-0600] {processor.py:840} INFO - DAG(s) 'example_xcom' retrieved from /Users/vamseekrishna/Desktop/F1_Data_Warehouse/f1datawarehouse/lib/python3.9/site-packages/airflow/example_dags/example_xcom.py
[2024-02-24T21:38:04.781-0600] {logging_mixin.py:188} INFO - [2024-02-24T21:38:04.781-0600] {dag.py:3036} INFO - Sync 1 DAGs
[2024-02-24T21:38:04.789-0600] {logging_mixin.py:188} INFO - [2024-02-24T21:38:04.789-0600] {dag.py:3823} INFO - Setting next_dagrun for example_xcom to 2021-01-01 00:00:00+00:00, run_after=2021-01-01 00:00:00+00:00
[2024-02-24T21:38:04.799-0600] {processor.py:183} INFO - Processing /Users/vamseekrishna/Desktop/F1_Data_Warehouse/f1datawarehouse/lib/python3.9/site-packages/airflow/example_dags/example_xcom.py took 0.123 seconds
[2024-02-24T21:39:03.524-0600] {processor.py:161} INFO - Started process (PID=8459) to work on /Users/vamseekrishna/Desktop/F1_Data_Warehouse/f1datawarehouse/lib/python3.9/site-packages/airflow/example_dags/example_xcom.py
[2024-02-24T21:39:03.526-0600] {processor.py:830} INFO - Processing file /Users/vamseekrishna/Desktop/F1_Data_Warehouse/f1datawarehouse/lib/python3.9/site-packages/airflow/example_dags/example_xcom.py for tasks to queue
[2024-02-24T21:39:03.526-0600] {logging_mixin.py:188} INFO - [2024-02-24T21:39:03.526-0600] {dagbag.py:538} INFO - Filling up the DagBag from /Users/vamseekrishna/Desktop/F1_Data_Warehouse/f1datawarehouse/lib/python3.9/site-packages/airflow/example_dags/example_xcom.py
[2024-02-24T21:39:03.542-0600] {processor.py:840} INFO - DAG(s) 'example_xcom' retrieved from /Users/vamseekrishna/Desktop/F1_Data_Warehouse/f1datawarehouse/lib/python3.9/site-packages/airflow/example_dags/example_xcom.py
[2024-02-24T21:39:03.592-0600] {logging_mixin.py:188} INFO - [2024-02-24T21:39:03.592-0600] {dag.py:3036} INFO - Sync 1 DAGs
[2024-02-24T21:39:03.599-0600] {logging_mixin.py:188} INFO - [2024-02-24T21:39:03.599-0600] {dag.py:3823} INFO - Setting next_dagrun for example_xcom to 2021-01-01 00:00:00+00:00, run_after=2021-01-01 00:00:00+00:00
[2024-02-24T21:39:03.607-0600] {processor.py:183} INFO - Processing /Users/vamseekrishna/Desktop/F1_Data_Warehouse/f1datawarehouse/lib/python3.9/site-packages/airflow/example_dags/example_xcom.py took 0.083 seconds
[2024-02-24T21:40:03.889-0600] {processor.py:161} INFO - Started process (PID=8563) to work on /Users/vamseekrishna/Desktop/F1_Data_Warehouse/f1datawarehouse/lib/python3.9/site-packages/airflow/example_dags/example_xcom.py
[2024-02-24T21:40:03.890-0600] {processor.py:830} INFO - Processing file /Users/vamseekrishna/Desktop/F1_Data_Warehouse/f1datawarehouse/lib/python3.9/site-packages/airflow/example_dags/example_xcom.py for tasks to queue
[2024-02-24T21:40:03.891-0600] {logging_mixin.py:188} INFO - [2024-02-24T21:40:03.890-0600] {dagbag.py:538} INFO - Filling up the DagBag from /Users/vamseekrishna/Desktop/F1_Data_Warehouse/f1datawarehouse/lib/python3.9/site-packages/airflow/example_dags/example_xcom.py
[2024-02-24T21:40:03.907-0600] {processor.py:840} INFO - DAG(s) 'example_xcom' retrieved from /Users/vamseekrishna/Desktop/F1_Data_Warehouse/f1datawarehouse/lib/python3.9/site-packages/airflow/example_dags/example_xcom.py
[2024-02-24T21:40:03.954-0600] {logging_mixin.py:188} INFO - [2024-02-24T21:40:03.954-0600] {dag.py:3036} INFO - Sync 1 DAGs
[2024-02-24T21:40:03.961-0600] {logging_mixin.py:188} INFO - [2024-02-24T21:40:03.961-0600] {dag.py:3823} INFO - Setting next_dagrun for example_xcom to 2021-01-01 00:00:00+00:00, run_after=2021-01-01 00:00:00+00:00
[2024-02-24T21:40:03.969-0600] {processor.py:183} INFO - Processing /Users/vamseekrishna/Desktop/F1_Data_Warehouse/f1datawarehouse/lib/python3.9/site-packages/airflow/example_dags/example_xcom.py took 0.081 seconds
[2024-02-24T21:41:04.505-0600] {processor.py:161} INFO - Started process (PID=8652) to work on /Users/vamseekrishna/Desktop/F1_Data_Warehouse/f1datawarehouse/lib/python3.9/site-packages/airflow/example_dags/example_xcom.py
[2024-02-24T21:41:04.507-0600] {processor.py:830} INFO - Processing file /Users/vamseekrishna/Desktop/F1_Data_Warehouse/f1datawarehouse/lib/python3.9/site-packages/airflow/example_dags/example_xcom.py for tasks to queue
[2024-02-24T21:41:04.507-0600] {logging_mixin.py:188} INFO - [2024-02-24T21:41:04.507-0600] {dagbag.py:538} INFO - Filling up the DagBag from /Users/vamseekrishna/Desktop/F1_Data_Warehouse/f1datawarehouse/lib/python3.9/site-packages/airflow/example_dags/example_xcom.py
[2024-02-24T21:41:04.523-0600] {processor.py:840} INFO - DAG(s) 'example_xcom' retrieved from /Users/vamseekrishna/Desktop/F1_Data_Warehouse/f1datawarehouse/lib/python3.9/site-packages/airflow/example_dags/example_xcom.py
[2024-02-24T21:41:04.572-0600] {logging_mixin.py:188} INFO - [2024-02-24T21:41:04.572-0600] {dag.py:3036} INFO - Sync 1 DAGs
[2024-02-24T21:41:04.578-0600] {logging_mixin.py:188} INFO - [2024-02-24T21:41:04.578-0600] {dag.py:3823} INFO - Setting next_dagrun for example_xcom to 2021-01-01 00:00:00+00:00, run_after=2021-01-01 00:00:00+00:00
[2024-02-24T21:41:04.586-0600] {processor.py:183} INFO - Processing /Users/vamseekrishna/Desktop/F1_Data_Warehouse/f1datawarehouse/lib/python3.9/site-packages/airflow/example_dags/example_xcom.py took 0.082 seconds
[2024-02-24T21:42:08.670-0600] {processor.py:161} INFO - Started process (PID=8746) to work on /Users/vamseekrishna/Desktop/F1_Data_Warehouse/f1datawarehouse/lib/python3.9/site-packages/airflow/example_dags/example_xcom.py
[2024-02-24T21:42:08.672-0600] {processor.py:830} INFO - Processing file /Users/vamseekrishna/Desktop/F1_Data_Warehouse/f1datawarehouse/lib/python3.9/site-packages/airflow/example_dags/example_xcom.py for tasks to queue
[2024-02-24T21:42:08.672-0600] {logging_mixin.py:188} INFO - [2024-02-24T21:42:08.672-0600] {dagbag.py:538} INFO - Filling up the DagBag from /Users/vamseekrishna/Desktop/F1_Data_Warehouse/f1datawarehouse/lib/python3.9/site-packages/airflow/example_dags/example_xcom.py
[2024-02-24T21:42:08.690-0600] {processor.py:840} INFO - DAG(s) 'example_xcom' retrieved from /Users/vamseekrishna/Desktop/F1_Data_Warehouse/f1datawarehouse/lib/python3.9/site-packages/airflow/example_dags/example_xcom.py
[2024-02-24T21:42:08.738-0600] {logging_mixin.py:188} INFO - [2024-02-24T21:42:08.738-0600] {dag.py:3036} INFO - Sync 1 DAGs
[2024-02-24T21:42:08.745-0600] {logging_mixin.py:188} INFO - [2024-02-24T21:42:08.745-0600] {dag.py:3823} INFO - Setting next_dagrun for example_xcom to 2021-01-01 00:00:00+00:00, run_after=2021-01-01 00:00:00+00:00
[2024-02-24T21:42:08.753-0600] {processor.py:183} INFO - Processing /Users/vamseekrishna/Desktop/F1_Data_Warehouse/f1datawarehouse/lib/python3.9/site-packages/airflow/example_dags/example_xcom.py took 0.084 seconds
[2024-02-24T21:49:33.443-0600] {processor.py:161} INFO - Started process (PID=9048) to work on /Users/vamseekrishna/Desktop/F1_Data_Warehouse/f1datawarehouse/lib/python3.9/site-packages/airflow/example_dags/example_xcom.py
[2024-02-24T21:49:33.445-0600] {processor.py:830} INFO - Processing file /Users/vamseekrishna/Desktop/F1_Data_Warehouse/f1datawarehouse/lib/python3.9/site-packages/airflow/example_dags/example_xcom.py for tasks to queue
[2024-02-24T21:49:33.445-0600] {logging_mixin.py:188} INFO - [2024-02-24T21:49:33.445-0600] {dagbag.py:538} INFO - Filling up the DagBag from /Users/vamseekrishna/Desktop/F1_Data_Warehouse/f1datawarehouse/lib/python3.9/site-packages/airflow/example_dags/example_xcom.py
[2024-02-24T21:49:33.464-0600] {processor.py:840} INFO - DAG(s) 'example_xcom' retrieved from /Users/vamseekrishna/Desktop/F1_Data_Warehouse/f1datawarehouse/lib/python3.9/site-packages/airflow/example_dags/example_xcom.py
[2024-02-24T21:49:33.517-0600] {logging_mixin.py:188} INFO - [2024-02-24T21:49:33.517-0600] {dag.py:3036} INFO - Sync 1 DAGs
[2024-02-24T21:49:33.527-0600] {logging_mixin.py:188} INFO - [2024-02-24T21:49:33.526-0600] {dag.py:3823} INFO - Setting next_dagrun for example_xcom to 2021-01-01 00:00:00+00:00, run_after=2021-01-01 00:00:00+00:00
[2024-02-24T21:49:33.538-0600] {processor.py:183} INFO - Processing /Users/vamseekrishna/Desktop/F1_Data_Warehouse/f1datawarehouse/lib/python3.9/site-packages/airflow/example_dags/example_xcom.py took 0.095 seconds
[2024-02-24T21:51:07.206-0600] {processor.py:161} INFO - Started process (PID=9142) to work on /Users/vamseekrishna/Desktop/F1_Data_Warehouse/f1datawarehouse/lib/python3.9/site-packages/airflow/example_dags/example_xcom.py
[2024-02-24T21:51:07.209-0600] {processor.py:830} INFO - Processing file /Users/vamseekrishna/Desktop/F1_Data_Warehouse/f1datawarehouse/lib/python3.9/site-packages/airflow/example_dags/example_xcom.py for tasks to queue
[2024-02-24T21:51:07.209-0600] {logging_mixin.py:188} INFO - [2024-02-24T21:51:07.209-0600] {dagbag.py:538} INFO - Filling up the DagBag from /Users/vamseekrishna/Desktop/F1_Data_Warehouse/f1datawarehouse/lib/python3.9/site-packages/airflow/example_dags/example_xcom.py
[2024-02-24T21:51:07.225-0600] {processor.py:840} INFO - DAG(s) 'example_xcom' retrieved from /Users/vamseekrishna/Desktop/F1_Data_Warehouse/f1datawarehouse/lib/python3.9/site-packages/airflow/example_dags/example_xcom.py
[2024-02-24T21:51:07.272-0600] {logging_mixin.py:188} INFO - [2024-02-24T21:51:07.272-0600] {dag.py:3036} INFO - Sync 1 DAGs
[2024-02-24T21:51:07.279-0600] {logging_mixin.py:188} INFO - [2024-02-24T21:51:07.279-0600] {dag.py:3823} INFO - Setting next_dagrun for example_xcom to 2021-01-01 00:00:00+00:00, run_after=2021-01-01 00:00:00+00:00
[2024-02-24T21:51:07.287-0600] {processor.py:183} INFO - Processing /Users/vamseekrishna/Desktop/F1_Data_Warehouse/f1datawarehouse/lib/python3.9/site-packages/airflow/example_dags/example_xcom.py took 0.081 seconds
[2024-02-24T21:52:05.920-0600] {processor.py:161} INFO - Started process (PID=9202) to work on /Users/vamseekrishna/Desktop/F1_Data_Warehouse/f1datawarehouse/lib/python3.9/site-packages/airflow/example_dags/example_xcom.py
[2024-02-24T21:52:05.921-0600] {processor.py:830} INFO - Processing file /Users/vamseekrishna/Desktop/F1_Data_Warehouse/f1datawarehouse/lib/python3.9/site-packages/airflow/example_dags/example_xcom.py for tasks to queue
[2024-02-24T21:52:05.922-0600] {logging_mixin.py:188} INFO - [2024-02-24T21:52:05.922-0600] {dagbag.py:538} INFO - Filling up the DagBag from /Users/vamseekrishna/Desktop/F1_Data_Warehouse/f1datawarehouse/lib/python3.9/site-packages/airflow/example_dags/example_xcom.py
[2024-02-24T21:52:05.940-0600] {processor.py:840} INFO - DAG(s) 'example_xcom' retrieved from /Users/vamseekrishna/Desktop/F1_Data_Warehouse/f1datawarehouse/lib/python3.9/site-packages/airflow/example_dags/example_xcom.py
[2024-02-24T21:52:05.987-0600] {logging_mixin.py:188} INFO - [2024-02-24T21:52:05.987-0600] {dag.py:3036} INFO - Sync 1 DAGs
[2024-02-24T21:52:05.994-0600] {logging_mixin.py:188} INFO - [2024-02-24T21:52:05.994-0600] {dag.py:3823} INFO - Setting next_dagrun for example_xcom to 2021-01-01 00:00:00+00:00, run_after=2021-01-01 00:00:00+00:00
[2024-02-24T21:52:06.002-0600] {processor.py:183} INFO - Processing /Users/vamseekrishna/Desktop/F1_Data_Warehouse/f1datawarehouse/lib/python3.9/site-packages/airflow/example_dags/example_xcom.py took 0.083 seconds
[2024-02-24T21:53:11.964-0600] {processor.py:161} INFO - Started process (PID=9298) to work on /Users/vamseekrishna/Desktop/F1_Data_Warehouse/f1datawarehouse/lib/python3.9/site-packages/airflow/example_dags/example_xcom.py
[2024-02-24T21:53:11.967-0600] {processor.py:830} INFO - Processing file /Users/vamseekrishna/Desktop/F1_Data_Warehouse/f1datawarehouse/lib/python3.9/site-packages/airflow/example_dags/example_xcom.py for tasks to queue
[2024-02-24T21:53:11.967-0600] {logging_mixin.py:188} INFO - [2024-02-24T21:53:11.967-0600] {dagbag.py:538} INFO - Filling up the DagBag from /Users/vamseekrishna/Desktop/F1_Data_Warehouse/f1datawarehouse/lib/python3.9/site-packages/airflow/example_dags/example_xcom.py
[2024-02-24T21:53:11.994-0600] {processor.py:840} INFO - DAG(s) 'example_xcom' retrieved from /Users/vamseekrishna/Desktop/F1_Data_Warehouse/f1datawarehouse/lib/python3.9/site-packages/airflow/example_dags/example_xcom.py
[2024-02-24T21:53:12.055-0600] {logging_mixin.py:188} INFO - [2024-02-24T21:53:12.055-0600] {dag.py:3036} INFO - Sync 1 DAGs
[2024-02-24T21:53:12.063-0600] {logging_mixin.py:188} INFO - [2024-02-24T21:53:12.063-0600] {dag.py:3823} INFO - Setting next_dagrun for example_xcom to 2021-01-01 00:00:00+00:00, run_after=2021-01-01 00:00:00+00:00
[2024-02-24T21:53:12.072-0600] {processor.py:183} INFO - Processing /Users/vamseekrishna/Desktop/F1_Data_Warehouse/f1datawarehouse/lib/python3.9/site-packages/airflow/example_dags/example_xcom.py took 0.109 seconds
[2024-02-24T21:54:15.166-0600] {processor.py:161} INFO - Started process (PID=9347) to work on /Users/vamseekrishna/Desktop/F1_Data_Warehouse/f1datawarehouse/lib/python3.9/site-packages/airflow/example_dags/example_xcom.py
[2024-02-24T21:54:15.168-0600] {processor.py:830} INFO - Processing file /Users/vamseekrishna/Desktop/F1_Data_Warehouse/f1datawarehouse/lib/python3.9/site-packages/airflow/example_dags/example_xcom.py for tasks to queue
[2024-02-24T21:54:15.169-0600] {logging_mixin.py:188} INFO - [2024-02-24T21:54:15.169-0600] {dagbag.py:538} INFO - Filling up the DagBag from /Users/vamseekrishna/Desktop/F1_Data_Warehouse/f1datawarehouse/lib/python3.9/site-packages/airflow/example_dags/example_xcom.py
[2024-02-24T21:54:15.187-0600] {processor.py:840} INFO - DAG(s) 'example_xcom' retrieved from /Users/vamseekrishna/Desktop/F1_Data_Warehouse/f1datawarehouse/lib/python3.9/site-packages/airflow/example_dags/example_xcom.py
[2024-02-24T21:54:15.237-0600] {logging_mixin.py:188} INFO - [2024-02-24T21:54:15.236-0600] {dag.py:3036} INFO - Sync 1 DAGs
[2024-02-24T21:54:15.245-0600] {logging_mixin.py:188} INFO - [2024-02-24T21:54:15.245-0600] {dag.py:3823} INFO - Setting next_dagrun for example_xcom to 2021-01-01 00:00:00+00:00, run_after=2021-01-01 00:00:00+00:00
[2024-02-24T21:54:15.254-0600] {processor.py:183} INFO - Processing /Users/vamseekrishna/Desktop/F1_Data_Warehouse/f1datawarehouse/lib/python3.9/site-packages/airflow/example_dags/example_xcom.py took 0.088 seconds
[2024-02-24T21:55:20.971-0600] {processor.py:161} INFO - Started process (PID=9411) to work on /Users/vamseekrishna/Desktop/F1_Data_Warehouse/f1datawarehouse/lib/python3.9/site-packages/airflow/example_dags/example_xcom.py
[2024-02-24T21:55:20.973-0600] {processor.py:830} INFO - Processing file /Users/vamseekrishna/Desktop/F1_Data_Warehouse/f1datawarehouse/lib/python3.9/site-packages/airflow/example_dags/example_xcom.py for tasks to queue
[2024-02-24T21:55:20.973-0600] {logging_mixin.py:188} INFO - [2024-02-24T21:55:20.973-0600] {dagbag.py:538} INFO - Filling up the DagBag from /Users/vamseekrishna/Desktop/F1_Data_Warehouse/f1datawarehouse/lib/python3.9/site-packages/airflow/example_dags/example_xcom.py
[2024-02-24T21:55:20.990-0600] {processor.py:840} INFO - DAG(s) 'example_xcom' retrieved from /Users/vamseekrishna/Desktop/F1_Data_Warehouse/f1datawarehouse/lib/python3.9/site-packages/airflow/example_dags/example_xcom.py
[2024-02-24T21:55:21.041-0600] {logging_mixin.py:188} INFO - [2024-02-24T21:55:21.041-0600] {dag.py:3036} INFO - Sync 1 DAGs
[2024-02-24T21:55:21.048-0600] {logging_mixin.py:188} INFO - [2024-02-24T21:55:21.048-0600] {dag.py:3823} INFO - Setting next_dagrun for example_xcom to 2021-01-01 00:00:00+00:00, run_after=2021-01-01 00:00:00+00:00
[2024-02-24T21:55:21.057-0600] {processor.py:183} INFO - Processing /Users/vamseekrishna/Desktop/F1_Data_Warehouse/f1datawarehouse/lib/python3.9/site-packages/airflow/example_dags/example_xcom.py took 0.087 seconds
[2024-02-24T21:56:29.468-0600] {processor.py:161} INFO - Started process (PID=9463) to work on /Users/vamseekrishna/Desktop/F1_Data_Warehouse/f1datawarehouse/lib/python3.9/site-packages/airflow/example_dags/example_xcom.py
[2024-02-24T21:56:29.471-0600] {processor.py:830} INFO - Processing file /Users/vamseekrishna/Desktop/F1_Data_Warehouse/f1datawarehouse/lib/python3.9/site-packages/airflow/example_dags/example_xcom.py for tasks to queue
[2024-02-24T21:56:29.472-0600] {logging_mixin.py:188} INFO - [2024-02-24T21:56:29.472-0600] {dagbag.py:538} INFO - Filling up the DagBag from /Users/vamseekrishna/Desktop/F1_Data_Warehouse/f1datawarehouse/lib/python3.9/site-packages/airflow/example_dags/example_xcom.py
[2024-02-24T21:56:29.523-0600] {processor.py:840} INFO - DAG(s) 'example_xcom' retrieved from /Users/vamseekrishna/Desktop/F1_Data_Warehouse/f1datawarehouse/lib/python3.9/site-packages/airflow/example_dags/example_xcom.py
[2024-02-24T21:56:29.628-0600] {logging_mixin.py:188} INFO - [2024-02-24T21:56:29.628-0600] {dag.py:3036} INFO - Sync 1 DAGs
[2024-02-24T21:56:29.639-0600] {logging_mixin.py:188} INFO - [2024-02-24T21:56:29.638-0600] {dag.py:3823} INFO - Setting next_dagrun for example_xcom to 2021-01-01 00:00:00+00:00, run_after=2021-01-01 00:00:00+00:00
[2024-02-24T21:56:29.652-0600] {processor.py:183} INFO - Processing /Users/vamseekrishna/Desktop/F1_Data_Warehouse/f1datawarehouse/lib/python3.9/site-packages/airflow/example_dags/example_xcom.py took 0.185 seconds
[2024-02-24T21:57:31.829-0600] {processor.py:161} INFO - Started process (PID=9537) to work on /Users/vamseekrishna/Desktop/F1_Data_Warehouse/f1datawarehouse/lib/python3.9/site-packages/airflow/example_dags/example_xcom.py
[2024-02-24T21:57:31.831-0600] {processor.py:830} INFO - Processing file /Users/vamseekrishna/Desktop/F1_Data_Warehouse/f1datawarehouse/lib/python3.9/site-packages/airflow/example_dags/example_xcom.py for tasks to queue
[2024-02-24T21:57:31.831-0600] {logging_mixin.py:188} INFO - [2024-02-24T21:57:31.831-0600] {dagbag.py:538} INFO - Filling up the DagBag from /Users/vamseekrishna/Desktop/F1_Data_Warehouse/f1datawarehouse/lib/python3.9/site-packages/airflow/example_dags/example_xcom.py
[2024-02-24T21:57:31.847-0600] {processor.py:840} INFO - DAG(s) 'example_xcom' retrieved from /Users/vamseekrishna/Desktop/F1_Data_Warehouse/f1datawarehouse/lib/python3.9/site-packages/airflow/example_dags/example_xcom.py
[2024-02-24T21:57:31.893-0600] {logging_mixin.py:188} INFO - [2024-02-24T21:57:31.893-0600] {dag.py:3036} INFO - Sync 1 DAGs
[2024-02-24T21:57:31.900-0600] {logging_mixin.py:188} INFO - [2024-02-24T21:57:31.900-0600] {dag.py:3823} INFO - Setting next_dagrun for example_xcom to 2021-01-01 00:00:00+00:00, run_after=2021-01-01 00:00:00+00:00
[2024-02-24T21:57:31.909-0600] {processor.py:183} INFO - Processing /Users/vamseekrishna/Desktop/F1_Data_Warehouse/f1datawarehouse/lib/python3.9/site-packages/airflow/example_dags/example_xcom.py took 0.080 seconds
[2024-02-24T21:58:34.610-0600] {processor.py:161} INFO - Started process (PID=9582) to work on /Users/vamseekrishna/Desktop/F1_Data_Warehouse/f1datawarehouse/lib/python3.9/site-packages/airflow/example_dags/example_xcom.py
[2024-02-24T21:58:34.612-0600] {processor.py:830} INFO - Processing file /Users/vamseekrishna/Desktop/F1_Data_Warehouse/f1datawarehouse/lib/python3.9/site-packages/airflow/example_dags/example_xcom.py for tasks to queue
[2024-02-24T21:58:34.612-0600] {logging_mixin.py:188} INFO - [2024-02-24T21:58:34.612-0600] {dagbag.py:538} INFO - Filling up the DagBag from /Users/vamseekrishna/Desktop/F1_Data_Warehouse/f1datawarehouse/lib/python3.9/site-packages/airflow/example_dags/example_xcom.py
[2024-02-24T21:58:34.628-0600] {processor.py:840} INFO - DAG(s) 'example_xcom' retrieved from /Users/vamseekrishna/Desktop/F1_Data_Warehouse/f1datawarehouse/lib/python3.9/site-packages/airflow/example_dags/example_xcom.py
[2024-02-24T21:58:34.679-0600] {logging_mixin.py:188} INFO - [2024-02-24T21:58:34.679-0600] {dag.py:3036} INFO - Sync 1 DAGs
[2024-02-24T21:58:34.686-0600] {logging_mixin.py:188} INFO - [2024-02-24T21:58:34.686-0600] {dag.py:3823} INFO - Setting next_dagrun for example_xcom to 2021-01-01 00:00:00+00:00, run_after=2021-01-01 00:00:00+00:00
[2024-02-24T21:58:34.694-0600] {processor.py:183} INFO - Processing /Users/vamseekrishna/Desktop/F1_Data_Warehouse/f1datawarehouse/lib/python3.9/site-packages/airflow/example_dags/example_xcom.py took 0.085 seconds
