[2024-02-24T18:02:54.216-0600] {processor.py:161} INFO - Started process (PID=95665) to work on /Users/vamseekrishna/Desktop/F1_Data_Warehouse/f1datawarehouse/lib/python3.9/site-packages/airflow/example_dags/example_setup_teardown_taskflow.py
[2024-02-24T18:02:54.219-0600] {processor.py:830} INFO - Processing file /Users/vamseekrishna/Desktop/F1_Data_Warehouse/f1datawarehouse/lib/python3.9/site-packages/airflow/example_dags/example_setup_teardown_taskflow.py for tasks to queue
[2024-02-24T18:02:54.219-0600] {logging_mixin.py:188} INFO - [2024-02-24T18:02:54.219-0600] {dagbag.py:538} INFO - Filling up the DagBag from /Users/vamseekrishna/Desktop/F1_Data_Warehouse/f1datawarehouse/lib/python3.9/site-packages/airflow/example_dags/example_setup_teardown_taskflow.py
[2024-02-24T18:02:54.236-0600] {processor.py:840} INFO - DAG(s) 'example_setup_teardown_taskflow' retrieved from /Users/vamseekrishna/Desktop/F1_Data_Warehouse/f1datawarehouse/lib/python3.9/site-packages/airflow/example_dags/example_setup_teardown_taskflow.py
[2024-02-24T18:02:54.283-0600] {logging_mixin.py:188} INFO - [2024-02-24T18:02:54.283-0600] {dag.py:3036} INFO - Sync 1 DAGs
[2024-02-24T18:02:54.292-0600] {logging_mixin.py:188} INFO - [2024-02-24T18:02:54.292-0600] {dag.py:3823} INFO - Setting next_dagrun for example_setup_teardown_taskflow to 2024-02-24 00:00:00+00:00, run_after=2024-02-25 00:00:00+00:00
[2024-02-24T18:02:54.300-0600] {processor.py:183} INFO - Processing /Users/vamseekrishna/Desktop/F1_Data_Warehouse/f1datawarehouse/lib/python3.9/site-packages/airflow/example_dags/example_setup_teardown_taskflow.py took 0.085 seconds
[2024-02-24T18:04:18.334-0600] {processor.py:161} INFO - Started process (PID=95760) to work on /Users/vamseekrishna/Desktop/F1_Data_Warehouse/f1datawarehouse/lib/python3.9/site-packages/airflow/example_dags/example_setup_teardown_taskflow.py
[2024-02-24T18:04:18.336-0600] {processor.py:830} INFO - Processing file /Users/vamseekrishna/Desktop/F1_Data_Warehouse/f1datawarehouse/lib/python3.9/site-packages/airflow/example_dags/example_setup_teardown_taskflow.py for tasks to queue
[2024-02-24T18:04:18.336-0600] {logging_mixin.py:188} INFO - [2024-02-24T18:04:18.336-0600] {dagbag.py:538} INFO - Filling up the DagBag from /Users/vamseekrishna/Desktop/F1_Data_Warehouse/f1datawarehouse/lib/python3.9/site-packages/airflow/example_dags/example_setup_teardown_taskflow.py
[2024-02-24T18:04:18.352-0600] {processor.py:840} INFO - DAG(s) 'example_setup_teardown_taskflow' retrieved from /Users/vamseekrishna/Desktop/F1_Data_Warehouse/f1datawarehouse/lib/python3.9/site-packages/airflow/example_dags/example_setup_teardown_taskflow.py
[2024-02-24T18:04:18.400-0600] {logging_mixin.py:188} INFO - [2024-02-24T18:04:18.399-0600] {dag.py:3036} INFO - Sync 1 DAGs
[2024-02-24T18:04:18.408-0600] {logging_mixin.py:188} INFO - [2024-02-24T18:04:18.408-0600] {dag.py:3823} INFO - Setting next_dagrun for example_setup_teardown_taskflow to 2024-02-24 00:00:00+00:00, run_after=2024-02-25 00:00:00+00:00
[2024-02-24T18:04:18.416-0600] {processor.py:183} INFO - Processing /Users/vamseekrishna/Desktop/F1_Data_Warehouse/f1datawarehouse/lib/python3.9/site-packages/airflow/example_dags/example_setup_teardown_taskflow.py took 0.083 seconds
[2024-02-24T18:06:34.005-0600] {processor.py:161} INFO - Started process (PID=95919) to work on /Users/vamseekrishna/Desktop/F1_Data_Warehouse/f1datawarehouse/lib/python3.9/site-packages/airflow/example_dags/example_setup_teardown_taskflow.py
[2024-02-24T18:06:34.006-0600] {processor.py:830} INFO - Processing file /Users/vamseekrishna/Desktop/F1_Data_Warehouse/f1datawarehouse/lib/python3.9/site-packages/airflow/example_dags/example_setup_teardown_taskflow.py for tasks to queue
[2024-02-24T18:06:34.007-0600] {logging_mixin.py:188} INFO - [2024-02-24T18:06:34.007-0600] {dagbag.py:538} INFO - Filling up the DagBag from /Users/vamseekrishna/Desktop/F1_Data_Warehouse/f1datawarehouse/lib/python3.9/site-packages/airflow/example_dags/example_setup_teardown_taskflow.py
[2024-02-24T18:06:34.022-0600] {processor.py:840} INFO - DAG(s) 'example_setup_teardown_taskflow' retrieved from /Users/vamseekrishna/Desktop/F1_Data_Warehouse/f1datawarehouse/lib/python3.9/site-packages/airflow/example_dags/example_setup_teardown_taskflow.py
[2024-02-24T18:06:34.069-0600] {logging_mixin.py:188} INFO - [2024-02-24T18:06:34.069-0600] {dag.py:3036} INFO - Sync 1 DAGs
[2024-02-24T18:06:34.077-0600] {logging_mixin.py:188} INFO - [2024-02-24T18:06:34.077-0600] {dag.py:3823} INFO - Setting next_dagrun for example_setup_teardown_taskflow to 2024-02-24 00:00:00+00:00, run_after=2024-02-25 00:00:00+00:00
[2024-02-24T18:06:34.085-0600] {processor.py:183} INFO - Processing /Users/vamseekrishna/Desktop/F1_Data_Warehouse/f1datawarehouse/lib/python3.9/site-packages/airflow/example_dags/example_setup_teardown_taskflow.py took 0.081 seconds
[2024-02-24T18:08:27.995-0600] {processor.py:161} INFO - Started process (PID=96019) to work on /Users/vamseekrishna/Desktop/F1_Data_Warehouse/f1datawarehouse/lib/python3.9/site-packages/airflow/example_dags/example_setup_teardown_taskflow.py
[2024-02-24T18:08:27.997-0600] {processor.py:830} INFO - Processing file /Users/vamseekrishna/Desktop/F1_Data_Warehouse/f1datawarehouse/lib/python3.9/site-packages/airflow/example_dags/example_setup_teardown_taskflow.py for tasks to queue
[2024-02-24T18:08:27.997-0600] {logging_mixin.py:188} INFO - [2024-02-24T18:08:27.997-0600] {dagbag.py:538} INFO - Filling up the DagBag from /Users/vamseekrishna/Desktop/F1_Data_Warehouse/f1datawarehouse/lib/python3.9/site-packages/airflow/example_dags/example_setup_teardown_taskflow.py
[2024-02-24T18:08:28.016-0600] {processor.py:840} INFO - DAG(s) 'example_setup_teardown_taskflow' retrieved from /Users/vamseekrishna/Desktop/F1_Data_Warehouse/f1datawarehouse/lib/python3.9/site-packages/airflow/example_dags/example_setup_teardown_taskflow.py
[2024-02-24T18:08:28.067-0600] {logging_mixin.py:188} INFO - [2024-02-24T18:08:28.067-0600] {dag.py:3036} INFO - Sync 1 DAGs
[2024-02-24T18:08:28.076-0600] {logging_mixin.py:188} INFO - [2024-02-24T18:08:28.076-0600] {dag.py:3823} INFO - Setting next_dagrun for example_setup_teardown_taskflow to 2024-02-24 00:00:00+00:00, run_after=2024-02-25 00:00:00+00:00
[2024-02-24T18:08:28.084-0600] {processor.py:183} INFO - Processing /Users/vamseekrishna/Desktop/F1_Data_Warehouse/f1datawarehouse/lib/python3.9/site-packages/airflow/example_dags/example_setup_teardown_taskflow.py took 0.090 seconds
[2024-02-24T18:10:23.538-0600] {processor.py:161} INFO - Started process (PID=96117) to work on /Users/vamseekrishna/Desktop/F1_Data_Warehouse/f1datawarehouse/lib/python3.9/site-packages/airflow/example_dags/example_setup_teardown_taskflow.py
[2024-02-24T18:10:23.540-0600] {processor.py:830} INFO - Processing file /Users/vamseekrishna/Desktop/F1_Data_Warehouse/f1datawarehouse/lib/python3.9/site-packages/airflow/example_dags/example_setup_teardown_taskflow.py for tasks to queue
[2024-02-24T18:10:23.540-0600] {logging_mixin.py:188} INFO - [2024-02-24T18:10:23.540-0600] {dagbag.py:538} INFO - Filling up the DagBag from /Users/vamseekrishna/Desktop/F1_Data_Warehouse/f1datawarehouse/lib/python3.9/site-packages/airflow/example_dags/example_setup_teardown_taskflow.py
[2024-02-24T18:10:23.557-0600] {processor.py:840} INFO - DAG(s) 'example_setup_teardown_taskflow' retrieved from /Users/vamseekrishna/Desktop/F1_Data_Warehouse/f1datawarehouse/lib/python3.9/site-packages/airflow/example_dags/example_setup_teardown_taskflow.py
[2024-02-24T18:10:23.605-0600] {logging_mixin.py:188} INFO - [2024-02-24T18:10:23.604-0600] {dag.py:3036} INFO - Sync 1 DAGs
[2024-02-24T18:10:23.613-0600] {logging_mixin.py:188} INFO - [2024-02-24T18:10:23.613-0600] {dag.py:3823} INFO - Setting next_dagrun for example_setup_teardown_taskflow to 2024-02-24 00:00:00+00:00, run_after=2024-02-25 00:00:00+00:00
[2024-02-24T18:10:23.621-0600] {processor.py:183} INFO - Processing /Users/vamseekrishna/Desktop/F1_Data_Warehouse/f1datawarehouse/lib/python3.9/site-packages/airflow/example_dags/example_setup_teardown_taskflow.py took 0.084 seconds
[2024-02-24T18:12:24.664-0600] {processor.py:161} INFO - Started process (PID=96219) to work on /Users/vamseekrishna/Desktop/F1_Data_Warehouse/f1datawarehouse/lib/python3.9/site-packages/airflow/example_dags/example_setup_teardown_taskflow.py
[2024-02-24T18:12:24.666-0600] {processor.py:830} INFO - Processing file /Users/vamseekrishna/Desktop/F1_Data_Warehouse/f1datawarehouse/lib/python3.9/site-packages/airflow/example_dags/example_setup_teardown_taskflow.py for tasks to queue
[2024-02-24T18:12:24.666-0600] {logging_mixin.py:188} INFO - [2024-02-24T18:12:24.666-0600] {dagbag.py:538} INFO - Filling up the DagBag from /Users/vamseekrishna/Desktop/F1_Data_Warehouse/f1datawarehouse/lib/python3.9/site-packages/airflow/example_dags/example_setup_teardown_taskflow.py
[2024-02-24T18:12:24.683-0600] {processor.py:840} INFO - DAG(s) 'example_setup_teardown_taskflow' retrieved from /Users/vamseekrishna/Desktop/F1_Data_Warehouse/f1datawarehouse/lib/python3.9/site-packages/airflow/example_dags/example_setup_teardown_taskflow.py
[2024-02-24T18:12:24.732-0600] {logging_mixin.py:188} INFO - [2024-02-24T18:12:24.732-0600] {dag.py:3036} INFO - Sync 1 DAGs
[2024-02-24T18:12:24.740-0600] {logging_mixin.py:188} INFO - [2024-02-24T18:12:24.740-0600] {dag.py:3823} INFO - Setting next_dagrun for example_setup_teardown_taskflow to 2024-02-24 00:00:00+00:00, run_after=2024-02-25 00:00:00+00:00
[2024-02-24T18:12:24.749-0600] {processor.py:183} INFO - Processing /Users/vamseekrishna/Desktop/F1_Data_Warehouse/f1datawarehouse/lib/python3.9/site-packages/airflow/example_dags/example_setup_teardown_taskflow.py took 0.085 seconds
[2024-02-24T18:14:22.161-0600] {processor.py:161} INFO - Started process (PID=96308) to work on /Users/vamseekrishna/Desktop/F1_Data_Warehouse/f1datawarehouse/lib/python3.9/site-packages/airflow/example_dags/example_setup_teardown_taskflow.py
[2024-02-24T18:14:22.163-0600] {processor.py:830} INFO - Processing file /Users/vamseekrishna/Desktop/F1_Data_Warehouse/f1datawarehouse/lib/python3.9/site-packages/airflow/example_dags/example_setup_teardown_taskflow.py for tasks to queue
[2024-02-24T18:14:22.163-0600] {logging_mixin.py:188} INFO - [2024-02-24T18:14:22.163-0600] {dagbag.py:538} INFO - Filling up the DagBag from /Users/vamseekrishna/Desktop/F1_Data_Warehouse/f1datawarehouse/lib/python3.9/site-packages/airflow/example_dags/example_setup_teardown_taskflow.py
[2024-02-24T18:14:22.180-0600] {processor.py:840} INFO - DAG(s) 'example_setup_teardown_taskflow' retrieved from /Users/vamseekrishna/Desktop/F1_Data_Warehouse/f1datawarehouse/lib/python3.9/site-packages/airflow/example_dags/example_setup_teardown_taskflow.py
[2024-02-24T18:14:22.229-0600] {logging_mixin.py:188} INFO - [2024-02-24T18:14:22.228-0600] {dag.py:3036} INFO - Sync 1 DAGs
[2024-02-24T18:14:22.237-0600] {logging_mixin.py:188} INFO - [2024-02-24T18:14:22.237-0600] {dag.py:3823} INFO - Setting next_dagrun for example_setup_teardown_taskflow to 2024-02-24 00:00:00+00:00, run_after=2024-02-25 00:00:00+00:00
[2024-02-24T18:14:22.245-0600] {processor.py:183} INFO - Processing /Users/vamseekrishna/Desktop/F1_Data_Warehouse/f1datawarehouse/lib/python3.9/site-packages/airflow/example_dags/example_setup_teardown_taskflow.py took 0.085 seconds
[2024-02-24T18:16:18.193-0600] {processor.py:161} INFO - Started process (PID=96416) to work on /Users/vamseekrishna/Desktop/F1_Data_Warehouse/f1datawarehouse/lib/python3.9/site-packages/airflow/example_dags/example_setup_teardown_taskflow.py
[2024-02-24T18:16:18.195-0600] {processor.py:830} INFO - Processing file /Users/vamseekrishna/Desktop/F1_Data_Warehouse/f1datawarehouse/lib/python3.9/site-packages/airflow/example_dags/example_setup_teardown_taskflow.py for tasks to queue
[2024-02-24T18:16:18.195-0600] {logging_mixin.py:188} INFO - [2024-02-24T18:16:18.195-0600] {dagbag.py:538} INFO - Filling up the DagBag from /Users/vamseekrishna/Desktop/F1_Data_Warehouse/f1datawarehouse/lib/python3.9/site-packages/airflow/example_dags/example_setup_teardown_taskflow.py
[2024-02-24T18:16:18.214-0600] {processor.py:840} INFO - DAG(s) 'example_setup_teardown_taskflow' retrieved from /Users/vamseekrishna/Desktop/F1_Data_Warehouse/f1datawarehouse/lib/python3.9/site-packages/airflow/example_dags/example_setup_teardown_taskflow.py
[2024-02-24T18:16:18.262-0600] {logging_mixin.py:188} INFO - [2024-02-24T18:16:18.261-0600] {dag.py:3036} INFO - Sync 1 DAGs
[2024-02-24T18:16:18.270-0600] {logging_mixin.py:188} INFO - [2024-02-24T18:16:18.270-0600] {dag.py:3823} INFO - Setting next_dagrun for example_setup_teardown_taskflow to 2024-02-24 00:00:00+00:00, run_after=2024-02-25 00:00:00+00:00
[2024-02-24T18:16:18.278-0600] {processor.py:183} INFO - Processing /Users/vamseekrishna/Desktop/F1_Data_Warehouse/f1datawarehouse/lib/python3.9/site-packages/airflow/example_dags/example_setup_teardown_taskflow.py took 0.085 seconds
[2024-02-24T18:18:25.015-0600] {processor.py:161} INFO - Started process (PID=96522) to work on /Users/vamseekrishna/Desktop/F1_Data_Warehouse/f1datawarehouse/lib/python3.9/site-packages/airflow/example_dags/example_setup_teardown_taskflow.py
[2024-02-24T18:18:25.017-0600] {processor.py:830} INFO - Processing file /Users/vamseekrishna/Desktop/F1_Data_Warehouse/f1datawarehouse/lib/python3.9/site-packages/airflow/example_dags/example_setup_teardown_taskflow.py for tasks to queue
[2024-02-24T18:18:25.017-0600] {logging_mixin.py:188} INFO - [2024-02-24T18:18:25.017-0600] {dagbag.py:538} INFO - Filling up the DagBag from /Users/vamseekrishna/Desktop/F1_Data_Warehouse/f1datawarehouse/lib/python3.9/site-packages/airflow/example_dags/example_setup_teardown_taskflow.py
[2024-02-24T18:18:25.035-0600] {processor.py:840} INFO - DAG(s) 'example_setup_teardown_taskflow' retrieved from /Users/vamseekrishna/Desktop/F1_Data_Warehouse/f1datawarehouse/lib/python3.9/site-packages/airflow/example_dags/example_setup_teardown_taskflow.py
[2024-02-24T18:18:25.084-0600] {logging_mixin.py:188} INFO - [2024-02-24T18:18:25.084-0600] {dag.py:3036} INFO - Sync 1 DAGs
[2024-02-24T18:18:25.093-0600] {logging_mixin.py:188} INFO - [2024-02-24T18:18:25.093-0600] {dag.py:3823} INFO - Setting next_dagrun for example_setup_teardown_taskflow to 2024-02-24 00:00:00+00:00, run_after=2024-02-25 00:00:00+00:00
[2024-02-24T18:18:25.101-0600] {processor.py:183} INFO - Processing /Users/vamseekrishna/Desktop/F1_Data_Warehouse/f1datawarehouse/lib/python3.9/site-packages/airflow/example_dags/example_setup_teardown_taskflow.py took 0.087 seconds
[2024-02-24T18:20:20.208-0600] {processor.py:161} INFO - Started process (PID=96621) to work on /Users/vamseekrishna/Desktop/F1_Data_Warehouse/f1datawarehouse/lib/python3.9/site-packages/airflow/example_dags/example_setup_teardown_taskflow.py
[2024-02-24T18:20:20.210-0600] {processor.py:830} INFO - Processing file /Users/vamseekrishna/Desktop/F1_Data_Warehouse/f1datawarehouse/lib/python3.9/site-packages/airflow/example_dags/example_setup_teardown_taskflow.py for tasks to queue
[2024-02-24T18:20:20.210-0600] {logging_mixin.py:188} INFO - [2024-02-24T18:20:20.210-0600] {dagbag.py:538} INFO - Filling up the DagBag from /Users/vamseekrishna/Desktop/F1_Data_Warehouse/f1datawarehouse/lib/python3.9/site-packages/airflow/example_dags/example_setup_teardown_taskflow.py
[2024-02-24T18:20:20.226-0600] {processor.py:840} INFO - DAG(s) 'example_setup_teardown_taskflow' retrieved from /Users/vamseekrishna/Desktop/F1_Data_Warehouse/f1datawarehouse/lib/python3.9/site-packages/airflow/example_dags/example_setup_teardown_taskflow.py
[2024-02-24T18:20:20.274-0600] {logging_mixin.py:188} INFO - [2024-02-24T18:20:20.274-0600] {dag.py:3036} INFO - Sync 1 DAGs
[2024-02-24T18:20:20.282-0600] {logging_mixin.py:188} INFO - [2024-02-24T18:20:20.282-0600] {dag.py:3823} INFO - Setting next_dagrun for example_setup_teardown_taskflow to 2024-02-24 00:00:00+00:00, run_after=2024-02-25 00:00:00+00:00
[2024-02-24T18:20:20.290-0600] {processor.py:183} INFO - Processing /Users/vamseekrishna/Desktop/F1_Data_Warehouse/f1datawarehouse/lib/python3.9/site-packages/airflow/example_dags/example_setup_teardown_taskflow.py took 0.083 seconds
[2024-02-24T18:22:25.733-0600] {processor.py:161} INFO - Started process (PID=96720) to work on /Users/vamseekrishna/Desktop/F1_Data_Warehouse/f1datawarehouse/lib/python3.9/site-packages/airflow/example_dags/example_setup_teardown_taskflow.py
[2024-02-24T18:22:25.735-0600] {processor.py:830} INFO - Processing file /Users/vamseekrishna/Desktop/F1_Data_Warehouse/f1datawarehouse/lib/python3.9/site-packages/airflow/example_dags/example_setup_teardown_taskflow.py for tasks to queue
[2024-02-24T18:22:25.736-0600] {logging_mixin.py:188} INFO - [2024-02-24T18:22:25.736-0600] {dagbag.py:538} INFO - Filling up the DagBag from /Users/vamseekrishna/Desktop/F1_Data_Warehouse/f1datawarehouse/lib/python3.9/site-packages/airflow/example_dags/example_setup_teardown_taskflow.py
[2024-02-24T18:22:25.753-0600] {processor.py:840} INFO - DAG(s) 'example_setup_teardown_taskflow' retrieved from /Users/vamseekrishna/Desktop/F1_Data_Warehouse/f1datawarehouse/lib/python3.9/site-packages/airflow/example_dags/example_setup_teardown_taskflow.py
[2024-02-24T18:22:25.801-0600] {logging_mixin.py:188} INFO - [2024-02-24T18:22:25.801-0600] {dag.py:3036} INFO - Sync 1 DAGs
[2024-02-24T18:22:25.809-0600] {logging_mixin.py:188} INFO - [2024-02-24T18:22:25.809-0600] {dag.py:3823} INFO - Setting next_dagrun for example_setup_teardown_taskflow to 2024-02-24 00:00:00+00:00, run_after=2024-02-25 00:00:00+00:00
[2024-02-24T18:22:25.817-0600] {processor.py:183} INFO - Processing /Users/vamseekrishna/Desktop/F1_Data_Warehouse/f1datawarehouse/lib/python3.9/site-packages/airflow/example_dags/example_setup_teardown_taskflow.py took 0.084 seconds
[2024-02-24T18:24:29.065-0600] {processor.py:161} INFO - Started process (PID=96831) to work on /Users/vamseekrishna/Desktop/F1_Data_Warehouse/f1datawarehouse/lib/python3.9/site-packages/airflow/example_dags/example_setup_teardown_taskflow.py
[2024-02-24T18:24:29.067-0600] {processor.py:830} INFO - Processing file /Users/vamseekrishna/Desktop/F1_Data_Warehouse/f1datawarehouse/lib/python3.9/site-packages/airflow/example_dags/example_setup_teardown_taskflow.py for tasks to queue
[2024-02-24T18:24:29.067-0600] {logging_mixin.py:188} INFO - [2024-02-24T18:24:29.067-0600] {dagbag.py:538} INFO - Filling up the DagBag from /Users/vamseekrishna/Desktop/F1_Data_Warehouse/f1datawarehouse/lib/python3.9/site-packages/airflow/example_dags/example_setup_teardown_taskflow.py
[2024-02-24T18:24:29.085-0600] {processor.py:840} INFO - DAG(s) 'example_setup_teardown_taskflow' retrieved from /Users/vamseekrishna/Desktop/F1_Data_Warehouse/f1datawarehouse/lib/python3.9/site-packages/airflow/example_dags/example_setup_teardown_taskflow.py
[2024-02-24T18:24:29.136-0600] {logging_mixin.py:188} INFO - [2024-02-24T18:24:29.135-0600] {dag.py:3036} INFO - Sync 1 DAGs
[2024-02-24T18:24:29.144-0600] {logging_mixin.py:188} INFO - [2024-02-24T18:24:29.144-0600] {dag.py:3823} INFO - Setting next_dagrun for example_setup_teardown_taskflow to 2024-02-24 00:00:00+00:00, run_after=2024-02-25 00:00:00+00:00
[2024-02-24T18:24:29.152-0600] {processor.py:183} INFO - Processing /Users/vamseekrishna/Desktop/F1_Data_Warehouse/f1datawarehouse/lib/python3.9/site-packages/airflow/example_dags/example_setup_teardown_taskflow.py took 0.087 seconds
[2024-02-24T18:26:28.116-0600] {processor.py:161} INFO - Started process (PID=96916) to work on /Users/vamseekrishna/Desktop/F1_Data_Warehouse/f1datawarehouse/lib/python3.9/site-packages/airflow/example_dags/example_setup_teardown_taskflow.py
[2024-02-24T18:26:28.118-0600] {processor.py:830} INFO - Processing file /Users/vamseekrishna/Desktop/F1_Data_Warehouse/f1datawarehouse/lib/python3.9/site-packages/airflow/example_dags/example_setup_teardown_taskflow.py for tasks to queue
[2024-02-24T18:26:28.118-0600] {logging_mixin.py:188} INFO - [2024-02-24T18:26:28.118-0600] {dagbag.py:538} INFO - Filling up the DagBag from /Users/vamseekrishna/Desktop/F1_Data_Warehouse/f1datawarehouse/lib/python3.9/site-packages/airflow/example_dags/example_setup_teardown_taskflow.py
[2024-02-24T18:26:28.136-0600] {processor.py:840} INFO - DAG(s) 'example_setup_teardown_taskflow' retrieved from /Users/vamseekrishna/Desktop/F1_Data_Warehouse/f1datawarehouse/lib/python3.9/site-packages/airflow/example_dags/example_setup_teardown_taskflow.py
[2024-02-24T18:26:28.187-0600] {logging_mixin.py:188} INFO - [2024-02-24T18:26:28.187-0600] {dag.py:3036} INFO - Sync 1 DAGs
[2024-02-24T18:26:28.196-0600] {logging_mixin.py:188} INFO - [2024-02-24T18:26:28.196-0600] {dag.py:3823} INFO - Setting next_dagrun for example_setup_teardown_taskflow to 2024-02-24 00:00:00+00:00, run_after=2024-02-25 00:00:00+00:00
[2024-02-24T18:26:28.204-0600] {processor.py:183} INFO - Processing /Users/vamseekrishna/Desktop/F1_Data_Warehouse/f1datawarehouse/lib/python3.9/site-packages/airflow/example_dags/example_setup_teardown_taskflow.py took 0.088 seconds
[2024-02-24T18:28:28.992-0600] {processor.py:161} INFO - Started process (PID=97013) to work on /Users/vamseekrishna/Desktop/F1_Data_Warehouse/f1datawarehouse/lib/python3.9/site-packages/airflow/example_dags/example_setup_teardown_taskflow.py
[2024-02-24T18:28:28.993-0600] {processor.py:830} INFO - Processing file /Users/vamseekrishna/Desktop/F1_Data_Warehouse/f1datawarehouse/lib/python3.9/site-packages/airflow/example_dags/example_setup_teardown_taskflow.py for tasks to queue
[2024-02-24T18:28:28.993-0600] {logging_mixin.py:188} INFO - [2024-02-24T18:28:28.993-0600] {dagbag.py:538} INFO - Filling up the DagBag from /Users/vamseekrishna/Desktop/F1_Data_Warehouse/f1datawarehouse/lib/python3.9/site-packages/airflow/example_dags/example_setup_teardown_taskflow.py
[2024-02-24T18:28:29.011-0600] {processor.py:840} INFO - DAG(s) 'example_setup_teardown_taskflow' retrieved from /Users/vamseekrishna/Desktop/F1_Data_Warehouse/f1datawarehouse/lib/python3.9/site-packages/airflow/example_dags/example_setup_teardown_taskflow.py
[2024-02-24T18:28:29.084-0600] {logging_mixin.py:188} INFO - [2024-02-24T18:28:29.084-0600] {dag.py:3036} INFO - Sync 1 DAGs
[2024-02-24T18:28:29.092-0600] {logging_mixin.py:188} INFO - [2024-02-24T18:28:29.092-0600] {dag.py:3823} INFO - Setting next_dagrun for example_setup_teardown_taskflow to 2024-02-24 00:00:00+00:00, run_after=2024-02-25 00:00:00+00:00
[2024-02-24T18:28:29.107-0600] {processor.py:183} INFO - Processing /Users/vamseekrishna/Desktop/F1_Data_Warehouse/f1datawarehouse/lib/python3.9/site-packages/airflow/example_dags/example_setup_teardown_taskflow.py took 0.117 seconds
[2024-02-24T18:30:33.353-0600] {processor.py:161} INFO - Started process (PID=97134) to work on /Users/vamseekrishna/Desktop/F1_Data_Warehouse/f1datawarehouse/lib/python3.9/site-packages/airflow/example_dags/example_setup_teardown_taskflow.py
[2024-02-24T18:30:33.355-0600] {processor.py:830} INFO - Processing file /Users/vamseekrishna/Desktop/F1_Data_Warehouse/f1datawarehouse/lib/python3.9/site-packages/airflow/example_dags/example_setup_teardown_taskflow.py for tasks to queue
[2024-02-24T18:30:33.355-0600] {logging_mixin.py:188} INFO - [2024-02-24T18:30:33.355-0600] {dagbag.py:538} INFO - Filling up the DagBag from /Users/vamseekrishna/Desktop/F1_Data_Warehouse/f1datawarehouse/lib/python3.9/site-packages/airflow/example_dags/example_setup_teardown_taskflow.py
[2024-02-24T18:30:33.371-0600] {processor.py:840} INFO - DAG(s) 'example_setup_teardown_taskflow' retrieved from /Users/vamseekrishna/Desktop/F1_Data_Warehouse/f1datawarehouse/lib/python3.9/site-packages/airflow/example_dags/example_setup_teardown_taskflow.py
[2024-02-24T18:30:33.419-0600] {logging_mixin.py:188} INFO - [2024-02-24T18:30:33.419-0600] {dag.py:3036} INFO - Sync 1 DAGs
[2024-02-24T18:30:33.428-0600] {logging_mixin.py:188} INFO - [2024-02-24T18:30:33.428-0600] {dag.py:3823} INFO - Setting next_dagrun for example_setup_teardown_taskflow to 2024-02-24 00:00:00+00:00, run_after=2024-02-25 00:00:00+00:00
[2024-02-24T18:30:33.436-0600] {processor.py:183} INFO - Processing /Users/vamseekrishna/Desktop/F1_Data_Warehouse/f1datawarehouse/lib/python3.9/site-packages/airflow/example_dags/example_setup_teardown_taskflow.py took 0.084 seconds
[2024-02-24T18:32:28.421-0600] {processor.py:161} INFO - Started process (PID=97240) to work on /Users/vamseekrishna/Desktop/F1_Data_Warehouse/f1datawarehouse/lib/python3.9/site-packages/airflow/example_dags/example_setup_teardown_taskflow.py
[2024-02-24T18:32:28.423-0600] {processor.py:830} INFO - Processing file /Users/vamseekrishna/Desktop/F1_Data_Warehouse/f1datawarehouse/lib/python3.9/site-packages/airflow/example_dags/example_setup_teardown_taskflow.py for tasks to queue
[2024-02-24T18:32:28.423-0600] {logging_mixin.py:188} INFO - [2024-02-24T18:32:28.423-0600] {dagbag.py:538} INFO - Filling up the DagBag from /Users/vamseekrishna/Desktop/F1_Data_Warehouse/f1datawarehouse/lib/python3.9/site-packages/airflow/example_dags/example_setup_teardown_taskflow.py
[2024-02-24T18:32:28.439-0600] {processor.py:840} INFO - DAG(s) 'example_setup_teardown_taskflow' retrieved from /Users/vamseekrishna/Desktop/F1_Data_Warehouse/f1datawarehouse/lib/python3.9/site-packages/airflow/example_dags/example_setup_teardown_taskflow.py
[2024-02-24T18:32:28.486-0600] {logging_mixin.py:188} INFO - [2024-02-24T18:32:28.486-0600] {dag.py:3036} INFO - Sync 1 DAGs
[2024-02-24T18:32:28.494-0600] {logging_mixin.py:188} INFO - [2024-02-24T18:32:28.494-0600] {dag.py:3823} INFO - Setting next_dagrun for example_setup_teardown_taskflow to 2024-02-24 00:00:00+00:00, run_after=2024-02-25 00:00:00+00:00
[2024-02-24T18:32:28.504-0600] {processor.py:183} INFO - Processing /Users/vamseekrishna/Desktop/F1_Data_Warehouse/f1datawarehouse/lib/python3.9/site-packages/airflow/example_dags/example_setup_teardown_taskflow.py took 0.083 seconds
[2024-02-24T18:34:28.639-0600] {processor.py:161} INFO - Started process (PID=97342) to work on /Users/vamseekrishna/Desktop/F1_Data_Warehouse/f1datawarehouse/lib/python3.9/site-packages/airflow/example_dags/example_setup_teardown_taskflow.py
[2024-02-24T18:34:28.641-0600] {processor.py:830} INFO - Processing file /Users/vamseekrishna/Desktop/F1_Data_Warehouse/f1datawarehouse/lib/python3.9/site-packages/airflow/example_dags/example_setup_teardown_taskflow.py for tasks to queue
[2024-02-24T18:34:28.641-0600] {logging_mixin.py:188} INFO - [2024-02-24T18:34:28.641-0600] {dagbag.py:538} INFO - Filling up the DagBag from /Users/vamseekrishna/Desktop/F1_Data_Warehouse/f1datawarehouse/lib/python3.9/site-packages/airflow/example_dags/example_setup_teardown_taskflow.py
[2024-02-24T18:34:28.658-0600] {processor.py:840} INFO - DAG(s) 'example_setup_teardown_taskflow' retrieved from /Users/vamseekrishna/Desktop/F1_Data_Warehouse/f1datawarehouse/lib/python3.9/site-packages/airflow/example_dags/example_setup_teardown_taskflow.py
[2024-02-24T18:34:28.705-0600] {logging_mixin.py:188} INFO - [2024-02-24T18:34:28.705-0600] {dag.py:3036} INFO - Sync 1 DAGs
[2024-02-24T18:34:28.714-0600] {logging_mixin.py:188} INFO - [2024-02-24T18:34:28.714-0600] {dag.py:3823} INFO - Setting next_dagrun for example_setup_teardown_taskflow to 2024-02-24 00:00:00+00:00, run_after=2024-02-25 00:00:00+00:00
[2024-02-24T18:34:28.722-0600] {processor.py:183} INFO - Processing /Users/vamseekrishna/Desktop/F1_Data_Warehouse/f1datawarehouse/lib/python3.9/site-packages/airflow/example_dags/example_setup_teardown_taskflow.py took 0.084 seconds
[2024-02-24T18:36:27.615-0600] {processor.py:161} INFO - Started process (PID=97429) to work on /Users/vamseekrishna/Desktop/F1_Data_Warehouse/f1datawarehouse/lib/python3.9/site-packages/airflow/example_dags/example_setup_teardown_taskflow.py
[2024-02-24T18:36:27.617-0600] {processor.py:830} INFO - Processing file /Users/vamseekrishna/Desktop/F1_Data_Warehouse/f1datawarehouse/lib/python3.9/site-packages/airflow/example_dags/example_setup_teardown_taskflow.py for tasks to queue
[2024-02-24T18:36:27.617-0600] {logging_mixin.py:188} INFO - [2024-02-24T18:36:27.617-0600] {dagbag.py:538} INFO - Filling up the DagBag from /Users/vamseekrishna/Desktop/F1_Data_Warehouse/f1datawarehouse/lib/python3.9/site-packages/airflow/example_dags/example_setup_teardown_taskflow.py
[2024-02-24T18:36:27.634-0600] {processor.py:840} INFO - DAG(s) 'example_setup_teardown_taskflow' retrieved from /Users/vamseekrishna/Desktop/F1_Data_Warehouse/f1datawarehouse/lib/python3.9/site-packages/airflow/example_dags/example_setup_teardown_taskflow.py
[2024-02-24T18:36:27.681-0600] {logging_mixin.py:188} INFO - [2024-02-24T18:36:27.681-0600] {dag.py:3036} INFO - Sync 1 DAGs
[2024-02-24T18:36:27.690-0600] {logging_mixin.py:188} INFO - [2024-02-24T18:36:27.690-0600] {dag.py:3823} INFO - Setting next_dagrun for example_setup_teardown_taskflow to 2024-02-24 00:00:00+00:00, run_after=2024-02-25 00:00:00+00:00
[2024-02-24T18:36:27.701-0600] {processor.py:183} INFO - Processing /Users/vamseekrishna/Desktop/F1_Data_Warehouse/f1datawarehouse/lib/python3.9/site-packages/airflow/example_dags/example_setup_teardown_taskflow.py took 0.087 seconds
[2024-02-24T18:38:30.163-0600] {processor.py:161} INFO - Started process (PID=97548) to work on /Users/vamseekrishna/Desktop/F1_Data_Warehouse/f1datawarehouse/lib/python3.9/site-packages/airflow/example_dags/example_setup_teardown_taskflow.py
[2024-02-24T18:38:30.165-0600] {processor.py:830} INFO - Processing file /Users/vamseekrishna/Desktop/F1_Data_Warehouse/f1datawarehouse/lib/python3.9/site-packages/airflow/example_dags/example_setup_teardown_taskflow.py for tasks to queue
[2024-02-24T18:38:30.165-0600] {logging_mixin.py:188} INFO - [2024-02-24T18:38:30.165-0600] {dagbag.py:538} INFO - Filling up the DagBag from /Users/vamseekrishna/Desktop/F1_Data_Warehouse/f1datawarehouse/lib/python3.9/site-packages/airflow/example_dags/example_setup_teardown_taskflow.py
[2024-02-24T18:38:30.182-0600] {processor.py:840} INFO - DAG(s) 'example_setup_teardown_taskflow' retrieved from /Users/vamseekrishna/Desktop/F1_Data_Warehouse/f1datawarehouse/lib/python3.9/site-packages/airflow/example_dags/example_setup_teardown_taskflow.py
[2024-02-24T18:38:30.229-0600] {logging_mixin.py:188} INFO - [2024-02-24T18:38:30.228-0600] {dag.py:3036} INFO - Sync 1 DAGs
[2024-02-24T18:38:30.237-0600] {logging_mixin.py:188} INFO - [2024-02-24T18:38:30.237-0600] {dag.py:3823} INFO - Setting next_dagrun for example_setup_teardown_taskflow to 2024-02-24 00:00:00+00:00, run_after=2024-02-25 00:00:00+00:00
[2024-02-24T18:38:30.245-0600] {processor.py:183} INFO - Processing /Users/vamseekrishna/Desktop/F1_Data_Warehouse/f1datawarehouse/lib/python3.9/site-packages/airflow/example_dags/example_setup_teardown_taskflow.py took 0.082 seconds
[2024-02-24T18:40:33.305-0600] {processor.py:161} INFO - Started process (PID=97643) to work on /Users/vamseekrishna/Desktop/F1_Data_Warehouse/f1datawarehouse/lib/python3.9/site-packages/airflow/example_dags/example_setup_teardown_taskflow.py
[2024-02-24T18:40:33.307-0600] {processor.py:830} INFO - Processing file /Users/vamseekrishna/Desktop/F1_Data_Warehouse/f1datawarehouse/lib/python3.9/site-packages/airflow/example_dags/example_setup_teardown_taskflow.py for tasks to queue
[2024-02-24T18:40:33.307-0600] {logging_mixin.py:188} INFO - [2024-02-24T18:40:33.307-0600] {dagbag.py:538} INFO - Filling up the DagBag from /Users/vamseekrishna/Desktop/F1_Data_Warehouse/f1datawarehouse/lib/python3.9/site-packages/airflow/example_dags/example_setup_teardown_taskflow.py
[2024-02-24T18:40:33.324-0600] {processor.py:840} INFO - DAG(s) 'example_setup_teardown_taskflow' retrieved from /Users/vamseekrishna/Desktop/F1_Data_Warehouse/f1datawarehouse/lib/python3.9/site-packages/airflow/example_dags/example_setup_teardown_taskflow.py
[2024-02-24T18:40:33.371-0600] {logging_mixin.py:188} INFO - [2024-02-24T18:40:33.371-0600] {dag.py:3036} INFO - Sync 1 DAGs
[2024-02-24T18:40:33.380-0600] {logging_mixin.py:188} INFO - [2024-02-24T18:40:33.380-0600] {dag.py:3823} INFO - Setting next_dagrun for example_setup_teardown_taskflow to 2024-02-24 00:00:00+00:00, run_after=2024-02-25 00:00:00+00:00
[2024-02-24T18:40:33.388-0600] {processor.py:183} INFO - Processing /Users/vamseekrishna/Desktop/F1_Data_Warehouse/f1datawarehouse/lib/python3.9/site-packages/airflow/example_dags/example_setup_teardown_taskflow.py took 0.084 seconds
[2024-02-24T18:42:29.046-0600] {processor.py:161} INFO - Started process (PID=97730) to work on /Users/vamseekrishna/Desktop/F1_Data_Warehouse/f1datawarehouse/lib/python3.9/site-packages/airflow/example_dags/example_setup_teardown_taskflow.py
[2024-02-24T18:42:29.048-0600] {processor.py:830} INFO - Processing file /Users/vamseekrishna/Desktop/F1_Data_Warehouse/f1datawarehouse/lib/python3.9/site-packages/airflow/example_dags/example_setup_teardown_taskflow.py for tasks to queue
[2024-02-24T18:42:29.048-0600] {logging_mixin.py:188} INFO - [2024-02-24T18:42:29.048-0600] {dagbag.py:538} INFO - Filling up the DagBag from /Users/vamseekrishna/Desktop/F1_Data_Warehouse/f1datawarehouse/lib/python3.9/site-packages/airflow/example_dags/example_setup_teardown_taskflow.py
[2024-02-24T18:42:29.065-0600] {processor.py:840} INFO - DAG(s) 'example_setup_teardown_taskflow' retrieved from /Users/vamseekrishna/Desktop/F1_Data_Warehouse/f1datawarehouse/lib/python3.9/site-packages/airflow/example_dags/example_setup_teardown_taskflow.py
[2024-02-24T18:42:29.113-0600] {logging_mixin.py:188} INFO - [2024-02-24T18:42:29.113-0600] {dag.py:3036} INFO - Sync 1 DAGs
[2024-02-24T18:42:29.122-0600] {logging_mixin.py:188} INFO - [2024-02-24T18:42:29.122-0600] {dag.py:3823} INFO - Setting next_dagrun for example_setup_teardown_taskflow to 2024-02-24 00:00:00+00:00, run_after=2024-02-25 00:00:00+00:00
[2024-02-24T18:42:29.131-0600] {processor.py:183} INFO - Processing /Users/vamseekrishna/Desktop/F1_Data_Warehouse/f1datawarehouse/lib/python3.9/site-packages/airflow/example_dags/example_setup_teardown_taskflow.py took 0.086 seconds
[2024-02-24T18:44:31.471-0600] {processor.py:161} INFO - Started process (PID=97845) to work on /Users/vamseekrishna/Desktop/F1_Data_Warehouse/f1datawarehouse/lib/python3.9/site-packages/airflow/example_dags/example_setup_teardown_taskflow.py
[2024-02-24T18:44:31.473-0600] {processor.py:830} INFO - Processing file /Users/vamseekrishna/Desktop/F1_Data_Warehouse/f1datawarehouse/lib/python3.9/site-packages/airflow/example_dags/example_setup_teardown_taskflow.py for tasks to queue
[2024-02-24T18:44:31.473-0600] {logging_mixin.py:188} INFO - [2024-02-24T18:44:31.473-0600] {dagbag.py:538} INFO - Filling up the DagBag from /Users/vamseekrishna/Desktop/F1_Data_Warehouse/f1datawarehouse/lib/python3.9/site-packages/airflow/example_dags/example_setup_teardown_taskflow.py
[2024-02-24T18:44:31.489-0600] {processor.py:840} INFO - DAG(s) 'example_setup_teardown_taskflow' retrieved from /Users/vamseekrishna/Desktop/F1_Data_Warehouse/f1datawarehouse/lib/python3.9/site-packages/airflow/example_dags/example_setup_teardown_taskflow.py
[2024-02-24T18:44:31.538-0600] {logging_mixin.py:188} INFO - [2024-02-24T18:44:31.538-0600] {dag.py:3036} INFO - Sync 1 DAGs
[2024-02-24T18:44:31.547-0600] {logging_mixin.py:188} INFO - [2024-02-24T18:44:31.547-0600] {dag.py:3823} INFO - Setting next_dagrun for example_setup_teardown_taskflow to 2024-02-24 00:00:00+00:00, run_after=2024-02-25 00:00:00+00:00
[2024-02-24T18:44:31.555-0600] {processor.py:183} INFO - Processing /Users/vamseekrishna/Desktop/F1_Data_Warehouse/f1datawarehouse/lib/python3.9/site-packages/airflow/example_dags/example_setup_teardown_taskflow.py took 0.085 seconds
[2024-02-24T18:46:35.901-0600] {processor.py:161} INFO - Started process (PID=97952) to work on /Users/vamseekrishna/Desktop/F1_Data_Warehouse/f1datawarehouse/lib/python3.9/site-packages/airflow/example_dags/example_setup_teardown_taskflow.py
[2024-02-24T18:46:35.903-0600] {processor.py:830} INFO - Processing file /Users/vamseekrishna/Desktop/F1_Data_Warehouse/f1datawarehouse/lib/python3.9/site-packages/airflow/example_dags/example_setup_teardown_taskflow.py for tasks to queue
[2024-02-24T18:46:35.903-0600] {logging_mixin.py:188} INFO - [2024-02-24T18:46:35.903-0600] {dagbag.py:538} INFO - Filling up the DagBag from /Users/vamseekrishna/Desktop/F1_Data_Warehouse/f1datawarehouse/lib/python3.9/site-packages/airflow/example_dags/example_setup_teardown_taskflow.py
[2024-02-24T18:46:35.920-0600] {processor.py:840} INFO - DAG(s) 'example_setup_teardown_taskflow' retrieved from /Users/vamseekrishna/Desktop/F1_Data_Warehouse/f1datawarehouse/lib/python3.9/site-packages/airflow/example_dags/example_setup_teardown_taskflow.py
[2024-02-24T18:46:35.967-0600] {logging_mixin.py:188} INFO - [2024-02-24T18:46:35.967-0600] {dag.py:3036} INFO - Sync 1 DAGs
[2024-02-24T18:46:35.976-0600] {logging_mixin.py:188} INFO - [2024-02-24T18:46:35.976-0600] {dag.py:3823} INFO - Setting next_dagrun for example_setup_teardown_taskflow to 2024-02-24 00:00:00+00:00, run_after=2024-02-25 00:00:00+00:00
[2024-02-24T18:46:35.984-0600] {processor.py:183} INFO - Processing /Users/vamseekrishna/Desktop/F1_Data_Warehouse/f1datawarehouse/lib/python3.9/site-packages/airflow/example_dags/example_setup_teardown_taskflow.py took 0.084 seconds
[2024-02-24T18:48:34.247-0600] {processor.py:161} INFO - Started process (PID=98040) to work on /Users/vamseekrishna/Desktop/F1_Data_Warehouse/f1datawarehouse/lib/python3.9/site-packages/airflow/example_dags/example_setup_teardown_taskflow.py
[2024-02-24T18:48:34.249-0600] {processor.py:830} INFO - Processing file /Users/vamseekrishna/Desktop/F1_Data_Warehouse/f1datawarehouse/lib/python3.9/site-packages/airflow/example_dags/example_setup_teardown_taskflow.py for tasks to queue
[2024-02-24T18:48:34.249-0600] {logging_mixin.py:188} INFO - [2024-02-24T18:48:34.249-0600] {dagbag.py:538} INFO - Filling up the DagBag from /Users/vamseekrishna/Desktop/F1_Data_Warehouse/f1datawarehouse/lib/python3.9/site-packages/airflow/example_dags/example_setup_teardown_taskflow.py
[2024-02-24T18:48:34.267-0600] {processor.py:840} INFO - DAG(s) 'example_setup_teardown_taskflow' retrieved from /Users/vamseekrishna/Desktop/F1_Data_Warehouse/f1datawarehouse/lib/python3.9/site-packages/airflow/example_dags/example_setup_teardown_taskflow.py
[2024-02-24T18:48:34.321-0600] {logging_mixin.py:188} INFO - [2024-02-24T18:48:34.321-0600] {dag.py:3036} INFO - Sync 1 DAGs
[2024-02-24T18:48:34.333-0600] {logging_mixin.py:188} INFO - [2024-02-24T18:48:34.333-0600] {dag.py:3823} INFO - Setting next_dagrun for example_setup_teardown_taskflow to 2024-02-24 00:00:00+00:00, run_after=2024-02-25 00:00:00+00:00
[2024-02-24T18:48:34.342-0600] {processor.py:183} INFO - Processing /Users/vamseekrishna/Desktop/F1_Data_Warehouse/f1datawarehouse/lib/python3.9/site-packages/airflow/example_dags/example_setup_teardown_taskflow.py took 0.095 seconds
[2024-02-24T18:50:38.009-0600] {processor.py:161} INFO - Started process (PID=98131) to work on /Users/vamseekrishna/Desktop/F1_Data_Warehouse/f1datawarehouse/lib/python3.9/site-packages/airflow/example_dags/example_setup_teardown_taskflow.py
[2024-02-24T18:50:38.011-0600] {processor.py:830} INFO - Processing file /Users/vamseekrishna/Desktop/F1_Data_Warehouse/f1datawarehouse/lib/python3.9/site-packages/airflow/example_dags/example_setup_teardown_taskflow.py for tasks to queue
[2024-02-24T18:50:38.012-0600] {logging_mixin.py:188} INFO - [2024-02-24T18:50:38.012-0600] {dagbag.py:538} INFO - Filling up the DagBag from /Users/vamseekrishna/Desktop/F1_Data_Warehouse/f1datawarehouse/lib/python3.9/site-packages/airflow/example_dags/example_setup_teardown_taskflow.py
[2024-02-24T18:50:38.028-0600] {processor.py:840} INFO - DAG(s) 'example_setup_teardown_taskflow' retrieved from /Users/vamseekrishna/Desktop/F1_Data_Warehouse/f1datawarehouse/lib/python3.9/site-packages/airflow/example_dags/example_setup_teardown_taskflow.py
[2024-02-24T18:50:38.076-0600] {logging_mixin.py:188} INFO - [2024-02-24T18:50:38.076-0600] {dag.py:3036} INFO - Sync 1 DAGs
[2024-02-24T18:50:38.084-0600] {logging_mixin.py:188} INFO - [2024-02-24T18:50:38.084-0600] {dag.py:3823} INFO - Setting next_dagrun for example_setup_teardown_taskflow to 2024-02-24 00:00:00+00:00, run_after=2024-02-25 00:00:00+00:00
[2024-02-24T18:50:38.093-0600] {processor.py:183} INFO - Processing /Users/vamseekrishna/Desktop/F1_Data_Warehouse/f1datawarehouse/lib/python3.9/site-packages/airflow/example_dags/example_setup_teardown_taskflow.py took 0.084 seconds
[2024-02-24T18:52:33.819-0600] {processor.py:161} INFO - Started process (PID=98230) to work on /Users/vamseekrishna/Desktop/F1_Data_Warehouse/f1datawarehouse/lib/python3.9/site-packages/airflow/example_dags/example_setup_teardown_taskflow.py
[2024-02-24T18:52:33.821-0600] {processor.py:830} INFO - Processing file /Users/vamseekrishna/Desktop/F1_Data_Warehouse/f1datawarehouse/lib/python3.9/site-packages/airflow/example_dags/example_setup_teardown_taskflow.py for tasks to queue
[2024-02-24T18:52:33.821-0600] {logging_mixin.py:188} INFO - [2024-02-24T18:52:33.821-0600] {dagbag.py:538} INFO - Filling up the DagBag from /Users/vamseekrishna/Desktop/F1_Data_Warehouse/f1datawarehouse/lib/python3.9/site-packages/airflow/example_dags/example_setup_teardown_taskflow.py
[2024-02-24T18:52:33.838-0600] {processor.py:840} INFO - DAG(s) 'example_setup_teardown_taskflow' retrieved from /Users/vamseekrishna/Desktop/F1_Data_Warehouse/f1datawarehouse/lib/python3.9/site-packages/airflow/example_dags/example_setup_teardown_taskflow.py
[2024-02-24T18:52:33.886-0600] {logging_mixin.py:188} INFO - [2024-02-24T18:52:33.885-0600] {dag.py:3036} INFO - Sync 1 DAGs
[2024-02-24T18:52:33.927-0600] {logging_mixin.py:188} INFO - [2024-02-24T18:52:33.926-0600] {dag.py:3823} INFO - Setting next_dagrun for example_setup_teardown_taskflow to 2024-02-24 00:00:00+00:00, run_after=2024-02-25 00:00:00+00:00
[2024-02-24T18:52:33.938-0600] {processor.py:183} INFO - Processing /Users/vamseekrishna/Desktop/F1_Data_Warehouse/f1datawarehouse/lib/python3.9/site-packages/airflow/example_dags/example_setup_teardown_taskflow.py took 0.121 seconds
[2024-02-24T18:54:34.216-0600] {processor.py:161} INFO - Started process (PID=98325) to work on /Users/vamseekrishna/Desktop/F1_Data_Warehouse/f1datawarehouse/lib/python3.9/site-packages/airflow/example_dags/example_setup_teardown_taskflow.py
[2024-02-24T18:54:34.218-0600] {processor.py:830} INFO - Processing file /Users/vamseekrishna/Desktop/F1_Data_Warehouse/f1datawarehouse/lib/python3.9/site-packages/airflow/example_dags/example_setup_teardown_taskflow.py for tasks to queue
[2024-02-24T18:54:34.219-0600] {logging_mixin.py:188} INFO - [2024-02-24T18:54:34.219-0600] {dagbag.py:538} INFO - Filling up the DagBag from /Users/vamseekrishna/Desktop/F1_Data_Warehouse/f1datawarehouse/lib/python3.9/site-packages/airflow/example_dags/example_setup_teardown_taskflow.py
[2024-02-24T18:54:34.266-0600] {processor.py:840} INFO - DAG(s) 'example_setup_teardown_taskflow' retrieved from /Users/vamseekrishna/Desktop/F1_Data_Warehouse/f1datawarehouse/lib/python3.9/site-packages/airflow/example_dags/example_setup_teardown_taskflow.py
[2024-02-24T18:54:34.346-0600] {logging_mixin.py:188} INFO - [2024-02-24T18:54:34.345-0600] {dag.py:3036} INFO - Sync 1 DAGs
[2024-02-24T18:54:34.355-0600] {logging_mixin.py:188} INFO - [2024-02-24T18:54:34.355-0600] {dag.py:3823} INFO - Setting next_dagrun for example_setup_teardown_taskflow to 2024-02-24 00:00:00+00:00, run_after=2024-02-25 00:00:00+00:00
[2024-02-24T18:54:34.362-0600] {processor.py:183} INFO - Processing /Users/vamseekrishna/Desktop/F1_Data_Warehouse/f1datawarehouse/lib/python3.9/site-packages/airflow/example_dags/example_setup_teardown_taskflow.py took 0.148 seconds
[2024-02-24T18:56:33.754-0600] {processor.py:161} INFO - Started process (PID=98425) to work on /Users/vamseekrishna/Desktop/F1_Data_Warehouse/f1datawarehouse/lib/python3.9/site-packages/airflow/example_dags/example_setup_teardown_taskflow.py
[2024-02-24T18:56:33.755-0600] {processor.py:830} INFO - Processing file /Users/vamseekrishna/Desktop/F1_Data_Warehouse/f1datawarehouse/lib/python3.9/site-packages/airflow/example_dags/example_setup_teardown_taskflow.py for tasks to queue
[2024-02-24T18:56:33.756-0600] {logging_mixin.py:188} INFO - [2024-02-24T18:56:33.756-0600] {dagbag.py:538} INFO - Filling up the DagBag from /Users/vamseekrishna/Desktop/F1_Data_Warehouse/f1datawarehouse/lib/python3.9/site-packages/airflow/example_dags/example_setup_teardown_taskflow.py
[2024-02-24T18:56:33.772-0600] {processor.py:840} INFO - DAG(s) 'example_setup_teardown_taskflow' retrieved from /Users/vamseekrishna/Desktop/F1_Data_Warehouse/f1datawarehouse/lib/python3.9/site-packages/airflow/example_dags/example_setup_teardown_taskflow.py
[2024-02-24T18:56:33.820-0600] {logging_mixin.py:188} INFO - [2024-02-24T18:56:33.819-0600] {dag.py:3036} INFO - Sync 1 DAGs
[2024-02-24T18:56:33.828-0600] {logging_mixin.py:188} INFO - [2024-02-24T18:56:33.828-0600] {dag.py:3823} INFO - Setting next_dagrun for example_setup_teardown_taskflow to 2024-02-24 00:00:00+00:00, run_after=2024-02-25 00:00:00+00:00
[2024-02-24T18:56:33.837-0600] {processor.py:183} INFO - Processing /Users/vamseekrishna/Desktop/F1_Data_Warehouse/f1datawarehouse/lib/python3.9/site-packages/airflow/example_dags/example_setup_teardown_taskflow.py took 0.083 seconds
[2024-02-24T18:58:35.289-0600] {processor.py:161} INFO - Started process (PID=98522) to work on /Users/vamseekrishna/Desktop/F1_Data_Warehouse/f1datawarehouse/lib/python3.9/site-packages/airflow/example_dags/example_setup_teardown_taskflow.py
[2024-02-24T18:58:35.291-0600] {processor.py:830} INFO - Processing file /Users/vamseekrishna/Desktop/F1_Data_Warehouse/f1datawarehouse/lib/python3.9/site-packages/airflow/example_dags/example_setup_teardown_taskflow.py for tasks to queue
[2024-02-24T18:58:35.292-0600] {logging_mixin.py:188} INFO - [2024-02-24T18:58:35.291-0600] {dagbag.py:538} INFO - Filling up the DagBag from /Users/vamseekrishna/Desktop/F1_Data_Warehouse/f1datawarehouse/lib/python3.9/site-packages/airflow/example_dags/example_setup_teardown_taskflow.py
[2024-02-24T18:58:35.308-0600] {processor.py:840} INFO - DAG(s) 'example_setup_teardown_taskflow' retrieved from /Users/vamseekrishna/Desktop/F1_Data_Warehouse/f1datawarehouse/lib/python3.9/site-packages/airflow/example_dags/example_setup_teardown_taskflow.py
[2024-02-24T18:58:35.355-0600] {logging_mixin.py:188} INFO - [2024-02-24T18:58:35.355-0600] {dag.py:3036} INFO - Sync 1 DAGs
[2024-02-24T18:58:35.364-0600] {logging_mixin.py:188} INFO - [2024-02-24T18:58:35.364-0600] {dag.py:3823} INFO - Setting next_dagrun for example_setup_teardown_taskflow to 2024-02-24 00:00:00+00:00, run_after=2024-02-25 00:00:00+00:00
[2024-02-24T18:58:35.372-0600] {processor.py:183} INFO - Processing /Users/vamseekrishna/Desktop/F1_Data_Warehouse/f1datawarehouse/lib/python3.9/site-packages/airflow/example_dags/example_setup_teardown_taskflow.py took 0.083 seconds
[2024-02-24T19:00:37.107-0600] {processor.py:161} INFO - Started process (PID=98684) to work on /Users/vamseekrishna/Desktop/F1_Data_Warehouse/f1datawarehouse/lib/python3.9/site-packages/airflow/example_dags/example_setup_teardown_taskflow.py
[2024-02-24T19:00:37.109-0600] {processor.py:830} INFO - Processing file /Users/vamseekrishna/Desktop/F1_Data_Warehouse/f1datawarehouse/lib/python3.9/site-packages/airflow/example_dags/example_setup_teardown_taskflow.py for tasks to queue
[2024-02-24T19:00:37.109-0600] {logging_mixin.py:188} INFO - [2024-02-24T19:00:37.109-0600] {dagbag.py:538} INFO - Filling up the DagBag from /Users/vamseekrishna/Desktop/F1_Data_Warehouse/f1datawarehouse/lib/python3.9/site-packages/airflow/example_dags/example_setup_teardown_taskflow.py
[2024-02-24T19:00:37.126-0600] {processor.py:840} INFO - DAG(s) 'example_setup_teardown_taskflow' retrieved from /Users/vamseekrishna/Desktop/F1_Data_Warehouse/f1datawarehouse/lib/python3.9/site-packages/airflow/example_dags/example_setup_teardown_taskflow.py
[2024-02-24T19:00:37.173-0600] {logging_mixin.py:188} INFO - [2024-02-24T19:00:37.173-0600] {dag.py:3036} INFO - Sync 1 DAGs
[2024-02-24T19:00:37.181-0600] {logging_mixin.py:188} INFO - [2024-02-24T19:00:37.181-0600] {dag.py:3823} INFO - Setting next_dagrun for example_setup_teardown_taskflow to 2024-02-24 00:00:00+00:00, run_after=2024-02-25 00:00:00+00:00
[2024-02-24T19:00:37.189-0600] {processor.py:183} INFO - Processing /Users/vamseekrishna/Desktop/F1_Data_Warehouse/f1datawarehouse/lib/python3.9/site-packages/airflow/example_dags/example_setup_teardown_taskflow.py took 0.083 seconds
[2024-02-24T19:02:37.757-0600] {processor.py:161} INFO - Started process (PID=98842) to work on /Users/vamseekrishna/Desktop/F1_Data_Warehouse/f1datawarehouse/lib/python3.9/site-packages/airflow/example_dags/example_setup_teardown_taskflow.py
[2024-02-24T19:02:37.759-0600] {processor.py:830} INFO - Processing file /Users/vamseekrishna/Desktop/F1_Data_Warehouse/f1datawarehouse/lib/python3.9/site-packages/airflow/example_dags/example_setup_teardown_taskflow.py for tasks to queue
[2024-02-24T19:02:37.759-0600] {logging_mixin.py:188} INFO - [2024-02-24T19:02:37.759-0600] {dagbag.py:538} INFO - Filling up the DagBag from /Users/vamseekrishna/Desktop/F1_Data_Warehouse/f1datawarehouse/lib/python3.9/site-packages/airflow/example_dags/example_setup_teardown_taskflow.py
[2024-02-24T19:02:37.801-0600] {processor.py:840} INFO - DAG(s) 'example_setup_teardown_taskflow' retrieved from /Users/vamseekrishna/Desktop/F1_Data_Warehouse/f1datawarehouse/lib/python3.9/site-packages/airflow/example_dags/example_setup_teardown_taskflow.py
[2024-02-24T19:02:37.858-0600] {logging_mixin.py:188} INFO - [2024-02-24T19:02:37.858-0600] {dag.py:3036} INFO - Sync 1 DAGs
[2024-02-24T19:02:37.867-0600] {logging_mixin.py:188} INFO - [2024-02-24T19:02:37.866-0600] {dag.py:3823} INFO - Setting next_dagrun for example_setup_teardown_taskflow to 2024-02-24 00:00:00+00:00, run_after=2024-02-25 00:00:00+00:00
[2024-02-24T19:02:37.876-0600] {processor.py:183} INFO - Processing /Users/vamseekrishna/Desktop/F1_Data_Warehouse/f1datawarehouse/lib/python3.9/site-packages/airflow/example_dags/example_setup_teardown_taskflow.py took 0.120 seconds
[2024-02-24T19:04:34.040-0600] {processor.py:161} INFO - Started process (PID=98951) to work on /Users/vamseekrishna/Desktop/F1_Data_Warehouse/f1datawarehouse/lib/python3.9/site-packages/airflow/example_dags/example_setup_teardown_taskflow.py
[2024-02-24T19:04:34.042-0600] {processor.py:830} INFO - Processing file /Users/vamseekrishna/Desktop/F1_Data_Warehouse/f1datawarehouse/lib/python3.9/site-packages/airflow/example_dags/example_setup_teardown_taskflow.py for tasks to queue
[2024-02-24T19:04:34.043-0600] {logging_mixin.py:188} INFO - [2024-02-24T19:04:34.043-0600] {dagbag.py:538} INFO - Filling up the DagBag from /Users/vamseekrishna/Desktop/F1_Data_Warehouse/f1datawarehouse/lib/python3.9/site-packages/airflow/example_dags/example_setup_teardown_taskflow.py
[2024-02-24T19:04:34.060-0600] {processor.py:840} INFO - DAG(s) 'example_setup_teardown_taskflow' retrieved from /Users/vamseekrishna/Desktop/F1_Data_Warehouse/f1datawarehouse/lib/python3.9/site-packages/airflow/example_dags/example_setup_teardown_taskflow.py
[2024-02-24T19:04:34.110-0600] {logging_mixin.py:188} INFO - [2024-02-24T19:04:34.110-0600] {dag.py:3036} INFO - Sync 1 DAGs
[2024-02-24T19:04:34.118-0600] {logging_mixin.py:188} INFO - [2024-02-24T19:04:34.118-0600] {dag.py:3823} INFO - Setting next_dagrun for example_setup_teardown_taskflow to 2024-02-24 00:00:00+00:00, run_after=2024-02-25 00:00:00+00:00
[2024-02-24T19:04:34.127-0600] {processor.py:183} INFO - Processing /Users/vamseekrishna/Desktop/F1_Data_Warehouse/f1datawarehouse/lib/python3.9/site-packages/airflow/example_dags/example_setup_teardown_taskflow.py took 0.087 seconds
[2024-02-24T19:06:31.003-0600] {processor.py:161} INFO - Started process (PID=99046) to work on /Users/vamseekrishna/Desktop/F1_Data_Warehouse/f1datawarehouse/lib/python3.9/site-packages/airflow/example_dags/example_setup_teardown_taskflow.py
[2024-02-24T19:06:31.005-0600] {processor.py:830} INFO - Processing file /Users/vamseekrishna/Desktop/F1_Data_Warehouse/f1datawarehouse/lib/python3.9/site-packages/airflow/example_dags/example_setup_teardown_taskflow.py for tasks to queue
[2024-02-24T19:06:31.005-0600] {logging_mixin.py:188} INFO - [2024-02-24T19:06:31.005-0600] {dagbag.py:538} INFO - Filling up the DagBag from /Users/vamseekrishna/Desktop/F1_Data_Warehouse/f1datawarehouse/lib/python3.9/site-packages/airflow/example_dags/example_setup_teardown_taskflow.py
[2024-02-24T19:06:31.022-0600] {processor.py:840} INFO - DAG(s) 'example_setup_teardown_taskflow' retrieved from /Users/vamseekrishna/Desktop/F1_Data_Warehouse/f1datawarehouse/lib/python3.9/site-packages/airflow/example_dags/example_setup_teardown_taskflow.py
[2024-02-24T19:06:31.069-0600] {logging_mixin.py:188} INFO - [2024-02-24T19:06:31.069-0600] {dag.py:3036} INFO - Sync 1 DAGs
[2024-02-24T19:06:31.077-0600] {logging_mixin.py:188} INFO - [2024-02-24T19:06:31.077-0600] {dag.py:3823} INFO - Setting next_dagrun for example_setup_teardown_taskflow to 2024-02-24 00:00:00+00:00, run_after=2024-02-25 00:00:00+00:00
[2024-02-24T19:06:31.085-0600] {processor.py:183} INFO - Processing /Users/vamseekrishna/Desktop/F1_Data_Warehouse/f1datawarehouse/lib/python3.9/site-packages/airflow/example_dags/example_setup_teardown_taskflow.py took 0.083 seconds
[2024-02-24T19:08:26.008-0600] {processor.py:161} INFO - Started process (PID=99159) to work on /Users/vamseekrishna/Desktop/F1_Data_Warehouse/f1datawarehouse/lib/python3.9/site-packages/airflow/example_dags/example_setup_teardown_taskflow.py
[2024-02-24T19:08:26.010-0600] {processor.py:830} INFO - Processing file /Users/vamseekrishna/Desktop/F1_Data_Warehouse/f1datawarehouse/lib/python3.9/site-packages/airflow/example_dags/example_setup_teardown_taskflow.py for tasks to queue
[2024-02-24T19:08:26.010-0600] {logging_mixin.py:188} INFO - [2024-02-24T19:08:26.010-0600] {dagbag.py:538} INFO - Filling up the DagBag from /Users/vamseekrishna/Desktop/F1_Data_Warehouse/f1datawarehouse/lib/python3.9/site-packages/airflow/example_dags/example_setup_teardown_taskflow.py
[2024-02-24T19:08:26.027-0600] {processor.py:840} INFO - DAG(s) 'example_setup_teardown_taskflow' retrieved from /Users/vamseekrishna/Desktop/F1_Data_Warehouse/f1datawarehouse/lib/python3.9/site-packages/airflow/example_dags/example_setup_teardown_taskflow.py
[2024-02-24T19:08:26.074-0600] {logging_mixin.py:188} INFO - [2024-02-24T19:08:26.073-0600] {dag.py:3036} INFO - Sync 1 DAGs
[2024-02-24T19:08:26.082-0600] {logging_mixin.py:188} INFO - [2024-02-24T19:08:26.082-0600] {dag.py:3823} INFO - Setting next_dagrun for example_setup_teardown_taskflow to 2024-02-24 00:00:00+00:00, run_after=2024-02-25 00:00:00+00:00
[2024-02-24T19:08:26.090-0600] {processor.py:183} INFO - Processing /Users/vamseekrishna/Desktop/F1_Data_Warehouse/f1datawarehouse/lib/python3.9/site-packages/airflow/example_dags/example_setup_teardown_taskflow.py took 0.083 seconds
[2024-02-24T19:10:23.962-0600] {processor.py:161} INFO - Started process (PID=99261) to work on /Users/vamseekrishna/Desktop/F1_Data_Warehouse/f1datawarehouse/lib/python3.9/site-packages/airflow/example_dags/example_setup_teardown_taskflow.py
[2024-02-24T19:10:23.964-0600] {processor.py:830} INFO - Processing file /Users/vamseekrishna/Desktop/F1_Data_Warehouse/f1datawarehouse/lib/python3.9/site-packages/airflow/example_dags/example_setup_teardown_taskflow.py for tasks to queue
[2024-02-24T19:10:23.965-0600] {logging_mixin.py:188} INFO - [2024-02-24T19:10:23.964-0600] {dagbag.py:538} INFO - Filling up the DagBag from /Users/vamseekrishna/Desktop/F1_Data_Warehouse/f1datawarehouse/lib/python3.9/site-packages/airflow/example_dags/example_setup_teardown_taskflow.py
[2024-02-24T19:10:23.981-0600] {processor.py:840} INFO - DAG(s) 'example_setup_teardown_taskflow' retrieved from /Users/vamseekrishna/Desktop/F1_Data_Warehouse/f1datawarehouse/lib/python3.9/site-packages/airflow/example_dags/example_setup_teardown_taskflow.py
[2024-02-24T19:10:24.028-0600] {logging_mixin.py:188} INFO - [2024-02-24T19:10:24.028-0600] {dag.py:3036} INFO - Sync 1 DAGs
[2024-02-24T19:10:24.037-0600] {logging_mixin.py:188} INFO - [2024-02-24T19:10:24.037-0600] {dag.py:3823} INFO - Setting next_dagrun for example_setup_teardown_taskflow to 2024-02-24 00:00:00+00:00, run_after=2024-02-25 00:00:00+00:00
[2024-02-24T19:10:24.045-0600] {processor.py:183} INFO - Processing /Users/vamseekrishna/Desktop/F1_Data_Warehouse/f1datawarehouse/lib/python3.9/site-packages/airflow/example_dags/example_setup_teardown_taskflow.py took 0.083 seconds
[2024-02-24T19:12:24.102-0600] {processor.py:161} INFO - Started process (PID=99356) to work on /Users/vamseekrishna/Desktop/F1_Data_Warehouse/f1datawarehouse/lib/python3.9/site-packages/airflow/example_dags/example_setup_teardown_taskflow.py
[2024-02-24T19:12:24.104-0600] {processor.py:830} INFO - Processing file /Users/vamseekrishna/Desktop/F1_Data_Warehouse/f1datawarehouse/lib/python3.9/site-packages/airflow/example_dags/example_setup_teardown_taskflow.py for tasks to queue
[2024-02-24T19:12:24.104-0600] {logging_mixin.py:188} INFO - [2024-02-24T19:12:24.104-0600] {dagbag.py:538} INFO - Filling up the DagBag from /Users/vamseekrishna/Desktop/F1_Data_Warehouse/f1datawarehouse/lib/python3.9/site-packages/airflow/example_dags/example_setup_teardown_taskflow.py
[2024-02-24T19:12:24.121-0600] {processor.py:840} INFO - DAG(s) 'example_setup_teardown_taskflow' retrieved from /Users/vamseekrishna/Desktop/F1_Data_Warehouse/f1datawarehouse/lib/python3.9/site-packages/airflow/example_dags/example_setup_teardown_taskflow.py
[2024-02-24T19:12:24.169-0600] {logging_mixin.py:188} INFO - [2024-02-24T19:12:24.168-0600] {dag.py:3036} INFO - Sync 1 DAGs
[2024-02-24T19:12:24.177-0600] {logging_mixin.py:188} INFO - [2024-02-24T19:12:24.177-0600] {dag.py:3823} INFO - Setting next_dagrun for example_setup_teardown_taskflow to 2024-02-24 00:00:00+00:00, run_after=2024-02-25 00:00:00+00:00
[2024-02-24T19:12:24.185-0600] {processor.py:183} INFO - Processing /Users/vamseekrishna/Desktop/F1_Data_Warehouse/f1datawarehouse/lib/python3.9/site-packages/airflow/example_dags/example_setup_teardown_taskflow.py took 0.084 seconds
[2024-02-24T19:14:30.496-0600] {processor.py:161} INFO - Started process (PID=99448) to work on /Users/vamseekrishna/Desktop/F1_Data_Warehouse/f1datawarehouse/lib/python3.9/site-packages/airflow/example_dags/example_setup_teardown_taskflow.py
[2024-02-24T19:14:30.498-0600] {processor.py:830} INFO - Processing file /Users/vamseekrishna/Desktop/F1_Data_Warehouse/f1datawarehouse/lib/python3.9/site-packages/airflow/example_dags/example_setup_teardown_taskflow.py for tasks to queue
[2024-02-24T19:14:30.498-0600] {logging_mixin.py:188} INFO - [2024-02-24T19:14:30.498-0600] {dagbag.py:538} INFO - Filling up the DagBag from /Users/vamseekrishna/Desktop/F1_Data_Warehouse/f1datawarehouse/lib/python3.9/site-packages/airflow/example_dags/example_setup_teardown_taskflow.py
[2024-02-24T19:14:30.515-0600] {processor.py:840} INFO - DAG(s) 'example_setup_teardown_taskflow' retrieved from /Users/vamseekrishna/Desktop/F1_Data_Warehouse/f1datawarehouse/lib/python3.9/site-packages/airflow/example_dags/example_setup_teardown_taskflow.py
[2024-02-24T19:14:30.562-0600] {logging_mixin.py:188} INFO - [2024-02-24T19:14:30.562-0600] {dag.py:3036} INFO - Sync 1 DAGs
[2024-02-24T19:14:30.570-0600] {logging_mixin.py:188} INFO - [2024-02-24T19:14:30.570-0600] {dag.py:3823} INFO - Setting next_dagrun for example_setup_teardown_taskflow to 2024-02-24 00:00:00+00:00, run_after=2024-02-25 00:00:00+00:00
[2024-02-24T19:14:30.579-0600] {processor.py:183} INFO - Processing /Users/vamseekrishna/Desktop/F1_Data_Warehouse/f1datawarehouse/lib/python3.9/site-packages/airflow/example_dags/example_setup_teardown_taskflow.py took 0.084 seconds
[2024-02-24T19:16:29.037-0600] {processor.py:161} INFO - Started process (PID=99557) to work on /Users/vamseekrishna/Desktop/F1_Data_Warehouse/f1datawarehouse/lib/python3.9/site-packages/airflow/example_dags/example_setup_teardown_taskflow.py
[2024-02-24T19:16:29.038-0600] {processor.py:830} INFO - Processing file /Users/vamseekrishna/Desktop/F1_Data_Warehouse/f1datawarehouse/lib/python3.9/site-packages/airflow/example_dags/example_setup_teardown_taskflow.py for tasks to queue
[2024-02-24T19:16:29.039-0600] {logging_mixin.py:188} INFO - [2024-02-24T19:16:29.039-0600] {dagbag.py:538} INFO - Filling up the DagBag from /Users/vamseekrishna/Desktop/F1_Data_Warehouse/f1datawarehouse/lib/python3.9/site-packages/airflow/example_dags/example_setup_teardown_taskflow.py
[2024-02-24T19:16:29.056-0600] {processor.py:840} INFO - DAG(s) 'example_setup_teardown_taskflow' retrieved from /Users/vamseekrishna/Desktop/F1_Data_Warehouse/f1datawarehouse/lib/python3.9/site-packages/airflow/example_dags/example_setup_teardown_taskflow.py
[2024-02-24T19:16:29.106-0600] {logging_mixin.py:188} INFO - [2024-02-24T19:16:29.106-0600] {dag.py:3036} INFO - Sync 1 DAGs
[2024-02-24T19:16:29.114-0600] {logging_mixin.py:188} INFO - [2024-02-24T19:16:29.114-0600] {dag.py:3823} INFO - Setting next_dagrun for example_setup_teardown_taskflow to 2024-02-24 00:00:00+00:00, run_after=2024-02-25 00:00:00+00:00
[2024-02-24T19:16:29.125-0600] {processor.py:183} INFO - Processing /Users/vamseekrishna/Desktop/F1_Data_Warehouse/f1datawarehouse/lib/python3.9/site-packages/airflow/example_dags/example_setup_teardown_taskflow.py took 0.088 seconds
[2024-02-24T19:18:34.028-0600] {processor.py:161} INFO - Started process (PID=99659) to work on /Users/vamseekrishna/Desktop/F1_Data_Warehouse/f1datawarehouse/lib/python3.9/site-packages/airflow/example_dags/example_setup_teardown_taskflow.py
[2024-02-24T19:18:34.031-0600] {processor.py:830} INFO - Processing file /Users/vamseekrishna/Desktop/F1_Data_Warehouse/f1datawarehouse/lib/python3.9/site-packages/airflow/example_dags/example_setup_teardown_taskflow.py for tasks to queue
[2024-02-24T19:18:34.031-0600] {logging_mixin.py:188} INFO - [2024-02-24T19:18:34.031-0600] {dagbag.py:538} INFO - Filling up the DagBag from /Users/vamseekrishna/Desktop/F1_Data_Warehouse/f1datawarehouse/lib/python3.9/site-packages/airflow/example_dags/example_setup_teardown_taskflow.py
[2024-02-24T19:18:34.047-0600] {processor.py:840} INFO - DAG(s) 'example_setup_teardown_taskflow' retrieved from /Users/vamseekrishna/Desktop/F1_Data_Warehouse/f1datawarehouse/lib/python3.9/site-packages/airflow/example_dags/example_setup_teardown_taskflow.py
[2024-02-24T19:18:34.093-0600] {logging_mixin.py:188} INFO - [2024-02-24T19:18:34.093-0600] {dag.py:3036} INFO - Sync 1 DAGs
[2024-02-24T19:18:34.102-0600] {logging_mixin.py:188} INFO - [2024-02-24T19:18:34.102-0600] {dag.py:3823} INFO - Setting next_dagrun for example_setup_teardown_taskflow to 2024-02-24 00:00:00+00:00, run_after=2024-02-25 00:00:00+00:00
[2024-02-24T19:18:34.110-0600] {processor.py:183} INFO - Processing /Users/vamseekrishna/Desktop/F1_Data_Warehouse/f1datawarehouse/lib/python3.9/site-packages/airflow/example_dags/example_setup_teardown_taskflow.py took 0.082 seconds
[2024-02-24T19:20:28.376-0600] {processor.py:161} INFO - Started process (PID=99754) to work on /Users/vamseekrishna/Desktop/F1_Data_Warehouse/f1datawarehouse/lib/python3.9/site-packages/airflow/example_dags/example_setup_teardown_taskflow.py
[2024-02-24T19:20:28.378-0600] {processor.py:830} INFO - Processing file /Users/vamseekrishna/Desktop/F1_Data_Warehouse/f1datawarehouse/lib/python3.9/site-packages/airflow/example_dags/example_setup_teardown_taskflow.py for tasks to queue
[2024-02-24T19:20:28.379-0600] {logging_mixin.py:188} INFO - [2024-02-24T19:20:28.378-0600] {dagbag.py:538} INFO - Filling up the DagBag from /Users/vamseekrishna/Desktop/F1_Data_Warehouse/f1datawarehouse/lib/python3.9/site-packages/airflow/example_dags/example_setup_teardown_taskflow.py
[2024-02-24T19:20:28.395-0600] {processor.py:840} INFO - DAG(s) 'example_setup_teardown_taskflow' retrieved from /Users/vamseekrishna/Desktop/F1_Data_Warehouse/f1datawarehouse/lib/python3.9/site-packages/airflow/example_dags/example_setup_teardown_taskflow.py
[2024-02-24T19:20:28.442-0600] {logging_mixin.py:188} INFO - [2024-02-24T19:20:28.442-0600] {dag.py:3036} INFO - Sync 1 DAGs
[2024-02-24T19:20:28.450-0600] {logging_mixin.py:188} INFO - [2024-02-24T19:20:28.450-0600] {dag.py:3823} INFO - Setting next_dagrun for example_setup_teardown_taskflow to 2024-02-24 00:00:00+00:00, run_after=2024-02-25 00:00:00+00:00
[2024-02-24T19:20:28.458-0600] {processor.py:183} INFO - Processing /Users/vamseekrishna/Desktop/F1_Data_Warehouse/f1datawarehouse/lib/python3.9/site-packages/airflow/example_dags/example_setup_teardown_taskflow.py took 0.083 seconds
[2024-02-24T19:22:33.394-0600] {processor.py:161} INFO - Started process (PID=99860) to work on /Users/vamseekrishna/Desktop/F1_Data_Warehouse/f1datawarehouse/lib/python3.9/site-packages/airflow/example_dags/example_setup_teardown_taskflow.py
[2024-02-24T19:22:33.396-0600] {processor.py:830} INFO - Processing file /Users/vamseekrishna/Desktop/F1_Data_Warehouse/f1datawarehouse/lib/python3.9/site-packages/airflow/example_dags/example_setup_teardown_taskflow.py for tasks to queue
[2024-02-24T19:22:33.396-0600] {logging_mixin.py:188} INFO - [2024-02-24T19:22:33.396-0600] {dagbag.py:538} INFO - Filling up the DagBag from /Users/vamseekrishna/Desktop/F1_Data_Warehouse/f1datawarehouse/lib/python3.9/site-packages/airflow/example_dags/example_setup_teardown_taskflow.py
[2024-02-24T19:22:33.413-0600] {processor.py:840} INFO - DAG(s) 'example_setup_teardown_taskflow' retrieved from /Users/vamseekrishna/Desktop/F1_Data_Warehouse/f1datawarehouse/lib/python3.9/site-packages/airflow/example_dags/example_setup_teardown_taskflow.py
[2024-02-24T19:22:33.460-0600] {logging_mixin.py:188} INFO - [2024-02-24T19:22:33.460-0600] {dag.py:3036} INFO - Sync 1 DAGs
[2024-02-24T19:22:33.469-0600] {logging_mixin.py:188} INFO - [2024-02-24T19:22:33.469-0600] {dag.py:3823} INFO - Setting next_dagrun for example_setup_teardown_taskflow to 2024-02-24 00:00:00+00:00, run_after=2024-02-25 00:00:00+00:00
[2024-02-24T19:22:33.477-0600] {processor.py:183} INFO - Processing /Users/vamseekrishna/Desktop/F1_Data_Warehouse/f1datawarehouse/lib/python3.9/site-packages/airflow/example_dags/example_setup_teardown_taskflow.py took 0.084 seconds
[2024-02-24T19:24:29.766-0600] {processor.py:161} INFO - Started process (PID=99957) to work on /Users/vamseekrishna/Desktop/F1_Data_Warehouse/f1datawarehouse/lib/python3.9/site-packages/airflow/example_dags/example_setup_teardown_taskflow.py
[2024-02-24T19:24:29.768-0600] {processor.py:830} INFO - Processing file /Users/vamseekrishna/Desktop/F1_Data_Warehouse/f1datawarehouse/lib/python3.9/site-packages/airflow/example_dags/example_setup_teardown_taskflow.py for tasks to queue
[2024-02-24T19:24:29.768-0600] {logging_mixin.py:188} INFO - [2024-02-24T19:24:29.768-0600] {dagbag.py:538} INFO - Filling up the DagBag from /Users/vamseekrishna/Desktop/F1_Data_Warehouse/f1datawarehouse/lib/python3.9/site-packages/airflow/example_dags/example_setup_teardown_taskflow.py
[2024-02-24T19:24:29.785-0600] {processor.py:840} INFO - DAG(s) 'example_setup_teardown_taskflow' retrieved from /Users/vamseekrishna/Desktop/F1_Data_Warehouse/f1datawarehouse/lib/python3.9/site-packages/airflow/example_dags/example_setup_teardown_taskflow.py
[2024-02-24T19:24:29.833-0600] {logging_mixin.py:188} INFO - [2024-02-24T19:24:29.833-0600] {dag.py:3036} INFO - Sync 1 DAGs
[2024-02-24T19:24:29.841-0600] {logging_mixin.py:188} INFO - [2024-02-24T19:24:29.841-0600] {dag.py:3823} INFO - Setting next_dagrun for example_setup_teardown_taskflow to 2024-02-24 00:00:00+00:00, run_after=2024-02-25 00:00:00+00:00
[2024-02-24T19:24:29.850-0600] {processor.py:183} INFO - Processing /Users/vamseekrishna/Desktop/F1_Data_Warehouse/f1datawarehouse/lib/python3.9/site-packages/airflow/example_dags/example_setup_teardown_taskflow.py took 0.084 seconds
[2024-02-24T19:26:34.978-0600] {processor.py:161} INFO - Started process (PID=183) to work on /Users/vamseekrishna/Desktop/F1_Data_Warehouse/f1datawarehouse/lib/python3.9/site-packages/airflow/example_dags/example_setup_teardown_taskflow.py
[2024-02-24T19:26:34.980-0600] {processor.py:830} INFO - Processing file /Users/vamseekrishna/Desktop/F1_Data_Warehouse/f1datawarehouse/lib/python3.9/site-packages/airflow/example_dags/example_setup_teardown_taskflow.py for tasks to queue
[2024-02-24T19:26:34.980-0600] {logging_mixin.py:188} INFO - [2024-02-24T19:26:34.980-0600] {dagbag.py:538} INFO - Filling up the DagBag from /Users/vamseekrishna/Desktop/F1_Data_Warehouse/f1datawarehouse/lib/python3.9/site-packages/airflow/example_dags/example_setup_teardown_taskflow.py
[2024-02-24T19:26:34.997-0600] {processor.py:840} INFO - DAG(s) 'example_setup_teardown_taskflow' retrieved from /Users/vamseekrishna/Desktop/F1_Data_Warehouse/f1datawarehouse/lib/python3.9/site-packages/airflow/example_dags/example_setup_teardown_taskflow.py
[2024-02-24T19:26:35.050-0600] {logging_mixin.py:188} INFO - [2024-02-24T19:26:35.049-0600] {dag.py:3036} INFO - Sync 1 DAGs
[2024-02-24T19:26:35.061-0600] {logging_mixin.py:188} INFO - [2024-02-24T19:26:35.061-0600] {dag.py:3823} INFO - Setting next_dagrun for example_setup_teardown_taskflow to 2024-02-24 00:00:00+00:00, run_after=2024-02-25 00:00:00+00:00
[2024-02-24T19:26:35.072-0600] {processor.py:183} INFO - Processing /Users/vamseekrishna/Desktop/F1_Data_Warehouse/f1datawarehouse/lib/python3.9/site-packages/airflow/example_dags/example_setup_teardown_taskflow.py took 0.095 seconds
[2024-02-24T19:28:50.474-0600] {processor.py:161} INFO - Started process (PID=300) to work on /Users/vamseekrishna/Desktop/F1_Data_Warehouse/f1datawarehouse/lib/python3.9/site-packages/airflow/example_dags/example_setup_teardown_taskflow.py
[2024-02-24T19:28:50.476-0600] {processor.py:830} INFO - Processing file /Users/vamseekrishna/Desktop/F1_Data_Warehouse/f1datawarehouse/lib/python3.9/site-packages/airflow/example_dags/example_setup_teardown_taskflow.py for tasks to queue
[2024-02-24T19:28:50.477-0600] {logging_mixin.py:188} INFO - [2024-02-24T19:28:50.477-0600] {dagbag.py:538} INFO - Filling up the DagBag from /Users/vamseekrishna/Desktop/F1_Data_Warehouse/f1datawarehouse/lib/python3.9/site-packages/airflow/example_dags/example_setup_teardown_taskflow.py
[2024-02-24T19:28:50.493-0600] {processor.py:840} INFO - DAG(s) 'example_setup_teardown_taskflow' retrieved from /Users/vamseekrishna/Desktop/F1_Data_Warehouse/f1datawarehouse/lib/python3.9/site-packages/airflow/example_dags/example_setup_teardown_taskflow.py
[2024-02-24T19:28:50.539-0600] {logging_mixin.py:188} INFO - [2024-02-24T19:28:50.539-0600] {dag.py:3036} INFO - Sync 1 DAGs
[2024-02-24T19:28:50.548-0600] {logging_mixin.py:188} INFO - [2024-02-24T19:28:50.548-0600] {dag.py:3823} INFO - Setting next_dagrun for example_setup_teardown_taskflow to 2024-02-24 00:00:00+00:00, run_after=2024-02-25 00:00:00+00:00
[2024-02-24T19:28:50.556-0600] {processor.py:183} INFO - Processing /Users/vamseekrishna/Desktop/F1_Data_Warehouse/f1datawarehouse/lib/python3.9/site-packages/airflow/example_dags/example_setup_teardown_taskflow.py took 0.082 seconds
[2024-02-24T19:30:56.070-0600] {processor.py:161} INFO - Started process (PID=418) to work on /Users/vamseekrishna/Desktop/F1_Data_Warehouse/f1datawarehouse/lib/python3.9/site-packages/airflow/example_dags/example_setup_teardown_taskflow.py
[2024-02-24T19:30:56.073-0600] {processor.py:830} INFO - Processing file /Users/vamseekrishna/Desktop/F1_Data_Warehouse/f1datawarehouse/lib/python3.9/site-packages/airflow/example_dags/example_setup_teardown_taskflow.py for tasks to queue
[2024-02-24T19:30:56.074-0600] {logging_mixin.py:188} INFO - [2024-02-24T19:30:56.074-0600] {dagbag.py:538} INFO - Filling up the DagBag from /Users/vamseekrishna/Desktop/F1_Data_Warehouse/f1datawarehouse/lib/python3.9/site-packages/airflow/example_dags/example_setup_teardown_taskflow.py
[2024-02-24T19:30:56.097-0600] {processor.py:840} INFO - DAG(s) 'example_setup_teardown_taskflow' retrieved from /Users/vamseekrishna/Desktop/F1_Data_Warehouse/f1datawarehouse/lib/python3.9/site-packages/airflow/example_dags/example_setup_teardown_taskflow.py
[2024-02-24T19:30:56.147-0600] {logging_mixin.py:188} INFO - [2024-02-24T19:30:56.146-0600] {dag.py:3036} INFO - Sync 1 DAGs
[2024-02-24T19:30:56.156-0600] {logging_mixin.py:188} INFO - [2024-02-24T19:30:56.156-0600] {dag.py:3823} INFO - Setting next_dagrun for example_setup_teardown_taskflow to 2024-02-24 00:00:00+00:00, run_after=2024-02-25 00:00:00+00:00
[2024-02-24T19:30:56.164-0600] {processor.py:183} INFO - Processing /Users/vamseekrishna/Desktop/F1_Data_Warehouse/f1datawarehouse/lib/python3.9/site-packages/airflow/example_dags/example_setup_teardown_taskflow.py took 0.095 seconds
[2024-02-24T19:32:59.799-0600] {processor.py:161} INFO - Started process (PID=540) to work on /Users/vamseekrishna/Desktop/F1_Data_Warehouse/f1datawarehouse/lib/python3.9/site-packages/airflow/example_dags/example_setup_teardown_taskflow.py
[2024-02-24T19:32:59.800-0600] {processor.py:830} INFO - Processing file /Users/vamseekrishna/Desktop/F1_Data_Warehouse/f1datawarehouse/lib/python3.9/site-packages/airflow/example_dags/example_setup_teardown_taskflow.py for tasks to queue
[2024-02-24T19:32:59.800-0600] {logging_mixin.py:188} INFO - [2024-02-24T19:32:59.800-0600] {dagbag.py:538} INFO - Filling up the DagBag from /Users/vamseekrishna/Desktop/F1_Data_Warehouse/f1datawarehouse/lib/python3.9/site-packages/airflow/example_dags/example_setup_teardown_taskflow.py
[2024-02-24T19:32:59.818-0600] {processor.py:840} INFO - DAG(s) 'example_setup_teardown_taskflow' retrieved from /Users/vamseekrishna/Desktop/F1_Data_Warehouse/f1datawarehouse/lib/python3.9/site-packages/airflow/example_dags/example_setup_teardown_taskflow.py
[2024-02-24T19:32:59.868-0600] {logging_mixin.py:188} INFO - [2024-02-24T19:32:59.868-0600] {dag.py:3036} INFO - Sync 1 DAGs
[2024-02-24T19:32:59.877-0600] {logging_mixin.py:188} INFO - [2024-02-24T19:32:59.877-0600] {dag.py:3823} INFO - Setting next_dagrun for example_setup_teardown_taskflow to 2024-02-24 00:00:00+00:00, run_after=2024-02-25 00:00:00+00:00
[2024-02-24T19:32:59.885-0600] {processor.py:183} INFO - Processing /Users/vamseekrishna/Desktop/F1_Data_Warehouse/f1datawarehouse/lib/python3.9/site-packages/airflow/example_dags/example_setup_teardown_taskflow.py took 0.087 seconds
[2024-02-24T19:35:05.685-0600] {processor.py:161} INFO - Started process (PID=682) to work on /Users/vamseekrishna/Desktop/F1_Data_Warehouse/f1datawarehouse/lib/python3.9/site-packages/airflow/example_dags/example_setup_teardown_taskflow.py
[2024-02-24T19:35:05.687-0600] {processor.py:830} INFO - Processing file /Users/vamseekrishna/Desktop/F1_Data_Warehouse/f1datawarehouse/lib/python3.9/site-packages/airflow/example_dags/example_setup_teardown_taskflow.py for tasks to queue
[2024-02-24T19:35:05.687-0600] {logging_mixin.py:188} INFO - [2024-02-24T19:35:05.687-0600] {dagbag.py:538} INFO - Filling up the DagBag from /Users/vamseekrishna/Desktop/F1_Data_Warehouse/f1datawarehouse/lib/python3.9/site-packages/airflow/example_dags/example_setup_teardown_taskflow.py
[2024-02-24T19:35:05.704-0600] {processor.py:840} INFO - DAG(s) 'example_setup_teardown_taskflow' retrieved from /Users/vamseekrishna/Desktop/F1_Data_Warehouse/f1datawarehouse/lib/python3.9/site-packages/airflow/example_dags/example_setup_teardown_taskflow.py
[2024-02-24T19:35:05.752-0600] {logging_mixin.py:188} INFO - [2024-02-24T19:35:05.752-0600] {dag.py:3036} INFO - Sync 1 DAGs
[2024-02-24T19:35:05.761-0600] {logging_mixin.py:188} INFO - [2024-02-24T19:35:05.761-0600] {dag.py:3823} INFO - Setting next_dagrun for example_setup_teardown_taskflow to 2024-02-24 00:00:00+00:00, run_after=2024-02-25 00:00:00+00:00
[2024-02-24T19:35:05.769-0600] {processor.py:183} INFO - Processing /Users/vamseekrishna/Desktop/F1_Data_Warehouse/f1datawarehouse/lib/python3.9/site-packages/airflow/example_dags/example_setup_teardown_taskflow.py took 0.085 seconds
[2024-02-24T19:37:15.347-0600] {processor.py:161} INFO - Started process (PID=845) to work on /Users/vamseekrishna/Desktop/F1_Data_Warehouse/f1datawarehouse/lib/python3.9/site-packages/airflow/example_dags/example_setup_teardown_taskflow.py
[2024-02-24T19:37:15.349-0600] {processor.py:830} INFO - Processing file /Users/vamseekrishna/Desktop/F1_Data_Warehouse/f1datawarehouse/lib/python3.9/site-packages/airflow/example_dags/example_setup_teardown_taskflow.py for tasks to queue
[2024-02-24T19:37:15.350-0600] {logging_mixin.py:188} INFO - [2024-02-24T19:37:15.349-0600] {dagbag.py:538} INFO - Filling up the DagBag from /Users/vamseekrishna/Desktop/F1_Data_Warehouse/f1datawarehouse/lib/python3.9/site-packages/airflow/example_dags/example_setup_teardown_taskflow.py
[2024-02-24T19:37:15.366-0600] {processor.py:840} INFO - DAG(s) 'example_setup_teardown_taskflow' retrieved from /Users/vamseekrishna/Desktop/F1_Data_Warehouse/f1datawarehouse/lib/python3.9/site-packages/airflow/example_dags/example_setup_teardown_taskflow.py
[2024-02-24T19:37:15.414-0600] {logging_mixin.py:188} INFO - [2024-02-24T19:37:15.414-0600] {dag.py:3036} INFO - Sync 1 DAGs
[2024-02-24T19:37:15.423-0600] {logging_mixin.py:188} INFO - [2024-02-24T19:37:15.423-0600] {dag.py:3823} INFO - Setting next_dagrun for example_setup_teardown_taskflow to 2024-02-24 00:00:00+00:00, run_after=2024-02-25 00:00:00+00:00
[2024-02-24T19:37:15.431-0600] {processor.py:183} INFO - Processing /Users/vamseekrishna/Desktop/F1_Data_Warehouse/f1datawarehouse/lib/python3.9/site-packages/airflow/example_dags/example_setup_teardown_taskflow.py took 0.084 seconds
[2024-02-24T19:39:23.506-0600] {processor.py:161} INFO - Started process (PID=961) to work on /Users/vamseekrishna/Desktop/F1_Data_Warehouse/f1datawarehouse/lib/python3.9/site-packages/airflow/example_dags/example_setup_teardown_taskflow.py
[2024-02-24T19:39:23.507-0600] {processor.py:830} INFO - Processing file /Users/vamseekrishna/Desktop/F1_Data_Warehouse/f1datawarehouse/lib/python3.9/site-packages/airflow/example_dags/example_setup_teardown_taskflow.py for tasks to queue
[2024-02-24T19:39:23.508-0600] {logging_mixin.py:188} INFO - [2024-02-24T19:39:23.508-0600] {dagbag.py:538} INFO - Filling up the DagBag from /Users/vamseekrishna/Desktop/F1_Data_Warehouse/f1datawarehouse/lib/python3.9/site-packages/airflow/example_dags/example_setup_teardown_taskflow.py
[2024-02-24T19:39:23.527-0600] {processor.py:840} INFO - DAG(s) 'example_setup_teardown_taskflow' retrieved from /Users/vamseekrishna/Desktop/F1_Data_Warehouse/f1datawarehouse/lib/python3.9/site-packages/airflow/example_dags/example_setup_teardown_taskflow.py
[2024-02-24T19:39:23.575-0600] {logging_mixin.py:188} INFO - [2024-02-24T19:39:23.575-0600] {dag.py:3036} INFO - Sync 1 DAGs
[2024-02-24T19:39:23.584-0600] {logging_mixin.py:188} INFO - [2024-02-24T19:39:23.584-0600] {dag.py:3823} INFO - Setting next_dagrun for example_setup_teardown_taskflow to 2024-02-24 00:00:00+00:00, run_after=2024-02-25 00:00:00+00:00
[2024-02-24T19:39:23.592-0600] {processor.py:183} INFO - Processing /Users/vamseekrishna/Desktop/F1_Data_Warehouse/f1datawarehouse/lib/python3.9/site-packages/airflow/example_dags/example_setup_teardown_taskflow.py took 0.087 seconds
[2024-02-24T19:41:28.926-0600] {processor.py:161} INFO - Started process (PID=1137) to work on /Users/vamseekrishna/Desktop/F1_Data_Warehouse/f1datawarehouse/lib/python3.9/site-packages/airflow/example_dags/example_setup_teardown_taskflow.py
[2024-02-24T19:41:28.928-0600] {processor.py:830} INFO - Processing file /Users/vamseekrishna/Desktop/F1_Data_Warehouse/f1datawarehouse/lib/python3.9/site-packages/airflow/example_dags/example_setup_teardown_taskflow.py for tasks to queue
[2024-02-24T19:41:28.928-0600] {logging_mixin.py:188} INFO - [2024-02-24T19:41:28.928-0600] {dagbag.py:538} INFO - Filling up the DagBag from /Users/vamseekrishna/Desktop/F1_Data_Warehouse/f1datawarehouse/lib/python3.9/site-packages/airflow/example_dags/example_setup_teardown_taskflow.py
[2024-02-24T19:41:28.945-0600] {processor.py:840} INFO - DAG(s) 'example_setup_teardown_taskflow' retrieved from /Users/vamseekrishna/Desktop/F1_Data_Warehouse/f1datawarehouse/lib/python3.9/site-packages/airflow/example_dags/example_setup_teardown_taskflow.py
[2024-02-24T19:41:29.017-0600] {logging_mixin.py:188} INFO - [2024-02-24T19:41:29.017-0600] {dag.py:3036} INFO - Sync 1 DAGs
[2024-02-24T19:41:29.031-0600] {logging_mixin.py:188} INFO - [2024-02-24T19:41:29.031-0600] {dag.py:3823} INFO - Setting next_dagrun for example_setup_teardown_taskflow to 2024-02-24 00:00:00+00:00, run_after=2024-02-25 00:00:00+00:00
[2024-02-24T19:41:29.049-0600] {processor.py:183} INFO - Processing /Users/vamseekrishna/Desktop/F1_Data_Warehouse/f1datawarehouse/lib/python3.9/site-packages/airflow/example_dags/example_setup_teardown_taskflow.py took 0.123 seconds
[2024-02-24T19:43:41.593-0600] {processor.py:161} INFO - Started process (PID=1321) to work on /Users/vamseekrishna/Desktop/F1_Data_Warehouse/f1datawarehouse/lib/python3.9/site-packages/airflow/example_dags/example_setup_teardown_taskflow.py
[2024-02-24T19:43:41.596-0600] {processor.py:830} INFO - Processing file /Users/vamseekrishna/Desktop/F1_Data_Warehouse/f1datawarehouse/lib/python3.9/site-packages/airflow/example_dags/example_setup_teardown_taskflow.py for tasks to queue
[2024-02-24T19:43:41.596-0600] {logging_mixin.py:188} INFO - [2024-02-24T19:43:41.596-0600] {dagbag.py:538} INFO - Filling up the DagBag from /Users/vamseekrishna/Desktop/F1_Data_Warehouse/f1datawarehouse/lib/python3.9/site-packages/airflow/example_dags/example_setup_teardown_taskflow.py
[2024-02-24T19:43:41.651-0600] {processor.py:840} INFO - DAG(s) 'example_setup_teardown_taskflow' retrieved from /Users/vamseekrishna/Desktop/F1_Data_Warehouse/f1datawarehouse/lib/python3.9/site-packages/airflow/example_dags/example_setup_teardown_taskflow.py
[2024-02-24T19:43:41.775-0600] {logging_mixin.py:188} INFO - [2024-02-24T19:43:41.775-0600] {dag.py:3036} INFO - Sync 1 DAGs
[2024-02-24T19:43:41.792-0600] {logging_mixin.py:188} INFO - [2024-02-24T19:43:41.792-0600] {dag.py:3823} INFO - Setting next_dagrun for example_setup_teardown_taskflow to 2024-02-24 00:00:00+00:00, run_after=2024-02-25 00:00:00+00:00
[2024-02-24T19:43:41.804-0600] {processor.py:183} INFO - Processing /Users/vamseekrishna/Desktop/F1_Data_Warehouse/f1datawarehouse/lib/python3.9/site-packages/airflow/example_dags/example_setup_teardown_taskflow.py took 0.213 seconds
[2024-02-24T19:45:04.773-0600] {processor.py:161} INFO - Started process (PID=1520) to work on /Users/vamseekrishna/Desktop/F1_Data_Warehouse/f1datawarehouse/lib/python3.9/site-packages/airflow/example_dags/example_setup_teardown_taskflow.py
[2024-02-24T19:45:04.775-0600] {processor.py:830} INFO - Processing file /Users/vamseekrishna/Desktop/F1_Data_Warehouse/f1datawarehouse/lib/python3.9/site-packages/airflow/example_dags/example_setup_teardown_taskflow.py for tasks to queue
[2024-02-24T19:45:04.775-0600] {logging_mixin.py:188} INFO - [2024-02-24T19:45:04.775-0600] {dagbag.py:538} INFO - Filling up the DagBag from /Users/vamseekrishna/Desktop/F1_Data_Warehouse/f1datawarehouse/lib/python3.9/site-packages/airflow/example_dags/example_setup_teardown_taskflow.py
[2024-02-24T19:45:04.801-0600] {processor.py:840} INFO - DAG(s) 'example_setup_teardown_taskflow' retrieved from /Users/vamseekrishna/Desktop/F1_Data_Warehouse/f1datawarehouse/lib/python3.9/site-packages/airflow/example_dags/example_setup_teardown_taskflow.py
[2024-02-24T19:45:04.880-0600] {logging_mixin.py:188} INFO - [2024-02-24T19:45:04.880-0600] {dag.py:3036} INFO - Sync 1 DAGs
[2024-02-24T19:45:04.893-0600] {logging_mixin.py:188} INFO - [2024-02-24T19:45:04.893-0600] {dag.py:3823} INFO - Setting next_dagrun for example_setup_teardown_taskflow to 2024-02-24 00:00:00+00:00, run_after=2024-02-25 00:00:00+00:00
[2024-02-24T19:45:04.904-0600] {processor.py:183} INFO - Processing /Users/vamseekrishna/Desktop/F1_Data_Warehouse/f1datawarehouse/lib/python3.9/site-packages/airflow/example_dags/example_setup_teardown_taskflow.py took 0.131 seconds
[2024-02-24T19:47:30.901-0600] {processor.py:161} INFO - Started process (PID=1751) to work on /Users/vamseekrishna/Desktop/F1_Data_Warehouse/f1datawarehouse/lib/python3.9/site-packages/airflow/example_dags/example_setup_teardown_taskflow.py
[2024-02-24T19:47:30.903-0600] {processor.py:830} INFO - Processing file /Users/vamseekrishna/Desktop/F1_Data_Warehouse/f1datawarehouse/lib/python3.9/site-packages/airflow/example_dags/example_setup_teardown_taskflow.py for tasks to queue
[2024-02-24T19:47:30.904-0600] {logging_mixin.py:188} INFO - [2024-02-24T19:47:30.904-0600] {dagbag.py:538} INFO - Filling up the DagBag from /Users/vamseekrishna/Desktop/F1_Data_Warehouse/f1datawarehouse/lib/python3.9/site-packages/airflow/example_dags/example_setup_teardown_taskflow.py
[2024-02-24T19:47:30.922-0600] {processor.py:840} INFO - DAG(s) 'example_setup_teardown_taskflow' retrieved from /Users/vamseekrishna/Desktop/F1_Data_Warehouse/f1datawarehouse/lib/python3.9/site-packages/airflow/example_dags/example_setup_teardown_taskflow.py
[2024-02-24T19:47:30.971-0600] {logging_mixin.py:188} INFO - [2024-02-24T19:47:30.971-0600] {dag.py:3036} INFO - Sync 1 DAGs
[2024-02-24T19:47:30.980-0600] {logging_mixin.py:188} INFO - [2024-02-24T19:47:30.980-0600] {dag.py:3823} INFO - Setting next_dagrun for example_setup_teardown_taskflow to 2024-02-24 00:00:00+00:00, run_after=2024-02-25 00:00:00+00:00
[2024-02-24T19:47:30.988-0600] {processor.py:183} INFO - Processing /Users/vamseekrishna/Desktop/F1_Data_Warehouse/f1datawarehouse/lib/python3.9/site-packages/airflow/example_dags/example_setup_teardown_taskflow.py took 0.088 seconds
[2024-02-24T19:49:44.699-0600] {processor.py:161} INFO - Started process (PID=1924) to work on /Users/vamseekrishna/Desktop/F1_Data_Warehouse/f1datawarehouse/lib/python3.9/site-packages/airflow/example_dags/example_setup_teardown_taskflow.py
[2024-02-24T19:49:44.701-0600] {processor.py:830} INFO - Processing file /Users/vamseekrishna/Desktop/F1_Data_Warehouse/f1datawarehouse/lib/python3.9/site-packages/airflow/example_dags/example_setup_teardown_taskflow.py for tasks to queue
[2024-02-24T19:49:44.702-0600] {logging_mixin.py:188} INFO - [2024-02-24T19:49:44.701-0600] {dagbag.py:538} INFO - Filling up the DagBag from /Users/vamseekrishna/Desktop/F1_Data_Warehouse/f1datawarehouse/lib/python3.9/site-packages/airflow/example_dags/example_setup_teardown_taskflow.py
[2024-02-24T19:49:44.720-0600] {processor.py:840} INFO - DAG(s) 'example_setup_teardown_taskflow' retrieved from /Users/vamseekrishna/Desktop/F1_Data_Warehouse/f1datawarehouse/lib/python3.9/site-packages/airflow/example_dags/example_setup_teardown_taskflow.py
[2024-02-24T19:49:44.771-0600] {logging_mixin.py:188} INFO - [2024-02-24T19:49:44.771-0600] {dag.py:3036} INFO - Sync 1 DAGs
[2024-02-24T19:49:44.781-0600] {logging_mixin.py:188} INFO - [2024-02-24T19:49:44.781-0600] {dag.py:3823} INFO - Setting next_dagrun for example_setup_teardown_taskflow to 2024-02-24 00:00:00+00:00, run_after=2024-02-25 00:00:00+00:00
[2024-02-24T19:49:44.790-0600] {processor.py:183} INFO - Processing /Users/vamseekrishna/Desktop/F1_Data_Warehouse/f1datawarehouse/lib/python3.9/site-packages/airflow/example_dags/example_setup_teardown_taskflow.py took 0.092 seconds
