[2024-02-24T18:03:13.011-0600] {processor.py:161} INFO - Started process (PID=95681) to work on /Users/vamseekrishna/Desktop/F1_Data_Warehouse/f1datawarehouse/lib/python3.9/site-packages/airflow/example_dags/example_latest_only.py
[2024-02-24T18:03:13.012-0600] {processor.py:830} INFO - Processing file /Users/vamseekrishna/Desktop/F1_Data_Warehouse/f1datawarehouse/lib/python3.9/site-packages/airflow/example_dags/example_latest_only.py for tasks to queue
[2024-02-24T18:03:13.013-0600] {logging_mixin.py:188} INFO - [2024-02-24T18:03:13.013-0600] {dagbag.py:538} INFO - Filling up the DagBag from /Users/vamseekrishna/Desktop/F1_Data_Warehouse/f1datawarehouse/lib/python3.9/site-packages/airflow/example_dags/example_latest_only.py
[2024-02-24T18:03:13.017-0600] {processor.py:840} INFO - DAG(s) 'latest_only' retrieved from /Users/vamseekrishna/Desktop/F1_Data_Warehouse/f1datawarehouse/lib/python3.9/site-packages/airflow/example_dags/example_latest_only.py
[2024-02-24T18:03:13.065-0600] {logging_mixin.py:188} INFO - [2024-02-24T18:03:13.064-0600] {dag.py:3036} INFO - Sync 1 DAGs
[2024-02-24T18:03:13.073-0600] {logging_mixin.py:188} INFO - [2024-02-24T18:03:13.073-0600] {dag.py:3823} INFO - Setting next_dagrun for latest_only to 2024-02-24 20:00:00+00:00, run_after=2024-02-25 00:00:00+00:00
[2024-02-24T18:03:13.081-0600] {processor.py:183} INFO - Processing /Users/vamseekrishna/Desktop/F1_Data_Warehouse/f1datawarehouse/lib/python3.9/site-packages/airflow/example_dags/example_latest_only.py took 0.071 seconds
[2024-02-24T18:05:31.017-0600] {processor.py:161} INFO - Started process (PID=95851) to work on /Users/vamseekrishna/Desktop/F1_Data_Warehouse/f1datawarehouse/lib/python3.9/site-packages/airflow/example_dags/example_latest_only.py
[2024-02-24T18:05:31.018-0600] {processor.py:830} INFO - Processing file /Users/vamseekrishna/Desktop/F1_Data_Warehouse/f1datawarehouse/lib/python3.9/site-packages/airflow/example_dags/example_latest_only.py for tasks to queue
[2024-02-24T18:05:31.018-0600] {logging_mixin.py:188} INFO - [2024-02-24T18:05:31.018-0600] {dagbag.py:538} INFO - Filling up the DagBag from /Users/vamseekrishna/Desktop/F1_Data_Warehouse/f1datawarehouse/lib/python3.9/site-packages/airflow/example_dags/example_latest_only.py
[2024-02-24T18:05:31.023-0600] {processor.py:840} INFO - DAG(s) 'latest_only' retrieved from /Users/vamseekrishna/Desktop/F1_Data_Warehouse/f1datawarehouse/lib/python3.9/site-packages/airflow/example_dags/example_latest_only.py
[2024-02-24T18:05:31.121-0600] {logging_mixin.py:188} INFO - [2024-02-24T18:05:31.121-0600] {dag.py:3036} INFO - Sync 1 DAGs
[2024-02-24T18:05:31.132-0600] {logging_mixin.py:188} INFO - [2024-02-24T18:05:31.132-0600] {dag.py:3823} INFO - Setting next_dagrun for latest_only to 2024-02-24 20:00:00+00:00, run_after=2024-02-25 00:00:00+00:00
[2024-02-24T18:05:31.140-0600] {processor.py:183} INFO - Processing /Users/vamseekrishna/Desktop/F1_Data_Warehouse/f1datawarehouse/lib/python3.9/site-packages/airflow/example_dags/example_latest_only.py took 0.124 seconds
[2024-02-24T18:07:37.161-0600] {processor.py:161} INFO - Started process (PID=95972) to work on /Users/vamseekrishna/Desktop/F1_Data_Warehouse/f1datawarehouse/lib/python3.9/site-packages/airflow/example_dags/example_latest_only.py
[2024-02-24T18:07:37.162-0600] {processor.py:830} INFO - Processing file /Users/vamseekrishna/Desktop/F1_Data_Warehouse/f1datawarehouse/lib/python3.9/site-packages/airflow/example_dags/example_latest_only.py for tasks to queue
[2024-02-24T18:07:37.162-0600] {logging_mixin.py:188} INFO - [2024-02-24T18:07:37.162-0600] {dagbag.py:538} INFO - Filling up the DagBag from /Users/vamseekrishna/Desktop/F1_Data_Warehouse/f1datawarehouse/lib/python3.9/site-packages/airflow/example_dags/example_latest_only.py
[2024-02-24T18:07:37.166-0600] {processor.py:840} INFO - DAG(s) 'latest_only' retrieved from /Users/vamseekrishna/Desktop/F1_Data_Warehouse/f1datawarehouse/lib/python3.9/site-packages/airflow/example_dags/example_latest_only.py
[2024-02-24T18:07:37.212-0600] {logging_mixin.py:188} INFO - [2024-02-24T18:07:37.212-0600] {dag.py:3036} INFO - Sync 1 DAGs
[2024-02-24T18:07:37.222-0600] {logging_mixin.py:188} INFO - [2024-02-24T18:07:37.221-0600] {dag.py:3823} INFO - Setting next_dagrun for latest_only to 2024-02-24 20:00:00+00:00, run_after=2024-02-25 00:00:00+00:00
[2024-02-24T18:07:37.229-0600] {processor.py:183} INFO - Processing /Users/vamseekrishna/Desktop/F1_Data_Warehouse/f1datawarehouse/lib/python3.9/site-packages/airflow/example_dags/example_latest_only.py took 0.069 seconds
[2024-02-24T18:09:31.578-0600] {processor.py:161} INFO - Started process (PID=96079) to work on /Users/vamseekrishna/Desktop/F1_Data_Warehouse/f1datawarehouse/lib/python3.9/site-packages/airflow/example_dags/example_latest_only.py
[2024-02-24T18:09:31.580-0600] {processor.py:830} INFO - Processing file /Users/vamseekrishna/Desktop/F1_Data_Warehouse/f1datawarehouse/lib/python3.9/site-packages/airflow/example_dags/example_latest_only.py for tasks to queue
[2024-02-24T18:09:31.580-0600] {logging_mixin.py:188} INFO - [2024-02-24T18:09:31.580-0600] {dagbag.py:538} INFO - Filling up the DagBag from /Users/vamseekrishna/Desktop/F1_Data_Warehouse/f1datawarehouse/lib/python3.9/site-packages/airflow/example_dags/example_latest_only.py
[2024-02-24T18:09:31.584-0600] {processor.py:840} INFO - DAG(s) 'latest_only' retrieved from /Users/vamseekrishna/Desktop/F1_Data_Warehouse/f1datawarehouse/lib/python3.9/site-packages/airflow/example_dags/example_latest_only.py
[2024-02-24T18:09:31.631-0600] {logging_mixin.py:188} INFO - [2024-02-24T18:09:31.630-0600] {dag.py:3036} INFO - Sync 1 DAGs
[2024-02-24T18:09:31.639-0600] {logging_mixin.py:188} INFO - [2024-02-24T18:09:31.639-0600] {dag.py:3823} INFO - Setting next_dagrun for latest_only to 2024-02-24 20:00:00+00:00, run_after=2024-02-25 00:00:00+00:00
[2024-02-24T18:09:31.647-0600] {processor.py:183} INFO - Processing /Users/vamseekrishna/Desktop/F1_Data_Warehouse/f1datawarehouse/lib/python3.9/site-packages/airflow/example_dags/example_latest_only.py took 0.069 seconds
[2024-02-24T18:11:30.185-0600] {processor.py:161} INFO - Started process (PID=96174) to work on /Users/vamseekrishna/Desktop/F1_Data_Warehouse/f1datawarehouse/lib/python3.9/site-packages/airflow/example_dags/example_latest_only.py
[2024-02-24T18:11:30.187-0600] {processor.py:830} INFO - Processing file /Users/vamseekrishna/Desktop/F1_Data_Warehouse/f1datawarehouse/lib/python3.9/site-packages/airflow/example_dags/example_latest_only.py for tasks to queue
[2024-02-24T18:11:30.187-0600] {logging_mixin.py:188} INFO - [2024-02-24T18:11:30.187-0600] {dagbag.py:538} INFO - Filling up the DagBag from /Users/vamseekrishna/Desktop/F1_Data_Warehouse/f1datawarehouse/lib/python3.9/site-packages/airflow/example_dags/example_latest_only.py
[2024-02-24T18:11:30.190-0600] {processor.py:840} INFO - DAG(s) 'latest_only' retrieved from /Users/vamseekrishna/Desktop/F1_Data_Warehouse/f1datawarehouse/lib/python3.9/site-packages/airflow/example_dags/example_latest_only.py
[2024-02-24T18:11:30.237-0600] {logging_mixin.py:188} INFO - [2024-02-24T18:11:30.237-0600] {dag.py:3036} INFO - Sync 1 DAGs
[2024-02-24T18:11:30.246-0600] {logging_mixin.py:188} INFO - [2024-02-24T18:11:30.246-0600] {dag.py:3823} INFO - Setting next_dagrun for latest_only to 2024-02-24 20:00:00+00:00, run_after=2024-02-25 00:00:00+00:00
[2024-02-24T18:11:30.253-0600] {processor.py:183} INFO - Processing /Users/vamseekrishna/Desktop/F1_Data_Warehouse/f1datawarehouse/lib/python3.9/site-packages/airflow/example_dags/example_latest_only.py took 0.069 seconds
[2024-02-24T18:13:31.382-0600] {processor.py:161} INFO - Started process (PID=96268) to work on /Users/vamseekrishna/Desktop/F1_Data_Warehouse/f1datawarehouse/lib/python3.9/site-packages/airflow/example_dags/example_latest_only.py
[2024-02-24T18:13:31.384-0600] {processor.py:830} INFO - Processing file /Users/vamseekrishna/Desktop/F1_Data_Warehouse/f1datawarehouse/lib/python3.9/site-packages/airflow/example_dags/example_latest_only.py for tasks to queue
[2024-02-24T18:13:31.384-0600] {logging_mixin.py:188} INFO - [2024-02-24T18:13:31.384-0600] {dagbag.py:538} INFO - Filling up the DagBag from /Users/vamseekrishna/Desktop/F1_Data_Warehouse/f1datawarehouse/lib/python3.9/site-packages/airflow/example_dags/example_latest_only.py
[2024-02-24T18:13:31.388-0600] {processor.py:840} INFO - DAG(s) 'latest_only' retrieved from /Users/vamseekrishna/Desktop/F1_Data_Warehouse/f1datawarehouse/lib/python3.9/site-packages/airflow/example_dags/example_latest_only.py
[2024-02-24T18:13:31.434-0600] {logging_mixin.py:188} INFO - [2024-02-24T18:13:31.434-0600] {dag.py:3036} INFO - Sync 1 DAGs
[2024-02-24T18:13:31.443-0600] {logging_mixin.py:188} INFO - [2024-02-24T18:13:31.443-0600] {dag.py:3823} INFO - Setting next_dagrun for latest_only to 2024-02-24 20:00:00+00:00, run_after=2024-02-25 00:00:00+00:00
[2024-02-24T18:13:31.451-0600] {processor.py:183} INFO - Processing /Users/vamseekrishna/Desktop/F1_Data_Warehouse/f1datawarehouse/lib/python3.9/site-packages/airflow/example_dags/example_latest_only.py took 0.069 seconds
[2024-02-24T18:15:25.558-0600] {processor.py:161} INFO - Started process (PID=96373) to work on /Users/vamseekrishna/Desktop/F1_Data_Warehouse/f1datawarehouse/lib/python3.9/site-packages/airflow/example_dags/example_latest_only.py
[2024-02-24T18:15:25.560-0600] {processor.py:830} INFO - Processing file /Users/vamseekrishna/Desktop/F1_Data_Warehouse/f1datawarehouse/lib/python3.9/site-packages/airflow/example_dags/example_latest_only.py for tasks to queue
[2024-02-24T18:15:25.560-0600] {logging_mixin.py:188} INFO - [2024-02-24T18:15:25.560-0600] {dagbag.py:538} INFO - Filling up the DagBag from /Users/vamseekrishna/Desktop/F1_Data_Warehouse/f1datawarehouse/lib/python3.9/site-packages/airflow/example_dags/example_latest_only.py
[2024-02-24T18:15:25.564-0600] {processor.py:840} INFO - DAG(s) 'latest_only' retrieved from /Users/vamseekrishna/Desktop/F1_Data_Warehouse/f1datawarehouse/lib/python3.9/site-packages/airflow/example_dags/example_latest_only.py
[2024-02-24T18:15:25.613-0600] {logging_mixin.py:188} INFO - [2024-02-24T18:15:25.613-0600] {dag.py:3036} INFO - Sync 1 DAGs
[2024-02-24T18:15:25.623-0600] {logging_mixin.py:188} INFO - [2024-02-24T18:15:25.623-0600] {dag.py:3823} INFO - Setting next_dagrun for latest_only to 2024-02-24 20:00:00+00:00, run_after=2024-02-25 00:00:00+00:00
[2024-02-24T18:15:25.632-0600] {processor.py:183} INFO - Processing /Users/vamseekrishna/Desktop/F1_Data_Warehouse/f1datawarehouse/lib/python3.9/site-packages/airflow/example_dags/example_latest_only.py took 0.075 seconds
[2024-02-24T18:17:29.061-0600] {processor.py:161} INFO - Started process (PID=96480) to work on /Users/vamseekrishna/Desktop/F1_Data_Warehouse/f1datawarehouse/lib/python3.9/site-packages/airflow/example_dags/example_latest_only.py
[2024-02-24T18:17:29.062-0600] {processor.py:830} INFO - Processing file /Users/vamseekrishna/Desktop/F1_Data_Warehouse/f1datawarehouse/lib/python3.9/site-packages/airflow/example_dags/example_latest_only.py for tasks to queue
[2024-02-24T18:17:29.063-0600] {logging_mixin.py:188} INFO - [2024-02-24T18:17:29.063-0600] {dagbag.py:538} INFO - Filling up the DagBag from /Users/vamseekrishna/Desktop/F1_Data_Warehouse/f1datawarehouse/lib/python3.9/site-packages/airflow/example_dags/example_latest_only.py
[2024-02-24T18:17:29.066-0600] {processor.py:840} INFO - DAG(s) 'latest_only' retrieved from /Users/vamseekrishna/Desktop/F1_Data_Warehouse/f1datawarehouse/lib/python3.9/site-packages/airflow/example_dags/example_latest_only.py
[2024-02-24T18:17:29.118-0600] {logging_mixin.py:188} INFO - [2024-02-24T18:17:29.118-0600] {dag.py:3036} INFO - Sync 1 DAGs
[2024-02-24T18:17:29.127-0600] {logging_mixin.py:188} INFO - [2024-02-24T18:17:29.127-0600] {dag.py:3823} INFO - Setting next_dagrun for latest_only to 2024-02-24 20:00:00+00:00, run_after=2024-02-25 00:00:00+00:00
[2024-02-24T18:17:29.135-0600] {processor.py:183} INFO - Processing /Users/vamseekrishna/Desktop/F1_Data_Warehouse/f1datawarehouse/lib/python3.9/site-packages/airflow/example_dags/example_latest_only.py took 0.074 seconds
[2024-02-24T18:19:28.386-0600] {processor.py:161} INFO - Started process (PID=96574) to work on /Users/vamseekrishna/Desktop/F1_Data_Warehouse/f1datawarehouse/lib/python3.9/site-packages/airflow/example_dags/example_latest_only.py
[2024-02-24T18:19:28.388-0600] {processor.py:830} INFO - Processing file /Users/vamseekrishna/Desktop/F1_Data_Warehouse/f1datawarehouse/lib/python3.9/site-packages/airflow/example_dags/example_latest_only.py for tasks to queue
[2024-02-24T18:19:28.389-0600] {logging_mixin.py:188} INFO - [2024-02-24T18:19:28.388-0600] {dagbag.py:538} INFO - Filling up the DagBag from /Users/vamseekrishna/Desktop/F1_Data_Warehouse/f1datawarehouse/lib/python3.9/site-packages/airflow/example_dags/example_latest_only.py
[2024-02-24T18:19:28.392-0600] {processor.py:840} INFO - DAG(s) 'latest_only' retrieved from /Users/vamseekrishna/Desktop/F1_Data_Warehouse/f1datawarehouse/lib/python3.9/site-packages/airflow/example_dags/example_latest_only.py
[2024-02-24T18:19:28.439-0600] {logging_mixin.py:188} INFO - [2024-02-24T18:19:28.438-0600] {dag.py:3036} INFO - Sync 1 DAGs
[2024-02-24T18:19:28.448-0600] {logging_mixin.py:188} INFO - [2024-02-24T18:19:28.448-0600] {dag.py:3823} INFO - Setting next_dagrun for latest_only to 2024-02-24 20:00:00+00:00, run_after=2024-02-25 00:00:00+00:00
[2024-02-24T18:19:28.455-0600] {processor.py:183} INFO - Processing /Users/vamseekrishna/Desktop/F1_Data_Warehouse/f1datawarehouse/lib/python3.9/site-packages/airflow/example_dags/example_latest_only.py took 0.070 seconds
[2024-02-24T18:21:30.596-0600] {processor.py:161} INFO - Started process (PID=96674) to work on /Users/vamseekrishna/Desktop/F1_Data_Warehouse/f1datawarehouse/lib/python3.9/site-packages/airflow/example_dags/example_latest_only.py
[2024-02-24T18:21:30.599-0600] {processor.py:830} INFO - Processing file /Users/vamseekrishna/Desktop/F1_Data_Warehouse/f1datawarehouse/lib/python3.9/site-packages/airflow/example_dags/example_latest_only.py for tasks to queue
[2024-02-24T18:21:30.599-0600] {logging_mixin.py:188} INFO - [2024-02-24T18:21:30.599-0600] {dagbag.py:538} INFO - Filling up the DagBag from /Users/vamseekrishna/Desktop/F1_Data_Warehouse/f1datawarehouse/lib/python3.9/site-packages/airflow/example_dags/example_latest_only.py
[2024-02-24T18:21:30.606-0600] {processor.py:840} INFO - DAG(s) 'latest_only' retrieved from /Users/vamseekrishna/Desktop/F1_Data_Warehouse/f1datawarehouse/lib/python3.9/site-packages/airflow/example_dags/example_latest_only.py
[2024-02-24T18:21:30.655-0600] {logging_mixin.py:188} INFO - [2024-02-24T18:21:30.655-0600] {dag.py:3036} INFO - Sync 1 DAGs
[2024-02-24T18:21:30.664-0600] {logging_mixin.py:188} INFO - [2024-02-24T18:21:30.664-0600] {dag.py:3823} INFO - Setting next_dagrun for latest_only to 2024-02-24 20:00:00+00:00, run_after=2024-02-25 00:00:00+00:00
[2024-02-24T18:21:30.672-0600] {processor.py:183} INFO - Processing /Users/vamseekrishna/Desktop/F1_Data_Warehouse/f1datawarehouse/lib/python3.9/site-packages/airflow/example_dags/example_latest_only.py took 0.077 seconds
[2024-02-24T18:23:35.622-0600] {processor.py:161} INFO - Started process (PID=96791) to work on /Users/vamseekrishna/Desktop/F1_Data_Warehouse/f1datawarehouse/lib/python3.9/site-packages/airflow/example_dags/example_latest_only.py
[2024-02-24T18:23:35.624-0600] {processor.py:830} INFO - Processing file /Users/vamseekrishna/Desktop/F1_Data_Warehouse/f1datawarehouse/lib/python3.9/site-packages/airflow/example_dags/example_latest_only.py for tasks to queue
[2024-02-24T18:23:35.624-0600] {logging_mixin.py:188} INFO - [2024-02-24T18:23:35.624-0600] {dagbag.py:538} INFO - Filling up the DagBag from /Users/vamseekrishna/Desktop/F1_Data_Warehouse/f1datawarehouse/lib/python3.9/site-packages/airflow/example_dags/example_latest_only.py
[2024-02-24T18:23:35.627-0600] {processor.py:840} INFO - DAG(s) 'latest_only' retrieved from /Users/vamseekrishna/Desktop/F1_Data_Warehouse/f1datawarehouse/lib/python3.9/site-packages/airflow/example_dags/example_latest_only.py
[2024-02-24T18:23:35.676-0600] {logging_mixin.py:188} INFO - [2024-02-24T18:23:35.676-0600] {dag.py:3036} INFO - Sync 1 DAGs
[2024-02-24T18:23:35.685-0600] {logging_mixin.py:188} INFO - [2024-02-24T18:23:35.685-0600] {dag.py:3823} INFO - Setting next_dagrun for latest_only to 2024-02-24 20:00:00+00:00, run_after=2024-02-25 00:00:00+00:00
[2024-02-24T18:23:35.693-0600] {processor.py:183} INFO - Processing /Users/vamseekrishna/Desktop/F1_Data_Warehouse/f1datawarehouse/lib/python3.9/site-packages/airflow/example_dags/example_latest_only.py took 0.071 seconds
[2024-02-24T18:25:33.020-0600] {processor.py:161} INFO - Started process (PID=96876) to work on /Users/vamseekrishna/Desktop/F1_Data_Warehouse/f1datawarehouse/lib/python3.9/site-packages/airflow/example_dags/example_latest_only.py
[2024-02-24T18:25:33.021-0600] {processor.py:830} INFO - Processing file /Users/vamseekrishna/Desktop/F1_Data_Warehouse/f1datawarehouse/lib/python3.9/site-packages/airflow/example_dags/example_latest_only.py for tasks to queue
[2024-02-24T18:25:33.022-0600] {logging_mixin.py:188} INFO - [2024-02-24T18:25:33.022-0600] {dagbag.py:538} INFO - Filling up the DagBag from /Users/vamseekrishna/Desktop/F1_Data_Warehouse/f1datawarehouse/lib/python3.9/site-packages/airflow/example_dags/example_latest_only.py
[2024-02-24T18:25:33.025-0600] {processor.py:840} INFO - DAG(s) 'latest_only' retrieved from /Users/vamseekrishna/Desktop/F1_Data_Warehouse/f1datawarehouse/lib/python3.9/site-packages/airflow/example_dags/example_latest_only.py
[2024-02-24T18:25:33.080-0600] {logging_mixin.py:188} INFO - [2024-02-24T18:25:33.079-0600] {dag.py:3036} INFO - Sync 1 DAGs
[2024-02-24T18:25:33.089-0600] {logging_mixin.py:188} INFO - [2024-02-24T18:25:33.089-0600] {dag.py:3823} INFO - Setting next_dagrun for latest_only to 2024-02-24 20:00:00+00:00, run_after=2024-02-25 00:00:00+00:00
[2024-02-24T18:25:33.096-0600] {processor.py:183} INFO - Processing /Users/vamseekrishna/Desktop/F1_Data_Warehouse/f1datawarehouse/lib/python3.9/site-packages/airflow/example_dags/example_latest_only.py took 0.077 seconds
[2024-02-24T18:27:34.661-0600] {processor.py:161} INFO - Started process (PID=96974) to work on /Users/vamseekrishna/Desktop/F1_Data_Warehouse/f1datawarehouse/lib/python3.9/site-packages/airflow/example_dags/example_latest_only.py
[2024-02-24T18:27:34.663-0600] {processor.py:830} INFO - Processing file /Users/vamseekrishna/Desktop/F1_Data_Warehouse/f1datawarehouse/lib/python3.9/site-packages/airflow/example_dags/example_latest_only.py for tasks to queue
[2024-02-24T18:27:34.663-0600] {logging_mixin.py:188} INFO - [2024-02-24T18:27:34.663-0600] {dagbag.py:538} INFO - Filling up the DagBag from /Users/vamseekrishna/Desktop/F1_Data_Warehouse/f1datawarehouse/lib/python3.9/site-packages/airflow/example_dags/example_latest_only.py
[2024-02-24T18:27:34.667-0600] {processor.py:840} INFO - DAG(s) 'latest_only' retrieved from /Users/vamseekrishna/Desktop/F1_Data_Warehouse/f1datawarehouse/lib/python3.9/site-packages/airflow/example_dags/example_latest_only.py
[2024-02-24T18:27:34.715-0600] {logging_mixin.py:188} INFO - [2024-02-24T18:27:34.715-0600] {dag.py:3036} INFO - Sync 1 DAGs
[2024-02-24T18:27:34.724-0600] {logging_mixin.py:188} INFO - [2024-02-24T18:27:34.724-0600] {dag.py:3823} INFO - Setting next_dagrun for latest_only to 2024-02-24 20:00:00+00:00, run_after=2024-02-25 00:00:00+00:00
[2024-02-24T18:27:34.731-0600] {processor.py:183} INFO - Processing /Users/vamseekrishna/Desktop/F1_Data_Warehouse/f1datawarehouse/lib/python3.9/site-packages/airflow/example_dags/example_latest_only.py took 0.071 seconds
[2024-02-24T18:29:40.077-0600] {processor.py:161} INFO - Started process (PID=97073) to work on /Users/vamseekrishna/Desktop/F1_Data_Warehouse/f1datawarehouse/lib/python3.9/site-packages/airflow/example_dags/example_latest_only.py
[2024-02-24T18:29:40.079-0600] {processor.py:830} INFO - Processing file /Users/vamseekrishna/Desktop/F1_Data_Warehouse/f1datawarehouse/lib/python3.9/site-packages/airflow/example_dags/example_latest_only.py for tasks to queue
[2024-02-24T18:29:40.079-0600] {logging_mixin.py:188} INFO - [2024-02-24T18:29:40.079-0600] {dagbag.py:538} INFO - Filling up the DagBag from /Users/vamseekrishna/Desktop/F1_Data_Warehouse/f1datawarehouse/lib/python3.9/site-packages/airflow/example_dags/example_latest_only.py
[2024-02-24T18:29:40.083-0600] {processor.py:840} INFO - DAG(s) 'latest_only' retrieved from /Users/vamseekrishna/Desktop/F1_Data_Warehouse/f1datawarehouse/lib/python3.9/site-packages/airflow/example_dags/example_latest_only.py
[2024-02-24T18:29:40.129-0600] {logging_mixin.py:188} INFO - [2024-02-24T18:29:40.129-0600] {dag.py:3036} INFO - Sync 1 DAGs
[2024-02-24T18:29:40.138-0600] {logging_mixin.py:188} INFO - [2024-02-24T18:29:40.138-0600] {dag.py:3823} INFO - Setting next_dagrun for latest_only to 2024-02-24 20:00:00+00:00, run_after=2024-02-25 00:00:00+00:00
[2024-02-24T18:29:40.145-0600] {processor.py:183} INFO - Processing /Users/vamseekrishna/Desktop/F1_Data_Warehouse/f1datawarehouse/lib/python3.9/site-packages/airflow/example_dags/example_latest_only.py took 0.069 seconds
[2024-02-24T18:31:38.515-0600] {processor.py:161} INFO - Started process (PID=97185) to work on /Users/vamseekrishna/Desktop/F1_Data_Warehouse/f1datawarehouse/lib/python3.9/site-packages/airflow/example_dags/example_latest_only.py
[2024-02-24T18:31:38.517-0600] {processor.py:830} INFO - Processing file /Users/vamseekrishna/Desktop/F1_Data_Warehouse/f1datawarehouse/lib/python3.9/site-packages/airflow/example_dags/example_latest_only.py for tasks to queue
[2024-02-24T18:31:38.518-0600] {logging_mixin.py:188} INFO - [2024-02-24T18:31:38.518-0600] {dagbag.py:538} INFO - Filling up the DagBag from /Users/vamseekrishna/Desktop/F1_Data_Warehouse/f1datawarehouse/lib/python3.9/site-packages/airflow/example_dags/example_latest_only.py
[2024-02-24T18:31:38.521-0600] {processor.py:840} INFO - DAG(s) 'latest_only' retrieved from /Users/vamseekrishna/Desktop/F1_Data_Warehouse/f1datawarehouse/lib/python3.9/site-packages/airflow/example_dags/example_latest_only.py
[2024-02-24T18:31:38.568-0600] {logging_mixin.py:188} INFO - [2024-02-24T18:31:38.568-0600] {dag.py:3036} INFO - Sync 1 DAGs
[2024-02-24T18:31:38.577-0600] {logging_mixin.py:188} INFO - [2024-02-24T18:31:38.577-0600] {dag.py:3823} INFO - Setting next_dagrun for latest_only to 2024-02-24 20:00:00+00:00, run_after=2024-02-25 00:00:00+00:00
[2024-02-24T18:31:38.584-0600] {processor.py:183} INFO - Processing /Users/vamseekrishna/Desktop/F1_Data_Warehouse/f1datawarehouse/lib/python3.9/site-packages/airflow/example_dags/example_latest_only.py took 0.070 seconds
[2024-02-24T18:33:34.514-0600] {processor.py:161} INFO - Started process (PID=97293) to work on /Users/vamseekrishna/Desktop/F1_Data_Warehouse/f1datawarehouse/lib/python3.9/site-packages/airflow/example_dags/example_latest_only.py
[2024-02-24T18:33:34.515-0600] {processor.py:830} INFO - Processing file /Users/vamseekrishna/Desktop/F1_Data_Warehouse/f1datawarehouse/lib/python3.9/site-packages/airflow/example_dags/example_latest_only.py for tasks to queue
[2024-02-24T18:33:34.516-0600] {logging_mixin.py:188} INFO - [2024-02-24T18:33:34.516-0600] {dagbag.py:538} INFO - Filling up the DagBag from /Users/vamseekrishna/Desktop/F1_Data_Warehouse/f1datawarehouse/lib/python3.9/site-packages/airflow/example_dags/example_latest_only.py
[2024-02-24T18:33:34.519-0600] {processor.py:840} INFO - DAG(s) 'latest_only' retrieved from /Users/vamseekrishna/Desktop/F1_Data_Warehouse/f1datawarehouse/lib/python3.9/site-packages/airflow/example_dags/example_latest_only.py
[2024-02-24T18:33:34.568-0600] {logging_mixin.py:188} INFO - [2024-02-24T18:33:34.568-0600] {dag.py:3036} INFO - Sync 1 DAGs
[2024-02-24T18:33:34.578-0600] {logging_mixin.py:188} INFO - [2024-02-24T18:33:34.577-0600] {dag.py:3823} INFO - Setting next_dagrun for latest_only to 2024-02-24 20:00:00+00:00, run_after=2024-02-25 00:00:00+00:00
[2024-02-24T18:33:34.585-0600] {processor.py:183} INFO - Processing /Users/vamseekrishna/Desktop/F1_Data_Warehouse/f1datawarehouse/lib/python3.9/site-packages/airflow/example_dags/example_latest_only.py took 0.072 seconds
[2024-02-24T18:35:35.735-0600] {processor.py:161} INFO - Started process (PID=97390) to work on /Users/vamseekrishna/Desktop/F1_Data_Warehouse/f1datawarehouse/lib/python3.9/site-packages/airflow/example_dags/example_latest_only.py
[2024-02-24T18:35:35.736-0600] {processor.py:830} INFO - Processing file /Users/vamseekrishna/Desktop/F1_Data_Warehouse/f1datawarehouse/lib/python3.9/site-packages/airflow/example_dags/example_latest_only.py for tasks to queue
[2024-02-24T18:35:35.737-0600] {logging_mixin.py:188} INFO - [2024-02-24T18:35:35.737-0600] {dagbag.py:538} INFO - Filling up the DagBag from /Users/vamseekrishna/Desktop/F1_Data_Warehouse/f1datawarehouse/lib/python3.9/site-packages/airflow/example_dags/example_latest_only.py
[2024-02-24T18:35:35.740-0600] {processor.py:840} INFO - DAG(s) 'latest_only' retrieved from /Users/vamseekrishna/Desktop/F1_Data_Warehouse/f1datawarehouse/lib/python3.9/site-packages/airflow/example_dags/example_latest_only.py
[2024-02-24T18:35:35.787-0600] {logging_mixin.py:188} INFO - [2024-02-24T18:35:35.787-0600] {dag.py:3036} INFO - Sync 1 DAGs
[2024-02-24T18:35:35.796-0600] {logging_mixin.py:188} INFO - [2024-02-24T18:35:35.796-0600] {dag.py:3823} INFO - Setting next_dagrun for latest_only to 2024-02-24 20:00:00+00:00, run_after=2024-02-25 00:00:00+00:00
[2024-02-24T18:35:35.804-0600] {processor.py:183} INFO - Processing /Users/vamseekrishna/Desktop/F1_Data_Warehouse/f1datawarehouse/lib/python3.9/site-packages/airflow/example_dags/example_latest_only.py took 0.069 seconds
[2024-02-24T18:37:36.371-0600] {processor.py:161} INFO - Started process (PID=97508) to work on /Users/vamseekrishna/Desktop/F1_Data_Warehouse/f1datawarehouse/lib/python3.9/site-packages/airflow/example_dags/example_latest_only.py
[2024-02-24T18:37:36.374-0600] {processor.py:830} INFO - Processing file /Users/vamseekrishna/Desktop/F1_Data_Warehouse/f1datawarehouse/lib/python3.9/site-packages/airflow/example_dags/example_latest_only.py for tasks to queue
[2024-02-24T18:37:36.374-0600] {logging_mixin.py:188} INFO - [2024-02-24T18:37:36.374-0600] {dagbag.py:538} INFO - Filling up the DagBag from /Users/vamseekrishna/Desktop/F1_Data_Warehouse/f1datawarehouse/lib/python3.9/site-packages/airflow/example_dags/example_latest_only.py
[2024-02-24T18:37:36.378-0600] {processor.py:840} INFO - DAG(s) 'latest_only' retrieved from /Users/vamseekrishna/Desktop/F1_Data_Warehouse/f1datawarehouse/lib/python3.9/site-packages/airflow/example_dags/example_latest_only.py
[2024-02-24T18:37:36.431-0600] {logging_mixin.py:188} INFO - [2024-02-24T18:37:36.431-0600] {dag.py:3036} INFO - Sync 1 DAGs
[2024-02-24T18:37:36.441-0600] {logging_mixin.py:188} INFO - [2024-02-24T18:37:36.441-0600] {dag.py:3823} INFO - Setting next_dagrun for latest_only to 2024-02-24 20:00:00+00:00, run_after=2024-02-25 00:00:00+00:00
[2024-02-24T18:37:36.449-0600] {processor.py:183} INFO - Processing /Users/vamseekrishna/Desktop/F1_Data_Warehouse/f1datawarehouse/lib/python3.9/site-packages/airflow/example_dags/example_latest_only.py took 0.078 seconds
[2024-02-24T18:39:37.818-0600] {processor.py:161} INFO - Started process (PID=97603) to work on /Users/vamseekrishna/Desktop/F1_Data_Warehouse/f1datawarehouse/lib/python3.9/site-packages/airflow/example_dags/example_latest_only.py
[2024-02-24T18:39:37.819-0600] {processor.py:830} INFO - Processing file /Users/vamseekrishna/Desktop/F1_Data_Warehouse/f1datawarehouse/lib/python3.9/site-packages/airflow/example_dags/example_latest_only.py for tasks to queue
[2024-02-24T18:39:37.820-0600] {logging_mixin.py:188} INFO - [2024-02-24T18:39:37.820-0600] {dagbag.py:538} INFO - Filling up the DagBag from /Users/vamseekrishna/Desktop/F1_Data_Warehouse/f1datawarehouse/lib/python3.9/site-packages/airflow/example_dags/example_latest_only.py
[2024-02-24T18:39:37.823-0600] {processor.py:840} INFO - DAG(s) 'latest_only' retrieved from /Users/vamseekrishna/Desktop/F1_Data_Warehouse/f1datawarehouse/lib/python3.9/site-packages/airflow/example_dags/example_latest_only.py
[2024-02-24T18:39:37.870-0600] {logging_mixin.py:188} INFO - [2024-02-24T18:39:37.870-0600] {dag.py:3036} INFO - Sync 1 DAGs
[2024-02-24T18:39:37.880-0600] {logging_mixin.py:188} INFO - [2024-02-24T18:39:37.880-0600] {dag.py:3823} INFO - Setting next_dagrun for latest_only to 2024-02-24 20:00:00+00:00, run_after=2024-02-25 00:00:00+00:00
[2024-02-24T18:39:37.888-0600] {processor.py:183} INFO - Processing /Users/vamseekrishna/Desktop/F1_Data_Warehouse/f1datawarehouse/lib/python3.9/site-packages/airflow/example_dags/example_latest_only.py took 0.071 seconds
[2024-02-24T18:41:39.185-0600] {processor.py:161} INFO - Started process (PID=97690) to work on /Users/vamseekrishna/Desktop/F1_Data_Warehouse/f1datawarehouse/lib/python3.9/site-packages/airflow/example_dags/example_latest_only.py
[2024-02-24T18:41:39.187-0600] {processor.py:830} INFO - Processing file /Users/vamseekrishna/Desktop/F1_Data_Warehouse/f1datawarehouse/lib/python3.9/site-packages/airflow/example_dags/example_latest_only.py for tasks to queue
[2024-02-24T18:41:39.187-0600] {logging_mixin.py:188} INFO - [2024-02-24T18:41:39.187-0600] {dagbag.py:538} INFO - Filling up the DagBag from /Users/vamseekrishna/Desktop/F1_Data_Warehouse/f1datawarehouse/lib/python3.9/site-packages/airflow/example_dags/example_latest_only.py
[2024-02-24T18:41:39.190-0600] {processor.py:840} INFO - DAG(s) 'latest_only' retrieved from /Users/vamseekrishna/Desktop/F1_Data_Warehouse/f1datawarehouse/lib/python3.9/site-packages/airflow/example_dags/example_latest_only.py
[2024-02-24T18:41:39.240-0600] {logging_mixin.py:188} INFO - [2024-02-24T18:41:39.240-0600] {dag.py:3036} INFO - Sync 1 DAGs
[2024-02-24T18:41:39.249-0600] {logging_mixin.py:188} INFO - [2024-02-24T18:41:39.249-0600] {dag.py:3823} INFO - Setting next_dagrun for latest_only to 2024-02-24 20:00:00+00:00, run_after=2024-02-25 00:00:00+00:00
[2024-02-24T18:41:39.257-0600] {processor.py:183} INFO - Processing /Users/vamseekrishna/Desktop/F1_Data_Warehouse/f1datawarehouse/lib/python3.9/site-packages/airflow/example_dags/example_latest_only.py took 0.072 seconds
[2024-02-24T18:43:36.862-0600] {processor.py:161} INFO - Started process (PID=97789) to work on /Users/vamseekrishna/Desktop/F1_Data_Warehouse/f1datawarehouse/lib/python3.9/site-packages/airflow/example_dags/example_latest_only.py
[2024-02-24T18:43:36.864-0600] {processor.py:830} INFO - Processing file /Users/vamseekrishna/Desktop/F1_Data_Warehouse/f1datawarehouse/lib/python3.9/site-packages/airflow/example_dags/example_latest_only.py for tasks to queue
[2024-02-24T18:43:36.864-0600] {logging_mixin.py:188} INFO - [2024-02-24T18:43:36.864-0600] {dagbag.py:538} INFO - Filling up the DagBag from /Users/vamseekrishna/Desktop/F1_Data_Warehouse/f1datawarehouse/lib/python3.9/site-packages/airflow/example_dags/example_latest_only.py
[2024-02-24T18:43:36.869-0600] {processor.py:840} INFO - DAG(s) 'latest_only' retrieved from /Users/vamseekrishna/Desktop/F1_Data_Warehouse/f1datawarehouse/lib/python3.9/site-packages/airflow/example_dags/example_latest_only.py
[2024-02-24T18:43:36.920-0600] {logging_mixin.py:188} INFO - [2024-02-24T18:43:36.920-0600] {dag.py:3036} INFO - Sync 1 DAGs
[2024-02-24T18:43:36.929-0600] {logging_mixin.py:188} INFO - [2024-02-24T18:43:36.929-0600] {dag.py:3823} INFO - Setting next_dagrun for latest_only to 2024-02-24 20:00:00+00:00, run_after=2024-02-25 00:00:00+00:00
[2024-02-24T18:43:36.937-0600] {processor.py:183} INFO - Processing /Users/vamseekrishna/Desktop/F1_Data_Warehouse/f1datawarehouse/lib/python3.9/site-packages/airflow/example_dags/example_latest_only.py took 0.075 seconds
[2024-02-24T18:45:40.423-0600] {processor.py:161} INFO - Started process (PID=97908) to work on /Users/vamseekrishna/Desktop/F1_Data_Warehouse/f1datawarehouse/lib/python3.9/site-packages/airflow/example_dags/example_latest_only.py
[2024-02-24T18:45:40.425-0600] {processor.py:830} INFO - Processing file /Users/vamseekrishna/Desktop/F1_Data_Warehouse/f1datawarehouse/lib/python3.9/site-packages/airflow/example_dags/example_latest_only.py for tasks to queue
[2024-02-24T18:45:40.425-0600] {logging_mixin.py:188} INFO - [2024-02-24T18:45:40.425-0600] {dagbag.py:538} INFO - Filling up the DagBag from /Users/vamseekrishna/Desktop/F1_Data_Warehouse/f1datawarehouse/lib/python3.9/site-packages/airflow/example_dags/example_latest_only.py
[2024-02-24T18:45:40.428-0600] {processor.py:840} INFO - DAG(s) 'latest_only' retrieved from /Users/vamseekrishna/Desktop/F1_Data_Warehouse/f1datawarehouse/lib/python3.9/site-packages/airflow/example_dags/example_latest_only.py
[2024-02-24T18:45:40.478-0600] {logging_mixin.py:188} INFO - [2024-02-24T18:45:40.477-0600] {dag.py:3036} INFO - Sync 1 DAGs
[2024-02-24T18:45:40.486-0600] {logging_mixin.py:188} INFO - [2024-02-24T18:45:40.486-0600] {dag.py:3823} INFO - Setting next_dagrun for latest_only to 2024-02-24 20:00:00+00:00, run_after=2024-02-25 00:00:00+00:00
[2024-02-24T18:45:40.495-0600] {processor.py:183} INFO - Processing /Users/vamseekrishna/Desktop/F1_Data_Warehouse/f1datawarehouse/lib/python3.9/site-packages/airflow/example_dags/example_latest_only.py took 0.072 seconds
[2024-02-24T18:47:42.116-0600] {processor.py:161} INFO - Started process (PID=98003) to work on /Users/vamseekrishna/Desktop/F1_Data_Warehouse/f1datawarehouse/lib/python3.9/site-packages/airflow/example_dags/example_latest_only.py
[2024-02-24T18:47:42.118-0600] {processor.py:830} INFO - Processing file /Users/vamseekrishna/Desktop/F1_Data_Warehouse/f1datawarehouse/lib/python3.9/site-packages/airflow/example_dags/example_latest_only.py for tasks to queue
[2024-02-24T18:47:42.118-0600] {logging_mixin.py:188} INFO - [2024-02-24T18:47:42.118-0600] {dagbag.py:538} INFO - Filling up the DagBag from /Users/vamseekrishna/Desktop/F1_Data_Warehouse/f1datawarehouse/lib/python3.9/site-packages/airflow/example_dags/example_latest_only.py
[2024-02-24T18:47:42.121-0600] {processor.py:840} INFO - DAG(s) 'latest_only' retrieved from /Users/vamseekrishna/Desktop/F1_Data_Warehouse/f1datawarehouse/lib/python3.9/site-packages/airflow/example_dags/example_latest_only.py
[2024-02-24T18:47:42.171-0600] {logging_mixin.py:188} INFO - [2024-02-24T18:47:42.171-0600] {dag.py:3036} INFO - Sync 1 DAGs
[2024-02-24T18:47:42.180-0600] {logging_mixin.py:188} INFO - [2024-02-24T18:47:42.180-0600] {dag.py:3823} INFO - Setting next_dagrun for latest_only to 2024-02-24 20:00:00+00:00, run_after=2024-02-25 00:00:00+00:00
[2024-02-24T18:47:42.187-0600] {processor.py:183} INFO - Processing /Users/vamseekrishna/Desktop/F1_Data_Warehouse/f1datawarehouse/lib/python3.9/site-packages/airflow/example_dags/example_latest_only.py took 0.072 seconds
[2024-02-24T18:49:43.163-0600] {processor.py:161} INFO - Started process (PID=98092) to work on /Users/vamseekrishna/Desktop/F1_Data_Warehouse/f1datawarehouse/lib/python3.9/site-packages/airflow/example_dags/example_latest_only.py
[2024-02-24T18:49:43.165-0600] {processor.py:830} INFO - Processing file /Users/vamseekrishna/Desktop/F1_Data_Warehouse/f1datawarehouse/lib/python3.9/site-packages/airflow/example_dags/example_latest_only.py for tasks to queue
[2024-02-24T18:49:43.165-0600] {logging_mixin.py:188} INFO - [2024-02-24T18:49:43.165-0600] {dagbag.py:538} INFO - Filling up the DagBag from /Users/vamseekrishna/Desktop/F1_Data_Warehouse/f1datawarehouse/lib/python3.9/site-packages/airflow/example_dags/example_latest_only.py
[2024-02-24T18:49:43.168-0600] {processor.py:840} INFO - DAG(s) 'latest_only' retrieved from /Users/vamseekrishna/Desktop/F1_Data_Warehouse/f1datawarehouse/lib/python3.9/site-packages/airflow/example_dags/example_latest_only.py
[2024-02-24T18:49:43.216-0600] {logging_mixin.py:188} INFO - [2024-02-24T18:49:43.215-0600] {dag.py:3036} INFO - Sync 1 DAGs
[2024-02-24T18:49:43.225-0600] {logging_mixin.py:188} INFO - [2024-02-24T18:49:43.225-0600] {dag.py:3823} INFO - Setting next_dagrun for latest_only to 2024-02-24 20:00:00+00:00, run_after=2024-02-25 00:00:00+00:00
[2024-02-24T18:49:43.232-0600] {processor.py:183} INFO - Processing /Users/vamseekrishna/Desktop/F1_Data_Warehouse/f1datawarehouse/lib/python3.9/site-packages/airflow/example_dags/example_latest_only.py took 0.070 seconds
[2024-02-24T18:51:40.897-0600] {processor.py:161} INFO - Started process (PID=98178) to work on /Users/vamseekrishna/Desktop/F1_Data_Warehouse/f1datawarehouse/lib/python3.9/site-packages/airflow/example_dags/example_latest_only.py
[2024-02-24T18:51:40.899-0600] {processor.py:830} INFO - Processing file /Users/vamseekrishna/Desktop/F1_Data_Warehouse/f1datawarehouse/lib/python3.9/site-packages/airflow/example_dags/example_latest_only.py for tasks to queue
[2024-02-24T18:51:40.899-0600] {logging_mixin.py:188} INFO - [2024-02-24T18:51:40.899-0600] {dagbag.py:538} INFO - Filling up the DagBag from /Users/vamseekrishna/Desktop/F1_Data_Warehouse/f1datawarehouse/lib/python3.9/site-packages/airflow/example_dags/example_latest_only.py
[2024-02-24T18:51:40.902-0600] {processor.py:840} INFO - DAG(s) 'latest_only' retrieved from /Users/vamseekrishna/Desktop/F1_Data_Warehouse/f1datawarehouse/lib/python3.9/site-packages/airflow/example_dags/example_latest_only.py
[2024-02-24T18:51:40.949-0600] {logging_mixin.py:188} INFO - [2024-02-24T18:51:40.949-0600] {dag.py:3036} INFO - Sync 1 DAGs
[2024-02-24T18:51:40.958-0600] {logging_mixin.py:188} INFO - [2024-02-24T18:51:40.958-0600] {dag.py:3823} INFO - Setting next_dagrun for latest_only to 2024-02-24 20:00:00+00:00, run_after=2024-02-25 00:00:00+00:00
[2024-02-24T18:51:40.965-0600] {processor.py:183} INFO - Processing /Users/vamseekrishna/Desktop/F1_Data_Warehouse/f1datawarehouse/lib/python3.9/site-packages/airflow/example_dags/example_latest_only.py took 0.069 seconds
[2024-02-24T18:53:40.154-0600] {processor.py:161} INFO - Started process (PID=98282) to work on /Users/vamseekrishna/Desktop/F1_Data_Warehouse/f1datawarehouse/lib/python3.9/site-packages/airflow/example_dags/example_latest_only.py
[2024-02-24T18:53:40.156-0600] {processor.py:830} INFO - Processing file /Users/vamseekrishna/Desktop/F1_Data_Warehouse/f1datawarehouse/lib/python3.9/site-packages/airflow/example_dags/example_latest_only.py for tasks to queue
[2024-02-24T18:53:40.156-0600] {logging_mixin.py:188} INFO - [2024-02-24T18:53:40.156-0600] {dagbag.py:538} INFO - Filling up the DagBag from /Users/vamseekrishna/Desktop/F1_Data_Warehouse/f1datawarehouse/lib/python3.9/site-packages/airflow/example_dags/example_latest_only.py
[2024-02-24T18:53:40.159-0600] {processor.py:840} INFO - DAG(s) 'latest_only' retrieved from /Users/vamseekrishna/Desktop/F1_Data_Warehouse/f1datawarehouse/lib/python3.9/site-packages/airflow/example_dags/example_latest_only.py
[2024-02-24T18:53:40.206-0600] {logging_mixin.py:188} INFO - [2024-02-24T18:53:40.205-0600] {dag.py:3036} INFO - Sync 1 DAGs
[2024-02-24T18:53:40.215-0600] {logging_mixin.py:188} INFO - [2024-02-24T18:53:40.215-0600] {dag.py:3823} INFO - Setting next_dagrun for latest_only to 2024-02-24 20:00:00+00:00, run_after=2024-02-25 00:00:00+00:00
[2024-02-24T18:53:40.223-0600] {processor.py:183} INFO - Processing /Users/vamseekrishna/Desktop/F1_Data_Warehouse/f1datawarehouse/lib/python3.9/site-packages/airflow/example_dags/example_latest_only.py took 0.070 seconds
[2024-02-24T18:55:41.724-0600] {processor.py:161} INFO - Started process (PID=98387) to work on /Users/vamseekrishna/Desktop/F1_Data_Warehouse/f1datawarehouse/lib/python3.9/site-packages/airflow/example_dags/example_latest_only.py
[2024-02-24T18:55:41.726-0600] {processor.py:830} INFO - Processing file /Users/vamseekrishna/Desktop/F1_Data_Warehouse/f1datawarehouse/lib/python3.9/site-packages/airflow/example_dags/example_latest_only.py for tasks to queue
[2024-02-24T18:55:41.727-0600] {logging_mixin.py:188} INFO - [2024-02-24T18:55:41.727-0600] {dagbag.py:538} INFO - Filling up the DagBag from /Users/vamseekrishna/Desktop/F1_Data_Warehouse/f1datawarehouse/lib/python3.9/site-packages/airflow/example_dags/example_latest_only.py
[2024-02-24T18:55:41.730-0600] {processor.py:840} INFO - DAG(s) 'latest_only' retrieved from /Users/vamseekrishna/Desktop/F1_Data_Warehouse/f1datawarehouse/lib/python3.9/site-packages/airflow/example_dags/example_latest_only.py
[2024-02-24T18:55:41.777-0600] {logging_mixin.py:188} INFO - [2024-02-24T18:55:41.776-0600] {dag.py:3036} INFO - Sync 1 DAGs
[2024-02-24T18:55:41.785-0600] {logging_mixin.py:188} INFO - [2024-02-24T18:55:41.785-0600] {dag.py:3823} INFO - Setting next_dagrun for latest_only to 2024-02-24 20:00:00+00:00, run_after=2024-02-25 00:00:00+00:00
[2024-02-24T18:55:41.793-0600] {processor.py:183} INFO - Processing /Users/vamseekrishna/Desktop/F1_Data_Warehouse/f1datawarehouse/lib/python3.9/site-packages/airflow/example_dags/example_latest_only.py took 0.070 seconds
[2024-02-24T18:57:43.401-0600] {processor.py:161} INFO - Started process (PID=98479) to work on /Users/vamseekrishna/Desktop/F1_Data_Warehouse/f1datawarehouse/lib/python3.9/site-packages/airflow/example_dags/example_latest_only.py
[2024-02-24T18:57:43.403-0600] {processor.py:830} INFO - Processing file /Users/vamseekrishna/Desktop/F1_Data_Warehouse/f1datawarehouse/lib/python3.9/site-packages/airflow/example_dags/example_latest_only.py for tasks to queue
[2024-02-24T18:57:43.403-0600] {logging_mixin.py:188} INFO - [2024-02-24T18:57:43.403-0600] {dagbag.py:538} INFO - Filling up the DagBag from /Users/vamseekrishna/Desktop/F1_Data_Warehouse/f1datawarehouse/lib/python3.9/site-packages/airflow/example_dags/example_latest_only.py
[2024-02-24T18:57:43.407-0600] {processor.py:840} INFO - DAG(s) 'latest_only' retrieved from /Users/vamseekrishna/Desktop/F1_Data_Warehouse/f1datawarehouse/lib/python3.9/site-packages/airflow/example_dags/example_latest_only.py
[2024-02-24T18:57:43.454-0600] {logging_mixin.py:188} INFO - [2024-02-24T18:57:43.454-0600] {dag.py:3036} INFO - Sync 1 DAGs
[2024-02-24T18:57:43.463-0600] {logging_mixin.py:188} INFO - [2024-02-24T18:57:43.463-0600] {dag.py:3823} INFO - Setting next_dagrun for latest_only to 2024-02-24 20:00:00+00:00, run_after=2024-02-25 00:00:00+00:00
[2024-02-24T18:57:43.473-0600] {processor.py:183} INFO - Processing /Users/vamseekrishna/Desktop/F1_Data_Warehouse/f1datawarehouse/lib/python3.9/site-packages/airflow/example_dags/example_latest_only.py took 0.073 seconds
[2024-02-24T18:59:42.798-0600] {processor.py:161} INFO - Started process (PID=98593) to work on /Users/vamseekrishna/Desktop/F1_Data_Warehouse/f1datawarehouse/lib/python3.9/site-packages/airflow/example_dags/example_latest_only.py
[2024-02-24T18:59:42.800-0600] {processor.py:830} INFO - Processing file /Users/vamseekrishna/Desktop/F1_Data_Warehouse/f1datawarehouse/lib/python3.9/site-packages/airflow/example_dags/example_latest_only.py for tasks to queue
[2024-02-24T18:59:42.801-0600] {logging_mixin.py:188} INFO - [2024-02-24T18:59:42.801-0600] {dagbag.py:538} INFO - Filling up the DagBag from /Users/vamseekrishna/Desktop/F1_Data_Warehouse/f1datawarehouse/lib/python3.9/site-packages/airflow/example_dags/example_latest_only.py
[2024-02-24T18:59:42.804-0600] {processor.py:840} INFO - DAG(s) 'latest_only' retrieved from /Users/vamseekrishna/Desktop/F1_Data_Warehouse/f1datawarehouse/lib/python3.9/site-packages/airflow/example_dags/example_latest_only.py
[2024-02-24T18:59:42.852-0600] {logging_mixin.py:188} INFO - [2024-02-24T18:59:42.852-0600] {dag.py:3036} INFO - Sync 1 DAGs
[2024-02-24T18:59:42.861-0600] {logging_mixin.py:188} INFO - [2024-02-24T18:59:42.861-0600] {dag.py:3823} INFO - Setting next_dagrun for latest_only to 2024-02-24 20:00:00+00:00, run_after=2024-02-25 00:00:00+00:00
[2024-02-24T18:59:42.869-0600] {processor.py:183} INFO - Processing /Users/vamseekrishna/Desktop/F1_Data_Warehouse/f1datawarehouse/lib/python3.9/site-packages/airflow/example_dags/example_latest_only.py took 0.071 seconds
[2024-02-24T19:01:47.141-0600] {processor.py:161} INFO - Started process (PID=98798) to work on /Users/vamseekrishna/Desktop/F1_Data_Warehouse/f1datawarehouse/lib/python3.9/site-packages/airflow/example_dags/example_latest_only.py
[2024-02-24T19:01:47.143-0600] {processor.py:830} INFO - Processing file /Users/vamseekrishna/Desktop/F1_Data_Warehouse/f1datawarehouse/lib/python3.9/site-packages/airflow/example_dags/example_latest_only.py for tasks to queue
[2024-02-24T19:01:47.143-0600] {logging_mixin.py:188} INFO - [2024-02-24T19:01:47.143-0600] {dagbag.py:538} INFO - Filling up the DagBag from /Users/vamseekrishna/Desktop/F1_Data_Warehouse/f1datawarehouse/lib/python3.9/site-packages/airflow/example_dags/example_latest_only.py
[2024-02-24T19:01:47.147-0600] {processor.py:840} INFO - DAG(s) 'latest_only' retrieved from /Users/vamseekrishna/Desktop/F1_Data_Warehouse/f1datawarehouse/lib/python3.9/site-packages/airflow/example_dags/example_latest_only.py
[2024-02-24T19:01:47.213-0600] {logging_mixin.py:188} INFO - [2024-02-24T19:01:47.213-0600] {dag.py:3036} INFO - Sync 1 DAGs
[2024-02-24T19:01:47.228-0600] {logging_mixin.py:188} INFO - [2024-02-24T19:01:47.228-0600] {dag.py:3823} INFO - Setting next_dagrun for latest_only to 2024-02-24 20:00:00+00:00, run_after=2024-02-25 00:00:00+00:00
[2024-02-24T19:01:47.241-0600] {processor.py:183} INFO - Processing /Users/vamseekrishna/Desktop/F1_Data_Warehouse/f1datawarehouse/lib/python3.9/site-packages/airflow/example_dags/example_latest_only.py took 0.100 seconds
[2024-02-24T19:03:45.238-0600] {processor.py:161} INFO - Started process (PID=98909) to work on /Users/vamseekrishna/Desktop/F1_Data_Warehouse/f1datawarehouse/lib/python3.9/site-packages/airflow/example_dags/example_latest_only.py
[2024-02-24T19:03:45.240-0600] {processor.py:830} INFO - Processing file /Users/vamseekrishna/Desktop/F1_Data_Warehouse/f1datawarehouse/lib/python3.9/site-packages/airflow/example_dags/example_latest_only.py for tasks to queue
[2024-02-24T19:03:45.240-0600] {logging_mixin.py:188} INFO - [2024-02-24T19:03:45.240-0600] {dagbag.py:538} INFO - Filling up the DagBag from /Users/vamseekrishna/Desktop/F1_Data_Warehouse/f1datawarehouse/lib/python3.9/site-packages/airflow/example_dags/example_latest_only.py
[2024-02-24T19:03:45.244-0600] {processor.py:840} INFO - DAG(s) 'latest_only' retrieved from /Users/vamseekrishna/Desktop/F1_Data_Warehouse/f1datawarehouse/lib/python3.9/site-packages/airflow/example_dags/example_latest_only.py
[2024-02-24T19:03:45.292-0600] {logging_mixin.py:188} INFO - [2024-02-24T19:03:45.292-0600] {dag.py:3036} INFO - Sync 1 DAGs
[2024-02-24T19:03:45.301-0600] {logging_mixin.py:188} INFO - [2024-02-24T19:03:45.301-0600] {dag.py:3823} INFO - Setting next_dagrun for latest_only to 2024-02-24 20:00:00+00:00, run_after=2024-02-25 00:00:00+00:00
[2024-02-24T19:03:45.309-0600] {processor.py:183} INFO - Processing /Users/vamseekrishna/Desktop/F1_Data_Warehouse/f1datawarehouse/lib/python3.9/site-packages/airflow/example_dags/example_latest_only.py took 0.071 seconds
[2024-02-24T19:05:37.953-0600] {processor.py:161} INFO - Started process (PID=99008) to work on /Users/vamseekrishna/Desktop/F1_Data_Warehouse/f1datawarehouse/lib/python3.9/site-packages/airflow/example_dags/example_latest_only.py
[2024-02-24T19:05:37.955-0600] {processor.py:830} INFO - Processing file /Users/vamseekrishna/Desktop/F1_Data_Warehouse/f1datawarehouse/lib/python3.9/site-packages/airflow/example_dags/example_latest_only.py for tasks to queue
[2024-02-24T19:05:37.955-0600] {logging_mixin.py:188} INFO - [2024-02-24T19:05:37.955-0600] {dagbag.py:538} INFO - Filling up the DagBag from /Users/vamseekrishna/Desktop/F1_Data_Warehouse/f1datawarehouse/lib/python3.9/site-packages/airflow/example_dags/example_latest_only.py
[2024-02-24T19:05:37.958-0600] {processor.py:840} INFO - DAG(s) 'latest_only' retrieved from /Users/vamseekrishna/Desktop/F1_Data_Warehouse/f1datawarehouse/lib/python3.9/site-packages/airflow/example_dags/example_latest_only.py
[2024-02-24T19:05:38.006-0600] {logging_mixin.py:188} INFO - [2024-02-24T19:05:38.006-0600] {dag.py:3036} INFO - Sync 1 DAGs
[2024-02-24T19:05:38.017-0600] {logging_mixin.py:188} INFO - [2024-02-24T19:05:38.017-0600] {dag.py:3823} INFO - Setting next_dagrun for latest_only to 2024-02-24 20:00:00+00:00, run_after=2024-02-25 00:00:00+00:00
[2024-02-24T19:05:38.025-0600] {processor.py:183} INFO - Processing /Users/vamseekrishna/Desktop/F1_Data_Warehouse/f1datawarehouse/lib/python3.9/site-packages/airflow/example_dags/example_latest_only.py took 0.073 seconds
[2024-02-24T19:07:40.233-0600] {processor.py:161} INFO - Started process (PID=99110) to work on /Users/vamseekrishna/Desktop/F1_Data_Warehouse/f1datawarehouse/lib/python3.9/site-packages/airflow/example_dags/example_latest_only.py
[2024-02-24T19:07:40.236-0600] {processor.py:830} INFO - Processing file /Users/vamseekrishna/Desktop/F1_Data_Warehouse/f1datawarehouse/lib/python3.9/site-packages/airflow/example_dags/example_latest_only.py for tasks to queue
[2024-02-24T19:07:40.236-0600] {logging_mixin.py:188} INFO - [2024-02-24T19:07:40.236-0600] {dagbag.py:538} INFO - Filling up the DagBag from /Users/vamseekrishna/Desktop/F1_Data_Warehouse/f1datawarehouse/lib/python3.9/site-packages/airflow/example_dags/example_latest_only.py
[2024-02-24T19:07:40.240-0600] {processor.py:840} INFO - DAG(s) 'latest_only' retrieved from /Users/vamseekrishna/Desktop/F1_Data_Warehouse/f1datawarehouse/lib/python3.9/site-packages/airflow/example_dags/example_latest_only.py
[2024-02-24T19:07:40.287-0600] {logging_mixin.py:188} INFO - [2024-02-24T19:07:40.287-0600] {dag.py:3036} INFO - Sync 1 DAGs
[2024-02-24T19:07:40.296-0600] {logging_mixin.py:188} INFO - [2024-02-24T19:07:40.296-0600] {dag.py:3823} INFO - Setting next_dagrun for latest_only to 2024-02-24 20:00:00+00:00, run_after=2024-02-25 00:00:00+00:00
[2024-02-24T19:07:40.304-0600] {processor.py:183} INFO - Processing /Users/vamseekrishna/Desktop/F1_Data_Warehouse/f1datawarehouse/lib/python3.9/site-packages/airflow/example_dags/example_latest_only.py took 0.071 seconds
[2024-02-24T19:09:35.473-0600] {processor.py:161} INFO - Started process (PID=99213) to work on /Users/vamseekrishna/Desktop/F1_Data_Warehouse/f1datawarehouse/lib/python3.9/site-packages/airflow/example_dags/example_latest_only.py
[2024-02-24T19:09:35.475-0600] {processor.py:830} INFO - Processing file /Users/vamseekrishna/Desktop/F1_Data_Warehouse/f1datawarehouse/lib/python3.9/site-packages/airflow/example_dags/example_latest_only.py for tasks to queue
[2024-02-24T19:09:35.475-0600] {logging_mixin.py:188} INFO - [2024-02-24T19:09:35.475-0600] {dagbag.py:538} INFO - Filling up the DagBag from /Users/vamseekrishna/Desktop/F1_Data_Warehouse/f1datawarehouse/lib/python3.9/site-packages/airflow/example_dags/example_latest_only.py
[2024-02-24T19:09:35.479-0600] {processor.py:840} INFO - DAG(s) 'latest_only' retrieved from /Users/vamseekrishna/Desktop/F1_Data_Warehouse/f1datawarehouse/lib/python3.9/site-packages/airflow/example_dags/example_latest_only.py
[2024-02-24T19:09:35.526-0600] {logging_mixin.py:188} INFO - [2024-02-24T19:09:35.526-0600] {dag.py:3036} INFO - Sync 1 DAGs
[2024-02-24T19:09:35.536-0600] {logging_mixin.py:188} INFO - [2024-02-24T19:09:35.536-0600] {dag.py:3823} INFO - Setting next_dagrun for latest_only to 2024-02-24 20:00:00+00:00, run_after=2024-02-25 00:00:00+00:00
[2024-02-24T19:09:35.543-0600] {processor.py:183} INFO - Processing /Users/vamseekrishna/Desktop/F1_Data_Warehouse/f1datawarehouse/lib/python3.9/site-packages/airflow/example_dags/example_latest_only.py took 0.071 seconds
[2024-02-24T19:11:31.328-0600] {processor.py:161} INFO - Started process (PID=99311) to work on /Users/vamseekrishna/Desktop/F1_Data_Warehouse/f1datawarehouse/lib/python3.9/site-packages/airflow/example_dags/example_latest_only.py
[2024-02-24T19:11:31.330-0600] {processor.py:830} INFO - Processing file /Users/vamseekrishna/Desktop/F1_Data_Warehouse/f1datawarehouse/lib/python3.9/site-packages/airflow/example_dags/example_latest_only.py for tasks to queue
[2024-02-24T19:11:31.331-0600] {logging_mixin.py:188} INFO - [2024-02-24T19:11:31.331-0600] {dagbag.py:538} INFO - Filling up the DagBag from /Users/vamseekrishna/Desktop/F1_Data_Warehouse/f1datawarehouse/lib/python3.9/site-packages/airflow/example_dags/example_latest_only.py
[2024-02-24T19:11:31.334-0600] {processor.py:840} INFO - DAG(s) 'latest_only' retrieved from /Users/vamseekrishna/Desktop/F1_Data_Warehouse/f1datawarehouse/lib/python3.9/site-packages/airflow/example_dags/example_latest_only.py
[2024-02-24T19:11:31.381-0600] {logging_mixin.py:188} INFO - [2024-02-24T19:11:31.380-0600] {dag.py:3036} INFO - Sync 1 DAGs
[2024-02-24T19:11:31.390-0600] {logging_mixin.py:188} INFO - [2024-02-24T19:11:31.390-0600] {dag.py:3823} INFO - Setting next_dagrun for latest_only to 2024-02-24 20:00:00+00:00, run_after=2024-02-25 00:00:00+00:00
[2024-02-24T19:11:31.397-0600] {processor.py:183} INFO - Processing /Users/vamseekrishna/Desktop/F1_Data_Warehouse/f1datawarehouse/lib/python3.9/site-packages/airflow/example_dags/example_latest_only.py took 0.070 seconds
[2024-02-24T19:13:35.680-0600] {processor.py:161} INFO - Started process (PID=99407) to work on /Users/vamseekrishna/Desktop/F1_Data_Warehouse/f1datawarehouse/lib/python3.9/site-packages/airflow/example_dags/example_latest_only.py
[2024-02-24T19:13:35.682-0600] {processor.py:830} INFO - Processing file /Users/vamseekrishna/Desktop/F1_Data_Warehouse/f1datawarehouse/lib/python3.9/site-packages/airflow/example_dags/example_latest_only.py for tasks to queue
[2024-02-24T19:13:35.682-0600] {logging_mixin.py:188} INFO - [2024-02-24T19:13:35.682-0600] {dagbag.py:538} INFO - Filling up the DagBag from /Users/vamseekrishna/Desktop/F1_Data_Warehouse/f1datawarehouse/lib/python3.9/site-packages/airflow/example_dags/example_latest_only.py
[2024-02-24T19:13:35.685-0600] {processor.py:840} INFO - DAG(s) 'latest_only' retrieved from /Users/vamseekrishna/Desktop/F1_Data_Warehouse/f1datawarehouse/lib/python3.9/site-packages/airflow/example_dags/example_latest_only.py
[2024-02-24T19:13:35.733-0600] {logging_mixin.py:188} INFO - [2024-02-24T19:13:35.733-0600] {dag.py:3036} INFO - Sync 1 DAGs
[2024-02-24T19:13:35.742-0600] {logging_mixin.py:188} INFO - [2024-02-24T19:13:35.742-0600] {dag.py:3823} INFO - Setting next_dagrun for latest_only to 2024-02-24 20:00:00+00:00, run_after=2024-02-25 00:00:00+00:00
[2024-02-24T19:13:35.751-0600] {processor.py:183} INFO - Processing /Users/vamseekrishna/Desktop/F1_Data_Warehouse/f1datawarehouse/lib/python3.9/site-packages/airflow/example_dags/example_latest_only.py took 0.071 seconds
[2024-02-24T19:15:34.489-0600] {processor.py:161} INFO - Started process (PID=99497) to work on /Users/vamseekrishna/Desktop/F1_Data_Warehouse/f1datawarehouse/lib/python3.9/site-packages/airflow/example_dags/example_latest_only.py
[2024-02-24T19:15:34.490-0600] {processor.py:830} INFO - Processing file /Users/vamseekrishna/Desktop/F1_Data_Warehouse/f1datawarehouse/lib/python3.9/site-packages/airflow/example_dags/example_latest_only.py for tasks to queue
[2024-02-24T19:15:34.490-0600] {logging_mixin.py:188} INFO - [2024-02-24T19:15:34.490-0600] {dagbag.py:538} INFO - Filling up the DagBag from /Users/vamseekrishna/Desktop/F1_Data_Warehouse/f1datawarehouse/lib/python3.9/site-packages/airflow/example_dags/example_latest_only.py
[2024-02-24T19:15:34.494-0600] {processor.py:840} INFO - DAG(s) 'latest_only' retrieved from /Users/vamseekrishna/Desktop/F1_Data_Warehouse/f1datawarehouse/lib/python3.9/site-packages/airflow/example_dags/example_latest_only.py
[2024-02-24T19:15:34.545-0600] {logging_mixin.py:188} INFO - [2024-02-24T19:15:34.545-0600] {dag.py:3036} INFO - Sync 1 DAGs
[2024-02-24T19:15:34.554-0600] {logging_mixin.py:188} INFO - [2024-02-24T19:15:34.554-0600] {dag.py:3823} INFO - Setting next_dagrun for latest_only to 2024-02-24 20:00:00+00:00, run_after=2024-02-25 00:00:00+00:00
[2024-02-24T19:15:34.562-0600] {processor.py:183} INFO - Processing /Users/vamseekrishna/Desktop/F1_Data_Warehouse/f1datawarehouse/lib/python3.9/site-packages/airflow/example_dags/example_latest_only.py took 0.074 seconds
[2024-02-24T19:17:39.575-0600] {processor.py:161} INFO - Started process (PID=99611) to work on /Users/vamseekrishna/Desktop/F1_Data_Warehouse/f1datawarehouse/lib/python3.9/site-packages/airflow/example_dags/example_latest_only.py
[2024-02-24T19:17:39.577-0600] {processor.py:830} INFO - Processing file /Users/vamseekrishna/Desktop/F1_Data_Warehouse/f1datawarehouse/lib/python3.9/site-packages/airflow/example_dags/example_latest_only.py for tasks to queue
[2024-02-24T19:17:39.577-0600] {logging_mixin.py:188} INFO - [2024-02-24T19:17:39.577-0600] {dagbag.py:538} INFO - Filling up the DagBag from /Users/vamseekrishna/Desktop/F1_Data_Warehouse/f1datawarehouse/lib/python3.9/site-packages/airflow/example_dags/example_latest_only.py
[2024-02-24T19:17:39.581-0600] {processor.py:840} INFO - DAG(s) 'latest_only' retrieved from /Users/vamseekrishna/Desktop/F1_Data_Warehouse/f1datawarehouse/lib/python3.9/site-packages/airflow/example_dags/example_latest_only.py
[2024-02-24T19:17:39.628-0600] {logging_mixin.py:188} INFO - [2024-02-24T19:17:39.628-0600] {dag.py:3036} INFO - Sync 1 DAGs
[2024-02-24T19:17:39.637-0600] {logging_mixin.py:188} INFO - [2024-02-24T19:17:39.636-0600] {dag.py:3823} INFO - Setting next_dagrun for latest_only to 2024-02-24 20:00:00+00:00, run_after=2024-02-25 00:00:00+00:00
[2024-02-24T19:17:39.644-0600] {processor.py:183} INFO - Processing /Users/vamseekrishna/Desktop/F1_Data_Warehouse/f1datawarehouse/lib/python3.9/site-packages/airflow/example_dags/example_latest_only.py took 0.070 seconds
[2024-02-24T19:19:39.841-0600] {processor.py:161} INFO - Started process (PID=99713) to work on /Users/vamseekrishna/Desktop/F1_Data_Warehouse/f1datawarehouse/lib/python3.9/site-packages/airflow/example_dags/example_latest_only.py
[2024-02-24T19:19:39.844-0600] {processor.py:830} INFO - Processing file /Users/vamseekrishna/Desktop/F1_Data_Warehouse/f1datawarehouse/lib/python3.9/site-packages/airflow/example_dags/example_latest_only.py for tasks to queue
[2024-02-24T19:19:39.844-0600] {logging_mixin.py:188} INFO - [2024-02-24T19:19:39.844-0600] {dagbag.py:538} INFO - Filling up the DagBag from /Users/vamseekrishna/Desktop/F1_Data_Warehouse/f1datawarehouse/lib/python3.9/site-packages/airflow/example_dags/example_latest_only.py
[2024-02-24T19:19:39.848-0600] {processor.py:840} INFO - DAG(s) 'latest_only' retrieved from /Users/vamseekrishna/Desktop/F1_Data_Warehouse/f1datawarehouse/lib/python3.9/site-packages/airflow/example_dags/example_latest_only.py
[2024-02-24T19:19:39.894-0600] {logging_mixin.py:188} INFO - [2024-02-24T19:19:39.893-0600] {dag.py:3036} INFO - Sync 1 DAGs
[2024-02-24T19:19:39.903-0600] {logging_mixin.py:188} INFO - [2024-02-24T19:19:39.903-0600] {dag.py:3823} INFO - Setting next_dagrun for latest_only to 2024-02-24 20:00:00+00:00, run_after=2024-02-25 00:00:00+00:00
[2024-02-24T19:19:39.910-0600] {processor.py:183} INFO - Processing /Users/vamseekrishna/Desktop/F1_Data_Warehouse/f1datawarehouse/lib/python3.9/site-packages/airflow/example_dags/example_latest_only.py took 0.069 seconds
[2024-02-24T19:21:35.575-0600] {processor.py:161} INFO - Started process (PID=99809) to work on /Users/vamseekrishna/Desktop/F1_Data_Warehouse/f1datawarehouse/lib/python3.9/site-packages/airflow/example_dags/example_latest_only.py
[2024-02-24T19:21:35.578-0600] {processor.py:830} INFO - Processing file /Users/vamseekrishna/Desktop/F1_Data_Warehouse/f1datawarehouse/lib/python3.9/site-packages/airflow/example_dags/example_latest_only.py for tasks to queue
[2024-02-24T19:21:35.578-0600] {logging_mixin.py:188} INFO - [2024-02-24T19:21:35.578-0600] {dagbag.py:538} INFO - Filling up the DagBag from /Users/vamseekrishna/Desktop/F1_Data_Warehouse/f1datawarehouse/lib/python3.9/site-packages/airflow/example_dags/example_latest_only.py
[2024-02-24T19:21:35.582-0600] {processor.py:840} INFO - DAG(s) 'latest_only' retrieved from /Users/vamseekrishna/Desktop/F1_Data_Warehouse/f1datawarehouse/lib/python3.9/site-packages/airflow/example_dags/example_latest_only.py
[2024-02-24T19:21:35.634-0600] {logging_mixin.py:188} INFO - [2024-02-24T19:21:35.634-0600] {dag.py:3036} INFO - Sync 1 DAGs
[2024-02-24T19:21:35.646-0600] {logging_mixin.py:188} INFO - [2024-02-24T19:21:35.646-0600] {dag.py:3823} INFO - Setting next_dagrun for latest_only to 2024-02-24 20:00:00+00:00, run_after=2024-02-25 00:00:00+00:00
[2024-02-24T19:21:35.654-0600] {processor.py:183} INFO - Processing /Users/vamseekrishna/Desktop/F1_Data_Warehouse/f1datawarehouse/lib/python3.9/site-packages/airflow/example_dags/example_latest_only.py took 0.080 seconds
[2024-02-24T19:23:37.596-0600] {processor.py:161} INFO - Started process (PID=99908) to work on /Users/vamseekrishna/Desktop/F1_Data_Warehouse/f1datawarehouse/lib/python3.9/site-packages/airflow/example_dags/example_latest_only.py
[2024-02-24T19:23:37.598-0600] {processor.py:830} INFO - Processing file /Users/vamseekrishna/Desktop/F1_Data_Warehouse/f1datawarehouse/lib/python3.9/site-packages/airflow/example_dags/example_latest_only.py for tasks to queue
[2024-02-24T19:23:37.598-0600] {logging_mixin.py:188} INFO - [2024-02-24T19:23:37.598-0600] {dagbag.py:538} INFO - Filling up the DagBag from /Users/vamseekrishna/Desktop/F1_Data_Warehouse/f1datawarehouse/lib/python3.9/site-packages/airflow/example_dags/example_latest_only.py
[2024-02-24T19:23:37.602-0600] {processor.py:840} INFO - DAG(s) 'latest_only' retrieved from /Users/vamseekrishna/Desktop/F1_Data_Warehouse/f1datawarehouse/lib/python3.9/site-packages/airflow/example_dags/example_latest_only.py
[2024-02-24T19:23:37.648-0600] {logging_mixin.py:188} INFO - [2024-02-24T19:23:37.648-0600] {dag.py:3036} INFO - Sync 1 DAGs
[2024-02-24T19:23:37.657-0600] {logging_mixin.py:188} INFO - [2024-02-24T19:23:37.657-0600] {dag.py:3823} INFO - Setting next_dagrun for latest_only to 2024-02-24 20:00:00+00:00, run_after=2024-02-25 00:00:00+00:00
[2024-02-24T19:23:37.665-0600] {processor.py:183} INFO - Processing /Users/vamseekrishna/Desktop/F1_Data_Warehouse/f1datawarehouse/lib/python3.9/site-packages/airflow/example_dags/example_latest_only.py took 0.069 seconds
[2024-02-24T19:25:38.102-0600] {processor.py:161} INFO - Started process (PID=114) to work on /Users/vamseekrishna/Desktop/F1_Data_Warehouse/f1datawarehouse/lib/python3.9/site-packages/airflow/example_dags/example_latest_only.py
[2024-02-24T19:25:38.104-0600] {processor.py:830} INFO - Processing file /Users/vamseekrishna/Desktop/F1_Data_Warehouse/f1datawarehouse/lib/python3.9/site-packages/airflow/example_dags/example_latest_only.py for tasks to queue
[2024-02-24T19:25:38.104-0600] {logging_mixin.py:188} INFO - [2024-02-24T19:25:38.104-0600] {dagbag.py:538} INFO - Filling up the DagBag from /Users/vamseekrishna/Desktop/F1_Data_Warehouse/f1datawarehouse/lib/python3.9/site-packages/airflow/example_dags/example_latest_only.py
[2024-02-24T19:25:38.107-0600] {processor.py:840} INFO - DAG(s) 'latest_only' retrieved from /Users/vamseekrishna/Desktop/F1_Data_Warehouse/f1datawarehouse/lib/python3.9/site-packages/airflow/example_dags/example_latest_only.py
[2024-02-24T19:25:38.154-0600] {logging_mixin.py:188} INFO - [2024-02-24T19:25:38.154-0600] {dag.py:3036} INFO - Sync 1 DAGs
[2024-02-24T19:25:38.163-0600] {logging_mixin.py:188} INFO - [2024-02-24T19:25:38.163-0600] {dag.py:3823} INFO - Setting next_dagrun for latest_only to 2024-02-24 20:00:00+00:00, run_after=2024-02-25 00:00:00+00:00
[2024-02-24T19:25:38.173-0600] {processor.py:183} INFO - Processing /Users/vamseekrishna/Desktop/F1_Data_Warehouse/f1datawarehouse/lib/python3.9/site-packages/airflow/example_dags/example_latest_only.py took 0.072 seconds
[2024-02-24T19:27:55.397-0600] {processor.py:161} INFO - Started process (PID=258) to work on /Users/vamseekrishna/Desktop/F1_Data_Warehouse/f1datawarehouse/lib/python3.9/site-packages/airflow/example_dags/example_latest_only.py
[2024-02-24T19:27:55.399-0600] {processor.py:830} INFO - Processing file /Users/vamseekrishna/Desktop/F1_Data_Warehouse/f1datawarehouse/lib/python3.9/site-packages/airflow/example_dags/example_latest_only.py for tasks to queue
[2024-02-24T19:27:55.399-0600] {logging_mixin.py:188} INFO - [2024-02-24T19:27:55.399-0600] {dagbag.py:538} INFO - Filling up the DagBag from /Users/vamseekrishna/Desktop/F1_Data_Warehouse/f1datawarehouse/lib/python3.9/site-packages/airflow/example_dags/example_latest_only.py
[2024-02-24T19:27:55.404-0600] {processor.py:840} INFO - DAG(s) 'latest_only' retrieved from /Users/vamseekrishna/Desktop/F1_Data_Warehouse/f1datawarehouse/lib/python3.9/site-packages/airflow/example_dags/example_latest_only.py
[2024-02-24T19:27:55.452-0600] {logging_mixin.py:188} INFO - [2024-02-24T19:27:55.451-0600] {dag.py:3036} INFO - Sync 1 DAGs
[2024-02-24T19:27:55.460-0600] {logging_mixin.py:188} INFO - [2024-02-24T19:27:55.460-0600] {dag.py:3823} INFO - Setting next_dagrun for latest_only to 2024-02-24 20:00:00+00:00, run_after=2024-02-25 00:00:00+00:00
[2024-02-24T19:27:55.468-0600] {processor.py:183} INFO - Processing /Users/vamseekrishna/Desktop/F1_Data_Warehouse/f1datawarehouse/lib/python3.9/site-packages/airflow/example_dags/example_latest_only.py took 0.072 seconds
[2024-02-24T19:29:59.041-0600] {processor.py:161} INFO - Started process (PID=359) to work on /Users/vamseekrishna/Desktop/F1_Data_Warehouse/f1datawarehouse/lib/python3.9/site-packages/airflow/example_dags/example_latest_only.py
[2024-02-24T19:29:59.043-0600] {processor.py:830} INFO - Processing file /Users/vamseekrishna/Desktop/F1_Data_Warehouse/f1datawarehouse/lib/python3.9/site-packages/airflow/example_dags/example_latest_only.py for tasks to queue
[2024-02-24T19:29:59.044-0600] {logging_mixin.py:188} INFO - [2024-02-24T19:29:59.044-0600] {dagbag.py:538} INFO - Filling up the DagBag from /Users/vamseekrishna/Desktop/F1_Data_Warehouse/f1datawarehouse/lib/python3.9/site-packages/airflow/example_dags/example_latest_only.py
[2024-02-24T19:29:59.047-0600] {processor.py:840} INFO - DAG(s) 'latest_only' retrieved from /Users/vamseekrishna/Desktop/F1_Data_Warehouse/f1datawarehouse/lib/python3.9/site-packages/airflow/example_dags/example_latest_only.py
[2024-02-24T19:29:59.094-0600] {logging_mixin.py:188} INFO - [2024-02-24T19:29:59.094-0600] {dag.py:3036} INFO - Sync 1 DAGs
[2024-02-24T19:29:59.103-0600] {logging_mixin.py:188} INFO - [2024-02-24T19:29:59.103-0600] {dag.py:3823} INFO - Setting next_dagrun for latest_only to 2024-02-24 20:00:00+00:00, run_after=2024-02-25 00:00:00+00:00
[2024-02-24T19:29:59.110-0600] {processor.py:183} INFO - Processing /Users/vamseekrishna/Desktop/F1_Data_Warehouse/f1datawarehouse/lib/python3.9/site-packages/airflow/example_dags/example_latest_only.py took 0.069 seconds
[2024-02-24T19:32:06.767-0600] {processor.py:161} INFO - Started process (PID=474) to work on /Users/vamseekrishna/Desktop/F1_Data_Warehouse/f1datawarehouse/lib/python3.9/site-packages/airflow/example_dags/example_latest_only.py
[2024-02-24T19:32:06.769-0600] {processor.py:830} INFO - Processing file /Users/vamseekrishna/Desktop/F1_Data_Warehouse/f1datawarehouse/lib/python3.9/site-packages/airflow/example_dags/example_latest_only.py for tasks to queue
[2024-02-24T19:32:06.769-0600] {logging_mixin.py:188} INFO - [2024-02-24T19:32:06.769-0600] {dagbag.py:538} INFO - Filling up the DagBag from /Users/vamseekrishna/Desktop/F1_Data_Warehouse/f1datawarehouse/lib/python3.9/site-packages/airflow/example_dags/example_latest_only.py
[2024-02-24T19:32:06.773-0600] {processor.py:840} INFO - DAG(s) 'latest_only' retrieved from /Users/vamseekrishna/Desktop/F1_Data_Warehouse/f1datawarehouse/lib/python3.9/site-packages/airflow/example_dags/example_latest_only.py
[2024-02-24T19:32:06.828-0600] {logging_mixin.py:188} INFO - [2024-02-24T19:32:06.828-0600] {dag.py:3036} INFO - Sync 1 DAGs
[2024-02-24T19:32:06.838-0600] {logging_mixin.py:188} INFO - [2024-02-24T19:32:06.838-0600] {dag.py:3823} INFO - Setting next_dagrun for latest_only to 2024-02-24 20:00:00+00:00, run_after=2024-02-25 00:00:00+00:00
[2024-02-24T19:32:06.846-0600] {processor.py:183} INFO - Processing /Users/vamseekrishna/Desktop/F1_Data_Warehouse/f1datawarehouse/lib/python3.9/site-packages/airflow/example_dags/example_latest_only.py took 0.080 seconds
[2024-02-24T19:34:07.511-0600] {processor.py:161} INFO - Started process (PID=629) to work on /Users/vamseekrishna/Desktop/F1_Data_Warehouse/f1datawarehouse/lib/python3.9/site-packages/airflow/example_dags/example_latest_only.py
[2024-02-24T19:34:07.513-0600] {processor.py:830} INFO - Processing file /Users/vamseekrishna/Desktop/F1_Data_Warehouse/f1datawarehouse/lib/python3.9/site-packages/airflow/example_dags/example_latest_only.py for tasks to queue
[2024-02-24T19:34:07.513-0600] {logging_mixin.py:188} INFO - [2024-02-24T19:34:07.513-0600] {dagbag.py:538} INFO - Filling up the DagBag from /Users/vamseekrishna/Desktop/F1_Data_Warehouse/f1datawarehouse/lib/python3.9/site-packages/airflow/example_dags/example_latest_only.py
[2024-02-24T19:34:07.517-0600] {processor.py:840} INFO - DAG(s) 'latest_only' retrieved from /Users/vamseekrishna/Desktop/F1_Data_Warehouse/f1datawarehouse/lib/python3.9/site-packages/airflow/example_dags/example_latest_only.py
[2024-02-24T19:34:07.565-0600] {logging_mixin.py:188} INFO - [2024-02-24T19:34:07.565-0600] {dag.py:3036} INFO - Sync 1 DAGs
[2024-02-24T19:34:07.574-0600] {logging_mixin.py:188} INFO - [2024-02-24T19:34:07.574-0600] {dag.py:3823} INFO - Setting next_dagrun for latest_only to 2024-02-24 20:00:00+00:00, run_after=2024-02-25 00:00:00+00:00
[2024-02-24T19:34:07.581-0600] {processor.py:183} INFO - Processing /Users/vamseekrishna/Desktop/F1_Data_Warehouse/f1datawarehouse/lib/python3.9/site-packages/airflow/example_dags/example_latest_only.py took 0.071 seconds
[2024-02-24T19:36:17.580-0600] {processor.py:161} INFO - Started process (PID=779) to work on /Users/vamseekrishna/Desktop/F1_Data_Warehouse/f1datawarehouse/lib/python3.9/site-packages/airflow/example_dags/example_latest_only.py
[2024-02-24T19:36:17.582-0600] {processor.py:830} INFO - Processing file /Users/vamseekrishna/Desktop/F1_Data_Warehouse/f1datawarehouse/lib/python3.9/site-packages/airflow/example_dags/example_latest_only.py for tasks to queue
[2024-02-24T19:36:17.582-0600] {logging_mixin.py:188} INFO - [2024-02-24T19:36:17.582-0600] {dagbag.py:538} INFO - Filling up the DagBag from /Users/vamseekrishna/Desktop/F1_Data_Warehouse/f1datawarehouse/lib/python3.9/site-packages/airflow/example_dags/example_latest_only.py
[2024-02-24T19:36:17.587-0600] {processor.py:840} INFO - DAG(s) 'latest_only' retrieved from /Users/vamseekrishna/Desktop/F1_Data_Warehouse/f1datawarehouse/lib/python3.9/site-packages/airflow/example_dags/example_latest_only.py
[2024-02-24T19:36:17.637-0600] {logging_mixin.py:188} INFO - [2024-02-24T19:36:17.637-0600] {dag.py:3036} INFO - Sync 1 DAGs
[2024-02-24T19:36:17.646-0600] {logging_mixin.py:188} INFO - [2024-02-24T19:36:17.646-0600] {dag.py:3823} INFO - Setting next_dagrun for latest_only to 2024-02-24 20:00:00+00:00, run_after=2024-02-25 00:00:00+00:00
[2024-02-24T19:36:17.654-0600] {processor.py:183} INFO - Processing /Users/vamseekrishna/Desktop/F1_Data_Warehouse/f1datawarehouse/lib/python3.9/site-packages/airflow/example_dags/example_latest_only.py took 0.075 seconds
[2024-02-24T19:38:28.463-0600] {processor.py:161} INFO - Started process (PID=912) to work on /Users/vamseekrishna/Desktop/F1_Data_Warehouse/f1datawarehouse/lib/python3.9/site-packages/airflow/example_dags/example_latest_only.py
[2024-02-24T19:38:28.465-0600] {processor.py:830} INFO - Processing file /Users/vamseekrishna/Desktop/F1_Data_Warehouse/f1datawarehouse/lib/python3.9/site-packages/airflow/example_dags/example_latest_only.py for tasks to queue
[2024-02-24T19:38:28.466-0600] {logging_mixin.py:188} INFO - [2024-02-24T19:38:28.465-0600] {dagbag.py:538} INFO - Filling up the DagBag from /Users/vamseekrishna/Desktop/F1_Data_Warehouse/f1datawarehouse/lib/python3.9/site-packages/airflow/example_dags/example_latest_only.py
[2024-02-24T19:38:28.469-0600] {processor.py:840} INFO - DAG(s) 'latest_only' retrieved from /Users/vamseekrishna/Desktop/F1_Data_Warehouse/f1datawarehouse/lib/python3.9/site-packages/airflow/example_dags/example_latest_only.py
[2024-02-24T19:38:28.517-0600] {logging_mixin.py:188} INFO - [2024-02-24T19:38:28.517-0600] {dag.py:3036} INFO - Sync 1 DAGs
[2024-02-24T19:38:28.526-0600] {logging_mixin.py:188} INFO - [2024-02-24T19:38:28.526-0600] {dag.py:3823} INFO - Setting next_dagrun for latest_only to 2024-02-24 20:00:00+00:00, run_after=2024-02-25 00:00:00+00:00
[2024-02-24T19:38:28.535-0600] {processor.py:183} INFO - Processing /Users/vamseekrishna/Desktop/F1_Data_Warehouse/f1datawarehouse/lib/python3.9/site-packages/airflow/example_dags/example_latest_only.py took 0.072 seconds
[2024-02-24T19:40:32.484-0600] {processor.py:161} INFO - Started process (PID=1056) to work on /Users/vamseekrishna/Desktop/F1_Data_Warehouse/f1datawarehouse/lib/python3.9/site-packages/airflow/example_dags/example_latest_only.py
[2024-02-24T19:40:32.486-0600] {processor.py:830} INFO - Processing file /Users/vamseekrishna/Desktop/F1_Data_Warehouse/f1datawarehouse/lib/python3.9/site-packages/airflow/example_dags/example_latest_only.py for tasks to queue
[2024-02-24T19:40:32.486-0600] {logging_mixin.py:188} INFO - [2024-02-24T19:40:32.486-0600] {dagbag.py:538} INFO - Filling up the DagBag from /Users/vamseekrishna/Desktop/F1_Data_Warehouse/f1datawarehouse/lib/python3.9/site-packages/airflow/example_dags/example_latest_only.py
[2024-02-24T19:40:32.490-0600] {processor.py:840} INFO - DAG(s) 'latest_only' retrieved from /Users/vamseekrishna/Desktop/F1_Data_Warehouse/f1datawarehouse/lib/python3.9/site-packages/airflow/example_dags/example_latest_only.py
[2024-02-24T19:40:32.537-0600] {logging_mixin.py:188} INFO - [2024-02-24T19:40:32.537-0600] {dag.py:3036} INFO - Sync 1 DAGs
[2024-02-24T19:40:32.546-0600] {logging_mixin.py:188} INFO - [2024-02-24T19:40:32.546-0600] {dag.py:3823} INFO - Setting next_dagrun for latest_only to 2024-02-24 20:00:00+00:00, run_after=2024-02-25 00:00:00+00:00
[2024-02-24T19:40:32.554-0600] {processor.py:183} INFO - Processing /Users/vamseekrishna/Desktop/F1_Data_Warehouse/f1datawarehouse/lib/python3.9/site-packages/airflow/example_dags/example_latest_only.py took 0.070 seconds
[2024-02-24T19:42:39.121-0600] {processor.py:161} INFO - Started process (PID=1223) to work on /Users/vamseekrishna/Desktop/F1_Data_Warehouse/f1datawarehouse/lib/python3.9/site-packages/airflow/example_dags/example_latest_only.py
[2024-02-24T19:42:39.123-0600] {processor.py:830} INFO - Processing file /Users/vamseekrishna/Desktop/F1_Data_Warehouse/f1datawarehouse/lib/python3.9/site-packages/airflow/example_dags/example_latest_only.py for tasks to queue
[2024-02-24T19:42:39.124-0600] {logging_mixin.py:188} INFO - [2024-02-24T19:42:39.124-0600] {dagbag.py:538} INFO - Filling up the DagBag from /Users/vamseekrishna/Desktop/F1_Data_Warehouse/f1datawarehouse/lib/python3.9/site-packages/airflow/example_dags/example_latest_only.py
[2024-02-24T19:42:39.128-0600] {processor.py:840} INFO - DAG(s) 'latest_only' retrieved from /Users/vamseekrishna/Desktop/F1_Data_Warehouse/f1datawarehouse/lib/python3.9/site-packages/airflow/example_dags/example_latest_only.py
[2024-02-24T19:42:39.175-0600] {logging_mixin.py:188} INFO - [2024-02-24T19:42:39.175-0600] {dag.py:3036} INFO - Sync 1 DAGs
[2024-02-24T19:42:39.183-0600] {logging_mixin.py:188} INFO - [2024-02-24T19:42:39.183-0600] {dag.py:3823} INFO - Setting next_dagrun for latest_only to 2024-02-24 20:00:00+00:00, run_after=2024-02-25 00:00:00+00:00
[2024-02-24T19:42:39.191-0600] {processor.py:183} INFO - Processing /Users/vamseekrishna/Desktop/F1_Data_Warehouse/f1datawarehouse/lib/python3.9/site-packages/airflow/example_dags/example_latest_only.py took 0.071 seconds
[2024-02-24T19:45:13.615-0600] {processor.py:161} INFO - Started process (PID=1546) to work on /Users/vamseekrishna/Desktop/F1_Data_Warehouse/f1datawarehouse/lib/python3.9/site-packages/airflow/example_dags/example_latest_only.py
[2024-02-24T19:45:13.617-0600] {processor.py:830} INFO - Processing file /Users/vamseekrishna/Desktop/F1_Data_Warehouse/f1datawarehouse/lib/python3.9/site-packages/airflow/example_dags/example_latest_only.py for tasks to queue
[2024-02-24T19:45:13.618-0600] {logging_mixin.py:188} INFO - [2024-02-24T19:45:13.618-0600] {dagbag.py:538} INFO - Filling up the DagBag from /Users/vamseekrishna/Desktop/F1_Data_Warehouse/f1datawarehouse/lib/python3.9/site-packages/airflow/example_dags/example_latest_only.py
[2024-02-24T19:45:13.622-0600] {processor.py:840} INFO - DAG(s) 'latest_only' retrieved from /Users/vamseekrishna/Desktop/F1_Data_Warehouse/f1datawarehouse/lib/python3.9/site-packages/airflow/example_dags/example_latest_only.py
[2024-02-24T19:45:13.677-0600] {logging_mixin.py:188} INFO - [2024-02-24T19:45:13.676-0600] {dag.py:3036} INFO - Sync 1 DAGs
[2024-02-24T19:45:13.782-0600] {logging_mixin.py:188} INFO - [2024-02-24T19:45:13.780-0600] {dag.py:3823} INFO - Setting next_dagrun for latest_only to 2024-02-24 20:00:00+00:00, run_after=2024-02-25 00:00:00+00:00
[2024-02-24T19:45:13.965-0600] {processor.py:183} INFO - Processing /Users/vamseekrishna/Desktop/F1_Data_Warehouse/f1datawarehouse/lib/python3.9/site-packages/airflow/example_dags/example_latest_only.py took 0.351 seconds
[2024-02-24T19:47:38.171-0600] {processor.py:161} INFO - Started process (PID=1759) to work on /Users/vamseekrishna/Desktop/F1_Data_Warehouse/f1datawarehouse/lib/python3.9/site-packages/airflow/example_dags/example_latest_only.py
[2024-02-24T19:47:38.173-0600] {processor.py:830} INFO - Processing file /Users/vamseekrishna/Desktop/F1_Data_Warehouse/f1datawarehouse/lib/python3.9/site-packages/airflow/example_dags/example_latest_only.py for tasks to queue
[2024-02-24T19:47:38.173-0600] {logging_mixin.py:188} INFO - [2024-02-24T19:47:38.173-0600] {dagbag.py:538} INFO - Filling up the DagBag from /Users/vamseekrishna/Desktop/F1_Data_Warehouse/f1datawarehouse/lib/python3.9/site-packages/airflow/example_dags/example_latest_only.py
[2024-02-24T19:47:38.177-0600] {processor.py:840} INFO - DAG(s) 'latest_only' retrieved from /Users/vamseekrishna/Desktop/F1_Data_Warehouse/f1datawarehouse/lib/python3.9/site-packages/airflow/example_dags/example_latest_only.py
[2024-02-24T19:47:38.227-0600] {logging_mixin.py:188} INFO - [2024-02-24T19:47:38.227-0600] {dag.py:3036} INFO - Sync 1 DAGs
[2024-02-24T19:47:38.235-0600] {logging_mixin.py:188} INFO - [2024-02-24T19:47:38.235-0600] {dag.py:3823} INFO - Setting next_dagrun for latest_only to 2024-02-24 20:00:00+00:00, run_after=2024-02-25 00:00:00+00:00
[2024-02-24T19:47:38.243-0600] {processor.py:183} INFO - Processing /Users/vamseekrishna/Desktop/F1_Data_Warehouse/f1datawarehouse/lib/python3.9/site-packages/airflow/example_dags/example_latest_only.py took 0.073 seconds
[2024-02-24T19:49:52.973-0600] {processor.py:161} INFO - Started process (PID=1933) to work on /Users/vamseekrishna/Desktop/F1_Data_Warehouse/f1datawarehouse/lib/python3.9/site-packages/airflow/example_dags/example_latest_only.py
[2024-02-24T19:49:52.974-0600] {processor.py:830} INFO - Processing file /Users/vamseekrishna/Desktop/F1_Data_Warehouse/f1datawarehouse/lib/python3.9/site-packages/airflow/example_dags/example_latest_only.py for tasks to queue
[2024-02-24T19:49:52.975-0600] {logging_mixin.py:188} INFO - [2024-02-24T19:49:52.975-0600] {dagbag.py:538} INFO - Filling up the DagBag from /Users/vamseekrishna/Desktop/F1_Data_Warehouse/f1datawarehouse/lib/python3.9/site-packages/airflow/example_dags/example_latest_only.py
[2024-02-24T19:49:52.979-0600] {processor.py:840} INFO - DAG(s) 'latest_only' retrieved from /Users/vamseekrishna/Desktop/F1_Data_Warehouse/f1datawarehouse/lib/python3.9/site-packages/airflow/example_dags/example_latest_only.py
[2024-02-24T19:49:53.035-0600] {logging_mixin.py:188} INFO - [2024-02-24T19:49:53.034-0600] {dag.py:3036} INFO - Sync 1 DAGs
[2024-02-24T19:49:53.044-0600] {logging_mixin.py:188} INFO - [2024-02-24T19:49:53.044-0600] {dag.py:3823} INFO - Setting next_dagrun for latest_only to 2024-02-24 20:00:00+00:00, run_after=2024-02-25 00:00:00+00:00
[2024-02-24T19:49:53.053-0600] {processor.py:183} INFO - Processing /Users/vamseekrishna/Desktop/F1_Data_Warehouse/f1datawarehouse/lib/python3.9/site-packages/airflow/example_dags/example_latest_only.py took 0.080 seconds
