[2024-02-24T18:02:56.151-0600] {processor.py:161} INFO - Started process (PID=95666) to work on /Users/vamseekrishna/Desktop/F1_Data_Warehouse/f1datawarehouse/lib/python3.9/site-packages/airflow/example_dags/example_setup_teardown.py
[2024-02-24T18:02:56.152-0600] {processor.py:830} INFO - Processing file /Users/vamseekrishna/Desktop/F1_Data_Warehouse/f1datawarehouse/lib/python3.9/site-packages/airflow/example_dags/example_setup_teardown.py for tasks to queue
[2024-02-24T18:02:56.152-0600] {logging_mixin.py:188} INFO - [2024-02-24T18:02:56.152-0600] {dagbag.py:538} INFO - Filling up the DagBag from /Users/vamseekrishna/Desktop/F1_Data_Warehouse/f1datawarehouse/lib/python3.9/site-packages/airflow/example_dags/example_setup_teardown.py
[2024-02-24T18:02:56.156-0600] {processor.py:840} INFO - DAG(s) 'example_setup_teardown' retrieved from /Users/vamseekrishna/Desktop/F1_Data_Warehouse/f1datawarehouse/lib/python3.9/site-packages/airflow/example_dags/example_setup_teardown.py
[2024-02-24T18:02:56.202-0600] {logging_mixin.py:188} INFO - [2024-02-24T18:02:56.202-0600] {dag.py:3036} INFO - Sync 1 DAGs
[2024-02-24T18:02:56.211-0600] {logging_mixin.py:188} INFO - [2024-02-24T18:02:56.211-0600] {dag.py:3823} INFO - Setting next_dagrun for example_setup_teardown to 2024-02-24 00:00:00+00:00, run_after=2024-02-25 00:00:00+00:00
[2024-02-24T18:02:56.218-0600] {processor.py:183} INFO - Processing /Users/vamseekrishna/Desktop/F1_Data_Warehouse/f1datawarehouse/lib/python3.9/site-packages/airflow/example_dags/example_setup_teardown.py took 0.068 seconds
[2024-02-24T18:04:20.250-0600] {processor.py:161} INFO - Started process (PID=95761) to work on /Users/vamseekrishna/Desktop/F1_Data_Warehouse/f1datawarehouse/lib/python3.9/site-packages/airflow/example_dags/example_setup_teardown.py
[2024-02-24T18:04:20.252-0600] {processor.py:830} INFO - Processing file /Users/vamseekrishna/Desktop/F1_Data_Warehouse/f1datawarehouse/lib/python3.9/site-packages/airflow/example_dags/example_setup_teardown.py for tasks to queue
[2024-02-24T18:04:20.252-0600] {logging_mixin.py:188} INFO - [2024-02-24T18:04:20.252-0600] {dagbag.py:538} INFO - Filling up the DagBag from /Users/vamseekrishna/Desktop/F1_Data_Warehouse/f1datawarehouse/lib/python3.9/site-packages/airflow/example_dags/example_setup_teardown.py
[2024-02-24T18:04:20.256-0600] {processor.py:840} INFO - DAG(s) 'example_setup_teardown' retrieved from /Users/vamseekrishna/Desktop/F1_Data_Warehouse/f1datawarehouse/lib/python3.9/site-packages/airflow/example_dags/example_setup_teardown.py
[2024-02-24T18:04:20.303-0600] {logging_mixin.py:188} INFO - [2024-02-24T18:04:20.303-0600] {dag.py:3036} INFO - Sync 1 DAGs
[2024-02-24T18:04:20.312-0600] {logging_mixin.py:188} INFO - [2024-02-24T18:04:20.312-0600] {dag.py:3823} INFO - Setting next_dagrun for example_setup_teardown to 2024-02-24 00:00:00+00:00, run_after=2024-02-25 00:00:00+00:00
[2024-02-24T18:04:20.319-0600] {processor.py:183} INFO - Processing /Users/vamseekrishna/Desktop/F1_Data_Warehouse/f1datawarehouse/lib/python3.9/site-packages/airflow/example_dags/example_setup_teardown.py took 0.069 seconds
[2024-02-24T18:06:35.168-0600] {processor.py:161} INFO - Started process (PID=95921) to work on /Users/vamseekrishna/Desktop/F1_Data_Warehouse/f1datawarehouse/lib/python3.9/site-packages/airflow/example_dags/example_setup_teardown.py
[2024-02-24T18:06:35.170-0600] {processor.py:830} INFO - Processing file /Users/vamseekrishna/Desktop/F1_Data_Warehouse/f1datawarehouse/lib/python3.9/site-packages/airflow/example_dags/example_setup_teardown.py for tasks to queue
[2024-02-24T18:06:35.170-0600] {logging_mixin.py:188} INFO - [2024-02-24T18:06:35.170-0600] {dagbag.py:538} INFO - Filling up the DagBag from /Users/vamseekrishna/Desktop/F1_Data_Warehouse/f1datawarehouse/lib/python3.9/site-packages/airflow/example_dags/example_setup_teardown.py
[2024-02-24T18:06:35.174-0600] {processor.py:840} INFO - DAG(s) 'example_setup_teardown' retrieved from /Users/vamseekrishna/Desktop/F1_Data_Warehouse/f1datawarehouse/lib/python3.9/site-packages/airflow/example_dags/example_setup_teardown.py
[2024-02-24T18:06:35.221-0600] {logging_mixin.py:188} INFO - [2024-02-24T18:06:35.221-0600] {dag.py:3036} INFO - Sync 1 DAGs
[2024-02-24T18:06:35.230-0600] {logging_mixin.py:188} INFO - [2024-02-24T18:06:35.230-0600] {dag.py:3823} INFO - Setting next_dagrun for example_setup_teardown to 2024-02-24 00:00:00+00:00, run_after=2024-02-25 00:00:00+00:00
[2024-02-24T18:06:35.238-0600] {processor.py:183} INFO - Processing /Users/vamseekrishna/Desktop/F1_Data_Warehouse/f1datawarehouse/lib/python3.9/site-packages/airflow/example_dags/example_setup_teardown.py took 0.070 seconds
[2024-02-24T18:08:29.025-0600] {processor.py:161} INFO - Started process (PID=96022) to work on /Users/vamseekrishna/Desktop/F1_Data_Warehouse/f1datawarehouse/lib/python3.9/site-packages/airflow/example_dags/example_setup_teardown.py
[2024-02-24T18:08:29.027-0600] {processor.py:830} INFO - Processing file /Users/vamseekrishna/Desktop/F1_Data_Warehouse/f1datawarehouse/lib/python3.9/site-packages/airflow/example_dags/example_setup_teardown.py for tasks to queue
[2024-02-24T18:08:29.027-0600] {logging_mixin.py:188} INFO - [2024-02-24T18:08:29.027-0600] {dagbag.py:538} INFO - Filling up the DagBag from /Users/vamseekrishna/Desktop/F1_Data_Warehouse/f1datawarehouse/lib/python3.9/site-packages/airflow/example_dags/example_setup_teardown.py
[2024-02-24T18:08:29.030-0600] {processor.py:840} INFO - DAG(s) 'example_setup_teardown' retrieved from /Users/vamseekrishna/Desktop/F1_Data_Warehouse/f1datawarehouse/lib/python3.9/site-packages/airflow/example_dags/example_setup_teardown.py
[2024-02-24T18:08:29.078-0600] {logging_mixin.py:188} INFO - [2024-02-24T18:08:29.078-0600] {dag.py:3036} INFO - Sync 1 DAGs
[2024-02-24T18:08:29.087-0600] {logging_mixin.py:188} INFO - [2024-02-24T18:08:29.087-0600] {dag.py:3823} INFO - Setting next_dagrun for example_setup_teardown to 2024-02-24 00:00:00+00:00, run_after=2024-02-25 00:00:00+00:00
[2024-02-24T18:08:29.095-0600] {processor.py:183} INFO - Processing /Users/vamseekrishna/Desktop/F1_Data_Warehouse/f1datawarehouse/lib/python3.9/site-packages/airflow/example_dags/example_setup_teardown.py took 0.071 seconds
[2024-02-24T18:10:25.474-0600] {processor.py:161} INFO - Started process (PID=96118) to work on /Users/vamseekrishna/Desktop/F1_Data_Warehouse/f1datawarehouse/lib/python3.9/site-packages/airflow/example_dags/example_setup_teardown.py
[2024-02-24T18:10:25.477-0600] {processor.py:830} INFO - Processing file /Users/vamseekrishna/Desktop/F1_Data_Warehouse/f1datawarehouse/lib/python3.9/site-packages/airflow/example_dags/example_setup_teardown.py for tasks to queue
[2024-02-24T18:10:25.477-0600] {logging_mixin.py:188} INFO - [2024-02-24T18:10:25.477-0600] {dagbag.py:538} INFO - Filling up the DagBag from /Users/vamseekrishna/Desktop/F1_Data_Warehouse/f1datawarehouse/lib/python3.9/site-packages/airflow/example_dags/example_setup_teardown.py
[2024-02-24T18:10:25.483-0600] {processor.py:840} INFO - DAG(s) 'example_setup_teardown' retrieved from /Users/vamseekrishna/Desktop/F1_Data_Warehouse/f1datawarehouse/lib/python3.9/site-packages/airflow/example_dags/example_setup_teardown.py
[2024-02-24T18:10:25.534-0600] {logging_mixin.py:188} INFO - [2024-02-24T18:10:25.534-0600] {dag.py:3036} INFO - Sync 1 DAGs
[2024-02-24T18:10:25.543-0600] {logging_mixin.py:188} INFO - [2024-02-24T18:10:25.543-0600] {dag.py:3823} INFO - Setting next_dagrun for example_setup_teardown to 2024-02-24 00:00:00+00:00, run_after=2024-02-25 00:00:00+00:00
[2024-02-24T18:10:25.550-0600] {processor.py:183} INFO - Processing /Users/vamseekrishna/Desktop/F1_Data_Warehouse/f1datawarehouse/lib/python3.9/site-packages/airflow/example_dags/example_setup_teardown.py took 0.078 seconds
[2024-02-24T18:12:26.616-0600] {processor.py:161} INFO - Started process (PID=96220) to work on /Users/vamseekrishna/Desktop/F1_Data_Warehouse/f1datawarehouse/lib/python3.9/site-packages/airflow/example_dags/example_setup_teardown.py
[2024-02-24T18:12:26.617-0600] {processor.py:830} INFO - Processing file /Users/vamseekrishna/Desktop/F1_Data_Warehouse/f1datawarehouse/lib/python3.9/site-packages/airflow/example_dags/example_setup_teardown.py for tasks to queue
[2024-02-24T18:12:26.618-0600] {logging_mixin.py:188} INFO - [2024-02-24T18:12:26.618-0600] {dagbag.py:538} INFO - Filling up the DagBag from /Users/vamseekrishna/Desktop/F1_Data_Warehouse/f1datawarehouse/lib/python3.9/site-packages/airflow/example_dags/example_setup_teardown.py
[2024-02-24T18:12:26.621-0600] {processor.py:840} INFO - DAG(s) 'example_setup_teardown' retrieved from /Users/vamseekrishna/Desktop/F1_Data_Warehouse/f1datawarehouse/lib/python3.9/site-packages/airflow/example_dags/example_setup_teardown.py
[2024-02-24T18:12:26.674-0600] {logging_mixin.py:188} INFO - [2024-02-24T18:12:26.674-0600] {dag.py:3036} INFO - Sync 1 DAGs
[2024-02-24T18:12:26.683-0600] {logging_mixin.py:188} INFO - [2024-02-24T18:12:26.682-0600] {dag.py:3823} INFO - Setting next_dagrun for example_setup_teardown to 2024-02-24 00:00:00+00:00, run_after=2024-02-25 00:00:00+00:00
[2024-02-24T18:12:26.690-0600] {processor.py:183} INFO - Processing /Users/vamseekrishna/Desktop/F1_Data_Warehouse/f1datawarehouse/lib/python3.9/site-packages/airflow/example_dags/example_setup_teardown.py took 0.075 seconds
[2024-02-24T18:14:24.131-0600] {processor.py:161} INFO - Started process (PID=96309) to work on /Users/vamseekrishna/Desktop/F1_Data_Warehouse/f1datawarehouse/lib/python3.9/site-packages/airflow/example_dags/example_setup_teardown.py
[2024-02-24T18:14:24.133-0600] {processor.py:830} INFO - Processing file /Users/vamseekrishna/Desktop/F1_Data_Warehouse/f1datawarehouse/lib/python3.9/site-packages/airflow/example_dags/example_setup_teardown.py for tasks to queue
[2024-02-24T18:14:24.134-0600] {logging_mixin.py:188} INFO - [2024-02-24T18:14:24.134-0600] {dagbag.py:538} INFO - Filling up the DagBag from /Users/vamseekrishna/Desktop/F1_Data_Warehouse/f1datawarehouse/lib/python3.9/site-packages/airflow/example_dags/example_setup_teardown.py
[2024-02-24T18:14:24.138-0600] {processor.py:840} INFO - DAG(s) 'example_setup_teardown' retrieved from /Users/vamseekrishna/Desktop/F1_Data_Warehouse/f1datawarehouse/lib/python3.9/site-packages/airflow/example_dags/example_setup_teardown.py
[2024-02-24T18:14:24.184-0600] {logging_mixin.py:188} INFO - [2024-02-24T18:14:24.184-0600] {dag.py:3036} INFO - Sync 1 DAGs
[2024-02-24T18:14:24.193-0600] {logging_mixin.py:188} INFO - [2024-02-24T18:14:24.193-0600] {dag.py:3823} INFO - Setting next_dagrun for example_setup_teardown to 2024-02-24 00:00:00+00:00, run_after=2024-02-25 00:00:00+00:00
[2024-02-24T18:14:24.201-0600] {processor.py:183} INFO - Processing /Users/vamseekrishna/Desktop/F1_Data_Warehouse/f1datawarehouse/lib/python3.9/site-packages/airflow/example_dags/example_setup_teardown.py took 0.070 seconds
[2024-02-24T18:16:20.145-0600] {processor.py:161} INFO - Started process (PID=96418) to work on /Users/vamseekrishna/Desktop/F1_Data_Warehouse/f1datawarehouse/lib/python3.9/site-packages/airflow/example_dags/example_setup_teardown.py
[2024-02-24T18:16:20.147-0600] {processor.py:830} INFO - Processing file /Users/vamseekrishna/Desktop/F1_Data_Warehouse/f1datawarehouse/lib/python3.9/site-packages/airflow/example_dags/example_setup_teardown.py for tasks to queue
[2024-02-24T18:16:20.147-0600] {logging_mixin.py:188} INFO - [2024-02-24T18:16:20.147-0600] {dagbag.py:538} INFO - Filling up the DagBag from /Users/vamseekrishna/Desktop/F1_Data_Warehouse/f1datawarehouse/lib/python3.9/site-packages/airflow/example_dags/example_setup_teardown.py
[2024-02-24T18:16:20.151-0600] {processor.py:840} INFO - DAG(s) 'example_setup_teardown' retrieved from /Users/vamseekrishna/Desktop/F1_Data_Warehouse/f1datawarehouse/lib/python3.9/site-packages/airflow/example_dags/example_setup_teardown.py
[2024-02-24T18:16:20.198-0600] {logging_mixin.py:188} INFO - [2024-02-24T18:16:20.198-0600] {dag.py:3036} INFO - Sync 1 DAGs
[2024-02-24T18:16:20.207-0600] {logging_mixin.py:188} INFO - [2024-02-24T18:16:20.207-0600] {dag.py:3823} INFO - Setting next_dagrun for example_setup_teardown to 2024-02-24 00:00:00+00:00, run_after=2024-02-25 00:00:00+00:00
[2024-02-24T18:16:20.214-0600] {processor.py:183} INFO - Processing /Users/vamseekrishna/Desktop/F1_Data_Warehouse/f1datawarehouse/lib/python3.9/site-packages/airflow/example_dags/example_setup_teardown.py took 0.070 seconds
[2024-02-24T18:18:26.963-0600] {processor.py:161} INFO - Started process (PID=96523) to work on /Users/vamseekrishna/Desktop/F1_Data_Warehouse/f1datawarehouse/lib/python3.9/site-packages/airflow/example_dags/example_setup_teardown.py
[2024-02-24T18:18:26.964-0600] {processor.py:830} INFO - Processing file /Users/vamseekrishna/Desktop/F1_Data_Warehouse/f1datawarehouse/lib/python3.9/site-packages/airflow/example_dags/example_setup_teardown.py for tasks to queue
[2024-02-24T18:18:26.964-0600] {logging_mixin.py:188} INFO - [2024-02-24T18:18:26.964-0600] {dagbag.py:538} INFO - Filling up the DagBag from /Users/vamseekrishna/Desktop/F1_Data_Warehouse/f1datawarehouse/lib/python3.9/site-packages/airflow/example_dags/example_setup_teardown.py
[2024-02-24T18:18:26.968-0600] {processor.py:840} INFO - DAG(s) 'example_setup_teardown' retrieved from /Users/vamseekrishna/Desktop/F1_Data_Warehouse/f1datawarehouse/lib/python3.9/site-packages/airflow/example_dags/example_setup_teardown.py
[2024-02-24T18:18:27.016-0600] {logging_mixin.py:188} INFO - [2024-02-24T18:18:27.016-0600] {dag.py:3036} INFO - Sync 1 DAGs
[2024-02-24T18:18:27.025-0600] {logging_mixin.py:188} INFO - [2024-02-24T18:18:27.025-0600] {dag.py:3823} INFO - Setting next_dagrun for example_setup_teardown to 2024-02-24 00:00:00+00:00, run_after=2024-02-25 00:00:00+00:00
[2024-02-24T18:18:27.033-0600] {processor.py:183} INFO - Processing /Users/vamseekrishna/Desktop/F1_Data_Warehouse/f1datawarehouse/lib/python3.9/site-packages/airflow/example_dags/example_setup_teardown.py took 0.071 seconds
[2024-02-24T18:20:22.158-0600] {processor.py:161} INFO - Started process (PID=96623) to work on /Users/vamseekrishna/Desktop/F1_Data_Warehouse/f1datawarehouse/lib/python3.9/site-packages/airflow/example_dags/example_setup_teardown.py
[2024-02-24T18:20:22.160-0600] {processor.py:830} INFO - Processing file /Users/vamseekrishna/Desktop/F1_Data_Warehouse/f1datawarehouse/lib/python3.9/site-packages/airflow/example_dags/example_setup_teardown.py for tasks to queue
[2024-02-24T18:20:22.160-0600] {logging_mixin.py:188} INFO - [2024-02-24T18:20:22.160-0600] {dagbag.py:538} INFO - Filling up the DagBag from /Users/vamseekrishna/Desktop/F1_Data_Warehouse/f1datawarehouse/lib/python3.9/site-packages/airflow/example_dags/example_setup_teardown.py
[2024-02-24T18:20:22.165-0600] {processor.py:840} INFO - DAG(s) 'example_setup_teardown' retrieved from /Users/vamseekrishna/Desktop/F1_Data_Warehouse/f1datawarehouse/lib/python3.9/site-packages/airflow/example_dags/example_setup_teardown.py
[2024-02-24T18:20:22.213-0600] {logging_mixin.py:188} INFO - [2024-02-24T18:20:22.212-0600] {dag.py:3036} INFO - Sync 1 DAGs
[2024-02-24T18:20:22.221-0600] {logging_mixin.py:188} INFO - [2024-02-24T18:20:22.221-0600] {dag.py:3823} INFO - Setting next_dagrun for example_setup_teardown to 2024-02-24 00:00:00+00:00, run_after=2024-02-25 00:00:00+00:00
[2024-02-24T18:20:22.229-0600] {processor.py:183} INFO - Processing /Users/vamseekrishna/Desktop/F1_Data_Warehouse/f1datawarehouse/lib/python3.9/site-packages/airflow/example_dags/example_setup_teardown.py took 0.072 seconds
[2024-02-24T18:22:27.673-0600] {processor.py:161} INFO - Started process (PID=96721) to work on /Users/vamseekrishna/Desktop/F1_Data_Warehouse/f1datawarehouse/lib/python3.9/site-packages/airflow/example_dags/example_setup_teardown.py
[2024-02-24T18:22:27.674-0600] {processor.py:830} INFO - Processing file /Users/vamseekrishna/Desktop/F1_Data_Warehouse/f1datawarehouse/lib/python3.9/site-packages/airflow/example_dags/example_setup_teardown.py for tasks to queue
[2024-02-24T18:22:27.675-0600] {logging_mixin.py:188} INFO - [2024-02-24T18:22:27.675-0600] {dagbag.py:538} INFO - Filling up the DagBag from /Users/vamseekrishna/Desktop/F1_Data_Warehouse/f1datawarehouse/lib/python3.9/site-packages/airflow/example_dags/example_setup_teardown.py
[2024-02-24T18:22:27.678-0600] {processor.py:840} INFO - DAG(s) 'example_setup_teardown' retrieved from /Users/vamseekrishna/Desktop/F1_Data_Warehouse/f1datawarehouse/lib/python3.9/site-packages/airflow/example_dags/example_setup_teardown.py
[2024-02-24T18:22:27.725-0600] {logging_mixin.py:188} INFO - [2024-02-24T18:22:27.725-0600] {dag.py:3036} INFO - Sync 1 DAGs
[2024-02-24T18:22:27.734-0600] {logging_mixin.py:188} INFO - [2024-02-24T18:22:27.734-0600] {dag.py:3823} INFO - Setting next_dagrun for example_setup_teardown to 2024-02-24 00:00:00+00:00, run_after=2024-02-25 00:00:00+00:00
[2024-02-24T18:22:27.742-0600] {processor.py:183} INFO - Processing /Users/vamseekrishna/Desktop/F1_Data_Warehouse/f1datawarehouse/lib/python3.9/site-packages/airflow/example_dags/example_setup_teardown.py took 0.070 seconds
[2024-02-24T18:24:30.252-0600] {processor.py:161} INFO - Started process (PID=96832) to work on /Users/vamseekrishna/Desktop/F1_Data_Warehouse/f1datawarehouse/lib/python3.9/site-packages/airflow/example_dags/example_setup_teardown.py
[2024-02-24T18:24:30.254-0600] {processor.py:830} INFO - Processing file /Users/vamseekrishna/Desktop/F1_Data_Warehouse/f1datawarehouse/lib/python3.9/site-packages/airflow/example_dags/example_setup_teardown.py for tasks to queue
[2024-02-24T18:24:30.254-0600] {logging_mixin.py:188} INFO - [2024-02-24T18:24:30.254-0600] {dagbag.py:538} INFO - Filling up the DagBag from /Users/vamseekrishna/Desktop/F1_Data_Warehouse/f1datawarehouse/lib/python3.9/site-packages/airflow/example_dags/example_setup_teardown.py
[2024-02-24T18:24:30.258-0600] {processor.py:840} INFO - DAG(s) 'example_setup_teardown' retrieved from /Users/vamseekrishna/Desktop/F1_Data_Warehouse/f1datawarehouse/lib/python3.9/site-packages/airflow/example_dags/example_setup_teardown.py
[2024-02-24T18:24:30.306-0600] {logging_mixin.py:188} INFO - [2024-02-24T18:24:30.306-0600] {dag.py:3036} INFO - Sync 1 DAGs
[2024-02-24T18:24:30.315-0600] {logging_mixin.py:188} INFO - [2024-02-24T18:24:30.315-0600] {dag.py:3823} INFO - Setting next_dagrun for example_setup_teardown to 2024-02-24 00:00:00+00:00, run_after=2024-02-25 00:00:00+00:00
[2024-02-24T18:24:30.322-0600] {processor.py:183} INFO - Processing /Users/vamseekrishna/Desktop/F1_Data_Warehouse/f1datawarehouse/lib/python3.9/site-packages/airflow/example_dags/example_setup_teardown.py took 0.071 seconds
[2024-02-24T18:26:30.135-0600] {processor.py:161} INFO - Started process (PID=96917) to work on /Users/vamseekrishna/Desktop/F1_Data_Warehouse/f1datawarehouse/lib/python3.9/site-packages/airflow/example_dags/example_setup_teardown.py
[2024-02-24T18:26:30.136-0600] {processor.py:830} INFO - Processing file /Users/vamseekrishna/Desktop/F1_Data_Warehouse/f1datawarehouse/lib/python3.9/site-packages/airflow/example_dags/example_setup_teardown.py for tasks to queue
[2024-02-24T18:26:30.137-0600] {logging_mixin.py:188} INFO - [2024-02-24T18:26:30.137-0600] {dagbag.py:538} INFO - Filling up the DagBag from /Users/vamseekrishna/Desktop/F1_Data_Warehouse/f1datawarehouse/lib/python3.9/site-packages/airflow/example_dags/example_setup_teardown.py
[2024-02-24T18:26:30.140-0600] {processor.py:840} INFO - DAG(s) 'example_setup_teardown' retrieved from /Users/vamseekrishna/Desktop/F1_Data_Warehouse/f1datawarehouse/lib/python3.9/site-packages/airflow/example_dags/example_setup_teardown.py
[2024-02-24T18:26:30.190-0600] {logging_mixin.py:188} INFO - [2024-02-24T18:26:30.190-0600] {dag.py:3036} INFO - Sync 1 DAGs
[2024-02-24T18:26:30.199-0600] {logging_mixin.py:188} INFO - [2024-02-24T18:26:30.199-0600] {dag.py:3823} INFO - Setting next_dagrun for example_setup_teardown to 2024-02-24 00:00:00+00:00, run_after=2024-02-25 00:00:00+00:00
[2024-02-24T18:26:30.207-0600] {processor.py:183} INFO - Processing /Users/vamseekrishna/Desktop/F1_Data_Warehouse/f1datawarehouse/lib/python3.9/site-packages/airflow/example_dags/example_setup_teardown.py took 0.073 seconds
[2024-02-24T18:28:31.156-0600] {processor.py:161} INFO - Started process (PID=97015) to work on /Users/vamseekrishna/Desktop/F1_Data_Warehouse/f1datawarehouse/lib/python3.9/site-packages/airflow/example_dags/example_setup_teardown.py
[2024-02-24T18:28:31.158-0600] {processor.py:830} INFO - Processing file /Users/vamseekrishna/Desktop/F1_Data_Warehouse/f1datawarehouse/lib/python3.9/site-packages/airflow/example_dags/example_setup_teardown.py for tasks to queue
[2024-02-24T18:28:31.158-0600] {logging_mixin.py:188} INFO - [2024-02-24T18:28:31.158-0600] {dagbag.py:538} INFO - Filling up the DagBag from /Users/vamseekrishna/Desktop/F1_Data_Warehouse/f1datawarehouse/lib/python3.9/site-packages/airflow/example_dags/example_setup_teardown.py
[2024-02-24T18:28:31.162-0600] {processor.py:840} INFO - DAG(s) 'example_setup_teardown' retrieved from /Users/vamseekrishna/Desktop/F1_Data_Warehouse/f1datawarehouse/lib/python3.9/site-packages/airflow/example_dags/example_setup_teardown.py
[2024-02-24T18:28:31.246-0600] {logging_mixin.py:188} INFO - [2024-02-24T18:28:31.246-0600] {dag.py:3036} INFO - Sync 1 DAGs
[2024-02-24T18:28:31.256-0600] {logging_mixin.py:188} INFO - [2024-02-24T18:28:31.256-0600] {dag.py:3823} INFO - Setting next_dagrun for example_setup_teardown to 2024-02-24 00:00:00+00:00, run_after=2024-02-25 00:00:00+00:00
[2024-02-24T18:28:31.266-0600] {processor.py:183} INFO - Processing /Users/vamseekrishna/Desktop/F1_Data_Warehouse/f1datawarehouse/lib/python3.9/site-packages/airflow/example_dags/example_setup_teardown.py took 0.110 seconds
[2024-02-24T18:30:35.290-0600] {processor.py:161} INFO - Started process (PID=97135) to work on /Users/vamseekrishna/Desktop/F1_Data_Warehouse/f1datawarehouse/lib/python3.9/site-packages/airflow/example_dags/example_setup_teardown.py
[2024-02-24T18:30:35.292-0600] {processor.py:830} INFO - Processing file /Users/vamseekrishna/Desktop/F1_Data_Warehouse/f1datawarehouse/lib/python3.9/site-packages/airflow/example_dags/example_setup_teardown.py for tasks to queue
[2024-02-24T18:30:35.293-0600] {logging_mixin.py:188} INFO - [2024-02-24T18:30:35.293-0600] {dagbag.py:538} INFO - Filling up the DagBag from /Users/vamseekrishna/Desktop/F1_Data_Warehouse/f1datawarehouse/lib/python3.9/site-packages/airflow/example_dags/example_setup_teardown.py
[2024-02-24T18:30:35.297-0600] {processor.py:840} INFO - DAG(s) 'example_setup_teardown' retrieved from /Users/vamseekrishna/Desktop/F1_Data_Warehouse/f1datawarehouse/lib/python3.9/site-packages/airflow/example_dags/example_setup_teardown.py
[2024-02-24T18:30:35.345-0600] {logging_mixin.py:188} INFO - [2024-02-24T18:30:35.345-0600] {dag.py:3036} INFO - Sync 1 DAGs
[2024-02-24T18:30:35.354-0600] {logging_mixin.py:188} INFO - [2024-02-24T18:30:35.354-0600] {dag.py:3823} INFO - Setting next_dagrun for example_setup_teardown to 2024-02-24 00:00:00+00:00, run_after=2024-02-25 00:00:00+00:00
[2024-02-24T18:30:35.362-0600] {processor.py:183} INFO - Processing /Users/vamseekrishna/Desktop/F1_Data_Warehouse/f1datawarehouse/lib/python3.9/site-packages/airflow/example_dags/example_setup_teardown.py took 0.072 seconds
[2024-02-24T18:32:30.377-0600] {processor.py:161} INFO - Started process (PID=97241) to work on /Users/vamseekrishna/Desktop/F1_Data_Warehouse/f1datawarehouse/lib/python3.9/site-packages/airflow/example_dags/example_setup_teardown.py
[2024-02-24T18:32:30.378-0600] {processor.py:830} INFO - Processing file /Users/vamseekrishna/Desktop/F1_Data_Warehouse/f1datawarehouse/lib/python3.9/site-packages/airflow/example_dags/example_setup_teardown.py for tasks to queue
[2024-02-24T18:32:30.379-0600] {logging_mixin.py:188} INFO - [2024-02-24T18:32:30.379-0600] {dagbag.py:538} INFO - Filling up the DagBag from /Users/vamseekrishna/Desktop/F1_Data_Warehouse/f1datawarehouse/lib/python3.9/site-packages/airflow/example_dags/example_setup_teardown.py
[2024-02-24T18:32:30.383-0600] {processor.py:840} INFO - DAG(s) 'example_setup_teardown' retrieved from /Users/vamseekrishna/Desktop/F1_Data_Warehouse/f1datawarehouse/lib/python3.9/site-packages/airflow/example_dags/example_setup_teardown.py
[2024-02-24T18:32:30.433-0600] {logging_mixin.py:188} INFO - [2024-02-24T18:32:30.433-0600] {dag.py:3036} INFO - Sync 1 DAGs
[2024-02-24T18:32:30.442-0600] {logging_mixin.py:188} INFO - [2024-02-24T18:32:30.442-0600] {dag.py:3823} INFO - Setting next_dagrun for example_setup_teardown to 2024-02-24 00:00:00+00:00, run_after=2024-02-25 00:00:00+00:00
[2024-02-24T18:32:30.450-0600] {processor.py:183} INFO - Processing /Users/vamseekrishna/Desktop/F1_Data_Warehouse/f1datawarehouse/lib/python3.9/site-packages/airflow/example_dags/example_setup_teardown.py took 0.074 seconds
[2024-02-24T18:34:30.594-0600] {processor.py:161} INFO - Started process (PID=97344) to work on /Users/vamseekrishna/Desktop/F1_Data_Warehouse/f1datawarehouse/lib/python3.9/site-packages/airflow/example_dags/example_setup_teardown.py
[2024-02-24T18:34:30.596-0600] {processor.py:830} INFO - Processing file /Users/vamseekrishna/Desktop/F1_Data_Warehouse/f1datawarehouse/lib/python3.9/site-packages/airflow/example_dags/example_setup_teardown.py for tasks to queue
[2024-02-24T18:34:30.596-0600] {logging_mixin.py:188} INFO - [2024-02-24T18:34:30.596-0600] {dagbag.py:538} INFO - Filling up the DagBag from /Users/vamseekrishna/Desktop/F1_Data_Warehouse/f1datawarehouse/lib/python3.9/site-packages/airflow/example_dags/example_setup_teardown.py
[2024-02-24T18:34:30.600-0600] {processor.py:840} INFO - DAG(s) 'example_setup_teardown' retrieved from /Users/vamseekrishna/Desktop/F1_Data_Warehouse/f1datawarehouse/lib/python3.9/site-packages/airflow/example_dags/example_setup_teardown.py
[2024-02-24T18:34:30.648-0600] {logging_mixin.py:188} INFO - [2024-02-24T18:34:30.647-0600] {dag.py:3036} INFO - Sync 1 DAGs
[2024-02-24T18:34:30.656-0600] {logging_mixin.py:188} INFO - [2024-02-24T18:34:30.656-0600] {dag.py:3823} INFO - Setting next_dagrun for example_setup_teardown to 2024-02-24 00:00:00+00:00, run_after=2024-02-25 00:00:00+00:00
[2024-02-24T18:34:30.663-0600] {processor.py:183} INFO - Processing /Users/vamseekrishna/Desktop/F1_Data_Warehouse/f1datawarehouse/lib/python3.9/site-packages/airflow/example_dags/example_setup_teardown.py took 0.070 seconds
[2024-02-24T18:36:29.605-0600] {processor.py:161} INFO - Started process (PID=97431) to work on /Users/vamseekrishna/Desktop/F1_Data_Warehouse/f1datawarehouse/lib/python3.9/site-packages/airflow/example_dags/example_setup_teardown.py
[2024-02-24T18:36:29.607-0600] {processor.py:830} INFO - Processing file /Users/vamseekrishna/Desktop/F1_Data_Warehouse/f1datawarehouse/lib/python3.9/site-packages/airflow/example_dags/example_setup_teardown.py for tasks to queue
[2024-02-24T18:36:29.607-0600] {logging_mixin.py:188} INFO - [2024-02-24T18:36:29.607-0600] {dagbag.py:538} INFO - Filling up the DagBag from /Users/vamseekrishna/Desktop/F1_Data_Warehouse/f1datawarehouse/lib/python3.9/site-packages/airflow/example_dags/example_setup_teardown.py
[2024-02-24T18:36:29.611-0600] {processor.py:840} INFO - DAG(s) 'example_setup_teardown' retrieved from /Users/vamseekrishna/Desktop/F1_Data_Warehouse/f1datawarehouse/lib/python3.9/site-packages/airflow/example_dags/example_setup_teardown.py
[2024-02-24T18:36:29.660-0600] {logging_mixin.py:188} INFO - [2024-02-24T18:36:29.660-0600] {dag.py:3036} INFO - Sync 1 DAGs
[2024-02-24T18:36:29.670-0600] {logging_mixin.py:188} INFO - [2024-02-24T18:36:29.670-0600] {dag.py:3823} INFO - Setting next_dagrun for example_setup_teardown to 2024-02-24 00:00:00+00:00, run_after=2024-02-25 00:00:00+00:00
[2024-02-24T18:36:29.678-0600] {processor.py:183} INFO - Processing /Users/vamseekrishna/Desktop/F1_Data_Warehouse/f1datawarehouse/lib/python3.9/site-packages/airflow/example_dags/example_setup_teardown.py took 0.074 seconds
[2024-02-24T18:38:31.397-0600] {processor.py:161} INFO - Started process (PID=97549) to work on /Users/vamseekrishna/Desktop/F1_Data_Warehouse/f1datawarehouse/lib/python3.9/site-packages/airflow/example_dags/example_setup_teardown.py
[2024-02-24T18:38:31.399-0600] {processor.py:830} INFO - Processing file /Users/vamseekrishna/Desktop/F1_Data_Warehouse/f1datawarehouse/lib/python3.9/site-packages/airflow/example_dags/example_setup_teardown.py for tasks to queue
[2024-02-24T18:38:31.399-0600] {logging_mixin.py:188} INFO - [2024-02-24T18:38:31.399-0600] {dagbag.py:538} INFO - Filling up the DagBag from /Users/vamseekrishna/Desktop/F1_Data_Warehouse/f1datawarehouse/lib/python3.9/site-packages/airflow/example_dags/example_setup_teardown.py
[2024-02-24T18:38:31.403-0600] {processor.py:840} INFO - DAG(s) 'example_setup_teardown' retrieved from /Users/vamseekrishna/Desktop/F1_Data_Warehouse/f1datawarehouse/lib/python3.9/site-packages/airflow/example_dags/example_setup_teardown.py
[2024-02-24T18:38:31.450-0600] {logging_mixin.py:188} INFO - [2024-02-24T18:38:31.450-0600] {dag.py:3036} INFO - Sync 1 DAGs
[2024-02-24T18:38:31.459-0600] {logging_mixin.py:188} INFO - [2024-02-24T18:38:31.459-0600] {dag.py:3823} INFO - Setting next_dagrun for example_setup_teardown to 2024-02-24 00:00:00+00:00, run_after=2024-02-25 00:00:00+00:00
[2024-02-24T18:38:31.466-0600] {processor.py:183} INFO - Processing /Users/vamseekrishna/Desktop/F1_Data_Warehouse/f1datawarehouse/lib/python3.9/site-packages/airflow/example_dags/example_setup_teardown.py took 0.070 seconds
[2024-02-24T18:40:35.222-0600] {processor.py:161} INFO - Started process (PID=97644) to work on /Users/vamseekrishna/Desktop/F1_Data_Warehouse/f1datawarehouse/lib/python3.9/site-packages/airflow/example_dags/example_setup_teardown.py
[2024-02-24T18:40:35.224-0600] {processor.py:830} INFO - Processing file /Users/vamseekrishna/Desktop/F1_Data_Warehouse/f1datawarehouse/lib/python3.9/site-packages/airflow/example_dags/example_setup_teardown.py for tasks to queue
[2024-02-24T18:40:35.225-0600] {logging_mixin.py:188} INFO - [2024-02-24T18:40:35.225-0600] {dagbag.py:538} INFO - Filling up the DagBag from /Users/vamseekrishna/Desktop/F1_Data_Warehouse/f1datawarehouse/lib/python3.9/site-packages/airflow/example_dags/example_setup_teardown.py
[2024-02-24T18:40:35.228-0600] {processor.py:840} INFO - DAG(s) 'example_setup_teardown' retrieved from /Users/vamseekrishna/Desktop/F1_Data_Warehouse/f1datawarehouse/lib/python3.9/site-packages/airflow/example_dags/example_setup_teardown.py
[2024-02-24T18:40:35.276-0600] {logging_mixin.py:188} INFO - [2024-02-24T18:40:35.276-0600] {dag.py:3036} INFO - Sync 1 DAGs
[2024-02-24T18:40:35.285-0600] {logging_mixin.py:188} INFO - [2024-02-24T18:40:35.285-0600] {dag.py:3823} INFO - Setting next_dagrun for example_setup_teardown to 2024-02-24 00:00:00+00:00, run_after=2024-02-25 00:00:00+00:00
[2024-02-24T18:40:35.293-0600] {processor.py:183} INFO - Processing /Users/vamseekrishna/Desktop/F1_Data_Warehouse/f1datawarehouse/lib/python3.9/site-packages/airflow/example_dags/example_setup_teardown.py took 0.071 seconds
[2024-02-24T18:42:30.987-0600] {processor.py:161} INFO - Started process (PID=97731) to work on /Users/vamseekrishna/Desktop/F1_Data_Warehouse/f1datawarehouse/lib/python3.9/site-packages/airflow/example_dags/example_setup_teardown.py
[2024-02-24T18:42:30.989-0600] {processor.py:830} INFO - Processing file /Users/vamseekrishna/Desktop/F1_Data_Warehouse/f1datawarehouse/lib/python3.9/site-packages/airflow/example_dags/example_setup_teardown.py for tasks to queue
[2024-02-24T18:42:30.990-0600] {logging_mixin.py:188} INFO - [2024-02-24T18:42:30.990-0600] {dagbag.py:538} INFO - Filling up the DagBag from /Users/vamseekrishna/Desktop/F1_Data_Warehouse/f1datawarehouse/lib/python3.9/site-packages/airflow/example_dags/example_setup_teardown.py
[2024-02-24T18:42:30.993-0600] {processor.py:840} INFO - DAG(s) 'example_setup_teardown' retrieved from /Users/vamseekrishna/Desktop/F1_Data_Warehouse/f1datawarehouse/lib/python3.9/site-packages/airflow/example_dags/example_setup_teardown.py
[2024-02-24T18:42:31.046-0600] {logging_mixin.py:188} INFO - [2024-02-24T18:42:31.046-0600] {dag.py:3036} INFO - Sync 1 DAGs
[2024-02-24T18:42:31.059-0600] {logging_mixin.py:188} INFO - [2024-02-24T18:42:31.059-0600] {dag.py:3823} INFO - Setting next_dagrun for example_setup_teardown to 2024-02-24 00:00:00+00:00, run_after=2024-02-25 00:00:00+00:00
[2024-02-24T18:42:31.068-0600] {processor.py:183} INFO - Processing /Users/vamseekrishna/Desktop/F1_Data_Warehouse/f1datawarehouse/lib/python3.9/site-packages/airflow/example_dags/example_setup_teardown.py took 0.081 seconds
[2024-02-24T18:44:33.400-0600] {processor.py:161} INFO - Started process (PID=97847) to work on /Users/vamseekrishna/Desktop/F1_Data_Warehouse/f1datawarehouse/lib/python3.9/site-packages/airflow/example_dags/example_setup_teardown.py
[2024-02-24T18:44:33.402-0600] {processor.py:830} INFO - Processing file /Users/vamseekrishna/Desktop/F1_Data_Warehouse/f1datawarehouse/lib/python3.9/site-packages/airflow/example_dags/example_setup_teardown.py for tasks to queue
[2024-02-24T18:44:33.403-0600] {logging_mixin.py:188} INFO - [2024-02-24T18:44:33.403-0600] {dagbag.py:538} INFO - Filling up the DagBag from /Users/vamseekrishna/Desktop/F1_Data_Warehouse/f1datawarehouse/lib/python3.9/site-packages/airflow/example_dags/example_setup_teardown.py
[2024-02-24T18:44:33.406-0600] {processor.py:840} INFO - DAG(s) 'example_setup_teardown' retrieved from /Users/vamseekrishna/Desktop/F1_Data_Warehouse/f1datawarehouse/lib/python3.9/site-packages/airflow/example_dags/example_setup_teardown.py
[2024-02-24T18:44:33.455-0600] {logging_mixin.py:188} INFO - [2024-02-24T18:44:33.455-0600] {dag.py:3036} INFO - Sync 1 DAGs
[2024-02-24T18:44:33.468-0600] {logging_mixin.py:188} INFO - [2024-02-24T18:44:33.468-0600] {dag.py:3823} INFO - Setting next_dagrun for example_setup_teardown to 2024-02-24 00:00:00+00:00, run_after=2024-02-25 00:00:00+00:00
[2024-02-24T18:44:33.476-0600] {processor.py:183} INFO - Processing /Users/vamseekrishna/Desktop/F1_Data_Warehouse/f1datawarehouse/lib/python3.9/site-packages/airflow/example_dags/example_setup_teardown.py took 0.076 seconds
[2024-02-24T18:46:37.142-0600] {processor.py:161} INFO - Started process (PID=97953) to work on /Users/vamseekrishna/Desktop/F1_Data_Warehouse/f1datawarehouse/lib/python3.9/site-packages/airflow/example_dags/example_setup_teardown.py
[2024-02-24T18:46:37.144-0600] {processor.py:830} INFO - Processing file /Users/vamseekrishna/Desktop/F1_Data_Warehouse/f1datawarehouse/lib/python3.9/site-packages/airflow/example_dags/example_setup_teardown.py for tasks to queue
[2024-02-24T18:46:37.144-0600] {logging_mixin.py:188} INFO - [2024-02-24T18:46:37.144-0600] {dagbag.py:538} INFO - Filling up the DagBag from /Users/vamseekrishna/Desktop/F1_Data_Warehouse/f1datawarehouse/lib/python3.9/site-packages/airflow/example_dags/example_setup_teardown.py
[2024-02-24T18:46:37.148-0600] {processor.py:840} INFO - DAG(s) 'example_setup_teardown' retrieved from /Users/vamseekrishna/Desktop/F1_Data_Warehouse/f1datawarehouse/lib/python3.9/site-packages/airflow/example_dags/example_setup_teardown.py
[2024-02-24T18:46:37.196-0600] {logging_mixin.py:188} INFO - [2024-02-24T18:46:37.195-0600] {dag.py:3036} INFO - Sync 1 DAGs
[2024-02-24T18:46:37.204-0600] {logging_mixin.py:188} INFO - [2024-02-24T18:46:37.204-0600] {dag.py:3823} INFO - Setting next_dagrun for example_setup_teardown to 2024-02-24 00:00:00+00:00, run_after=2024-02-25 00:00:00+00:00
[2024-02-24T18:46:37.212-0600] {processor.py:183} INFO - Processing /Users/vamseekrishna/Desktop/F1_Data_Warehouse/f1datawarehouse/lib/python3.9/site-packages/airflow/example_dags/example_setup_teardown.py took 0.071 seconds
[2024-02-24T18:48:36.416-0600] {processor.py:161} INFO - Started process (PID=98044) to work on /Users/vamseekrishna/Desktop/F1_Data_Warehouse/f1datawarehouse/lib/python3.9/site-packages/airflow/example_dags/example_setup_teardown.py
[2024-02-24T18:48:36.418-0600] {processor.py:830} INFO - Processing file /Users/vamseekrishna/Desktop/F1_Data_Warehouse/f1datawarehouse/lib/python3.9/site-packages/airflow/example_dags/example_setup_teardown.py for tasks to queue
[2024-02-24T18:48:36.419-0600] {logging_mixin.py:188} INFO - [2024-02-24T18:48:36.418-0600] {dagbag.py:538} INFO - Filling up the DagBag from /Users/vamseekrishna/Desktop/F1_Data_Warehouse/f1datawarehouse/lib/python3.9/site-packages/airflow/example_dags/example_setup_teardown.py
[2024-02-24T18:48:36.423-0600] {processor.py:840} INFO - DAG(s) 'example_setup_teardown' retrieved from /Users/vamseekrishna/Desktop/F1_Data_Warehouse/f1datawarehouse/lib/python3.9/site-packages/airflow/example_dags/example_setup_teardown.py
[2024-02-24T18:48:36.478-0600] {logging_mixin.py:188} INFO - [2024-02-24T18:48:36.478-0600] {dag.py:3036} INFO - Sync 1 DAGs
[2024-02-24T18:48:36.487-0600] {logging_mixin.py:188} INFO - [2024-02-24T18:48:36.487-0600] {dag.py:3823} INFO - Setting next_dagrun for example_setup_teardown to 2024-02-24 00:00:00+00:00, run_after=2024-02-25 00:00:00+00:00
[2024-02-24T18:48:36.497-0600] {processor.py:183} INFO - Processing /Users/vamseekrishna/Desktop/F1_Data_Warehouse/f1datawarehouse/lib/python3.9/site-packages/airflow/example_dags/example_setup_teardown.py took 0.081 seconds
[2024-02-24T18:50:39.924-0600] {processor.py:161} INFO - Started process (PID=98132) to work on /Users/vamseekrishna/Desktop/F1_Data_Warehouse/f1datawarehouse/lib/python3.9/site-packages/airflow/example_dags/example_setup_teardown.py
[2024-02-24T18:50:39.926-0600] {processor.py:830} INFO - Processing file /Users/vamseekrishna/Desktop/F1_Data_Warehouse/f1datawarehouse/lib/python3.9/site-packages/airflow/example_dags/example_setup_teardown.py for tasks to queue
[2024-02-24T18:50:39.926-0600] {logging_mixin.py:188} INFO - [2024-02-24T18:50:39.926-0600] {dagbag.py:538} INFO - Filling up the DagBag from /Users/vamseekrishna/Desktop/F1_Data_Warehouse/f1datawarehouse/lib/python3.9/site-packages/airflow/example_dags/example_setup_teardown.py
[2024-02-24T18:50:39.930-0600] {processor.py:840} INFO - DAG(s) 'example_setup_teardown' retrieved from /Users/vamseekrishna/Desktop/F1_Data_Warehouse/f1datawarehouse/lib/python3.9/site-packages/airflow/example_dags/example_setup_teardown.py
[2024-02-24T18:50:39.978-0600] {logging_mixin.py:188} INFO - [2024-02-24T18:50:39.978-0600] {dag.py:3036} INFO - Sync 1 DAGs
[2024-02-24T18:50:39.987-0600] {logging_mixin.py:188} INFO - [2024-02-24T18:50:39.986-0600] {dag.py:3823} INFO - Setting next_dagrun for example_setup_teardown to 2024-02-24 00:00:00+00:00, run_after=2024-02-25 00:00:00+00:00
[2024-02-24T18:50:39.994-0600] {processor.py:183} INFO - Processing /Users/vamseekrishna/Desktop/F1_Data_Warehouse/f1datawarehouse/lib/python3.9/site-packages/airflow/example_dags/example_setup_teardown.py took 0.071 seconds
[2024-02-24T18:52:35.785-0600] {processor.py:161} INFO - Started process (PID=98231) to work on /Users/vamseekrishna/Desktop/F1_Data_Warehouse/f1datawarehouse/lib/python3.9/site-packages/airflow/example_dags/example_setup_teardown.py
[2024-02-24T18:52:35.787-0600] {processor.py:830} INFO - Processing file /Users/vamseekrishna/Desktop/F1_Data_Warehouse/f1datawarehouse/lib/python3.9/site-packages/airflow/example_dags/example_setup_teardown.py for tasks to queue
[2024-02-24T18:52:35.787-0600] {logging_mixin.py:188} INFO - [2024-02-24T18:52:35.787-0600] {dagbag.py:538} INFO - Filling up the DagBag from /Users/vamseekrishna/Desktop/F1_Data_Warehouse/f1datawarehouse/lib/python3.9/site-packages/airflow/example_dags/example_setup_teardown.py
[2024-02-24T18:52:35.791-0600] {processor.py:840} INFO - DAG(s) 'example_setup_teardown' retrieved from /Users/vamseekrishna/Desktop/F1_Data_Warehouse/f1datawarehouse/lib/python3.9/site-packages/airflow/example_dags/example_setup_teardown.py
[2024-02-24T18:52:35.853-0600] {logging_mixin.py:188} INFO - [2024-02-24T18:52:35.853-0600] {dag.py:3036} INFO - Sync 1 DAGs
[2024-02-24T18:52:35.863-0600] {logging_mixin.py:188} INFO - [2024-02-24T18:52:35.862-0600] {dag.py:3823} INFO - Setting next_dagrun for example_setup_teardown to 2024-02-24 00:00:00+00:00, run_after=2024-02-25 00:00:00+00:00
[2024-02-24T18:52:35.870-0600] {processor.py:183} INFO - Processing /Users/vamseekrishna/Desktop/F1_Data_Warehouse/f1datawarehouse/lib/python3.9/site-packages/airflow/example_dags/example_setup_teardown.py took 0.086 seconds
[2024-02-24T18:54:36.214-0600] {processor.py:161} INFO - Started process (PID=98326) to work on /Users/vamseekrishna/Desktop/F1_Data_Warehouse/f1datawarehouse/lib/python3.9/site-packages/airflow/example_dags/example_setup_teardown.py
[2024-02-24T18:54:36.216-0600] {processor.py:830} INFO - Processing file /Users/vamseekrishna/Desktop/F1_Data_Warehouse/f1datawarehouse/lib/python3.9/site-packages/airflow/example_dags/example_setup_teardown.py for tasks to queue
[2024-02-24T18:54:36.216-0600] {logging_mixin.py:188} INFO - [2024-02-24T18:54:36.216-0600] {dagbag.py:538} INFO - Filling up the DagBag from /Users/vamseekrishna/Desktop/F1_Data_Warehouse/f1datawarehouse/lib/python3.9/site-packages/airflow/example_dags/example_setup_teardown.py
[2024-02-24T18:54:36.220-0600] {processor.py:840} INFO - DAG(s) 'example_setup_teardown' retrieved from /Users/vamseekrishna/Desktop/F1_Data_Warehouse/f1datawarehouse/lib/python3.9/site-packages/airflow/example_dags/example_setup_teardown.py
[2024-02-24T18:54:36.268-0600] {logging_mixin.py:188} INFO - [2024-02-24T18:54:36.268-0600] {dag.py:3036} INFO - Sync 1 DAGs
[2024-02-24T18:54:36.277-0600] {logging_mixin.py:188} INFO - [2024-02-24T18:54:36.277-0600] {dag.py:3823} INFO - Setting next_dagrun for example_setup_teardown to 2024-02-24 00:00:00+00:00, run_after=2024-02-25 00:00:00+00:00
[2024-02-24T18:54:36.285-0600] {processor.py:183} INFO - Processing /Users/vamseekrishna/Desktop/F1_Data_Warehouse/f1datawarehouse/lib/python3.9/site-packages/airflow/example_dags/example_setup_teardown.py took 0.072 seconds
[2024-02-24T18:56:34.907-0600] {processor.py:161} INFO - Started process (PID=98426) to work on /Users/vamseekrishna/Desktop/F1_Data_Warehouse/f1datawarehouse/lib/python3.9/site-packages/airflow/example_dags/example_setup_teardown.py
[2024-02-24T18:56:34.909-0600] {processor.py:830} INFO - Processing file /Users/vamseekrishna/Desktop/F1_Data_Warehouse/f1datawarehouse/lib/python3.9/site-packages/airflow/example_dags/example_setup_teardown.py for tasks to queue
[2024-02-24T18:56:34.909-0600] {logging_mixin.py:188} INFO - [2024-02-24T18:56:34.909-0600] {dagbag.py:538} INFO - Filling up the DagBag from /Users/vamseekrishna/Desktop/F1_Data_Warehouse/f1datawarehouse/lib/python3.9/site-packages/airflow/example_dags/example_setup_teardown.py
[2024-02-24T18:56:34.913-0600] {processor.py:840} INFO - DAG(s) 'example_setup_teardown' retrieved from /Users/vamseekrishna/Desktop/F1_Data_Warehouse/f1datawarehouse/lib/python3.9/site-packages/airflow/example_dags/example_setup_teardown.py
[2024-02-24T18:56:34.963-0600] {logging_mixin.py:188} INFO - [2024-02-24T18:56:34.963-0600] {dag.py:3036} INFO - Sync 1 DAGs
[2024-02-24T18:56:34.972-0600] {logging_mixin.py:188} INFO - [2024-02-24T18:56:34.972-0600] {dag.py:3823} INFO - Setting next_dagrun for example_setup_teardown to 2024-02-24 00:00:00+00:00, run_after=2024-02-25 00:00:00+00:00
[2024-02-24T18:56:34.980-0600] {processor.py:183} INFO - Processing /Users/vamseekrishna/Desktop/F1_Data_Warehouse/f1datawarehouse/lib/python3.9/site-packages/airflow/example_dags/example_setup_teardown.py took 0.074 seconds
[2024-02-24T18:58:37.232-0600] {processor.py:161} INFO - Started process (PID=98525) to work on /Users/vamseekrishna/Desktop/F1_Data_Warehouse/f1datawarehouse/lib/python3.9/site-packages/airflow/example_dags/example_setup_teardown.py
[2024-02-24T18:58:37.234-0600] {processor.py:830} INFO - Processing file /Users/vamseekrishna/Desktop/F1_Data_Warehouse/f1datawarehouse/lib/python3.9/site-packages/airflow/example_dags/example_setup_teardown.py for tasks to queue
[2024-02-24T18:58:37.234-0600] {logging_mixin.py:188} INFO - [2024-02-24T18:58:37.234-0600] {dagbag.py:538} INFO - Filling up the DagBag from /Users/vamseekrishna/Desktop/F1_Data_Warehouse/f1datawarehouse/lib/python3.9/site-packages/airflow/example_dags/example_setup_teardown.py
[2024-02-24T18:58:37.238-0600] {processor.py:840} INFO - DAG(s) 'example_setup_teardown' retrieved from /Users/vamseekrishna/Desktop/F1_Data_Warehouse/f1datawarehouse/lib/python3.9/site-packages/airflow/example_dags/example_setup_teardown.py
[2024-02-24T18:58:37.285-0600] {logging_mixin.py:188} INFO - [2024-02-24T18:58:37.285-0600] {dag.py:3036} INFO - Sync 1 DAGs
[2024-02-24T18:58:37.294-0600] {logging_mixin.py:188} INFO - [2024-02-24T18:58:37.294-0600] {dag.py:3823} INFO - Setting next_dagrun for example_setup_teardown to 2024-02-24 00:00:00+00:00, run_after=2024-02-25 00:00:00+00:00
[2024-02-24T18:58:37.302-0600] {processor.py:183} INFO - Processing /Users/vamseekrishna/Desktop/F1_Data_Warehouse/f1datawarehouse/lib/python3.9/site-packages/airflow/example_dags/example_setup_teardown.py took 0.071 seconds
[2024-02-24T19:00:38.407-0600] {processor.py:161} INFO - Started process (PID=98691) to work on /Users/vamseekrishna/Desktop/F1_Data_Warehouse/f1datawarehouse/lib/python3.9/site-packages/airflow/example_dags/example_setup_teardown.py
[2024-02-24T19:00:38.409-0600] {processor.py:830} INFO - Processing file /Users/vamseekrishna/Desktop/F1_Data_Warehouse/f1datawarehouse/lib/python3.9/site-packages/airflow/example_dags/example_setup_teardown.py for tasks to queue
[2024-02-24T19:00:38.409-0600] {logging_mixin.py:188} INFO - [2024-02-24T19:00:38.409-0600] {dagbag.py:538} INFO - Filling up the DagBag from /Users/vamseekrishna/Desktop/F1_Data_Warehouse/f1datawarehouse/lib/python3.9/site-packages/airflow/example_dags/example_setup_teardown.py
[2024-02-24T19:00:38.413-0600] {processor.py:840} INFO - DAG(s) 'example_setup_teardown' retrieved from /Users/vamseekrishna/Desktop/F1_Data_Warehouse/f1datawarehouse/lib/python3.9/site-packages/airflow/example_dags/example_setup_teardown.py
[2024-02-24T19:00:38.489-0600] {logging_mixin.py:188} INFO - [2024-02-24T19:00:38.489-0600] {dag.py:3036} INFO - Sync 1 DAGs
[2024-02-24T19:00:38.501-0600] {logging_mixin.py:188} INFO - [2024-02-24T19:00:38.501-0600] {dag.py:3823} INFO - Setting next_dagrun for example_setup_teardown to 2024-02-24 00:00:00+00:00, run_after=2024-02-25 00:00:00+00:00
[2024-02-24T19:00:38.510-0600] {processor.py:183} INFO - Processing /Users/vamseekrishna/Desktop/F1_Data_Warehouse/f1datawarehouse/lib/python3.9/site-packages/airflow/example_dags/example_setup_teardown.py took 0.103 seconds
[2024-02-24T19:02:38.854-0600] {processor.py:161} INFO - Started process (PID=98843) to work on /Users/vamseekrishna/Desktop/F1_Data_Warehouse/f1datawarehouse/lib/python3.9/site-packages/airflow/example_dags/example_setup_teardown.py
[2024-02-24T19:02:38.857-0600] {processor.py:830} INFO - Processing file /Users/vamseekrishna/Desktop/F1_Data_Warehouse/f1datawarehouse/lib/python3.9/site-packages/airflow/example_dags/example_setup_teardown.py for tasks to queue
[2024-02-24T19:02:38.857-0600] {logging_mixin.py:188} INFO - [2024-02-24T19:02:38.857-0600] {dagbag.py:538} INFO - Filling up the DagBag from /Users/vamseekrishna/Desktop/F1_Data_Warehouse/f1datawarehouse/lib/python3.9/site-packages/airflow/example_dags/example_setup_teardown.py
[2024-02-24T19:02:38.860-0600] {processor.py:840} INFO - DAG(s) 'example_setup_teardown' retrieved from /Users/vamseekrishna/Desktop/F1_Data_Warehouse/f1datawarehouse/lib/python3.9/site-packages/airflow/example_dags/example_setup_teardown.py
[2024-02-24T19:02:38.908-0600] {logging_mixin.py:188} INFO - [2024-02-24T19:02:38.908-0600] {dag.py:3036} INFO - Sync 1 DAGs
[2024-02-24T19:02:38.916-0600] {logging_mixin.py:188} INFO - [2024-02-24T19:02:38.916-0600] {dag.py:3823} INFO - Setting next_dagrun for example_setup_teardown to 2024-02-24 00:00:00+00:00, run_after=2024-02-25 00:00:00+00:00
[2024-02-24T19:02:38.924-0600] {processor.py:183} INFO - Processing /Users/vamseekrishna/Desktop/F1_Data_Warehouse/f1datawarehouse/lib/python3.9/site-packages/airflow/example_dags/example_setup_teardown.py took 0.070 seconds
[2024-02-24T19:04:35.118-0600] {processor.py:161} INFO - Started process (PID=98952) to work on /Users/vamseekrishna/Desktop/F1_Data_Warehouse/f1datawarehouse/lib/python3.9/site-packages/airflow/example_dags/example_setup_teardown.py
[2024-02-24T19:04:35.122-0600] {processor.py:830} INFO - Processing file /Users/vamseekrishna/Desktop/F1_Data_Warehouse/f1datawarehouse/lib/python3.9/site-packages/airflow/example_dags/example_setup_teardown.py for tasks to queue
[2024-02-24T19:04:35.122-0600] {logging_mixin.py:188} INFO - [2024-02-24T19:04:35.122-0600] {dagbag.py:538} INFO - Filling up the DagBag from /Users/vamseekrishna/Desktop/F1_Data_Warehouse/f1datawarehouse/lib/python3.9/site-packages/airflow/example_dags/example_setup_teardown.py
[2024-02-24T19:04:35.126-0600] {processor.py:840} INFO - DAG(s) 'example_setup_teardown' retrieved from /Users/vamseekrishna/Desktop/F1_Data_Warehouse/f1datawarehouse/lib/python3.9/site-packages/airflow/example_dags/example_setup_teardown.py
[2024-02-24T19:04:35.174-0600] {logging_mixin.py:188} INFO - [2024-02-24T19:04:35.174-0600] {dag.py:3036} INFO - Sync 1 DAGs
[2024-02-24T19:04:35.183-0600] {logging_mixin.py:188} INFO - [2024-02-24T19:04:35.183-0600] {dag.py:3823} INFO - Setting next_dagrun for example_setup_teardown to 2024-02-24 00:00:00+00:00, run_after=2024-02-25 00:00:00+00:00
[2024-02-24T19:04:35.191-0600] {processor.py:183} INFO - Processing /Users/vamseekrishna/Desktop/F1_Data_Warehouse/f1datawarehouse/lib/python3.9/site-packages/airflow/example_dags/example_setup_teardown.py took 0.073 seconds
[2024-02-24T19:06:32.943-0600] {processor.py:161} INFO - Started process (PID=99047) to work on /Users/vamseekrishna/Desktop/F1_Data_Warehouse/f1datawarehouse/lib/python3.9/site-packages/airflow/example_dags/example_setup_teardown.py
[2024-02-24T19:06:32.945-0600] {processor.py:830} INFO - Processing file /Users/vamseekrishna/Desktop/F1_Data_Warehouse/f1datawarehouse/lib/python3.9/site-packages/airflow/example_dags/example_setup_teardown.py for tasks to queue
[2024-02-24T19:06:32.945-0600] {logging_mixin.py:188} INFO - [2024-02-24T19:06:32.945-0600] {dagbag.py:538} INFO - Filling up the DagBag from /Users/vamseekrishna/Desktop/F1_Data_Warehouse/f1datawarehouse/lib/python3.9/site-packages/airflow/example_dags/example_setup_teardown.py
[2024-02-24T19:06:32.949-0600] {processor.py:840} INFO - DAG(s) 'example_setup_teardown' retrieved from /Users/vamseekrishna/Desktop/F1_Data_Warehouse/f1datawarehouse/lib/python3.9/site-packages/airflow/example_dags/example_setup_teardown.py
[2024-02-24T19:06:32.997-0600] {logging_mixin.py:188} INFO - [2024-02-24T19:06:32.997-0600] {dag.py:3036} INFO - Sync 1 DAGs
[2024-02-24T19:06:33.007-0600] {logging_mixin.py:188} INFO - [2024-02-24T19:06:33.007-0600] {dag.py:3823} INFO - Setting next_dagrun for example_setup_teardown to 2024-02-24 00:00:00+00:00, run_after=2024-02-25 00:00:00+00:00
[2024-02-24T19:06:33.014-0600] {processor.py:183} INFO - Processing /Users/vamseekrishna/Desktop/F1_Data_Warehouse/f1datawarehouse/lib/python3.9/site-packages/airflow/example_dags/example_setup_teardown.py took 0.072 seconds
[2024-02-24T19:08:27.941-0600] {processor.py:161} INFO - Started process (PID=99160) to work on /Users/vamseekrishna/Desktop/F1_Data_Warehouse/f1datawarehouse/lib/python3.9/site-packages/airflow/example_dags/example_setup_teardown.py
[2024-02-24T19:08:27.943-0600] {processor.py:830} INFO - Processing file /Users/vamseekrishna/Desktop/F1_Data_Warehouse/f1datawarehouse/lib/python3.9/site-packages/airflow/example_dags/example_setup_teardown.py for tasks to queue
[2024-02-24T19:08:27.943-0600] {logging_mixin.py:188} INFO - [2024-02-24T19:08:27.943-0600] {dagbag.py:538} INFO - Filling up the DagBag from /Users/vamseekrishna/Desktop/F1_Data_Warehouse/f1datawarehouse/lib/python3.9/site-packages/airflow/example_dags/example_setup_teardown.py
[2024-02-24T19:08:27.947-0600] {processor.py:840} INFO - DAG(s) 'example_setup_teardown' retrieved from /Users/vamseekrishna/Desktop/F1_Data_Warehouse/f1datawarehouse/lib/python3.9/site-packages/airflow/example_dags/example_setup_teardown.py
[2024-02-24T19:08:27.994-0600] {logging_mixin.py:188} INFO - [2024-02-24T19:08:27.994-0600] {dag.py:3036} INFO - Sync 1 DAGs
[2024-02-24T19:08:28.003-0600] {logging_mixin.py:188} INFO - [2024-02-24T19:08:28.003-0600] {dag.py:3823} INFO - Setting next_dagrun for example_setup_teardown to 2024-02-24 00:00:00+00:00, run_after=2024-02-25 00:00:00+00:00
[2024-02-24T19:08:28.011-0600] {processor.py:183} INFO - Processing /Users/vamseekrishna/Desktop/F1_Data_Warehouse/f1datawarehouse/lib/python3.9/site-packages/airflow/example_dags/example_setup_teardown.py took 0.070 seconds
[2024-02-24T19:10:25.908-0600] {processor.py:161} INFO - Started process (PID=99263) to work on /Users/vamseekrishna/Desktop/F1_Data_Warehouse/f1datawarehouse/lib/python3.9/site-packages/airflow/example_dags/example_setup_teardown.py
[2024-02-24T19:10:25.910-0600] {processor.py:830} INFO - Processing file /Users/vamseekrishna/Desktop/F1_Data_Warehouse/f1datawarehouse/lib/python3.9/site-packages/airflow/example_dags/example_setup_teardown.py for tasks to queue
[2024-02-24T19:10:25.910-0600] {logging_mixin.py:188} INFO - [2024-02-24T19:10:25.910-0600] {dagbag.py:538} INFO - Filling up the DagBag from /Users/vamseekrishna/Desktop/F1_Data_Warehouse/f1datawarehouse/lib/python3.9/site-packages/airflow/example_dags/example_setup_teardown.py
[2024-02-24T19:10:25.914-0600] {processor.py:840} INFO - DAG(s) 'example_setup_teardown' retrieved from /Users/vamseekrishna/Desktop/F1_Data_Warehouse/f1datawarehouse/lib/python3.9/site-packages/airflow/example_dags/example_setup_teardown.py
[2024-02-24T19:10:25.963-0600] {logging_mixin.py:188} INFO - [2024-02-24T19:10:25.962-0600] {dag.py:3036} INFO - Sync 1 DAGs
[2024-02-24T19:10:25.972-0600] {logging_mixin.py:188} INFO - [2024-02-24T19:10:25.971-0600] {dag.py:3823} INFO - Setting next_dagrun for example_setup_teardown to 2024-02-24 00:00:00+00:00, run_after=2024-02-25 00:00:00+00:00
[2024-02-24T19:10:25.979-0600] {processor.py:183} INFO - Processing /Users/vamseekrishna/Desktop/F1_Data_Warehouse/f1datawarehouse/lib/python3.9/site-packages/airflow/example_dags/example_setup_teardown.py took 0.072 seconds
[2024-02-24T19:12:26.043-0600] {processor.py:161} INFO - Started process (PID=99358) to work on /Users/vamseekrishna/Desktop/F1_Data_Warehouse/f1datawarehouse/lib/python3.9/site-packages/airflow/example_dags/example_setup_teardown.py
[2024-02-24T19:12:26.045-0600] {processor.py:830} INFO - Processing file /Users/vamseekrishna/Desktop/F1_Data_Warehouse/f1datawarehouse/lib/python3.9/site-packages/airflow/example_dags/example_setup_teardown.py for tasks to queue
[2024-02-24T19:12:26.045-0600] {logging_mixin.py:188} INFO - [2024-02-24T19:12:26.045-0600] {dagbag.py:538} INFO - Filling up the DagBag from /Users/vamseekrishna/Desktop/F1_Data_Warehouse/f1datawarehouse/lib/python3.9/site-packages/airflow/example_dags/example_setup_teardown.py
[2024-02-24T19:12:26.049-0600] {processor.py:840} INFO - DAG(s) 'example_setup_teardown' retrieved from /Users/vamseekrishna/Desktop/F1_Data_Warehouse/f1datawarehouse/lib/python3.9/site-packages/airflow/example_dags/example_setup_teardown.py
[2024-02-24T19:12:26.097-0600] {logging_mixin.py:188} INFO - [2024-02-24T19:12:26.097-0600] {dag.py:3036} INFO - Sync 1 DAGs
[2024-02-24T19:12:26.106-0600] {logging_mixin.py:188} INFO - [2024-02-24T19:12:26.106-0600] {dag.py:3823} INFO - Setting next_dagrun for example_setup_teardown to 2024-02-24 00:00:00+00:00, run_after=2024-02-25 00:00:00+00:00
[2024-02-24T19:12:26.114-0600] {processor.py:183} INFO - Processing /Users/vamseekrishna/Desktop/F1_Data_Warehouse/f1datawarehouse/lib/python3.9/site-packages/airflow/example_dags/example_setup_teardown.py took 0.072 seconds
[2024-02-24T19:14:32.421-0600] {processor.py:161} INFO - Started process (PID=99449) to work on /Users/vamseekrishna/Desktop/F1_Data_Warehouse/f1datawarehouse/lib/python3.9/site-packages/airflow/example_dags/example_setup_teardown.py
[2024-02-24T19:14:32.423-0600] {processor.py:830} INFO - Processing file /Users/vamseekrishna/Desktop/F1_Data_Warehouse/f1datawarehouse/lib/python3.9/site-packages/airflow/example_dags/example_setup_teardown.py for tasks to queue
[2024-02-24T19:14:32.423-0600] {logging_mixin.py:188} INFO - [2024-02-24T19:14:32.423-0600] {dagbag.py:538} INFO - Filling up the DagBag from /Users/vamseekrishna/Desktop/F1_Data_Warehouse/f1datawarehouse/lib/python3.9/site-packages/airflow/example_dags/example_setup_teardown.py
[2024-02-24T19:14:32.427-0600] {processor.py:840} INFO - DAG(s) 'example_setup_teardown' retrieved from /Users/vamseekrishna/Desktop/F1_Data_Warehouse/f1datawarehouse/lib/python3.9/site-packages/airflow/example_dags/example_setup_teardown.py
[2024-02-24T19:14:32.475-0600] {logging_mixin.py:188} INFO - [2024-02-24T19:14:32.475-0600] {dag.py:3036} INFO - Sync 1 DAGs
[2024-02-24T19:14:32.484-0600] {logging_mixin.py:188} INFO - [2024-02-24T19:14:32.484-0600] {dag.py:3823} INFO - Setting next_dagrun for example_setup_teardown to 2024-02-24 00:00:00+00:00, run_after=2024-02-25 00:00:00+00:00
[2024-02-24T19:14:32.492-0600] {processor.py:183} INFO - Processing /Users/vamseekrishna/Desktop/F1_Data_Warehouse/f1datawarehouse/lib/python3.9/site-packages/airflow/example_dags/example_setup_teardown.py took 0.071 seconds
[2024-02-24T19:16:30.995-0600] {processor.py:161} INFO - Started process (PID=99558) to work on /Users/vamseekrishna/Desktop/F1_Data_Warehouse/f1datawarehouse/lib/python3.9/site-packages/airflow/example_dags/example_setup_teardown.py
[2024-02-24T19:16:30.997-0600] {processor.py:830} INFO - Processing file /Users/vamseekrishna/Desktop/F1_Data_Warehouse/f1datawarehouse/lib/python3.9/site-packages/airflow/example_dags/example_setup_teardown.py for tasks to queue
[2024-02-24T19:16:30.997-0600] {logging_mixin.py:188} INFO - [2024-02-24T19:16:30.997-0600] {dagbag.py:538} INFO - Filling up the DagBag from /Users/vamseekrishna/Desktop/F1_Data_Warehouse/f1datawarehouse/lib/python3.9/site-packages/airflow/example_dags/example_setup_teardown.py
[2024-02-24T19:16:31.001-0600] {processor.py:840} INFO - DAG(s) 'example_setup_teardown' retrieved from /Users/vamseekrishna/Desktop/F1_Data_Warehouse/f1datawarehouse/lib/python3.9/site-packages/airflow/example_dags/example_setup_teardown.py
[2024-02-24T19:16:31.050-0600] {logging_mixin.py:188} INFO - [2024-02-24T19:16:31.050-0600] {dag.py:3036} INFO - Sync 1 DAGs
[2024-02-24T19:16:31.059-0600] {logging_mixin.py:188} INFO - [2024-02-24T19:16:31.059-0600] {dag.py:3823} INFO - Setting next_dagrun for example_setup_teardown to 2024-02-24 00:00:00+00:00, run_after=2024-02-25 00:00:00+00:00
[2024-02-24T19:16:31.066-0600] {processor.py:183} INFO - Processing /Users/vamseekrishna/Desktop/F1_Data_Warehouse/f1datawarehouse/lib/python3.9/site-packages/airflow/example_dags/example_setup_teardown.py took 0.073 seconds
[2024-02-24T19:18:35.373-0600] {processor.py:161} INFO - Started process (PID=99660) to work on /Users/vamseekrishna/Desktop/F1_Data_Warehouse/f1datawarehouse/lib/python3.9/site-packages/airflow/example_dags/example_setup_teardown.py
[2024-02-24T19:18:35.375-0600] {processor.py:830} INFO - Processing file /Users/vamseekrishna/Desktop/F1_Data_Warehouse/f1datawarehouse/lib/python3.9/site-packages/airflow/example_dags/example_setup_teardown.py for tasks to queue
[2024-02-24T19:18:35.376-0600] {logging_mixin.py:188} INFO - [2024-02-24T19:18:35.376-0600] {dagbag.py:538} INFO - Filling up the DagBag from /Users/vamseekrishna/Desktop/F1_Data_Warehouse/f1datawarehouse/lib/python3.9/site-packages/airflow/example_dags/example_setup_teardown.py
[2024-02-24T19:18:35.380-0600] {processor.py:840} INFO - DAG(s) 'example_setup_teardown' retrieved from /Users/vamseekrishna/Desktop/F1_Data_Warehouse/f1datawarehouse/lib/python3.9/site-packages/airflow/example_dags/example_setup_teardown.py
[2024-02-24T19:18:35.426-0600] {logging_mixin.py:188} INFO - [2024-02-24T19:18:35.426-0600] {dag.py:3036} INFO - Sync 1 DAGs
[2024-02-24T19:18:35.435-0600] {logging_mixin.py:188} INFO - [2024-02-24T19:18:35.435-0600] {dag.py:3823} INFO - Setting next_dagrun for example_setup_teardown to 2024-02-24 00:00:00+00:00, run_after=2024-02-25 00:00:00+00:00
[2024-02-24T19:18:35.442-0600] {processor.py:183} INFO - Processing /Users/vamseekrishna/Desktop/F1_Data_Warehouse/f1datawarehouse/lib/python3.9/site-packages/airflow/example_dags/example_setup_teardown.py took 0.069 seconds
[2024-02-24T19:20:30.076-0600] {processor.py:161} INFO - Started process (PID=99756) to work on /Users/vamseekrishna/Desktop/F1_Data_Warehouse/f1datawarehouse/lib/python3.9/site-packages/airflow/example_dags/example_setup_teardown.py
[2024-02-24T19:20:30.077-0600] {processor.py:830} INFO - Processing file /Users/vamseekrishna/Desktop/F1_Data_Warehouse/f1datawarehouse/lib/python3.9/site-packages/airflow/example_dags/example_setup_teardown.py for tasks to queue
[2024-02-24T19:20:30.077-0600] {logging_mixin.py:188} INFO - [2024-02-24T19:20:30.077-0600] {dagbag.py:538} INFO - Filling up the DagBag from /Users/vamseekrishna/Desktop/F1_Data_Warehouse/f1datawarehouse/lib/python3.9/site-packages/airflow/example_dags/example_setup_teardown.py
[2024-02-24T19:20:30.081-0600] {processor.py:840} INFO - DAG(s) 'example_setup_teardown' retrieved from /Users/vamseekrishna/Desktop/F1_Data_Warehouse/f1datawarehouse/lib/python3.9/site-packages/airflow/example_dags/example_setup_teardown.py
[2024-02-24T19:20:30.132-0600] {logging_mixin.py:188} INFO - [2024-02-24T19:20:30.132-0600] {dag.py:3036} INFO - Sync 1 DAGs
[2024-02-24T19:20:30.141-0600] {logging_mixin.py:188} INFO - [2024-02-24T19:20:30.140-0600] {dag.py:3823} INFO - Setting next_dagrun for example_setup_teardown to 2024-02-24 00:00:00+00:00, run_after=2024-02-25 00:00:00+00:00
[2024-02-24T19:20:30.149-0600] {processor.py:183} INFO - Processing /Users/vamseekrishna/Desktop/F1_Data_Warehouse/f1datawarehouse/lib/python3.9/site-packages/airflow/example_dags/example_setup_teardown.py took 0.074 seconds
[2024-02-24T19:22:35.324-0600] {processor.py:161} INFO - Started process (PID=99862) to work on /Users/vamseekrishna/Desktop/F1_Data_Warehouse/f1datawarehouse/lib/python3.9/site-packages/airflow/example_dags/example_setup_teardown.py
[2024-02-24T19:22:35.326-0600] {processor.py:830} INFO - Processing file /Users/vamseekrishna/Desktop/F1_Data_Warehouse/f1datawarehouse/lib/python3.9/site-packages/airflow/example_dags/example_setup_teardown.py for tasks to queue
[2024-02-24T19:22:35.326-0600] {logging_mixin.py:188} INFO - [2024-02-24T19:22:35.326-0600] {dagbag.py:538} INFO - Filling up the DagBag from /Users/vamseekrishna/Desktop/F1_Data_Warehouse/f1datawarehouse/lib/python3.9/site-packages/airflow/example_dags/example_setup_teardown.py
[2024-02-24T19:22:35.330-0600] {processor.py:840} INFO - DAG(s) 'example_setup_teardown' retrieved from /Users/vamseekrishna/Desktop/F1_Data_Warehouse/f1datawarehouse/lib/python3.9/site-packages/airflow/example_dags/example_setup_teardown.py
[2024-02-24T19:22:35.378-0600] {logging_mixin.py:188} INFO - [2024-02-24T19:22:35.378-0600] {dag.py:3036} INFO - Sync 1 DAGs
[2024-02-24T19:22:35.387-0600] {logging_mixin.py:188} INFO - [2024-02-24T19:22:35.387-0600] {dag.py:3823} INFO - Setting next_dagrun for example_setup_teardown to 2024-02-24 00:00:00+00:00, run_after=2024-02-25 00:00:00+00:00
[2024-02-24T19:22:35.395-0600] {processor.py:183} INFO - Processing /Users/vamseekrishna/Desktop/F1_Data_Warehouse/f1datawarehouse/lib/python3.9/site-packages/airflow/example_dags/example_setup_teardown.py took 0.071 seconds
[2024-02-24T19:24:31.164-0600] {processor.py:161} INFO - Started process (PID=99958) to work on /Users/vamseekrishna/Desktop/F1_Data_Warehouse/f1datawarehouse/lib/python3.9/site-packages/airflow/example_dags/example_setup_teardown.py
[2024-02-24T19:24:31.165-0600] {processor.py:830} INFO - Processing file /Users/vamseekrishna/Desktop/F1_Data_Warehouse/f1datawarehouse/lib/python3.9/site-packages/airflow/example_dags/example_setup_teardown.py for tasks to queue
[2024-02-24T19:24:31.166-0600] {logging_mixin.py:188} INFO - [2024-02-24T19:24:31.165-0600] {dagbag.py:538} INFO - Filling up the DagBag from /Users/vamseekrishna/Desktop/F1_Data_Warehouse/f1datawarehouse/lib/python3.9/site-packages/airflow/example_dags/example_setup_teardown.py
[2024-02-24T19:24:31.170-0600] {processor.py:840} INFO - DAG(s) 'example_setup_teardown' retrieved from /Users/vamseekrishna/Desktop/F1_Data_Warehouse/f1datawarehouse/lib/python3.9/site-packages/airflow/example_dags/example_setup_teardown.py
[2024-02-24T19:24:31.217-0600] {logging_mixin.py:188} INFO - [2024-02-24T19:24:31.217-0600] {dag.py:3036} INFO - Sync 1 DAGs
[2024-02-24T19:24:31.226-0600] {logging_mixin.py:188} INFO - [2024-02-24T19:24:31.226-0600] {dag.py:3823} INFO - Setting next_dagrun for example_setup_teardown to 2024-02-24 00:00:00+00:00, run_after=2024-02-25 00:00:00+00:00
[2024-02-24T19:24:31.233-0600] {processor.py:183} INFO - Processing /Users/vamseekrishna/Desktop/F1_Data_Warehouse/f1datawarehouse/lib/python3.9/site-packages/airflow/example_dags/example_setup_teardown.py took 0.070 seconds
[2024-02-24T19:26:37.113-0600] {processor.py:161} INFO - Started process (PID=184) to work on /Users/vamseekrishna/Desktop/F1_Data_Warehouse/f1datawarehouse/lib/python3.9/site-packages/airflow/example_dags/example_setup_teardown.py
[2024-02-24T19:26:37.117-0600] {processor.py:830} INFO - Processing file /Users/vamseekrishna/Desktop/F1_Data_Warehouse/f1datawarehouse/lib/python3.9/site-packages/airflow/example_dags/example_setup_teardown.py for tasks to queue
[2024-02-24T19:26:37.117-0600] {logging_mixin.py:188} INFO - [2024-02-24T19:26:37.117-0600] {dagbag.py:538} INFO - Filling up the DagBag from /Users/vamseekrishna/Desktop/F1_Data_Warehouse/f1datawarehouse/lib/python3.9/site-packages/airflow/example_dags/example_setup_teardown.py
[2024-02-24T19:26:37.122-0600] {processor.py:840} INFO - DAG(s) 'example_setup_teardown' retrieved from /Users/vamseekrishna/Desktop/F1_Data_Warehouse/f1datawarehouse/lib/python3.9/site-packages/airflow/example_dags/example_setup_teardown.py
[2024-02-24T19:26:37.179-0600] {logging_mixin.py:188} INFO - [2024-02-24T19:26:37.179-0600] {dag.py:3036} INFO - Sync 1 DAGs
[2024-02-24T19:26:37.189-0600] {logging_mixin.py:188} INFO - [2024-02-24T19:26:37.189-0600] {dag.py:3823} INFO - Setting next_dagrun for example_setup_teardown to 2024-02-24 00:00:00+00:00, run_after=2024-02-25 00:00:00+00:00
[2024-02-24T19:26:37.197-0600] {processor.py:183} INFO - Processing /Users/vamseekrishna/Desktop/F1_Data_Warehouse/f1datawarehouse/lib/python3.9/site-packages/airflow/example_dags/example_setup_teardown.py took 0.086 seconds
[2024-02-24T19:28:52.379-0600] {processor.py:161} INFO - Started process (PID=301) to work on /Users/vamseekrishna/Desktop/F1_Data_Warehouse/f1datawarehouse/lib/python3.9/site-packages/airflow/example_dags/example_setup_teardown.py
[2024-02-24T19:28:52.381-0600] {processor.py:830} INFO - Processing file /Users/vamseekrishna/Desktop/F1_Data_Warehouse/f1datawarehouse/lib/python3.9/site-packages/airflow/example_dags/example_setup_teardown.py for tasks to queue
[2024-02-24T19:28:52.382-0600] {logging_mixin.py:188} INFO - [2024-02-24T19:28:52.381-0600] {dagbag.py:538} INFO - Filling up the DagBag from /Users/vamseekrishna/Desktop/F1_Data_Warehouse/f1datawarehouse/lib/python3.9/site-packages/airflow/example_dags/example_setup_teardown.py
[2024-02-24T19:28:52.385-0600] {processor.py:840} INFO - DAG(s) 'example_setup_teardown' retrieved from /Users/vamseekrishna/Desktop/F1_Data_Warehouse/f1datawarehouse/lib/python3.9/site-packages/airflow/example_dags/example_setup_teardown.py
[2024-02-24T19:28:52.432-0600] {logging_mixin.py:188} INFO - [2024-02-24T19:28:52.432-0600] {dag.py:3036} INFO - Sync 1 DAGs
[2024-02-24T19:28:52.441-0600] {logging_mixin.py:188} INFO - [2024-02-24T19:28:52.441-0600] {dag.py:3823} INFO - Setting next_dagrun for example_setup_teardown to 2024-02-24 00:00:00+00:00, run_after=2024-02-25 00:00:00+00:00
[2024-02-24T19:28:52.448-0600] {processor.py:183} INFO - Processing /Users/vamseekrishna/Desktop/F1_Data_Warehouse/f1datawarehouse/lib/python3.9/site-packages/airflow/example_dags/example_setup_teardown.py took 0.069 seconds
[2024-02-24T19:30:58.134-0600] {processor.py:161} INFO - Started process (PID=419) to work on /Users/vamseekrishna/Desktop/F1_Data_Warehouse/f1datawarehouse/lib/python3.9/site-packages/airflow/example_dags/example_setup_teardown.py
[2024-02-24T19:30:58.135-0600] {processor.py:830} INFO - Processing file /Users/vamseekrishna/Desktop/F1_Data_Warehouse/f1datawarehouse/lib/python3.9/site-packages/airflow/example_dags/example_setup_teardown.py for tasks to queue
[2024-02-24T19:30:58.136-0600] {logging_mixin.py:188} INFO - [2024-02-24T19:30:58.136-0600] {dagbag.py:538} INFO - Filling up the DagBag from /Users/vamseekrishna/Desktop/F1_Data_Warehouse/f1datawarehouse/lib/python3.9/site-packages/airflow/example_dags/example_setup_teardown.py
[2024-02-24T19:30:58.139-0600] {processor.py:840} INFO - DAG(s) 'example_setup_teardown' retrieved from /Users/vamseekrishna/Desktop/F1_Data_Warehouse/f1datawarehouse/lib/python3.9/site-packages/airflow/example_dags/example_setup_teardown.py
[2024-02-24T19:30:58.193-0600] {logging_mixin.py:188} INFO - [2024-02-24T19:30:58.193-0600] {dag.py:3036} INFO - Sync 1 DAGs
[2024-02-24T19:30:58.203-0600] {logging_mixin.py:188} INFO - [2024-02-24T19:30:58.203-0600] {dag.py:3823} INFO - Setting next_dagrun for example_setup_teardown to 2024-02-24 00:00:00+00:00, run_after=2024-02-25 00:00:00+00:00
[2024-02-24T19:30:58.212-0600] {processor.py:183} INFO - Processing /Users/vamseekrishna/Desktop/F1_Data_Warehouse/f1datawarehouse/lib/python3.9/site-packages/airflow/example_dags/example_setup_teardown.py took 0.079 seconds
[2024-02-24T19:33:01.759-0600] {processor.py:161} INFO - Started process (PID=545) to work on /Users/vamseekrishna/Desktop/F1_Data_Warehouse/f1datawarehouse/lib/python3.9/site-packages/airflow/example_dags/example_setup_teardown.py
[2024-02-24T19:33:01.761-0600] {processor.py:830} INFO - Processing file /Users/vamseekrishna/Desktop/F1_Data_Warehouse/f1datawarehouse/lib/python3.9/site-packages/airflow/example_dags/example_setup_teardown.py for tasks to queue
[2024-02-24T19:33:01.761-0600] {logging_mixin.py:188} INFO - [2024-02-24T19:33:01.761-0600] {dagbag.py:538} INFO - Filling up the DagBag from /Users/vamseekrishna/Desktop/F1_Data_Warehouse/f1datawarehouse/lib/python3.9/site-packages/airflow/example_dags/example_setup_teardown.py
[2024-02-24T19:33:01.765-0600] {processor.py:840} INFO - DAG(s) 'example_setup_teardown' retrieved from /Users/vamseekrishna/Desktop/F1_Data_Warehouse/f1datawarehouse/lib/python3.9/site-packages/airflow/example_dags/example_setup_teardown.py
[2024-02-24T19:33:01.819-0600] {logging_mixin.py:188} INFO - [2024-02-24T19:33:01.819-0600] {dag.py:3036} INFO - Sync 1 DAGs
[2024-02-24T19:33:01.829-0600] {logging_mixin.py:188} INFO - [2024-02-24T19:33:01.828-0600] {dag.py:3823} INFO - Setting next_dagrun for example_setup_teardown to 2024-02-24 00:00:00+00:00, run_after=2024-02-25 00:00:00+00:00
[2024-02-24T19:33:01.836-0600] {processor.py:183} INFO - Processing /Users/vamseekrishna/Desktop/F1_Data_Warehouse/f1datawarehouse/lib/python3.9/site-packages/airflow/example_dags/example_setup_teardown.py took 0.079 seconds
[2024-02-24T19:35:06.894-0600] {processor.py:161} INFO - Started process (PID=683) to work on /Users/vamseekrishna/Desktop/F1_Data_Warehouse/f1datawarehouse/lib/python3.9/site-packages/airflow/example_dags/example_setup_teardown.py
[2024-02-24T19:35:06.896-0600] {processor.py:830} INFO - Processing file /Users/vamseekrishna/Desktop/F1_Data_Warehouse/f1datawarehouse/lib/python3.9/site-packages/airflow/example_dags/example_setup_teardown.py for tasks to queue
[2024-02-24T19:35:06.896-0600] {logging_mixin.py:188} INFO - [2024-02-24T19:35:06.896-0600] {dagbag.py:538} INFO - Filling up the DagBag from /Users/vamseekrishna/Desktop/F1_Data_Warehouse/f1datawarehouse/lib/python3.9/site-packages/airflow/example_dags/example_setup_teardown.py
[2024-02-24T19:35:06.901-0600] {processor.py:840} INFO - DAG(s) 'example_setup_teardown' retrieved from /Users/vamseekrishna/Desktop/F1_Data_Warehouse/f1datawarehouse/lib/python3.9/site-packages/airflow/example_dags/example_setup_teardown.py
[2024-02-24T19:35:06.956-0600] {logging_mixin.py:188} INFO - [2024-02-24T19:35:06.956-0600] {dag.py:3036} INFO - Sync 1 DAGs
[2024-02-24T19:35:06.967-0600] {logging_mixin.py:188} INFO - [2024-02-24T19:35:06.967-0600] {dag.py:3823} INFO - Setting next_dagrun for example_setup_teardown to 2024-02-24 00:00:00+00:00, run_after=2024-02-25 00:00:00+00:00
[2024-02-24T19:35:06.976-0600] {processor.py:183} INFO - Processing /Users/vamseekrishna/Desktop/F1_Data_Warehouse/f1datawarehouse/lib/python3.9/site-packages/airflow/example_dags/example_setup_teardown.py took 0.082 seconds
[2024-02-24T19:37:17.434-0600] {processor.py:161} INFO - Started process (PID=846) to work on /Users/vamseekrishna/Desktop/F1_Data_Warehouse/f1datawarehouse/lib/python3.9/site-packages/airflow/example_dags/example_setup_teardown.py
[2024-02-24T19:37:17.436-0600] {processor.py:830} INFO - Processing file /Users/vamseekrishna/Desktop/F1_Data_Warehouse/f1datawarehouse/lib/python3.9/site-packages/airflow/example_dags/example_setup_teardown.py for tasks to queue
[2024-02-24T19:37:17.436-0600] {logging_mixin.py:188} INFO - [2024-02-24T19:37:17.436-0600] {dagbag.py:538} INFO - Filling up the DagBag from /Users/vamseekrishna/Desktop/F1_Data_Warehouse/f1datawarehouse/lib/python3.9/site-packages/airflow/example_dags/example_setup_teardown.py
[2024-02-24T19:37:17.440-0600] {processor.py:840} INFO - DAG(s) 'example_setup_teardown' retrieved from /Users/vamseekrishna/Desktop/F1_Data_Warehouse/f1datawarehouse/lib/python3.9/site-packages/airflow/example_dags/example_setup_teardown.py
[2024-02-24T19:37:17.487-0600] {logging_mixin.py:188} INFO - [2024-02-24T19:37:17.487-0600] {dag.py:3036} INFO - Sync 1 DAGs
[2024-02-24T19:37:17.495-0600] {logging_mixin.py:188} INFO - [2024-02-24T19:37:17.495-0600] {dag.py:3823} INFO - Setting next_dagrun for example_setup_teardown to 2024-02-24 00:00:00+00:00, run_after=2024-02-25 00:00:00+00:00
[2024-02-24T19:37:17.503-0600] {processor.py:183} INFO - Processing /Users/vamseekrishna/Desktop/F1_Data_Warehouse/f1datawarehouse/lib/python3.9/site-packages/airflow/example_dags/example_setup_teardown.py took 0.069 seconds
[2024-02-24T19:39:24.878-0600] {processor.py:161} INFO - Started process (PID=963) to work on /Users/vamseekrishna/Desktop/F1_Data_Warehouse/f1datawarehouse/lib/python3.9/site-packages/airflow/example_dags/example_setup_teardown.py
[2024-02-24T19:39:24.880-0600] {processor.py:830} INFO - Processing file /Users/vamseekrishna/Desktop/F1_Data_Warehouse/f1datawarehouse/lib/python3.9/site-packages/airflow/example_dags/example_setup_teardown.py for tasks to queue
[2024-02-24T19:39:24.880-0600] {logging_mixin.py:188} INFO - [2024-02-24T19:39:24.880-0600] {dagbag.py:538} INFO - Filling up the DagBag from /Users/vamseekrishna/Desktop/F1_Data_Warehouse/f1datawarehouse/lib/python3.9/site-packages/airflow/example_dags/example_setup_teardown.py
[2024-02-24T19:39:24.884-0600] {processor.py:840} INFO - DAG(s) 'example_setup_teardown' retrieved from /Users/vamseekrishna/Desktop/F1_Data_Warehouse/f1datawarehouse/lib/python3.9/site-packages/airflow/example_dags/example_setup_teardown.py
[2024-02-24T19:39:24.936-0600] {logging_mixin.py:188} INFO - [2024-02-24T19:39:24.936-0600] {dag.py:3036} INFO - Sync 1 DAGs
[2024-02-24T19:39:24.946-0600] {logging_mixin.py:188} INFO - [2024-02-24T19:39:24.946-0600] {dag.py:3823} INFO - Setting next_dagrun for example_setup_teardown to 2024-02-24 00:00:00+00:00, run_after=2024-02-25 00:00:00+00:00
[2024-02-24T19:39:24.954-0600] {processor.py:183} INFO - Processing /Users/vamseekrishna/Desktop/F1_Data_Warehouse/f1datawarehouse/lib/python3.9/site-packages/airflow/example_dags/example_setup_teardown.py took 0.077 seconds
[2024-02-24T19:41:31.074-0600] {processor.py:161} INFO - Started process (PID=1144) to work on /Users/vamseekrishna/Desktop/F1_Data_Warehouse/f1datawarehouse/lib/python3.9/site-packages/airflow/example_dags/example_setup_teardown.py
[2024-02-24T19:41:31.075-0600] {processor.py:830} INFO - Processing file /Users/vamseekrishna/Desktop/F1_Data_Warehouse/f1datawarehouse/lib/python3.9/site-packages/airflow/example_dags/example_setup_teardown.py for tasks to queue
[2024-02-24T19:41:31.076-0600] {logging_mixin.py:188} INFO - [2024-02-24T19:41:31.076-0600] {dagbag.py:538} INFO - Filling up the DagBag from /Users/vamseekrishna/Desktop/F1_Data_Warehouse/f1datawarehouse/lib/python3.9/site-packages/airflow/example_dags/example_setup_teardown.py
[2024-02-24T19:41:31.079-0600] {processor.py:840} INFO - DAG(s) 'example_setup_teardown' retrieved from /Users/vamseekrishna/Desktop/F1_Data_Warehouse/f1datawarehouse/lib/python3.9/site-packages/airflow/example_dags/example_setup_teardown.py
[2024-02-24T19:41:31.131-0600] {logging_mixin.py:188} INFO - [2024-02-24T19:41:31.131-0600] {dag.py:3036} INFO - Sync 1 DAGs
[2024-02-24T19:41:31.140-0600] {logging_mixin.py:188} INFO - [2024-02-24T19:41:31.140-0600] {dag.py:3823} INFO - Setting next_dagrun for example_setup_teardown to 2024-02-24 00:00:00+00:00, run_after=2024-02-25 00:00:00+00:00
[2024-02-24T19:41:31.150-0600] {processor.py:183} INFO - Processing /Users/vamseekrishna/Desktop/F1_Data_Warehouse/f1datawarehouse/lib/python3.9/site-packages/airflow/example_dags/example_setup_teardown.py took 0.077 seconds
[2024-02-24T19:43:44.665-0600] {processor.py:161} INFO - Started process (PID=1327) to work on /Users/vamseekrishna/Desktop/F1_Data_Warehouse/f1datawarehouse/lib/python3.9/site-packages/airflow/example_dags/example_setup_teardown.py
[2024-02-24T19:43:44.667-0600] {processor.py:830} INFO - Processing file /Users/vamseekrishna/Desktop/F1_Data_Warehouse/f1datawarehouse/lib/python3.9/site-packages/airflow/example_dags/example_setup_teardown.py for tasks to queue
[2024-02-24T19:43:44.667-0600] {logging_mixin.py:188} INFO - [2024-02-24T19:43:44.667-0600] {dagbag.py:538} INFO - Filling up the DagBag from /Users/vamseekrishna/Desktop/F1_Data_Warehouse/f1datawarehouse/lib/python3.9/site-packages/airflow/example_dags/example_setup_teardown.py
[2024-02-24T19:43:44.672-0600] {processor.py:840} INFO - DAG(s) 'example_setup_teardown' retrieved from /Users/vamseekrishna/Desktop/F1_Data_Warehouse/f1datawarehouse/lib/python3.9/site-packages/airflow/example_dags/example_setup_teardown.py
[2024-02-24T19:43:44.780-0600] {logging_mixin.py:188} INFO - [2024-02-24T19:43:44.779-0600] {dag.py:3036} INFO - Sync 1 DAGs
[2024-02-24T19:43:44.799-0600] {logging_mixin.py:188} INFO - [2024-02-24T19:43:44.799-0600] {dag.py:3823} INFO - Setting next_dagrun for example_setup_teardown to 2024-02-24 00:00:00+00:00, run_after=2024-02-25 00:00:00+00:00
[2024-02-24T19:43:44.812-0600] {processor.py:183} INFO - Processing /Users/vamseekrishna/Desktop/F1_Data_Warehouse/f1datawarehouse/lib/python3.9/site-packages/airflow/example_dags/example_setup_teardown.py took 0.149 seconds
[2024-02-24T19:46:19.559-0600] {processor.py:161} INFO - Started process (PID=1633) to work on /Users/vamseekrishna/Desktop/F1_Data_Warehouse/f1datawarehouse/lib/python3.9/site-packages/airflow/example_dags/example_setup_teardown.py
[2024-02-24T19:46:19.560-0600] {processor.py:830} INFO - Processing file /Users/vamseekrishna/Desktop/F1_Data_Warehouse/f1datawarehouse/lib/python3.9/site-packages/airflow/example_dags/example_setup_teardown.py for tasks to queue
[2024-02-24T19:46:19.561-0600] {logging_mixin.py:188} INFO - [2024-02-24T19:46:19.561-0600] {dagbag.py:538} INFO - Filling up the DagBag from /Users/vamseekrishna/Desktop/F1_Data_Warehouse/f1datawarehouse/lib/python3.9/site-packages/airflow/example_dags/example_setup_teardown.py
[2024-02-24T19:46:19.565-0600] {processor.py:840} INFO - DAG(s) 'example_setup_teardown' retrieved from /Users/vamseekrishna/Desktop/F1_Data_Warehouse/f1datawarehouse/lib/python3.9/site-packages/airflow/example_dags/example_setup_teardown.py
[2024-02-24T19:46:19.624-0600] {logging_mixin.py:188} INFO - [2024-02-24T19:46:19.624-0600] {dag.py:3036} INFO - Sync 1 DAGs
[2024-02-24T19:46:19.635-0600] {logging_mixin.py:188} INFO - [2024-02-24T19:46:19.635-0600] {dag.py:3823} INFO - Setting next_dagrun for example_setup_teardown to 2024-02-24 00:00:00+00:00, run_after=2024-02-25 00:00:00+00:00
[2024-02-24T19:46:19.645-0600] {processor.py:183} INFO - Processing /Users/vamseekrishna/Desktop/F1_Data_Warehouse/f1datawarehouse/lib/python3.9/site-packages/airflow/example_dags/example_setup_teardown.py took 0.087 seconds
[2024-02-24T19:48:39.677-0600] {processor.py:161} INFO - Started process (PID=1852) to work on /Users/vamseekrishna/Desktop/F1_Data_Warehouse/f1datawarehouse/lib/python3.9/site-packages/airflow/example_dags/example_setup_teardown.py
[2024-02-24T19:48:39.679-0600] {processor.py:830} INFO - Processing file /Users/vamseekrishna/Desktop/F1_Data_Warehouse/f1datawarehouse/lib/python3.9/site-packages/airflow/example_dags/example_setup_teardown.py for tasks to queue
[2024-02-24T19:48:39.680-0600] {logging_mixin.py:188} INFO - [2024-02-24T19:48:39.680-0600] {dagbag.py:538} INFO - Filling up the DagBag from /Users/vamseekrishna/Desktop/F1_Data_Warehouse/f1datawarehouse/lib/python3.9/site-packages/airflow/example_dags/example_setup_teardown.py
[2024-02-24T19:48:39.683-0600] {processor.py:840} INFO - DAG(s) 'example_setup_teardown' retrieved from /Users/vamseekrishna/Desktop/F1_Data_Warehouse/f1datawarehouse/lib/python3.9/site-packages/airflow/example_dags/example_setup_teardown.py
[2024-02-24T19:48:39.734-0600] {logging_mixin.py:188} INFO - [2024-02-24T19:48:39.734-0600] {dag.py:3036} INFO - Sync 1 DAGs
[2024-02-24T19:48:39.743-0600] {logging_mixin.py:188} INFO - [2024-02-24T19:48:39.743-0600] {dag.py:3823} INFO - Setting next_dagrun for example_setup_teardown to 2024-02-24 00:00:00+00:00, run_after=2024-02-25 00:00:00+00:00
[2024-02-24T19:48:39.751-0600] {processor.py:183} INFO - Processing /Users/vamseekrishna/Desktop/F1_Data_Warehouse/f1datawarehouse/lib/python3.9/site-packages/airflow/example_dags/example_setup_teardown.py took 0.075 seconds
