[2024-02-24T18:02:51.169-0600] {processor.py:161} INFO - Started process (PID=95661) to work on /Users/vamseekrishna/Desktop/F1_Data_Warehouse/f1datawarehouse/lib/python3.9/site-packages/airflow/example_dags/example_short_circuit_operator.py
[2024-02-24T18:02:51.171-0600] {processor.py:830} INFO - Processing file /Users/vamseekrishna/Desktop/F1_Data_Warehouse/f1datawarehouse/lib/python3.9/site-packages/airflow/example_dags/example_short_circuit_operator.py for tasks to queue
[2024-02-24T18:02:51.171-0600] {logging_mixin.py:188} INFO - [2024-02-24T18:02:51.171-0600] {dagbag.py:538} INFO - Filling up the DagBag from /Users/vamseekrishna/Desktop/F1_Data_Warehouse/f1datawarehouse/lib/python3.9/site-packages/airflow/example_dags/example_short_circuit_operator.py
[2024-02-24T18:02:51.183-0600] {processor.py:840} INFO - DAG(s) 'example_short_circuit_operator' retrieved from /Users/vamseekrishna/Desktop/F1_Data_Warehouse/f1datawarehouse/lib/python3.9/site-packages/airflow/example_dags/example_short_circuit_operator.py
[2024-02-24T18:02:51.232-0600] {logging_mixin.py:188} INFO - [2024-02-24T18:02:51.232-0600] {dag.py:3036} INFO - Sync 1 DAGs
[2024-02-24T18:02:51.240-0600] {logging_mixin.py:188} INFO - [2024-02-24T18:02:51.240-0600] {dag.py:3823} INFO - Setting next_dagrun for example_short_circuit_operator to 2024-02-24 00:00:00+00:00, run_after=2024-02-25 00:00:00+00:00
[2024-02-24T18:02:51.249-0600] {processor.py:183} INFO - Processing /Users/vamseekrishna/Desktop/F1_Data_Warehouse/f1datawarehouse/lib/python3.9/site-packages/airflow/example_dags/example_short_circuit_operator.py took 0.080 seconds
[2024-02-24T18:04:14.338-0600] {processor.py:161} INFO - Started process (PID=95757) to work on /Users/vamseekrishna/Desktop/F1_Data_Warehouse/f1datawarehouse/lib/python3.9/site-packages/airflow/example_dags/example_short_circuit_operator.py
[2024-02-24T18:04:14.340-0600] {processor.py:830} INFO - Processing file /Users/vamseekrishna/Desktop/F1_Data_Warehouse/f1datawarehouse/lib/python3.9/site-packages/airflow/example_dags/example_short_circuit_operator.py for tasks to queue
[2024-02-24T18:04:14.340-0600] {logging_mixin.py:188} INFO - [2024-02-24T18:04:14.340-0600] {dagbag.py:538} INFO - Filling up the DagBag from /Users/vamseekrishna/Desktop/F1_Data_Warehouse/f1datawarehouse/lib/python3.9/site-packages/airflow/example_dags/example_short_circuit_operator.py
[2024-02-24T18:04:14.352-0600] {processor.py:840} INFO - DAG(s) 'example_short_circuit_operator' retrieved from /Users/vamseekrishna/Desktop/F1_Data_Warehouse/f1datawarehouse/lib/python3.9/site-packages/airflow/example_dags/example_short_circuit_operator.py
[2024-02-24T18:04:14.399-0600] {logging_mixin.py:188} INFO - [2024-02-24T18:04:14.399-0600] {dag.py:3036} INFO - Sync 1 DAGs
[2024-02-24T18:04:14.408-0600] {logging_mixin.py:188} INFO - [2024-02-24T18:04:14.407-0600] {dag.py:3823} INFO - Setting next_dagrun for example_short_circuit_operator to 2024-02-24 00:00:00+00:00, run_after=2024-02-25 00:00:00+00:00
[2024-02-24T18:04:14.416-0600] {processor.py:183} INFO - Processing /Users/vamseekrishna/Desktop/F1_Data_Warehouse/f1datawarehouse/lib/python3.9/site-packages/airflow/example_dags/example_short_circuit_operator.py took 0.079 seconds
[2024-02-24T18:06:31.036-0600] {processor.py:161} INFO - Started process (PID=95917) to work on /Users/vamseekrishna/Desktop/F1_Data_Warehouse/f1datawarehouse/lib/python3.9/site-packages/airflow/example_dags/example_short_circuit_operator.py
[2024-02-24T18:06:31.038-0600] {processor.py:830} INFO - Processing file /Users/vamseekrishna/Desktop/F1_Data_Warehouse/f1datawarehouse/lib/python3.9/site-packages/airflow/example_dags/example_short_circuit_operator.py for tasks to queue
[2024-02-24T18:06:31.038-0600] {logging_mixin.py:188} INFO - [2024-02-24T18:06:31.038-0600] {dagbag.py:538} INFO - Filling up the DagBag from /Users/vamseekrishna/Desktop/F1_Data_Warehouse/f1datawarehouse/lib/python3.9/site-packages/airflow/example_dags/example_short_circuit_operator.py
[2024-02-24T18:06:31.050-0600] {processor.py:840} INFO - DAG(s) 'example_short_circuit_operator' retrieved from /Users/vamseekrishna/Desktop/F1_Data_Warehouse/f1datawarehouse/lib/python3.9/site-packages/airflow/example_dags/example_short_circuit_operator.py
[2024-02-24T18:06:31.096-0600] {logging_mixin.py:188} INFO - [2024-02-24T18:06:31.096-0600] {dag.py:3036} INFO - Sync 1 DAGs
[2024-02-24T18:06:31.104-0600] {logging_mixin.py:188} INFO - [2024-02-24T18:06:31.104-0600] {dag.py:3823} INFO - Setting next_dagrun for example_short_circuit_operator to 2024-02-24 00:00:00+00:00, run_after=2024-02-25 00:00:00+00:00
[2024-02-24T18:06:31.112-0600] {processor.py:183} INFO - Processing /Users/vamseekrishna/Desktop/F1_Data_Warehouse/f1datawarehouse/lib/python3.9/site-packages/airflow/example_dags/example_short_circuit_operator.py took 0.077 seconds
[2024-02-24T18:08:25.051-0600] {processor.py:161} INFO - Started process (PID=96016) to work on /Users/vamseekrishna/Desktop/F1_Data_Warehouse/f1datawarehouse/lib/python3.9/site-packages/airflow/example_dags/example_short_circuit_operator.py
[2024-02-24T18:08:25.053-0600] {processor.py:830} INFO - Processing file /Users/vamseekrishna/Desktop/F1_Data_Warehouse/f1datawarehouse/lib/python3.9/site-packages/airflow/example_dags/example_short_circuit_operator.py for tasks to queue
[2024-02-24T18:08:25.053-0600] {logging_mixin.py:188} INFO - [2024-02-24T18:08:25.053-0600] {dagbag.py:538} INFO - Filling up the DagBag from /Users/vamseekrishna/Desktop/F1_Data_Warehouse/f1datawarehouse/lib/python3.9/site-packages/airflow/example_dags/example_short_circuit_operator.py
[2024-02-24T18:08:25.065-0600] {processor.py:840} INFO - DAG(s) 'example_short_circuit_operator' retrieved from /Users/vamseekrishna/Desktop/F1_Data_Warehouse/f1datawarehouse/lib/python3.9/site-packages/airflow/example_dags/example_short_circuit_operator.py
[2024-02-24T18:08:25.112-0600] {logging_mixin.py:188} INFO - [2024-02-24T18:08:25.112-0600] {dag.py:3036} INFO - Sync 1 DAGs
[2024-02-24T18:08:25.121-0600] {logging_mixin.py:188} INFO - [2024-02-24T18:08:25.120-0600] {dag.py:3823} INFO - Setting next_dagrun for example_short_circuit_operator to 2024-02-24 00:00:00+00:00, run_after=2024-02-25 00:00:00+00:00
[2024-02-24T18:08:25.129-0600] {processor.py:183} INFO - Processing /Users/vamseekrishna/Desktop/F1_Data_Warehouse/f1datawarehouse/lib/python3.9/site-packages/airflow/example_dags/example_short_circuit_operator.py took 0.078 seconds
[2024-02-24T18:10:20.302-0600] {processor.py:161} INFO - Started process (PID=96115) to work on /Users/vamseekrishna/Desktop/F1_Data_Warehouse/f1datawarehouse/lib/python3.9/site-packages/airflow/example_dags/example_short_circuit_operator.py
[2024-02-24T18:10:20.303-0600] {processor.py:830} INFO - Processing file /Users/vamseekrishna/Desktop/F1_Data_Warehouse/f1datawarehouse/lib/python3.9/site-packages/airflow/example_dags/example_short_circuit_operator.py for tasks to queue
[2024-02-24T18:10:20.304-0600] {logging_mixin.py:188} INFO - [2024-02-24T18:10:20.304-0600] {dagbag.py:538} INFO - Filling up the DagBag from /Users/vamseekrishna/Desktop/F1_Data_Warehouse/f1datawarehouse/lib/python3.9/site-packages/airflow/example_dags/example_short_circuit_operator.py
[2024-02-24T18:10:20.319-0600] {processor.py:840} INFO - DAG(s) 'example_short_circuit_operator' retrieved from /Users/vamseekrishna/Desktop/F1_Data_Warehouse/f1datawarehouse/lib/python3.9/site-packages/airflow/example_dags/example_short_circuit_operator.py
[2024-02-24T18:10:20.367-0600] {logging_mixin.py:188} INFO - [2024-02-24T18:10:20.367-0600] {dag.py:3036} INFO - Sync 1 DAGs
[2024-02-24T18:10:20.376-0600] {logging_mixin.py:188} INFO - [2024-02-24T18:10:20.376-0600] {dag.py:3823} INFO - Setting next_dagrun for example_short_circuit_operator to 2024-02-24 00:00:00+00:00, run_after=2024-02-25 00:00:00+00:00
[2024-02-24T18:10:20.383-0600] {processor.py:183} INFO - Processing /Users/vamseekrishna/Desktop/F1_Data_Warehouse/f1datawarehouse/lib/python3.9/site-packages/airflow/example_dags/example_short_circuit_operator.py took 0.083 seconds
[2024-02-24T18:12:21.574-0600] {processor.py:161} INFO - Started process (PID=96216) to work on /Users/vamseekrishna/Desktop/F1_Data_Warehouse/f1datawarehouse/lib/python3.9/site-packages/airflow/example_dags/example_short_circuit_operator.py
[2024-02-24T18:12:21.576-0600] {processor.py:830} INFO - Processing file /Users/vamseekrishna/Desktop/F1_Data_Warehouse/f1datawarehouse/lib/python3.9/site-packages/airflow/example_dags/example_short_circuit_operator.py for tasks to queue
[2024-02-24T18:12:21.576-0600] {logging_mixin.py:188} INFO - [2024-02-24T18:12:21.576-0600] {dagbag.py:538} INFO - Filling up the DagBag from /Users/vamseekrishna/Desktop/F1_Data_Warehouse/f1datawarehouse/lib/python3.9/site-packages/airflow/example_dags/example_short_circuit_operator.py
[2024-02-24T18:12:21.589-0600] {processor.py:840} INFO - DAG(s) 'example_short_circuit_operator' retrieved from /Users/vamseekrishna/Desktop/F1_Data_Warehouse/f1datawarehouse/lib/python3.9/site-packages/airflow/example_dags/example_short_circuit_operator.py
[2024-02-24T18:12:21.635-0600] {logging_mixin.py:188} INFO - [2024-02-24T18:12:21.635-0600] {dag.py:3036} INFO - Sync 1 DAGs
[2024-02-24T18:12:21.644-0600] {logging_mixin.py:188} INFO - [2024-02-24T18:12:21.644-0600] {dag.py:3823} INFO - Setting next_dagrun for example_short_circuit_operator to 2024-02-24 00:00:00+00:00, run_after=2024-02-25 00:00:00+00:00
[2024-02-24T18:12:21.652-0600] {processor.py:183} INFO - Processing /Users/vamseekrishna/Desktop/F1_Data_Warehouse/f1datawarehouse/lib/python3.9/site-packages/airflow/example_dags/example_short_circuit_operator.py took 0.079 seconds
[2024-02-24T18:14:18.940-0600] {processor.py:161} INFO - Started process (PID=96306) to work on /Users/vamseekrishna/Desktop/F1_Data_Warehouse/f1datawarehouse/lib/python3.9/site-packages/airflow/example_dags/example_short_circuit_operator.py
[2024-02-24T18:14:18.944-0600] {processor.py:830} INFO - Processing file /Users/vamseekrishna/Desktop/F1_Data_Warehouse/f1datawarehouse/lib/python3.9/site-packages/airflow/example_dags/example_short_circuit_operator.py for tasks to queue
[2024-02-24T18:14:18.944-0600] {logging_mixin.py:188} INFO - [2024-02-24T18:14:18.944-0600] {dagbag.py:538} INFO - Filling up the DagBag from /Users/vamseekrishna/Desktop/F1_Data_Warehouse/f1datawarehouse/lib/python3.9/site-packages/airflow/example_dags/example_short_circuit_operator.py
[2024-02-24T18:14:18.957-0600] {processor.py:840} INFO - DAG(s) 'example_short_circuit_operator' retrieved from /Users/vamseekrishna/Desktop/F1_Data_Warehouse/f1datawarehouse/lib/python3.9/site-packages/airflow/example_dags/example_short_circuit_operator.py
[2024-02-24T18:14:19.005-0600] {logging_mixin.py:188} INFO - [2024-02-24T18:14:19.005-0600] {dag.py:3036} INFO - Sync 1 DAGs
[2024-02-24T18:14:19.014-0600] {logging_mixin.py:188} INFO - [2024-02-24T18:14:19.014-0600] {dag.py:3823} INFO - Setting next_dagrun for example_short_circuit_operator to 2024-02-24 00:00:00+00:00, run_after=2024-02-25 00:00:00+00:00
[2024-02-24T18:14:19.021-0600] {processor.py:183} INFO - Processing /Users/vamseekrishna/Desktop/F1_Data_Warehouse/f1datawarehouse/lib/python3.9/site-packages/airflow/example_dags/example_short_circuit_operator.py took 0.082 seconds
[2024-02-24T18:16:14.977-0600] {processor.py:161} INFO - Started process (PID=96413) to work on /Users/vamseekrishna/Desktop/F1_Data_Warehouse/f1datawarehouse/lib/python3.9/site-packages/airflow/example_dags/example_short_circuit_operator.py
[2024-02-24T18:16:14.979-0600] {processor.py:830} INFO - Processing file /Users/vamseekrishna/Desktop/F1_Data_Warehouse/f1datawarehouse/lib/python3.9/site-packages/airflow/example_dags/example_short_circuit_operator.py for tasks to queue
[2024-02-24T18:16:14.979-0600] {logging_mixin.py:188} INFO - [2024-02-24T18:16:14.979-0600] {dagbag.py:538} INFO - Filling up the DagBag from /Users/vamseekrishna/Desktop/F1_Data_Warehouse/f1datawarehouse/lib/python3.9/site-packages/airflow/example_dags/example_short_circuit_operator.py
[2024-02-24T18:16:14.992-0600] {processor.py:840} INFO - DAG(s) 'example_short_circuit_operator' retrieved from /Users/vamseekrishna/Desktop/F1_Data_Warehouse/f1datawarehouse/lib/python3.9/site-packages/airflow/example_dags/example_short_circuit_operator.py
[2024-02-24T18:16:15.041-0600] {logging_mixin.py:188} INFO - [2024-02-24T18:16:15.041-0600] {dag.py:3036} INFO - Sync 1 DAGs
[2024-02-24T18:16:15.049-0600] {logging_mixin.py:188} INFO - [2024-02-24T18:16:15.049-0600] {dag.py:3823} INFO - Setting next_dagrun for example_short_circuit_operator to 2024-02-24 00:00:00+00:00, run_after=2024-02-25 00:00:00+00:00
[2024-02-24T18:16:15.057-0600] {processor.py:183} INFO - Processing /Users/vamseekrishna/Desktop/F1_Data_Warehouse/f1datawarehouse/lib/python3.9/site-packages/airflow/example_dags/example_short_circuit_operator.py took 0.081 seconds
[2024-02-24T18:18:21.125-0600] {processor.py:161} INFO - Started process (PID=96520) to work on /Users/vamseekrishna/Desktop/F1_Data_Warehouse/f1datawarehouse/lib/python3.9/site-packages/airflow/example_dags/example_short_circuit_operator.py
[2024-02-24T18:18:21.127-0600] {processor.py:830} INFO - Processing file /Users/vamseekrishna/Desktop/F1_Data_Warehouse/f1datawarehouse/lib/python3.9/site-packages/airflow/example_dags/example_short_circuit_operator.py for tasks to queue
[2024-02-24T18:18:21.127-0600] {logging_mixin.py:188} INFO - [2024-02-24T18:18:21.127-0600] {dagbag.py:538} INFO - Filling up the DagBag from /Users/vamseekrishna/Desktop/F1_Data_Warehouse/f1datawarehouse/lib/python3.9/site-packages/airflow/example_dags/example_short_circuit_operator.py
[2024-02-24T18:18:21.139-0600] {processor.py:840} INFO - DAG(s) 'example_short_circuit_operator' retrieved from /Users/vamseekrishna/Desktop/F1_Data_Warehouse/f1datawarehouse/lib/python3.9/site-packages/airflow/example_dags/example_short_circuit_operator.py
[2024-02-24T18:18:21.186-0600] {logging_mixin.py:188} INFO - [2024-02-24T18:18:21.185-0600] {dag.py:3036} INFO - Sync 1 DAGs
[2024-02-24T18:18:21.194-0600] {logging_mixin.py:188} INFO - [2024-02-24T18:18:21.194-0600] {dag.py:3823} INFO - Setting next_dagrun for example_short_circuit_operator to 2024-02-24 00:00:00+00:00, run_after=2024-02-25 00:00:00+00:00
[2024-02-24T18:18:21.202-0600] {processor.py:183} INFO - Processing /Users/vamseekrishna/Desktop/F1_Data_Warehouse/f1datawarehouse/lib/python3.9/site-packages/airflow/example_dags/example_short_circuit_operator.py took 0.077 seconds
[2024-02-24T18:20:16.304-0600] {processor.py:161} INFO - Started process (PID=96618) to work on /Users/vamseekrishna/Desktop/F1_Data_Warehouse/f1datawarehouse/lib/python3.9/site-packages/airflow/example_dags/example_short_circuit_operator.py
[2024-02-24T18:20:16.307-0600] {processor.py:830} INFO - Processing file /Users/vamseekrishna/Desktop/F1_Data_Warehouse/f1datawarehouse/lib/python3.9/site-packages/airflow/example_dags/example_short_circuit_operator.py for tasks to queue
[2024-02-24T18:20:16.308-0600] {logging_mixin.py:188} INFO - [2024-02-24T18:20:16.308-0600] {dagbag.py:538} INFO - Filling up the DagBag from /Users/vamseekrishna/Desktop/F1_Data_Warehouse/f1datawarehouse/lib/python3.9/site-packages/airflow/example_dags/example_short_circuit_operator.py
[2024-02-24T18:20:16.322-0600] {processor.py:840} INFO - DAG(s) 'example_short_circuit_operator' retrieved from /Users/vamseekrishna/Desktop/F1_Data_Warehouse/f1datawarehouse/lib/python3.9/site-packages/airflow/example_dags/example_short_circuit_operator.py
[2024-02-24T18:20:16.372-0600] {logging_mixin.py:188} INFO - [2024-02-24T18:20:16.371-0600] {dag.py:3036} INFO - Sync 1 DAGs
[2024-02-24T18:20:16.380-0600] {logging_mixin.py:188} INFO - [2024-02-24T18:20:16.380-0600] {dag.py:3823} INFO - Setting next_dagrun for example_short_circuit_operator to 2024-02-24 00:00:00+00:00, run_after=2024-02-25 00:00:00+00:00
[2024-02-24T18:20:16.388-0600] {processor.py:183} INFO - Processing /Users/vamseekrishna/Desktop/F1_Data_Warehouse/f1datawarehouse/lib/python3.9/site-packages/airflow/example_dags/example_short_circuit_operator.py took 0.085 seconds
[2024-02-24T18:22:21.806-0600] {processor.py:161} INFO - Started process (PID=96716) to work on /Users/vamseekrishna/Desktop/F1_Data_Warehouse/f1datawarehouse/lib/python3.9/site-packages/airflow/example_dags/example_short_circuit_operator.py
[2024-02-24T18:22:21.809-0600] {processor.py:830} INFO - Processing file /Users/vamseekrishna/Desktop/F1_Data_Warehouse/f1datawarehouse/lib/python3.9/site-packages/airflow/example_dags/example_short_circuit_operator.py for tasks to queue
[2024-02-24T18:22:21.809-0600] {logging_mixin.py:188} INFO - [2024-02-24T18:22:21.809-0600] {dagbag.py:538} INFO - Filling up the DagBag from /Users/vamseekrishna/Desktop/F1_Data_Warehouse/f1datawarehouse/lib/python3.9/site-packages/airflow/example_dags/example_short_circuit_operator.py
[2024-02-24T18:22:21.821-0600] {processor.py:840} INFO - DAG(s) 'example_short_circuit_operator' retrieved from /Users/vamseekrishna/Desktop/F1_Data_Warehouse/f1datawarehouse/lib/python3.9/site-packages/airflow/example_dags/example_short_circuit_operator.py
[2024-02-24T18:22:21.869-0600] {logging_mixin.py:188} INFO - [2024-02-24T18:22:21.869-0600] {dag.py:3036} INFO - Sync 1 DAGs
[2024-02-24T18:22:21.877-0600] {logging_mixin.py:188} INFO - [2024-02-24T18:22:21.877-0600] {dag.py:3823} INFO - Setting next_dagrun for example_short_circuit_operator to 2024-02-24 00:00:00+00:00, run_after=2024-02-25 00:00:00+00:00
[2024-02-24T18:22:21.885-0600] {processor.py:183} INFO - Processing /Users/vamseekrishna/Desktop/F1_Data_Warehouse/f1datawarehouse/lib/python3.9/site-packages/airflow/example_dags/example_short_circuit_operator.py took 0.079 seconds
[2024-02-24T18:24:25.112-0600] {processor.py:161} INFO - Started process (PID=96829) to work on /Users/vamseekrishna/Desktop/F1_Data_Warehouse/f1datawarehouse/lib/python3.9/site-packages/airflow/example_dags/example_short_circuit_operator.py
[2024-02-24T18:24:25.114-0600] {processor.py:830} INFO - Processing file /Users/vamseekrishna/Desktop/F1_Data_Warehouse/f1datawarehouse/lib/python3.9/site-packages/airflow/example_dags/example_short_circuit_operator.py for tasks to queue
[2024-02-24T18:24:25.114-0600] {logging_mixin.py:188} INFO - [2024-02-24T18:24:25.114-0600] {dagbag.py:538} INFO - Filling up the DagBag from /Users/vamseekrishna/Desktop/F1_Data_Warehouse/f1datawarehouse/lib/python3.9/site-packages/airflow/example_dags/example_short_circuit_operator.py
[2024-02-24T18:24:25.126-0600] {processor.py:840} INFO - DAG(s) 'example_short_circuit_operator' retrieved from /Users/vamseekrishna/Desktop/F1_Data_Warehouse/f1datawarehouse/lib/python3.9/site-packages/airflow/example_dags/example_short_circuit_operator.py
[2024-02-24T18:24:25.179-0600] {logging_mixin.py:188} INFO - [2024-02-24T18:24:25.178-0600] {dag.py:3036} INFO - Sync 1 DAGs
[2024-02-24T18:24:25.187-0600] {logging_mixin.py:188} INFO - [2024-02-24T18:24:25.187-0600] {dag.py:3823} INFO - Setting next_dagrun for example_short_circuit_operator to 2024-02-24 00:00:00+00:00, run_after=2024-02-25 00:00:00+00:00
[2024-02-24T18:24:25.195-0600] {processor.py:183} INFO - Processing /Users/vamseekrishna/Desktop/F1_Data_Warehouse/f1datawarehouse/lib/python3.9/site-packages/airflow/example_dags/example_short_circuit_operator.py took 0.084 seconds
[2024-02-24T18:26:24.987-0600] {processor.py:161} INFO - Started process (PID=96914) to work on /Users/vamseekrishna/Desktop/F1_Data_Warehouse/f1datawarehouse/lib/python3.9/site-packages/airflow/example_dags/example_short_circuit_operator.py
[2024-02-24T18:26:24.989-0600] {processor.py:830} INFO - Processing file /Users/vamseekrishna/Desktop/F1_Data_Warehouse/f1datawarehouse/lib/python3.9/site-packages/airflow/example_dags/example_short_circuit_operator.py for tasks to queue
[2024-02-24T18:26:24.990-0600] {logging_mixin.py:188} INFO - [2024-02-24T18:26:24.990-0600] {dagbag.py:538} INFO - Filling up the DagBag from /Users/vamseekrishna/Desktop/F1_Data_Warehouse/f1datawarehouse/lib/python3.9/site-packages/airflow/example_dags/example_short_circuit_operator.py
[2024-02-24T18:26:25.002-0600] {processor.py:840} INFO - DAG(s) 'example_short_circuit_operator' retrieved from /Users/vamseekrishna/Desktop/F1_Data_Warehouse/f1datawarehouse/lib/python3.9/site-packages/airflow/example_dags/example_short_circuit_operator.py
[2024-02-24T18:26:25.054-0600] {logging_mixin.py:188} INFO - [2024-02-24T18:26:25.054-0600] {dag.py:3036} INFO - Sync 1 DAGs
[2024-02-24T18:26:25.063-0600] {logging_mixin.py:188} INFO - [2024-02-24T18:26:25.063-0600] {dag.py:3823} INFO - Setting next_dagrun for example_short_circuit_operator to 2024-02-24 00:00:00+00:00, run_after=2024-02-25 00:00:00+00:00
[2024-02-24T18:26:25.071-0600] {processor.py:183} INFO - Processing /Users/vamseekrishna/Desktop/F1_Data_Warehouse/f1datawarehouse/lib/python3.9/site-packages/airflow/example_dags/example_short_circuit_operator.py took 0.085 seconds
[2024-02-24T18:28:25.535-0600] {processor.py:161} INFO - Started process (PID=97011) to work on /Users/vamseekrishna/Desktop/F1_Data_Warehouse/f1datawarehouse/lib/python3.9/site-packages/airflow/example_dags/example_short_circuit_operator.py
[2024-02-24T18:28:25.538-0600] {processor.py:830} INFO - Processing file /Users/vamseekrishna/Desktop/F1_Data_Warehouse/f1datawarehouse/lib/python3.9/site-packages/airflow/example_dags/example_short_circuit_operator.py for tasks to queue
[2024-02-24T18:28:25.538-0600] {logging_mixin.py:188} INFO - [2024-02-24T18:28:25.538-0600] {dagbag.py:538} INFO - Filling up the DagBag from /Users/vamseekrishna/Desktop/F1_Data_Warehouse/f1datawarehouse/lib/python3.9/site-packages/airflow/example_dags/example_short_circuit_operator.py
[2024-02-24T18:28:25.550-0600] {processor.py:840} INFO - DAG(s) 'example_short_circuit_operator' retrieved from /Users/vamseekrishna/Desktop/F1_Data_Warehouse/f1datawarehouse/lib/python3.9/site-packages/airflow/example_dags/example_short_circuit_operator.py
[2024-02-24T18:28:25.598-0600] {logging_mixin.py:188} INFO - [2024-02-24T18:28:25.597-0600] {dag.py:3036} INFO - Sync 1 DAGs
[2024-02-24T18:28:25.606-0600] {logging_mixin.py:188} INFO - [2024-02-24T18:28:25.606-0600] {dag.py:3823} INFO - Setting next_dagrun for example_short_circuit_operator to 2024-02-24 00:00:00+00:00, run_after=2024-02-25 00:00:00+00:00
[2024-02-24T18:28:25.614-0600] {processor.py:183} INFO - Processing /Users/vamseekrishna/Desktop/F1_Data_Warehouse/f1datawarehouse/lib/python3.9/site-packages/airflow/example_dags/example_short_circuit_operator.py took 0.079 seconds
[2024-02-24T18:30:29.673-0600] {processor.py:161} INFO - Started process (PID=97125) to work on /Users/vamseekrishna/Desktop/F1_Data_Warehouse/f1datawarehouse/lib/python3.9/site-packages/airflow/example_dags/example_short_circuit_operator.py
[2024-02-24T18:30:29.674-0600] {processor.py:830} INFO - Processing file /Users/vamseekrishna/Desktop/F1_Data_Warehouse/f1datawarehouse/lib/python3.9/site-packages/airflow/example_dags/example_short_circuit_operator.py for tasks to queue
[2024-02-24T18:30:29.675-0600] {logging_mixin.py:188} INFO - [2024-02-24T18:30:29.675-0600] {dagbag.py:538} INFO - Filling up the DagBag from /Users/vamseekrishna/Desktop/F1_Data_Warehouse/f1datawarehouse/lib/python3.9/site-packages/airflow/example_dags/example_short_circuit_operator.py
[2024-02-24T18:30:29.688-0600] {processor.py:840} INFO - DAG(s) 'example_short_circuit_operator' retrieved from /Users/vamseekrishna/Desktop/F1_Data_Warehouse/f1datawarehouse/lib/python3.9/site-packages/airflow/example_dags/example_short_circuit_operator.py
[2024-02-24T18:30:29.743-0600] {logging_mixin.py:188} INFO - [2024-02-24T18:30:29.743-0600] {dag.py:3036} INFO - Sync 1 DAGs
[2024-02-24T18:30:29.752-0600] {logging_mixin.py:188} INFO - [2024-02-24T18:30:29.752-0600] {dag.py:3823} INFO - Setting next_dagrun for example_short_circuit_operator to 2024-02-24 00:00:00+00:00, run_after=2024-02-25 00:00:00+00:00
[2024-02-24T18:30:29.880-0600] {processor.py:183} INFO - Processing /Users/vamseekrishna/Desktop/F1_Data_Warehouse/f1datawarehouse/lib/python3.9/site-packages/airflow/example_dags/example_short_circuit_operator.py took 0.209 seconds
[2024-02-24T18:32:24.711-0600] {processor.py:161} INFO - Started process (PID=97236) to work on /Users/vamseekrishna/Desktop/F1_Data_Warehouse/f1datawarehouse/lib/python3.9/site-packages/airflow/example_dags/example_short_circuit_operator.py
[2024-02-24T18:32:24.713-0600] {processor.py:830} INFO - Processing file /Users/vamseekrishna/Desktop/F1_Data_Warehouse/f1datawarehouse/lib/python3.9/site-packages/airflow/example_dags/example_short_circuit_operator.py for tasks to queue
[2024-02-24T18:32:24.713-0600] {logging_mixin.py:188} INFO - [2024-02-24T18:32:24.713-0600] {dagbag.py:538} INFO - Filling up the DagBag from /Users/vamseekrishna/Desktop/F1_Data_Warehouse/f1datawarehouse/lib/python3.9/site-packages/airflow/example_dags/example_short_circuit_operator.py
[2024-02-24T18:32:24.726-0600] {processor.py:840} INFO - DAG(s) 'example_short_circuit_operator' retrieved from /Users/vamseekrishna/Desktop/F1_Data_Warehouse/f1datawarehouse/lib/python3.9/site-packages/airflow/example_dags/example_short_circuit_operator.py
[2024-02-24T18:32:24.777-0600] {logging_mixin.py:188} INFO - [2024-02-24T18:32:24.777-0600] {dag.py:3036} INFO - Sync 1 DAGs
[2024-02-24T18:32:24.786-0600] {logging_mixin.py:188} INFO - [2024-02-24T18:32:24.786-0600] {dag.py:3823} INFO - Setting next_dagrun for example_short_circuit_operator to 2024-02-24 00:00:00+00:00, run_after=2024-02-25 00:00:00+00:00
[2024-02-24T18:32:24.794-0600] {processor.py:183} INFO - Processing /Users/vamseekrishna/Desktop/F1_Data_Warehouse/f1datawarehouse/lib/python3.9/site-packages/airflow/example_dags/example_short_circuit_operator.py took 0.084 seconds
[2024-02-24T18:34:24.764-0600] {processor.py:161} INFO - Started process (PID=97339) to work on /Users/vamseekrishna/Desktop/F1_Data_Warehouse/f1datawarehouse/lib/python3.9/site-packages/airflow/example_dags/example_short_circuit_operator.py
[2024-02-24T18:34:24.766-0600] {processor.py:830} INFO - Processing file /Users/vamseekrishna/Desktop/F1_Data_Warehouse/f1datawarehouse/lib/python3.9/site-packages/airflow/example_dags/example_short_circuit_operator.py for tasks to queue
[2024-02-24T18:34:24.767-0600] {logging_mixin.py:188} INFO - [2024-02-24T18:34:24.766-0600] {dagbag.py:538} INFO - Filling up the DagBag from /Users/vamseekrishna/Desktop/F1_Data_Warehouse/f1datawarehouse/lib/python3.9/site-packages/airflow/example_dags/example_short_circuit_operator.py
[2024-02-24T18:34:24.779-0600] {processor.py:840} INFO - DAG(s) 'example_short_circuit_operator' retrieved from /Users/vamseekrishna/Desktop/F1_Data_Warehouse/f1datawarehouse/lib/python3.9/site-packages/airflow/example_dags/example_short_circuit_operator.py
[2024-02-24T18:34:24.826-0600] {logging_mixin.py:188} INFO - [2024-02-24T18:34:24.826-0600] {dag.py:3036} INFO - Sync 1 DAGs
[2024-02-24T18:34:24.834-0600] {logging_mixin.py:188} INFO - [2024-02-24T18:34:24.834-0600] {dag.py:3823} INFO - Setting next_dagrun for example_short_circuit_operator to 2024-02-24 00:00:00+00:00, run_after=2024-02-25 00:00:00+00:00
[2024-02-24T18:34:24.841-0600] {processor.py:183} INFO - Processing /Users/vamseekrishna/Desktop/F1_Data_Warehouse/f1datawarehouse/lib/python3.9/site-packages/airflow/example_dags/example_short_circuit_operator.py took 0.078 seconds
[2024-02-24T18:36:24.340-0600] {processor.py:161} INFO - Started process (PID=97427) to work on /Users/vamseekrishna/Desktop/F1_Data_Warehouse/f1datawarehouse/lib/python3.9/site-packages/airflow/example_dags/example_short_circuit_operator.py
[2024-02-24T18:36:24.343-0600] {processor.py:830} INFO - Processing file /Users/vamseekrishna/Desktop/F1_Data_Warehouse/f1datawarehouse/lib/python3.9/site-packages/airflow/example_dags/example_short_circuit_operator.py for tasks to queue
[2024-02-24T18:36:24.343-0600] {logging_mixin.py:188} INFO - [2024-02-24T18:36:24.343-0600] {dagbag.py:538} INFO - Filling up the DagBag from /Users/vamseekrishna/Desktop/F1_Data_Warehouse/f1datawarehouse/lib/python3.9/site-packages/airflow/example_dags/example_short_circuit_operator.py
[2024-02-24T18:36:24.355-0600] {processor.py:840} INFO - DAG(s) 'example_short_circuit_operator' retrieved from /Users/vamseekrishna/Desktop/F1_Data_Warehouse/f1datawarehouse/lib/python3.9/site-packages/airflow/example_dags/example_short_circuit_operator.py
[2024-02-24T18:36:24.404-0600] {logging_mixin.py:188} INFO - [2024-02-24T18:36:24.404-0600] {dag.py:3036} INFO - Sync 1 DAGs
[2024-02-24T18:36:24.413-0600] {logging_mixin.py:188} INFO - [2024-02-24T18:36:24.413-0600] {dag.py:3823} INFO - Setting next_dagrun for example_short_circuit_operator to 2024-02-24 00:00:00+00:00, run_after=2024-02-25 00:00:00+00:00
[2024-02-24T18:36:24.420-0600] {processor.py:183} INFO - Processing /Users/vamseekrishna/Desktop/F1_Data_Warehouse/f1datawarehouse/lib/python3.9/site-packages/airflow/example_dags/example_short_circuit_operator.py took 0.081 seconds
[2024-02-24T18:38:26.262-0600] {processor.py:161} INFO - Started process (PID=97545) to work on /Users/vamseekrishna/Desktop/F1_Data_Warehouse/f1datawarehouse/lib/python3.9/site-packages/airflow/example_dags/example_short_circuit_operator.py
[2024-02-24T18:38:26.264-0600] {processor.py:830} INFO - Processing file /Users/vamseekrishna/Desktop/F1_Data_Warehouse/f1datawarehouse/lib/python3.9/site-packages/airflow/example_dags/example_short_circuit_operator.py for tasks to queue
[2024-02-24T18:38:26.264-0600] {logging_mixin.py:188} INFO - [2024-02-24T18:38:26.264-0600] {dagbag.py:538} INFO - Filling up the DagBag from /Users/vamseekrishna/Desktop/F1_Data_Warehouse/f1datawarehouse/lib/python3.9/site-packages/airflow/example_dags/example_short_circuit_operator.py
[2024-02-24T18:38:26.276-0600] {processor.py:840} INFO - DAG(s) 'example_short_circuit_operator' retrieved from /Users/vamseekrishna/Desktop/F1_Data_Warehouse/f1datawarehouse/lib/python3.9/site-packages/airflow/example_dags/example_short_circuit_operator.py
[2024-02-24T18:38:26.324-0600] {logging_mixin.py:188} INFO - [2024-02-24T18:38:26.324-0600] {dag.py:3036} INFO - Sync 1 DAGs
[2024-02-24T18:38:26.332-0600] {logging_mixin.py:188} INFO - [2024-02-24T18:38:26.332-0600] {dag.py:3823} INFO - Setting next_dagrun for example_short_circuit_operator to 2024-02-24 00:00:00+00:00, run_after=2024-02-25 00:00:00+00:00
[2024-02-24T18:38:26.340-0600] {processor.py:183} INFO - Processing /Users/vamseekrishna/Desktop/F1_Data_Warehouse/f1datawarehouse/lib/python3.9/site-packages/airflow/example_dags/example_short_circuit_operator.py took 0.079 seconds
[2024-02-24T18:40:29.439-0600] {processor.py:161} INFO - Started process (PID=97640) to work on /Users/vamseekrishna/Desktop/F1_Data_Warehouse/f1datawarehouse/lib/python3.9/site-packages/airflow/example_dags/example_short_circuit_operator.py
[2024-02-24T18:40:29.441-0600] {processor.py:830} INFO - Processing file /Users/vamseekrishna/Desktop/F1_Data_Warehouse/f1datawarehouse/lib/python3.9/site-packages/airflow/example_dags/example_short_circuit_operator.py for tasks to queue
[2024-02-24T18:40:29.441-0600] {logging_mixin.py:188} INFO - [2024-02-24T18:40:29.441-0600] {dagbag.py:538} INFO - Filling up the DagBag from /Users/vamseekrishna/Desktop/F1_Data_Warehouse/f1datawarehouse/lib/python3.9/site-packages/airflow/example_dags/example_short_circuit_operator.py
[2024-02-24T18:40:29.453-0600] {processor.py:840} INFO - DAG(s) 'example_short_circuit_operator' retrieved from /Users/vamseekrishna/Desktop/F1_Data_Warehouse/f1datawarehouse/lib/python3.9/site-packages/airflow/example_dags/example_short_circuit_operator.py
[2024-02-24T18:40:29.501-0600] {logging_mixin.py:188} INFO - [2024-02-24T18:40:29.501-0600] {dag.py:3036} INFO - Sync 1 DAGs
[2024-02-24T18:40:29.509-0600] {logging_mixin.py:188} INFO - [2024-02-24T18:40:29.509-0600] {dag.py:3823} INFO - Setting next_dagrun for example_short_circuit_operator to 2024-02-24 00:00:00+00:00, run_after=2024-02-25 00:00:00+00:00
[2024-02-24T18:40:29.517-0600] {processor.py:183} INFO - Processing /Users/vamseekrishna/Desktop/F1_Data_Warehouse/f1datawarehouse/lib/python3.9/site-packages/airflow/example_dags/example_short_circuit_operator.py took 0.079 seconds
[2024-02-24T18:42:25.155-0600] {processor.py:161} INFO - Started process (PID=97728) to work on /Users/vamseekrishna/Desktop/F1_Data_Warehouse/f1datawarehouse/lib/python3.9/site-packages/airflow/example_dags/example_short_circuit_operator.py
[2024-02-24T18:42:25.157-0600] {processor.py:830} INFO - Processing file /Users/vamseekrishna/Desktop/F1_Data_Warehouse/f1datawarehouse/lib/python3.9/site-packages/airflow/example_dags/example_short_circuit_operator.py for tasks to queue
[2024-02-24T18:42:25.158-0600] {logging_mixin.py:188} INFO - [2024-02-24T18:42:25.158-0600] {dagbag.py:538} INFO - Filling up the DagBag from /Users/vamseekrishna/Desktop/F1_Data_Warehouse/f1datawarehouse/lib/python3.9/site-packages/airflow/example_dags/example_short_circuit_operator.py
[2024-02-24T18:42:25.170-0600] {processor.py:840} INFO - DAG(s) 'example_short_circuit_operator' retrieved from /Users/vamseekrishna/Desktop/F1_Data_Warehouse/f1datawarehouse/lib/python3.9/site-packages/airflow/example_dags/example_short_circuit_operator.py
[2024-02-24T18:42:25.218-0600] {logging_mixin.py:188} INFO - [2024-02-24T18:42:25.218-0600] {dag.py:3036} INFO - Sync 1 DAGs
[2024-02-24T18:42:25.227-0600] {logging_mixin.py:188} INFO - [2024-02-24T18:42:25.227-0600] {dag.py:3823} INFO - Setting next_dagrun for example_short_circuit_operator to 2024-02-24 00:00:00+00:00, run_after=2024-02-25 00:00:00+00:00
[2024-02-24T18:42:25.235-0600] {processor.py:183} INFO - Processing /Users/vamseekrishna/Desktop/F1_Data_Warehouse/f1datawarehouse/lib/python3.9/site-packages/airflow/example_dags/example_short_circuit_operator.py took 0.080 seconds
[2024-02-24T18:44:28.427-0600] {processor.py:161} INFO - Started process (PID=97840) to work on /Users/vamseekrishna/Desktop/F1_Data_Warehouse/f1datawarehouse/lib/python3.9/site-packages/airflow/example_dags/example_short_circuit_operator.py
[2024-02-24T18:44:28.429-0600] {processor.py:830} INFO - Processing file /Users/vamseekrishna/Desktop/F1_Data_Warehouse/f1datawarehouse/lib/python3.9/site-packages/airflow/example_dags/example_short_circuit_operator.py for tasks to queue
[2024-02-24T18:44:28.429-0600] {logging_mixin.py:188} INFO - [2024-02-24T18:44:28.429-0600] {dagbag.py:538} INFO - Filling up the DagBag from /Users/vamseekrishna/Desktop/F1_Data_Warehouse/f1datawarehouse/lib/python3.9/site-packages/airflow/example_dags/example_short_circuit_operator.py
[2024-02-24T18:44:28.441-0600] {processor.py:840} INFO - DAG(s) 'example_short_circuit_operator' retrieved from /Users/vamseekrishna/Desktop/F1_Data_Warehouse/f1datawarehouse/lib/python3.9/site-packages/airflow/example_dags/example_short_circuit_operator.py
[2024-02-24T18:44:28.488-0600] {logging_mixin.py:188} INFO - [2024-02-24T18:44:28.488-0600] {dag.py:3036} INFO - Sync 1 DAGs
[2024-02-24T18:44:28.496-0600] {logging_mixin.py:188} INFO - [2024-02-24T18:44:28.496-0600] {dag.py:3823} INFO - Setting next_dagrun for example_short_circuit_operator to 2024-02-24 00:00:00+00:00, run_after=2024-02-25 00:00:00+00:00
[2024-02-24T18:44:28.504-0600] {processor.py:183} INFO - Processing /Users/vamseekrishna/Desktop/F1_Data_Warehouse/f1datawarehouse/lib/python3.9/site-packages/airflow/example_dags/example_short_circuit_operator.py took 0.078 seconds
[2024-02-24T18:46:31.995-0600] {processor.py:161} INFO - Started process (PID=97949) to work on /Users/vamseekrishna/Desktop/F1_Data_Warehouse/f1datawarehouse/lib/python3.9/site-packages/airflow/example_dags/example_short_circuit_operator.py
[2024-02-24T18:46:31.997-0600] {processor.py:830} INFO - Processing file /Users/vamseekrishna/Desktop/F1_Data_Warehouse/f1datawarehouse/lib/python3.9/site-packages/airflow/example_dags/example_short_circuit_operator.py for tasks to queue
[2024-02-24T18:46:31.997-0600] {logging_mixin.py:188} INFO - [2024-02-24T18:46:31.997-0600] {dagbag.py:538} INFO - Filling up the DagBag from /Users/vamseekrishna/Desktop/F1_Data_Warehouse/f1datawarehouse/lib/python3.9/site-packages/airflow/example_dags/example_short_circuit_operator.py
[2024-02-24T18:46:32.009-0600] {processor.py:840} INFO - DAG(s) 'example_short_circuit_operator' retrieved from /Users/vamseekrishna/Desktop/F1_Data_Warehouse/f1datawarehouse/lib/python3.9/site-packages/airflow/example_dags/example_short_circuit_operator.py
[2024-02-24T18:46:32.055-0600] {logging_mixin.py:188} INFO - [2024-02-24T18:46:32.055-0600] {dag.py:3036} INFO - Sync 1 DAGs
[2024-02-24T18:46:32.063-0600] {logging_mixin.py:188} INFO - [2024-02-24T18:46:32.063-0600] {dag.py:3823} INFO - Setting next_dagrun for example_short_circuit_operator to 2024-02-24 00:00:00+00:00, run_after=2024-02-25 00:00:00+00:00
[2024-02-24T18:46:32.071-0600] {processor.py:183} INFO - Processing /Users/vamseekrishna/Desktop/F1_Data_Warehouse/f1datawarehouse/lib/python3.9/site-packages/airflow/example_dags/example_short_circuit_operator.py took 0.077 seconds
[2024-02-24T18:48:30.716-0600] {processor.py:161} INFO - Started process (PID=98038) to work on /Users/vamseekrishna/Desktop/F1_Data_Warehouse/f1datawarehouse/lib/python3.9/site-packages/airflow/example_dags/example_short_circuit_operator.py
[2024-02-24T18:48:30.718-0600] {processor.py:830} INFO - Processing file /Users/vamseekrishna/Desktop/F1_Data_Warehouse/f1datawarehouse/lib/python3.9/site-packages/airflow/example_dags/example_short_circuit_operator.py for tasks to queue
[2024-02-24T18:48:30.718-0600] {logging_mixin.py:188} INFO - [2024-02-24T18:48:30.718-0600] {dagbag.py:538} INFO - Filling up the DagBag from /Users/vamseekrishna/Desktop/F1_Data_Warehouse/f1datawarehouse/lib/python3.9/site-packages/airflow/example_dags/example_short_circuit_operator.py
[2024-02-24T18:48:30.731-0600] {processor.py:840} INFO - DAG(s) 'example_short_circuit_operator' retrieved from /Users/vamseekrishna/Desktop/F1_Data_Warehouse/f1datawarehouse/lib/python3.9/site-packages/airflow/example_dags/example_short_circuit_operator.py
[2024-02-24T18:48:30.778-0600] {logging_mixin.py:188} INFO - [2024-02-24T18:48:30.778-0600] {dag.py:3036} INFO - Sync 1 DAGs
[2024-02-24T18:48:30.787-0600] {logging_mixin.py:188} INFO - [2024-02-24T18:48:30.786-0600] {dag.py:3823} INFO - Setting next_dagrun for example_short_circuit_operator to 2024-02-24 00:00:00+00:00, run_after=2024-02-25 00:00:00+00:00
[2024-02-24T18:48:30.794-0600] {processor.py:183} INFO - Processing /Users/vamseekrishna/Desktop/F1_Data_Warehouse/f1datawarehouse/lib/python3.9/site-packages/airflow/example_dags/example_short_circuit_operator.py took 0.079 seconds
[2024-02-24T18:50:34.129-0600] {processor.py:161} INFO - Started process (PID=98128) to work on /Users/vamseekrishna/Desktop/F1_Data_Warehouse/f1datawarehouse/lib/python3.9/site-packages/airflow/example_dags/example_short_circuit_operator.py
[2024-02-24T18:50:34.132-0600] {processor.py:830} INFO - Processing file /Users/vamseekrishna/Desktop/F1_Data_Warehouse/f1datawarehouse/lib/python3.9/site-packages/airflow/example_dags/example_short_circuit_operator.py for tasks to queue
[2024-02-24T18:50:34.132-0600] {logging_mixin.py:188} INFO - [2024-02-24T18:50:34.132-0600] {dagbag.py:538} INFO - Filling up the DagBag from /Users/vamseekrishna/Desktop/F1_Data_Warehouse/f1datawarehouse/lib/python3.9/site-packages/airflow/example_dags/example_short_circuit_operator.py
[2024-02-24T18:50:34.144-0600] {processor.py:840} INFO - DAG(s) 'example_short_circuit_operator' retrieved from /Users/vamseekrishna/Desktop/F1_Data_Warehouse/f1datawarehouse/lib/python3.9/site-packages/airflow/example_dags/example_short_circuit_operator.py
[2024-02-24T18:50:34.192-0600] {logging_mixin.py:188} INFO - [2024-02-24T18:50:34.192-0600] {dag.py:3036} INFO - Sync 1 DAGs
[2024-02-24T18:50:34.200-0600] {logging_mixin.py:188} INFO - [2024-02-24T18:50:34.200-0600] {dag.py:3823} INFO - Setting next_dagrun for example_short_circuit_operator to 2024-02-24 00:00:00+00:00, run_after=2024-02-25 00:00:00+00:00
[2024-02-24T18:50:34.208-0600] {processor.py:183} INFO - Processing /Users/vamseekrishna/Desktop/F1_Data_Warehouse/f1datawarehouse/lib/python3.9/site-packages/airflow/example_dags/example_short_circuit_operator.py took 0.079 seconds
[2024-02-24T18:52:30.601-0600] {processor.py:161} INFO - Started process (PID=98228) to work on /Users/vamseekrishna/Desktop/F1_Data_Warehouse/f1datawarehouse/lib/python3.9/site-packages/airflow/example_dags/example_short_circuit_operator.py
[2024-02-24T18:52:30.603-0600] {processor.py:830} INFO - Processing file /Users/vamseekrishna/Desktop/F1_Data_Warehouse/f1datawarehouse/lib/python3.9/site-packages/airflow/example_dags/example_short_circuit_operator.py for tasks to queue
[2024-02-24T18:52:30.603-0600] {logging_mixin.py:188} INFO - [2024-02-24T18:52:30.603-0600] {dagbag.py:538} INFO - Filling up the DagBag from /Users/vamseekrishna/Desktop/F1_Data_Warehouse/f1datawarehouse/lib/python3.9/site-packages/airflow/example_dags/example_short_circuit_operator.py
[2024-02-24T18:52:30.616-0600] {processor.py:840} INFO - DAG(s) 'example_short_circuit_operator' retrieved from /Users/vamseekrishna/Desktop/F1_Data_Warehouse/f1datawarehouse/lib/python3.9/site-packages/airflow/example_dags/example_short_circuit_operator.py
[2024-02-24T18:52:30.664-0600] {logging_mixin.py:188} INFO - [2024-02-24T18:52:30.663-0600] {dag.py:3036} INFO - Sync 1 DAGs
[2024-02-24T18:52:30.672-0600] {logging_mixin.py:188} INFO - [2024-02-24T18:52:30.672-0600] {dag.py:3823} INFO - Setting next_dagrun for example_short_circuit_operator to 2024-02-24 00:00:00+00:00, run_after=2024-02-25 00:00:00+00:00
[2024-02-24T18:52:30.680-0600] {processor.py:183} INFO - Processing /Users/vamseekrishna/Desktop/F1_Data_Warehouse/f1datawarehouse/lib/python3.9/site-packages/airflow/example_dags/example_short_circuit_operator.py took 0.080 seconds
[2024-02-24T18:54:31.348-0600] {processor.py:161} INFO - Started process (PID=98323) to work on /Users/vamseekrishna/Desktop/F1_Data_Warehouse/f1datawarehouse/lib/python3.9/site-packages/airflow/example_dags/example_short_circuit_operator.py
[2024-02-24T18:54:31.350-0600] {processor.py:830} INFO - Processing file /Users/vamseekrishna/Desktop/F1_Data_Warehouse/f1datawarehouse/lib/python3.9/site-packages/airflow/example_dags/example_short_circuit_operator.py for tasks to queue
[2024-02-24T18:54:31.350-0600] {logging_mixin.py:188} INFO - [2024-02-24T18:54:31.350-0600] {dagbag.py:538} INFO - Filling up the DagBag from /Users/vamseekrishna/Desktop/F1_Data_Warehouse/f1datawarehouse/lib/python3.9/site-packages/airflow/example_dags/example_short_circuit_operator.py
[2024-02-24T18:54:31.362-0600] {processor.py:840} INFO - DAG(s) 'example_short_circuit_operator' retrieved from /Users/vamseekrishna/Desktop/F1_Data_Warehouse/f1datawarehouse/lib/python3.9/site-packages/airflow/example_dags/example_short_circuit_operator.py
[2024-02-24T18:54:31.410-0600] {logging_mixin.py:188} INFO - [2024-02-24T18:54:31.410-0600] {dag.py:3036} INFO - Sync 1 DAGs
[2024-02-24T18:54:31.420-0600] {logging_mixin.py:188} INFO - [2024-02-24T18:54:31.420-0600] {dag.py:3823} INFO - Setting next_dagrun for example_short_circuit_operator to 2024-02-24 00:00:00+00:00, run_after=2024-02-25 00:00:00+00:00
[2024-02-24T18:54:31.430-0600] {processor.py:183} INFO - Processing /Users/vamseekrishna/Desktop/F1_Data_Warehouse/f1datawarehouse/lib/python3.9/site-packages/airflow/example_dags/example_short_circuit_operator.py took 0.082 seconds
[2024-02-24T18:56:29.890-0600] {processor.py:161} INFO - Started process (PID=98423) to work on /Users/vamseekrishna/Desktop/F1_Data_Warehouse/f1datawarehouse/lib/python3.9/site-packages/airflow/example_dags/example_short_circuit_operator.py
[2024-02-24T18:56:29.892-0600] {processor.py:830} INFO - Processing file /Users/vamseekrishna/Desktop/F1_Data_Warehouse/f1datawarehouse/lib/python3.9/site-packages/airflow/example_dags/example_short_circuit_operator.py for tasks to queue
[2024-02-24T18:56:29.892-0600] {logging_mixin.py:188} INFO - [2024-02-24T18:56:29.892-0600] {dagbag.py:538} INFO - Filling up the DagBag from /Users/vamseekrishna/Desktop/F1_Data_Warehouse/f1datawarehouse/lib/python3.9/site-packages/airflow/example_dags/example_short_circuit_operator.py
[2024-02-24T18:56:29.905-0600] {processor.py:840} INFO - DAG(s) 'example_short_circuit_operator' retrieved from /Users/vamseekrishna/Desktop/F1_Data_Warehouse/f1datawarehouse/lib/python3.9/site-packages/airflow/example_dags/example_short_circuit_operator.py
[2024-02-24T18:56:29.953-0600] {logging_mixin.py:188} INFO - [2024-02-24T18:56:29.952-0600] {dag.py:3036} INFO - Sync 1 DAGs
[2024-02-24T18:56:29.961-0600] {logging_mixin.py:188} INFO - [2024-02-24T18:56:29.961-0600] {dag.py:3823} INFO - Setting next_dagrun for example_short_circuit_operator to 2024-02-24 00:00:00+00:00, run_after=2024-02-25 00:00:00+00:00
[2024-02-24T18:56:29.968-0600] {processor.py:183} INFO - Processing /Users/vamseekrishna/Desktop/F1_Data_Warehouse/f1datawarehouse/lib/python3.9/site-packages/airflow/example_dags/example_short_circuit_operator.py took 0.079 seconds
[2024-02-24T18:58:32.134-0600] {processor.py:161} INFO - Started process (PID=98520) to work on /Users/vamseekrishna/Desktop/F1_Data_Warehouse/f1datawarehouse/lib/python3.9/site-packages/airflow/example_dags/example_short_circuit_operator.py
[2024-02-24T18:58:32.136-0600] {processor.py:830} INFO - Processing file /Users/vamseekrishna/Desktop/F1_Data_Warehouse/f1datawarehouse/lib/python3.9/site-packages/airflow/example_dags/example_short_circuit_operator.py for tasks to queue
[2024-02-24T18:58:32.136-0600] {logging_mixin.py:188} INFO - [2024-02-24T18:58:32.136-0600] {dagbag.py:538} INFO - Filling up the DagBag from /Users/vamseekrishna/Desktop/F1_Data_Warehouse/f1datawarehouse/lib/python3.9/site-packages/airflow/example_dags/example_short_circuit_operator.py
[2024-02-24T18:58:32.149-0600] {processor.py:840} INFO - DAG(s) 'example_short_circuit_operator' retrieved from /Users/vamseekrishna/Desktop/F1_Data_Warehouse/f1datawarehouse/lib/python3.9/site-packages/airflow/example_dags/example_short_circuit_operator.py
[2024-02-24T18:58:32.197-0600] {logging_mixin.py:188} INFO - [2024-02-24T18:58:32.197-0600] {dag.py:3036} INFO - Sync 1 DAGs
[2024-02-24T18:58:32.206-0600] {logging_mixin.py:188} INFO - [2024-02-24T18:58:32.206-0600] {dag.py:3823} INFO - Setting next_dagrun for example_short_circuit_operator to 2024-02-24 00:00:00+00:00, run_after=2024-02-25 00:00:00+00:00
[2024-02-24T18:58:32.213-0600] {processor.py:183} INFO - Processing /Users/vamseekrishna/Desktop/F1_Data_Warehouse/f1datawarehouse/lib/python3.9/site-packages/airflow/example_dags/example_short_circuit_operator.py took 0.080 seconds
[2024-02-24T19:00:33.087-0600] {processor.py:161} INFO - Started process (PID=98670) to work on /Users/vamseekrishna/Desktop/F1_Data_Warehouse/f1datawarehouse/lib/python3.9/site-packages/airflow/example_dags/example_short_circuit_operator.py
[2024-02-24T19:00:33.088-0600] {processor.py:830} INFO - Processing file /Users/vamseekrishna/Desktop/F1_Data_Warehouse/f1datawarehouse/lib/python3.9/site-packages/airflow/example_dags/example_short_circuit_operator.py for tasks to queue
[2024-02-24T19:00:33.089-0600] {logging_mixin.py:188} INFO - [2024-02-24T19:00:33.089-0600] {dagbag.py:538} INFO - Filling up the DagBag from /Users/vamseekrishna/Desktop/F1_Data_Warehouse/f1datawarehouse/lib/python3.9/site-packages/airflow/example_dags/example_short_circuit_operator.py
[2024-02-24T19:00:33.104-0600] {processor.py:840} INFO - DAG(s) 'example_short_circuit_operator' retrieved from /Users/vamseekrishna/Desktop/F1_Data_Warehouse/f1datawarehouse/lib/python3.9/site-packages/airflow/example_dags/example_short_circuit_operator.py
[2024-02-24T19:00:33.157-0600] {logging_mixin.py:188} INFO - [2024-02-24T19:00:33.157-0600] {dag.py:3036} INFO - Sync 1 DAGs
[2024-02-24T19:00:33.166-0600] {logging_mixin.py:188} INFO - [2024-02-24T19:00:33.166-0600] {dag.py:3823} INFO - Setting next_dagrun for example_short_circuit_operator to 2024-02-24 00:00:00+00:00, run_after=2024-02-25 00:00:00+00:00
[2024-02-24T19:00:33.175-0600] {processor.py:183} INFO - Processing /Users/vamseekrishna/Desktop/F1_Data_Warehouse/f1datawarehouse/lib/python3.9/site-packages/airflow/example_dags/example_short_circuit_operator.py took 0.089 seconds
[2024-02-24T19:02:34.565-0600] {processor.py:161} INFO - Started process (PID=98840) to work on /Users/vamseekrishna/Desktop/F1_Data_Warehouse/f1datawarehouse/lib/python3.9/site-packages/airflow/example_dags/example_short_circuit_operator.py
[2024-02-24T19:02:34.567-0600] {processor.py:830} INFO - Processing file /Users/vamseekrishna/Desktop/F1_Data_Warehouse/f1datawarehouse/lib/python3.9/site-packages/airflow/example_dags/example_short_circuit_operator.py for tasks to queue
[2024-02-24T19:02:34.567-0600] {logging_mixin.py:188} INFO - [2024-02-24T19:02:34.567-0600] {dagbag.py:538} INFO - Filling up the DagBag from /Users/vamseekrishna/Desktop/F1_Data_Warehouse/f1datawarehouse/lib/python3.9/site-packages/airflow/example_dags/example_short_circuit_operator.py
[2024-02-24T19:02:34.580-0600] {processor.py:840} INFO - DAG(s) 'example_short_circuit_operator' retrieved from /Users/vamseekrishna/Desktop/F1_Data_Warehouse/f1datawarehouse/lib/python3.9/site-packages/airflow/example_dags/example_short_circuit_operator.py
[2024-02-24T19:02:34.628-0600] {logging_mixin.py:188} INFO - [2024-02-24T19:02:34.628-0600] {dag.py:3036} INFO - Sync 1 DAGs
[2024-02-24T19:02:34.637-0600] {logging_mixin.py:188} INFO - [2024-02-24T19:02:34.637-0600] {dag.py:3823} INFO - Setting next_dagrun for example_short_circuit_operator to 2024-02-24 00:00:00+00:00, run_after=2024-02-25 00:00:00+00:00
[2024-02-24T19:02:34.644-0600] {processor.py:183} INFO - Processing /Users/vamseekrishna/Desktop/F1_Data_Warehouse/f1datawarehouse/lib/python3.9/site-packages/airflow/example_dags/example_short_circuit_operator.py took 0.080 seconds
[2024-02-24T19:04:31.044-0600] {processor.py:161} INFO - Started process (PID=98948) to work on /Users/vamseekrishna/Desktop/F1_Data_Warehouse/f1datawarehouse/lib/python3.9/site-packages/airflow/example_dags/example_short_circuit_operator.py
[2024-02-24T19:04:31.046-0600] {processor.py:830} INFO - Processing file /Users/vamseekrishna/Desktop/F1_Data_Warehouse/f1datawarehouse/lib/python3.9/site-packages/airflow/example_dags/example_short_circuit_operator.py for tasks to queue
[2024-02-24T19:04:31.046-0600] {logging_mixin.py:188} INFO - [2024-02-24T19:04:31.046-0600] {dagbag.py:538} INFO - Filling up the DagBag from /Users/vamseekrishna/Desktop/F1_Data_Warehouse/f1datawarehouse/lib/python3.9/site-packages/airflow/example_dags/example_short_circuit_operator.py
[2024-02-24T19:04:31.058-0600] {processor.py:840} INFO - DAG(s) 'example_short_circuit_operator' retrieved from /Users/vamseekrishna/Desktop/F1_Data_Warehouse/f1datawarehouse/lib/python3.9/site-packages/airflow/example_dags/example_short_circuit_operator.py
[2024-02-24T19:04:31.106-0600] {logging_mixin.py:188} INFO - [2024-02-24T19:04:31.106-0600] {dag.py:3036} INFO - Sync 1 DAGs
[2024-02-24T19:04:31.114-0600] {logging_mixin.py:188} INFO - [2024-02-24T19:04:31.114-0600] {dag.py:3823} INFO - Setting next_dagrun for example_short_circuit_operator to 2024-02-24 00:00:00+00:00, run_after=2024-02-25 00:00:00+00:00
[2024-02-24T19:04:31.122-0600] {processor.py:183} INFO - Processing /Users/vamseekrishna/Desktop/F1_Data_Warehouse/f1datawarehouse/lib/python3.9/site-packages/airflow/example_dags/example_short_circuit_operator.py took 0.079 seconds
[2024-02-24T19:06:27.127-0600] {processor.py:161} INFO - Started process (PID=99044) to work on /Users/vamseekrishna/Desktop/F1_Data_Warehouse/f1datawarehouse/lib/python3.9/site-packages/airflow/example_dags/example_short_circuit_operator.py
[2024-02-24T19:06:27.129-0600] {processor.py:830} INFO - Processing file /Users/vamseekrishna/Desktop/F1_Data_Warehouse/f1datawarehouse/lib/python3.9/site-packages/airflow/example_dags/example_short_circuit_operator.py for tasks to queue
[2024-02-24T19:06:27.129-0600] {logging_mixin.py:188} INFO - [2024-02-24T19:06:27.129-0600] {dagbag.py:538} INFO - Filling up the DagBag from /Users/vamseekrishna/Desktop/F1_Data_Warehouse/f1datawarehouse/lib/python3.9/site-packages/airflow/example_dags/example_short_circuit_operator.py
[2024-02-24T19:06:27.141-0600] {processor.py:840} INFO - DAG(s) 'example_short_circuit_operator' retrieved from /Users/vamseekrishna/Desktop/F1_Data_Warehouse/f1datawarehouse/lib/python3.9/site-packages/airflow/example_dags/example_short_circuit_operator.py
[2024-02-24T19:06:27.189-0600] {logging_mixin.py:188} INFO - [2024-02-24T19:06:27.188-0600] {dag.py:3036} INFO - Sync 1 DAGs
[2024-02-24T19:06:27.197-0600] {logging_mixin.py:188} INFO - [2024-02-24T19:06:27.197-0600] {dag.py:3823} INFO - Setting next_dagrun for example_short_circuit_operator to 2024-02-24 00:00:00+00:00, run_after=2024-02-25 00:00:00+00:00
[2024-02-24T19:06:27.204-0600] {processor.py:183} INFO - Processing /Users/vamseekrishna/Desktop/F1_Data_Warehouse/f1datawarehouse/lib/python3.9/site-packages/airflow/example_dags/example_short_circuit_operator.py took 0.078 seconds
[2024-02-24T19:08:23.007-0600] {processor.py:161} INFO - Started process (PID=99156) to work on /Users/vamseekrishna/Desktop/F1_Data_Warehouse/f1datawarehouse/lib/python3.9/site-packages/airflow/example_dags/example_short_circuit_operator.py
[2024-02-24T19:08:23.009-0600] {processor.py:830} INFO - Processing file /Users/vamseekrishna/Desktop/F1_Data_Warehouse/f1datawarehouse/lib/python3.9/site-packages/airflow/example_dags/example_short_circuit_operator.py for tasks to queue
[2024-02-24T19:08:23.009-0600] {logging_mixin.py:188} INFO - [2024-02-24T19:08:23.009-0600] {dagbag.py:538} INFO - Filling up the DagBag from /Users/vamseekrishna/Desktop/F1_Data_Warehouse/f1datawarehouse/lib/python3.9/site-packages/airflow/example_dags/example_short_circuit_operator.py
[2024-02-24T19:08:23.022-0600] {processor.py:840} INFO - DAG(s) 'example_short_circuit_operator' retrieved from /Users/vamseekrishna/Desktop/F1_Data_Warehouse/f1datawarehouse/lib/python3.9/site-packages/airflow/example_dags/example_short_circuit_operator.py
[2024-02-24T19:08:23.072-0600] {logging_mixin.py:188} INFO - [2024-02-24T19:08:23.072-0600] {dag.py:3036} INFO - Sync 1 DAGs
[2024-02-24T19:08:23.080-0600] {logging_mixin.py:188} INFO - [2024-02-24T19:08:23.080-0600] {dag.py:3823} INFO - Setting next_dagrun for example_short_circuit_operator to 2024-02-24 00:00:00+00:00, run_after=2024-02-25 00:00:00+00:00
[2024-02-24T19:08:23.088-0600] {processor.py:183} INFO - Processing /Users/vamseekrishna/Desktop/F1_Data_Warehouse/f1datawarehouse/lib/python3.9/site-packages/airflow/example_dags/example_short_circuit_operator.py took 0.082 seconds
[2024-02-24T19:10:20.064-0600] {processor.py:161} INFO - Started process (PID=99258) to work on /Users/vamseekrishna/Desktop/F1_Data_Warehouse/f1datawarehouse/lib/python3.9/site-packages/airflow/example_dags/example_short_circuit_operator.py
[2024-02-24T19:10:20.066-0600] {processor.py:830} INFO - Processing file /Users/vamseekrishna/Desktop/F1_Data_Warehouse/f1datawarehouse/lib/python3.9/site-packages/airflow/example_dags/example_short_circuit_operator.py for tasks to queue
[2024-02-24T19:10:20.067-0600] {logging_mixin.py:188} INFO - [2024-02-24T19:10:20.067-0600] {dagbag.py:538} INFO - Filling up the DagBag from /Users/vamseekrishna/Desktop/F1_Data_Warehouse/f1datawarehouse/lib/python3.9/site-packages/airflow/example_dags/example_short_circuit_operator.py
[2024-02-24T19:10:20.079-0600] {processor.py:840} INFO - DAG(s) 'example_short_circuit_operator' retrieved from /Users/vamseekrishna/Desktop/F1_Data_Warehouse/f1datawarehouse/lib/python3.9/site-packages/airflow/example_dags/example_short_circuit_operator.py
[2024-02-24T19:10:20.128-0600] {logging_mixin.py:188} INFO - [2024-02-24T19:10:20.128-0600] {dag.py:3036} INFO - Sync 1 DAGs
[2024-02-24T19:10:20.136-0600] {logging_mixin.py:188} INFO - [2024-02-24T19:10:20.136-0600] {dag.py:3823} INFO - Setting next_dagrun for example_short_circuit_operator to 2024-02-24 00:00:00+00:00, run_after=2024-02-25 00:00:00+00:00
[2024-02-24T19:10:20.144-0600] {processor.py:183} INFO - Processing /Users/vamseekrishna/Desktop/F1_Data_Warehouse/f1datawarehouse/lib/python3.9/site-packages/airflow/example_dags/example_short_circuit_operator.py took 0.080 seconds
[2024-02-24T19:12:21.112-0600] {processor.py:161} INFO - Started process (PID=99352) to work on /Users/vamseekrishna/Desktop/F1_Data_Warehouse/f1datawarehouse/lib/python3.9/site-packages/airflow/example_dags/example_short_circuit_operator.py
[2024-02-24T19:12:21.114-0600] {processor.py:830} INFO - Processing file /Users/vamseekrishna/Desktop/F1_Data_Warehouse/f1datawarehouse/lib/python3.9/site-packages/airflow/example_dags/example_short_circuit_operator.py for tasks to queue
[2024-02-24T19:12:21.114-0600] {logging_mixin.py:188} INFO - [2024-02-24T19:12:21.114-0600] {dagbag.py:538} INFO - Filling up the DagBag from /Users/vamseekrishna/Desktop/F1_Data_Warehouse/f1datawarehouse/lib/python3.9/site-packages/airflow/example_dags/example_short_circuit_operator.py
[2024-02-24T19:12:21.127-0600] {processor.py:840} INFO - DAG(s) 'example_short_circuit_operator' retrieved from /Users/vamseekrishna/Desktop/F1_Data_Warehouse/f1datawarehouse/lib/python3.9/site-packages/airflow/example_dags/example_short_circuit_operator.py
[2024-02-24T19:12:21.176-0600] {logging_mixin.py:188} INFO - [2024-02-24T19:12:21.176-0600] {dag.py:3036} INFO - Sync 1 DAGs
[2024-02-24T19:12:21.184-0600] {logging_mixin.py:188} INFO - [2024-02-24T19:12:21.184-0600] {dag.py:3823} INFO - Setting next_dagrun for example_short_circuit_operator to 2024-02-24 00:00:00+00:00, run_after=2024-02-25 00:00:00+00:00
[2024-02-24T19:12:21.192-0600] {processor.py:183} INFO - Processing /Users/vamseekrishna/Desktop/F1_Data_Warehouse/f1datawarehouse/lib/python3.9/site-packages/airflow/example_dags/example_short_circuit_operator.py took 0.081 seconds
[2024-02-24T19:14:27.681-0600] {processor.py:161} INFO - Started process (PID=99446) to work on /Users/vamseekrishna/Desktop/F1_Data_Warehouse/f1datawarehouse/lib/python3.9/site-packages/airflow/example_dags/example_short_circuit_operator.py
[2024-02-24T19:14:27.683-0600] {processor.py:830} INFO - Processing file /Users/vamseekrishna/Desktop/F1_Data_Warehouse/f1datawarehouse/lib/python3.9/site-packages/airflow/example_dags/example_short_circuit_operator.py for tasks to queue
[2024-02-24T19:14:27.684-0600] {logging_mixin.py:188} INFO - [2024-02-24T19:14:27.683-0600] {dagbag.py:538} INFO - Filling up the DagBag from /Users/vamseekrishna/Desktop/F1_Data_Warehouse/f1datawarehouse/lib/python3.9/site-packages/airflow/example_dags/example_short_circuit_operator.py
[2024-02-24T19:14:27.696-0600] {processor.py:840} INFO - DAG(s) 'example_short_circuit_operator' retrieved from /Users/vamseekrishna/Desktop/F1_Data_Warehouse/f1datawarehouse/lib/python3.9/site-packages/airflow/example_dags/example_short_circuit_operator.py
[2024-02-24T19:14:27.747-0600] {logging_mixin.py:188} INFO - [2024-02-24T19:14:27.746-0600] {dag.py:3036} INFO - Sync 1 DAGs
[2024-02-24T19:14:27.756-0600] {logging_mixin.py:188} INFO - [2024-02-24T19:14:27.756-0600] {dag.py:3823} INFO - Setting next_dagrun for example_short_circuit_operator to 2024-02-24 00:00:00+00:00, run_after=2024-02-25 00:00:00+00:00
[2024-02-24T19:14:27.764-0600] {processor.py:183} INFO - Processing /Users/vamseekrishna/Desktop/F1_Data_Warehouse/f1datawarehouse/lib/python3.9/site-packages/airflow/example_dags/example_short_circuit_operator.py took 0.084 seconds
[2024-02-24T19:16:25.055-0600] {processor.py:161} INFO - Started process (PID=99554) to work on /Users/vamseekrishna/Desktop/F1_Data_Warehouse/f1datawarehouse/lib/python3.9/site-packages/airflow/example_dags/example_short_circuit_operator.py
[2024-02-24T19:16:25.056-0600] {processor.py:830} INFO - Processing file /Users/vamseekrishna/Desktop/F1_Data_Warehouse/f1datawarehouse/lib/python3.9/site-packages/airflow/example_dags/example_short_circuit_operator.py for tasks to queue
[2024-02-24T19:16:25.057-0600] {logging_mixin.py:188} INFO - [2024-02-24T19:16:25.057-0600] {dagbag.py:538} INFO - Filling up the DagBag from /Users/vamseekrishna/Desktop/F1_Data_Warehouse/f1datawarehouse/lib/python3.9/site-packages/airflow/example_dags/example_short_circuit_operator.py
[2024-02-24T19:16:25.070-0600] {processor.py:840} INFO - DAG(s) 'example_short_circuit_operator' retrieved from /Users/vamseekrishna/Desktop/F1_Data_Warehouse/f1datawarehouse/lib/python3.9/site-packages/airflow/example_dags/example_short_circuit_operator.py
[2024-02-24T19:16:25.120-0600] {logging_mixin.py:188} INFO - [2024-02-24T19:16:25.120-0600] {dag.py:3036} INFO - Sync 1 DAGs
[2024-02-24T19:16:25.128-0600] {logging_mixin.py:188} INFO - [2024-02-24T19:16:25.128-0600] {dag.py:3823} INFO - Setting next_dagrun for example_short_circuit_operator to 2024-02-24 00:00:00+00:00, run_after=2024-02-25 00:00:00+00:00
[2024-02-24T19:16:25.137-0600] {processor.py:183} INFO - Processing /Users/vamseekrishna/Desktop/F1_Data_Warehouse/f1datawarehouse/lib/python3.9/site-packages/airflow/example_dags/example_short_circuit_operator.py took 0.082 seconds
[2024-02-24T19:18:30.212-0600] {processor.py:161} INFO - Started process (PID=99656) to work on /Users/vamseekrishna/Desktop/F1_Data_Warehouse/f1datawarehouse/lib/python3.9/site-packages/airflow/example_dags/example_short_circuit_operator.py
[2024-02-24T19:18:30.214-0600] {processor.py:830} INFO - Processing file /Users/vamseekrishna/Desktop/F1_Data_Warehouse/f1datawarehouse/lib/python3.9/site-packages/airflow/example_dags/example_short_circuit_operator.py for tasks to queue
[2024-02-24T19:18:30.215-0600] {logging_mixin.py:188} INFO - [2024-02-24T19:18:30.215-0600] {dagbag.py:538} INFO - Filling up the DagBag from /Users/vamseekrishna/Desktop/F1_Data_Warehouse/f1datawarehouse/lib/python3.9/site-packages/airflow/example_dags/example_short_circuit_operator.py
[2024-02-24T19:18:30.226-0600] {processor.py:840} INFO - DAG(s) 'example_short_circuit_operator' retrieved from /Users/vamseekrishna/Desktop/F1_Data_Warehouse/f1datawarehouse/lib/python3.9/site-packages/airflow/example_dags/example_short_circuit_operator.py
[2024-02-24T19:18:30.273-0600] {logging_mixin.py:188} INFO - [2024-02-24T19:18:30.273-0600] {dag.py:3036} INFO - Sync 1 DAGs
[2024-02-24T19:18:30.281-0600] {logging_mixin.py:188} INFO - [2024-02-24T19:18:30.281-0600] {dag.py:3823} INFO - Setting next_dagrun for example_short_circuit_operator to 2024-02-24 00:00:00+00:00, run_after=2024-02-25 00:00:00+00:00
[2024-02-24T19:18:30.289-0600] {processor.py:183} INFO - Processing /Users/vamseekrishna/Desktop/F1_Data_Warehouse/f1datawarehouse/lib/python3.9/site-packages/airflow/example_dags/example_short_circuit_operator.py took 0.077 seconds
[2024-02-24T19:20:24.471-0600] {processor.py:161} INFO - Started process (PID=99752) to work on /Users/vamseekrishna/Desktop/F1_Data_Warehouse/f1datawarehouse/lib/python3.9/site-packages/airflow/example_dags/example_short_circuit_operator.py
[2024-02-24T19:20:24.473-0600] {processor.py:830} INFO - Processing file /Users/vamseekrishna/Desktop/F1_Data_Warehouse/f1datawarehouse/lib/python3.9/site-packages/airflow/example_dags/example_short_circuit_operator.py for tasks to queue
[2024-02-24T19:20:24.473-0600] {logging_mixin.py:188} INFO - [2024-02-24T19:20:24.473-0600] {dagbag.py:538} INFO - Filling up the DagBag from /Users/vamseekrishna/Desktop/F1_Data_Warehouse/f1datawarehouse/lib/python3.9/site-packages/airflow/example_dags/example_short_circuit_operator.py
[2024-02-24T19:20:24.485-0600] {processor.py:840} INFO - DAG(s) 'example_short_circuit_operator' retrieved from /Users/vamseekrishna/Desktop/F1_Data_Warehouse/f1datawarehouse/lib/python3.9/site-packages/airflow/example_dags/example_short_circuit_operator.py
[2024-02-24T19:20:24.532-0600] {logging_mixin.py:188} INFO - [2024-02-24T19:20:24.532-0600] {dag.py:3036} INFO - Sync 1 DAGs
[2024-02-24T19:20:24.540-0600] {logging_mixin.py:188} INFO - [2024-02-24T19:20:24.540-0600] {dag.py:3823} INFO - Setting next_dagrun for example_short_circuit_operator to 2024-02-24 00:00:00+00:00, run_after=2024-02-25 00:00:00+00:00
[2024-02-24T19:20:24.548-0600] {processor.py:183} INFO - Processing /Users/vamseekrishna/Desktop/F1_Data_Warehouse/f1datawarehouse/lib/python3.9/site-packages/airflow/example_dags/example_short_circuit_operator.py took 0.077 seconds
[2024-02-24T19:22:30.162-0600] {processor.py:161} INFO - Started process (PID=99857) to work on /Users/vamseekrishna/Desktop/F1_Data_Warehouse/f1datawarehouse/lib/python3.9/site-packages/airflow/example_dags/example_short_circuit_operator.py
[2024-02-24T19:22:30.163-0600] {processor.py:830} INFO - Processing file /Users/vamseekrishna/Desktop/F1_Data_Warehouse/f1datawarehouse/lib/python3.9/site-packages/airflow/example_dags/example_short_circuit_operator.py for tasks to queue
[2024-02-24T19:22:30.164-0600] {logging_mixin.py:188} INFO - [2024-02-24T19:22:30.164-0600] {dagbag.py:538} INFO - Filling up the DagBag from /Users/vamseekrishna/Desktop/F1_Data_Warehouse/f1datawarehouse/lib/python3.9/site-packages/airflow/example_dags/example_short_circuit_operator.py
[2024-02-24T19:22:30.177-0600] {processor.py:840} INFO - DAG(s) 'example_short_circuit_operator' retrieved from /Users/vamseekrishna/Desktop/F1_Data_Warehouse/f1datawarehouse/lib/python3.9/site-packages/airflow/example_dags/example_short_circuit_operator.py
[2024-02-24T19:22:30.227-0600] {logging_mixin.py:188} INFO - [2024-02-24T19:22:30.227-0600] {dag.py:3036} INFO - Sync 1 DAGs
[2024-02-24T19:22:30.236-0600] {logging_mixin.py:188} INFO - [2024-02-24T19:22:30.236-0600] {dag.py:3823} INFO - Setting next_dagrun for example_short_circuit_operator to 2024-02-24 00:00:00+00:00, run_after=2024-02-25 00:00:00+00:00
[2024-02-24T19:22:30.244-0600] {processor.py:183} INFO - Processing /Users/vamseekrishna/Desktop/F1_Data_Warehouse/f1datawarehouse/lib/python3.9/site-packages/airflow/example_dags/example_short_circuit_operator.py took 0.083 seconds
[2024-02-24T19:24:26.219-0600] {processor.py:161} INFO - Started process (PID=99955) to work on /Users/vamseekrishna/Desktop/F1_Data_Warehouse/f1datawarehouse/lib/python3.9/site-packages/airflow/example_dags/example_short_circuit_operator.py
[2024-02-24T19:24:26.222-0600] {processor.py:830} INFO - Processing file /Users/vamseekrishna/Desktop/F1_Data_Warehouse/f1datawarehouse/lib/python3.9/site-packages/airflow/example_dags/example_short_circuit_operator.py for tasks to queue
[2024-02-24T19:24:26.222-0600] {logging_mixin.py:188} INFO - [2024-02-24T19:24:26.222-0600] {dagbag.py:538} INFO - Filling up the DagBag from /Users/vamseekrishna/Desktop/F1_Data_Warehouse/f1datawarehouse/lib/python3.9/site-packages/airflow/example_dags/example_short_circuit_operator.py
[2024-02-24T19:24:26.234-0600] {processor.py:840} INFO - DAG(s) 'example_short_circuit_operator' retrieved from /Users/vamseekrishna/Desktop/F1_Data_Warehouse/f1datawarehouse/lib/python3.9/site-packages/airflow/example_dags/example_short_circuit_operator.py
[2024-02-24T19:24:26.283-0600] {logging_mixin.py:188} INFO - [2024-02-24T19:24:26.283-0600] {dag.py:3036} INFO - Sync 1 DAGs
[2024-02-24T19:24:26.293-0600] {logging_mixin.py:188} INFO - [2024-02-24T19:24:26.293-0600] {dag.py:3823} INFO - Setting next_dagrun for example_short_circuit_operator to 2024-02-24 00:00:00+00:00, run_after=2024-02-25 00:00:00+00:00
[2024-02-24T19:24:26.301-0600] {processor.py:183} INFO - Processing /Users/vamseekrishna/Desktop/F1_Data_Warehouse/f1datawarehouse/lib/python3.9/site-packages/airflow/example_dags/example_short_circuit_operator.py took 0.082 seconds
[2024-02-24T19:26:30.597-0600] {processor.py:161} INFO - Started process (PID=180) to work on /Users/vamseekrishna/Desktop/F1_Data_Warehouse/f1datawarehouse/lib/python3.9/site-packages/airflow/example_dags/example_short_circuit_operator.py
[2024-02-24T19:26:30.599-0600] {processor.py:830} INFO - Processing file /Users/vamseekrishna/Desktop/F1_Data_Warehouse/f1datawarehouse/lib/python3.9/site-packages/airflow/example_dags/example_short_circuit_operator.py for tasks to queue
[2024-02-24T19:26:30.600-0600] {logging_mixin.py:188} INFO - [2024-02-24T19:26:30.600-0600] {dagbag.py:538} INFO - Filling up the DagBag from /Users/vamseekrishna/Desktop/F1_Data_Warehouse/f1datawarehouse/lib/python3.9/site-packages/airflow/example_dags/example_short_circuit_operator.py
[2024-02-24T19:26:30.621-0600] {processor.py:840} INFO - DAG(s) 'example_short_circuit_operator' retrieved from /Users/vamseekrishna/Desktop/F1_Data_Warehouse/f1datawarehouse/lib/python3.9/site-packages/airflow/example_dags/example_short_circuit_operator.py
[2024-02-24T19:26:30.686-0600] {logging_mixin.py:188} INFO - [2024-02-24T19:26:30.686-0600] {dag.py:3036} INFO - Sync 1 DAGs
[2024-02-24T19:26:30.698-0600] {logging_mixin.py:188} INFO - [2024-02-24T19:26:30.698-0600] {dag.py:3823} INFO - Setting next_dagrun for example_short_circuit_operator to 2024-02-24 00:00:00+00:00, run_after=2024-02-25 00:00:00+00:00
[2024-02-24T19:26:30.707-0600] {processor.py:183} INFO - Processing /Users/vamseekrishna/Desktop/F1_Data_Warehouse/f1datawarehouse/lib/python3.9/site-packages/airflow/example_dags/example_short_circuit_operator.py took 0.112 seconds
[2024-02-24T19:27:45.465-0600] {processor.py:161} INFO - Started process (PID=245) to work on /Users/vamseekrishna/Desktop/F1_Data_Warehouse/f1datawarehouse/lib/python3.9/site-packages/airflow/example_dags/example_short_circuit_operator.py
[2024-02-24T19:27:45.467-0600] {processor.py:830} INFO - Processing file /Users/vamseekrishna/Desktop/F1_Data_Warehouse/f1datawarehouse/lib/python3.9/site-packages/airflow/example_dags/example_short_circuit_operator.py for tasks to queue
[2024-02-24T19:27:45.467-0600] {logging_mixin.py:188} INFO - [2024-02-24T19:27:45.467-0600] {dagbag.py:538} INFO - Filling up the DagBag from /Users/vamseekrishna/Desktop/F1_Data_Warehouse/f1datawarehouse/lib/python3.9/site-packages/airflow/example_dags/example_short_circuit_operator.py
[2024-02-24T19:27:45.480-0600] {processor.py:840} INFO - DAG(s) 'example_short_circuit_operator' retrieved from /Users/vamseekrishna/Desktop/F1_Data_Warehouse/f1datawarehouse/lib/python3.9/site-packages/airflow/example_dags/example_short_circuit_operator.py
[2024-02-24T19:27:45.528-0600] {logging_mixin.py:188} INFO - [2024-02-24T19:27:45.528-0600] {dag.py:3036} INFO - Sync 1 DAGs
[2024-02-24T19:27:45.536-0600] {logging_mixin.py:188} INFO - [2024-02-24T19:27:45.536-0600] {dag.py:3823} INFO - Setting next_dagrun for example_short_circuit_operator to 2024-02-24 00:00:00+00:00, run_after=2024-02-25 00:00:00+00:00
[2024-02-24T19:27:45.544-0600] {processor.py:183} INFO - Processing /Users/vamseekrishna/Desktop/F1_Data_Warehouse/f1datawarehouse/lib/python3.9/site-packages/airflow/example_dags/example_short_circuit_operator.py took 0.080 seconds
[2024-02-24T19:29:48.649-0600] {processor.py:161} INFO - Started process (PID=351) to work on /Users/vamseekrishna/Desktop/F1_Data_Warehouse/f1datawarehouse/lib/python3.9/site-packages/airflow/example_dags/example_short_circuit_operator.py
[2024-02-24T19:29:48.650-0600] {processor.py:830} INFO - Processing file /Users/vamseekrishna/Desktop/F1_Data_Warehouse/f1datawarehouse/lib/python3.9/site-packages/airflow/example_dags/example_short_circuit_operator.py for tasks to queue
[2024-02-24T19:29:48.651-0600] {logging_mixin.py:188} INFO - [2024-02-24T19:29:48.651-0600] {dagbag.py:538} INFO - Filling up the DagBag from /Users/vamseekrishna/Desktop/F1_Data_Warehouse/f1datawarehouse/lib/python3.9/site-packages/airflow/example_dags/example_short_circuit_operator.py
[2024-02-24T19:29:48.663-0600] {processor.py:840} INFO - DAG(s) 'example_short_circuit_operator' retrieved from /Users/vamseekrishna/Desktop/F1_Data_Warehouse/f1datawarehouse/lib/python3.9/site-packages/airflow/example_dags/example_short_circuit_operator.py
[2024-02-24T19:29:48.710-0600] {logging_mixin.py:188} INFO - [2024-02-24T19:29:48.710-0600] {dag.py:3036} INFO - Sync 1 DAGs
[2024-02-24T19:29:48.718-0600] {logging_mixin.py:188} INFO - [2024-02-24T19:29:48.718-0600] {dag.py:3823} INFO - Setting next_dagrun for example_short_circuit_operator to 2024-02-24 00:00:00+00:00, run_after=2024-02-25 00:00:00+00:00
[2024-02-24T19:29:48.725-0600] {processor.py:183} INFO - Processing /Users/vamseekrishna/Desktop/F1_Data_Warehouse/f1datawarehouse/lib/python3.9/site-packages/airflow/example_dags/example_short_circuit_operator.py took 0.078 seconds
[2024-02-24T19:31:56.504-0600] {processor.py:161} INFO - Started process (PID=467) to work on /Users/vamseekrishna/Desktop/F1_Data_Warehouse/f1datawarehouse/lib/python3.9/site-packages/airflow/example_dags/example_short_circuit_operator.py
[2024-02-24T19:31:56.506-0600] {processor.py:830} INFO - Processing file /Users/vamseekrishna/Desktop/F1_Data_Warehouse/f1datawarehouse/lib/python3.9/site-packages/airflow/example_dags/example_short_circuit_operator.py for tasks to queue
[2024-02-24T19:31:56.506-0600] {logging_mixin.py:188} INFO - [2024-02-24T19:31:56.506-0600] {dagbag.py:538} INFO - Filling up the DagBag from /Users/vamseekrishna/Desktop/F1_Data_Warehouse/f1datawarehouse/lib/python3.9/site-packages/airflow/example_dags/example_short_circuit_operator.py
[2024-02-24T19:31:56.518-0600] {processor.py:840} INFO - DAG(s) 'example_short_circuit_operator' retrieved from /Users/vamseekrishna/Desktop/F1_Data_Warehouse/f1datawarehouse/lib/python3.9/site-packages/airflow/example_dags/example_short_circuit_operator.py
[2024-02-24T19:31:56.565-0600] {logging_mixin.py:188} INFO - [2024-02-24T19:31:56.565-0600] {dag.py:3036} INFO - Sync 1 DAGs
[2024-02-24T19:31:56.574-0600] {logging_mixin.py:188} INFO - [2024-02-24T19:31:56.574-0600] {dag.py:3823} INFO - Setting next_dagrun for example_short_circuit_operator to 2024-02-24 00:00:00+00:00, run_after=2024-02-25 00:00:00+00:00
[2024-02-24T19:31:56.582-0600] {processor.py:183} INFO - Processing /Users/vamseekrishna/Desktop/F1_Data_Warehouse/f1datawarehouse/lib/python3.9/site-packages/airflow/example_dags/example_short_circuit_operator.py took 0.079 seconds
[2024-02-24T19:33:57.625-0600] {processor.py:161} INFO - Started process (PID=621) to work on /Users/vamseekrishna/Desktop/F1_Data_Warehouse/f1datawarehouse/lib/python3.9/site-packages/airflow/example_dags/example_short_circuit_operator.py
[2024-02-24T19:33:57.627-0600] {processor.py:830} INFO - Processing file /Users/vamseekrishna/Desktop/F1_Data_Warehouse/f1datawarehouse/lib/python3.9/site-packages/airflow/example_dags/example_short_circuit_operator.py for tasks to queue
[2024-02-24T19:33:57.627-0600] {logging_mixin.py:188} INFO - [2024-02-24T19:33:57.627-0600] {dagbag.py:538} INFO - Filling up the DagBag from /Users/vamseekrishna/Desktop/F1_Data_Warehouse/f1datawarehouse/lib/python3.9/site-packages/airflow/example_dags/example_short_circuit_operator.py
[2024-02-24T19:33:57.639-0600] {processor.py:840} INFO - DAG(s) 'example_short_circuit_operator' retrieved from /Users/vamseekrishna/Desktop/F1_Data_Warehouse/f1datawarehouse/lib/python3.9/site-packages/airflow/example_dags/example_short_circuit_operator.py
[2024-02-24T19:33:57.688-0600] {logging_mixin.py:188} INFO - [2024-02-24T19:33:57.687-0600] {dag.py:3036} INFO - Sync 1 DAGs
[2024-02-24T19:33:57.696-0600] {logging_mixin.py:188} INFO - [2024-02-24T19:33:57.696-0600] {dag.py:3823} INFO - Setting next_dagrun for example_short_circuit_operator to 2024-02-24 00:00:00+00:00, run_after=2024-02-25 00:00:00+00:00
[2024-02-24T19:33:57.704-0600] {processor.py:183} INFO - Processing /Users/vamseekrishna/Desktop/F1_Data_Warehouse/f1datawarehouse/lib/python3.9/site-packages/airflow/example_dags/example_short_circuit_operator.py took 0.080 seconds
[2024-02-24T19:36:08.430-0600] {processor.py:161} INFO - Started process (PID=770) to work on /Users/vamseekrishna/Desktop/F1_Data_Warehouse/f1datawarehouse/lib/python3.9/site-packages/airflow/example_dags/example_short_circuit_operator.py
[2024-02-24T19:36:08.432-0600] {processor.py:830} INFO - Processing file /Users/vamseekrishna/Desktop/F1_Data_Warehouse/f1datawarehouse/lib/python3.9/site-packages/airflow/example_dags/example_short_circuit_operator.py for tasks to queue
[2024-02-24T19:36:08.432-0600] {logging_mixin.py:188} INFO - [2024-02-24T19:36:08.432-0600] {dagbag.py:538} INFO - Filling up the DagBag from /Users/vamseekrishna/Desktop/F1_Data_Warehouse/f1datawarehouse/lib/python3.9/site-packages/airflow/example_dags/example_short_circuit_operator.py
[2024-02-24T19:36:08.445-0600] {processor.py:840} INFO - DAG(s) 'example_short_circuit_operator' retrieved from /Users/vamseekrishna/Desktop/F1_Data_Warehouse/f1datawarehouse/lib/python3.9/site-packages/airflow/example_dags/example_short_circuit_operator.py
[2024-02-24T19:36:08.492-0600] {logging_mixin.py:188} INFO - [2024-02-24T19:36:08.492-0600] {dag.py:3036} INFO - Sync 1 DAGs
[2024-02-24T19:36:08.502-0600] {logging_mixin.py:188} INFO - [2024-02-24T19:36:08.502-0600] {dag.py:3823} INFO - Setting next_dagrun for example_short_circuit_operator to 2024-02-24 00:00:00+00:00, run_after=2024-02-25 00:00:00+00:00
[2024-02-24T19:36:08.509-0600] {processor.py:183} INFO - Processing /Users/vamseekrishna/Desktop/F1_Data_Warehouse/f1datawarehouse/lib/python3.9/site-packages/airflow/example_dags/example_short_circuit_operator.py took 0.081 seconds
[2024-02-24T19:38:19.776-0600] {processor.py:161} INFO - Started process (PID=906) to work on /Users/vamseekrishna/Desktop/F1_Data_Warehouse/f1datawarehouse/lib/python3.9/site-packages/airflow/example_dags/example_short_circuit_operator.py
[2024-02-24T19:38:19.778-0600] {processor.py:830} INFO - Processing file /Users/vamseekrishna/Desktop/F1_Data_Warehouse/f1datawarehouse/lib/python3.9/site-packages/airflow/example_dags/example_short_circuit_operator.py for tasks to queue
[2024-02-24T19:38:19.778-0600] {logging_mixin.py:188} INFO - [2024-02-24T19:38:19.778-0600] {dagbag.py:538} INFO - Filling up the DagBag from /Users/vamseekrishna/Desktop/F1_Data_Warehouse/f1datawarehouse/lib/python3.9/site-packages/airflow/example_dags/example_short_circuit_operator.py
[2024-02-24T19:38:19.790-0600] {processor.py:840} INFO - DAG(s) 'example_short_circuit_operator' retrieved from /Users/vamseekrishna/Desktop/F1_Data_Warehouse/f1datawarehouse/lib/python3.9/site-packages/airflow/example_dags/example_short_circuit_operator.py
[2024-02-24T19:38:19.840-0600] {logging_mixin.py:188} INFO - [2024-02-24T19:38:19.840-0600] {dag.py:3036} INFO - Sync 1 DAGs
[2024-02-24T19:38:19.848-0600] {logging_mixin.py:188} INFO - [2024-02-24T19:38:19.848-0600] {dag.py:3823} INFO - Setting next_dagrun for example_short_circuit_operator to 2024-02-24 00:00:00+00:00, run_after=2024-02-25 00:00:00+00:00
[2024-02-24T19:38:19.856-0600] {processor.py:183} INFO - Processing /Users/vamseekrishna/Desktop/F1_Data_Warehouse/f1datawarehouse/lib/python3.9/site-packages/airflow/example_dags/example_short_circuit_operator.py took 0.081 seconds
[2024-02-24T19:40:22.413-0600] {processor.py:161} INFO - Started process (PID=1031) to work on /Users/vamseekrishna/Desktop/F1_Data_Warehouse/f1datawarehouse/lib/python3.9/site-packages/airflow/example_dags/example_short_circuit_operator.py
[2024-02-24T19:40:22.415-0600] {processor.py:830} INFO - Processing file /Users/vamseekrishna/Desktop/F1_Data_Warehouse/f1datawarehouse/lib/python3.9/site-packages/airflow/example_dags/example_short_circuit_operator.py for tasks to queue
[2024-02-24T19:40:22.415-0600] {logging_mixin.py:188} INFO - [2024-02-24T19:40:22.415-0600] {dagbag.py:538} INFO - Filling up the DagBag from /Users/vamseekrishna/Desktop/F1_Data_Warehouse/f1datawarehouse/lib/python3.9/site-packages/airflow/example_dags/example_short_circuit_operator.py
[2024-02-24T19:40:22.428-0600] {processor.py:840} INFO - DAG(s) 'example_short_circuit_operator' retrieved from /Users/vamseekrishna/Desktop/F1_Data_Warehouse/f1datawarehouse/lib/python3.9/site-packages/airflow/example_dags/example_short_circuit_operator.py
[2024-02-24T19:40:22.477-0600] {logging_mixin.py:188} INFO - [2024-02-24T19:40:22.477-0600] {dag.py:3036} INFO - Sync 1 DAGs
[2024-02-24T19:40:22.486-0600] {logging_mixin.py:188} INFO - [2024-02-24T19:40:22.485-0600] {dag.py:3823} INFO - Setting next_dagrun for example_short_circuit_operator to 2024-02-24 00:00:00+00:00, run_after=2024-02-25 00:00:00+00:00
[2024-02-24T19:40:22.493-0600] {processor.py:183} INFO - Processing /Users/vamseekrishna/Desktop/F1_Data_Warehouse/f1datawarehouse/lib/python3.9/site-packages/airflow/example_dags/example_short_circuit_operator.py took 0.081 seconds
[2024-02-24T19:42:29.613-0600] {processor.py:161} INFO - Started process (PID=1209) to work on /Users/vamseekrishna/Desktop/F1_Data_Warehouse/f1datawarehouse/lib/python3.9/site-packages/airflow/example_dags/example_short_circuit_operator.py
[2024-02-24T19:42:29.616-0600] {processor.py:830} INFO - Processing file /Users/vamseekrishna/Desktop/F1_Data_Warehouse/f1datawarehouse/lib/python3.9/site-packages/airflow/example_dags/example_short_circuit_operator.py for tasks to queue
[2024-02-24T19:42:29.616-0600] {logging_mixin.py:188} INFO - [2024-02-24T19:42:29.616-0600] {dagbag.py:538} INFO - Filling up the DagBag from /Users/vamseekrishna/Desktop/F1_Data_Warehouse/f1datawarehouse/lib/python3.9/site-packages/airflow/example_dags/example_short_circuit_operator.py
[2024-02-24T19:42:29.629-0600] {processor.py:840} INFO - DAG(s) 'example_short_circuit_operator' retrieved from /Users/vamseekrishna/Desktop/F1_Data_Warehouse/f1datawarehouse/lib/python3.9/site-packages/airflow/example_dags/example_short_circuit_operator.py
[2024-02-24T19:42:29.682-0600] {logging_mixin.py:188} INFO - [2024-02-24T19:42:29.682-0600] {dag.py:3036} INFO - Sync 1 DAGs
[2024-02-24T19:42:29.692-0600] {logging_mixin.py:188} INFO - [2024-02-24T19:42:29.692-0600] {dag.py:3823} INFO - Setting next_dagrun for example_short_circuit_operator to 2024-02-24 00:00:00+00:00, run_after=2024-02-25 00:00:00+00:00
[2024-02-24T19:42:29.700-0600] {processor.py:183} INFO - Processing /Users/vamseekrishna/Desktop/F1_Data_Warehouse/f1datawarehouse/lib/python3.9/site-packages/airflow/example_dags/example_short_circuit_operator.py took 0.088 seconds
[2024-02-24T19:44:59.642-0600] {processor.py:161} INFO - Started process (PID=1506) to work on /Users/vamseekrishna/Desktop/F1_Data_Warehouse/f1datawarehouse/lib/python3.9/site-packages/airflow/example_dags/example_short_circuit_operator.py
[2024-02-24T19:44:59.644-0600] {processor.py:830} INFO - Processing file /Users/vamseekrishna/Desktop/F1_Data_Warehouse/f1datawarehouse/lib/python3.9/site-packages/airflow/example_dags/example_short_circuit_operator.py for tasks to queue
[2024-02-24T19:44:59.644-0600] {logging_mixin.py:188} INFO - [2024-02-24T19:44:59.644-0600] {dagbag.py:538} INFO - Filling up the DagBag from /Users/vamseekrishna/Desktop/F1_Data_Warehouse/f1datawarehouse/lib/python3.9/site-packages/airflow/example_dags/example_short_circuit_operator.py
[2024-02-24T19:44:59.657-0600] {processor.py:840} INFO - DAG(s) 'example_short_circuit_operator' retrieved from /Users/vamseekrishna/Desktop/F1_Data_Warehouse/f1datawarehouse/lib/python3.9/site-packages/airflow/example_dags/example_short_circuit_operator.py
[2024-02-24T19:44:59.708-0600] {logging_mixin.py:188} INFO - [2024-02-24T19:44:59.707-0600] {dag.py:3036} INFO - Sync 1 DAGs
[2024-02-24T19:44:59.717-0600] {logging_mixin.py:188} INFO - [2024-02-24T19:44:59.717-0600] {dag.py:3823} INFO - Setting next_dagrun for example_short_circuit_operator to 2024-02-24 00:00:00+00:00, run_after=2024-02-25 00:00:00+00:00
[2024-02-24T19:44:59.726-0600] {processor.py:183} INFO - Processing /Users/vamseekrishna/Desktop/F1_Data_Warehouse/f1datawarehouse/lib/python3.9/site-packages/airflow/example_dags/example_short_circuit_operator.py took 0.085 seconds
[2024-02-24T19:46:15.269-0600] {processor.py:161} INFO - Started process (PID=1631) to work on /Users/vamseekrishna/Desktop/F1_Data_Warehouse/f1datawarehouse/lib/python3.9/site-packages/airflow/example_dags/example_short_circuit_operator.py
[2024-02-24T19:46:15.272-0600] {processor.py:830} INFO - Processing file /Users/vamseekrishna/Desktop/F1_Data_Warehouse/f1datawarehouse/lib/python3.9/site-packages/airflow/example_dags/example_short_circuit_operator.py for tasks to queue
[2024-02-24T19:46:15.273-0600] {logging_mixin.py:188} INFO - [2024-02-24T19:46:15.273-0600] {dagbag.py:538} INFO - Filling up the DagBag from /Users/vamseekrishna/Desktop/F1_Data_Warehouse/f1datawarehouse/lib/python3.9/site-packages/airflow/example_dags/example_short_circuit_operator.py
[2024-02-24T19:46:15.286-0600] {processor.py:840} INFO - DAG(s) 'example_short_circuit_operator' retrieved from /Users/vamseekrishna/Desktop/F1_Data_Warehouse/f1datawarehouse/lib/python3.9/site-packages/airflow/example_dags/example_short_circuit_operator.py
[2024-02-24T19:46:15.341-0600] {logging_mixin.py:188} INFO - [2024-02-24T19:46:15.340-0600] {dag.py:3036} INFO - Sync 1 DAGs
[2024-02-24T19:46:15.350-0600] {logging_mixin.py:188} INFO - [2024-02-24T19:46:15.349-0600] {dag.py:3823} INFO - Setting next_dagrun for example_short_circuit_operator to 2024-02-24 00:00:00+00:00, run_after=2024-02-25 00:00:00+00:00
[2024-02-24T19:46:15.359-0600] {processor.py:183} INFO - Processing /Users/vamseekrishna/Desktop/F1_Data_Warehouse/f1datawarehouse/lib/python3.9/site-packages/airflow/example_dags/example_short_circuit_operator.py took 0.090 seconds
[2024-02-24T19:48:36.491-0600] {processor.py:161} INFO - Started process (PID=1850) to work on /Users/vamseekrishna/Desktop/F1_Data_Warehouse/f1datawarehouse/lib/python3.9/site-packages/airflow/example_dags/example_short_circuit_operator.py
[2024-02-24T19:48:36.493-0600] {processor.py:830} INFO - Processing file /Users/vamseekrishna/Desktop/F1_Data_Warehouse/f1datawarehouse/lib/python3.9/site-packages/airflow/example_dags/example_short_circuit_operator.py for tasks to queue
[2024-02-24T19:48:36.493-0600] {logging_mixin.py:188} INFO - [2024-02-24T19:48:36.493-0600] {dagbag.py:538} INFO - Filling up the DagBag from /Users/vamseekrishna/Desktop/F1_Data_Warehouse/f1datawarehouse/lib/python3.9/site-packages/airflow/example_dags/example_short_circuit_operator.py
[2024-02-24T19:48:36.505-0600] {processor.py:840} INFO - DAG(s) 'example_short_circuit_operator' retrieved from /Users/vamseekrishna/Desktop/F1_Data_Warehouse/f1datawarehouse/lib/python3.9/site-packages/airflow/example_dags/example_short_circuit_operator.py
[2024-02-24T19:48:36.554-0600] {logging_mixin.py:188} INFO - [2024-02-24T19:48:36.554-0600] {dag.py:3036} INFO - Sync 1 DAGs
[2024-02-24T19:48:36.563-0600] {logging_mixin.py:188} INFO - [2024-02-24T19:48:36.563-0600] {dag.py:3823} INFO - Setting next_dagrun for example_short_circuit_operator to 2024-02-24 00:00:00+00:00, run_after=2024-02-25 00:00:00+00:00
[2024-02-24T19:48:36.571-0600] {processor.py:183} INFO - Processing /Users/vamseekrishna/Desktop/F1_Data_Warehouse/f1datawarehouse/lib/python3.9/site-packages/airflow/example_dags/example_short_circuit_operator.py took 0.081 seconds
