[2024-02-24T21:36:32.932-0600] {processor.py:161} INFO - Started process (PID=8205) to work on /Users/vamseekrishna/Desktop/F1_Data_Warehouse/f1datawarehouse/lib/python3.9/site-packages/airflow/example_dags/example_trigger_target_dag.py
[2024-02-24T21:36:32.933-0600] {processor.py:830} INFO - Processing file /Users/vamseekrishna/Desktop/F1_Data_Warehouse/f1datawarehouse/lib/python3.9/site-packages/airflow/example_dags/example_trigger_target_dag.py for tasks to queue
[2024-02-24T21:36:32.933-0600] {logging_mixin.py:188} INFO - [2024-02-24T21:36:32.933-0600] {dagbag.py:538} INFO - Filling up the DagBag from /Users/vamseekrishna/Desktop/F1_Data_Warehouse/f1datawarehouse/lib/python3.9/site-packages/airflow/example_dags/example_trigger_target_dag.py
[2024-02-24T21:36:32.949-0600] {processor.py:840} INFO - DAG(s) 'example_trigger_target_dag' retrieved from /Users/vamseekrishna/Desktop/F1_Data_Warehouse/f1datawarehouse/lib/python3.9/site-packages/airflow/example_dags/example_trigger_target_dag.py
[2024-02-24T21:36:32.959-0600] {logging_mixin.py:188} INFO - [2024-02-24T21:36:32.959-0600] {dag.py:3036} INFO - Sync 1 DAGs
[2024-02-24T21:36:32.996-0600] {logging_mixin.py:188} INFO - [2024-02-24T21:36:32.996-0600] {dag.py:3823} INFO - Setting next_dagrun for example_trigger_target_dag to None, run_after=None
[2024-02-24T21:36:33.004-0600] {processor.py:183} INFO - Processing /Users/vamseekrishna/Desktop/F1_Data_Warehouse/f1datawarehouse/lib/python3.9/site-packages/airflow/example_dags/example_trigger_target_dag.py took 0.073 seconds
[2024-02-24T21:38:06.717-0600] {processor.py:161} INFO - Started process (PID=8364) to work on /Users/vamseekrishna/Desktop/F1_Data_Warehouse/f1datawarehouse/lib/python3.9/site-packages/airflow/example_dags/example_trigger_target_dag.py
[2024-02-24T21:38:06.719-0600] {processor.py:830} INFO - Processing file /Users/vamseekrishna/Desktop/F1_Data_Warehouse/f1datawarehouse/lib/python3.9/site-packages/airflow/example_dags/example_trigger_target_dag.py for tasks to queue
[2024-02-24T21:38:06.719-0600] {logging_mixin.py:188} INFO - [2024-02-24T21:38:06.719-0600] {dagbag.py:538} INFO - Filling up the DagBag from /Users/vamseekrishna/Desktop/F1_Data_Warehouse/f1datawarehouse/lib/python3.9/site-packages/airflow/example_dags/example_trigger_target_dag.py
[2024-02-24T21:38:06.735-0600] {processor.py:840} INFO - DAG(s) 'example_trigger_target_dag' retrieved from /Users/vamseekrishna/Desktop/F1_Data_Warehouse/f1datawarehouse/lib/python3.9/site-packages/airflow/example_dags/example_trigger_target_dag.py
[2024-02-24T21:38:06.841-0600] {logging_mixin.py:188} INFO - [2024-02-24T21:38:06.841-0600] {dag.py:3036} INFO - Sync 1 DAGs
[2024-02-24T21:38:06.845-0600] {logging_mixin.py:188} INFO - [2024-02-24T21:38:06.844-0600] {dag.py:3823} INFO - Setting next_dagrun for example_trigger_target_dag to None, run_after=None
[2024-02-24T21:38:06.853-0600] {processor.py:183} INFO - Processing /Users/vamseekrishna/Desktop/F1_Data_Warehouse/f1datawarehouse/lib/python3.9/site-packages/airflow/example_dags/example_trigger_target_dag.py took 0.136 seconds
[2024-02-24T21:39:05.447-0600] {processor.py:161} INFO - Started process (PID=8462) to work on /Users/vamseekrishna/Desktop/F1_Data_Warehouse/f1datawarehouse/lib/python3.9/site-packages/airflow/example_dags/example_trigger_target_dag.py
[2024-02-24T21:39:05.449-0600] {processor.py:830} INFO - Processing file /Users/vamseekrishna/Desktop/F1_Data_Warehouse/f1datawarehouse/lib/python3.9/site-packages/airflow/example_dags/example_trigger_target_dag.py for tasks to queue
[2024-02-24T21:39:05.449-0600] {logging_mixin.py:188} INFO - [2024-02-24T21:39:05.449-0600] {dagbag.py:538} INFO - Filling up the DagBag from /Users/vamseekrishna/Desktop/F1_Data_Warehouse/f1datawarehouse/lib/python3.9/site-packages/airflow/example_dags/example_trigger_target_dag.py
[2024-02-24T21:39:05.465-0600] {processor.py:840} INFO - DAG(s) 'example_trigger_target_dag' retrieved from /Users/vamseekrishna/Desktop/F1_Data_Warehouse/f1datawarehouse/lib/python3.9/site-packages/airflow/example_dags/example_trigger_target_dag.py
[2024-02-24T21:39:05.511-0600] {logging_mixin.py:188} INFO - [2024-02-24T21:39:05.511-0600] {dag.py:3036} INFO - Sync 1 DAGs
[2024-02-24T21:39:05.514-0600] {logging_mixin.py:188} INFO - [2024-02-24T21:39:05.514-0600] {dag.py:3823} INFO - Setting next_dagrun for example_trigger_target_dag to None, run_after=None
[2024-02-24T21:39:05.522-0600] {processor.py:183} INFO - Processing /Users/vamseekrishna/Desktop/F1_Data_Warehouse/f1datawarehouse/lib/python3.9/site-packages/airflow/example_dags/example_trigger_target_dag.py took 0.076 seconds
[2024-02-24T21:40:05.864-0600] {processor.py:161} INFO - Started process (PID=8570) to work on /Users/vamseekrishna/Desktop/F1_Data_Warehouse/f1datawarehouse/lib/python3.9/site-packages/airflow/example_dags/example_trigger_target_dag.py
[2024-02-24T21:40:05.866-0600] {processor.py:830} INFO - Processing file /Users/vamseekrishna/Desktop/F1_Data_Warehouse/f1datawarehouse/lib/python3.9/site-packages/airflow/example_dags/example_trigger_target_dag.py for tasks to queue
[2024-02-24T21:40:05.866-0600] {logging_mixin.py:188} INFO - [2024-02-24T21:40:05.866-0600] {dagbag.py:538} INFO - Filling up the DagBag from /Users/vamseekrishna/Desktop/F1_Data_Warehouse/f1datawarehouse/lib/python3.9/site-packages/airflow/example_dags/example_trigger_target_dag.py
[2024-02-24T21:40:05.882-0600] {processor.py:840} INFO - DAG(s) 'example_trigger_target_dag' retrieved from /Users/vamseekrishna/Desktop/F1_Data_Warehouse/f1datawarehouse/lib/python3.9/site-packages/airflow/example_dags/example_trigger_target_dag.py
[2024-02-24T21:40:05.930-0600] {logging_mixin.py:188} INFO - [2024-02-24T21:40:05.930-0600] {dag.py:3036} INFO - Sync 1 DAGs
[2024-02-24T21:40:05.935-0600] {logging_mixin.py:188} INFO - [2024-02-24T21:40:05.935-0600] {dag.py:3823} INFO - Setting next_dagrun for example_trigger_target_dag to None, run_after=None
[2024-02-24T21:40:05.942-0600] {processor.py:183} INFO - Processing /Users/vamseekrishna/Desktop/F1_Data_Warehouse/f1datawarehouse/lib/python3.9/site-packages/airflow/example_dags/example_trigger_target_dag.py took 0.079 seconds
[2024-02-24T21:41:05.738-0600] {processor.py:161} INFO - Started process (PID=8653) to work on /Users/vamseekrishna/Desktop/F1_Data_Warehouse/f1datawarehouse/lib/python3.9/site-packages/airflow/example_dags/example_trigger_target_dag.py
[2024-02-24T21:41:05.740-0600] {processor.py:830} INFO - Processing file /Users/vamseekrishna/Desktop/F1_Data_Warehouse/f1datawarehouse/lib/python3.9/site-packages/airflow/example_dags/example_trigger_target_dag.py for tasks to queue
[2024-02-24T21:41:05.740-0600] {logging_mixin.py:188} INFO - [2024-02-24T21:41:05.740-0600] {dagbag.py:538} INFO - Filling up the DagBag from /Users/vamseekrishna/Desktop/F1_Data_Warehouse/f1datawarehouse/lib/python3.9/site-packages/airflow/example_dags/example_trigger_target_dag.py
[2024-02-24T21:41:05.755-0600] {processor.py:840} INFO - DAG(s) 'example_trigger_target_dag' retrieved from /Users/vamseekrishna/Desktop/F1_Data_Warehouse/f1datawarehouse/lib/python3.9/site-packages/airflow/example_dags/example_trigger_target_dag.py
[2024-02-24T21:41:05.801-0600] {logging_mixin.py:188} INFO - [2024-02-24T21:41:05.801-0600] {dag.py:3036} INFO - Sync 1 DAGs
[2024-02-24T21:41:05.805-0600] {logging_mixin.py:188} INFO - [2024-02-24T21:41:05.804-0600] {dag.py:3823} INFO - Setting next_dagrun for example_trigger_target_dag to None, run_after=None
[2024-02-24T21:41:05.812-0600] {processor.py:183} INFO - Processing /Users/vamseekrishna/Desktop/F1_Data_Warehouse/f1datawarehouse/lib/python3.9/site-packages/airflow/example_dags/example_trigger_target_dag.py took 0.075 seconds
[2024-02-24T21:42:10.628-0600] {processor.py:161} INFO - Started process (PID=8747) to work on /Users/vamseekrishna/Desktop/F1_Data_Warehouse/f1datawarehouse/lib/python3.9/site-packages/airflow/example_dags/example_trigger_target_dag.py
[2024-02-24T21:42:10.630-0600] {processor.py:830} INFO - Processing file /Users/vamseekrishna/Desktop/F1_Data_Warehouse/f1datawarehouse/lib/python3.9/site-packages/airflow/example_dags/example_trigger_target_dag.py for tasks to queue
[2024-02-24T21:42:10.630-0600] {logging_mixin.py:188} INFO - [2024-02-24T21:42:10.630-0600] {dagbag.py:538} INFO - Filling up the DagBag from /Users/vamseekrishna/Desktop/F1_Data_Warehouse/f1datawarehouse/lib/python3.9/site-packages/airflow/example_dags/example_trigger_target_dag.py
[2024-02-24T21:42:10.645-0600] {processor.py:840} INFO - DAG(s) 'example_trigger_target_dag' retrieved from /Users/vamseekrishna/Desktop/F1_Data_Warehouse/f1datawarehouse/lib/python3.9/site-packages/airflow/example_dags/example_trigger_target_dag.py
[2024-02-24T21:42:10.691-0600] {logging_mixin.py:188} INFO - [2024-02-24T21:42:10.691-0600] {dag.py:3036} INFO - Sync 1 DAGs
[2024-02-24T21:42:10.695-0600] {logging_mixin.py:188} INFO - [2024-02-24T21:42:10.695-0600] {dag.py:3823} INFO - Setting next_dagrun for example_trigger_target_dag to None, run_after=None
[2024-02-24T21:42:10.703-0600] {processor.py:183} INFO - Processing /Users/vamseekrishna/Desktop/F1_Data_Warehouse/f1datawarehouse/lib/python3.9/site-packages/airflow/example_dags/example_trigger_target_dag.py took 0.075 seconds
[2024-02-24T21:49:35.315-0600] {processor.py:161} INFO - Started process (PID=9054) to work on /Users/vamseekrishna/Desktop/F1_Data_Warehouse/f1datawarehouse/lib/python3.9/site-packages/airflow/example_dags/example_trigger_target_dag.py
[2024-02-24T21:49:35.317-0600] {processor.py:830} INFO - Processing file /Users/vamseekrishna/Desktop/F1_Data_Warehouse/f1datawarehouse/lib/python3.9/site-packages/airflow/example_dags/example_trigger_target_dag.py for tasks to queue
[2024-02-24T21:49:35.317-0600] {logging_mixin.py:188} INFO - [2024-02-24T21:49:35.317-0600] {dagbag.py:538} INFO - Filling up the DagBag from /Users/vamseekrishna/Desktop/F1_Data_Warehouse/f1datawarehouse/lib/python3.9/site-packages/airflow/example_dags/example_trigger_target_dag.py
[2024-02-24T21:49:35.332-0600] {processor.py:840} INFO - DAG(s) 'example_trigger_target_dag' retrieved from /Users/vamseekrishna/Desktop/F1_Data_Warehouse/f1datawarehouse/lib/python3.9/site-packages/airflow/example_dags/example_trigger_target_dag.py
[2024-02-24T21:49:35.379-0600] {logging_mixin.py:188} INFO - [2024-02-24T21:49:35.379-0600] {dag.py:3036} INFO - Sync 1 DAGs
[2024-02-24T21:49:35.383-0600] {logging_mixin.py:188} INFO - [2024-02-24T21:49:35.383-0600] {dag.py:3823} INFO - Setting next_dagrun for example_trigger_target_dag to None, run_after=None
[2024-02-24T21:49:35.391-0600] {processor.py:183} INFO - Processing /Users/vamseekrishna/Desktop/F1_Data_Warehouse/f1datawarehouse/lib/python3.9/site-packages/airflow/example_dags/example_trigger_target_dag.py took 0.077 seconds
[2024-02-24T21:51:08.413-0600] {processor.py:161} INFO - Started process (PID=9143) to work on /Users/vamseekrishna/Desktop/F1_Data_Warehouse/f1datawarehouse/lib/python3.9/site-packages/airflow/example_dags/example_trigger_target_dag.py
[2024-02-24T21:51:08.416-0600] {processor.py:830} INFO - Processing file /Users/vamseekrishna/Desktop/F1_Data_Warehouse/f1datawarehouse/lib/python3.9/site-packages/airflow/example_dags/example_trigger_target_dag.py for tasks to queue
[2024-02-24T21:51:08.416-0600] {logging_mixin.py:188} INFO - [2024-02-24T21:51:08.416-0600] {dagbag.py:538} INFO - Filling up the DagBag from /Users/vamseekrishna/Desktop/F1_Data_Warehouse/f1datawarehouse/lib/python3.9/site-packages/airflow/example_dags/example_trigger_target_dag.py
[2024-02-24T21:51:08.432-0600] {processor.py:840} INFO - DAG(s) 'example_trigger_target_dag' retrieved from /Users/vamseekrishna/Desktop/F1_Data_Warehouse/f1datawarehouse/lib/python3.9/site-packages/airflow/example_dags/example_trigger_target_dag.py
[2024-02-24T21:51:08.477-0600] {logging_mixin.py:188} INFO - [2024-02-24T21:51:08.477-0600] {dag.py:3036} INFO - Sync 1 DAGs
[2024-02-24T21:51:08.481-0600] {logging_mixin.py:188} INFO - [2024-02-24T21:51:08.481-0600] {dag.py:3823} INFO - Setting next_dagrun for example_trigger_target_dag to None, run_after=None
[2024-02-24T21:51:08.489-0600] {processor.py:183} INFO - Processing /Users/vamseekrishna/Desktop/F1_Data_Warehouse/f1datawarehouse/lib/python3.9/site-packages/airflow/example_dags/example_trigger_target_dag.py took 0.076 seconds
[2024-02-24T21:52:06.883-0600] {processor.py:161} INFO - Started process (PID=9203) to work on /Users/vamseekrishna/Desktop/F1_Data_Warehouse/f1datawarehouse/lib/python3.9/site-packages/airflow/example_dags/example_trigger_target_dag.py
[2024-02-24T21:52:06.885-0600] {processor.py:830} INFO - Processing file /Users/vamseekrishna/Desktop/F1_Data_Warehouse/f1datawarehouse/lib/python3.9/site-packages/airflow/example_dags/example_trigger_target_dag.py for tasks to queue
[2024-02-24T21:52:06.886-0600] {logging_mixin.py:188} INFO - [2024-02-24T21:52:06.886-0600] {dagbag.py:538} INFO - Filling up the DagBag from /Users/vamseekrishna/Desktop/F1_Data_Warehouse/f1datawarehouse/lib/python3.9/site-packages/airflow/example_dags/example_trigger_target_dag.py
[2024-02-24T21:52:06.901-0600] {processor.py:840} INFO - DAG(s) 'example_trigger_target_dag' retrieved from /Users/vamseekrishna/Desktop/F1_Data_Warehouse/f1datawarehouse/lib/python3.9/site-packages/airflow/example_dags/example_trigger_target_dag.py
[2024-02-24T21:52:06.946-0600] {logging_mixin.py:188} INFO - [2024-02-24T21:52:06.946-0600] {dag.py:3036} INFO - Sync 1 DAGs
[2024-02-24T21:52:06.950-0600] {logging_mixin.py:188} INFO - [2024-02-24T21:52:06.950-0600] {dag.py:3823} INFO - Setting next_dagrun for example_trigger_target_dag to None, run_after=None
[2024-02-24T21:52:06.958-0600] {processor.py:183} INFO - Processing /Users/vamseekrishna/Desktop/F1_Data_Warehouse/f1datawarehouse/lib/python3.9/site-packages/airflow/example_dags/example_trigger_target_dag.py took 0.075 seconds
[2024-02-24T21:53:13.741-0600] {processor.py:161} INFO - Started process (PID=9301) to work on /Users/vamseekrishna/Desktop/F1_Data_Warehouse/f1datawarehouse/lib/python3.9/site-packages/airflow/example_dags/example_trigger_target_dag.py
[2024-02-24T21:53:13.742-0600] {processor.py:830} INFO - Processing file /Users/vamseekrishna/Desktop/F1_Data_Warehouse/f1datawarehouse/lib/python3.9/site-packages/airflow/example_dags/example_trigger_target_dag.py for tasks to queue
[2024-02-24T21:53:13.743-0600] {logging_mixin.py:188} INFO - [2024-02-24T21:53:13.743-0600] {dagbag.py:538} INFO - Filling up the DagBag from /Users/vamseekrishna/Desktop/F1_Data_Warehouse/f1datawarehouse/lib/python3.9/site-packages/airflow/example_dags/example_trigger_target_dag.py
[2024-02-24T21:53:13.759-0600] {processor.py:840} INFO - DAG(s) 'example_trigger_target_dag' retrieved from /Users/vamseekrishna/Desktop/F1_Data_Warehouse/f1datawarehouse/lib/python3.9/site-packages/airflow/example_dags/example_trigger_target_dag.py
[2024-02-24T21:53:13.806-0600] {logging_mixin.py:188} INFO - [2024-02-24T21:53:13.806-0600] {dag.py:3036} INFO - Sync 1 DAGs
[2024-02-24T21:53:13.810-0600] {logging_mixin.py:188} INFO - [2024-02-24T21:53:13.810-0600] {dag.py:3823} INFO - Setting next_dagrun for example_trigger_target_dag to None, run_after=None
[2024-02-24T21:53:13.818-0600] {processor.py:183} INFO - Processing /Users/vamseekrishna/Desktop/F1_Data_Warehouse/f1datawarehouse/lib/python3.9/site-packages/airflow/example_dags/example_trigger_target_dag.py took 0.078 seconds
[2024-02-24T21:54:16.513-0600] {processor.py:161} INFO - Started process (PID=9348) to work on /Users/vamseekrishna/Desktop/F1_Data_Warehouse/f1datawarehouse/lib/python3.9/site-packages/airflow/example_dags/example_trigger_target_dag.py
[2024-02-24T21:54:16.516-0600] {processor.py:830} INFO - Processing file /Users/vamseekrishna/Desktop/F1_Data_Warehouse/f1datawarehouse/lib/python3.9/site-packages/airflow/example_dags/example_trigger_target_dag.py for tasks to queue
[2024-02-24T21:54:16.517-0600] {logging_mixin.py:188} INFO - [2024-02-24T21:54:16.517-0600] {dagbag.py:538} INFO - Filling up the DagBag from /Users/vamseekrishna/Desktop/F1_Data_Warehouse/f1datawarehouse/lib/python3.9/site-packages/airflow/example_dags/example_trigger_target_dag.py
[2024-02-24T21:54:16.572-0600] {processor.py:840} INFO - DAG(s) 'example_trigger_target_dag' retrieved from /Users/vamseekrishna/Desktop/F1_Data_Warehouse/f1datawarehouse/lib/python3.9/site-packages/airflow/example_dags/example_trigger_target_dag.py
[2024-02-24T21:54:16.635-0600] {logging_mixin.py:188} INFO - [2024-02-24T21:54:16.634-0600] {dag.py:3036} INFO - Sync 1 DAGs
[2024-02-24T21:54:16.643-0600] {logging_mixin.py:188} INFO - [2024-02-24T21:54:16.643-0600] {dag.py:3823} INFO - Setting next_dagrun for example_trigger_target_dag to None, run_after=None
[2024-02-24T21:54:16.658-0600] {processor.py:183} INFO - Processing /Users/vamseekrishna/Desktop/F1_Data_Warehouse/f1datawarehouse/lib/python3.9/site-packages/airflow/example_dags/example_trigger_target_dag.py took 0.146 seconds
[2024-02-24T21:55:22.936-0600] {processor.py:161} INFO - Started process (PID=9412) to work on /Users/vamseekrishna/Desktop/F1_Data_Warehouse/f1datawarehouse/lib/python3.9/site-packages/airflow/example_dags/example_trigger_target_dag.py
[2024-02-24T21:55:22.938-0600] {processor.py:830} INFO - Processing file /Users/vamseekrishna/Desktop/F1_Data_Warehouse/f1datawarehouse/lib/python3.9/site-packages/airflow/example_dags/example_trigger_target_dag.py for tasks to queue
[2024-02-24T21:55:22.939-0600] {logging_mixin.py:188} INFO - [2024-02-24T21:55:22.939-0600] {dagbag.py:538} INFO - Filling up the DagBag from /Users/vamseekrishna/Desktop/F1_Data_Warehouse/f1datawarehouse/lib/python3.9/site-packages/airflow/example_dags/example_trigger_target_dag.py
[2024-02-24T21:55:22.954-0600] {processor.py:840} INFO - DAG(s) 'example_trigger_target_dag' retrieved from /Users/vamseekrishna/Desktop/F1_Data_Warehouse/f1datawarehouse/lib/python3.9/site-packages/airflow/example_dags/example_trigger_target_dag.py
[2024-02-24T21:55:23.001-0600] {logging_mixin.py:188} INFO - [2024-02-24T21:55:23.001-0600] {dag.py:3036} INFO - Sync 1 DAGs
[2024-02-24T21:55:23.005-0600] {logging_mixin.py:188} INFO - [2024-02-24T21:55:23.005-0600] {dag.py:3823} INFO - Setting next_dagrun for example_trigger_target_dag to None, run_after=None
[2024-02-24T21:55:23.013-0600] {processor.py:183} INFO - Processing /Users/vamseekrishna/Desktop/F1_Data_Warehouse/f1datawarehouse/lib/python3.9/site-packages/airflow/example_dags/example_trigger_target_dag.py took 0.077 seconds
[2024-02-24T21:56:31.822-0600] {processor.py:161} INFO - Started process (PID=9475) to work on /Users/vamseekrishna/Desktop/F1_Data_Warehouse/f1datawarehouse/lib/python3.9/site-packages/airflow/example_dags/example_trigger_target_dag.py
[2024-02-24T21:56:31.824-0600] {processor.py:830} INFO - Processing file /Users/vamseekrishna/Desktop/F1_Data_Warehouse/f1datawarehouse/lib/python3.9/site-packages/airflow/example_dags/example_trigger_target_dag.py for tasks to queue
[2024-02-24T21:56:31.824-0600] {logging_mixin.py:188} INFO - [2024-02-24T21:56:31.824-0600] {dagbag.py:538} INFO - Filling up the DagBag from /Users/vamseekrishna/Desktop/F1_Data_Warehouse/f1datawarehouse/lib/python3.9/site-packages/airflow/example_dags/example_trigger_target_dag.py
[2024-02-24T21:56:31.840-0600] {processor.py:840} INFO - DAG(s) 'example_trigger_target_dag' retrieved from /Users/vamseekrishna/Desktop/F1_Data_Warehouse/f1datawarehouse/lib/python3.9/site-packages/airflow/example_dags/example_trigger_target_dag.py
[2024-02-24T21:56:31.889-0600] {logging_mixin.py:188} INFO - [2024-02-24T21:56:31.888-0600] {dag.py:3036} INFO - Sync 1 DAGs
[2024-02-24T21:56:31.893-0600] {logging_mixin.py:188} INFO - [2024-02-24T21:56:31.892-0600] {dag.py:3823} INFO - Setting next_dagrun for example_trigger_target_dag to None, run_after=None
[2024-02-24T21:56:31.900-0600] {processor.py:183} INFO - Processing /Users/vamseekrishna/Desktop/F1_Data_Warehouse/f1datawarehouse/lib/python3.9/site-packages/airflow/example_dags/example_trigger_target_dag.py took 0.079 seconds
[2024-02-24T21:57:33.791-0600] {processor.py:161} INFO - Started process (PID=9538) to work on /Users/vamseekrishna/Desktop/F1_Data_Warehouse/f1datawarehouse/lib/python3.9/site-packages/airflow/example_dags/example_trigger_target_dag.py
[2024-02-24T21:57:33.793-0600] {processor.py:830} INFO - Processing file /Users/vamseekrishna/Desktop/F1_Data_Warehouse/f1datawarehouse/lib/python3.9/site-packages/airflow/example_dags/example_trigger_target_dag.py for tasks to queue
[2024-02-24T21:57:33.793-0600] {logging_mixin.py:188} INFO - [2024-02-24T21:57:33.793-0600] {dagbag.py:538} INFO - Filling up the DagBag from /Users/vamseekrishna/Desktop/F1_Data_Warehouse/f1datawarehouse/lib/python3.9/site-packages/airflow/example_dags/example_trigger_target_dag.py
[2024-02-24T21:57:33.809-0600] {processor.py:840} INFO - DAG(s) 'example_trigger_target_dag' retrieved from /Users/vamseekrishna/Desktop/F1_Data_Warehouse/f1datawarehouse/lib/python3.9/site-packages/airflow/example_dags/example_trigger_target_dag.py
[2024-02-24T21:57:33.856-0600] {logging_mixin.py:188} INFO - [2024-02-24T21:57:33.855-0600] {dag.py:3036} INFO - Sync 1 DAGs
[2024-02-24T21:57:33.859-0600] {logging_mixin.py:188} INFO - [2024-02-24T21:57:33.859-0600] {dag.py:3823} INFO - Setting next_dagrun for example_trigger_target_dag to None, run_after=None
[2024-02-24T21:57:33.867-0600] {processor.py:183} INFO - Processing /Users/vamseekrishna/Desktop/F1_Data_Warehouse/f1datawarehouse/lib/python3.9/site-packages/airflow/example_dags/example_trigger_target_dag.py took 0.077 seconds
[2024-02-24T21:58:36.580-0600] {processor.py:161} INFO - Started process (PID=9583) to work on /Users/vamseekrishna/Desktop/F1_Data_Warehouse/f1datawarehouse/lib/python3.9/site-packages/airflow/example_dags/example_trigger_target_dag.py
[2024-02-24T21:58:36.582-0600] {processor.py:830} INFO - Processing file /Users/vamseekrishna/Desktop/F1_Data_Warehouse/f1datawarehouse/lib/python3.9/site-packages/airflow/example_dags/example_trigger_target_dag.py for tasks to queue
[2024-02-24T21:58:36.582-0600] {logging_mixin.py:188} INFO - [2024-02-24T21:58:36.582-0600] {dagbag.py:538} INFO - Filling up the DagBag from /Users/vamseekrishna/Desktop/F1_Data_Warehouse/f1datawarehouse/lib/python3.9/site-packages/airflow/example_dags/example_trigger_target_dag.py
[2024-02-24T21:58:36.598-0600] {processor.py:840} INFO - DAG(s) 'example_trigger_target_dag' retrieved from /Users/vamseekrishna/Desktop/F1_Data_Warehouse/f1datawarehouse/lib/python3.9/site-packages/airflow/example_dags/example_trigger_target_dag.py
[2024-02-24T21:58:36.644-0600] {logging_mixin.py:188} INFO - [2024-02-24T21:58:36.644-0600] {dag.py:3036} INFO - Sync 1 DAGs
[2024-02-24T21:58:36.648-0600] {logging_mixin.py:188} INFO - [2024-02-24T21:58:36.648-0600] {dag.py:3823} INFO - Setting next_dagrun for example_trigger_target_dag to None, run_after=None
[2024-02-24T21:58:36.655-0600] {processor.py:183} INFO - Processing /Users/vamseekrishna/Desktop/F1_Data_Warehouse/f1datawarehouse/lib/python3.9/site-packages/airflow/example_dags/example_trigger_target_dag.py took 0.076 seconds
