[2024-02-24T18:02:06.693-0600] {processor.py:161} INFO - Started process (PID=95612) to work on /Users/vamseekrishna/Desktop/F1_Data_Warehouse/f1datawarehouse/lib/python3.9/site-packages/airflow/example_dags/example_branch_day_of_week_operator.py
[2024-02-24T18:02:06.695-0600] {processor.py:830} INFO - Processing file /Users/vamseekrishna/Desktop/F1_Data_Warehouse/f1datawarehouse/lib/python3.9/site-packages/airflow/example_dags/example_branch_day_of_week_operator.py for tasks to queue
[2024-02-24T18:02:06.695-0600] {logging_mixin.py:188} INFO - [2024-02-24T18:02:06.695-0600] {dagbag.py:538} INFO - Filling up the DagBag from /Users/vamseekrishna/Desktop/F1_Data_Warehouse/f1datawarehouse/lib/python3.9/site-packages/airflow/example_dags/example_branch_day_of_week_operator.py
[2024-02-24T18:02:06.702-0600] {processor.py:840} INFO - DAG(s) 'example_weekday_branch_operator' retrieved from /Users/vamseekrishna/Desktop/F1_Data_Warehouse/f1datawarehouse/lib/python3.9/site-packages/airflow/example_dags/example_branch_day_of_week_operator.py
[2024-02-24T18:02:06.777-0600] {logging_mixin.py:188} INFO - [2024-02-24T18:02:06.777-0600] {dag.py:3036} INFO - Sync 1 DAGs
[2024-02-24T18:02:06.785-0600] {logging_mixin.py:188} INFO - [2024-02-24T18:02:06.785-0600] {dag.py:3823} INFO - Setting next_dagrun for example_weekday_branch_operator to 2024-02-24 00:00:00+00:00, run_after=2024-02-25 00:00:00+00:00
[2024-02-24T18:02:06.794-0600] {processor.py:183} INFO - Processing /Users/vamseekrishna/Desktop/F1_Data_Warehouse/f1datawarehouse/lib/python3.9/site-packages/airflow/example_dags/example_branch_day_of_week_operator.py took 0.101 seconds
[2024-02-24T18:04:30.016-0600] {processor.py:161} INFO - Started process (PID=95770) to work on /Users/vamseekrishna/Desktop/F1_Data_Warehouse/f1datawarehouse/lib/python3.9/site-packages/airflow/example_dags/example_branch_day_of_week_operator.py
[2024-02-24T18:04:30.017-0600] {processor.py:830} INFO - Processing file /Users/vamseekrishna/Desktop/F1_Data_Warehouse/f1datawarehouse/lib/python3.9/site-packages/airflow/example_dags/example_branch_day_of_week_operator.py for tasks to queue
[2024-02-24T18:04:30.018-0600] {logging_mixin.py:188} INFO - [2024-02-24T18:04:30.017-0600] {dagbag.py:538} INFO - Filling up the DagBag from /Users/vamseekrishna/Desktop/F1_Data_Warehouse/f1datawarehouse/lib/python3.9/site-packages/airflow/example_dags/example_branch_day_of_week_operator.py
[2024-02-24T18:04:30.022-0600] {processor.py:840} INFO - DAG(s) 'example_weekday_branch_operator' retrieved from /Users/vamseekrishna/Desktop/F1_Data_Warehouse/f1datawarehouse/lib/python3.9/site-packages/airflow/example_dags/example_branch_day_of_week_operator.py
[2024-02-24T18:04:30.070-0600] {logging_mixin.py:188} INFO - [2024-02-24T18:04:30.070-0600] {dag.py:3036} INFO - Sync 1 DAGs
[2024-02-24T18:04:30.078-0600] {logging_mixin.py:188} INFO - [2024-02-24T18:04:30.078-0600] {dag.py:3823} INFO - Setting next_dagrun for example_weekday_branch_operator to 2024-02-24 00:00:00+00:00, run_after=2024-02-25 00:00:00+00:00
[2024-02-24T18:04:30.086-0600] {processor.py:183} INFO - Processing /Users/vamseekrishna/Desktop/F1_Data_Warehouse/f1datawarehouse/lib/python3.9/site-packages/airflow/example_dags/example_branch_day_of_week_operator.py took 0.071 seconds
[2024-02-24T18:06:52.959-0600] {processor.py:161} INFO - Started process (PID=95935) to work on /Users/vamseekrishna/Desktop/F1_Data_Warehouse/f1datawarehouse/lib/python3.9/site-packages/airflow/example_dags/example_branch_day_of_week_operator.py
[2024-02-24T18:06:52.961-0600] {processor.py:830} INFO - Processing file /Users/vamseekrishna/Desktop/F1_Data_Warehouse/f1datawarehouse/lib/python3.9/site-packages/airflow/example_dags/example_branch_day_of_week_operator.py for tasks to queue
[2024-02-24T18:06:52.961-0600] {logging_mixin.py:188} INFO - [2024-02-24T18:06:52.961-0600] {dagbag.py:538} INFO - Filling up the DagBag from /Users/vamseekrishna/Desktop/F1_Data_Warehouse/f1datawarehouse/lib/python3.9/site-packages/airflow/example_dags/example_branch_day_of_week_operator.py
[2024-02-24T18:06:52.966-0600] {processor.py:840} INFO - DAG(s) 'example_weekday_branch_operator' retrieved from /Users/vamseekrishna/Desktop/F1_Data_Warehouse/f1datawarehouse/lib/python3.9/site-packages/airflow/example_dags/example_branch_day_of_week_operator.py
[2024-02-24T18:06:53.014-0600] {logging_mixin.py:188} INFO - [2024-02-24T18:06:53.013-0600] {dag.py:3036} INFO - Sync 1 DAGs
[2024-02-24T18:06:53.021-0600] {logging_mixin.py:188} INFO - [2024-02-24T18:06:53.021-0600] {dag.py:3823} INFO - Setting next_dagrun for example_weekday_branch_operator to 2024-02-24 00:00:00+00:00, run_after=2024-02-25 00:00:00+00:00
[2024-02-24T18:06:53.030-0600] {processor.py:183} INFO - Processing /Users/vamseekrishna/Desktop/F1_Data_Warehouse/f1datawarehouse/lib/python3.9/site-packages/airflow/example_dags/example_branch_day_of_week_operator.py took 0.072 seconds
[2024-02-24T18:08:46.871-0600] {processor.py:161} INFO - Started process (PID=96034) to work on /Users/vamseekrishna/Desktop/F1_Data_Warehouse/f1datawarehouse/lib/python3.9/site-packages/airflow/example_dags/example_branch_day_of_week_operator.py
[2024-02-24T18:08:46.874-0600] {processor.py:830} INFO - Processing file /Users/vamseekrishna/Desktop/F1_Data_Warehouse/f1datawarehouse/lib/python3.9/site-packages/airflow/example_dags/example_branch_day_of_week_operator.py for tasks to queue
[2024-02-24T18:08:46.874-0600] {logging_mixin.py:188} INFO - [2024-02-24T18:08:46.874-0600] {dagbag.py:538} INFO - Filling up the DagBag from /Users/vamseekrishna/Desktop/F1_Data_Warehouse/f1datawarehouse/lib/python3.9/site-packages/airflow/example_dags/example_branch_day_of_week_operator.py
[2024-02-24T18:08:46.880-0600] {processor.py:840} INFO - DAG(s) 'example_weekday_branch_operator' retrieved from /Users/vamseekrishna/Desktop/F1_Data_Warehouse/f1datawarehouse/lib/python3.9/site-packages/airflow/example_dags/example_branch_day_of_week_operator.py
[2024-02-24T18:08:46.929-0600] {logging_mixin.py:188} INFO - [2024-02-24T18:08:46.929-0600] {dag.py:3036} INFO - Sync 1 DAGs
[2024-02-24T18:08:46.937-0600] {logging_mixin.py:188} INFO - [2024-02-24T18:08:46.937-0600] {dag.py:3823} INFO - Setting next_dagrun for example_weekday_branch_operator to 2024-02-24 00:00:00+00:00, run_after=2024-02-25 00:00:00+00:00
[2024-02-24T18:08:46.944-0600] {processor.py:183} INFO - Processing /Users/vamseekrishna/Desktop/F1_Data_Warehouse/f1datawarehouse/lib/python3.9/site-packages/airflow/example_dags/example_branch_day_of_week_operator.py took 0.074 seconds
[2024-02-24T18:10:43.242-0600] {processor.py:161} INFO - Started process (PID=96130) to work on /Users/vamseekrishna/Desktop/F1_Data_Warehouse/f1datawarehouse/lib/python3.9/site-packages/airflow/example_dags/example_branch_day_of_week_operator.py
[2024-02-24T18:10:43.243-0600] {processor.py:830} INFO - Processing file /Users/vamseekrishna/Desktop/F1_Data_Warehouse/f1datawarehouse/lib/python3.9/site-packages/airflow/example_dags/example_branch_day_of_week_operator.py for tasks to queue
[2024-02-24T18:10:43.244-0600] {logging_mixin.py:188} INFO - [2024-02-24T18:10:43.243-0600] {dagbag.py:538} INFO - Filling up the DagBag from /Users/vamseekrishna/Desktop/F1_Data_Warehouse/f1datawarehouse/lib/python3.9/site-packages/airflow/example_dags/example_branch_day_of_week_operator.py
[2024-02-24T18:10:43.248-0600] {processor.py:840} INFO - DAG(s) 'example_weekday_branch_operator' retrieved from /Users/vamseekrishna/Desktop/F1_Data_Warehouse/f1datawarehouse/lib/python3.9/site-packages/airflow/example_dags/example_branch_day_of_week_operator.py
[2024-02-24T18:10:43.296-0600] {logging_mixin.py:188} INFO - [2024-02-24T18:10:43.295-0600] {dag.py:3036} INFO - Sync 1 DAGs
[2024-02-24T18:10:43.303-0600] {logging_mixin.py:188} INFO - [2024-02-24T18:10:43.303-0600] {dag.py:3823} INFO - Setting next_dagrun for example_weekday_branch_operator to 2024-02-24 00:00:00+00:00, run_after=2024-02-25 00:00:00+00:00
[2024-02-24T18:10:43.311-0600] {processor.py:183} INFO - Processing /Users/vamseekrishna/Desktop/F1_Data_Warehouse/f1datawarehouse/lib/python3.9/site-packages/airflow/example_dags/example_branch_day_of_week_operator.py took 0.070 seconds
[2024-02-24T18:12:44.575-0600] {processor.py:161} INFO - Started process (PID=96232) to work on /Users/vamseekrishna/Desktop/F1_Data_Warehouse/f1datawarehouse/lib/python3.9/site-packages/airflow/example_dags/example_branch_day_of_week_operator.py
[2024-02-24T18:12:44.577-0600] {processor.py:830} INFO - Processing file /Users/vamseekrishna/Desktop/F1_Data_Warehouse/f1datawarehouse/lib/python3.9/site-packages/airflow/example_dags/example_branch_day_of_week_operator.py for tasks to queue
[2024-02-24T18:12:44.577-0600] {logging_mixin.py:188} INFO - [2024-02-24T18:12:44.577-0600] {dagbag.py:538} INFO - Filling up the DagBag from /Users/vamseekrishna/Desktop/F1_Data_Warehouse/f1datawarehouse/lib/python3.9/site-packages/airflow/example_dags/example_branch_day_of_week_operator.py
[2024-02-24T18:12:44.583-0600] {processor.py:840} INFO - DAG(s) 'example_weekday_branch_operator' retrieved from /Users/vamseekrishna/Desktop/F1_Data_Warehouse/f1datawarehouse/lib/python3.9/site-packages/airflow/example_dags/example_branch_day_of_week_operator.py
[2024-02-24T18:12:44.630-0600] {logging_mixin.py:188} INFO - [2024-02-24T18:12:44.630-0600] {dag.py:3036} INFO - Sync 1 DAGs
[2024-02-24T18:12:44.638-0600] {logging_mixin.py:188} INFO - [2024-02-24T18:12:44.638-0600] {dag.py:3823} INFO - Setting next_dagrun for example_weekday_branch_operator to 2024-02-24 00:00:00+00:00, run_after=2024-02-25 00:00:00+00:00
[2024-02-24T18:12:44.646-0600] {processor.py:183} INFO - Processing /Users/vamseekrishna/Desktop/F1_Data_Warehouse/f1datawarehouse/lib/python3.9/site-packages/airflow/example_dags/example_branch_day_of_week_operator.py took 0.071 seconds
[2024-02-24T18:14:40.985-0600] {processor.py:161} INFO - Started process (PID=96322) to work on /Users/vamseekrishna/Desktop/F1_Data_Warehouse/f1datawarehouse/lib/python3.9/site-packages/airflow/example_dags/example_branch_day_of_week_operator.py
[2024-02-24T18:14:40.987-0600] {processor.py:830} INFO - Processing file /Users/vamseekrishna/Desktop/F1_Data_Warehouse/f1datawarehouse/lib/python3.9/site-packages/airflow/example_dags/example_branch_day_of_week_operator.py for tasks to queue
[2024-02-24T18:14:40.987-0600] {logging_mixin.py:188} INFO - [2024-02-24T18:14:40.987-0600] {dagbag.py:538} INFO - Filling up the DagBag from /Users/vamseekrishna/Desktop/F1_Data_Warehouse/f1datawarehouse/lib/python3.9/site-packages/airflow/example_dags/example_branch_day_of_week_operator.py
[2024-02-24T18:14:40.993-0600] {processor.py:840} INFO - DAG(s) 'example_weekday_branch_operator' retrieved from /Users/vamseekrishna/Desktop/F1_Data_Warehouse/f1datawarehouse/lib/python3.9/site-packages/airflow/example_dags/example_branch_day_of_week_operator.py
[2024-02-24T18:14:41.043-0600] {logging_mixin.py:188} INFO - [2024-02-24T18:14:41.043-0600] {dag.py:3036} INFO - Sync 1 DAGs
[2024-02-24T18:14:41.050-0600] {logging_mixin.py:188} INFO - [2024-02-24T18:14:41.050-0600] {dag.py:3823} INFO - Setting next_dagrun for example_weekday_branch_operator to 2024-02-24 00:00:00+00:00, run_after=2024-02-25 00:00:00+00:00
[2024-02-24T18:14:41.058-0600] {processor.py:183} INFO - Processing /Users/vamseekrishna/Desktop/F1_Data_Warehouse/f1datawarehouse/lib/python3.9/site-packages/airflow/example_dags/example_branch_day_of_week_operator.py took 0.074 seconds
[2024-02-24T18:16:38.880-0600] {processor.py:161} INFO - Started process (PID=96430) to work on /Users/vamseekrishna/Desktop/F1_Data_Warehouse/f1datawarehouse/lib/python3.9/site-packages/airflow/example_dags/example_branch_day_of_week_operator.py
[2024-02-24T18:16:38.882-0600] {processor.py:830} INFO - Processing file /Users/vamseekrishna/Desktop/F1_Data_Warehouse/f1datawarehouse/lib/python3.9/site-packages/airflow/example_dags/example_branch_day_of_week_operator.py for tasks to queue
[2024-02-24T18:16:38.883-0600] {logging_mixin.py:188} INFO - [2024-02-24T18:16:38.883-0600] {dagbag.py:538} INFO - Filling up the DagBag from /Users/vamseekrishna/Desktop/F1_Data_Warehouse/f1datawarehouse/lib/python3.9/site-packages/airflow/example_dags/example_branch_day_of_week_operator.py
[2024-02-24T18:16:38.888-0600] {processor.py:840} INFO - DAG(s) 'example_weekday_branch_operator' retrieved from /Users/vamseekrishna/Desktop/F1_Data_Warehouse/f1datawarehouse/lib/python3.9/site-packages/airflow/example_dags/example_branch_day_of_week_operator.py
[2024-02-24T18:16:38.936-0600] {logging_mixin.py:188} INFO - [2024-02-24T18:16:38.935-0600] {dag.py:3036} INFO - Sync 1 DAGs
[2024-02-24T18:16:38.943-0600] {logging_mixin.py:188} INFO - [2024-02-24T18:16:38.943-0600] {dag.py:3823} INFO - Setting next_dagrun for example_weekday_branch_operator to 2024-02-24 00:00:00+00:00, run_after=2024-02-25 00:00:00+00:00
[2024-02-24T18:16:38.951-0600] {processor.py:183} INFO - Processing /Users/vamseekrishna/Desktop/F1_Data_Warehouse/f1datawarehouse/lib/python3.9/site-packages/airflow/example_dags/example_branch_day_of_week_operator.py took 0.071 seconds
[2024-02-24T18:18:42.979-0600] {processor.py:161} INFO - Started process (PID=96537) to work on /Users/vamseekrishna/Desktop/F1_Data_Warehouse/f1datawarehouse/lib/python3.9/site-packages/airflow/example_dags/example_branch_day_of_week_operator.py
[2024-02-24T18:18:42.981-0600] {processor.py:830} INFO - Processing file /Users/vamseekrishna/Desktop/F1_Data_Warehouse/f1datawarehouse/lib/python3.9/site-packages/airflow/example_dags/example_branch_day_of_week_operator.py for tasks to queue
[2024-02-24T18:18:42.982-0600] {logging_mixin.py:188} INFO - [2024-02-24T18:18:42.982-0600] {dagbag.py:538} INFO - Filling up the DagBag from /Users/vamseekrishna/Desktop/F1_Data_Warehouse/f1datawarehouse/lib/python3.9/site-packages/airflow/example_dags/example_branch_day_of_week_operator.py
[2024-02-24T18:18:42.987-0600] {processor.py:840} INFO - DAG(s) 'example_weekday_branch_operator' retrieved from /Users/vamseekrishna/Desktop/F1_Data_Warehouse/f1datawarehouse/lib/python3.9/site-packages/airflow/example_dags/example_branch_day_of_week_operator.py
[2024-02-24T18:18:43.036-0600] {logging_mixin.py:188} INFO - [2024-02-24T18:18:43.036-0600] {dag.py:3036} INFO - Sync 1 DAGs
[2024-02-24T18:18:43.044-0600] {logging_mixin.py:188} INFO - [2024-02-24T18:18:43.044-0600] {dag.py:3823} INFO - Setting next_dagrun for example_weekday_branch_operator to 2024-02-24 00:00:00+00:00, run_after=2024-02-25 00:00:00+00:00
[2024-02-24T18:18:43.051-0600] {processor.py:183} INFO - Processing /Users/vamseekrishna/Desktop/F1_Data_Warehouse/f1datawarehouse/lib/python3.9/site-packages/airflow/example_dags/example_branch_day_of_week_operator.py took 0.072 seconds
[2024-02-24T18:20:40.728-0600] {processor.py:161} INFO - Started process (PID=96634) to work on /Users/vamseekrishna/Desktop/F1_Data_Warehouse/f1datawarehouse/lib/python3.9/site-packages/airflow/example_dags/example_branch_day_of_week_operator.py
[2024-02-24T18:20:40.731-0600] {processor.py:830} INFO - Processing file /Users/vamseekrishna/Desktop/F1_Data_Warehouse/f1datawarehouse/lib/python3.9/site-packages/airflow/example_dags/example_branch_day_of_week_operator.py for tasks to queue
[2024-02-24T18:20:40.731-0600] {logging_mixin.py:188} INFO - [2024-02-24T18:20:40.731-0600] {dagbag.py:538} INFO - Filling up the DagBag from /Users/vamseekrishna/Desktop/F1_Data_Warehouse/f1datawarehouse/lib/python3.9/site-packages/airflow/example_dags/example_branch_day_of_week_operator.py
[2024-02-24T18:20:40.736-0600] {processor.py:840} INFO - DAG(s) 'example_weekday_branch_operator' retrieved from /Users/vamseekrishna/Desktop/F1_Data_Warehouse/f1datawarehouse/lib/python3.9/site-packages/airflow/example_dags/example_branch_day_of_week_operator.py
[2024-02-24T18:20:40.783-0600] {logging_mixin.py:188} INFO - [2024-02-24T18:20:40.783-0600] {dag.py:3036} INFO - Sync 1 DAGs
[2024-02-24T18:20:40.791-0600] {logging_mixin.py:188} INFO - [2024-02-24T18:20:40.791-0600] {dag.py:3823} INFO - Setting next_dagrun for example_weekday_branch_operator to 2024-02-24 00:00:00+00:00, run_after=2024-02-25 00:00:00+00:00
[2024-02-24T18:20:40.798-0600] {processor.py:183} INFO - Processing /Users/vamseekrishna/Desktop/F1_Data_Warehouse/f1datawarehouse/lib/python3.9/site-packages/airflow/example_dags/example_branch_day_of_week_operator.py took 0.071 seconds
[2024-02-24T18:22:46.417-0600] {processor.py:161} INFO - Started process (PID=96734) to work on /Users/vamseekrishna/Desktop/F1_Data_Warehouse/f1datawarehouse/lib/python3.9/site-packages/airflow/example_dags/example_branch_day_of_week_operator.py
[2024-02-24T18:22:46.419-0600] {processor.py:830} INFO - Processing file /Users/vamseekrishna/Desktop/F1_Data_Warehouse/f1datawarehouse/lib/python3.9/site-packages/airflow/example_dags/example_branch_day_of_week_operator.py for tasks to queue
[2024-02-24T18:22:46.419-0600] {logging_mixin.py:188} INFO - [2024-02-24T18:22:46.419-0600] {dagbag.py:538} INFO - Filling up the DagBag from /Users/vamseekrishna/Desktop/F1_Data_Warehouse/f1datawarehouse/lib/python3.9/site-packages/airflow/example_dags/example_branch_day_of_week_operator.py
[2024-02-24T18:22:46.424-0600] {processor.py:840} INFO - DAG(s) 'example_weekday_branch_operator' retrieved from /Users/vamseekrishna/Desktop/F1_Data_Warehouse/f1datawarehouse/lib/python3.9/site-packages/airflow/example_dags/example_branch_day_of_week_operator.py
[2024-02-24T18:22:46.472-0600] {logging_mixin.py:188} INFO - [2024-02-24T18:22:46.472-0600] {dag.py:3036} INFO - Sync 1 DAGs
[2024-02-24T18:22:46.480-0600] {logging_mixin.py:188} INFO - [2024-02-24T18:22:46.480-0600] {dag.py:3823} INFO - Setting next_dagrun for example_weekday_branch_operator to 2024-02-24 00:00:00+00:00, run_after=2024-02-25 00:00:00+00:00
[2024-02-24T18:22:46.488-0600] {processor.py:183} INFO - Processing /Users/vamseekrishna/Desktop/F1_Data_Warehouse/f1datawarehouse/lib/python3.9/site-packages/airflow/example_dags/example_branch_day_of_week_operator.py took 0.071 seconds
[2024-02-24T18:24:46.099-0600] {processor.py:161} INFO - Started process (PID=96844) to work on /Users/vamseekrishna/Desktop/F1_Data_Warehouse/f1datawarehouse/lib/python3.9/site-packages/airflow/example_dags/example_branch_day_of_week_operator.py
[2024-02-24T18:24:46.100-0600] {processor.py:830} INFO - Processing file /Users/vamseekrishna/Desktop/F1_Data_Warehouse/f1datawarehouse/lib/python3.9/site-packages/airflow/example_dags/example_branch_day_of_week_operator.py for tasks to queue
[2024-02-24T18:24:46.101-0600] {logging_mixin.py:188} INFO - [2024-02-24T18:24:46.100-0600] {dagbag.py:538} INFO - Filling up the DagBag from /Users/vamseekrishna/Desktop/F1_Data_Warehouse/f1datawarehouse/lib/python3.9/site-packages/airflow/example_dags/example_branch_day_of_week_operator.py
[2024-02-24T18:24:46.105-0600] {processor.py:840} INFO - DAG(s) 'example_weekday_branch_operator' retrieved from /Users/vamseekrishna/Desktop/F1_Data_Warehouse/f1datawarehouse/lib/python3.9/site-packages/airflow/example_dags/example_branch_day_of_week_operator.py
[2024-02-24T18:24:46.154-0600] {logging_mixin.py:188} INFO - [2024-02-24T18:24:46.154-0600] {dag.py:3036} INFO - Sync 1 DAGs
[2024-02-24T18:24:46.163-0600] {logging_mixin.py:188} INFO - [2024-02-24T18:24:46.162-0600] {dag.py:3823} INFO - Setting next_dagrun for example_weekday_branch_operator to 2024-02-24 00:00:00+00:00, run_after=2024-02-25 00:00:00+00:00
[2024-02-24T18:24:46.173-0600] {processor.py:183} INFO - Processing /Users/vamseekrishna/Desktop/F1_Data_Warehouse/f1datawarehouse/lib/python3.9/site-packages/airflow/example_dags/example_branch_day_of_week_operator.py took 0.075 seconds
[2024-02-24T18:26:47.830-0600] {processor.py:161} INFO - Started process (PID=96929) to work on /Users/vamseekrishna/Desktop/F1_Data_Warehouse/f1datawarehouse/lib/python3.9/site-packages/airflow/example_dags/example_branch_day_of_week_operator.py
[2024-02-24T18:26:47.832-0600] {processor.py:830} INFO - Processing file /Users/vamseekrishna/Desktop/F1_Data_Warehouse/f1datawarehouse/lib/python3.9/site-packages/airflow/example_dags/example_branch_day_of_week_operator.py for tasks to queue
[2024-02-24T18:26:47.833-0600] {logging_mixin.py:188} INFO - [2024-02-24T18:26:47.833-0600] {dagbag.py:538} INFO - Filling up the DagBag from /Users/vamseekrishna/Desktop/F1_Data_Warehouse/f1datawarehouse/lib/python3.9/site-packages/airflow/example_dags/example_branch_day_of_week_operator.py
[2024-02-24T18:26:47.838-0600] {processor.py:840} INFO - DAG(s) 'example_weekday_branch_operator' retrieved from /Users/vamseekrishna/Desktop/F1_Data_Warehouse/f1datawarehouse/lib/python3.9/site-packages/airflow/example_dags/example_branch_day_of_week_operator.py
[2024-02-24T18:26:47.892-0600] {logging_mixin.py:188} INFO - [2024-02-24T18:26:47.892-0600] {dag.py:3036} INFO - Sync 1 DAGs
[2024-02-24T18:26:47.900-0600] {logging_mixin.py:188} INFO - [2024-02-24T18:26:47.900-0600] {dag.py:3823} INFO - Setting next_dagrun for example_weekday_branch_operator to 2024-02-24 00:00:00+00:00, run_after=2024-02-25 00:00:00+00:00
[2024-02-24T18:26:47.917-0600] {processor.py:183} INFO - Processing /Users/vamseekrishna/Desktop/F1_Data_Warehouse/f1datawarehouse/lib/python3.9/site-packages/airflow/example_dags/example_branch_day_of_week_operator.py took 0.088 seconds
[2024-02-24T18:28:50.520-0600] {processor.py:161} INFO - Started process (PID=97028) to work on /Users/vamseekrishna/Desktop/F1_Data_Warehouse/f1datawarehouse/lib/python3.9/site-packages/airflow/example_dags/example_branch_day_of_week_operator.py
[2024-02-24T18:28:50.522-0600] {processor.py:830} INFO - Processing file /Users/vamseekrishna/Desktop/F1_Data_Warehouse/f1datawarehouse/lib/python3.9/site-packages/airflow/example_dags/example_branch_day_of_week_operator.py for tasks to queue
[2024-02-24T18:28:50.523-0600] {logging_mixin.py:188} INFO - [2024-02-24T18:28:50.523-0600] {dagbag.py:538} INFO - Filling up the DagBag from /Users/vamseekrishna/Desktop/F1_Data_Warehouse/f1datawarehouse/lib/python3.9/site-packages/airflow/example_dags/example_branch_day_of_week_operator.py
[2024-02-24T18:28:50.528-0600] {processor.py:840} INFO - DAG(s) 'example_weekday_branch_operator' retrieved from /Users/vamseekrishna/Desktop/F1_Data_Warehouse/f1datawarehouse/lib/python3.9/site-packages/airflow/example_dags/example_branch_day_of_week_operator.py
[2024-02-24T18:28:50.576-0600] {logging_mixin.py:188} INFO - [2024-02-24T18:28:50.576-0600] {dag.py:3036} INFO - Sync 1 DAGs
[2024-02-24T18:28:50.584-0600] {logging_mixin.py:188} INFO - [2024-02-24T18:28:50.584-0600] {dag.py:3823} INFO - Setting next_dagrun for example_weekday_branch_operator to 2024-02-24 00:00:00+00:00, run_after=2024-02-25 00:00:00+00:00
[2024-02-24T18:28:50.592-0600] {processor.py:183} INFO - Processing /Users/vamseekrishna/Desktop/F1_Data_Warehouse/f1datawarehouse/lib/python3.9/site-packages/airflow/example_dags/example_branch_day_of_week_operator.py took 0.072 seconds
[2024-02-24T18:30:52.453-0600] {processor.py:161} INFO - Started process (PID=97149) to work on /Users/vamseekrishna/Desktop/F1_Data_Warehouse/f1datawarehouse/lib/python3.9/site-packages/airflow/example_dags/example_branch_day_of_week_operator.py
[2024-02-24T18:30:52.455-0600] {processor.py:830} INFO - Processing file /Users/vamseekrishna/Desktop/F1_Data_Warehouse/f1datawarehouse/lib/python3.9/site-packages/airflow/example_dags/example_branch_day_of_week_operator.py for tasks to queue
[2024-02-24T18:30:52.455-0600] {logging_mixin.py:188} INFO - [2024-02-24T18:30:52.455-0600] {dagbag.py:538} INFO - Filling up the DagBag from /Users/vamseekrishna/Desktop/F1_Data_Warehouse/f1datawarehouse/lib/python3.9/site-packages/airflow/example_dags/example_branch_day_of_week_operator.py
[2024-02-24T18:30:52.460-0600] {processor.py:840} INFO - DAG(s) 'example_weekday_branch_operator' retrieved from /Users/vamseekrishna/Desktop/F1_Data_Warehouse/f1datawarehouse/lib/python3.9/site-packages/airflow/example_dags/example_branch_day_of_week_operator.py
[2024-02-24T18:30:52.512-0600] {logging_mixin.py:188} INFO - [2024-02-24T18:30:52.512-0600] {dag.py:3036} INFO - Sync 1 DAGs
[2024-02-24T18:30:52.520-0600] {logging_mixin.py:188} INFO - [2024-02-24T18:30:52.520-0600] {dag.py:3823} INFO - Setting next_dagrun for example_weekday_branch_operator to 2024-02-24 00:00:00+00:00, run_after=2024-02-25 00:00:00+00:00
[2024-02-24T18:30:52.528-0600] {processor.py:183} INFO - Processing /Users/vamseekrishna/Desktop/F1_Data_Warehouse/f1datawarehouse/lib/python3.9/site-packages/airflow/example_dags/example_branch_day_of_week_operator.py took 0.076 seconds
[2024-02-24T18:32:48.461-0600] {processor.py:161} INFO - Started process (PID=97255) to work on /Users/vamseekrishna/Desktop/F1_Data_Warehouse/f1datawarehouse/lib/python3.9/site-packages/airflow/example_dags/example_branch_day_of_week_operator.py
[2024-02-24T18:32:48.463-0600] {processor.py:830} INFO - Processing file /Users/vamseekrishna/Desktop/F1_Data_Warehouse/f1datawarehouse/lib/python3.9/site-packages/airflow/example_dags/example_branch_day_of_week_operator.py for tasks to queue
[2024-02-24T18:32:48.463-0600] {logging_mixin.py:188} INFO - [2024-02-24T18:32:48.463-0600] {dagbag.py:538} INFO - Filling up the DagBag from /Users/vamseekrishna/Desktop/F1_Data_Warehouse/f1datawarehouse/lib/python3.9/site-packages/airflow/example_dags/example_branch_day_of_week_operator.py
[2024-02-24T18:32:48.468-0600] {processor.py:840} INFO - DAG(s) 'example_weekday_branch_operator' retrieved from /Users/vamseekrishna/Desktop/F1_Data_Warehouse/f1datawarehouse/lib/python3.9/site-packages/airflow/example_dags/example_branch_day_of_week_operator.py
[2024-02-24T18:32:48.516-0600] {logging_mixin.py:188} INFO - [2024-02-24T18:32:48.516-0600] {dag.py:3036} INFO - Sync 1 DAGs
[2024-02-24T18:32:48.525-0600] {logging_mixin.py:188} INFO - [2024-02-24T18:32:48.524-0600] {dag.py:3823} INFO - Setting next_dagrun for example_weekday_branch_operator to 2024-02-24 00:00:00+00:00, run_after=2024-02-25 00:00:00+00:00
[2024-02-24T18:32:48.532-0600] {processor.py:183} INFO - Processing /Users/vamseekrishna/Desktop/F1_Data_Warehouse/f1datawarehouse/lib/python3.9/site-packages/airflow/example_dags/example_branch_day_of_week_operator.py took 0.071 seconds
[2024-02-24T18:34:48.290-0600] {processor.py:161} INFO - Started process (PID=97356) to work on /Users/vamseekrishna/Desktop/F1_Data_Warehouse/f1datawarehouse/lib/python3.9/site-packages/airflow/example_dags/example_branch_day_of_week_operator.py
[2024-02-24T18:34:48.291-0600] {processor.py:830} INFO - Processing file /Users/vamseekrishna/Desktop/F1_Data_Warehouse/f1datawarehouse/lib/python3.9/site-packages/airflow/example_dags/example_branch_day_of_week_operator.py for tasks to queue
[2024-02-24T18:34:48.291-0600] {logging_mixin.py:188} INFO - [2024-02-24T18:34:48.291-0600] {dagbag.py:538} INFO - Filling up the DagBag from /Users/vamseekrishna/Desktop/F1_Data_Warehouse/f1datawarehouse/lib/python3.9/site-packages/airflow/example_dags/example_branch_day_of_week_operator.py
[2024-02-24T18:34:48.296-0600] {processor.py:840} INFO - DAG(s) 'example_weekday_branch_operator' retrieved from /Users/vamseekrishna/Desktop/F1_Data_Warehouse/f1datawarehouse/lib/python3.9/site-packages/airflow/example_dags/example_branch_day_of_week_operator.py
[2024-02-24T18:34:48.343-0600] {logging_mixin.py:188} INFO - [2024-02-24T18:34:48.343-0600] {dag.py:3036} INFO - Sync 1 DAGs
[2024-02-24T18:34:48.351-0600] {logging_mixin.py:188} INFO - [2024-02-24T18:34:48.351-0600] {dag.py:3823} INFO - Setting next_dagrun for example_weekday_branch_operator to 2024-02-24 00:00:00+00:00, run_after=2024-02-25 00:00:00+00:00
[2024-02-24T18:34:48.359-0600] {processor.py:183} INFO - Processing /Users/vamseekrishna/Desktop/F1_Data_Warehouse/f1datawarehouse/lib/python3.9/site-packages/airflow/example_dags/example_branch_day_of_week_operator.py took 0.070 seconds
[2024-02-24T18:36:48.260-0600] {processor.py:161} INFO - Started process (PID=97444) to work on /Users/vamseekrishna/Desktop/F1_Data_Warehouse/f1datawarehouse/lib/python3.9/site-packages/airflow/example_dags/example_branch_day_of_week_operator.py
[2024-02-24T18:36:48.262-0600] {processor.py:830} INFO - Processing file /Users/vamseekrishna/Desktop/F1_Data_Warehouse/f1datawarehouse/lib/python3.9/site-packages/airflow/example_dags/example_branch_day_of_week_operator.py for tasks to queue
[2024-02-24T18:36:48.263-0600] {logging_mixin.py:188} INFO - [2024-02-24T18:36:48.263-0600] {dagbag.py:538} INFO - Filling up the DagBag from /Users/vamseekrishna/Desktop/F1_Data_Warehouse/f1datawarehouse/lib/python3.9/site-packages/airflow/example_dags/example_branch_day_of_week_operator.py
[2024-02-24T18:36:48.268-0600] {processor.py:840} INFO - DAG(s) 'example_weekday_branch_operator' retrieved from /Users/vamseekrishna/Desktop/F1_Data_Warehouse/f1datawarehouse/lib/python3.9/site-packages/airflow/example_dags/example_branch_day_of_week_operator.py
[2024-02-24T18:36:48.316-0600] {logging_mixin.py:188} INFO - [2024-02-24T18:36:48.316-0600] {dag.py:3036} INFO - Sync 1 DAGs
[2024-02-24T18:36:48.324-0600] {logging_mixin.py:188} INFO - [2024-02-24T18:36:48.323-0600] {dag.py:3823} INFO - Setting next_dagrun for example_weekday_branch_operator to 2024-02-24 00:00:00+00:00, run_after=2024-02-25 00:00:00+00:00
[2024-02-24T18:36:48.331-0600] {processor.py:183} INFO - Processing /Users/vamseekrishna/Desktop/F1_Data_Warehouse/f1datawarehouse/lib/python3.9/site-packages/airflow/example_dags/example_branch_day_of_week_operator.py took 0.072 seconds
[2024-02-24T18:38:49.743-0600] {processor.py:161} INFO - Started process (PID=97562) to work on /Users/vamseekrishna/Desktop/F1_Data_Warehouse/f1datawarehouse/lib/python3.9/site-packages/airflow/example_dags/example_branch_day_of_week_operator.py
[2024-02-24T18:38:49.745-0600] {processor.py:830} INFO - Processing file /Users/vamseekrishna/Desktop/F1_Data_Warehouse/f1datawarehouse/lib/python3.9/site-packages/airflow/example_dags/example_branch_day_of_week_operator.py for tasks to queue
[2024-02-24T18:38:49.745-0600] {logging_mixin.py:188} INFO - [2024-02-24T18:38:49.745-0600] {dagbag.py:538} INFO - Filling up the DagBag from /Users/vamseekrishna/Desktop/F1_Data_Warehouse/f1datawarehouse/lib/python3.9/site-packages/airflow/example_dags/example_branch_day_of_week_operator.py
[2024-02-24T18:38:49.750-0600] {processor.py:840} INFO - DAG(s) 'example_weekday_branch_operator' retrieved from /Users/vamseekrishna/Desktop/F1_Data_Warehouse/f1datawarehouse/lib/python3.9/site-packages/airflow/example_dags/example_branch_day_of_week_operator.py
[2024-02-24T18:38:49.798-0600] {logging_mixin.py:188} INFO - [2024-02-24T18:38:49.798-0600] {dag.py:3036} INFO - Sync 1 DAGs
[2024-02-24T18:38:49.806-0600] {logging_mixin.py:188} INFO - [2024-02-24T18:38:49.806-0600] {dag.py:3823} INFO - Setting next_dagrun for example_weekday_branch_operator to 2024-02-24 00:00:00+00:00, run_after=2024-02-25 00:00:00+00:00
[2024-02-24T18:38:49.814-0600] {processor.py:183} INFO - Processing /Users/vamseekrishna/Desktop/F1_Data_Warehouse/f1datawarehouse/lib/python3.9/site-packages/airflow/example_dags/example_branch_day_of_week_operator.py took 0.071 seconds
[2024-02-24T18:40:52.204-0600] {processor.py:161} INFO - Started process (PID=97657) to work on /Users/vamseekrishna/Desktop/F1_Data_Warehouse/f1datawarehouse/lib/python3.9/site-packages/airflow/example_dags/example_branch_day_of_week_operator.py
[2024-02-24T18:40:52.207-0600] {processor.py:830} INFO - Processing file /Users/vamseekrishna/Desktop/F1_Data_Warehouse/f1datawarehouse/lib/python3.9/site-packages/airflow/example_dags/example_branch_day_of_week_operator.py for tasks to queue
[2024-02-24T18:40:52.208-0600] {logging_mixin.py:188} INFO - [2024-02-24T18:40:52.208-0600] {dagbag.py:538} INFO - Filling up the DagBag from /Users/vamseekrishna/Desktop/F1_Data_Warehouse/f1datawarehouse/lib/python3.9/site-packages/airflow/example_dags/example_branch_day_of_week_operator.py
[2024-02-24T18:40:52.212-0600] {processor.py:840} INFO - DAG(s) 'example_weekday_branch_operator' retrieved from /Users/vamseekrishna/Desktop/F1_Data_Warehouse/f1datawarehouse/lib/python3.9/site-packages/airflow/example_dags/example_branch_day_of_week_operator.py
[2024-02-24T18:40:52.260-0600] {logging_mixin.py:188} INFO - [2024-02-24T18:40:52.260-0600] {dag.py:3036} INFO - Sync 1 DAGs
[2024-02-24T18:40:52.268-0600] {logging_mixin.py:188} INFO - [2024-02-24T18:40:52.268-0600] {dag.py:3823} INFO - Setting next_dagrun for example_weekday_branch_operator to 2024-02-24 00:00:00+00:00, run_after=2024-02-25 00:00:00+00:00
[2024-02-24T18:40:52.275-0600] {processor.py:183} INFO - Processing /Users/vamseekrishna/Desktop/F1_Data_Warehouse/f1datawarehouse/lib/python3.9/site-packages/airflow/example_dags/example_branch_day_of_week_operator.py took 0.071 seconds
[2024-02-24T18:42:48.576-0600] {processor.py:161} INFO - Started process (PID=97753) to work on /Users/vamseekrishna/Desktop/F1_Data_Warehouse/f1datawarehouse/lib/python3.9/site-packages/airflow/example_dags/example_branch_day_of_week_operator.py
[2024-02-24T18:42:48.578-0600] {processor.py:830} INFO - Processing file /Users/vamseekrishna/Desktop/F1_Data_Warehouse/f1datawarehouse/lib/python3.9/site-packages/airflow/example_dags/example_branch_day_of_week_operator.py for tasks to queue
[2024-02-24T18:42:48.578-0600] {logging_mixin.py:188} INFO - [2024-02-24T18:42:48.578-0600] {dagbag.py:538} INFO - Filling up the DagBag from /Users/vamseekrishna/Desktop/F1_Data_Warehouse/f1datawarehouse/lib/python3.9/site-packages/airflow/example_dags/example_branch_day_of_week_operator.py
[2024-02-24T18:42:48.583-0600] {processor.py:840} INFO - DAG(s) 'example_weekday_branch_operator' retrieved from /Users/vamseekrishna/Desktop/F1_Data_Warehouse/f1datawarehouse/lib/python3.9/site-packages/airflow/example_dags/example_branch_day_of_week_operator.py
[2024-02-24T18:42:48.632-0600] {logging_mixin.py:188} INFO - [2024-02-24T18:42:48.632-0600] {dag.py:3036} INFO - Sync 1 DAGs
[2024-02-24T18:42:48.639-0600] {logging_mixin.py:188} INFO - [2024-02-24T18:42:48.639-0600] {dag.py:3823} INFO - Setting next_dagrun for example_weekday_branch_operator to 2024-02-24 00:00:00+00:00, run_after=2024-02-25 00:00:00+00:00
[2024-02-24T18:42:48.647-0600] {processor.py:183} INFO - Processing /Users/vamseekrishna/Desktop/F1_Data_Warehouse/f1datawarehouse/lib/python3.9/site-packages/airflow/example_dags/example_branch_day_of_week_operator.py took 0.072 seconds
[2024-02-24T18:44:52.011-0600] {processor.py:161} INFO - Started process (PID=97865) to work on /Users/vamseekrishna/Desktop/F1_Data_Warehouse/f1datawarehouse/lib/python3.9/site-packages/airflow/example_dags/example_branch_day_of_week_operator.py
[2024-02-24T18:44:52.013-0600] {processor.py:830} INFO - Processing file /Users/vamseekrishna/Desktop/F1_Data_Warehouse/f1datawarehouse/lib/python3.9/site-packages/airflow/example_dags/example_branch_day_of_week_operator.py for tasks to queue
[2024-02-24T18:44:52.013-0600] {logging_mixin.py:188} INFO - [2024-02-24T18:44:52.013-0600] {dagbag.py:538} INFO - Filling up the DagBag from /Users/vamseekrishna/Desktop/F1_Data_Warehouse/f1datawarehouse/lib/python3.9/site-packages/airflow/example_dags/example_branch_day_of_week_operator.py
[2024-02-24T18:44:52.018-0600] {processor.py:840} INFO - DAG(s) 'example_weekday_branch_operator' retrieved from /Users/vamseekrishna/Desktop/F1_Data_Warehouse/f1datawarehouse/lib/python3.9/site-packages/airflow/example_dags/example_branch_day_of_week_operator.py
[2024-02-24T18:44:52.066-0600] {logging_mixin.py:188} INFO - [2024-02-24T18:44:52.066-0600] {dag.py:3036} INFO - Sync 1 DAGs
[2024-02-24T18:44:52.074-0600] {logging_mixin.py:188} INFO - [2024-02-24T18:44:52.074-0600] {dag.py:3823} INFO - Setting next_dagrun for example_weekday_branch_operator to 2024-02-24 00:00:00+00:00, run_after=2024-02-25 00:00:00+00:00
[2024-02-24T18:44:52.081-0600] {processor.py:183} INFO - Processing /Users/vamseekrishna/Desktop/F1_Data_Warehouse/f1datawarehouse/lib/python3.9/site-packages/airflow/example_dags/example_branch_day_of_week_operator.py took 0.071 seconds
[2024-02-24T18:46:55.675-0600] {processor.py:161} INFO - Started process (PID=97968) to work on /Users/vamseekrishna/Desktop/F1_Data_Warehouse/f1datawarehouse/lib/python3.9/site-packages/airflow/example_dags/example_branch_day_of_week_operator.py
[2024-02-24T18:46:55.677-0600] {processor.py:830} INFO - Processing file /Users/vamseekrishna/Desktop/F1_Data_Warehouse/f1datawarehouse/lib/python3.9/site-packages/airflow/example_dags/example_branch_day_of_week_operator.py for tasks to queue
[2024-02-24T18:46:55.677-0600] {logging_mixin.py:188} INFO - [2024-02-24T18:46:55.677-0600] {dagbag.py:538} INFO - Filling up the DagBag from /Users/vamseekrishna/Desktop/F1_Data_Warehouse/f1datawarehouse/lib/python3.9/site-packages/airflow/example_dags/example_branch_day_of_week_operator.py
[2024-02-24T18:46:55.682-0600] {processor.py:840} INFO - DAG(s) 'example_weekday_branch_operator' retrieved from /Users/vamseekrishna/Desktop/F1_Data_Warehouse/f1datawarehouse/lib/python3.9/site-packages/airflow/example_dags/example_branch_day_of_week_operator.py
[2024-02-24T18:46:55.730-0600] {logging_mixin.py:188} INFO - [2024-02-24T18:46:55.730-0600] {dag.py:3036} INFO - Sync 1 DAGs
[2024-02-24T18:46:55.738-0600] {logging_mixin.py:188} INFO - [2024-02-24T18:46:55.738-0600] {dag.py:3823} INFO - Setting next_dagrun for example_weekday_branch_operator to 2024-02-24 00:00:00+00:00, run_after=2024-02-25 00:00:00+00:00
[2024-02-24T18:46:55.746-0600] {processor.py:183} INFO - Processing /Users/vamseekrishna/Desktop/F1_Data_Warehouse/f1datawarehouse/lib/python3.9/site-packages/airflow/example_dags/example_branch_day_of_week_operator.py took 0.072 seconds
[2024-02-24T18:48:55.182-0600] {processor.py:161} INFO - Started process (PID=98056) to work on /Users/vamseekrishna/Desktop/F1_Data_Warehouse/f1datawarehouse/lib/python3.9/site-packages/airflow/example_dags/example_branch_day_of_week_operator.py
[2024-02-24T18:48:55.184-0600] {processor.py:830} INFO - Processing file /Users/vamseekrishna/Desktop/F1_Data_Warehouse/f1datawarehouse/lib/python3.9/site-packages/airflow/example_dags/example_branch_day_of_week_operator.py for tasks to queue
[2024-02-24T18:48:55.185-0600] {logging_mixin.py:188} INFO - [2024-02-24T18:48:55.185-0600] {dagbag.py:538} INFO - Filling up the DagBag from /Users/vamseekrishna/Desktop/F1_Data_Warehouse/f1datawarehouse/lib/python3.9/site-packages/airflow/example_dags/example_branch_day_of_week_operator.py
[2024-02-24T18:48:55.190-0600] {processor.py:840} INFO - DAG(s) 'example_weekday_branch_operator' retrieved from /Users/vamseekrishna/Desktop/F1_Data_Warehouse/f1datawarehouse/lib/python3.9/site-packages/airflow/example_dags/example_branch_day_of_week_operator.py
[2024-02-24T18:48:55.237-0600] {logging_mixin.py:188} INFO - [2024-02-24T18:48:55.237-0600] {dag.py:3036} INFO - Sync 1 DAGs
[2024-02-24T18:48:55.245-0600] {logging_mixin.py:188} INFO - [2024-02-24T18:48:55.245-0600] {dag.py:3823} INFO - Setting next_dagrun for example_weekday_branch_operator to 2024-02-24 00:00:00+00:00, run_after=2024-02-25 00:00:00+00:00
[2024-02-24T18:48:55.253-0600] {processor.py:183} INFO - Processing /Users/vamseekrishna/Desktop/F1_Data_Warehouse/f1datawarehouse/lib/python3.9/site-packages/airflow/example_dags/example_branch_day_of_week_operator.py took 0.071 seconds
[2024-02-24T18:50:56.003-0600] {processor.py:161} INFO - Started process (PID=98145) to work on /Users/vamseekrishna/Desktop/F1_Data_Warehouse/f1datawarehouse/lib/python3.9/site-packages/airflow/example_dags/example_branch_day_of_week_operator.py
[2024-02-24T18:50:56.005-0600] {processor.py:830} INFO - Processing file /Users/vamseekrishna/Desktop/F1_Data_Warehouse/f1datawarehouse/lib/python3.9/site-packages/airflow/example_dags/example_branch_day_of_week_operator.py for tasks to queue
[2024-02-24T18:50:56.006-0600] {logging_mixin.py:188} INFO - [2024-02-24T18:50:56.005-0600] {dagbag.py:538} INFO - Filling up the DagBag from /Users/vamseekrishna/Desktop/F1_Data_Warehouse/f1datawarehouse/lib/python3.9/site-packages/airflow/example_dags/example_branch_day_of_week_operator.py
[2024-02-24T18:50:56.011-0600] {processor.py:840} INFO - DAG(s) 'example_weekday_branch_operator' retrieved from /Users/vamseekrishna/Desktop/F1_Data_Warehouse/f1datawarehouse/lib/python3.9/site-packages/airflow/example_dags/example_branch_day_of_week_operator.py
[2024-02-24T18:50:56.062-0600] {logging_mixin.py:188} INFO - [2024-02-24T18:50:56.062-0600] {dag.py:3036} INFO - Sync 1 DAGs
[2024-02-24T18:50:56.071-0600] {logging_mixin.py:188} INFO - [2024-02-24T18:50:56.071-0600] {dag.py:3823} INFO - Setting next_dagrun for example_weekday_branch_operator to 2024-02-24 00:00:00+00:00, run_after=2024-02-25 00:00:00+00:00
[2024-02-24T18:50:56.080-0600] {processor.py:183} INFO - Processing /Users/vamseekrishna/Desktop/F1_Data_Warehouse/f1datawarehouse/lib/python3.9/site-packages/airflow/example_dags/example_branch_day_of_week_operator.py took 0.077 seconds
[2024-02-24T18:52:52.615-0600] {processor.py:161} INFO - Started process (PID=98243) to work on /Users/vamseekrishna/Desktop/F1_Data_Warehouse/f1datawarehouse/lib/python3.9/site-packages/airflow/example_dags/example_branch_day_of_week_operator.py
[2024-02-24T18:52:52.617-0600] {processor.py:830} INFO - Processing file /Users/vamseekrishna/Desktop/F1_Data_Warehouse/f1datawarehouse/lib/python3.9/site-packages/airflow/example_dags/example_branch_day_of_week_operator.py for tasks to queue
[2024-02-24T18:52:52.617-0600] {logging_mixin.py:188} INFO - [2024-02-24T18:52:52.617-0600] {dagbag.py:538} INFO - Filling up the DagBag from /Users/vamseekrishna/Desktop/F1_Data_Warehouse/f1datawarehouse/lib/python3.9/site-packages/airflow/example_dags/example_branch_day_of_week_operator.py
[2024-02-24T18:52:52.622-0600] {processor.py:840} INFO - DAG(s) 'example_weekday_branch_operator' retrieved from /Users/vamseekrishna/Desktop/F1_Data_Warehouse/f1datawarehouse/lib/python3.9/site-packages/airflow/example_dags/example_branch_day_of_week_operator.py
[2024-02-24T18:52:52.670-0600] {logging_mixin.py:188} INFO - [2024-02-24T18:52:52.670-0600] {dag.py:3036} INFO - Sync 1 DAGs
[2024-02-24T18:52:52.678-0600] {logging_mixin.py:188} INFO - [2024-02-24T18:52:52.678-0600] {dag.py:3823} INFO - Setting next_dagrun for example_weekday_branch_operator to 2024-02-24 00:00:00+00:00, run_after=2024-02-25 00:00:00+00:00
[2024-02-24T18:52:52.686-0600] {processor.py:183} INFO - Processing /Users/vamseekrishna/Desktop/F1_Data_Warehouse/f1datawarehouse/lib/python3.9/site-packages/airflow/example_dags/example_branch_day_of_week_operator.py took 0.071 seconds
[2024-02-24T18:54:54.818-0600] {processor.py:161} INFO - Started process (PID=98340) to work on /Users/vamseekrishna/Desktop/F1_Data_Warehouse/f1datawarehouse/lib/python3.9/site-packages/airflow/example_dags/example_branch_day_of_week_operator.py
[2024-02-24T18:54:54.820-0600] {processor.py:830} INFO - Processing file /Users/vamseekrishna/Desktop/F1_Data_Warehouse/f1datawarehouse/lib/python3.9/site-packages/airflow/example_dags/example_branch_day_of_week_operator.py for tasks to queue
[2024-02-24T18:54:54.821-0600] {logging_mixin.py:188} INFO - [2024-02-24T18:54:54.821-0600] {dagbag.py:538} INFO - Filling up the DagBag from /Users/vamseekrishna/Desktop/F1_Data_Warehouse/f1datawarehouse/lib/python3.9/site-packages/airflow/example_dags/example_branch_day_of_week_operator.py
[2024-02-24T18:54:54.826-0600] {processor.py:840} INFO - DAG(s) 'example_weekday_branch_operator' retrieved from /Users/vamseekrishna/Desktop/F1_Data_Warehouse/f1datawarehouse/lib/python3.9/site-packages/airflow/example_dags/example_branch_day_of_week_operator.py
[2024-02-24T18:54:54.873-0600] {logging_mixin.py:188} INFO - [2024-02-24T18:54:54.873-0600] {dag.py:3036} INFO - Sync 1 DAGs
[2024-02-24T18:54:54.881-0600] {logging_mixin.py:188} INFO - [2024-02-24T18:54:54.881-0600] {dag.py:3823} INFO - Setting next_dagrun for example_weekday_branch_operator to 2024-02-24 00:00:00+00:00, run_after=2024-02-25 00:00:00+00:00
[2024-02-24T18:54:54.889-0600] {processor.py:183} INFO - Processing /Users/vamseekrishna/Desktop/F1_Data_Warehouse/f1datawarehouse/lib/python3.9/site-packages/airflow/example_dags/example_branch_day_of_week_operator.py took 0.071 seconds
[2024-02-24T18:56:53.635-0600] {processor.py:161} INFO - Started process (PID=98440) to work on /Users/vamseekrishna/Desktop/F1_Data_Warehouse/f1datawarehouse/lib/python3.9/site-packages/airflow/example_dags/example_branch_day_of_week_operator.py
[2024-02-24T18:56:53.637-0600] {processor.py:830} INFO - Processing file /Users/vamseekrishna/Desktop/F1_Data_Warehouse/f1datawarehouse/lib/python3.9/site-packages/airflow/example_dags/example_branch_day_of_week_operator.py for tasks to queue
[2024-02-24T18:56:53.637-0600] {logging_mixin.py:188} INFO - [2024-02-24T18:56:53.637-0600] {dagbag.py:538} INFO - Filling up the DagBag from /Users/vamseekrishna/Desktop/F1_Data_Warehouse/f1datawarehouse/lib/python3.9/site-packages/airflow/example_dags/example_branch_day_of_week_operator.py
[2024-02-24T18:56:53.642-0600] {processor.py:840} INFO - DAG(s) 'example_weekday_branch_operator' retrieved from /Users/vamseekrishna/Desktop/F1_Data_Warehouse/f1datawarehouse/lib/python3.9/site-packages/airflow/example_dags/example_branch_day_of_week_operator.py
[2024-02-24T18:56:53.691-0600] {logging_mixin.py:188} INFO - [2024-02-24T18:56:53.691-0600] {dag.py:3036} INFO - Sync 1 DAGs
[2024-02-24T18:56:53.699-0600] {logging_mixin.py:188} INFO - [2024-02-24T18:56:53.699-0600] {dag.py:3823} INFO - Setting next_dagrun for example_weekday_branch_operator to 2024-02-24 00:00:00+00:00, run_after=2024-02-25 00:00:00+00:00
[2024-02-24T18:56:53.707-0600] {processor.py:183} INFO - Processing /Users/vamseekrishna/Desktop/F1_Data_Warehouse/f1datawarehouse/lib/python3.9/site-packages/airflow/example_dags/example_branch_day_of_week_operator.py took 0.072 seconds
[2024-02-24T18:58:55.943-0600] {processor.py:161} INFO - Started process (PID=98537) to work on /Users/vamseekrishna/Desktop/F1_Data_Warehouse/f1datawarehouse/lib/python3.9/site-packages/airflow/example_dags/example_branch_day_of_week_operator.py
[2024-02-24T18:58:55.945-0600] {processor.py:830} INFO - Processing file /Users/vamseekrishna/Desktop/F1_Data_Warehouse/f1datawarehouse/lib/python3.9/site-packages/airflow/example_dags/example_branch_day_of_week_operator.py for tasks to queue
[2024-02-24T18:58:55.945-0600] {logging_mixin.py:188} INFO - [2024-02-24T18:58:55.945-0600] {dagbag.py:538} INFO - Filling up the DagBag from /Users/vamseekrishna/Desktop/F1_Data_Warehouse/f1datawarehouse/lib/python3.9/site-packages/airflow/example_dags/example_branch_day_of_week_operator.py
[2024-02-24T18:58:55.950-0600] {processor.py:840} INFO - DAG(s) 'example_weekday_branch_operator' retrieved from /Users/vamseekrishna/Desktop/F1_Data_Warehouse/f1datawarehouse/lib/python3.9/site-packages/airflow/example_dags/example_branch_day_of_week_operator.py
[2024-02-24T18:58:55.998-0600] {logging_mixin.py:188} INFO - [2024-02-24T18:58:55.998-0600] {dag.py:3036} INFO - Sync 1 DAGs
[2024-02-24T18:58:56.006-0600] {logging_mixin.py:188} INFO - [2024-02-24T18:58:56.006-0600] {dag.py:3823} INFO - Setting next_dagrun for example_weekday_branch_operator to 2024-02-24 00:00:00+00:00, run_after=2024-02-25 00:00:00+00:00
[2024-02-24T18:58:56.014-0600] {processor.py:183} INFO - Processing /Users/vamseekrishna/Desktop/F1_Data_Warehouse/f1datawarehouse/lib/python3.9/site-packages/airflow/example_dags/example_branch_day_of_week_operator.py took 0.071 seconds
[2024-02-24T19:00:58.923-0600] {processor.py:161} INFO - Started process (PID=98756) to work on /Users/vamseekrishna/Desktop/F1_Data_Warehouse/f1datawarehouse/lib/python3.9/site-packages/airflow/example_dags/example_branch_day_of_week_operator.py
[2024-02-24T19:00:58.924-0600] {processor.py:830} INFO - Processing file /Users/vamseekrishna/Desktop/F1_Data_Warehouse/f1datawarehouse/lib/python3.9/site-packages/airflow/example_dags/example_branch_day_of_week_operator.py for tasks to queue
[2024-02-24T19:00:58.925-0600] {logging_mixin.py:188} INFO - [2024-02-24T19:00:58.925-0600] {dagbag.py:538} INFO - Filling up the DagBag from /Users/vamseekrishna/Desktop/F1_Data_Warehouse/f1datawarehouse/lib/python3.9/site-packages/airflow/example_dags/example_branch_day_of_week_operator.py
[2024-02-24T19:00:58.930-0600] {processor.py:840} INFO - DAG(s) 'example_weekday_branch_operator' retrieved from /Users/vamseekrishna/Desktop/F1_Data_Warehouse/f1datawarehouse/lib/python3.9/site-packages/airflow/example_dags/example_branch_day_of_week_operator.py
[2024-02-24T19:00:58.978-0600] {logging_mixin.py:188} INFO - [2024-02-24T19:00:58.978-0600] {dag.py:3036} INFO - Sync 1 DAGs
[2024-02-24T19:00:58.986-0600] {logging_mixin.py:188} INFO - [2024-02-24T19:00:58.986-0600] {dag.py:3823} INFO - Setting next_dagrun for example_weekday_branch_operator to 2024-02-24 00:00:00+00:00, run_after=2024-02-25 00:00:00+00:00
[2024-02-24T19:00:58.994-0600] {processor.py:183} INFO - Processing /Users/vamseekrishna/Desktop/F1_Data_Warehouse/f1datawarehouse/lib/python3.9/site-packages/airflow/example_dags/example_branch_day_of_week_operator.py took 0.072 seconds
[2024-02-24T19:02:58.101-0600] {processor.py:161} INFO - Started process (PID=98868) to work on /Users/vamseekrishna/Desktop/F1_Data_Warehouse/f1datawarehouse/lib/python3.9/site-packages/airflow/example_dags/example_branch_day_of_week_operator.py
[2024-02-24T19:02:58.103-0600] {processor.py:830} INFO - Processing file /Users/vamseekrishna/Desktop/F1_Data_Warehouse/f1datawarehouse/lib/python3.9/site-packages/airflow/example_dags/example_branch_day_of_week_operator.py for tasks to queue
[2024-02-24T19:02:58.103-0600] {logging_mixin.py:188} INFO - [2024-02-24T19:02:58.103-0600] {dagbag.py:538} INFO - Filling up the DagBag from /Users/vamseekrishna/Desktop/F1_Data_Warehouse/f1datawarehouse/lib/python3.9/site-packages/airflow/example_dags/example_branch_day_of_week_operator.py
[2024-02-24T19:02:58.110-0600] {processor.py:840} INFO - DAG(s) 'example_weekday_branch_operator' retrieved from /Users/vamseekrishna/Desktop/F1_Data_Warehouse/f1datawarehouse/lib/python3.9/site-packages/airflow/example_dags/example_branch_day_of_week_operator.py
[2024-02-24T19:02:58.162-0600] {logging_mixin.py:188} INFO - [2024-02-24T19:02:58.162-0600] {dag.py:3036} INFO - Sync 1 DAGs
[2024-02-24T19:02:58.170-0600] {logging_mixin.py:188} INFO - [2024-02-24T19:02:58.169-0600] {dag.py:3823} INFO - Setting next_dagrun for example_weekday_branch_operator to 2024-02-24 00:00:00+00:00, run_after=2024-02-25 00:00:00+00:00
[2024-02-24T19:02:58.177-0600] {processor.py:183} INFO - Processing /Users/vamseekrishna/Desktop/F1_Data_Warehouse/f1datawarehouse/lib/python3.9/site-packages/airflow/example_dags/example_branch_day_of_week_operator.py took 0.077 seconds
[2024-02-24T19:04:52.142-0600] {processor.py:161} INFO - Started process (PID=98973) to work on /Users/vamseekrishna/Desktop/F1_Data_Warehouse/f1datawarehouse/lib/python3.9/site-packages/airflow/example_dags/example_branch_day_of_week_operator.py
[2024-02-24T19:04:52.144-0600] {processor.py:830} INFO - Processing file /Users/vamseekrishna/Desktop/F1_Data_Warehouse/f1datawarehouse/lib/python3.9/site-packages/airflow/example_dags/example_branch_day_of_week_operator.py for tasks to queue
[2024-02-24T19:04:52.144-0600] {logging_mixin.py:188} INFO - [2024-02-24T19:04:52.144-0600] {dagbag.py:538} INFO - Filling up the DagBag from /Users/vamseekrishna/Desktop/F1_Data_Warehouse/f1datawarehouse/lib/python3.9/site-packages/airflow/example_dags/example_branch_day_of_week_operator.py
[2024-02-24T19:04:52.149-0600] {processor.py:840} INFO - DAG(s) 'example_weekday_branch_operator' retrieved from /Users/vamseekrishna/Desktop/F1_Data_Warehouse/f1datawarehouse/lib/python3.9/site-packages/airflow/example_dags/example_branch_day_of_week_operator.py
[2024-02-24T19:04:52.197-0600] {logging_mixin.py:188} INFO - [2024-02-24T19:04:52.197-0600] {dag.py:3036} INFO - Sync 1 DAGs
[2024-02-24T19:04:52.205-0600] {logging_mixin.py:188} INFO - [2024-02-24T19:04:52.205-0600] {dag.py:3823} INFO - Setting next_dagrun for example_weekday_branch_operator to 2024-02-24 00:00:00+00:00, run_after=2024-02-25 00:00:00+00:00
[2024-02-24T19:04:52.212-0600] {processor.py:183} INFO - Processing /Users/vamseekrishna/Desktop/F1_Data_Warehouse/f1datawarehouse/lib/python3.9/site-packages/airflow/example_dags/example_branch_day_of_week_operator.py took 0.071 seconds
[2024-02-24T19:06:51.302-0600] {processor.py:161} INFO - Started process (PID=99074) to work on /Users/vamseekrishna/Desktop/F1_Data_Warehouse/f1datawarehouse/lib/python3.9/site-packages/airflow/example_dags/example_branch_day_of_week_operator.py
[2024-02-24T19:06:51.304-0600] {processor.py:830} INFO - Processing file /Users/vamseekrishna/Desktop/F1_Data_Warehouse/f1datawarehouse/lib/python3.9/site-packages/airflow/example_dags/example_branch_day_of_week_operator.py for tasks to queue
[2024-02-24T19:06:51.304-0600] {logging_mixin.py:188} INFO - [2024-02-24T19:06:51.304-0600] {dagbag.py:538} INFO - Filling up the DagBag from /Users/vamseekrishna/Desktop/F1_Data_Warehouse/f1datawarehouse/lib/python3.9/site-packages/airflow/example_dags/example_branch_day_of_week_operator.py
[2024-02-24T19:06:51.309-0600] {processor.py:840} INFO - DAG(s) 'example_weekday_branch_operator' retrieved from /Users/vamseekrishna/Desktop/F1_Data_Warehouse/f1datawarehouse/lib/python3.9/site-packages/airflow/example_dags/example_branch_day_of_week_operator.py
[2024-02-24T19:06:51.358-0600] {logging_mixin.py:188} INFO - [2024-02-24T19:06:51.358-0600] {dag.py:3036} INFO - Sync 1 DAGs
[2024-02-24T19:06:51.366-0600] {logging_mixin.py:188} INFO - [2024-02-24T19:06:51.366-0600] {dag.py:3823} INFO - Setting next_dagrun for example_weekday_branch_operator to 2024-02-24 00:00:00+00:00, run_after=2024-02-25 00:00:00+00:00
[2024-02-24T19:06:51.373-0600] {processor.py:183} INFO - Processing /Users/vamseekrishna/Desktop/F1_Data_Warehouse/f1datawarehouse/lib/python3.9/site-packages/airflow/example_dags/example_branch_day_of_week_operator.py took 0.072 seconds
[2024-02-24T19:08:46.572-0600] {processor.py:161} INFO - Started process (PID=99174) to work on /Users/vamseekrishna/Desktop/F1_Data_Warehouse/f1datawarehouse/lib/python3.9/site-packages/airflow/example_dags/example_branch_day_of_week_operator.py
[2024-02-24T19:08:46.574-0600] {processor.py:830} INFO - Processing file /Users/vamseekrishna/Desktop/F1_Data_Warehouse/f1datawarehouse/lib/python3.9/site-packages/airflow/example_dags/example_branch_day_of_week_operator.py for tasks to queue
[2024-02-24T19:08:46.574-0600] {logging_mixin.py:188} INFO - [2024-02-24T19:08:46.574-0600] {dagbag.py:538} INFO - Filling up the DagBag from /Users/vamseekrishna/Desktop/F1_Data_Warehouse/f1datawarehouse/lib/python3.9/site-packages/airflow/example_dags/example_branch_day_of_week_operator.py
[2024-02-24T19:08:46.580-0600] {processor.py:840} INFO - DAG(s) 'example_weekday_branch_operator' retrieved from /Users/vamseekrishna/Desktop/F1_Data_Warehouse/f1datawarehouse/lib/python3.9/site-packages/airflow/example_dags/example_branch_day_of_week_operator.py
[2024-02-24T19:08:46.629-0600] {logging_mixin.py:188} INFO - [2024-02-24T19:08:46.629-0600] {dag.py:3036} INFO - Sync 1 DAGs
[2024-02-24T19:08:46.637-0600] {logging_mixin.py:188} INFO - [2024-02-24T19:08:46.637-0600] {dag.py:3823} INFO - Setting next_dagrun for example_weekday_branch_operator to 2024-02-24 00:00:00+00:00, run_after=2024-02-25 00:00:00+00:00
[2024-02-24T19:08:46.644-0600] {processor.py:183} INFO - Processing /Users/vamseekrishna/Desktop/F1_Data_Warehouse/f1datawarehouse/lib/python3.9/site-packages/airflow/example_dags/example_branch_day_of_week_operator.py took 0.073 seconds
[2024-02-24T19:10:43.937-0600] {processor.py:161} INFO - Started process (PID=99274) to work on /Users/vamseekrishna/Desktop/F1_Data_Warehouse/f1datawarehouse/lib/python3.9/site-packages/airflow/example_dags/example_branch_day_of_week_operator.py
[2024-02-24T19:10:43.940-0600] {processor.py:830} INFO - Processing file /Users/vamseekrishna/Desktop/F1_Data_Warehouse/f1datawarehouse/lib/python3.9/site-packages/airflow/example_dags/example_branch_day_of_week_operator.py for tasks to queue
[2024-02-24T19:10:43.940-0600] {logging_mixin.py:188} INFO - [2024-02-24T19:10:43.940-0600] {dagbag.py:538} INFO - Filling up the DagBag from /Users/vamseekrishna/Desktop/F1_Data_Warehouse/f1datawarehouse/lib/python3.9/site-packages/airflow/example_dags/example_branch_day_of_week_operator.py
[2024-02-24T19:10:43.945-0600] {processor.py:840} INFO - DAG(s) 'example_weekday_branch_operator' retrieved from /Users/vamseekrishna/Desktop/F1_Data_Warehouse/f1datawarehouse/lib/python3.9/site-packages/airflow/example_dags/example_branch_day_of_week_operator.py
[2024-02-24T19:10:43.997-0600] {logging_mixin.py:188} INFO - [2024-02-24T19:10:43.997-0600] {dag.py:3036} INFO - Sync 1 DAGs
[2024-02-24T19:10:44.005-0600] {logging_mixin.py:188} INFO - [2024-02-24T19:10:44.005-0600] {dag.py:3823} INFO - Setting next_dagrun for example_weekday_branch_operator to 2024-02-24 00:00:00+00:00, run_after=2024-02-25 00:00:00+00:00
[2024-02-24T19:10:44.013-0600] {processor.py:183} INFO - Processing /Users/vamseekrishna/Desktop/F1_Data_Warehouse/f1datawarehouse/lib/python3.9/site-packages/airflow/example_dags/example_branch_day_of_week_operator.py took 0.076 seconds
[2024-02-24T19:12:44.694-0600] {processor.py:161} INFO - Started process (PID=99369) to work on /Users/vamseekrishna/Desktop/F1_Data_Warehouse/f1datawarehouse/lib/python3.9/site-packages/airflow/example_dags/example_branch_day_of_week_operator.py
[2024-02-24T19:12:44.696-0600] {processor.py:830} INFO - Processing file /Users/vamseekrishna/Desktop/F1_Data_Warehouse/f1datawarehouse/lib/python3.9/site-packages/airflow/example_dags/example_branch_day_of_week_operator.py for tasks to queue
[2024-02-24T19:12:44.697-0600] {logging_mixin.py:188} INFO - [2024-02-24T19:12:44.696-0600] {dagbag.py:538} INFO - Filling up the DagBag from /Users/vamseekrishna/Desktop/F1_Data_Warehouse/f1datawarehouse/lib/python3.9/site-packages/airflow/example_dags/example_branch_day_of_week_operator.py
[2024-02-24T19:12:44.702-0600] {processor.py:840} INFO - DAG(s) 'example_weekday_branch_operator' retrieved from /Users/vamseekrishna/Desktop/F1_Data_Warehouse/f1datawarehouse/lib/python3.9/site-packages/airflow/example_dags/example_branch_day_of_week_operator.py
[2024-02-24T19:12:44.750-0600] {logging_mixin.py:188} INFO - [2024-02-24T19:12:44.749-0600] {dag.py:3036} INFO - Sync 1 DAGs
[2024-02-24T19:12:44.757-0600] {logging_mixin.py:188} INFO - [2024-02-24T19:12:44.757-0600] {dag.py:3823} INFO - Setting next_dagrun for example_weekday_branch_operator to 2024-02-24 00:00:00+00:00, run_after=2024-02-25 00:00:00+00:00
[2024-02-24T19:12:44.765-0600] {processor.py:183} INFO - Processing /Users/vamseekrishna/Desktop/F1_Data_Warehouse/f1datawarehouse/lib/python3.9/site-packages/airflow/example_dags/example_branch_day_of_week_operator.py took 0.072 seconds
[2024-02-24T19:14:51.106-0600] {processor.py:161} INFO - Started process (PID=99461) to work on /Users/vamseekrishna/Desktop/F1_Data_Warehouse/f1datawarehouse/lib/python3.9/site-packages/airflow/example_dags/example_branch_day_of_week_operator.py
[2024-02-24T19:14:51.108-0600] {processor.py:830} INFO - Processing file /Users/vamseekrishna/Desktop/F1_Data_Warehouse/f1datawarehouse/lib/python3.9/site-packages/airflow/example_dags/example_branch_day_of_week_operator.py for tasks to queue
[2024-02-24T19:14:51.108-0600] {logging_mixin.py:188} INFO - [2024-02-24T19:14:51.108-0600] {dagbag.py:538} INFO - Filling up the DagBag from /Users/vamseekrishna/Desktop/F1_Data_Warehouse/f1datawarehouse/lib/python3.9/site-packages/airflow/example_dags/example_branch_day_of_week_operator.py
[2024-02-24T19:14:51.113-0600] {processor.py:840} INFO - DAG(s) 'example_weekday_branch_operator' retrieved from /Users/vamseekrishna/Desktop/F1_Data_Warehouse/f1datawarehouse/lib/python3.9/site-packages/airflow/example_dags/example_branch_day_of_week_operator.py
[2024-02-24T19:14:51.160-0600] {logging_mixin.py:188} INFO - [2024-02-24T19:14:51.160-0600] {dag.py:3036} INFO - Sync 1 DAGs
[2024-02-24T19:14:51.168-0600] {logging_mixin.py:188} INFO - [2024-02-24T19:14:51.168-0600] {dag.py:3823} INFO - Setting next_dagrun for example_weekday_branch_operator to 2024-02-24 00:00:00+00:00, run_after=2024-02-25 00:00:00+00:00
[2024-02-24T19:14:51.175-0600] {processor.py:183} INFO - Processing /Users/vamseekrishna/Desktop/F1_Data_Warehouse/f1datawarehouse/lib/python3.9/site-packages/airflow/example_dags/example_branch_day_of_week_operator.py took 0.070 seconds
[2024-02-24T19:16:49.950-0600] {processor.py:161} INFO - Started process (PID=99572) to work on /Users/vamseekrishna/Desktop/F1_Data_Warehouse/f1datawarehouse/lib/python3.9/site-packages/airflow/example_dags/example_branch_day_of_week_operator.py
[2024-02-24T19:16:49.952-0600] {processor.py:830} INFO - Processing file /Users/vamseekrishna/Desktop/F1_Data_Warehouse/f1datawarehouse/lib/python3.9/site-packages/airflow/example_dags/example_branch_day_of_week_operator.py for tasks to queue
[2024-02-24T19:16:49.952-0600] {logging_mixin.py:188} INFO - [2024-02-24T19:16:49.952-0600] {dagbag.py:538} INFO - Filling up the DagBag from /Users/vamseekrishna/Desktop/F1_Data_Warehouse/f1datawarehouse/lib/python3.9/site-packages/airflow/example_dags/example_branch_day_of_week_operator.py
[2024-02-24T19:16:49.957-0600] {processor.py:840} INFO - DAG(s) 'example_weekday_branch_operator' retrieved from /Users/vamseekrishna/Desktop/F1_Data_Warehouse/f1datawarehouse/lib/python3.9/site-packages/airflow/example_dags/example_branch_day_of_week_operator.py
[2024-02-24T19:16:50.005-0600] {logging_mixin.py:188} INFO - [2024-02-24T19:16:50.005-0600] {dag.py:3036} INFO - Sync 1 DAGs
[2024-02-24T19:16:50.013-0600] {logging_mixin.py:188} INFO - [2024-02-24T19:16:50.013-0600] {dag.py:3823} INFO - Setting next_dagrun for example_weekday_branch_operator to 2024-02-24 00:00:00+00:00, run_after=2024-02-25 00:00:00+00:00
[2024-02-24T19:16:50.021-0600] {processor.py:183} INFO - Processing /Users/vamseekrishna/Desktop/F1_Data_Warehouse/f1datawarehouse/lib/python3.9/site-packages/airflow/example_dags/example_branch_day_of_week_operator.py took 0.072 seconds
[2024-02-24T19:18:53.358-0600] {processor.py:161} INFO - Started process (PID=99677) to work on /Users/vamseekrishna/Desktop/F1_Data_Warehouse/f1datawarehouse/lib/python3.9/site-packages/airflow/example_dags/example_branch_day_of_week_operator.py
[2024-02-24T19:18:53.361-0600] {processor.py:830} INFO - Processing file /Users/vamseekrishna/Desktop/F1_Data_Warehouse/f1datawarehouse/lib/python3.9/site-packages/airflow/example_dags/example_branch_day_of_week_operator.py for tasks to queue
[2024-02-24T19:18:53.362-0600] {logging_mixin.py:188} INFO - [2024-02-24T19:18:53.362-0600] {dagbag.py:538} INFO - Filling up the DagBag from /Users/vamseekrishna/Desktop/F1_Data_Warehouse/f1datawarehouse/lib/python3.9/site-packages/airflow/example_dags/example_branch_day_of_week_operator.py
[2024-02-24T19:18:53.367-0600] {processor.py:840} INFO - DAG(s) 'example_weekday_branch_operator' retrieved from /Users/vamseekrishna/Desktop/F1_Data_Warehouse/f1datawarehouse/lib/python3.9/site-packages/airflow/example_dags/example_branch_day_of_week_operator.py
[2024-02-24T19:18:53.414-0600] {logging_mixin.py:188} INFO - [2024-02-24T19:18:53.414-0600] {dag.py:3036} INFO - Sync 1 DAGs
[2024-02-24T19:18:53.422-0600] {logging_mixin.py:188} INFO - [2024-02-24T19:18:53.422-0600] {dag.py:3823} INFO - Setting next_dagrun for example_weekday_branch_operator to 2024-02-24 00:00:00+00:00, run_after=2024-02-25 00:00:00+00:00
[2024-02-24T19:18:53.429-0600] {processor.py:183} INFO - Processing /Users/vamseekrishna/Desktop/F1_Data_Warehouse/f1datawarehouse/lib/python3.9/site-packages/airflow/example_dags/example_branch_day_of_week_operator.py took 0.072 seconds
[2024-02-24T19:20:48.053-0600] {processor.py:161} INFO - Started process (PID=99767) to work on /Users/vamseekrishna/Desktop/F1_Data_Warehouse/f1datawarehouse/lib/python3.9/site-packages/airflow/example_dags/example_branch_day_of_week_operator.py
[2024-02-24T19:20:48.055-0600] {processor.py:830} INFO - Processing file /Users/vamseekrishna/Desktop/F1_Data_Warehouse/f1datawarehouse/lib/python3.9/site-packages/airflow/example_dags/example_branch_day_of_week_operator.py for tasks to queue
[2024-02-24T19:20:48.056-0600] {logging_mixin.py:188} INFO - [2024-02-24T19:20:48.056-0600] {dagbag.py:538} INFO - Filling up the DagBag from /Users/vamseekrishna/Desktop/F1_Data_Warehouse/f1datawarehouse/lib/python3.9/site-packages/airflow/example_dags/example_branch_day_of_week_operator.py
[2024-02-24T19:20:48.062-0600] {processor.py:840} INFO - DAG(s) 'example_weekday_branch_operator' retrieved from /Users/vamseekrishna/Desktop/F1_Data_Warehouse/f1datawarehouse/lib/python3.9/site-packages/airflow/example_dags/example_branch_day_of_week_operator.py
[2024-02-24T19:20:48.113-0600] {logging_mixin.py:188} INFO - [2024-02-24T19:20:48.113-0600] {dag.py:3036} INFO - Sync 1 DAGs
[2024-02-24T19:20:48.120-0600] {logging_mixin.py:188} INFO - [2024-02-24T19:20:48.120-0600] {dag.py:3823} INFO - Setting next_dagrun for example_weekday_branch_operator to 2024-02-24 00:00:00+00:00, run_after=2024-02-25 00:00:00+00:00
[2024-02-24T19:20:48.128-0600] {processor.py:183} INFO - Processing /Users/vamseekrishna/Desktop/F1_Data_Warehouse/f1datawarehouse/lib/python3.9/site-packages/airflow/example_dags/example_branch_day_of_week_operator.py took 0.075 seconds
[2024-02-24T19:22:52.232-0600] {processor.py:161} INFO - Started process (PID=99874) to work on /Users/vamseekrishna/Desktop/F1_Data_Warehouse/f1datawarehouse/lib/python3.9/site-packages/airflow/example_dags/example_branch_day_of_week_operator.py
[2024-02-24T19:22:52.234-0600] {processor.py:830} INFO - Processing file /Users/vamseekrishna/Desktop/F1_Data_Warehouse/f1datawarehouse/lib/python3.9/site-packages/airflow/example_dags/example_branch_day_of_week_operator.py for tasks to queue
[2024-02-24T19:22:52.234-0600] {logging_mixin.py:188} INFO - [2024-02-24T19:22:52.234-0600] {dagbag.py:538} INFO - Filling up the DagBag from /Users/vamseekrishna/Desktop/F1_Data_Warehouse/f1datawarehouse/lib/python3.9/site-packages/airflow/example_dags/example_branch_day_of_week_operator.py
[2024-02-24T19:22:52.239-0600] {processor.py:840} INFO - DAG(s) 'example_weekday_branch_operator' retrieved from /Users/vamseekrishna/Desktop/F1_Data_Warehouse/f1datawarehouse/lib/python3.9/site-packages/airflow/example_dags/example_branch_day_of_week_operator.py
[2024-02-24T19:22:52.286-0600] {logging_mixin.py:188} INFO - [2024-02-24T19:22:52.286-0600] {dag.py:3036} INFO - Sync 1 DAGs
[2024-02-24T19:22:52.294-0600] {logging_mixin.py:188} INFO - [2024-02-24T19:22:52.294-0600] {dag.py:3823} INFO - Setting next_dagrun for example_weekday_branch_operator to 2024-02-24 00:00:00+00:00, run_after=2024-02-25 00:00:00+00:00
[2024-02-24T19:22:52.301-0600] {processor.py:183} INFO - Processing /Users/vamseekrishna/Desktop/F1_Data_Warehouse/f1datawarehouse/lib/python3.9/site-packages/airflow/example_dags/example_branch_day_of_week_operator.py took 0.069 seconds
[2024-02-24T19:24:49.735-0600] {processor.py:161} INFO - Started process (PID=99970) to work on /Users/vamseekrishna/Desktop/F1_Data_Warehouse/f1datawarehouse/lib/python3.9/site-packages/airflow/example_dags/example_branch_day_of_week_operator.py
[2024-02-24T19:24:49.737-0600] {processor.py:830} INFO - Processing file /Users/vamseekrishna/Desktop/F1_Data_Warehouse/f1datawarehouse/lib/python3.9/site-packages/airflow/example_dags/example_branch_day_of_week_operator.py for tasks to queue
[2024-02-24T19:24:49.737-0600] {logging_mixin.py:188} INFO - [2024-02-24T19:24:49.737-0600] {dagbag.py:538} INFO - Filling up the DagBag from /Users/vamseekrishna/Desktop/F1_Data_Warehouse/f1datawarehouse/lib/python3.9/site-packages/airflow/example_dags/example_branch_day_of_week_operator.py
[2024-02-24T19:24:49.742-0600] {processor.py:840} INFO - DAG(s) 'example_weekday_branch_operator' retrieved from /Users/vamseekrishna/Desktop/F1_Data_Warehouse/f1datawarehouse/lib/python3.9/site-packages/airflow/example_dags/example_branch_day_of_week_operator.py
[2024-02-24T19:24:49.791-0600] {logging_mixin.py:188} INFO - [2024-02-24T19:24:49.791-0600] {dag.py:3036} INFO - Sync 1 DAGs
[2024-02-24T19:24:49.799-0600] {logging_mixin.py:188} INFO - [2024-02-24T19:24:49.799-0600] {dag.py:3823} INFO - Setting next_dagrun for example_weekday_branch_operator to 2024-02-24 00:00:00+00:00, run_after=2024-02-25 00:00:00+00:00
[2024-02-24T19:24:49.807-0600] {processor.py:183} INFO - Processing /Users/vamseekrishna/Desktop/F1_Data_Warehouse/f1datawarehouse/lib/python3.9/site-packages/airflow/example_dags/example_branch_day_of_week_operator.py took 0.073 seconds
[2024-02-24T19:26:59.345-0600] {processor.py:161} INFO - Started process (PID=207) to work on /Users/vamseekrishna/Desktop/F1_Data_Warehouse/f1datawarehouse/lib/python3.9/site-packages/airflow/example_dags/example_branch_day_of_week_operator.py
[2024-02-24T19:26:59.347-0600] {processor.py:830} INFO - Processing file /Users/vamseekrishna/Desktop/F1_Data_Warehouse/f1datawarehouse/lib/python3.9/site-packages/airflow/example_dags/example_branch_day_of_week_operator.py for tasks to queue
[2024-02-24T19:26:59.348-0600] {logging_mixin.py:188} INFO - [2024-02-24T19:26:59.348-0600] {dagbag.py:538} INFO - Filling up the DagBag from /Users/vamseekrishna/Desktop/F1_Data_Warehouse/f1datawarehouse/lib/python3.9/site-packages/airflow/example_dags/example_branch_day_of_week_operator.py
[2024-02-24T19:26:59.353-0600] {processor.py:840} INFO - DAG(s) 'example_weekday_branch_operator' retrieved from /Users/vamseekrishna/Desktop/F1_Data_Warehouse/f1datawarehouse/lib/python3.9/site-packages/airflow/example_dags/example_branch_day_of_week_operator.py
[2024-02-24T19:26:59.401-0600] {logging_mixin.py:188} INFO - [2024-02-24T19:26:59.401-0600] {dag.py:3036} INFO - Sync 1 DAGs
[2024-02-24T19:26:59.409-0600] {logging_mixin.py:188} INFO - [2024-02-24T19:26:59.409-0600] {dag.py:3823} INFO - Setting next_dagrun for example_weekday_branch_operator to 2024-02-24 00:00:00+00:00, run_after=2024-02-25 00:00:00+00:00
[2024-02-24T19:26:59.422-0600] {processor.py:183} INFO - Processing /Users/vamseekrishna/Desktop/F1_Data_Warehouse/f1datawarehouse/lib/python3.9/site-packages/airflow/example_dags/example_branch_day_of_week_operator.py took 0.077 seconds
[2024-02-24T19:29:10.806-0600] {processor.py:161} INFO - Started process (PID=317) to work on /Users/vamseekrishna/Desktop/F1_Data_Warehouse/f1datawarehouse/lib/python3.9/site-packages/airflow/example_dags/example_branch_day_of_week_operator.py
[2024-02-24T19:29:10.807-0600] {processor.py:830} INFO - Processing file /Users/vamseekrishna/Desktop/F1_Data_Warehouse/f1datawarehouse/lib/python3.9/site-packages/airflow/example_dags/example_branch_day_of_week_operator.py for tasks to queue
[2024-02-24T19:29:10.807-0600] {logging_mixin.py:188} INFO - [2024-02-24T19:29:10.807-0600] {dagbag.py:538} INFO - Filling up the DagBag from /Users/vamseekrishna/Desktop/F1_Data_Warehouse/f1datawarehouse/lib/python3.9/site-packages/airflow/example_dags/example_branch_day_of_week_operator.py
[2024-02-24T19:29:10.812-0600] {processor.py:840} INFO - DAG(s) 'example_weekday_branch_operator' retrieved from /Users/vamseekrishna/Desktop/F1_Data_Warehouse/f1datawarehouse/lib/python3.9/site-packages/airflow/example_dags/example_branch_day_of_week_operator.py
[2024-02-24T19:29:10.861-0600] {logging_mixin.py:188} INFO - [2024-02-24T19:29:10.861-0600] {dag.py:3036} INFO - Sync 1 DAGs
[2024-02-24T19:29:10.869-0600] {logging_mixin.py:188} INFO - [2024-02-24T19:29:10.869-0600] {dag.py:3823} INFO - Setting next_dagrun for example_weekday_branch_operator to 2024-02-24 00:00:00+00:00, run_after=2024-02-25 00:00:00+00:00
[2024-02-24T19:29:10.877-0600] {processor.py:183} INFO - Processing /Users/vamseekrishna/Desktop/F1_Data_Warehouse/f1datawarehouse/lib/python3.9/site-packages/airflow/example_dags/example_branch_day_of_week_operator.py took 0.072 seconds
[2024-02-24T19:31:16.013-0600] {processor.py:161} INFO - Started process (PID=436) to work on /Users/vamseekrishna/Desktop/F1_Data_Warehouse/f1datawarehouse/lib/python3.9/site-packages/airflow/example_dags/example_branch_day_of_week_operator.py
[2024-02-24T19:31:16.015-0600] {processor.py:830} INFO - Processing file /Users/vamseekrishna/Desktop/F1_Data_Warehouse/f1datawarehouse/lib/python3.9/site-packages/airflow/example_dags/example_branch_day_of_week_operator.py for tasks to queue
[2024-02-24T19:31:16.015-0600] {logging_mixin.py:188} INFO - [2024-02-24T19:31:16.015-0600] {dagbag.py:538} INFO - Filling up the DagBag from /Users/vamseekrishna/Desktop/F1_Data_Warehouse/f1datawarehouse/lib/python3.9/site-packages/airflow/example_dags/example_branch_day_of_week_operator.py
[2024-02-24T19:31:16.020-0600] {processor.py:840} INFO - DAG(s) 'example_weekday_branch_operator' retrieved from /Users/vamseekrishna/Desktop/F1_Data_Warehouse/f1datawarehouse/lib/python3.9/site-packages/airflow/example_dags/example_branch_day_of_week_operator.py
[2024-02-24T19:31:16.068-0600] {logging_mixin.py:188} INFO - [2024-02-24T19:31:16.068-0600] {dag.py:3036} INFO - Sync 1 DAGs
[2024-02-24T19:31:16.076-0600] {logging_mixin.py:188} INFO - [2024-02-24T19:31:16.076-0600] {dag.py:3823} INFO - Setting next_dagrun for example_weekday_branch_operator to 2024-02-24 00:00:00+00:00, run_after=2024-02-25 00:00:00+00:00
[2024-02-24T19:31:16.084-0600] {processor.py:183} INFO - Processing /Users/vamseekrishna/Desktop/F1_Data_Warehouse/f1datawarehouse/lib/python3.9/site-packages/airflow/example_dags/example_branch_day_of_week_operator.py took 0.072 seconds
[2024-02-24T19:33:19.701-0600] {processor.py:161} INFO - Started process (PID=584) to work on /Users/vamseekrishna/Desktop/F1_Data_Warehouse/f1datawarehouse/lib/python3.9/site-packages/airflow/example_dags/example_branch_day_of_week_operator.py
[2024-02-24T19:33:19.702-0600] {processor.py:830} INFO - Processing file /Users/vamseekrishna/Desktop/F1_Data_Warehouse/f1datawarehouse/lib/python3.9/site-packages/airflow/example_dags/example_branch_day_of_week_operator.py for tasks to queue
[2024-02-24T19:33:19.703-0600] {logging_mixin.py:188} INFO - [2024-02-24T19:33:19.703-0600] {dagbag.py:538} INFO - Filling up the DagBag from /Users/vamseekrishna/Desktop/F1_Data_Warehouse/f1datawarehouse/lib/python3.9/site-packages/airflow/example_dags/example_branch_day_of_week_operator.py
[2024-02-24T19:33:19.708-0600] {processor.py:840} INFO - DAG(s) 'example_weekday_branch_operator' retrieved from /Users/vamseekrishna/Desktop/F1_Data_Warehouse/f1datawarehouse/lib/python3.9/site-packages/airflow/example_dags/example_branch_day_of_week_operator.py
[2024-02-24T19:33:19.756-0600] {logging_mixin.py:188} INFO - [2024-02-24T19:33:19.756-0600] {dag.py:3036} INFO - Sync 1 DAGs
[2024-02-24T19:33:19.764-0600] {logging_mixin.py:188} INFO - [2024-02-24T19:33:19.764-0600] {dag.py:3823} INFO - Setting next_dagrun for example_weekday_branch_operator to 2024-02-24 00:00:00+00:00, run_after=2024-02-25 00:00:00+00:00
[2024-02-24T19:33:19.772-0600] {processor.py:183} INFO - Processing /Users/vamseekrishna/Desktop/F1_Data_Warehouse/f1datawarehouse/lib/python3.9/site-packages/airflow/example_dags/example_branch_day_of_week_operator.py took 0.072 seconds
[2024-02-24T19:35:27.038-0600] {processor.py:161} INFO - Started process (PID=716) to work on /Users/vamseekrishna/Desktop/F1_Data_Warehouse/f1datawarehouse/lib/python3.9/site-packages/airflow/example_dags/example_branch_day_of_week_operator.py
[2024-02-24T19:35:27.041-0600] {processor.py:830} INFO - Processing file /Users/vamseekrishna/Desktop/F1_Data_Warehouse/f1datawarehouse/lib/python3.9/site-packages/airflow/example_dags/example_branch_day_of_week_operator.py for tasks to queue
[2024-02-24T19:35:27.041-0600] {logging_mixin.py:188} INFO - [2024-02-24T19:35:27.041-0600] {dagbag.py:538} INFO - Filling up the DagBag from /Users/vamseekrishna/Desktop/F1_Data_Warehouse/f1datawarehouse/lib/python3.9/site-packages/airflow/example_dags/example_branch_day_of_week_operator.py
[2024-02-24T19:35:27.046-0600] {processor.py:840} INFO - DAG(s) 'example_weekday_branch_operator' retrieved from /Users/vamseekrishna/Desktop/F1_Data_Warehouse/f1datawarehouse/lib/python3.9/site-packages/airflow/example_dags/example_branch_day_of_week_operator.py
[2024-02-24T19:35:27.094-0600] {logging_mixin.py:188} INFO - [2024-02-24T19:35:27.093-0600] {dag.py:3036} INFO - Sync 1 DAGs
[2024-02-24T19:35:27.103-0600] {logging_mixin.py:188} INFO - [2024-02-24T19:35:27.103-0600] {dag.py:3823} INFO - Setting next_dagrun for example_weekday_branch_operator to 2024-02-24 00:00:00+00:00, run_after=2024-02-25 00:00:00+00:00
[2024-02-24T19:35:27.115-0600] {processor.py:183} INFO - Processing /Users/vamseekrishna/Desktop/F1_Data_Warehouse/f1datawarehouse/lib/python3.9/site-packages/airflow/example_dags/example_branch_day_of_week_operator.py took 0.078 seconds
[2024-02-24T19:37:36.956-0600] {processor.py:161} INFO - Started process (PID=873) to work on /Users/vamseekrishna/Desktop/F1_Data_Warehouse/f1datawarehouse/lib/python3.9/site-packages/airflow/example_dags/example_branch_day_of_week_operator.py
[2024-02-24T19:37:36.959-0600] {processor.py:830} INFO - Processing file /Users/vamseekrishna/Desktop/F1_Data_Warehouse/f1datawarehouse/lib/python3.9/site-packages/airflow/example_dags/example_branch_day_of_week_operator.py for tasks to queue
[2024-02-24T19:37:36.959-0600] {logging_mixin.py:188} INFO - [2024-02-24T19:37:36.959-0600] {dagbag.py:538} INFO - Filling up the DagBag from /Users/vamseekrishna/Desktop/F1_Data_Warehouse/f1datawarehouse/lib/python3.9/site-packages/airflow/example_dags/example_branch_day_of_week_operator.py
[2024-02-24T19:37:36.964-0600] {processor.py:840} INFO - DAG(s) 'example_weekday_branch_operator' retrieved from /Users/vamseekrishna/Desktop/F1_Data_Warehouse/f1datawarehouse/lib/python3.9/site-packages/airflow/example_dags/example_branch_day_of_week_operator.py
[2024-02-24T19:37:37.013-0600] {logging_mixin.py:188} INFO - [2024-02-24T19:37:37.013-0600] {dag.py:3036} INFO - Sync 1 DAGs
[2024-02-24T19:37:37.021-0600] {logging_mixin.py:188} INFO - [2024-02-24T19:37:37.021-0600] {dag.py:3823} INFO - Setting next_dagrun for example_weekday_branch_operator to 2024-02-24 00:00:00+00:00, run_after=2024-02-25 00:00:00+00:00
[2024-02-24T19:37:37.032-0600] {processor.py:183} INFO - Processing /Users/vamseekrishna/Desktop/F1_Data_Warehouse/f1datawarehouse/lib/python3.9/site-packages/airflow/example_dags/example_branch_day_of_week_operator.py took 0.076 seconds
[2024-02-24T19:39:41.833-0600] {processor.py:161} INFO - Started process (PID=976) to work on /Users/vamseekrishna/Desktop/F1_Data_Warehouse/f1datawarehouse/lib/python3.9/site-packages/airflow/example_dags/example_branch_day_of_week_operator.py
[2024-02-24T19:39:41.836-0600] {processor.py:830} INFO - Processing file /Users/vamseekrishna/Desktop/F1_Data_Warehouse/f1datawarehouse/lib/python3.9/site-packages/airflow/example_dags/example_branch_day_of_week_operator.py for tasks to queue
[2024-02-24T19:39:41.836-0600] {logging_mixin.py:188} INFO - [2024-02-24T19:39:41.836-0600] {dagbag.py:538} INFO - Filling up the DagBag from /Users/vamseekrishna/Desktop/F1_Data_Warehouse/f1datawarehouse/lib/python3.9/site-packages/airflow/example_dags/example_branch_day_of_week_operator.py
[2024-02-24T19:39:41.841-0600] {processor.py:840} INFO - DAG(s) 'example_weekday_branch_operator' retrieved from /Users/vamseekrishna/Desktop/F1_Data_Warehouse/f1datawarehouse/lib/python3.9/site-packages/airflow/example_dags/example_branch_day_of_week_operator.py
[2024-02-24T19:39:41.889-0600] {logging_mixin.py:188} INFO - [2024-02-24T19:39:41.889-0600] {dag.py:3036} INFO - Sync 1 DAGs
[2024-02-24T19:39:41.897-0600] {logging_mixin.py:188} INFO - [2024-02-24T19:39:41.897-0600] {dag.py:3823} INFO - Setting next_dagrun for example_weekday_branch_operator to 2024-02-24 00:00:00+00:00, run_after=2024-02-25 00:00:00+00:00
[2024-02-24T19:39:41.904-0600] {processor.py:183} INFO - Processing /Users/vamseekrishna/Desktop/F1_Data_Warehouse/f1datawarehouse/lib/python3.9/site-packages/airflow/example_dags/example_branch_day_of_week_operator.py took 0.071 seconds
[2024-02-24T19:41:49.054-0600] {processor.py:161} INFO - Started process (PID=1168) to work on /Users/vamseekrishna/Desktop/F1_Data_Warehouse/f1datawarehouse/lib/python3.9/site-packages/airflow/example_dags/example_branch_day_of_week_operator.py
[2024-02-24T19:41:49.055-0600] {processor.py:830} INFO - Processing file /Users/vamseekrishna/Desktop/F1_Data_Warehouse/f1datawarehouse/lib/python3.9/site-packages/airflow/example_dags/example_branch_day_of_week_operator.py for tasks to queue
[2024-02-24T19:41:49.055-0600] {logging_mixin.py:188} INFO - [2024-02-24T19:41:49.055-0600] {dagbag.py:538} INFO - Filling up the DagBag from /Users/vamseekrishna/Desktop/F1_Data_Warehouse/f1datawarehouse/lib/python3.9/site-packages/airflow/example_dags/example_branch_day_of_week_operator.py
[2024-02-24T19:41:49.061-0600] {processor.py:840} INFO - DAG(s) 'example_weekday_branch_operator' retrieved from /Users/vamseekrishna/Desktop/F1_Data_Warehouse/f1datawarehouse/lib/python3.9/site-packages/airflow/example_dags/example_branch_day_of_week_operator.py
[2024-02-24T19:41:49.108-0600] {logging_mixin.py:188} INFO - [2024-02-24T19:41:49.108-0600] {dag.py:3036} INFO - Sync 1 DAGs
[2024-02-24T19:41:49.116-0600] {logging_mixin.py:188} INFO - [2024-02-24T19:41:49.116-0600] {dag.py:3823} INFO - Setting next_dagrun for example_weekday_branch_operator to 2024-02-24 00:00:00+00:00, run_after=2024-02-25 00:00:00+00:00
[2024-02-24T19:41:49.124-0600] {processor.py:183} INFO - Processing /Users/vamseekrishna/Desktop/F1_Data_Warehouse/f1datawarehouse/lib/python3.9/site-packages/airflow/example_dags/example_branch_day_of_week_operator.py took 0.071 seconds
[2024-02-24T19:44:08.126-0600] {processor.py:161} INFO - Started process (PID=1422) to work on /Users/vamseekrishna/Desktop/F1_Data_Warehouse/f1datawarehouse/lib/python3.9/site-packages/airflow/example_dags/example_branch_day_of_week_operator.py
[2024-02-24T19:44:08.128-0600] {processor.py:830} INFO - Processing file /Users/vamseekrishna/Desktop/F1_Data_Warehouse/f1datawarehouse/lib/python3.9/site-packages/airflow/example_dags/example_branch_day_of_week_operator.py for tasks to queue
[2024-02-24T19:44:08.128-0600] {logging_mixin.py:188} INFO - [2024-02-24T19:44:08.128-0600] {dagbag.py:538} INFO - Filling up the DagBag from /Users/vamseekrishna/Desktop/F1_Data_Warehouse/f1datawarehouse/lib/python3.9/site-packages/airflow/example_dags/example_branch_day_of_week_operator.py
[2024-02-24T19:44:08.138-0600] {processor.py:840} INFO - DAG(s) 'example_weekday_branch_operator' retrieved from /Users/vamseekrishna/Desktop/F1_Data_Warehouse/f1datawarehouse/lib/python3.9/site-packages/airflow/example_dags/example_branch_day_of_week_operator.py
[2024-02-24T19:44:08.216-0600] {logging_mixin.py:188} INFO - [2024-02-24T19:44:08.216-0600] {dag.py:3036} INFO - Sync 1 DAGs
[2024-02-24T19:44:08.237-0600] {logging_mixin.py:188} INFO - [2024-02-24T19:44:08.236-0600] {dag.py:3823} INFO - Setting next_dagrun for example_weekday_branch_operator to 2024-02-24 00:00:00+00:00, run_after=2024-02-25 00:00:00+00:00
[2024-02-24T19:44:08.245-0600] {processor.py:183} INFO - Processing /Users/vamseekrishna/Desktop/F1_Data_Warehouse/f1datawarehouse/lib/python3.9/site-packages/airflow/example_dags/example_branch_day_of_week_operator.py took 0.120 seconds
[2024-02-24T19:46:40.088-0600] {processor.py:161} INFO - Started process (PID=1678) to work on /Users/vamseekrishna/Desktop/F1_Data_Warehouse/f1datawarehouse/lib/python3.9/site-packages/airflow/example_dags/example_branch_day_of_week_operator.py
[2024-02-24T19:46:40.090-0600] {processor.py:830} INFO - Processing file /Users/vamseekrishna/Desktop/F1_Data_Warehouse/f1datawarehouse/lib/python3.9/site-packages/airflow/example_dags/example_branch_day_of_week_operator.py for tasks to queue
[2024-02-24T19:46:40.090-0600] {logging_mixin.py:188} INFO - [2024-02-24T19:46:40.090-0600] {dagbag.py:538} INFO - Filling up the DagBag from /Users/vamseekrishna/Desktop/F1_Data_Warehouse/f1datawarehouse/lib/python3.9/site-packages/airflow/example_dags/example_branch_day_of_week_operator.py
[2024-02-24T19:46:40.096-0600] {processor.py:840} INFO - DAG(s) 'example_weekday_branch_operator' retrieved from /Users/vamseekrishna/Desktop/F1_Data_Warehouse/f1datawarehouse/lib/python3.9/site-packages/airflow/example_dags/example_branch_day_of_week_operator.py
[2024-02-24T19:46:40.157-0600] {logging_mixin.py:188} INFO - [2024-02-24T19:46:40.157-0600] {dag.py:3036} INFO - Sync 1 DAGs
[2024-02-24T19:46:40.167-0600] {logging_mixin.py:188} INFO - [2024-02-24T19:46:40.166-0600] {dag.py:3823} INFO - Setting next_dagrun for example_weekday_branch_operator to 2024-02-24 00:00:00+00:00, run_after=2024-02-25 00:00:00+00:00
[2024-02-24T19:46:40.178-0600] {processor.py:183} INFO - Processing /Users/vamseekrishna/Desktop/F1_Data_Warehouse/f1datawarehouse/lib/python3.9/site-packages/airflow/example_dags/example_branch_day_of_week_operator.py took 0.091 seconds
[2024-02-24T19:48:58.748-0600] {processor.py:161} INFO - Started process (PID=1871) to work on /Users/vamseekrishna/Desktop/F1_Data_Warehouse/f1datawarehouse/lib/python3.9/site-packages/airflow/example_dags/example_branch_day_of_week_operator.py
[2024-02-24T19:48:58.750-0600] {processor.py:830} INFO - Processing file /Users/vamseekrishna/Desktop/F1_Data_Warehouse/f1datawarehouse/lib/python3.9/site-packages/airflow/example_dags/example_branch_day_of_week_operator.py for tasks to queue
[2024-02-24T19:48:58.751-0600] {logging_mixin.py:188} INFO - [2024-02-24T19:48:58.751-0600] {dagbag.py:538} INFO - Filling up the DagBag from /Users/vamseekrishna/Desktop/F1_Data_Warehouse/f1datawarehouse/lib/python3.9/site-packages/airflow/example_dags/example_branch_day_of_week_operator.py
[2024-02-24T19:48:58.756-0600] {processor.py:840} INFO - DAG(s) 'example_weekday_branch_operator' retrieved from /Users/vamseekrishna/Desktop/F1_Data_Warehouse/f1datawarehouse/lib/python3.9/site-packages/airflow/example_dags/example_branch_day_of_week_operator.py
[2024-02-24T19:48:58.806-0600] {logging_mixin.py:188} INFO - [2024-02-24T19:48:58.806-0600] {dag.py:3036} INFO - Sync 1 DAGs
[2024-02-24T19:48:58.821-0600] {logging_mixin.py:188} INFO - [2024-02-24T19:48:58.820-0600] {dag.py:3823} INFO - Setting next_dagrun for example_weekday_branch_operator to 2024-02-24 00:00:00+00:00, run_after=2024-02-25 00:00:00+00:00
[2024-02-24T19:48:58.830-0600] {processor.py:183} INFO - Processing /Users/vamseekrishna/Desktop/F1_Data_Warehouse/f1datawarehouse/lib/python3.9/site-packages/airflow/example_dags/example_branch_day_of_week_operator.py took 0.083 seconds
