[2024-02-24T21:37:41.141-0600] {processor.py:161} INFO - Started process (PID=8318) to work on /Users/vamseekrishna/Desktop/F1_Data_Warehouse/f1datawarehouse/lib/python3.9/site-packages/airflow/example_dags/example_branch_datetime_operator.py
[2024-02-24T21:37:41.142-0600] {processor.py:830} INFO - Processing file /Users/vamseekrishna/Desktop/F1_Data_Warehouse/f1datawarehouse/lib/python3.9/site-packages/airflow/example_dags/example_branch_datetime_operator.py for tasks to queue
[2024-02-24T21:37:41.143-0600] {logging_mixin.py:188} INFO - [2024-02-24T21:37:41.143-0600] {dagbag.py:538} INFO - Filling up the DagBag from /Users/vamseekrishna/Desktop/F1_Data_Warehouse/f1datawarehouse/lib/python3.9/site-packages/airflow/example_dags/example_branch_datetime_operator.py
[2024-02-24T21:37:41.148-0600] {processor.py:840} INFO - DAG(s) 'example_branch_datetime_operator', 'example_branch_datetime_operator_2', 'example_branch_datetime_operator_3' retrieved from /Users/vamseekrishna/Desktop/F1_Data_Warehouse/f1datawarehouse/lib/python3.9/site-packages/airflow/example_dags/example_branch_datetime_operator.py
[2024-02-24T21:37:41.242-0600] {logging_mixin.py:188} INFO - [2024-02-24T21:37:41.241-0600] {dag.py:3036} INFO - Sync 3 DAGs
[2024-02-24T21:37:41.249-0600] {logging_mixin.py:188} INFO - [2024-02-24T21:37:41.249-0600] {dag.py:3823} INFO - Setting next_dagrun for example_branch_datetime_operator to 2024-02-24 00:00:00+00:00, run_after=2024-02-25 00:00:00+00:00
[2024-02-24T21:37:41.251-0600] {logging_mixin.py:188} INFO - [2024-02-24T21:37:41.251-0600] {dag.py:3823} INFO - Setting next_dagrun for example_branch_datetime_operator_2 to 2024-02-24 00:00:00+00:00, run_after=2024-02-25 00:00:00+00:00
[2024-02-24T21:37:41.252-0600] {logging_mixin.py:188} INFO - [2024-02-24T21:37:41.252-0600] {dag.py:3823} INFO - Setting next_dagrun for example_branch_datetime_operator_3 to 2024-02-24 00:00:00+00:00, run_after=2024-02-25 00:00:00+00:00
[2024-02-24T21:37:41.260-0600] {processor.py:183} INFO - Processing /Users/vamseekrishna/Desktop/F1_Data_Warehouse/f1datawarehouse/lib/python3.9/site-packages/airflow/example_dags/example_branch_datetime_operator.py took 0.120 seconds
[2024-02-24T21:39:38.252-0600] {processor.py:161} INFO - Started process (PID=8508) to work on /Users/vamseekrishna/Desktop/F1_Data_Warehouse/f1datawarehouse/lib/python3.9/site-packages/airflow/example_dags/example_branch_datetime_operator.py
[2024-02-24T21:39:38.254-0600] {processor.py:830} INFO - Processing file /Users/vamseekrishna/Desktop/F1_Data_Warehouse/f1datawarehouse/lib/python3.9/site-packages/airflow/example_dags/example_branch_datetime_operator.py for tasks to queue
[2024-02-24T21:39:38.255-0600] {logging_mixin.py:188} INFO - [2024-02-24T21:39:38.254-0600] {dagbag.py:538} INFO - Filling up the DagBag from /Users/vamseekrishna/Desktop/F1_Data_Warehouse/f1datawarehouse/lib/python3.9/site-packages/airflow/example_dags/example_branch_datetime_operator.py
[2024-02-24T21:39:38.261-0600] {processor.py:840} INFO - DAG(s) 'example_branch_datetime_operator_2', 'example_branch_datetime_operator_3', 'example_branch_datetime_operator' retrieved from /Users/vamseekrishna/Desktop/F1_Data_Warehouse/f1datawarehouse/lib/python3.9/site-packages/airflow/example_dags/example_branch_datetime_operator.py
[2024-02-24T21:39:38.316-0600] {logging_mixin.py:188} INFO - [2024-02-24T21:39:38.315-0600] {dag.py:3036} INFO - Sync 3 DAGs
[2024-02-24T21:39:38.324-0600] {logging_mixin.py:188} INFO - [2024-02-24T21:39:38.324-0600] {dag.py:3823} INFO - Setting next_dagrun for example_branch_datetime_operator to 2024-02-24 00:00:00+00:00, run_after=2024-02-25 00:00:00+00:00
[2024-02-24T21:39:38.326-0600] {logging_mixin.py:188} INFO - [2024-02-24T21:39:38.326-0600] {dag.py:3823} INFO - Setting next_dagrun for example_branch_datetime_operator_2 to 2024-02-24 00:00:00+00:00, run_after=2024-02-25 00:00:00+00:00
[2024-02-24T21:39:38.330-0600] {logging_mixin.py:188} INFO - [2024-02-24T21:39:38.329-0600] {dag.py:3823} INFO - Setting next_dagrun for example_branch_datetime_operator_3 to 2024-02-24 00:00:00+00:00, run_after=2024-02-25 00:00:00+00:00
[2024-02-24T21:39:38.341-0600] {processor.py:183} INFO - Processing /Users/vamseekrishna/Desktop/F1_Data_Warehouse/f1datawarehouse/lib/python3.9/site-packages/airflow/example_dags/example_branch_datetime_operator.py took 0.089 seconds
[2024-02-24T21:41:43.635-0600] {processor.py:161} INFO - Started process (PID=8704) to work on /Users/vamseekrishna/Desktop/F1_Data_Warehouse/f1datawarehouse/lib/python3.9/site-packages/airflow/example_dags/example_branch_datetime_operator.py
[2024-02-24T21:41:43.636-0600] {processor.py:830} INFO - Processing file /Users/vamseekrishna/Desktop/F1_Data_Warehouse/f1datawarehouse/lib/python3.9/site-packages/airflow/example_dags/example_branch_datetime_operator.py for tasks to queue
[2024-02-24T21:41:43.636-0600] {logging_mixin.py:188} INFO - [2024-02-24T21:41:43.636-0600] {dagbag.py:538} INFO - Filling up the DagBag from /Users/vamseekrishna/Desktop/F1_Data_Warehouse/f1datawarehouse/lib/python3.9/site-packages/airflow/example_dags/example_branch_datetime_operator.py
[2024-02-24T21:41:43.643-0600] {processor.py:840} INFO - DAG(s) 'example_branch_datetime_operator_2', 'example_branch_datetime_operator', 'example_branch_datetime_operator_3' retrieved from /Users/vamseekrishna/Desktop/F1_Data_Warehouse/f1datawarehouse/lib/python3.9/site-packages/airflow/example_dags/example_branch_datetime_operator.py
[2024-02-24T21:41:43.693-0600] {logging_mixin.py:188} INFO - [2024-02-24T21:41:43.693-0600] {dag.py:3036} INFO - Sync 3 DAGs
[2024-02-24T21:41:43.701-0600] {logging_mixin.py:188} INFO - [2024-02-24T21:41:43.700-0600] {dag.py:3823} INFO - Setting next_dagrun for example_branch_datetime_operator to 2024-02-24 00:00:00+00:00, run_after=2024-02-25 00:00:00+00:00
[2024-02-24T21:41:43.702-0600] {logging_mixin.py:188} INFO - [2024-02-24T21:41:43.702-0600] {dag.py:3823} INFO - Setting next_dagrun for example_branch_datetime_operator_2 to 2024-02-24 00:00:00+00:00, run_after=2024-02-25 00:00:00+00:00
[2024-02-24T21:41:43.703-0600] {logging_mixin.py:188} INFO - [2024-02-24T21:41:43.703-0600] {dag.py:3823} INFO - Setting next_dagrun for example_branch_datetime_operator_3 to 2024-02-24 00:00:00+00:00, run_after=2024-02-25 00:00:00+00:00
[2024-02-24T21:41:43.710-0600] {processor.py:183} INFO - Processing /Users/vamseekrishna/Desktop/F1_Data_Warehouse/f1datawarehouse/lib/python3.9/site-packages/airflow/example_dags/example_branch_datetime_operator.py took 0.076 seconds
[2024-02-24T21:50:42.909-0600] {processor.py:161} INFO - Started process (PID=9120) to work on /Users/vamseekrishna/Desktop/F1_Data_Warehouse/f1datawarehouse/lib/python3.9/site-packages/airflow/example_dags/example_branch_datetime_operator.py
[2024-02-24T21:50:42.910-0600] {processor.py:830} INFO - Processing file /Users/vamseekrishna/Desktop/F1_Data_Warehouse/f1datawarehouse/lib/python3.9/site-packages/airflow/example_dags/example_branch_datetime_operator.py for tasks to queue
[2024-02-24T21:50:42.910-0600] {logging_mixin.py:188} INFO - [2024-02-24T21:50:42.910-0600] {dagbag.py:538} INFO - Filling up the DagBag from /Users/vamseekrishna/Desktop/F1_Data_Warehouse/f1datawarehouse/lib/python3.9/site-packages/airflow/example_dags/example_branch_datetime_operator.py
[2024-02-24T21:50:42.916-0600] {processor.py:840} INFO - DAG(s) 'example_branch_datetime_operator', 'example_branch_datetime_operator_3', 'example_branch_datetime_operator_2' retrieved from /Users/vamseekrishna/Desktop/F1_Data_Warehouse/f1datawarehouse/lib/python3.9/site-packages/airflow/example_dags/example_branch_datetime_operator.py
[2024-02-24T21:50:42.966-0600] {logging_mixin.py:188} INFO - [2024-02-24T21:50:42.966-0600] {dag.py:3036} INFO - Sync 3 DAGs
[2024-02-24T21:50:42.973-0600] {logging_mixin.py:188} INFO - [2024-02-24T21:50:42.973-0600] {dag.py:3823} INFO - Setting next_dagrun for example_branch_datetime_operator to 2024-02-24 00:00:00+00:00, run_after=2024-02-25 00:00:00+00:00
[2024-02-24T21:50:42.975-0600] {logging_mixin.py:188} INFO - [2024-02-24T21:50:42.975-0600] {dag.py:3823} INFO - Setting next_dagrun for example_branch_datetime_operator_2 to 2024-02-24 00:00:00+00:00, run_after=2024-02-25 00:00:00+00:00
[2024-02-24T21:50:42.976-0600] {logging_mixin.py:188} INFO - [2024-02-24T21:50:42.976-0600] {dag.py:3823} INFO - Setting next_dagrun for example_branch_datetime_operator_3 to 2024-02-24 00:00:00+00:00, run_after=2024-02-25 00:00:00+00:00
[2024-02-24T21:50:42.983-0600] {processor.py:183} INFO - Processing /Users/vamseekrishna/Desktop/F1_Data_Warehouse/f1datawarehouse/lib/python3.9/site-packages/airflow/example_dags/example_branch_datetime_operator.py took 0.075 seconds
[2024-02-24T21:52:44.304-0600] {processor.py:161} INFO - Started process (PID=9267) to work on /Users/vamseekrishna/Desktop/F1_Data_Warehouse/f1datawarehouse/lib/python3.9/site-packages/airflow/example_dags/example_branch_datetime_operator.py
[2024-02-24T21:52:44.306-0600] {processor.py:830} INFO - Processing file /Users/vamseekrishna/Desktop/F1_Data_Warehouse/f1datawarehouse/lib/python3.9/site-packages/airflow/example_dags/example_branch_datetime_operator.py for tasks to queue
[2024-02-24T21:52:44.306-0600] {logging_mixin.py:188} INFO - [2024-02-24T21:52:44.306-0600] {dagbag.py:538} INFO - Filling up the DagBag from /Users/vamseekrishna/Desktop/F1_Data_Warehouse/f1datawarehouse/lib/python3.9/site-packages/airflow/example_dags/example_branch_datetime_operator.py
[2024-02-24T21:52:44.312-0600] {processor.py:840} INFO - DAG(s) 'example_branch_datetime_operator_2', 'example_branch_datetime_operator_3', 'example_branch_datetime_operator' retrieved from /Users/vamseekrishna/Desktop/F1_Data_Warehouse/f1datawarehouse/lib/python3.9/site-packages/airflow/example_dags/example_branch_datetime_operator.py
[2024-02-24T21:52:44.375-0600] {logging_mixin.py:188} INFO - [2024-02-24T21:52:44.374-0600] {dag.py:3036} INFO - Sync 3 DAGs
[2024-02-24T21:52:44.384-0600] {logging_mixin.py:188} INFO - [2024-02-24T21:52:44.384-0600] {dag.py:3823} INFO - Setting next_dagrun for example_branch_datetime_operator to 2024-02-24 00:00:00+00:00, run_after=2024-02-25 00:00:00+00:00
[2024-02-24T21:52:44.386-0600] {logging_mixin.py:188} INFO - [2024-02-24T21:52:44.386-0600] {dag.py:3823} INFO - Setting next_dagrun for example_branch_datetime_operator_2 to 2024-02-24 00:00:00+00:00, run_after=2024-02-25 00:00:00+00:00
[2024-02-24T21:52:44.387-0600] {logging_mixin.py:188} INFO - [2024-02-24T21:52:44.387-0600] {dag.py:3823} INFO - Setting next_dagrun for example_branch_datetime_operator_3 to 2024-02-24 00:00:00+00:00, run_after=2024-02-25 00:00:00+00:00
[2024-02-24T21:52:44.395-0600] {processor.py:183} INFO - Processing /Users/vamseekrishna/Desktop/F1_Data_Warehouse/f1datawarehouse/lib/python3.9/site-packages/airflow/example_dags/example_branch_datetime_operator.py took 0.092 seconds
[2024-02-24T21:54:53.604-0600] {processor.py:161} INFO - Started process (PID=9383) to work on /Users/vamseekrishna/Desktop/F1_Data_Warehouse/f1datawarehouse/lib/python3.9/site-packages/airflow/example_dags/example_branch_datetime_operator.py
[2024-02-24T21:54:53.605-0600] {processor.py:830} INFO - Processing file /Users/vamseekrishna/Desktop/F1_Data_Warehouse/f1datawarehouse/lib/python3.9/site-packages/airflow/example_dags/example_branch_datetime_operator.py for tasks to queue
[2024-02-24T21:54:53.605-0600] {logging_mixin.py:188} INFO - [2024-02-24T21:54:53.605-0600] {dagbag.py:538} INFO - Filling up the DagBag from /Users/vamseekrishna/Desktop/F1_Data_Warehouse/f1datawarehouse/lib/python3.9/site-packages/airflow/example_dags/example_branch_datetime_operator.py
[2024-02-24T21:54:53.611-0600] {processor.py:840} INFO - DAG(s) 'example_branch_datetime_operator_2', 'example_branch_datetime_operator_3', 'example_branch_datetime_operator' retrieved from /Users/vamseekrishna/Desktop/F1_Data_Warehouse/f1datawarehouse/lib/python3.9/site-packages/airflow/example_dags/example_branch_datetime_operator.py
[2024-02-24T21:54:53.660-0600] {logging_mixin.py:188} INFO - [2024-02-24T21:54:53.660-0600] {dag.py:3036} INFO - Sync 3 DAGs
[2024-02-24T21:54:53.668-0600] {logging_mixin.py:188} INFO - [2024-02-24T21:54:53.668-0600] {dag.py:3823} INFO - Setting next_dagrun for example_branch_datetime_operator to 2024-02-24 00:00:00+00:00, run_after=2024-02-25 00:00:00+00:00
[2024-02-24T21:54:53.670-0600] {logging_mixin.py:188} INFO - [2024-02-24T21:54:53.670-0600] {dag.py:3823} INFO - Setting next_dagrun for example_branch_datetime_operator_2 to 2024-02-24 00:00:00+00:00, run_after=2024-02-25 00:00:00+00:00
[2024-02-24T21:54:53.671-0600] {logging_mixin.py:188} INFO - [2024-02-24T21:54:53.671-0600] {dag.py:3823} INFO - Setting next_dagrun for example_branch_datetime_operator_3 to 2024-02-24 00:00:00+00:00, run_after=2024-02-25 00:00:00+00:00
[2024-02-24T21:54:53.678-0600] {processor.py:183} INFO - Processing /Users/vamseekrishna/Desktop/F1_Data_Warehouse/f1datawarehouse/lib/python3.9/site-packages/airflow/example_dags/example_branch_datetime_operator.py took 0.075 seconds
[2024-02-24T21:57:09.031-0600] {processor.py:161} INFO - Started process (PID=9510) to work on /Users/vamseekrishna/Desktop/F1_Data_Warehouse/f1datawarehouse/lib/python3.9/site-packages/airflow/example_dags/example_branch_datetime_operator.py
[2024-02-24T21:57:09.032-0600] {processor.py:830} INFO - Processing file /Users/vamseekrishna/Desktop/F1_Data_Warehouse/f1datawarehouse/lib/python3.9/site-packages/airflow/example_dags/example_branch_datetime_operator.py for tasks to queue
[2024-02-24T21:57:09.032-0600] {logging_mixin.py:188} INFO - [2024-02-24T21:57:09.032-0600] {dagbag.py:538} INFO - Filling up the DagBag from /Users/vamseekrishna/Desktop/F1_Data_Warehouse/f1datawarehouse/lib/python3.9/site-packages/airflow/example_dags/example_branch_datetime_operator.py
[2024-02-24T21:57:09.038-0600] {processor.py:840} INFO - DAG(s) 'example_branch_datetime_operator', 'example_branch_datetime_operator_3', 'example_branch_datetime_operator_2' retrieved from /Users/vamseekrishna/Desktop/F1_Data_Warehouse/f1datawarehouse/lib/python3.9/site-packages/airflow/example_dags/example_branch_datetime_operator.py
[2024-02-24T21:57:09.103-0600] {logging_mixin.py:188} INFO - [2024-02-24T21:57:09.103-0600] {dag.py:3036} INFO - Sync 3 DAGs
[2024-02-24T21:57:09.115-0600] {logging_mixin.py:188} INFO - [2024-02-24T21:57:09.115-0600] {dag.py:3823} INFO - Setting next_dagrun for example_branch_datetime_operator to 2024-02-24 00:00:00+00:00, run_after=2024-02-25 00:00:00+00:00
[2024-02-24T21:57:09.117-0600] {logging_mixin.py:188} INFO - [2024-02-24T21:57:09.117-0600] {dag.py:3823} INFO - Setting next_dagrun for example_branch_datetime_operator_2 to 2024-02-24 00:00:00+00:00, run_after=2024-02-25 00:00:00+00:00
[2024-02-24T21:57:09.118-0600] {logging_mixin.py:188} INFO - [2024-02-24T21:57:09.118-0600] {dag.py:3823} INFO - Setting next_dagrun for example_branch_datetime_operator_3 to 2024-02-24 00:00:00+00:00, run_after=2024-02-25 00:00:00+00:00
[2024-02-24T21:57:09.125-0600] {processor.py:183} INFO - Processing /Users/vamseekrishna/Desktop/F1_Data_Warehouse/f1datawarehouse/lib/python3.9/site-packages/airflow/example_dags/example_branch_datetime_operator.py took 0.095 seconds
[2024-02-24T21:59:11.455-0600] {processor.py:161} INFO - Started process (PID=9618) to work on /Users/vamseekrishna/Desktop/F1_Data_Warehouse/f1datawarehouse/lib/python3.9/site-packages/airflow/example_dags/example_branch_datetime_operator.py
[2024-02-24T21:59:11.457-0600] {processor.py:830} INFO - Processing file /Users/vamseekrishna/Desktop/F1_Data_Warehouse/f1datawarehouse/lib/python3.9/site-packages/airflow/example_dags/example_branch_datetime_operator.py for tasks to queue
[2024-02-24T21:59:11.457-0600] {logging_mixin.py:188} INFO - [2024-02-24T21:59:11.457-0600] {dagbag.py:538} INFO - Filling up the DagBag from /Users/vamseekrishna/Desktop/F1_Data_Warehouse/f1datawarehouse/lib/python3.9/site-packages/airflow/example_dags/example_branch_datetime_operator.py
[2024-02-24T21:59:11.463-0600] {processor.py:840} INFO - DAG(s) 'example_branch_datetime_operator_3', 'example_branch_datetime_operator', 'example_branch_datetime_operator_2' retrieved from /Users/vamseekrishna/Desktop/F1_Data_Warehouse/f1datawarehouse/lib/python3.9/site-packages/airflow/example_dags/example_branch_datetime_operator.py
[2024-02-24T21:59:11.521-0600] {logging_mixin.py:188} INFO - [2024-02-24T21:59:11.520-0600] {dag.py:3036} INFO - Sync 3 DAGs
[2024-02-24T21:59:11.532-0600] {logging_mixin.py:188} INFO - [2024-02-24T21:59:11.532-0600] {dag.py:3823} INFO - Setting next_dagrun for example_branch_datetime_operator to 2024-02-24 00:00:00+00:00, run_after=2024-02-25 00:00:00+00:00
[2024-02-24T21:59:11.535-0600] {logging_mixin.py:188} INFO - [2024-02-24T21:59:11.535-0600] {dag.py:3823} INFO - Setting next_dagrun for example_branch_datetime_operator_2 to 2024-02-24 00:00:00+00:00, run_after=2024-02-25 00:00:00+00:00
[2024-02-24T21:59:11.537-0600] {logging_mixin.py:188} INFO - [2024-02-24T21:59:11.537-0600] {dag.py:3823} INFO - Setting next_dagrun for example_branch_datetime_operator_3 to 2024-02-24 00:00:00+00:00, run_after=2024-02-25 00:00:00+00:00
[2024-02-24T21:59:11.544-0600] {processor.py:183} INFO - Processing /Users/vamseekrishna/Desktop/F1_Data_Warehouse/f1datawarehouse/lib/python3.9/site-packages/airflow/example_dags/example_branch_datetime_operator.py took 0.090 seconds
