[2024-02-24T18:03:24.197-0600] {processor.py:161} INFO - Started process (PID=95699) to work on /Users/vamseekrishna/Desktop/F1_Data_Warehouse/f1datawarehouse/lib/python3.9/site-packages/airflow/example_dags/example_dag_decorator.py
[2024-02-24T18:03:24.198-0600] {processor.py:830} INFO - Processing file /Users/vamseekrishna/Desktop/F1_Data_Warehouse/f1datawarehouse/lib/python3.9/site-packages/airflow/example_dags/example_dag_decorator.py for tasks to queue
[2024-02-24T18:03:24.198-0600] {logging_mixin.py:188} INFO - [2024-02-24T18:03:24.198-0600] {dagbag.py:538} INFO - Filling up the DagBag from /Users/vamseekrishna/Desktop/F1_Data_Warehouse/f1datawarehouse/lib/python3.9/site-packages/airflow/example_dags/example_dag_decorator.py
[2024-02-24T18:03:24.284-0600] {processor.py:840} INFO - DAG(s) 'example_dag_decorator' retrieved from /Users/vamseekrishna/Desktop/F1_Data_Warehouse/f1datawarehouse/lib/python3.9/site-packages/airflow/example_dags/example_dag_decorator.py
[2024-02-24T18:03:24.372-0600] {logging_mixin.py:188} INFO - [2024-02-24T18:03:24.372-0600] {dag.py:3036} INFO - Sync 1 DAGs
[2024-02-24T18:03:24.376-0600] {logging_mixin.py:188} INFO - [2024-02-24T18:03:24.376-0600] {dag.py:3823} INFO - Setting next_dagrun for example_dag_decorator to None, run_after=None
[2024-02-24T18:03:24.384-0600] {processor.py:183} INFO - Processing /Users/vamseekrishna/Desktop/F1_Data_Warehouse/f1datawarehouse/lib/python3.9/site-packages/airflow/example_dags/example_dag_decorator.py took 0.188 seconds
[2024-02-24T18:05:43.390-0600] {processor.py:161} INFO - Started process (PID=95873) to work on /Users/vamseekrishna/Desktop/F1_Data_Warehouse/f1datawarehouse/lib/python3.9/site-packages/airflow/example_dags/example_dag_decorator.py
[2024-02-24T18:05:43.392-0600] {processor.py:830} INFO - Processing file /Users/vamseekrishna/Desktop/F1_Data_Warehouse/f1datawarehouse/lib/python3.9/site-packages/airflow/example_dags/example_dag_decorator.py for tasks to queue
[2024-02-24T18:05:43.392-0600] {logging_mixin.py:188} INFO - [2024-02-24T18:05:43.392-0600] {dagbag.py:538} INFO - Filling up the DagBag from /Users/vamseekrishna/Desktop/F1_Data_Warehouse/f1datawarehouse/lib/python3.9/site-packages/airflow/example_dags/example_dag_decorator.py
[2024-02-24T18:05:43.486-0600] {processor.py:840} INFO - DAG(s) 'example_dag_decorator' retrieved from /Users/vamseekrishna/Desktop/F1_Data_Warehouse/f1datawarehouse/lib/python3.9/site-packages/airflow/example_dags/example_dag_decorator.py
[2024-02-24T18:05:43.581-0600] {logging_mixin.py:188} INFO - [2024-02-24T18:05:43.580-0600] {dag.py:3036} INFO - Sync 1 DAGs
[2024-02-24T18:05:43.584-0600] {logging_mixin.py:188} INFO - [2024-02-24T18:05:43.584-0600] {dag.py:3823} INFO - Setting next_dagrun for example_dag_decorator to None, run_after=None
[2024-02-24T18:05:43.592-0600] {processor.py:183} INFO - Processing /Users/vamseekrishna/Desktop/F1_Data_Warehouse/f1datawarehouse/lib/python3.9/site-packages/airflow/example_dags/example_dag_decorator.py took 0.203 seconds
[2024-02-24T18:07:48.700-0600] {processor.py:161} INFO - Started process (PID=95987) to work on /Users/vamseekrishna/Desktop/F1_Data_Warehouse/f1datawarehouse/lib/python3.9/site-packages/airflow/example_dags/example_dag_decorator.py
[2024-02-24T18:07:48.704-0600] {processor.py:830} INFO - Processing file /Users/vamseekrishna/Desktop/F1_Data_Warehouse/f1datawarehouse/lib/python3.9/site-packages/airflow/example_dags/example_dag_decorator.py for tasks to queue
[2024-02-24T18:07:48.704-0600] {logging_mixin.py:188} INFO - [2024-02-24T18:07:48.704-0600] {dagbag.py:538} INFO - Filling up the DagBag from /Users/vamseekrishna/Desktop/F1_Data_Warehouse/f1datawarehouse/lib/python3.9/site-packages/airflow/example_dags/example_dag_decorator.py
[2024-02-24T18:07:48.790-0600] {processor.py:840} INFO - DAG(s) 'example_dag_decorator' retrieved from /Users/vamseekrishna/Desktop/F1_Data_Warehouse/f1datawarehouse/lib/python3.9/site-packages/airflow/example_dags/example_dag_decorator.py
[2024-02-24T18:07:48.883-0600] {logging_mixin.py:188} INFO - [2024-02-24T18:07:48.883-0600] {dag.py:3036} INFO - Sync 1 DAGs
[2024-02-24T18:07:48.887-0600] {logging_mixin.py:188} INFO - [2024-02-24T18:07:48.886-0600] {dag.py:3823} INFO - Setting next_dagrun for example_dag_decorator to None, run_after=None
[2024-02-24T18:07:48.895-0600] {processor.py:183} INFO - Processing /Users/vamseekrishna/Desktop/F1_Data_Warehouse/f1datawarehouse/lib/python3.9/site-packages/airflow/example_dags/example_dag_decorator.py took 0.197 seconds
[2024-02-24T18:09:43.162-0600] {processor.py:161} INFO - Started process (PID=96086) to work on /Users/vamseekrishna/Desktop/F1_Data_Warehouse/f1datawarehouse/lib/python3.9/site-packages/airflow/example_dags/example_dag_decorator.py
[2024-02-24T18:09:43.164-0600] {processor.py:830} INFO - Processing file /Users/vamseekrishna/Desktop/F1_Data_Warehouse/f1datawarehouse/lib/python3.9/site-packages/airflow/example_dags/example_dag_decorator.py for tasks to queue
[2024-02-24T18:09:43.164-0600] {logging_mixin.py:188} INFO - [2024-02-24T18:09:43.164-0600] {dagbag.py:538} INFO - Filling up the DagBag from /Users/vamseekrishna/Desktop/F1_Data_Warehouse/f1datawarehouse/lib/python3.9/site-packages/airflow/example_dags/example_dag_decorator.py
[2024-02-24T18:09:43.249-0600] {processor.py:840} INFO - DAG(s) 'example_dag_decorator' retrieved from /Users/vamseekrishna/Desktop/F1_Data_Warehouse/f1datawarehouse/lib/python3.9/site-packages/airflow/example_dags/example_dag_decorator.py
[2024-02-24T18:09:43.343-0600] {logging_mixin.py:188} INFO - [2024-02-24T18:09:43.342-0600] {dag.py:3036} INFO - Sync 1 DAGs
[2024-02-24T18:09:43.346-0600] {logging_mixin.py:188} INFO - [2024-02-24T18:09:43.346-0600] {dag.py:3823} INFO - Setting next_dagrun for example_dag_decorator to None, run_after=None
[2024-02-24T18:09:43.354-0600] {processor.py:183} INFO - Processing /Users/vamseekrishna/Desktop/F1_Data_Warehouse/f1datawarehouse/lib/python3.9/site-packages/airflow/example_dags/example_dag_decorator.py took 0.192 seconds
[2024-02-24T18:11:41.396-0600] {processor.py:161} INFO - Started process (PID=96182) to work on /Users/vamseekrishna/Desktop/F1_Data_Warehouse/f1datawarehouse/lib/python3.9/site-packages/airflow/example_dags/example_dag_decorator.py
[2024-02-24T18:11:41.397-0600] {processor.py:830} INFO - Processing file /Users/vamseekrishna/Desktop/F1_Data_Warehouse/f1datawarehouse/lib/python3.9/site-packages/airflow/example_dags/example_dag_decorator.py for tasks to queue
[2024-02-24T18:11:41.397-0600] {logging_mixin.py:188} INFO - [2024-02-24T18:11:41.397-0600] {dagbag.py:538} INFO - Filling up the DagBag from /Users/vamseekrishna/Desktop/F1_Data_Warehouse/f1datawarehouse/lib/python3.9/site-packages/airflow/example_dags/example_dag_decorator.py
[2024-02-24T18:11:41.486-0600] {processor.py:840} INFO - DAG(s) 'example_dag_decorator' retrieved from /Users/vamseekrishna/Desktop/F1_Data_Warehouse/f1datawarehouse/lib/python3.9/site-packages/airflow/example_dags/example_dag_decorator.py
[2024-02-24T18:11:41.580-0600] {logging_mixin.py:188} INFO - [2024-02-24T18:11:41.580-0600] {dag.py:3036} INFO - Sync 1 DAGs
[2024-02-24T18:11:41.584-0600] {logging_mixin.py:188} INFO - [2024-02-24T18:11:41.584-0600] {dag.py:3823} INFO - Setting next_dagrun for example_dag_decorator to None, run_after=None
[2024-02-24T18:11:41.592-0600] {processor.py:183} INFO - Processing /Users/vamseekrishna/Desktop/F1_Data_Warehouse/f1datawarehouse/lib/python3.9/site-packages/airflow/example_dags/example_dag_decorator.py took 0.197 seconds
[2024-02-24T18:13:42.676-0600] {processor.py:161} INFO - Started process (PID=96275) to work on /Users/vamseekrishna/Desktop/F1_Data_Warehouse/f1datawarehouse/lib/python3.9/site-packages/airflow/example_dags/example_dag_decorator.py
[2024-02-24T18:13:42.678-0600] {processor.py:830} INFO - Processing file /Users/vamseekrishna/Desktop/F1_Data_Warehouse/f1datawarehouse/lib/python3.9/site-packages/airflow/example_dags/example_dag_decorator.py for tasks to queue
[2024-02-24T18:13:42.678-0600] {logging_mixin.py:188} INFO - [2024-02-24T18:13:42.678-0600] {dagbag.py:538} INFO - Filling up the DagBag from /Users/vamseekrishna/Desktop/F1_Data_Warehouse/f1datawarehouse/lib/python3.9/site-packages/airflow/example_dags/example_dag_decorator.py
[2024-02-24T18:13:42.766-0600] {processor.py:840} INFO - DAG(s) 'example_dag_decorator' retrieved from /Users/vamseekrishna/Desktop/F1_Data_Warehouse/f1datawarehouse/lib/python3.9/site-packages/airflow/example_dags/example_dag_decorator.py
[2024-02-24T18:13:42.866-0600] {logging_mixin.py:188} INFO - [2024-02-24T18:13:42.866-0600] {dag.py:3036} INFO - Sync 1 DAGs
[2024-02-24T18:13:42.870-0600] {logging_mixin.py:188} INFO - [2024-02-24T18:13:42.870-0600] {dag.py:3823} INFO - Setting next_dagrun for example_dag_decorator to None, run_after=None
[2024-02-24T18:13:42.878-0600] {processor.py:183} INFO - Processing /Users/vamseekrishna/Desktop/F1_Data_Warehouse/f1datawarehouse/lib/python3.9/site-packages/airflow/example_dags/example_dag_decorator.py took 0.202 seconds
[2024-02-24T18:15:36.151-0600] {processor.py:161} INFO - Started process (PID=96381) to work on /Users/vamseekrishna/Desktop/F1_Data_Warehouse/f1datawarehouse/lib/python3.9/site-packages/airflow/example_dags/example_dag_decorator.py
[2024-02-24T18:15:36.153-0600] {processor.py:830} INFO - Processing file /Users/vamseekrishna/Desktop/F1_Data_Warehouse/f1datawarehouse/lib/python3.9/site-packages/airflow/example_dags/example_dag_decorator.py for tasks to queue
[2024-02-24T18:15:36.154-0600] {logging_mixin.py:188} INFO - [2024-02-24T18:15:36.154-0600] {dagbag.py:538} INFO - Filling up the DagBag from /Users/vamseekrishna/Desktop/F1_Data_Warehouse/f1datawarehouse/lib/python3.9/site-packages/airflow/example_dags/example_dag_decorator.py
[2024-02-24T18:15:36.239-0600] {processor.py:840} INFO - DAG(s) 'example_dag_decorator' retrieved from /Users/vamseekrishna/Desktop/F1_Data_Warehouse/f1datawarehouse/lib/python3.9/site-packages/airflow/example_dags/example_dag_decorator.py
[2024-02-24T18:15:36.334-0600] {logging_mixin.py:188} INFO - [2024-02-24T18:15:36.334-0600] {dag.py:3036} INFO - Sync 1 DAGs
[2024-02-24T18:15:36.338-0600] {logging_mixin.py:188} INFO - [2024-02-24T18:15:36.338-0600] {dag.py:3823} INFO - Setting next_dagrun for example_dag_decorator to None, run_after=None
[2024-02-24T18:15:36.346-0600] {processor.py:183} INFO - Processing /Users/vamseekrishna/Desktop/F1_Data_Warehouse/f1datawarehouse/lib/python3.9/site-packages/airflow/example_dags/example_dag_decorator.py took 0.195 seconds
[2024-02-24T18:17:39.938-0600] {processor.py:161} INFO - Started process (PID=96489) to work on /Users/vamseekrishna/Desktop/F1_Data_Warehouse/f1datawarehouse/lib/python3.9/site-packages/airflow/example_dags/example_dag_decorator.py
[2024-02-24T18:17:39.939-0600] {processor.py:830} INFO - Processing file /Users/vamseekrishna/Desktop/F1_Data_Warehouse/f1datawarehouse/lib/python3.9/site-packages/airflow/example_dags/example_dag_decorator.py for tasks to queue
[2024-02-24T18:17:39.940-0600] {logging_mixin.py:188} INFO - [2024-02-24T18:17:39.939-0600] {dagbag.py:538} INFO - Filling up the DagBag from /Users/vamseekrishna/Desktop/F1_Data_Warehouse/f1datawarehouse/lib/python3.9/site-packages/airflow/example_dags/example_dag_decorator.py
[2024-02-24T18:17:40.025-0600] {processor.py:840} INFO - DAG(s) 'example_dag_decorator' retrieved from /Users/vamseekrishna/Desktop/F1_Data_Warehouse/f1datawarehouse/lib/python3.9/site-packages/airflow/example_dags/example_dag_decorator.py
[2024-02-24T18:17:40.117-0600] {logging_mixin.py:188} INFO - [2024-02-24T18:17:40.117-0600] {dag.py:3036} INFO - Sync 1 DAGs
[2024-02-24T18:17:40.121-0600] {logging_mixin.py:188} INFO - [2024-02-24T18:17:40.120-0600] {dag.py:3823} INFO - Setting next_dagrun for example_dag_decorator to None, run_after=None
[2024-02-24T18:17:40.128-0600] {processor.py:183} INFO - Processing /Users/vamseekrishna/Desktop/F1_Data_Warehouse/f1datawarehouse/lib/python3.9/site-packages/airflow/example_dags/example_dag_decorator.py took 0.191 seconds
[2024-02-24T18:19:38.592-0600] {processor.py:161} INFO - Started process (PID=96581) to work on /Users/vamseekrishna/Desktop/F1_Data_Warehouse/f1datawarehouse/lib/python3.9/site-packages/airflow/example_dags/example_dag_decorator.py
[2024-02-24T18:19:38.594-0600] {processor.py:830} INFO - Processing file /Users/vamseekrishna/Desktop/F1_Data_Warehouse/f1datawarehouse/lib/python3.9/site-packages/airflow/example_dags/example_dag_decorator.py for tasks to queue
[2024-02-24T18:19:38.595-0600] {logging_mixin.py:188} INFO - [2024-02-24T18:19:38.595-0600] {dagbag.py:538} INFO - Filling up the DagBag from /Users/vamseekrishna/Desktop/F1_Data_Warehouse/f1datawarehouse/lib/python3.9/site-packages/airflow/example_dags/example_dag_decorator.py
[2024-02-24T18:19:38.679-0600] {processor.py:840} INFO - DAG(s) 'example_dag_decorator' retrieved from /Users/vamseekrishna/Desktop/F1_Data_Warehouse/f1datawarehouse/lib/python3.9/site-packages/airflow/example_dags/example_dag_decorator.py
[2024-02-24T18:19:38.775-0600] {logging_mixin.py:188} INFO - [2024-02-24T18:19:38.775-0600] {dag.py:3036} INFO - Sync 1 DAGs
[2024-02-24T18:19:38.779-0600] {logging_mixin.py:188} INFO - [2024-02-24T18:19:38.779-0600] {dag.py:3823} INFO - Setting next_dagrun for example_dag_decorator to None, run_after=None
[2024-02-24T18:19:38.786-0600] {processor.py:183} INFO - Processing /Users/vamseekrishna/Desktop/F1_Data_Warehouse/f1datawarehouse/lib/python3.9/site-packages/airflow/example_dags/example_dag_decorator.py took 0.195 seconds
[2024-02-24T18:21:41.641-0600] {processor.py:161} INFO - Started process (PID=96682) to work on /Users/vamseekrishna/Desktop/F1_Data_Warehouse/f1datawarehouse/lib/python3.9/site-packages/airflow/example_dags/example_dag_decorator.py
[2024-02-24T18:21:41.643-0600] {processor.py:830} INFO - Processing file /Users/vamseekrishna/Desktop/F1_Data_Warehouse/f1datawarehouse/lib/python3.9/site-packages/airflow/example_dags/example_dag_decorator.py for tasks to queue
[2024-02-24T18:21:41.643-0600] {logging_mixin.py:188} INFO - [2024-02-24T18:21:41.643-0600] {dagbag.py:538} INFO - Filling up the DagBag from /Users/vamseekrishna/Desktop/F1_Data_Warehouse/f1datawarehouse/lib/python3.9/site-packages/airflow/example_dags/example_dag_decorator.py
[2024-02-24T18:21:41.735-0600] {processor.py:840} INFO - DAG(s) 'example_dag_decorator' retrieved from /Users/vamseekrishna/Desktop/F1_Data_Warehouse/f1datawarehouse/lib/python3.9/site-packages/airflow/example_dags/example_dag_decorator.py
[2024-02-24T18:21:41.833-0600] {logging_mixin.py:188} INFO - [2024-02-24T18:21:41.832-0600] {dag.py:3036} INFO - Sync 1 DAGs
[2024-02-24T18:21:41.836-0600] {logging_mixin.py:188} INFO - [2024-02-24T18:21:41.836-0600] {dag.py:3823} INFO - Setting next_dagrun for example_dag_decorator to None, run_after=None
[2024-02-24T18:21:41.844-0600] {processor.py:183} INFO - Processing /Users/vamseekrishna/Desktop/F1_Data_Warehouse/f1datawarehouse/lib/python3.9/site-packages/airflow/example_dags/example_dag_decorator.py took 0.204 seconds
[2024-02-24T18:23:46.505-0600] {processor.py:161} INFO - Started process (PID=96798) to work on /Users/vamseekrishna/Desktop/F1_Data_Warehouse/f1datawarehouse/lib/python3.9/site-packages/airflow/example_dags/example_dag_decorator.py
[2024-02-24T18:23:46.507-0600] {processor.py:830} INFO - Processing file /Users/vamseekrishna/Desktop/F1_Data_Warehouse/f1datawarehouse/lib/python3.9/site-packages/airflow/example_dags/example_dag_decorator.py for tasks to queue
[2024-02-24T18:23:46.507-0600] {logging_mixin.py:188} INFO - [2024-02-24T18:23:46.507-0600] {dagbag.py:538} INFO - Filling up the DagBag from /Users/vamseekrishna/Desktop/F1_Data_Warehouse/f1datawarehouse/lib/python3.9/site-packages/airflow/example_dags/example_dag_decorator.py
[2024-02-24T18:23:46.594-0600] {processor.py:840} INFO - DAG(s) 'example_dag_decorator' retrieved from /Users/vamseekrishna/Desktop/F1_Data_Warehouse/f1datawarehouse/lib/python3.9/site-packages/airflow/example_dags/example_dag_decorator.py
[2024-02-24T18:23:46.689-0600] {logging_mixin.py:188} INFO - [2024-02-24T18:23:46.689-0600] {dag.py:3036} INFO - Sync 1 DAGs
[2024-02-24T18:23:46.693-0600] {logging_mixin.py:188} INFO - [2024-02-24T18:23:46.693-0600] {dag.py:3823} INFO - Setting next_dagrun for example_dag_decorator to None, run_after=None
[2024-02-24T18:23:46.701-0600] {processor.py:183} INFO - Processing /Users/vamseekrishna/Desktop/F1_Data_Warehouse/f1datawarehouse/lib/python3.9/site-packages/airflow/example_dags/example_dag_decorator.py took 0.197 seconds
[2024-02-24T18:25:43.844-0600] {processor.py:161} INFO - Started process (PID=96884) to work on /Users/vamseekrishna/Desktop/F1_Data_Warehouse/f1datawarehouse/lib/python3.9/site-packages/airflow/example_dags/example_dag_decorator.py
[2024-02-24T18:25:43.846-0600] {processor.py:830} INFO - Processing file /Users/vamseekrishna/Desktop/F1_Data_Warehouse/f1datawarehouse/lib/python3.9/site-packages/airflow/example_dags/example_dag_decorator.py for tasks to queue
[2024-02-24T18:25:43.846-0600] {logging_mixin.py:188} INFO - [2024-02-24T18:25:43.846-0600] {dagbag.py:538} INFO - Filling up the DagBag from /Users/vamseekrishna/Desktop/F1_Data_Warehouse/f1datawarehouse/lib/python3.9/site-packages/airflow/example_dags/example_dag_decorator.py
[2024-02-24T18:25:43.931-0600] {processor.py:840} INFO - DAG(s) 'example_dag_decorator' retrieved from /Users/vamseekrishna/Desktop/F1_Data_Warehouse/f1datawarehouse/lib/python3.9/site-packages/airflow/example_dags/example_dag_decorator.py
[2024-02-24T18:25:44.027-0600] {logging_mixin.py:188} INFO - [2024-02-24T18:25:44.027-0600] {dag.py:3036} INFO - Sync 1 DAGs
[2024-02-24T18:25:44.031-0600] {logging_mixin.py:188} INFO - [2024-02-24T18:25:44.031-0600] {dag.py:3823} INFO - Setting next_dagrun for example_dag_decorator to None, run_after=None
[2024-02-24T18:25:44.039-0600] {processor.py:183} INFO - Processing /Users/vamseekrishna/Desktop/F1_Data_Warehouse/f1datawarehouse/lib/python3.9/site-packages/airflow/example_dags/example_dag_decorator.py took 0.195 seconds
[2024-02-24T18:27:45.570-0600] {processor.py:161} INFO - Started process (PID=96982) to work on /Users/vamseekrishna/Desktop/F1_Data_Warehouse/f1datawarehouse/lib/python3.9/site-packages/airflow/example_dags/example_dag_decorator.py
[2024-02-24T18:27:45.572-0600] {processor.py:830} INFO - Processing file /Users/vamseekrishna/Desktop/F1_Data_Warehouse/f1datawarehouse/lib/python3.9/site-packages/airflow/example_dags/example_dag_decorator.py for tasks to queue
[2024-02-24T18:27:45.572-0600] {logging_mixin.py:188} INFO - [2024-02-24T18:27:45.572-0600] {dagbag.py:538} INFO - Filling up the DagBag from /Users/vamseekrishna/Desktop/F1_Data_Warehouse/f1datawarehouse/lib/python3.9/site-packages/airflow/example_dags/example_dag_decorator.py
[2024-02-24T18:27:45.658-0600] {processor.py:840} INFO - DAG(s) 'example_dag_decorator' retrieved from /Users/vamseekrishna/Desktop/F1_Data_Warehouse/f1datawarehouse/lib/python3.9/site-packages/airflow/example_dags/example_dag_decorator.py
[2024-02-24T18:27:45.755-0600] {logging_mixin.py:188} INFO - [2024-02-24T18:27:45.755-0600] {dag.py:3036} INFO - Sync 1 DAGs
[2024-02-24T18:27:45.759-0600] {logging_mixin.py:188} INFO - [2024-02-24T18:27:45.759-0600] {dag.py:3823} INFO - Setting next_dagrun for example_dag_decorator to None, run_after=None
[2024-02-24T18:27:45.817-0600] {processor.py:183} INFO - Processing /Users/vamseekrishna/Desktop/F1_Data_Warehouse/f1datawarehouse/lib/python3.9/site-packages/airflow/example_dags/example_dag_decorator.py took 0.247 seconds
[2024-02-24T18:29:50.741-0600] {processor.py:161} INFO - Started process (PID=97081) to work on /Users/vamseekrishna/Desktop/F1_Data_Warehouse/f1datawarehouse/lib/python3.9/site-packages/airflow/example_dags/example_dag_decorator.py
[2024-02-24T18:29:50.743-0600] {processor.py:830} INFO - Processing file /Users/vamseekrishna/Desktop/F1_Data_Warehouse/f1datawarehouse/lib/python3.9/site-packages/airflow/example_dags/example_dag_decorator.py for tasks to queue
[2024-02-24T18:29:50.744-0600] {logging_mixin.py:188} INFO - [2024-02-24T18:29:50.744-0600] {dagbag.py:538} INFO - Filling up the DagBag from /Users/vamseekrishna/Desktop/F1_Data_Warehouse/f1datawarehouse/lib/python3.9/site-packages/airflow/example_dags/example_dag_decorator.py
[2024-02-24T18:29:50.832-0600] {processor.py:840} INFO - DAG(s) 'example_dag_decorator' retrieved from /Users/vamseekrishna/Desktop/F1_Data_Warehouse/f1datawarehouse/lib/python3.9/site-packages/airflow/example_dags/example_dag_decorator.py
[2024-02-24T18:29:50.925-0600] {logging_mixin.py:188} INFO - [2024-02-24T18:29:50.925-0600] {dag.py:3036} INFO - Sync 1 DAGs
[2024-02-24T18:29:50.929-0600] {logging_mixin.py:188} INFO - [2024-02-24T18:29:50.928-0600] {dag.py:3823} INFO - Setting next_dagrun for example_dag_decorator to None, run_after=None
[2024-02-24T18:29:50.936-0600] {processor.py:183} INFO - Processing /Users/vamseekrishna/Desktop/F1_Data_Warehouse/f1datawarehouse/lib/python3.9/site-packages/airflow/example_dags/example_dag_decorator.py took 0.195 seconds
[2024-02-24T18:31:47.750-0600] {processor.py:161} INFO - Started process (PID=97192) to work on /Users/vamseekrishna/Desktop/F1_Data_Warehouse/f1datawarehouse/lib/python3.9/site-packages/airflow/example_dags/example_dag_decorator.py
[2024-02-24T18:31:47.751-0600] {processor.py:830} INFO - Processing file /Users/vamseekrishna/Desktop/F1_Data_Warehouse/f1datawarehouse/lib/python3.9/site-packages/airflow/example_dags/example_dag_decorator.py for tasks to queue
[2024-02-24T18:31:47.752-0600] {logging_mixin.py:188} INFO - [2024-02-24T18:31:47.752-0600] {dagbag.py:538} INFO - Filling up the DagBag from /Users/vamseekrishna/Desktop/F1_Data_Warehouse/f1datawarehouse/lib/python3.9/site-packages/airflow/example_dags/example_dag_decorator.py
[2024-02-24T18:31:47.837-0600] {processor.py:840} INFO - DAG(s) 'example_dag_decorator' retrieved from /Users/vamseekrishna/Desktop/F1_Data_Warehouse/f1datawarehouse/lib/python3.9/site-packages/airflow/example_dags/example_dag_decorator.py
[2024-02-24T18:31:47.934-0600] {logging_mixin.py:188} INFO - [2024-02-24T18:31:47.933-0600] {dag.py:3036} INFO - Sync 1 DAGs
[2024-02-24T18:31:47.938-0600] {logging_mixin.py:188} INFO - [2024-02-24T18:31:47.938-0600] {dag.py:3823} INFO - Setting next_dagrun for example_dag_decorator to None, run_after=None
[2024-02-24T18:31:47.946-0600] {processor.py:183} INFO - Processing /Users/vamseekrishna/Desktop/F1_Data_Warehouse/f1datawarehouse/lib/python3.9/site-packages/airflow/example_dags/example_dag_decorator.py took 0.197 seconds
[2024-02-24T18:33:46.236-0600] {processor.py:161} INFO - Started process (PID=97306) to work on /Users/vamseekrishna/Desktop/F1_Data_Warehouse/f1datawarehouse/lib/python3.9/site-packages/airflow/example_dags/example_dag_decorator.py
[2024-02-24T18:33:46.239-0600] {processor.py:830} INFO - Processing file /Users/vamseekrishna/Desktop/F1_Data_Warehouse/f1datawarehouse/lib/python3.9/site-packages/airflow/example_dags/example_dag_decorator.py for tasks to queue
[2024-02-24T18:33:46.239-0600] {logging_mixin.py:188} INFO - [2024-02-24T18:33:46.239-0600] {dagbag.py:538} INFO - Filling up the DagBag from /Users/vamseekrishna/Desktop/F1_Data_Warehouse/f1datawarehouse/lib/python3.9/site-packages/airflow/example_dags/example_dag_decorator.py
[2024-02-24T18:33:46.336-0600] {processor.py:840} INFO - DAG(s) 'example_dag_decorator' retrieved from /Users/vamseekrishna/Desktop/F1_Data_Warehouse/f1datawarehouse/lib/python3.9/site-packages/airflow/example_dags/example_dag_decorator.py
[2024-02-24T18:33:46.439-0600] {logging_mixin.py:188} INFO - [2024-02-24T18:33:46.439-0600] {dag.py:3036} INFO - Sync 1 DAGs
[2024-02-24T18:33:46.443-0600] {logging_mixin.py:188} INFO - [2024-02-24T18:33:46.443-0600] {dag.py:3823} INFO - Setting next_dagrun for example_dag_decorator to None, run_after=None
[2024-02-24T18:33:46.451-0600] {processor.py:183} INFO - Processing /Users/vamseekrishna/Desktop/F1_Data_Warehouse/f1datawarehouse/lib/python3.9/site-packages/airflow/example_dags/example_dag_decorator.py took 0.215 seconds
[2024-02-24T18:35:45.535-0600] {processor.py:161} INFO - Started process (PID=97398) to work on /Users/vamseekrishna/Desktop/F1_Data_Warehouse/f1datawarehouse/lib/python3.9/site-packages/airflow/example_dags/example_dag_decorator.py
[2024-02-24T18:35:45.537-0600] {processor.py:830} INFO - Processing file /Users/vamseekrishna/Desktop/F1_Data_Warehouse/f1datawarehouse/lib/python3.9/site-packages/airflow/example_dags/example_dag_decorator.py for tasks to queue
[2024-02-24T18:35:45.537-0600] {logging_mixin.py:188} INFO - [2024-02-24T18:35:45.537-0600] {dagbag.py:538} INFO - Filling up the DagBag from /Users/vamseekrishna/Desktop/F1_Data_Warehouse/f1datawarehouse/lib/python3.9/site-packages/airflow/example_dags/example_dag_decorator.py
[2024-02-24T18:35:45.621-0600] {processor.py:840} INFO - DAG(s) 'example_dag_decorator' retrieved from /Users/vamseekrishna/Desktop/F1_Data_Warehouse/f1datawarehouse/lib/python3.9/site-packages/airflow/example_dags/example_dag_decorator.py
[2024-02-24T18:35:45.713-0600] {logging_mixin.py:188} INFO - [2024-02-24T18:35:45.713-0600] {dag.py:3036} INFO - Sync 1 DAGs
[2024-02-24T18:35:45.717-0600] {logging_mixin.py:188} INFO - [2024-02-24T18:35:45.717-0600] {dag.py:3823} INFO - Setting next_dagrun for example_dag_decorator to None, run_after=None
[2024-02-24T18:35:45.725-0600] {processor.py:183} INFO - Processing /Users/vamseekrishna/Desktop/F1_Data_Warehouse/f1datawarehouse/lib/python3.9/site-packages/airflow/example_dags/example_dag_decorator.py took 0.191 seconds
[2024-02-24T18:37:46.498-0600] {processor.py:161} INFO - Started process (PID=97515) to work on /Users/vamseekrishna/Desktop/F1_Data_Warehouse/f1datawarehouse/lib/python3.9/site-packages/airflow/example_dags/example_dag_decorator.py
[2024-02-24T18:37:46.500-0600] {processor.py:830} INFO - Processing file /Users/vamseekrishna/Desktop/F1_Data_Warehouse/f1datawarehouse/lib/python3.9/site-packages/airflow/example_dags/example_dag_decorator.py for tasks to queue
[2024-02-24T18:37:46.500-0600] {logging_mixin.py:188} INFO - [2024-02-24T18:37:46.500-0600] {dagbag.py:538} INFO - Filling up the DagBag from /Users/vamseekrishna/Desktop/F1_Data_Warehouse/f1datawarehouse/lib/python3.9/site-packages/airflow/example_dags/example_dag_decorator.py
[2024-02-24T18:37:46.589-0600] {processor.py:840} INFO - DAG(s) 'example_dag_decorator' retrieved from /Users/vamseekrishna/Desktop/F1_Data_Warehouse/f1datawarehouse/lib/python3.9/site-packages/airflow/example_dags/example_dag_decorator.py
[2024-02-24T18:37:46.684-0600] {logging_mixin.py:188} INFO - [2024-02-24T18:37:46.683-0600] {dag.py:3036} INFO - Sync 1 DAGs
[2024-02-24T18:37:46.687-0600] {logging_mixin.py:188} INFO - [2024-02-24T18:37:46.687-0600] {dag.py:3823} INFO - Setting next_dagrun for example_dag_decorator to None, run_after=None
[2024-02-24T18:37:46.695-0600] {processor.py:183} INFO - Processing /Users/vamseekrishna/Desktop/F1_Data_Warehouse/f1datawarehouse/lib/python3.9/site-packages/airflow/example_dags/example_dag_decorator.py took 0.198 seconds
[2024-02-24T18:39:48.737-0600] {processor.py:161} INFO - Started process (PID=97611) to work on /Users/vamseekrishna/Desktop/F1_Data_Warehouse/f1datawarehouse/lib/python3.9/site-packages/airflow/example_dags/example_dag_decorator.py
[2024-02-24T18:39:48.739-0600] {processor.py:830} INFO - Processing file /Users/vamseekrishna/Desktop/F1_Data_Warehouse/f1datawarehouse/lib/python3.9/site-packages/airflow/example_dags/example_dag_decorator.py for tasks to queue
[2024-02-24T18:39:48.739-0600] {logging_mixin.py:188} INFO - [2024-02-24T18:39:48.739-0600] {dagbag.py:538} INFO - Filling up the DagBag from /Users/vamseekrishna/Desktop/F1_Data_Warehouse/f1datawarehouse/lib/python3.9/site-packages/airflow/example_dags/example_dag_decorator.py
[2024-02-24T18:39:48.824-0600] {processor.py:840} INFO - DAG(s) 'example_dag_decorator' retrieved from /Users/vamseekrishna/Desktop/F1_Data_Warehouse/f1datawarehouse/lib/python3.9/site-packages/airflow/example_dags/example_dag_decorator.py
[2024-02-24T18:39:48.919-0600] {logging_mixin.py:188} INFO - [2024-02-24T18:39:48.919-0600] {dag.py:3036} INFO - Sync 1 DAGs
[2024-02-24T18:39:48.923-0600] {logging_mixin.py:188} INFO - [2024-02-24T18:39:48.923-0600] {dag.py:3823} INFO - Setting next_dagrun for example_dag_decorator to None, run_after=None
[2024-02-24T18:39:48.934-0600] {processor.py:183} INFO - Processing /Users/vamseekrishna/Desktop/F1_Data_Warehouse/f1datawarehouse/lib/python3.9/site-packages/airflow/example_dags/example_dag_decorator.py took 0.198 seconds
[2024-02-24T18:41:49.031-0600] {processor.py:161} INFO - Started process (PID=97700) to work on /Users/vamseekrishna/Desktop/F1_Data_Warehouse/f1datawarehouse/lib/python3.9/site-packages/airflow/example_dags/example_dag_decorator.py
[2024-02-24T18:41:49.035-0600] {processor.py:830} INFO - Processing file /Users/vamseekrishna/Desktop/F1_Data_Warehouse/f1datawarehouse/lib/python3.9/site-packages/airflow/example_dags/example_dag_decorator.py for tasks to queue
[2024-02-24T18:41:49.035-0600] {logging_mixin.py:188} INFO - [2024-02-24T18:41:49.035-0600] {dagbag.py:538} INFO - Filling up the DagBag from /Users/vamseekrishna/Desktop/F1_Data_Warehouse/f1datawarehouse/lib/python3.9/site-packages/airflow/example_dags/example_dag_decorator.py
[2024-02-24T18:41:49.127-0600] {processor.py:840} INFO - DAG(s) 'example_dag_decorator' retrieved from /Users/vamseekrishna/Desktop/F1_Data_Warehouse/f1datawarehouse/lib/python3.9/site-packages/airflow/example_dags/example_dag_decorator.py
[2024-02-24T18:41:49.218-0600] {logging_mixin.py:188} INFO - [2024-02-24T18:41:49.218-0600] {dag.py:3036} INFO - Sync 1 DAGs
[2024-02-24T18:41:49.222-0600] {logging_mixin.py:188} INFO - [2024-02-24T18:41:49.222-0600] {dag.py:3823} INFO - Setting next_dagrun for example_dag_decorator to None, run_after=None
[2024-02-24T18:41:49.230-0600] {processor.py:183} INFO - Processing /Users/vamseekrishna/Desktop/F1_Data_Warehouse/f1datawarehouse/lib/python3.9/site-packages/airflow/example_dags/example_dag_decorator.py took 0.199 seconds
[2024-02-24T18:43:47.917-0600] {processor.py:161} INFO - Started process (PID=97797) to work on /Users/vamseekrishna/Desktop/F1_Data_Warehouse/f1datawarehouse/lib/python3.9/site-packages/airflow/example_dags/example_dag_decorator.py
[2024-02-24T18:43:47.919-0600] {processor.py:830} INFO - Processing file /Users/vamseekrishna/Desktop/F1_Data_Warehouse/f1datawarehouse/lib/python3.9/site-packages/airflow/example_dags/example_dag_decorator.py for tasks to queue
[2024-02-24T18:43:47.920-0600] {logging_mixin.py:188} INFO - [2024-02-24T18:43:47.919-0600] {dagbag.py:538} INFO - Filling up the DagBag from /Users/vamseekrishna/Desktop/F1_Data_Warehouse/f1datawarehouse/lib/python3.9/site-packages/airflow/example_dags/example_dag_decorator.py
[2024-02-24T18:43:48.005-0600] {processor.py:840} INFO - DAG(s) 'example_dag_decorator' retrieved from /Users/vamseekrishna/Desktop/F1_Data_Warehouse/f1datawarehouse/lib/python3.9/site-packages/airflow/example_dags/example_dag_decorator.py
[2024-02-24T18:43:48.203-0600] {logging_mixin.py:188} INFO - [2024-02-24T18:43:48.203-0600] {dag.py:3036} INFO - Sync 1 DAGs
[2024-02-24T18:43:48.213-0600] {logging_mixin.py:188} INFO - [2024-02-24T18:43:48.213-0600] {dag.py:3823} INFO - Setting next_dagrun for example_dag_decorator to None, run_after=None
[2024-02-24T18:43:48.221-0600] {processor.py:183} INFO - Processing /Users/vamseekrishna/Desktop/F1_Data_Warehouse/f1datawarehouse/lib/python3.9/site-packages/airflow/example_dags/example_dag_decorator.py took 0.305 seconds
[2024-02-24T18:45:52.039-0600] {processor.py:161} INFO - Started process (PID=97919) to work on /Users/vamseekrishna/Desktop/F1_Data_Warehouse/f1datawarehouse/lib/python3.9/site-packages/airflow/example_dags/example_dag_decorator.py
[2024-02-24T18:45:52.041-0600] {processor.py:830} INFO - Processing file /Users/vamseekrishna/Desktop/F1_Data_Warehouse/f1datawarehouse/lib/python3.9/site-packages/airflow/example_dags/example_dag_decorator.py for tasks to queue
[2024-02-24T18:45:52.041-0600] {logging_mixin.py:188} INFO - [2024-02-24T18:45:52.041-0600] {dagbag.py:538} INFO - Filling up the DagBag from /Users/vamseekrishna/Desktop/F1_Data_Warehouse/f1datawarehouse/lib/python3.9/site-packages/airflow/example_dags/example_dag_decorator.py
[2024-02-24T18:45:52.130-0600] {processor.py:840} INFO - DAG(s) 'example_dag_decorator' retrieved from /Users/vamseekrishna/Desktop/F1_Data_Warehouse/f1datawarehouse/lib/python3.9/site-packages/airflow/example_dags/example_dag_decorator.py
[2024-02-24T18:45:52.224-0600] {logging_mixin.py:188} INFO - [2024-02-24T18:45:52.224-0600] {dag.py:3036} INFO - Sync 1 DAGs
[2024-02-24T18:45:52.228-0600] {logging_mixin.py:188} INFO - [2024-02-24T18:45:52.228-0600] {dag.py:3823} INFO - Setting next_dagrun for example_dag_decorator to None, run_after=None
[2024-02-24T18:45:52.236-0600] {processor.py:183} INFO - Processing /Users/vamseekrishna/Desktop/F1_Data_Warehouse/f1datawarehouse/lib/python3.9/site-packages/airflow/example_dags/example_dag_decorator.py took 0.197 seconds
[2024-02-24T18:47:53.895-0600] {processor.py:161} INFO - Started process (PID=98010) to work on /Users/vamseekrishna/Desktop/F1_Data_Warehouse/f1datawarehouse/lib/python3.9/site-packages/airflow/example_dags/example_dag_decorator.py
[2024-02-24T18:47:53.896-0600] {processor.py:830} INFO - Processing file /Users/vamseekrishna/Desktop/F1_Data_Warehouse/f1datawarehouse/lib/python3.9/site-packages/airflow/example_dags/example_dag_decorator.py for tasks to queue
[2024-02-24T18:47:53.897-0600] {logging_mixin.py:188} INFO - [2024-02-24T18:47:53.896-0600] {dagbag.py:538} INFO - Filling up the DagBag from /Users/vamseekrishna/Desktop/F1_Data_Warehouse/f1datawarehouse/lib/python3.9/site-packages/airflow/example_dags/example_dag_decorator.py
[2024-02-24T18:47:53.982-0600] {processor.py:840} INFO - DAG(s) 'example_dag_decorator' retrieved from /Users/vamseekrishna/Desktop/F1_Data_Warehouse/f1datawarehouse/lib/python3.9/site-packages/airflow/example_dags/example_dag_decorator.py
[2024-02-24T18:47:54.080-0600] {logging_mixin.py:188} INFO - [2024-02-24T18:47:54.079-0600] {dag.py:3036} INFO - Sync 1 DAGs
[2024-02-24T18:47:54.084-0600] {logging_mixin.py:188} INFO - [2024-02-24T18:47:54.083-0600] {dag.py:3823} INFO - Setting next_dagrun for example_dag_decorator to None, run_after=None
[2024-02-24T18:47:54.092-0600] {processor.py:183} INFO - Processing /Users/vamseekrishna/Desktop/F1_Data_Warehouse/f1datawarehouse/lib/python3.9/site-packages/airflow/example_dags/example_dag_decorator.py took 0.197 seconds
[2024-02-24T18:49:54.416-0600] {processor.py:161} INFO - Started process (PID=98099) to work on /Users/vamseekrishna/Desktop/F1_Data_Warehouse/f1datawarehouse/lib/python3.9/site-packages/airflow/example_dags/example_dag_decorator.py
[2024-02-24T18:49:54.417-0600] {processor.py:830} INFO - Processing file /Users/vamseekrishna/Desktop/F1_Data_Warehouse/f1datawarehouse/lib/python3.9/site-packages/airflow/example_dags/example_dag_decorator.py for tasks to queue
[2024-02-24T18:49:54.418-0600] {logging_mixin.py:188} INFO - [2024-02-24T18:49:54.418-0600] {dagbag.py:538} INFO - Filling up the DagBag from /Users/vamseekrishna/Desktop/F1_Data_Warehouse/f1datawarehouse/lib/python3.9/site-packages/airflow/example_dags/example_dag_decorator.py
[2024-02-24T18:49:54.509-0600] {processor.py:840} INFO - DAG(s) 'example_dag_decorator' retrieved from /Users/vamseekrishna/Desktop/F1_Data_Warehouse/f1datawarehouse/lib/python3.9/site-packages/airflow/example_dags/example_dag_decorator.py
[2024-02-24T18:49:54.608-0600] {logging_mixin.py:188} INFO - [2024-02-24T18:49:54.608-0600] {dag.py:3036} INFO - Sync 1 DAGs
[2024-02-24T18:49:54.612-0600] {logging_mixin.py:188} INFO - [2024-02-24T18:49:54.612-0600] {dag.py:3823} INFO - Setting next_dagrun for example_dag_decorator to None, run_after=None
[2024-02-24T18:49:54.619-0600] {processor.py:183} INFO - Processing /Users/vamseekrishna/Desktop/F1_Data_Warehouse/f1datawarehouse/lib/python3.9/site-packages/airflow/example_dags/example_dag_decorator.py took 0.204 seconds
[2024-02-24T18:51:51.127-0600] {processor.py:161} INFO - Started process (PID=98190) to work on /Users/vamseekrishna/Desktop/F1_Data_Warehouse/f1datawarehouse/lib/python3.9/site-packages/airflow/example_dags/example_dag_decorator.py
[2024-02-24T18:51:51.129-0600] {processor.py:830} INFO - Processing file /Users/vamseekrishna/Desktop/F1_Data_Warehouse/f1datawarehouse/lib/python3.9/site-packages/airflow/example_dags/example_dag_decorator.py for tasks to queue
[2024-02-24T18:51:51.129-0600] {logging_mixin.py:188} INFO - [2024-02-24T18:51:51.129-0600] {dagbag.py:538} INFO - Filling up the DagBag from /Users/vamseekrishna/Desktop/F1_Data_Warehouse/f1datawarehouse/lib/python3.9/site-packages/airflow/example_dags/example_dag_decorator.py
[2024-02-24T18:51:51.214-0600] {processor.py:840} INFO - DAG(s) 'example_dag_decorator' retrieved from /Users/vamseekrishna/Desktop/F1_Data_Warehouse/f1datawarehouse/lib/python3.9/site-packages/airflow/example_dags/example_dag_decorator.py
[2024-02-24T18:51:51.315-0600] {logging_mixin.py:188} INFO - [2024-02-24T18:51:51.315-0600] {dag.py:3036} INFO - Sync 1 DAGs
[2024-02-24T18:51:51.319-0600] {logging_mixin.py:188} INFO - [2024-02-24T18:51:51.318-0600] {dag.py:3823} INFO - Setting next_dagrun for example_dag_decorator to None, run_after=None
[2024-02-24T18:51:51.326-0600] {processor.py:183} INFO - Processing /Users/vamseekrishna/Desktop/F1_Data_Warehouse/f1datawarehouse/lib/python3.9/site-packages/airflow/example_dags/example_dag_decorator.py took 0.200 seconds
[2024-02-24T18:53:51.082-0600] {processor.py:161} INFO - Started process (PID=98289) to work on /Users/vamseekrishna/Desktop/F1_Data_Warehouse/f1datawarehouse/lib/python3.9/site-packages/airflow/example_dags/example_dag_decorator.py
[2024-02-24T18:53:51.084-0600] {processor.py:830} INFO - Processing file /Users/vamseekrishna/Desktop/F1_Data_Warehouse/f1datawarehouse/lib/python3.9/site-packages/airflow/example_dags/example_dag_decorator.py for tasks to queue
[2024-02-24T18:53:51.084-0600] {logging_mixin.py:188} INFO - [2024-02-24T18:53:51.084-0600] {dagbag.py:538} INFO - Filling up the DagBag from /Users/vamseekrishna/Desktop/F1_Data_Warehouse/f1datawarehouse/lib/python3.9/site-packages/airflow/example_dags/example_dag_decorator.py
[2024-02-24T18:53:51.169-0600] {processor.py:840} INFO - DAG(s) 'example_dag_decorator' retrieved from /Users/vamseekrishna/Desktop/F1_Data_Warehouse/f1datawarehouse/lib/python3.9/site-packages/airflow/example_dags/example_dag_decorator.py
[2024-02-24T18:53:51.307-0600] {logging_mixin.py:188} INFO - [2024-02-24T18:53:51.307-0600] {dag.py:3036} INFO - Sync 1 DAGs
[2024-02-24T18:53:51.311-0600] {logging_mixin.py:188} INFO - [2024-02-24T18:53:51.311-0600] {dag.py:3823} INFO - Setting next_dagrun for example_dag_decorator to None, run_after=None
[2024-02-24T18:53:51.320-0600] {processor.py:183} INFO - Processing /Users/vamseekrishna/Desktop/F1_Data_Warehouse/f1datawarehouse/lib/python3.9/site-packages/airflow/example_dags/example_dag_decorator.py took 0.239 seconds
[2024-02-24T18:55:51.895-0600] {processor.py:161} INFO - Started process (PID=98394) to work on /Users/vamseekrishna/Desktop/F1_Data_Warehouse/f1datawarehouse/lib/python3.9/site-packages/airflow/example_dags/example_dag_decorator.py
[2024-02-24T18:55:51.896-0600] {processor.py:830} INFO - Processing file /Users/vamseekrishna/Desktop/F1_Data_Warehouse/f1datawarehouse/lib/python3.9/site-packages/airflow/example_dags/example_dag_decorator.py for tasks to queue
[2024-02-24T18:55:51.897-0600] {logging_mixin.py:188} INFO - [2024-02-24T18:55:51.896-0600] {dagbag.py:538} INFO - Filling up the DagBag from /Users/vamseekrishna/Desktop/F1_Data_Warehouse/f1datawarehouse/lib/python3.9/site-packages/airflow/example_dags/example_dag_decorator.py
[2024-02-24T18:55:51.982-0600] {processor.py:840} INFO - DAG(s) 'example_dag_decorator' retrieved from /Users/vamseekrishna/Desktop/F1_Data_Warehouse/f1datawarehouse/lib/python3.9/site-packages/airflow/example_dags/example_dag_decorator.py
[2024-02-24T18:55:52.121-0600] {logging_mixin.py:188} INFO - [2024-02-24T18:55:52.120-0600] {dag.py:3036} INFO - Sync 1 DAGs
[2024-02-24T18:55:52.124-0600] {logging_mixin.py:188} INFO - [2024-02-24T18:55:52.124-0600] {dag.py:3823} INFO - Setting next_dagrun for example_dag_decorator to None, run_after=None
[2024-02-24T18:55:52.132-0600] {processor.py:183} INFO - Processing /Users/vamseekrishna/Desktop/F1_Data_Warehouse/f1datawarehouse/lib/python3.9/site-packages/airflow/example_dags/example_dag_decorator.py took 0.238 seconds
[2024-02-24T18:57:53.559-0600] {processor.py:161} INFO - Started process (PID=98491) to work on /Users/vamseekrishna/Desktop/F1_Data_Warehouse/f1datawarehouse/lib/python3.9/site-packages/airflow/example_dags/example_dag_decorator.py
[2024-02-24T18:57:53.561-0600] {processor.py:830} INFO - Processing file /Users/vamseekrishna/Desktop/F1_Data_Warehouse/f1datawarehouse/lib/python3.9/site-packages/airflow/example_dags/example_dag_decorator.py for tasks to queue
[2024-02-24T18:57:53.562-0600] {logging_mixin.py:188} INFO - [2024-02-24T18:57:53.561-0600] {dagbag.py:538} INFO - Filling up the DagBag from /Users/vamseekrishna/Desktop/F1_Data_Warehouse/f1datawarehouse/lib/python3.9/site-packages/airflow/example_dags/example_dag_decorator.py
[2024-02-24T18:57:53.646-0600] {processor.py:840} INFO - DAG(s) 'example_dag_decorator' retrieved from /Users/vamseekrishna/Desktop/F1_Data_Warehouse/f1datawarehouse/lib/python3.9/site-packages/airflow/example_dags/example_dag_decorator.py
[2024-02-24T18:57:53.738-0600] {logging_mixin.py:188} INFO - [2024-02-24T18:57:53.737-0600] {dag.py:3036} INFO - Sync 1 DAGs
[2024-02-24T18:57:53.741-0600] {logging_mixin.py:188} INFO - [2024-02-24T18:57:53.741-0600] {dag.py:3823} INFO - Setting next_dagrun for example_dag_decorator to None, run_after=None
[2024-02-24T18:57:53.749-0600] {processor.py:183} INFO - Processing /Users/vamseekrishna/Desktop/F1_Data_Warehouse/f1datawarehouse/lib/python3.9/site-packages/airflow/example_dags/example_dag_decorator.py took 0.190 seconds
[2024-02-24T18:59:53.784-0600] {processor.py:161} INFO - Started process (PID=98605) to work on /Users/vamseekrishna/Desktop/F1_Data_Warehouse/f1datawarehouse/lib/python3.9/site-packages/airflow/example_dags/example_dag_decorator.py
[2024-02-24T18:59:53.786-0600] {processor.py:830} INFO - Processing file /Users/vamseekrishna/Desktop/F1_Data_Warehouse/f1datawarehouse/lib/python3.9/site-packages/airflow/example_dags/example_dag_decorator.py for tasks to queue
[2024-02-24T18:59:53.786-0600] {logging_mixin.py:188} INFO - [2024-02-24T18:59:53.786-0600] {dagbag.py:538} INFO - Filling up the DagBag from /Users/vamseekrishna/Desktop/F1_Data_Warehouse/f1datawarehouse/lib/python3.9/site-packages/airflow/example_dags/example_dag_decorator.py
[2024-02-24T18:59:53.871-0600] {processor.py:840} INFO - DAG(s) 'example_dag_decorator' retrieved from /Users/vamseekrishna/Desktop/F1_Data_Warehouse/f1datawarehouse/lib/python3.9/site-packages/airflow/example_dags/example_dag_decorator.py
[2024-02-24T18:59:53.964-0600] {logging_mixin.py:188} INFO - [2024-02-24T18:59:53.964-0600] {dag.py:3036} INFO - Sync 1 DAGs
[2024-02-24T18:59:53.968-0600] {logging_mixin.py:188} INFO - [2024-02-24T18:59:53.968-0600] {dag.py:3823} INFO - Setting next_dagrun for example_dag_decorator to None, run_after=None
[2024-02-24T18:59:53.976-0600] {processor.py:183} INFO - Processing /Users/vamseekrishna/Desktop/F1_Data_Warehouse/f1datawarehouse/lib/python3.9/site-packages/airflow/example_dags/example_dag_decorator.py took 0.192 seconds
[2024-02-24T19:01:58.107-0600] {processor.py:161} INFO - Started process (PID=98808) to work on /Users/vamseekrishna/Desktop/F1_Data_Warehouse/f1datawarehouse/lib/python3.9/site-packages/airflow/example_dags/example_dag_decorator.py
[2024-02-24T19:01:58.109-0600] {processor.py:830} INFO - Processing file /Users/vamseekrishna/Desktop/F1_Data_Warehouse/f1datawarehouse/lib/python3.9/site-packages/airflow/example_dags/example_dag_decorator.py for tasks to queue
[2024-02-24T19:01:58.109-0600] {logging_mixin.py:188} INFO - [2024-02-24T19:01:58.109-0600] {dagbag.py:538} INFO - Filling up the DagBag from /Users/vamseekrishna/Desktop/F1_Data_Warehouse/f1datawarehouse/lib/python3.9/site-packages/airflow/example_dags/example_dag_decorator.py
[2024-02-24T19:01:58.196-0600] {processor.py:840} INFO - DAG(s) 'example_dag_decorator' retrieved from /Users/vamseekrishna/Desktop/F1_Data_Warehouse/f1datawarehouse/lib/python3.9/site-packages/airflow/example_dags/example_dag_decorator.py
[2024-02-24T19:01:58.288-0600] {logging_mixin.py:188} INFO - [2024-02-24T19:01:58.288-0600] {dag.py:3036} INFO - Sync 1 DAGs
[2024-02-24T19:01:58.292-0600] {logging_mixin.py:188} INFO - [2024-02-24T19:01:58.292-0600] {dag.py:3823} INFO - Setting next_dagrun for example_dag_decorator to None, run_after=None
[2024-02-24T19:01:58.299-0600] {processor.py:183} INFO - Processing /Users/vamseekrishna/Desktop/F1_Data_Warehouse/f1datawarehouse/lib/python3.9/site-packages/airflow/example_dags/example_dag_decorator.py took 0.193 seconds
[2024-02-24T19:03:56.140-0600] {processor.py:161} INFO - Started process (PID=98917) to work on /Users/vamseekrishna/Desktop/F1_Data_Warehouse/f1datawarehouse/lib/python3.9/site-packages/airflow/example_dags/example_dag_decorator.py
[2024-02-24T19:03:56.142-0600] {processor.py:830} INFO - Processing file /Users/vamseekrishna/Desktop/F1_Data_Warehouse/f1datawarehouse/lib/python3.9/site-packages/airflow/example_dags/example_dag_decorator.py for tasks to queue
[2024-02-24T19:03:56.142-0600] {logging_mixin.py:188} INFO - [2024-02-24T19:03:56.142-0600] {dagbag.py:538} INFO - Filling up the DagBag from /Users/vamseekrishna/Desktop/F1_Data_Warehouse/f1datawarehouse/lib/python3.9/site-packages/airflow/example_dags/example_dag_decorator.py
[2024-02-24T19:03:56.233-0600] {processor.py:840} INFO - DAG(s) 'example_dag_decorator' retrieved from /Users/vamseekrishna/Desktop/F1_Data_Warehouse/f1datawarehouse/lib/python3.9/site-packages/airflow/example_dags/example_dag_decorator.py
[2024-02-24T19:03:56.328-0600] {logging_mixin.py:188} INFO - [2024-02-24T19:03:56.328-0600] {dag.py:3036} INFO - Sync 1 DAGs
[2024-02-24T19:03:56.332-0600] {logging_mixin.py:188} INFO - [2024-02-24T19:03:56.331-0600] {dag.py:3823} INFO - Setting next_dagrun for example_dag_decorator to None, run_after=None
[2024-02-24T19:03:56.339-0600] {processor.py:183} INFO - Processing /Users/vamseekrishna/Desktop/F1_Data_Warehouse/f1datawarehouse/lib/python3.9/site-packages/airflow/example_dags/example_dag_decorator.py took 0.200 seconds
[2024-02-24T19:05:47.907-0600] {processor.py:161} INFO - Started process (PID=99016) to work on /Users/vamseekrishna/Desktop/F1_Data_Warehouse/f1datawarehouse/lib/python3.9/site-packages/airflow/example_dags/example_dag_decorator.py
[2024-02-24T19:05:47.909-0600] {processor.py:830} INFO - Processing file /Users/vamseekrishna/Desktop/F1_Data_Warehouse/f1datawarehouse/lib/python3.9/site-packages/airflow/example_dags/example_dag_decorator.py for tasks to queue
[2024-02-24T19:05:47.910-0600] {logging_mixin.py:188} INFO - [2024-02-24T19:05:47.909-0600] {dagbag.py:538} INFO - Filling up the DagBag from /Users/vamseekrishna/Desktop/F1_Data_Warehouse/f1datawarehouse/lib/python3.9/site-packages/airflow/example_dags/example_dag_decorator.py
[2024-02-24T19:05:48.003-0600] {processor.py:840} INFO - DAG(s) 'example_dag_decorator' retrieved from /Users/vamseekrishna/Desktop/F1_Data_Warehouse/f1datawarehouse/lib/python3.9/site-packages/airflow/example_dags/example_dag_decorator.py
[2024-02-24T19:05:48.099-0600] {logging_mixin.py:188} INFO - [2024-02-24T19:05:48.099-0600] {dag.py:3036} INFO - Sync 1 DAGs
[2024-02-24T19:05:48.103-0600] {logging_mixin.py:188} INFO - [2024-02-24T19:05:48.103-0600] {dag.py:3823} INFO - Setting next_dagrun for example_dag_decorator to None, run_after=None
[2024-02-24T19:05:48.111-0600] {processor.py:183} INFO - Processing /Users/vamseekrishna/Desktop/F1_Data_Warehouse/f1datawarehouse/lib/python3.9/site-packages/airflow/example_dags/example_dag_decorator.py took 0.204 seconds
[2024-02-24T19:07:51.183-0600] {processor.py:161} INFO - Started process (PID=99129) to work on /Users/vamseekrishna/Desktop/F1_Data_Warehouse/f1datawarehouse/lib/python3.9/site-packages/airflow/example_dags/example_dag_decorator.py
[2024-02-24T19:07:51.185-0600] {processor.py:830} INFO - Processing file /Users/vamseekrishna/Desktop/F1_Data_Warehouse/f1datawarehouse/lib/python3.9/site-packages/airflow/example_dags/example_dag_decorator.py for tasks to queue
[2024-02-24T19:07:51.185-0600] {logging_mixin.py:188} INFO - [2024-02-24T19:07:51.185-0600] {dagbag.py:538} INFO - Filling up the DagBag from /Users/vamseekrishna/Desktop/F1_Data_Warehouse/f1datawarehouse/lib/python3.9/site-packages/airflow/example_dags/example_dag_decorator.py
[2024-02-24T19:07:51.270-0600] {processor.py:840} INFO - DAG(s) 'example_dag_decorator' retrieved from /Users/vamseekrishna/Desktop/F1_Data_Warehouse/f1datawarehouse/lib/python3.9/site-packages/airflow/example_dags/example_dag_decorator.py
[2024-02-24T19:07:51.367-0600] {logging_mixin.py:188} INFO - [2024-02-24T19:07:51.367-0600] {dag.py:3036} INFO - Sync 1 DAGs
[2024-02-24T19:07:51.371-0600] {logging_mixin.py:188} INFO - [2024-02-24T19:07:51.371-0600] {dag.py:3823} INFO - Setting next_dagrun for example_dag_decorator to None, run_after=None
[2024-02-24T19:07:51.379-0600] {processor.py:183} INFO - Processing /Users/vamseekrishna/Desktop/F1_Data_Warehouse/f1datawarehouse/lib/python3.9/site-packages/airflow/example_dags/example_dag_decorator.py took 0.196 seconds
[2024-02-24T19:09:44.646-0600] {processor.py:161} INFO - Started process (PID=99220) to work on /Users/vamseekrishna/Desktop/F1_Data_Warehouse/f1datawarehouse/lib/python3.9/site-packages/airflow/example_dags/example_dag_decorator.py
[2024-02-24T19:09:44.648-0600] {processor.py:830} INFO - Processing file /Users/vamseekrishna/Desktop/F1_Data_Warehouse/f1datawarehouse/lib/python3.9/site-packages/airflow/example_dags/example_dag_decorator.py for tasks to queue
[2024-02-24T19:09:44.648-0600] {logging_mixin.py:188} INFO - [2024-02-24T19:09:44.648-0600] {dagbag.py:538} INFO - Filling up the DagBag from /Users/vamseekrishna/Desktop/F1_Data_Warehouse/f1datawarehouse/lib/python3.9/site-packages/airflow/example_dags/example_dag_decorator.py
[2024-02-24T19:09:44.734-0600] {processor.py:840} INFO - DAG(s) 'example_dag_decorator' retrieved from /Users/vamseekrishna/Desktop/F1_Data_Warehouse/f1datawarehouse/lib/python3.9/site-packages/airflow/example_dags/example_dag_decorator.py
[2024-02-24T19:09:44.828-0600] {logging_mixin.py:188} INFO - [2024-02-24T19:09:44.827-0600] {dag.py:3036} INFO - Sync 1 DAGs
[2024-02-24T19:09:44.831-0600] {logging_mixin.py:188} INFO - [2024-02-24T19:09:44.831-0600] {dag.py:3823} INFO - Setting next_dagrun for example_dag_decorator to None, run_after=None
[2024-02-24T19:09:44.839-0600] {processor.py:183} INFO - Processing /Users/vamseekrishna/Desktop/F1_Data_Warehouse/f1datawarehouse/lib/python3.9/site-packages/airflow/example_dags/example_dag_decorator.py took 0.194 seconds
[2024-02-24T19:11:42.151-0600] {processor.py:161} INFO - Started process (PID=99318) to work on /Users/vamseekrishna/Desktop/F1_Data_Warehouse/f1datawarehouse/lib/python3.9/site-packages/airflow/example_dags/example_dag_decorator.py
[2024-02-24T19:11:42.152-0600] {processor.py:830} INFO - Processing file /Users/vamseekrishna/Desktop/F1_Data_Warehouse/f1datawarehouse/lib/python3.9/site-packages/airflow/example_dags/example_dag_decorator.py for tasks to queue
[2024-02-24T19:11:42.153-0600] {logging_mixin.py:188} INFO - [2024-02-24T19:11:42.153-0600] {dagbag.py:538} INFO - Filling up the DagBag from /Users/vamseekrishna/Desktop/F1_Data_Warehouse/f1datawarehouse/lib/python3.9/site-packages/airflow/example_dags/example_dag_decorator.py
[2024-02-24T19:11:42.240-0600] {processor.py:840} INFO - DAG(s) 'example_dag_decorator' retrieved from /Users/vamseekrishna/Desktop/F1_Data_Warehouse/f1datawarehouse/lib/python3.9/site-packages/airflow/example_dags/example_dag_decorator.py
[2024-02-24T19:11:42.336-0600] {logging_mixin.py:188} INFO - [2024-02-24T19:11:42.336-0600] {dag.py:3036} INFO - Sync 1 DAGs
[2024-02-24T19:11:42.340-0600] {logging_mixin.py:188} INFO - [2024-02-24T19:11:42.340-0600] {dag.py:3823} INFO - Setting next_dagrun for example_dag_decorator to None, run_after=None
[2024-02-24T19:11:42.348-0600] {processor.py:183} INFO - Processing /Users/vamseekrishna/Desktop/F1_Data_Warehouse/f1datawarehouse/lib/python3.9/site-packages/airflow/example_dags/example_dag_decorator.py took 0.198 seconds
[2024-02-24T19:13:46.624-0600] {processor.py:161} INFO - Started process (PID=99417) to work on /Users/vamseekrishna/Desktop/F1_Data_Warehouse/f1datawarehouse/lib/python3.9/site-packages/airflow/example_dags/example_dag_decorator.py
[2024-02-24T19:13:46.626-0600] {processor.py:830} INFO - Processing file /Users/vamseekrishna/Desktop/F1_Data_Warehouse/f1datawarehouse/lib/python3.9/site-packages/airflow/example_dags/example_dag_decorator.py for tasks to queue
[2024-02-24T19:13:46.626-0600] {logging_mixin.py:188} INFO - [2024-02-24T19:13:46.626-0600] {dagbag.py:538} INFO - Filling up the DagBag from /Users/vamseekrishna/Desktop/F1_Data_Warehouse/f1datawarehouse/lib/python3.9/site-packages/airflow/example_dags/example_dag_decorator.py
[2024-02-24T19:13:46.712-0600] {processor.py:840} INFO - DAG(s) 'example_dag_decorator' retrieved from /Users/vamseekrishna/Desktop/F1_Data_Warehouse/f1datawarehouse/lib/python3.9/site-packages/airflow/example_dags/example_dag_decorator.py
[2024-02-24T19:13:46.812-0600] {logging_mixin.py:188} INFO - [2024-02-24T19:13:46.811-0600] {dag.py:3036} INFO - Sync 1 DAGs
[2024-02-24T19:13:46.815-0600] {logging_mixin.py:188} INFO - [2024-02-24T19:13:46.815-0600] {dag.py:3823} INFO - Setting next_dagrun for example_dag_decorator to None, run_after=None
[2024-02-24T19:13:46.823-0600] {processor.py:183} INFO - Processing /Users/vamseekrishna/Desktop/F1_Data_Warehouse/f1datawarehouse/lib/python3.9/site-packages/airflow/example_dags/example_dag_decorator.py took 0.200 seconds
[2024-02-24T19:15:45.572-0600] {processor.py:161} INFO - Started process (PID=99504) to work on /Users/vamseekrishna/Desktop/F1_Data_Warehouse/f1datawarehouse/lib/python3.9/site-packages/airflow/example_dags/example_dag_decorator.py
[2024-02-24T19:15:45.574-0600] {processor.py:830} INFO - Processing file /Users/vamseekrishna/Desktop/F1_Data_Warehouse/f1datawarehouse/lib/python3.9/site-packages/airflow/example_dags/example_dag_decorator.py for tasks to queue
[2024-02-24T19:15:45.574-0600] {logging_mixin.py:188} INFO - [2024-02-24T19:15:45.574-0600] {dagbag.py:538} INFO - Filling up the DagBag from /Users/vamseekrishna/Desktop/F1_Data_Warehouse/f1datawarehouse/lib/python3.9/site-packages/airflow/example_dags/example_dag_decorator.py
[2024-02-24T19:15:45.660-0600] {processor.py:840} INFO - DAG(s) 'example_dag_decorator' retrieved from /Users/vamseekrishna/Desktop/F1_Data_Warehouse/f1datawarehouse/lib/python3.9/site-packages/airflow/example_dags/example_dag_decorator.py
[2024-02-24T19:15:45.843-0600] {logging_mixin.py:188} INFO - [2024-02-24T19:15:45.842-0600] {dag.py:3036} INFO - Sync 1 DAGs
[2024-02-24T19:15:45.847-0600] {logging_mixin.py:188} INFO - [2024-02-24T19:15:45.847-0600] {dag.py:3823} INFO - Setting next_dagrun for example_dag_decorator to None, run_after=None
[2024-02-24T19:15:45.857-0600] {processor.py:183} INFO - Processing /Users/vamseekrishna/Desktop/F1_Data_Warehouse/f1datawarehouse/lib/python3.9/site-packages/airflow/example_dags/example_dag_decorator.py took 0.285 seconds
[2024-02-24T19:17:50.417-0600] {processor.py:161} INFO - Started process (PID=99618) to work on /Users/vamseekrishna/Desktop/F1_Data_Warehouse/f1datawarehouse/lib/python3.9/site-packages/airflow/example_dags/example_dag_decorator.py
[2024-02-24T19:17:50.419-0600] {processor.py:830} INFO - Processing file /Users/vamseekrishna/Desktop/F1_Data_Warehouse/f1datawarehouse/lib/python3.9/site-packages/airflow/example_dags/example_dag_decorator.py for tasks to queue
[2024-02-24T19:17:50.419-0600] {logging_mixin.py:188} INFO - [2024-02-24T19:17:50.419-0600] {dagbag.py:538} INFO - Filling up the DagBag from /Users/vamseekrishna/Desktop/F1_Data_Warehouse/f1datawarehouse/lib/python3.9/site-packages/airflow/example_dags/example_dag_decorator.py
[2024-02-24T19:17:50.505-0600] {processor.py:840} INFO - DAG(s) 'example_dag_decorator' retrieved from /Users/vamseekrishna/Desktop/F1_Data_Warehouse/f1datawarehouse/lib/python3.9/site-packages/airflow/example_dags/example_dag_decorator.py
[2024-02-24T19:17:50.605-0600] {logging_mixin.py:188} INFO - [2024-02-24T19:17:50.605-0600] {dag.py:3036} INFO - Sync 1 DAGs
[2024-02-24T19:17:50.609-0600] {logging_mixin.py:188} INFO - [2024-02-24T19:17:50.609-0600] {dag.py:3823} INFO - Setting next_dagrun for example_dag_decorator to None, run_after=None
[2024-02-24T19:17:50.617-0600] {processor.py:183} INFO - Processing /Users/vamseekrishna/Desktop/F1_Data_Warehouse/f1datawarehouse/lib/python3.9/site-packages/airflow/example_dags/example_dag_decorator.py took 0.201 seconds
[2024-02-24T19:19:49.694-0600] {processor.py:161} INFO - Started process (PID=99722) to work on /Users/vamseekrishna/Desktop/F1_Data_Warehouse/f1datawarehouse/lib/python3.9/site-packages/airflow/example_dags/example_dag_decorator.py
[2024-02-24T19:19:49.696-0600] {processor.py:830} INFO - Processing file /Users/vamseekrishna/Desktop/F1_Data_Warehouse/f1datawarehouse/lib/python3.9/site-packages/airflow/example_dags/example_dag_decorator.py for tasks to queue
[2024-02-24T19:19:49.696-0600] {logging_mixin.py:188} INFO - [2024-02-24T19:19:49.696-0600] {dagbag.py:538} INFO - Filling up the DagBag from /Users/vamseekrishna/Desktop/F1_Data_Warehouse/f1datawarehouse/lib/python3.9/site-packages/airflow/example_dags/example_dag_decorator.py
[2024-02-24T19:19:49.780-0600] {processor.py:840} INFO - DAG(s) 'example_dag_decorator' retrieved from /Users/vamseekrishna/Desktop/F1_Data_Warehouse/f1datawarehouse/lib/python3.9/site-packages/airflow/example_dags/example_dag_decorator.py
[2024-02-24T19:19:49.873-0600] {logging_mixin.py:188} INFO - [2024-02-24T19:19:49.873-0600] {dag.py:3036} INFO - Sync 1 DAGs
[2024-02-24T19:19:49.877-0600] {logging_mixin.py:188} INFO - [2024-02-24T19:19:49.877-0600] {dag.py:3823} INFO - Setting next_dagrun for example_dag_decorator to None, run_after=None
[2024-02-24T19:19:49.885-0600] {processor.py:183} INFO - Processing /Users/vamseekrishna/Desktop/F1_Data_Warehouse/f1datawarehouse/lib/python3.9/site-packages/airflow/example_dags/example_dag_decorator.py took 0.191 seconds
[2024-02-24T19:21:47.598-0600] {processor.py:161} INFO - Started process (PID=99820) to work on /Users/vamseekrishna/Desktop/F1_Data_Warehouse/f1datawarehouse/lib/python3.9/site-packages/airflow/example_dags/example_dag_decorator.py
[2024-02-24T19:21:47.600-0600] {processor.py:830} INFO - Processing file /Users/vamseekrishna/Desktop/F1_Data_Warehouse/f1datawarehouse/lib/python3.9/site-packages/airflow/example_dags/example_dag_decorator.py for tasks to queue
[2024-02-24T19:21:47.600-0600] {logging_mixin.py:188} INFO - [2024-02-24T19:21:47.600-0600] {dagbag.py:538} INFO - Filling up the DagBag from /Users/vamseekrishna/Desktop/F1_Data_Warehouse/f1datawarehouse/lib/python3.9/site-packages/airflow/example_dags/example_dag_decorator.py
[2024-02-24T19:21:47.688-0600] {processor.py:840} INFO - DAG(s) 'example_dag_decorator' retrieved from /Users/vamseekrishna/Desktop/F1_Data_Warehouse/f1datawarehouse/lib/python3.9/site-packages/airflow/example_dags/example_dag_decorator.py
[2024-02-24T19:21:47.786-0600] {logging_mixin.py:188} INFO - [2024-02-24T19:21:47.785-0600] {dag.py:3036} INFO - Sync 1 DAGs
[2024-02-24T19:21:47.791-0600] {logging_mixin.py:188} INFO - [2024-02-24T19:21:47.791-0600] {dag.py:3823} INFO - Setting next_dagrun for example_dag_decorator to None, run_after=None
[2024-02-24T19:21:47.801-0600] {processor.py:183} INFO - Processing /Users/vamseekrishna/Desktop/F1_Data_Warehouse/f1datawarehouse/lib/python3.9/site-packages/airflow/example_dags/example_dag_decorator.py took 0.204 seconds
[2024-02-24T19:23:47.194-0600] {processor.py:161} INFO - Started process (PID=99917) to work on /Users/vamseekrishna/Desktop/F1_Data_Warehouse/f1datawarehouse/lib/python3.9/site-packages/airflow/example_dags/example_dag_decorator.py
[2024-02-24T19:23:47.202-0600] {processor.py:830} INFO - Processing file /Users/vamseekrishna/Desktop/F1_Data_Warehouse/f1datawarehouse/lib/python3.9/site-packages/airflow/example_dags/example_dag_decorator.py for tasks to queue
[2024-02-24T19:23:47.202-0600] {logging_mixin.py:188} INFO - [2024-02-24T19:23:47.202-0600] {dagbag.py:538} INFO - Filling up the DagBag from /Users/vamseekrishna/Desktop/F1_Data_Warehouse/f1datawarehouse/lib/python3.9/site-packages/airflow/example_dags/example_dag_decorator.py
[2024-02-24T19:23:47.313-0600] {processor.py:840} INFO - DAG(s) 'example_dag_decorator' retrieved from /Users/vamseekrishna/Desktop/F1_Data_Warehouse/f1datawarehouse/lib/python3.9/site-packages/airflow/example_dags/example_dag_decorator.py
[2024-02-24T19:23:47.444-0600] {logging_mixin.py:188} INFO - [2024-02-24T19:23:47.443-0600] {dag.py:3036} INFO - Sync 1 DAGs
[2024-02-24T19:23:47.449-0600] {logging_mixin.py:188} INFO - [2024-02-24T19:23:47.449-0600] {dag.py:3823} INFO - Setting next_dagrun for example_dag_decorator to None, run_after=None
[2024-02-24T19:23:47.457-0600] {processor.py:183} INFO - Processing /Users/vamseekrishna/Desktop/F1_Data_Warehouse/f1datawarehouse/lib/python3.9/site-packages/airflow/example_dags/example_dag_decorator.py took 0.264 seconds
[2024-02-24T19:25:48.329-0600] {processor.py:161} INFO - Started process (PID=121) to work on /Users/vamseekrishna/Desktop/F1_Data_Warehouse/f1datawarehouse/lib/python3.9/site-packages/airflow/example_dags/example_dag_decorator.py
[2024-02-24T19:25:48.331-0600] {processor.py:830} INFO - Processing file /Users/vamseekrishna/Desktop/F1_Data_Warehouse/f1datawarehouse/lib/python3.9/site-packages/airflow/example_dags/example_dag_decorator.py for tasks to queue
[2024-02-24T19:25:48.332-0600] {logging_mixin.py:188} INFO - [2024-02-24T19:25:48.331-0600] {dagbag.py:538} INFO - Filling up the DagBag from /Users/vamseekrishna/Desktop/F1_Data_Warehouse/f1datawarehouse/lib/python3.9/site-packages/airflow/example_dags/example_dag_decorator.py
[2024-02-24T19:25:48.418-0600] {processor.py:840} INFO - DAG(s) 'example_dag_decorator' retrieved from /Users/vamseekrishna/Desktop/F1_Data_Warehouse/f1datawarehouse/lib/python3.9/site-packages/airflow/example_dags/example_dag_decorator.py
[2024-02-24T19:25:48.512-0600] {logging_mixin.py:188} INFO - [2024-02-24T19:25:48.512-0600] {dag.py:3036} INFO - Sync 1 DAGs
[2024-02-24T19:25:48.516-0600] {logging_mixin.py:188} INFO - [2024-02-24T19:25:48.516-0600] {dag.py:3823} INFO - Setting next_dagrun for example_dag_decorator to None, run_after=None
[2024-02-24T19:25:48.524-0600] {processor.py:183} INFO - Processing /Users/vamseekrishna/Desktop/F1_Data_Warehouse/f1datawarehouse/lib/python3.9/site-packages/airflow/example_dags/example_dag_decorator.py took 0.195 seconds
[2024-02-24T19:28:06.321-0600] {processor.py:161} INFO - Started process (PID=267) to work on /Users/vamseekrishna/Desktop/F1_Data_Warehouse/f1datawarehouse/lib/python3.9/site-packages/airflow/example_dags/example_dag_decorator.py
[2024-02-24T19:28:06.323-0600] {processor.py:830} INFO - Processing file /Users/vamseekrishna/Desktop/F1_Data_Warehouse/f1datawarehouse/lib/python3.9/site-packages/airflow/example_dags/example_dag_decorator.py for tasks to queue
[2024-02-24T19:28:06.323-0600] {logging_mixin.py:188} INFO - [2024-02-24T19:28:06.323-0600] {dagbag.py:538} INFO - Filling up the DagBag from /Users/vamseekrishna/Desktop/F1_Data_Warehouse/f1datawarehouse/lib/python3.9/site-packages/airflow/example_dags/example_dag_decorator.py
[2024-02-24T19:28:06.410-0600] {processor.py:840} INFO - DAG(s) 'example_dag_decorator' retrieved from /Users/vamseekrishna/Desktop/F1_Data_Warehouse/f1datawarehouse/lib/python3.9/site-packages/airflow/example_dags/example_dag_decorator.py
[2024-02-24T19:28:06.506-0600] {logging_mixin.py:188} INFO - [2024-02-24T19:28:06.506-0600] {dag.py:3036} INFO - Sync 1 DAGs
[2024-02-24T19:28:06.510-0600] {logging_mixin.py:188} INFO - [2024-02-24T19:28:06.510-0600] {dag.py:3823} INFO - Setting next_dagrun for example_dag_decorator to None, run_after=None
[2024-02-24T19:28:06.518-0600] {processor.py:183} INFO - Processing /Users/vamseekrishna/Desktop/F1_Data_Warehouse/f1datawarehouse/lib/python3.9/site-packages/airflow/example_dags/example_dag_decorator.py took 0.198 seconds
[2024-02-24T19:30:10.803-0600] {processor.py:161} INFO - Started process (PID=370) to work on /Users/vamseekrishna/Desktop/F1_Data_Warehouse/f1datawarehouse/lib/python3.9/site-packages/airflow/example_dags/example_dag_decorator.py
[2024-02-24T19:30:10.805-0600] {processor.py:830} INFO - Processing file /Users/vamseekrishna/Desktop/F1_Data_Warehouse/f1datawarehouse/lib/python3.9/site-packages/airflow/example_dags/example_dag_decorator.py for tasks to queue
[2024-02-24T19:30:10.805-0600] {logging_mixin.py:188} INFO - [2024-02-24T19:30:10.805-0600] {dagbag.py:538} INFO - Filling up the DagBag from /Users/vamseekrishna/Desktop/F1_Data_Warehouse/f1datawarehouse/lib/python3.9/site-packages/airflow/example_dags/example_dag_decorator.py
[2024-02-24T19:30:10.899-0600] {processor.py:840} INFO - DAG(s) 'example_dag_decorator' retrieved from /Users/vamseekrishna/Desktop/F1_Data_Warehouse/f1datawarehouse/lib/python3.9/site-packages/airflow/example_dags/example_dag_decorator.py
[2024-02-24T19:30:11.029-0600] {logging_mixin.py:188} INFO - [2024-02-24T19:30:11.029-0600] {dag.py:3036} INFO - Sync 1 DAGs
[2024-02-24T19:30:11.034-0600] {logging_mixin.py:188} INFO - [2024-02-24T19:30:11.034-0600] {dag.py:3823} INFO - Setting next_dagrun for example_dag_decorator to None, run_after=None
[2024-02-24T19:30:11.043-0600] {processor.py:183} INFO - Processing /Users/vamseekrishna/Desktop/F1_Data_Warehouse/f1datawarehouse/lib/python3.9/site-packages/airflow/example_dags/example_dag_decorator.py took 0.241 seconds
[2024-02-24T19:32:16.647-0600] {processor.py:161} INFO - Started process (PID=483) to work on /Users/vamseekrishna/Desktop/F1_Data_Warehouse/f1datawarehouse/lib/python3.9/site-packages/airflow/example_dags/example_dag_decorator.py
[2024-02-24T19:32:16.649-0600] {processor.py:830} INFO - Processing file /Users/vamseekrishna/Desktop/F1_Data_Warehouse/f1datawarehouse/lib/python3.9/site-packages/airflow/example_dags/example_dag_decorator.py for tasks to queue
[2024-02-24T19:32:16.650-0600] {logging_mixin.py:188} INFO - [2024-02-24T19:32:16.650-0600] {dagbag.py:538} INFO - Filling up the DagBag from /Users/vamseekrishna/Desktop/F1_Data_Warehouse/f1datawarehouse/lib/python3.9/site-packages/airflow/example_dags/example_dag_decorator.py
[2024-02-24T19:32:16.738-0600] {processor.py:840} INFO - DAG(s) 'example_dag_decorator' retrieved from /Users/vamseekrishna/Desktop/F1_Data_Warehouse/f1datawarehouse/lib/python3.9/site-packages/airflow/example_dags/example_dag_decorator.py
[2024-02-24T19:32:16.830-0600] {logging_mixin.py:188} INFO - [2024-02-24T19:32:16.830-0600] {dag.py:3036} INFO - Sync 1 DAGs
[2024-02-24T19:32:16.834-0600] {logging_mixin.py:188} INFO - [2024-02-24T19:32:16.834-0600] {dag.py:3823} INFO - Setting next_dagrun for example_dag_decorator to None, run_after=None
[2024-02-24T19:32:16.842-0600] {processor.py:183} INFO - Processing /Users/vamseekrishna/Desktop/F1_Data_Warehouse/f1datawarehouse/lib/python3.9/site-packages/airflow/example_dags/example_dag_decorator.py took 0.195 seconds
[2024-02-24T19:34:18.441-0600] {processor.py:161} INFO - Started process (PID=637) to work on /Users/vamseekrishna/Desktop/F1_Data_Warehouse/f1datawarehouse/lib/python3.9/site-packages/airflow/example_dags/example_dag_decorator.py
[2024-02-24T19:34:18.442-0600] {processor.py:830} INFO - Processing file /Users/vamseekrishna/Desktop/F1_Data_Warehouse/f1datawarehouse/lib/python3.9/site-packages/airflow/example_dags/example_dag_decorator.py for tasks to queue
[2024-02-24T19:34:18.443-0600] {logging_mixin.py:188} INFO - [2024-02-24T19:34:18.443-0600] {dagbag.py:538} INFO - Filling up the DagBag from /Users/vamseekrishna/Desktop/F1_Data_Warehouse/f1datawarehouse/lib/python3.9/site-packages/airflow/example_dags/example_dag_decorator.py
[2024-02-24T19:34:18.528-0600] {processor.py:840} INFO - DAG(s) 'example_dag_decorator' retrieved from /Users/vamseekrishna/Desktop/F1_Data_Warehouse/f1datawarehouse/lib/python3.9/site-packages/airflow/example_dags/example_dag_decorator.py
[2024-02-24T19:34:18.625-0600] {logging_mixin.py:188} INFO - [2024-02-24T19:34:18.625-0600] {dag.py:3036} INFO - Sync 1 DAGs
[2024-02-24T19:34:18.629-0600] {logging_mixin.py:188} INFO - [2024-02-24T19:34:18.629-0600] {dag.py:3823} INFO - Setting next_dagrun for example_dag_decorator to None, run_after=None
[2024-02-24T19:34:18.638-0600] {processor.py:183} INFO - Processing /Users/vamseekrishna/Desktop/F1_Data_Warehouse/f1datawarehouse/lib/python3.9/site-packages/airflow/example_dags/example_dag_decorator.py took 0.197 seconds
[2024-02-24T19:36:27.384-0600] {processor.py:161} INFO - Started process (PID=794) to work on /Users/vamseekrishna/Desktop/F1_Data_Warehouse/f1datawarehouse/lib/python3.9/site-packages/airflow/example_dags/example_dag_decorator.py
[2024-02-24T19:36:27.385-0600] {processor.py:830} INFO - Processing file /Users/vamseekrishna/Desktop/F1_Data_Warehouse/f1datawarehouse/lib/python3.9/site-packages/airflow/example_dags/example_dag_decorator.py for tasks to queue
[2024-02-24T19:36:27.385-0600] {logging_mixin.py:188} INFO - [2024-02-24T19:36:27.385-0600] {dagbag.py:538} INFO - Filling up the DagBag from /Users/vamseekrishna/Desktop/F1_Data_Warehouse/f1datawarehouse/lib/python3.9/site-packages/airflow/example_dags/example_dag_decorator.py
[2024-02-24T19:36:27.471-0600] {processor.py:840} INFO - DAG(s) 'example_dag_decorator' retrieved from /Users/vamseekrishna/Desktop/F1_Data_Warehouse/f1datawarehouse/lib/python3.9/site-packages/airflow/example_dags/example_dag_decorator.py
[2024-02-24T19:36:27.572-0600] {logging_mixin.py:188} INFO - [2024-02-24T19:36:27.572-0600] {dag.py:3036} INFO - Sync 1 DAGs
[2024-02-24T19:36:27.576-0600] {logging_mixin.py:188} INFO - [2024-02-24T19:36:27.576-0600] {dag.py:3823} INFO - Setting next_dagrun for example_dag_decorator to None, run_after=None
[2024-02-24T19:36:27.587-0600] {processor.py:183} INFO - Processing /Users/vamseekrishna/Desktop/F1_Data_Warehouse/f1datawarehouse/lib/python3.9/site-packages/airflow/example_dags/example_dag_decorator.py took 0.204 seconds
[2024-02-24T19:38:38.818-0600] {processor.py:161} INFO - Started process (PID=921) to work on /Users/vamseekrishna/Desktop/F1_Data_Warehouse/f1datawarehouse/lib/python3.9/site-packages/airflow/example_dags/example_dag_decorator.py
[2024-02-24T19:38:38.820-0600] {processor.py:830} INFO - Processing file /Users/vamseekrishna/Desktop/F1_Data_Warehouse/f1datawarehouse/lib/python3.9/site-packages/airflow/example_dags/example_dag_decorator.py for tasks to queue
[2024-02-24T19:38:38.821-0600] {logging_mixin.py:188} INFO - [2024-02-24T19:38:38.821-0600] {dagbag.py:538} INFO - Filling up the DagBag from /Users/vamseekrishna/Desktop/F1_Data_Warehouse/f1datawarehouse/lib/python3.9/site-packages/airflow/example_dags/example_dag_decorator.py
[2024-02-24T19:38:38.905-0600] {processor.py:840} INFO - DAG(s) 'example_dag_decorator' retrieved from /Users/vamseekrishna/Desktop/F1_Data_Warehouse/f1datawarehouse/lib/python3.9/site-packages/airflow/example_dags/example_dag_decorator.py
[2024-02-24T19:38:38.997-0600] {logging_mixin.py:188} INFO - [2024-02-24T19:38:38.997-0600] {dag.py:3036} INFO - Sync 1 DAGs
[2024-02-24T19:38:39.001-0600] {logging_mixin.py:188} INFO - [2024-02-24T19:38:39.001-0600] {dag.py:3823} INFO - Setting next_dagrun for example_dag_decorator to None, run_after=None
[2024-02-24T19:38:39.009-0600] {processor.py:183} INFO - Processing /Users/vamseekrishna/Desktop/F1_Data_Warehouse/f1datawarehouse/lib/python3.9/site-packages/airflow/example_dags/example_dag_decorator.py took 0.191 seconds
[2024-02-24T19:40:43.674-0600] {processor.py:161} INFO - Started process (PID=1075) to work on /Users/vamseekrishna/Desktop/F1_Data_Warehouse/f1datawarehouse/lib/python3.9/site-packages/airflow/example_dags/example_dag_decorator.py
[2024-02-24T19:40:43.676-0600] {processor.py:830} INFO - Processing file /Users/vamseekrishna/Desktop/F1_Data_Warehouse/f1datawarehouse/lib/python3.9/site-packages/airflow/example_dags/example_dag_decorator.py for tasks to queue
[2024-02-24T19:40:43.677-0600] {logging_mixin.py:188} INFO - [2024-02-24T19:40:43.677-0600] {dagbag.py:538} INFO - Filling up the DagBag from /Users/vamseekrishna/Desktop/F1_Data_Warehouse/f1datawarehouse/lib/python3.9/site-packages/airflow/example_dags/example_dag_decorator.py
[2024-02-24T19:40:43.764-0600] {processor.py:840} INFO - DAG(s) 'example_dag_decorator' retrieved from /Users/vamseekrishna/Desktop/F1_Data_Warehouse/f1datawarehouse/lib/python3.9/site-packages/airflow/example_dags/example_dag_decorator.py
[2024-02-24T19:40:43.859-0600] {logging_mixin.py:188} INFO - [2024-02-24T19:40:43.859-0600] {dag.py:3036} INFO - Sync 1 DAGs
[2024-02-24T19:40:43.863-0600] {logging_mixin.py:188} INFO - [2024-02-24T19:40:43.863-0600] {dag.py:3823} INFO - Setting next_dagrun for example_dag_decorator to None, run_after=None
[2024-02-24T19:40:43.871-0600] {processor.py:183} INFO - Processing /Users/vamseekrishna/Desktop/F1_Data_Warehouse/f1datawarehouse/lib/python3.9/site-packages/airflow/example_dags/example_dag_decorator.py took 0.197 seconds
[2024-02-24T19:42:51.016-0600] {processor.py:161} INFO - Started process (PID=1238) to work on /Users/vamseekrishna/Desktop/F1_Data_Warehouse/f1datawarehouse/lib/python3.9/site-packages/airflow/example_dags/example_dag_decorator.py
[2024-02-24T19:42:51.018-0600] {processor.py:830} INFO - Processing file /Users/vamseekrishna/Desktop/F1_Data_Warehouse/f1datawarehouse/lib/python3.9/site-packages/airflow/example_dags/example_dag_decorator.py for tasks to queue
[2024-02-24T19:42:51.018-0600] {logging_mixin.py:188} INFO - [2024-02-24T19:42:51.018-0600] {dagbag.py:538} INFO - Filling up the DagBag from /Users/vamseekrishna/Desktop/F1_Data_Warehouse/f1datawarehouse/lib/python3.9/site-packages/airflow/example_dags/example_dag_decorator.py
[2024-02-24T19:42:51.103-0600] {processor.py:840} INFO - DAG(s) 'example_dag_decorator' retrieved from /Users/vamseekrishna/Desktop/F1_Data_Warehouse/f1datawarehouse/lib/python3.9/site-packages/airflow/example_dags/example_dag_decorator.py
[2024-02-24T19:42:51.194-0600] {logging_mixin.py:188} INFO - [2024-02-24T19:42:51.194-0600] {dag.py:3036} INFO - Sync 1 DAGs
[2024-02-24T19:42:51.198-0600] {logging_mixin.py:188} INFO - [2024-02-24T19:42:51.198-0600] {dag.py:3823} INFO - Setting next_dagrun for example_dag_decorator to None, run_after=None
[2024-02-24T19:42:51.210-0600] {processor.py:183} INFO - Processing /Users/vamseekrishna/Desktop/F1_Data_Warehouse/f1datawarehouse/lib/python3.9/site-packages/airflow/example_dags/example_dag_decorator.py took 0.195 seconds
[2024-02-24T19:45:26.126-0600] {processor.py:161} INFO - Started process (PID=1556) to work on /Users/vamseekrishna/Desktop/F1_Data_Warehouse/f1datawarehouse/lib/python3.9/site-packages/airflow/example_dags/example_dag_decorator.py
[2024-02-24T19:45:26.128-0600] {processor.py:830} INFO - Processing file /Users/vamseekrishna/Desktop/F1_Data_Warehouse/f1datawarehouse/lib/python3.9/site-packages/airflow/example_dags/example_dag_decorator.py for tasks to queue
[2024-02-24T19:45:26.129-0600] {logging_mixin.py:188} INFO - [2024-02-24T19:45:26.129-0600] {dagbag.py:538} INFO - Filling up the DagBag from /Users/vamseekrishna/Desktop/F1_Data_Warehouse/f1datawarehouse/lib/python3.9/site-packages/airflow/example_dags/example_dag_decorator.py
[2024-02-24T19:45:26.230-0600] {processor.py:840} INFO - DAG(s) 'example_dag_decorator' retrieved from /Users/vamseekrishna/Desktop/F1_Data_Warehouse/f1datawarehouse/lib/python3.9/site-packages/airflow/example_dags/example_dag_decorator.py
[2024-02-24T19:45:26.335-0600] {logging_mixin.py:188} INFO - [2024-02-24T19:45:26.335-0600] {dag.py:3036} INFO - Sync 1 DAGs
[2024-02-24T19:45:26.339-0600] {logging_mixin.py:188} INFO - [2024-02-24T19:45:26.339-0600] {dag.py:3823} INFO - Setting next_dagrun for example_dag_decorator to None, run_after=None
[2024-02-24T19:45:26.347-0600] {processor.py:183} INFO - Processing /Users/vamseekrishna/Desktop/F1_Data_Warehouse/f1datawarehouse/lib/python3.9/site-packages/airflow/example_dags/example_dag_decorator.py took 0.222 seconds
[2024-02-24T19:47:50.023-0600] {processor.py:161} INFO - Started process (PID=1776) to work on /Users/vamseekrishna/Desktop/F1_Data_Warehouse/f1datawarehouse/lib/python3.9/site-packages/airflow/example_dags/example_dag_decorator.py
[2024-02-24T19:47:50.024-0600] {processor.py:830} INFO - Processing file /Users/vamseekrishna/Desktop/F1_Data_Warehouse/f1datawarehouse/lib/python3.9/site-packages/airflow/example_dags/example_dag_decorator.py for tasks to queue
[2024-02-24T19:47:50.025-0600] {logging_mixin.py:188} INFO - [2024-02-24T19:47:50.025-0600] {dagbag.py:538} INFO - Filling up the DagBag from /Users/vamseekrishna/Desktop/F1_Data_Warehouse/f1datawarehouse/lib/python3.9/site-packages/airflow/example_dags/example_dag_decorator.py
[2024-02-24T19:47:50.130-0600] {processor.py:840} INFO - DAG(s) 'example_dag_decorator' retrieved from /Users/vamseekrishna/Desktop/F1_Data_Warehouse/f1datawarehouse/lib/python3.9/site-packages/airflow/example_dags/example_dag_decorator.py
[2024-02-24T19:47:50.258-0600] {logging_mixin.py:188} INFO - [2024-02-24T19:47:50.257-0600] {dag.py:3036} INFO - Sync 1 DAGs
[2024-02-24T19:47:50.261-0600] {logging_mixin.py:188} INFO - [2024-02-24T19:47:50.261-0600] {dag.py:3823} INFO - Setting next_dagrun for example_dag_decorator to None, run_after=None
[2024-02-24T19:47:50.270-0600] {processor.py:183} INFO - Processing /Users/vamseekrishna/Desktop/F1_Data_Warehouse/f1datawarehouse/lib/python3.9/site-packages/airflow/example_dags/example_dag_decorator.py took 0.248 seconds
[2024-02-24T19:50:05.006-0600] {processor.py:161} INFO - Started process (PID=1945) to work on /Users/vamseekrishna/Desktop/F1_Data_Warehouse/f1datawarehouse/lib/python3.9/site-packages/airflow/example_dags/example_dag_decorator.py
[2024-02-24T19:50:05.008-0600] {processor.py:830} INFO - Processing file /Users/vamseekrishna/Desktop/F1_Data_Warehouse/f1datawarehouse/lib/python3.9/site-packages/airflow/example_dags/example_dag_decorator.py for tasks to queue
[2024-02-24T19:50:05.008-0600] {logging_mixin.py:188} INFO - [2024-02-24T19:50:05.008-0600] {dagbag.py:538} INFO - Filling up the DagBag from /Users/vamseekrishna/Desktop/F1_Data_Warehouse/f1datawarehouse/lib/python3.9/site-packages/airflow/example_dags/example_dag_decorator.py
[2024-02-24T19:50:05.107-0600] {processor.py:840} INFO - DAG(s) 'example_dag_decorator' retrieved from /Users/vamseekrishna/Desktop/F1_Data_Warehouse/f1datawarehouse/lib/python3.9/site-packages/airflow/example_dags/example_dag_decorator.py
[2024-02-24T19:50:05.217-0600] {logging_mixin.py:188} INFO - [2024-02-24T19:50:05.216-0600] {dag.py:3036} INFO - Sync 1 DAGs
[2024-02-24T19:50:05.222-0600] {logging_mixin.py:188} INFO - [2024-02-24T19:50:05.222-0600] {dag.py:3823} INFO - Setting next_dagrun for example_dag_decorator to None, run_after=None
[2024-02-24T19:50:05.231-0600] {processor.py:183} INFO - Processing /Users/vamseekrishna/Desktop/F1_Data_Warehouse/f1datawarehouse/lib/python3.9/site-packages/airflow/example_dags/example_dag_decorator.py took 0.226 seconds
