[2024-02-24T21:36:28.723-0600] {processor.py:161} INFO - Started process (PID=8201) to work on /Users/vamseekrishna/Desktop/F1_Data_Warehouse/f1datawarehouse/lib/python3.9/site-packages/airflow/example_dags/example_xcomargs.py
[2024-02-24T21:36:28.724-0600] {processor.py:830} INFO - Processing file /Users/vamseekrishna/Desktop/F1_Data_Warehouse/f1datawarehouse/lib/python3.9/site-packages/airflow/example_dags/example_xcomargs.py for tasks to queue
[2024-02-24T21:36:28.725-0600] {logging_mixin.py:188} INFO - [2024-02-24T21:36:28.725-0600] {dagbag.py:538} INFO - Filling up the DagBag from /Users/vamseekrishna/Desktop/F1_Data_Warehouse/f1datawarehouse/lib/python3.9/site-packages/airflow/example_dags/example_xcomargs.py
[2024-02-24T21:36:28.748-0600] {processor.py:840} INFO - DAG(s) 'example_xcom_args', 'example_xcom_args_with_operators' retrieved from /Users/vamseekrishna/Desktop/F1_Data_Warehouse/f1datawarehouse/lib/python3.9/site-packages/airflow/example_dags/example_xcomargs.py
[2024-02-24T21:36:28.760-0600] {logging_mixin.py:188} INFO - [2024-02-24T21:36:28.759-0600] {dag.py:3036} INFO - Sync 2 DAGs
[2024-02-24T21:36:28.797-0600] {logging_mixin.py:188} INFO - [2024-02-24T21:36:28.796-0600] {dag.py:3823} INFO - Setting next_dagrun for example_xcom_args to None, run_after=None
[2024-02-24T21:36:28.798-0600] {logging_mixin.py:188} INFO - [2024-02-24T21:36:28.798-0600] {dag.py:3823} INFO - Setting next_dagrun for example_xcom_args_with_operators to None, run_after=None
[2024-02-24T21:36:28.805-0600] {processor.py:183} INFO - Processing /Users/vamseekrishna/Desktop/F1_Data_Warehouse/f1datawarehouse/lib/python3.9/site-packages/airflow/example_dags/example_xcomargs.py took 0.083 seconds
[2024-02-24T21:38:02.807-0600] {processor.py:161} INFO - Started process (PID=8357) to work on /Users/vamseekrishna/Desktop/F1_Data_Warehouse/f1datawarehouse/lib/python3.9/site-packages/airflow/example_dags/example_xcomargs.py
[2024-02-24T21:38:02.808-0600] {processor.py:830} INFO - Processing file /Users/vamseekrishna/Desktop/F1_Data_Warehouse/f1datawarehouse/lib/python3.9/site-packages/airflow/example_dags/example_xcomargs.py for tasks to queue
[2024-02-24T21:38:02.809-0600] {logging_mixin.py:188} INFO - [2024-02-24T21:38:02.808-0600] {dagbag.py:538} INFO - Filling up the DagBag from /Users/vamseekrishna/Desktop/F1_Data_Warehouse/f1datawarehouse/lib/python3.9/site-packages/airflow/example_dags/example_xcomargs.py
[2024-02-24T21:38:02.828-0600] {processor.py:840} INFO - DAG(s) 'example_xcom_args_with_operators', 'example_xcom_args' retrieved from /Users/vamseekrishna/Desktop/F1_Data_Warehouse/f1datawarehouse/lib/python3.9/site-packages/airflow/example_dags/example_xcomargs.py
[2024-02-24T21:38:02.916-0600] {logging_mixin.py:188} INFO - [2024-02-24T21:38:02.916-0600] {dag.py:3036} INFO - Sync 2 DAGs
[2024-02-24T21:38:02.920-0600] {logging_mixin.py:188} INFO - [2024-02-24T21:38:02.920-0600] {dag.py:3823} INFO - Setting next_dagrun for example_xcom_args to None, run_after=None
[2024-02-24T21:38:02.921-0600] {logging_mixin.py:188} INFO - [2024-02-24T21:38:02.921-0600] {dag.py:3823} INFO - Setting next_dagrun for example_xcom_args_with_operators to None, run_after=None
[2024-02-24T21:38:02.929-0600] {processor.py:183} INFO - Processing /Users/vamseekrishna/Desktop/F1_Data_Warehouse/f1datawarehouse/lib/python3.9/site-packages/airflow/example_dags/example_xcomargs.py took 0.123 seconds
[2024-02-24T21:39:01.580-0600] {processor.py:161} INFO - Started process (PID=8455) to work on /Users/vamseekrishna/Desktop/F1_Data_Warehouse/f1datawarehouse/lib/python3.9/site-packages/airflow/example_dags/example_xcomargs.py
[2024-02-24T21:39:01.581-0600] {processor.py:830} INFO - Processing file /Users/vamseekrishna/Desktop/F1_Data_Warehouse/f1datawarehouse/lib/python3.9/site-packages/airflow/example_dags/example_xcomargs.py for tasks to queue
[2024-02-24T21:39:01.581-0600] {logging_mixin.py:188} INFO - [2024-02-24T21:39:01.581-0600] {dagbag.py:538} INFO - Filling up the DagBag from /Users/vamseekrishna/Desktop/F1_Data_Warehouse/f1datawarehouse/lib/python3.9/site-packages/airflow/example_dags/example_xcomargs.py
[2024-02-24T21:39:01.598-0600] {processor.py:840} INFO - DAG(s) 'example_xcom_args_with_operators', 'example_xcom_args' retrieved from /Users/vamseekrishna/Desktop/F1_Data_Warehouse/f1datawarehouse/lib/python3.9/site-packages/airflow/example_dags/example_xcomargs.py
[2024-02-24T21:39:01.647-0600] {logging_mixin.py:188} INFO - [2024-02-24T21:39:01.647-0600] {dag.py:3036} INFO - Sync 2 DAGs
[2024-02-24T21:39:01.651-0600] {logging_mixin.py:188} INFO - [2024-02-24T21:39:01.651-0600] {dag.py:3823} INFO - Setting next_dagrun for example_xcom_args to None, run_after=None
[2024-02-24T21:39:01.652-0600] {logging_mixin.py:188} INFO - [2024-02-24T21:39:01.652-0600] {dag.py:3823} INFO - Setting next_dagrun for example_xcom_args_with_operators to None, run_after=None
[2024-02-24T21:39:01.660-0600] {processor.py:183} INFO - Processing /Users/vamseekrishna/Desktop/F1_Data_Warehouse/f1datawarehouse/lib/python3.9/site-packages/airflow/example_dags/example_xcomargs.py took 0.080 seconds
[2024-02-24T21:40:01.902-0600] {processor.py:161} INFO - Started process (PID=8561) to work on /Users/vamseekrishna/Desktop/F1_Data_Warehouse/f1datawarehouse/lib/python3.9/site-packages/airflow/example_dags/example_xcomargs.py
[2024-02-24T21:40:01.904-0600] {processor.py:830} INFO - Processing file /Users/vamseekrishna/Desktop/F1_Data_Warehouse/f1datawarehouse/lib/python3.9/site-packages/airflow/example_dags/example_xcomargs.py for tasks to queue
[2024-02-24T21:40:01.904-0600] {logging_mixin.py:188} INFO - [2024-02-24T21:40:01.904-0600] {dagbag.py:538} INFO - Filling up the DagBag from /Users/vamseekrishna/Desktop/F1_Data_Warehouse/f1datawarehouse/lib/python3.9/site-packages/airflow/example_dags/example_xcomargs.py
[2024-02-24T21:40:01.923-0600] {processor.py:840} INFO - DAG(s) 'example_xcom_args', 'example_xcom_args_with_operators' retrieved from /Users/vamseekrishna/Desktop/F1_Data_Warehouse/f1datawarehouse/lib/python3.9/site-packages/airflow/example_dags/example_xcomargs.py
[2024-02-24T21:40:01.971-0600] {logging_mixin.py:188} INFO - [2024-02-24T21:40:01.971-0600] {dag.py:3036} INFO - Sync 2 DAGs
[2024-02-24T21:40:01.975-0600] {logging_mixin.py:188} INFO - [2024-02-24T21:40:01.974-0600] {dag.py:3823} INFO - Setting next_dagrun for example_xcom_args to None, run_after=None
[2024-02-24T21:40:01.976-0600] {logging_mixin.py:188} INFO - [2024-02-24T21:40:01.976-0600] {dag.py:3823} INFO - Setting next_dagrun for example_xcom_args_with_operators to None, run_after=None
[2024-02-24T21:40:01.984-0600] {processor.py:183} INFO - Processing /Users/vamseekrishna/Desktop/F1_Data_Warehouse/f1datawarehouse/lib/python3.9/site-packages/airflow/example_dags/example_xcomargs.py took 0.083 seconds
[2024-02-24T21:41:02.531-0600] {processor.py:161} INFO - Started process (PID=8648) to work on /Users/vamseekrishna/Desktop/F1_Data_Warehouse/f1datawarehouse/lib/python3.9/site-packages/airflow/example_dags/example_xcomargs.py
[2024-02-24T21:41:02.533-0600] {processor.py:830} INFO - Processing file /Users/vamseekrishna/Desktop/F1_Data_Warehouse/f1datawarehouse/lib/python3.9/site-packages/airflow/example_dags/example_xcomargs.py for tasks to queue
[2024-02-24T21:41:02.533-0600] {logging_mixin.py:188} INFO - [2024-02-24T21:41:02.533-0600] {dagbag.py:538} INFO - Filling up the DagBag from /Users/vamseekrishna/Desktop/F1_Data_Warehouse/f1datawarehouse/lib/python3.9/site-packages/airflow/example_dags/example_xcomargs.py
[2024-02-24T21:41:02.549-0600] {processor.py:840} INFO - DAG(s) 'example_xcom_args_with_operators', 'example_xcom_args' retrieved from /Users/vamseekrishna/Desktop/F1_Data_Warehouse/f1datawarehouse/lib/python3.9/site-packages/airflow/example_dags/example_xcomargs.py
[2024-02-24T21:41:02.602-0600] {logging_mixin.py:188} INFO - [2024-02-24T21:41:02.602-0600] {dag.py:3036} INFO - Sync 2 DAGs
[2024-02-24T21:41:02.606-0600] {logging_mixin.py:188} INFO - [2024-02-24T21:41:02.606-0600] {dag.py:3823} INFO - Setting next_dagrun for example_xcom_args to None, run_after=None
[2024-02-24T21:41:02.608-0600] {logging_mixin.py:188} INFO - [2024-02-24T21:41:02.608-0600] {dag.py:3823} INFO - Setting next_dagrun for example_xcom_args_with_operators to None, run_after=None
[2024-02-24T21:41:02.621-0600] {processor.py:183} INFO - Processing /Users/vamseekrishna/Desktop/F1_Data_Warehouse/f1datawarehouse/lib/python3.9/site-packages/airflow/example_dags/example_xcomargs.py took 0.090 seconds
[2024-02-24T21:42:06.729-0600] {processor.py:161} INFO - Started process (PID=8743) to work on /Users/vamseekrishna/Desktop/F1_Data_Warehouse/f1datawarehouse/lib/python3.9/site-packages/airflow/example_dags/example_xcomargs.py
[2024-02-24T21:42:06.731-0600] {processor.py:830} INFO - Processing file /Users/vamseekrishna/Desktop/F1_Data_Warehouse/f1datawarehouse/lib/python3.9/site-packages/airflow/example_dags/example_xcomargs.py for tasks to queue
[2024-02-24T21:42:06.731-0600] {logging_mixin.py:188} INFO - [2024-02-24T21:42:06.731-0600] {dagbag.py:538} INFO - Filling up the DagBag from /Users/vamseekrishna/Desktop/F1_Data_Warehouse/f1datawarehouse/lib/python3.9/site-packages/airflow/example_dags/example_xcomargs.py
[2024-02-24T21:42:06.748-0600] {processor.py:840} INFO - DAG(s) 'example_xcom_args_with_operators', 'example_xcom_args' retrieved from /Users/vamseekrishna/Desktop/F1_Data_Warehouse/f1datawarehouse/lib/python3.9/site-packages/airflow/example_dags/example_xcomargs.py
[2024-02-24T21:42:06.795-0600] {logging_mixin.py:188} INFO - [2024-02-24T21:42:06.795-0600] {dag.py:3036} INFO - Sync 2 DAGs
[2024-02-24T21:42:06.799-0600] {logging_mixin.py:188} INFO - [2024-02-24T21:42:06.799-0600] {dag.py:3823} INFO - Setting next_dagrun for example_xcom_args to None, run_after=None
[2024-02-24T21:42:06.801-0600] {logging_mixin.py:188} INFO - [2024-02-24T21:42:06.800-0600] {dag.py:3823} INFO - Setting next_dagrun for example_xcom_args_with_operators to None, run_after=None
[2024-02-24T21:42:06.808-0600] {processor.py:183} INFO - Processing /Users/vamseekrishna/Desktop/F1_Data_Warehouse/f1datawarehouse/lib/python3.9/site-packages/airflow/example_dags/example_xcomargs.py took 0.079 seconds
[2024-02-24T21:49:31.329-0600] {processor.py:161} INFO - Started process (PID=9045) to work on /Users/vamseekrishna/Desktop/F1_Data_Warehouse/f1datawarehouse/lib/python3.9/site-packages/airflow/example_dags/example_xcomargs.py
[2024-02-24T21:49:31.330-0600] {processor.py:830} INFO - Processing file /Users/vamseekrishna/Desktop/F1_Data_Warehouse/f1datawarehouse/lib/python3.9/site-packages/airflow/example_dags/example_xcomargs.py for tasks to queue
[2024-02-24T21:49:31.331-0600] {logging_mixin.py:188} INFO - [2024-02-24T21:49:31.331-0600] {dagbag.py:538} INFO - Filling up the DagBag from /Users/vamseekrishna/Desktop/F1_Data_Warehouse/f1datawarehouse/lib/python3.9/site-packages/airflow/example_dags/example_xcomargs.py
[2024-02-24T21:49:31.347-0600] {processor.py:840} INFO - DAG(s) 'example_xcom_args_with_operators', 'example_xcom_args' retrieved from /Users/vamseekrishna/Desktop/F1_Data_Warehouse/f1datawarehouse/lib/python3.9/site-packages/airflow/example_dags/example_xcomargs.py
[2024-02-24T21:49:31.394-0600] {logging_mixin.py:188} INFO - [2024-02-24T21:49:31.394-0600] {dag.py:3036} INFO - Sync 2 DAGs
[2024-02-24T21:49:31.399-0600] {logging_mixin.py:188} INFO - [2024-02-24T21:49:31.399-0600] {dag.py:3823} INFO - Setting next_dagrun for example_xcom_args to None, run_after=None
[2024-02-24T21:49:31.400-0600] {logging_mixin.py:188} INFO - [2024-02-24T21:49:31.400-0600] {dag.py:3823} INFO - Setting next_dagrun for example_xcom_args_with_operators to None, run_after=None
[2024-02-24T21:49:31.407-0600] {processor.py:183} INFO - Processing /Users/vamseekrishna/Desktop/F1_Data_Warehouse/f1datawarehouse/lib/python3.9/site-packages/airflow/example_dags/example_xcomargs.py took 0.079 seconds
[2024-02-24T21:51:05.279-0600] {processor.py:161} INFO - Started process (PID=9141) to work on /Users/vamseekrishna/Desktop/F1_Data_Warehouse/f1datawarehouse/lib/python3.9/site-packages/airflow/example_dags/example_xcomargs.py
[2024-02-24T21:51:05.281-0600] {processor.py:830} INFO - Processing file /Users/vamseekrishna/Desktop/F1_Data_Warehouse/f1datawarehouse/lib/python3.9/site-packages/airflow/example_dags/example_xcomargs.py for tasks to queue
[2024-02-24T21:51:05.281-0600] {logging_mixin.py:188} INFO - [2024-02-24T21:51:05.281-0600] {dagbag.py:538} INFO - Filling up the DagBag from /Users/vamseekrishna/Desktop/F1_Data_Warehouse/f1datawarehouse/lib/python3.9/site-packages/airflow/example_dags/example_xcomargs.py
[2024-02-24T21:51:05.297-0600] {processor.py:840} INFO - DAG(s) 'example_xcom_args', 'example_xcom_args_with_operators' retrieved from /Users/vamseekrishna/Desktop/F1_Data_Warehouse/f1datawarehouse/lib/python3.9/site-packages/airflow/example_dags/example_xcomargs.py
[2024-02-24T21:51:05.344-0600] {logging_mixin.py:188} INFO - [2024-02-24T21:51:05.344-0600] {dag.py:3036} INFO - Sync 2 DAGs
[2024-02-24T21:51:05.349-0600] {logging_mixin.py:188} INFO - [2024-02-24T21:51:05.349-0600] {dag.py:3823} INFO - Setting next_dagrun for example_xcom_args to None, run_after=None
[2024-02-24T21:51:05.350-0600] {logging_mixin.py:188} INFO - [2024-02-24T21:51:05.350-0600] {dag.py:3823} INFO - Setting next_dagrun for example_xcom_args_with_operators to None, run_after=None
[2024-02-24T21:51:05.357-0600] {processor.py:183} INFO - Processing /Users/vamseekrishna/Desktop/F1_Data_Warehouse/f1datawarehouse/lib/python3.9/site-packages/airflow/example_dags/example_xcomargs.py took 0.079 seconds
[2024-02-24T21:52:03.976-0600] {processor.py:161} INFO - Started process (PID=9201) to work on /Users/vamseekrishna/Desktop/F1_Data_Warehouse/f1datawarehouse/lib/python3.9/site-packages/airflow/example_dags/example_xcomargs.py
[2024-02-24T21:52:03.978-0600] {processor.py:830} INFO - Processing file /Users/vamseekrishna/Desktop/F1_Data_Warehouse/f1datawarehouse/lib/python3.9/site-packages/airflow/example_dags/example_xcomargs.py for tasks to queue
[2024-02-24T21:52:03.978-0600] {logging_mixin.py:188} INFO - [2024-02-24T21:52:03.978-0600] {dagbag.py:538} INFO - Filling up the DagBag from /Users/vamseekrishna/Desktop/F1_Data_Warehouse/f1datawarehouse/lib/python3.9/site-packages/airflow/example_dags/example_xcomargs.py
[2024-02-24T21:52:03.995-0600] {processor.py:840} INFO - DAG(s) 'example_xcom_args_with_operators', 'example_xcom_args' retrieved from /Users/vamseekrishna/Desktop/F1_Data_Warehouse/f1datawarehouse/lib/python3.9/site-packages/airflow/example_dags/example_xcomargs.py
[2024-02-24T21:52:04.044-0600] {logging_mixin.py:188} INFO - [2024-02-24T21:52:04.044-0600] {dag.py:3036} INFO - Sync 2 DAGs
[2024-02-24T21:52:04.049-0600] {logging_mixin.py:188} INFO - [2024-02-24T21:52:04.049-0600] {dag.py:3823} INFO - Setting next_dagrun for example_xcom_args to None, run_after=None
[2024-02-24T21:52:04.052-0600] {logging_mixin.py:188} INFO - [2024-02-24T21:52:04.052-0600] {dag.py:3823} INFO - Setting next_dagrun for example_xcom_args_with_operators to None, run_after=None
[2024-02-24T21:52:04.063-0600] {processor.py:183} INFO - Processing /Users/vamseekrishna/Desktop/F1_Data_Warehouse/f1datawarehouse/lib/python3.9/site-packages/airflow/example_dags/example_xcomargs.py took 0.088 seconds
[2024-02-24T21:53:09.781-0600] {processor.py:161} INFO - Started process (PID=9294) to work on /Users/vamseekrishna/Desktop/F1_Data_Warehouse/f1datawarehouse/lib/python3.9/site-packages/airflow/example_dags/example_xcomargs.py
[2024-02-24T21:53:09.786-0600] {processor.py:830} INFO - Processing file /Users/vamseekrishna/Desktop/F1_Data_Warehouse/f1datawarehouse/lib/python3.9/site-packages/airflow/example_dags/example_xcomargs.py for tasks to queue
[2024-02-24T21:53:09.786-0600] {logging_mixin.py:188} INFO - [2024-02-24T21:53:09.786-0600] {dagbag.py:538} INFO - Filling up the DagBag from /Users/vamseekrishna/Desktop/F1_Data_Warehouse/f1datawarehouse/lib/python3.9/site-packages/airflow/example_dags/example_xcomargs.py
[2024-02-24T21:53:09.812-0600] {processor.py:840} INFO - DAG(s) 'example_xcom_args_with_operators', 'example_xcom_args' retrieved from /Users/vamseekrishna/Desktop/F1_Data_Warehouse/f1datawarehouse/lib/python3.9/site-packages/airflow/example_dags/example_xcomargs.py
[2024-02-24T21:53:09.867-0600] {logging_mixin.py:188} INFO - [2024-02-24T21:53:09.867-0600] {dag.py:3036} INFO - Sync 2 DAGs
[2024-02-24T21:53:09.871-0600] {logging_mixin.py:188} INFO - [2024-02-24T21:53:09.871-0600] {dag.py:3823} INFO - Setting next_dagrun for example_xcom_args to None, run_after=None
[2024-02-24T21:53:09.873-0600] {logging_mixin.py:188} INFO - [2024-02-24T21:53:09.872-0600] {dag.py:3823} INFO - Setting next_dagrun for example_xcom_args_with_operators to None, run_after=None
[2024-02-24T21:53:09.880-0600] {processor.py:183} INFO - Processing /Users/vamseekrishna/Desktop/F1_Data_Warehouse/f1datawarehouse/lib/python3.9/site-packages/airflow/example_dags/example_xcomargs.py took 0.101 seconds
[2024-02-24T21:54:13.153-0600] {processor.py:161} INFO - Started process (PID=9343) to work on /Users/vamseekrishna/Desktop/F1_Data_Warehouse/f1datawarehouse/lib/python3.9/site-packages/airflow/example_dags/example_xcomargs.py
[2024-02-24T21:54:13.155-0600] {processor.py:830} INFO - Processing file /Users/vamseekrishna/Desktop/F1_Data_Warehouse/f1datawarehouse/lib/python3.9/site-packages/airflow/example_dags/example_xcomargs.py for tasks to queue
[2024-02-24T21:54:13.155-0600] {logging_mixin.py:188} INFO - [2024-02-24T21:54:13.155-0600] {dagbag.py:538} INFO - Filling up the DagBag from /Users/vamseekrishna/Desktop/F1_Data_Warehouse/f1datawarehouse/lib/python3.9/site-packages/airflow/example_dags/example_xcomargs.py
[2024-02-24T21:54:13.173-0600] {processor.py:840} INFO - DAG(s) 'example_xcom_args_with_operators', 'example_xcom_args' retrieved from /Users/vamseekrishna/Desktop/F1_Data_Warehouse/f1datawarehouse/lib/python3.9/site-packages/airflow/example_dags/example_xcomargs.py
[2024-02-24T21:54:13.224-0600] {logging_mixin.py:188} INFO - [2024-02-24T21:54:13.224-0600] {dag.py:3036} INFO - Sync 2 DAGs
[2024-02-24T21:54:13.228-0600] {logging_mixin.py:188} INFO - [2024-02-24T21:54:13.228-0600] {dag.py:3823} INFO - Setting next_dagrun for example_xcom_args to None, run_after=None
[2024-02-24T21:54:13.229-0600] {logging_mixin.py:188} INFO - [2024-02-24T21:54:13.229-0600] {dag.py:3823} INFO - Setting next_dagrun for example_xcom_args_with_operators to None, run_after=None
[2024-02-24T21:54:13.236-0600] {processor.py:183} INFO - Processing /Users/vamseekrishna/Desktop/F1_Data_Warehouse/f1datawarehouse/lib/python3.9/site-packages/airflow/example_dags/example_xcomargs.py took 0.084 seconds
[2024-02-24T21:55:19.000-0600] {processor.py:161} INFO - Started process (PID=9410) to work on /Users/vamseekrishna/Desktop/F1_Data_Warehouse/f1datawarehouse/lib/python3.9/site-packages/airflow/example_dags/example_xcomargs.py
[2024-02-24T21:55:19.002-0600] {processor.py:830} INFO - Processing file /Users/vamseekrishna/Desktop/F1_Data_Warehouse/f1datawarehouse/lib/python3.9/site-packages/airflow/example_dags/example_xcomargs.py for tasks to queue
[2024-02-24T21:55:19.002-0600] {logging_mixin.py:188} INFO - [2024-02-24T21:55:19.002-0600] {dagbag.py:538} INFO - Filling up the DagBag from /Users/vamseekrishna/Desktop/F1_Data_Warehouse/f1datawarehouse/lib/python3.9/site-packages/airflow/example_dags/example_xcomargs.py
[2024-02-24T21:55:19.019-0600] {processor.py:840} INFO - DAG(s) 'example_xcom_args', 'example_xcom_args_with_operators' retrieved from /Users/vamseekrishna/Desktop/F1_Data_Warehouse/f1datawarehouse/lib/python3.9/site-packages/airflow/example_dags/example_xcomargs.py
[2024-02-24T21:55:19.067-0600] {logging_mixin.py:188} INFO - [2024-02-24T21:55:19.067-0600] {dag.py:3036} INFO - Sync 2 DAGs
[2024-02-24T21:55:19.071-0600] {logging_mixin.py:188} INFO - [2024-02-24T21:55:19.071-0600] {dag.py:3823} INFO - Setting next_dagrun for example_xcom_args to None, run_after=None
[2024-02-24T21:55:19.073-0600] {logging_mixin.py:188} INFO - [2024-02-24T21:55:19.073-0600] {dag.py:3823} INFO - Setting next_dagrun for example_xcom_args_with_operators to None, run_after=None
[2024-02-24T21:55:19.080-0600] {processor.py:183} INFO - Processing /Users/vamseekrishna/Desktop/F1_Data_Warehouse/f1datawarehouse/lib/python3.9/site-packages/airflow/example_dags/example_xcomargs.py took 0.081 seconds
[2024-02-24T21:56:27.731-0600] {processor.py:161} INFO - Started process (PID=9462) to work on /Users/vamseekrishna/Desktop/F1_Data_Warehouse/f1datawarehouse/lib/python3.9/site-packages/airflow/example_dags/example_xcomargs.py
[2024-02-24T21:56:27.733-0600] {processor.py:830} INFO - Processing file /Users/vamseekrishna/Desktop/F1_Data_Warehouse/f1datawarehouse/lib/python3.9/site-packages/airflow/example_dags/example_xcomargs.py for tasks to queue
[2024-02-24T21:56:27.733-0600] {logging_mixin.py:188} INFO - [2024-02-24T21:56:27.733-0600] {dagbag.py:538} INFO - Filling up the DagBag from /Users/vamseekrishna/Desktop/F1_Data_Warehouse/f1datawarehouse/lib/python3.9/site-packages/airflow/example_dags/example_xcomargs.py
[2024-02-24T21:56:27.750-0600] {processor.py:840} INFO - DAG(s) 'example_xcom_args', 'example_xcom_args_with_operators' retrieved from /Users/vamseekrishna/Desktop/F1_Data_Warehouse/f1datawarehouse/lib/python3.9/site-packages/airflow/example_dags/example_xcomargs.py
[2024-02-24T21:56:27.801-0600] {logging_mixin.py:188} INFO - [2024-02-24T21:56:27.801-0600] {dag.py:3036} INFO - Sync 2 DAGs
[2024-02-24T21:56:27.805-0600] {logging_mixin.py:188} INFO - [2024-02-24T21:56:27.805-0600] {dag.py:3823} INFO - Setting next_dagrun for example_xcom_args to None, run_after=None
[2024-02-24T21:56:27.806-0600] {logging_mixin.py:188} INFO - [2024-02-24T21:56:27.806-0600] {dag.py:3823} INFO - Setting next_dagrun for example_xcom_args_with_operators to None, run_after=None
[2024-02-24T21:56:27.819-0600] {processor.py:183} INFO - Processing /Users/vamseekrishna/Desktop/F1_Data_Warehouse/f1datawarehouse/lib/python3.9/site-packages/airflow/example_dags/example_xcomargs.py took 0.089 seconds
[2024-02-24T21:57:29.876-0600] {processor.py:161} INFO - Started process (PID=9535) to work on /Users/vamseekrishna/Desktop/F1_Data_Warehouse/f1datawarehouse/lib/python3.9/site-packages/airflow/example_dags/example_xcomargs.py
[2024-02-24T21:57:29.878-0600] {processor.py:830} INFO - Processing file /Users/vamseekrishna/Desktop/F1_Data_Warehouse/f1datawarehouse/lib/python3.9/site-packages/airflow/example_dags/example_xcomargs.py for tasks to queue
[2024-02-24T21:57:29.878-0600] {logging_mixin.py:188} INFO - [2024-02-24T21:57:29.878-0600] {dagbag.py:538} INFO - Filling up the DagBag from /Users/vamseekrishna/Desktop/F1_Data_Warehouse/f1datawarehouse/lib/python3.9/site-packages/airflow/example_dags/example_xcomargs.py
[2024-02-24T21:57:29.895-0600] {processor.py:840} INFO - DAG(s) 'example_xcom_args_with_operators', 'example_xcom_args' retrieved from /Users/vamseekrishna/Desktop/F1_Data_Warehouse/f1datawarehouse/lib/python3.9/site-packages/airflow/example_dags/example_xcomargs.py
[2024-02-24T21:57:29.944-0600] {logging_mixin.py:188} INFO - [2024-02-24T21:57:29.944-0600] {dag.py:3036} INFO - Sync 2 DAGs
[2024-02-24T21:57:29.948-0600] {logging_mixin.py:188} INFO - [2024-02-24T21:57:29.948-0600] {dag.py:3823} INFO - Setting next_dagrun for example_xcom_args to None, run_after=None
[2024-02-24T21:57:29.950-0600] {logging_mixin.py:188} INFO - [2024-02-24T21:57:29.949-0600] {dag.py:3823} INFO - Setting next_dagrun for example_xcom_args_with_operators to None, run_after=None
[2024-02-24T21:57:29.957-0600] {processor.py:183} INFO - Processing /Users/vamseekrishna/Desktop/F1_Data_Warehouse/f1datawarehouse/lib/python3.9/site-packages/airflow/example_dags/example_xcomargs.py took 0.081 seconds
[2024-02-24T21:58:32.632-0600] {processor.py:161} INFO - Started process (PID=9580) to work on /Users/vamseekrishna/Desktop/F1_Data_Warehouse/f1datawarehouse/lib/python3.9/site-packages/airflow/example_dags/example_xcomargs.py
[2024-02-24T21:58:32.634-0600] {processor.py:830} INFO - Processing file /Users/vamseekrishna/Desktop/F1_Data_Warehouse/f1datawarehouse/lib/python3.9/site-packages/airflow/example_dags/example_xcomargs.py for tasks to queue
[2024-02-24T21:58:32.634-0600] {logging_mixin.py:188} INFO - [2024-02-24T21:58:32.634-0600] {dagbag.py:538} INFO - Filling up the DagBag from /Users/vamseekrishna/Desktop/F1_Data_Warehouse/f1datawarehouse/lib/python3.9/site-packages/airflow/example_dags/example_xcomargs.py
[2024-02-24T21:58:32.652-0600] {processor.py:840} INFO - DAG(s) 'example_xcom_args', 'example_xcom_args_with_operators' retrieved from /Users/vamseekrishna/Desktop/F1_Data_Warehouse/f1datawarehouse/lib/python3.9/site-packages/airflow/example_dags/example_xcomargs.py
[2024-02-24T21:58:32.701-0600] {logging_mixin.py:188} INFO - [2024-02-24T21:58:32.700-0600] {dag.py:3036} INFO - Sync 2 DAGs
[2024-02-24T21:58:32.704-0600] {logging_mixin.py:188} INFO - [2024-02-24T21:58:32.704-0600] {dag.py:3823} INFO - Setting next_dagrun for example_xcom_args to None, run_after=None
[2024-02-24T21:58:32.706-0600] {logging_mixin.py:188} INFO - [2024-02-24T21:58:32.705-0600] {dag.py:3823} INFO - Setting next_dagrun for example_xcom_args_with_operators to None, run_after=None
[2024-02-24T21:58:32.712-0600] {processor.py:183} INFO - Processing /Users/vamseekrishna/Desktop/F1_Data_Warehouse/f1datawarehouse/lib/python3.9/site-packages/airflow/example_dags/example_xcomargs.py took 0.081 seconds
