[2024-02-24T21:36:39.285-0600] {processor.py:161} INFO - Started process (PID=8222) to work on /Users/vamseekrishna/Desktop/F1_Data_Warehouse/f1datawarehouse/lib/python3.9/site-packages/airflow/example_dags/example_task_group_decorator.py
[2024-02-24T21:36:39.286-0600] {processor.py:830} INFO - Processing file /Users/vamseekrishna/Desktop/F1_Data_Warehouse/f1datawarehouse/lib/python3.9/site-packages/airflow/example_dags/example_task_group_decorator.py for tasks to queue
[2024-02-24T21:36:39.287-0600] {logging_mixin.py:188} INFO - [2024-02-24T21:36:39.287-0600] {dagbag.py:538} INFO - Filling up the DagBag from /Users/vamseekrishna/Desktop/F1_Data_Warehouse/f1datawarehouse/lib/python3.9/site-packages/airflow/example_dags/example_task_group_decorator.py
[2024-02-24T21:36:39.308-0600] {processor.py:840} INFO - DAG(s) 'example_task_group_decorator' retrieved from /Users/vamseekrishna/Desktop/F1_Data_Warehouse/f1datawarehouse/lib/python3.9/site-packages/airflow/example_dags/example_task_group_decorator.py
[2024-02-24T21:36:39.602-0600] {logging_mixin.py:188} INFO - [2024-02-24T21:36:39.602-0600] {dag.py:3036} INFO - Sync 1 DAGs
[2024-02-24T21:36:39.614-0600] {logging_mixin.py:188} INFO - [2024-02-24T21:36:39.614-0600] {dag.py:3823} INFO - Setting next_dagrun for example_task_group_decorator to 2024-02-24 00:00:00+00:00, run_after=2024-02-25 00:00:00+00:00
[2024-02-24T21:36:39.624-0600] {processor.py:183} INFO - Processing /Users/vamseekrishna/Desktop/F1_Data_Warehouse/f1datawarehouse/lib/python3.9/site-packages/airflow/example_dags/example_task_group_decorator.py took 0.340 seconds
[2024-02-24T21:38:12.692-0600] {processor.py:161} INFO - Started process (PID=8372) to work on /Users/vamseekrishna/Desktop/F1_Data_Warehouse/f1datawarehouse/lib/python3.9/site-packages/airflow/example_dags/example_task_group_decorator.py
[2024-02-24T21:38:12.694-0600] {processor.py:830} INFO - Processing file /Users/vamseekrishna/Desktop/F1_Data_Warehouse/f1datawarehouse/lib/python3.9/site-packages/airflow/example_dags/example_task_group_decorator.py for tasks to queue
[2024-02-24T21:38:12.694-0600] {logging_mixin.py:188} INFO - [2024-02-24T21:38:12.694-0600] {dagbag.py:538} INFO - Filling up the DagBag from /Users/vamseekrishna/Desktop/F1_Data_Warehouse/f1datawarehouse/lib/python3.9/site-packages/airflow/example_dags/example_task_group_decorator.py
[2024-02-24T21:38:12.713-0600] {processor.py:840} INFO - DAG(s) 'example_task_group_decorator' retrieved from /Users/vamseekrishna/Desktop/F1_Data_Warehouse/f1datawarehouse/lib/python3.9/site-packages/airflow/example_dags/example_task_group_decorator.py
[2024-02-24T21:38:12.762-0600] {logging_mixin.py:188} INFO - [2024-02-24T21:38:12.762-0600] {dag.py:3036} INFO - Sync 1 DAGs
[2024-02-24T21:38:12.771-0600] {logging_mixin.py:188} INFO - [2024-02-24T21:38:12.771-0600] {dag.py:3823} INFO - Setting next_dagrun for example_task_group_decorator to 2024-02-24 00:00:00+00:00, run_after=2024-02-25 00:00:00+00:00
[2024-02-24T21:38:12.779-0600] {processor.py:183} INFO - Processing /Users/vamseekrishna/Desktop/F1_Data_Warehouse/f1datawarehouse/lib/python3.9/site-packages/airflow/example_dags/example_task_group_decorator.py took 0.087 seconds
[2024-02-24T21:39:10.896-0600] {processor.py:161} INFO - Started process (PID=8470) to work on /Users/vamseekrishna/Desktop/F1_Data_Warehouse/f1datawarehouse/lib/python3.9/site-packages/airflow/example_dags/example_task_group_decorator.py
[2024-02-24T21:39:10.898-0600] {processor.py:830} INFO - Processing file /Users/vamseekrishna/Desktop/F1_Data_Warehouse/f1datawarehouse/lib/python3.9/site-packages/airflow/example_dags/example_task_group_decorator.py for tasks to queue
[2024-02-24T21:39:10.898-0600] {logging_mixin.py:188} INFO - [2024-02-24T21:39:10.898-0600] {dagbag.py:538} INFO - Filling up the DagBag from /Users/vamseekrishna/Desktop/F1_Data_Warehouse/f1datawarehouse/lib/python3.9/site-packages/airflow/example_dags/example_task_group_decorator.py
[2024-02-24T21:39:10.916-0600] {processor.py:840} INFO - DAG(s) 'example_task_group_decorator' retrieved from /Users/vamseekrishna/Desktop/F1_Data_Warehouse/f1datawarehouse/lib/python3.9/site-packages/airflow/example_dags/example_task_group_decorator.py
[2024-02-24T21:39:10.965-0600] {logging_mixin.py:188} INFO - [2024-02-24T21:39:10.964-0600] {dag.py:3036} INFO - Sync 1 DAGs
[2024-02-24T21:39:10.973-0600] {logging_mixin.py:188} INFO - [2024-02-24T21:39:10.973-0600] {dag.py:3823} INFO - Setting next_dagrun for example_task_group_decorator to 2024-02-24 00:00:00+00:00, run_after=2024-02-25 00:00:00+00:00
[2024-02-24T21:39:10.981-0600] {processor.py:183} INFO - Processing /Users/vamseekrishna/Desktop/F1_Data_Warehouse/f1datawarehouse/lib/python3.9/site-packages/airflow/example_dags/example_task_group_decorator.py took 0.086 seconds
[2024-02-24T21:40:11.898-0600] {processor.py:161} INFO - Started process (PID=8575) to work on /Users/vamseekrishna/Desktop/F1_Data_Warehouse/f1datawarehouse/lib/python3.9/site-packages/airflow/example_dags/example_task_group_decorator.py
[2024-02-24T21:40:11.900-0600] {processor.py:830} INFO - Processing file /Users/vamseekrishna/Desktop/F1_Data_Warehouse/f1datawarehouse/lib/python3.9/site-packages/airflow/example_dags/example_task_group_decorator.py for tasks to queue
[2024-02-24T21:40:11.901-0600] {logging_mixin.py:188} INFO - [2024-02-24T21:40:11.900-0600] {dagbag.py:538} INFO - Filling up the DagBag from /Users/vamseekrishna/Desktop/F1_Data_Warehouse/f1datawarehouse/lib/python3.9/site-packages/airflow/example_dags/example_task_group_decorator.py
[2024-02-24T21:40:11.925-0600] {processor.py:840} INFO - DAG(s) 'example_task_group_decorator' retrieved from /Users/vamseekrishna/Desktop/F1_Data_Warehouse/f1datawarehouse/lib/python3.9/site-packages/airflow/example_dags/example_task_group_decorator.py
[2024-02-24T21:40:11.982-0600] {logging_mixin.py:188} INFO - [2024-02-24T21:40:11.982-0600] {dag.py:3036} INFO - Sync 1 DAGs
[2024-02-24T21:40:11.993-0600] {logging_mixin.py:188} INFO - [2024-02-24T21:40:11.993-0600] {dag.py:3823} INFO - Setting next_dagrun for example_task_group_decorator to 2024-02-24 00:00:00+00:00, run_after=2024-02-25 00:00:00+00:00
[2024-02-24T21:40:12.001-0600] {processor.py:183} INFO - Processing /Users/vamseekrishna/Desktop/F1_Data_Warehouse/f1datawarehouse/lib/python3.9/site-packages/airflow/example_dags/example_task_group_decorator.py took 0.104 seconds
[2024-02-24T21:41:14.893-0600] {processor.py:161} INFO - Started process (PID=8668) to work on /Users/vamseekrishna/Desktop/F1_Data_Warehouse/f1datawarehouse/lib/python3.9/site-packages/airflow/example_dags/example_task_group_decorator.py
[2024-02-24T21:41:14.895-0600] {processor.py:830} INFO - Processing file /Users/vamseekrishna/Desktop/F1_Data_Warehouse/f1datawarehouse/lib/python3.9/site-packages/airflow/example_dags/example_task_group_decorator.py for tasks to queue
[2024-02-24T21:41:14.895-0600] {logging_mixin.py:188} INFO - [2024-02-24T21:41:14.895-0600] {dagbag.py:538} INFO - Filling up the DagBag from /Users/vamseekrishna/Desktop/F1_Data_Warehouse/f1datawarehouse/lib/python3.9/site-packages/airflow/example_dags/example_task_group_decorator.py
[2024-02-24T21:41:14.913-0600] {processor.py:840} INFO - DAG(s) 'example_task_group_decorator' retrieved from /Users/vamseekrishna/Desktop/F1_Data_Warehouse/f1datawarehouse/lib/python3.9/site-packages/airflow/example_dags/example_task_group_decorator.py
[2024-02-24T21:41:14.962-0600] {logging_mixin.py:188} INFO - [2024-02-24T21:41:14.961-0600] {dag.py:3036} INFO - Sync 1 DAGs
[2024-02-24T21:41:14.970-0600] {logging_mixin.py:188} INFO - [2024-02-24T21:41:14.970-0600] {dag.py:3823} INFO - Setting next_dagrun for example_task_group_decorator to 2024-02-24 00:00:00+00:00, run_after=2024-02-25 00:00:00+00:00
[2024-02-24T21:41:14.978-0600] {processor.py:183} INFO - Processing /Users/vamseekrishna/Desktop/F1_Data_Warehouse/f1datawarehouse/lib/python3.9/site-packages/airflow/example_dags/example_task_group_decorator.py took 0.086 seconds
[2024-02-24T21:42:15.750-0600] {processor.py:161} INFO - Started process (PID=8750) to work on /Users/vamseekrishna/Desktop/F1_Data_Warehouse/f1datawarehouse/lib/python3.9/site-packages/airflow/example_dags/example_task_group_decorator.py
[2024-02-24T21:42:15.752-0600] {processor.py:830} INFO - Processing file /Users/vamseekrishna/Desktop/F1_Data_Warehouse/f1datawarehouse/lib/python3.9/site-packages/airflow/example_dags/example_task_group_decorator.py for tasks to queue
[2024-02-24T21:42:15.752-0600] {logging_mixin.py:188} INFO - [2024-02-24T21:42:15.752-0600] {dagbag.py:538} INFO - Filling up the DagBag from /Users/vamseekrishna/Desktop/F1_Data_Warehouse/f1datawarehouse/lib/python3.9/site-packages/airflow/example_dags/example_task_group_decorator.py
[2024-02-24T21:42:15.771-0600] {processor.py:840} INFO - DAG(s) 'example_task_group_decorator' retrieved from /Users/vamseekrishna/Desktop/F1_Data_Warehouse/f1datawarehouse/lib/python3.9/site-packages/airflow/example_dags/example_task_group_decorator.py
[2024-02-24T21:42:15.822-0600] {logging_mixin.py:188} INFO - [2024-02-24T21:42:15.822-0600] {dag.py:3036} INFO - Sync 1 DAGs
[2024-02-24T21:42:15.896-0600] {logging_mixin.py:188} INFO - [2024-02-24T21:42:15.896-0600] {dag.py:3823} INFO - Setting next_dagrun for example_task_group_decorator to 2024-02-24 00:00:00+00:00, run_after=2024-02-25 00:00:00+00:00
[2024-02-24T21:42:15.918-0600] {processor.py:183} INFO - Processing /Users/vamseekrishna/Desktop/F1_Data_Warehouse/f1datawarehouse/lib/python3.9/site-packages/airflow/example_dags/example_task_group_decorator.py took 0.168 seconds
[2024-02-24T21:49:41.413-0600] {processor.py:161} INFO - Started process (PID=9058) to work on /Users/vamseekrishna/Desktop/F1_Data_Warehouse/f1datawarehouse/lib/python3.9/site-packages/airflow/example_dags/example_task_group_decorator.py
[2024-02-24T21:49:41.414-0600] {processor.py:830} INFO - Processing file /Users/vamseekrishna/Desktop/F1_Data_Warehouse/f1datawarehouse/lib/python3.9/site-packages/airflow/example_dags/example_task_group_decorator.py for tasks to queue
[2024-02-24T21:49:41.414-0600] {logging_mixin.py:188} INFO - [2024-02-24T21:49:41.414-0600] {dagbag.py:538} INFO - Filling up the DagBag from /Users/vamseekrishna/Desktop/F1_Data_Warehouse/f1datawarehouse/lib/python3.9/site-packages/airflow/example_dags/example_task_group_decorator.py
[2024-02-24T21:49:41.433-0600] {processor.py:840} INFO - DAG(s) 'example_task_group_decorator' retrieved from /Users/vamseekrishna/Desktop/F1_Data_Warehouse/f1datawarehouse/lib/python3.9/site-packages/airflow/example_dags/example_task_group_decorator.py
[2024-02-24T21:49:41.482-0600] {logging_mixin.py:188} INFO - [2024-02-24T21:49:41.482-0600] {dag.py:3036} INFO - Sync 1 DAGs
[2024-02-24T21:49:41.491-0600] {logging_mixin.py:188} INFO - [2024-02-24T21:49:41.491-0600] {dag.py:3823} INFO - Setting next_dagrun for example_task_group_decorator to 2024-02-24 00:00:00+00:00, run_after=2024-02-25 00:00:00+00:00
[2024-02-24T21:49:41.499-0600] {processor.py:183} INFO - Processing /Users/vamseekrishna/Desktop/F1_Data_Warehouse/f1datawarehouse/lib/python3.9/site-packages/airflow/example_dags/example_task_group_decorator.py took 0.087 seconds
[2024-02-24T21:51:13.075-0600] {processor.py:161} INFO - Started process (PID=9149) to work on /Users/vamseekrishna/Desktop/F1_Data_Warehouse/f1datawarehouse/lib/python3.9/site-packages/airflow/example_dags/example_task_group_decorator.py
[2024-02-24T21:51:13.077-0600] {processor.py:830} INFO - Processing file /Users/vamseekrishna/Desktop/F1_Data_Warehouse/f1datawarehouse/lib/python3.9/site-packages/airflow/example_dags/example_task_group_decorator.py for tasks to queue
[2024-02-24T21:51:13.077-0600] {logging_mixin.py:188} INFO - [2024-02-24T21:51:13.077-0600] {dagbag.py:538} INFO - Filling up the DagBag from /Users/vamseekrishna/Desktop/F1_Data_Warehouse/f1datawarehouse/lib/python3.9/site-packages/airflow/example_dags/example_task_group_decorator.py
[2024-02-24T21:51:13.095-0600] {processor.py:840} INFO - DAG(s) 'example_task_group_decorator' retrieved from /Users/vamseekrishna/Desktop/F1_Data_Warehouse/f1datawarehouse/lib/python3.9/site-packages/airflow/example_dags/example_task_group_decorator.py
[2024-02-24T21:51:13.144-0600] {logging_mixin.py:188} INFO - [2024-02-24T21:51:13.143-0600] {dag.py:3036} INFO - Sync 1 DAGs
[2024-02-24T21:51:13.152-0600] {logging_mixin.py:188} INFO - [2024-02-24T21:51:13.152-0600] {dag.py:3823} INFO - Setting next_dagrun for example_task_group_decorator to 2024-02-24 00:00:00+00:00, run_after=2024-02-25 00:00:00+00:00
[2024-02-24T21:51:13.160-0600] {processor.py:183} INFO - Processing /Users/vamseekrishna/Desktop/F1_Data_Warehouse/f1datawarehouse/lib/python3.9/site-packages/airflow/example_dags/example_task_group_decorator.py took 0.085 seconds
[2024-02-24T21:52:12.747-0600] {processor.py:161} INFO - Started process (PID=9209) to work on /Users/vamseekrishna/Desktop/F1_Data_Warehouse/f1datawarehouse/lib/python3.9/site-packages/airflow/example_dags/example_task_group_decorator.py
[2024-02-24T21:52:12.748-0600] {processor.py:830} INFO - Processing file /Users/vamseekrishna/Desktop/F1_Data_Warehouse/f1datawarehouse/lib/python3.9/site-packages/airflow/example_dags/example_task_group_decorator.py for tasks to queue
[2024-02-24T21:52:12.749-0600] {logging_mixin.py:188} INFO - [2024-02-24T21:52:12.748-0600] {dagbag.py:538} INFO - Filling up the DagBag from /Users/vamseekrishna/Desktop/F1_Data_Warehouse/f1datawarehouse/lib/python3.9/site-packages/airflow/example_dags/example_task_group_decorator.py
[2024-02-24T21:52:12.767-0600] {processor.py:840} INFO - DAG(s) 'example_task_group_decorator' retrieved from /Users/vamseekrishna/Desktop/F1_Data_Warehouse/f1datawarehouse/lib/python3.9/site-packages/airflow/example_dags/example_task_group_decorator.py
[2024-02-24T21:52:12.816-0600] {logging_mixin.py:188} INFO - [2024-02-24T21:52:12.816-0600] {dag.py:3036} INFO - Sync 1 DAGs
[2024-02-24T21:52:12.825-0600] {logging_mixin.py:188} INFO - [2024-02-24T21:52:12.825-0600] {dag.py:3823} INFO - Setting next_dagrun for example_task_group_decorator to 2024-02-24 00:00:00+00:00, run_after=2024-02-25 00:00:00+00:00
[2024-02-24T21:52:12.833-0600] {processor.py:183} INFO - Processing /Users/vamseekrishna/Desktop/F1_Data_Warehouse/f1datawarehouse/lib/python3.9/site-packages/airflow/example_dags/example_task_group_decorator.py took 0.087 seconds
[2024-02-24T21:53:18.280-0600] {processor.py:161} INFO - Started process (PID=9304) to work on /Users/vamseekrishna/Desktop/F1_Data_Warehouse/f1datawarehouse/lib/python3.9/site-packages/airflow/example_dags/example_task_group_decorator.py
[2024-02-24T21:53:18.282-0600] {processor.py:830} INFO - Processing file /Users/vamseekrishna/Desktop/F1_Data_Warehouse/f1datawarehouse/lib/python3.9/site-packages/airflow/example_dags/example_task_group_decorator.py for tasks to queue
[2024-02-24T21:53:18.282-0600] {logging_mixin.py:188} INFO - [2024-02-24T21:53:18.282-0600] {dagbag.py:538} INFO - Filling up the DagBag from /Users/vamseekrishna/Desktop/F1_Data_Warehouse/f1datawarehouse/lib/python3.9/site-packages/airflow/example_dags/example_task_group_decorator.py
[2024-02-24T21:53:18.300-0600] {processor.py:840} INFO - DAG(s) 'example_task_group_decorator' retrieved from /Users/vamseekrishna/Desktop/F1_Data_Warehouse/f1datawarehouse/lib/python3.9/site-packages/airflow/example_dags/example_task_group_decorator.py
[2024-02-24T21:53:18.349-0600] {logging_mixin.py:188} INFO - [2024-02-24T21:53:18.349-0600] {dag.py:3036} INFO - Sync 1 DAGs
[2024-02-24T21:53:18.358-0600] {logging_mixin.py:188} INFO - [2024-02-24T21:53:18.358-0600] {dag.py:3823} INFO - Setting next_dagrun for example_task_group_decorator to 2024-02-24 00:00:00+00:00, run_after=2024-02-25 00:00:00+00:00
[2024-02-24T21:53:18.366-0600] {processor.py:183} INFO - Processing /Users/vamseekrishna/Desktop/F1_Data_Warehouse/f1datawarehouse/lib/python3.9/site-packages/airflow/example_dags/example_task_group_decorator.py took 0.087 seconds
[2024-02-24T21:54:21.723-0600] {processor.py:161} INFO - Started process (PID=9351) to work on /Users/vamseekrishna/Desktop/F1_Data_Warehouse/f1datawarehouse/lib/python3.9/site-packages/airflow/example_dags/example_task_group_decorator.py
[2024-02-24T21:54:21.726-0600] {processor.py:830} INFO - Processing file /Users/vamseekrishna/Desktop/F1_Data_Warehouse/f1datawarehouse/lib/python3.9/site-packages/airflow/example_dags/example_task_group_decorator.py for tasks to queue
[2024-02-24T21:54:21.726-0600] {logging_mixin.py:188} INFO - [2024-02-24T21:54:21.726-0600] {dagbag.py:538} INFO - Filling up the DagBag from /Users/vamseekrishna/Desktop/F1_Data_Warehouse/f1datawarehouse/lib/python3.9/site-packages/airflow/example_dags/example_task_group_decorator.py
[2024-02-24T21:54:21.746-0600] {processor.py:840} INFO - DAG(s) 'example_task_group_decorator' retrieved from /Users/vamseekrishna/Desktop/F1_Data_Warehouse/f1datawarehouse/lib/python3.9/site-packages/airflow/example_dags/example_task_group_decorator.py
[2024-02-24T21:54:21.796-0600] {logging_mixin.py:188} INFO - [2024-02-24T21:54:21.796-0600] {dag.py:3036} INFO - Sync 1 DAGs
[2024-02-24T21:54:21.805-0600] {logging_mixin.py:188} INFO - [2024-02-24T21:54:21.805-0600] {dag.py:3823} INFO - Setting next_dagrun for example_task_group_decorator to 2024-02-24 00:00:00+00:00, run_after=2024-02-25 00:00:00+00:00
[2024-02-24T21:54:21.813-0600] {processor.py:183} INFO - Processing /Users/vamseekrishna/Desktop/F1_Data_Warehouse/f1datawarehouse/lib/python3.9/site-packages/airflow/example_dags/example_task_group_decorator.py took 0.091 seconds
[2024-02-24T21:55:28.047-0600] {processor.py:161} INFO - Started process (PID=9418) to work on /Users/vamseekrishna/Desktop/F1_Data_Warehouse/f1datawarehouse/lib/python3.9/site-packages/airflow/example_dags/example_task_group_decorator.py
[2024-02-24T21:55:28.048-0600] {processor.py:830} INFO - Processing file /Users/vamseekrishna/Desktop/F1_Data_Warehouse/f1datawarehouse/lib/python3.9/site-packages/airflow/example_dags/example_task_group_decorator.py for tasks to queue
[2024-02-24T21:55:28.048-0600] {logging_mixin.py:188} INFO - [2024-02-24T21:55:28.048-0600] {dagbag.py:538} INFO - Filling up the DagBag from /Users/vamseekrishna/Desktop/F1_Data_Warehouse/f1datawarehouse/lib/python3.9/site-packages/airflow/example_dags/example_task_group_decorator.py
[2024-02-24T21:55:28.068-0600] {processor.py:840} INFO - DAG(s) 'example_task_group_decorator' retrieved from /Users/vamseekrishna/Desktop/F1_Data_Warehouse/f1datawarehouse/lib/python3.9/site-packages/airflow/example_dags/example_task_group_decorator.py
[2024-02-24T21:55:28.121-0600] {logging_mixin.py:188} INFO - [2024-02-24T21:55:28.121-0600] {dag.py:3036} INFO - Sync 1 DAGs
[2024-02-24T21:55:28.132-0600] {logging_mixin.py:188} INFO - [2024-02-24T21:55:28.132-0600] {dag.py:3823} INFO - Setting next_dagrun for example_task_group_decorator to 2024-02-24 00:00:00+00:00, run_after=2024-02-25 00:00:00+00:00
[2024-02-24T21:55:28.141-0600] {processor.py:183} INFO - Processing /Users/vamseekrishna/Desktop/F1_Data_Warehouse/f1datawarehouse/lib/python3.9/site-packages/airflow/example_dags/example_task_group_decorator.py took 0.095 seconds
[2024-02-24T21:56:37.418-0600] {processor.py:161} INFO - Started process (PID=9484) to work on /Users/vamseekrishna/Desktop/F1_Data_Warehouse/f1datawarehouse/lib/python3.9/site-packages/airflow/example_dags/example_task_group_decorator.py
[2024-02-24T21:56:37.420-0600] {processor.py:830} INFO - Processing file /Users/vamseekrishna/Desktop/F1_Data_Warehouse/f1datawarehouse/lib/python3.9/site-packages/airflow/example_dags/example_task_group_decorator.py for tasks to queue
[2024-02-24T21:56:37.420-0600] {logging_mixin.py:188} INFO - [2024-02-24T21:56:37.420-0600] {dagbag.py:538} INFO - Filling up the DagBag from /Users/vamseekrishna/Desktop/F1_Data_Warehouse/f1datawarehouse/lib/python3.9/site-packages/airflow/example_dags/example_task_group_decorator.py
[2024-02-24T21:56:37.440-0600] {processor.py:840} INFO - DAG(s) 'example_task_group_decorator' retrieved from /Users/vamseekrishna/Desktop/F1_Data_Warehouse/f1datawarehouse/lib/python3.9/site-packages/airflow/example_dags/example_task_group_decorator.py
[2024-02-24T21:56:37.492-0600] {logging_mixin.py:188} INFO - [2024-02-24T21:56:37.492-0600] {dag.py:3036} INFO - Sync 1 DAGs
[2024-02-24T21:56:37.501-0600] {logging_mixin.py:188} INFO - [2024-02-24T21:56:37.501-0600] {dag.py:3823} INFO - Setting next_dagrun for example_task_group_decorator to 2024-02-24 00:00:00+00:00, run_after=2024-02-25 00:00:00+00:00
[2024-02-24T21:56:37.509-0600] {processor.py:183} INFO - Processing /Users/vamseekrishna/Desktop/F1_Data_Warehouse/f1datawarehouse/lib/python3.9/site-packages/airflow/example_dags/example_task_group_decorator.py took 0.092 seconds
[2024-02-24T21:57:38.907-0600] {processor.py:161} INFO - Started process (PID=9542) to work on /Users/vamseekrishna/Desktop/F1_Data_Warehouse/f1datawarehouse/lib/python3.9/site-packages/airflow/example_dags/example_task_group_decorator.py
[2024-02-24T21:57:38.909-0600] {processor.py:830} INFO - Processing file /Users/vamseekrishna/Desktop/F1_Data_Warehouse/f1datawarehouse/lib/python3.9/site-packages/airflow/example_dags/example_task_group_decorator.py for tasks to queue
[2024-02-24T21:57:38.909-0600] {logging_mixin.py:188} INFO - [2024-02-24T21:57:38.909-0600] {dagbag.py:538} INFO - Filling up the DagBag from /Users/vamseekrishna/Desktop/F1_Data_Warehouse/f1datawarehouse/lib/python3.9/site-packages/airflow/example_dags/example_task_group_decorator.py
[2024-02-24T21:57:38.929-0600] {processor.py:840} INFO - DAG(s) 'example_task_group_decorator' retrieved from /Users/vamseekrishna/Desktop/F1_Data_Warehouse/f1datawarehouse/lib/python3.9/site-packages/airflow/example_dags/example_task_group_decorator.py
[2024-02-24T21:57:38.977-0600] {logging_mixin.py:188} INFO - [2024-02-24T21:57:38.976-0600] {dag.py:3036} INFO - Sync 1 DAGs
[2024-02-24T21:57:38.985-0600] {logging_mixin.py:188} INFO - [2024-02-24T21:57:38.985-0600] {dag.py:3823} INFO - Setting next_dagrun for example_task_group_decorator to 2024-02-24 00:00:00+00:00, run_after=2024-02-25 00:00:00+00:00
[2024-02-24T21:57:38.994-0600] {processor.py:183} INFO - Processing /Users/vamseekrishna/Desktop/F1_Data_Warehouse/f1datawarehouse/lib/python3.9/site-packages/airflow/example_dags/example_task_group_decorator.py took 0.087 seconds
[2024-02-24T21:58:40.752-0600] {processor.py:161} INFO - Started process (PID=9586) to work on /Users/vamseekrishna/Desktop/F1_Data_Warehouse/f1datawarehouse/lib/python3.9/site-packages/airflow/example_dags/example_task_group_decorator.py
[2024-02-24T21:58:40.755-0600] {processor.py:830} INFO - Processing file /Users/vamseekrishna/Desktop/F1_Data_Warehouse/f1datawarehouse/lib/python3.9/site-packages/airflow/example_dags/example_task_group_decorator.py for tasks to queue
[2024-02-24T21:58:40.755-0600] {logging_mixin.py:188} INFO - [2024-02-24T21:58:40.755-0600] {dagbag.py:538} INFO - Filling up the DagBag from /Users/vamseekrishna/Desktop/F1_Data_Warehouse/f1datawarehouse/lib/python3.9/site-packages/airflow/example_dags/example_task_group_decorator.py
[2024-02-24T21:58:40.775-0600] {processor.py:840} INFO - DAG(s) 'example_task_group_decorator' retrieved from /Users/vamseekrishna/Desktop/F1_Data_Warehouse/f1datawarehouse/lib/python3.9/site-packages/airflow/example_dags/example_task_group_decorator.py
[2024-02-24T21:58:40.823-0600] {logging_mixin.py:188} INFO - [2024-02-24T21:58:40.823-0600] {dag.py:3036} INFO - Sync 1 DAGs
[2024-02-24T21:58:40.832-0600] {logging_mixin.py:188} INFO - [2024-02-24T21:58:40.832-0600] {dag.py:3823} INFO - Setting next_dagrun for example_task_group_decorator to 2024-02-24 00:00:00+00:00, run_after=2024-02-25 00:00:00+00:00
[2024-02-24T21:58:40.840-0600] {processor.py:183} INFO - Processing /Users/vamseekrishna/Desktop/F1_Data_Warehouse/f1datawarehouse/lib/python3.9/site-packages/airflow/example_dags/example_task_group_decorator.py took 0.088 seconds
