[2024-02-24T18:03:08.221-0600] {processor.py:161} INFO - Started process (PID=95677) to work on /Users/vamseekrishna/Desktop/F1_Data_Warehouse/f1datawarehouse/lib/python3.9/site-packages/airflow/example_dags/example_nested_branch_dag.py
[2024-02-24T18:03:08.222-0600] {processor.py:830} INFO - Processing file /Users/vamseekrishna/Desktop/F1_Data_Warehouse/f1datawarehouse/lib/python3.9/site-packages/airflow/example_dags/example_nested_branch_dag.py for tasks to queue
[2024-02-24T18:03:08.222-0600] {logging_mixin.py:188} INFO - [2024-02-24T18:03:08.222-0600] {dagbag.py:538} INFO - Filling up the DagBag from /Users/vamseekrishna/Desktop/F1_Data_Warehouse/f1datawarehouse/lib/python3.9/site-packages/airflow/example_dags/example_nested_branch_dag.py
[2024-02-24T18:03:08.242-0600] {processor.py:840} INFO - DAG(s) 'example_nested_branch_dag' retrieved from /Users/vamseekrishna/Desktop/F1_Data_Warehouse/f1datawarehouse/lib/python3.9/site-packages/airflow/example_dags/example_nested_branch_dag.py
[2024-02-24T18:03:08.290-0600] {logging_mixin.py:188} INFO - [2024-02-24T18:03:08.290-0600] {dag.py:3036} INFO - Sync 1 DAGs
[2024-02-24T18:03:08.297-0600] {logging_mixin.py:188} INFO - [2024-02-24T18:03:08.297-0600] {dag.py:3823} INFO - Setting next_dagrun for example_nested_branch_dag to 2024-02-24 00:00:00+00:00, run_after=2024-02-25 00:00:00+00:00
[2024-02-24T18:03:08.305-0600] {processor.py:183} INFO - Processing /Users/vamseekrishna/Desktop/F1_Data_Warehouse/f1datawarehouse/lib/python3.9/site-packages/airflow/example_dags/example_nested_branch_dag.py took 0.085 seconds
[2024-02-24T18:05:22.016-0600] {processor.py:161} INFO - Started process (PID=95824) to work on /Users/vamseekrishna/Desktop/F1_Data_Warehouse/f1datawarehouse/lib/python3.9/site-packages/airflow/example_dags/example_nested_branch_dag.py
[2024-02-24T18:05:22.018-0600] {processor.py:830} INFO - Processing file /Users/vamseekrishna/Desktop/F1_Data_Warehouse/f1datawarehouse/lib/python3.9/site-packages/airflow/example_dags/example_nested_branch_dag.py for tasks to queue
[2024-02-24T18:05:22.019-0600] {logging_mixin.py:188} INFO - [2024-02-24T18:05:22.018-0600] {dagbag.py:538} INFO - Filling up the DagBag from /Users/vamseekrishna/Desktop/F1_Data_Warehouse/f1datawarehouse/lib/python3.9/site-packages/airflow/example_dags/example_nested_branch_dag.py
[2024-02-24T18:05:22.036-0600] {processor.py:840} INFO - DAG(s) 'example_nested_branch_dag' retrieved from /Users/vamseekrishna/Desktop/F1_Data_Warehouse/f1datawarehouse/lib/python3.9/site-packages/airflow/example_dags/example_nested_branch_dag.py
[2024-02-24T18:05:22.085-0600] {logging_mixin.py:188} INFO - [2024-02-24T18:05:22.084-0600] {dag.py:3036} INFO - Sync 1 DAGs
[2024-02-24T18:05:22.093-0600] {logging_mixin.py:188} INFO - [2024-02-24T18:05:22.093-0600] {dag.py:3823} INFO - Setting next_dagrun for example_nested_branch_dag to 2024-02-24 00:00:00+00:00, run_after=2024-02-25 00:00:00+00:00
[2024-02-24T18:05:22.103-0600] {processor.py:183} INFO - Processing /Users/vamseekrishna/Desktop/F1_Data_Warehouse/f1datawarehouse/lib/python3.9/site-packages/airflow/example_dags/example_nested_branch_dag.py took 0.087 seconds
[2024-02-24T18:07:32.042-0600] {processor.py:161} INFO - Started process (PID=95967) to work on /Users/vamseekrishna/Desktop/F1_Data_Warehouse/f1datawarehouse/lib/python3.9/site-packages/airflow/example_dags/example_nested_branch_dag.py
[2024-02-24T18:07:32.044-0600] {processor.py:830} INFO - Processing file /Users/vamseekrishna/Desktop/F1_Data_Warehouse/f1datawarehouse/lib/python3.9/site-packages/airflow/example_dags/example_nested_branch_dag.py for tasks to queue
[2024-02-24T18:07:32.044-0600] {logging_mixin.py:188} INFO - [2024-02-24T18:07:32.044-0600] {dagbag.py:538} INFO - Filling up the DagBag from /Users/vamseekrishna/Desktop/F1_Data_Warehouse/f1datawarehouse/lib/python3.9/site-packages/airflow/example_dags/example_nested_branch_dag.py
[2024-02-24T18:07:32.061-0600] {processor.py:840} INFO - DAG(s) 'example_nested_branch_dag' retrieved from /Users/vamseekrishna/Desktop/F1_Data_Warehouse/f1datawarehouse/lib/python3.9/site-packages/airflow/example_dags/example_nested_branch_dag.py
[2024-02-24T18:07:32.108-0600] {logging_mixin.py:188} INFO - [2024-02-24T18:07:32.108-0600] {dag.py:3036} INFO - Sync 1 DAGs
[2024-02-24T18:07:32.116-0600] {logging_mixin.py:188} INFO - [2024-02-24T18:07:32.116-0600] {dag.py:3823} INFO - Setting next_dagrun for example_nested_branch_dag to 2024-02-24 00:00:00+00:00, run_after=2024-02-25 00:00:00+00:00
[2024-02-24T18:07:32.124-0600] {processor.py:183} INFO - Processing /Users/vamseekrishna/Desktop/F1_Data_Warehouse/f1datawarehouse/lib/python3.9/site-packages/airflow/example_dags/example_nested_branch_dag.py took 0.083 seconds
[2024-02-24T18:09:27.539-0600] {processor.py:161} INFO - Started process (PID=96075) to work on /Users/vamseekrishna/Desktop/F1_Data_Warehouse/f1datawarehouse/lib/python3.9/site-packages/airflow/example_dags/example_nested_branch_dag.py
[2024-02-24T18:09:27.541-0600] {processor.py:830} INFO - Processing file /Users/vamseekrishna/Desktop/F1_Data_Warehouse/f1datawarehouse/lib/python3.9/site-packages/airflow/example_dags/example_nested_branch_dag.py for tasks to queue
[2024-02-24T18:09:27.541-0600] {logging_mixin.py:188} INFO - [2024-02-24T18:09:27.541-0600] {dagbag.py:538} INFO - Filling up the DagBag from /Users/vamseekrishna/Desktop/F1_Data_Warehouse/f1datawarehouse/lib/python3.9/site-packages/airflow/example_dags/example_nested_branch_dag.py
[2024-02-24T18:09:27.558-0600] {processor.py:840} INFO - DAG(s) 'example_nested_branch_dag' retrieved from /Users/vamseekrishna/Desktop/F1_Data_Warehouse/f1datawarehouse/lib/python3.9/site-packages/airflow/example_dags/example_nested_branch_dag.py
[2024-02-24T18:09:27.605-0600] {logging_mixin.py:188} INFO - [2024-02-24T18:09:27.605-0600] {dag.py:3036} INFO - Sync 1 DAGs
[2024-02-24T18:09:27.612-0600] {logging_mixin.py:188} INFO - [2024-02-24T18:09:27.612-0600] {dag.py:3823} INFO - Setting next_dagrun for example_nested_branch_dag to 2024-02-24 00:00:00+00:00, run_after=2024-02-25 00:00:00+00:00
[2024-02-24T18:09:27.620-0600] {processor.py:183} INFO - Processing /Users/vamseekrishna/Desktop/F1_Data_Warehouse/f1datawarehouse/lib/python3.9/site-packages/airflow/example_dags/example_nested_branch_dag.py took 0.081 seconds
[2024-02-24T18:11:25.348-0600] {processor.py:161} INFO - Started process (PID=96170) to work on /Users/vamseekrishna/Desktop/F1_Data_Warehouse/f1datawarehouse/lib/python3.9/site-packages/airflow/example_dags/example_nested_branch_dag.py
[2024-02-24T18:11:25.350-0600] {processor.py:830} INFO - Processing file /Users/vamseekrishna/Desktop/F1_Data_Warehouse/f1datawarehouse/lib/python3.9/site-packages/airflow/example_dags/example_nested_branch_dag.py for tasks to queue
[2024-02-24T18:11:25.350-0600] {logging_mixin.py:188} INFO - [2024-02-24T18:11:25.350-0600] {dagbag.py:538} INFO - Filling up the DagBag from /Users/vamseekrishna/Desktop/F1_Data_Warehouse/f1datawarehouse/lib/python3.9/site-packages/airflow/example_dags/example_nested_branch_dag.py
[2024-02-24T18:11:25.366-0600] {processor.py:840} INFO - DAG(s) 'example_nested_branch_dag' retrieved from /Users/vamseekrishna/Desktop/F1_Data_Warehouse/f1datawarehouse/lib/python3.9/site-packages/airflow/example_dags/example_nested_branch_dag.py
[2024-02-24T18:11:25.414-0600] {logging_mixin.py:188} INFO - [2024-02-24T18:11:25.413-0600] {dag.py:3036} INFO - Sync 1 DAGs
[2024-02-24T18:11:25.421-0600] {logging_mixin.py:188} INFO - [2024-02-24T18:11:25.421-0600] {dag.py:3823} INFO - Setting next_dagrun for example_nested_branch_dag to 2024-02-24 00:00:00+00:00, run_after=2024-02-25 00:00:00+00:00
[2024-02-24T18:11:25.429-0600] {processor.py:183} INFO - Processing /Users/vamseekrishna/Desktop/F1_Data_Warehouse/f1datawarehouse/lib/python3.9/site-packages/airflow/example_dags/example_nested_branch_dag.py took 0.081 seconds
[2024-02-24T18:13:26.255-0600] {processor.py:161} INFO - Started process (PID=96262) to work on /Users/vamseekrishna/Desktop/F1_Data_Warehouse/f1datawarehouse/lib/python3.9/site-packages/airflow/example_dags/example_nested_branch_dag.py
[2024-02-24T18:13:26.257-0600] {processor.py:830} INFO - Processing file /Users/vamseekrishna/Desktop/F1_Data_Warehouse/f1datawarehouse/lib/python3.9/site-packages/airflow/example_dags/example_nested_branch_dag.py for tasks to queue
[2024-02-24T18:13:26.258-0600] {logging_mixin.py:188} INFO - [2024-02-24T18:13:26.258-0600] {dagbag.py:538} INFO - Filling up the DagBag from /Users/vamseekrishna/Desktop/F1_Data_Warehouse/f1datawarehouse/lib/python3.9/site-packages/airflow/example_dags/example_nested_branch_dag.py
[2024-02-24T18:13:26.275-0600] {processor.py:840} INFO - DAG(s) 'example_nested_branch_dag' retrieved from /Users/vamseekrishna/Desktop/F1_Data_Warehouse/f1datawarehouse/lib/python3.9/site-packages/airflow/example_dags/example_nested_branch_dag.py
[2024-02-24T18:13:26.324-0600] {logging_mixin.py:188} INFO - [2024-02-24T18:13:26.324-0600] {dag.py:3036} INFO - Sync 1 DAGs
[2024-02-24T18:13:26.331-0600] {logging_mixin.py:188} INFO - [2024-02-24T18:13:26.331-0600] {dag.py:3823} INFO - Setting next_dagrun for example_nested_branch_dag to 2024-02-24 00:00:00+00:00, run_after=2024-02-25 00:00:00+00:00
[2024-02-24T18:13:26.340-0600] {processor.py:183} INFO - Processing /Users/vamseekrishna/Desktop/F1_Data_Warehouse/f1datawarehouse/lib/python3.9/site-packages/airflow/example_dags/example_nested_branch_dag.py took 0.085 seconds
[2024-02-24T18:15:20.567-0600] {processor.py:161} INFO - Started process (PID=96370) to work on /Users/vamseekrishna/Desktop/F1_Data_Warehouse/f1datawarehouse/lib/python3.9/site-packages/airflow/example_dags/example_nested_branch_dag.py
[2024-02-24T18:15:20.569-0600] {processor.py:830} INFO - Processing file /Users/vamseekrishna/Desktop/F1_Data_Warehouse/f1datawarehouse/lib/python3.9/site-packages/airflow/example_dags/example_nested_branch_dag.py for tasks to queue
[2024-02-24T18:15:20.569-0600] {logging_mixin.py:188} INFO - [2024-02-24T18:15:20.569-0600] {dagbag.py:538} INFO - Filling up the DagBag from /Users/vamseekrishna/Desktop/F1_Data_Warehouse/f1datawarehouse/lib/python3.9/site-packages/airflow/example_dags/example_nested_branch_dag.py
[2024-02-24T18:15:20.589-0600] {processor.py:840} INFO - DAG(s) 'example_nested_branch_dag' retrieved from /Users/vamseekrishna/Desktop/F1_Data_Warehouse/f1datawarehouse/lib/python3.9/site-packages/airflow/example_dags/example_nested_branch_dag.py
[2024-02-24T18:15:20.640-0600] {logging_mixin.py:188} INFO - [2024-02-24T18:15:20.639-0600] {dag.py:3036} INFO - Sync 1 DAGs
[2024-02-24T18:15:20.647-0600] {logging_mixin.py:188} INFO - [2024-02-24T18:15:20.647-0600] {dag.py:3823} INFO - Setting next_dagrun for example_nested_branch_dag to 2024-02-24 00:00:00+00:00, run_after=2024-02-25 00:00:00+00:00
[2024-02-24T18:15:20.657-0600] {processor.py:183} INFO - Processing /Users/vamseekrishna/Desktop/F1_Data_Warehouse/f1datawarehouse/lib/python3.9/site-packages/airflow/example_dags/example_nested_branch_dag.py took 0.090 seconds
[2024-02-24T18:17:23.297-0600] {processor.py:161} INFO - Started process (PID=96476) to work on /Users/vamseekrishna/Desktop/F1_Data_Warehouse/f1datawarehouse/lib/python3.9/site-packages/airflow/example_dags/example_nested_branch_dag.py
[2024-02-24T18:17:23.299-0600] {processor.py:830} INFO - Processing file /Users/vamseekrishna/Desktop/F1_Data_Warehouse/f1datawarehouse/lib/python3.9/site-packages/airflow/example_dags/example_nested_branch_dag.py for tasks to queue
[2024-02-24T18:17:23.299-0600] {logging_mixin.py:188} INFO - [2024-02-24T18:17:23.299-0600] {dagbag.py:538} INFO - Filling up the DagBag from /Users/vamseekrishna/Desktop/F1_Data_Warehouse/f1datawarehouse/lib/python3.9/site-packages/airflow/example_dags/example_nested_branch_dag.py
[2024-02-24T18:17:23.316-0600] {processor.py:840} INFO - DAG(s) 'example_nested_branch_dag' retrieved from /Users/vamseekrishna/Desktop/F1_Data_Warehouse/f1datawarehouse/lib/python3.9/site-packages/airflow/example_dags/example_nested_branch_dag.py
[2024-02-24T18:17:23.363-0600] {logging_mixin.py:188} INFO - [2024-02-24T18:17:23.363-0600] {dag.py:3036} INFO - Sync 1 DAGs
[2024-02-24T18:17:23.370-0600] {logging_mixin.py:188} INFO - [2024-02-24T18:17:23.370-0600] {dag.py:3823} INFO - Setting next_dagrun for example_nested_branch_dag to 2024-02-24 00:00:00+00:00, run_after=2024-02-25 00:00:00+00:00
[2024-02-24T18:17:23.379-0600] {processor.py:183} INFO - Processing /Users/vamseekrishna/Desktop/F1_Data_Warehouse/f1datawarehouse/lib/python3.9/site-packages/airflow/example_dags/example_nested_branch_dag.py took 0.083 seconds
[2024-02-24T18:19:22.657-0600] {processor.py:161} INFO - Started process (PID=96571) to work on /Users/vamseekrishna/Desktop/F1_Data_Warehouse/f1datawarehouse/lib/python3.9/site-packages/airflow/example_dags/example_nested_branch_dag.py
[2024-02-24T18:19:22.660-0600] {processor.py:830} INFO - Processing file /Users/vamseekrishna/Desktop/F1_Data_Warehouse/f1datawarehouse/lib/python3.9/site-packages/airflow/example_dags/example_nested_branch_dag.py for tasks to queue
[2024-02-24T18:19:22.660-0600] {logging_mixin.py:188} INFO - [2024-02-24T18:19:22.660-0600] {dagbag.py:538} INFO - Filling up the DagBag from /Users/vamseekrishna/Desktop/F1_Data_Warehouse/f1datawarehouse/lib/python3.9/site-packages/airflow/example_dags/example_nested_branch_dag.py
[2024-02-24T18:19:22.679-0600] {processor.py:840} INFO - DAG(s) 'example_nested_branch_dag' retrieved from /Users/vamseekrishna/Desktop/F1_Data_Warehouse/f1datawarehouse/lib/python3.9/site-packages/airflow/example_dags/example_nested_branch_dag.py
[2024-02-24T18:19:22.726-0600] {logging_mixin.py:188} INFO - [2024-02-24T18:19:22.726-0600] {dag.py:3036} INFO - Sync 1 DAGs
[2024-02-24T18:19:22.733-0600] {logging_mixin.py:188} INFO - [2024-02-24T18:19:22.733-0600] {dag.py:3823} INFO - Setting next_dagrun for example_nested_branch_dag to 2024-02-24 00:00:00+00:00, run_after=2024-02-25 00:00:00+00:00
[2024-02-24T18:19:22.741-0600] {processor.py:183} INFO - Processing /Users/vamseekrishna/Desktop/F1_Data_Warehouse/f1datawarehouse/lib/python3.9/site-packages/airflow/example_dags/example_nested_branch_dag.py took 0.085 seconds
[2024-02-24T18:21:24.919-0600] {processor.py:161} INFO - Started process (PID=96671) to work on /Users/vamseekrishna/Desktop/F1_Data_Warehouse/f1datawarehouse/lib/python3.9/site-packages/airflow/example_dags/example_nested_branch_dag.py
[2024-02-24T18:21:24.921-0600] {processor.py:830} INFO - Processing file /Users/vamseekrishna/Desktop/F1_Data_Warehouse/f1datawarehouse/lib/python3.9/site-packages/airflow/example_dags/example_nested_branch_dag.py for tasks to queue
[2024-02-24T18:21:24.921-0600] {logging_mixin.py:188} INFO - [2024-02-24T18:21:24.921-0600] {dagbag.py:538} INFO - Filling up the DagBag from /Users/vamseekrishna/Desktop/F1_Data_Warehouse/f1datawarehouse/lib/python3.9/site-packages/airflow/example_dags/example_nested_branch_dag.py
[2024-02-24T18:21:24.938-0600] {processor.py:840} INFO - DAG(s) 'example_nested_branch_dag' retrieved from /Users/vamseekrishna/Desktop/F1_Data_Warehouse/f1datawarehouse/lib/python3.9/site-packages/airflow/example_dags/example_nested_branch_dag.py
[2024-02-24T18:21:24.986-0600] {logging_mixin.py:188} INFO - [2024-02-24T18:21:24.986-0600] {dag.py:3036} INFO - Sync 1 DAGs
[2024-02-24T18:21:24.993-0600] {logging_mixin.py:188} INFO - [2024-02-24T18:21:24.993-0600] {dag.py:3823} INFO - Setting next_dagrun for example_nested_branch_dag to 2024-02-24 00:00:00+00:00, run_after=2024-02-25 00:00:00+00:00
[2024-02-24T18:21:25.002-0600] {processor.py:183} INFO - Processing /Users/vamseekrishna/Desktop/F1_Data_Warehouse/f1datawarehouse/lib/python3.9/site-packages/airflow/example_dags/example_nested_branch_dag.py took 0.083 seconds
[2024-02-24T18:23:30.821-0600] {processor.py:161} INFO - Started process (PID=96785) to work on /Users/vamseekrishna/Desktop/F1_Data_Warehouse/f1datawarehouse/lib/python3.9/site-packages/airflow/example_dags/example_nested_branch_dag.py
[2024-02-24T18:23:30.823-0600] {processor.py:830} INFO - Processing file /Users/vamseekrishna/Desktop/F1_Data_Warehouse/f1datawarehouse/lib/python3.9/site-packages/airflow/example_dags/example_nested_branch_dag.py for tasks to queue
[2024-02-24T18:23:30.824-0600] {logging_mixin.py:188} INFO - [2024-02-24T18:23:30.824-0600] {dagbag.py:538} INFO - Filling up the DagBag from /Users/vamseekrishna/Desktop/F1_Data_Warehouse/f1datawarehouse/lib/python3.9/site-packages/airflow/example_dags/example_nested_branch_dag.py
[2024-02-24T18:23:30.841-0600] {processor.py:840} INFO - DAG(s) 'example_nested_branch_dag' retrieved from /Users/vamseekrishna/Desktop/F1_Data_Warehouse/f1datawarehouse/lib/python3.9/site-packages/airflow/example_dags/example_nested_branch_dag.py
[2024-02-24T18:23:30.888-0600] {logging_mixin.py:188} INFO - [2024-02-24T18:23:30.888-0600] {dag.py:3036} INFO - Sync 1 DAGs
[2024-02-24T18:23:30.896-0600] {logging_mixin.py:188} INFO - [2024-02-24T18:23:30.895-0600] {dag.py:3823} INFO - Setting next_dagrun for example_nested_branch_dag to 2024-02-24 00:00:00+00:00, run_after=2024-02-25 00:00:00+00:00
[2024-02-24T18:23:30.903-0600] {processor.py:183} INFO - Processing /Users/vamseekrishna/Desktop/F1_Data_Warehouse/f1datawarehouse/lib/python3.9/site-packages/airflow/example_dags/example_nested_branch_dag.py took 0.082 seconds
[2024-02-24T18:25:27.267-0600] {processor.py:161} INFO - Started process (PID=96873) to work on /Users/vamseekrishna/Desktop/F1_Data_Warehouse/f1datawarehouse/lib/python3.9/site-packages/airflow/example_dags/example_nested_branch_dag.py
[2024-02-24T18:25:27.269-0600] {processor.py:830} INFO - Processing file /Users/vamseekrishna/Desktop/F1_Data_Warehouse/f1datawarehouse/lib/python3.9/site-packages/airflow/example_dags/example_nested_branch_dag.py for tasks to queue
[2024-02-24T18:25:27.269-0600] {logging_mixin.py:188} INFO - [2024-02-24T18:25:27.269-0600] {dagbag.py:538} INFO - Filling up the DagBag from /Users/vamseekrishna/Desktop/F1_Data_Warehouse/f1datawarehouse/lib/python3.9/site-packages/airflow/example_dags/example_nested_branch_dag.py
[2024-02-24T18:25:27.286-0600] {processor.py:840} INFO - DAG(s) 'example_nested_branch_dag' retrieved from /Users/vamseekrishna/Desktop/F1_Data_Warehouse/f1datawarehouse/lib/python3.9/site-packages/airflow/example_dags/example_nested_branch_dag.py
[2024-02-24T18:25:27.332-0600] {logging_mixin.py:188} INFO - [2024-02-24T18:25:27.332-0600] {dag.py:3036} INFO - Sync 1 DAGs
[2024-02-24T18:25:27.340-0600] {logging_mixin.py:188} INFO - [2024-02-24T18:25:27.340-0600] {dag.py:3823} INFO - Setting next_dagrun for example_nested_branch_dag to 2024-02-24 00:00:00+00:00, run_after=2024-02-25 00:00:00+00:00
[2024-02-24T18:25:27.348-0600] {processor.py:183} INFO - Processing /Users/vamseekrishna/Desktop/F1_Data_Warehouse/f1datawarehouse/lib/python3.9/site-packages/airflow/example_dags/example_nested_branch_dag.py took 0.081 seconds
[2024-02-24T18:27:30.614-0600] {processor.py:161} INFO - Started process (PID=96971) to work on /Users/vamseekrishna/Desktop/F1_Data_Warehouse/f1datawarehouse/lib/python3.9/site-packages/airflow/example_dags/example_nested_branch_dag.py
[2024-02-24T18:27:30.616-0600] {processor.py:830} INFO - Processing file /Users/vamseekrishna/Desktop/F1_Data_Warehouse/f1datawarehouse/lib/python3.9/site-packages/airflow/example_dags/example_nested_branch_dag.py for tasks to queue
[2024-02-24T18:27:30.617-0600] {logging_mixin.py:188} INFO - [2024-02-24T18:27:30.617-0600] {dagbag.py:538} INFO - Filling up the DagBag from /Users/vamseekrishna/Desktop/F1_Data_Warehouse/f1datawarehouse/lib/python3.9/site-packages/airflow/example_dags/example_nested_branch_dag.py
[2024-02-24T18:27:30.633-0600] {processor.py:840} INFO - DAG(s) 'example_nested_branch_dag' retrieved from /Users/vamseekrishna/Desktop/F1_Data_Warehouse/f1datawarehouse/lib/python3.9/site-packages/airflow/example_dags/example_nested_branch_dag.py
[2024-02-24T18:27:30.680-0600] {logging_mixin.py:188} INFO - [2024-02-24T18:27:30.680-0600] {dag.py:3036} INFO - Sync 1 DAGs
[2024-02-24T18:27:30.688-0600] {logging_mixin.py:188} INFO - [2024-02-24T18:27:30.688-0600] {dag.py:3823} INFO - Setting next_dagrun for example_nested_branch_dag to 2024-02-24 00:00:00+00:00, run_after=2024-02-25 00:00:00+00:00
[2024-02-24T18:27:30.696-0600] {processor.py:183} INFO - Processing /Users/vamseekrishna/Desktop/F1_Data_Warehouse/f1datawarehouse/lib/python3.9/site-packages/airflow/example_dags/example_nested_branch_dag.py took 0.082 seconds
[2024-02-24T18:29:34.827-0600] {processor.py:161} INFO - Started process (PID=97068) to work on /Users/vamseekrishna/Desktop/F1_Data_Warehouse/f1datawarehouse/lib/python3.9/site-packages/airflow/example_dags/example_nested_branch_dag.py
[2024-02-24T18:29:34.830-0600] {processor.py:830} INFO - Processing file /Users/vamseekrishna/Desktop/F1_Data_Warehouse/f1datawarehouse/lib/python3.9/site-packages/airflow/example_dags/example_nested_branch_dag.py for tasks to queue
[2024-02-24T18:29:34.830-0600] {logging_mixin.py:188} INFO - [2024-02-24T18:29:34.830-0600] {dagbag.py:538} INFO - Filling up the DagBag from /Users/vamseekrishna/Desktop/F1_Data_Warehouse/f1datawarehouse/lib/python3.9/site-packages/airflow/example_dags/example_nested_branch_dag.py
[2024-02-24T18:29:34.847-0600] {processor.py:840} INFO - DAG(s) 'example_nested_branch_dag' retrieved from /Users/vamseekrishna/Desktop/F1_Data_Warehouse/f1datawarehouse/lib/python3.9/site-packages/airflow/example_dags/example_nested_branch_dag.py
[2024-02-24T18:29:34.894-0600] {logging_mixin.py:188} INFO - [2024-02-24T18:29:34.893-0600] {dag.py:3036} INFO - Sync 1 DAGs
[2024-02-24T18:29:34.901-0600] {logging_mixin.py:188} INFO - [2024-02-24T18:29:34.901-0600] {dag.py:3823} INFO - Setting next_dagrun for example_nested_branch_dag to 2024-02-24 00:00:00+00:00, run_after=2024-02-25 00:00:00+00:00
[2024-02-24T18:29:34.909-0600] {processor.py:183} INFO - Processing /Users/vamseekrishna/Desktop/F1_Data_Warehouse/f1datawarehouse/lib/python3.9/site-packages/airflow/example_dags/example_nested_branch_dag.py took 0.082 seconds
[2024-02-24T18:31:33.454-0600] {processor.py:161} INFO - Started process (PID=97181) to work on /Users/vamseekrishna/Desktop/F1_Data_Warehouse/f1datawarehouse/lib/python3.9/site-packages/airflow/example_dags/example_nested_branch_dag.py
[2024-02-24T18:31:33.456-0600] {processor.py:830} INFO - Processing file /Users/vamseekrishna/Desktop/F1_Data_Warehouse/f1datawarehouse/lib/python3.9/site-packages/airflow/example_dags/example_nested_branch_dag.py for tasks to queue
[2024-02-24T18:31:33.457-0600] {logging_mixin.py:188} INFO - [2024-02-24T18:31:33.457-0600] {dagbag.py:538} INFO - Filling up the DagBag from /Users/vamseekrishna/Desktop/F1_Data_Warehouse/f1datawarehouse/lib/python3.9/site-packages/airflow/example_dags/example_nested_branch_dag.py
[2024-02-24T18:31:33.474-0600] {processor.py:840} INFO - DAG(s) 'example_nested_branch_dag' retrieved from /Users/vamseekrishna/Desktop/F1_Data_Warehouse/f1datawarehouse/lib/python3.9/site-packages/airflow/example_dags/example_nested_branch_dag.py
[2024-02-24T18:31:33.521-0600] {logging_mixin.py:188} INFO - [2024-02-24T18:31:33.520-0600] {dag.py:3036} INFO - Sync 1 DAGs
[2024-02-24T18:31:33.528-0600] {logging_mixin.py:188} INFO - [2024-02-24T18:31:33.528-0600] {dag.py:3823} INFO - Setting next_dagrun for example_nested_branch_dag to 2024-02-24 00:00:00+00:00, run_after=2024-02-25 00:00:00+00:00
[2024-02-24T18:31:33.536-0600] {processor.py:183} INFO - Processing /Users/vamseekrishna/Desktop/F1_Data_Warehouse/f1datawarehouse/lib/python3.9/site-packages/airflow/example_dags/example_nested_branch_dag.py took 0.082 seconds
[2024-02-24T18:33:29.273-0600] {processor.py:161} INFO - Started process (PID=97285) to work on /Users/vamseekrishna/Desktop/F1_Data_Warehouse/f1datawarehouse/lib/python3.9/site-packages/airflow/example_dags/example_nested_branch_dag.py
[2024-02-24T18:33:29.274-0600] {processor.py:830} INFO - Processing file /Users/vamseekrishna/Desktop/F1_Data_Warehouse/f1datawarehouse/lib/python3.9/site-packages/airflow/example_dags/example_nested_branch_dag.py for tasks to queue
[2024-02-24T18:33:29.275-0600] {logging_mixin.py:188} INFO - [2024-02-24T18:33:29.275-0600] {dagbag.py:538} INFO - Filling up the DagBag from /Users/vamseekrishna/Desktop/F1_Data_Warehouse/f1datawarehouse/lib/python3.9/site-packages/airflow/example_dags/example_nested_branch_dag.py
[2024-02-24T18:33:29.295-0600] {processor.py:840} INFO - DAG(s) 'example_nested_branch_dag' retrieved from /Users/vamseekrishna/Desktop/F1_Data_Warehouse/f1datawarehouse/lib/python3.9/site-packages/airflow/example_dags/example_nested_branch_dag.py
[2024-02-24T18:33:29.343-0600] {logging_mixin.py:188} INFO - [2024-02-24T18:33:29.343-0600] {dag.py:3036} INFO - Sync 1 DAGs
[2024-02-24T18:33:29.350-0600] {logging_mixin.py:188} INFO - [2024-02-24T18:33:29.350-0600] {dag.py:3823} INFO - Setting next_dagrun for example_nested_branch_dag to 2024-02-24 00:00:00+00:00, run_after=2024-02-25 00:00:00+00:00
[2024-02-24T18:33:29.359-0600] {processor.py:183} INFO - Processing /Users/vamseekrishna/Desktop/F1_Data_Warehouse/f1datawarehouse/lib/python3.9/site-packages/airflow/example_dags/example_nested_branch_dag.py took 0.086 seconds
[2024-02-24T18:35:29.890-0600] {processor.py:161} INFO - Started process (PID=97387) to work on /Users/vamseekrishna/Desktop/F1_Data_Warehouse/f1datawarehouse/lib/python3.9/site-packages/airflow/example_dags/example_nested_branch_dag.py
[2024-02-24T18:35:29.892-0600] {processor.py:830} INFO - Processing file /Users/vamseekrishna/Desktop/F1_Data_Warehouse/f1datawarehouse/lib/python3.9/site-packages/airflow/example_dags/example_nested_branch_dag.py for tasks to queue
[2024-02-24T18:35:29.892-0600] {logging_mixin.py:188} INFO - [2024-02-24T18:35:29.892-0600] {dagbag.py:538} INFO - Filling up the DagBag from /Users/vamseekrishna/Desktop/F1_Data_Warehouse/f1datawarehouse/lib/python3.9/site-packages/airflow/example_dags/example_nested_branch_dag.py
[2024-02-24T18:35:29.910-0600] {processor.py:840} INFO - DAG(s) 'example_nested_branch_dag' retrieved from /Users/vamseekrishna/Desktop/F1_Data_Warehouse/f1datawarehouse/lib/python3.9/site-packages/airflow/example_dags/example_nested_branch_dag.py
[2024-02-24T18:35:29.957-0600] {logging_mixin.py:188} INFO - [2024-02-24T18:35:29.957-0600] {dag.py:3036} INFO - Sync 1 DAGs
[2024-02-24T18:35:29.965-0600] {logging_mixin.py:188} INFO - [2024-02-24T18:35:29.964-0600] {dag.py:3823} INFO - Setting next_dagrun for example_nested_branch_dag to 2024-02-24 00:00:00+00:00, run_after=2024-02-25 00:00:00+00:00
[2024-02-24T18:35:29.972-0600] {processor.py:183} INFO - Processing /Users/vamseekrishna/Desktop/F1_Data_Warehouse/f1datawarehouse/lib/python3.9/site-packages/airflow/example_dags/example_nested_branch_dag.py took 0.083 seconds
[2024-02-24T18:37:30.533-0600] {processor.py:161} INFO - Started process (PID=97504) to work on /Users/vamseekrishna/Desktop/F1_Data_Warehouse/f1datawarehouse/lib/python3.9/site-packages/airflow/example_dags/example_nested_branch_dag.py
[2024-02-24T18:37:30.535-0600] {processor.py:830} INFO - Processing file /Users/vamseekrishna/Desktop/F1_Data_Warehouse/f1datawarehouse/lib/python3.9/site-packages/airflow/example_dags/example_nested_branch_dag.py for tasks to queue
[2024-02-24T18:37:30.535-0600] {logging_mixin.py:188} INFO - [2024-02-24T18:37:30.535-0600] {dagbag.py:538} INFO - Filling up the DagBag from /Users/vamseekrishna/Desktop/F1_Data_Warehouse/f1datawarehouse/lib/python3.9/site-packages/airflow/example_dags/example_nested_branch_dag.py
[2024-02-24T18:37:30.552-0600] {processor.py:840} INFO - DAG(s) 'example_nested_branch_dag' retrieved from /Users/vamseekrishna/Desktop/F1_Data_Warehouse/f1datawarehouse/lib/python3.9/site-packages/airflow/example_dags/example_nested_branch_dag.py
[2024-02-24T18:37:30.601-0600] {logging_mixin.py:188} INFO - [2024-02-24T18:37:30.601-0600] {dag.py:3036} INFO - Sync 1 DAGs
[2024-02-24T18:37:30.608-0600] {logging_mixin.py:188} INFO - [2024-02-24T18:37:30.608-0600] {dag.py:3823} INFO - Setting next_dagrun for example_nested_branch_dag to 2024-02-24 00:00:00+00:00, run_after=2024-02-25 00:00:00+00:00
[2024-02-24T18:37:30.616-0600] {processor.py:183} INFO - Processing /Users/vamseekrishna/Desktop/F1_Data_Warehouse/f1datawarehouse/lib/python3.9/site-packages/airflow/example_dags/example_nested_branch_dag.py took 0.083 seconds
[2024-02-24T18:39:32.553-0600] {processor.py:161} INFO - Started process (PID=97600) to work on /Users/vamseekrishna/Desktop/F1_Data_Warehouse/f1datawarehouse/lib/python3.9/site-packages/airflow/example_dags/example_nested_branch_dag.py
[2024-02-24T18:39:32.556-0600] {processor.py:830} INFO - Processing file /Users/vamseekrishna/Desktop/F1_Data_Warehouse/f1datawarehouse/lib/python3.9/site-packages/airflow/example_dags/example_nested_branch_dag.py for tasks to queue
[2024-02-24T18:39:32.556-0600] {logging_mixin.py:188} INFO - [2024-02-24T18:39:32.556-0600] {dagbag.py:538} INFO - Filling up the DagBag from /Users/vamseekrishna/Desktop/F1_Data_Warehouse/f1datawarehouse/lib/python3.9/site-packages/airflow/example_dags/example_nested_branch_dag.py
[2024-02-24T18:39:32.579-0600] {processor.py:840} INFO - DAG(s) 'example_nested_branch_dag' retrieved from /Users/vamseekrishna/Desktop/F1_Data_Warehouse/f1datawarehouse/lib/python3.9/site-packages/airflow/example_dags/example_nested_branch_dag.py
[2024-02-24T18:39:32.626-0600] {logging_mixin.py:188} INFO - [2024-02-24T18:39:32.626-0600] {dag.py:3036} INFO - Sync 1 DAGs
[2024-02-24T18:39:32.633-0600] {logging_mixin.py:188} INFO - [2024-02-24T18:39:32.633-0600] {dag.py:3823} INFO - Setting next_dagrun for example_nested_branch_dag to 2024-02-24 00:00:00+00:00, run_after=2024-02-25 00:00:00+00:00
[2024-02-24T18:39:32.641-0600] {processor.py:183} INFO - Processing /Users/vamseekrishna/Desktop/F1_Data_Warehouse/f1datawarehouse/lib/python3.9/site-packages/airflow/example_dags/example_nested_branch_dag.py took 0.089 seconds
[2024-02-24T18:41:34.160-0600] {processor.py:161} INFO - Started process (PID=97687) to work on /Users/vamseekrishna/Desktop/F1_Data_Warehouse/f1datawarehouse/lib/python3.9/site-packages/airflow/example_dags/example_nested_branch_dag.py
[2024-02-24T18:41:34.162-0600] {processor.py:830} INFO - Processing file /Users/vamseekrishna/Desktop/F1_Data_Warehouse/f1datawarehouse/lib/python3.9/site-packages/airflow/example_dags/example_nested_branch_dag.py for tasks to queue
[2024-02-24T18:41:34.162-0600] {logging_mixin.py:188} INFO - [2024-02-24T18:41:34.162-0600] {dagbag.py:538} INFO - Filling up the DagBag from /Users/vamseekrishna/Desktop/F1_Data_Warehouse/f1datawarehouse/lib/python3.9/site-packages/airflow/example_dags/example_nested_branch_dag.py
[2024-02-24T18:41:34.179-0600] {processor.py:840} INFO - DAG(s) 'example_nested_branch_dag' retrieved from /Users/vamseekrishna/Desktop/F1_Data_Warehouse/f1datawarehouse/lib/python3.9/site-packages/airflow/example_dags/example_nested_branch_dag.py
[2024-02-24T18:41:34.226-0600] {logging_mixin.py:188} INFO - [2024-02-24T18:41:34.226-0600] {dag.py:3036} INFO - Sync 1 DAGs
[2024-02-24T18:41:34.234-0600] {logging_mixin.py:188} INFO - [2024-02-24T18:41:34.234-0600] {dag.py:3823} INFO - Setting next_dagrun for example_nested_branch_dag to 2024-02-24 00:00:00+00:00, run_after=2024-02-25 00:00:00+00:00
[2024-02-24T18:41:34.242-0600] {processor.py:183} INFO - Processing /Users/vamseekrishna/Desktop/F1_Data_Warehouse/f1datawarehouse/lib/python3.9/site-packages/airflow/example_dags/example_nested_branch_dag.py took 0.082 seconds
[2024-02-24T18:43:31.087-0600] {processor.py:161} INFO - Started process (PID=97783) to work on /Users/vamseekrishna/Desktop/F1_Data_Warehouse/f1datawarehouse/lib/python3.9/site-packages/airflow/example_dags/example_nested_branch_dag.py
[2024-02-24T18:43:31.089-0600] {processor.py:830} INFO - Processing file /Users/vamseekrishna/Desktop/F1_Data_Warehouse/f1datawarehouse/lib/python3.9/site-packages/airflow/example_dags/example_nested_branch_dag.py for tasks to queue
[2024-02-24T18:43:31.089-0600] {logging_mixin.py:188} INFO - [2024-02-24T18:43:31.089-0600] {dagbag.py:538} INFO - Filling up the DagBag from /Users/vamseekrishna/Desktop/F1_Data_Warehouse/f1datawarehouse/lib/python3.9/site-packages/airflow/example_dags/example_nested_branch_dag.py
[2024-02-24T18:43:31.107-0600] {processor.py:840} INFO - DAG(s) 'example_nested_branch_dag' retrieved from /Users/vamseekrishna/Desktop/F1_Data_Warehouse/f1datawarehouse/lib/python3.9/site-packages/airflow/example_dags/example_nested_branch_dag.py
[2024-02-24T18:43:31.154-0600] {logging_mixin.py:188} INFO - [2024-02-24T18:43:31.154-0600] {dag.py:3036} INFO - Sync 1 DAGs
[2024-02-24T18:43:31.161-0600] {logging_mixin.py:188} INFO - [2024-02-24T18:43:31.161-0600] {dag.py:3823} INFO - Setting next_dagrun for example_nested_branch_dag to 2024-02-24 00:00:00+00:00, run_after=2024-02-25 00:00:00+00:00
[2024-02-24T18:43:31.169-0600] {processor.py:183} INFO - Processing /Users/vamseekrishna/Desktop/F1_Data_Warehouse/f1datawarehouse/lib/python3.9/site-packages/airflow/example_dags/example_nested_branch_dag.py took 0.083 seconds
[2024-02-24T18:45:34.609-0600] {processor.py:161} INFO - Started process (PID=97902) to work on /Users/vamseekrishna/Desktop/F1_Data_Warehouse/f1datawarehouse/lib/python3.9/site-packages/airflow/example_dags/example_nested_branch_dag.py
[2024-02-24T18:45:34.611-0600] {processor.py:830} INFO - Processing file /Users/vamseekrishna/Desktop/F1_Data_Warehouse/f1datawarehouse/lib/python3.9/site-packages/airflow/example_dags/example_nested_branch_dag.py for tasks to queue
[2024-02-24T18:45:34.612-0600] {logging_mixin.py:188} INFO - [2024-02-24T18:45:34.612-0600] {dagbag.py:538} INFO - Filling up the DagBag from /Users/vamseekrishna/Desktop/F1_Data_Warehouse/f1datawarehouse/lib/python3.9/site-packages/airflow/example_dags/example_nested_branch_dag.py
[2024-02-24T18:45:34.628-0600] {processor.py:840} INFO - DAG(s) 'example_nested_branch_dag' retrieved from /Users/vamseekrishna/Desktop/F1_Data_Warehouse/f1datawarehouse/lib/python3.9/site-packages/airflow/example_dags/example_nested_branch_dag.py
[2024-02-24T18:45:34.678-0600] {logging_mixin.py:188} INFO - [2024-02-24T18:45:34.678-0600] {dag.py:3036} INFO - Sync 1 DAGs
[2024-02-24T18:45:34.685-0600] {logging_mixin.py:188} INFO - [2024-02-24T18:45:34.685-0600] {dag.py:3823} INFO - Setting next_dagrun for example_nested_branch_dag to 2024-02-24 00:00:00+00:00, run_after=2024-02-25 00:00:00+00:00
[2024-02-24T18:45:34.694-0600] {processor.py:183} INFO - Processing /Users/vamseekrishna/Desktop/F1_Data_Warehouse/f1datawarehouse/lib/python3.9/site-packages/airflow/example_dags/example_nested_branch_dag.py took 0.085 seconds
[2024-02-24T18:47:38.123-0600] {processor.py:161} INFO - Started process (PID=98000) to work on /Users/vamseekrishna/Desktop/F1_Data_Warehouse/f1datawarehouse/lib/python3.9/site-packages/airflow/example_dags/example_nested_branch_dag.py
[2024-02-24T18:47:38.125-0600] {processor.py:830} INFO - Processing file /Users/vamseekrishna/Desktop/F1_Data_Warehouse/f1datawarehouse/lib/python3.9/site-packages/airflow/example_dags/example_nested_branch_dag.py for tasks to queue
[2024-02-24T18:47:38.126-0600] {logging_mixin.py:188} INFO - [2024-02-24T18:47:38.126-0600] {dagbag.py:538} INFO - Filling up the DagBag from /Users/vamseekrishna/Desktop/F1_Data_Warehouse/f1datawarehouse/lib/python3.9/site-packages/airflow/example_dags/example_nested_branch_dag.py
[2024-02-24T18:47:38.143-0600] {processor.py:840} INFO - DAG(s) 'example_nested_branch_dag' retrieved from /Users/vamseekrishna/Desktop/F1_Data_Warehouse/f1datawarehouse/lib/python3.9/site-packages/airflow/example_dags/example_nested_branch_dag.py
[2024-02-24T18:47:38.209-0600] {logging_mixin.py:188} INFO - [2024-02-24T18:47:38.208-0600] {dag.py:3036} INFO - Sync 1 DAGs
[2024-02-24T18:47:38.228-0600] {logging_mixin.py:188} INFO - [2024-02-24T18:47:38.228-0600] {dag.py:3823} INFO - Setting next_dagrun for example_nested_branch_dag to 2024-02-24 00:00:00+00:00, run_after=2024-02-25 00:00:00+00:00
[2024-02-24T18:47:38.238-0600] {processor.py:183} INFO - Processing /Users/vamseekrishna/Desktop/F1_Data_Warehouse/f1datawarehouse/lib/python3.9/site-packages/airflow/example_dags/example_nested_branch_dag.py took 0.115 seconds
[2024-02-24T18:49:38.029-0600] {processor.py:161} INFO - Started process (PID=98089) to work on /Users/vamseekrishna/Desktop/F1_Data_Warehouse/f1datawarehouse/lib/python3.9/site-packages/airflow/example_dags/example_nested_branch_dag.py
[2024-02-24T18:49:38.031-0600] {processor.py:830} INFO - Processing file /Users/vamseekrishna/Desktop/F1_Data_Warehouse/f1datawarehouse/lib/python3.9/site-packages/airflow/example_dags/example_nested_branch_dag.py for tasks to queue
[2024-02-24T18:49:38.032-0600] {logging_mixin.py:188} INFO - [2024-02-24T18:49:38.032-0600] {dagbag.py:538} INFO - Filling up the DagBag from /Users/vamseekrishna/Desktop/F1_Data_Warehouse/f1datawarehouse/lib/python3.9/site-packages/airflow/example_dags/example_nested_branch_dag.py
[2024-02-24T18:49:38.049-0600] {processor.py:840} INFO - DAG(s) 'example_nested_branch_dag' retrieved from /Users/vamseekrishna/Desktop/F1_Data_Warehouse/f1datawarehouse/lib/python3.9/site-packages/airflow/example_dags/example_nested_branch_dag.py
[2024-02-24T18:49:38.096-0600] {logging_mixin.py:188} INFO - [2024-02-24T18:49:38.096-0600] {dag.py:3036} INFO - Sync 1 DAGs
[2024-02-24T18:49:38.103-0600] {logging_mixin.py:188} INFO - [2024-02-24T18:49:38.103-0600] {dag.py:3823} INFO - Setting next_dagrun for example_nested_branch_dag to 2024-02-24 00:00:00+00:00, run_after=2024-02-25 00:00:00+00:00
[2024-02-24T18:49:38.111-0600] {processor.py:183} INFO - Processing /Users/vamseekrishna/Desktop/F1_Data_Warehouse/f1datawarehouse/lib/python3.9/site-packages/airflow/example_dags/example_nested_branch_dag.py took 0.083 seconds
[2024-02-24T18:51:35.146-0600] {processor.py:161} INFO - Started process (PID=98174) to work on /Users/vamseekrishna/Desktop/F1_Data_Warehouse/f1datawarehouse/lib/python3.9/site-packages/airflow/example_dags/example_nested_branch_dag.py
[2024-02-24T18:51:35.149-0600] {processor.py:830} INFO - Processing file /Users/vamseekrishna/Desktop/F1_Data_Warehouse/f1datawarehouse/lib/python3.9/site-packages/airflow/example_dags/example_nested_branch_dag.py for tasks to queue
[2024-02-24T18:51:35.149-0600] {logging_mixin.py:188} INFO - [2024-02-24T18:51:35.149-0600] {dagbag.py:538} INFO - Filling up the DagBag from /Users/vamseekrishna/Desktop/F1_Data_Warehouse/f1datawarehouse/lib/python3.9/site-packages/airflow/example_dags/example_nested_branch_dag.py
[2024-02-24T18:51:35.166-0600] {processor.py:840} INFO - DAG(s) 'example_nested_branch_dag' retrieved from /Users/vamseekrishna/Desktop/F1_Data_Warehouse/f1datawarehouse/lib/python3.9/site-packages/airflow/example_dags/example_nested_branch_dag.py
[2024-02-24T18:51:35.214-0600] {logging_mixin.py:188} INFO - [2024-02-24T18:51:35.214-0600] {dag.py:3036} INFO - Sync 1 DAGs
[2024-02-24T18:51:35.221-0600] {logging_mixin.py:188} INFO - [2024-02-24T18:51:35.221-0600] {dag.py:3823} INFO - Setting next_dagrun for example_nested_branch_dag to 2024-02-24 00:00:00+00:00, run_after=2024-02-25 00:00:00+00:00
[2024-02-24T18:51:35.229-0600] {processor.py:183} INFO - Processing /Users/vamseekrishna/Desktop/F1_Data_Warehouse/f1datawarehouse/lib/python3.9/site-packages/airflow/example_dags/example_nested_branch_dag.py took 0.083 seconds
[2024-02-24T18:53:34.395-0600] {processor.py:161} INFO - Started process (PID=98276) to work on /Users/vamseekrishna/Desktop/F1_Data_Warehouse/f1datawarehouse/lib/python3.9/site-packages/airflow/example_dags/example_nested_branch_dag.py
[2024-02-24T18:53:34.398-0600] {processor.py:830} INFO - Processing file /Users/vamseekrishna/Desktop/F1_Data_Warehouse/f1datawarehouse/lib/python3.9/site-packages/airflow/example_dags/example_nested_branch_dag.py for tasks to queue
[2024-02-24T18:53:34.398-0600] {logging_mixin.py:188} INFO - [2024-02-24T18:53:34.398-0600] {dagbag.py:538} INFO - Filling up the DagBag from /Users/vamseekrishna/Desktop/F1_Data_Warehouse/f1datawarehouse/lib/python3.9/site-packages/airflow/example_dags/example_nested_branch_dag.py
[2024-02-24T18:53:34.415-0600] {processor.py:840} INFO - DAG(s) 'example_nested_branch_dag' retrieved from /Users/vamseekrishna/Desktop/F1_Data_Warehouse/f1datawarehouse/lib/python3.9/site-packages/airflow/example_dags/example_nested_branch_dag.py
[2024-02-24T18:53:34.465-0600] {logging_mixin.py:188} INFO - [2024-02-24T18:53:34.465-0600] {dag.py:3036} INFO - Sync 1 DAGs
[2024-02-24T18:53:34.472-0600] {logging_mixin.py:188} INFO - [2024-02-24T18:53:34.472-0600] {dag.py:3823} INFO - Setting next_dagrun for example_nested_branch_dag to 2024-02-24 00:00:00+00:00, run_after=2024-02-25 00:00:00+00:00
[2024-02-24T18:53:34.481-0600] {processor.py:183} INFO - Processing /Users/vamseekrishna/Desktop/F1_Data_Warehouse/f1datawarehouse/lib/python3.9/site-packages/airflow/example_dags/example_nested_branch_dag.py took 0.086 seconds
[2024-02-24T18:55:35.963-0600] {processor.py:161} INFO - Started process (PID=98383) to work on /Users/vamseekrishna/Desktop/F1_Data_Warehouse/f1datawarehouse/lib/python3.9/site-packages/airflow/example_dags/example_nested_branch_dag.py
[2024-02-24T18:55:35.965-0600] {processor.py:830} INFO - Processing file /Users/vamseekrishna/Desktop/F1_Data_Warehouse/f1datawarehouse/lib/python3.9/site-packages/airflow/example_dags/example_nested_branch_dag.py for tasks to queue
[2024-02-24T18:55:35.965-0600] {logging_mixin.py:188} INFO - [2024-02-24T18:55:35.965-0600] {dagbag.py:538} INFO - Filling up the DagBag from /Users/vamseekrishna/Desktop/F1_Data_Warehouse/f1datawarehouse/lib/python3.9/site-packages/airflow/example_dags/example_nested_branch_dag.py
[2024-02-24T18:55:35.982-0600] {processor.py:840} INFO - DAG(s) 'example_nested_branch_dag' retrieved from /Users/vamseekrishna/Desktop/F1_Data_Warehouse/f1datawarehouse/lib/python3.9/site-packages/airflow/example_dags/example_nested_branch_dag.py
[2024-02-24T18:55:36.029-0600] {logging_mixin.py:188} INFO - [2024-02-24T18:55:36.029-0600] {dag.py:3036} INFO - Sync 1 DAGs
[2024-02-24T18:55:36.038-0600] {logging_mixin.py:188} INFO - [2024-02-24T18:55:36.037-0600] {dag.py:3823} INFO - Setting next_dagrun for example_nested_branch_dag to 2024-02-24 00:00:00+00:00, run_after=2024-02-25 00:00:00+00:00
[2024-02-24T18:55:36.047-0600] {processor.py:183} INFO - Processing /Users/vamseekrishna/Desktop/F1_Data_Warehouse/f1datawarehouse/lib/python3.9/site-packages/airflow/example_dags/example_nested_branch_dag.py took 0.084 seconds
[2024-02-24T18:57:37.627-0600] {processor.py:161} INFO - Started process (PID=98475) to work on /Users/vamseekrishna/Desktop/F1_Data_Warehouse/f1datawarehouse/lib/python3.9/site-packages/airflow/example_dags/example_nested_branch_dag.py
[2024-02-24T18:57:37.629-0600] {processor.py:830} INFO - Processing file /Users/vamseekrishna/Desktop/F1_Data_Warehouse/f1datawarehouse/lib/python3.9/site-packages/airflow/example_dags/example_nested_branch_dag.py for tasks to queue
[2024-02-24T18:57:37.629-0600] {logging_mixin.py:188} INFO - [2024-02-24T18:57:37.629-0600] {dagbag.py:538} INFO - Filling up the DagBag from /Users/vamseekrishna/Desktop/F1_Data_Warehouse/f1datawarehouse/lib/python3.9/site-packages/airflow/example_dags/example_nested_branch_dag.py
[2024-02-24T18:57:37.646-0600] {processor.py:840} INFO - DAG(s) 'example_nested_branch_dag' retrieved from /Users/vamseekrishna/Desktop/F1_Data_Warehouse/f1datawarehouse/lib/python3.9/site-packages/airflow/example_dags/example_nested_branch_dag.py
[2024-02-24T18:57:37.694-0600] {logging_mixin.py:188} INFO - [2024-02-24T18:57:37.694-0600] {dag.py:3036} INFO - Sync 1 DAGs
[2024-02-24T18:57:37.701-0600] {logging_mixin.py:188} INFO - [2024-02-24T18:57:37.701-0600] {dag.py:3823} INFO - Setting next_dagrun for example_nested_branch_dag to 2024-02-24 00:00:00+00:00, run_after=2024-02-25 00:00:00+00:00
[2024-02-24T18:57:37.709-0600] {processor.py:183} INFO - Processing /Users/vamseekrishna/Desktop/F1_Data_Warehouse/f1datawarehouse/lib/python3.9/site-packages/airflow/example_dags/example_nested_branch_dag.py took 0.083 seconds
[2024-02-24T18:59:37.018-0600] {processor.py:161} INFO - Started process (PID=98589) to work on /Users/vamseekrishna/Desktop/F1_Data_Warehouse/f1datawarehouse/lib/python3.9/site-packages/airflow/example_dags/example_nested_branch_dag.py
[2024-02-24T18:59:37.020-0600] {processor.py:830} INFO - Processing file /Users/vamseekrishna/Desktop/F1_Data_Warehouse/f1datawarehouse/lib/python3.9/site-packages/airflow/example_dags/example_nested_branch_dag.py for tasks to queue
[2024-02-24T18:59:37.020-0600] {logging_mixin.py:188} INFO - [2024-02-24T18:59:37.020-0600] {dagbag.py:538} INFO - Filling up the DagBag from /Users/vamseekrishna/Desktop/F1_Data_Warehouse/f1datawarehouse/lib/python3.9/site-packages/airflow/example_dags/example_nested_branch_dag.py
[2024-02-24T18:59:37.037-0600] {processor.py:840} INFO - DAG(s) 'example_nested_branch_dag' retrieved from /Users/vamseekrishna/Desktop/F1_Data_Warehouse/f1datawarehouse/lib/python3.9/site-packages/airflow/example_dags/example_nested_branch_dag.py
[2024-02-24T18:59:37.085-0600] {logging_mixin.py:188} INFO - [2024-02-24T18:59:37.085-0600] {dag.py:3036} INFO - Sync 1 DAGs
[2024-02-24T18:59:37.093-0600] {logging_mixin.py:188} INFO - [2024-02-24T18:59:37.092-0600] {dag.py:3823} INFO - Setting next_dagrun for example_nested_branch_dag to 2024-02-24 00:00:00+00:00, run_after=2024-02-25 00:00:00+00:00
[2024-02-24T18:59:37.100-0600] {processor.py:183} INFO - Processing /Users/vamseekrishna/Desktop/F1_Data_Warehouse/f1datawarehouse/lib/python3.9/site-packages/airflow/example_dags/example_nested_branch_dag.py took 0.083 seconds
[2024-02-24T19:01:41.432-0600] {processor.py:161} INFO - Started process (PID=98794) to work on /Users/vamseekrishna/Desktop/F1_Data_Warehouse/f1datawarehouse/lib/python3.9/site-packages/airflow/example_dags/example_nested_branch_dag.py
[2024-02-24T19:01:41.434-0600] {processor.py:830} INFO - Processing file /Users/vamseekrishna/Desktop/F1_Data_Warehouse/f1datawarehouse/lib/python3.9/site-packages/airflow/example_dags/example_nested_branch_dag.py for tasks to queue
[2024-02-24T19:01:41.434-0600] {logging_mixin.py:188} INFO - [2024-02-24T19:01:41.434-0600] {dagbag.py:538} INFO - Filling up the DagBag from /Users/vamseekrishna/Desktop/F1_Data_Warehouse/f1datawarehouse/lib/python3.9/site-packages/airflow/example_dags/example_nested_branch_dag.py
[2024-02-24T19:01:41.451-0600] {processor.py:840} INFO - DAG(s) 'example_nested_branch_dag' retrieved from /Users/vamseekrishna/Desktop/F1_Data_Warehouse/f1datawarehouse/lib/python3.9/site-packages/airflow/example_dags/example_nested_branch_dag.py
[2024-02-24T19:01:41.499-0600] {logging_mixin.py:188} INFO - [2024-02-24T19:01:41.499-0600] {dag.py:3036} INFO - Sync 1 DAGs
[2024-02-24T19:01:41.507-0600] {logging_mixin.py:188} INFO - [2024-02-24T19:01:41.507-0600] {dag.py:3823} INFO - Setting next_dagrun for example_nested_branch_dag to 2024-02-24 00:00:00+00:00, run_after=2024-02-25 00:00:00+00:00
[2024-02-24T19:01:41.514-0600] {processor.py:183} INFO - Processing /Users/vamseekrishna/Desktop/F1_Data_Warehouse/f1datawarehouse/lib/python3.9/site-packages/airflow/example_dags/example_nested_branch_dag.py took 0.083 seconds
[2024-02-24T19:03:40.159-0600] {processor.py:161} INFO - Started process (PID=98905) to work on /Users/vamseekrishna/Desktop/F1_Data_Warehouse/f1datawarehouse/lib/python3.9/site-packages/airflow/example_dags/example_nested_branch_dag.py
[2024-02-24T19:03:40.161-0600] {processor.py:830} INFO - Processing file /Users/vamseekrishna/Desktop/F1_Data_Warehouse/f1datawarehouse/lib/python3.9/site-packages/airflow/example_dags/example_nested_branch_dag.py for tasks to queue
[2024-02-24T19:03:40.161-0600] {logging_mixin.py:188} INFO - [2024-02-24T19:03:40.161-0600] {dagbag.py:538} INFO - Filling up the DagBag from /Users/vamseekrishna/Desktop/F1_Data_Warehouse/f1datawarehouse/lib/python3.9/site-packages/airflow/example_dags/example_nested_branch_dag.py
[2024-02-24T19:03:40.178-0600] {processor.py:840} INFO - DAG(s) 'example_nested_branch_dag' retrieved from /Users/vamseekrishna/Desktop/F1_Data_Warehouse/f1datawarehouse/lib/python3.9/site-packages/airflow/example_dags/example_nested_branch_dag.py
[2024-02-24T19:03:40.225-0600] {logging_mixin.py:188} INFO - [2024-02-24T19:03:40.225-0600] {dag.py:3036} INFO - Sync 1 DAGs
[2024-02-24T19:03:40.232-0600] {logging_mixin.py:188} INFO - [2024-02-24T19:03:40.232-0600] {dag.py:3823} INFO - Setting next_dagrun for example_nested_branch_dag to 2024-02-24 00:00:00+00:00, run_after=2024-02-25 00:00:00+00:00
[2024-02-24T19:03:40.240-0600] {processor.py:183} INFO - Processing /Users/vamseekrishna/Desktop/F1_Data_Warehouse/f1datawarehouse/lib/python3.9/site-packages/airflow/example_dags/example_nested_branch_dag.py took 0.082 seconds
[2024-02-24T19:05:32.082-0600] {processor.py:161} INFO - Started process (PID=99004) to work on /Users/vamseekrishna/Desktop/F1_Data_Warehouse/f1datawarehouse/lib/python3.9/site-packages/airflow/example_dags/example_nested_branch_dag.py
[2024-02-24T19:05:32.083-0600] {processor.py:830} INFO - Processing file /Users/vamseekrishna/Desktop/F1_Data_Warehouse/f1datawarehouse/lib/python3.9/site-packages/airflow/example_dags/example_nested_branch_dag.py for tasks to queue
[2024-02-24T19:05:32.084-0600] {logging_mixin.py:188} INFO - [2024-02-24T19:05:32.084-0600] {dagbag.py:538} INFO - Filling up the DagBag from /Users/vamseekrishna/Desktop/F1_Data_Warehouse/f1datawarehouse/lib/python3.9/site-packages/airflow/example_dags/example_nested_branch_dag.py
[2024-02-24T19:05:32.107-0600] {processor.py:840} INFO - DAG(s) 'example_nested_branch_dag' retrieved from /Users/vamseekrishna/Desktop/F1_Data_Warehouse/f1datawarehouse/lib/python3.9/site-packages/airflow/example_dags/example_nested_branch_dag.py
[2024-02-24T19:05:32.157-0600] {logging_mixin.py:188} INFO - [2024-02-24T19:05:32.157-0600] {dag.py:3036} INFO - Sync 1 DAGs
[2024-02-24T19:05:32.164-0600] {logging_mixin.py:188} INFO - [2024-02-24T19:05:32.164-0600] {dag.py:3823} INFO - Setting next_dagrun for example_nested_branch_dag to 2024-02-24 00:00:00+00:00, run_after=2024-02-25 00:00:00+00:00
[2024-02-24T19:05:32.173-0600] {processor.py:183} INFO - Processing /Users/vamseekrishna/Desktop/F1_Data_Warehouse/f1datawarehouse/lib/python3.9/site-packages/airflow/example_dags/example_nested_branch_dag.py took 0.092 seconds
[2024-02-24T19:07:35.121-0600] {processor.py:161} INFO - Started process (PID=99107) to work on /Users/vamseekrishna/Desktop/F1_Data_Warehouse/f1datawarehouse/lib/python3.9/site-packages/airflow/example_dags/example_nested_branch_dag.py
[2024-02-24T19:07:35.123-0600] {processor.py:830} INFO - Processing file /Users/vamseekrishna/Desktop/F1_Data_Warehouse/f1datawarehouse/lib/python3.9/site-packages/airflow/example_dags/example_nested_branch_dag.py for tasks to queue
[2024-02-24T19:07:35.124-0600] {logging_mixin.py:188} INFO - [2024-02-24T19:07:35.124-0600] {dagbag.py:538} INFO - Filling up the DagBag from /Users/vamseekrishna/Desktop/F1_Data_Warehouse/f1datawarehouse/lib/python3.9/site-packages/airflow/example_dags/example_nested_branch_dag.py
[2024-02-24T19:07:35.141-0600] {processor.py:840} INFO - DAG(s) 'example_nested_branch_dag' retrieved from /Users/vamseekrishna/Desktop/F1_Data_Warehouse/f1datawarehouse/lib/python3.9/site-packages/airflow/example_dags/example_nested_branch_dag.py
[2024-02-24T19:07:35.189-0600] {logging_mixin.py:188} INFO - [2024-02-24T19:07:35.189-0600] {dag.py:3036} INFO - Sync 1 DAGs
[2024-02-24T19:07:35.197-0600] {logging_mixin.py:188} INFO - [2024-02-24T19:07:35.197-0600] {dag.py:3823} INFO - Setting next_dagrun for example_nested_branch_dag to 2024-02-24 00:00:00+00:00, run_after=2024-02-25 00:00:00+00:00
[2024-02-24T19:07:35.206-0600] {processor.py:183} INFO - Processing /Users/vamseekrishna/Desktop/F1_Data_Warehouse/f1datawarehouse/lib/python3.9/site-packages/airflow/example_dags/example_nested_branch_dag.py took 0.085 seconds
[2024-02-24T19:09:30.637-0600] {processor.py:161} INFO - Started process (PID=99209) to work on /Users/vamseekrishna/Desktop/F1_Data_Warehouse/f1datawarehouse/lib/python3.9/site-packages/airflow/example_dags/example_nested_branch_dag.py
[2024-02-24T19:09:30.639-0600] {processor.py:830} INFO - Processing file /Users/vamseekrishna/Desktop/F1_Data_Warehouse/f1datawarehouse/lib/python3.9/site-packages/airflow/example_dags/example_nested_branch_dag.py for tasks to queue
[2024-02-24T19:09:30.639-0600] {logging_mixin.py:188} INFO - [2024-02-24T19:09:30.639-0600] {dagbag.py:538} INFO - Filling up the DagBag from /Users/vamseekrishna/Desktop/F1_Data_Warehouse/f1datawarehouse/lib/python3.9/site-packages/airflow/example_dags/example_nested_branch_dag.py
[2024-02-24T19:09:30.660-0600] {processor.py:840} INFO - DAG(s) 'example_nested_branch_dag' retrieved from /Users/vamseekrishna/Desktop/F1_Data_Warehouse/f1datawarehouse/lib/python3.9/site-packages/airflow/example_dags/example_nested_branch_dag.py
[2024-02-24T19:09:30.711-0600] {logging_mixin.py:188} INFO - [2024-02-24T19:09:30.711-0600] {dag.py:3036} INFO - Sync 1 DAGs
[2024-02-24T19:09:30.719-0600] {logging_mixin.py:188} INFO - [2024-02-24T19:09:30.719-0600] {dag.py:3823} INFO - Setting next_dagrun for example_nested_branch_dag to 2024-02-24 00:00:00+00:00, run_after=2024-02-25 00:00:00+00:00
[2024-02-24T19:09:30.727-0600] {processor.py:183} INFO - Processing /Users/vamseekrishna/Desktop/F1_Data_Warehouse/f1datawarehouse/lib/python3.9/site-packages/airflow/example_dags/example_nested_branch_dag.py took 0.091 seconds
[2024-02-24T19:11:25.568-0600] {processor.py:161} INFO - Started process (PID=99308) to work on /Users/vamseekrishna/Desktop/F1_Data_Warehouse/f1datawarehouse/lib/python3.9/site-packages/airflow/example_dags/example_nested_branch_dag.py
[2024-02-24T19:11:25.569-0600] {processor.py:830} INFO - Processing file /Users/vamseekrishna/Desktop/F1_Data_Warehouse/f1datawarehouse/lib/python3.9/site-packages/airflow/example_dags/example_nested_branch_dag.py for tasks to queue
[2024-02-24T19:11:25.570-0600] {logging_mixin.py:188} INFO - [2024-02-24T19:11:25.570-0600] {dagbag.py:538} INFO - Filling up the DagBag from /Users/vamseekrishna/Desktop/F1_Data_Warehouse/f1datawarehouse/lib/python3.9/site-packages/airflow/example_dags/example_nested_branch_dag.py
[2024-02-24T19:11:25.587-0600] {processor.py:840} INFO - DAG(s) 'example_nested_branch_dag' retrieved from /Users/vamseekrishna/Desktop/F1_Data_Warehouse/f1datawarehouse/lib/python3.9/site-packages/airflow/example_dags/example_nested_branch_dag.py
[2024-02-24T19:11:25.634-0600] {logging_mixin.py:188} INFO - [2024-02-24T19:11:25.634-0600] {dag.py:3036} INFO - Sync 1 DAGs
[2024-02-24T19:11:25.642-0600] {logging_mixin.py:188} INFO - [2024-02-24T19:11:25.641-0600] {dag.py:3823} INFO - Setting next_dagrun for example_nested_branch_dag to 2024-02-24 00:00:00+00:00, run_after=2024-02-25 00:00:00+00:00
[2024-02-24T19:11:25.649-0600] {processor.py:183} INFO - Processing /Users/vamseekrishna/Desktop/F1_Data_Warehouse/f1datawarehouse/lib/python3.9/site-packages/airflow/example_dags/example_nested_branch_dag.py took 0.082 seconds
[2024-02-24T19:13:29.905-0600] {processor.py:161} INFO - Started process (PID=99404) to work on /Users/vamseekrishna/Desktop/F1_Data_Warehouse/f1datawarehouse/lib/python3.9/site-packages/airflow/example_dags/example_nested_branch_dag.py
[2024-02-24T19:13:29.907-0600] {processor.py:830} INFO - Processing file /Users/vamseekrishna/Desktop/F1_Data_Warehouse/f1datawarehouse/lib/python3.9/site-packages/airflow/example_dags/example_nested_branch_dag.py for tasks to queue
[2024-02-24T19:13:29.907-0600] {logging_mixin.py:188} INFO - [2024-02-24T19:13:29.907-0600] {dagbag.py:538} INFO - Filling up the DagBag from /Users/vamseekrishna/Desktop/F1_Data_Warehouse/f1datawarehouse/lib/python3.9/site-packages/airflow/example_dags/example_nested_branch_dag.py
[2024-02-24T19:13:29.924-0600] {processor.py:840} INFO - DAG(s) 'example_nested_branch_dag' retrieved from /Users/vamseekrishna/Desktop/F1_Data_Warehouse/f1datawarehouse/lib/python3.9/site-packages/airflow/example_dags/example_nested_branch_dag.py
[2024-02-24T19:13:29.971-0600] {logging_mixin.py:188} INFO - [2024-02-24T19:13:29.971-0600] {dag.py:3036} INFO - Sync 1 DAGs
[2024-02-24T19:13:29.979-0600] {logging_mixin.py:188} INFO - [2024-02-24T19:13:29.979-0600] {dag.py:3823} INFO - Setting next_dagrun for example_nested_branch_dag to 2024-02-24 00:00:00+00:00, run_after=2024-02-25 00:00:00+00:00
[2024-02-24T19:13:29.987-0600] {processor.py:183} INFO - Processing /Users/vamseekrishna/Desktop/F1_Data_Warehouse/f1datawarehouse/lib/python3.9/site-packages/airflow/example_dags/example_nested_branch_dag.py took 0.083 seconds
[2024-02-24T19:15:30.500-0600] {processor.py:161} INFO - Started process (PID=99494) to work on /Users/vamseekrishna/Desktop/F1_Data_Warehouse/f1datawarehouse/lib/python3.9/site-packages/airflow/example_dags/example_nested_branch_dag.py
[2024-02-24T19:15:30.502-0600] {processor.py:830} INFO - Processing file /Users/vamseekrishna/Desktop/F1_Data_Warehouse/f1datawarehouse/lib/python3.9/site-packages/airflow/example_dags/example_nested_branch_dag.py for tasks to queue
[2024-02-24T19:15:30.503-0600] {logging_mixin.py:188} INFO - [2024-02-24T19:15:30.502-0600] {dagbag.py:538} INFO - Filling up the DagBag from /Users/vamseekrishna/Desktop/F1_Data_Warehouse/f1datawarehouse/lib/python3.9/site-packages/airflow/example_dags/example_nested_branch_dag.py
[2024-02-24T19:15:30.520-0600] {processor.py:840} INFO - DAG(s) 'example_nested_branch_dag' retrieved from /Users/vamseekrishna/Desktop/F1_Data_Warehouse/f1datawarehouse/lib/python3.9/site-packages/airflow/example_dags/example_nested_branch_dag.py
[2024-02-24T19:15:30.567-0600] {logging_mixin.py:188} INFO - [2024-02-24T19:15:30.567-0600] {dag.py:3036} INFO - Sync 1 DAGs
[2024-02-24T19:15:30.575-0600] {logging_mixin.py:188} INFO - [2024-02-24T19:15:30.574-0600] {dag.py:3823} INFO - Setting next_dagrun for example_nested_branch_dag to 2024-02-24 00:00:00+00:00, run_after=2024-02-25 00:00:00+00:00
[2024-02-24T19:15:30.583-0600] {processor.py:183} INFO - Processing /Users/vamseekrishna/Desktop/F1_Data_Warehouse/f1datawarehouse/lib/python3.9/site-packages/airflow/example_dags/example_nested_branch_dag.py took 0.083 seconds
[2024-02-24T19:17:34.751-0600] {processor.py:161} INFO - Started process (PID=99607) to work on /Users/vamseekrishna/Desktop/F1_Data_Warehouse/f1datawarehouse/lib/python3.9/site-packages/airflow/example_dags/example_nested_branch_dag.py
[2024-02-24T19:17:34.753-0600] {processor.py:830} INFO - Processing file /Users/vamseekrishna/Desktop/F1_Data_Warehouse/f1datawarehouse/lib/python3.9/site-packages/airflow/example_dags/example_nested_branch_dag.py for tasks to queue
[2024-02-24T19:17:34.753-0600] {logging_mixin.py:188} INFO - [2024-02-24T19:17:34.753-0600] {dagbag.py:538} INFO - Filling up the DagBag from /Users/vamseekrishna/Desktop/F1_Data_Warehouse/f1datawarehouse/lib/python3.9/site-packages/airflow/example_dags/example_nested_branch_dag.py
[2024-02-24T19:17:34.770-0600] {processor.py:840} INFO - DAG(s) 'example_nested_branch_dag' retrieved from /Users/vamseekrishna/Desktop/F1_Data_Warehouse/f1datawarehouse/lib/python3.9/site-packages/airflow/example_dags/example_nested_branch_dag.py
[2024-02-24T19:17:34.819-0600] {logging_mixin.py:188} INFO - [2024-02-24T19:17:34.819-0600] {dag.py:3036} INFO - Sync 1 DAGs
[2024-02-24T19:17:34.826-0600] {logging_mixin.py:188} INFO - [2024-02-24T19:17:34.826-0600] {dag.py:3823} INFO - Setting next_dagrun for example_nested_branch_dag to 2024-02-24 00:00:00+00:00, run_after=2024-02-25 00:00:00+00:00
[2024-02-24T19:17:34.834-0600] {processor.py:183} INFO - Processing /Users/vamseekrishna/Desktop/F1_Data_Warehouse/f1datawarehouse/lib/python3.9/site-packages/airflow/example_dags/example_nested_branch_dag.py took 0.084 seconds
[2024-02-24T19:19:34.701-0600] {processor.py:161} INFO - Started process (PID=99709) to work on /Users/vamseekrishna/Desktop/F1_Data_Warehouse/f1datawarehouse/lib/python3.9/site-packages/airflow/example_dags/example_nested_branch_dag.py
[2024-02-24T19:19:34.703-0600] {processor.py:830} INFO - Processing file /Users/vamseekrishna/Desktop/F1_Data_Warehouse/f1datawarehouse/lib/python3.9/site-packages/airflow/example_dags/example_nested_branch_dag.py for tasks to queue
[2024-02-24T19:19:34.703-0600] {logging_mixin.py:188} INFO - [2024-02-24T19:19:34.703-0600] {dagbag.py:538} INFO - Filling up the DagBag from /Users/vamseekrishna/Desktop/F1_Data_Warehouse/f1datawarehouse/lib/python3.9/site-packages/airflow/example_dags/example_nested_branch_dag.py
[2024-02-24T19:19:34.720-0600] {processor.py:840} INFO - DAG(s) 'example_nested_branch_dag' retrieved from /Users/vamseekrishna/Desktop/F1_Data_Warehouse/f1datawarehouse/lib/python3.9/site-packages/airflow/example_dags/example_nested_branch_dag.py
[2024-02-24T19:19:34.767-0600] {logging_mixin.py:188} INFO - [2024-02-24T19:19:34.767-0600] {dag.py:3036} INFO - Sync 1 DAGs
[2024-02-24T19:19:34.774-0600] {logging_mixin.py:188} INFO - [2024-02-24T19:19:34.774-0600] {dag.py:3823} INFO - Setting next_dagrun for example_nested_branch_dag to 2024-02-24 00:00:00+00:00, run_after=2024-02-25 00:00:00+00:00
[2024-02-24T19:19:34.782-0600] {processor.py:183} INFO - Processing /Users/vamseekrishna/Desktop/F1_Data_Warehouse/f1datawarehouse/lib/python3.9/site-packages/airflow/example_dags/example_nested_branch_dag.py took 0.081 seconds
[2024-02-24T19:21:29.388-0600] {processor.py:161} INFO - Started process (PID=99800) to work on /Users/vamseekrishna/Desktop/F1_Data_Warehouse/f1datawarehouse/lib/python3.9/site-packages/airflow/example_dags/example_nested_branch_dag.py
[2024-02-24T19:21:29.390-0600] {processor.py:830} INFO - Processing file /Users/vamseekrishna/Desktop/F1_Data_Warehouse/f1datawarehouse/lib/python3.9/site-packages/airflow/example_dags/example_nested_branch_dag.py for tasks to queue
[2024-02-24T19:21:29.391-0600] {logging_mixin.py:188} INFO - [2024-02-24T19:21:29.391-0600] {dagbag.py:538} INFO - Filling up the DagBag from /Users/vamseekrishna/Desktop/F1_Data_Warehouse/f1datawarehouse/lib/python3.9/site-packages/airflow/example_dags/example_nested_branch_dag.py
[2024-02-24T19:21:29.412-0600] {processor.py:840} INFO - DAG(s) 'example_nested_branch_dag' retrieved from /Users/vamseekrishna/Desktop/F1_Data_Warehouse/f1datawarehouse/lib/python3.9/site-packages/airflow/example_dags/example_nested_branch_dag.py
[2024-02-24T19:21:29.464-0600] {logging_mixin.py:188} INFO - [2024-02-24T19:21:29.464-0600] {dag.py:3036} INFO - Sync 1 DAGs
[2024-02-24T19:21:29.472-0600] {logging_mixin.py:188} INFO - [2024-02-24T19:21:29.472-0600] {dag.py:3823} INFO - Setting next_dagrun for example_nested_branch_dag to 2024-02-24 00:00:00+00:00, run_after=2024-02-25 00:00:00+00:00
[2024-02-24T19:21:29.480-0600] {processor.py:183} INFO - Processing /Users/vamseekrishna/Desktop/F1_Data_Warehouse/f1datawarehouse/lib/python3.9/site-packages/airflow/example_dags/example_nested_branch_dag.py took 0.092 seconds
[2024-02-24T19:23:33.008-0600] {processor.py:161} INFO - Started process (PID=99905) to work on /Users/vamseekrishna/Desktop/F1_Data_Warehouse/f1datawarehouse/lib/python3.9/site-packages/airflow/example_dags/example_nested_branch_dag.py
[2024-02-24T19:23:33.010-0600] {processor.py:830} INFO - Processing file /Users/vamseekrishna/Desktop/F1_Data_Warehouse/f1datawarehouse/lib/python3.9/site-packages/airflow/example_dags/example_nested_branch_dag.py for tasks to queue
[2024-02-24T19:23:33.010-0600] {logging_mixin.py:188} INFO - [2024-02-24T19:23:33.010-0600] {dagbag.py:538} INFO - Filling up the DagBag from /Users/vamseekrishna/Desktop/F1_Data_Warehouse/f1datawarehouse/lib/python3.9/site-packages/airflow/example_dags/example_nested_branch_dag.py
[2024-02-24T19:23:33.027-0600] {processor.py:840} INFO - DAG(s) 'example_nested_branch_dag' retrieved from /Users/vamseekrishna/Desktop/F1_Data_Warehouse/f1datawarehouse/lib/python3.9/site-packages/airflow/example_dags/example_nested_branch_dag.py
[2024-02-24T19:23:33.074-0600] {logging_mixin.py:188} INFO - [2024-02-24T19:23:33.074-0600] {dag.py:3036} INFO - Sync 1 DAGs
[2024-02-24T19:23:33.081-0600] {logging_mixin.py:188} INFO - [2024-02-24T19:23:33.081-0600] {dag.py:3823} INFO - Setting next_dagrun for example_nested_branch_dag to 2024-02-24 00:00:00+00:00, run_after=2024-02-25 00:00:00+00:00
[2024-02-24T19:23:33.089-0600] {processor.py:183} INFO - Processing /Users/vamseekrishna/Desktop/F1_Data_Warehouse/f1datawarehouse/lib/python3.9/site-packages/airflow/example_dags/example_nested_branch_dag.py took 0.082 seconds
[2024-02-24T19:25:32.323-0600] {processor.py:161} INFO - Started process (PID=111) to work on /Users/vamseekrishna/Desktop/F1_Data_Warehouse/f1datawarehouse/lib/python3.9/site-packages/airflow/example_dags/example_nested_branch_dag.py
[2024-02-24T19:25:32.325-0600] {processor.py:830} INFO - Processing file /Users/vamseekrishna/Desktop/F1_Data_Warehouse/f1datawarehouse/lib/python3.9/site-packages/airflow/example_dags/example_nested_branch_dag.py for tasks to queue
[2024-02-24T19:25:32.325-0600] {logging_mixin.py:188} INFO - [2024-02-24T19:25:32.325-0600] {dagbag.py:538} INFO - Filling up the DagBag from /Users/vamseekrishna/Desktop/F1_Data_Warehouse/f1datawarehouse/lib/python3.9/site-packages/airflow/example_dags/example_nested_branch_dag.py
[2024-02-24T19:25:32.343-0600] {processor.py:840} INFO - DAG(s) 'example_nested_branch_dag' retrieved from /Users/vamseekrishna/Desktop/F1_Data_Warehouse/f1datawarehouse/lib/python3.9/site-packages/airflow/example_dags/example_nested_branch_dag.py
[2024-02-24T19:25:32.389-0600] {logging_mixin.py:188} INFO - [2024-02-24T19:25:32.389-0600] {dag.py:3036} INFO - Sync 1 DAGs
[2024-02-24T19:25:32.396-0600] {logging_mixin.py:188} INFO - [2024-02-24T19:25:32.396-0600] {dag.py:3823} INFO - Setting next_dagrun for example_nested_branch_dag to 2024-02-24 00:00:00+00:00, run_after=2024-02-25 00:00:00+00:00
[2024-02-24T19:25:32.404-0600] {processor.py:183} INFO - Processing /Users/vamseekrishna/Desktop/F1_Data_Warehouse/f1datawarehouse/lib/python3.9/site-packages/airflow/example_dags/example_nested_branch_dag.py took 0.082 seconds
[2024-02-24T19:27:49.400-0600] {processor.py:161} INFO - Started process (PID=252) to work on /Users/vamseekrishna/Desktop/F1_Data_Warehouse/f1datawarehouse/lib/python3.9/site-packages/airflow/example_dags/example_nested_branch_dag.py
[2024-02-24T19:27:49.402-0600] {processor.py:830} INFO - Processing file /Users/vamseekrishna/Desktop/F1_Data_Warehouse/f1datawarehouse/lib/python3.9/site-packages/airflow/example_dags/example_nested_branch_dag.py for tasks to queue
[2024-02-24T19:27:49.402-0600] {logging_mixin.py:188} INFO - [2024-02-24T19:27:49.402-0600] {dagbag.py:538} INFO - Filling up the DagBag from /Users/vamseekrishna/Desktop/F1_Data_Warehouse/f1datawarehouse/lib/python3.9/site-packages/airflow/example_dags/example_nested_branch_dag.py
[2024-02-24T19:27:49.419-0600] {processor.py:840} INFO - DAG(s) 'example_nested_branch_dag' retrieved from /Users/vamseekrishna/Desktop/F1_Data_Warehouse/f1datawarehouse/lib/python3.9/site-packages/airflow/example_dags/example_nested_branch_dag.py
[2024-02-24T19:27:49.467-0600] {logging_mixin.py:188} INFO - [2024-02-24T19:27:49.466-0600] {dag.py:3036} INFO - Sync 1 DAGs
[2024-02-24T19:27:49.474-0600] {logging_mixin.py:188} INFO - [2024-02-24T19:27:49.474-0600] {dag.py:3823} INFO - Setting next_dagrun for example_nested_branch_dag to 2024-02-24 00:00:00+00:00, run_after=2024-02-25 00:00:00+00:00
[2024-02-24T19:27:49.482-0600] {processor.py:183} INFO - Processing /Users/vamseekrishna/Desktop/F1_Data_Warehouse/f1datawarehouse/lib/python3.9/site-packages/airflow/example_dags/example_nested_branch_dag.py took 0.083 seconds
[2024-02-24T19:29:53.108-0600] {processor.py:161} INFO - Started process (PID=353) to work on /Users/vamseekrishna/Desktop/F1_Data_Warehouse/f1datawarehouse/lib/python3.9/site-packages/airflow/example_dags/example_nested_branch_dag.py
[2024-02-24T19:29:53.111-0600] {processor.py:830} INFO - Processing file /Users/vamseekrishna/Desktop/F1_Data_Warehouse/f1datawarehouse/lib/python3.9/site-packages/airflow/example_dags/example_nested_branch_dag.py for tasks to queue
[2024-02-24T19:29:53.111-0600] {logging_mixin.py:188} INFO - [2024-02-24T19:29:53.111-0600] {dagbag.py:538} INFO - Filling up the DagBag from /Users/vamseekrishna/Desktop/F1_Data_Warehouse/f1datawarehouse/lib/python3.9/site-packages/airflow/example_dags/example_nested_branch_dag.py
[2024-02-24T19:29:53.129-0600] {processor.py:840} INFO - DAG(s) 'example_nested_branch_dag' retrieved from /Users/vamseekrishna/Desktop/F1_Data_Warehouse/f1datawarehouse/lib/python3.9/site-packages/airflow/example_dags/example_nested_branch_dag.py
[2024-02-24T19:29:53.176-0600] {logging_mixin.py:188} INFO - [2024-02-24T19:29:53.176-0600] {dag.py:3036} INFO - Sync 1 DAGs
[2024-02-24T19:29:53.184-0600] {logging_mixin.py:188} INFO - [2024-02-24T19:29:53.184-0600] {dag.py:3823} INFO - Setting next_dagrun for example_nested_branch_dag to 2024-02-24 00:00:00+00:00, run_after=2024-02-25 00:00:00+00:00
[2024-02-24T19:29:53.192-0600] {processor.py:183} INFO - Processing /Users/vamseekrishna/Desktop/F1_Data_Warehouse/f1datawarehouse/lib/python3.9/site-packages/airflow/example_dags/example_nested_branch_dag.py took 0.085 seconds
[2024-02-24T19:32:00.483-0600] {processor.py:161} INFO - Started process (PID=469) to work on /Users/vamseekrishna/Desktop/F1_Data_Warehouse/f1datawarehouse/lib/python3.9/site-packages/airflow/example_dags/example_nested_branch_dag.py
[2024-02-24T19:32:00.486-0600] {processor.py:830} INFO - Processing file /Users/vamseekrishna/Desktop/F1_Data_Warehouse/f1datawarehouse/lib/python3.9/site-packages/airflow/example_dags/example_nested_branch_dag.py for tasks to queue
[2024-02-24T19:32:00.486-0600] {logging_mixin.py:188} INFO - [2024-02-24T19:32:00.486-0600] {dagbag.py:538} INFO - Filling up the DagBag from /Users/vamseekrishna/Desktop/F1_Data_Warehouse/f1datawarehouse/lib/python3.9/site-packages/airflow/example_dags/example_nested_branch_dag.py
[2024-02-24T19:32:00.503-0600] {processor.py:840} INFO - DAG(s) 'example_nested_branch_dag' retrieved from /Users/vamseekrishna/Desktop/F1_Data_Warehouse/f1datawarehouse/lib/python3.9/site-packages/airflow/example_dags/example_nested_branch_dag.py
[2024-02-24T19:32:00.553-0600] {logging_mixin.py:188} INFO - [2024-02-24T19:32:00.552-0600] {dag.py:3036} INFO - Sync 1 DAGs
[2024-02-24T19:32:00.560-0600] {logging_mixin.py:188} INFO - [2024-02-24T19:32:00.560-0600] {dag.py:3823} INFO - Setting next_dagrun for example_nested_branch_dag to 2024-02-24 00:00:00+00:00, run_after=2024-02-25 00:00:00+00:00
[2024-02-24T19:32:00.575-0600] {processor.py:183} INFO - Processing /Users/vamseekrishna/Desktop/F1_Data_Warehouse/f1datawarehouse/lib/python3.9/site-packages/airflow/example_dags/example_nested_branch_dag.py took 0.091 seconds
[2024-02-24T19:34:01.673-0600] {processor.py:161} INFO - Started process (PID=623) to work on /Users/vamseekrishna/Desktop/F1_Data_Warehouse/f1datawarehouse/lib/python3.9/site-packages/airflow/example_dags/example_nested_branch_dag.py
[2024-02-24T19:34:01.676-0600] {processor.py:830} INFO - Processing file /Users/vamseekrishna/Desktop/F1_Data_Warehouse/f1datawarehouse/lib/python3.9/site-packages/airflow/example_dags/example_nested_branch_dag.py for tasks to queue
[2024-02-24T19:34:01.676-0600] {logging_mixin.py:188} INFO - [2024-02-24T19:34:01.676-0600] {dagbag.py:538} INFO - Filling up the DagBag from /Users/vamseekrishna/Desktop/F1_Data_Warehouse/f1datawarehouse/lib/python3.9/site-packages/airflow/example_dags/example_nested_branch_dag.py
[2024-02-24T19:34:01.696-0600] {processor.py:840} INFO - DAG(s) 'example_nested_branch_dag' retrieved from /Users/vamseekrishna/Desktop/F1_Data_Warehouse/f1datawarehouse/lib/python3.9/site-packages/airflow/example_dags/example_nested_branch_dag.py
[2024-02-24T19:34:01.743-0600] {logging_mixin.py:188} INFO - [2024-02-24T19:34:01.743-0600] {dag.py:3036} INFO - Sync 1 DAGs
[2024-02-24T19:34:01.752-0600] {logging_mixin.py:188} INFO - [2024-02-24T19:34:01.752-0600] {dag.py:3823} INFO - Setting next_dagrun for example_nested_branch_dag to 2024-02-24 00:00:00+00:00, run_after=2024-02-25 00:00:00+00:00
[2024-02-24T19:34:01.762-0600] {processor.py:183} INFO - Processing /Users/vamseekrishna/Desktop/F1_Data_Warehouse/f1datawarehouse/lib/python3.9/site-packages/airflow/example_dags/example_nested_branch_dag.py took 0.089 seconds
[2024-02-24T19:36:11.456-0600] {processor.py:161} INFO - Started process (PID=773) to work on /Users/vamseekrishna/Desktop/F1_Data_Warehouse/f1datawarehouse/lib/python3.9/site-packages/airflow/example_dags/example_nested_branch_dag.py
[2024-02-24T19:36:11.458-0600] {processor.py:830} INFO - Processing file /Users/vamseekrishna/Desktop/F1_Data_Warehouse/f1datawarehouse/lib/python3.9/site-packages/airflow/example_dags/example_nested_branch_dag.py for tasks to queue
[2024-02-24T19:36:11.458-0600] {logging_mixin.py:188} INFO - [2024-02-24T19:36:11.458-0600] {dagbag.py:538} INFO - Filling up the DagBag from /Users/vamseekrishna/Desktop/F1_Data_Warehouse/f1datawarehouse/lib/python3.9/site-packages/airflow/example_dags/example_nested_branch_dag.py
[2024-02-24T19:36:11.476-0600] {processor.py:840} INFO - DAG(s) 'example_nested_branch_dag' retrieved from /Users/vamseekrishna/Desktop/F1_Data_Warehouse/f1datawarehouse/lib/python3.9/site-packages/airflow/example_dags/example_nested_branch_dag.py
[2024-02-24T19:36:11.525-0600] {logging_mixin.py:188} INFO - [2024-02-24T19:36:11.524-0600] {dag.py:3036} INFO - Sync 1 DAGs
[2024-02-24T19:36:11.536-0600] {logging_mixin.py:188} INFO - [2024-02-24T19:36:11.536-0600] {dag.py:3823} INFO - Setting next_dagrun for example_nested_branch_dag to 2024-02-24 00:00:00+00:00, run_after=2024-02-25 00:00:00+00:00
[2024-02-24T19:36:11.545-0600] {processor.py:183} INFO - Processing /Users/vamseekrishna/Desktop/F1_Data_Warehouse/f1datawarehouse/lib/python3.9/site-packages/airflow/example_dags/example_nested_branch_dag.py took 0.090 seconds
[2024-02-24T19:38:22.894-0600] {processor.py:161} INFO - Started process (PID=908) to work on /Users/vamseekrishna/Desktop/F1_Data_Warehouse/f1datawarehouse/lib/python3.9/site-packages/airflow/example_dags/example_nested_branch_dag.py
[2024-02-24T19:38:22.896-0600] {processor.py:830} INFO - Processing file /Users/vamseekrishna/Desktop/F1_Data_Warehouse/f1datawarehouse/lib/python3.9/site-packages/airflow/example_dags/example_nested_branch_dag.py for tasks to queue
[2024-02-24T19:38:22.896-0600] {logging_mixin.py:188} INFO - [2024-02-24T19:38:22.896-0600] {dagbag.py:538} INFO - Filling up the DagBag from /Users/vamseekrishna/Desktop/F1_Data_Warehouse/f1datawarehouse/lib/python3.9/site-packages/airflow/example_dags/example_nested_branch_dag.py
[2024-02-24T19:38:22.913-0600] {processor.py:840} INFO - DAG(s) 'example_nested_branch_dag' retrieved from /Users/vamseekrishna/Desktop/F1_Data_Warehouse/f1datawarehouse/lib/python3.9/site-packages/airflow/example_dags/example_nested_branch_dag.py
[2024-02-24T19:38:22.960-0600] {logging_mixin.py:188} INFO - [2024-02-24T19:38:22.960-0600] {dag.py:3036} INFO - Sync 1 DAGs
[2024-02-24T19:38:22.967-0600] {logging_mixin.py:188} INFO - [2024-02-24T19:38:22.967-0600] {dag.py:3823} INFO - Setting next_dagrun for example_nested_branch_dag to 2024-02-24 00:00:00+00:00, run_after=2024-02-25 00:00:00+00:00
[2024-02-24T19:38:22.975-0600] {processor.py:183} INFO - Processing /Users/vamseekrishna/Desktop/F1_Data_Warehouse/f1datawarehouse/lib/python3.9/site-packages/airflow/example_dags/example_nested_branch_dag.py took 0.082 seconds
[2024-02-24T19:40:26.485-0600] {processor.py:161} INFO - Started process (PID=1036) to work on /Users/vamseekrishna/Desktop/F1_Data_Warehouse/f1datawarehouse/lib/python3.9/site-packages/airflow/example_dags/example_nested_branch_dag.py
[2024-02-24T19:40:26.487-0600] {processor.py:830} INFO - Processing file /Users/vamseekrishna/Desktop/F1_Data_Warehouse/f1datawarehouse/lib/python3.9/site-packages/airflow/example_dags/example_nested_branch_dag.py for tasks to queue
[2024-02-24T19:40:26.487-0600] {logging_mixin.py:188} INFO - [2024-02-24T19:40:26.487-0600] {dagbag.py:538} INFO - Filling up the DagBag from /Users/vamseekrishna/Desktop/F1_Data_Warehouse/f1datawarehouse/lib/python3.9/site-packages/airflow/example_dags/example_nested_branch_dag.py
[2024-02-24T19:40:26.508-0600] {processor.py:840} INFO - DAG(s) 'example_nested_branch_dag' retrieved from /Users/vamseekrishna/Desktop/F1_Data_Warehouse/f1datawarehouse/lib/python3.9/site-packages/airflow/example_dags/example_nested_branch_dag.py
[2024-02-24T19:40:26.564-0600] {logging_mixin.py:188} INFO - [2024-02-24T19:40:26.564-0600] {dag.py:3036} INFO - Sync 1 DAGs
[2024-02-24T19:40:26.572-0600] {logging_mixin.py:188} INFO - [2024-02-24T19:40:26.572-0600] {dag.py:3823} INFO - Setting next_dagrun for example_nested_branch_dag to 2024-02-24 00:00:00+00:00, run_after=2024-02-25 00:00:00+00:00
[2024-02-24T19:40:26.583-0600] {processor.py:183} INFO - Processing /Users/vamseekrishna/Desktop/F1_Data_Warehouse/f1datawarehouse/lib/python3.9/site-packages/airflow/example_dags/example_nested_branch_dag.py took 0.099 seconds
[2024-02-24T19:42:33.992-0600] {processor.py:161} INFO - Started process (PID=1214) to work on /Users/vamseekrishna/Desktop/F1_Data_Warehouse/f1datawarehouse/lib/python3.9/site-packages/airflow/example_dags/example_nested_branch_dag.py
[2024-02-24T19:42:33.994-0600] {processor.py:830} INFO - Processing file /Users/vamseekrishna/Desktop/F1_Data_Warehouse/f1datawarehouse/lib/python3.9/site-packages/airflow/example_dags/example_nested_branch_dag.py for tasks to queue
[2024-02-24T19:42:33.994-0600] {logging_mixin.py:188} INFO - [2024-02-24T19:42:33.994-0600] {dagbag.py:538} INFO - Filling up the DagBag from /Users/vamseekrishna/Desktop/F1_Data_Warehouse/f1datawarehouse/lib/python3.9/site-packages/airflow/example_dags/example_nested_branch_dag.py
[2024-02-24T19:42:34.013-0600] {processor.py:840} INFO - DAG(s) 'example_nested_branch_dag' retrieved from /Users/vamseekrishna/Desktop/F1_Data_Warehouse/f1datawarehouse/lib/python3.9/site-packages/airflow/example_dags/example_nested_branch_dag.py
[2024-02-24T19:42:34.061-0600] {logging_mixin.py:188} INFO - [2024-02-24T19:42:34.061-0600] {dag.py:3036} INFO - Sync 1 DAGs
[2024-02-24T19:42:34.069-0600] {logging_mixin.py:188} INFO - [2024-02-24T19:42:34.068-0600] {dag.py:3823} INFO - Setting next_dagrun for example_nested_branch_dag to 2024-02-24 00:00:00+00:00, run_after=2024-02-25 00:00:00+00:00
[2024-02-24T19:42:34.077-0600] {processor.py:183} INFO - Processing /Users/vamseekrishna/Desktop/F1_Data_Warehouse/f1datawarehouse/lib/python3.9/site-packages/airflow/example_dags/example_nested_branch_dag.py took 0.085 seconds
[2024-02-24T19:45:07.184-0600] {processor.py:161} INFO - Started process (PID=1522) to work on /Users/vamseekrishna/Desktop/F1_Data_Warehouse/f1datawarehouse/lib/python3.9/site-packages/airflow/example_dags/example_nested_branch_dag.py
[2024-02-24T19:45:07.186-0600] {processor.py:830} INFO - Processing file /Users/vamseekrishna/Desktop/F1_Data_Warehouse/f1datawarehouse/lib/python3.9/site-packages/airflow/example_dags/example_nested_branch_dag.py for tasks to queue
[2024-02-24T19:45:07.186-0600] {logging_mixin.py:188} INFO - [2024-02-24T19:45:07.186-0600] {dagbag.py:538} INFO - Filling up the DagBag from /Users/vamseekrishna/Desktop/F1_Data_Warehouse/f1datawarehouse/lib/python3.9/site-packages/airflow/example_dags/example_nested_branch_dag.py
[2024-02-24T19:45:07.209-0600] {processor.py:840} INFO - DAG(s) 'example_nested_branch_dag' retrieved from /Users/vamseekrishna/Desktop/F1_Data_Warehouse/f1datawarehouse/lib/python3.9/site-packages/airflow/example_dags/example_nested_branch_dag.py
[2024-02-24T19:45:07.279-0600] {logging_mixin.py:188} INFO - [2024-02-24T19:45:07.279-0600] {dag.py:3036} INFO - Sync 1 DAGs
[2024-02-24T19:45:07.289-0600] {logging_mixin.py:188} INFO - [2024-02-24T19:45:07.289-0600] {dag.py:3823} INFO - Setting next_dagrun for example_nested_branch_dag to 2024-02-24 00:00:00+00:00, run_after=2024-02-25 00:00:00+00:00
[2024-02-24T19:45:07.301-0600] {processor.py:183} INFO - Processing /Users/vamseekrishna/Desktop/F1_Data_Warehouse/f1datawarehouse/lib/python3.9/site-packages/airflow/example_dags/example_nested_branch_dag.py took 0.117 seconds
[2024-02-24T19:47:32.309-0600] {processor.py:161} INFO - Started process (PID=1752) to work on /Users/vamseekrishna/Desktop/F1_Data_Warehouse/f1datawarehouse/lib/python3.9/site-packages/airflow/example_dags/example_nested_branch_dag.py
[2024-02-24T19:47:32.312-0600] {processor.py:830} INFO - Processing file /Users/vamseekrishna/Desktop/F1_Data_Warehouse/f1datawarehouse/lib/python3.9/site-packages/airflow/example_dags/example_nested_branch_dag.py for tasks to queue
[2024-02-24T19:47:32.312-0600] {logging_mixin.py:188} INFO - [2024-02-24T19:47:32.312-0600] {dagbag.py:538} INFO - Filling up the DagBag from /Users/vamseekrishna/Desktop/F1_Data_Warehouse/f1datawarehouse/lib/python3.9/site-packages/airflow/example_dags/example_nested_branch_dag.py
[2024-02-24T19:47:32.329-0600] {processor.py:840} INFO - DAG(s) 'example_nested_branch_dag' retrieved from /Users/vamseekrishna/Desktop/F1_Data_Warehouse/f1datawarehouse/lib/python3.9/site-packages/airflow/example_dags/example_nested_branch_dag.py
[2024-02-24T19:47:32.378-0600] {logging_mixin.py:188} INFO - [2024-02-24T19:47:32.377-0600] {dag.py:3036} INFO - Sync 1 DAGs
[2024-02-24T19:47:32.385-0600] {logging_mixin.py:188} INFO - [2024-02-24T19:47:32.385-0600] {dag.py:3823} INFO - Setting next_dagrun for example_nested_branch_dag to 2024-02-24 00:00:00+00:00, run_after=2024-02-25 00:00:00+00:00
[2024-02-24T19:47:32.393-0600] {processor.py:183} INFO - Processing /Users/vamseekrishna/Desktop/F1_Data_Warehouse/f1datawarehouse/lib/python3.9/site-packages/airflow/example_dags/example_nested_branch_dag.py took 0.084 seconds
[2024-02-24T19:49:46.799-0600] {processor.py:161} INFO - Started process (PID=1925) to work on /Users/vamseekrishna/Desktop/F1_Data_Warehouse/f1datawarehouse/lib/python3.9/site-packages/airflow/example_dags/example_nested_branch_dag.py
[2024-02-24T19:49:46.802-0600] {processor.py:830} INFO - Processing file /Users/vamseekrishna/Desktop/F1_Data_Warehouse/f1datawarehouse/lib/python3.9/site-packages/airflow/example_dags/example_nested_branch_dag.py for tasks to queue
[2024-02-24T19:49:46.802-0600] {logging_mixin.py:188} INFO - [2024-02-24T19:49:46.802-0600] {dagbag.py:538} INFO - Filling up the DagBag from /Users/vamseekrishna/Desktop/F1_Data_Warehouse/f1datawarehouse/lib/python3.9/site-packages/airflow/example_dags/example_nested_branch_dag.py
[2024-02-24T19:49:46.827-0600] {processor.py:840} INFO - DAG(s) 'example_nested_branch_dag' retrieved from /Users/vamseekrishna/Desktop/F1_Data_Warehouse/f1datawarehouse/lib/python3.9/site-packages/airflow/example_dags/example_nested_branch_dag.py
[2024-02-24T19:49:46.880-0600] {logging_mixin.py:188} INFO - [2024-02-24T19:49:46.880-0600] {dag.py:3036} INFO - Sync 1 DAGs
[2024-02-24T19:49:46.891-0600] {logging_mixin.py:188} INFO - [2024-02-24T19:49:46.890-0600] {dag.py:3823} INFO - Setting next_dagrun for example_nested_branch_dag to 2024-02-24 00:00:00+00:00, run_after=2024-02-25 00:00:00+00:00
[2024-02-24T19:49:46.900-0600] {processor.py:183} INFO - Processing /Users/vamseekrishna/Desktop/F1_Data_Warehouse/f1datawarehouse/lib/python3.9/site-packages/airflow/example_dags/example_nested_branch_dag.py took 0.102 seconds
