[2024-02-24T21:36:43.296-0600] {processor.py:161} INFO - Started process (PID=8231) to work on /Users/vamseekrishna/Desktop/F1_Data_Warehouse/f1datawarehouse/lib/python3.9/site-packages/airflow/example_dags/example_subdag_operator.py
[2024-02-24T21:36:43.297-0600] {processor.py:830} INFO - Processing file /Users/vamseekrishna/Desktop/F1_Data_Warehouse/f1datawarehouse/lib/python3.9/site-packages/airflow/example_dags/example_subdag_operator.py for tasks to queue
[2024-02-24T21:36:43.297-0600] {logging_mixin.py:188} INFO - [2024-02-24T21:36:43.297-0600] {dagbag.py:538} INFO - Filling up the DagBag from /Users/vamseekrishna/Desktop/F1_Data_Warehouse/f1datawarehouse/lib/python3.9/site-packages/airflow/example_dags/example_subdag_operator.py
[2024-02-24T21:36:43.341-0600] {processor.py:840} INFO - DAG(s) 'example_subdag_operator.section-1', 'example_subdag_operator.section-2', 'example_subdag_operator' retrieved from /Users/vamseekrishna/Desktop/F1_Data_Warehouse/f1datawarehouse/lib/python3.9/site-packages/airflow/example_dags/example_subdag_operator.py
[2024-02-24T21:36:43.417-0600] {logging_mixin.py:188} INFO - [2024-02-24T21:36:43.416-0600] {dag.py:3036} INFO - Sync 3 DAGs
[2024-02-24T21:36:43.424-0600] {logging_mixin.py:188} INFO - [2024-02-24T21:36:43.424-0600] {dag.py:3823} INFO - Setting next_dagrun for example_subdag_operator to 2022-01-01 00:00:00+00:00, run_after=2022-01-01 00:00:00+00:00
[2024-02-24T21:36:43.425-0600] {logging_mixin.py:188} INFO - [2024-02-24T21:36:43.425-0600] {dag.py:3823} INFO - Setting next_dagrun for example_subdag_operator.section-1 to None, run_after=None
[2024-02-24T21:36:43.426-0600] {logging_mixin.py:188} INFO - [2024-02-24T21:36:43.426-0600] {dag.py:3823} INFO - Setting next_dagrun for example_subdag_operator.section-2 to None, run_after=None
[2024-02-24T21:36:43.429-0600] {logging_mixin.py:188} INFO - [2024-02-24T21:36:43.429-0600] {dag.py:3036} INFO - Sync 2 DAGs
[2024-02-24T21:36:43.431-0600] {logging_mixin.py:188} INFO - [2024-02-24T21:36:43.431-0600] {dag.py:3823} INFO - Setting next_dagrun for example_subdag_operator.section-1 to None, run_after=None
[2024-02-24T21:36:43.431-0600] {logging_mixin.py:188} INFO - [2024-02-24T21:36:43.431-0600] {dag.py:3823} INFO - Setting next_dagrun for example_subdag_operator.section-2 to None, run_after=None
[2024-02-24T21:36:43.436-0600] {processor.py:183} INFO - Processing /Users/vamseekrishna/Desktop/F1_Data_Warehouse/f1datawarehouse/lib/python3.9/site-packages/airflow/example_dags/example_subdag_operator.py took 0.141 seconds
[2024-02-24T21:38:16.700-0600] {processor.py:161} INFO - Started process (PID=8389) to work on /Users/vamseekrishna/Desktop/F1_Data_Warehouse/f1datawarehouse/lib/python3.9/site-packages/airflow/example_dags/example_subdag_operator.py
[2024-02-24T21:38:16.702-0600] {processor.py:830} INFO - Processing file /Users/vamseekrishna/Desktop/F1_Data_Warehouse/f1datawarehouse/lib/python3.9/site-packages/airflow/example_dags/example_subdag_operator.py for tasks to queue
[2024-02-24T21:38:16.702-0600] {logging_mixin.py:188} INFO - [2024-02-24T21:38:16.702-0600] {dagbag.py:538} INFO - Filling up the DagBag from /Users/vamseekrishna/Desktop/F1_Data_Warehouse/f1datawarehouse/lib/python3.9/site-packages/airflow/example_dags/example_subdag_operator.py
[2024-02-24T21:38:16.751-0600] {processor.py:840} INFO - DAG(s) 'example_subdag_operator.section-1', 'example_subdag_operator.section-2', 'example_subdag_operator' retrieved from /Users/vamseekrishna/Desktop/F1_Data_Warehouse/f1datawarehouse/lib/python3.9/site-packages/airflow/example_dags/example_subdag_operator.py
[2024-02-24T21:38:16.770-0600] {logging_mixin.py:188} INFO - [2024-02-24T21:38:16.770-0600] {dag.py:3036} INFO - Sync 3 DAGs
[2024-02-24T21:38:16.777-0600] {logging_mixin.py:188} INFO - [2024-02-24T21:38:16.777-0600] {dag.py:3823} INFO - Setting next_dagrun for example_subdag_operator to 2022-01-01 00:00:00+00:00, run_after=2022-01-01 00:00:00+00:00
[2024-02-24T21:38:16.778-0600] {logging_mixin.py:188} INFO - [2024-02-24T21:38:16.778-0600] {dag.py:3823} INFO - Setting next_dagrun for example_subdag_operator.section-1 to None, run_after=None
[2024-02-24T21:38:16.779-0600] {logging_mixin.py:188} INFO - [2024-02-24T21:38:16.779-0600] {dag.py:3823} INFO - Setting next_dagrun for example_subdag_operator.section-2 to None, run_after=None
[2024-02-24T21:38:16.781-0600] {logging_mixin.py:188} INFO - [2024-02-24T21:38:16.781-0600] {dag.py:3036} INFO - Sync 2 DAGs
[2024-02-24T21:38:16.783-0600] {logging_mixin.py:188} INFO - [2024-02-24T21:38:16.783-0600] {dag.py:3823} INFO - Setting next_dagrun for example_subdag_operator.section-1 to None, run_after=None
[2024-02-24T21:38:16.783-0600] {logging_mixin.py:188} INFO - [2024-02-24T21:38:16.783-0600] {dag.py:3823} INFO - Setting next_dagrun for example_subdag_operator.section-2 to None, run_after=None
[2024-02-24T21:38:16.788-0600] {processor.py:183} INFO - Processing /Users/vamseekrishna/Desktop/F1_Data_Warehouse/f1datawarehouse/lib/python3.9/site-packages/airflow/example_dags/example_subdag_operator.py took 0.088 seconds
[2024-02-24T21:40:16.000-0600] {processor.py:161} INFO - Started process (PID=8583) to work on /Users/vamseekrishna/Desktop/F1_Data_Warehouse/f1datawarehouse/lib/python3.9/site-packages/airflow/example_dags/example_subdag_operator.py
[2024-02-24T21:40:16.002-0600] {processor.py:830} INFO - Processing file /Users/vamseekrishna/Desktop/F1_Data_Warehouse/f1datawarehouse/lib/python3.9/site-packages/airflow/example_dags/example_subdag_operator.py for tasks to queue
[2024-02-24T21:40:16.003-0600] {logging_mixin.py:188} INFO - [2024-02-24T21:40:16.003-0600] {dagbag.py:538} INFO - Filling up the DagBag from /Users/vamseekrishna/Desktop/F1_Data_Warehouse/f1datawarehouse/lib/python3.9/site-packages/airflow/example_dags/example_subdag_operator.py
[2024-02-24T21:40:16.049-0600] {processor.py:840} INFO - DAG(s) 'example_subdag_operator.section-1', 'example_subdag_operator.section-2', 'example_subdag_operator' retrieved from /Users/vamseekrishna/Desktop/F1_Data_Warehouse/f1datawarehouse/lib/python3.9/site-packages/airflow/example_dags/example_subdag_operator.py
[2024-02-24T21:40:16.067-0600] {logging_mixin.py:188} INFO - [2024-02-24T21:40:16.067-0600] {dag.py:3036} INFO - Sync 3 DAGs
[2024-02-24T21:40:16.074-0600] {logging_mixin.py:188} INFO - [2024-02-24T21:40:16.074-0600] {dag.py:3823} INFO - Setting next_dagrun for example_subdag_operator to 2022-01-01 00:00:00+00:00, run_after=2022-01-01 00:00:00+00:00
[2024-02-24T21:40:16.076-0600] {logging_mixin.py:188} INFO - [2024-02-24T21:40:16.076-0600] {dag.py:3823} INFO - Setting next_dagrun for example_subdag_operator.section-1 to None, run_after=None
[2024-02-24T21:40:16.076-0600] {logging_mixin.py:188} INFO - [2024-02-24T21:40:16.076-0600] {dag.py:3823} INFO - Setting next_dagrun for example_subdag_operator.section-2 to None, run_after=None
[2024-02-24T21:40:16.079-0600] {logging_mixin.py:188} INFO - [2024-02-24T21:40:16.079-0600] {dag.py:3036} INFO - Sync 2 DAGs
[2024-02-24T21:40:16.081-0600] {logging_mixin.py:188} INFO - [2024-02-24T21:40:16.081-0600] {dag.py:3823} INFO - Setting next_dagrun for example_subdag_operator.section-1 to None, run_after=None
[2024-02-24T21:40:16.081-0600] {logging_mixin.py:188} INFO - [2024-02-24T21:40:16.081-0600] {dag.py:3823} INFO - Setting next_dagrun for example_subdag_operator.section-2 to None, run_after=None
[2024-02-24T21:40:16.086-0600] {processor.py:183} INFO - Processing /Users/vamseekrishna/Desktop/F1_Data_Warehouse/f1datawarehouse/lib/python3.9/site-packages/airflow/example_dags/example_subdag_operator.py took 0.087 seconds
[2024-02-24T21:42:18.472-0600] {processor.py:161} INFO - Started process (PID=8752) to work on /Users/vamseekrishna/Desktop/F1_Data_Warehouse/f1datawarehouse/lib/python3.9/site-packages/airflow/example_dags/example_subdag_operator.py
[2024-02-24T21:42:18.474-0600] {processor.py:830} INFO - Processing file /Users/vamseekrishna/Desktop/F1_Data_Warehouse/f1datawarehouse/lib/python3.9/site-packages/airflow/example_dags/example_subdag_operator.py for tasks to queue
[2024-02-24T21:42:18.474-0600] {logging_mixin.py:188} INFO - [2024-02-24T21:42:18.474-0600] {dagbag.py:538} INFO - Filling up the DagBag from /Users/vamseekrishna/Desktop/F1_Data_Warehouse/f1datawarehouse/lib/python3.9/site-packages/airflow/example_dags/example_subdag_operator.py
[2024-02-24T21:42:18.523-0600] {processor.py:840} INFO - DAG(s) 'example_subdag_operator.section-1', 'example_subdag_operator.section-2', 'example_subdag_operator' retrieved from /Users/vamseekrishna/Desktop/F1_Data_Warehouse/f1datawarehouse/lib/python3.9/site-packages/airflow/example_dags/example_subdag_operator.py
[2024-02-24T21:42:18.546-0600] {logging_mixin.py:188} INFO - [2024-02-24T21:42:18.546-0600] {dag.py:3036} INFO - Sync 3 DAGs
[2024-02-24T21:42:18.555-0600] {logging_mixin.py:188} INFO - [2024-02-24T21:42:18.555-0600] {dag.py:3823} INFO - Setting next_dagrun for example_subdag_operator to 2022-01-01 00:00:00+00:00, run_after=2022-01-01 00:00:00+00:00
[2024-02-24T21:42:18.558-0600] {logging_mixin.py:188} INFO - [2024-02-24T21:42:18.557-0600] {dag.py:3823} INFO - Setting next_dagrun for example_subdag_operator.section-1 to None, run_after=None
[2024-02-24T21:42:18.558-0600] {logging_mixin.py:188} INFO - [2024-02-24T21:42:18.558-0600] {dag.py:3823} INFO - Setting next_dagrun for example_subdag_operator.section-2 to None, run_after=None
[2024-02-24T21:42:18.561-0600] {logging_mixin.py:188} INFO - [2024-02-24T21:42:18.561-0600] {dag.py:3036} INFO - Sync 2 DAGs
[2024-02-24T21:42:18.562-0600] {logging_mixin.py:188} INFO - [2024-02-24T21:42:18.562-0600] {dag.py:3823} INFO - Setting next_dagrun for example_subdag_operator.section-1 to None, run_after=None
[2024-02-24T21:42:18.562-0600] {logging_mixin.py:188} INFO - [2024-02-24T21:42:18.562-0600] {dag.py:3823} INFO - Setting next_dagrun for example_subdag_operator.section-2 to None, run_after=None
[2024-02-24T21:42:18.567-0600] {processor.py:183} INFO - Processing /Users/vamseekrishna/Desktop/F1_Data_Warehouse/f1datawarehouse/lib/python3.9/site-packages/airflow/example_dags/example_subdag_operator.py took 0.097 seconds
[2024-02-24T21:49:45.475-0600] {processor.py:161} INFO - Started process (PID=9060) to work on /Users/vamseekrishna/Desktop/F1_Data_Warehouse/f1datawarehouse/lib/python3.9/site-packages/airflow/example_dags/example_subdag_operator.py
[2024-02-24T21:49:45.477-0600] {processor.py:830} INFO - Processing file /Users/vamseekrishna/Desktop/F1_Data_Warehouse/f1datawarehouse/lib/python3.9/site-packages/airflow/example_dags/example_subdag_operator.py for tasks to queue
[2024-02-24T21:49:45.477-0600] {logging_mixin.py:188} INFO - [2024-02-24T21:49:45.477-0600] {dagbag.py:538} INFO - Filling up the DagBag from /Users/vamseekrishna/Desktop/F1_Data_Warehouse/f1datawarehouse/lib/python3.9/site-packages/airflow/example_dags/example_subdag_operator.py
[2024-02-24T21:49:45.521-0600] {processor.py:840} INFO - DAG(s) 'example_subdag_operator.section-1', 'example_subdag_operator.section-2', 'example_subdag_operator' retrieved from /Users/vamseekrishna/Desktop/F1_Data_Warehouse/f1datawarehouse/lib/python3.9/site-packages/airflow/example_dags/example_subdag_operator.py
[2024-02-24T21:49:45.539-0600] {logging_mixin.py:188} INFO - [2024-02-24T21:49:45.539-0600] {dag.py:3036} INFO - Sync 3 DAGs
[2024-02-24T21:49:45.551-0600] {logging_mixin.py:188} INFO - [2024-02-24T21:49:45.551-0600] {dag.py:3823} INFO - Setting next_dagrun for example_subdag_operator to 2022-01-01 00:00:00+00:00, run_after=2022-01-01 00:00:00+00:00
[2024-02-24T21:49:45.555-0600] {logging_mixin.py:188} INFO - [2024-02-24T21:49:45.555-0600] {dag.py:3823} INFO - Setting next_dagrun for example_subdag_operator.section-1 to None, run_after=None
[2024-02-24T21:49:45.556-0600] {logging_mixin.py:188} INFO - [2024-02-24T21:49:45.556-0600] {dag.py:3823} INFO - Setting next_dagrun for example_subdag_operator.section-2 to None, run_after=None
[2024-02-24T21:49:45.561-0600] {logging_mixin.py:188} INFO - [2024-02-24T21:49:45.561-0600] {dag.py:3036} INFO - Sync 2 DAGs
[2024-02-24T21:49:45.564-0600] {logging_mixin.py:188} INFO - [2024-02-24T21:49:45.563-0600] {dag.py:3823} INFO - Setting next_dagrun for example_subdag_operator.section-1 to None, run_after=None
[2024-02-24T21:49:45.564-0600] {logging_mixin.py:188} INFO - [2024-02-24T21:49:45.564-0600] {dag.py:3823} INFO - Setting next_dagrun for example_subdag_operator.section-2 to None, run_after=None
[2024-02-24T21:49:45.572-0600] {processor.py:183} INFO - Processing /Users/vamseekrishna/Desktop/F1_Data_Warehouse/f1datawarehouse/lib/python3.9/site-packages/airflow/example_dags/example_subdag_operator.py took 0.098 seconds
[2024-02-24T21:51:16.282-0600] {processor.py:161} INFO - Started process (PID=9153) to work on /Users/vamseekrishna/Desktop/F1_Data_Warehouse/f1datawarehouse/lib/python3.9/site-packages/airflow/example_dags/example_subdag_operator.py
[2024-02-24T21:51:16.283-0600] {processor.py:830} INFO - Processing file /Users/vamseekrishna/Desktop/F1_Data_Warehouse/f1datawarehouse/lib/python3.9/site-packages/airflow/example_dags/example_subdag_operator.py for tasks to queue
[2024-02-24T21:51:16.284-0600] {logging_mixin.py:188} INFO - [2024-02-24T21:51:16.284-0600] {dagbag.py:538} INFO - Filling up the DagBag from /Users/vamseekrishna/Desktop/F1_Data_Warehouse/f1datawarehouse/lib/python3.9/site-packages/airflow/example_dags/example_subdag_operator.py
[2024-02-24T21:51:16.326-0600] {processor.py:840} INFO - DAG(s) 'example_subdag_operator.section-1', 'example_subdag_operator.section-2', 'example_subdag_operator' retrieved from /Users/vamseekrishna/Desktop/F1_Data_Warehouse/f1datawarehouse/lib/python3.9/site-packages/airflow/example_dags/example_subdag_operator.py
[2024-02-24T21:51:16.344-0600] {logging_mixin.py:188} INFO - [2024-02-24T21:51:16.344-0600] {dag.py:3036} INFO - Sync 3 DAGs
[2024-02-24T21:51:16.351-0600] {logging_mixin.py:188} INFO - [2024-02-24T21:51:16.351-0600] {dag.py:3823} INFO - Setting next_dagrun for example_subdag_operator to 2022-01-01 00:00:00+00:00, run_after=2022-01-01 00:00:00+00:00
[2024-02-24T21:51:16.352-0600] {logging_mixin.py:188} INFO - [2024-02-24T21:51:16.352-0600] {dag.py:3823} INFO - Setting next_dagrun for example_subdag_operator.section-1 to None, run_after=None
[2024-02-24T21:51:16.352-0600] {logging_mixin.py:188} INFO - [2024-02-24T21:51:16.352-0600] {dag.py:3823} INFO - Setting next_dagrun for example_subdag_operator.section-2 to None, run_after=None
[2024-02-24T21:51:16.355-0600] {logging_mixin.py:188} INFO - [2024-02-24T21:51:16.355-0600] {dag.py:3036} INFO - Sync 2 DAGs
[2024-02-24T21:51:16.356-0600] {logging_mixin.py:188} INFO - [2024-02-24T21:51:16.356-0600] {dag.py:3823} INFO - Setting next_dagrun for example_subdag_operator.section-1 to None, run_after=None
[2024-02-24T21:51:16.356-0600] {logging_mixin.py:188} INFO - [2024-02-24T21:51:16.356-0600] {dag.py:3823} INFO - Setting next_dagrun for example_subdag_operator.section-2 to None, run_after=None
[2024-02-24T21:51:16.364-0600] {processor.py:183} INFO - Processing /Users/vamseekrishna/Desktop/F1_Data_Warehouse/f1datawarehouse/lib/python3.9/site-packages/airflow/example_dags/example_subdag_operator.py took 0.083 seconds
[2024-02-24T21:53:21.729-0600] {processor.py:161} INFO - Started process (PID=9306) to work on /Users/vamseekrishna/Desktop/F1_Data_Warehouse/f1datawarehouse/lib/python3.9/site-packages/airflow/example_dags/example_subdag_operator.py
[2024-02-24T21:53:21.731-0600] {processor.py:830} INFO - Processing file /Users/vamseekrishna/Desktop/F1_Data_Warehouse/f1datawarehouse/lib/python3.9/site-packages/airflow/example_dags/example_subdag_operator.py for tasks to queue
[2024-02-24T21:53:21.731-0600] {logging_mixin.py:188} INFO - [2024-02-24T21:53:21.731-0600] {dagbag.py:538} INFO - Filling up the DagBag from /Users/vamseekrishna/Desktop/F1_Data_Warehouse/f1datawarehouse/lib/python3.9/site-packages/airflow/example_dags/example_subdag_operator.py
[2024-02-24T21:53:21.801-0600] {processor.py:840} INFO - DAG(s) 'example_subdag_operator.section-1', 'example_subdag_operator.section-2', 'example_subdag_operator' retrieved from /Users/vamseekrishna/Desktop/F1_Data_Warehouse/f1datawarehouse/lib/python3.9/site-packages/airflow/example_dags/example_subdag_operator.py
[2024-02-24T21:53:21.822-0600] {logging_mixin.py:188} INFO - [2024-02-24T21:53:21.822-0600] {dag.py:3036} INFO - Sync 3 DAGs
[2024-02-24T21:53:21.830-0600] {logging_mixin.py:188} INFO - [2024-02-24T21:53:21.830-0600] {dag.py:3823} INFO - Setting next_dagrun for example_subdag_operator to 2022-01-01 00:00:00+00:00, run_after=2022-01-01 00:00:00+00:00
[2024-02-24T21:53:21.832-0600] {logging_mixin.py:188} INFO - [2024-02-24T21:53:21.832-0600] {dag.py:3823} INFO - Setting next_dagrun for example_subdag_operator.section-1 to None, run_after=None
[2024-02-24T21:53:21.833-0600] {logging_mixin.py:188} INFO - [2024-02-24T21:53:21.833-0600] {dag.py:3823} INFO - Setting next_dagrun for example_subdag_operator.section-2 to None, run_after=None
[2024-02-24T21:53:21.836-0600] {logging_mixin.py:188} INFO - [2024-02-24T21:53:21.836-0600] {dag.py:3036} INFO - Sync 2 DAGs
[2024-02-24T21:53:21.837-0600] {logging_mixin.py:188} INFO - [2024-02-24T21:53:21.837-0600] {dag.py:3823} INFO - Setting next_dagrun for example_subdag_operator.section-1 to None, run_after=None
[2024-02-24T21:53:21.838-0600] {logging_mixin.py:188} INFO - [2024-02-24T21:53:21.837-0600] {dag.py:3823} INFO - Setting next_dagrun for example_subdag_operator.section-2 to None, run_after=None
[2024-02-24T21:53:21.843-0600] {processor.py:183} INFO - Processing /Users/vamseekrishna/Desktop/F1_Data_Warehouse/f1datawarehouse/lib/python3.9/site-packages/airflow/example_dags/example_subdag_operator.py took 0.115 seconds
[2024-02-24T21:54:25.898-0600] {processor.py:161} INFO - Started process (PID=9354) to work on /Users/vamseekrishna/Desktop/F1_Data_Warehouse/f1datawarehouse/lib/python3.9/site-packages/airflow/example_dags/example_subdag_operator.py
[2024-02-24T21:54:25.899-0600] {processor.py:830} INFO - Processing file /Users/vamseekrishna/Desktop/F1_Data_Warehouse/f1datawarehouse/lib/python3.9/site-packages/airflow/example_dags/example_subdag_operator.py for tasks to queue
[2024-02-24T21:54:25.900-0600] {logging_mixin.py:188} INFO - [2024-02-24T21:54:25.899-0600] {dagbag.py:538} INFO - Filling up the DagBag from /Users/vamseekrishna/Desktop/F1_Data_Warehouse/f1datawarehouse/lib/python3.9/site-packages/airflow/example_dags/example_subdag_operator.py
[2024-02-24T21:54:25.942-0600] {processor.py:840} INFO - DAG(s) 'example_subdag_operator.section-1', 'example_subdag_operator.section-2', 'example_subdag_operator' retrieved from /Users/vamseekrishna/Desktop/F1_Data_Warehouse/f1datawarehouse/lib/python3.9/site-packages/airflow/example_dags/example_subdag_operator.py
[2024-02-24T21:54:25.962-0600] {logging_mixin.py:188} INFO - [2024-02-24T21:54:25.961-0600] {dag.py:3036} INFO - Sync 3 DAGs
[2024-02-24T21:54:25.969-0600] {logging_mixin.py:188} INFO - [2024-02-24T21:54:25.969-0600] {dag.py:3823} INFO - Setting next_dagrun for example_subdag_operator to 2022-01-01 00:00:00+00:00, run_after=2022-01-01 00:00:00+00:00
[2024-02-24T21:54:25.970-0600] {logging_mixin.py:188} INFO - [2024-02-24T21:54:25.970-0600] {dag.py:3823} INFO - Setting next_dagrun for example_subdag_operator.section-1 to None, run_after=None
[2024-02-24T21:54:25.970-0600] {logging_mixin.py:188} INFO - [2024-02-24T21:54:25.970-0600] {dag.py:3823} INFO - Setting next_dagrun for example_subdag_operator.section-2 to None, run_after=None
[2024-02-24T21:54:25.973-0600] {logging_mixin.py:188} INFO - [2024-02-24T21:54:25.973-0600] {dag.py:3036} INFO - Sync 2 DAGs
[2024-02-24T21:54:25.974-0600] {logging_mixin.py:188} INFO - [2024-02-24T21:54:25.974-0600] {dag.py:3823} INFO - Setting next_dagrun for example_subdag_operator.section-1 to None, run_after=None
[2024-02-24T21:54:25.974-0600] {logging_mixin.py:188} INFO - [2024-02-24T21:54:25.974-0600] {dag.py:3823} INFO - Setting next_dagrun for example_subdag_operator.section-2 to None, run_after=None
[2024-02-24T21:54:25.979-0600] {processor.py:183} INFO - Processing /Users/vamseekrishna/Desktop/F1_Data_Warehouse/f1datawarehouse/lib/python3.9/site-packages/airflow/example_dags/example_subdag_operator.py took 0.082 seconds
[2024-02-24T21:55:32.156-0600] {processor.py:161} INFO - Started process (PID=9420) to work on /Users/vamseekrishna/Desktop/F1_Data_Warehouse/f1datawarehouse/lib/python3.9/site-packages/airflow/example_dags/example_subdag_operator.py
[2024-02-24T21:55:32.158-0600] {processor.py:830} INFO - Processing file /Users/vamseekrishna/Desktop/F1_Data_Warehouse/f1datawarehouse/lib/python3.9/site-packages/airflow/example_dags/example_subdag_operator.py for tasks to queue
[2024-02-24T21:55:32.158-0600] {logging_mixin.py:188} INFO - [2024-02-24T21:55:32.158-0600] {dagbag.py:538} INFO - Filling up the DagBag from /Users/vamseekrishna/Desktop/F1_Data_Warehouse/f1datawarehouse/lib/python3.9/site-packages/airflow/example_dags/example_subdag_operator.py
[2024-02-24T21:55:32.213-0600] {processor.py:840} INFO - DAG(s) 'example_subdag_operator.section-1', 'example_subdag_operator.section-2', 'example_subdag_operator' retrieved from /Users/vamseekrishna/Desktop/F1_Data_Warehouse/f1datawarehouse/lib/python3.9/site-packages/airflow/example_dags/example_subdag_operator.py
[2024-02-24T21:55:32.234-0600] {logging_mixin.py:188} INFO - [2024-02-24T21:55:32.234-0600] {dag.py:3036} INFO - Sync 3 DAGs
[2024-02-24T21:55:32.243-0600] {logging_mixin.py:188} INFO - [2024-02-24T21:55:32.243-0600] {dag.py:3823} INFO - Setting next_dagrun for example_subdag_operator to 2022-01-01 00:00:00+00:00, run_after=2022-01-01 00:00:00+00:00
[2024-02-24T21:55:32.244-0600] {logging_mixin.py:188} INFO - [2024-02-24T21:55:32.244-0600] {dag.py:3823} INFO - Setting next_dagrun for example_subdag_operator.section-1 to None, run_after=None
[2024-02-24T21:55:32.245-0600] {logging_mixin.py:188} INFO - [2024-02-24T21:55:32.245-0600] {dag.py:3823} INFO - Setting next_dagrun for example_subdag_operator.section-2 to None, run_after=None
[2024-02-24T21:55:32.247-0600] {logging_mixin.py:188} INFO - [2024-02-24T21:55:32.247-0600] {dag.py:3036} INFO - Sync 2 DAGs
[2024-02-24T21:55:32.248-0600] {logging_mixin.py:188} INFO - [2024-02-24T21:55:32.248-0600] {dag.py:3823} INFO - Setting next_dagrun for example_subdag_operator.section-1 to None, run_after=None
[2024-02-24T21:55:32.249-0600] {logging_mixin.py:188} INFO - [2024-02-24T21:55:32.249-0600] {dag.py:3823} INFO - Setting next_dagrun for example_subdag_operator.section-2 to None, run_after=None
[2024-02-24T21:55:32.255-0600] {processor.py:183} INFO - Processing /Users/vamseekrishna/Desktop/F1_Data_Warehouse/f1datawarehouse/lib/python3.9/site-packages/airflow/example_dags/example_subdag_operator.py took 0.100 seconds
[2024-02-24T21:56:40.797-0600] {processor.py:161} INFO - Started process (PID=9486) to work on /Users/vamseekrishna/Desktop/F1_Data_Warehouse/f1datawarehouse/lib/python3.9/site-packages/airflow/example_dags/example_subdag_operator.py
[2024-02-24T21:56:40.799-0600] {processor.py:830} INFO - Processing file /Users/vamseekrishna/Desktop/F1_Data_Warehouse/f1datawarehouse/lib/python3.9/site-packages/airflow/example_dags/example_subdag_operator.py for tasks to queue
[2024-02-24T21:56:40.799-0600] {logging_mixin.py:188} INFO - [2024-02-24T21:56:40.799-0600] {dagbag.py:538} INFO - Filling up the DagBag from /Users/vamseekrishna/Desktop/F1_Data_Warehouse/f1datawarehouse/lib/python3.9/site-packages/airflow/example_dags/example_subdag_operator.py
[2024-02-24T21:56:40.851-0600] {processor.py:840} INFO - DAG(s) 'example_subdag_operator.section-1', 'example_subdag_operator.section-2', 'example_subdag_operator' retrieved from /Users/vamseekrishna/Desktop/F1_Data_Warehouse/f1datawarehouse/lib/python3.9/site-packages/airflow/example_dags/example_subdag_operator.py
[2024-02-24T21:56:40.871-0600] {logging_mixin.py:188} INFO - [2024-02-24T21:56:40.871-0600] {dag.py:3036} INFO - Sync 3 DAGs
[2024-02-24T21:56:40.880-0600] {logging_mixin.py:188} INFO - [2024-02-24T21:56:40.880-0600] {dag.py:3823} INFO - Setting next_dagrun for example_subdag_operator to 2022-01-01 00:00:00+00:00, run_after=2022-01-01 00:00:00+00:00
[2024-02-24T21:56:40.881-0600] {logging_mixin.py:188} INFO - [2024-02-24T21:56:40.881-0600] {dag.py:3823} INFO - Setting next_dagrun for example_subdag_operator.section-1 to None, run_after=None
[2024-02-24T21:56:40.881-0600] {logging_mixin.py:188} INFO - [2024-02-24T21:56:40.881-0600] {dag.py:3823} INFO - Setting next_dagrun for example_subdag_operator.section-2 to None, run_after=None
[2024-02-24T21:56:40.884-0600] {logging_mixin.py:188} INFO - [2024-02-24T21:56:40.884-0600] {dag.py:3036} INFO - Sync 2 DAGs
[2024-02-24T21:56:40.887-0600] {logging_mixin.py:188} INFO - [2024-02-24T21:56:40.887-0600] {dag.py:3823} INFO - Setting next_dagrun for example_subdag_operator.section-1 to None, run_after=None
[2024-02-24T21:56:40.888-0600] {logging_mixin.py:188} INFO - [2024-02-24T21:56:40.888-0600] {dag.py:3823} INFO - Setting next_dagrun for example_subdag_operator.section-2 to None, run_after=None
[2024-02-24T21:56:40.893-0600] {processor.py:183} INFO - Processing /Users/vamseekrishna/Desktop/F1_Data_Warehouse/f1datawarehouse/lib/python3.9/site-packages/airflow/example_dags/example_subdag_operator.py took 0.097 seconds
[2024-02-24T21:57:42.803-0600] {processor.py:161} INFO - Started process (PID=9544) to work on /Users/vamseekrishna/Desktop/F1_Data_Warehouse/f1datawarehouse/lib/python3.9/site-packages/airflow/example_dags/example_subdag_operator.py
[2024-02-24T21:57:42.804-0600] {processor.py:830} INFO - Processing file /Users/vamseekrishna/Desktop/F1_Data_Warehouse/f1datawarehouse/lib/python3.9/site-packages/airflow/example_dags/example_subdag_operator.py for tasks to queue
[2024-02-24T21:57:42.805-0600] {logging_mixin.py:188} INFO - [2024-02-24T21:57:42.805-0600] {dagbag.py:538} INFO - Filling up the DagBag from /Users/vamseekrishna/Desktop/F1_Data_Warehouse/f1datawarehouse/lib/python3.9/site-packages/airflow/example_dags/example_subdag_operator.py
[2024-02-24T21:57:42.848-0600] {processor.py:840} INFO - DAG(s) 'example_subdag_operator.section-1', 'example_subdag_operator.section-2', 'example_subdag_operator' retrieved from /Users/vamseekrishna/Desktop/F1_Data_Warehouse/f1datawarehouse/lib/python3.9/site-packages/airflow/example_dags/example_subdag_operator.py
[2024-02-24T21:57:42.866-0600] {logging_mixin.py:188} INFO - [2024-02-24T21:57:42.866-0600] {dag.py:3036} INFO - Sync 3 DAGs
[2024-02-24T21:57:42.874-0600] {logging_mixin.py:188} INFO - [2024-02-24T21:57:42.873-0600] {dag.py:3823} INFO - Setting next_dagrun for example_subdag_operator to 2022-01-01 00:00:00+00:00, run_after=2022-01-01 00:00:00+00:00
[2024-02-24T21:57:42.875-0600] {logging_mixin.py:188} INFO - [2024-02-24T21:57:42.875-0600] {dag.py:3823} INFO - Setting next_dagrun for example_subdag_operator.section-1 to None, run_after=None
[2024-02-24T21:57:42.875-0600] {logging_mixin.py:188} INFO - [2024-02-24T21:57:42.875-0600] {dag.py:3823} INFO - Setting next_dagrun for example_subdag_operator.section-2 to None, run_after=None
[2024-02-24T21:57:42.878-0600] {logging_mixin.py:188} INFO - [2024-02-24T21:57:42.878-0600] {dag.py:3036} INFO - Sync 2 DAGs
[2024-02-24T21:57:42.879-0600] {logging_mixin.py:188} INFO - [2024-02-24T21:57:42.879-0600] {dag.py:3823} INFO - Setting next_dagrun for example_subdag_operator.section-1 to None, run_after=None
[2024-02-24T21:57:42.879-0600] {logging_mixin.py:188} INFO - [2024-02-24T21:57:42.879-0600] {dag.py:3823} INFO - Setting next_dagrun for example_subdag_operator.section-2 to None, run_after=None
[2024-02-24T21:57:42.885-0600] {processor.py:183} INFO - Processing /Users/vamseekrishna/Desktop/F1_Data_Warehouse/f1datawarehouse/lib/python3.9/site-packages/airflow/example_dags/example_subdag_operator.py took 0.082 seconds
[2024-02-24T21:58:44.694-0600] {processor.py:161} INFO - Started process (PID=9592) to work on /Users/vamseekrishna/Desktop/F1_Data_Warehouse/f1datawarehouse/lib/python3.9/site-packages/airflow/example_dags/example_subdag_operator.py
[2024-02-24T21:58:44.696-0600] {processor.py:830} INFO - Processing file /Users/vamseekrishna/Desktop/F1_Data_Warehouse/f1datawarehouse/lib/python3.9/site-packages/airflow/example_dags/example_subdag_operator.py for tasks to queue
[2024-02-24T21:58:44.696-0600] {logging_mixin.py:188} INFO - [2024-02-24T21:58:44.696-0600] {dagbag.py:538} INFO - Filling up the DagBag from /Users/vamseekrishna/Desktop/F1_Data_Warehouse/f1datawarehouse/lib/python3.9/site-packages/airflow/example_dags/example_subdag_operator.py
[2024-02-24T21:58:44.746-0600] {processor.py:840} INFO - DAG(s) 'example_subdag_operator.section-1', 'example_subdag_operator.section-2', 'example_subdag_operator' retrieved from /Users/vamseekrishna/Desktop/F1_Data_Warehouse/f1datawarehouse/lib/python3.9/site-packages/airflow/example_dags/example_subdag_operator.py
[2024-02-24T21:58:44.767-0600] {logging_mixin.py:188} INFO - [2024-02-24T21:58:44.767-0600] {dag.py:3036} INFO - Sync 3 DAGs
[2024-02-24T21:58:44.776-0600] {logging_mixin.py:188} INFO - [2024-02-24T21:58:44.775-0600] {dag.py:3823} INFO - Setting next_dagrun for example_subdag_operator to 2022-01-01 00:00:00+00:00, run_after=2022-01-01 00:00:00+00:00
[2024-02-24T21:58:44.777-0600] {logging_mixin.py:188} INFO - [2024-02-24T21:58:44.777-0600] {dag.py:3823} INFO - Setting next_dagrun for example_subdag_operator.section-1 to None, run_after=None
[2024-02-24T21:58:44.777-0600] {logging_mixin.py:188} INFO - [2024-02-24T21:58:44.777-0600] {dag.py:3823} INFO - Setting next_dagrun for example_subdag_operator.section-2 to None, run_after=None
[2024-02-24T21:58:44.779-0600] {logging_mixin.py:188} INFO - [2024-02-24T21:58:44.779-0600] {dag.py:3036} INFO - Sync 2 DAGs
[2024-02-24T21:58:44.781-0600] {logging_mixin.py:188} INFO - [2024-02-24T21:58:44.781-0600] {dag.py:3823} INFO - Setting next_dagrun for example_subdag_operator.section-1 to None, run_after=None
[2024-02-24T21:58:44.781-0600] {logging_mixin.py:188} INFO - [2024-02-24T21:58:44.781-0600] {dag.py:3823} INFO - Setting next_dagrun for example_subdag_operator.section-2 to None, run_after=None
[2024-02-24T21:58:44.788-0600] {processor.py:183} INFO - Processing /Users/vamseekrishna/Desktop/F1_Data_Warehouse/f1datawarehouse/lib/python3.9/site-packages/airflow/example_dags/example_subdag_operator.py took 0.094 seconds
