[2024-02-24T18:03:28.133-0600] {processor.py:161} INFO - Started process (PID=95703) to work on /Users/vamseekrishna/Desktop/F1_Data_Warehouse/f1datawarehouse/lib/python3.9/site-packages/airflow/example_dags/example_branch_python_dop_operator_3.py
[2024-02-24T18:03:28.135-0600] {processor.py:830} INFO - Processing file /Users/vamseekrishna/Desktop/F1_Data_Warehouse/f1datawarehouse/lib/python3.9/site-packages/airflow/example_dags/example_branch_python_dop_operator_3.py for tasks to queue
[2024-02-24T18:03:28.135-0600] {logging_mixin.py:188} INFO - [2024-02-24T18:03:28.135-0600] {dagbag.py:538} INFO - Filling up the DagBag from /Users/vamseekrishna/Desktop/F1_Data_Warehouse/f1datawarehouse/lib/python3.9/site-packages/airflow/example_dags/example_branch_python_dop_operator_3.py
[2024-02-24T18:03:28.151-0600] {processor.py:840} INFO - DAG(s) 'example_branch_dop_operator_v3' retrieved from /Users/vamseekrishna/Desktop/F1_Data_Warehouse/f1datawarehouse/lib/python3.9/site-packages/airflow/example_dags/example_branch_python_dop_operator_3.py
[2024-02-24T18:03:28.198-0600] {logging_mixin.py:188} INFO - [2024-02-24T18:03:28.198-0600] {dag.py:3036} INFO - Sync 1 DAGs
[2024-02-24T18:03:28.209-0600] {logging_mixin.py:188} INFO - [2024-02-24T18:03:28.209-0600] {dag.py:3823} INFO - Setting next_dagrun for example_branch_dop_operator_v3 to 2024-02-25 00:02:00+00:00, run_after=2024-02-25 00:03:00+00:00
[2024-02-24T18:03:28.217-0600] {processor.py:183} INFO - Processing /Users/vamseekrishna/Desktop/F1_Data_Warehouse/f1datawarehouse/lib/python3.9/site-packages/airflow/example_dags/example_branch_python_dop_operator_3.py took 0.084 seconds
[2024-02-24T18:05:47.307-0600] {processor.py:161} INFO - Started process (PID=95877) to work on /Users/vamseekrishna/Desktop/F1_Data_Warehouse/f1datawarehouse/lib/python3.9/site-packages/airflow/example_dags/example_branch_python_dop_operator_3.py
[2024-02-24T18:05:47.309-0600] {processor.py:830} INFO - Processing file /Users/vamseekrishna/Desktop/F1_Data_Warehouse/f1datawarehouse/lib/python3.9/site-packages/airflow/example_dags/example_branch_python_dop_operator_3.py for tasks to queue
[2024-02-24T18:05:47.309-0600] {logging_mixin.py:188} INFO - [2024-02-24T18:05:47.309-0600] {dagbag.py:538} INFO - Filling up the DagBag from /Users/vamseekrishna/Desktop/F1_Data_Warehouse/f1datawarehouse/lib/python3.9/site-packages/airflow/example_dags/example_branch_python_dop_operator_3.py
[2024-02-24T18:05:47.327-0600] {processor.py:840} INFO - DAG(s) 'example_branch_dop_operator_v3' retrieved from /Users/vamseekrishna/Desktop/F1_Data_Warehouse/f1datawarehouse/lib/python3.9/site-packages/airflow/example_dags/example_branch_python_dop_operator_3.py
[2024-02-24T18:05:47.373-0600] {logging_mixin.py:188} INFO - [2024-02-24T18:05:47.373-0600] {dag.py:3036} INFO - Sync 1 DAGs
[2024-02-24T18:05:47.384-0600] {logging_mixin.py:188} INFO - [2024-02-24T18:05:47.383-0600] {dag.py:3823} INFO - Setting next_dagrun for example_branch_dop_operator_v3 to 2024-02-25 00:04:00+00:00, run_after=2024-02-25 00:05:00+00:00
[2024-02-24T18:05:47.392-0600] {processor.py:183} INFO - Processing /Users/vamseekrishna/Desktop/F1_Data_Warehouse/f1datawarehouse/lib/python3.9/site-packages/airflow/example_dags/example_branch_python_dop_operator_3.py took 0.086 seconds
[2024-02-24T18:07:51.974-0600] {processor.py:161} INFO - Started process (PID=95990) to work on /Users/vamseekrishna/Desktop/F1_Data_Warehouse/f1datawarehouse/lib/python3.9/site-packages/airflow/example_dags/example_branch_python_dop_operator_3.py
[2024-02-24T18:07:51.975-0600] {processor.py:830} INFO - Processing file /Users/vamseekrishna/Desktop/F1_Data_Warehouse/f1datawarehouse/lib/python3.9/site-packages/airflow/example_dags/example_branch_python_dop_operator_3.py for tasks to queue
[2024-02-24T18:07:51.975-0600] {logging_mixin.py:188} INFO - [2024-02-24T18:07:51.975-0600] {dagbag.py:538} INFO - Filling up the DagBag from /Users/vamseekrishna/Desktop/F1_Data_Warehouse/f1datawarehouse/lib/python3.9/site-packages/airflow/example_dags/example_branch_python_dop_operator_3.py
[2024-02-24T18:07:51.992-0600] {processor.py:840} INFO - DAG(s) 'example_branch_dop_operator_v3' retrieved from /Users/vamseekrishna/Desktop/F1_Data_Warehouse/f1datawarehouse/lib/python3.9/site-packages/airflow/example_dags/example_branch_python_dop_operator_3.py
[2024-02-24T18:07:52.037-0600] {logging_mixin.py:188} INFO - [2024-02-24T18:07:52.037-0600] {dag.py:3036} INFO - Sync 1 DAGs
[2024-02-24T18:07:52.048-0600] {logging_mixin.py:188} INFO - [2024-02-24T18:07:52.048-0600] {dag.py:3823} INFO - Setting next_dagrun for example_branch_dop_operator_v3 to 2024-02-25 00:06:00+00:00, run_after=2024-02-25 00:07:00+00:00
[2024-02-24T18:07:52.056-0600] {processor.py:183} INFO - Processing /Users/vamseekrishna/Desktop/F1_Data_Warehouse/f1datawarehouse/lib/python3.9/site-packages/airflow/example_dags/example_branch_python_dop_operator_3.py took 0.083 seconds
[2024-02-24T18:09:47.167-0600] {processor.py:161} INFO - Started process (PID=96089) to work on /Users/vamseekrishna/Desktop/F1_Data_Warehouse/f1datawarehouse/lib/python3.9/site-packages/airflow/example_dags/example_branch_python_dop_operator_3.py
[2024-02-24T18:09:47.169-0600] {processor.py:830} INFO - Processing file /Users/vamseekrishna/Desktop/F1_Data_Warehouse/f1datawarehouse/lib/python3.9/site-packages/airflow/example_dags/example_branch_python_dop_operator_3.py for tasks to queue
[2024-02-24T18:09:47.169-0600] {logging_mixin.py:188} INFO - [2024-02-24T18:09:47.169-0600] {dagbag.py:538} INFO - Filling up the DagBag from /Users/vamseekrishna/Desktop/F1_Data_Warehouse/f1datawarehouse/lib/python3.9/site-packages/airflow/example_dags/example_branch_python_dop_operator_3.py
[2024-02-24T18:09:47.186-0600] {processor.py:840} INFO - DAG(s) 'example_branch_dop_operator_v3' retrieved from /Users/vamseekrishna/Desktop/F1_Data_Warehouse/f1datawarehouse/lib/python3.9/site-packages/airflow/example_dags/example_branch_python_dop_operator_3.py
[2024-02-24T18:09:47.234-0600] {logging_mixin.py:188} INFO - [2024-02-24T18:09:47.233-0600] {dag.py:3036} INFO - Sync 1 DAGs
[2024-02-24T18:09:47.244-0600] {logging_mixin.py:188} INFO - [2024-02-24T18:09:47.244-0600] {dag.py:3823} INFO - Setting next_dagrun for example_branch_dop_operator_v3 to 2024-02-25 00:08:00+00:00, run_after=2024-02-25 00:09:00+00:00
[2024-02-24T18:09:47.252-0600] {processor.py:183} INFO - Processing /Users/vamseekrishna/Desktop/F1_Data_Warehouse/f1datawarehouse/lib/python3.9/site-packages/airflow/example_dags/example_branch_python_dop_operator_3.py took 0.086 seconds
[2024-02-24T18:11:45.384-0600] {processor.py:161} INFO - Started process (PID=96184) to work on /Users/vamseekrishna/Desktop/F1_Data_Warehouse/f1datawarehouse/lib/python3.9/site-packages/airflow/example_dags/example_branch_python_dop_operator_3.py
[2024-02-24T18:11:45.386-0600] {processor.py:830} INFO - Processing file /Users/vamseekrishna/Desktop/F1_Data_Warehouse/f1datawarehouse/lib/python3.9/site-packages/airflow/example_dags/example_branch_python_dop_operator_3.py for tasks to queue
[2024-02-24T18:11:45.387-0600] {logging_mixin.py:188} INFO - [2024-02-24T18:11:45.387-0600] {dagbag.py:538} INFO - Filling up the DagBag from /Users/vamseekrishna/Desktop/F1_Data_Warehouse/f1datawarehouse/lib/python3.9/site-packages/airflow/example_dags/example_branch_python_dop_operator_3.py
[2024-02-24T18:11:45.403-0600] {processor.py:840} INFO - DAG(s) 'example_branch_dop_operator_v3' retrieved from /Users/vamseekrishna/Desktop/F1_Data_Warehouse/f1datawarehouse/lib/python3.9/site-packages/airflow/example_dags/example_branch_python_dop_operator_3.py
[2024-02-24T18:11:45.450-0600] {logging_mixin.py:188} INFO - [2024-02-24T18:11:45.450-0600] {dag.py:3036} INFO - Sync 1 DAGs
[2024-02-24T18:11:45.461-0600] {logging_mixin.py:188} INFO - [2024-02-24T18:11:45.461-0600] {dag.py:3823} INFO - Setting next_dagrun for example_branch_dop_operator_v3 to 2024-02-25 00:10:00+00:00, run_after=2024-02-25 00:11:00+00:00
[2024-02-24T18:11:45.469-0600] {processor.py:183} INFO - Processing /Users/vamseekrishna/Desktop/F1_Data_Warehouse/f1datawarehouse/lib/python3.9/site-packages/airflow/example_dags/example_branch_python_dop_operator_3.py took 0.085 seconds
[2024-02-24T18:13:46.690-0600] {processor.py:161} INFO - Started process (PID=96277) to work on /Users/vamseekrishna/Desktop/F1_Data_Warehouse/f1datawarehouse/lib/python3.9/site-packages/airflow/example_dags/example_branch_python_dop_operator_3.py
[2024-02-24T18:13:46.693-0600] {processor.py:830} INFO - Processing file /Users/vamseekrishna/Desktop/F1_Data_Warehouse/f1datawarehouse/lib/python3.9/site-packages/airflow/example_dags/example_branch_python_dop_operator_3.py for tasks to queue
[2024-02-24T18:13:46.693-0600] {logging_mixin.py:188} INFO - [2024-02-24T18:13:46.693-0600] {dagbag.py:538} INFO - Filling up the DagBag from /Users/vamseekrishna/Desktop/F1_Data_Warehouse/f1datawarehouse/lib/python3.9/site-packages/airflow/example_dags/example_branch_python_dop_operator_3.py
[2024-02-24T18:13:46.709-0600] {processor.py:840} INFO - DAG(s) 'example_branch_dop_operator_v3' retrieved from /Users/vamseekrishna/Desktop/F1_Data_Warehouse/f1datawarehouse/lib/python3.9/site-packages/airflow/example_dags/example_branch_python_dop_operator_3.py
[2024-02-24T18:13:46.756-0600] {logging_mixin.py:188} INFO - [2024-02-24T18:13:46.756-0600] {dag.py:3036} INFO - Sync 1 DAGs
[2024-02-24T18:13:46.767-0600] {logging_mixin.py:188} INFO - [2024-02-24T18:13:46.767-0600] {dag.py:3823} INFO - Setting next_dagrun for example_branch_dop_operator_v3 to 2024-02-25 00:12:00+00:00, run_after=2024-02-25 00:13:00+00:00
[2024-02-24T18:13:46.776-0600] {processor.py:183} INFO - Processing /Users/vamseekrishna/Desktop/F1_Data_Warehouse/f1datawarehouse/lib/python3.9/site-packages/airflow/example_dags/example_branch_python_dop_operator_3.py took 0.086 seconds
[2024-02-24T18:15:40.131-0600] {processor.py:161} INFO - Started process (PID=96384) to work on /Users/vamseekrishna/Desktop/F1_Data_Warehouse/f1datawarehouse/lib/python3.9/site-packages/airflow/example_dags/example_branch_python_dop_operator_3.py
[2024-02-24T18:15:40.133-0600] {processor.py:830} INFO - Processing file /Users/vamseekrishna/Desktop/F1_Data_Warehouse/f1datawarehouse/lib/python3.9/site-packages/airflow/example_dags/example_branch_python_dop_operator_3.py for tasks to queue
[2024-02-24T18:15:40.133-0600] {logging_mixin.py:188} INFO - [2024-02-24T18:15:40.133-0600] {dagbag.py:538} INFO - Filling up the DagBag from /Users/vamseekrishna/Desktop/F1_Data_Warehouse/f1datawarehouse/lib/python3.9/site-packages/airflow/example_dags/example_branch_python_dop_operator_3.py
[2024-02-24T18:15:40.150-0600] {processor.py:840} INFO - DAG(s) 'example_branch_dop_operator_v3' retrieved from /Users/vamseekrishna/Desktop/F1_Data_Warehouse/f1datawarehouse/lib/python3.9/site-packages/airflow/example_dags/example_branch_python_dop_operator_3.py
[2024-02-24T18:15:40.197-0600] {logging_mixin.py:188} INFO - [2024-02-24T18:15:40.196-0600] {dag.py:3036} INFO - Sync 1 DAGs
[2024-02-24T18:15:40.207-0600] {logging_mixin.py:188} INFO - [2024-02-24T18:15:40.207-0600] {dag.py:3823} INFO - Setting next_dagrun for example_branch_dop_operator_v3 to 2024-02-25 00:14:00+00:00, run_after=2024-02-25 00:15:00+00:00
[2024-02-24T18:15:40.215-0600] {processor.py:183} INFO - Processing /Users/vamseekrishna/Desktop/F1_Data_Warehouse/f1datawarehouse/lib/python3.9/site-packages/airflow/example_dags/example_branch_python_dop_operator_3.py took 0.084 seconds
[2024-02-24T18:17:43.893-0600] {processor.py:161} INFO - Started process (PID=96491) to work on /Users/vamseekrishna/Desktop/F1_Data_Warehouse/f1datawarehouse/lib/python3.9/site-packages/airflow/example_dags/example_branch_python_dop_operator_3.py
[2024-02-24T18:17:43.895-0600] {processor.py:830} INFO - Processing file /Users/vamseekrishna/Desktop/F1_Data_Warehouse/f1datawarehouse/lib/python3.9/site-packages/airflow/example_dags/example_branch_python_dop_operator_3.py for tasks to queue
[2024-02-24T18:17:43.895-0600] {logging_mixin.py:188} INFO - [2024-02-24T18:17:43.895-0600] {dagbag.py:538} INFO - Filling up the DagBag from /Users/vamseekrishna/Desktop/F1_Data_Warehouse/f1datawarehouse/lib/python3.9/site-packages/airflow/example_dags/example_branch_python_dop_operator_3.py
[2024-02-24T18:17:43.911-0600] {processor.py:840} INFO - DAG(s) 'example_branch_dop_operator_v3' retrieved from /Users/vamseekrishna/Desktop/F1_Data_Warehouse/f1datawarehouse/lib/python3.9/site-packages/airflow/example_dags/example_branch_python_dop_operator_3.py
[2024-02-24T18:17:43.956-0600] {logging_mixin.py:188} INFO - [2024-02-24T18:17:43.956-0600] {dag.py:3036} INFO - Sync 1 DAGs
[2024-02-24T18:17:43.967-0600] {logging_mixin.py:188} INFO - [2024-02-24T18:17:43.967-0600] {dag.py:3823} INFO - Setting next_dagrun for example_branch_dop_operator_v3 to 2024-02-25 00:16:00+00:00, run_after=2024-02-25 00:17:00+00:00
[2024-02-24T18:17:43.975-0600] {processor.py:183} INFO - Processing /Users/vamseekrishna/Desktop/F1_Data_Warehouse/f1datawarehouse/lib/python3.9/site-packages/airflow/example_dags/example_branch_python_dop_operator_3.py took 0.083 seconds
[2024-02-24T18:19:41.760-0600] {processor.py:161} INFO - Started process (PID=96584) to work on /Users/vamseekrishna/Desktop/F1_Data_Warehouse/f1datawarehouse/lib/python3.9/site-packages/airflow/example_dags/example_branch_python_dop_operator_3.py
[2024-02-24T18:19:41.762-0600] {processor.py:830} INFO - Processing file /Users/vamseekrishna/Desktop/F1_Data_Warehouse/f1datawarehouse/lib/python3.9/site-packages/airflow/example_dags/example_branch_python_dop_operator_3.py for tasks to queue
[2024-02-24T18:19:41.763-0600] {logging_mixin.py:188} INFO - [2024-02-24T18:19:41.762-0600] {dagbag.py:538} INFO - Filling up the DagBag from /Users/vamseekrishna/Desktop/F1_Data_Warehouse/f1datawarehouse/lib/python3.9/site-packages/airflow/example_dags/example_branch_python_dop_operator_3.py
[2024-02-24T18:19:41.850-0600] {processor.py:840} INFO - DAG(s) 'example_branch_dop_operator_v3' retrieved from /Users/vamseekrishna/Desktop/F1_Data_Warehouse/f1datawarehouse/lib/python3.9/site-packages/airflow/example_dags/example_branch_python_dop_operator_3.py
[2024-02-24T18:19:41.902-0600] {logging_mixin.py:188} INFO - [2024-02-24T18:19:41.901-0600] {dag.py:3036} INFO - Sync 1 DAGs
[2024-02-24T18:19:41.913-0600] {logging_mixin.py:188} INFO - [2024-02-24T18:19:41.913-0600] {dag.py:3823} INFO - Setting next_dagrun for example_branch_dop_operator_v3 to 2024-02-25 00:18:00+00:00, run_after=2024-02-25 00:19:00+00:00
[2024-02-24T18:19:41.922-0600] {processor.py:183} INFO - Processing /Users/vamseekrishna/Desktop/F1_Data_Warehouse/f1datawarehouse/lib/python3.9/site-packages/airflow/example_dags/example_branch_python_dop_operator_3.py took 0.163 seconds
[2024-02-24T18:21:45.542-0600] {processor.py:161} INFO - Started process (PID=96685) to work on /Users/vamseekrishna/Desktop/F1_Data_Warehouse/f1datawarehouse/lib/python3.9/site-packages/airflow/example_dags/example_branch_python_dop_operator_3.py
[2024-02-24T18:21:45.544-0600] {processor.py:830} INFO - Processing file /Users/vamseekrishna/Desktop/F1_Data_Warehouse/f1datawarehouse/lib/python3.9/site-packages/airflow/example_dags/example_branch_python_dop_operator_3.py for tasks to queue
[2024-02-24T18:21:45.544-0600] {logging_mixin.py:188} INFO - [2024-02-24T18:21:45.544-0600] {dagbag.py:538} INFO - Filling up the DagBag from /Users/vamseekrishna/Desktop/F1_Data_Warehouse/f1datawarehouse/lib/python3.9/site-packages/airflow/example_dags/example_branch_python_dop_operator_3.py
[2024-02-24T18:21:45.561-0600] {processor.py:840} INFO - DAG(s) 'example_branch_dop_operator_v3' retrieved from /Users/vamseekrishna/Desktop/F1_Data_Warehouse/f1datawarehouse/lib/python3.9/site-packages/airflow/example_dags/example_branch_python_dop_operator_3.py
[2024-02-24T18:21:45.606-0600] {logging_mixin.py:188} INFO - [2024-02-24T18:21:45.606-0600] {dag.py:3036} INFO - Sync 1 DAGs
[2024-02-24T18:21:45.618-0600] {logging_mixin.py:188} INFO - [2024-02-24T18:21:45.617-0600] {dag.py:3823} INFO - Setting next_dagrun for example_branch_dop_operator_v3 to 2024-02-25 00:20:00+00:00, run_after=2024-02-25 00:21:00+00:00
[2024-02-24T18:21:45.625-0600] {processor.py:183} INFO - Processing /Users/vamseekrishna/Desktop/F1_Data_Warehouse/f1datawarehouse/lib/python3.9/site-packages/airflow/example_dags/example_branch_python_dop_operator_3.py took 0.084 seconds
[2024-02-24T18:23:49.605-0600] {processor.py:161} INFO - Started process (PID=96800) to work on /Users/vamseekrishna/Desktop/F1_Data_Warehouse/f1datawarehouse/lib/python3.9/site-packages/airflow/example_dags/example_branch_python_dop_operator_3.py
[2024-02-24T18:23:49.607-0600] {processor.py:830} INFO - Processing file /Users/vamseekrishna/Desktop/F1_Data_Warehouse/f1datawarehouse/lib/python3.9/site-packages/airflow/example_dags/example_branch_python_dop_operator_3.py for tasks to queue
[2024-02-24T18:23:49.607-0600] {logging_mixin.py:188} INFO - [2024-02-24T18:23:49.607-0600] {dagbag.py:538} INFO - Filling up the DagBag from /Users/vamseekrishna/Desktop/F1_Data_Warehouse/f1datawarehouse/lib/python3.9/site-packages/airflow/example_dags/example_branch_python_dop_operator_3.py
[2024-02-24T18:23:49.623-0600] {processor.py:840} INFO - DAG(s) 'example_branch_dop_operator_v3' retrieved from /Users/vamseekrishna/Desktop/F1_Data_Warehouse/f1datawarehouse/lib/python3.9/site-packages/airflow/example_dags/example_branch_python_dop_operator_3.py
[2024-02-24T18:23:49.669-0600] {logging_mixin.py:188} INFO - [2024-02-24T18:23:49.669-0600] {dag.py:3036} INFO - Sync 1 DAGs
[2024-02-24T18:23:49.681-0600] {logging_mixin.py:188} INFO - [2024-02-24T18:23:49.681-0600] {dag.py:3823} INFO - Setting next_dagrun for example_branch_dop_operator_v3 to 2024-02-25 00:22:00+00:00, run_after=2024-02-25 00:23:00+00:00
[2024-02-24T18:23:49.689-0600] {processor.py:183} INFO - Processing /Users/vamseekrishna/Desktop/F1_Data_Warehouse/f1datawarehouse/lib/python3.9/site-packages/airflow/example_dags/example_branch_python_dop_operator_3.py took 0.085 seconds
[2024-02-24T18:25:47.337-0600] {processor.py:161} INFO - Started process (PID=96886) to work on /Users/vamseekrishna/Desktop/F1_Data_Warehouse/f1datawarehouse/lib/python3.9/site-packages/airflow/example_dags/example_branch_python_dop_operator_3.py
[2024-02-24T18:25:47.338-0600] {processor.py:830} INFO - Processing file /Users/vamseekrishna/Desktop/F1_Data_Warehouse/f1datawarehouse/lib/python3.9/site-packages/airflow/example_dags/example_branch_python_dop_operator_3.py for tasks to queue
[2024-02-24T18:25:47.339-0600] {logging_mixin.py:188} INFO - [2024-02-24T18:25:47.339-0600] {dagbag.py:538} INFO - Filling up the DagBag from /Users/vamseekrishna/Desktop/F1_Data_Warehouse/f1datawarehouse/lib/python3.9/site-packages/airflow/example_dags/example_branch_python_dop_operator_3.py
[2024-02-24T18:25:47.356-0600] {processor.py:840} INFO - DAG(s) 'example_branch_dop_operator_v3' retrieved from /Users/vamseekrishna/Desktop/F1_Data_Warehouse/f1datawarehouse/lib/python3.9/site-packages/airflow/example_dags/example_branch_python_dop_operator_3.py
[2024-02-24T18:25:47.403-0600] {logging_mixin.py:188} INFO - [2024-02-24T18:25:47.403-0600] {dag.py:3036} INFO - Sync 1 DAGs
[2024-02-24T18:25:47.413-0600] {logging_mixin.py:188} INFO - [2024-02-24T18:25:47.413-0600] {dag.py:3823} INFO - Setting next_dagrun for example_branch_dop_operator_v3 to 2024-02-25 00:24:00+00:00, run_after=2024-02-25 00:25:00+00:00
[2024-02-24T18:25:47.421-0600] {processor.py:183} INFO - Processing /Users/vamseekrishna/Desktop/F1_Data_Warehouse/f1datawarehouse/lib/python3.9/site-packages/airflow/example_dags/example_branch_python_dop_operator_3.py took 0.085 seconds
[2024-02-24T18:27:49.643-0600] {processor.py:161} INFO - Started process (PID=96984) to work on /Users/vamseekrishna/Desktop/F1_Data_Warehouse/f1datawarehouse/lib/python3.9/site-packages/airflow/example_dags/example_branch_python_dop_operator_3.py
[2024-02-24T18:27:49.645-0600] {processor.py:830} INFO - Processing file /Users/vamseekrishna/Desktop/F1_Data_Warehouse/f1datawarehouse/lib/python3.9/site-packages/airflow/example_dags/example_branch_python_dop_operator_3.py for tasks to queue
[2024-02-24T18:27:49.645-0600] {logging_mixin.py:188} INFO - [2024-02-24T18:27:49.645-0600] {dagbag.py:538} INFO - Filling up the DagBag from /Users/vamseekrishna/Desktop/F1_Data_Warehouse/f1datawarehouse/lib/python3.9/site-packages/airflow/example_dags/example_branch_python_dop_operator_3.py
[2024-02-24T18:27:49.661-0600] {processor.py:840} INFO - DAG(s) 'example_branch_dop_operator_v3' retrieved from /Users/vamseekrishna/Desktop/F1_Data_Warehouse/f1datawarehouse/lib/python3.9/site-packages/airflow/example_dags/example_branch_python_dop_operator_3.py
[2024-02-24T18:27:49.707-0600] {logging_mixin.py:188} INFO - [2024-02-24T18:27:49.707-0600] {dag.py:3036} INFO - Sync 1 DAGs
[2024-02-24T18:27:49.717-0600] {logging_mixin.py:188} INFO - [2024-02-24T18:27:49.717-0600] {dag.py:3823} INFO - Setting next_dagrun for example_branch_dop_operator_v3 to 2024-02-25 00:26:00+00:00, run_after=2024-02-25 00:27:00+00:00
[2024-02-24T18:27:49.725-0600] {processor.py:183} INFO - Processing /Users/vamseekrishna/Desktop/F1_Data_Warehouse/f1datawarehouse/lib/python3.9/site-packages/airflow/example_dags/example_branch_python_dop_operator_3.py took 0.083 seconds
[2024-02-24T18:29:54.661-0600] {processor.py:161} INFO - Started process (PID=97083) to work on /Users/vamseekrishna/Desktop/F1_Data_Warehouse/f1datawarehouse/lib/python3.9/site-packages/airflow/example_dags/example_branch_python_dop_operator_3.py
[2024-02-24T18:29:54.663-0600] {processor.py:830} INFO - Processing file /Users/vamseekrishna/Desktop/F1_Data_Warehouse/f1datawarehouse/lib/python3.9/site-packages/airflow/example_dags/example_branch_python_dop_operator_3.py for tasks to queue
[2024-02-24T18:29:54.664-0600] {logging_mixin.py:188} INFO - [2024-02-24T18:29:54.664-0600] {dagbag.py:538} INFO - Filling up the DagBag from /Users/vamseekrishna/Desktop/F1_Data_Warehouse/f1datawarehouse/lib/python3.9/site-packages/airflow/example_dags/example_branch_python_dop_operator_3.py
[2024-02-24T18:29:54.683-0600] {processor.py:840} INFO - DAG(s) 'example_branch_dop_operator_v3' retrieved from /Users/vamseekrishna/Desktop/F1_Data_Warehouse/f1datawarehouse/lib/python3.9/site-packages/airflow/example_dags/example_branch_python_dop_operator_3.py
[2024-02-24T18:29:54.731-0600] {logging_mixin.py:188} INFO - [2024-02-24T18:29:54.730-0600] {dag.py:3036} INFO - Sync 1 DAGs
[2024-02-24T18:29:54.741-0600] {logging_mixin.py:188} INFO - [2024-02-24T18:29:54.741-0600] {dag.py:3823} INFO - Setting next_dagrun for example_branch_dop_operator_v3 to 2024-02-25 00:28:00+00:00, run_after=2024-02-25 00:29:00+00:00
[2024-02-24T18:29:54.749-0600] {processor.py:183} INFO - Processing /Users/vamseekrishna/Desktop/F1_Data_Warehouse/f1datawarehouse/lib/python3.9/site-packages/airflow/example_dags/example_branch_python_dop_operator_3.py took 0.089 seconds
[2024-02-24T18:31:51.874-0600] {processor.py:161} INFO - Started process (PID=97196) to work on /Users/vamseekrishna/Desktop/F1_Data_Warehouse/f1datawarehouse/lib/python3.9/site-packages/airflow/example_dags/example_branch_python_dop_operator_3.py
[2024-02-24T18:31:51.876-0600] {processor.py:830} INFO - Processing file /Users/vamseekrishna/Desktop/F1_Data_Warehouse/f1datawarehouse/lib/python3.9/site-packages/airflow/example_dags/example_branch_python_dop_operator_3.py for tasks to queue
[2024-02-24T18:31:51.876-0600] {logging_mixin.py:188} INFO - [2024-02-24T18:31:51.876-0600] {dagbag.py:538} INFO - Filling up the DagBag from /Users/vamseekrishna/Desktop/F1_Data_Warehouse/f1datawarehouse/lib/python3.9/site-packages/airflow/example_dags/example_branch_python_dop_operator_3.py
[2024-02-24T18:31:51.895-0600] {processor.py:840} INFO - DAG(s) 'example_branch_dop_operator_v3' retrieved from /Users/vamseekrishna/Desktop/F1_Data_Warehouse/f1datawarehouse/lib/python3.9/site-packages/airflow/example_dags/example_branch_python_dop_operator_3.py
[2024-02-24T18:31:51.942-0600] {logging_mixin.py:188} INFO - [2024-02-24T18:31:51.942-0600] {dag.py:3036} INFO - Sync 1 DAGs
[2024-02-24T18:31:51.953-0600] {logging_mixin.py:188} INFO - [2024-02-24T18:31:51.953-0600] {dag.py:3823} INFO - Setting next_dagrun for example_branch_dop_operator_v3 to 2024-02-25 00:30:00+00:00, run_after=2024-02-25 00:31:00+00:00
[2024-02-24T18:31:51.961-0600] {processor.py:183} INFO - Processing /Users/vamseekrishna/Desktop/F1_Data_Warehouse/f1datawarehouse/lib/python3.9/site-packages/airflow/example_dags/example_branch_python_dop_operator_3.py took 0.087 seconds
[2024-02-24T18:33:48.466-0600] {processor.py:161} INFO - Started process (PID=97309) to work on /Users/vamseekrishna/Desktop/F1_Data_Warehouse/f1datawarehouse/lib/python3.9/site-packages/airflow/example_dags/example_branch_python_dop_operator_3.py
[2024-02-24T18:33:48.468-0600] {processor.py:830} INFO - Processing file /Users/vamseekrishna/Desktop/F1_Data_Warehouse/f1datawarehouse/lib/python3.9/site-packages/airflow/example_dags/example_branch_python_dop_operator_3.py for tasks to queue
[2024-02-24T18:33:48.469-0600] {logging_mixin.py:188} INFO - [2024-02-24T18:33:48.469-0600] {dagbag.py:538} INFO - Filling up the DagBag from /Users/vamseekrishna/Desktop/F1_Data_Warehouse/f1datawarehouse/lib/python3.9/site-packages/airflow/example_dags/example_branch_python_dop_operator_3.py
[2024-02-24T18:33:48.486-0600] {processor.py:840} INFO - DAG(s) 'example_branch_dop_operator_v3' retrieved from /Users/vamseekrishna/Desktop/F1_Data_Warehouse/f1datawarehouse/lib/python3.9/site-packages/airflow/example_dags/example_branch_python_dop_operator_3.py
[2024-02-24T18:33:48.533-0600] {logging_mixin.py:188} INFO - [2024-02-24T18:33:48.533-0600] {dag.py:3036} INFO - Sync 1 DAGs
[2024-02-24T18:33:48.543-0600] {logging_mixin.py:188} INFO - [2024-02-24T18:33:48.543-0600] {dag.py:3823} INFO - Setting next_dagrun for example_branch_dop_operator_v3 to 2024-02-25 00:32:00+00:00, run_after=2024-02-25 00:33:00+00:00
[2024-02-24T18:33:48.552-0600] {processor.py:183} INFO - Processing /Users/vamseekrishna/Desktop/F1_Data_Warehouse/f1datawarehouse/lib/python3.9/site-packages/airflow/example_dags/example_branch_python_dop_operator_3.py took 0.086 seconds
[2024-02-24T18:35:49.219-0600] {processor.py:161} INFO - Started process (PID=97401) to work on /Users/vamseekrishna/Desktop/F1_Data_Warehouse/f1datawarehouse/lib/python3.9/site-packages/airflow/example_dags/example_branch_python_dop_operator_3.py
[2024-02-24T18:35:49.221-0600] {processor.py:830} INFO - Processing file /Users/vamseekrishna/Desktop/F1_Data_Warehouse/f1datawarehouse/lib/python3.9/site-packages/airflow/example_dags/example_branch_python_dop_operator_3.py for tasks to queue
[2024-02-24T18:35:49.221-0600] {logging_mixin.py:188} INFO - [2024-02-24T18:35:49.221-0600] {dagbag.py:538} INFO - Filling up the DagBag from /Users/vamseekrishna/Desktop/F1_Data_Warehouse/f1datawarehouse/lib/python3.9/site-packages/airflow/example_dags/example_branch_python_dop_operator_3.py
[2024-02-24T18:35:49.238-0600] {processor.py:840} INFO - DAG(s) 'example_branch_dop_operator_v3' retrieved from /Users/vamseekrishna/Desktop/F1_Data_Warehouse/f1datawarehouse/lib/python3.9/site-packages/airflow/example_dags/example_branch_python_dop_operator_3.py
[2024-02-24T18:35:49.286-0600] {logging_mixin.py:188} INFO - [2024-02-24T18:35:49.286-0600] {dag.py:3036} INFO - Sync 1 DAGs
[2024-02-24T18:35:49.296-0600] {logging_mixin.py:188} INFO - [2024-02-24T18:35:49.296-0600] {dag.py:3823} INFO - Setting next_dagrun for example_branch_dop_operator_v3 to 2024-02-25 00:34:00+00:00, run_after=2024-02-25 00:35:00+00:00
[2024-02-24T18:35:49.305-0600] {processor.py:183} INFO - Processing /Users/vamseekrishna/Desktop/F1_Data_Warehouse/f1datawarehouse/lib/python3.9/site-packages/airflow/example_dags/example_branch_python_dop_operator_3.py took 0.086 seconds
[2024-02-24T18:37:50.514-0600] {processor.py:161} INFO - Started process (PID=97518) to work on /Users/vamseekrishna/Desktop/F1_Data_Warehouse/f1datawarehouse/lib/python3.9/site-packages/airflow/example_dags/example_branch_python_dop_operator_3.py
[2024-02-24T18:37:50.517-0600] {processor.py:830} INFO - Processing file /Users/vamseekrishna/Desktop/F1_Data_Warehouse/f1datawarehouse/lib/python3.9/site-packages/airflow/example_dags/example_branch_python_dop_operator_3.py for tasks to queue
[2024-02-24T18:37:50.517-0600] {logging_mixin.py:188} INFO - [2024-02-24T18:37:50.517-0600] {dagbag.py:538} INFO - Filling up the DagBag from /Users/vamseekrishna/Desktop/F1_Data_Warehouse/f1datawarehouse/lib/python3.9/site-packages/airflow/example_dags/example_branch_python_dop_operator_3.py
[2024-02-24T18:37:50.535-0600] {processor.py:840} INFO - DAG(s) 'example_branch_dop_operator_v3' retrieved from /Users/vamseekrishna/Desktop/F1_Data_Warehouse/f1datawarehouse/lib/python3.9/site-packages/airflow/example_dags/example_branch_python_dop_operator_3.py
[2024-02-24T18:37:50.582-0600] {logging_mixin.py:188} INFO - [2024-02-24T18:37:50.582-0600] {dag.py:3036} INFO - Sync 1 DAGs
[2024-02-24T18:37:50.592-0600] {logging_mixin.py:188} INFO - [2024-02-24T18:37:50.592-0600] {dag.py:3823} INFO - Setting next_dagrun for example_branch_dop_operator_v3 to 2024-02-25 00:36:00+00:00, run_after=2024-02-25 00:37:00+00:00
[2024-02-24T18:37:50.600-0600] {processor.py:183} INFO - Processing /Users/vamseekrishna/Desktop/F1_Data_Warehouse/f1datawarehouse/lib/python3.9/site-packages/airflow/example_dags/example_branch_python_dop_operator_3.py took 0.087 seconds
[2024-02-24T18:39:52.364-0600] {processor.py:161} INFO - Started process (PID=97614) to work on /Users/vamseekrishna/Desktop/F1_Data_Warehouse/f1datawarehouse/lib/python3.9/site-packages/airflow/example_dags/example_branch_python_dop_operator_3.py
[2024-02-24T18:39:52.366-0600] {processor.py:830} INFO - Processing file /Users/vamseekrishna/Desktop/F1_Data_Warehouse/f1datawarehouse/lib/python3.9/site-packages/airflow/example_dags/example_branch_python_dop_operator_3.py for tasks to queue
[2024-02-24T18:39:52.367-0600] {logging_mixin.py:188} INFO - [2024-02-24T18:39:52.367-0600] {dagbag.py:538} INFO - Filling up the DagBag from /Users/vamseekrishna/Desktop/F1_Data_Warehouse/f1datawarehouse/lib/python3.9/site-packages/airflow/example_dags/example_branch_python_dop_operator_3.py
[2024-02-24T18:39:52.384-0600] {processor.py:840} INFO - DAG(s) 'example_branch_dop_operator_v3' retrieved from /Users/vamseekrishna/Desktop/F1_Data_Warehouse/f1datawarehouse/lib/python3.9/site-packages/airflow/example_dags/example_branch_python_dop_operator_3.py
[2024-02-24T18:39:52.430-0600] {logging_mixin.py:188} INFO - [2024-02-24T18:39:52.430-0600] {dag.py:3036} INFO - Sync 1 DAGs
[2024-02-24T18:39:52.441-0600] {logging_mixin.py:188} INFO - [2024-02-24T18:39:52.441-0600] {dag.py:3823} INFO - Setting next_dagrun for example_branch_dop_operator_v3 to 2024-02-25 00:38:00+00:00, run_after=2024-02-25 00:39:00+00:00
[2024-02-24T18:39:52.449-0600] {processor.py:183} INFO - Processing /Users/vamseekrishna/Desktop/F1_Data_Warehouse/f1datawarehouse/lib/python3.9/site-packages/airflow/example_dags/example_branch_python_dop_operator_3.py took 0.085 seconds
[2024-02-24T18:41:53.084-0600] {processor.py:161} INFO - Started process (PID=97703) to work on /Users/vamseekrishna/Desktop/F1_Data_Warehouse/f1datawarehouse/lib/python3.9/site-packages/airflow/example_dags/example_branch_python_dop_operator_3.py
[2024-02-24T18:41:53.086-0600] {processor.py:830} INFO - Processing file /Users/vamseekrishna/Desktop/F1_Data_Warehouse/f1datawarehouse/lib/python3.9/site-packages/airflow/example_dags/example_branch_python_dop_operator_3.py for tasks to queue
[2024-02-24T18:41:53.086-0600] {logging_mixin.py:188} INFO - [2024-02-24T18:41:53.086-0600] {dagbag.py:538} INFO - Filling up the DagBag from /Users/vamseekrishna/Desktop/F1_Data_Warehouse/f1datawarehouse/lib/python3.9/site-packages/airflow/example_dags/example_branch_python_dop_operator_3.py
[2024-02-24T18:41:53.103-0600] {processor.py:840} INFO - DAG(s) 'example_branch_dop_operator_v3' retrieved from /Users/vamseekrishna/Desktop/F1_Data_Warehouse/f1datawarehouse/lib/python3.9/site-packages/airflow/example_dags/example_branch_python_dop_operator_3.py
[2024-02-24T18:41:53.151-0600] {logging_mixin.py:188} INFO - [2024-02-24T18:41:53.151-0600] {dag.py:3036} INFO - Sync 1 DAGs
[2024-02-24T18:41:53.161-0600] {logging_mixin.py:188} INFO - [2024-02-24T18:41:53.161-0600] {dag.py:3823} INFO - Setting next_dagrun for example_branch_dop_operator_v3 to 2024-02-25 00:40:00+00:00, run_after=2024-02-25 00:41:00+00:00
[2024-02-24T18:41:53.169-0600] {processor.py:183} INFO - Processing /Users/vamseekrishna/Desktop/F1_Data_Warehouse/f1datawarehouse/lib/python3.9/site-packages/airflow/example_dags/example_branch_python_dop_operator_3.py took 0.086 seconds
[2024-02-24T18:43:51.980-0600] {processor.py:161} INFO - Started process (PID=97801) to work on /Users/vamseekrishna/Desktop/F1_Data_Warehouse/f1datawarehouse/lib/python3.9/site-packages/airflow/example_dags/example_branch_python_dop_operator_3.py
[2024-02-24T18:43:51.982-0600] {processor.py:830} INFO - Processing file /Users/vamseekrishna/Desktop/F1_Data_Warehouse/f1datawarehouse/lib/python3.9/site-packages/airflow/example_dags/example_branch_python_dop_operator_3.py for tasks to queue
[2024-02-24T18:43:51.983-0600] {logging_mixin.py:188} INFO - [2024-02-24T18:43:51.983-0600] {dagbag.py:538} INFO - Filling up the DagBag from /Users/vamseekrishna/Desktop/F1_Data_Warehouse/f1datawarehouse/lib/python3.9/site-packages/airflow/example_dags/example_branch_python_dop_operator_3.py
[2024-02-24T18:43:52.004-0600] {processor.py:840} INFO - DAG(s) 'example_branch_dop_operator_v3' retrieved from /Users/vamseekrishna/Desktop/F1_Data_Warehouse/f1datawarehouse/lib/python3.9/site-packages/airflow/example_dags/example_branch_python_dop_operator_3.py
[2024-02-24T18:43:52.057-0600] {logging_mixin.py:188} INFO - [2024-02-24T18:43:52.057-0600] {dag.py:3036} INFO - Sync 1 DAGs
[2024-02-24T18:43:52.068-0600] {logging_mixin.py:188} INFO - [2024-02-24T18:43:52.068-0600] {dag.py:3823} INFO - Setting next_dagrun for example_branch_dop_operator_v3 to 2024-02-25 00:42:00+00:00, run_after=2024-02-25 00:43:00+00:00
[2024-02-24T18:43:52.076-0600] {processor.py:183} INFO - Processing /Users/vamseekrishna/Desktop/F1_Data_Warehouse/f1datawarehouse/lib/python3.9/site-packages/airflow/example_dags/example_branch_python_dop_operator_3.py took 0.097 seconds
[2024-02-24T18:45:55.152-0600] {processor.py:161} INFO - Started process (PID=97922) to work on /Users/vamseekrishna/Desktop/F1_Data_Warehouse/f1datawarehouse/lib/python3.9/site-packages/airflow/example_dags/example_branch_python_dop_operator_3.py
[2024-02-24T18:45:55.154-0600] {processor.py:830} INFO - Processing file /Users/vamseekrishna/Desktop/F1_Data_Warehouse/f1datawarehouse/lib/python3.9/site-packages/airflow/example_dags/example_branch_python_dop_operator_3.py for tasks to queue
[2024-02-24T18:45:55.155-0600] {logging_mixin.py:188} INFO - [2024-02-24T18:45:55.154-0600] {dagbag.py:538} INFO - Filling up the DagBag from /Users/vamseekrishna/Desktop/F1_Data_Warehouse/f1datawarehouse/lib/python3.9/site-packages/airflow/example_dags/example_branch_python_dop_operator_3.py
[2024-02-24T18:45:55.172-0600] {processor.py:840} INFO - DAG(s) 'example_branch_dop_operator_v3' retrieved from /Users/vamseekrishna/Desktop/F1_Data_Warehouse/f1datawarehouse/lib/python3.9/site-packages/airflow/example_dags/example_branch_python_dop_operator_3.py
[2024-02-24T18:45:55.220-0600] {logging_mixin.py:188} INFO - [2024-02-24T18:45:55.219-0600] {dag.py:3036} INFO - Sync 1 DAGs
[2024-02-24T18:45:55.230-0600] {logging_mixin.py:188} INFO - [2024-02-24T18:45:55.230-0600] {dag.py:3823} INFO - Setting next_dagrun for example_branch_dop_operator_v3 to 2024-02-25 00:44:00+00:00, run_after=2024-02-25 00:45:00+00:00
[2024-02-24T18:45:55.239-0600] {processor.py:183} INFO - Processing /Users/vamseekrishna/Desktop/F1_Data_Warehouse/f1datawarehouse/lib/python3.9/site-packages/airflow/example_dags/example_branch_python_dop_operator_3.py took 0.087 seconds
[2024-02-24T18:47:56.972-0600] {processor.py:161} INFO - Started process (PID=98013) to work on /Users/vamseekrishna/Desktop/F1_Data_Warehouse/f1datawarehouse/lib/python3.9/site-packages/airflow/example_dags/example_branch_python_dop_operator_3.py
[2024-02-24T18:47:56.974-0600] {processor.py:830} INFO - Processing file /Users/vamseekrishna/Desktop/F1_Data_Warehouse/f1datawarehouse/lib/python3.9/site-packages/airflow/example_dags/example_branch_python_dop_operator_3.py for tasks to queue
[2024-02-24T18:47:56.974-0600] {logging_mixin.py:188} INFO - [2024-02-24T18:47:56.974-0600] {dagbag.py:538} INFO - Filling up the DagBag from /Users/vamseekrishna/Desktop/F1_Data_Warehouse/f1datawarehouse/lib/python3.9/site-packages/airflow/example_dags/example_branch_python_dop_operator_3.py
[2024-02-24T18:47:56.992-0600] {processor.py:840} INFO - DAG(s) 'example_branch_dop_operator_v3' retrieved from /Users/vamseekrishna/Desktop/F1_Data_Warehouse/f1datawarehouse/lib/python3.9/site-packages/airflow/example_dags/example_branch_python_dop_operator_3.py
[2024-02-24T18:47:57.037-0600] {logging_mixin.py:188} INFO - [2024-02-24T18:47:57.037-0600] {dag.py:3036} INFO - Sync 1 DAGs
[2024-02-24T18:47:57.049-0600] {logging_mixin.py:188} INFO - [2024-02-24T18:47:57.049-0600] {dag.py:3823} INFO - Setting next_dagrun for example_branch_dop_operator_v3 to 2024-02-25 00:46:00+00:00, run_after=2024-02-25 00:47:00+00:00
[2024-02-24T18:47:57.057-0600] {processor.py:183} INFO - Processing /Users/vamseekrishna/Desktop/F1_Data_Warehouse/f1datawarehouse/lib/python3.9/site-packages/airflow/example_dags/example_branch_python_dop_operator_3.py took 0.085 seconds
[2024-02-24T18:49:58.398-0600] {processor.py:161} INFO - Started process (PID=98102) to work on /Users/vamseekrishna/Desktop/F1_Data_Warehouse/f1datawarehouse/lib/python3.9/site-packages/airflow/example_dags/example_branch_python_dop_operator_3.py
[2024-02-24T18:49:58.400-0600] {processor.py:830} INFO - Processing file /Users/vamseekrishna/Desktop/F1_Data_Warehouse/f1datawarehouse/lib/python3.9/site-packages/airflow/example_dags/example_branch_python_dop_operator_3.py for tasks to queue
[2024-02-24T18:49:58.400-0600] {logging_mixin.py:188} INFO - [2024-02-24T18:49:58.400-0600] {dagbag.py:538} INFO - Filling up the DagBag from /Users/vamseekrishna/Desktop/F1_Data_Warehouse/f1datawarehouse/lib/python3.9/site-packages/airflow/example_dags/example_branch_python_dop_operator_3.py
[2024-02-24T18:49:58.417-0600] {processor.py:840} INFO - DAG(s) 'example_branch_dop_operator_v3' retrieved from /Users/vamseekrishna/Desktop/F1_Data_Warehouse/f1datawarehouse/lib/python3.9/site-packages/airflow/example_dags/example_branch_python_dop_operator_3.py
[2024-02-24T18:49:58.464-0600] {logging_mixin.py:188} INFO - [2024-02-24T18:49:58.464-0600] {dag.py:3036} INFO - Sync 1 DAGs
[2024-02-24T18:49:58.475-0600] {logging_mixin.py:188} INFO - [2024-02-24T18:49:58.475-0600] {dag.py:3823} INFO - Setting next_dagrun for example_branch_dop_operator_v3 to 2024-02-25 00:48:00+00:00, run_after=2024-02-25 00:49:00+00:00
[2024-02-24T18:49:58.483-0600] {processor.py:183} INFO - Processing /Users/vamseekrishna/Desktop/F1_Data_Warehouse/f1datawarehouse/lib/python3.9/site-packages/airflow/example_dags/example_branch_python_dop_operator_3.py took 0.086 seconds
[2024-02-24T18:51:54.520-0600] {processor.py:161} INFO - Started process (PID=98192) to work on /Users/vamseekrishna/Desktop/F1_Data_Warehouse/f1datawarehouse/lib/python3.9/site-packages/airflow/example_dags/example_branch_python_dop_operator_3.py
[2024-02-24T18:51:54.522-0600] {processor.py:830} INFO - Processing file /Users/vamseekrishna/Desktop/F1_Data_Warehouse/f1datawarehouse/lib/python3.9/site-packages/airflow/example_dags/example_branch_python_dop_operator_3.py for tasks to queue
[2024-02-24T18:51:54.522-0600] {logging_mixin.py:188} INFO - [2024-02-24T18:51:54.522-0600] {dagbag.py:538} INFO - Filling up the DagBag from /Users/vamseekrishna/Desktop/F1_Data_Warehouse/f1datawarehouse/lib/python3.9/site-packages/airflow/example_dags/example_branch_python_dop_operator_3.py
[2024-02-24T18:51:54.539-0600] {processor.py:840} INFO - DAG(s) 'example_branch_dop_operator_v3' retrieved from /Users/vamseekrishna/Desktop/F1_Data_Warehouse/f1datawarehouse/lib/python3.9/site-packages/airflow/example_dags/example_branch_python_dop_operator_3.py
[2024-02-24T18:51:54.585-0600] {logging_mixin.py:188} INFO - [2024-02-24T18:51:54.585-0600] {dag.py:3036} INFO - Sync 1 DAGs
[2024-02-24T18:51:54.596-0600] {logging_mixin.py:188} INFO - [2024-02-24T18:51:54.596-0600] {dag.py:3823} INFO - Setting next_dagrun for example_branch_dop_operator_v3 to 2024-02-25 00:50:00+00:00, run_after=2024-02-25 00:51:00+00:00
[2024-02-24T18:51:54.604-0600] {processor.py:183} INFO - Processing /Users/vamseekrishna/Desktop/F1_Data_Warehouse/f1datawarehouse/lib/python3.9/site-packages/airflow/example_dags/example_branch_python_dop_operator_3.py took 0.085 seconds
[2024-02-24T18:53:55.149-0600] {processor.py:161} INFO - Started process (PID=98291) to work on /Users/vamseekrishna/Desktop/F1_Data_Warehouse/f1datawarehouse/lib/python3.9/site-packages/airflow/example_dags/example_branch_python_dop_operator_3.py
[2024-02-24T18:53:55.151-0600] {processor.py:830} INFO - Processing file /Users/vamseekrishna/Desktop/F1_Data_Warehouse/f1datawarehouse/lib/python3.9/site-packages/airflow/example_dags/example_branch_python_dop_operator_3.py for tasks to queue
[2024-02-24T18:53:55.151-0600] {logging_mixin.py:188} INFO - [2024-02-24T18:53:55.151-0600] {dagbag.py:538} INFO - Filling up the DagBag from /Users/vamseekrishna/Desktop/F1_Data_Warehouse/f1datawarehouse/lib/python3.9/site-packages/airflow/example_dags/example_branch_python_dop_operator_3.py
[2024-02-24T18:53:55.168-0600] {processor.py:840} INFO - DAG(s) 'example_branch_dop_operator_v3' retrieved from /Users/vamseekrishna/Desktop/F1_Data_Warehouse/f1datawarehouse/lib/python3.9/site-packages/airflow/example_dags/example_branch_python_dop_operator_3.py
[2024-02-24T18:53:55.214-0600] {logging_mixin.py:188} INFO - [2024-02-24T18:53:55.214-0600] {dag.py:3036} INFO - Sync 1 DAGs
[2024-02-24T18:53:55.225-0600] {logging_mixin.py:188} INFO - [2024-02-24T18:53:55.225-0600] {dag.py:3823} INFO - Setting next_dagrun for example_branch_dop_operator_v3 to 2024-02-25 00:52:00+00:00, run_after=2024-02-25 00:53:00+00:00
[2024-02-24T18:53:55.233-0600] {processor.py:183} INFO - Processing /Users/vamseekrishna/Desktop/F1_Data_Warehouse/f1datawarehouse/lib/python3.9/site-packages/airflow/example_dags/example_branch_python_dop_operator_3.py took 0.085 seconds
[2024-02-24T18:55:55.934-0600] {processor.py:161} INFO - Started process (PID=98396) to work on /Users/vamseekrishna/Desktop/F1_Data_Warehouse/f1datawarehouse/lib/python3.9/site-packages/airflow/example_dags/example_branch_python_dop_operator_3.py
[2024-02-24T18:55:55.936-0600] {processor.py:830} INFO - Processing file /Users/vamseekrishna/Desktop/F1_Data_Warehouse/f1datawarehouse/lib/python3.9/site-packages/airflow/example_dags/example_branch_python_dop_operator_3.py for tasks to queue
[2024-02-24T18:55:55.936-0600] {logging_mixin.py:188} INFO - [2024-02-24T18:55:55.936-0600] {dagbag.py:538} INFO - Filling up the DagBag from /Users/vamseekrishna/Desktop/F1_Data_Warehouse/f1datawarehouse/lib/python3.9/site-packages/airflow/example_dags/example_branch_python_dop_operator_3.py
[2024-02-24T18:55:55.953-0600] {processor.py:840} INFO - DAG(s) 'example_branch_dop_operator_v3' retrieved from /Users/vamseekrishna/Desktop/F1_Data_Warehouse/f1datawarehouse/lib/python3.9/site-packages/airflow/example_dags/example_branch_python_dop_operator_3.py
[2024-02-24T18:55:56.001-0600] {logging_mixin.py:188} INFO - [2024-02-24T18:55:56.001-0600] {dag.py:3036} INFO - Sync 1 DAGs
[2024-02-24T18:55:56.011-0600] {logging_mixin.py:188} INFO - [2024-02-24T18:55:56.011-0600] {dag.py:3823} INFO - Setting next_dagrun for example_branch_dop_operator_v3 to 2024-02-25 00:54:00+00:00, run_after=2024-02-25 00:55:00+00:00
[2024-02-24T18:55:56.020-0600] {processor.py:183} INFO - Processing /Users/vamseekrishna/Desktop/F1_Data_Warehouse/f1datawarehouse/lib/python3.9/site-packages/airflow/example_dags/example_branch_python_dop_operator_3.py took 0.086 seconds
[2024-02-24T18:57:56.600-0600] {processor.py:161} INFO - Started process (PID=98494) to work on /Users/vamseekrishna/Desktop/F1_Data_Warehouse/f1datawarehouse/lib/python3.9/site-packages/airflow/example_dags/example_branch_python_dop_operator_3.py
[2024-02-24T18:57:56.602-0600] {processor.py:830} INFO - Processing file /Users/vamseekrishna/Desktop/F1_Data_Warehouse/f1datawarehouse/lib/python3.9/site-packages/airflow/example_dags/example_branch_python_dop_operator_3.py for tasks to queue
[2024-02-24T18:57:56.603-0600] {logging_mixin.py:188} INFO - [2024-02-24T18:57:56.603-0600] {dagbag.py:538} INFO - Filling up the DagBag from /Users/vamseekrishna/Desktop/F1_Data_Warehouse/f1datawarehouse/lib/python3.9/site-packages/airflow/example_dags/example_branch_python_dop_operator_3.py
[2024-02-24T18:57:56.620-0600] {processor.py:840} INFO - DAG(s) 'example_branch_dop_operator_v3' retrieved from /Users/vamseekrishna/Desktop/F1_Data_Warehouse/f1datawarehouse/lib/python3.9/site-packages/airflow/example_dags/example_branch_python_dop_operator_3.py
[2024-02-24T18:57:56.666-0600] {logging_mixin.py:188} INFO - [2024-02-24T18:57:56.666-0600] {dag.py:3036} INFO - Sync 1 DAGs
[2024-02-24T18:57:56.677-0600] {logging_mixin.py:188} INFO - [2024-02-24T18:57:56.677-0600] {dag.py:3823} INFO - Setting next_dagrun for example_branch_dop_operator_v3 to 2024-02-25 00:56:00+00:00, run_after=2024-02-25 00:57:00+00:00
[2024-02-24T18:57:56.685-0600] {processor.py:183} INFO - Processing /Users/vamseekrishna/Desktop/F1_Data_Warehouse/f1datawarehouse/lib/python3.9/site-packages/airflow/example_dags/example_branch_python_dop_operator_3.py took 0.086 seconds
[2024-02-24T18:59:56.883-0600] {processor.py:161} INFO - Started process (PID=98607) to work on /Users/vamseekrishna/Desktop/F1_Data_Warehouse/f1datawarehouse/lib/python3.9/site-packages/airflow/example_dags/example_branch_python_dop_operator_3.py
[2024-02-24T18:59:56.885-0600] {processor.py:830} INFO - Processing file /Users/vamseekrishna/Desktop/F1_Data_Warehouse/f1datawarehouse/lib/python3.9/site-packages/airflow/example_dags/example_branch_python_dop_operator_3.py for tasks to queue
[2024-02-24T18:59:56.885-0600] {logging_mixin.py:188} INFO - [2024-02-24T18:59:56.885-0600] {dagbag.py:538} INFO - Filling up the DagBag from /Users/vamseekrishna/Desktop/F1_Data_Warehouse/f1datawarehouse/lib/python3.9/site-packages/airflow/example_dags/example_branch_python_dop_operator_3.py
[2024-02-24T18:59:56.902-0600] {processor.py:840} INFO - DAG(s) 'example_branch_dop_operator_v3' retrieved from /Users/vamseekrishna/Desktop/F1_Data_Warehouse/f1datawarehouse/lib/python3.9/site-packages/airflow/example_dags/example_branch_python_dop_operator_3.py
[2024-02-24T18:59:56.946-0600] {logging_mixin.py:188} INFO - [2024-02-24T18:59:56.946-0600] {dag.py:3036} INFO - Sync 1 DAGs
[2024-02-24T18:59:56.958-0600] {logging_mixin.py:188} INFO - [2024-02-24T18:59:56.958-0600] {dag.py:3823} INFO - Setting next_dagrun for example_branch_dop_operator_v3 to 2024-02-25 00:58:00+00:00, run_after=2024-02-25 00:59:00+00:00
[2024-02-24T18:59:56.966-0600] {processor.py:183} INFO - Processing /Users/vamseekrishna/Desktop/F1_Data_Warehouse/f1datawarehouse/lib/python3.9/site-packages/airflow/example_dags/example_branch_python_dop_operator_3.py took 0.084 seconds
[2024-02-24T19:02:02.101-0600] {processor.py:161} INFO - Started process (PID=98811) to work on /Users/vamseekrishna/Desktop/F1_Data_Warehouse/f1datawarehouse/lib/python3.9/site-packages/airflow/example_dags/example_branch_python_dop_operator_3.py
[2024-02-24T19:02:02.103-0600] {processor.py:830} INFO - Processing file /Users/vamseekrishna/Desktop/F1_Data_Warehouse/f1datawarehouse/lib/python3.9/site-packages/airflow/example_dags/example_branch_python_dop_operator_3.py for tasks to queue
[2024-02-24T19:02:02.103-0600] {logging_mixin.py:188} INFO - [2024-02-24T19:02:02.103-0600] {dagbag.py:538} INFO - Filling up the DagBag from /Users/vamseekrishna/Desktop/F1_Data_Warehouse/f1datawarehouse/lib/python3.9/site-packages/airflow/example_dags/example_branch_python_dop_operator_3.py
[2024-02-24T19:02:02.120-0600] {processor.py:840} INFO - DAG(s) 'example_branch_dop_operator_v3' retrieved from /Users/vamseekrishna/Desktop/F1_Data_Warehouse/f1datawarehouse/lib/python3.9/site-packages/airflow/example_dags/example_branch_python_dop_operator_3.py
[2024-02-24T19:02:02.166-0600] {logging_mixin.py:188} INFO - [2024-02-24T19:02:02.166-0600] {dag.py:3036} INFO - Sync 1 DAGs
[2024-02-24T19:02:02.176-0600] {logging_mixin.py:188} INFO - [2024-02-24T19:02:02.176-0600] {dag.py:3823} INFO - Setting next_dagrun for example_branch_dop_operator_v3 to 2024-02-25 01:01:00+00:00, run_after=2024-02-25 01:02:00+00:00
[2024-02-24T19:02:02.184-0600] {processor.py:183} INFO - Processing /Users/vamseekrishna/Desktop/F1_Data_Warehouse/f1datawarehouse/lib/python3.9/site-packages/airflow/example_dags/example_branch_python_dop_operator_3.py took 0.084 seconds
[2024-02-24T19:03:59.172-0600] {processor.py:161} INFO - Started process (PID=98920) to work on /Users/vamseekrishna/Desktop/F1_Data_Warehouse/f1datawarehouse/lib/python3.9/site-packages/airflow/example_dags/example_branch_python_dop_operator_3.py
[2024-02-24T19:03:59.174-0600] {processor.py:830} INFO - Processing file /Users/vamseekrishna/Desktop/F1_Data_Warehouse/f1datawarehouse/lib/python3.9/site-packages/airflow/example_dags/example_branch_python_dop_operator_3.py for tasks to queue
[2024-02-24T19:03:59.174-0600] {logging_mixin.py:188} INFO - [2024-02-24T19:03:59.174-0600] {dagbag.py:538} INFO - Filling up the DagBag from /Users/vamseekrishna/Desktop/F1_Data_Warehouse/f1datawarehouse/lib/python3.9/site-packages/airflow/example_dags/example_branch_python_dop_operator_3.py
[2024-02-24T19:03:59.191-0600] {processor.py:840} INFO - DAG(s) 'example_branch_dop_operator_v3' retrieved from /Users/vamseekrishna/Desktop/F1_Data_Warehouse/f1datawarehouse/lib/python3.9/site-packages/airflow/example_dags/example_branch_python_dop_operator_3.py
[2024-02-24T19:03:59.239-0600] {logging_mixin.py:188} INFO - [2024-02-24T19:03:59.239-0600] {dag.py:3036} INFO - Sync 1 DAGs
[2024-02-24T19:03:59.251-0600] {logging_mixin.py:188} INFO - [2024-02-24T19:03:59.251-0600] {dag.py:3823} INFO - Setting next_dagrun for example_branch_dop_operator_v3 to 2024-02-25 01:02:00+00:00, run_after=2024-02-25 01:03:00+00:00
[2024-02-24T19:03:59.260-0600] {processor.py:183} INFO - Processing /Users/vamseekrishna/Desktop/F1_Data_Warehouse/f1datawarehouse/lib/python3.9/site-packages/airflow/example_dags/example_branch_python_dop_operator_3.py took 0.088 seconds
[2024-02-24T19:05:51.920-0600] {processor.py:161} INFO - Started process (PID=99018) to work on /Users/vamseekrishna/Desktop/F1_Data_Warehouse/f1datawarehouse/lib/python3.9/site-packages/airflow/example_dags/example_branch_python_dop_operator_3.py
[2024-02-24T19:05:51.923-0600] {processor.py:830} INFO - Processing file /Users/vamseekrishna/Desktop/F1_Data_Warehouse/f1datawarehouse/lib/python3.9/site-packages/airflow/example_dags/example_branch_python_dop_operator_3.py for tasks to queue
[2024-02-24T19:05:51.923-0600] {logging_mixin.py:188} INFO - [2024-02-24T19:05:51.923-0600] {dagbag.py:538} INFO - Filling up the DagBag from /Users/vamseekrishna/Desktop/F1_Data_Warehouse/f1datawarehouse/lib/python3.9/site-packages/airflow/example_dags/example_branch_python_dop_operator_3.py
[2024-02-24T19:05:51.940-0600] {processor.py:840} INFO - DAG(s) 'example_branch_dop_operator_v3' retrieved from /Users/vamseekrishna/Desktop/F1_Data_Warehouse/f1datawarehouse/lib/python3.9/site-packages/airflow/example_dags/example_branch_python_dop_operator_3.py
[2024-02-24T19:05:51.987-0600] {logging_mixin.py:188} INFO - [2024-02-24T19:05:51.987-0600] {dag.py:3036} INFO - Sync 1 DAGs
[2024-02-24T19:05:51.998-0600] {logging_mixin.py:188} INFO - [2024-02-24T19:05:51.998-0600] {dag.py:3823} INFO - Setting next_dagrun for example_branch_dop_operator_v3 to 2024-02-25 01:04:00+00:00, run_after=2024-02-25 01:05:00+00:00
[2024-02-24T19:05:52.006-0600] {processor.py:183} INFO - Processing /Users/vamseekrishna/Desktop/F1_Data_Warehouse/f1datawarehouse/lib/python3.9/site-packages/airflow/example_dags/example_branch_python_dop_operator_3.py took 0.086 seconds
[2024-02-24T19:07:54.228-0600] {processor.py:161} INFO - Started process (PID=99132) to work on /Users/vamseekrishna/Desktop/F1_Data_Warehouse/f1datawarehouse/lib/python3.9/site-packages/airflow/example_dags/example_branch_python_dop_operator_3.py
[2024-02-24T19:07:54.230-0600] {processor.py:830} INFO - Processing file /Users/vamseekrishna/Desktop/F1_Data_Warehouse/f1datawarehouse/lib/python3.9/site-packages/airflow/example_dags/example_branch_python_dop_operator_3.py for tasks to queue
[2024-02-24T19:07:54.230-0600] {logging_mixin.py:188} INFO - [2024-02-24T19:07:54.230-0600] {dagbag.py:538} INFO - Filling up the DagBag from /Users/vamseekrishna/Desktop/F1_Data_Warehouse/f1datawarehouse/lib/python3.9/site-packages/airflow/example_dags/example_branch_python_dop_operator_3.py
[2024-02-24T19:07:54.247-0600] {processor.py:840} INFO - DAG(s) 'example_branch_dop_operator_v3' retrieved from /Users/vamseekrishna/Desktop/F1_Data_Warehouse/f1datawarehouse/lib/python3.9/site-packages/airflow/example_dags/example_branch_python_dop_operator_3.py
[2024-02-24T19:07:54.293-0600] {logging_mixin.py:188} INFO - [2024-02-24T19:07:54.293-0600] {dag.py:3036} INFO - Sync 1 DAGs
[2024-02-24T19:07:54.304-0600] {logging_mixin.py:188} INFO - [2024-02-24T19:07:54.304-0600] {dag.py:3823} INFO - Setting next_dagrun for example_branch_dop_operator_v3 to 2024-02-25 01:06:00+00:00, run_after=2024-02-25 01:07:00+00:00
[2024-02-24T19:07:54.312-0600] {processor.py:183} INFO - Processing /Users/vamseekrishna/Desktop/F1_Data_Warehouse/f1datawarehouse/lib/python3.9/site-packages/airflow/example_dags/example_branch_python_dop_operator_3.py took 0.085 seconds
[2024-02-24T19:09:48.722-0600] {processor.py:161} INFO - Started process (PID=99223) to work on /Users/vamseekrishna/Desktop/F1_Data_Warehouse/f1datawarehouse/lib/python3.9/site-packages/airflow/example_dags/example_branch_python_dop_operator_3.py
[2024-02-24T19:09:48.723-0600] {processor.py:830} INFO - Processing file /Users/vamseekrishna/Desktop/F1_Data_Warehouse/f1datawarehouse/lib/python3.9/site-packages/airflow/example_dags/example_branch_python_dop_operator_3.py for tasks to queue
[2024-02-24T19:09:48.723-0600] {logging_mixin.py:188} INFO - [2024-02-24T19:09:48.723-0600] {dagbag.py:538} INFO - Filling up the DagBag from /Users/vamseekrishna/Desktop/F1_Data_Warehouse/f1datawarehouse/lib/python3.9/site-packages/airflow/example_dags/example_branch_python_dop_operator_3.py
[2024-02-24T19:09:48.740-0600] {processor.py:840} INFO - DAG(s) 'example_branch_dop_operator_v3' retrieved from /Users/vamseekrishna/Desktop/F1_Data_Warehouse/f1datawarehouse/lib/python3.9/site-packages/airflow/example_dags/example_branch_python_dop_operator_3.py
[2024-02-24T19:09:48.789-0600] {logging_mixin.py:188} INFO - [2024-02-24T19:09:48.789-0600] {dag.py:3036} INFO - Sync 1 DAGs
[2024-02-24T19:09:48.800-0600] {logging_mixin.py:188} INFO - [2024-02-24T19:09:48.800-0600] {dag.py:3823} INFO - Setting next_dagrun for example_branch_dop_operator_v3 to 2024-02-25 01:08:00+00:00, run_after=2024-02-25 01:09:00+00:00
[2024-02-24T19:09:48.811-0600] {processor.py:183} INFO - Processing /Users/vamseekrishna/Desktop/F1_Data_Warehouse/f1datawarehouse/lib/python3.9/site-packages/airflow/example_dags/example_branch_python_dop_operator_3.py took 0.090 seconds
[2024-02-24T19:11:46.225-0600] {processor.py:161} INFO - Started process (PID=99321) to work on /Users/vamseekrishna/Desktop/F1_Data_Warehouse/f1datawarehouse/lib/python3.9/site-packages/airflow/example_dags/example_branch_python_dop_operator_3.py
[2024-02-24T19:11:46.227-0600] {processor.py:830} INFO - Processing file /Users/vamseekrishna/Desktop/F1_Data_Warehouse/f1datawarehouse/lib/python3.9/site-packages/airflow/example_dags/example_branch_python_dop_operator_3.py for tasks to queue
[2024-02-24T19:11:46.227-0600] {logging_mixin.py:188} INFO - [2024-02-24T19:11:46.227-0600] {dagbag.py:538} INFO - Filling up the DagBag from /Users/vamseekrishna/Desktop/F1_Data_Warehouse/f1datawarehouse/lib/python3.9/site-packages/airflow/example_dags/example_branch_python_dop_operator_3.py
[2024-02-24T19:11:46.244-0600] {processor.py:840} INFO - DAG(s) 'example_branch_dop_operator_v3' retrieved from /Users/vamseekrishna/Desktop/F1_Data_Warehouse/f1datawarehouse/lib/python3.9/site-packages/airflow/example_dags/example_branch_python_dop_operator_3.py
[2024-02-24T19:11:46.292-0600] {logging_mixin.py:188} INFO - [2024-02-24T19:11:46.292-0600] {dag.py:3036} INFO - Sync 1 DAGs
[2024-02-24T19:11:46.304-0600] {logging_mixin.py:188} INFO - [2024-02-24T19:11:46.304-0600] {dag.py:3823} INFO - Setting next_dagrun for example_branch_dop_operator_v3 to 2024-02-25 01:10:00+00:00, run_after=2024-02-25 01:11:00+00:00
[2024-02-24T19:11:46.313-0600] {processor.py:183} INFO - Processing /Users/vamseekrishna/Desktop/F1_Data_Warehouse/f1datawarehouse/lib/python3.9/site-packages/airflow/example_dags/example_branch_python_dop_operator_3.py took 0.089 seconds
[2024-02-24T19:13:50.626-0600] {processor.py:161} INFO - Started process (PID=99419) to work on /Users/vamseekrishna/Desktop/F1_Data_Warehouse/f1datawarehouse/lib/python3.9/site-packages/airflow/example_dags/example_branch_python_dop_operator_3.py
[2024-02-24T19:13:50.629-0600] {processor.py:830} INFO - Processing file /Users/vamseekrishna/Desktop/F1_Data_Warehouse/f1datawarehouse/lib/python3.9/site-packages/airflow/example_dags/example_branch_python_dop_operator_3.py for tasks to queue
[2024-02-24T19:13:50.629-0600] {logging_mixin.py:188} INFO - [2024-02-24T19:13:50.629-0600] {dagbag.py:538} INFO - Filling up the DagBag from /Users/vamseekrishna/Desktop/F1_Data_Warehouse/f1datawarehouse/lib/python3.9/site-packages/airflow/example_dags/example_branch_python_dop_operator_3.py
[2024-02-24T19:13:50.645-0600] {processor.py:840} INFO - DAG(s) 'example_branch_dop_operator_v3' retrieved from /Users/vamseekrishna/Desktop/F1_Data_Warehouse/f1datawarehouse/lib/python3.9/site-packages/airflow/example_dags/example_branch_python_dop_operator_3.py
[2024-02-24T19:13:50.691-0600] {logging_mixin.py:188} INFO - [2024-02-24T19:13:50.690-0600] {dag.py:3036} INFO - Sync 1 DAGs
[2024-02-24T19:13:50.701-0600] {logging_mixin.py:188} INFO - [2024-02-24T19:13:50.701-0600] {dag.py:3823} INFO - Setting next_dagrun for example_branch_dop_operator_v3 to 2024-02-25 01:12:00+00:00, run_after=2024-02-25 01:13:00+00:00
[2024-02-24T19:13:50.710-0600] {processor.py:183} INFO - Processing /Users/vamseekrishna/Desktop/F1_Data_Warehouse/f1datawarehouse/lib/python3.9/site-packages/airflow/example_dags/example_branch_python_dop_operator_3.py took 0.084 seconds
[2024-02-24T19:15:49.702-0600] {processor.py:161} INFO - Started process (PID=99507) to work on /Users/vamseekrishna/Desktop/F1_Data_Warehouse/f1datawarehouse/lib/python3.9/site-packages/airflow/example_dags/example_branch_python_dop_operator_3.py
[2024-02-24T19:15:49.704-0600] {processor.py:830} INFO - Processing file /Users/vamseekrishna/Desktop/F1_Data_Warehouse/f1datawarehouse/lib/python3.9/site-packages/airflow/example_dags/example_branch_python_dop_operator_3.py for tasks to queue
[2024-02-24T19:15:49.704-0600] {logging_mixin.py:188} INFO - [2024-02-24T19:15:49.704-0600] {dagbag.py:538} INFO - Filling up the DagBag from /Users/vamseekrishna/Desktop/F1_Data_Warehouse/f1datawarehouse/lib/python3.9/site-packages/airflow/example_dags/example_branch_python_dop_operator_3.py
[2024-02-24T19:15:49.721-0600] {processor.py:840} INFO - DAG(s) 'example_branch_dop_operator_v3' retrieved from /Users/vamseekrishna/Desktop/F1_Data_Warehouse/f1datawarehouse/lib/python3.9/site-packages/airflow/example_dags/example_branch_python_dop_operator_3.py
[2024-02-24T19:15:49.770-0600] {logging_mixin.py:188} INFO - [2024-02-24T19:15:49.770-0600] {dag.py:3036} INFO - Sync 1 DAGs
[2024-02-24T19:15:49.781-0600] {logging_mixin.py:188} INFO - [2024-02-24T19:15:49.781-0600] {dag.py:3823} INFO - Setting next_dagrun for example_branch_dop_operator_v3 to 2024-02-25 01:14:00+00:00, run_after=2024-02-25 01:15:00+00:00
[2024-02-24T19:15:49.789-0600] {processor.py:183} INFO - Processing /Users/vamseekrishna/Desktop/F1_Data_Warehouse/f1datawarehouse/lib/python3.9/site-packages/airflow/example_dags/example_branch_python_dop_operator_3.py took 0.088 seconds
[2024-02-24T19:17:53.589-0600] {processor.py:161} INFO - Started process (PID=99620) to work on /Users/vamseekrishna/Desktop/F1_Data_Warehouse/f1datawarehouse/lib/python3.9/site-packages/airflow/example_dags/example_branch_python_dop_operator_3.py
[2024-02-24T19:17:53.591-0600] {processor.py:830} INFO - Processing file /Users/vamseekrishna/Desktop/F1_Data_Warehouse/f1datawarehouse/lib/python3.9/site-packages/airflow/example_dags/example_branch_python_dop_operator_3.py for tasks to queue
[2024-02-24T19:17:53.592-0600] {logging_mixin.py:188} INFO - [2024-02-24T19:17:53.592-0600] {dagbag.py:538} INFO - Filling up the DagBag from /Users/vamseekrishna/Desktop/F1_Data_Warehouse/f1datawarehouse/lib/python3.9/site-packages/airflow/example_dags/example_branch_python_dop_operator_3.py
[2024-02-24T19:17:53.608-0600] {processor.py:840} INFO - DAG(s) 'example_branch_dop_operator_v3' retrieved from /Users/vamseekrishna/Desktop/F1_Data_Warehouse/f1datawarehouse/lib/python3.9/site-packages/airflow/example_dags/example_branch_python_dop_operator_3.py
[2024-02-24T19:17:53.655-0600] {logging_mixin.py:188} INFO - [2024-02-24T19:17:53.654-0600] {dag.py:3036} INFO - Sync 1 DAGs
[2024-02-24T19:17:53.665-0600] {logging_mixin.py:188} INFO - [2024-02-24T19:17:53.665-0600] {dag.py:3823} INFO - Setting next_dagrun for example_branch_dop_operator_v3 to 2024-02-25 01:16:00+00:00, run_after=2024-02-25 01:17:00+00:00
[2024-02-24T19:17:53.674-0600] {processor.py:183} INFO - Processing /Users/vamseekrishna/Desktop/F1_Data_Warehouse/f1datawarehouse/lib/python3.9/site-packages/airflow/example_dags/example_branch_python_dop_operator_3.py took 0.085 seconds
[2024-02-24T19:19:51.730-0600] {processor.py:161} INFO - Started process (PID=99724) to work on /Users/vamseekrishna/Desktop/F1_Data_Warehouse/f1datawarehouse/lib/python3.9/site-packages/airflow/example_dags/example_branch_python_dop_operator_3.py
[2024-02-24T19:19:51.732-0600] {processor.py:830} INFO - Processing file /Users/vamseekrishna/Desktop/F1_Data_Warehouse/f1datawarehouse/lib/python3.9/site-packages/airflow/example_dags/example_branch_python_dop_operator_3.py for tasks to queue
[2024-02-24T19:19:51.732-0600] {logging_mixin.py:188} INFO - [2024-02-24T19:19:51.732-0600] {dagbag.py:538} INFO - Filling up the DagBag from /Users/vamseekrishna/Desktop/F1_Data_Warehouse/f1datawarehouse/lib/python3.9/site-packages/airflow/example_dags/example_branch_python_dop_operator_3.py
[2024-02-24T19:19:51.749-0600] {processor.py:840} INFO - DAG(s) 'example_branch_dop_operator_v3' retrieved from /Users/vamseekrishna/Desktop/F1_Data_Warehouse/f1datawarehouse/lib/python3.9/site-packages/airflow/example_dags/example_branch_python_dop_operator_3.py
[2024-02-24T19:19:51.795-0600] {logging_mixin.py:188} INFO - [2024-02-24T19:19:51.795-0600] {dag.py:3036} INFO - Sync 1 DAGs
[2024-02-24T19:19:51.806-0600] {logging_mixin.py:188} INFO - [2024-02-24T19:19:51.806-0600] {dag.py:3823} INFO - Setting next_dagrun for example_branch_dop_operator_v3 to 2024-02-25 01:18:00+00:00, run_after=2024-02-25 01:19:00+00:00
[2024-02-24T19:19:51.814-0600] {processor.py:183} INFO - Processing /Users/vamseekrishna/Desktop/F1_Data_Warehouse/f1datawarehouse/lib/python3.9/site-packages/airflow/example_dags/example_branch_python_dop_operator_3.py took 0.085 seconds
[2024-02-24T19:21:51.229-0600] {processor.py:161} INFO - Started process (PID=99829) to work on /Users/vamseekrishna/Desktop/F1_Data_Warehouse/f1datawarehouse/lib/python3.9/site-packages/airflow/example_dags/example_branch_python_dop_operator_3.py
[2024-02-24T19:21:51.231-0600] {processor.py:830} INFO - Processing file /Users/vamseekrishna/Desktop/F1_Data_Warehouse/f1datawarehouse/lib/python3.9/site-packages/airflow/example_dags/example_branch_python_dop_operator_3.py for tasks to queue
[2024-02-24T19:21:51.231-0600] {logging_mixin.py:188} INFO - [2024-02-24T19:21:51.231-0600] {dagbag.py:538} INFO - Filling up the DagBag from /Users/vamseekrishna/Desktop/F1_Data_Warehouse/f1datawarehouse/lib/python3.9/site-packages/airflow/example_dags/example_branch_python_dop_operator_3.py
[2024-02-24T19:21:51.249-0600] {processor.py:840} INFO - DAG(s) 'example_branch_dop_operator_v3' retrieved from /Users/vamseekrishna/Desktop/F1_Data_Warehouse/f1datawarehouse/lib/python3.9/site-packages/airflow/example_dags/example_branch_python_dop_operator_3.py
[2024-02-24T19:21:51.296-0600] {logging_mixin.py:188} INFO - [2024-02-24T19:21:51.296-0600] {dag.py:3036} INFO - Sync 1 DAGs
[2024-02-24T19:21:51.307-0600] {logging_mixin.py:188} INFO - [2024-02-24T19:21:51.307-0600] {dag.py:3823} INFO - Setting next_dagrun for example_branch_dop_operator_v3 to 2024-02-25 01:20:00+00:00, run_after=2024-02-25 01:21:00+00:00
[2024-02-24T19:21:51.315-0600] {processor.py:183} INFO - Processing /Users/vamseekrishna/Desktop/F1_Data_Warehouse/f1datawarehouse/lib/python3.9/site-packages/airflow/example_dags/example_branch_python_dop_operator_3.py took 0.087 seconds
[2024-02-24T19:23:51.160-0600] {processor.py:161} INFO - Started process (PID=99919) to work on /Users/vamseekrishna/Desktop/F1_Data_Warehouse/f1datawarehouse/lib/python3.9/site-packages/airflow/example_dags/example_branch_python_dop_operator_3.py
[2024-02-24T19:23:51.163-0600] {processor.py:830} INFO - Processing file /Users/vamseekrishna/Desktop/F1_Data_Warehouse/f1datawarehouse/lib/python3.9/site-packages/airflow/example_dags/example_branch_python_dop_operator_3.py for tasks to queue
[2024-02-24T19:23:51.163-0600] {logging_mixin.py:188} INFO - [2024-02-24T19:23:51.163-0600] {dagbag.py:538} INFO - Filling up the DagBag from /Users/vamseekrishna/Desktop/F1_Data_Warehouse/f1datawarehouse/lib/python3.9/site-packages/airflow/example_dags/example_branch_python_dop_operator_3.py
[2024-02-24T19:23:51.182-0600] {processor.py:840} INFO - DAG(s) 'example_branch_dop_operator_v3' retrieved from /Users/vamseekrishna/Desktop/F1_Data_Warehouse/f1datawarehouse/lib/python3.9/site-packages/airflow/example_dags/example_branch_python_dop_operator_3.py
[2024-02-24T19:23:51.231-0600] {logging_mixin.py:188} INFO - [2024-02-24T19:23:51.231-0600] {dag.py:3036} INFO - Sync 1 DAGs
[2024-02-24T19:23:51.242-0600] {logging_mixin.py:188} INFO - [2024-02-24T19:23:51.242-0600] {dag.py:3823} INFO - Setting next_dagrun for example_branch_dop_operator_v3 to 2024-02-25 01:22:00+00:00, run_after=2024-02-25 01:23:00+00:00
[2024-02-24T19:23:51.252-0600] {processor.py:183} INFO - Processing /Users/vamseekrishna/Desktop/F1_Data_Warehouse/f1datawarehouse/lib/python3.9/site-packages/airflow/example_dags/example_branch_python_dop_operator_3.py took 0.092 seconds
[2024-02-24T19:25:52.374-0600] {processor.py:161} INFO - Started process (PID=123) to work on /Users/vamseekrishna/Desktop/F1_Data_Warehouse/f1datawarehouse/lib/python3.9/site-packages/airflow/example_dags/example_branch_python_dop_operator_3.py
[2024-02-24T19:25:52.376-0600] {processor.py:830} INFO - Processing file /Users/vamseekrishna/Desktop/F1_Data_Warehouse/f1datawarehouse/lib/python3.9/site-packages/airflow/example_dags/example_branch_python_dop_operator_3.py for tasks to queue
[2024-02-24T19:25:52.376-0600] {logging_mixin.py:188} INFO - [2024-02-24T19:25:52.376-0600] {dagbag.py:538} INFO - Filling up the DagBag from /Users/vamseekrishna/Desktop/F1_Data_Warehouse/f1datawarehouse/lib/python3.9/site-packages/airflow/example_dags/example_branch_python_dop_operator_3.py
[2024-02-24T19:25:52.394-0600] {processor.py:840} INFO - DAG(s) 'example_branch_dop_operator_v3' retrieved from /Users/vamseekrishna/Desktop/F1_Data_Warehouse/f1datawarehouse/lib/python3.9/site-packages/airflow/example_dags/example_branch_python_dop_operator_3.py
[2024-02-24T19:25:52.440-0600] {logging_mixin.py:188} INFO - [2024-02-24T19:25:52.440-0600] {dag.py:3036} INFO - Sync 1 DAGs
[2024-02-24T19:25:52.451-0600] {logging_mixin.py:188} INFO - [2024-02-24T19:25:52.451-0600] {dag.py:3823} INFO - Setting next_dagrun for example_branch_dop_operator_v3 to 2024-02-25 01:24:00+00:00, run_after=2024-02-25 01:25:00+00:00
[2024-02-24T19:25:52.459-0600] {processor.py:183} INFO - Processing /Users/vamseekrishna/Desktop/F1_Data_Warehouse/f1datawarehouse/lib/python3.9/site-packages/airflow/example_dags/example_branch_python_dop_operator_3.py took 0.086 seconds
[2024-02-24T19:28:10.337-0600] {processor.py:161} INFO - Started process (PID=271) to work on /Users/vamseekrishna/Desktop/F1_Data_Warehouse/f1datawarehouse/lib/python3.9/site-packages/airflow/example_dags/example_branch_python_dop_operator_3.py
[2024-02-24T19:28:10.339-0600] {processor.py:830} INFO - Processing file /Users/vamseekrishna/Desktop/F1_Data_Warehouse/f1datawarehouse/lib/python3.9/site-packages/airflow/example_dags/example_branch_python_dop_operator_3.py for tasks to queue
[2024-02-24T19:28:10.340-0600] {logging_mixin.py:188} INFO - [2024-02-24T19:28:10.339-0600] {dagbag.py:538} INFO - Filling up the DagBag from /Users/vamseekrishna/Desktop/F1_Data_Warehouse/f1datawarehouse/lib/python3.9/site-packages/airflow/example_dags/example_branch_python_dop_operator_3.py
[2024-02-24T19:28:10.356-0600] {processor.py:840} INFO - DAG(s) 'example_branch_dop_operator_v3' retrieved from /Users/vamseekrishna/Desktop/F1_Data_Warehouse/f1datawarehouse/lib/python3.9/site-packages/airflow/example_dags/example_branch_python_dop_operator_3.py
[2024-02-24T19:28:10.402-0600] {logging_mixin.py:188} INFO - [2024-02-24T19:28:10.402-0600] {dag.py:3036} INFO - Sync 1 DAGs
[2024-02-24T19:28:10.413-0600] {logging_mixin.py:188} INFO - [2024-02-24T19:28:10.413-0600] {dag.py:3823} INFO - Setting next_dagrun for example_branch_dop_operator_v3 to 2024-02-25 01:27:00+00:00, run_after=2024-02-25 01:28:00+00:00
[2024-02-24T19:28:10.421-0600] {processor.py:183} INFO - Processing /Users/vamseekrishna/Desktop/F1_Data_Warehouse/f1datawarehouse/lib/python3.9/site-packages/airflow/example_dags/example_branch_python_dop_operator_3.py took 0.084 seconds
[2024-02-24T19:30:14.895-0600] {processor.py:161} INFO - Started process (PID=374) to work on /Users/vamseekrishna/Desktop/F1_Data_Warehouse/f1datawarehouse/lib/python3.9/site-packages/airflow/example_dags/example_branch_python_dop_operator_3.py
[2024-02-24T19:30:14.897-0600] {processor.py:830} INFO - Processing file /Users/vamseekrishna/Desktop/F1_Data_Warehouse/f1datawarehouse/lib/python3.9/site-packages/airflow/example_dags/example_branch_python_dop_operator_3.py for tasks to queue
[2024-02-24T19:30:14.897-0600] {logging_mixin.py:188} INFO - [2024-02-24T19:30:14.897-0600] {dagbag.py:538} INFO - Filling up the DagBag from /Users/vamseekrishna/Desktop/F1_Data_Warehouse/f1datawarehouse/lib/python3.9/site-packages/airflow/example_dags/example_branch_python_dop_operator_3.py
[2024-02-24T19:30:14.915-0600] {processor.py:840} INFO - DAG(s) 'example_branch_dop_operator_v3' retrieved from /Users/vamseekrishna/Desktop/F1_Data_Warehouse/f1datawarehouse/lib/python3.9/site-packages/airflow/example_dags/example_branch_python_dop_operator_3.py
[2024-02-24T19:30:14.961-0600] {logging_mixin.py:188} INFO - [2024-02-24T19:30:14.961-0600] {dag.py:3036} INFO - Sync 1 DAGs
[2024-02-24T19:30:14.972-0600] {logging_mixin.py:188} INFO - [2024-02-24T19:30:14.972-0600] {dag.py:3823} INFO - Setting next_dagrun for example_branch_dop_operator_v3 to 2024-02-25 01:29:00+00:00, run_after=2024-02-25 01:30:00+00:00
[2024-02-24T19:30:14.980-0600] {processor.py:183} INFO - Processing /Users/vamseekrishna/Desktop/F1_Data_Warehouse/f1datawarehouse/lib/python3.9/site-packages/airflow/example_dags/example_branch_python_dop_operator_3.py took 0.086 seconds
[2024-02-24T19:32:20.605-0600] {processor.py:161} INFO - Started process (PID=485) to work on /Users/vamseekrishna/Desktop/F1_Data_Warehouse/f1datawarehouse/lib/python3.9/site-packages/airflow/example_dags/example_branch_python_dop_operator_3.py
[2024-02-24T19:32:20.608-0600] {processor.py:830} INFO - Processing file /Users/vamseekrishna/Desktop/F1_Data_Warehouse/f1datawarehouse/lib/python3.9/site-packages/airflow/example_dags/example_branch_python_dop_operator_3.py for tasks to queue
[2024-02-24T19:32:20.608-0600] {logging_mixin.py:188} INFO - [2024-02-24T19:32:20.608-0600] {dagbag.py:538} INFO - Filling up the DagBag from /Users/vamseekrishna/Desktop/F1_Data_Warehouse/f1datawarehouse/lib/python3.9/site-packages/airflow/example_dags/example_branch_python_dop_operator_3.py
[2024-02-24T19:32:20.624-0600] {processor.py:840} INFO - DAG(s) 'example_branch_dop_operator_v3' retrieved from /Users/vamseekrishna/Desktop/F1_Data_Warehouse/f1datawarehouse/lib/python3.9/site-packages/airflow/example_dags/example_branch_python_dop_operator_3.py
[2024-02-24T19:32:20.670-0600] {logging_mixin.py:188} INFO - [2024-02-24T19:32:20.670-0600] {dag.py:3036} INFO - Sync 1 DAGs
[2024-02-24T19:32:20.681-0600] {logging_mixin.py:188} INFO - [2024-02-24T19:32:20.681-0600] {dag.py:3823} INFO - Setting next_dagrun for example_branch_dop_operator_v3 to 2024-02-25 01:31:00+00:00, run_after=2024-02-25 01:32:00+00:00
[2024-02-24T19:32:20.689-0600] {processor.py:183} INFO - Processing /Users/vamseekrishna/Desktop/F1_Data_Warehouse/f1datawarehouse/lib/python3.9/site-packages/airflow/example_dags/example_branch_python_dop_operator_3.py took 0.084 seconds
[2024-02-24T19:34:22.468-0600] {processor.py:161} INFO - Started process (PID=640) to work on /Users/vamseekrishna/Desktop/F1_Data_Warehouse/f1datawarehouse/lib/python3.9/site-packages/airflow/example_dags/example_branch_python_dop_operator_3.py
[2024-02-24T19:34:22.470-0600] {processor.py:830} INFO - Processing file /Users/vamseekrishna/Desktop/F1_Data_Warehouse/f1datawarehouse/lib/python3.9/site-packages/airflow/example_dags/example_branch_python_dop_operator_3.py for tasks to queue
[2024-02-24T19:34:22.470-0600] {logging_mixin.py:188} INFO - [2024-02-24T19:34:22.470-0600] {dagbag.py:538} INFO - Filling up the DagBag from /Users/vamseekrishna/Desktop/F1_Data_Warehouse/f1datawarehouse/lib/python3.9/site-packages/airflow/example_dags/example_branch_python_dop_operator_3.py
[2024-02-24T19:34:22.520-0600] {processor.py:840} INFO - DAG(s) 'example_branch_dop_operator_v3' retrieved from /Users/vamseekrishna/Desktop/F1_Data_Warehouse/f1datawarehouse/lib/python3.9/site-packages/airflow/example_dags/example_branch_python_dop_operator_3.py
[2024-02-24T19:34:22.575-0600] {logging_mixin.py:188} INFO - [2024-02-24T19:34:22.574-0600] {dag.py:3036} INFO - Sync 1 DAGs
[2024-02-24T19:34:22.587-0600] {logging_mixin.py:188} INFO - [2024-02-24T19:34:22.587-0600] {dag.py:3823} INFO - Setting next_dagrun for example_branch_dop_operator_v3 to 2024-02-25 01:33:00+00:00, run_after=2024-02-25 01:34:00+00:00
[2024-02-24T19:34:22.601-0600] {processor.py:183} INFO - Processing /Users/vamseekrishna/Desktop/F1_Data_Warehouse/f1datawarehouse/lib/python3.9/site-packages/airflow/example_dags/example_branch_python_dop_operator_3.py took 0.134 seconds
[2024-02-24T19:36:31.512-0600] {processor.py:161} INFO - Started process (PID=802) to work on /Users/vamseekrishna/Desktop/F1_Data_Warehouse/f1datawarehouse/lib/python3.9/site-packages/airflow/example_dags/example_branch_python_dop_operator_3.py
[2024-02-24T19:36:31.514-0600] {processor.py:830} INFO - Processing file /Users/vamseekrishna/Desktop/F1_Data_Warehouse/f1datawarehouse/lib/python3.9/site-packages/airflow/example_dags/example_branch_python_dop_operator_3.py for tasks to queue
[2024-02-24T19:36:31.514-0600] {logging_mixin.py:188} INFO - [2024-02-24T19:36:31.514-0600] {dagbag.py:538} INFO - Filling up the DagBag from /Users/vamseekrishna/Desktop/F1_Data_Warehouse/f1datawarehouse/lib/python3.9/site-packages/airflow/example_dags/example_branch_python_dop_operator_3.py
[2024-02-24T19:36:31.534-0600] {processor.py:840} INFO - DAG(s) 'example_branch_dop_operator_v3' retrieved from /Users/vamseekrishna/Desktop/F1_Data_Warehouse/f1datawarehouse/lib/python3.9/site-packages/airflow/example_dags/example_branch_python_dop_operator_3.py
[2024-02-24T19:36:31.587-0600] {logging_mixin.py:188} INFO - [2024-02-24T19:36:31.587-0600] {dag.py:3036} INFO - Sync 1 DAGs
[2024-02-24T19:36:31.600-0600] {logging_mixin.py:188} INFO - [2024-02-24T19:36:31.600-0600] {dag.py:3823} INFO - Setting next_dagrun for example_branch_dop_operator_v3 to 2024-02-25 01:35:00+00:00, run_after=2024-02-25 01:36:00+00:00
[2024-02-24T19:36:31.612-0600] {processor.py:183} INFO - Processing /Users/vamseekrishna/Desktop/F1_Data_Warehouse/f1datawarehouse/lib/python3.9/site-packages/airflow/example_dags/example_branch_python_dop_operator_3.py took 0.101 seconds
[2024-02-24T19:38:42.179-0600] {processor.py:161} INFO - Started process (PID=925) to work on /Users/vamseekrishna/Desktop/F1_Data_Warehouse/f1datawarehouse/lib/python3.9/site-packages/airflow/example_dags/example_branch_python_dop_operator_3.py
[2024-02-24T19:38:42.181-0600] {processor.py:830} INFO - Processing file /Users/vamseekrishna/Desktop/F1_Data_Warehouse/f1datawarehouse/lib/python3.9/site-packages/airflow/example_dags/example_branch_python_dop_operator_3.py for tasks to queue
[2024-02-24T19:38:42.182-0600] {logging_mixin.py:188} INFO - [2024-02-24T19:38:42.182-0600] {dagbag.py:538} INFO - Filling up the DagBag from /Users/vamseekrishna/Desktop/F1_Data_Warehouse/f1datawarehouse/lib/python3.9/site-packages/airflow/example_dags/example_branch_python_dop_operator_3.py
[2024-02-24T19:38:42.198-0600] {processor.py:840} INFO - DAG(s) 'example_branch_dop_operator_v3' retrieved from /Users/vamseekrishna/Desktop/F1_Data_Warehouse/f1datawarehouse/lib/python3.9/site-packages/airflow/example_dags/example_branch_python_dop_operator_3.py
[2024-02-24T19:38:42.248-0600] {logging_mixin.py:188} INFO - [2024-02-24T19:38:42.248-0600] {dag.py:3036} INFO - Sync 1 DAGs
[2024-02-24T19:38:42.258-0600] {logging_mixin.py:188} INFO - [2024-02-24T19:38:42.258-0600] {dag.py:3823} INFO - Setting next_dagrun for example_branch_dop_operator_v3 to 2024-02-25 01:37:00+00:00, run_after=2024-02-25 01:38:00+00:00
[2024-02-24T19:38:42.267-0600] {processor.py:183} INFO - Processing /Users/vamseekrishna/Desktop/F1_Data_Warehouse/f1datawarehouse/lib/python3.9/site-packages/airflow/example_dags/example_branch_python_dop_operator_3.py took 0.088 seconds
[2024-02-24T19:40:47.658-0600] {processor.py:161} INFO - Started process (PID=1077) to work on /Users/vamseekrishna/Desktop/F1_Data_Warehouse/f1datawarehouse/lib/python3.9/site-packages/airflow/example_dags/example_branch_python_dop_operator_3.py
[2024-02-24T19:40:47.660-0600] {processor.py:830} INFO - Processing file /Users/vamseekrishna/Desktop/F1_Data_Warehouse/f1datawarehouse/lib/python3.9/site-packages/airflow/example_dags/example_branch_python_dop_operator_3.py for tasks to queue
[2024-02-24T19:40:47.660-0600] {logging_mixin.py:188} INFO - [2024-02-24T19:40:47.660-0600] {dagbag.py:538} INFO - Filling up the DagBag from /Users/vamseekrishna/Desktop/F1_Data_Warehouse/f1datawarehouse/lib/python3.9/site-packages/airflow/example_dags/example_branch_python_dop_operator_3.py
[2024-02-24T19:40:47.676-0600] {processor.py:840} INFO - DAG(s) 'example_branch_dop_operator_v3' retrieved from /Users/vamseekrishna/Desktop/F1_Data_Warehouse/f1datawarehouse/lib/python3.9/site-packages/airflow/example_dags/example_branch_python_dop_operator_3.py
[2024-02-24T19:40:47.722-0600] {logging_mixin.py:188} INFO - [2024-02-24T19:40:47.721-0600] {dag.py:3036} INFO - Sync 1 DAGs
[2024-02-24T19:40:47.732-0600] {logging_mixin.py:188} INFO - [2024-02-24T19:40:47.732-0600] {dag.py:3823} INFO - Setting next_dagrun for example_branch_dop_operator_v3 to 2024-02-25 01:39:00+00:00, run_after=2024-02-25 01:40:00+00:00
[2024-02-24T19:40:47.740-0600] {processor.py:183} INFO - Processing /Users/vamseekrishna/Desktop/F1_Data_Warehouse/f1datawarehouse/lib/python3.9/site-packages/airflow/example_dags/example_branch_python_dop_operator_3.py took 0.084 seconds
[2024-02-24T19:42:55.465-0600] {processor.py:161} INFO - Started process (PID=1249) to work on /Users/vamseekrishna/Desktop/F1_Data_Warehouse/f1datawarehouse/lib/python3.9/site-packages/airflow/example_dags/example_branch_python_dop_operator_3.py
[2024-02-24T19:42:55.467-0600] {processor.py:830} INFO - Processing file /Users/vamseekrishna/Desktop/F1_Data_Warehouse/f1datawarehouse/lib/python3.9/site-packages/airflow/example_dags/example_branch_python_dop_operator_3.py for tasks to queue
[2024-02-24T19:42:55.467-0600] {logging_mixin.py:188} INFO - [2024-02-24T19:42:55.467-0600] {dagbag.py:538} INFO - Filling up the DagBag from /Users/vamseekrishna/Desktop/F1_Data_Warehouse/f1datawarehouse/lib/python3.9/site-packages/airflow/example_dags/example_branch_python_dop_operator_3.py
[2024-02-24T19:42:55.501-0600] {processor.py:840} INFO - DAG(s) 'example_branch_dop_operator_v3' retrieved from /Users/vamseekrishna/Desktop/F1_Data_Warehouse/f1datawarehouse/lib/python3.9/site-packages/airflow/example_dags/example_branch_python_dop_operator_3.py
[2024-02-24T19:42:55.563-0600] {logging_mixin.py:188} INFO - [2024-02-24T19:42:55.563-0600] {dag.py:3036} INFO - Sync 1 DAGs
[2024-02-24T19:42:55.575-0600] {logging_mixin.py:188} INFO - [2024-02-24T19:42:55.575-0600] {dag.py:3823} INFO - Setting next_dagrun for example_branch_dop_operator_v3 to 2024-02-25 01:41:00+00:00, run_after=2024-02-25 01:42:00+00:00
[2024-02-24T19:42:55.585-0600] {processor.py:183} INFO - Processing /Users/vamseekrishna/Desktop/F1_Data_Warehouse/f1datawarehouse/lib/python3.9/site-packages/airflow/example_dags/example_branch_python_dop_operator_3.py took 0.120 seconds
[2024-02-24T19:45:29.734-0600] {processor.py:161} INFO - Started process (PID=1561) to work on /Users/vamseekrishna/Desktop/F1_Data_Warehouse/f1datawarehouse/lib/python3.9/site-packages/airflow/example_dags/example_branch_python_dop_operator_3.py
[2024-02-24T19:45:29.736-0600] {processor.py:830} INFO - Processing file /Users/vamseekrishna/Desktop/F1_Data_Warehouse/f1datawarehouse/lib/python3.9/site-packages/airflow/example_dags/example_branch_python_dop_operator_3.py for tasks to queue
[2024-02-24T19:45:29.736-0600] {logging_mixin.py:188} INFO - [2024-02-24T19:45:29.736-0600] {dagbag.py:538} INFO - Filling up the DagBag from /Users/vamseekrishna/Desktop/F1_Data_Warehouse/f1datawarehouse/lib/python3.9/site-packages/airflow/example_dags/example_branch_python_dop_operator_3.py
[2024-02-24T19:45:29.761-0600] {processor.py:840} INFO - DAG(s) 'example_branch_dop_operator_v3' retrieved from /Users/vamseekrishna/Desktop/F1_Data_Warehouse/f1datawarehouse/lib/python3.9/site-packages/airflow/example_dags/example_branch_python_dop_operator_3.py
[2024-02-24T19:45:29.813-0600] {logging_mixin.py:188} INFO - [2024-02-24T19:45:29.812-0600] {dag.py:3036} INFO - Sync 1 DAGs
[2024-02-24T19:45:29.833-0600] {logging_mixin.py:188} INFO - [2024-02-24T19:45:29.832-0600] {dag.py:3823} INFO - Setting next_dagrun for example_branch_dop_operator_v3 to 2024-02-25 01:44:00+00:00, run_after=2024-02-25 01:45:00+00:00
[2024-02-24T19:45:29.845-0600] {processor.py:183} INFO - Processing /Users/vamseekrishna/Desktop/F1_Data_Warehouse/f1datawarehouse/lib/python3.9/site-packages/airflow/example_dags/example_branch_python_dop_operator_3.py took 0.112 seconds
[2024-02-24T19:47:53.822-0600] {processor.py:161} INFO - Started process (PID=1782) to work on /Users/vamseekrishna/Desktop/F1_Data_Warehouse/f1datawarehouse/lib/python3.9/site-packages/airflow/example_dags/example_branch_python_dop_operator_3.py
[2024-02-24T19:47:53.824-0600] {processor.py:830} INFO - Processing file /Users/vamseekrishna/Desktop/F1_Data_Warehouse/f1datawarehouse/lib/python3.9/site-packages/airflow/example_dags/example_branch_python_dop_operator_3.py for tasks to queue
[2024-02-24T19:47:53.824-0600] {logging_mixin.py:188} INFO - [2024-02-24T19:47:53.824-0600] {dagbag.py:538} INFO - Filling up the DagBag from /Users/vamseekrishna/Desktop/F1_Data_Warehouse/f1datawarehouse/lib/python3.9/site-packages/airflow/example_dags/example_branch_python_dop_operator_3.py
[2024-02-24T19:47:53.843-0600] {processor.py:840} INFO - DAG(s) 'example_branch_dop_operator_v3' retrieved from /Users/vamseekrishna/Desktop/F1_Data_Warehouse/f1datawarehouse/lib/python3.9/site-packages/airflow/example_dags/example_branch_python_dop_operator_3.py
[2024-02-24T19:47:53.902-0600] {logging_mixin.py:188} INFO - [2024-02-24T19:47:53.901-0600] {dag.py:3036} INFO - Sync 1 DAGs
[2024-02-24T19:47:53.916-0600] {logging_mixin.py:188} INFO - [2024-02-24T19:47:53.916-0600] {dag.py:3823} INFO - Setting next_dagrun for example_branch_dop_operator_v3 to 2024-02-25 01:46:00+00:00, run_after=2024-02-25 01:47:00+00:00
[2024-02-24T19:47:53.925-0600] {processor.py:183} INFO - Processing /Users/vamseekrishna/Desktop/F1_Data_Warehouse/f1datawarehouse/lib/python3.9/site-packages/airflow/example_dags/example_branch_python_dop_operator_3.py took 0.104 seconds
