[2024-02-24T21:37:09.341-0600] {processor.py:161} INFO - Started process (PID=8278) to work on /Users/vamseekrishna/Desktop/F1_Data_Warehouse/f1datawarehouse/lib/python3.9/site-packages/airflow/example_dags/example_params_trigger_ui.py
[2024-02-24T21:37:09.345-0600] {processor.py:830} INFO - Processing file /Users/vamseekrishna/Desktop/F1_Data_Warehouse/f1datawarehouse/lib/python3.9/site-packages/airflow/example_dags/example_params_trigger_ui.py for tasks to queue
[2024-02-24T21:37:09.345-0600] {logging_mixin.py:188} INFO - [2024-02-24T21:37:09.345-0600] {dagbag.py:538} INFO - Filling up the DagBag from /Users/vamseekrishna/Desktop/F1_Data_Warehouse/f1datawarehouse/lib/python3.9/site-packages/airflow/example_dags/example_params_trigger_ui.py
[2024-02-24T21:37:09.364-0600] {processor.py:840} INFO - DAG(s) 'example_params_trigger_ui' retrieved from /Users/vamseekrishna/Desktop/F1_Data_Warehouse/f1datawarehouse/lib/python3.9/site-packages/airflow/example_dags/example_params_trigger_ui.py
[2024-02-24T21:37:09.465-0600] {logging_mixin.py:188} INFO - [2024-02-24T21:37:09.465-0600] {dag.py:3036} INFO - Sync 1 DAGs
[2024-02-24T21:37:09.470-0600] {logging_mixin.py:188} INFO - [2024-02-24T21:37:09.470-0600] {dag.py:3823} INFO - Setting next_dagrun for example_params_trigger_ui to None, run_after=None
[2024-02-24T21:37:09.478-0600] {processor.py:183} INFO - Processing /Users/vamseekrishna/Desktop/F1_Data_Warehouse/f1datawarehouse/lib/python3.9/site-packages/airflow/example_dags/example_params_trigger_ui.py took 0.138 seconds
[2024-02-24T21:38:40.633-0600] {processor.py:161} INFO - Started process (PID=8418) to work on /Users/vamseekrishna/Desktop/F1_Data_Warehouse/f1datawarehouse/lib/python3.9/site-packages/airflow/example_dags/example_params_trigger_ui.py
[2024-02-24T21:38:40.634-0600] {processor.py:830} INFO - Processing file /Users/vamseekrishna/Desktop/F1_Data_Warehouse/f1datawarehouse/lib/python3.9/site-packages/airflow/example_dags/example_params_trigger_ui.py for tasks to queue
[2024-02-24T21:38:40.635-0600] {logging_mixin.py:188} INFO - [2024-02-24T21:38:40.635-0600] {dagbag.py:538} INFO - Filling up the DagBag from /Users/vamseekrishna/Desktop/F1_Data_Warehouse/f1datawarehouse/lib/python3.9/site-packages/airflow/example_dags/example_params_trigger_ui.py
[2024-02-24T21:38:40.652-0600] {processor.py:840} INFO - DAG(s) 'example_params_trigger_ui' retrieved from /Users/vamseekrishna/Desktop/F1_Data_Warehouse/f1datawarehouse/lib/python3.9/site-packages/airflow/example_dags/example_params_trigger_ui.py
[2024-02-24T21:38:40.708-0600] {logging_mixin.py:188} INFO - [2024-02-24T21:38:40.708-0600] {dag.py:3036} INFO - Sync 1 DAGs
[2024-02-24T21:38:40.712-0600] {logging_mixin.py:188} INFO - [2024-02-24T21:38:40.712-0600] {dag.py:3823} INFO - Setting next_dagrun for example_params_trigger_ui to None, run_after=None
[2024-02-24T21:38:40.722-0600] {processor.py:183} INFO - Processing /Users/vamseekrishna/Desktop/F1_Data_Warehouse/f1datawarehouse/lib/python3.9/site-packages/airflow/example_dags/example_params_trigger_ui.py took 0.089 seconds
[2024-02-24T21:40:40.986-0600] {processor.py:161} INFO - Started process (PID=8619) to work on /Users/vamseekrishna/Desktop/F1_Data_Warehouse/f1datawarehouse/lib/python3.9/site-packages/airflow/example_dags/example_params_trigger_ui.py
[2024-02-24T21:40:40.988-0600] {processor.py:830} INFO - Processing file /Users/vamseekrishna/Desktop/F1_Data_Warehouse/f1datawarehouse/lib/python3.9/site-packages/airflow/example_dags/example_params_trigger_ui.py for tasks to queue
[2024-02-24T21:40:40.988-0600] {logging_mixin.py:188} INFO - [2024-02-24T21:40:40.988-0600] {dagbag.py:538} INFO - Filling up the DagBag from /Users/vamseekrishna/Desktop/F1_Data_Warehouse/f1datawarehouse/lib/python3.9/site-packages/airflow/example_dags/example_params_trigger_ui.py
[2024-02-24T21:40:41.007-0600] {processor.py:840} INFO - DAG(s) 'example_params_trigger_ui' retrieved from /Users/vamseekrishna/Desktop/F1_Data_Warehouse/f1datawarehouse/lib/python3.9/site-packages/airflow/example_dags/example_params_trigger_ui.py
[2024-02-24T21:40:41.075-0600] {logging_mixin.py:188} INFO - [2024-02-24T21:40:41.074-0600] {dag.py:3036} INFO - Sync 1 DAGs
[2024-02-24T21:40:41.081-0600] {logging_mixin.py:188} INFO - [2024-02-24T21:40:41.080-0600] {dag.py:3823} INFO - Setting next_dagrun for example_params_trigger_ui to None, run_after=None
[2024-02-24T21:40:41.092-0600] {processor.py:183} INFO - Processing /Users/vamseekrishna/Desktop/F1_Data_Warehouse/f1datawarehouse/lib/python3.9/site-packages/airflow/example_dags/example_params_trigger_ui.py took 0.106 seconds
[2024-02-24T21:50:10.865-0600] {processor.py:161} INFO - Started process (PID=9080) to work on /Users/vamseekrishna/Desktop/F1_Data_Warehouse/f1datawarehouse/lib/python3.9/site-packages/airflow/example_dags/example_params_trigger_ui.py
[2024-02-24T21:50:10.867-0600] {processor.py:830} INFO - Processing file /Users/vamseekrishna/Desktop/F1_Data_Warehouse/f1datawarehouse/lib/python3.9/site-packages/airflow/example_dags/example_params_trigger_ui.py for tasks to queue
[2024-02-24T21:50:10.867-0600] {logging_mixin.py:188} INFO - [2024-02-24T21:50:10.867-0600] {dagbag.py:538} INFO - Filling up the DagBag from /Users/vamseekrishna/Desktop/F1_Data_Warehouse/f1datawarehouse/lib/python3.9/site-packages/airflow/example_dags/example_params_trigger_ui.py
[2024-02-24T21:50:10.884-0600] {processor.py:840} INFO - DAG(s) 'example_params_trigger_ui' retrieved from /Users/vamseekrishna/Desktop/F1_Data_Warehouse/f1datawarehouse/lib/python3.9/site-packages/airflow/example_dags/example_params_trigger_ui.py
[2024-02-24T21:50:10.942-0600] {logging_mixin.py:188} INFO - [2024-02-24T21:50:10.942-0600] {dag.py:3036} INFO - Sync 1 DAGs
[2024-02-24T21:50:10.946-0600] {logging_mixin.py:188} INFO - [2024-02-24T21:50:10.946-0600] {dag.py:3823} INFO - Setting next_dagrun for example_params_trigger_ui to None, run_after=None
[2024-02-24T21:50:10.954-0600] {processor.py:183} INFO - Processing /Users/vamseekrishna/Desktop/F1_Data_Warehouse/f1datawarehouse/lib/python3.9/site-packages/airflow/example_dags/example_params_trigger_ui.py took 0.090 seconds
[2024-02-24T21:51:39.179-0600] {processor.py:161} INFO - Started process (PID=9177) to work on /Users/vamseekrishna/Desktop/F1_Data_Warehouse/f1datawarehouse/lib/python3.9/site-packages/airflow/example_dags/example_params_trigger_ui.py
[2024-02-24T21:51:39.181-0600] {processor.py:830} INFO - Processing file /Users/vamseekrishna/Desktop/F1_Data_Warehouse/f1datawarehouse/lib/python3.9/site-packages/airflow/example_dags/example_params_trigger_ui.py for tasks to queue
[2024-02-24T21:51:39.181-0600] {logging_mixin.py:188} INFO - [2024-02-24T21:51:39.181-0600] {dagbag.py:538} INFO - Filling up the DagBag from /Users/vamseekrishna/Desktop/F1_Data_Warehouse/f1datawarehouse/lib/python3.9/site-packages/airflow/example_dags/example_params_trigger_ui.py
[2024-02-24T21:51:39.199-0600] {processor.py:840} INFO - DAG(s) 'example_params_trigger_ui' retrieved from /Users/vamseekrishna/Desktop/F1_Data_Warehouse/f1datawarehouse/lib/python3.9/site-packages/airflow/example_dags/example_params_trigger_ui.py
[2024-02-24T21:51:39.258-0600] {logging_mixin.py:188} INFO - [2024-02-24T21:51:39.257-0600] {dag.py:3036} INFO - Sync 1 DAGs
[2024-02-24T21:51:39.262-0600] {logging_mixin.py:188} INFO - [2024-02-24T21:51:39.261-0600] {dag.py:3823} INFO - Setting next_dagrun for example_params_trigger_ui to None, run_after=None
[2024-02-24T21:51:39.270-0600] {processor.py:183} INFO - Processing /Users/vamseekrishna/Desktop/F1_Data_Warehouse/f1datawarehouse/lib/python3.9/site-packages/airflow/example_dags/example_params_trigger_ui.py took 0.091 seconds
[2024-02-24T21:53:45.068-0600] {processor.py:161} INFO - Started process (PID=9322) to work on /Users/vamseekrishna/Desktop/F1_Data_Warehouse/f1datawarehouse/lib/python3.9/site-packages/airflow/example_dags/example_params_trigger_ui.py
[2024-02-24T21:53:45.070-0600] {processor.py:830} INFO - Processing file /Users/vamseekrishna/Desktop/F1_Data_Warehouse/f1datawarehouse/lib/python3.9/site-packages/airflow/example_dags/example_params_trigger_ui.py for tasks to queue
[2024-02-24T21:53:45.071-0600] {logging_mixin.py:188} INFO - [2024-02-24T21:53:45.071-0600] {dagbag.py:538} INFO - Filling up the DagBag from /Users/vamseekrishna/Desktop/F1_Data_Warehouse/f1datawarehouse/lib/python3.9/site-packages/airflow/example_dags/example_params_trigger_ui.py
[2024-02-24T21:53:45.090-0600] {processor.py:840} INFO - DAG(s) 'example_params_trigger_ui' retrieved from /Users/vamseekrishna/Desktop/F1_Data_Warehouse/f1datawarehouse/lib/python3.9/site-packages/airflow/example_dags/example_params_trigger_ui.py
[2024-02-24T21:53:45.148-0600] {logging_mixin.py:188} INFO - [2024-02-24T21:53:45.148-0600] {dag.py:3036} INFO - Sync 1 DAGs
[2024-02-24T21:53:45.152-0600] {logging_mixin.py:188} INFO - [2024-02-24T21:53:45.152-0600] {dag.py:3823} INFO - Setting next_dagrun for example_params_trigger_ui to None, run_after=None
[2024-02-24T21:53:45.160-0600] {processor.py:183} INFO - Processing /Users/vamseekrishna/Desktop/F1_Data_Warehouse/f1datawarehouse/lib/python3.9/site-packages/airflow/example_dags/example_params_trigger_ui.py took 0.092 seconds
[2024-02-24T21:55:56.282-0600] {processor.py:161} INFO - Started process (PID=9440) to work on /Users/vamseekrishna/Desktop/F1_Data_Warehouse/f1datawarehouse/lib/python3.9/site-packages/airflow/example_dags/example_params_trigger_ui.py
[2024-02-24T21:55:56.284-0600] {processor.py:830} INFO - Processing file /Users/vamseekrishna/Desktop/F1_Data_Warehouse/f1datawarehouse/lib/python3.9/site-packages/airflow/example_dags/example_params_trigger_ui.py for tasks to queue
[2024-02-24T21:55:56.284-0600] {logging_mixin.py:188} INFO - [2024-02-24T21:55:56.284-0600] {dagbag.py:538} INFO - Filling up the DagBag from /Users/vamseekrishna/Desktop/F1_Data_Warehouse/f1datawarehouse/lib/python3.9/site-packages/airflow/example_dags/example_params_trigger_ui.py
[2024-02-24T21:55:56.309-0600] {processor.py:840} INFO - DAG(s) 'example_params_trigger_ui' retrieved from /Users/vamseekrishna/Desktop/F1_Data_Warehouse/f1datawarehouse/lib/python3.9/site-packages/airflow/example_dags/example_params_trigger_ui.py
[2024-02-24T21:55:56.385-0600] {logging_mixin.py:188} INFO - [2024-02-24T21:55:56.385-0600] {dag.py:3036} INFO - Sync 1 DAGs
[2024-02-24T21:55:56.389-0600] {logging_mixin.py:188} INFO - [2024-02-24T21:55:56.389-0600] {dag.py:3823} INFO - Setting next_dagrun for example_params_trigger_ui to None, run_after=None
[2024-02-24T21:55:56.397-0600] {processor.py:183} INFO - Processing /Users/vamseekrishna/Desktop/F1_Data_Warehouse/f1datawarehouse/lib/python3.9/site-packages/airflow/example_dags/example_params_trigger_ui.py took 0.116 seconds
[2024-02-24T21:58:05.645-0600] {processor.py:161} INFO - Started process (PID=9560) to work on /Users/vamseekrishna/Desktop/F1_Data_Warehouse/f1datawarehouse/lib/python3.9/site-packages/airflow/example_dags/example_params_trigger_ui.py
[2024-02-24T21:58:05.647-0600] {processor.py:830} INFO - Processing file /Users/vamseekrishna/Desktop/F1_Data_Warehouse/f1datawarehouse/lib/python3.9/site-packages/airflow/example_dags/example_params_trigger_ui.py for tasks to queue
[2024-02-24T21:58:05.647-0600] {logging_mixin.py:188} INFO - [2024-02-24T21:58:05.647-0600] {dagbag.py:538} INFO - Filling up the DagBag from /Users/vamseekrishna/Desktop/F1_Data_Warehouse/f1datawarehouse/lib/python3.9/site-packages/airflow/example_dags/example_params_trigger_ui.py
[2024-02-24T21:58:05.667-0600] {processor.py:840} INFO - DAG(s) 'example_params_trigger_ui' retrieved from /Users/vamseekrishna/Desktop/F1_Data_Warehouse/f1datawarehouse/lib/python3.9/site-packages/airflow/example_dags/example_params_trigger_ui.py
[2024-02-24T21:58:05.725-0600] {logging_mixin.py:188} INFO - [2024-02-24T21:58:05.725-0600] {dag.py:3036} INFO - Sync 1 DAGs
[2024-02-24T21:58:05.729-0600] {logging_mixin.py:188} INFO - [2024-02-24T21:58:05.729-0600] {dag.py:3823} INFO - Setting next_dagrun for example_params_trigger_ui to None, run_after=None
[2024-02-24T21:58:05.737-0600] {processor.py:183} INFO - Processing /Users/vamseekrishna/Desktop/F1_Data_Warehouse/f1datawarehouse/lib/python3.9/site-packages/airflow/example_dags/example_params_trigger_ui.py took 0.093 seconds
