[2024-02-24T21:36:59.970-0600] {processor.py:161} INFO - Started process (PID=8264) to work on /Users/vamseekrishna/Desktop/F1_Data_Warehouse/f1datawarehouse/lib/python3.9/site-packages/airflow/example_dags/example_sensor_decorator.py
[2024-02-24T21:36:59.971-0600] {processor.py:830} INFO - Processing file /Users/vamseekrishna/Desktop/F1_Data_Warehouse/f1datawarehouse/lib/python3.9/site-packages/airflow/example_dags/example_sensor_decorator.py for tasks to queue
[2024-02-24T21:36:59.971-0600] {logging_mixin.py:188} INFO - [2024-02-24T21:36:59.971-0600] {dagbag.py:538} INFO - Filling up the DagBag from /Users/vamseekrishna/Desktop/F1_Data_Warehouse/f1datawarehouse/lib/python3.9/site-packages/airflow/example_dags/example_sensor_decorator.py
[2024-02-24T21:36:59.989-0600] {processor.py:840} INFO - DAG(s) 'example_sensor_decorator' retrieved from /Users/vamseekrishna/Desktop/F1_Data_Warehouse/f1datawarehouse/lib/python3.9/site-packages/airflow/example_dags/example_sensor_decorator.py
[2024-02-24T21:37:00.091-0600] {logging_mixin.py:188} INFO - [2024-02-24T21:37:00.090-0600] {dag.py:3036} INFO - Sync 1 DAGs
[2024-02-24T21:37:00.095-0600] {logging_mixin.py:188} INFO - [2024-02-24T21:37:00.095-0600] {dag.py:3823} INFO - Setting next_dagrun for example_sensor_decorator to None, run_after=None
[2024-02-24T21:37:00.103-0600] {processor.py:183} INFO - Processing /Users/vamseekrishna/Desktop/F1_Data_Warehouse/f1datawarehouse/lib/python3.9/site-packages/airflow/example_dags/example_sensor_decorator.py took 0.134 seconds
[2024-02-24T21:38:31.658-0600] {processor.py:161} INFO - Started process (PID=8406) to work on /Users/vamseekrishna/Desktop/F1_Data_Warehouse/f1datawarehouse/lib/python3.9/site-packages/airflow/example_dags/example_sensor_decorator.py
[2024-02-24T21:38:31.660-0600] {processor.py:830} INFO - Processing file /Users/vamseekrishna/Desktop/F1_Data_Warehouse/f1datawarehouse/lib/python3.9/site-packages/airflow/example_dags/example_sensor_decorator.py for tasks to queue
[2024-02-24T21:38:31.660-0600] {logging_mixin.py:188} INFO - [2024-02-24T21:38:31.660-0600] {dagbag.py:538} INFO - Filling up the DagBag from /Users/vamseekrishna/Desktop/F1_Data_Warehouse/f1datawarehouse/lib/python3.9/site-packages/airflow/example_dags/example_sensor_decorator.py
[2024-02-24T21:38:31.676-0600] {processor.py:840} INFO - DAG(s) 'example_sensor_decorator' retrieved from /Users/vamseekrishna/Desktop/F1_Data_Warehouse/f1datawarehouse/lib/python3.9/site-packages/airflow/example_dags/example_sensor_decorator.py
[2024-02-24T21:38:31.726-0600] {logging_mixin.py:188} INFO - [2024-02-24T21:38:31.726-0600] {dag.py:3036} INFO - Sync 1 DAGs
[2024-02-24T21:38:31.732-0600] {logging_mixin.py:188} INFO - [2024-02-24T21:38:31.731-0600] {dag.py:3823} INFO - Setting next_dagrun for example_sensor_decorator to None, run_after=None
[2024-02-24T21:38:31.739-0600] {processor.py:183} INFO - Processing /Users/vamseekrishna/Desktop/F1_Data_Warehouse/f1datawarehouse/lib/python3.9/site-packages/airflow/example_dags/example_sensor_decorator.py took 0.082 seconds
[2024-02-24T21:40:31.985-0600] {processor.py:161} INFO - Started process (PID=8607) to work on /Users/vamseekrishna/Desktop/F1_Data_Warehouse/f1datawarehouse/lib/python3.9/site-packages/airflow/example_dags/example_sensor_decorator.py
[2024-02-24T21:40:31.986-0600] {processor.py:830} INFO - Processing file /Users/vamseekrishna/Desktop/F1_Data_Warehouse/f1datawarehouse/lib/python3.9/site-packages/airflow/example_dags/example_sensor_decorator.py for tasks to queue
[2024-02-24T21:40:31.987-0600] {logging_mixin.py:188} INFO - [2024-02-24T21:40:31.987-0600] {dagbag.py:538} INFO - Filling up the DagBag from /Users/vamseekrishna/Desktop/F1_Data_Warehouse/f1datawarehouse/lib/python3.9/site-packages/airflow/example_dags/example_sensor_decorator.py
[2024-02-24T21:40:32.003-0600] {processor.py:840} INFO - DAG(s) 'example_sensor_decorator' retrieved from /Users/vamseekrishna/Desktop/F1_Data_Warehouse/f1datawarehouse/lib/python3.9/site-packages/airflow/example_dags/example_sensor_decorator.py
[2024-02-24T21:40:32.064-0600] {logging_mixin.py:188} INFO - [2024-02-24T21:40:32.064-0600] {dag.py:3036} INFO - Sync 1 DAGs
[2024-02-24T21:40:32.069-0600] {logging_mixin.py:188} INFO - [2024-02-24T21:40:32.069-0600] {dag.py:3823} INFO - Setting next_dagrun for example_sensor_decorator to None, run_after=None
[2024-02-24T21:40:32.077-0600] {processor.py:183} INFO - Processing /Users/vamseekrishna/Desktop/F1_Data_Warehouse/f1datawarehouse/lib/python3.9/site-packages/airflow/example_dags/example_sensor_decorator.py took 0.093 seconds
[2024-02-24T21:50:01.521-0600] {processor.py:161} INFO - Started process (PID=9072) to work on /Users/vamseekrishna/Desktop/F1_Data_Warehouse/f1datawarehouse/lib/python3.9/site-packages/airflow/example_dags/example_sensor_decorator.py
[2024-02-24T21:50:01.523-0600] {processor.py:830} INFO - Processing file /Users/vamseekrishna/Desktop/F1_Data_Warehouse/f1datawarehouse/lib/python3.9/site-packages/airflow/example_dags/example_sensor_decorator.py for tasks to queue
[2024-02-24T21:50:01.523-0600] {logging_mixin.py:188} INFO - [2024-02-24T21:50:01.523-0600] {dagbag.py:538} INFO - Filling up the DagBag from /Users/vamseekrishna/Desktop/F1_Data_Warehouse/f1datawarehouse/lib/python3.9/site-packages/airflow/example_dags/example_sensor_decorator.py
[2024-02-24T21:50:01.539-0600] {processor.py:840} INFO - DAG(s) 'example_sensor_decorator' retrieved from /Users/vamseekrishna/Desktop/F1_Data_Warehouse/f1datawarehouse/lib/python3.9/site-packages/airflow/example_dags/example_sensor_decorator.py
[2024-02-24T21:50:01.588-0600] {logging_mixin.py:188} INFO - [2024-02-24T21:50:01.588-0600] {dag.py:3036} INFO - Sync 1 DAGs
[2024-02-24T21:50:01.592-0600] {logging_mixin.py:188} INFO - [2024-02-24T21:50:01.592-0600] {dag.py:3823} INFO - Setting next_dagrun for example_sensor_decorator to None, run_after=None
[2024-02-24T21:50:01.600-0600] {processor.py:183} INFO - Processing /Users/vamseekrishna/Desktop/F1_Data_Warehouse/f1datawarehouse/lib/python3.9/site-packages/airflow/example_dags/example_sensor_decorator.py took 0.079 seconds
[2024-02-24T21:51:29.914-0600] {processor.py:161} INFO - Started process (PID=9170) to work on /Users/vamseekrishna/Desktop/F1_Data_Warehouse/f1datawarehouse/lib/python3.9/site-packages/airflow/example_dags/example_sensor_decorator.py
[2024-02-24T21:51:29.916-0600] {processor.py:830} INFO - Processing file /Users/vamseekrishna/Desktop/F1_Data_Warehouse/f1datawarehouse/lib/python3.9/site-packages/airflow/example_dags/example_sensor_decorator.py for tasks to queue
[2024-02-24T21:51:29.917-0600] {logging_mixin.py:188} INFO - [2024-02-24T21:51:29.916-0600] {dagbag.py:538} INFO - Filling up the DagBag from /Users/vamseekrishna/Desktop/F1_Data_Warehouse/f1datawarehouse/lib/python3.9/site-packages/airflow/example_dags/example_sensor_decorator.py
[2024-02-24T21:51:29.932-0600] {processor.py:840} INFO - DAG(s) 'example_sensor_decorator' retrieved from /Users/vamseekrishna/Desktop/F1_Data_Warehouse/f1datawarehouse/lib/python3.9/site-packages/airflow/example_dags/example_sensor_decorator.py
[2024-02-24T21:51:29.981-0600] {logging_mixin.py:188} INFO - [2024-02-24T21:51:29.981-0600] {dag.py:3036} INFO - Sync 1 DAGs
[2024-02-24T21:51:29.985-0600] {logging_mixin.py:188} INFO - [2024-02-24T21:51:29.985-0600] {dag.py:3823} INFO - Setting next_dagrun for example_sensor_decorator to None, run_after=None
[2024-02-24T21:51:29.993-0600] {processor.py:183} INFO - Processing /Users/vamseekrishna/Desktop/F1_Data_Warehouse/f1datawarehouse/lib/python3.9/site-packages/airflow/example_dags/example_sensor_decorator.py took 0.079 seconds
[2024-02-24T21:53:37.166-0600] {processor.py:161} INFO - Started process (PID=9316) to work on /Users/vamseekrishna/Desktop/F1_Data_Warehouse/f1datawarehouse/lib/python3.9/site-packages/airflow/example_dags/example_sensor_decorator.py
[2024-02-24T21:53:37.168-0600] {processor.py:830} INFO - Processing file /Users/vamseekrishna/Desktop/F1_Data_Warehouse/f1datawarehouse/lib/python3.9/site-packages/airflow/example_dags/example_sensor_decorator.py for tasks to queue
[2024-02-24T21:53:37.168-0600] {logging_mixin.py:188} INFO - [2024-02-24T21:53:37.168-0600] {dagbag.py:538} INFO - Filling up the DagBag from /Users/vamseekrishna/Desktop/F1_Data_Warehouse/f1datawarehouse/lib/python3.9/site-packages/airflow/example_dags/example_sensor_decorator.py
[2024-02-24T21:53:37.184-0600] {processor.py:840} INFO - DAG(s) 'example_sensor_decorator' retrieved from /Users/vamseekrishna/Desktop/F1_Data_Warehouse/f1datawarehouse/lib/python3.9/site-packages/airflow/example_dags/example_sensor_decorator.py
[2024-02-24T21:53:37.236-0600] {logging_mixin.py:188} INFO - [2024-02-24T21:53:37.236-0600] {dag.py:3036} INFO - Sync 1 DAGs
[2024-02-24T21:53:37.240-0600] {logging_mixin.py:188} INFO - [2024-02-24T21:53:37.240-0600] {dag.py:3823} INFO - Setting next_dagrun for example_sensor_decorator to None, run_after=None
[2024-02-24T21:53:37.248-0600] {processor.py:183} INFO - Processing /Users/vamseekrishna/Desktop/F1_Data_Warehouse/f1datawarehouse/lib/python3.9/site-packages/airflow/example_dags/example_sensor_decorator.py took 0.083 seconds
[2024-02-24T21:55:47.076-0600] {processor.py:161} INFO - Started process (PID=9433) to work on /Users/vamseekrishna/Desktop/F1_Data_Warehouse/f1datawarehouse/lib/python3.9/site-packages/airflow/example_dags/example_sensor_decorator.py
[2024-02-24T21:55:47.078-0600] {processor.py:830} INFO - Processing file /Users/vamseekrishna/Desktop/F1_Data_Warehouse/f1datawarehouse/lib/python3.9/site-packages/airflow/example_dags/example_sensor_decorator.py for tasks to queue
[2024-02-24T21:55:47.079-0600] {logging_mixin.py:188} INFO - [2024-02-24T21:55:47.079-0600] {dagbag.py:538} INFO - Filling up the DagBag from /Users/vamseekrishna/Desktop/F1_Data_Warehouse/f1datawarehouse/lib/python3.9/site-packages/airflow/example_dags/example_sensor_decorator.py
[2024-02-24T21:55:47.094-0600] {processor.py:840} INFO - DAG(s) 'example_sensor_decorator' retrieved from /Users/vamseekrishna/Desktop/F1_Data_Warehouse/f1datawarehouse/lib/python3.9/site-packages/airflow/example_dags/example_sensor_decorator.py
[2024-02-24T21:55:47.143-0600] {logging_mixin.py:188} INFO - [2024-02-24T21:55:47.143-0600] {dag.py:3036} INFO - Sync 1 DAGs
[2024-02-24T21:55:47.147-0600] {logging_mixin.py:188} INFO - [2024-02-24T21:55:47.147-0600] {dag.py:3823} INFO - Setting next_dagrun for example_sensor_decorator to None, run_after=None
[2024-02-24T21:55:47.155-0600] {processor.py:183} INFO - Processing /Users/vamseekrishna/Desktop/F1_Data_Warehouse/f1datawarehouse/lib/python3.9/site-packages/airflow/example_dags/example_sensor_decorator.py took 0.079 seconds
[2024-02-24T21:57:55.702-0600] {processor.py:161} INFO - Started process (PID=9553) to work on /Users/vamseekrishna/Desktop/F1_Data_Warehouse/f1datawarehouse/lib/python3.9/site-packages/airflow/example_dags/example_sensor_decorator.py
[2024-02-24T21:57:55.704-0600] {processor.py:830} INFO - Processing file /Users/vamseekrishna/Desktop/F1_Data_Warehouse/f1datawarehouse/lib/python3.9/site-packages/airflow/example_dags/example_sensor_decorator.py for tasks to queue
[2024-02-24T21:57:55.705-0600] {logging_mixin.py:188} INFO - [2024-02-24T21:57:55.704-0600] {dagbag.py:538} INFO - Filling up the DagBag from /Users/vamseekrishna/Desktop/F1_Data_Warehouse/f1datawarehouse/lib/python3.9/site-packages/airflow/example_dags/example_sensor_decorator.py
[2024-02-24T21:57:55.720-0600] {processor.py:840} INFO - DAG(s) 'example_sensor_decorator' retrieved from /Users/vamseekrishna/Desktop/F1_Data_Warehouse/f1datawarehouse/lib/python3.9/site-packages/airflow/example_dags/example_sensor_decorator.py
[2024-02-24T21:57:55.769-0600] {logging_mixin.py:188} INFO - [2024-02-24T21:57:55.769-0600] {dag.py:3036} INFO - Sync 1 DAGs
[2024-02-24T21:57:55.773-0600] {logging_mixin.py:188} INFO - [2024-02-24T21:57:55.773-0600] {dag.py:3823} INFO - Setting next_dagrun for example_sensor_decorator to None, run_after=None
[2024-02-24T21:57:55.780-0600] {processor.py:183} INFO - Processing /Users/vamseekrishna/Desktop/F1_Data_Warehouse/f1datawarehouse/lib/python3.9/site-packages/airflow/example_dags/example_sensor_decorator.py took 0.079 seconds
