[2024-02-24T18:02:53.082-0600] {processor.py:161} INFO - Started process (PID=95664) to work on /Users/vamseekrishna/Desktop/F1_Data_Warehouse/f1datawarehouse/lib/python3.9/site-packages/airflow/example_dags/example_short_circuit_decorator.py
[2024-02-24T18:02:53.083-0600] {processor.py:830} INFO - Processing file /Users/vamseekrishna/Desktop/F1_Data_Warehouse/f1datawarehouse/lib/python3.9/site-packages/airflow/example_dags/example_short_circuit_decorator.py for tasks to queue
[2024-02-24T18:02:53.083-0600] {logging_mixin.py:188} INFO - [2024-02-24T18:02:53.083-0600] {dagbag.py:538} INFO - Filling up the DagBag from /Users/vamseekrishna/Desktop/F1_Data_Warehouse/f1datawarehouse/lib/python3.9/site-packages/airflow/example_dags/example_short_circuit_decorator.py
[2024-02-24T18:02:53.100-0600] {processor.py:840} INFO - DAG(s) 'example_short_circuit_decorator' retrieved from /Users/vamseekrishna/Desktop/F1_Data_Warehouse/f1datawarehouse/lib/python3.9/site-packages/airflow/example_dags/example_short_circuit_decorator.py
[2024-02-24T18:02:53.148-0600] {logging_mixin.py:188} INFO - [2024-02-24T18:02:53.147-0600] {dag.py:3036} INFO - Sync 1 DAGs
[2024-02-24T18:02:53.156-0600] {logging_mixin.py:188} INFO - [2024-02-24T18:02:53.156-0600] {dag.py:3823} INFO - Setting next_dagrun for example_short_circuit_decorator to 2024-02-24 00:00:00+00:00, run_after=2024-02-25 00:00:00+00:00
[2024-02-24T18:02:53.164-0600] {processor.py:183} INFO - Processing /Users/vamseekrishna/Desktop/F1_Data_Warehouse/f1datawarehouse/lib/python3.9/site-packages/airflow/example_dags/example_short_circuit_decorator.py took 0.083 seconds
[2024-02-24T18:04:16.402-0600] {processor.py:161} INFO - Started process (PID=95758) to work on /Users/vamseekrishna/Desktop/F1_Data_Warehouse/f1datawarehouse/lib/python3.9/site-packages/airflow/example_dags/example_short_circuit_decorator.py
[2024-02-24T18:04:16.404-0600] {processor.py:830} INFO - Processing file /Users/vamseekrishna/Desktop/F1_Data_Warehouse/f1datawarehouse/lib/python3.9/site-packages/airflow/example_dags/example_short_circuit_decorator.py for tasks to queue
[2024-02-24T18:04:16.404-0600] {logging_mixin.py:188} INFO - [2024-02-24T18:04:16.404-0600] {dagbag.py:538} INFO - Filling up the DagBag from /Users/vamseekrishna/Desktop/F1_Data_Warehouse/f1datawarehouse/lib/python3.9/site-packages/airflow/example_dags/example_short_circuit_decorator.py
[2024-02-24T18:04:16.421-0600] {processor.py:840} INFO - DAG(s) 'example_short_circuit_decorator' retrieved from /Users/vamseekrishna/Desktop/F1_Data_Warehouse/f1datawarehouse/lib/python3.9/site-packages/airflow/example_dags/example_short_circuit_decorator.py
[2024-02-24T18:04:16.469-0600] {logging_mixin.py:188} INFO - [2024-02-24T18:04:16.469-0600] {dag.py:3036} INFO - Sync 1 DAGs
[2024-02-24T18:04:16.477-0600] {logging_mixin.py:188} INFO - [2024-02-24T18:04:16.477-0600] {dag.py:3823} INFO - Setting next_dagrun for example_short_circuit_decorator to 2024-02-24 00:00:00+00:00, run_after=2024-02-25 00:00:00+00:00
[2024-02-24T18:04:16.485-0600] {processor.py:183} INFO - Processing /Users/vamseekrishna/Desktop/F1_Data_Warehouse/f1datawarehouse/lib/python3.9/site-packages/airflow/example_dags/example_short_circuit_decorator.py took 0.084 seconds
[2024-02-24T18:06:32.962-0600] {processor.py:161} INFO - Started process (PID=95918) to work on /Users/vamseekrishna/Desktop/F1_Data_Warehouse/f1datawarehouse/lib/python3.9/site-packages/airflow/example_dags/example_short_circuit_decorator.py
[2024-02-24T18:06:32.964-0600] {processor.py:830} INFO - Processing file /Users/vamseekrishna/Desktop/F1_Data_Warehouse/f1datawarehouse/lib/python3.9/site-packages/airflow/example_dags/example_short_circuit_decorator.py for tasks to queue
[2024-02-24T18:06:32.965-0600] {logging_mixin.py:188} INFO - [2024-02-24T18:06:32.964-0600] {dagbag.py:538} INFO - Filling up the DagBag from /Users/vamseekrishna/Desktop/F1_Data_Warehouse/f1datawarehouse/lib/python3.9/site-packages/airflow/example_dags/example_short_circuit_decorator.py
[2024-02-24T18:06:32.981-0600] {processor.py:840} INFO - DAG(s) 'example_short_circuit_decorator' retrieved from /Users/vamseekrishna/Desktop/F1_Data_Warehouse/f1datawarehouse/lib/python3.9/site-packages/airflow/example_dags/example_short_circuit_decorator.py
[2024-02-24T18:06:33.027-0600] {logging_mixin.py:188} INFO - [2024-02-24T18:06:33.027-0600] {dag.py:3036} INFO - Sync 1 DAGs
[2024-02-24T18:06:33.035-0600] {logging_mixin.py:188} INFO - [2024-02-24T18:06:33.035-0600] {dag.py:3823} INFO - Setting next_dagrun for example_short_circuit_decorator to 2024-02-24 00:00:00+00:00, run_after=2024-02-25 00:00:00+00:00
[2024-02-24T18:06:33.043-0600] {processor.py:183} INFO - Processing /Users/vamseekrishna/Desktop/F1_Data_Warehouse/f1datawarehouse/lib/python3.9/site-packages/airflow/example_dags/example_short_circuit_decorator.py took 0.081 seconds
[2024-02-24T18:08:26.956-0600] {processor.py:161} INFO - Started process (PID=96018) to work on /Users/vamseekrishna/Desktop/F1_Data_Warehouse/f1datawarehouse/lib/python3.9/site-packages/airflow/example_dags/example_short_circuit_decorator.py
[2024-02-24T18:08:26.957-0600] {processor.py:830} INFO - Processing file /Users/vamseekrishna/Desktop/F1_Data_Warehouse/f1datawarehouse/lib/python3.9/site-packages/airflow/example_dags/example_short_circuit_decorator.py for tasks to queue
[2024-02-24T18:08:26.958-0600] {logging_mixin.py:188} INFO - [2024-02-24T18:08:26.958-0600] {dagbag.py:538} INFO - Filling up the DagBag from /Users/vamseekrishna/Desktop/F1_Data_Warehouse/f1datawarehouse/lib/python3.9/site-packages/airflow/example_dags/example_short_circuit_decorator.py
[2024-02-24T18:08:26.974-0600] {processor.py:840} INFO - DAG(s) 'example_short_circuit_decorator' retrieved from /Users/vamseekrishna/Desktop/F1_Data_Warehouse/f1datawarehouse/lib/python3.9/site-packages/airflow/example_dags/example_short_circuit_decorator.py
[2024-02-24T18:08:27.021-0600] {logging_mixin.py:188} INFO - [2024-02-24T18:08:27.021-0600] {dag.py:3036} INFO - Sync 1 DAGs
[2024-02-24T18:08:27.029-0600] {logging_mixin.py:188} INFO - [2024-02-24T18:08:27.029-0600] {dag.py:3823} INFO - Setting next_dagrun for example_short_circuit_decorator to 2024-02-24 00:00:00+00:00, run_after=2024-02-25 00:00:00+00:00
[2024-02-24T18:08:27.037-0600] {processor.py:183} INFO - Processing /Users/vamseekrishna/Desktop/F1_Data_Warehouse/f1datawarehouse/lib/python3.9/site-packages/airflow/example_dags/example_short_circuit_decorator.py took 0.082 seconds
[2024-02-24T18:10:22.222-0600] {processor.py:161} INFO - Started process (PID=96116) to work on /Users/vamseekrishna/Desktop/F1_Data_Warehouse/f1datawarehouse/lib/python3.9/site-packages/airflow/example_dags/example_short_circuit_decorator.py
[2024-02-24T18:10:22.224-0600] {processor.py:830} INFO - Processing file /Users/vamseekrishna/Desktop/F1_Data_Warehouse/f1datawarehouse/lib/python3.9/site-packages/airflow/example_dags/example_short_circuit_decorator.py for tasks to queue
[2024-02-24T18:10:22.224-0600] {logging_mixin.py:188} INFO - [2024-02-24T18:10:22.224-0600] {dagbag.py:538} INFO - Filling up the DagBag from /Users/vamseekrishna/Desktop/F1_Data_Warehouse/f1datawarehouse/lib/python3.9/site-packages/airflow/example_dags/example_short_circuit_decorator.py
[2024-02-24T18:10:22.241-0600] {processor.py:840} INFO - DAG(s) 'example_short_circuit_decorator' retrieved from /Users/vamseekrishna/Desktop/F1_Data_Warehouse/f1datawarehouse/lib/python3.9/site-packages/airflow/example_dags/example_short_circuit_decorator.py
[2024-02-24T18:10:22.287-0600] {logging_mixin.py:188} INFO - [2024-02-24T18:10:22.287-0600] {dag.py:3036} INFO - Sync 1 DAGs
[2024-02-24T18:10:22.296-0600] {logging_mixin.py:188} INFO - [2024-02-24T18:10:22.295-0600] {dag.py:3823} INFO - Setting next_dagrun for example_short_circuit_decorator to 2024-02-24 00:00:00+00:00, run_after=2024-02-25 00:00:00+00:00
[2024-02-24T18:10:22.303-0600] {processor.py:183} INFO - Processing /Users/vamseekrishna/Desktop/F1_Data_Warehouse/f1datawarehouse/lib/python3.9/site-packages/airflow/example_dags/example_short_circuit_decorator.py took 0.082 seconds
[2024-02-24T18:12:22.708-0600] {processor.py:161} INFO - Started process (PID=96218) to work on /Users/vamseekrishna/Desktop/F1_Data_Warehouse/f1datawarehouse/lib/python3.9/site-packages/airflow/example_dags/example_short_circuit_decorator.py
[2024-02-24T18:12:22.710-0600] {processor.py:830} INFO - Processing file /Users/vamseekrishna/Desktop/F1_Data_Warehouse/f1datawarehouse/lib/python3.9/site-packages/airflow/example_dags/example_short_circuit_decorator.py for tasks to queue
[2024-02-24T18:12:22.710-0600] {logging_mixin.py:188} INFO - [2024-02-24T18:12:22.710-0600] {dagbag.py:538} INFO - Filling up the DagBag from /Users/vamseekrishna/Desktop/F1_Data_Warehouse/f1datawarehouse/lib/python3.9/site-packages/airflow/example_dags/example_short_circuit_decorator.py
[2024-02-24T18:12:22.726-0600] {processor.py:840} INFO - DAG(s) 'example_short_circuit_decorator' retrieved from /Users/vamseekrishna/Desktop/F1_Data_Warehouse/f1datawarehouse/lib/python3.9/site-packages/airflow/example_dags/example_short_circuit_decorator.py
[2024-02-24T18:12:22.774-0600] {logging_mixin.py:188} INFO - [2024-02-24T18:12:22.773-0600] {dag.py:3036} INFO - Sync 1 DAGs
[2024-02-24T18:12:22.782-0600] {logging_mixin.py:188} INFO - [2024-02-24T18:12:22.782-0600] {dag.py:3823} INFO - Setting next_dagrun for example_short_circuit_decorator to 2024-02-24 00:00:00+00:00, run_after=2024-02-25 00:00:00+00:00
[2024-02-24T18:12:22.790-0600] {processor.py:183} INFO - Processing /Users/vamseekrishna/Desktop/F1_Data_Warehouse/f1datawarehouse/lib/python3.9/site-packages/airflow/example_dags/example_short_circuit_decorator.py took 0.083 seconds
[2024-02-24T18:14:20.866-0600] {processor.py:161} INFO - Started process (PID=96307) to work on /Users/vamseekrishna/Desktop/F1_Data_Warehouse/f1datawarehouse/lib/python3.9/site-packages/airflow/example_dags/example_short_circuit_decorator.py
[2024-02-24T18:14:20.868-0600] {processor.py:830} INFO - Processing file /Users/vamseekrishna/Desktop/F1_Data_Warehouse/f1datawarehouse/lib/python3.9/site-packages/airflow/example_dags/example_short_circuit_decorator.py for tasks to queue
[2024-02-24T18:14:20.868-0600] {logging_mixin.py:188} INFO - [2024-02-24T18:14:20.868-0600] {dagbag.py:538} INFO - Filling up the DagBag from /Users/vamseekrishna/Desktop/F1_Data_Warehouse/f1datawarehouse/lib/python3.9/site-packages/airflow/example_dags/example_short_circuit_decorator.py
[2024-02-24T18:14:20.885-0600] {processor.py:840} INFO - DAG(s) 'example_short_circuit_decorator' retrieved from /Users/vamseekrishna/Desktop/F1_Data_Warehouse/f1datawarehouse/lib/python3.9/site-packages/airflow/example_dags/example_short_circuit_decorator.py
[2024-02-24T18:14:20.932-0600] {logging_mixin.py:188} INFO - [2024-02-24T18:14:20.932-0600] {dag.py:3036} INFO - Sync 1 DAGs
[2024-02-24T18:14:20.940-0600] {logging_mixin.py:188} INFO - [2024-02-24T18:14:20.940-0600] {dag.py:3823} INFO - Setting next_dagrun for example_short_circuit_decorator to 2024-02-24 00:00:00+00:00, run_after=2024-02-25 00:00:00+00:00
[2024-02-24T18:14:20.949-0600] {processor.py:183} INFO - Processing /Users/vamseekrishna/Desktop/F1_Data_Warehouse/f1datawarehouse/lib/python3.9/site-packages/airflow/example_dags/example_short_circuit_decorator.py took 0.084 seconds
[2024-02-24T18:16:16.266-0600] {processor.py:161} INFO - Started process (PID=96414) to work on /Users/vamseekrishna/Desktop/F1_Data_Warehouse/f1datawarehouse/lib/python3.9/site-packages/airflow/example_dags/example_short_circuit_decorator.py
[2024-02-24T18:16:16.267-0600] {processor.py:830} INFO - Processing file /Users/vamseekrishna/Desktop/F1_Data_Warehouse/f1datawarehouse/lib/python3.9/site-packages/airflow/example_dags/example_short_circuit_decorator.py for tasks to queue
[2024-02-24T18:16:16.268-0600] {logging_mixin.py:188} INFO - [2024-02-24T18:16:16.268-0600] {dagbag.py:538} INFO - Filling up the DagBag from /Users/vamseekrishna/Desktop/F1_Data_Warehouse/f1datawarehouse/lib/python3.9/site-packages/airflow/example_dags/example_short_circuit_decorator.py
[2024-02-24T18:16:16.284-0600] {processor.py:840} INFO - DAG(s) 'example_short_circuit_decorator' retrieved from /Users/vamseekrishna/Desktop/F1_Data_Warehouse/f1datawarehouse/lib/python3.9/site-packages/airflow/example_dags/example_short_circuit_decorator.py
[2024-02-24T18:16:16.332-0600] {logging_mixin.py:188} INFO - [2024-02-24T18:16:16.332-0600] {dag.py:3036} INFO - Sync 1 DAGs
[2024-02-24T18:16:16.341-0600] {logging_mixin.py:188} INFO - [2024-02-24T18:16:16.341-0600] {dag.py:3823} INFO - Setting next_dagrun for example_short_circuit_decorator to 2024-02-24 00:00:00+00:00, run_after=2024-02-25 00:00:00+00:00
[2024-02-24T18:16:16.349-0600] {processor.py:183} INFO - Processing /Users/vamseekrishna/Desktop/F1_Data_Warehouse/f1datawarehouse/lib/python3.9/site-packages/airflow/example_dags/example_short_circuit_decorator.py took 0.084 seconds
[2024-02-24T18:18:23.043-0600] {processor.py:161} INFO - Started process (PID=96521) to work on /Users/vamseekrishna/Desktop/F1_Data_Warehouse/f1datawarehouse/lib/python3.9/site-packages/airflow/example_dags/example_short_circuit_decorator.py
[2024-02-24T18:18:23.045-0600] {processor.py:830} INFO - Processing file /Users/vamseekrishna/Desktop/F1_Data_Warehouse/f1datawarehouse/lib/python3.9/site-packages/airflow/example_dags/example_short_circuit_decorator.py for tasks to queue
[2024-02-24T18:18:23.045-0600] {logging_mixin.py:188} INFO - [2024-02-24T18:18:23.045-0600] {dagbag.py:538} INFO - Filling up the DagBag from /Users/vamseekrishna/Desktop/F1_Data_Warehouse/f1datawarehouse/lib/python3.9/site-packages/airflow/example_dags/example_short_circuit_decorator.py
[2024-02-24T18:18:23.062-0600] {processor.py:840} INFO - DAG(s) 'example_short_circuit_decorator' retrieved from /Users/vamseekrishna/Desktop/F1_Data_Warehouse/f1datawarehouse/lib/python3.9/site-packages/airflow/example_dags/example_short_circuit_decorator.py
[2024-02-24T18:18:23.109-0600] {logging_mixin.py:188} INFO - [2024-02-24T18:18:23.109-0600] {dag.py:3036} INFO - Sync 1 DAGs
[2024-02-24T18:18:23.118-0600] {logging_mixin.py:188} INFO - [2024-02-24T18:18:23.118-0600] {dag.py:3823} INFO - Setting next_dagrun for example_short_circuit_decorator to 2024-02-24 00:00:00+00:00, run_after=2024-02-25 00:00:00+00:00
[2024-02-24T18:18:23.126-0600] {processor.py:183} INFO - Processing /Users/vamseekrishna/Desktop/F1_Data_Warehouse/f1datawarehouse/lib/python3.9/site-packages/airflow/example_dags/example_short_circuit_decorator.py took 0.084 seconds
[2024-02-24T18:20:18.281-0600] {processor.py:161} INFO - Started process (PID=96619) to work on /Users/vamseekrishna/Desktop/F1_Data_Warehouse/f1datawarehouse/lib/python3.9/site-packages/airflow/example_dags/example_short_circuit_decorator.py
[2024-02-24T18:20:18.283-0600] {processor.py:830} INFO - Processing file /Users/vamseekrishna/Desktop/F1_Data_Warehouse/f1datawarehouse/lib/python3.9/site-packages/airflow/example_dags/example_short_circuit_decorator.py for tasks to queue
[2024-02-24T18:20:18.284-0600] {logging_mixin.py:188} INFO - [2024-02-24T18:20:18.284-0600] {dagbag.py:538} INFO - Filling up the DagBag from /Users/vamseekrishna/Desktop/F1_Data_Warehouse/f1datawarehouse/lib/python3.9/site-packages/airflow/example_dags/example_short_circuit_decorator.py
[2024-02-24T18:20:18.301-0600] {processor.py:840} INFO - DAG(s) 'example_short_circuit_decorator' retrieved from /Users/vamseekrishna/Desktop/F1_Data_Warehouse/f1datawarehouse/lib/python3.9/site-packages/airflow/example_dags/example_short_circuit_decorator.py
[2024-02-24T18:20:18.349-0600] {logging_mixin.py:188} INFO - [2024-02-24T18:20:18.349-0600] {dag.py:3036} INFO - Sync 1 DAGs
[2024-02-24T18:20:18.358-0600] {logging_mixin.py:188} INFO - [2024-02-24T18:20:18.358-0600] {dag.py:3823} INFO - Setting next_dagrun for example_short_circuit_decorator to 2024-02-24 00:00:00+00:00, run_after=2024-02-25 00:00:00+00:00
[2024-02-24T18:20:18.366-0600] {processor.py:183} INFO - Processing /Users/vamseekrishna/Desktop/F1_Data_Warehouse/f1datawarehouse/lib/python3.9/site-packages/airflow/example_dags/example_short_circuit_decorator.py took 0.085 seconds
[2024-02-24T18:22:23.786-0600] {processor.py:161} INFO - Started process (PID=96719) to work on /Users/vamseekrishna/Desktop/F1_Data_Warehouse/f1datawarehouse/lib/python3.9/site-packages/airflow/example_dags/example_short_circuit_decorator.py
[2024-02-24T18:22:23.788-0600] {processor.py:830} INFO - Processing file /Users/vamseekrishna/Desktop/F1_Data_Warehouse/f1datawarehouse/lib/python3.9/site-packages/airflow/example_dags/example_short_circuit_decorator.py for tasks to queue
[2024-02-24T18:22:23.789-0600] {logging_mixin.py:188} INFO - [2024-02-24T18:22:23.788-0600] {dagbag.py:538} INFO - Filling up the DagBag from /Users/vamseekrishna/Desktop/F1_Data_Warehouse/f1datawarehouse/lib/python3.9/site-packages/airflow/example_dags/example_short_circuit_decorator.py
[2024-02-24T18:22:23.805-0600] {processor.py:840} INFO - DAG(s) 'example_short_circuit_decorator' retrieved from /Users/vamseekrishna/Desktop/F1_Data_Warehouse/f1datawarehouse/lib/python3.9/site-packages/airflow/example_dags/example_short_circuit_decorator.py
[2024-02-24T18:22:23.853-0600] {logging_mixin.py:188} INFO - [2024-02-24T18:22:23.853-0600] {dag.py:3036} INFO - Sync 1 DAGs
[2024-02-24T18:22:23.862-0600] {logging_mixin.py:188} INFO - [2024-02-24T18:22:23.862-0600] {dag.py:3823} INFO - Setting next_dagrun for example_short_circuit_decorator to 2024-02-24 00:00:00+00:00, run_after=2024-02-25 00:00:00+00:00
[2024-02-24T18:22:23.870-0600] {processor.py:183} INFO - Processing /Users/vamseekrishna/Desktop/F1_Data_Warehouse/f1datawarehouse/lib/python3.9/site-packages/airflow/example_dags/example_short_circuit_decorator.py took 0.085 seconds
[2024-02-24T18:24:27.053-0600] {processor.py:161} INFO - Started process (PID=96830) to work on /Users/vamseekrishna/Desktop/F1_Data_Warehouse/f1datawarehouse/lib/python3.9/site-packages/airflow/example_dags/example_short_circuit_decorator.py
[2024-02-24T18:24:27.055-0600] {processor.py:830} INFO - Processing file /Users/vamseekrishna/Desktop/F1_Data_Warehouse/f1datawarehouse/lib/python3.9/site-packages/airflow/example_dags/example_short_circuit_decorator.py for tasks to queue
[2024-02-24T18:24:27.056-0600] {logging_mixin.py:188} INFO - [2024-02-24T18:24:27.056-0600] {dagbag.py:538} INFO - Filling up the DagBag from /Users/vamseekrishna/Desktop/F1_Data_Warehouse/f1datawarehouse/lib/python3.9/site-packages/airflow/example_dags/example_short_circuit_decorator.py
[2024-02-24T18:24:27.072-0600] {processor.py:840} INFO - DAG(s) 'example_short_circuit_decorator' retrieved from /Users/vamseekrishna/Desktop/F1_Data_Warehouse/f1datawarehouse/lib/python3.9/site-packages/airflow/example_dags/example_short_circuit_decorator.py
[2024-02-24T18:24:27.120-0600] {logging_mixin.py:188} INFO - [2024-02-24T18:24:27.120-0600] {dag.py:3036} INFO - Sync 1 DAGs
[2024-02-24T18:24:27.129-0600] {logging_mixin.py:188} INFO - [2024-02-24T18:24:27.129-0600] {dag.py:3823} INFO - Setting next_dagrun for example_short_circuit_decorator to 2024-02-24 00:00:00+00:00, run_after=2024-02-25 00:00:00+00:00
[2024-02-24T18:24:27.137-0600] {processor.py:183} INFO - Processing /Users/vamseekrishna/Desktop/F1_Data_Warehouse/f1datawarehouse/lib/python3.9/site-packages/airflow/example_dags/example_short_circuit_decorator.py took 0.085 seconds
[2024-02-24T18:26:26.148-0600] {processor.py:161} INFO - Started process (PID=96915) to work on /Users/vamseekrishna/Desktop/F1_Data_Warehouse/f1datawarehouse/lib/python3.9/site-packages/airflow/example_dags/example_short_circuit_decorator.py
[2024-02-24T18:26:26.150-0600] {processor.py:830} INFO - Processing file /Users/vamseekrishna/Desktop/F1_Data_Warehouse/f1datawarehouse/lib/python3.9/site-packages/airflow/example_dags/example_short_circuit_decorator.py for tasks to queue
[2024-02-24T18:26:26.151-0600] {logging_mixin.py:188} INFO - [2024-02-24T18:26:26.151-0600] {dagbag.py:538} INFO - Filling up the DagBag from /Users/vamseekrishna/Desktop/F1_Data_Warehouse/f1datawarehouse/lib/python3.9/site-packages/airflow/example_dags/example_short_circuit_decorator.py
[2024-02-24T18:26:26.167-0600] {processor.py:840} INFO - DAG(s) 'example_short_circuit_decorator' retrieved from /Users/vamseekrishna/Desktop/F1_Data_Warehouse/f1datawarehouse/lib/python3.9/site-packages/airflow/example_dags/example_short_circuit_decorator.py
[2024-02-24T18:26:26.215-0600] {logging_mixin.py:188} INFO - [2024-02-24T18:26:26.215-0600] {dag.py:3036} INFO - Sync 1 DAGs
[2024-02-24T18:26:26.224-0600] {logging_mixin.py:188} INFO - [2024-02-24T18:26:26.224-0600] {dag.py:3823} INFO - Setting next_dagrun for example_short_circuit_decorator to 2024-02-24 00:00:00+00:00, run_after=2024-02-25 00:00:00+00:00
[2024-02-24T18:26:26.232-0600] {processor.py:183} INFO - Processing /Users/vamseekrishna/Desktop/F1_Data_Warehouse/f1datawarehouse/lib/python3.9/site-packages/airflow/example_dags/example_short_circuit_decorator.py took 0.084 seconds
[2024-02-24T18:28:27.500-0600] {processor.py:161} INFO - Started process (PID=97012) to work on /Users/vamseekrishna/Desktop/F1_Data_Warehouse/f1datawarehouse/lib/python3.9/site-packages/airflow/example_dags/example_short_circuit_decorator.py
[2024-02-24T18:28:27.502-0600] {processor.py:830} INFO - Processing file /Users/vamseekrishna/Desktop/F1_Data_Warehouse/f1datawarehouse/lib/python3.9/site-packages/airflow/example_dags/example_short_circuit_decorator.py for tasks to queue
[2024-02-24T18:28:27.502-0600] {logging_mixin.py:188} INFO - [2024-02-24T18:28:27.502-0600] {dagbag.py:538} INFO - Filling up the DagBag from /Users/vamseekrishna/Desktop/F1_Data_Warehouse/f1datawarehouse/lib/python3.9/site-packages/airflow/example_dags/example_short_circuit_decorator.py
[2024-02-24T18:28:27.519-0600] {processor.py:840} INFO - DAG(s) 'example_short_circuit_decorator' retrieved from /Users/vamseekrishna/Desktop/F1_Data_Warehouse/f1datawarehouse/lib/python3.9/site-packages/airflow/example_dags/example_short_circuit_decorator.py
[2024-02-24T18:28:27.567-0600] {logging_mixin.py:188} INFO - [2024-02-24T18:28:27.567-0600] {dag.py:3036} INFO - Sync 1 DAGs
[2024-02-24T18:28:27.575-0600] {logging_mixin.py:188} INFO - [2024-02-24T18:28:27.575-0600] {dag.py:3823} INFO - Setting next_dagrun for example_short_circuit_decorator to 2024-02-24 00:00:00+00:00, run_after=2024-02-25 00:00:00+00:00
[2024-02-24T18:28:27.584-0600] {processor.py:183} INFO - Processing /Users/vamseekrishna/Desktop/F1_Data_Warehouse/f1datawarehouse/lib/python3.9/site-packages/airflow/example_dags/example_short_circuit_decorator.py took 0.085 seconds
[2024-02-24T18:30:31.789-0600] {processor.py:161} INFO - Started process (PID=97133) to work on /Users/vamseekrishna/Desktop/F1_Data_Warehouse/f1datawarehouse/lib/python3.9/site-packages/airflow/example_dags/example_short_circuit_decorator.py
[2024-02-24T18:30:31.791-0600] {processor.py:830} INFO - Processing file /Users/vamseekrishna/Desktop/F1_Data_Warehouse/f1datawarehouse/lib/python3.9/site-packages/airflow/example_dags/example_short_circuit_decorator.py for tasks to queue
[2024-02-24T18:30:31.791-0600] {logging_mixin.py:188} INFO - [2024-02-24T18:30:31.791-0600] {dagbag.py:538} INFO - Filling up the DagBag from /Users/vamseekrishna/Desktop/F1_Data_Warehouse/f1datawarehouse/lib/python3.9/site-packages/airflow/example_dags/example_short_circuit_decorator.py
[2024-02-24T18:30:31.808-0600] {processor.py:840} INFO - DAG(s) 'example_short_circuit_decorator' retrieved from /Users/vamseekrishna/Desktop/F1_Data_Warehouse/f1datawarehouse/lib/python3.9/site-packages/airflow/example_dags/example_short_circuit_decorator.py
[2024-02-24T18:30:31.857-0600] {logging_mixin.py:188} INFO - [2024-02-24T18:30:31.857-0600] {dag.py:3036} INFO - Sync 1 DAGs
[2024-02-24T18:30:31.865-0600] {logging_mixin.py:188} INFO - [2024-02-24T18:30:31.865-0600] {dag.py:3823} INFO - Setting next_dagrun for example_short_circuit_decorator to 2024-02-24 00:00:00+00:00, run_after=2024-02-25 00:00:00+00:00
[2024-02-24T18:30:31.874-0600] {processor.py:183} INFO - Processing /Users/vamseekrishna/Desktop/F1_Data_Warehouse/f1datawarehouse/lib/python3.9/site-packages/airflow/example_dags/example_short_circuit_decorator.py took 0.086 seconds
[2024-02-24T18:32:26.694-0600] {processor.py:161} INFO - Started process (PID=97237) to work on /Users/vamseekrishna/Desktop/F1_Data_Warehouse/f1datawarehouse/lib/python3.9/site-packages/airflow/example_dags/example_short_circuit_decorator.py
[2024-02-24T18:32:26.696-0600] {processor.py:830} INFO - Processing file /Users/vamseekrishna/Desktop/F1_Data_Warehouse/f1datawarehouse/lib/python3.9/site-packages/airflow/example_dags/example_short_circuit_decorator.py for tasks to queue
[2024-02-24T18:32:26.696-0600] {logging_mixin.py:188} INFO - [2024-02-24T18:32:26.696-0600] {dagbag.py:538} INFO - Filling up the DagBag from /Users/vamseekrishna/Desktop/F1_Data_Warehouse/f1datawarehouse/lib/python3.9/site-packages/airflow/example_dags/example_short_circuit_decorator.py
[2024-02-24T18:32:26.713-0600] {processor.py:840} INFO - DAG(s) 'example_short_circuit_decorator' retrieved from /Users/vamseekrishna/Desktop/F1_Data_Warehouse/f1datawarehouse/lib/python3.9/site-packages/airflow/example_dags/example_short_circuit_decorator.py
[2024-02-24T18:32:26.762-0600] {logging_mixin.py:188} INFO - [2024-02-24T18:32:26.761-0600] {dag.py:3036} INFO - Sync 1 DAGs
[2024-02-24T18:32:26.770-0600] {logging_mixin.py:188} INFO - [2024-02-24T18:32:26.770-0600] {dag.py:3823} INFO - Setting next_dagrun for example_short_circuit_decorator to 2024-02-24 00:00:00+00:00, run_after=2024-02-25 00:00:00+00:00
[2024-02-24T18:32:26.780-0600] {processor.py:183} INFO - Processing /Users/vamseekrishna/Desktop/F1_Data_Warehouse/f1datawarehouse/lib/python3.9/site-packages/airflow/example_dags/example_short_circuit_decorator.py took 0.087 seconds
[2024-02-24T18:34:26.691-0600] {processor.py:161} INFO - Started process (PID=97340) to work on /Users/vamseekrishna/Desktop/F1_Data_Warehouse/f1datawarehouse/lib/python3.9/site-packages/airflow/example_dags/example_short_circuit_decorator.py
[2024-02-24T18:34:26.693-0600] {processor.py:830} INFO - Processing file /Users/vamseekrishna/Desktop/F1_Data_Warehouse/f1datawarehouse/lib/python3.9/site-packages/airflow/example_dags/example_short_circuit_decorator.py for tasks to queue
[2024-02-24T18:34:26.694-0600] {logging_mixin.py:188} INFO - [2024-02-24T18:34:26.693-0600] {dagbag.py:538} INFO - Filling up the DagBag from /Users/vamseekrishna/Desktop/F1_Data_Warehouse/f1datawarehouse/lib/python3.9/site-packages/airflow/example_dags/example_short_circuit_decorator.py
[2024-02-24T18:34:26.710-0600] {processor.py:840} INFO - DAG(s) 'example_short_circuit_decorator' retrieved from /Users/vamseekrishna/Desktop/F1_Data_Warehouse/f1datawarehouse/lib/python3.9/site-packages/airflow/example_dags/example_short_circuit_decorator.py
[2024-02-24T18:34:26.759-0600] {logging_mixin.py:188} INFO - [2024-02-24T18:34:26.759-0600] {dag.py:3036} INFO - Sync 1 DAGs
[2024-02-24T18:34:26.768-0600] {logging_mixin.py:188} INFO - [2024-02-24T18:34:26.767-0600] {dag.py:3823} INFO - Setting next_dagrun for example_short_circuit_decorator to 2024-02-24 00:00:00+00:00, run_after=2024-02-25 00:00:00+00:00
[2024-02-24T18:34:26.776-0600] {processor.py:183} INFO - Processing /Users/vamseekrishna/Desktop/F1_Data_Warehouse/f1datawarehouse/lib/python3.9/site-packages/airflow/example_dags/example_short_circuit_decorator.py took 0.086 seconds
[2024-02-24T18:36:25.683-0600] {processor.py:161} INFO - Started process (PID=97428) to work on /Users/vamseekrishna/Desktop/F1_Data_Warehouse/f1datawarehouse/lib/python3.9/site-packages/airflow/example_dags/example_short_circuit_decorator.py
[2024-02-24T18:36:25.685-0600] {processor.py:830} INFO - Processing file /Users/vamseekrishna/Desktop/F1_Data_Warehouse/f1datawarehouse/lib/python3.9/site-packages/airflow/example_dags/example_short_circuit_decorator.py for tasks to queue
[2024-02-24T18:36:25.686-0600] {logging_mixin.py:188} INFO - [2024-02-24T18:36:25.686-0600] {dagbag.py:538} INFO - Filling up the DagBag from /Users/vamseekrishna/Desktop/F1_Data_Warehouse/f1datawarehouse/lib/python3.9/site-packages/airflow/example_dags/example_short_circuit_decorator.py
[2024-02-24T18:36:25.703-0600] {processor.py:840} INFO - DAG(s) 'example_short_circuit_decorator' retrieved from /Users/vamseekrishna/Desktop/F1_Data_Warehouse/f1datawarehouse/lib/python3.9/site-packages/airflow/example_dags/example_short_circuit_decorator.py
[2024-02-24T18:36:25.750-0600] {logging_mixin.py:188} INFO - [2024-02-24T18:36:25.750-0600] {dag.py:3036} INFO - Sync 1 DAGs
[2024-02-24T18:36:25.758-0600] {logging_mixin.py:188} INFO - [2024-02-24T18:36:25.758-0600] {dag.py:3823} INFO - Setting next_dagrun for example_short_circuit_decorator to 2024-02-24 00:00:00+00:00, run_after=2024-02-25 00:00:00+00:00
[2024-02-24T18:36:25.767-0600] {processor.py:183} INFO - Processing /Users/vamseekrishna/Desktop/F1_Data_Warehouse/f1datawarehouse/lib/python3.9/site-packages/airflow/example_dags/example_short_circuit_decorator.py took 0.084 seconds
[2024-02-24T18:38:28.231-0600] {processor.py:161} INFO - Started process (PID=97546) to work on /Users/vamseekrishna/Desktop/F1_Data_Warehouse/f1datawarehouse/lib/python3.9/site-packages/airflow/example_dags/example_short_circuit_decorator.py
[2024-02-24T18:38:28.233-0600] {processor.py:830} INFO - Processing file /Users/vamseekrishna/Desktop/F1_Data_Warehouse/f1datawarehouse/lib/python3.9/site-packages/airflow/example_dags/example_short_circuit_decorator.py for tasks to queue
[2024-02-24T18:38:28.234-0600] {logging_mixin.py:188} INFO - [2024-02-24T18:38:28.234-0600] {dagbag.py:538} INFO - Filling up the DagBag from /Users/vamseekrishna/Desktop/F1_Data_Warehouse/f1datawarehouse/lib/python3.9/site-packages/airflow/example_dags/example_short_circuit_decorator.py
[2024-02-24T18:38:28.251-0600] {processor.py:840} INFO - DAG(s) 'example_short_circuit_decorator' retrieved from /Users/vamseekrishna/Desktop/F1_Data_Warehouse/f1datawarehouse/lib/python3.9/site-packages/airflow/example_dags/example_short_circuit_decorator.py
[2024-02-24T18:38:28.299-0600] {logging_mixin.py:188} INFO - [2024-02-24T18:38:28.299-0600] {dag.py:3036} INFO - Sync 1 DAGs
[2024-02-24T18:38:28.308-0600] {logging_mixin.py:188} INFO - [2024-02-24T18:38:28.308-0600] {dag.py:3823} INFO - Setting next_dagrun for example_short_circuit_decorator to 2024-02-24 00:00:00+00:00, run_after=2024-02-25 00:00:00+00:00
[2024-02-24T18:38:28.316-0600] {processor.py:183} INFO - Processing /Users/vamseekrishna/Desktop/F1_Data_Warehouse/f1datawarehouse/lib/python3.9/site-packages/airflow/example_dags/example_short_circuit_decorator.py took 0.085 seconds
[2024-02-24T18:40:31.358-0600] {processor.py:161} INFO - Started process (PID=97642) to work on /Users/vamseekrishna/Desktop/F1_Data_Warehouse/f1datawarehouse/lib/python3.9/site-packages/airflow/example_dags/example_short_circuit_decorator.py
[2024-02-24T18:40:31.360-0600] {processor.py:830} INFO - Processing file /Users/vamseekrishna/Desktop/F1_Data_Warehouse/f1datawarehouse/lib/python3.9/site-packages/airflow/example_dags/example_short_circuit_decorator.py for tasks to queue
[2024-02-24T18:40:31.361-0600] {logging_mixin.py:188} INFO - [2024-02-24T18:40:31.361-0600] {dagbag.py:538} INFO - Filling up the DagBag from /Users/vamseekrishna/Desktop/F1_Data_Warehouse/f1datawarehouse/lib/python3.9/site-packages/airflow/example_dags/example_short_circuit_decorator.py
[2024-02-24T18:40:31.377-0600] {processor.py:840} INFO - DAG(s) 'example_short_circuit_decorator' retrieved from /Users/vamseekrishna/Desktop/F1_Data_Warehouse/f1datawarehouse/lib/python3.9/site-packages/airflow/example_dags/example_short_circuit_decorator.py
[2024-02-24T18:40:31.427-0600] {logging_mixin.py:188} INFO - [2024-02-24T18:40:31.427-0600] {dag.py:3036} INFO - Sync 1 DAGs
[2024-02-24T18:40:31.436-0600] {logging_mixin.py:188} INFO - [2024-02-24T18:40:31.436-0600] {dag.py:3823} INFO - Setting next_dagrun for example_short_circuit_decorator to 2024-02-24 00:00:00+00:00, run_after=2024-02-25 00:00:00+00:00
[2024-02-24T18:40:31.446-0600] {processor.py:183} INFO - Processing /Users/vamseekrishna/Desktop/F1_Data_Warehouse/f1datawarehouse/lib/python3.9/site-packages/airflow/example_dags/example_short_circuit_decorator.py took 0.088 seconds
[2024-02-24T18:42:27.101-0600] {processor.py:161} INFO - Started process (PID=97729) to work on /Users/vamseekrishna/Desktop/F1_Data_Warehouse/f1datawarehouse/lib/python3.9/site-packages/airflow/example_dags/example_short_circuit_decorator.py
[2024-02-24T18:42:27.103-0600] {processor.py:830} INFO - Processing file /Users/vamseekrishna/Desktop/F1_Data_Warehouse/f1datawarehouse/lib/python3.9/site-packages/airflow/example_dags/example_short_circuit_decorator.py for tasks to queue
[2024-02-24T18:42:27.104-0600] {logging_mixin.py:188} INFO - [2024-02-24T18:42:27.103-0600] {dagbag.py:538} INFO - Filling up the DagBag from /Users/vamseekrishna/Desktop/F1_Data_Warehouse/f1datawarehouse/lib/python3.9/site-packages/airflow/example_dags/example_short_circuit_decorator.py
[2024-02-24T18:42:27.121-0600] {processor.py:840} INFO - DAG(s) 'example_short_circuit_decorator' retrieved from /Users/vamseekrishna/Desktop/F1_Data_Warehouse/f1datawarehouse/lib/python3.9/site-packages/airflow/example_dags/example_short_circuit_decorator.py
[2024-02-24T18:42:27.169-0600] {logging_mixin.py:188} INFO - [2024-02-24T18:42:27.169-0600] {dag.py:3036} INFO - Sync 1 DAGs
[2024-02-24T18:42:27.177-0600] {logging_mixin.py:188} INFO - [2024-02-24T18:42:27.177-0600] {dag.py:3823} INFO - Setting next_dagrun for example_short_circuit_decorator to 2024-02-24 00:00:00+00:00, run_after=2024-02-25 00:00:00+00:00
[2024-02-24T18:42:27.185-0600] {processor.py:183} INFO - Processing /Users/vamseekrishna/Desktop/F1_Data_Warehouse/f1datawarehouse/lib/python3.9/site-packages/airflow/example_dags/example_short_circuit_decorator.py took 0.086 seconds
[2024-02-24T18:44:29.538-0600] {processor.py:161} INFO - Started process (PID=97842) to work on /Users/vamseekrishna/Desktop/F1_Data_Warehouse/f1datawarehouse/lib/python3.9/site-packages/airflow/example_dags/example_short_circuit_decorator.py
[2024-02-24T18:44:29.540-0600] {processor.py:830} INFO - Processing file /Users/vamseekrishna/Desktop/F1_Data_Warehouse/f1datawarehouse/lib/python3.9/site-packages/airflow/example_dags/example_short_circuit_decorator.py for tasks to queue
[2024-02-24T18:44:29.540-0600] {logging_mixin.py:188} INFO - [2024-02-24T18:44:29.540-0600] {dagbag.py:538} INFO - Filling up the DagBag from /Users/vamseekrishna/Desktop/F1_Data_Warehouse/f1datawarehouse/lib/python3.9/site-packages/airflow/example_dags/example_short_circuit_decorator.py
[2024-02-24T18:44:29.556-0600] {processor.py:840} INFO - DAG(s) 'example_short_circuit_decorator' retrieved from /Users/vamseekrishna/Desktop/F1_Data_Warehouse/f1datawarehouse/lib/python3.9/site-packages/airflow/example_dags/example_short_circuit_decorator.py
[2024-02-24T18:44:29.603-0600] {logging_mixin.py:188} INFO - [2024-02-24T18:44:29.603-0600] {dag.py:3036} INFO - Sync 1 DAGs
[2024-02-24T18:44:29.612-0600] {logging_mixin.py:188} INFO - [2024-02-24T18:44:29.612-0600] {dag.py:3823} INFO - Setting next_dagrun for example_short_circuit_decorator to 2024-02-24 00:00:00+00:00, run_after=2024-02-25 00:00:00+00:00
[2024-02-24T18:44:29.620-0600] {processor.py:183} INFO - Processing /Users/vamseekrishna/Desktop/F1_Data_Warehouse/f1datawarehouse/lib/python3.9/site-packages/airflow/example_dags/example_short_circuit_decorator.py took 0.083 seconds
[2024-02-24T18:46:33.957-0600] {processor.py:161} INFO - Started process (PID=97951) to work on /Users/vamseekrishna/Desktop/F1_Data_Warehouse/f1datawarehouse/lib/python3.9/site-packages/airflow/example_dags/example_short_circuit_decorator.py
[2024-02-24T18:46:33.958-0600] {processor.py:830} INFO - Processing file /Users/vamseekrishna/Desktop/F1_Data_Warehouse/f1datawarehouse/lib/python3.9/site-packages/airflow/example_dags/example_short_circuit_decorator.py for tasks to queue
[2024-02-24T18:46:33.959-0600] {logging_mixin.py:188} INFO - [2024-02-24T18:46:33.959-0600] {dagbag.py:538} INFO - Filling up the DagBag from /Users/vamseekrishna/Desktop/F1_Data_Warehouse/f1datawarehouse/lib/python3.9/site-packages/airflow/example_dags/example_short_circuit_decorator.py
[2024-02-24T18:46:33.976-0600] {processor.py:840} INFO - DAG(s) 'example_short_circuit_decorator' retrieved from /Users/vamseekrishna/Desktop/F1_Data_Warehouse/f1datawarehouse/lib/python3.9/site-packages/airflow/example_dags/example_short_circuit_decorator.py
[2024-02-24T18:46:34.026-0600] {logging_mixin.py:188} INFO - [2024-02-24T18:46:34.026-0600] {dag.py:3036} INFO - Sync 1 DAGs
[2024-02-24T18:46:34.035-0600] {logging_mixin.py:188} INFO - [2024-02-24T18:46:34.035-0600] {dag.py:3823} INFO - Setting next_dagrun for example_short_circuit_decorator to 2024-02-24 00:00:00+00:00, run_after=2024-02-25 00:00:00+00:00
[2024-02-24T18:46:34.043-0600] {processor.py:183} INFO - Processing /Users/vamseekrishna/Desktop/F1_Data_Warehouse/f1datawarehouse/lib/python3.9/site-packages/airflow/example_dags/example_short_circuit_decorator.py took 0.087 seconds
[2024-02-24T18:48:32.237-0600] {processor.py:161} INFO - Started process (PID=98039) to work on /Users/vamseekrishna/Desktop/F1_Data_Warehouse/f1datawarehouse/lib/python3.9/site-packages/airflow/example_dags/example_short_circuit_decorator.py
[2024-02-24T18:48:32.244-0600] {processor.py:830} INFO - Processing file /Users/vamseekrishna/Desktop/F1_Data_Warehouse/f1datawarehouse/lib/python3.9/site-packages/airflow/example_dags/example_short_circuit_decorator.py for tasks to queue
[2024-02-24T18:48:32.246-0600] {logging_mixin.py:188} INFO - [2024-02-24T18:48:32.246-0600] {dagbag.py:538} INFO - Filling up the DagBag from /Users/vamseekrishna/Desktop/F1_Data_Warehouse/f1datawarehouse/lib/python3.9/site-packages/airflow/example_dags/example_short_circuit_decorator.py
[2024-02-24T18:48:32.307-0600] {processor.py:840} INFO - DAG(s) 'example_short_circuit_decorator' retrieved from /Users/vamseekrishna/Desktop/F1_Data_Warehouse/f1datawarehouse/lib/python3.9/site-packages/airflow/example_dags/example_short_circuit_decorator.py
[2024-02-24T18:48:32.394-0600] {logging_mixin.py:188} INFO - [2024-02-24T18:48:32.394-0600] {dag.py:3036} INFO - Sync 1 DAGs
[2024-02-24T18:48:32.403-0600] {logging_mixin.py:188} INFO - [2024-02-24T18:48:32.403-0600] {dag.py:3823} INFO - Setting next_dagrun for example_short_circuit_decorator to 2024-02-24 00:00:00+00:00, run_after=2024-02-25 00:00:00+00:00
[2024-02-24T18:48:32.413-0600] {processor.py:183} INFO - Processing /Users/vamseekrishna/Desktop/F1_Data_Warehouse/f1datawarehouse/lib/python3.9/site-packages/airflow/example_dags/example_short_circuit_decorator.py took 0.179 seconds
[2024-02-24T18:50:36.053-0600] {processor.py:161} INFO - Started process (PID=98130) to work on /Users/vamseekrishna/Desktop/F1_Data_Warehouse/f1datawarehouse/lib/python3.9/site-packages/airflow/example_dags/example_short_circuit_decorator.py
[2024-02-24T18:50:36.055-0600] {processor.py:830} INFO - Processing file /Users/vamseekrishna/Desktop/F1_Data_Warehouse/f1datawarehouse/lib/python3.9/site-packages/airflow/example_dags/example_short_circuit_decorator.py for tasks to queue
[2024-02-24T18:50:36.056-0600] {logging_mixin.py:188} INFO - [2024-02-24T18:50:36.055-0600] {dagbag.py:538} INFO - Filling up the DagBag from /Users/vamseekrishna/Desktop/F1_Data_Warehouse/f1datawarehouse/lib/python3.9/site-packages/airflow/example_dags/example_short_circuit_decorator.py
[2024-02-24T18:50:36.072-0600] {processor.py:840} INFO - DAG(s) 'example_short_circuit_decorator' retrieved from /Users/vamseekrishna/Desktop/F1_Data_Warehouse/f1datawarehouse/lib/python3.9/site-packages/airflow/example_dags/example_short_circuit_decorator.py
[2024-02-24T18:50:36.120-0600] {logging_mixin.py:188} INFO - [2024-02-24T18:50:36.120-0600] {dag.py:3036} INFO - Sync 1 DAGs
[2024-02-24T18:50:36.128-0600] {logging_mixin.py:188} INFO - [2024-02-24T18:50:36.128-0600] {dag.py:3823} INFO - Setting next_dagrun for example_short_circuit_decorator to 2024-02-24 00:00:00+00:00, run_after=2024-02-25 00:00:00+00:00
[2024-02-24T18:50:36.137-0600] {processor.py:183} INFO - Processing /Users/vamseekrishna/Desktop/F1_Data_Warehouse/f1datawarehouse/lib/python3.9/site-packages/airflow/example_dags/example_short_circuit_decorator.py took 0.084 seconds
[2024-02-24T18:52:32.520-0600] {processor.py:161} INFO - Started process (PID=98229) to work on /Users/vamseekrishna/Desktop/F1_Data_Warehouse/f1datawarehouse/lib/python3.9/site-packages/airflow/example_dags/example_short_circuit_decorator.py
[2024-02-24T18:52:32.522-0600] {processor.py:830} INFO - Processing file /Users/vamseekrishna/Desktop/F1_Data_Warehouse/f1datawarehouse/lib/python3.9/site-packages/airflow/example_dags/example_short_circuit_decorator.py for tasks to queue
[2024-02-24T18:52:32.522-0600] {logging_mixin.py:188} INFO - [2024-02-24T18:52:32.522-0600] {dagbag.py:538} INFO - Filling up the DagBag from /Users/vamseekrishna/Desktop/F1_Data_Warehouse/f1datawarehouse/lib/python3.9/site-packages/airflow/example_dags/example_short_circuit_decorator.py
[2024-02-24T18:52:32.539-0600] {processor.py:840} INFO - DAG(s) 'example_short_circuit_decorator' retrieved from /Users/vamseekrishna/Desktop/F1_Data_Warehouse/f1datawarehouse/lib/python3.9/site-packages/airflow/example_dags/example_short_circuit_decorator.py
[2024-02-24T18:52:32.586-0600] {logging_mixin.py:188} INFO - [2024-02-24T18:52:32.586-0600] {dag.py:3036} INFO - Sync 1 DAGs
[2024-02-24T18:52:32.595-0600] {logging_mixin.py:188} INFO - [2024-02-24T18:52:32.595-0600] {dag.py:3823} INFO - Setting next_dagrun for example_short_circuit_decorator to 2024-02-24 00:00:00+00:00, run_after=2024-02-25 00:00:00+00:00
[2024-02-24T18:52:32.602-0600] {processor.py:183} INFO - Processing /Users/vamseekrishna/Desktop/F1_Data_Warehouse/f1datawarehouse/lib/python3.9/site-packages/airflow/example_dags/example_short_circuit_decorator.py took 0.085 seconds
[2024-02-24T18:54:32.280-0600] {processor.py:161} INFO - Started process (PID=98324) to work on /Users/vamseekrishna/Desktop/F1_Data_Warehouse/f1datawarehouse/lib/python3.9/site-packages/airflow/example_dags/example_short_circuit_decorator.py
[2024-02-24T18:54:32.282-0600] {processor.py:830} INFO - Processing file /Users/vamseekrishna/Desktop/F1_Data_Warehouse/f1datawarehouse/lib/python3.9/site-packages/airflow/example_dags/example_short_circuit_decorator.py for tasks to queue
[2024-02-24T18:54:32.282-0600] {logging_mixin.py:188} INFO - [2024-02-24T18:54:32.282-0600] {dagbag.py:538} INFO - Filling up the DagBag from /Users/vamseekrishna/Desktop/F1_Data_Warehouse/f1datawarehouse/lib/python3.9/site-packages/airflow/example_dags/example_short_circuit_decorator.py
[2024-02-24T18:54:32.299-0600] {processor.py:840} INFO - DAG(s) 'example_short_circuit_decorator' retrieved from /Users/vamseekrishna/Desktop/F1_Data_Warehouse/f1datawarehouse/lib/python3.9/site-packages/airflow/example_dags/example_short_circuit_decorator.py
[2024-02-24T18:54:32.348-0600] {logging_mixin.py:188} INFO - [2024-02-24T18:54:32.348-0600] {dag.py:3036} INFO - Sync 1 DAGs
[2024-02-24T18:54:32.356-0600] {logging_mixin.py:188} INFO - [2024-02-24T18:54:32.356-0600] {dag.py:3823} INFO - Setting next_dagrun for example_short_circuit_decorator to 2024-02-24 00:00:00+00:00, run_after=2024-02-25 00:00:00+00:00
[2024-02-24T18:54:32.364-0600] {processor.py:183} INFO - Processing /Users/vamseekrishna/Desktop/F1_Data_Warehouse/f1datawarehouse/lib/python3.9/site-packages/airflow/example_dags/example_short_circuit_decorator.py took 0.085 seconds
[2024-02-24T18:56:31.821-0600] {processor.py:161} INFO - Started process (PID=98424) to work on /Users/vamseekrishna/Desktop/F1_Data_Warehouse/f1datawarehouse/lib/python3.9/site-packages/airflow/example_dags/example_short_circuit_decorator.py
[2024-02-24T18:56:31.823-0600] {processor.py:830} INFO - Processing file /Users/vamseekrishna/Desktop/F1_Data_Warehouse/f1datawarehouse/lib/python3.9/site-packages/airflow/example_dags/example_short_circuit_decorator.py for tasks to queue
[2024-02-24T18:56:31.823-0600] {logging_mixin.py:188} INFO - [2024-02-24T18:56:31.823-0600] {dagbag.py:538} INFO - Filling up the DagBag from /Users/vamseekrishna/Desktop/F1_Data_Warehouse/f1datawarehouse/lib/python3.9/site-packages/airflow/example_dags/example_short_circuit_decorator.py
[2024-02-24T18:56:31.840-0600] {processor.py:840} INFO - DAG(s) 'example_short_circuit_decorator' retrieved from /Users/vamseekrishna/Desktop/F1_Data_Warehouse/f1datawarehouse/lib/python3.9/site-packages/airflow/example_dags/example_short_circuit_decorator.py
[2024-02-24T18:56:31.887-0600] {logging_mixin.py:188} INFO - [2024-02-24T18:56:31.887-0600] {dag.py:3036} INFO - Sync 1 DAGs
[2024-02-24T18:56:31.896-0600] {logging_mixin.py:188} INFO - [2024-02-24T18:56:31.896-0600] {dag.py:3823} INFO - Setting next_dagrun for example_short_circuit_decorator to 2024-02-24 00:00:00+00:00, run_after=2024-02-25 00:00:00+00:00
[2024-02-24T18:56:31.904-0600] {processor.py:183} INFO - Processing /Users/vamseekrishna/Desktop/F1_Data_Warehouse/f1datawarehouse/lib/python3.9/site-packages/airflow/example_dags/example_short_circuit_decorator.py took 0.084 seconds
[2024-02-24T18:58:33.360-0600] {processor.py:161} INFO - Started process (PID=98521) to work on /Users/vamseekrishna/Desktop/F1_Data_Warehouse/f1datawarehouse/lib/python3.9/site-packages/airflow/example_dags/example_short_circuit_decorator.py
[2024-02-24T18:58:33.362-0600] {processor.py:830} INFO - Processing file /Users/vamseekrishna/Desktop/F1_Data_Warehouse/f1datawarehouse/lib/python3.9/site-packages/airflow/example_dags/example_short_circuit_decorator.py for tasks to queue
[2024-02-24T18:58:33.362-0600] {logging_mixin.py:188} INFO - [2024-02-24T18:58:33.362-0600] {dagbag.py:538} INFO - Filling up the DagBag from /Users/vamseekrishna/Desktop/F1_Data_Warehouse/f1datawarehouse/lib/python3.9/site-packages/airflow/example_dags/example_short_circuit_decorator.py
[2024-02-24T18:58:33.379-0600] {processor.py:840} INFO - DAG(s) 'example_short_circuit_decorator' retrieved from /Users/vamseekrishna/Desktop/F1_Data_Warehouse/f1datawarehouse/lib/python3.9/site-packages/airflow/example_dags/example_short_circuit_decorator.py
[2024-02-24T18:58:33.427-0600] {logging_mixin.py:188} INFO - [2024-02-24T18:58:33.427-0600] {dag.py:3036} INFO - Sync 1 DAGs
[2024-02-24T18:58:33.435-0600] {logging_mixin.py:188} INFO - [2024-02-24T18:58:33.435-0600] {dag.py:3823} INFO - Setting next_dagrun for example_short_circuit_decorator to 2024-02-24 00:00:00+00:00, run_after=2024-02-25 00:00:00+00:00
[2024-02-24T18:58:33.443-0600] {processor.py:183} INFO - Processing /Users/vamseekrishna/Desktop/F1_Data_Warehouse/f1datawarehouse/lib/python3.9/site-packages/airflow/example_dags/example_short_circuit_decorator.py took 0.083 seconds
[2024-02-24T19:00:35.105-0600] {processor.py:161} INFO - Started process (PID=98680) to work on /Users/vamseekrishna/Desktop/F1_Data_Warehouse/f1datawarehouse/lib/python3.9/site-packages/airflow/example_dags/example_short_circuit_decorator.py
[2024-02-24T19:00:35.107-0600] {processor.py:830} INFO - Processing file /Users/vamseekrishna/Desktop/F1_Data_Warehouse/f1datawarehouse/lib/python3.9/site-packages/airflow/example_dags/example_short_circuit_decorator.py for tasks to queue
[2024-02-24T19:00:35.107-0600] {logging_mixin.py:188} INFO - [2024-02-24T19:00:35.107-0600] {dagbag.py:538} INFO - Filling up the DagBag from /Users/vamseekrishna/Desktop/F1_Data_Warehouse/f1datawarehouse/lib/python3.9/site-packages/airflow/example_dags/example_short_circuit_decorator.py
[2024-02-24T19:00:35.125-0600] {processor.py:840} INFO - DAG(s) 'example_short_circuit_decorator' retrieved from /Users/vamseekrishna/Desktop/F1_Data_Warehouse/f1datawarehouse/lib/python3.9/site-packages/airflow/example_dags/example_short_circuit_decorator.py
[2024-02-24T19:00:35.177-0600] {logging_mixin.py:188} INFO - [2024-02-24T19:00:35.177-0600] {dag.py:3036} INFO - Sync 1 DAGs
[2024-02-24T19:00:35.186-0600] {logging_mixin.py:188} INFO - [2024-02-24T19:00:35.186-0600] {dag.py:3823} INFO - Setting next_dagrun for example_short_circuit_decorator to 2024-02-24 00:00:00+00:00, run_after=2024-02-25 00:00:00+00:00
[2024-02-24T19:00:35.195-0600] {processor.py:183} INFO - Processing /Users/vamseekrishna/Desktop/F1_Data_Warehouse/f1datawarehouse/lib/python3.9/site-packages/airflow/example_dags/example_short_circuit_decorator.py took 0.091 seconds
[2024-02-24T19:02:36.499-0600] {processor.py:161} INFO - Started process (PID=98841) to work on /Users/vamseekrishna/Desktop/F1_Data_Warehouse/f1datawarehouse/lib/python3.9/site-packages/airflow/example_dags/example_short_circuit_decorator.py
[2024-02-24T19:02:36.501-0600] {processor.py:830} INFO - Processing file /Users/vamseekrishna/Desktop/F1_Data_Warehouse/f1datawarehouse/lib/python3.9/site-packages/airflow/example_dags/example_short_circuit_decorator.py for tasks to queue
[2024-02-24T19:02:36.502-0600] {logging_mixin.py:188} INFO - [2024-02-24T19:02:36.501-0600] {dagbag.py:538} INFO - Filling up the DagBag from /Users/vamseekrishna/Desktop/F1_Data_Warehouse/f1datawarehouse/lib/python3.9/site-packages/airflow/example_dags/example_short_circuit_decorator.py
[2024-02-24T19:02:36.518-0600] {processor.py:840} INFO - DAG(s) 'example_short_circuit_decorator' retrieved from /Users/vamseekrishna/Desktop/F1_Data_Warehouse/f1datawarehouse/lib/python3.9/site-packages/airflow/example_dags/example_short_circuit_decorator.py
[2024-02-24T19:02:36.565-0600] {logging_mixin.py:188} INFO - [2024-02-24T19:02:36.565-0600] {dag.py:3036} INFO - Sync 1 DAGs
[2024-02-24T19:02:36.574-0600] {logging_mixin.py:188} INFO - [2024-02-24T19:02:36.574-0600] {dag.py:3823} INFO - Setting next_dagrun for example_short_circuit_decorator to 2024-02-24 00:00:00+00:00, run_after=2024-02-25 00:00:00+00:00
[2024-02-24T19:02:36.582-0600] {processor.py:183} INFO - Processing /Users/vamseekrishna/Desktop/F1_Data_Warehouse/f1datawarehouse/lib/python3.9/site-packages/airflow/example_dags/example_short_circuit_decorator.py took 0.083 seconds
[2024-02-24T19:04:32.983-0600] {processor.py:161} INFO - Started process (PID=98950) to work on /Users/vamseekrishna/Desktop/F1_Data_Warehouse/f1datawarehouse/lib/python3.9/site-packages/airflow/example_dags/example_short_circuit_decorator.py
[2024-02-24T19:04:32.985-0600] {processor.py:830} INFO - Processing file /Users/vamseekrishna/Desktop/F1_Data_Warehouse/f1datawarehouse/lib/python3.9/site-packages/airflow/example_dags/example_short_circuit_decorator.py for tasks to queue
[2024-02-24T19:04:32.985-0600] {logging_mixin.py:188} INFO - [2024-02-24T19:04:32.985-0600] {dagbag.py:538} INFO - Filling up the DagBag from /Users/vamseekrishna/Desktop/F1_Data_Warehouse/f1datawarehouse/lib/python3.9/site-packages/airflow/example_dags/example_short_circuit_decorator.py
[2024-02-24T19:04:33.002-0600] {processor.py:840} INFO - DAG(s) 'example_short_circuit_decorator' retrieved from /Users/vamseekrishna/Desktop/F1_Data_Warehouse/f1datawarehouse/lib/python3.9/site-packages/airflow/example_dags/example_short_circuit_decorator.py
[2024-02-24T19:04:33.051-0600] {logging_mixin.py:188} INFO - [2024-02-24T19:04:33.051-0600] {dag.py:3036} INFO - Sync 1 DAGs
[2024-02-24T19:04:33.059-0600] {logging_mixin.py:188} INFO - [2024-02-24T19:04:33.059-0600] {dag.py:3823} INFO - Setting next_dagrun for example_short_circuit_decorator to 2024-02-24 00:00:00+00:00, run_after=2024-02-25 00:00:00+00:00
[2024-02-24T19:04:33.068-0600] {processor.py:183} INFO - Processing /Users/vamseekrishna/Desktop/F1_Data_Warehouse/f1datawarehouse/lib/python3.9/site-packages/airflow/example_dags/example_short_circuit_decorator.py took 0.086 seconds
[2024-02-24T19:06:29.069-0600] {processor.py:161} INFO - Started process (PID=99045) to work on /Users/vamseekrishna/Desktop/F1_Data_Warehouse/f1datawarehouse/lib/python3.9/site-packages/airflow/example_dags/example_short_circuit_decorator.py
[2024-02-24T19:06:29.071-0600] {processor.py:830} INFO - Processing file /Users/vamseekrishna/Desktop/F1_Data_Warehouse/f1datawarehouse/lib/python3.9/site-packages/airflow/example_dags/example_short_circuit_decorator.py for tasks to queue
[2024-02-24T19:06:29.071-0600] {logging_mixin.py:188} INFO - [2024-02-24T19:06:29.071-0600] {dagbag.py:538} INFO - Filling up the DagBag from /Users/vamseekrishna/Desktop/F1_Data_Warehouse/f1datawarehouse/lib/python3.9/site-packages/airflow/example_dags/example_short_circuit_decorator.py
[2024-02-24T19:06:29.088-0600] {processor.py:840} INFO - DAG(s) 'example_short_circuit_decorator' retrieved from /Users/vamseekrishna/Desktop/F1_Data_Warehouse/f1datawarehouse/lib/python3.9/site-packages/airflow/example_dags/example_short_circuit_decorator.py
[2024-02-24T19:06:29.138-0600] {logging_mixin.py:188} INFO - [2024-02-24T19:06:29.138-0600] {dag.py:3036} INFO - Sync 1 DAGs
[2024-02-24T19:06:29.147-0600] {logging_mixin.py:188} INFO - [2024-02-24T19:06:29.147-0600] {dag.py:3823} INFO - Setting next_dagrun for example_short_circuit_decorator to 2024-02-24 00:00:00+00:00, run_after=2024-02-25 00:00:00+00:00
[2024-02-24T19:06:29.155-0600] {processor.py:183} INFO - Processing /Users/vamseekrishna/Desktop/F1_Data_Warehouse/f1datawarehouse/lib/python3.9/site-packages/airflow/example_dags/example_short_circuit_decorator.py took 0.087 seconds
[2024-02-24T19:08:24.052-0600] {processor.py:161} INFO - Started process (PID=99157) to work on /Users/vamseekrishna/Desktop/F1_Data_Warehouse/f1datawarehouse/lib/python3.9/site-packages/airflow/example_dags/example_short_circuit_decorator.py
[2024-02-24T19:08:24.054-0600] {processor.py:830} INFO - Processing file /Users/vamseekrishna/Desktop/F1_Data_Warehouse/f1datawarehouse/lib/python3.9/site-packages/airflow/example_dags/example_short_circuit_decorator.py for tasks to queue
[2024-02-24T19:08:24.054-0600] {logging_mixin.py:188} INFO - [2024-02-24T19:08:24.054-0600] {dagbag.py:538} INFO - Filling up the DagBag from /Users/vamseekrishna/Desktop/F1_Data_Warehouse/f1datawarehouse/lib/python3.9/site-packages/airflow/example_dags/example_short_circuit_decorator.py
[2024-02-24T19:08:24.070-0600] {processor.py:840} INFO - DAG(s) 'example_short_circuit_decorator' retrieved from /Users/vamseekrishna/Desktop/F1_Data_Warehouse/f1datawarehouse/lib/python3.9/site-packages/airflow/example_dags/example_short_circuit_decorator.py
[2024-02-24T19:08:24.117-0600] {logging_mixin.py:188} INFO - [2024-02-24T19:08:24.117-0600] {dag.py:3036} INFO - Sync 1 DAGs
[2024-02-24T19:08:24.125-0600] {logging_mixin.py:188} INFO - [2024-02-24T19:08:24.125-0600] {dag.py:3823} INFO - Setting next_dagrun for example_short_circuit_decorator to 2024-02-24 00:00:00+00:00, run_after=2024-02-25 00:00:00+00:00
[2024-02-24T19:08:24.133-0600] {processor.py:183} INFO - Processing /Users/vamseekrishna/Desktop/F1_Data_Warehouse/f1datawarehouse/lib/python3.9/site-packages/airflow/example_dags/example_short_circuit_decorator.py took 0.082 seconds
[2024-02-24T19:10:22.010-0600] {processor.py:161} INFO - Started process (PID=99259) to work on /Users/vamseekrishna/Desktop/F1_Data_Warehouse/f1datawarehouse/lib/python3.9/site-packages/airflow/example_dags/example_short_circuit_decorator.py
[2024-02-24T19:10:22.011-0600] {processor.py:830} INFO - Processing file /Users/vamseekrishna/Desktop/F1_Data_Warehouse/f1datawarehouse/lib/python3.9/site-packages/airflow/example_dags/example_short_circuit_decorator.py for tasks to queue
[2024-02-24T19:10:22.011-0600] {logging_mixin.py:188} INFO - [2024-02-24T19:10:22.011-0600] {dagbag.py:538} INFO - Filling up the DagBag from /Users/vamseekrishna/Desktop/F1_Data_Warehouse/f1datawarehouse/lib/python3.9/site-packages/airflow/example_dags/example_short_circuit_decorator.py
[2024-02-24T19:10:22.028-0600] {processor.py:840} INFO - DAG(s) 'example_short_circuit_decorator' retrieved from /Users/vamseekrishna/Desktop/F1_Data_Warehouse/f1datawarehouse/lib/python3.9/site-packages/airflow/example_dags/example_short_circuit_decorator.py
[2024-02-24T19:10:22.075-0600] {logging_mixin.py:188} INFO - [2024-02-24T19:10:22.075-0600] {dag.py:3036} INFO - Sync 1 DAGs
[2024-02-24T19:10:22.083-0600] {logging_mixin.py:188} INFO - [2024-02-24T19:10:22.083-0600] {dag.py:3823} INFO - Setting next_dagrun for example_short_circuit_decorator to 2024-02-24 00:00:00+00:00, run_after=2024-02-25 00:00:00+00:00
[2024-02-24T19:10:22.092-0600] {processor.py:183} INFO - Processing /Users/vamseekrishna/Desktop/F1_Data_Warehouse/f1datawarehouse/lib/python3.9/site-packages/airflow/example_dags/example_short_circuit_decorator.py took 0.083 seconds
[2024-02-24T19:12:22.159-0600] {processor.py:161} INFO - Started process (PID=99353) to work on /Users/vamseekrishna/Desktop/F1_Data_Warehouse/f1datawarehouse/lib/python3.9/site-packages/airflow/example_dags/example_short_circuit_decorator.py
[2024-02-24T19:12:22.161-0600] {processor.py:830} INFO - Processing file /Users/vamseekrishna/Desktop/F1_Data_Warehouse/f1datawarehouse/lib/python3.9/site-packages/airflow/example_dags/example_short_circuit_decorator.py for tasks to queue
[2024-02-24T19:12:22.161-0600] {logging_mixin.py:188} INFO - [2024-02-24T19:12:22.161-0600] {dagbag.py:538} INFO - Filling up the DagBag from /Users/vamseekrishna/Desktop/F1_Data_Warehouse/f1datawarehouse/lib/python3.9/site-packages/airflow/example_dags/example_short_circuit_decorator.py
[2024-02-24T19:12:22.177-0600] {processor.py:840} INFO - DAG(s) 'example_short_circuit_decorator' retrieved from /Users/vamseekrishna/Desktop/F1_Data_Warehouse/f1datawarehouse/lib/python3.9/site-packages/airflow/example_dags/example_short_circuit_decorator.py
[2024-02-24T19:12:22.224-0600] {logging_mixin.py:188} INFO - [2024-02-24T19:12:22.224-0600] {dag.py:3036} INFO - Sync 1 DAGs
[2024-02-24T19:12:22.233-0600] {logging_mixin.py:188} INFO - [2024-02-24T19:12:22.233-0600] {dag.py:3823} INFO - Setting next_dagrun for example_short_circuit_decorator to 2024-02-24 00:00:00+00:00, run_after=2024-02-25 00:00:00+00:00
[2024-02-24T19:12:22.241-0600] {processor.py:183} INFO - Processing /Users/vamseekrishna/Desktop/F1_Data_Warehouse/f1datawarehouse/lib/python3.9/site-packages/airflow/example_dags/example_short_circuit_decorator.py took 0.082 seconds
[2024-02-24T19:14:28.827-0600] {processor.py:161} INFO - Started process (PID=99447) to work on /Users/vamseekrishna/Desktop/F1_Data_Warehouse/f1datawarehouse/lib/python3.9/site-packages/airflow/example_dags/example_short_circuit_decorator.py
[2024-02-24T19:14:28.829-0600] {processor.py:830} INFO - Processing file /Users/vamseekrishna/Desktop/F1_Data_Warehouse/f1datawarehouse/lib/python3.9/site-packages/airflow/example_dags/example_short_circuit_decorator.py for tasks to queue
[2024-02-24T19:14:28.829-0600] {logging_mixin.py:188} INFO - [2024-02-24T19:14:28.829-0600] {dagbag.py:538} INFO - Filling up the DagBag from /Users/vamseekrishna/Desktop/F1_Data_Warehouse/f1datawarehouse/lib/python3.9/site-packages/airflow/example_dags/example_short_circuit_decorator.py
[2024-02-24T19:14:28.846-0600] {processor.py:840} INFO - DAG(s) 'example_short_circuit_decorator' retrieved from /Users/vamseekrishna/Desktop/F1_Data_Warehouse/f1datawarehouse/lib/python3.9/site-packages/airflow/example_dags/example_short_circuit_decorator.py
[2024-02-24T19:14:28.893-0600] {logging_mixin.py:188} INFO - [2024-02-24T19:14:28.893-0600] {dag.py:3036} INFO - Sync 1 DAGs
[2024-02-24T19:14:28.902-0600] {logging_mixin.py:188} INFO - [2024-02-24T19:14:28.902-0600] {dag.py:3823} INFO - Setting next_dagrun for example_short_circuit_decorator to 2024-02-24 00:00:00+00:00, run_after=2024-02-25 00:00:00+00:00
[2024-02-24T19:14:28.911-0600] {processor.py:183} INFO - Processing /Users/vamseekrishna/Desktop/F1_Data_Warehouse/f1datawarehouse/lib/python3.9/site-packages/airflow/example_dags/example_short_circuit_decorator.py took 0.085 seconds
[2024-02-24T19:16:27.071-0600] {processor.py:161} INFO - Started process (PID=99555) to work on /Users/vamseekrishna/Desktop/F1_Data_Warehouse/f1datawarehouse/lib/python3.9/site-packages/airflow/example_dags/example_short_circuit_decorator.py
[2024-02-24T19:16:27.073-0600] {processor.py:830} INFO - Processing file /Users/vamseekrishna/Desktop/F1_Data_Warehouse/f1datawarehouse/lib/python3.9/site-packages/airflow/example_dags/example_short_circuit_decorator.py for tasks to queue
[2024-02-24T19:16:27.074-0600] {logging_mixin.py:188} INFO - [2024-02-24T19:16:27.074-0600] {dagbag.py:538} INFO - Filling up the DagBag from /Users/vamseekrishna/Desktop/F1_Data_Warehouse/f1datawarehouse/lib/python3.9/site-packages/airflow/example_dags/example_short_circuit_decorator.py
[2024-02-24T19:16:27.091-0600] {processor.py:840} INFO - DAG(s) 'example_short_circuit_decorator' retrieved from /Users/vamseekrishna/Desktop/F1_Data_Warehouse/f1datawarehouse/lib/python3.9/site-packages/airflow/example_dags/example_short_circuit_decorator.py
[2024-02-24T19:16:27.144-0600] {logging_mixin.py:188} INFO - [2024-02-24T19:16:27.144-0600] {dag.py:3036} INFO - Sync 1 DAGs
[2024-02-24T19:16:27.155-0600] {logging_mixin.py:188} INFO - [2024-02-24T19:16:27.154-0600] {dag.py:3823} INFO - Setting next_dagrun for example_short_circuit_decorator to 2024-02-24 00:00:00+00:00, run_after=2024-02-25 00:00:00+00:00
[2024-02-24T19:16:27.164-0600] {processor.py:183} INFO - Processing /Users/vamseekrishna/Desktop/F1_Data_Warehouse/f1datawarehouse/lib/python3.9/site-packages/airflow/example_dags/example_short_circuit_decorator.py took 0.094 seconds
[2024-02-24T19:18:32.117-0600] {processor.py:161} INFO - Started process (PID=99658) to work on /Users/vamseekrishna/Desktop/F1_Data_Warehouse/f1datawarehouse/lib/python3.9/site-packages/airflow/example_dags/example_short_circuit_decorator.py
[2024-02-24T19:18:32.119-0600] {processor.py:830} INFO - Processing file /Users/vamseekrishna/Desktop/F1_Data_Warehouse/f1datawarehouse/lib/python3.9/site-packages/airflow/example_dags/example_short_circuit_decorator.py for tasks to queue
[2024-02-24T19:18:32.119-0600] {logging_mixin.py:188} INFO - [2024-02-24T19:18:32.119-0600] {dagbag.py:538} INFO - Filling up the DagBag from /Users/vamseekrishna/Desktop/F1_Data_Warehouse/f1datawarehouse/lib/python3.9/site-packages/airflow/example_dags/example_short_circuit_decorator.py
[2024-02-24T19:18:32.136-0600] {processor.py:840} INFO - DAG(s) 'example_short_circuit_decorator' retrieved from /Users/vamseekrishna/Desktop/F1_Data_Warehouse/f1datawarehouse/lib/python3.9/site-packages/airflow/example_dags/example_short_circuit_decorator.py
[2024-02-24T19:18:32.183-0600] {logging_mixin.py:188} INFO - [2024-02-24T19:18:32.183-0600] {dag.py:3036} INFO - Sync 1 DAGs
[2024-02-24T19:18:32.191-0600] {logging_mixin.py:188} INFO - [2024-02-24T19:18:32.191-0600] {dag.py:3823} INFO - Setting next_dagrun for example_short_circuit_decorator to 2024-02-24 00:00:00+00:00, run_after=2024-02-25 00:00:00+00:00
[2024-02-24T19:18:32.200-0600] {processor.py:183} INFO - Processing /Users/vamseekrishna/Desktop/F1_Data_Warehouse/f1datawarehouse/lib/python3.9/site-packages/airflow/example_dags/example_short_circuit_decorator.py took 0.084 seconds
[2024-02-24T19:20:26.445-0600] {processor.py:161} INFO - Started process (PID=99753) to work on /Users/vamseekrishna/Desktop/F1_Data_Warehouse/f1datawarehouse/lib/python3.9/site-packages/airflow/example_dags/example_short_circuit_decorator.py
[2024-02-24T19:20:26.447-0600] {processor.py:830} INFO - Processing file /Users/vamseekrishna/Desktop/F1_Data_Warehouse/f1datawarehouse/lib/python3.9/site-packages/airflow/example_dags/example_short_circuit_decorator.py for tasks to queue
[2024-02-24T19:20:26.447-0600] {logging_mixin.py:188} INFO - [2024-02-24T19:20:26.447-0600] {dagbag.py:538} INFO - Filling up the DagBag from /Users/vamseekrishna/Desktop/F1_Data_Warehouse/f1datawarehouse/lib/python3.9/site-packages/airflow/example_dags/example_short_circuit_decorator.py
[2024-02-24T19:20:26.464-0600] {processor.py:840} INFO - DAG(s) 'example_short_circuit_decorator' retrieved from /Users/vamseekrishna/Desktop/F1_Data_Warehouse/f1datawarehouse/lib/python3.9/site-packages/airflow/example_dags/example_short_circuit_decorator.py
[2024-02-24T19:20:26.513-0600] {logging_mixin.py:188} INFO - [2024-02-24T19:20:26.512-0600] {dag.py:3036} INFO - Sync 1 DAGs
[2024-02-24T19:20:26.521-0600] {logging_mixin.py:188} INFO - [2024-02-24T19:20:26.521-0600] {dag.py:3823} INFO - Setting next_dagrun for example_short_circuit_decorator to 2024-02-24 00:00:00+00:00, run_after=2024-02-25 00:00:00+00:00
[2024-02-24T19:20:26.530-0600] {processor.py:183} INFO - Processing /Users/vamseekrishna/Desktop/F1_Data_Warehouse/f1datawarehouse/lib/python3.9/site-packages/airflow/example_dags/example_short_circuit_decorator.py took 0.086 seconds
[2024-02-24T19:22:31.458-0600] {processor.py:161} INFO - Started process (PID=99859) to work on /Users/vamseekrishna/Desktop/F1_Data_Warehouse/f1datawarehouse/lib/python3.9/site-packages/airflow/example_dags/example_short_circuit_decorator.py
[2024-02-24T19:22:31.459-0600] {processor.py:830} INFO - Processing file /Users/vamseekrishna/Desktop/F1_Data_Warehouse/f1datawarehouse/lib/python3.9/site-packages/airflow/example_dags/example_short_circuit_decorator.py for tasks to queue
[2024-02-24T19:22:31.459-0600] {logging_mixin.py:188} INFO - [2024-02-24T19:22:31.459-0600] {dagbag.py:538} INFO - Filling up the DagBag from /Users/vamseekrishna/Desktop/F1_Data_Warehouse/f1datawarehouse/lib/python3.9/site-packages/airflow/example_dags/example_short_circuit_decorator.py
[2024-02-24T19:22:31.476-0600] {processor.py:840} INFO - DAG(s) 'example_short_circuit_decorator' retrieved from /Users/vamseekrishna/Desktop/F1_Data_Warehouse/f1datawarehouse/lib/python3.9/site-packages/airflow/example_dags/example_short_circuit_decorator.py
[2024-02-24T19:22:31.525-0600] {logging_mixin.py:188} INFO - [2024-02-24T19:22:31.525-0600] {dag.py:3036} INFO - Sync 1 DAGs
[2024-02-24T19:22:31.536-0600] {logging_mixin.py:188} INFO - [2024-02-24T19:22:31.535-0600] {dag.py:3823} INFO - Setting next_dagrun for example_short_circuit_decorator to 2024-02-24 00:00:00+00:00, run_after=2024-02-25 00:00:00+00:00
[2024-02-24T19:22:31.547-0600] {processor.py:183} INFO - Processing /Users/vamseekrishna/Desktop/F1_Data_Warehouse/f1datawarehouse/lib/python3.9/site-packages/airflow/example_dags/example_short_circuit_decorator.py took 0.090 seconds
[2024-02-24T19:24:27.833-0600] {processor.py:161} INFO - Started process (PID=99956) to work on /Users/vamseekrishna/Desktop/F1_Data_Warehouse/f1datawarehouse/lib/python3.9/site-packages/airflow/example_dags/example_short_circuit_decorator.py
[2024-02-24T19:24:27.834-0600] {processor.py:830} INFO - Processing file /Users/vamseekrishna/Desktop/F1_Data_Warehouse/f1datawarehouse/lib/python3.9/site-packages/airflow/example_dags/example_short_circuit_decorator.py for tasks to queue
[2024-02-24T19:24:27.835-0600] {logging_mixin.py:188} INFO - [2024-02-24T19:24:27.835-0600] {dagbag.py:538} INFO - Filling up the DagBag from /Users/vamseekrishna/Desktop/F1_Data_Warehouse/f1datawarehouse/lib/python3.9/site-packages/airflow/example_dags/example_short_circuit_decorator.py
[2024-02-24T19:24:27.851-0600] {processor.py:840} INFO - DAG(s) 'example_short_circuit_decorator' retrieved from /Users/vamseekrishna/Desktop/F1_Data_Warehouse/f1datawarehouse/lib/python3.9/site-packages/airflow/example_dags/example_short_circuit_decorator.py
[2024-02-24T19:24:27.900-0600] {logging_mixin.py:188} INFO - [2024-02-24T19:24:27.899-0600] {dag.py:3036} INFO - Sync 1 DAGs
[2024-02-24T19:24:27.908-0600] {logging_mixin.py:188} INFO - [2024-02-24T19:24:27.908-0600] {dag.py:3823} INFO - Setting next_dagrun for example_short_circuit_decorator to 2024-02-24 00:00:00+00:00, run_after=2024-02-25 00:00:00+00:00
[2024-02-24T19:24:27.916-0600] {processor.py:183} INFO - Processing /Users/vamseekrishna/Desktop/F1_Data_Warehouse/f1datawarehouse/lib/python3.9/site-packages/airflow/example_dags/example_short_circuit_decorator.py took 0.084 seconds
[2024-02-24T19:26:32.743-0600] {processor.py:161} INFO - Started process (PID=181) to work on /Users/vamseekrishna/Desktop/F1_Data_Warehouse/f1datawarehouse/lib/python3.9/site-packages/airflow/example_dags/example_short_circuit_decorator.py
[2024-02-24T19:26:32.745-0600] {processor.py:830} INFO - Processing file /Users/vamseekrishna/Desktop/F1_Data_Warehouse/f1datawarehouse/lib/python3.9/site-packages/airflow/example_dags/example_short_circuit_decorator.py for tasks to queue
[2024-02-24T19:26:32.745-0600] {logging_mixin.py:188} INFO - [2024-02-24T19:26:32.745-0600] {dagbag.py:538} INFO - Filling up the DagBag from /Users/vamseekrishna/Desktop/F1_Data_Warehouse/f1datawarehouse/lib/python3.9/site-packages/airflow/example_dags/example_short_circuit_decorator.py
[2024-02-24T19:26:32.769-0600] {processor.py:840} INFO - DAG(s) 'example_short_circuit_decorator' retrieved from /Users/vamseekrishna/Desktop/F1_Data_Warehouse/f1datawarehouse/lib/python3.9/site-packages/airflow/example_dags/example_short_circuit_decorator.py
[2024-02-24T19:26:32.850-0600] {logging_mixin.py:188} INFO - [2024-02-24T19:26:32.849-0600] {dag.py:3036} INFO - Sync 1 DAGs
[2024-02-24T19:26:32.859-0600] {logging_mixin.py:188} INFO - [2024-02-24T19:26:32.859-0600] {dag.py:3823} INFO - Setting next_dagrun for example_short_circuit_decorator to 2024-02-24 00:00:00+00:00, run_after=2024-02-25 00:00:00+00:00
[2024-02-24T19:26:32.873-0600] {processor.py:183} INFO - Processing /Users/vamseekrishna/Desktop/F1_Data_Warehouse/f1datawarehouse/lib/python3.9/site-packages/airflow/example_dags/example_short_circuit_decorator.py took 0.130 seconds
[2024-02-24T19:27:47.441-0600] {processor.py:161} INFO - Started process (PID=251) to work on /Users/vamseekrishna/Desktop/F1_Data_Warehouse/f1datawarehouse/lib/python3.9/site-packages/airflow/example_dags/example_short_circuit_decorator.py
[2024-02-24T19:27:47.443-0600] {processor.py:830} INFO - Processing file /Users/vamseekrishna/Desktop/F1_Data_Warehouse/f1datawarehouse/lib/python3.9/site-packages/airflow/example_dags/example_short_circuit_decorator.py for tasks to queue
[2024-02-24T19:27:47.443-0600] {logging_mixin.py:188} INFO - [2024-02-24T19:27:47.443-0600] {dagbag.py:538} INFO - Filling up the DagBag from /Users/vamseekrishna/Desktop/F1_Data_Warehouse/f1datawarehouse/lib/python3.9/site-packages/airflow/example_dags/example_short_circuit_decorator.py
[2024-02-24T19:27:47.460-0600] {processor.py:840} INFO - DAG(s) 'example_short_circuit_decorator' retrieved from /Users/vamseekrishna/Desktop/F1_Data_Warehouse/f1datawarehouse/lib/python3.9/site-packages/airflow/example_dags/example_short_circuit_decorator.py
[2024-02-24T19:27:47.508-0600] {logging_mixin.py:188} INFO - [2024-02-24T19:27:47.508-0600] {dag.py:3036} INFO - Sync 1 DAGs
[2024-02-24T19:27:47.518-0600] {logging_mixin.py:188} INFO - [2024-02-24T19:27:47.518-0600] {dag.py:3823} INFO - Setting next_dagrun for example_short_circuit_decorator to 2024-02-24 00:00:00+00:00, run_after=2024-02-25 00:00:00+00:00
[2024-02-24T19:27:47.527-0600] {processor.py:183} INFO - Processing /Users/vamseekrishna/Desktop/F1_Data_Warehouse/f1datawarehouse/lib/python3.9/site-packages/airflow/example_dags/example_short_circuit_decorator.py took 0.087 seconds
[2024-02-24T19:29:50.663-0600] {processor.py:161} INFO - Started process (PID=352) to work on /Users/vamseekrishna/Desktop/F1_Data_Warehouse/f1datawarehouse/lib/python3.9/site-packages/airflow/example_dags/example_short_circuit_decorator.py
[2024-02-24T19:29:50.664-0600] {processor.py:830} INFO - Processing file /Users/vamseekrishna/Desktop/F1_Data_Warehouse/f1datawarehouse/lib/python3.9/site-packages/airflow/example_dags/example_short_circuit_decorator.py for tasks to queue
[2024-02-24T19:29:50.665-0600] {logging_mixin.py:188} INFO - [2024-02-24T19:29:50.665-0600] {dagbag.py:538} INFO - Filling up the DagBag from /Users/vamseekrishna/Desktop/F1_Data_Warehouse/f1datawarehouse/lib/python3.9/site-packages/airflow/example_dags/example_short_circuit_decorator.py
[2024-02-24T19:29:50.684-0600] {processor.py:840} INFO - DAG(s) 'example_short_circuit_decorator' retrieved from /Users/vamseekrishna/Desktop/F1_Data_Warehouse/f1datawarehouse/lib/python3.9/site-packages/airflow/example_dags/example_short_circuit_decorator.py
[2024-02-24T19:29:50.753-0600] {logging_mixin.py:188} INFO - [2024-02-24T19:29:50.753-0600] {dag.py:3036} INFO - Sync 1 DAGs
[2024-02-24T19:29:50.763-0600] {logging_mixin.py:188} INFO - [2024-02-24T19:29:50.762-0600] {dag.py:3823} INFO - Setting next_dagrun for example_short_circuit_decorator to 2024-02-24 00:00:00+00:00, run_after=2024-02-25 00:00:00+00:00
[2024-02-24T19:29:50.772-0600] {processor.py:183} INFO - Processing /Users/vamseekrishna/Desktop/F1_Data_Warehouse/f1datawarehouse/lib/python3.9/site-packages/airflow/example_dags/example_short_circuit_decorator.py took 0.110 seconds
[2024-02-24T19:31:58.446-0600] {processor.py:161} INFO - Started process (PID=468) to work on /Users/vamseekrishna/Desktop/F1_Data_Warehouse/f1datawarehouse/lib/python3.9/site-packages/airflow/example_dags/example_short_circuit_decorator.py
[2024-02-24T19:31:58.448-0600] {processor.py:830} INFO - Processing file /Users/vamseekrishna/Desktop/F1_Data_Warehouse/f1datawarehouse/lib/python3.9/site-packages/airflow/example_dags/example_short_circuit_decorator.py for tasks to queue
[2024-02-24T19:31:58.448-0600] {logging_mixin.py:188} INFO - [2024-02-24T19:31:58.448-0600] {dagbag.py:538} INFO - Filling up the DagBag from /Users/vamseekrishna/Desktop/F1_Data_Warehouse/f1datawarehouse/lib/python3.9/site-packages/airflow/example_dags/example_short_circuit_decorator.py
[2024-02-24T19:31:58.465-0600] {processor.py:840} INFO - DAG(s) 'example_short_circuit_decorator' retrieved from /Users/vamseekrishna/Desktop/F1_Data_Warehouse/f1datawarehouse/lib/python3.9/site-packages/airflow/example_dags/example_short_circuit_decorator.py
[2024-02-24T19:31:58.513-0600] {logging_mixin.py:188} INFO - [2024-02-24T19:31:58.513-0600] {dag.py:3036} INFO - Sync 1 DAGs
[2024-02-24T19:31:58.522-0600] {logging_mixin.py:188} INFO - [2024-02-24T19:31:58.521-0600] {dag.py:3823} INFO - Setting next_dagrun for example_short_circuit_decorator to 2024-02-24 00:00:00+00:00, run_after=2024-02-25 00:00:00+00:00
[2024-02-24T19:31:58.530-0600] {processor.py:183} INFO - Processing /Users/vamseekrishna/Desktop/F1_Data_Warehouse/f1datawarehouse/lib/python3.9/site-packages/airflow/example_dags/example_short_circuit_decorator.py took 0.085 seconds
[2024-02-24T19:33:59.617-0600] {processor.py:161} INFO - Started process (PID=622) to work on /Users/vamseekrishna/Desktop/F1_Data_Warehouse/f1datawarehouse/lib/python3.9/site-packages/airflow/example_dags/example_short_circuit_decorator.py
[2024-02-24T19:33:59.619-0600] {processor.py:830} INFO - Processing file /Users/vamseekrishna/Desktop/F1_Data_Warehouse/f1datawarehouse/lib/python3.9/site-packages/airflow/example_dags/example_short_circuit_decorator.py for tasks to queue
[2024-02-24T19:33:59.619-0600] {logging_mixin.py:188} INFO - [2024-02-24T19:33:59.619-0600] {dagbag.py:538} INFO - Filling up the DagBag from /Users/vamseekrishna/Desktop/F1_Data_Warehouse/f1datawarehouse/lib/python3.9/site-packages/airflow/example_dags/example_short_circuit_decorator.py
[2024-02-24T19:33:59.637-0600] {processor.py:840} INFO - DAG(s) 'example_short_circuit_decorator' retrieved from /Users/vamseekrishna/Desktop/F1_Data_Warehouse/f1datawarehouse/lib/python3.9/site-packages/airflow/example_dags/example_short_circuit_decorator.py
[2024-02-24T19:33:59.688-0600] {logging_mixin.py:188} INFO - [2024-02-24T19:33:59.687-0600] {dag.py:3036} INFO - Sync 1 DAGs
[2024-02-24T19:33:59.696-0600] {logging_mixin.py:188} INFO - [2024-02-24T19:33:59.696-0600] {dag.py:3823} INFO - Setting next_dagrun for example_short_circuit_decorator to 2024-02-24 00:00:00+00:00, run_after=2024-02-25 00:00:00+00:00
[2024-02-24T19:33:59.706-0600] {processor.py:183} INFO - Processing /Users/vamseekrishna/Desktop/F1_Data_Warehouse/f1datawarehouse/lib/python3.9/site-packages/airflow/example_dags/example_short_circuit_decorator.py took 0.089 seconds
[2024-02-24T19:36:10.343-0600] {processor.py:161} INFO - Started process (PID=771) to work on /Users/vamseekrishna/Desktop/F1_Data_Warehouse/f1datawarehouse/lib/python3.9/site-packages/airflow/example_dags/example_short_circuit_decorator.py
[2024-02-24T19:36:10.345-0600] {processor.py:830} INFO - Processing file /Users/vamseekrishna/Desktop/F1_Data_Warehouse/f1datawarehouse/lib/python3.9/site-packages/airflow/example_dags/example_short_circuit_decorator.py for tasks to queue
[2024-02-24T19:36:10.345-0600] {logging_mixin.py:188} INFO - [2024-02-24T19:36:10.345-0600] {dagbag.py:538} INFO - Filling up the DagBag from /Users/vamseekrishna/Desktop/F1_Data_Warehouse/f1datawarehouse/lib/python3.9/site-packages/airflow/example_dags/example_short_circuit_decorator.py
[2024-02-24T19:36:10.362-0600] {processor.py:840} INFO - DAG(s) 'example_short_circuit_decorator' retrieved from /Users/vamseekrishna/Desktop/F1_Data_Warehouse/f1datawarehouse/lib/python3.9/site-packages/airflow/example_dags/example_short_circuit_decorator.py
[2024-02-24T19:36:10.411-0600] {logging_mixin.py:188} INFO - [2024-02-24T19:36:10.410-0600] {dag.py:3036} INFO - Sync 1 DAGs
[2024-02-24T19:36:10.419-0600] {logging_mixin.py:188} INFO - [2024-02-24T19:36:10.419-0600] {dag.py:3823} INFO - Setting next_dagrun for example_short_circuit_decorator to 2024-02-24 00:00:00+00:00, run_after=2024-02-25 00:00:00+00:00
[2024-02-24T19:36:10.427-0600] {processor.py:183} INFO - Processing /Users/vamseekrishna/Desktop/F1_Data_Warehouse/f1datawarehouse/lib/python3.9/site-packages/airflow/example_dags/example_short_circuit_decorator.py took 0.085 seconds
[2024-02-24T19:38:21.778-0600] {processor.py:161} INFO - Started process (PID=907) to work on /Users/vamseekrishna/Desktop/F1_Data_Warehouse/f1datawarehouse/lib/python3.9/site-packages/airflow/example_dags/example_short_circuit_decorator.py
[2024-02-24T19:38:21.779-0600] {processor.py:830} INFO - Processing file /Users/vamseekrishna/Desktop/F1_Data_Warehouse/f1datawarehouse/lib/python3.9/site-packages/airflow/example_dags/example_short_circuit_decorator.py for tasks to queue
[2024-02-24T19:38:21.780-0600] {logging_mixin.py:188} INFO - [2024-02-24T19:38:21.780-0600] {dagbag.py:538} INFO - Filling up the DagBag from /Users/vamseekrishna/Desktop/F1_Data_Warehouse/f1datawarehouse/lib/python3.9/site-packages/airflow/example_dags/example_short_circuit_decorator.py
[2024-02-24T19:38:21.798-0600] {processor.py:840} INFO - DAG(s) 'example_short_circuit_decorator' retrieved from /Users/vamseekrishna/Desktop/F1_Data_Warehouse/f1datawarehouse/lib/python3.9/site-packages/airflow/example_dags/example_short_circuit_decorator.py
[2024-02-24T19:38:21.850-0600] {logging_mixin.py:188} INFO - [2024-02-24T19:38:21.850-0600] {dag.py:3036} INFO - Sync 1 DAGs
[2024-02-24T19:38:21.859-0600] {logging_mixin.py:188} INFO - [2024-02-24T19:38:21.859-0600] {dag.py:3823} INFO - Setting next_dagrun for example_short_circuit_decorator to 2024-02-24 00:00:00+00:00, run_after=2024-02-25 00:00:00+00:00
[2024-02-24T19:38:21.869-0600] {processor.py:183} INFO - Processing /Users/vamseekrishna/Desktop/F1_Data_Warehouse/f1datawarehouse/lib/python3.9/site-packages/airflow/example_dags/example_short_circuit_decorator.py took 0.091 seconds
[2024-02-24T19:40:24.695-0600] {processor.py:161} INFO - Started process (PID=1032) to work on /Users/vamseekrishna/Desktop/F1_Data_Warehouse/f1datawarehouse/lib/python3.9/site-packages/airflow/example_dags/example_short_circuit_decorator.py
[2024-02-24T19:40:24.697-0600] {processor.py:830} INFO - Processing file /Users/vamseekrishna/Desktop/F1_Data_Warehouse/f1datawarehouse/lib/python3.9/site-packages/airflow/example_dags/example_short_circuit_decorator.py for tasks to queue
[2024-02-24T19:40:24.697-0600] {logging_mixin.py:188} INFO - [2024-02-24T19:40:24.697-0600] {dagbag.py:538} INFO - Filling up the DagBag from /Users/vamseekrishna/Desktop/F1_Data_Warehouse/f1datawarehouse/lib/python3.9/site-packages/airflow/example_dags/example_short_circuit_decorator.py
[2024-02-24T19:40:24.715-0600] {processor.py:840} INFO - DAG(s) 'example_short_circuit_decorator' retrieved from /Users/vamseekrishna/Desktop/F1_Data_Warehouse/f1datawarehouse/lib/python3.9/site-packages/airflow/example_dags/example_short_circuit_decorator.py
[2024-02-24T19:40:24.762-0600] {logging_mixin.py:188} INFO - [2024-02-24T19:40:24.762-0600] {dag.py:3036} INFO - Sync 1 DAGs
[2024-02-24T19:40:24.770-0600] {logging_mixin.py:188} INFO - [2024-02-24T19:40:24.770-0600] {dag.py:3823} INFO - Setting next_dagrun for example_short_circuit_decorator to 2024-02-24 00:00:00+00:00, run_after=2024-02-25 00:00:00+00:00
[2024-02-24T19:40:24.778-0600] {processor.py:183} INFO - Processing /Users/vamseekrishna/Desktop/F1_Data_Warehouse/f1datawarehouse/lib/python3.9/site-packages/airflow/example_dags/example_short_circuit_decorator.py took 0.084 seconds
[2024-02-24T19:42:31.996-0600] {processor.py:161} INFO - Started process (PID=1213) to work on /Users/vamseekrishna/Desktop/F1_Data_Warehouse/f1datawarehouse/lib/python3.9/site-packages/airflow/example_dags/example_short_circuit_decorator.py
[2024-02-24T19:42:31.998-0600] {processor.py:830} INFO - Processing file /Users/vamseekrishna/Desktop/F1_Data_Warehouse/f1datawarehouse/lib/python3.9/site-packages/airflow/example_dags/example_short_circuit_decorator.py for tasks to queue
[2024-02-24T19:42:31.998-0600] {logging_mixin.py:188} INFO - [2024-02-24T19:42:31.998-0600] {dagbag.py:538} INFO - Filling up the DagBag from /Users/vamseekrishna/Desktop/F1_Data_Warehouse/f1datawarehouse/lib/python3.9/site-packages/airflow/example_dags/example_short_circuit_decorator.py
[2024-02-24T19:42:32.019-0600] {processor.py:840} INFO - DAG(s) 'example_short_circuit_decorator' retrieved from /Users/vamseekrishna/Desktop/F1_Data_Warehouse/f1datawarehouse/lib/python3.9/site-packages/airflow/example_dags/example_short_circuit_decorator.py
[2024-02-24T19:42:32.079-0600] {logging_mixin.py:188} INFO - [2024-02-24T19:42:32.079-0600] {dag.py:3036} INFO - Sync 1 DAGs
[2024-02-24T19:42:32.092-0600] {logging_mixin.py:188} INFO - [2024-02-24T19:42:32.092-0600] {dag.py:3823} INFO - Setting next_dagrun for example_short_circuit_decorator to 2024-02-24 00:00:00+00:00, run_after=2024-02-25 00:00:00+00:00
[2024-02-24T19:42:32.101-0600] {processor.py:183} INFO - Processing /Users/vamseekrishna/Desktop/F1_Data_Warehouse/f1datawarehouse/lib/python3.9/site-packages/airflow/example_dags/example_short_circuit_decorator.py took 0.106 seconds
[2024-02-24T19:45:02.387-0600] {processor.py:161} INFO - Started process (PID=1509) to work on /Users/vamseekrishna/Desktop/F1_Data_Warehouse/f1datawarehouse/lib/python3.9/site-packages/airflow/example_dags/example_short_circuit_decorator.py
[2024-02-24T19:45:02.391-0600] {processor.py:830} INFO - Processing file /Users/vamseekrishna/Desktop/F1_Data_Warehouse/f1datawarehouse/lib/python3.9/site-packages/airflow/example_dags/example_short_circuit_decorator.py for tasks to queue
[2024-02-24T19:45:02.392-0600] {logging_mixin.py:188} INFO - [2024-02-24T19:45:02.391-0600] {dagbag.py:538} INFO - Filling up the DagBag from /Users/vamseekrishna/Desktop/F1_Data_Warehouse/f1datawarehouse/lib/python3.9/site-packages/airflow/example_dags/example_short_circuit_decorator.py
[2024-02-24T19:45:02.431-0600] {processor.py:840} INFO - DAG(s) 'example_short_circuit_decorator' retrieved from /Users/vamseekrishna/Desktop/F1_Data_Warehouse/f1datawarehouse/lib/python3.9/site-packages/airflow/example_dags/example_short_circuit_decorator.py
[2024-02-24T19:45:02.519-0600] {logging_mixin.py:188} INFO - [2024-02-24T19:45:02.518-0600] {dag.py:3036} INFO - Sync 1 DAGs
[2024-02-24T19:45:02.533-0600] {logging_mixin.py:188} INFO - [2024-02-24T19:45:02.533-0600] {dag.py:3823} INFO - Setting next_dagrun for example_short_circuit_decorator to 2024-02-24 00:00:00+00:00, run_after=2024-02-25 00:00:00+00:00
[2024-02-24T19:45:02.546-0600] {processor.py:183} INFO - Processing /Users/vamseekrishna/Desktop/F1_Data_Warehouse/f1datawarehouse/lib/python3.9/site-packages/airflow/example_dags/example_short_circuit_decorator.py took 0.160 seconds
[2024-02-24T19:46:17.357-0600] {processor.py:161} INFO - Started process (PID=1632) to work on /Users/vamseekrishna/Desktop/F1_Data_Warehouse/f1datawarehouse/lib/python3.9/site-packages/airflow/example_dags/example_short_circuit_decorator.py
[2024-02-24T19:46:17.359-0600] {processor.py:830} INFO - Processing file /Users/vamseekrishna/Desktop/F1_Data_Warehouse/f1datawarehouse/lib/python3.9/site-packages/airflow/example_dags/example_short_circuit_decorator.py for tasks to queue
[2024-02-24T19:46:17.359-0600] {logging_mixin.py:188} INFO - [2024-02-24T19:46:17.359-0600] {dagbag.py:538} INFO - Filling up the DagBag from /Users/vamseekrishna/Desktop/F1_Data_Warehouse/f1datawarehouse/lib/python3.9/site-packages/airflow/example_dags/example_short_circuit_decorator.py
[2024-02-24T19:46:17.378-0600] {processor.py:840} INFO - DAG(s) 'example_short_circuit_decorator' retrieved from /Users/vamseekrishna/Desktop/F1_Data_Warehouse/f1datawarehouse/lib/python3.9/site-packages/airflow/example_dags/example_short_circuit_decorator.py
[2024-02-24T19:46:17.434-0600] {logging_mixin.py:188} INFO - [2024-02-24T19:46:17.434-0600] {dag.py:3036} INFO - Sync 1 DAGs
[2024-02-24T19:46:17.446-0600] {logging_mixin.py:188} INFO - [2024-02-24T19:46:17.446-0600] {dag.py:3823} INFO - Setting next_dagrun for example_short_circuit_decorator to 2024-02-24 00:00:00+00:00, run_after=2024-02-25 00:00:00+00:00
[2024-02-24T19:46:17.458-0600] {processor.py:183} INFO - Processing /Users/vamseekrishna/Desktop/F1_Data_Warehouse/f1datawarehouse/lib/python3.9/site-packages/airflow/example_dags/example_short_circuit_decorator.py took 0.102 seconds
[2024-02-24T19:48:37.568-0600] {processor.py:161} INFO - Started process (PID=1851) to work on /Users/vamseekrishna/Desktop/F1_Data_Warehouse/f1datawarehouse/lib/python3.9/site-packages/airflow/example_dags/example_short_circuit_decorator.py
[2024-02-24T19:48:37.570-0600] {processor.py:830} INFO - Processing file /Users/vamseekrishna/Desktop/F1_Data_Warehouse/f1datawarehouse/lib/python3.9/site-packages/airflow/example_dags/example_short_circuit_decorator.py for tasks to queue
[2024-02-24T19:48:37.570-0600] {logging_mixin.py:188} INFO - [2024-02-24T19:48:37.570-0600] {dagbag.py:538} INFO - Filling up the DagBag from /Users/vamseekrishna/Desktop/F1_Data_Warehouse/f1datawarehouse/lib/python3.9/site-packages/airflow/example_dags/example_short_circuit_decorator.py
[2024-02-24T19:48:37.593-0600] {processor.py:840} INFO - DAG(s) 'example_short_circuit_decorator' retrieved from /Users/vamseekrishna/Desktop/F1_Data_Warehouse/f1datawarehouse/lib/python3.9/site-packages/airflow/example_dags/example_short_circuit_decorator.py
[2024-02-24T19:48:37.648-0600] {logging_mixin.py:188} INFO - [2024-02-24T19:48:37.648-0600] {dag.py:3036} INFO - Sync 1 DAGs
[2024-02-24T19:48:37.657-0600] {logging_mixin.py:188} INFO - [2024-02-24T19:48:37.657-0600] {dag.py:3823} INFO - Setting next_dagrun for example_short_circuit_decorator to 2024-02-24 00:00:00+00:00, run_after=2024-02-25 00:00:00+00:00
[2024-02-24T19:48:37.667-0600] {processor.py:183} INFO - Processing /Users/vamseekrishna/Desktop/F1_Data_Warehouse/f1datawarehouse/lib/python3.9/site-packages/airflow/example_dags/example_short_circuit_decorator.py took 0.101 seconds
