[2024-02-24T18:03:26.227-0600] {processor.py:161} INFO - Started process (PID=95701) to work on /Users/vamseekrishna/Desktop/F1_Data_Warehouse/f1datawarehouse/lib/python3.9/site-packages/airflow/example_dags/example_complex.py
[2024-02-24T18:03:26.229-0600] {processor.py:830} INFO - Processing file /Users/vamseekrishna/Desktop/F1_Data_Warehouse/f1datawarehouse/lib/python3.9/site-packages/airflow/example_dags/example_complex.py for tasks to queue
[2024-02-24T18:03:26.229-0600] {logging_mixin.py:188} INFO - [2024-02-24T18:03:26.229-0600] {dagbag.py:538} INFO - Filling up the DagBag from /Users/vamseekrishna/Desktop/F1_Data_Warehouse/f1datawarehouse/lib/python3.9/site-packages/airflow/example_dags/example_complex.py
[2024-02-24T18:03:26.236-0600] {processor.py:840} INFO - DAG(s) 'example_complex' retrieved from /Users/vamseekrishna/Desktop/F1_Data_Warehouse/f1datawarehouse/lib/python3.9/site-packages/airflow/example_dags/example_complex.py
[2024-02-24T18:03:26.288-0600] {logging_mixin.py:188} INFO - [2024-02-24T18:03:26.288-0600] {dag.py:3036} INFO - Sync 1 DAGs
[2024-02-24T18:03:26.292-0600] {logging_mixin.py:188} INFO - [2024-02-24T18:03:26.292-0600] {dag.py:3823} INFO - Setting next_dagrun for example_complex to None, run_after=None
[2024-02-24T18:03:26.299-0600] {processor.py:183} INFO - Processing /Users/vamseekrishna/Desktop/F1_Data_Warehouse/f1datawarehouse/lib/python3.9/site-packages/airflow/example_dags/example_complex.py took 0.073 seconds
[2024-02-24T18:05:45.382-0600] {processor.py:161} INFO - Started process (PID=95875) to work on /Users/vamseekrishna/Desktop/F1_Data_Warehouse/f1datawarehouse/lib/python3.9/site-packages/airflow/example_dags/example_complex.py
[2024-02-24T18:05:45.384-0600] {processor.py:830} INFO - Processing file /Users/vamseekrishna/Desktop/F1_Data_Warehouse/f1datawarehouse/lib/python3.9/site-packages/airflow/example_dags/example_complex.py for tasks to queue
[2024-02-24T18:05:45.384-0600] {logging_mixin.py:188} INFO - [2024-02-24T18:05:45.384-0600] {dagbag.py:538} INFO - Filling up the DagBag from /Users/vamseekrishna/Desktop/F1_Data_Warehouse/f1datawarehouse/lib/python3.9/site-packages/airflow/example_dags/example_complex.py
[2024-02-24T18:05:45.390-0600] {processor.py:840} INFO - DAG(s) 'example_complex' retrieved from /Users/vamseekrishna/Desktop/F1_Data_Warehouse/f1datawarehouse/lib/python3.9/site-packages/airflow/example_dags/example_complex.py
[2024-02-24T18:05:45.441-0600] {logging_mixin.py:188} INFO - [2024-02-24T18:05:45.441-0600] {dag.py:3036} INFO - Sync 1 DAGs
[2024-02-24T18:05:45.446-0600] {logging_mixin.py:188} INFO - [2024-02-24T18:05:45.445-0600] {dag.py:3823} INFO - Setting next_dagrun for example_complex to None, run_after=None
[2024-02-24T18:05:45.453-0600] {processor.py:183} INFO - Processing /Users/vamseekrishna/Desktop/F1_Data_Warehouse/f1datawarehouse/lib/python3.9/site-packages/airflow/example_dags/example_complex.py took 0.071 seconds
[2024-02-24T18:07:50.043-0600] {processor.py:161} INFO - Started process (PID=95989) to work on /Users/vamseekrishna/Desktop/F1_Data_Warehouse/f1datawarehouse/lib/python3.9/site-packages/airflow/example_dags/example_complex.py
[2024-02-24T18:07:50.045-0600] {processor.py:830} INFO - Processing file /Users/vamseekrishna/Desktop/F1_Data_Warehouse/f1datawarehouse/lib/python3.9/site-packages/airflow/example_dags/example_complex.py for tasks to queue
[2024-02-24T18:07:50.045-0600] {logging_mixin.py:188} INFO - [2024-02-24T18:07:50.045-0600] {dagbag.py:538} INFO - Filling up the DagBag from /Users/vamseekrishna/Desktop/F1_Data_Warehouse/f1datawarehouse/lib/python3.9/site-packages/airflow/example_dags/example_complex.py
[2024-02-24T18:07:50.051-0600] {processor.py:840} INFO - DAG(s) 'example_complex' retrieved from /Users/vamseekrishna/Desktop/F1_Data_Warehouse/f1datawarehouse/lib/python3.9/site-packages/airflow/example_dags/example_complex.py
[2024-02-24T18:07:50.104-0600] {logging_mixin.py:188} INFO - [2024-02-24T18:07:50.104-0600] {dag.py:3036} INFO - Sync 1 DAGs
[2024-02-24T18:07:50.108-0600] {logging_mixin.py:188} INFO - [2024-02-24T18:07:50.108-0600] {dag.py:3823} INFO - Setting next_dagrun for example_complex to None, run_after=None
[2024-02-24T18:07:50.116-0600] {processor.py:183} INFO - Processing /Users/vamseekrishna/Desktop/F1_Data_Warehouse/f1datawarehouse/lib/python3.9/site-packages/airflow/example_dags/example_complex.py took 0.074 seconds
[2024-02-24T18:09:45.236-0600] {processor.py:161} INFO - Started process (PID=96087) to work on /Users/vamseekrishna/Desktop/F1_Data_Warehouse/f1datawarehouse/lib/python3.9/site-packages/airflow/example_dags/example_complex.py
[2024-02-24T18:09:45.237-0600] {processor.py:830} INFO - Processing file /Users/vamseekrishna/Desktop/F1_Data_Warehouse/f1datawarehouse/lib/python3.9/site-packages/airflow/example_dags/example_complex.py for tasks to queue
[2024-02-24T18:09:45.238-0600] {logging_mixin.py:188} INFO - [2024-02-24T18:09:45.237-0600] {dagbag.py:538} INFO - Filling up the DagBag from /Users/vamseekrishna/Desktop/F1_Data_Warehouse/f1datawarehouse/lib/python3.9/site-packages/airflow/example_dags/example_complex.py
[2024-02-24T18:09:45.244-0600] {processor.py:840} INFO - DAG(s) 'example_complex' retrieved from /Users/vamseekrishna/Desktop/F1_Data_Warehouse/f1datawarehouse/lib/python3.9/site-packages/airflow/example_dags/example_complex.py
[2024-02-24T18:09:45.299-0600] {logging_mixin.py:188} INFO - [2024-02-24T18:09:45.299-0600] {dag.py:3036} INFO - Sync 1 DAGs
[2024-02-24T18:09:45.304-0600] {logging_mixin.py:188} INFO - [2024-02-24T18:09:45.304-0600] {dag.py:3823} INFO - Setting next_dagrun for example_complex to None, run_after=None
[2024-02-24T18:09:45.312-0600] {processor.py:183} INFO - Processing /Users/vamseekrishna/Desktop/F1_Data_Warehouse/f1datawarehouse/lib/python3.9/site-packages/airflow/example_dags/example_complex.py took 0.077 seconds
[2024-02-24T18:11:43.546-0600] {processor.py:161} INFO - Started process (PID=96183) to work on /Users/vamseekrishna/Desktop/F1_Data_Warehouse/f1datawarehouse/lib/python3.9/site-packages/airflow/example_dags/example_complex.py
[2024-02-24T18:11:43.548-0600] {processor.py:830} INFO - Processing file /Users/vamseekrishna/Desktop/F1_Data_Warehouse/f1datawarehouse/lib/python3.9/site-packages/airflow/example_dags/example_complex.py for tasks to queue
[2024-02-24T18:11:43.548-0600] {logging_mixin.py:188} INFO - [2024-02-24T18:11:43.548-0600] {dagbag.py:538} INFO - Filling up the DagBag from /Users/vamseekrishna/Desktop/F1_Data_Warehouse/f1datawarehouse/lib/python3.9/site-packages/airflow/example_dags/example_complex.py
[2024-02-24T18:11:43.554-0600] {processor.py:840} INFO - DAG(s) 'example_complex' retrieved from /Users/vamseekrishna/Desktop/F1_Data_Warehouse/f1datawarehouse/lib/python3.9/site-packages/airflow/example_dags/example_complex.py
[2024-02-24T18:11:43.607-0600] {logging_mixin.py:188} INFO - [2024-02-24T18:11:43.607-0600] {dag.py:3036} INFO - Sync 1 DAGs
[2024-02-24T18:11:43.612-0600] {logging_mixin.py:188} INFO - [2024-02-24T18:11:43.612-0600] {dag.py:3823} INFO - Setting next_dagrun for example_complex to None, run_after=None
[2024-02-24T18:11:43.620-0600] {processor.py:183} INFO - Processing /Users/vamseekrishna/Desktop/F1_Data_Warehouse/f1datawarehouse/lib/python3.9/site-packages/airflow/example_dags/example_complex.py took 0.075 seconds
[2024-02-24T18:13:44.756-0600] {processor.py:161} INFO - Started process (PID=96276) to work on /Users/vamseekrishna/Desktop/F1_Data_Warehouse/f1datawarehouse/lib/python3.9/site-packages/airflow/example_dags/example_complex.py
[2024-02-24T18:13:44.758-0600] {processor.py:830} INFO - Processing file /Users/vamseekrishna/Desktop/F1_Data_Warehouse/f1datawarehouse/lib/python3.9/site-packages/airflow/example_dags/example_complex.py for tasks to queue
[2024-02-24T18:13:44.758-0600] {logging_mixin.py:188} INFO - [2024-02-24T18:13:44.758-0600] {dagbag.py:538} INFO - Filling up the DagBag from /Users/vamseekrishna/Desktop/F1_Data_Warehouse/f1datawarehouse/lib/python3.9/site-packages/airflow/example_dags/example_complex.py
[2024-02-24T18:13:44.764-0600] {processor.py:840} INFO - DAG(s) 'example_complex' retrieved from /Users/vamseekrishna/Desktop/F1_Data_Warehouse/f1datawarehouse/lib/python3.9/site-packages/airflow/example_dags/example_complex.py
[2024-02-24T18:13:44.815-0600] {logging_mixin.py:188} INFO - [2024-02-24T18:13:44.815-0600] {dag.py:3036} INFO - Sync 1 DAGs
[2024-02-24T18:13:44.820-0600] {logging_mixin.py:188} INFO - [2024-02-24T18:13:44.820-0600] {dag.py:3823} INFO - Setting next_dagrun for example_complex to None, run_after=None
[2024-02-24T18:13:44.827-0600] {processor.py:183} INFO - Processing /Users/vamseekrishna/Desktop/F1_Data_Warehouse/f1datawarehouse/lib/python3.9/site-packages/airflow/example_dags/example_complex.py took 0.072 seconds
[2024-02-24T18:15:38.211-0600] {processor.py:161} INFO - Started process (PID=96382) to work on /Users/vamseekrishna/Desktop/F1_Data_Warehouse/f1datawarehouse/lib/python3.9/site-packages/airflow/example_dags/example_complex.py
[2024-02-24T18:15:38.213-0600] {processor.py:830} INFO - Processing file /Users/vamseekrishna/Desktop/F1_Data_Warehouse/f1datawarehouse/lib/python3.9/site-packages/airflow/example_dags/example_complex.py for tasks to queue
[2024-02-24T18:15:38.213-0600] {logging_mixin.py:188} INFO - [2024-02-24T18:15:38.213-0600] {dagbag.py:538} INFO - Filling up the DagBag from /Users/vamseekrishna/Desktop/F1_Data_Warehouse/f1datawarehouse/lib/python3.9/site-packages/airflow/example_dags/example_complex.py
[2024-02-24T18:15:38.219-0600] {processor.py:840} INFO - DAG(s) 'example_complex' retrieved from /Users/vamseekrishna/Desktop/F1_Data_Warehouse/f1datawarehouse/lib/python3.9/site-packages/airflow/example_dags/example_complex.py
[2024-02-24T18:15:38.273-0600] {logging_mixin.py:188} INFO - [2024-02-24T18:15:38.272-0600] {dag.py:3036} INFO - Sync 1 DAGs
[2024-02-24T18:15:38.277-0600] {logging_mixin.py:188} INFO - [2024-02-24T18:15:38.277-0600] {dag.py:3823} INFO - Setting next_dagrun for example_complex to None, run_after=None
[2024-02-24T18:15:38.284-0600] {processor.py:183} INFO - Processing /Users/vamseekrishna/Desktop/F1_Data_Warehouse/f1datawarehouse/lib/python3.9/site-packages/airflow/example_dags/example_complex.py took 0.074 seconds
[2024-02-24T18:17:41.980-0600] {processor.py:161} INFO - Started process (PID=96490) to work on /Users/vamseekrishna/Desktop/F1_Data_Warehouse/f1datawarehouse/lib/python3.9/site-packages/airflow/example_dags/example_complex.py
[2024-02-24T18:17:41.982-0600] {processor.py:830} INFO - Processing file /Users/vamseekrishna/Desktop/F1_Data_Warehouse/f1datawarehouse/lib/python3.9/site-packages/airflow/example_dags/example_complex.py for tasks to queue
[2024-02-24T18:17:41.982-0600] {logging_mixin.py:188} INFO - [2024-02-24T18:17:41.982-0600] {dagbag.py:538} INFO - Filling up the DagBag from /Users/vamseekrishna/Desktop/F1_Data_Warehouse/f1datawarehouse/lib/python3.9/site-packages/airflow/example_dags/example_complex.py
[2024-02-24T18:17:41.988-0600] {processor.py:840} INFO - DAG(s) 'example_complex' retrieved from /Users/vamseekrishna/Desktop/F1_Data_Warehouse/f1datawarehouse/lib/python3.9/site-packages/airflow/example_dags/example_complex.py
[2024-02-24T18:17:42.039-0600] {logging_mixin.py:188} INFO - [2024-02-24T18:17:42.039-0600] {dag.py:3036} INFO - Sync 1 DAGs
[2024-02-24T18:17:42.043-0600] {logging_mixin.py:188} INFO - [2024-02-24T18:17:42.043-0600] {dag.py:3823} INFO - Setting next_dagrun for example_complex to None, run_after=None
[2024-02-24T18:17:42.050-0600] {processor.py:183} INFO - Processing /Users/vamseekrishna/Desktop/F1_Data_Warehouse/f1datawarehouse/lib/python3.9/site-packages/airflow/example_dags/example_complex.py took 0.071 seconds
[2024-02-24T18:19:40.645-0600] {processor.py:161} INFO - Started process (PID=96582) to work on /Users/vamseekrishna/Desktop/F1_Data_Warehouse/f1datawarehouse/lib/python3.9/site-packages/airflow/example_dags/example_complex.py
[2024-02-24T18:19:40.647-0600] {processor.py:830} INFO - Processing file /Users/vamseekrishna/Desktop/F1_Data_Warehouse/f1datawarehouse/lib/python3.9/site-packages/airflow/example_dags/example_complex.py for tasks to queue
[2024-02-24T18:19:40.648-0600] {logging_mixin.py:188} INFO - [2024-02-24T18:19:40.648-0600] {dagbag.py:538} INFO - Filling up the DagBag from /Users/vamseekrishna/Desktop/F1_Data_Warehouse/f1datawarehouse/lib/python3.9/site-packages/airflow/example_dags/example_complex.py
[2024-02-24T18:19:40.654-0600] {processor.py:840} INFO - DAG(s) 'example_complex' retrieved from /Users/vamseekrishna/Desktop/F1_Data_Warehouse/f1datawarehouse/lib/python3.9/site-packages/airflow/example_dags/example_complex.py
[2024-02-24T18:19:40.708-0600] {logging_mixin.py:188} INFO - [2024-02-24T18:19:40.708-0600] {dag.py:3036} INFO - Sync 1 DAGs
[2024-02-24T18:19:40.712-0600] {logging_mixin.py:188} INFO - [2024-02-24T18:19:40.712-0600] {dag.py:3823} INFO - Setting next_dagrun for example_complex to None, run_after=None
[2024-02-24T18:19:40.721-0600] {processor.py:183} INFO - Processing /Users/vamseekrishna/Desktop/F1_Data_Warehouse/f1datawarehouse/lib/python3.9/site-packages/airflow/example_dags/example_complex.py took 0.077 seconds
[2024-02-24T18:21:43.746-0600] {processor.py:161} INFO - Started process (PID=96684) to work on /Users/vamseekrishna/Desktop/F1_Data_Warehouse/f1datawarehouse/lib/python3.9/site-packages/airflow/example_dags/example_complex.py
[2024-02-24T18:21:43.748-0600] {processor.py:830} INFO - Processing file /Users/vamseekrishna/Desktop/F1_Data_Warehouse/f1datawarehouse/lib/python3.9/site-packages/airflow/example_dags/example_complex.py for tasks to queue
[2024-02-24T18:21:43.748-0600] {logging_mixin.py:188} INFO - [2024-02-24T18:21:43.748-0600] {dagbag.py:538} INFO - Filling up the DagBag from /Users/vamseekrishna/Desktop/F1_Data_Warehouse/f1datawarehouse/lib/python3.9/site-packages/airflow/example_dags/example_complex.py
[2024-02-24T18:21:43.754-0600] {processor.py:840} INFO - DAG(s) 'example_complex' retrieved from /Users/vamseekrishna/Desktop/F1_Data_Warehouse/f1datawarehouse/lib/python3.9/site-packages/airflow/example_dags/example_complex.py
[2024-02-24T18:21:43.806-0600] {logging_mixin.py:188} INFO - [2024-02-24T18:21:43.806-0600] {dag.py:3036} INFO - Sync 1 DAGs
[2024-02-24T18:21:43.811-0600] {logging_mixin.py:188} INFO - [2024-02-24T18:21:43.811-0600] {dag.py:3823} INFO - Setting next_dagrun for example_complex to None, run_after=None
[2024-02-24T18:21:43.818-0600] {processor.py:183} INFO - Processing /Users/vamseekrishna/Desktop/F1_Data_Warehouse/f1datawarehouse/lib/python3.9/site-packages/airflow/example_dags/example_complex.py took 0.073 seconds
[2024-02-24T18:23:48.677-0600] {processor.py:161} INFO - Started process (PID=96799) to work on /Users/vamseekrishna/Desktop/F1_Data_Warehouse/f1datawarehouse/lib/python3.9/site-packages/airflow/example_dags/example_complex.py
[2024-02-24T18:23:48.679-0600] {processor.py:830} INFO - Processing file /Users/vamseekrishna/Desktop/F1_Data_Warehouse/f1datawarehouse/lib/python3.9/site-packages/airflow/example_dags/example_complex.py for tasks to queue
[2024-02-24T18:23:48.679-0600] {logging_mixin.py:188} INFO - [2024-02-24T18:23:48.679-0600] {dagbag.py:538} INFO - Filling up the DagBag from /Users/vamseekrishna/Desktop/F1_Data_Warehouse/f1datawarehouse/lib/python3.9/site-packages/airflow/example_dags/example_complex.py
[2024-02-24T18:23:48.685-0600] {processor.py:840} INFO - DAG(s) 'example_complex' retrieved from /Users/vamseekrishna/Desktop/F1_Data_Warehouse/f1datawarehouse/lib/python3.9/site-packages/airflow/example_dags/example_complex.py
[2024-02-24T18:23:48.738-0600] {logging_mixin.py:188} INFO - [2024-02-24T18:23:48.738-0600] {dag.py:3036} INFO - Sync 1 DAGs
[2024-02-24T18:23:48.742-0600] {logging_mixin.py:188} INFO - [2024-02-24T18:23:48.742-0600] {dag.py:3823} INFO - Setting next_dagrun for example_complex to None, run_after=None
[2024-02-24T18:23:48.750-0600] {processor.py:183} INFO - Processing /Users/vamseekrishna/Desktop/F1_Data_Warehouse/f1datawarehouse/lib/python3.9/site-packages/airflow/example_dags/example_complex.py took 0.073 seconds
[2024-02-24T18:25:46.039-0600] {processor.py:161} INFO - Started process (PID=96885) to work on /Users/vamseekrishna/Desktop/F1_Data_Warehouse/f1datawarehouse/lib/python3.9/site-packages/airflow/example_dags/example_complex.py
[2024-02-24T18:25:46.041-0600] {processor.py:830} INFO - Processing file /Users/vamseekrishna/Desktop/F1_Data_Warehouse/f1datawarehouse/lib/python3.9/site-packages/airflow/example_dags/example_complex.py for tasks to queue
[2024-02-24T18:25:46.041-0600] {logging_mixin.py:188} INFO - [2024-02-24T18:25:46.041-0600] {dagbag.py:538} INFO - Filling up the DagBag from /Users/vamseekrishna/Desktop/F1_Data_Warehouse/f1datawarehouse/lib/python3.9/site-packages/airflow/example_dags/example_complex.py
[2024-02-24T18:25:46.047-0600] {processor.py:840} INFO - DAG(s) 'example_complex' retrieved from /Users/vamseekrishna/Desktop/F1_Data_Warehouse/f1datawarehouse/lib/python3.9/site-packages/airflow/example_dags/example_complex.py
[2024-02-24T18:25:46.100-0600] {logging_mixin.py:188} INFO - [2024-02-24T18:25:46.100-0600] {dag.py:3036} INFO - Sync 1 DAGs
[2024-02-24T18:25:46.104-0600] {logging_mixin.py:188} INFO - [2024-02-24T18:25:46.104-0600] {dag.py:3823} INFO - Setting next_dagrun for example_complex to None, run_after=None
[2024-02-24T18:25:46.112-0600] {processor.py:183} INFO - Processing /Users/vamseekrishna/Desktop/F1_Data_Warehouse/f1datawarehouse/lib/python3.9/site-packages/airflow/example_dags/example_complex.py took 0.074 seconds
[2024-02-24T18:27:47.712-0600] {processor.py:161} INFO - Started process (PID=96983) to work on /Users/vamseekrishna/Desktop/F1_Data_Warehouse/f1datawarehouse/lib/python3.9/site-packages/airflow/example_dags/example_complex.py
[2024-02-24T18:27:47.714-0600] {processor.py:830} INFO - Processing file /Users/vamseekrishna/Desktop/F1_Data_Warehouse/f1datawarehouse/lib/python3.9/site-packages/airflow/example_dags/example_complex.py for tasks to queue
[2024-02-24T18:27:47.714-0600] {logging_mixin.py:188} INFO - [2024-02-24T18:27:47.714-0600] {dagbag.py:538} INFO - Filling up the DagBag from /Users/vamseekrishna/Desktop/F1_Data_Warehouse/f1datawarehouse/lib/python3.9/site-packages/airflow/example_dags/example_complex.py
[2024-02-24T18:27:47.720-0600] {processor.py:840} INFO - DAG(s) 'example_complex' retrieved from /Users/vamseekrishna/Desktop/F1_Data_Warehouse/f1datawarehouse/lib/python3.9/site-packages/airflow/example_dags/example_complex.py
[2024-02-24T18:27:47.779-0600] {logging_mixin.py:188} INFO - [2024-02-24T18:27:47.779-0600] {dag.py:3036} INFO - Sync 1 DAGs
[2024-02-24T18:27:47.784-0600] {logging_mixin.py:188} INFO - [2024-02-24T18:27:47.784-0600] {dag.py:3823} INFO - Setting next_dagrun for example_complex to None, run_after=None
[2024-02-24T18:27:47.792-0600] {processor.py:183} INFO - Processing /Users/vamseekrishna/Desktop/F1_Data_Warehouse/f1datawarehouse/lib/python3.9/site-packages/airflow/example_dags/example_complex.py took 0.081 seconds
[2024-02-24T18:29:52.794-0600] {processor.py:161} INFO - Started process (PID=97082) to work on /Users/vamseekrishna/Desktop/F1_Data_Warehouse/f1datawarehouse/lib/python3.9/site-packages/airflow/example_dags/example_complex.py
[2024-02-24T18:29:52.796-0600] {processor.py:830} INFO - Processing file /Users/vamseekrishna/Desktop/F1_Data_Warehouse/f1datawarehouse/lib/python3.9/site-packages/airflow/example_dags/example_complex.py for tasks to queue
[2024-02-24T18:29:52.796-0600] {logging_mixin.py:188} INFO - [2024-02-24T18:29:52.796-0600] {dagbag.py:538} INFO - Filling up the DagBag from /Users/vamseekrishna/Desktop/F1_Data_Warehouse/f1datawarehouse/lib/python3.9/site-packages/airflow/example_dags/example_complex.py
[2024-02-24T18:29:52.802-0600] {processor.py:840} INFO - DAG(s) 'example_complex' retrieved from /Users/vamseekrishna/Desktop/F1_Data_Warehouse/f1datawarehouse/lib/python3.9/site-packages/airflow/example_dags/example_complex.py
[2024-02-24T18:29:52.853-0600] {logging_mixin.py:188} INFO - [2024-02-24T18:29:52.853-0600] {dag.py:3036} INFO - Sync 1 DAGs
[2024-02-24T18:29:52.857-0600] {logging_mixin.py:188} INFO - [2024-02-24T18:29:52.857-0600] {dag.py:3823} INFO - Setting next_dagrun for example_complex to None, run_after=None
[2024-02-24T18:29:52.864-0600] {processor.py:183} INFO - Processing /Users/vamseekrishna/Desktop/F1_Data_Warehouse/f1datawarehouse/lib/python3.9/site-packages/airflow/example_dags/example_complex.py took 0.071 seconds
[2024-02-24T18:31:49.883-0600] {processor.py:161} INFO - Started process (PID=97194) to work on /Users/vamseekrishna/Desktop/F1_Data_Warehouse/f1datawarehouse/lib/python3.9/site-packages/airflow/example_dags/example_complex.py
[2024-02-24T18:31:49.885-0600] {processor.py:830} INFO - Processing file /Users/vamseekrishna/Desktop/F1_Data_Warehouse/f1datawarehouse/lib/python3.9/site-packages/airflow/example_dags/example_complex.py for tasks to queue
[2024-02-24T18:31:49.885-0600] {logging_mixin.py:188} INFO - [2024-02-24T18:31:49.885-0600] {dagbag.py:538} INFO - Filling up the DagBag from /Users/vamseekrishna/Desktop/F1_Data_Warehouse/f1datawarehouse/lib/python3.9/site-packages/airflow/example_dags/example_complex.py
[2024-02-24T18:31:49.892-0600] {processor.py:840} INFO - DAG(s) 'example_complex' retrieved from /Users/vamseekrishna/Desktop/F1_Data_Warehouse/f1datawarehouse/lib/python3.9/site-packages/airflow/example_dags/example_complex.py
[2024-02-24T18:31:49.947-0600] {logging_mixin.py:188} INFO - [2024-02-24T18:31:49.947-0600] {dag.py:3036} INFO - Sync 1 DAGs
[2024-02-24T18:31:49.951-0600] {logging_mixin.py:188} INFO - [2024-02-24T18:31:49.951-0600] {dag.py:3823} INFO - Setting next_dagrun for example_complex to None, run_after=None
[2024-02-24T18:31:49.960-0600] {processor.py:183} INFO - Processing /Users/vamseekrishna/Desktop/F1_Data_Warehouse/f1datawarehouse/lib/python3.9/site-packages/airflow/example_dags/example_complex.py took 0.078 seconds
[2024-02-24T18:33:47.396-0600] {processor.py:161} INFO - Started process (PID=97307) to work on /Users/vamseekrishna/Desktop/F1_Data_Warehouse/f1datawarehouse/lib/python3.9/site-packages/airflow/example_dags/example_complex.py
[2024-02-24T18:33:47.398-0600] {processor.py:830} INFO - Processing file /Users/vamseekrishna/Desktop/F1_Data_Warehouse/f1datawarehouse/lib/python3.9/site-packages/airflow/example_dags/example_complex.py for tasks to queue
[2024-02-24T18:33:47.398-0600] {logging_mixin.py:188} INFO - [2024-02-24T18:33:47.398-0600] {dagbag.py:538} INFO - Filling up the DagBag from /Users/vamseekrishna/Desktop/F1_Data_Warehouse/f1datawarehouse/lib/python3.9/site-packages/airflow/example_dags/example_complex.py
[2024-02-24T18:33:47.404-0600] {processor.py:840} INFO - DAG(s) 'example_complex' retrieved from /Users/vamseekrishna/Desktop/F1_Data_Warehouse/f1datawarehouse/lib/python3.9/site-packages/airflow/example_dags/example_complex.py
[2024-02-24T18:33:47.455-0600] {logging_mixin.py:188} INFO - [2024-02-24T18:33:47.455-0600] {dag.py:3036} INFO - Sync 1 DAGs
[2024-02-24T18:33:47.459-0600] {logging_mixin.py:188} INFO - [2024-02-24T18:33:47.459-0600] {dag.py:3823} INFO - Setting next_dagrun for example_complex to None, run_after=None
[2024-02-24T18:33:47.467-0600] {processor.py:183} INFO - Processing /Users/vamseekrishna/Desktop/F1_Data_Warehouse/f1datawarehouse/lib/python3.9/site-packages/airflow/example_dags/example_complex.py took 0.072 seconds
[2024-02-24T18:35:47.703-0600] {processor.py:161} INFO - Started process (PID=97399) to work on /Users/vamseekrishna/Desktop/F1_Data_Warehouse/f1datawarehouse/lib/python3.9/site-packages/airflow/example_dags/example_complex.py
[2024-02-24T18:35:47.705-0600] {processor.py:830} INFO - Processing file /Users/vamseekrishna/Desktop/F1_Data_Warehouse/f1datawarehouse/lib/python3.9/site-packages/airflow/example_dags/example_complex.py for tasks to queue
[2024-02-24T18:35:47.705-0600] {logging_mixin.py:188} INFO - [2024-02-24T18:35:47.705-0600] {dagbag.py:538} INFO - Filling up the DagBag from /Users/vamseekrishna/Desktop/F1_Data_Warehouse/f1datawarehouse/lib/python3.9/site-packages/airflow/example_dags/example_complex.py
[2024-02-24T18:35:47.711-0600] {processor.py:840} INFO - DAG(s) 'example_complex' retrieved from /Users/vamseekrishna/Desktop/F1_Data_Warehouse/f1datawarehouse/lib/python3.9/site-packages/airflow/example_dags/example_complex.py
[2024-02-24T18:35:47.765-0600] {logging_mixin.py:188} INFO - [2024-02-24T18:35:47.765-0600] {dag.py:3036} INFO - Sync 1 DAGs
[2024-02-24T18:35:47.770-0600] {logging_mixin.py:188} INFO - [2024-02-24T18:35:47.770-0600] {dag.py:3823} INFO - Setting next_dagrun for example_complex to None, run_after=None
[2024-02-24T18:35:47.778-0600] {processor.py:183} INFO - Processing /Users/vamseekrishna/Desktop/F1_Data_Warehouse/f1datawarehouse/lib/python3.9/site-packages/airflow/example_dags/example_complex.py took 0.075 seconds
[2024-02-24T18:37:48.580-0600] {processor.py:161} INFO - Started process (PID=97516) to work on /Users/vamseekrishna/Desktop/F1_Data_Warehouse/f1datawarehouse/lib/python3.9/site-packages/airflow/example_dags/example_complex.py
[2024-02-24T18:37:48.582-0600] {processor.py:830} INFO - Processing file /Users/vamseekrishna/Desktop/F1_Data_Warehouse/f1datawarehouse/lib/python3.9/site-packages/airflow/example_dags/example_complex.py for tasks to queue
[2024-02-24T18:37:48.582-0600] {logging_mixin.py:188} INFO - [2024-02-24T18:37:48.582-0600] {dagbag.py:538} INFO - Filling up the DagBag from /Users/vamseekrishna/Desktop/F1_Data_Warehouse/f1datawarehouse/lib/python3.9/site-packages/airflow/example_dags/example_complex.py
[2024-02-24T18:37:48.588-0600] {processor.py:840} INFO - DAG(s) 'example_complex' retrieved from /Users/vamseekrishna/Desktop/F1_Data_Warehouse/f1datawarehouse/lib/python3.9/site-packages/airflow/example_dags/example_complex.py
[2024-02-24T18:37:48.641-0600] {logging_mixin.py:188} INFO - [2024-02-24T18:37:48.640-0600] {dag.py:3036} INFO - Sync 1 DAGs
[2024-02-24T18:37:48.645-0600] {logging_mixin.py:188} INFO - [2024-02-24T18:37:48.645-0600] {dag.py:3823} INFO - Setting next_dagrun for example_complex to None, run_after=None
[2024-02-24T18:37:48.653-0600] {processor.py:183} INFO - Processing /Users/vamseekrishna/Desktop/F1_Data_Warehouse/f1datawarehouse/lib/python3.9/site-packages/airflow/example_dags/example_complex.py took 0.074 seconds
[2024-02-24T18:39:50.428-0600] {processor.py:161} INFO - Started process (PID=97612) to work on /Users/vamseekrishna/Desktop/F1_Data_Warehouse/f1datawarehouse/lib/python3.9/site-packages/airflow/example_dags/example_complex.py
[2024-02-24T18:39:50.430-0600] {processor.py:830} INFO - Processing file /Users/vamseekrishna/Desktop/F1_Data_Warehouse/f1datawarehouse/lib/python3.9/site-packages/airflow/example_dags/example_complex.py for tasks to queue
[2024-02-24T18:39:50.431-0600] {logging_mixin.py:188} INFO - [2024-02-24T18:39:50.431-0600] {dagbag.py:538} INFO - Filling up the DagBag from /Users/vamseekrishna/Desktop/F1_Data_Warehouse/f1datawarehouse/lib/python3.9/site-packages/airflow/example_dags/example_complex.py
[2024-02-24T18:39:50.436-0600] {processor.py:840} INFO - DAG(s) 'example_complex' retrieved from /Users/vamseekrishna/Desktop/F1_Data_Warehouse/f1datawarehouse/lib/python3.9/site-packages/airflow/example_dags/example_complex.py
[2024-02-24T18:39:50.493-0600] {logging_mixin.py:188} INFO - [2024-02-24T18:39:50.493-0600] {dag.py:3036} INFO - Sync 1 DAGs
[2024-02-24T18:39:50.498-0600] {logging_mixin.py:188} INFO - [2024-02-24T18:39:50.498-0600] {dag.py:3823} INFO - Setting next_dagrun for example_complex to None, run_after=None
[2024-02-24T18:39:50.506-0600] {processor.py:183} INFO - Processing /Users/vamseekrishna/Desktop/F1_Data_Warehouse/f1datawarehouse/lib/python3.9/site-packages/airflow/example_dags/example_complex.py took 0.078 seconds
[2024-02-24T18:41:51.158-0600] {processor.py:161} INFO - Started process (PID=97701) to work on /Users/vamseekrishna/Desktop/F1_Data_Warehouse/f1datawarehouse/lib/python3.9/site-packages/airflow/example_dags/example_complex.py
[2024-02-24T18:41:51.160-0600] {processor.py:830} INFO - Processing file /Users/vamseekrishna/Desktop/F1_Data_Warehouse/f1datawarehouse/lib/python3.9/site-packages/airflow/example_dags/example_complex.py for tasks to queue
[2024-02-24T18:41:51.160-0600] {logging_mixin.py:188} INFO - [2024-02-24T18:41:51.160-0600] {dagbag.py:538} INFO - Filling up the DagBag from /Users/vamseekrishna/Desktop/F1_Data_Warehouse/f1datawarehouse/lib/python3.9/site-packages/airflow/example_dags/example_complex.py
[2024-02-24T18:41:51.166-0600] {processor.py:840} INFO - DAG(s) 'example_complex' retrieved from /Users/vamseekrishna/Desktop/F1_Data_Warehouse/f1datawarehouse/lib/python3.9/site-packages/airflow/example_dags/example_complex.py
[2024-02-24T18:41:51.218-0600] {logging_mixin.py:188} INFO - [2024-02-24T18:41:51.218-0600] {dag.py:3036} INFO - Sync 1 DAGs
[2024-02-24T18:41:51.222-0600] {logging_mixin.py:188} INFO - [2024-02-24T18:41:51.222-0600] {dag.py:3823} INFO - Setting next_dagrun for example_complex to None, run_after=None
[2024-02-24T18:41:51.230-0600] {processor.py:183} INFO - Processing /Users/vamseekrishna/Desktop/F1_Data_Warehouse/f1datawarehouse/lib/python3.9/site-packages/airflow/example_dags/example_complex.py took 0.073 seconds
[2024-02-24T18:43:50.615-0600] {processor.py:161} INFO - Started process (PID=97798) to work on /Users/vamseekrishna/Desktop/F1_Data_Warehouse/f1datawarehouse/lib/python3.9/site-packages/airflow/example_dags/example_complex.py
[2024-02-24T18:43:50.617-0600] {processor.py:830} INFO - Processing file /Users/vamseekrishna/Desktop/F1_Data_Warehouse/f1datawarehouse/lib/python3.9/site-packages/airflow/example_dags/example_complex.py for tasks to queue
[2024-02-24T18:43:50.617-0600] {logging_mixin.py:188} INFO - [2024-02-24T18:43:50.617-0600] {dagbag.py:538} INFO - Filling up the DagBag from /Users/vamseekrishna/Desktop/F1_Data_Warehouse/f1datawarehouse/lib/python3.9/site-packages/airflow/example_dags/example_complex.py
[2024-02-24T18:43:50.623-0600] {processor.py:840} INFO - DAG(s) 'example_complex' retrieved from /Users/vamseekrishna/Desktop/F1_Data_Warehouse/f1datawarehouse/lib/python3.9/site-packages/airflow/example_dags/example_complex.py
[2024-02-24T18:43:50.675-0600] {logging_mixin.py:188} INFO - [2024-02-24T18:43:50.675-0600] {dag.py:3036} INFO - Sync 1 DAGs
[2024-02-24T18:43:50.679-0600] {logging_mixin.py:188} INFO - [2024-02-24T18:43:50.679-0600] {dag.py:3823} INFO - Setting next_dagrun for example_complex to None, run_after=None
[2024-02-24T18:43:50.687-0600] {processor.py:183} INFO - Processing /Users/vamseekrishna/Desktop/F1_Data_Warehouse/f1datawarehouse/lib/python3.9/site-packages/airflow/example_dags/example_complex.py took 0.073 seconds
[2024-02-24T18:45:53.229-0600] {processor.py:161} INFO - Started process (PID=97920) to work on /Users/vamseekrishna/Desktop/F1_Data_Warehouse/f1datawarehouse/lib/python3.9/site-packages/airflow/example_dags/example_complex.py
[2024-02-24T18:45:53.231-0600] {processor.py:830} INFO - Processing file /Users/vamseekrishna/Desktop/F1_Data_Warehouse/f1datawarehouse/lib/python3.9/site-packages/airflow/example_dags/example_complex.py for tasks to queue
[2024-02-24T18:45:53.232-0600] {logging_mixin.py:188} INFO - [2024-02-24T18:45:53.231-0600] {dagbag.py:538} INFO - Filling up the DagBag from /Users/vamseekrishna/Desktop/F1_Data_Warehouse/f1datawarehouse/lib/python3.9/site-packages/airflow/example_dags/example_complex.py
[2024-02-24T18:45:53.237-0600] {processor.py:840} INFO - DAG(s) 'example_complex' retrieved from /Users/vamseekrishna/Desktop/F1_Data_Warehouse/f1datawarehouse/lib/python3.9/site-packages/airflow/example_dags/example_complex.py
[2024-02-24T18:45:53.290-0600] {logging_mixin.py:188} INFO - [2024-02-24T18:45:53.290-0600] {dag.py:3036} INFO - Sync 1 DAGs
[2024-02-24T18:45:53.294-0600] {logging_mixin.py:188} INFO - [2024-02-24T18:45:53.294-0600] {dag.py:3823} INFO - Setting next_dagrun for example_complex to None, run_after=None
[2024-02-24T18:45:53.302-0600] {processor.py:183} INFO - Processing /Users/vamseekrishna/Desktop/F1_Data_Warehouse/f1datawarehouse/lib/python3.9/site-packages/airflow/example_dags/example_complex.py took 0.073 seconds
[2024-02-24T18:47:55.054-0600] {processor.py:161} INFO - Started process (PID=98012) to work on /Users/vamseekrishna/Desktop/F1_Data_Warehouse/f1datawarehouse/lib/python3.9/site-packages/airflow/example_dags/example_complex.py
[2024-02-24T18:47:55.055-0600] {processor.py:830} INFO - Processing file /Users/vamseekrishna/Desktop/F1_Data_Warehouse/f1datawarehouse/lib/python3.9/site-packages/airflow/example_dags/example_complex.py for tasks to queue
[2024-02-24T18:47:55.056-0600] {logging_mixin.py:188} INFO - [2024-02-24T18:47:55.056-0600] {dagbag.py:538} INFO - Filling up the DagBag from /Users/vamseekrishna/Desktop/F1_Data_Warehouse/f1datawarehouse/lib/python3.9/site-packages/airflow/example_dags/example_complex.py
[2024-02-24T18:47:55.061-0600] {processor.py:840} INFO - DAG(s) 'example_complex' retrieved from /Users/vamseekrishna/Desktop/F1_Data_Warehouse/f1datawarehouse/lib/python3.9/site-packages/airflow/example_dags/example_complex.py
[2024-02-24T18:47:55.114-0600] {logging_mixin.py:188} INFO - [2024-02-24T18:47:55.114-0600] {dag.py:3036} INFO - Sync 1 DAGs
[2024-02-24T18:47:55.118-0600] {logging_mixin.py:188} INFO - [2024-02-24T18:47:55.118-0600] {dag.py:3823} INFO - Setting next_dagrun for example_complex to None, run_after=None
[2024-02-24T18:47:55.126-0600] {processor.py:183} INFO - Processing /Users/vamseekrishna/Desktop/F1_Data_Warehouse/f1datawarehouse/lib/python3.9/site-packages/airflow/example_dags/example_complex.py took 0.073 seconds
[2024-02-24T18:49:56.491-0600] {processor.py:161} INFO - Started process (PID=98101) to work on /Users/vamseekrishna/Desktop/F1_Data_Warehouse/f1datawarehouse/lib/python3.9/site-packages/airflow/example_dags/example_complex.py
[2024-02-24T18:49:56.493-0600] {processor.py:830} INFO - Processing file /Users/vamseekrishna/Desktop/F1_Data_Warehouse/f1datawarehouse/lib/python3.9/site-packages/airflow/example_dags/example_complex.py for tasks to queue
[2024-02-24T18:49:56.493-0600] {logging_mixin.py:188} INFO - [2024-02-24T18:49:56.493-0600] {dagbag.py:538} INFO - Filling up the DagBag from /Users/vamseekrishna/Desktop/F1_Data_Warehouse/f1datawarehouse/lib/python3.9/site-packages/airflow/example_dags/example_complex.py
[2024-02-24T18:49:56.499-0600] {processor.py:840} INFO - DAG(s) 'example_complex' retrieved from /Users/vamseekrishna/Desktop/F1_Data_Warehouse/f1datawarehouse/lib/python3.9/site-packages/airflow/example_dags/example_complex.py
[2024-02-24T18:49:56.552-0600] {logging_mixin.py:188} INFO - [2024-02-24T18:49:56.552-0600] {dag.py:3036} INFO - Sync 1 DAGs
[2024-02-24T18:49:56.557-0600] {logging_mixin.py:188} INFO - [2024-02-24T18:49:56.557-0600] {dag.py:3823} INFO - Setting next_dagrun for example_complex to None, run_after=None
[2024-02-24T18:49:56.565-0600] {processor.py:183} INFO - Processing /Users/vamseekrishna/Desktop/F1_Data_Warehouse/f1datawarehouse/lib/python3.9/site-packages/airflow/example_dags/example_complex.py took 0.074 seconds
[2024-02-24T18:51:52.596-0600] {processor.py:161} INFO - Started process (PID=98191) to work on /Users/vamseekrishna/Desktop/F1_Data_Warehouse/f1datawarehouse/lib/python3.9/site-packages/airflow/example_dags/example_complex.py
[2024-02-24T18:51:52.598-0600] {processor.py:830} INFO - Processing file /Users/vamseekrishna/Desktop/F1_Data_Warehouse/f1datawarehouse/lib/python3.9/site-packages/airflow/example_dags/example_complex.py for tasks to queue
[2024-02-24T18:51:52.598-0600] {logging_mixin.py:188} INFO - [2024-02-24T18:51:52.598-0600] {dagbag.py:538} INFO - Filling up the DagBag from /Users/vamseekrishna/Desktop/F1_Data_Warehouse/f1datawarehouse/lib/python3.9/site-packages/airflow/example_dags/example_complex.py
[2024-02-24T18:51:52.604-0600] {processor.py:840} INFO - DAG(s) 'example_complex' retrieved from /Users/vamseekrishna/Desktop/F1_Data_Warehouse/f1datawarehouse/lib/python3.9/site-packages/airflow/example_dags/example_complex.py
[2024-02-24T18:51:52.656-0600] {logging_mixin.py:188} INFO - [2024-02-24T18:51:52.656-0600] {dag.py:3036} INFO - Sync 1 DAGs
[2024-02-24T18:51:52.660-0600] {logging_mixin.py:188} INFO - [2024-02-24T18:51:52.660-0600] {dag.py:3823} INFO - Setting next_dagrun for example_complex to None, run_after=None
[2024-02-24T18:51:52.668-0600] {processor.py:183} INFO - Processing /Users/vamseekrishna/Desktop/F1_Data_Warehouse/f1datawarehouse/lib/python3.9/site-packages/airflow/example_dags/example_complex.py took 0.073 seconds
[2024-02-24T18:53:53.207-0600] {processor.py:161} INFO - Started process (PID=98290) to work on /Users/vamseekrishna/Desktop/F1_Data_Warehouse/f1datawarehouse/lib/python3.9/site-packages/airflow/example_dags/example_complex.py
[2024-02-24T18:53:53.209-0600] {processor.py:830} INFO - Processing file /Users/vamseekrishna/Desktop/F1_Data_Warehouse/f1datawarehouse/lib/python3.9/site-packages/airflow/example_dags/example_complex.py for tasks to queue
[2024-02-24T18:53:53.209-0600] {logging_mixin.py:188} INFO - [2024-02-24T18:53:53.209-0600] {dagbag.py:538} INFO - Filling up the DagBag from /Users/vamseekrishna/Desktop/F1_Data_Warehouse/f1datawarehouse/lib/python3.9/site-packages/airflow/example_dags/example_complex.py
[2024-02-24T18:53:53.215-0600] {processor.py:840} INFO - DAG(s) 'example_complex' retrieved from /Users/vamseekrishna/Desktop/F1_Data_Warehouse/f1datawarehouse/lib/python3.9/site-packages/airflow/example_dags/example_complex.py
[2024-02-24T18:53:53.270-0600] {logging_mixin.py:188} INFO - [2024-02-24T18:53:53.270-0600] {dag.py:3036} INFO - Sync 1 DAGs
[2024-02-24T18:53:53.275-0600] {logging_mixin.py:188} INFO - [2024-02-24T18:53:53.275-0600] {dag.py:3823} INFO - Setting next_dagrun for example_complex to None, run_after=None
[2024-02-24T18:53:53.283-0600] {processor.py:183} INFO - Processing /Users/vamseekrishna/Desktop/F1_Data_Warehouse/f1datawarehouse/lib/python3.9/site-packages/airflow/example_dags/example_complex.py took 0.077 seconds
[2024-02-24T18:55:54.011-0600] {processor.py:161} INFO - Started process (PID=98395) to work on /Users/vamseekrishna/Desktop/F1_Data_Warehouse/f1datawarehouse/lib/python3.9/site-packages/airflow/example_dags/example_complex.py
[2024-02-24T18:55:54.013-0600] {processor.py:830} INFO - Processing file /Users/vamseekrishna/Desktop/F1_Data_Warehouse/f1datawarehouse/lib/python3.9/site-packages/airflow/example_dags/example_complex.py for tasks to queue
[2024-02-24T18:55:54.013-0600] {logging_mixin.py:188} INFO - [2024-02-24T18:55:54.013-0600] {dagbag.py:538} INFO - Filling up the DagBag from /Users/vamseekrishna/Desktop/F1_Data_Warehouse/f1datawarehouse/lib/python3.9/site-packages/airflow/example_dags/example_complex.py
[2024-02-24T18:55:54.018-0600] {processor.py:840} INFO - DAG(s) 'example_complex' retrieved from /Users/vamseekrishna/Desktop/F1_Data_Warehouse/f1datawarehouse/lib/python3.9/site-packages/airflow/example_dags/example_complex.py
[2024-02-24T18:55:54.070-0600] {logging_mixin.py:188} INFO - [2024-02-24T18:55:54.070-0600] {dag.py:3036} INFO - Sync 1 DAGs
[2024-02-24T18:55:54.075-0600] {logging_mixin.py:188} INFO - [2024-02-24T18:55:54.075-0600] {dag.py:3823} INFO - Setting next_dagrun for example_complex to None, run_after=None
[2024-02-24T18:55:54.082-0600] {processor.py:183} INFO - Processing /Users/vamseekrishna/Desktop/F1_Data_Warehouse/f1datawarehouse/lib/python3.9/site-packages/airflow/example_dags/example_complex.py took 0.072 seconds
[2024-02-24T18:57:55.680-0600] {processor.py:161} INFO - Started process (PID=98492) to work on /Users/vamseekrishna/Desktop/F1_Data_Warehouse/f1datawarehouse/lib/python3.9/site-packages/airflow/example_dags/example_complex.py
[2024-02-24T18:57:55.681-0600] {processor.py:830} INFO - Processing file /Users/vamseekrishna/Desktop/F1_Data_Warehouse/f1datawarehouse/lib/python3.9/site-packages/airflow/example_dags/example_complex.py for tasks to queue
[2024-02-24T18:57:55.682-0600] {logging_mixin.py:188} INFO - [2024-02-24T18:57:55.682-0600] {dagbag.py:538} INFO - Filling up the DagBag from /Users/vamseekrishna/Desktop/F1_Data_Warehouse/f1datawarehouse/lib/python3.9/site-packages/airflow/example_dags/example_complex.py
[2024-02-24T18:57:55.688-0600] {processor.py:840} INFO - DAG(s) 'example_complex' retrieved from /Users/vamseekrishna/Desktop/F1_Data_Warehouse/f1datawarehouse/lib/python3.9/site-packages/airflow/example_dags/example_complex.py
[2024-02-24T18:57:55.742-0600] {logging_mixin.py:188} INFO - [2024-02-24T18:57:55.742-0600] {dag.py:3036} INFO - Sync 1 DAGs
[2024-02-24T18:57:55.747-0600] {logging_mixin.py:188} INFO - [2024-02-24T18:57:55.747-0600] {dag.py:3823} INFO - Setting next_dagrun for example_complex to None, run_after=None
[2024-02-24T18:57:55.754-0600] {processor.py:183} INFO - Processing /Users/vamseekrishna/Desktop/F1_Data_Warehouse/f1datawarehouse/lib/python3.9/site-packages/airflow/example_dags/example_complex.py took 0.075 seconds
[2024-02-24T18:59:54.966-0600] {processor.py:161} INFO - Started process (PID=98606) to work on /Users/vamseekrishna/Desktop/F1_Data_Warehouse/f1datawarehouse/lib/python3.9/site-packages/airflow/example_dags/example_complex.py
[2024-02-24T18:59:54.967-0600] {processor.py:830} INFO - Processing file /Users/vamseekrishna/Desktop/F1_Data_Warehouse/f1datawarehouse/lib/python3.9/site-packages/airflow/example_dags/example_complex.py for tasks to queue
[2024-02-24T18:59:54.968-0600] {logging_mixin.py:188} INFO - [2024-02-24T18:59:54.967-0600] {dagbag.py:538} INFO - Filling up the DagBag from /Users/vamseekrishna/Desktop/F1_Data_Warehouse/f1datawarehouse/lib/python3.9/site-packages/airflow/example_dags/example_complex.py
[2024-02-24T18:59:54.973-0600] {processor.py:840} INFO - DAG(s) 'example_complex' retrieved from /Users/vamseekrishna/Desktop/F1_Data_Warehouse/f1datawarehouse/lib/python3.9/site-packages/airflow/example_dags/example_complex.py
[2024-02-24T18:59:55.025-0600] {logging_mixin.py:188} INFO - [2024-02-24T18:59:55.025-0600] {dag.py:3036} INFO - Sync 1 DAGs
[2024-02-24T18:59:55.030-0600] {logging_mixin.py:188} INFO - [2024-02-24T18:59:55.029-0600] {dag.py:3823} INFO - Setting next_dagrun for example_complex to None, run_after=None
[2024-02-24T18:59:55.037-0600] {processor.py:183} INFO - Processing /Users/vamseekrishna/Desktop/F1_Data_Warehouse/f1datawarehouse/lib/python3.9/site-packages/airflow/example_dags/example_complex.py took 0.072 seconds
[2024-02-24T19:02:00.301-0600] {processor.py:161} INFO - Started process (PID=98809) to work on /Users/vamseekrishna/Desktop/F1_Data_Warehouse/f1datawarehouse/lib/python3.9/site-packages/airflow/example_dags/example_complex.py
[2024-02-24T19:02:00.302-0600] {processor.py:830} INFO - Processing file /Users/vamseekrishna/Desktop/F1_Data_Warehouse/f1datawarehouse/lib/python3.9/site-packages/airflow/example_dags/example_complex.py for tasks to queue
[2024-02-24T19:02:00.302-0600] {logging_mixin.py:188} INFO - [2024-02-24T19:02:00.302-0600] {dagbag.py:538} INFO - Filling up the DagBag from /Users/vamseekrishna/Desktop/F1_Data_Warehouse/f1datawarehouse/lib/python3.9/site-packages/airflow/example_dags/example_complex.py
[2024-02-24T19:02:00.308-0600] {processor.py:840} INFO - DAG(s) 'example_complex' retrieved from /Users/vamseekrishna/Desktop/F1_Data_Warehouse/f1datawarehouse/lib/python3.9/site-packages/airflow/example_dags/example_complex.py
[2024-02-24T19:02:00.367-0600] {logging_mixin.py:188} INFO - [2024-02-24T19:02:00.366-0600] {dag.py:3036} INFO - Sync 1 DAGs
[2024-02-24T19:02:00.372-0600] {logging_mixin.py:188} INFO - [2024-02-24T19:02:00.372-0600] {dag.py:3823} INFO - Setting next_dagrun for example_complex to None, run_after=None
[2024-02-24T19:02:00.380-0600] {processor.py:183} INFO - Processing /Users/vamseekrishna/Desktop/F1_Data_Warehouse/f1datawarehouse/lib/python3.9/site-packages/airflow/example_dags/example_complex.py took 0.080 seconds
[2024-02-24T19:03:57.237-0600] {processor.py:161} INFO - Started process (PID=98918) to work on /Users/vamseekrishna/Desktop/F1_Data_Warehouse/f1datawarehouse/lib/python3.9/site-packages/airflow/example_dags/example_complex.py
[2024-02-24T19:03:57.239-0600] {processor.py:830} INFO - Processing file /Users/vamseekrishna/Desktop/F1_Data_Warehouse/f1datawarehouse/lib/python3.9/site-packages/airflow/example_dags/example_complex.py for tasks to queue
[2024-02-24T19:03:57.239-0600] {logging_mixin.py:188} INFO - [2024-02-24T19:03:57.239-0600] {dagbag.py:538} INFO - Filling up the DagBag from /Users/vamseekrishna/Desktop/F1_Data_Warehouse/f1datawarehouse/lib/python3.9/site-packages/airflow/example_dags/example_complex.py
[2024-02-24T19:03:57.245-0600] {processor.py:840} INFO - DAG(s) 'example_complex' retrieved from /Users/vamseekrishna/Desktop/F1_Data_Warehouse/f1datawarehouse/lib/python3.9/site-packages/airflow/example_dags/example_complex.py
[2024-02-24T19:03:57.297-0600] {logging_mixin.py:188} INFO - [2024-02-24T19:03:57.297-0600] {dag.py:3036} INFO - Sync 1 DAGs
[2024-02-24T19:03:57.301-0600] {logging_mixin.py:188} INFO - [2024-02-24T19:03:57.301-0600] {dag.py:3823} INFO - Setting next_dagrun for example_complex to None, run_after=None
[2024-02-24T19:03:57.310-0600] {processor.py:183} INFO - Processing /Users/vamseekrishna/Desktop/F1_Data_Warehouse/f1datawarehouse/lib/python3.9/site-packages/airflow/example_dags/example_complex.py took 0.074 seconds
[2024-02-24T19:05:49.998-0600] {processor.py:161} INFO - Started process (PID=99017) to work on /Users/vamseekrishna/Desktop/F1_Data_Warehouse/f1datawarehouse/lib/python3.9/site-packages/airflow/example_dags/example_complex.py
[2024-02-24T19:05:50.000-0600] {processor.py:830} INFO - Processing file /Users/vamseekrishna/Desktop/F1_Data_Warehouse/f1datawarehouse/lib/python3.9/site-packages/airflow/example_dags/example_complex.py for tasks to queue
[2024-02-24T19:05:50.000-0600] {logging_mixin.py:188} INFO - [2024-02-24T19:05:50.000-0600] {dagbag.py:538} INFO - Filling up the DagBag from /Users/vamseekrishna/Desktop/F1_Data_Warehouse/f1datawarehouse/lib/python3.9/site-packages/airflow/example_dags/example_complex.py
[2024-02-24T19:05:50.006-0600] {processor.py:840} INFO - DAG(s) 'example_complex' retrieved from /Users/vamseekrishna/Desktop/F1_Data_Warehouse/f1datawarehouse/lib/python3.9/site-packages/airflow/example_dags/example_complex.py
[2024-02-24T19:05:50.060-0600] {logging_mixin.py:188} INFO - [2024-02-24T19:05:50.060-0600] {dag.py:3036} INFO - Sync 1 DAGs
[2024-02-24T19:05:50.064-0600] {logging_mixin.py:188} INFO - [2024-02-24T19:05:50.064-0600] {dag.py:3823} INFO - Setting next_dagrun for example_complex to None, run_after=None
[2024-02-24T19:05:50.072-0600] {processor.py:183} INFO - Processing /Users/vamseekrishna/Desktop/F1_Data_Warehouse/f1datawarehouse/lib/python3.9/site-packages/airflow/example_dags/example_complex.py took 0.075 seconds
[2024-02-24T19:07:53.254-0600] {processor.py:161} INFO - Started process (PID=99130) to work on /Users/vamseekrishna/Desktop/F1_Data_Warehouse/f1datawarehouse/lib/python3.9/site-packages/airflow/example_dags/example_complex.py
[2024-02-24T19:07:53.255-0600] {processor.py:830} INFO - Processing file /Users/vamseekrishna/Desktop/F1_Data_Warehouse/f1datawarehouse/lib/python3.9/site-packages/airflow/example_dags/example_complex.py for tasks to queue
[2024-02-24T19:07:53.255-0600] {logging_mixin.py:188} INFO - [2024-02-24T19:07:53.255-0600] {dagbag.py:538} INFO - Filling up the DagBag from /Users/vamseekrishna/Desktop/F1_Data_Warehouse/f1datawarehouse/lib/python3.9/site-packages/airflow/example_dags/example_complex.py
[2024-02-24T19:07:53.261-0600] {processor.py:840} INFO - DAG(s) 'example_complex' retrieved from /Users/vamseekrishna/Desktop/F1_Data_Warehouse/f1datawarehouse/lib/python3.9/site-packages/airflow/example_dags/example_complex.py
[2024-02-24T19:07:53.313-0600] {logging_mixin.py:188} INFO - [2024-02-24T19:07:53.313-0600] {dag.py:3036} INFO - Sync 1 DAGs
[2024-02-24T19:07:53.318-0600] {logging_mixin.py:188} INFO - [2024-02-24T19:07:53.318-0600] {dag.py:3823} INFO - Setting next_dagrun for example_complex to None, run_after=None
[2024-02-24T19:07:53.326-0600] {processor.py:183} INFO - Processing /Users/vamseekrishna/Desktop/F1_Data_Warehouse/f1datawarehouse/lib/python3.9/site-packages/airflow/example_dags/example_complex.py took 0.073 seconds
[2024-02-24T19:09:46.744-0600] {processor.py:161} INFO - Started process (PID=99222) to work on /Users/vamseekrishna/Desktop/F1_Data_Warehouse/f1datawarehouse/lib/python3.9/site-packages/airflow/example_dags/example_complex.py
[2024-02-24T19:09:46.776-0600] {processor.py:830} INFO - Processing file /Users/vamseekrishna/Desktop/F1_Data_Warehouse/f1datawarehouse/lib/python3.9/site-packages/airflow/example_dags/example_complex.py for tasks to queue
[2024-02-24T19:09:46.776-0600] {logging_mixin.py:188} INFO - [2024-02-24T19:09:46.776-0600] {dagbag.py:538} INFO - Filling up the DagBag from /Users/vamseekrishna/Desktop/F1_Data_Warehouse/f1datawarehouse/lib/python3.9/site-packages/airflow/example_dags/example_complex.py
[2024-02-24T19:09:46.796-0600] {processor.py:840} INFO - DAG(s) 'example_complex' retrieved from /Users/vamseekrishna/Desktop/F1_Data_Warehouse/f1datawarehouse/lib/python3.9/site-packages/airflow/example_dags/example_complex.py
[2024-02-24T19:09:46.852-0600] {logging_mixin.py:188} INFO - [2024-02-24T19:09:46.852-0600] {dag.py:3036} INFO - Sync 1 DAGs
[2024-02-24T19:09:46.857-0600] {logging_mixin.py:188} INFO - [2024-02-24T19:09:46.857-0600] {dag.py:3823} INFO - Setting next_dagrun for example_complex to None, run_after=None
[2024-02-24T19:09:46.865-0600] {processor.py:183} INFO - Processing /Users/vamseekrishna/Desktop/F1_Data_Warehouse/f1datawarehouse/lib/python3.9/site-packages/airflow/example_dags/example_complex.py took 0.121 seconds
[2024-02-24T19:11:44.230-0600] {processor.py:161} INFO - Started process (PID=99319) to work on /Users/vamseekrishna/Desktop/F1_Data_Warehouse/f1datawarehouse/lib/python3.9/site-packages/airflow/example_dags/example_complex.py
[2024-02-24T19:11:44.232-0600] {processor.py:830} INFO - Processing file /Users/vamseekrishna/Desktop/F1_Data_Warehouse/f1datawarehouse/lib/python3.9/site-packages/airflow/example_dags/example_complex.py for tasks to queue
[2024-02-24T19:11:44.233-0600] {logging_mixin.py:188} INFO - [2024-02-24T19:11:44.233-0600] {dagbag.py:538} INFO - Filling up the DagBag from /Users/vamseekrishna/Desktop/F1_Data_Warehouse/f1datawarehouse/lib/python3.9/site-packages/airflow/example_dags/example_complex.py
[2024-02-24T19:11:44.238-0600] {processor.py:840} INFO - DAG(s) 'example_complex' retrieved from /Users/vamseekrishna/Desktop/F1_Data_Warehouse/f1datawarehouse/lib/python3.9/site-packages/airflow/example_dags/example_complex.py
[2024-02-24T19:11:44.291-0600] {logging_mixin.py:188} INFO - [2024-02-24T19:11:44.291-0600] {dag.py:3036} INFO - Sync 1 DAGs
[2024-02-24T19:11:44.295-0600] {logging_mixin.py:188} INFO - [2024-02-24T19:11:44.295-0600] {dag.py:3823} INFO - Setting next_dagrun for example_complex to None, run_after=None
[2024-02-24T19:11:44.304-0600] {processor.py:183} INFO - Processing /Users/vamseekrishna/Desktop/F1_Data_Warehouse/f1datawarehouse/lib/python3.9/site-packages/airflow/example_dags/example_complex.py took 0.074 seconds
[2024-02-24T19:13:48.701-0600] {processor.py:161} INFO - Started process (PID=99418) to work on /Users/vamseekrishna/Desktop/F1_Data_Warehouse/f1datawarehouse/lib/python3.9/site-packages/airflow/example_dags/example_complex.py
[2024-02-24T19:13:48.703-0600] {processor.py:830} INFO - Processing file /Users/vamseekrishna/Desktop/F1_Data_Warehouse/f1datawarehouse/lib/python3.9/site-packages/airflow/example_dags/example_complex.py for tasks to queue
[2024-02-24T19:13:48.703-0600] {logging_mixin.py:188} INFO - [2024-02-24T19:13:48.703-0600] {dagbag.py:538} INFO - Filling up the DagBag from /Users/vamseekrishna/Desktop/F1_Data_Warehouse/f1datawarehouse/lib/python3.9/site-packages/airflow/example_dags/example_complex.py
[2024-02-24T19:13:48.709-0600] {processor.py:840} INFO - DAG(s) 'example_complex' retrieved from /Users/vamseekrishna/Desktop/F1_Data_Warehouse/f1datawarehouse/lib/python3.9/site-packages/airflow/example_dags/example_complex.py
[2024-02-24T19:13:48.763-0600] {logging_mixin.py:188} INFO - [2024-02-24T19:13:48.763-0600] {dag.py:3036} INFO - Sync 1 DAGs
[2024-02-24T19:13:48.767-0600] {logging_mixin.py:188} INFO - [2024-02-24T19:13:48.767-0600] {dag.py:3823} INFO - Setting next_dagrun for example_complex to None, run_after=None
[2024-02-24T19:13:48.775-0600] {processor.py:183} INFO - Processing /Users/vamseekrishna/Desktop/F1_Data_Warehouse/f1datawarehouse/lib/python3.9/site-packages/airflow/example_dags/example_complex.py took 0.075 seconds
[2024-02-24T19:15:47.769-0600] {processor.py:161} INFO - Started process (PID=99506) to work on /Users/vamseekrishna/Desktop/F1_Data_Warehouse/f1datawarehouse/lib/python3.9/site-packages/airflow/example_dags/example_complex.py
[2024-02-24T19:15:47.771-0600] {processor.py:830} INFO - Processing file /Users/vamseekrishna/Desktop/F1_Data_Warehouse/f1datawarehouse/lib/python3.9/site-packages/airflow/example_dags/example_complex.py for tasks to queue
[2024-02-24T19:15:47.771-0600] {logging_mixin.py:188} INFO - [2024-02-24T19:15:47.771-0600] {dagbag.py:538} INFO - Filling up the DagBag from /Users/vamseekrishna/Desktop/F1_Data_Warehouse/f1datawarehouse/lib/python3.9/site-packages/airflow/example_dags/example_complex.py
[2024-02-24T19:15:47.777-0600] {processor.py:840} INFO - DAG(s) 'example_complex' retrieved from /Users/vamseekrishna/Desktop/F1_Data_Warehouse/f1datawarehouse/lib/python3.9/site-packages/airflow/example_dags/example_complex.py
[2024-02-24T19:15:47.830-0600] {logging_mixin.py:188} INFO - [2024-02-24T19:15:47.829-0600] {dag.py:3036} INFO - Sync 1 DAGs
[2024-02-24T19:15:47.834-0600] {logging_mixin.py:188} INFO - [2024-02-24T19:15:47.834-0600] {dag.py:3823} INFO - Setting next_dagrun for example_complex to None, run_after=None
[2024-02-24T19:15:47.842-0600] {processor.py:183} INFO - Processing /Users/vamseekrishna/Desktop/F1_Data_Warehouse/f1datawarehouse/lib/python3.9/site-packages/airflow/example_dags/example_complex.py took 0.073 seconds
[2024-02-24T19:17:52.358-0600] {processor.py:161} INFO - Started process (PID=99619) to work on /Users/vamseekrishna/Desktop/F1_Data_Warehouse/f1datawarehouse/lib/python3.9/site-packages/airflow/example_dags/example_complex.py
[2024-02-24T19:17:52.359-0600] {processor.py:830} INFO - Processing file /Users/vamseekrishna/Desktop/F1_Data_Warehouse/f1datawarehouse/lib/python3.9/site-packages/airflow/example_dags/example_complex.py for tasks to queue
[2024-02-24T19:17:52.360-0600] {logging_mixin.py:188} INFO - [2024-02-24T19:17:52.360-0600] {dagbag.py:538} INFO - Filling up the DagBag from /Users/vamseekrishna/Desktop/F1_Data_Warehouse/f1datawarehouse/lib/python3.9/site-packages/airflow/example_dags/example_complex.py
[2024-02-24T19:17:52.365-0600] {processor.py:840} INFO - DAG(s) 'example_complex' retrieved from /Users/vamseekrishna/Desktop/F1_Data_Warehouse/f1datawarehouse/lib/python3.9/site-packages/airflow/example_dags/example_complex.py
[2024-02-24T19:17:52.417-0600] {logging_mixin.py:188} INFO - [2024-02-24T19:17:52.417-0600] {dag.py:3036} INFO - Sync 1 DAGs
[2024-02-24T19:17:52.422-0600] {logging_mixin.py:188} INFO - [2024-02-24T19:17:52.421-0600] {dag.py:3823} INFO - Setting next_dagrun for example_complex to None, run_after=None
[2024-02-24T19:17:52.430-0600] {processor.py:183} INFO - Processing /Users/vamseekrishna/Desktop/F1_Data_Warehouse/f1datawarehouse/lib/python3.9/site-packages/airflow/example_dags/example_complex.py took 0.073 seconds
[2024-02-24T19:19:50.736-0600] {processor.py:161} INFO - Started process (PID=99723) to work on /Users/vamseekrishna/Desktop/F1_Data_Warehouse/f1datawarehouse/lib/python3.9/site-packages/airflow/example_dags/example_complex.py
[2024-02-24T19:19:50.737-0600] {processor.py:830} INFO - Processing file /Users/vamseekrishna/Desktop/F1_Data_Warehouse/f1datawarehouse/lib/python3.9/site-packages/airflow/example_dags/example_complex.py for tasks to queue
[2024-02-24T19:19:50.738-0600] {logging_mixin.py:188} INFO - [2024-02-24T19:19:50.737-0600] {dagbag.py:538} INFO - Filling up the DagBag from /Users/vamseekrishna/Desktop/F1_Data_Warehouse/f1datawarehouse/lib/python3.9/site-packages/airflow/example_dags/example_complex.py
[2024-02-24T19:19:50.743-0600] {processor.py:840} INFO - DAG(s) 'example_complex' retrieved from /Users/vamseekrishna/Desktop/F1_Data_Warehouse/f1datawarehouse/lib/python3.9/site-packages/airflow/example_dags/example_complex.py
[2024-02-24T19:19:50.794-0600] {logging_mixin.py:188} INFO - [2024-02-24T19:19:50.794-0600] {dag.py:3036} INFO - Sync 1 DAGs
[2024-02-24T19:19:50.798-0600] {logging_mixin.py:188} INFO - [2024-02-24T19:19:50.798-0600] {dag.py:3823} INFO - Setting next_dagrun for example_complex to None, run_after=None
[2024-02-24T19:19:50.806-0600] {processor.py:183} INFO - Processing /Users/vamseekrishna/Desktop/F1_Data_Warehouse/f1datawarehouse/lib/python3.9/site-packages/airflow/example_dags/example_complex.py took 0.071 seconds
[2024-02-24T19:21:49.287-0600] {processor.py:161} INFO - Started process (PID=99823) to work on /Users/vamseekrishna/Desktop/F1_Data_Warehouse/f1datawarehouse/lib/python3.9/site-packages/airflow/example_dags/example_complex.py
[2024-02-24T19:21:49.289-0600] {processor.py:830} INFO - Processing file /Users/vamseekrishna/Desktop/F1_Data_Warehouse/f1datawarehouse/lib/python3.9/site-packages/airflow/example_dags/example_complex.py for tasks to queue
[2024-02-24T19:21:49.289-0600] {logging_mixin.py:188} INFO - [2024-02-24T19:21:49.289-0600] {dagbag.py:538} INFO - Filling up the DagBag from /Users/vamseekrishna/Desktop/F1_Data_Warehouse/f1datawarehouse/lib/python3.9/site-packages/airflow/example_dags/example_complex.py
[2024-02-24T19:21:49.295-0600] {processor.py:840} INFO - DAG(s) 'example_complex' retrieved from /Users/vamseekrishna/Desktop/F1_Data_Warehouse/f1datawarehouse/lib/python3.9/site-packages/airflow/example_dags/example_complex.py
[2024-02-24T19:21:49.350-0600] {logging_mixin.py:188} INFO - [2024-02-24T19:21:49.349-0600] {dag.py:3036} INFO - Sync 1 DAGs
[2024-02-24T19:21:49.354-0600] {logging_mixin.py:188} INFO - [2024-02-24T19:21:49.354-0600] {dag.py:3823} INFO - Setting next_dagrun for example_complex to None, run_after=None
[2024-02-24T19:21:49.361-0600] {processor.py:183} INFO - Processing /Users/vamseekrishna/Desktop/F1_Data_Warehouse/f1datawarehouse/lib/python3.9/site-packages/airflow/example_dags/example_complex.py took 0.075 seconds
[2024-02-24T19:23:49.603-0600] {processor.py:161} INFO - Started process (PID=99918) to work on /Users/vamseekrishna/Desktop/F1_Data_Warehouse/f1datawarehouse/lib/python3.9/site-packages/airflow/example_dags/example_complex.py
[2024-02-24T19:23:49.605-0600] {processor.py:830} INFO - Processing file /Users/vamseekrishna/Desktop/F1_Data_Warehouse/f1datawarehouse/lib/python3.9/site-packages/airflow/example_dags/example_complex.py for tasks to queue
[2024-02-24T19:23:49.606-0600] {logging_mixin.py:188} INFO - [2024-02-24T19:23:49.605-0600] {dagbag.py:538} INFO - Filling up the DagBag from /Users/vamseekrishna/Desktop/F1_Data_Warehouse/f1datawarehouse/lib/python3.9/site-packages/airflow/example_dags/example_complex.py
[2024-02-24T19:23:49.612-0600] {processor.py:840} INFO - DAG(s) 'example_complex' retrieved from /Users/vamseekrishna/Desktop/F1_Data_Warehouse/f1datawarehouse/lib/python3.9/site-packages/airflow/example_dags/example_complex.py
[2024-02-24T19:23:49.669-0600] {logging_mixin.py:188} INFO - [2024-02-24T19:23:49.669-0600] {dag.py:3036} INFO - Sync 1 DAGs
[2024-02-24T19:23:49.674-0600] {logging_mixin.py:188} INFO - [2024-02-24T19:23:49.674-0600] {dag.py:3823} INFO - Setting next_dagrun for example_complex to None, run_after=None
[2024-02-24T19:23:49.683-0600] {processor.py:183} INFO - Processing /Users/vamseekrishna/Desktop/F1_Data_Warehouse/f1datawarehouse/lib/python3.9/site-packages/airflow/example_dags/example_complex.py took 0.081 seconds
[2024-02-24T19:25:50.392-0600] {processor.py:161} INFO - Started process (PID=122) to work on /Users/vamseekrishna/Desktop/F1_Data_Warehouse/f1datawarehouse/lib/python3.9/site-packages/airflow/example_dags/example_complex.py
[2024-02-24T19:25:50.394-0600] {processor.py:830} INFO - Processing file /Users/vamseekrishna/Desktop/F1_Data_Warehouse/f1datawarehouse/lib/python3.9/site-packages/airflow/example_dags/example_complex.py for tasks to queue
[2024-02-24T19:25:50.394-0600] {logging_mixin.py:188} INFO - [2024-02-24T19:25:50.394-0600] {dagbag.py:538} INFO - Filling up the DagBag from /Users/vamseekrishna/Desktop/F1_Data_Warehouse/f1datawarehouse/lib/python3.9/site-packages/airflow/example_dags/example_complex.py
[2024-02-24T19:25:50.400-0600] {processor.py:840} INFO - DAG(s) 'example_complex' retrieved from /Users/vamseekrishna/Desktop/F1_Data_Warehouse/f1datawarehouse/lib/python3.9/site-packages/airflow/example_dags/example_complex.py
[2024-02-24T19:25:50.453-0600] {logging_mixin.py:188} INFO - [2024-02-24T19:25:50.453-0600] {dag.py:3036} INFO - Sync 1 DAGs
[2024-02-24T19:25:50.457-0600] {logging_mixin.py:188} INFO - [2024-02-24T19:25:50.457-0600] {dag.py:3823} INFO - Setting next_dagrun for example_complex to None, run_after=None
[2024-02-24T19:25:50.465-0600] {processor.py:183} INFO - Processing /Users/vamseekrishna/Desktop/F1_Data_Warehouse/f1datawarehouse/lib/python3.9/site-packages/airflow/example_dags/example_complex.py took 0.073 seconds
[2024-02-24T19:28:08.407-0600] {processor.py:161} INFO - Started process (PID=270) to work on /Users/vamseekrishna/Desktop/F1_Data_Warehouse/f1datawarehouse/lib/python3.9/site-packages/airflow/example_dags/example_complex.py
[2024-02-24T19:28:08.409-0600] {processor.py:830} INFO - Processing file /Users/vamseekrishna/Desktop/F1_Data_Warehouse/f1datawarehouse/lib/python3.9/site-packages/airflow/example_dags/example_complex.py for tasks to queue
[2024-02-24T19:28:08.410-0600] {logging_mixin.py:188} INFO - [2024-02-24T19:28:08.410-0600] {dagbag.py:538} INFO - Filling up the DagBag from /Users/vamseekrishna/Desktop/F1_Data_Warehouse/f1datawarehouse/lib/python3.9/site-packages/airflow/example_dags/example_complex.py
[2024-02-24T19:28:08.415-0600] {processor.py:840} INFO - DAG(s) 'example_complex' retrieved from /Users/vamseekrishna/Desktop/F1_Data_Warehouse/f1datawarehouse/lib/python3.9/site-packages/airflow/example_dags/example_complex.py
[2024-02-24T19:28:08.469-0600] {logging_mixin.py:188} INFO - [2024-02-24T19:28:08.469-0600] {dag.py:3036} INFO - Sync 1 DAGs
[2024-02-24T19:28:08.473-0600] {logging_mixin.py:188} INFO - [2024-02-24T19:28:08.473-0600] {dag.py:3823} INFO - Setting next_dagrun for example_complex to None, run_after=None
[2024-02-24T19:28:08.481-0600] {processor.py:183} INFO - Processing /Users/vamseekrishna/Desktop/F1_Data_Warehouse/f1datawarehouse/lib/python3.9/site-packages/airflow/example_dags/example_complex.py took 0.074 seconds
[2024-02-24T19:30:12.949-0600] {processor.py:161} INFO - Started process (PID=372) to work on /Users/vamseekrishna/Desktop/F1_Data_Warehouse/f1datawarehouse/lib/python3.9/site-packages/airflow/example_dags/example_complex.py
[2024-02-24T19:30:12.951-0600] {processor.py:830} INFO - Processing file /Users/vamseekrishna/Desktop/F1_Data_Warehouse/f1datawarehouse/lib/python3.9/site-packages/airflow/example_dags/example_complex.py for tasks to queue
[2024-02-24T19:30:12.951-0600] {logging_mixin.py:188} INFO - [2024-02-24T19:30:12.951-0600] {dagbag.py:538} INFO - Filling up the DagBag from /Users/vamseekrishna/Desktop/F1_Data_Warehouse/f1datawarehouse/lib/python3.9/site-packages/airflow/example_dags/example_complex.py
[2024-02-24T19:30:12.957-0600] {processor.py:840} INFO - DAG(s) 'example_complex' retrieved from /Users/vamseekrishna/Desktop/F1_Data_Warehouse/f1datawarehouse/lib/python3.9/site-packages/airflow/example_dags/example_complex.py
[2024-02-24T19:30:13.013-0600] {logging_mixin.py:188} INFO - [2024-02-24T19:30:13.012-0600] {dag.py:3036} INFO - Sync 1 DAGs
[2024-02-24T19:30:13.017-0600] {logging_mixin.py:188} INFO - [2024-02-24T19:30:13.017-0600] {dag.py:3823} INFO - Setting next_dagrun for example_complex to None, run_after=None
[2024-02-24T19:30:13.025-0600] {processor.py:183} INFO - Processing /Users/vamseekrishna/Desktop/F1_Data_Warehouse/f1datawarehouse/lib/python3.9/site-packages/airflow/example_dags/example_complex.py took 0.076 seconds
[2024-02-24T19:32:18.695-0600] {processor.py:161} INFO - Started process (PID=484) to work on /Users/vamseekrishna/Desktop/F1_Data_Warehouse/f1datawarehouse/lib/python3.9/site-packages/airflow/example_dags/example_complex.py
[2024-02-24T19:32:18.697-0600] {processor.py:830} INFO - Processing file /Users/vamseekrishna/Desktop/F1_Data_Warehouse/f1datawarehouse/lib/python3.9/site-packages/airflow/example_dags/example_complex.py for tasks to queue
[2024-02-24T19:32:18.697-0600] {logging_mixin.py:188} INFO - [2024-02-24T19:32:18.697-0600] {dagbag.py:538} INFO - Filling up the DagBag from /Users/vamseekrishna/Desktop/F1_Data_Warehouse/f1datawarehouse/lib/python3.9/site-packages/airflow/example_dags/example_complex.py
[2024-02-24T19:32:18.703-0600] {processor.py:840} INFO - DAG(s) 'example_complex' retrieved from /Users/vamseekrishna/Desktop/F1_Data_Warehouse/f1datawarehouse/lib/python3.9/site-packages/airflow/example_dags/example_complex.py
[2024-02-24T19:32:18.755-0600] {logging_mixin.py:188} INFO - [2024-02-24T19:32:18.755-0600] {dag.py:3036} INFO - Sync 1 DAGs
[2024-02-24T19:32:18.760-0600] {logging_mixin.py:188} INFO - [2024-02-24T19:32:18.760-0600] {dag.py:3823} INFO - Setting next_dagrun for example_complex to None, run_after=None
[2024-02-24T19:32:18.768-0600] {processor.py:183} INFO - Processing /Users/vamseekrishna/Desktop/F1_Data_Warehouse/f1datawarehouse/lib/python3.9/site-packages/airflow/example_dags/example_complex.py took 0.074 seconds
[2024-02-24T19:34:20.522-0600] {processor.py:161} INFO - Started process (PID=638) to work on /Users/vamseekrishna/Desktop/F1_Data_Warehouse/f1datawarehouse/lib/python3.9/site-packages/airflow/example_dags/example_complex.py
[2024-02-24T19:34:20.524-0600] {processor.py:830} INFO - Processing file /Users/vamseekrishna/Desktop/F1_Data_Warehouse/f1datawarehouse/lib/python3.9/site-packages/airflow/example_dags/example_complex.py for tasks to queue
[2024-02-24T19:34:20.524-0600] {logging_mixin.py:188} INFO - [2024-02-24T19:34:20.524-0600] {dagbag.py:538} INFO - Filling up the DagBag from /Users/vamseekrishna/Desktop/F1_Data_Warehouse/f1datawarehouse/lib/python3.9/site-packages/airflow/example_dags/example_complex.py
[2024-02-24T19:34:20.530-0600] {processor.py:840} INFO - DAG(s) 'example_complex' retrieved from /Users/vamseekrishna/Desktop/F1_Data_Warehouse/f1datawarehouse/lib/python3.9/site-packages/airflow/example_dags/example_complex.py
[2024-02-24T19:34:20.583-0600] {logging_mixin.py:188} INFO - [2024-02-24T19:34:20.582-0600] {dag.py:3036} INFO - Sync 1 DAGs
[2024-02-24T19:34:20.587-0600] {logging_mixin.py:188} INFO - [2024-02-24T19:34:20.587-0600] {dag.py:3823} INFO - Setting next_dagrun for example_complex to None, run_after=None
[2024-02-24T19:34:20.595-0600] {processor.py:183} INFO - Processing /Users/vamseekrishna/Desktop/F1_Data_Warehouse/f1datawarehouse/lib/python3.9/site-packages/airflow/example_dags/example_complex.py took 0.073 seconds
[2024-02-24T19:36:29.772-0600] {processor.py:161} INFO - Started process (PID=799) to work on /Users/vamseekrishna/Desktop/F1_Data_Warehouse/f1datawarehouse/lib/python3.9/site-packages/airflow/example_dags/example_complex.py
[2024-02-24T19:36:29.774-0600] {processor.py:830} INFO - Processing file /Users/vamseekrishna/Desktop/F1_Data_Warehouse/f1datawarehouse/lib/python3.9/site-packages/airflow/example_dags/example_complex.py for tasks to queue
[2024-02-24T19:36:29.774-0600] {logging_mixin.py:188} INFO - [2024-02-24T19:36:29.774-0600] {dagbag.py:538} INFO - Filling up the DagBag from /Users/vamseekrishna/Desktop/F1_Data_Warehouse/f1datawarehouse/lib/python3.9/site-packages/airflow/example_dags/example_complex.py
[2024-02-24T19:36:29.785-0600] {processor.py:840} INFO - DAG(s) 'example_complex' retrieved from /Users/vamseekrishna/Desktop/F1_Data_Warehouse/f1datawarehouse/lib/python3.9/site-packages/airflow/example_dags/example_complex.py
[2024-02-24T19:36:29.850-0600] {logging_mixin.py:188} INFO - [2024-02-24T19:36:29.850-0600] {dag.py:3036} INFO - Sync 1 DAGs
[2024-02-24T19:36:29.856-0600] {logging_mixin.py:188} INFO - [2024-02-24T19:36:29.855-0600] {dag.py:3823} INFO - Setting next_dagrun for example_complex to None, run_after=None
[2024-02-24T19:36:29.865-0600] {processor.py:183} INFO - Processing /Users/vamseekrishna/Desktop/F1_Data_Warehouse/f1datawarehouse/lib/python3.9/site-packages/airflow/example_dags/example_complex.py took 0.094 seconds
[2024-02-24T19:38:40.883-0600] {processor.py:161} INFO - Started process (PID=922) to work on /Users/vamseekrishna/Desktop/F1_Data_Warehouse/f1datawarehouse/lib/python3.9/site-packages/airflow/example_dags/example_complex.py
[2024-02-24T19:38:40.885-0600] {processor.py:830} INFO - Processing file /Users/vamseekrishna/Desktop/F1_Data_Warehouse/f1datawarehouse/lib/python3.9/site-packages/airflow/example_dags/example_complex.py for tasks to queue
[2024-02-24T19:38:40.885-0600] {logging_mixin.py:188} INFO - [2024-02-24T19:38:40.885-0600] {dagbag.py:538} INFO - Filling up the DagBag from /Users/vamseekrishna/Desktop/F1_Data_Warehouse/f1datawarehouse/lib/python3.9/site-packages/airflow/example_dags/example_complex.py
[2024-02-24T19:38:40.890-0600] {processor.py:840} INFO - DAG(s) 'example_complex' retrieved from /Users/vamseekrishna/Desktop/F1_Data_Warehouse/f1datawarehouse/lib/python3.9/site-packages/airflow/example_dags/example_complex.py
[2024-02-24T19:38:40.943-0600] {logging_mixin.py:188} INFO - [2024-02-24T19:38:40.943-0600] {dag.py:3036} INFO - Sync 1 DAGs
[2024-02-24T19:38:40.947-0600] {logging_mixin.py:188} INFO - [2024-02-24T19:38:40.947-0600] {dag.py:3823} INFO - Setting next_dagrun for example_complex to None, run_after=None
[2024-02-24T19:38:40.955-0600] {processor.py:183} INFO - Processing /Users/vamseekrishna/Desktop/F1_Data_Warehouse/f1datawarehouse/lib/python3.9/site-packages/airflow/example_dags/example_complex.py took 0.073 seconds
[2024-02-24T19:40:45.721-0600] {processor.py:161} INFO - Started process (PID=1076) to work on /Users/vamseekrishna/Desktop/F1_Data_Warehouse/f1datawarehouse/lib/python3.9/site-packages/airflow/example_dags/example_complex.py
[2024-02-24T19:40:45.722-0600] {processor.py:830} INFO - Processing file /Users/vamseekrishna/Desktop/F1_Data_Warehouse/f1datawarehouse/lib/python3.9/site-packages/airflow/example_dags/example_complex.py for tasks to queue
[2024-02-24T19:40:45.722-0600] {logging_mixin.py:188} INFO - [2024-02-24T19:40:45.722-0600] {dagbag.py:538} INFO - Filling up the DagBag from /Users/vamseekrishna/Desktop/F1_Data_Warehouse/f1datawarehouse/lib/python3.9/site-packages/airflow/example_dags/example_complex.py
[2024-02-24T19:40:45.728-0600] {processor.py:840} INFO - DAG(s) 'example_complex' retrieved from /Users/vamseekrishna/Desktop/F1_Data_Warehouse/f1datawarehouse/lib/python3.9/site-packages/airflow/example_dags/example_complex.py
[2024-02-24T19:40:45.784-0600] {logging_mixin.py:188} INFO - [2024-02-24T19:40:45.784-0600] {dag.py:3036} INFO - Sync 1 DAGs
[2024-02-24T19:40:45.788-0600] {logging_mixin.py:188} INFO - [2024-02-24T19:40:45.788-0600] {dag.py:3823} INFO - Setting next_dagrun for example_complex to None, run_after=None
[2024-02-24T19:40:45.795-0600] {processor.py:183} INFO - Processing /Users/vamseekrishna/Desktop/F1_Data_Warehouse/f1datawarehouse/lib/python3.9/site-packages/airflow/example_dags/example_complex.py took 0.075 seconds
[2024-02-24T19:42:53.145-0600] {processor.py:161} INFO - Started process (PID=1246) to work on /Users/vamseekrishna/Desktop/F1_Data_Warehouse/f1datawarehouse/lib/python3.9/site-packages/airflow/example_dags/example_complex.py
[2024-02-24T19:42:53.146-0600] {processor.py:830} INFO - Processing file /Users/vamseekrishna/Desktop/F1_Data_Warehouse/f1datawarehouse/lib/python3.9/site-packages/airflow/example_dags/example_complex.py for tasks to queue
[2024-02-24T19:42:53.146-0600] {logging_mixin.py:188} INFO - [2024-02-24T19:42:53.146-0600] {dagbag.py:538} INFO - Filling up the DagBag from /Users/vamseekrishna/Desktop/F1_Data_Warehouse/f1datawarehouse/lib/python3.9/site-packages/airflow/example_dags/example_complex.py
[2024-02-24T19:42:53.152-0600] {processor.py:840} INFO - DAG(s) 'example_complex' retrieved from /Users/vamseekrishna/Desktop/F1_Data_Warehouse/f1datawarehouse/lib/python3.9/site-packages/airflow/example_dags/example_complex.py
[2024-02-24T19:42:53.208-0600] {logging_mixin.py:188} INFO - [2024-02-24T19:42:53.208-0600] {dag.py:3036} INFO - Sync 1 DAGs
[2024-02-24T19:42:53.213-0600] {logging_mixin.py:188} INFO - [2024-02-24T19:42:53.212-0600] {dag.py:3823} INFO - Setting next_dagrun for example_complex to None, run_after=None
[2024-02-24T19:42:53.220-0600] {processor.py:183} INFO - Processing /Users/vamseekrishna/Desktop/F1_Data_Warehouse/f1datawarehouse/lib/python3.9/site-packages/airflow/example_dags/example_complex.py took 0.076 seconds
[2024-02-24T19:45:27.494-0600] {processor.py:161} INFO - Started process (PID=1557) to work on /Users/vamseekrishna/Desktop/F1_Data_Warehouse/f1datawarehouse/lib/python3.9/site-packages/airflow/example_dags/example_complex.py
[2024-02-24T19:45:27.496-0600] {processor.py:830} INFO - Processing file /Users/vamseekrishna/Desktop/F1_Data_Warehouse/f1datawarehouse/lib/python3.9/site-packages/airflow/example_dags/example_complex.py for tasks to queue
[2024-02-24T19:45:27.496-0600] {logging_mixin.py:188} INFO - [2024-02-24T19:45:27.496-0600] {dagbag.py:538} INFO - Filling up the DagBag from /Users/vamseekrishna/Desktop/F1_Data_Warehouse/f1datawarehouse/lib/python3.9/site-packages/airflow/example_dags/example_complex.py
[2024-02-24T19:45:27.502-0600] {processor.py:840} INFO - DAG(s) 'example_complex' retrieved from /Users/vamseekrishna/Desktop/F1_Data_Warehouse/f1datawarehouse/lib/python3.9/site-packages/airflow/example_dags/example_complex.py
[2024-02-24T19:45:27.556-0600] {logging_mixin.py:188} INFO - [2024-02-24T19:45:27.556-0600] {dag.py:3036} INFO - Sync 1 DAGs
[2024-02-24T19:45:27.560-0600] {logging_mixin.py:188} INFO - [2024-02-24T19:45:27.560-0600] {dag.py:3823} INFO - Setting next_dagrun for example_complex to None, run_after=None
[2024-02-24T19:45:27.567-0600] {processor.py:183} INFO - Processing /Users/vamseekrishna/Desktop/F1_Data_Warehouse/f1datawarehouse/lib/python3.9/site-packages/airflow/example_dags/example_complex.py took 0.074 seconds
[2024-02-24T19:47:52.301-0600] {processor.py:161} INFO - Started process (PID=1779) to work on /Users/vamseekrishna/Desktop/F1_Data_Warehouse/f1datawarehouse/lib/python3.9/site-packages/airflow/example_dags/example_complex.py
[2024-02-24T19:47:52.303-0600] {processor.py:830} INFO - Processing file /Users/vamseekrishna/Desktop/F1_Data_Warehouse/f1datawarehouse/lib/python3.9/site-packages/airflow/example_dags/example_complex.py for tasks to queue
[2024-02-24T19:47:52.303-0600] {logging_mixin.py:188} INFO - [2024-02-24T19:47:52.303-0600] {dagbag.py:538} INFO - Filling up the DagBag from /Users/vamseekrishna/Desktop/F1_Data_Warehouse/f1datawarehouse/lib/python3.9/site-packages/airflow/example_dags/example_complex.py
[2024-02-24T19:47:52.309-0600] {processor.py:840} INFO - DAG(s) 'example_complex' retrieved from /Users/vamseekrishna/Desktop/F1_Data_Warehouse/f1datawarehouse/lib/python3.9/site-packages/airflow/example_dags/example_complex.py
[2024-02-24T19:47:52.367-0600] {logging_mixin.py:188} INFO - [2024-02-24T19:47:52.367-0600] {dag.py:3036} INFO - Sync 1 DAGs
[2024-02-24T19:47:52.372-0600] {logging_mixin.py:188} INFO - [2024-02-24T19:47:52.372-0600] {dag.py:3823} INFO - Setting next_dagrun for example_complex to None, run_after=None
[2024-02-24T19:47:52.381-0600] {processor.py:183} INFO - Processing /Users/vamseekrishna/Desktop/F1_Data_Warehouse/f1datawarehouse/lib/python3.9/site-packages/airflow/example_dags/example_complex.py took 0.081 seconds
