[2024-02-24T21:37:01.374-0600] {processor.py:161} INFO - Started process (PID=8265) to work on /Users/vamseekrishna/Desktop/F1_Data_Warehouse/f1datawarehouse/lib/python3.9/site-packages/airflow/example_dags/example_python_operator.py
[2024-02-24T21:37:01.375-0600] {processor.py:830} INFO - Processing file /Users/vamseekrishna/Desktop/F1_Data_Warehouse/f1datawarehouse/lib/python3.9/site-packages/airflow/example_dags/example_python_operator.py for tasks to queue
[2024-02-24T21:37:01.375-0600] {logging_mixin.py:188} INFO - [2024-02-24T21:37:01.375-0600] {dagbag.py:538} INFO - Filling up the DagBag from /Users/vamseekrishna/Desktop/F1_Data_Warehouse/f1datawarehouse/lib/python3.9/site-packages/airflow/example_dags/example_python_operator.py
[2024-02-24T21:37:01.386-0600] {logging_mixin.py:188} INFO - [2024-02-24T21:37:01.386-0600] {example_python_operator.py:88} WARNING - The virtalenv_python example task requires virtualenv, please install it.
[2024-02-24T21:37:01.388-0600] {processor.py:840} INFO - DAG(s) 'example_python_operator' retrieved from /Users/vamseekrishna/Desktop/F1_Data_Warehouse/f1datawarehouse/lib/python3.9/site-packages/airflow/example_dags/example_python_operator.py
[2024-02-24T21:37:01.473-0600] {logging_mixin.py:188} INFO - [2024-02-24T21:37:01.473-0600] {dag.py:3036} INFO - Sync 1 DAGs
[2024-02-24T21:37:01.478-0600] {logging_mixin.py:188} INFO - [2024-02-24T21:37:01.477-0600] {dag.py:3823} INFO - Setting next_dagrun for example_python_operator to None, run_after=None
[2024-02-24T21:37:01.487-0600] {processor.py:183} INFO - Processing /Users/vamseekrishna/Desktop/F1_Data_Warehouse/f1datawarehouse/lib/python3.9/site-packages/airflow/example_dags/example_python_operator.py took 0.114 seconds
[2024-02-24T21:38:33.595-0600] {processor.py:161} INFO - Started process (PID=8408) to work on /Users/vamseekrishna/Desktop/F1_Data_Warehouse/f1datawarehouse/lib/python3.9/site-packages/airflow/example_dags/example_python_operator.py
[2024-02-24T21:38:33.596-0600] {processor.py:830} INFO - Processing file /Users/vamseekrishna/Desktop/F1_Data_Warehouse/f1datawarehouse/lib/python3.9/site-packages/airflow/example_dags/example_python_operator.py for tasks to queue
[2024-02-24T21:38:33.596-0600] {logging_mixin.py:188} INFO - [2024-02-24T21:38:33.596-0600] {dagbag.py:538} INFO - Filling up the DagBag from /Users/vamseekrishna/Desktop/F1_Data_Warehouse/f1datawarehouse/lib/python3.9/site-packages/airflow/example_dags/example_python_operator.py
[2024-02-24T21:38:33.607-0600] {logging_mixin.py:188} INFO - [2024-02-24T21:38:33.607-0600] {example_python_operator.py:88} WARNING - The virtalenv_python example task requires virtualenv, please install it.
[2024-02-24T21:38:33.608-0600] {processor.py:840} INFO - DAG(s) 'example_python_operator' retrieved from /Users/vamseekrishna/Desktop/F1_Data_Warehouse/f1datawarehouse/lib/python3.9/site-packages/airflow/example_dags/example_python_operator.py
[2024-02-24T21:38:33.655-0600] {logging_mixin.py:188} INFO - [2024-02-24T21:38:33.654-0600] {dag.py:3036} INFO - Sync 1 DAGs
[2024-02-24T21:38:33.658-0600] {logging_mixin.py:188} INFO - [2024-02-24T21:38:33.658-0600] {dag.py:3823} INFO - Setting next_dagrun for example_python_operator to None, run_after=None
[2024-02-24T21:38:33.666-0600] {processor.py:183} INFO - Processing /Users/vamseekrishna/Desktop/F1_Data_Warehouse/f1datawarehouse/lib/python3.9/site-packages/airflow/example_dags/example_python_operator.py took 0.072 seconds
[2024-02-24T21:40:33.107-0600] {processor.py:161} INFO - Started process (PID=8608) to work on /Users/vamseekrishna/Desktop/F1_Data_Warehouse/f1datawarehouse/lib/python3.9/site-packages/airflow/example_dags/example_python_operator.py
[2024-02-24T21:40:33.109-0600] {processor.py:830} INFO - Processing file /Users/vamseekrishna/Desktop/F1_Data_Warehouse/f1datawarehouse/lib/python3.9/site-packages/airflow/example_dags/example_python_operator.py for tasks to queue
[2024-02-24T21:40:33.109-0600] {logging_mixin.py:188} INFO - [2024-02-24T21:40:33.109-0600] {dagbag.py:538} INFO - Filling up the DagBag from /Users/vamseekrishna/Desktop/F1_Data_Warehouse/f1datawarehouse/lib/python3.9/site-packages/airflow/example_dags/example_python_operator.py
[2024-02-24T21:40:33.122-0600] {logging_mixin.py:188} INFO - [2024-02-24T21:40:33.122-0600] {example_python_operator.py:88} WARNING - The virtalenv_python example task requires virtualenv, please install it.
[2024-02-24T21:40:33.124-0600] {processor.py:840} INFO - DAG(s) 'example_python_operator' retrieved from /Users/vamseekrishna/Desktop/F1_Data_Warehouse/f1datawarehouse/lib/python3.9/site-packages/airflow/example_dags/example_python_operator.py
[2024-02-24T21:40:33.177-0600] {logging_mixin.py:188} INFO - [2024-02-24T21:40:33.177-0600] {dag.py:3036} INFO - Sync 1 DAGs
[2024-02-24T21:40:33.181-0600] {logging_mixin.py:188} INFO - [2024-02-24T21:40:33.181-0600] {dag.py:3823} INFO - Setting next_dagrun for example_python_operator to None, run_after=None
[2024-02-24T21:40:33.188-0600] {processor.py:183} INFO - Processing /Users/vamseekrishna/Desktop/F1_Data_Warehouse/f1datawarehouse/lib/python3.9/site-packages/airflow/example_dags/example_python_operator.py took 0.081 seconds
[2024-02-24T21:50:02.946-0600] {processor.py:161} INFO - Started process (PID=9073) to work on /Users/vamseekrishna/Desktop/F1_Data_Warehouse/f1datawarehouse/lib/python3.9/site-packages/airflow/example_dags/example_python_operator.py
[2024-02-24T21:50:02.948-0600] {processor.py:830} INFO - Processing file /Users/vamseekrishna/Desktop/F1_Data_Warehouse/f1datawarehouse/lib/python3.9/site-packages/airflow/example_dags/example_python_operator.py for tasks to queue
[2024-02-24T21:50:02.948-0600] {logging_mixin.py:188} INFO - [2024-02-24T21:50:02.948-0600] {dagbag.py:538} INFO - Filling up the DagBag from /Users/vamseekrishna/Desktop/F1_Data_Warehouse/f1datawarehouse/lib/python3.9/site-packages/airflow/example_dags/example_python_operator.py
[2024-02-24T21:50:02.959-0600] {logging_mixin.py:188} INFO - [2024-02-24T21:50:02.959-0600] {example_python_operator.py:88} WARNING - The virtalenv_python example task requires virtualenv, please install it.
[2024-02-24T21:50:02.960-0600] {processor.py:840} INFO - DAG(s) 'example_python_operator' retrieved from /Users/vamseekrishna/Desktop/F1_Data_Warehouse/f1datawarehouse/lib/python3.9/site-packages/airflow/example_dags/example_python_operator.py
[2024-02-24T21:50:03.007-0600] {logging_mixin.py:188} INFO - [2024-02-24T21:50:03.006-0600] {dag.py:3036} INFO - Sync 1 DAGs
[2024-02-24T21:50:03.011-0600] {logging_mixin.py:188} INFO - [2024-02-24T21:50:03.011-0600] {dag.py:3823} INFO - Setting next_dagrun for example_python_operator to None, run_after=None
[2024-02-24T21:50:03.019-0600] {processor.py:183} INFO - Processing /Users/vamseekrishna/Desktop/F1_Data_Warehouse/f1datawarehouse/lib/python3.9/site-packages/airflow/example_dags/example_python_operator.py took 0.073 seconds
[2024-02-24T21:51:31.839-0600] {processor.py:161} INFO - Started process (PID=9173) to work on /Users/vamseekrishna/Desktop/F1_Data_Warehouse/f1datawarehouse/lib/python3.9/site-packages/airflow/example_dags/example_python_operator.py
[2024-02-24T21:51:31.841-0600] {processor.py:830} INFO - Processing file /Users/vamseekrishna/Desktop/F1_Data_Warehouse/f1datawarehouse/lib/python3.9/site-packages/airflow/example_dags/example_python_operator.py for tasks to queue
[2024-02-24T21:51:31.841-0600] {logging_mixin.py:188} INFO - [2024-02-24T21:51:31.841-0600] {dagbag.py:538} INFO - Filling up the DagBag from /Users/vamseekrishna/Desktop/F1_Data_Warehouse/f1datawarehouse/lib/python3.9/site-packages/airflow/example_dags/example_python_operator.py
[2024-02-24T21:51:31.852-0600] {logging_mixin.py:188} INFO - [2024-02-24T21:51:31.852-0600] {example_python_operator.py:88} WARNING - The virtalenv_python example task requires virtualenv, please install it.
[2024-02-24T21:51:31.854-0600] {processor.py:840} INFO - DAG(s) 'example_python_operator' retrieved from /Users/vamseekrishna/Desktop/F1_Data_Warehouse/f1datawarehouse/lib/python3.9/site-packages/airflow/example_dags/example_python_operator.py
[2024-02-24T21:51:31.902-0600] {logging_mixin.py:188} INFO - [2024-02-24T21:51:31.901-0600] {dag.py:3036} INFO - Sync 1 DAGs
[2024-02-24T21:51:31.906-0600] {logging_mixin.py:188} INFO - [2024-02-24T21:51:31.905-0600] {dag.py:3823} INFO - Setting next_dagrun for example_python_operator to None, run_after=None
[2024-02-24T21:51:31.914-0600] {processor.py:183} INFO - Processing /Users/vamseekrishna/Desktop/F1_Data_Warehouse/f1datawarehouse/lib/python3.9/site-packages/airflow/example_dags/example_python_operator.py took 0.075 seconds
[2024-02-24T21:53:38.220-0600] {processor.py:161} INFO - Started process (PID=9317) to work on /Users/vamseekrishna/Desktop/F1_Data_Warehouse/f1datawarehouse/lib/python3.9/site-packages/airflow/example_dags/example_python_operator.py
[2024-02-24T21:53:38.221-0600] {processor.py:830} INFO - Processing file /Users/vamseekrishna/Desktop/F1_Data_Warehouse/f1datawarehouse/lib/python3.9/site-packages/airflow/example_dags/example_python_operator.py for tasks to queue
[2024-02-24T21:53:38.222-0600] {logging_mixin.py:188} INFO - [2024-02-24T21:53:38.222-0600] {dagbag.py:538} INFO - Filling up the DagBag from /Users/vamseekrishna/Desktop/F1_Data_Warehouse/f1datawarehouse/lib/python3.9/site-packages/airflow/example_dags/example_python_operator.py
[2024-02-24T21:53:38.234-0600] {logging_mixin.py:188} INFO - [2024-02-24T21:53:38.234-0600] {example_python_operator.py:88} WARNING - The virtalenv_python example task requires virtualenv, please install it.
[2024-02-24T21:53:38.236-0600] {processor.py:840} INFO - DAG(s) 'example_python_operator' retrieved from /Users/vamseekrishna/Desktop/F1_Data_Warehouse/f1datawarehouse/lib/python3.9/site-packages/airflow/example_dags/example_python_operator.py
[2024-02-24T21:53:38.288-0600] {logging_mixin.py:188} INFO - [2024-02-24T21:53:38.287-0600] {dag.py:3036} INFO - Sync 1 DAGs
[2024-02-24T21:53:38.291-0600] {logging_mixin.py:188} INFO - [2024-02-24T21:53:38.291-0600] {dag.py:3823} INFO - Setting next_dagrun for example_python_operator to None, run_after=None
[2024-02-24T21:53:38.299-0600] {processor.py:183} INFO - Processing /Users/vamseekrishna/Desktop/F1_Data_Warehouse/f1datawarehouse/lib/python3.9/site-packages/airflow/example_dags/example_python_operator.py took 0.079 seconds
[2024-02-24T21:55:48.197-0600] {processor.py:161} INFO - Started process (PID=9434) to work on /Users/vamseekrishna/Desktop/F1_Data_Warehouse/f1datawarehouse/lib/python3.9/site-packages/airflow/example_dags/example_python_operator.py
[2024-02-24T21:55:48.199-0600] {processor.py:830} INFO - Processing file /Users/vamseekrishna/Desktop/F1_Data_Warehouse/f1datawarehouse/lib/python3.9/site-packages/airflow/example_dags/example_python_operator.py for tasks to queue
[2024-02-24T21:55:48.199-0600] {logging_mixin.py:188} INFO - [2024-02-24T21:55:48.199-0600] {dagbag.py:538} INFO - Filling up the DagBag from /Users/vamseekrishna/Desktop/F1_Data_Warehouse/f1datawarehouse/lib/python3.9/site-packages/airflow/example_dags/example_python_operator.py
[2024-02-24T21:55:48.210-0600] {logging_mixin.py:188} INFO - [2024-02-24T21:55:48.210-0600] {example_python_operator.py:88} WARNING - The virtalenv_python example task requires virtualenv, please install it.
[2024-02-24T21:55:48.213-0600] {processor.py:840} INFO - DAG(s) 'example_python_operator' retrieved from /Users/vamseekrishna/Desktop/F1_Data_Warehouse/f1datawarehouse/lib/python3.9/site-packages/airflow/example_dags/example_python_operator.py
[2024-02-24T21:55:48.261-0600] {logging_mixin.py:188} INFO - [2024-02-24T21:55:48.261-0600] {dag.py:3036} INFO - Sync 1 DAGs
[2024-02-24T21:55:48.265-0600] {logging_mixin.py:188} INFO - [2024-02-24T21:55:48.265-0600] {dag.py:3823} INFO - Setting next_dagrun for example_python_operator to None, run_after=None
[2024-02-24T21:55:48.273-0600] {processor.py:183} INFO - Processing /Users/vamseekrishna/Desktop/F1_Data_Warehouse/f1datawarehouse/lib/python3.9/site-packages/airflow/example_dags/example_python_operator.py took 0.077 seconds
[2024-02-24T21:57:57.687-0600] {processor.py:161} INFO - Started process (PID=9554) to work on /Users/vamseekrishna/Desktop/F1_Data_Warehouse/f1datawarehouse/lib/python3.9/site-packages/airflow/example_dags/example_python_operator.py
[2024-02-24T21:57:57.689-0600] {processor.py:830} INFO - Processing file /Users/vamseekrishna/Desktop/F1_Data_Warehouse/f1datawarehouse/lib/python3.9/site-packages/airflow/example_dags/example_python_operator.py for tasks to queue
[2024-02-24T21:57:57.690-0600] {logging_mixin.py:188} INFO - [2024-02-24T21:57:57.690-0600] {dagbag.py:538} INFO - Filling up the DagBag from /Users/vamseekrishna/Desktop/F1_Data_Warehouse/f1datawarehouse/lib/python3.9/site-packages/airflow/example_dags/example_python_operator.py
[2024-02-24T21:57:57.701-0600] {logging_mixin.py:188} INFO - [2024-02-24T21:57:57.701-0600] {example_python_operator.py:88} WARNING - The virtalenv_python example task requires virtualenv, please install it.
[2024-02-24T21:57:57.702-0600] {processor.py:840} INFO - DAG(s) 'example_python_operator' retrieved from /Users/vamseekrishna/Desktop/F1_Data_Warehouse/f1datawarehouse/lib/python3.9/site-packages/airflow/example_dags/example_python_operator.py
[2024-02-24T21:57:57.750-0600] {logging_mixin.py:188} INFO - [2024-02-24T21:57:57.750-0600] {dag.py:3036} INFO - Sync 1 DAGs
[2024-02-24T21:57:57.754-0600] {logging_mixin.py:188} INFO - [2024-02-24T21:57:57.754-0600] {dag.py:3823} INFO - Setting next_dagrun for example_python_operator to None, run_after=None
[2024-02-24T21:57:57.762-0600] {processor.py:183} INFO - Processing /Users/vamseekrishna/Desktop/F1_Data_Warehouse/f1datawarehouse/lib/python3.9/site-packages/airflow/example_dags/example_python_operator.py took 0.076 seconds
