[2024-02-24T18:02:04.433-0600] {processor.py:161} INFO - Started process (PID=95595) to work on /Users/vamseekrishna/Desktop/F1_Data_Warehouse/f1datawarehouse/lib/python3.9/site-packages/airflow/example_dags/example_branch_labels.py
[2024-02-24T18:02:04.435-0600] {processor.py:830} INFO - Processing file /Users/vamseekrishna/Desktop/F1_Data_Warehouse/f1datawarehouse/lib/python3.9/site-packages/airflow/example_dags/example_branch_labels.py for tasks to queue
[2024-02-24T18:02:04.435-0600] {logging_mixin.py:188} INFO - [2024-02-24T18:02:04.435-0600] {dagbag.py:538} INFO - Filling up the DagBag from /Users/vamseekrishna/Desktop/F1_Data_Warehouse/f1datawarehouse/lib/python3.9/site-packages/airflow/example_dags/example_branch_labels.py
[2024-02-24T18:02:04.443-0600] {processor.py:840} INFO - DAG(s) 'example_branch_labels' retrieved from /Users/vamseekrishna/Desktop/F1_Data_Warehouse/f1datawarehouse/lib/python3.9/site-packages/airflow/example_dags/example_branch_labels.py
[2024-02-24T18:02:04.510-0600] {logging_mixin.py:188} INFO - [2024-02-24T18:02:04.510-0600] {dag.py:3036} INFO - Sync 1 DAGs
[2024-02-24T18:02:04.520-0600] {logging_mixin.py:188} INFO - [2024-02-24T18:02:04.519-0600] {dag.py:3823} INFO - Setting next_dagrun for example_branch_labels to 2024-02-24 00:00:00+00:00, run_after=2024-02-25 00:00:00+00:00
[2024-02-24T18:02:04.535-0600] {processor.py:183} INFO - Processing /Users/vamseekrishna/Desktop/F1_Data_Warehouse/f1datawarehouse/lib/python3.9/site-packages/airflow/example_dags/example_branch_labels.py took 0.103 seconds
[2024-02-24T18:04:28.087-0600] {processor.py:161} INFO - Started process (PID=95769) to work on /Users/vamseekrishna/Desktop/F1_Data_Warehouse/f1datawarehouse/lib/python3.9/site-packages/airflow/example_dags/example_branch_labels.py
[2024-02-24T18:04:28.089-0600] {processor.py:830} INFO - Processing file /Users/vamseekrishna/Desktop/F1_Data_Warehouse/f1datawarehouse/lib/python3.9/site-packages/airflow/example_dags/example_branch_labels.py for tasks to queue
[2024-02-24T18:04:28.089-0600] {logging_mixin.py:188} INFO - [2024-02-24T18:04:28.089-0600] {dagbag.py:538} INFO - Filling up the DagBag from /Users/vamseekrishna/Desktop/F1_Data_Warehouse/f1datawarehouse/lib/python3.9/site-packages/airflow/example_dags/example_branch_labels.py
[2024-02-24T18:04:28.093-0600] {processor.py:840} INFO - DAG(s) 'example_branch_labels' retrieved from /Users/vamseekrishna/Desktop/F1_Data_Warehouse/f1datawarehouse/lib/python3.9/site-packages/airflow/example_dags/example_branch_labels.py
[2024-02-24T18:04:28.143-0600] {logging_mixin.py:188} INFO - [2024-02-24T18:04:28.143-0600] {dag.py:3036} INFO - Sync 1 DAGs
[2024-02-24T18:04:28.151-0600] {logging_mixin.py:188} INFO - [2024-02-24T18:04:28.151-0600] {dag.py:3823} INFO - Setting next_dagrun for example_branch_labels to 2024-02-24 00:00:00+00:00, run_after=2024-02-25 00:00:00+00:00
[2024-02-24T18:04:28.159-0600] {processor.py:183} INFO - Processing /Users/vamseekrishna/Desktop/F1_Data_Warehouse/f1datawarehouse/lib/python3.9/site-packages/airflow/example_dags/example_branch_labels.py took 0.072 seconds
[2024-02-24T18:06:51.024-0600] {processor.py:161} INFO - Started process (PID=95934) to work on /Users/vamseekrishna/Desktop/F1_Data_Warehouse/f1datawarehouse/lib/python3.9/site-packages/airflow/example_dags/example_branch_labels.py
[2024-02-24T18:06:51.026-0600] {processor.py:830} INFO - Processing file /Users/vamseekrishna/Desktop/F1_Data_Warehouse/f1datawarehouse/lib/python3.9/site-packages/airflow/example_dags/example_branch_labels.py for tasks to queue
[2024-02-24T18:06:51.026-0600] {logging_mixin.py:188} INFO - [2024-02-24T18:06:51.026-0600] {dagbag.py:538} INFO - Filling up the DagBag from /Users/vamseekrishna/Desktop/F1_Data_Warehouse/f1datawarehouse/lib/python3.9/site-packages/airflow/example_dags/example_branch_labels.py
[2024-02-24T18:06:51.030-0600] {processor.py:840} INFO - DAG(s) 'example_branch_labels' retrieved from /Users/vamseekrishna/Desktop/F1_Data_Warehouse/f1datawarehouse/lib/python3.9/site-packages/airflow/example_dags/example_branch_labels.py
[2024-02-24T18:06:51.079-0600] {logging_mixin.py:188} INFO - [2024-02-24T18:06:51.079-0600] {dag.py:3036} INFO - Sync 1 DAGs
[2024-02-24T18:06:51.087-0600] {logging_mixin.py:188} INFO - [2024-02-24T18:06:51.087-0600] {dag.py:3823} INFO - Setting next_dagrun for example_branch_labels to 2024-02-24 00:00:00+00:00, run_after=2024-02-25 00:00:00+00:00
[2024-02-24T18:06:51.095-0600] {processor.py:183} INFO - Processing /Users/vamseekrishna/Desktop/F1_Data_Warehouse/f1datawarehouse/lib/python3.9/site-packages/airflow/example_dags/example_branch_labels.py took 0.071 seconds
[2024-02-24T18:08:44.945-0600] {processor.py:161} INFO - Started process (PID=96032) to work on /Users/vamseekrishna/Desktop/F1_Data_Warehouse/f1datawarehouse/lib/python3.9/site-packages/airflow/example_dags/example_branch_labels.py
[2024-02-24T18:08:44.947-0600] {processor.py:830} INFO - Processing file /Users/vamseekrishna/Desktop/F1_Data_Warehouse/f1datawarehouse/lib/python3.9/site-packages/airflow/example_dags/example_branch_labels.py for tasks to queue
[2024-02-24T18:08:44.947-0600] {logging_mixin.py:188} INFO - [2024-02-24T18:08:44.947-0600] {dagbag.py:538} INFO - Filling up the DagBag from /Users/vamseekrishna/Desktop/F1_Data_Warehouse/f1datawarehouse/lib/python3.9/site-packages/airflow/example_dags/example_branch_labels.py
[2024-02-24T18:08:44.951-0600] {processor.py:840} INFO - DAG(s) 'example_branch_labels' retrieved from /Users/vamseekrishna/Desktop/F1_Data_Warehouse/f1datawarehouse/lib/python3.9/site-packages/airflow/example_dags/example_branch_labels.py
[2024-02-24T18:08:44.998-0600] {logging_mixin.py:188} INFO - [2024-02-24T18:08:44.998-0600] {dag.py:3036} INFO - Sync 1 DAGs
[2024-02-24T18:08:45.006-0600] {logging_mixin.py:188} INFO - [2024-02-24T18:08:45.006-0600] {dag.py:3823} INFO - Setting next_dagrun for example_branch_labels to 2024-02-24 00:00:00+00:00, run_after=2024-02-25 00:00:00+00:00
[2024-02-24T18:08:45.013-0600] {processor.py:183} INFO - Processing /Users/vamseekrishna/Desktop/F1_Data_Warehouse/f1datawarehouse/lib/python3.9/site-packages/airflow/example_dags/example_branch_labels.py took 0.069 seconds
[2024-02-24T18:10:42.195-0600] {processor.py:161} INFO - Started process (PID=96129) to work on /Users/vamseekrishna/Desktop/F1_Data_Warehouse/f1datawarehouse/lib/python3.9/site-packages/airflow/example_dags/example_branch_labels.py
[2024-02-24T18:10:42.197-0600] {processor.py:830} INFO - Processing file /Users/vamseekrishna/Desktop/F1_Data_Warehouse/f1datawarehouse/lib/python3.9/site-packages/airflow/example_dags/example_branch_labels.py for tasks to queue
[2024-02-24T18:10:42.197-0600] {logging_mixin.py:188} INFO - [2024-02-24T18:10:42.197-0600] {dagbag.py:538} INFO - Filling up the DagBag from /Users/vamseekrishna/Desktop/F1_Data_Warehouse/f1datawarehouse/lib/python3.9/site-packages/airflow/example_dags/example_branch_labels.py
[2024-02-24T18:10:42.201-0600] {processor.py:840} INFO - DAG(s) 'example_branch_labels' retrieved from /Users/vamseekrishna/Desktop/F1_Data_Warehouse/f1datawarehouse/lib/python3.9/site-packages/airflow/example_dags/example_branch_labels.py
[2024-02-24T18:10:42.254-0600] {logging_mixin.py:188} INFO - [2024-02-24T18:10:42.254-0600] {dag.py:3036} INFO - Sync 1 DAGs
[2024-02-24T18:10:42.262-0600] {logging_mixin.py:188} INFO - [2024-02-24T18:10:42.262-0600] {dag.py:3823} INFO - Setting next_dagrun for example_branch_labels to 2024-02-24 00:00:00+00:00, run_after=2024-02-25 00:00:00+00:00
[2024-02-24T18:10:42.269-0600] {processor.py:183} INFO - Processing /Users/vamseekrishna/Desktop/F1_Data_Warehouse/f1datawarehouse/lib/python3.9/site-packages/airflow/example_dags/example_branch_labels.py took 0.076 seconds
[2024-02-24T18:12:43.299-0600] {processor.py:161} INFO - Started process (PID=96231) to work on /Users/vamseekrishna/Desktop/F1_Data_Warehouse/f1datawarehouse/lib/python3.9/site-packages/airflow/example_dags/example_branch_labels.py
[2024-02-24T18:12:43.301-0600] {processor.py:830} INFO - Processing file /Users/vamseekrishna/Desktop/F1_Data_Warehouse/f1datawarehouse/lib/python3.9/site-packages/airflow/example_dags/example_branch_labels.py for tasks to queue
[2024-02-24T18:12:43.301-0600] {logging_mixin.py:188} INFO - [2024-02-24T18:12:43.301-0600] {dagbag.py:538} INFO - Filling up the DagBag from /Users/vamseekrishna/Desktop/F1_Data_Warehouse/f1datawarehouse/lib/python3.9/site-packages/airflow/example_dags/example_branch_labels.py
[2024-02-24T18:12:43.305-0600] {processor.py:840} INFO - DAG(s) 'example_branch_labels' retrieved from /Users/vamseekrishna/Desktop/F1_Data_Warehouse/f1datawarehouse/lib/python3.9/site-packages/airflow/example_dags/example_branch_labels.py
[2024-02-24T18:12:43.354-0600] {logging_mixin.py:188} INFO - [2024-02-24T18:12:43.354-0600] {dag.py:3036} INFO - Sync 1 DAGs
[2024-02-24T18:12:43.362-0600] {logging_mixin.py:188} INFO - [2024-02-24T18:12:43.362-0600] {dag.py:3823} INFO - Setting next_dagrun for example_branch_labels to 2024-02-24 00:00:00+00:00, run_after=2024-02-25 00:00:00+00:00
[2024-02-24T18:12:43.369-0600] {processor.py:183} INFO - Processing /Users/vamseekrishna/Desktop/F1_Data_Warehouse/f1datawarehouse/lib/python3.9/site-packages/airflow/example_dags/example_branch_labels.py took 0.070 seconds
[2024-02-24T18:14:39.051-0600] {processor.py:161} INFO - Started process (PID=96321) to work on /Users/vamseekrishna/Desktop/F1_Data_Warehouse/f1datawarehouse/lib/python3.9/site-packages/airflow/example_dags/example_branch_labels.py
[2024-02-24T18:14:39.053-0600] {processor.py:830} INFO - Processing file /Users/vamseekrishna/Desktop/F1_Data_Warehouse/f1datawarehouse/lib/python3.9/site-packages/airflow/example_dags/example_branch_labels.py for tasks to queue
[2024-02-24T18:14:39.054-0600] {logging_mixin.py:188} INFO - [2024-02-24T18:14:39.053-0600] {dagbag.py:538} INFO - Filling up the DagBag from /Users/vamseekrishna/Desktop/F1_Data_Warehouse/f1datawarehouse/lib/python3.9/site-packages/airflow/example_dags/example_branch_labels.py
[2024-02-24T18:14:39.058-0600] {processor.py:840} INFO - DAG(s) 'example_branch_labels' retrieved from /Users/vamseekrishna/Desktop/F1_Data_Warehouse/f1datawarehouse/lib/python3.9/site-packages/airflow/example_dags/example_branch_labels.py
[2024-02-24T18:14:39.110-0600] {logging_mixin.py:188} INFO - [2024-02-24T18:14:39.110-0600] {dag.py:3036} INFO - Sync 1 DAGs
[2024-02-24T18:14:39.119-0600] {logging_mixin.py:188} INFO - [2024-02-24T18:14:39.119-0600] {dag.py:3823} INFO - Setting next_dagrun for example_branch_labels to 2024-02-24 00:00:00+00:00, run_after=2024-02-25 00:00:00+00:00
[2024-02-24T18:14:39.125-0600] {processor.py:183} INFO - Processing /Users/vamseekrishna/Desktop/F1_Data_Warehouse/f1datawarehouse/lib/python3.9/site-packages/airflow/example_dags/example_branch_labels.py took 0.075 seconds
[2024-02-24T18:16:36.955-0600] {processor.py:161} INFO - Started process (PID=96429) to work on /Users/vamseekrishna/Desktop/F1_Data_Warehouse/f1datawarehouse/lib/python3.9/site-packages/airflow/example_dags/example_branch_labels.py
[2024-02-24T18:16:36.957-0600] {processor.py:830} INFO - Processing file /Users/vamseekrishna/Desktop/F1_Data_Warehouse/f1datawarehouse/lib/python3.9/site-packages/airflow/example_dags/example_branch_labels.py for tasks to queue
[2024-02-24T18:16:36.957-0600] {logging_mixin.py:188} INFO - [2024-02-24T18:16:36.957-0600] {dagbag.py:538} INFO - Filling up the DagBag from /Users/vamseekrishna/Desktop/F1_Data_Warehouse/f1datawarehouse/lib/python3.9/site-packages/airflow/example_dags/example_branch_labels.py
[2024-02-24T18:16:36.961-0600] {processor.py:840} INFO - DAG(s) 'example_branch_labels' retrieved from /Users/vamseekrishna/Desktop/F1_Data_Warehouse/f1datawarehouse/lib/python3.9/site-packages/airflow/example_dags/example_branch_labels.py
[2024-02-24T18:16:37.009-0600] {logging_mixin.py:188} INFO - [2024-02-24T18:16:37.009-0600] {dag.py:3036} INFO - Sync 1 DAGs
[2024-02-24T18:16:37.017-0600] {logging_mixin.py:188} INFO - [2024-02-24T18:16:37.017-0600] {dag.py:3823} INFO - Setting next_dagrun for example_branch_labels to 2024-02-24 00:00:00+00:00, run_after=2024-02-25 00:00:00+00:00
[2024-02-24T18:16:37.025-0600] {processor.py:183} INFO - Processing /Users/vamseekrishna/Desktop/F1_Data_Warehouse/f1datawarehouse/lib/python3.9/site-packages/airflow/example_dags/example_branch_labels.py took 0.070 seconds
[2024-02-24T18:18:41.809-0600] {processor.py:161} INFO - Started process (PID=96536) to work on /Users/vamseekrishna/Desktop/F1_Data_Warehouse/f1datawarehouse/lib/python3.9/site-packages/airflow/example_dags/example_branch_labels.py
[2024-02-24T18:18:41.811-0600] {processor.py:830} INFO - Processing file /Users/vamseekrishna/Desktop/F1_Data_Warehouse/f1datawarehouse/lib/python3.9/site-packages/airflow/example_dags/example_branch_labels.py for tasks to queue
[2024-02-24T18:18:41.811-0600] {logging_mixin.py:188} INFO - [2024-02-24T18:18:41.811-0600] {dagbag.py:538} INFO - Filling up the DagBag from /Users/vamseekrishna/Desktop/F1_Data_Warehouse/f1datawarehouse/lib/python3.9/site-packages/airflow/example_dags/example_branch_labels.py
[2024-02-24T18:18:41.815-0600] {processor.py:840} INFO - DAG(s) 'example_branch_labels' retrieved from /Users/vamseekrishna/Desktop/F1_Data_Warehouse/f1datawarehouse/lib/python3.9/site-packages/airflow/example_dags/example_branch_labels.py
[2024-02-24T18:18:41.864-0600] {logging_mixin.py:188} INFO - [2024-02-24T18:18:41.863-0600] {dag.py:3036} INFO - Sync 1 DAGs
[2024-02-24T18:18:41.871-0600] {logging_mixin.py:188} INFO - [2024-02-24T18:18:41.871-0600] {dag.py:3823} INFO - Setting next_dagrun for example_branch_labels to 2024-02-24 00:00:00+00:00, run_after=2024-02-25 00:00:00+00:00
[2024-02-24T18:18:41.878-0600] {processor.py:183} INFO - Processing /Users/vamseekrishna/Desktop/F1_Data_Warehouse/f1datawarehouse/lib/python3.9/site-packages/airflow/example_dags/example_branch_labels.py took 0.070 seconds
[2024-02-24T18:20:38.658-0600] {processor.py:161} INFO - Started process (PID=96633) to work on /Users/vamseekrishna/Desktop/F1_Data_Warehouse/f1datawarehouse/lib/python3.9/site-packages/airflow/example_dags/example_branch_labels.py
[2024-02-24T18:20:38.662-0600] {processor.py:830} INFO - Processing file /Users/vamseekrishna/Desktop/F1_Data_Warehouse/f1datawarehouse/lib/python3.9/site-packages/airflow/example_dags/example_branch_labels.py for tasks to queue
[2024-02-24T18:20:38.663-0600] {logging_mixin.py:188} INFO - [2024-02-24T18:20:38.663-0600] {dagbag.py:538} INFO - Filling up the DagBag from /Users/vamseekrishna/Desktop/F1_Data_Warehouse/f1datawarehouse/lib/python3.9/site-packages/airflow/example_dags/example_branch_labels.py
[2024-02-24T18:20:38.667-0600] {processor.py:840} INFO - DAG(s) 'example_branch_labels' retrieved from /Users/vamseekrishna/Desktop/F1_Data_Warehouse/f1datawarehouse/lib/python3.9/site-packages/airflow/example_dags/example_branch_labels.py
[2024-02-24T18:20:38.716-0600] {logging_mixin.py:188} INFO - [2024-02-24T18:20:38.715-0600] {dag.py:3036} INFO - Sync 1 DAGs
[2024-02-24T18:20:38.723-0600] {logging_mixin.py:188} INFO - [2024-02-24T18:20:38.723-0600] {dag.py:3823} INFO - Setting next_dagrun for example_branch_labels to 2024-02-24 00:00:00+00:00, run_after=2024-02-25 00:00:00+00:00
[2024-02-24T18:20:38.731-0600] {processor.py:183} INFO - Processing /Users/vamseekrishna/Desktop/F1_Data_Warehouse/f1datawarehouse/lib/python3.9/site-packages/airflow/example_dags/example_branch_labels.py took 0.073 seconds
[2024-02-24T18:22:44.388-0600] {processor.py:161} INFO - Started process (PID=96733) to work on /Users/vamseekrishna/Desktop/F1_Data_Warehouse/f1datawarehouse/lib/python3.9/site-packages/airflow/example_dags/example_branch_labels.py
[2024-02-24T18:22:44.390-0600] {processor.py:830} INFO - Processing file /Users/vamseekrishna/Desktop/F1_Data_Warehouse/f1datawarehouse/lib/python3.9/site-packages/airflow/example_dags/example_branch_labels.py for tasks to queue
[2024-02-24T18:22:44.391-0600] {logging_mixin.py:188} INFO - [2024-02-24T18:22:44.391-0600] {dagbag.py:538} INFO - Filling up the DagBag from /Users/vamseekrishna/Desktop/F1_Data_Warehouse/f1datawarehouse/lib/python3.9/site-packages/airflow/example_dags/example_branch_labels.py
[2024-02-24T18:22:44.395-0600] {processor.py:840} INFO - DAG(s) 'example_branch_labels' retrieved from /Users/vamseekrishna/Desktop/F1_Data_Warehouse/f1datawarehouse/lib/python3.9/site-packages/airflow/example_dags/example_branch_labels.py
[2024-02-24T18:22:44.444-0600] {logging_mixin.py:188} INFO - [2024-02-24T18:22:44.443-0600] {dag.py:3036} INFO - Sync 1 DAGs
[2024-02-24T18:22:44.451-0600] {logging_mixin.py:188} INFO - [2024-02-24T18:22:44.451-0600] {dag.py:3823} INFO - Setting next_dagrun for example_branch_labels to 2024-02-24 00:00:00+00:00, run_after=2024-02-25 00:00:00+00:00
[2024-02-24T18:22:44.459-0600] {processor.py:183} INFO - Processing /Users/vamseekrishna/Desktop/F1_Data_Warehouse/f1datawarehouse/lib/python3.9/site-packages/airflow/example_dags/example_branch_labels.py took 0.072 seconds
[2024-02-24T18:24:45.009-0600] {processor.py:161} INFO - Started process (PID=96843) to work on /Users/vamseekrishna/Desktop/F1_Data_Warehouse/f1datawarehouse/lib/python3.9/site-packages/airflow/example_dags/example_branch_labels.py
[2024-02-24T18:24:45.011-0600] {processor.py:830} INFO - Processing file /Users/vamseekrishna/Desktop/F1_Data_Warehouse/f1datawarehouse/lib/python3.9/site-packages/airflow/example_dags/example_branch_labels.py for tasks to queue
[2024-02-24T18:24:45.012-0600] {logging_mixin.py:188} INFO - [2024-02-24T18:24:45.011-0600] {dagbag.py:538} INFO - Filling up the DagBag from /Users/vamseekrishna/Desktop/F1_Data_Warehouse/f1datawarehouse/lib/python3.9/site-packages/airflow/example_dags/example_branch_labels.py
[2024-02-24T18:24:45.016-0600] {processor.py:840} INFO - DAG(s) 'example_branch_labels' retrieved from /Users/vamseekrishna/Desktop/F1_Data_Warehouse/f1datawarehouse/lib/python3.9/site-packages/airflow/example_dags/example_branch_labels.py
[2024-02-24T18:24:45.065-0600] {logging_mixin.py:188} INFO - [2024-02-24T18:24:45.064-0600] {dag.py:3036} INFO - Sync 1 DAGs
[2024-02-24T18:24:45.073-0600] {logging_mixin.py:188} INFO - [2024-02-24T18:24:45.073-0600] {dag.py:3823} INFO - Setting next_dagrun for example_branch_labels to 2024-02-24 00:00:00+00:00, run_after=2024-02-25 00:00:00+00:00
[2024-02-24T18:24:45.080-0600] {processor.py:183} INFO - Processing /Users/vamseekrishna/Desktop/F1_Data_Warehouse/f1datawarehouse/lib/python3.9/site-packages/airflow/example_dags/example_branch_labels.py took 0.071 seconds
[2024-02-24T18:26:45.709-0600] {processor.py:161} INFO - Started process (PID=96928) to work on /Users/vamseekrishna/Desktop/F1_Data_Warehouse/f1datawarehouse/lib/python3.9/site-packages/airflow/example_dags/example_branch_labels.py
[2024-02-24T18:26:45.711-0600] {processor.py:830} INFO - Processing file /Users/vamseekrishna/Desktop/F1_Data_Warehouse/f1datawarehouse/lib/python3.9/site-packages/airflow/example_dags/example_branch_labels.py for tasks to queue
[2024-02-24T18:26:45.711-0600] {logging_mixin.py:188} INFO - [2024-02-24T18:26:45.711-0600] {dagbag.py:538} INFO - Filling up the DagBag from /Users/vamseekrishna/Desktop/F1_Data_Warehouse/f1datawarehouse/lib/python3.9/site-packages/airflow/example_dags/example_branch_labels.py
[2024-02-24T18:26:45.715-0600] {processor.py:840} INFO - DAG(s) 'example_branch_labels' retrieved from /Users/vamseekrishna/Desktop/F1_Data_Warehouse/f1datawarehouse/lib/python3.9/site-packages/airflow/example_dags/example_branch_labels.py
[2024-02-24T18:26:45.762-0600] {logging_mixin.py:188} INFO - [2024-02-24T18:26:45.762-0600] {dag.py:3036} INFO - Sync 1 DAGs
[2024-02-24T18:26:45.850-0600] {logging_mixin.py:188} INFO - [2024-02-24T18:26:45.850-0600] {dag.py:3823} INFO - Setting next_dagrun for example_branch_labels to 2024-02-24 00:00:00+00:00, run_after=2024-02-25 00:00:00+00:00
[2024-02-24T18:26:45.873-0600] {processor.py:183} INFO - Processing /Users/vamseekrishna/Desktop/F1_Data_Warehouse/f1datawarehouse/lib/python3.9/site-packages/airflow/example_dags/example_branch_labels.py took 0.164 seconds
[2024-02-24T18:28:48.653-0600] {processor.py:161} INFO - Started process (PID=97027) to work on /Users/vamseekrishna/Desktop/F1_Data_Warehouse/f1datawarehouse/lib/python3.9/site-packages/airflow/example_dags/example_branch_labels.py
[2024-02-24T18:28:48.655-0600] {processor.py:830} INFO - Processing file /Users/vamseekrishna/Desktop/F1_Data_Warehouse/f1datawarehouse/lib/python3.9/site-packages/airflow/example_dags/example_branch_labels.py for tasks to queue
[2024-02-24T18:28:48.655-0600] {logging_mixin.py:188} INFO - [2024-02-24T18:28:48.655-0600] {dagbag.py:538} INFO - Filling up the DagBag from /Users/vamseekrishna/Desktop/F1_Data_Warehouse/f1datawarehouse/lib/python3.9/site-packages/airflow/example_dags/example_branch_labels.py
[2024-02-24T18:28:48.659-0600] {processor.py:840} INFO - DAG(s) 'example_branch_labels' retrieved from /Users/vamseekrishna/Desktop/F1_Data_Warehouse/f1datawarehouse/lib/python3.9/site-packages/airflow/example_dags/example_branch_labels.py
[2024-02-24T18:28:48.710-0600] {logging_mixin.py:188} INFO - [2024-02-24T18:28:48.710-0600] {dag.py:3036} INFO - Sync 1 DAGs
[2024-02-24T18:28:48.718-0600] {logging_mixin.py:188} INFO - [2024-02-24T18:28:48.718-0600] {dag.py:3823} INFO - Setting next_dagrun for example_branch_labels to 2024-02-24 00:00:00+00:00, run_after=2024-02-25 00:00:00+00:00
[2024-02-24T18:28:48.726-0600] {processor.py:183} INFO - Processing /Users/vamseekrishna/Desktop/F1_Data_Warehouse/f1datawarehouse/lib/python3.9/site-packages/airflow/example_dags/example_branch_labels.py took 0.073 seconds
[2024-02-24T18:30:50.492-0600] {processor.py:161} INFO - Started process (PID=97148) to work on /Users/vamseekrishna/Desktop/F1_Data_Warehouse/f1datawarehouse/lib/python3.9/site-packages/airflow/example_dags/example_branch_labels.py
[2024-02-24T18:30:50.493-0600] {processor.py:830} INFO - Processing file /Users/vamseekrishna/Desktop/F1_Data_Warehouse/f1datawarehouse/lib/python3.9/site-packages/airflow/example_dags/example_branch_labels.py for tasks to queue
[2024-02-24T18:30:50.494-0600] {logging_mixin.py:188} INFO - [2024-02-24T18:30:50.493-0600] {dagbag.py:538} INFO - Filling up the DagBag from /Users/vamseekrishna/Desktop/F1_Data_Warehouse/f1datawarehouse/lib/python3.9/site-packages/airflow/example_dags/example_branch_labels.py
[2024-02-24T18:30:50.498-0600] {processor.py:840} INFO - DAG(s) 'example_branch_labels' retrieved from /Users/vamseekrishna/Desktop/F1_Data_Warehouse/f1datawarehouse/lib/python3.9/site-packages/airflow/example_dags/example_branch_labels.py
[2024-02-24T18:30:50.545-0600] {logging_mixin.py:188} INFO - [2024-02-24T18:30:50.545-0600] {dag.py:3036} INFO - Sync 1 DAGs
[2024-02-24T18:30:50.553-0600] {logging_mixin.py:188} INFO - [2024-02-24T18:30:50.553-0600] {dag.py:3823} INFO - Setting next_dagrun for example_branch_labels to 2024-02-24 00:00:00+00:00, run_after=2024-02-25 00:00:00+00:00
[2024-02-24T18:30:50.560-0600] {processor.py:183} INFO - Processing /Users/vamseekrishna/Desktop/F1_Data_Warehouse/f1datawarehouse/lib/python3.9/site-packages/airflow/example_dags/example_branch_labels.py took 0.069 seconds
[2024-02-24T18:32:46.447-0600] {processor.py:161} INFO - Started process (PID=97251) to work on /Users/vamseekrishna/Desktop/F1_Data_Warehouse/f1datawarehouse/lib/python3.9/site-packages/airflow/example_dags/example_branch_labels.py
[2024-02-24T18:32:46.449-0600] {processor.py:830} INFO - Processing file /Users/vamseekrishna/Desktop/F1_Data_Warehouse/f1datawarehouse/lib/python3.9/site-packages/airflow/example_dags/example_branch_labels.py for tasks to queue
[2024-02-24T18:32:46.449-0600] {logging_mixin.py:188} INFO - [2024-02-24T18:32:46.449-0600] {dagbag.py:538} INFO - Filling up the DagBag from /Users/vamseekrishna/Desktop/F1_Data_Warehouse/f1datawarehouse/lib/python3.9/site-packages/airflow/example_dags/example_branch_labels.py
[2024-02-24T18:32:46.453-0600] {processor.py:840} INFO - DAG(s) 'example_branch_labels' retrieved from /Users/vamseekrishna/Desktop/F1_Data_Warehouse/f1datawarehouse/lib/python3.9/site-packages/airflow/example_dags/example_branch_labels.py
[2024-02-24T18:32:46.510-0600] {logging_mixin.py:188} INFO - [2024-02-24T18:32:46.510-0600] {dag.py:3036} INFO - Sync 1 DAGs
[2024-02-24T18:32:46.518-0600] {logging_mixin.py:188} INFO - [2024-02-24T18:32:46.518-0600] {dag.py:3823} INFO - Setting next_dagrun for example_branch_labels to 2024-02-24 00:00:00+00:00, run_after=2024-02-25 00:00:00+00:00
[2024-02-24T18:32:46.526-0600] {processor.py:183} INFO - Processing /Users/vamseekrishna/Desktop/F1_Data_Warehouse/f1datawarehouse/lib/python3.9/site-packages/airflow/example_dags/example_branch_labels.py took 0.080 seconds
[2024-02-24T18:34:46.343-0600] {processor.py:161} INFO - Started process (PID=97354) to work on /Users/vamseekrishna/Desktop/F1_Data_Warehouse/f1datawarehouse/lib/python3.9/site-packages/airflow/example_dags/example_branch_labels.py
[2024-02-24T18:34:46.345-0600] {processor.py:830} INFO - Processing file /Users/vamseekrishna/Desktop/F1_Data_Warehouse/f1datawarehouse/lib/python3.9/site-packages/airflow/example_dags/example_branch_labels.py for tasks to queue
[2024-02-24T18:34:46.346-0600] {logging_mixin.py:188} INFO - [2024-02-24T18:34:46.346-0600] {dagbag.py:538} INFO - Filling up the DagBag from /Users/vamseekrishna/Desktop/F1_Data_Warehouse/f1datawarehouse/lib/python3.9/site-packages/airflow/example_dags/example_branch_labels.py
[2024-02-24T18:34:46.356-0600] {processor.py:840} INFO - DAG(s) 'example_branch_labels' retrieved from /Users/vamseekrishna/Desktop/F1_Data_Warehouse/f1datawarehouse/lib/python3.9/site-packages/airflow/example_dags/example_branch_labels.py
[2024-02-24T18:34:46.406-0600] {logging_mixin.py:188} INFO - [2024-02-24T18:34:46.406-0600] {dag.py:3036} INFO - Sync 1 DAGs
[2024-02-24T18:34:46.414-0600] {logging_mixin.py:188} INFO - [2024-02-24T18:34:46.414-0600] {dag.py:3823} INFO - Setting next_dagrun for example_branch_labels to 2024-02-24 00:00:00+00:00, run_after=2024-02-25 00:00:00+00:00
[2024-02-24T18:34:46.422-0600] {processor.py:183} INFO - Processing /Users/vamseekrishna/Desktop/F1_Data_Warehouse/f1datawarehouse/lib/python3.9/site-packages/airflow/example_dags/example_branch_labels.py took 0.079 seconds
[2024-02-24T18:36:46.295-0600] {processor.py:161} INFO - Started process (PID=97441) to work on /Users/vamseekrishna/Desktop/F1_Data_Warehouse/f1datawarehouse/lib/python3.9/site-packages/airflow/example_dags/example_branch_labels.py
[2024-02-24T18:36:46.297-0600] {processor.py:830} INFO - Processing file /Users/vamseekrishna/Desktop/F1_Data_Warehouse/f1datawarehouse/lib/python3.9/site-packages/airflow/example_dags/example_branch_labels.py for tasks to queue
[2024-02-24T18:36:46.297-0600] {logging_mixin.py:188} INFO - [2024-02-24T18:36:46.297-0600] {dagbag.py:538} INFO - Filling up the DagBag from /Users/vamseekrishna/Desktop/F1_Data_Warehouse/f1datawarehouse/lib/python3.9/site-packages/airflow/example_dags/example_branch_labels.py
[2024-02-24T18:36:46.301-0600] {processor.py:840} INFO - DAG(s) 'example_branch_labels' retrieved from /Users/vamseekrishna/Desktop/F1_Data_Warehouse/f1datawarehouse/lib/python3.9/site-packages/airflow/example_dags/example_branch_labels.py
[2024-02-24T18:36:46.350-0600] {logging_mixin.py:188} INFO - [2024-02-24T18:36:46.349-0600] {dag.py:3036} INFO - Sync 1 DAGs
[2024-02-24T18:36:46.359-0600] {logging_mixin.py:188} INFO - [2024-02-24T18:36:46.359-0600] {dag.py:3823} INFO - Setting next_dagrun for example_branch_labels to 2024-02-24 00:00:00+00:00, run_after=2024-02-25 00:00:00+00:00
[2024-02-24T18:36:46.369-0600] {processor.py:183} INFO - Processing /Users/vamseekrishna/Desktop/F1_Data_Warehouse/f1datawarehouse/lib/python3.9/site-packages/airflow/example_dags/example_branch_labels.py took 0.075 seconds
[2024-02-24T18:38:47.766-0600] {processor.py:161} INFO - Started process (PID=97561) to work on /Users/vamseekrishna/Desktop/F1_Data_Warehouse/f1datawarehouse/lib/python3.9/site-packages/airflow/example_dags/example_branch_labels.py
[2024-02-24T18:38:47.767-0600] {processor.py:830} INFO - Processing file /Users/vamseekrishna/Desktop/F1_Data_Warehouse/f1datawarehouse/lib/python3.9/site-packages/airflow/example_dags/example_branch_labels.py for tasks to queue
[2024-02-24T18:38:47.767-0600] {logging_mixin.py:188} INFO - [2024-02-24T18:38:47.767-0600] {dagbag.py:538} INFO - Filling up the DagBag from /Users/vamseekrishna/Desktop/F1_Data_Warehouse/f1datawarehouse/lib/python3.9/site-packages/airflow/example_dags/example_branch_labels.py
[2024-02-24T18:38:47.771-0600] {processor.py:840} INFO - DAG(s) 'example_branch_labels' retrieved from /Users/vamseekrishna/Desktop/F1_Data_Warehouse/f1datawarehouse/lib/python3.9/site-packages/airflow/example_dags/example_branch_labels.py
[2024-02-24T18:38:47.819-0600] {logging_mixin.py:188} INFO - [2024-02-24T18:38:47.818-0600] {dag.py:3036} INFO - Sync 1 DAGs
[2024-02-24T18:38:47.826-0600] {logging_mixin.py:188} INFO - [2024-02-24T18:38:47.826-0600] {dag.py:3823} INFO - Setting next_dagrun for example_branch_labels to 2024-02-24 00:00:00+00:00, run_after=2024-02-25 00:00:00+00:00
[2024-02-24T18:38:47.834-0600] {processor.py:183} INFO - Processing /Users/vamseekrishna/Desktop/F1_Data_Warehouse/f1datawarehouse/lib/python3.9/site-packages/airflow/example_dags/example_branch_labels.py took 0.069 seconds
[2024-02-24T18:40:51.279-0600] {processor.py:161} INFO - Started process (PID=97656) to work on /Users/vamseekrishna/Desktop/F1_Data_Warehouse/f1datawarehouse/lib/python3.9/site-packages/airflow/example_dags/example_branch_labels.py
[2024-02-24T18:40:51.281-0600] {processor.py:830} INFO - Processing file /Users/vamseekrishna/Desktop/F1_Data_Warehouse/f1datawarehouse/lib/python3.9/site-packages/airflow/example_dags/example_branch_labels.py for tasks to queue
[2024-02-24T18:40:51.281-0600] {logging_mixin.py:188} INFO - [2024-02-24T18:40:51.281-0600] {dagbag.py:538} INFO - Filling up the DagBag from /Users/vamseekrishna/Desktop/F1_Data_Warehouse/f1datawarehouse/lib/python3.9/site-packages/airflow/example_dags/example_branch_labels.py
[2024-02-24T18:40:51.285-0600] {processor.py:840} INFO - DAG(s) 'example_branch_labels' retrieved from /Users/vamseekrishna/Desktop/F1_Data_Warehouse/f1datawarehouse/lib/python3.9/site-packages/airflow/example_dags/example_branch_labels.py
[2024-02-24T18:40:51.335-0600] {logging_mixin.py:188} INFO - [2024-02-24T18:40:51.335-0600] {dag.py:3036} INFO - Sync 1 DAGs
[2024-02-24T18:40:51.344-0600] {logging_mixin.py:188} INFO - [2024-02-24T18:40:51.343-0600] {dag.py:3823} INFO - Setting next_dagrun for example_branch_labels to 2024-02-24 00:00:00+00:00, run_after=2024-02-25 00:00:00+00:00
[2024-02-24T18:40:51.352-0600] {processor.py:183} INFO - Processing /Users/vamseekrishna/Desktop/F1_Data_Warehouse/f1datawarehouse/lib/python3.9/site-packages/airflow/example_dags/example_branch_labels.py took 0.074 seconds
[2024-02-24T18:42:46.638-0600] {processor.py:161} INFO - Started process (PID=97752) to work on /Users/vamseekrishna/Desktop/F1_Data_Warehouse/f1datawarehouse/lib/python3.9/site-packages/airflow/example_dags/example_branch_labels.py
[2024-02-24T18:42:46.640-0600] {processor.py:830} INFO - Processing file /Users/vamseekrishna/Desktop/F1_Data_Warehouse/f1datawarehouse/lib/python3.9/site-packages/airflow/example_dags/example_branch_labels.py for tasks to queue
[2024-02-24T18:42:46.640-0600] {logging_mixin.py:188} INFO - [2024-02-24T18:42:46.640-0600] {dagbag.py:538} INFO - Filling up the DagBag from /Users/vamseekrishna/Desktop/F1_Data_Warehouse/f1datawarehouse/lib/python3.9/site-packages/airflow/example_dags/example_branch_labels.py
[2024-02-24T18:42:46.644-0600] {processor.py:840} INFO - DAG(s) 'example_branch_labels' retrieved from /Users/vamseekrishna/Desktop/F1_Data_Warehouse/f1datawarehouse/lib/python3.9/site-packages/airflow/example_dags/example_branch_labels.py
[2024-02-24T18:42:46.693-0600] {logging_mixin.py:188} INFO - [2024-02-24T18:42:46.693-0600] {dag.py:3036} INFO - Sync 1 DAGs
[2024-02-24T18:42:46.702-0600] {logging_mixin.py:188} INFO - [2024-02-24T18:42:46.701-0600] {dag.py:3823} INFO - Setting next_dagrun for example_branch_labels to 2024-02-24 00:00:00+00:00, run_after=2024-02-25 00:00:00+00:00
[2024-02-24T18:42:46.709-0600] {processor.py:183} INFO - Processing /Users/vamseekrishna/Desktop/F1_Data_Warehouse/f1datawarehouse/lib/python3.9/site-packages/airflow/example_dags/example_branch_labels.py took 0.072 seconds
[2024-02-24T18:44:50.108-0600] {processor.py:161} INFO - Started process (PID=97864) to work on /Users/vamseekrishna/Desktop/F1_Data_Warehouse/f1datawarehouse/lib/python3.9/site-packages/airflow/example_dags/example_branch_labels.py
[2024-02-24T18:44:50.110-0600] {processor.py:830} INFO - Processing file /Users/vamseekrishna/Desktop/F1_Data_Warehouse/f1datawarehouse/lib/python3.9/site-packages/airflow/example_dags/example_branch_labels.py for tasks to queue
[2024-02-24T18:44:50.110-0600] {logging_mixin.py:188} INFO - [2024-02-24T18:44:50.110-0600] {dagbag.py:538} INFO - Filling up the DagBag from /Users/vamseekrishna/Desktop/F1_Data_Warehouse/f1datawarehouse/lib/python3.9/site-packages/airflow/example_dags/example_branch_labels.py
[2024-02-24T18:44:50.115-0600] {processor.py:840} INFO - DAG(s) 'example_branch_labels' retrieved from /Users/vamseekrishna/Desktop/F1_Data_Warehouse/f1datawarehouse/lib/python3.9/site-packages/airflow/example_dags/example_branch_labels.py
[2024-02-24T18:44:50.162-0600] {logging_mixin.py:188} INFO - [2024-02-24T18:44:50.162-0600] {dag.py:3036} INFO - Sync 1 DAGs
[2024-02-24T18:44:50.170-0600] {logging_mixin.py:188} INFO - [2024-02-24T18:44:50.170-0600] {dag.py:3823} INFO - Setting next_dagrun for example_branch_labels to 2024-02-24 00:00:00+00:00, run_after=2024-02-25 00:00:00+00:00
[2024-02-24T18:44:50.177-0600] {processor.py:183} INFO - Processing /Users/vamseekrishna/Desktop/F1_Data_Warehouse/f1datawarehouse/lib/python3.9/site-packages/airflow/example_dags/example_branch_labels.py took 0.070 seconds
[2024-02-24T18:46:53.758-0600] {processor.py:161} INFO - Started process (PID=97967) to work on /Users/vamseekrishna/Desktop/F1_Data_Warehouse/f1datawarehouse/lib/python3.9/site-packages/airflow/example_dags/example_branch_labels.py
[2024-02-24T18:46:53.759-0600] {processor.py:830} INFO - Processing file /Users/vamseekrishna/Desktop/F1_Data_Warehouse/f1datawarehouse/lib/python3.9/site-packages/airflow/example_dags/example_branch_labels.py for tasks to queue
[2024-02-24T18:46:53.760-0600] {logging_mixin.py:188} INFO - [2024-02-24T18:46:53.759-0600] {dagbag.py:538} INFO - Filling up the DagBag from /Users/vamseekrishna/Desktop/F1_Data_Warehouse/f1datawarehouse/lib/python3.9/site-packages/airflow/example_dags/example_branch_labels.py
[2024-02-24T18:46:53.764-0600] {processor.py:840} INFO - DAG(s) 'example_branch_labels' retrieved from /Users/vamseekrishna/Desktop/F1_Data_Warehouse/f1datawarehouse/lib/python3.9/site-packages/airflow/example_dags/example_branch_labels.py
[2024-02-24T18:46:53.813-0600] {logging_mixin.py:188} INFO - [2024-02-24T18:46:53.813-0600] {dag.py:3036} INFO - Sync 1 DAGs
[2024-02-24T18:46:53.821-0600] {logging_mixin.py:188} INFO - [2024-02-24T18:46:53.821-0600] {dag.py:3823} INFO - Setting next_dagrun for example_branch_labels to 2024-02-24 00:00:00+00:00, run_after=2024-02-25 00:00:00+00:00
[2024-02-24T18:46:53.828-0600] {processor.py:183} INFO - Processing /Users/vamseekrishna/Desktop/F1_Data_Warehouse/f1datawarehouse/lib/python3.9/site-packages/airflow/example_dags/example_branch_labels.py took 0.071 seconds
[2024-02-24T18:48:53.259-0600] {processor.py:161} INFO - Started process (PID=98054) to work on /Users/vamseekrishna/Desktop/F1_Data_Warehouse/f1datawarehouse/lib/python3.9/site-packages/airflow/example_dags/example_branch_labels.py
[2024-02-24T18:48:53.261-0600] {processor.py:830} INFO - Processing file /Users/vamseekrishna/Desktop/F1_Data_Warehouse/f1datawarehouse/lib/python3.9/site-packages/airflow/example_dags/example_branch_labels.py for tasks to queue
[2024-02-24T18:48:53.261-0600] {logging_mixin.py:188} INFO - [2024-02-24T18:48:53.261-0600] {dagbag.py:538} INFO - Filling up the DagBag from /Users/vamseekrishna/Desktop/F1_Data_Warehouse/f1datawarehouse/lib/python3.9/site-packages/airflow/example_dags/example_branch_labels.py
[2024-02-24T18:48:53.265-0600] {processor.py:840} INFO - DAG(s) 'example_branch_labels' retrieved from /Users/vamseekrishna/Desktop/F1_Data_Warehouse/f1datawarehouse/lib/python3.9/site-packages/airflow/example_dags/example_branch_labels.py
[2024-02-24T18:48:53.313-0600] {logging_mixin.py:188} INFO - [2024-02-24T18:48:53.313-0600] {dag.py:3036} INFO - Sync 1 DAGs
[2024-02-24T18:48:53.322-0600] {logging_mixin.py:188} INFO - [2024-02-24T18:48:53.322-0600] {dag.py:3823} INFO - Setting next_dagrun for example_branch_labels to 2024-02-24 00:00:00+00:00, run_after=2024-02-25 00:00:00+00:00
[2024-02-24T18:48:53.330-0600] {processor.py:183} INFO - Processing /Users/vamseekrishna/Desktop/F1_Data_Warehouse/f1datawarehouse/lib/python3.9/site-packages/airflow/example_dags/example_branch_labels.py took 0.072 seconds
[2024-02-24T18:50:54.875-0600] {processor.py:161} INFO - Started process (PID=98143) to work on /Users/vamseekrishna/Desktop/F1_Data_Warehouse/f1datawarehouse/lib/python3.9/site-packages/airflow/example_dags/example_branch_labels.py
[2024-02-24T18:50:54.877-0600] {processor.py:830} INFO - Processing file /Users/vamseekrishna/Desktop/F1_Data_Warehouse/f1datawarehouse/lib/python3.9/site-packages/airflow/example_dags/example_branch_labels.py for tasks to queue
[2024-02-24T18:50:54.877-0600] {logging_mixin.py:188} INFO - [2024-02-24T18:50:54.877-0600] {dagbag.py:538} INFO - Filling up the DagBag from /Users/vamseekrishna/Desktop/F1_Data_Warehouse/f1datawarehouse/lib/python3.9/site-packages/airflow/example_dags/example_branch_labels.py
[2024-02-24T18:50:54.881-0600] {processor.py:840} INFO - DAG(s) 'example_branch_labels' retrieved from /Users/vamseekrishna/Desktop/F1_Data_Warehouse/f1datawarehouse/lib/python3.9/site-packages/airflow/example_dags/example_branch_labels.py
[2024-02-24T18:50:54.930-0600] {logging_mixin.py:188} INFO - [2024-02-24T18:50:54.930-0600] {dag.py:3036} INFO - Sync 1 DAGs
[2024-02-24T18:50:54.940-0600] {logging_mixin.py:188} INFO - [2024-02-24T18:50:54.940-0600] {dag.py:3823} INFO - Setting next_dagrun for example_branch_labels to 2024-02-24 00:00:00+00:00, run_after=2024-02-25 00:00:00+00:00
[2024-02-24T18:50:54.948-0600] {processor.py:183} INFO - Processing /Users/vamseekrishna/Desktop/F1_Data_Warehouse/f1datawarehouse/lib/python3.9/site-packages/airflow/example_dags/example_branch_labels.py took 0.074 seconds
[2024-02-24T18:52:50.679-0600] {processor.py:161} INFO - Started process (PID=98242) to work on /Users/vamseekrishna/Desktop/F1_Data_Warehouse/f1datawarehouse/lib/python3.9/site-packages/airflow/example_dags/example_branch_labels.py
[2024-02-24T18:52:50.681-0600] {processor.py:830} INFO - Processing file /Users/vamseekrishna/Desktop/F1_Data_Warehouse/f1datawarehouse/lib/python3.9/site-packages/airflow/example_dags/example_branch_labels.py for tasks to queue
[2024-02-24T18:52:50.681-0600] {logging_mixin.py:188} INFO - [2024-02-24T18:52:50.681-0600] {dagbag.py:538} INFO - Filling up the DagBag from /Users/vamseekrishna/Desktop/F1_Data_Warehouse/f1datawarehouse/lib/python3.9/site-packages/airflow/example_dags/example_branch_labels.py
[2024-02-24T18:52:50.685-0600] {processor.py:840} INFO - DAG(s) 'example_branch_labels' retrieved from /Users/vamseekrishna/Desktop/F1_Data_Warehouse/f1datawarehouse/lib/python3.9/site-packages/airflow/example_dags/example_branch_labels.py
[2024-02-24T18:52:50.735-0600] {logging_mixin.py:188} INFO - [2024-02-24T18:52:50.735-0600] {dag.py:3036} INFO - Sync 1 DAGs
[2024-02-24T18:52:50.744-0600] {logging_mixin.py:188} INFO - [2024-02-24T18:52:50.744-0600] {dag.py:3823} INFO - Setting next_dagrun for example_branch_labels to 2024-02-24 00:00:00+00:00, run_after=2024-02-25 00:00:00+00:00
[2024-02-24T18:52:50.752-0600] {processor.py:183} INFO - Processing /Users/vamseekrishna/Desktop/F1_Data_Warehouse/f1datawarehouse/lib/python3.9/site-packages/airflow/example_dags/example_branch_labels.py took 0.074 seconds
[2024-02-24T18:54:52.913-0600] {processor.py:161} INFO - Started process (PID=98339) to work on /Users/vamseekrishna/Desktop/F1_Data_Warehouse/f1datawarehouse/lib/python3.9/site-packages/airflow/example_dags/example_branch_labels.py
[2024-02-24T18:54:52.915-0600] {processor.py:830} INFO - Processing file /Users/vamseekrishna/Desktop/F1_Data_Warehouse/f1datawarehouse/lib/python3.9/site-packages/airflow/example_dags/example_branch_labels.py for tasks to queue
[2024-02-24T18:54:52.915-0600] {logging_mixin.py:188} INFO - [2024-02-24T18:54:52.915-0600] {dagbag.py:538} INFO - Filling up the DagBag from /Users/vamseekrishna/Desktop/F1_Data_Warehouse/f1datawarehouse/lib/python3.9/site-packages/airflow/example_dags/example_branch_labels.py
[2024-02-24T18:54:52.920-0600] {processor.py:840} INFO - DAG(s) 'example_branch_labels' retrieved from /Users/vamseekrishna/Desktop/F1_Data_Warehouse/f1datawarehouse/lib/python3.9/site-packages/airflow/example_dags/example_branch_labels.py
[2024-02-24T18:54:52.967-0600] {logging_mixin.py:188} INFO - [2024-02-24T18:54:52.967-0600] {dag.py:3036} INFO - Sync 1 DAGs
[2024-02-24T18:54:52.975-0600] {logging_mixin.py:188} INFO - [2024-02-24T18:54:52.975-0600] {dag.py:3823} INFO - Setting next_dagrun for example_branch_labels to 2024-02-24 00:00:00+00:00, run_after=2024-02-25 00:00:00+00:00
[2024-02-24T18:54:52.982-0600] {processor.py:183} INFO - Processing /Users/vamseekrishna/Desktop/F1_Data_Warehouse/f1datawarehouse/lib/python3.9/site-packages/airflow/example_dags/example_branch_labels.py took 0.070 seconds
[2024-02-24T18:56:51.684-0600] {processor.py:161} INFO - Started process (PID=98438) to work on /Users/vamseekrishna/Desktop/F1_Data_Warehouse/f1datawarehouse/lib/python3.9/site-packages/airflow/example_dags/example_branch_labels.py
[2024-02-24T18:56:51.687-0600] {processor.py:830} INFO - Processing file /Users/vamseekrishna/Desktop/F1_Data_Warehouse/f1datawarehouse/lib/python3.9/site-packages/airflow/example_dags/example_branch_labels.py for tasks to queue
[2024-02-24T18:56:51.687-0600] {logging_mixin.py:188} INFO - [2024-02-24T18:56:51.687-0600] {dagbag.py:538} INFO - Filling up the DagBag from /Users/vamseekrishna/Desktop/F1_Data_Warehouse/f1datawarehouse/lib/python3.9/site-packages/airflow/example_dags/example_branch_labels.py
[2024-02-24T18:56:51.695-0600] {processor.py:840} INFO - DAG(s) 'example_branch_labels' retrieved from /Users/vamseekrishna/Desktop/F1_Data_Warehouse/f1datawarehouse/lib/python3.9/site-packages/airflow/example_dags/example_branch_labels.py
[2024-02-24T18:56:51.746-0600] {logging_mixin.py:188} INFO - [2024-02-24T18:56:51.746-0600] {dag.py:3036} INFO - Sync 1 DAGs
[2024-02-24T18:56:51.754-0600] {logging_mixin.py:188} INFO - [2024-02-24T18:56:51.753-0600] {dag.py:3823} INFO - Setting next_dagrun for example_branch_labels to 2024-02-24 00:00:00+00:00, run_after=2024-02-25 00:00:00+00:00
[2024-02-24T18:56:51.761-0600] {processor.py:183} INFO - Processing /Users/vamseekrishna/Desktop/F1_Data_Warehouse/f1datawarehouse/lib/python3.9/site-packages/airflow/example_dags/example_branch_labels.py took 0.078 seconds
[2024-02-24T18:58:54.020-0600] {processor.py:161} INFO - Started process (PID=98536) to work on /Users/vamseekrishna/Desktop/F1_Data_Warehouse/f1datawarehouse/lib/python3.9/site-packages/airflow/example_dags/example_branch_labels.py
[2024-02-24T18:58:54.022-0600] {processor.py:830} INFO - Processing file /Users/vamseekrishna/Desktop/F1_Data_Warehouse/f1datawarehouse/lib/python3.9/site-packages/airflow/example_dags/example_branch_labels.py for tasks to queue
[2024-02-24T18:58:54.023-0600] {logging_mixin.py:188} INFO - [2024-02-24T18:58:54.023-0600] {dagbag.py:538} INFO - Filling up the DagBag from /Users/vamseekrishna/Desktop/F1_Data_Warehouse/f1datawarehouse/lib/python3.9/site-packages/airflow/example_dags/example_branch_labels.py
[2024-02-24T18:58:54.027-0600] {processor.py:840} INFO - DAG(s) 'example_branch_labels' retrieved from /Users/vamseekrishna/Desktop/F1_Data_Warehouse/f1datawarehouse/lib/python3.9/site-packages/airflow/example_dags/example_branch_labels.py
[2024-02-24T18:58:54.076-0600] {logging_mixin.py:188} INFO - [2024-02-24T18:58:54.076-0600] {dag.py:3036} INFO - Sync 1 DAGs
[2024-02-24T18:58:54.083-0600] {logging_mixin.py:188} INFO - [2024-02-24T18:58:54.083-0600] {dag.py:3823} INFO - Setting next_dagrun for example_branch_labels to 2024-02-24 00:00:00+00:00, run_after=2024-02-25 00:00:00+00:00
[2024-02-24T18:58:54.091-0600] {processor.py:183} INFO - Processing /Users/vamseekrishna/Desktop/F1_Data_Warehouse/f1datawarehouse/lib/python3.9/site-packages/airflow/example_dags/example_branch_labels.py took 0.071 seconds
[2024-02-24T19:00:56.955-0600] {processor.py:161} INFO - Started process (PID=98755) to work on /Users/vamseekrishna/Desktop/F1_Data_Warehouse/f1datawarehouse/lib/python3.9/site-packages/airflow/example_dags/example_branch_labels.py
[2024-02-24T19:00:56.957-0600] {processor.py:830} INFO - Processing file /Users/vamseekrishna/Desktop/F1_Data_Warehouse/f1datawarehouse/lib/python3.9/site-packages/airflow/example_dags/example_branch_labels.py for tasks to queue
[2024-02-24T19:00:56.957-0600] {logging_mixin.py:188} INFO - [2024-02-24T19:00:56.957-0600] {dagbag.py:538} INFO - Filling up the DagBag from /Users/vamseekrishna/Desktop/F1_Data_Warehouse/f1datawarehouse/lib/python3.9/site-packages/airflow/example_dags/example_branch_labels.py
[2024-02-24T19:00:56.961-0600] {processor.py:840} INFO - DAG(s) 'example_branch_labels' retrieved from /Users/vamseekrishna/Desktop/F1_Data_Warehouse/f1datawarehouse/lib/python3.9/site-packages/airflow/example_dags/example_branch_labels.py
[2024-02-24T19:00:57.013-0600] {logging_mixin.py:188} INFO - [2024-02-24T19:00:57.013-0600] {dag.py:3036} INFO - Sync 1 DAGs
[2024-02-24T19:00:57.021-0600] {logging_mixin.py:188} INFO - [2024-02-24T19:00:57.021-0600] {dag.py:3823} INFO - Setting next_dagrun for example_branch_labels to 2024-02-24 00:00:00+00:00, run_after=2024-02-25 00:00:00+00:00
[2024-02-24T19:00:57.029-0600] {processor.py:183} INFO - Processing /Users/vamseekrishna/Desktop/F1_Data_Warehouse/f1datawarehouse/lib/python3.9/site-packages/airflow/example_dags/example_branch_labels.py took 0.075 seconds
[2024-02-24T19:02:56.174-0600] {processor.py:161} INFO - Started process (PID=98867) to work on /Users/vamseekrishna/Desktop/F1_Data_Warehouse/f1datawarehouse/lib/python3.9/site-packages/airflow/example_dags/example_branch_labels.py
[2024-02-24T19:02:56.177-0600] {processor.py:830} INFO - Processing file /Users/vamseekrishna/Desktop/F1_Data_Warehouse/f1datawarehouse/lib/python3.9/site-packages/airflow/example_dags/example_branch_labels.py for tasks to queue
[2024-02-24T19:02:56.177-0600] {logging_mixin.py:188} INFO - [2024-02-24T19:02:56.177-0600] {dagbag.py:538} INFO - Filling up the DagBag from /Users/vamseekrishna/Desktop/F1_Data_Warehouse/f1datawarehouse/lib/python3.9/site-packages/airflow/example_dags/example_branch_labels.py
[2024-02-24T19:02:56.182-0600] {processor.py:840} INFO - DAG(s) 'example_branch_labels' retrieved from /Users/vamseekrishna/Desktop/F1_Data_Warehouse/f1datawarehouse/lib/python3.9/site-packages/airflow/example_dags/example_branch_labels.py
[2024-02-24T19:02:56.231-0600] {logging_mixin.py:188} INFO - [2024-02-24T19:02:56.231-0600] {dag.py:3036} INFO - Sync 1 DAGs
[2024-02-24T19:02:56.238-0600] {logging_mixin.py:188} INFO - [2024-02-24T19:02:56.238-0600] {dag.py:3823} INFO - Setting next_dagrun for example_branch_labels to 2024-02-24 00:00:00+00:00, run_after=2024-02-25 00:00:00+00:00
[2024-02-24T19:02:56.246-0600] {processor.py:183} INFO - Processing /Users/vamseekrishna/Desktop/F1_Data_Warehouse/f1datawarehouse/lib/python3.9/site-packages/airflow/example_dags/example_branch_labels.py took 0.072 seconds
[2024-02-24T19:04:50.143-0600] {processor.py:161} INFO - Started process (PID=98971) to work on /Users/vamseekrishna/Desktop/F1_Data_Warehouse/f1datawarehouse/lib/python3.9/site-packages/airflow/example_dags/example_branch_labels.py
[2024-02-24T19:04:50.145-0600] {processor.py:830} INFO - Processing file /Users/vamseekrishna/Desktop/F1_Data_Warehouse/f1datawarehouse/lib/python3.9/site-packages/airflow/example_dags/example_branch_labels.py for tasks to queue
[2024-02-24T19:04:50.146-0600] {logging_mixin.py:188} INFO - [2024-02-24T19:04:50.146-0600] {dagbag.py:538} INFO - Filling up the DagBag from /Users/vamseekrishna/Desktop/F1_Data_Warehouse/f1datawarehouse/lib/python3.9/site-packages/airflow/example_dags/example_branch_labels.py
[2024-02-24T19:04:50.150-0600] {processor.py:840} INFO - DAG(s) 'example_branch_labels' retrieved from /Users/vamseekrishna/Desktop/F1_Data_Warehouse/f1datawarehouse/lib/python3.9/site-packages/airflow/example_dags/example_branch_labels.py
[2024-02-24T19:04:50.198-0600] {logging_mixin.py:188} INFO - [2024-02-24T19:04:50.198-0600] {dag.py:3036} INFO - Sync 1 DAGs
[2024-02-24T19:04:50.206-0600] {logging_mixin.py:188} INFO - [2024-02-24T19:04:50.206-0600] {dag.py:3823} INFO - Setting next_dagrun for example_branch_labels to 2024-02-24 00:00:00+00:00, run_after=2024-02-25 00:00:00+00:00
[2024-02-24T19:04:50.213-0600] {processor.py:183} INFO - Processing /Users/vamseekrishna/Desktop/F1_Data_Warehouse/f1datawarehouse/lib/python3.9/site-packages/airflow/example_dags/example_branch_labels.py took 0.072 seconds
[2024-02-24T19:06:49.889-0600] {processor.py:161} INFO - Started process (PID=99071) to work on /Users/vamseekrishna/Desktop/F1_Data_Warehouse/f1datawarehouse/lib/python3.9/site-packages/airflow/example_dags/example_branch_labels.py
[2024-02-24T19:06:49.891-0600] {processor.py:830} INFO - Processing file /Users/vamseekrishna/Desktop/F1_Data_Warehouse/f1datawarehouse/lib/python3.9/site-packages/airflow/example_dags/example_branch_labels.py for tasks to queue
[2024-02-24T19:06:49.891-0600] {logging_mixin.py:188} INFO - [2024-02-24T19:06:49.891-0600] {dagbag.py:538} INFO - Filling up the DagBag from /Users/vamseekrishna/Desktop/F1_Data_Warehouse/f1datawarehouse/lib/python3.9/site-packages/airflow/example_dags/example_branch_labels.py
[2024-02-24T19:06:49.895-0600] {processor.py:840} INFO - DAG(s) 'example_branch_labels' retrieved from /Users/vamseekrishna/Desktop/F1_Data_Warehouse/f1datawarehouse/lib/python3.9/site-packages/airflow/example_dags/example_branch_labels.py
[2024-02-24T19:06:49.946-0600] {logging_mixin.py:188} INFO - [2024-02-24T19:06:49.946-0600] {dag.py:3036} INFO - Sync 1 DAGs
[2024-02-24T19:06:49.954-0600] {logging_mixin.py:188} INFO - [2024-02-24T19:06:49.954-0600] {dag.py:3823} INFO - Setting next_dagrun for example_branch_labels to 2024-02-24 00:00:00+00:00, run_after=2024-02-25 00:00:00+00:00
[2024-02-24T19:06:49.962-0600] {processor.py:183} INFO - Processing /Users/vamseekrishna/Desktop/F1_Data_Warehouse/f1datawarehouse/lib/python3.9/site-packages/airflow/example_dags/example_branch_labels.py took 0.074 seconds
[2024-02-24T19:08:44.605-0600] {processor.py:161} INFO - Started process (PID=99173) to work on /Users/vamseekrishna/Desktop/F1_Data_Warehouse/f1datawarehouse/lib/python3.9/site-packages/airflow/example_dags/example_branch_labels.py
[2024-02-24T19:08:44.607-0600] {processor.py:830} INFO - Processing file /Users/vamseekrishna/Desktop/F1_Data_Warehouse/f1datawarehouse/lib/python3.9/site-packages/airflow/example_dags/example_branch_labels.py for tasks to queue
[2024-02-24T19:08:44.607-0600] {logging_mixin.py:188} INFO - [2024-02-24T19:08:44.607-0600] {dagbag.py:538} INFO - Filling up the DagBag from /Users/vamseekrishna/Desktop/F1_Data_Warehouse/f1datawarehouse/lib/python3.9/site-packages/airflow/example_dags/example_branch_labels.py
[2024-02-24T19:08:44.612-0600] {processor.py:840} INFO - DAG(s) 'example_branch_labels' retrieved from /Users/vamseekrishna/Desktop/F1_Data_Warehouse/f1datawarehouse/lib/python3.9/site-packages/airflow/example_dags/example_branch_labels.py
[2024-02-24T19:08:44.663-0600] {logging_mixin.py:188} INFO - [2024-02-24T19:08:44.663-0600] {dag.py:3036} INFO - Sync 1 DAGs
[2024-02-24T19:08:44.671-0600] {logging_mixin.py:188} INFO - [2024-02-24T19:08:44.671-0600] {dag.py:3823} INFO - Setting next_dagrun for example_branch_labels to 2024-02-24 00:00:00+00:00, run_after=2024-02-25 00:00:00+00:00
[2024-02-24T19:08:44.679-0600] {processor.py:183} INFO - Processing /Users/vamseekrishna/Desktop/F1_Data_Warehouse/f1datawarehouse/lib/python3.9/site-packages/airflow/example_dags/example_branch_labels.py took 0.075 seconds
[2024-02-24T19:10:41.996-0600] {processor.py:161} INFO - Started process (PID=99273) to work on /Users/vamseekrishna/Desktop/F1_Data_Warehouse/f1datawarehouse/lib/python3.9/site-packages/airflow/example_dags/example_branch_labels.py
[2024-02-24T19:10:41.998-0600] {processor.py:830} INFO - Processing file /Users/vamseekrishna/Desktop/F1_Data_Warehouse/f1datawarehouse/lib/python3.9/site-packages/airflow/example_dags/example_branch_labels.py for tasks to queue
[2024-02-24T19:10:41.998-0600] {logging_mixin.py:188} INFO - [2024-02-24T19:10:41.998-0600] {dagbag.py:538} INFO - Filling up the DagBag from /Users/vamseekrishna/Desktop/F1_Data_Warehouse/f1datawarehouse/lib/python3.9/site-packages/airflow/example_dags/example_branch_labels.py
[2024-02-24T19:10:42.004-0600] {processor.py:840} INFO - DAG(s) 'example_branch_labels' retrieved from /Users/vamseekrishna/Desktop/F1_Data_Warehouse/f1datawarehouse/lib/python3.9/site-packages/airflow/example_dags/example_branch_labels.py
[2024-02-24T19:10:42.061-0600] {logging_mixin.py:188} INFO - [2024-02-24T19:10:42.060-0600] {dag.py:3036} INFO - Sync 1 DAGs
[2024-02-24T19:10:42.069-0600] {logging_mixin.py:188} INFO - [2024-02-24T19:10:42.069-0600] {dag.py:3823} INFO - Setting next_dagrun for example_branch_labels to 2024-02-24 00:00:00+00:00, run_after=2024-02-25 00:00:00+00:00
[2024-02-24T19:10:42.076-0600] {processor.py:183} INFO - Processing /Users/vamseekrishna/Desktop/F1_Data_Warehouse/f1datawarehouse/lib/python3.9/site-packages/airflow/example_dags/example_branch_labels.py took 0.081 seconds
[2024-02-24T19:12:42.752-0600] {processor.py:161} INFO - Started process (PID=99368) to work on /Users/vamseekrishna/Desktop/F1_Data_Warehouse/f1datawarehouse/lib/python3.9/site-packages/airflow/example_dags/example_branch_labels.py
[2024-02-24T19:12:42.755-0600] {processor.py:830} INFO - Processing file /Users/vamseekrishna/Desktop/F1_Data_Warehouse/f1datawarehouse/lib/python3.9/site-packages/airflow/example_dags/example_branch_labels.py for tasks to queue
[2024-02-24T19:12:42.755-0600] {logging_mixin.py:188} INFO - [2024-02-24T19:12:42.755-0600] {dagbag.py:538} INFO - Filling up the DagBag from /Users/vamseekrishna/Desktop/F1_Data_Warehouse/f1datawarehouse/lib/python3.9/site-packages/airflow/example_dags/example_branch_labels.py
[2024-02-24T19:12:42.759-0600] {processor.py:840} INFO - DAG(s) 'example_branch_labels' retrieved from /Users/vamseekrishna/Desktop/F1_Data_Warehouse/f1datawarehouse/lib/python3.9/site-packages/airflow/example_dags/example_branch_labels.py
[2024-02-24T19:12:42.809-0600] {logging_mixin.py:188} INFO - [2024-02-24T19:12:42.809-0600] {dag.py:3036} INFO - Sync 1 DAGs
[2024-02-24T19:12:42.817-0600] {logging_mixin.py:188} INFO - [2024-02-24T19:12:42.817-0600] {dag.py:3823} INFO - Setting next_dagrun for example_branch_labels to 2024-02-24 00:00:00+00:00, run_after=2024-02-25 00:00:00+00:00
[2024-02-24T19:12:42.824-0600] {processor.py:183} INFO - Processing /Users/vamseekrishna/Desktop/F1_Data_Warehouse/f1datawarehouse/lib/python3.9/site-packages/airflow/example_dags/example_branch_labels.py took 0.073 seconds
[2024-02-24T19:14:49.188-0600] {processor.py:161} INFO - Started process (PID=99460) to work on /Users/vamseekrishna/Desktop/F1_Data_Warehouse/f1datawarehouse/lib/python3.9/site-packages/airflow/example_dags/example_branch_labels.py
[2024-02-24T19:14:49.190-0600] {processor.py:830} INFO - Processing file /Users/vamseekrishna/Desktop/F1_Data_Warehouse/f1datawarehouse/lib/python3.9/site-packages/airflow/example_dags/example_branch_labels.py for tasks to queue
[2024-02-24T19:14:49.190-0600] {logging_mixin.py:188} INFO - [2024-02-24T19:14:49.190-0600] {dagbag.py:538} INFO - Filling up the DagBag from /Users/vamseekrishna/Desktop/F1_Data_Warehouse/f1datawarehouse/lib/python3.9/site-packages/airflow/example_dags/example_branch_labels.py
[2024-02-24T19:14:49.195-0600] {processor.py:840} INFO - DAG(s) 'example_branch_labels' retrieved from /Users/vamseekrishna/Desktop/F1_Data_Warehouse/f1datawarehouse/lib/python3.9/site-packages/airflow/example_dags/example_branch_labels.py
[2024-02-24T19:14:49.245-0600] {logging_mixin.py:188} INFO - [2024-02-24T19:14:49.245-0600] {dag.py:3036} INFO - Sync 1 DAGs
[2024-02-24T19:14:49.253-0600] {logging_mixin.py:188} INFO - [2024-02-24T19:14:49.253-0600] {dag.py:3823} INFO - Setting next_dagrun for example_branch_labels to 2024-02-24 00:00:00+00:00, run_after=2024-02-25 00:00:00+00:00
[2024-02-24T19:14:49.260-0600] {processor.py:183} INFO - Processing /Users/vamseekrishna/Desktop/F1_Data_Warehouse/f1datawarehouse/lib/python3.9/site-packages/airflow/example_dags/example_branch_labels.py took 0.073 seconds
[2024-02-24T19:16:48.051-0600] {processor.py:161} INFO - Started process (PID=99570) to work on /Users/vamseekrishna/Desktop/F1_Data_Warehouse/f1datawarehouse/lib/python3.9/site-packages/airflow/example_dags/example_branch_labels.py
[2024-02-24T19:16:48.053-0600] {processor.py:830} INFO - Processing file /Users/vamseekrishna/Desktop/F1_Data_Warehouse/f1datawarehouse/lib/python3.9/site-packages/airflow/example_dags/example_branch_labels.py for tasks to queue
[2024-02-24T19:16:48.053-0600] {logging_mixin.py:188} INFO - [2024-02-24T19:16:48.053-0600] {dagbag.py:538} INFO - Filling up the DagBag from /Users/vamseekrishna/Desktop/F1_Data_Warehouse/f1datawarehouse/lib/python3.9/site-packages/airflow/example_dags/example_branch_labels.py
[2024-02-24T19:16:48.057-0600] {processor.py:840} INFO - DAG(s) 'example_branch_labels' retrieved from /Users/vamseekrishna/Desktop/F1_Data_Warehouse/f1datawarehouse/lib/python3.9/site-packages/airflow/example_dags/example_branch_labels.py
[2024-02-24T19:16:48.111-0600] {logging_mixin.py:188} INFO - [2024-02-24T19:16:48.111-0600] {dag.py:3036} INFO - Sync 1 DAGs
[2024-02-24T19:16:48.122-0600] {logging_mixin.py:188} INFO - [2024-02-24T19:16:48.122-0600] {dag.py:3823} INFO - Setting next_dagrun for example_branch_labels to 2024-02-24 00:00:00+00:00, run_after=2024-02-25 00:00:00+00:00
[2024-02-24T19:16:48.129-0600] {processor.py:183} INFO - Processing /Users/vamseekrishna/Desktop/F1_Data_Warehouse/f1datawarehouse/lib/python3.9/site-packages/airflow/example_dags/example_branch_labels.py took 0.079 seconds
[2024-02-24T19:18:51.455-0600] {processor.py:161} INFO - Started process (PID=99675) to work on /Users/vamseekrishna/Desktop/F1_Data_Warehouse/f1datawarehouse/lib/python3.9/site-packages/airflow/example_dags/example_branch_labels.py
[2024-02-24T19:18:51.457-0600] {processor.py:830} INFO - Processing file /Users/vamseekrishna/Desktop/F1_Data_Warehouse/f1datawarehouse/lib/python3.9/site-packages/airflow/example_dags/example_branch_labels.py for tasks to queue
[2024-02-24T19:18:51.457-0600] {logging_mixin.py:188} INFO - [2024-02-24T19:18:51.457-0600] {dagbag.py:538} INFO - Filling up the DagBag from /Users/vamseekrishna/Desktop/F1_Data_Warehouse/f1datawarehouse/lib/python3.9/site-packages/airflow/example_dags/example_branch_labels.py
[2024-02-24T19:18:51.461-0600] {processor.py:840} INFO - DAG(s) 'example_branch_labels' retrieved from /Users/vamseekrishna/Desktop/F1_Data_Warehouse/f1datawarehouse/lib/python3.9/site-packages/airflow/example_dags/example_branch_labels.py
[2024-02-24T19:18:51.510-0600] {logging_mixin.py:188} INFO - [2024-02-24T19:18:51.510-0600] {dag.py:3036} INFO - Sync 1 DAGs
[2024-02-24T19:18:51.518-0600] {logging_mixin.py:188} INFO - [2024-02-24T19:18:51.518-0600] {dag.py:3823} INFO - Setting next_dagrun for example_branch_labels to 2024-02-24 00:00:00+00:00, run_after=2024-02-25 00:00:00+00:00
[2024-02-24T19:18:51.525-0600] {processor.py:183} INFO - Processing /Users/vamseekrishna/Desktop/F1_Data_Warehouse/f1datawarehouse/lib/python3.9/site-packages/airflow/example_dags/example_branch_labels.py took 0.071 seconds
[2024-02-24T19:20:46.080-0600] {processor.py:161} INFO - Started process (PID=99766) to work on /Users/vamseekrishna/Desktop/F1_Data_Warehouse/f1datawarehouse/lib/python3.9/site-packages/airflow/example_dags/example_branch_labels.py
[2024-02-24T19:20:46.082-0600] {processor.py:830} INFO - Processing file /Users/vamseekrishna/Desktop/F1_Data_Warehouse/f1datawarehouse/lib/python3.9/site-packages/airflow/example_dags/example_branch_labels.py for tasks to queue
[2024-02-24T19:20:46.083-0600] {logging_mixin.py:188} INFO - [2024-02-24T19:20:46.083-0600] {dagbag.py:538} INFO - Filling up the DagBag from /Users/vamseekrishna/Desktop/F1_Data_Warehouse/f1datawarehouse/lib/python3.9/site-packages/airflow/example_dags/example_branch_labels.py
[2024-02-24T19:20:46.091-0600] {processor.py:840} INFO - DAG(s) 'example_branch_labels' retrieved from /Users/vamseekrishna/Desktop/F1_Data_Warehouse/f1datawarehouse/lib/python3.9/site-packages/airflow/example_dags/example_branch_labels.py
[2024-02-24T19:20:46.144-0600] {logging_mixin.py:188} INFO - [2024-02-24T19:20:46.144-0600] {dag.py:3036} INFO - Sync 1 DAGs
[2024-02-24T19:20:46.152-0600] {logging_mixin.py:188} INFO - [2024-02-24T19:20:46.152-0600] {dag.py:3823} INFO - Setting next_dagrun for example_branch_labels to 2024-02-24 00:00:00+00:00, run_after=2024-02-25 00:00:00+00:00
[2024-02-24T19:20:46.160-0600] {processor.py:183} INFO - Processing /Users/vamseekrishna/Desktop/F1_Data_Warehouse/f1datawarehouse/lib/python3.9/site-packages/airflow/example_dags/example_branch_labels.py took 0.080 seconds
[2024-02-24T19:22:50.299-0600] {processor.py:161} INFO - Started process (PID=99872) to work on /Users/vamseekrishna/Desktop/F1_Data_Warehouse/f1datawarehouse/lib/python3.9/site-packages/airflow/example_dags/example_branch_labels.py
[2024-02-24T19:22:50.301-0600] {processor.py:830} INFO - Processing file /Users/vamseekrishna/Desktop/F1_Data_Warehouse/f1datawarehouse/lib/python3.9/site-packages/airflow/example_dags/example_branch_labels.py for tasks to queue
[2024-02-24T19:22:50.301-0600] {logging_mixin.py:188} INFO - [2024-02-24T19:22:50.301-0600] {dagbag.py:538} INFO - Filling up the DagBag from /Users/vamseekrishna/Desktop/F1_Data_Warehouse/f1datawarehouse/lib/python3.9/site-packages/airflow/example_dags/example_branch_labels.py
[2024-02-24T19:22:50.306-0600] {processor.py:840} INFO - DAG(s) 'example_branch_labels' retrieved from /Users/vamseekrishna/Desktop/F1_Data_Warehouse/f1datawarehouse/lib/python3.9/site-packages/airflow/example_dags/example_branch_labels.py
[2024-02-24T19:22:50.368-0600] {logging_mixin.py:188} INFO - [2024-02-24T19:22:50.368-0600] {dag.py:3036} INFO - Sync 1 DAGs
[2024-02-24T19:22:50.375-0600] {logging_mixin.py:188} INFO - [2024-02-24T19:22:50.375-0600] {dag.py:3823} INFO - Setting next_dagrun for example_branch_labels to 2024-02-24 00:00:00+00:00, run_after=2024-02-25 00:00:00+00:00
[2024-02-24T19:22:50.383-0600] {processor.py:183} INFO - Processing /Users/vamseekrishna/Desktop/F1_Data_Warehouse/f1datawarehouse/lib/python3.9/site-packages/airflow/example_dags/example_branch_labels.py took 0.084 seconds
[2024-02-24T19:24:47.792-0600] {processor.py:161} INFO - Started process (PID=99969) to work on /Users/vamseekrishna/Desktop/F1_Data_Warehouse/f1datawarehouse/lib/python3.9/site-packages/airflow/example_dags/example_branch_labels.py
[2024-02-24T19:24:47.794-0600] {processor.py:830} INFO - Processing file /Users/vamseekrishna/Desktop/F1_Data_Warehouse/f1datawarehouse/lib/python3.9/site-packages/airflow/example_dags/example_branch_labels.py for tasks to queue
[2024-02-24T19:24:47.794-0600] {logging_mixin.py:188} INFO - [2024-02-24T19:24:47.794-0600] {dagbag.py:538} INFO - Filling up the DagBag from /Users/vamseekrishna/Desktop/F1_Data_Warehouse/f1datawarehouse/lib/python3.9/site-packages/airflow/example_dags/example_branch_labels.py
[2024-02-24T19:24:47.798-0600] {processor.py:840} INFO - DAG(s) 'example_branch_labels' retrieved from /Users/vamseekrishna/Desktop/F1_Data_Warehouse/f1datawarehouse/lib/python3.9/site-packages/airflow/example_dags/example_branch_labels.py
[2024-02-24T19:24:47.846-0600] {logging_mixin.py:188} INFO - [2024-02-24T19:24:47.846-0600] {dag.py:3036} INFO - Sync 1 DAGs
[2024-02-24T19:24:47.854-0600] {logging_mixin.py:188} INFO - [2024-02-24T19:24:47.854-0600] {dag.py:3823} INFO - Setting next_dagrun for example_branch_labels to 2024-02-24 00:00:00+00:00, run_after=2024-02-25 00:00:00+00:00
[2024-02-24T19:24:47.861-0600] {processor.py:183} INFO - Processing /Users/vamseekrishna/Desktop/F1_Data_Warehouse/f1datawarehouse/lib/python3.9/site-packages/airflow/example_dags/example_branch_labels.py took 0.070 seconds
[2024-02-24T19:26:57.911-0600] {processor.py:161} INFO - Started process (PID=206) to work on /Users/vamseekrishna/Desktop/F1_Data_Warehouse/f1datawarehouse/lib/python3.9/site-packages/airflow/example_dags/example_branch_labels.py
[2024-02-24T19:26:57.915-0600] {processor.py:830} INFO - Processing file /Users/vamseekrishna/Desktop/F1_Data_Warehouse/f1datawarehouse/lib/python3.9/site-packages/airflow/example_dags/example_branch_labels.py for tasks to queue
[2024-02-24T19:26:57.915-0600] {logging_mixin.py:188} INFO - [2024-02-24T19:26:57.915-0600] {dagbag.py:538} INFO - Filling up the DagBag from /Users/vamseekrishna/Desktop/F1_Data_Warehouse/f1datawarehouse/lib/python3.9/site-packages/airflow/example_dags/example_branch_labels.py
[2024-02-24T19:26:57.919-0600] {processor.py:840} INFO - DAG(s) 'example_branch_labels' retrieved from /Users/vamseekrishna/Desktop/F1_Data_Warehouse/f1datawarehouse/lib/python3.9/site-packages/airflow/example_dags/example_branch_labels.py
[2024-02-24T19:26:57.975-0600] {logging_mixin.py:188} INFO - [2024-02-24T19:26:57.975-0600] {dag.py:3036} INFO - Sync 1 DAGs
[2024-02-24T19:26:57.983-0600] {logging_mixin.py:188} INFO - [2024-02-24T19:26:57.983-0600] {dag.py:3823} INFO - Setting next_dagrun for example_branch_labels to 2024-02-24 00:00:00+00:00, run_after=2024-02-25 00:00:00+00:00
[2024-02-24T19:26:57.990-0600] {processor.py:183} INFO - Processing /Users/vamseekrishna/Desktop/F1_Data_Warehouse/f1datawarehouse/lib/python3.9/site-packages/airflow/example_dags/example_branch_labels.py took 0.080 seconds
[2024-02-24T19:29:08.903-0600] {processor.py:161} INFO - Started process (PID=315) to work on /Users/vamseekrishna/Desktop/F1_Data_Warehouse/f1datawarehouse/lib/python3.9/site-packages/airflow/example_dags/example_branch_labels.py
[2024-02-24T19:29:08.906-0600] {processor.py:830} INFO - Processing file /Users/vamseekrishna/Desktop/F1_Data_Warehouse/f1datawarehouse/lib/python3.9/site-packages/airflow/example_dags/example_branch_labels.py for tasks to queue
[2024-02-24T19:29:08.906-0600] {logging_mixin.py:188} INFO - [2024-02-24T19:29:08.906-0600] {dagbag.py:538} INFO - Filling up the DagBag from /Users/vamseekrishna/Desktop/F1_Data_Warehouse/f1datawarehouse/lib/python3.9/site-packages/airflow/example_dags/example_branch_labels.py
[2024-02-24T19:29:08.910-0600] {processor.py:840} INFO - DAG(s) 'example_branch_labels' retrieved from /Users/vamseekrishna/Desktop/F1_Data_Warehouse/f1datawarehouse/lib/python3.9/site-packages/airflow/example_dags/example_branch_labels.py
[2024-02-24T19:29:08.958-0600] {logging_mixin.py:188} INFO - [2024-02-24T19:29:08.957-0600] {dag.py:3036} INFO - Sync 1 DAGs
[2024-02-24T19:29:08.965-0600] {logging_mixin.py:188} INFO - [2024-02-24T19:29:08.965-0600] {dag.py:3823} INFO - Setting next_dagrun for example_branch_labels to 2024-02-24 00:00:00+00:00, run_after=2024-02-25 00:00:00+00:00
[2024-02-24T19:29:08.973-0600] {processor.py:183} INFO - Processing /Users/vamseekrishna/Desktop/F1_Data_Warehouse/f1datawarehouse/lib/python3.9/site-packages/airflow/example_dags/example_branch_labels.py took 0.070 seconds
[2024-02-24T19:31:14.070-0600] {processor.py:161} INFO - Started process (PID=434) to work on /Users/vamseekrishna/Desktop/F1_Data_Warehouse/f1datawarehouse/lib/python3.9/site-packages/airflow/example_dags/example_branch_labels.py
[2024-02-24T19:31:14.072-0600] {processor.py:830} INFO - Processing file /Users/vamseekrishna/Desktop/F1_Data_Warehouse/f1datawarehouse/lib/python3.9/site-packages/airflow/example_dags/example_branch_labels.py for tasks to queue
[2024-02-24T19:31:14.073-0600] {logging_mixin.py:188} INFO - [2024-02-24T19:31:14.073-0600] {dagbag.py:538} INFO - Filling up the DagBag from /Users/vamseekrishna/Desktop/F1_Data_Warehouse/f1datawarehouse/lib/python3.9/site-packages/airflow/example_dags/example_branch_labels.py
[2024-02-24T19:31:14.077-0600] {processor.py:840} INFO - DAG(s) 'example_branch_labels' retrieved from /Users/vamseekrishna/Desktop/F1_Data_Warehouse/f1datawarehouse/lib/python3.9/site-packages/airflow/example_dags/example_branch_labels.py
[2024-02-24T19:31:14.127-0600] {logging_mixin.py:188} INFO - [2024-02-24T19:31:14.127-0600] {dag.py:3036} INFO - Sync 1 DAGs
[2024-02-24T19:31:14.135-0600] {logging_mixin.py:188} INFO - [2024-02-24T19:31:14.135-0600] {dag.py:3823} INFO - Setting next_dagrun for example_branch_labels to 2024-02-24 00:00:00+00:00, run_after=2024-02-25 00:00:00+00:00
[2024-02-24T19:31:14.143-0600] {processor.py:183} INFO - Processing /Users/vamseekrishna/Desktop/F1_Data_Warehouse/f1datawarehouse/lib/python3.9/site-packages/airflow/example_dags/example_branch_labels.py took 0.073 seconds
[2024-02-24T19:33:18.529-0600] {processor.py:161} INFO - Started process (PID=579) to work on /Users/vamseekrishna/Desktop/F1_Data_Warehouse/f1datawarehouse/lib/python3.9/site-packages/airflow/example_dags/example_branch_labels.py
[2024-02-24T19:33:18.531-0600] {processor.py:830} INFO - Processing file /Users/vamseekrishna/Desktop/F1_Data_Warehouse/f1datawarehouse/lib/python3.9/site-packages/airflow/example_dags/example_branch_labels.py for tasks to queue
[2024-02-24T19:33:18.532-0600] {logging_mixin.py:188} INFO - [2024-02-24T19:33:18.532-0600] {dagbag.py:538} INFO - Filling up the DagBag from /Users/vamseekrishna/Desktop/F1_Data_Warehouse/f1datawarehouse/lib/python3.9/site-packages/airflow/example_dags/example_branch_labels.py
[2024-02-24T19:33:18.536-0600] {processor.py:840} INFO - DAG(s) 'example_branch_labels' retrieved from /Users/vamseekrishna/Desktop/F1_Data_Warehouse/f1datawarehouse/lib/python3.9/site-packages/airflow/example_dags/example_branch_labels.py
[2024-02-24T19:33:18.584-0600] {logging_mixin.py:188} INFO - [2024-02-24T19:33:18.584-0600] {dag.py:3036} INFO - Sync 1 DAGs
[2024-02-24T19:33:18.592-0600] {logging_mixin.py:188} INFO - [2024-02-24T19:33:18.591-0600] {dag.py:3823} INFO - Setting next_dagrun for example_branch_labels to 2024-02-24 00:00:00+00:00, run_after=2024-02-25 00:00:00+00:00
[2024-02-24T19:33:18.599-0600] {processor.py:183} INFO - Processing /Users/vamseekrishna/Desktop/F1_Data_Warehouse/f1datawarehouse/lib/python3.9/site-packages/airflow/example_dags/example_branch_labels.py took 0.071 seconds
[2024-02-24T19:35:25.406-0600] {processor.py:161} INFO - Started process (PID=715) to work on /Users/vamseekrishna/Desktop/F1_Data_Warehouse/f1datawarehouse/lib/python3.9/site-packages/airflow/example_dags/example_branch_labels.py
[2024-02-24T19:35:25.408-0600] {processor.py:830} INFO - Processing file /Users/vamseekrishna/Desktop/F1_Data_Warehouse/f1datawarehouse/lib/python3.9/site-packages/airflow/example_dags/example_branch_labels.py for tasks to queue
[2024-02-24T19:35:25.408-0600] {logging_mixin.py:188} INFO - [2024-02-24T19:35:25.408-0600] {dagbag.py:538} INFO - Filling up the DagBag from /Users/vamseekrishna/Desktop/F1_Data_Warehouse/f1datawarehouse/lib/python3.9/site-packages/airflow/example_dags/example_branch_labels.py
[2024-02-24T19:35:25.414-0600] {processor.py:840} INFO - DAG(s) 'example_branch_labels' retrieved from /Users/vamseekrishna/Desktop/F1_Data_Warehouse/f1datawarehouse/lib/python3.9/site-packages/airflow/example_dags/example_branch_labels.py
[2024-02-24T19:35:25.468-0600] {logging_mixin.py:188} INFO - [2024-02-24T19:35:25.468-0600] {dag.py:3036} INFO - Sync 1 DAGs
[2024-02-24T19:35:25.478-0600] {logging_mixin.py:188} INFO - [2024-02-24T19:35:25.478-0600] {dag.py:3823} INFO - Setting next_dagrun for example_branch_labels to 2024-02-24 00:00:00+00:00, run_after=2024-02-25 00:00:00+00:00
[2024-02-24T19:35:25.486-0600] {processor.py:183} INFO - Processing /Users/vamseekrishna/Desktop/F1_Data_Warehouse/f1datawarehouse/lib/python3.9/site-packages/airflow/example_dags/example_branch_labels.py took 0.081 seconds
[2024-02-24T19:37:35.265-0600] {processor.py:161} INFO - Started process (PID=871) to work on /Users/vamseekrishna/Desktop/F1_Data_Warehouse/f1datawarehouse/lib/python3.9/site-packages/airflow/example_dags/example_branch_labels.py
[2024-02-24T19:37:35.267-0600] {processor.py:830} INFO - Processing file /Users/vamseekrishna/Desktop/F1_Data_Warehouse/f1datawarehouse/lib/python3.9/site-packages/airflow/example_dags/example_branch_labels.py for tasks to queue
[2024-02-24T19:37:35.267-0600] {logging_mixin.py:188} INFO - [2024-02-24T19:37:35.267-0600] {dagbag.py:538} INFO - Filling up the DagBag from /Users/vamseekrishna/Desktop/F1_Data_Warehouse/f1datawarehouse/lib/python3.9/site-packages/airflow/example_dags/example_branch_labels.py
[2024-02-24T19:37:35.271-0600] {processor.py:840} INFO - DAG(s) 'example_branch_labels' retrieved from /Users/vamseekrishna/Desktop/F1_Data_Warehouse/f1datawarehouse/lib/python3.9/site-packages/airflow/example_dags/example_branch_labels.py
[2024-02-24T19:37:35.320-0600] {logging_mixin.py:188} INFO - [2024-02-24T19:37:35.320-0600] {dag.py:3036} INFO - Sync 1 DAGs
[2024-02-24T19:37:35.328-0600] {logging_mixin.py:188} INFO - [2024-02-24T19:37:35.328-0600] {dag.py:3823} INFO - Setting next_dagrun for example_branch_labels to 2024-02-24 00:00:00+00:00, run_after=2024-02-25 00:00:00+00:00
[2024-02-24T19:37:35.335-0600] {processor.py:183} INFO - Processing /Users/vamseekrishna/Desktop/F1_Data_Warehouse/f1datawarehouse/lib/python3.9/site-packages/airflow/example_dags/example_branch_labels.py took 0.071 seconds
[2024-02-24T19:39:40.784-0600] {processor.py:161} INFO - Started process (PID=975) to work on /Users/vamseekrishna/Desktop/F1_Data_Warehouse/f1datawarehouse/lib/python3.9/site-packages/airflow/example_dags/example_branch_labels.py
[2024-02-24T19:39:40.786-0600] {processor.py:830} INFO - Processing file /Users/vamseekrishna/Desktop/F1_Data_Warehouse/f1datawarehouse/lib/python3.9/site-packages/airflow/example_dags/example_branch_labels.py for tasks to queue
[2024-02-24T19:39:40.786-0600] {logging_mixin.py:188} INFO - [2024-02-24T19:39:40.786-0600] {dagbag.py:538} INFO - Filling up the DagBag from /Users/vamseekrishna/Desktop/F1_Data_Warehouse/f1datawarehouse/lib/python3.9/site-packages/airflow/example_dags/example_branch_labels.py
[2024-02-24T19:39:40.791-0600] {processor.py:840} INFO - DAG(s) 'example_branch_labels' retrieved from /Users/vamseekrishna/Desktop/F1_Data_Warehouse/f1datawarehouse/lib/python3.9/site-packages/airflow/example_dags/example_branch_labels.py
[2024-02-24T19:39:40.838-0600] {logging_mixin.py:188} INFO - [2024-02-24T19:39:40.838-0600] {dag.py:3036} INFO - Sync 1 DAGs
[2024-02-24T19:39:40.846-0600] {logging_mixin.py:188} INFO - [2024-02-24T19:39:40.846-0600] {dag.py:3823} INFO - Setting next_dagrun for example_branch_labels to 2024-02-24 00:00:00+00:00, run_after=2024-02-25 00:00:00+00:00
[2024-02-24T19:39:40.854-0600] {processor.py:183} INFO - Processing /Users/vamseekrishna/Desktop/F1_Data_Warehouse/f1datawarehouse/lib/python3.9/site-packages/airflow/example_dags/example_branch_labels.py took 0.071 seconds
[2024-02-24T19:41:47.054-0600] {processor.py:161} INFO - Started process (PID=1165) to work on /Users/vamseekrishna/Desktop/F1_Data_Warehouse/f1datawarehouse/lib/python3.9/site-packages/airflow/example_dags/example_branch_labels.py
[2024-02-24T19:41:47.056-0600] {processor.py:830} INFO - Processing file /Users/vamseekrishna/Desktop/F1_Data_Warehouse/f1datawarehouse/lib/python3.9/site-packages/airflow/example_dags/example_branch_labels.py for tasks to queue
[2024-02-24T19:41:47.057-0600] {logging_mixin.py:188} INFO - [2024-02-24T19:41:47.056-0600] {dagbag.py:538} INFO - Filling up the DagBag from /Users/vamseekrishna/Desktop/F1_Data_Warehouse/f1datawarehouse/lib/python3.9/site-packages/airflow/example_dags/example_branch_labels.py
[2024-02-24T19:41:47.061-0600] {processor.py:840} INFO - DAG(s) 'example_branch_labels' retrieved from /Users/vamseekrishna/Desktop/F1_Data_Warehouse/f1datawarehouse/lib/python3.9/site-packages/airflow/example_dags/example_branch_labels.py
[2024-02-24T19:41:47.113-0600] {logging_mixin.py:188} INFO - [2024-02-24T19:41:47.113-0600] {dag.py:3036} INFO - Sync 1 DAGs
[2024-02-24T19:41:47.121-0600] {logging_mixin.py:188} INFO - [2024-02-24T19:41:47.121-0600] {dag.py:3823} INFO - Setting next_dagrun for example_branch_labels to 2024-02-24 00:00:00+00:00, run_after=2024-02-25 00:00:00+00:00
[2024-02-24T19:41:47.129-0600] {processor.py:183} INFO - Processing /Users/vamseekrishna/Desktop/F1_Data_Warehouse/f1datawarehouse/lib/python3.9/site-packages/airflow/example_dags/example_branch_labels.py took 0.075 seconds
[2024-02-24T19:44:05.387-0600] {processor.py:161} INFO - Started process (PID=1410) to work on /Users/vamseekrishna/Desktop/F1_Data_Warehouse/f1datawarehouse/lib/python3.9/site-packages/airflow/example_dags/example_branch_labels.py
[2024-02-24T19:44:05.389-0600] {processor.py:830} INFO - Processing file /Users/vamseekrishna/Desktop/F1_Data_Warehouse/f1datawarehouse/lib/python3.9/site-packages/airflow/example_dags/example_branch_labels.py for tasks to queue
[2024-02-24T19:44:05.389-0600] {logging_mixin.py:188} INFO - [2024-02-24T19:44:05.389-0600] {dagbag.py:538} INFO - Filling up the DagBag from /Users/vamseekrishna/Desktop/F1_Data_Warehouse/f1datawarehouse/lib/python3.9/site-packages/airflow/example_dags/example_branch_labels.py
[2024-02-24T19:44:05.403-0600] {processor.py:840} INFO - DAG(s) 'example_branch_labels' retrieved from /Users/vamseekrishna/Desktop/F1_Data_Warehouse/f1datawarehouse/lib/python3.9/site-packages/airflow/example_dags/example_branch_labels.py
[2024-02-24T19:44:05.467-0600] {logging_mixin.py:188} INFO - [2024-02-24T19:44:05.467-0600] {dag.py:3036} INFO - Sync 1 DAGs
[2024-02-24T19:44:05.482-0600] {logging_mixin.py:188} INFO - [2024-02-24T19:44:05.482-0600] {dag.py:3823} INFO - Setting next_dagrun for example_branch_labels to 2024-02-24 00:00:00+00:00, run_after=2024-02-25 00:00:00+00:00
[2024-02-24T19:44:05.492-0600] {processor.py:183} INFO - Processing /Users/vamseekrishna/Desktop/F1_Data_Warehouse/f1datawarehouse/lib/python3.9/site-packages/airflow/example_dags/example_branch_labels.py took 0.107 seconds
[2024-02-24T19:46:37.855-0600] {processor.py:161} INFO - Started process (PID=1666) to work on /Users/vamseekrishna/Desktop/F1_Data_Warehouse/f1datawarehouse/lib/python3.9/site-packages/airflow/example_dags/example_branch_labels.py
[2024-02-24T19:46:37.857-0600] {processor.py:830} INFO - Processing file /Users/vamseekrishna/Desktop/F1_Data_Warehouse/f1datawarehouse/lib/python3.9/site-packages/airflow/example_dags/example_branch_labels.py for tasks to queue
[2024-02-24T19:46:37.858-0600] {logging_mixin.py:188} INFO - [2024-02-24T19:46:37.858-0600] {dagbag.py:538} INFO - Filling up the DagBag from /Users/vamseekrishna/Desktop/F1_Data_Warehouse/f1datawarehouse/lib/python3.9/site-packages/airflow/example_dags/example_branch_labels.py
[2024-02-24T19:46:37.879-0600] {processor.py:840} INFO - DAG(s) 'example_branch_labels' retrieved from /Users/vamseekrishna/Desktop/F1_Data_Warehouse/f1datawarehouse/lib/python3.9/site-packages/airflow/example_dags/example_branch_labels.py
[2024-02-24T19:46:37.955-0600] {logging_mixin.py:188} INFO - [2024-02-24T19:46:37.955-0600] {dag.py:3036} INFO - Sync 1 DAGs
[2024-02-24T19:46:37.967-0600] {logging_mixin.py:188} INFO - [2024-02-24T19:46:37.967-0600] {dag.py:3823} INFO - Setting next_dagrun for example_branch_labels to 2024-02-24 00:00:00+00:00, run_after=2024-02-25 00:00:00+00:00
[2024-02-24T19:46:37.980-0600] {processor.py:183} INFO - Processing /Users/vamseekrishna/Desktop/F1_Data_Warehouse/f1datawarehouse/lib/python3.9/site-packages/airflow/example_dags/example_branch_labels.py took 0.125 seconds
[2024-02-24T19:48:56.671-0600] {processor.py:161} INFO - Started process (PID=1870) to work on /Users/vamseekrishna/Desktop/F1_Data_Warehouse/f1datawarehouse/lib/python3.9/site-packages/airflow/example_dags/example_branch_labels.py
[2024-02-24T19:48:56.673-0600] {processor.py:830} INFO - Processing file /Users/vamseekrishna/Desktop/F1_Data_Warehouse/f1datawarehouse/lib/python3.9/site-packages/airflow/example_dags/example_branch_labels.py for tasks to queue
[2024-02-24T19:48:56.673-0600] {logging_mixin.py:188} INFO - [2024-02-24T19:48:56.673-0600] {dagbag.py:538} INFO - Filling up the DagBag from /Users/vamseekrishna/Desktop/F1_Data_Warehouse/f1datawarehouse/lib/python3.9/site-packages/airflow/example_dags/example_branch_labels.py
[2024-02-24T19:48:56.678-0600] {processor.py:840} INFO - DAG(s) 'example_branch_labels' retrieved from /Users/vamseekrishna/Desktop/F1_Data_Warehouse/f1datawarehouse/lib/python3.9/site-packages/airflow/example_dags/example_branch_labels.py
[2024-02-24T19:48:56.735-0600] {logging_mixin.py:188} INFO - [2024-02-24T19:48:56.735-0600] {dag.py:3036} INFO - Sync 1 DAGs
[2024-02-24T19:48:56.746-0600] {logging_mixin.py:188} INFO - [2024-02-24T19:48:56.746-0600] {dag.py:3823} INFO - Setting next_dagrun for example_branch_labels to 2024-02-24 00:00:00+00:00, run_after=2024-02-25 00:00:00+00:00
[2024-02-24T19:48:56.755-0600] {processor.py:183} INFO - Processing /Users/vamseekrishna/Desktop/F1_Data_Warehouse/f1datawarehouse/lib/python3.9/site-packages/airflow/example_dags/example_branch_labels.py took 0.084 seconds
