[2024-02-24T21:36:47.639-0600] {processor.py:161} INFO - Started process (PID=8234) to work on /Users/vamseekrishna/Desktop/F1_Data_Warehouse/f1datawarehouse/lib/python3.9/site-packages/airflow/example_dags/example_skip_dag.py
[2024-02-24T21:36:47.640-0600] {processor.py:830} INFO - Processing file /Users/vamseekrishna/Desktop/F1_Data_Warehouse/f1datawarehouse/lib/python3.9/site-packages/airflow/example_dags/example_skip_dag.py for tasks to queue
[2024-02-24T21:36:47.641-0600] {logging_mixin.py:188} INFO - [2024-02-24T21:36:47.641-0600] {dagbag.py:538} INFO - Filling up the DagBag from /Users/vamseekrishna/Desktop/F1_Data_Warehouse/f1datawarehouse/lib/python3.9/site-packages/airflow/example_dags/example_skip_dag.py
[2024-02-24T21:36:47.645-0600] {processor.py:840} INFO - DAG(s) 'example_skip_dag' retrieved from /Users/vamseekrishna/Desktop/F1_Data_Warehouse/f1datawarehouse/lib/python3.9/site-packages/airflow/example_dags/example_skip_dag.py
[2024-02-24T21:36:47.734-0600] {logging_mixin.py:188} INFO - [2024-02-24T21:36:47.733-0600] {dag.py:3036} INFO - Sync 1 DAGs
[2024-02-24T21:36:47.742-0600] {logging_mixin.py:188} INFO - [2024-02-24T21:36:47.742-0600] {dag.py:3823} INFO - Setting next_dagrun for example_skip_dag to 2024-02-24 00:00:00+00:00, run_after=2024-02-25 00:00:00+00:00
[2024-02-24T21:36:47.751-0600] {processor.py:183} INFO - Processing /Users/vamseekrishna/Desktop/F1_Data_Warehouse/f1datawarehouse/lib/python3.9/site-packages/airflow/example_dags/example_skip_dag.py took 0.113 seconds
[2024-02-24T21:38:20.623-0600] {processor.py:161} INFO - Started process (PID=8391) to work on /Users/vamseekrishna/Desktop/F1_Data_Warehouse/f1datawarehouse/lib/python3.9/site-packages/airflow/example_dags/example_skip_dag.py
[2024-02-24T21:38:20.625-0600] {processor.py:830} INFO - Processing file /Users/vamseekrishna/Desktop/F1_Data_Warehouse/f1datawarehouse/lib/python3.9/site-packages/airflow/example_dags/example_skip_dag.py for tasks to queue
[2024-02-24T21:38:20.625-0600] {logging_mixin.py:188} INFO - [2024-02-24T21:38:20.625-0600] {dagbag.py:538} INFO - Filling up the DagBag from /Users/vamseekrishna/Desktop/F1_Data_Warehouse/f1datawarehouse/lib/python3.9/site-packages/airflow/example_dags/example_skip_dag.py
[2024-02-24T21:38:20.629-0600] {processor.py:840} INFO - DAG(s) 'example_skip_dag' retrieved from /Users/vamseekrishna/Desktop/F1_Data_Warehouse/f1datawarehouse/lib/python3.9/site-packages/airflow/example_dags/example_skip_dag.py
[2024-02-24T21:38:20.680-0600] {logging_mixin.py:188} INFO - [2024-02-24T21:38:20.679-0600] {dag.py:3036} INFO - Sync 1 DAGs
[2024-02-24T21:38:20.688-0600] {logging_mixin.py:188} INFO - [2024-02-24T21:38:20.688-0600] {dag.py:3823} INFO - Setting next_dagrun for example_skip_dag to 2024-02-24 00:00:00+00:00, run_after=2024-02-25 00:00:00+00:00
[2024-02-24T21:38:20.697-0600] {processor.py:183} INFO - Processing /Users/vamseekrishna/Desktop/F1_Data_Warehouse/f1datawarehouse/lib/python3.9/site-packages/airflow/example_dags/example_skip_dag.py took 0.074 seconds
[2024-02-24T21:40:19.943-0600] {processor.py:161} INFO - Started process (PID=8590) to work on /Users/vamseekrishna/Desktop/F1_Data_Warehouse/f1datawarehouse/lib/python3.9/site-packages/airflow/example_dags/example_skip_dag.py
[2024-02-24T21:40:19.945-0600] {processor.py:830} INFO - Processing file /Users/vamseekrishna/Desktop/F1_Data_Warehouse/f1datawarehouse/lib/python3.9/site-packages/airflow/example_dags/example_skip_dag.py for tasks to queue
[2024-02-24T21:40:19.945-0600] {logging_mixin.py:188} INFO - [2024-02-24T21:40:19.945-0600] {dagbag.py:538} INFO - Filling up the DagBag from /Users/vamseekrishna/Desktop/F1_Data_Warehouse/f1datawarehouse/lib/python3.9/site-packages/airflow/example_dags/example_skip_dag.py
[2024-02-24T21:40:19.949-0600] {processor.py:840} INFO - DAG(s) 'example_skip_dag' retrieved from /Users/vamseekrishna/Desktop/F1_Data_Warehouse/f1datawarehouse/lib/python3.9/site-packages/airflow/example_dags/example_skip_dag.py
[2024-02-24T21:40:19.997-0600] {logging_mixin.py:188} INFO - [2024-02-24T21:40:19.997-0600] {dag.py:3036} INFO - Sync 1 DAGs
[2024-02-24T21:40:20.006-0600] {logging_mixin.py:188} INFO - [2024-02-24T21:40:20.006-0600] {dag.py:3823} INFO - Setting next_dagrun for example_skip_dag to 2024-02-24 00:00:00+00:00, run_after=2024-02-25 00:00:00+00:00
[2024-02-24T21:40:20.013-0600] {processor.py:183} INFO - Processing /Users/vamseekrishna/Desktop/F1_Data_Warehouse/f1datawarehouse/lib/python3.9/site-packages/airflow/example_dags/example_skip_dag.py took 0.070 seconds
[2024-02-24T21:49:49.687-0600] {processor.py:161} INFO - Started process (PID=9063) to work on /Users/vamseekrishna/Desktop/F1_Data_Warehouse/f1datawarehouse/lib/python3.9/site-packages/airflow/example_dags/example_skip_dag.py
[2024-02-24T21:49:49.689-0600] {processor.py:830} INFO - Processing file /Users/vamseekrishna/Desktop/F1_Data_Warehouse/f1datawarehouse/lib/python3.9/site-packages/airflow/example_dags/example_skip_dag.py for tasks to queue
[2024-02-24T21:49:49.690-0600] {logging_mixin.py:188} INFO - [2024-02-24T21:49:49.689-0600] {dagbag.py:538} INFO - Filling up the DagBag from /Users/vamseekrishna/Desktop/F1_Data_Warehouse/f1datawarehouse/lib/python3.9/site-packages/airflow/example_dags/example_skip_dag.py
[2024-02-24T21:49:49.696-0600] {processor.py:840} INFO - DAG(s) 'example_skip_dag' retrieved from /Users/vamseekrishna/Desktop/F1_Data_Warehouse/f1datawarehouse/lib/python3.9/site-packages/airflow/example_dags/example_skip_dag.py
[2024-02-24T21:49:49.755-0600] {logging_mixin.py:188} INFO - [2024-02-24T21:49:49.755-0600] {dag.py:3036} INFO - Sync 1 DAGs
[2024-02-24T21:49:49.772-0600] {logging_mixin.py:188} INFO - [2024-02-24T21:49:49.771-0600] {dag.py:3823} INFO - Setting next_dagrun for example_skip_dag to 2024-02-24 00:00:00+00:00, run_after=2024-02-25 00:00:00+00:00
[2024-02-24T21:49:49.786-0600] {processor.py:183} INFO - Processing /Users/vamseekrishna/Desktop/F1_Data_Warehouse/f1datawarehouse/lib/python3.9/site-packages/airflow/example_dags/example_skip_dag.py took 0.100 seconds
[2024-02-24T21:51:19.345-0600] {processor.py:161} INFO - Started process (PID=9155) to work on /Users/vamseekrishna/Desktop/F1_Data_Warehouse/f1datawarehouse/lib/python3.9/site-packages/airflow/example_dags/example_skip_dag.py
[2024-02-24T21:51:19.347-0600] {processor.py:830} INFO - Processing file /Users/vamseekrishna/Desktop/F1_Data_Warehouse/f1datawarehouse/lib/python3.9/site-packages/airflow/example_dags/example_skip_dag.py for tasks to queue
[2024-02-24T21:51:19.347-0600] {logging_mixin.py:188} INFO - [2024-02-24T21:51:19.347-0600] {dagbag.py:538} INFO - Filling up the DagBag from /Users/vamseekrishna/Desktop/F1_Data_Warehouse/f1datawarehouse/lib/python3.9/site-packages/airflow/example_dags/example_skip_dag.py
[2024-02-24T21:51:19.351-0600] {processor.py:840} INFO - DAG(s) 'example_skip_dag' retrieved from /Users/vamseekrishna/Desktop/F1_Data_Warehouse/f1datawarehouse/lib/python3.9/site-packages/airflow/example_dags/example_skip_dag.py
[2024-02-24T21:51:19.398-0600] {logging_mixin.py:188} INFO - [2024-02-24T21:51:19.398-0600] {dag.py:3036} INFO - Sync 1 DAGs
[2024-02-24T21:51:19.407-0600] {logging_mixin.py:188} INFO - [2024-02-24T21:51:19.407-0600] {dag.py:3823} INFO - Setting next_dagrun for example_skip_dag to 2024-02-24 00:00:00+00:00, run_after=2024-02-25 00:00:00+00:00
[2024-02-24T21:51:19.415-0600] {processor.py:183} INFO - Processing /Users/vamseekrishna/Desktop/F1_Data_Warehouse/f1datawarehouse/lib/python3.9/site-packages/airflow/example_dags/example_skip_dag.py took 0.071 seconds
[2024-02-24T21:53:25.622-0600] {processor.py:161} INFO - Started process (PID=9309) to work on /Users/vamseekrishna/Desktop/F1_Data_Warehouse/f1datawarehouse/lib/python3.9/site-packages/airflow/example_dags/example_skip_dag.py
[2024-02-24T21:53:25.624-0600] {processor.py:830} INFO - Processing file /Users/vamseekrishna/Desktop/F1_Data_Warehouse/f1datawarehouse/lib/python3.9/site-packages/airflow/example_dags/example_skip_dag.py for tasks to queue
[2024-02-24T21:53:25.624-0600] {logging_mixin.py:188} INFO - [2024-02-24T21:53:25.624-0600] {dagbag.py:538} INFO - Filling up the DagBag from /Users/vamseekrishna/Desktop/F1_Data_Warehouse/f1datawarehouse/lib/python3.9/site-packages/airflow/example_dags/example_skip_dag.py
[2024-02-24T21:53:25.628-0600] {processor.py:840} INFO - DAG(s) 'example_skip_dag' retrieved from /Users/vamseekrishna/Desktop/F1_Data_Warehouse/f1datawarehouse/lib/python3.9/site-packages/airflow/example_dags/example_skip_dag.py
[2024-02-24T21:53:25.677-0600] {logging_mixin.py:188} INFO - [2024-02-24T21:53:25.676-0600] {dag.py:3036} INFO - Sync 1 DAGs
[2024-02-24T21:53:25.686-0600] {logging_mixin.py:188} INFO - [2024-02-24T21:53:25.686-0600] {dag.py:3823} INFO - Setting next_dagrun for example_skip_dag to 2024-02-24 00:00:00+00:00, run_after=2024-02-25 00:00:00+00:00
[2024-02-24T21:53:25.696-0600] {processor.py:183} INFO - Processing /Users/vamseekrishna/Desktop/F1_Data_Warehouse/f1datawarehouse/lib/python3.9/site-packages/airflow/example_dags/example_skip_dag.py took 0.075 seconds
[2024-02-24T21:54:29.124-0600] {processor.py:161} INFO - Started process (PID=9361) to work on /Users/vamseekrishna/Desktop/F1_Data_Warehouse/f1datawarehouse/lib/python3.9/site-packages/airflow/example_dags/example_skip_dag.py
[2024-02-24T21:54:29.126-0600] {processor.py:830} INFO - Processing file /Users/vamseekrishna/Desktop/F1_Data_Warehouse/f1datawarehouse/lib/python3.9/site-packages/airflow/example_dags/example_skip_dag.py for tasks to queue
[2024-02-24T21:54:29.126-0600] {logging_mixin.py:188} INFO - [2024-02-24T21:54:29.126-0600] {dagbag.py:538} INFO - Filling up the DagBag from /Users/vamseekrishna/Desktop/F1_Data_Warehouse/f1datawarehouse/lib/python3.9/site-packages/airflow/example_dags/example_skip_dag.py
[2024-02-24T21:54:29.129-0600] {processor.py:840} INFO - DAG(s) 'example_skip_dag' retrieved from /Users/vamseekrishna/Desktop/F1_Data_Warehouse/f1datawarehouse/lib/python3.9/site-packages/airflow/example_dags/example_skip_dag.py
[2024-02-24T21:54:29.178-0600] {logging_mixin.py:188} INFO - [2024-02-24T21:54:29.178-0600] {dag.py:3036} INFO - Sync 1 DAGs
[2024-02-24T21:54:29.187-0600] {logging_mixin.py:188} INFO - [2024-02-24T21:54:29.187-0600] {dag.py:3823} INFO - Setting next_dagrun for example_skip_dag to 2024-02-24 00:00:00+00:00, run_after=2024-02-25 00:00:00+00:00
[2024-02-24T21:54:29.195-0600] {processor.py:183} INFO - Processing /Users/vamseekrishna/Desktop/F1_Data_Warehouse/f1datawarehouse/lib/python3.9/site-packages/airflow/example_dags/example_skip_dag.py took 0.071 seconds
[2024-02-24T21:55:36.135-0600] {processor.py:161} INFO - Started process (PID=9423) to work on /Users/vamseekrishna/Desktop/F1_Data_Warehouse/f1datawarehouse/lib/python3.9/site-packages/airflow/example_dags/example_skip_dag.py
[2024-02-24T21:55:36.136-0600] {processor.py:830} INFO - Processing file /Users/vamseekrishna/Desktop/F1_Data_Warehouse/f1datawarehouse/lib/python3.9/site-packages/airflow/example_dags/example_skip_dag.py for tasks to queue
[2024-02-24T21:55:36.137-0600] {logging_mixin.py:188} INFO - [2024-02-24T21:55:36.137-0600] {dagbag.py:538} INFO - Filling up the DagBag from /Users/vamseekrishna/Desktop/F1_Data_Warehouse/f1datawarehouse/lib/python3.9/site-packages/airflow/example_dags/example_skip_dag.py
[2024-02-24T21:55:36.140-0600] {processor.py:840} INFO - DAG(s) 'example_skip_dag' retrieved from /Users/vamseekrishna/Desktop/F1_Data_Warehouse/f1datawarehouse/lib/python3.9/site-packages/airflow/example_dags/example_skip_dag.py
[2024-02-24T21:55:36.188-0600] {logging_mixin.py:188} INFO - [2024-02-24T21:55:36.188-0600] {dag.py:3036} INFO - Sync 1 DAGs
[2024-02-24T21:55:36.197-0600] {logging_mixin.py:188} INFO - [2024-02-24T21:55:36.197-0600] {dag.py:3823} INFO - Setting next_dagrun for example_skip_dag to 2024-02-24 00:00:00+00:00, run_after=2024-02-25 00:00:00+00:00
[2024-02-24T21:55:36.205-0600] {processor.py:183} INFO - Processing /Users/vamseekrishna/Desktop/F1_Data_Warehouse/f1datawarehouse/lib/python3.9/site-packages/airflow/example_dags/example_skip_dag.py took 0.071 seconds
[2024-02-24T21:56:44.937-0600] {processor.py:161} INFO - Started process (PID=9491) to work on /Users/vamseekrishna/Desktop/F1_Data_Warehouse/f1datawarehouse/lib/python3.9/site-packages/airflow/example_dags/example_skip_dag.py
[2024-02-24T21:56:44.939-0600] {processor.py:830} INFO - Processing file /Users/vamseekrishna/Desktop/F1_Data_Warehouse/f1datawarehouse/lib/python3.9/site-packages/airflow/example_dags/example_skip_dag.py for tasks to queue
[2024-02-24T21:56:44.939-0600] {logging_mixin.py:188} INFO - [2024-02-24T21:56:44.939-0600] {dagbag.py:538} INFO - Filling up the DagBag from /Users/vamseekrishna/Desktop/F1_Data_Warehouse/f1datawarehouse/lib/python3.9/site-packages/airflow/example_dags/example_skip_dag.py
[2024-02-24T21:56:44.943-0600] {processor.py:840} INFO - DAG(s) 'example_skip_dag' retrieved from /Users/vamseekrishna/Desktop/F1_Data_Warehouse/f1datawarehouse/lib/python3.9/site-packages/airflow/example_dags/example_skip_dag.py
[2024-02-24T21:56:44.994-0600] {logging_mixin.py:188} INFO - [2024-02-24T21:56:44.994-0600] {dag.py:3036} INFO - Sync 1 DAGs
[2024-02-24T21:56:45.004-0600] {logging_mixin.py:188} INFO - [2024-02-24T21:56:45.003-0600] {dag.py:3823} INFO - Setting next_dagrun for example_skip_dag to 2024-02-24 00:00:00+00:00, run_after=2024-02-25 00:00:00+00:00
[2024-02-24T21:56:45.011-0600] {processor.py:183} INFO - Processing /Users/vamseekrishna/Desktop/F1_Data_Warehouse/f1datawarehouse/lib/python3.9/site-packages/airflow/example_dags/example_skip_dag.py took 0.075 seconds
[2024-02-24T21:58:46.785-0600] {processor.py:161} INFO - Started process (PID=9596) to work on /Users/vamseekrishna/Desktop/F1_Data_Warehouse/f1datawarehouse/lib/python3.9/site-packages/airflow/example_dags/example_skip_dag.py
[2024-02-24T21:58:46.787-0600] {processor.py:830} INFO - Processing file /Users/vamseekrishna/Desktop/F1_Data_Warehouse/f1datawarehouse/lib/python3.9/site-packages/airflow/example_dags/example_skip_dag.py for tasks to queue
[2024-02-24T21:58:46.787-0600] {logging_mixin.py:188} INFO - [2024-02-24T21:58:46.787-0600] {dagbag.py:538} INFO - Filling up the DagBag from /Users/vamseekrishna/Desktop/F1_Data_Warehouse/f1datawarehouse/lib/python3.9/site-packages/airflow/example_dags/example_skip_dag.py
[2024-02-24T21:58:46.790-0600] {processor.py:840} INFO - DAG(s) 'example_skip_dag' retrieved from /Users/vamseekrishna/Desktop/F1_Data_Warehouse/f1datawarehouse/lib/python3.9/site-packages/airflow/example_dags/example_skip_dag.py
[2024-02-24T21:58:46.838-0600] {logging_mixin.py:188} INFO - [2024-02-24T21:58:46.838-0600] {dag.py:3036} INFO - Sync 1 DAGs
[2024-02-24T21:58:46.847-0600] {logging_mixin.py:188} INFO - [2024-02-24T21:58:46.847-0600] {dag.py:3823} INFO - Setting next_dagrun for example_skip_dag to 2024-02-24 00:00:00+00:00, run_after=2024-02-25 00:00:00+00:00
[2024-02-24T21:58:46.856-0600] {processor.py:183} INFO - Processing /Users/vamseekrishna/Desktop/F1_Data_Warehouse/f1datawarehouse/lib/python3.9/site-packages/airflow/example_dags/example_skip_dag.py took 0.072 seconds
