[2024-02-24T18:03:05.168-0600] {processor.py:161} INFO - Started process (PID=95675) to work on /Users/vamseekrishna/Desktop/F1_Data_Warehouse/f1datawarehouse/lib/python3.9/site-packages/airflow/example_dags/example_params_ui_tutorial.py
[2024-02-24T18:03:05.169-0600] {processor.py:830} INFO - Processing file /Users/vamseekrishna/Desktop/F1_Data_Warehouse/f1datawarehouse/lib/python3.9/site-packages/airflow/example_dags/example_params_ui_tutorial.py for tasks to queue
[2024-02-24T18:03:05.169-0600] {logging_mixin.py:188} INFO - [2024-02-24T18:03:05.169-0600] {dagbag.py:538} INFO - Filling up the DagBag from /Users/vamseekrishna/Desktop/F1_Data_Warehouse/f1datawarehouse/lib/python3.9/site-packages/airflow/example_dags/example_params_ui_tutorial.py
[2024-02-24T18:03:05.186-0600] {processor.py:840} INFO - DAG(s) 'example_params_ui_tutorial' retrieved from /Users/vamseekrishna/Desktop/F1_Data_Warehouse/f1datawarehouse/lib/python3.9/site-packages/airflow/example_dags/example_params_ui_tutorial.py
[2024-02-24T18:03:05.245-0600] {logging_mixin.py:188} INFO - [2024-02-24T18:03:05.244-0600] {dag.py:3036} INFO - Sync 1 DAGs
[2024-02-24T18:03:05.248-0600] {logging_mixin.py:188} INFO - [2024-02-24T18:03:05.248-0600] {dag.py:3823} INFO - Setting next_dagrun for example_params_ui_tutorial to None, run_after=None
[2024-02-24T18:03:05.256-0600] {processor.py:183} INFO - Processing /Users/vamseekrishna/Desktop/F1_Data_Warehouse/f1datawarehouse/lib/python3.9/site-packages/airflow/example_dags/example_params_ui_tutorial.py took 0.089 seconds
[2024-02-24T18:05:18.171-0600] {processor.py:161} INFO - Started process (PID=95822) to work on /Users/vamseekrishna/Desktop/F1_Data_Warehouse/f1datawarehouse/lib/python3.9/site-packages/airflow/example_dags/example_params_ui_tutorial.py
[2024-02-24T18:05:18.173-0600] {processor.py:830} INFO - Processing file /Users/vamseekrishna/Desktop/F1_Data_Warehouse/f1datawarehouse/lib/python3.9/site-packages/airflow/example_dags/example_params_ui_tutorial.py for tasks to queue
[2024-02-24T18:05:18.173-0600] {logging_mixin.py:188} INFO - [2024-02-24T18:05:18.173-0600] {dagbag.py:538} INFO - Filling up the DagBag from /Users/vamseekrishna/Desktop/F1_Data_Warehouse/f1datawarehouse/lib/python3.9/site-packages/airflow/example_dags/example_params_ui_tutorial.py
[2024-02-24T18:05:18.190-0600] {processor.py:840} INFO - DAG(s) 'example_params_ui_tutorial' retrieved from /Users/vamseekrishna/Desktop/F1_Data_Warehouse/f1datawarehouse/lib/python3.9/site-packages/airflow/example_dags/example_params_ui_tutorial.py
[2024-02-24T18:05:18.251-0600] {logging_mixin.py:188} INFO - [2024-02-24T18:05:18.251-0600] {dag.py:3036} INFO - Sync 1 DAGs
[2024-02-24T18:05:18.255-0600] {logging_mixin.py:188} INFO - [2024-02-24T18:05:18.255-0600] {dag.py:3823} INFO - Setting next_dagrun for example_params_ui_tutorial to None, run_after=None
[2024-02-24T18:05:18.264-0600] {processor.py:183} INFO - Processing /Users/vamseekrishna/Desktop/F1_Data_Warehouse/f1datawarehouse/lib/python3.9/site-packages/airflow/example_dags/example_params_ui_tutorial.py took 0.094 seconds
[2024-02-24T18:06:46.150-0600] {processor.py:161} INFO - Started process (PID=95929) to work on /Users/vamseekrishna/Desktop/F1_Data_Warehouse/f1datawarehouse/lib/python3.9/site-packages/airflow/example_dags/example_params_ui_tutorial.py
[2024-02-24T18:06:46.151-0600] {processor.py:830} INFO - Processing file /Users/vamseekrishna/Desktop/F1_Data_Warehouse/f1datawarehouse/lib/python3.9/site-packages/airflow/example_dags/example_params_ui_tutorial.py for tasks to queue
[2024-02-24T18:06:46.151-0600] {logging_mixin.py:188} INFO - [2024-02-24T18:06:46.151-0600] {dagbag.py:538} INFO - Filling up the DagBag from /Users/vamseekrishna/Desktop/F1_Data_Warehouse/f1datawarehouse/lib/python3.9/site-packages/airflow/example_dags/example_params_ui_tutorial.py
[2024-02-24T18:06:46.170-0600] {processor.py:840} INFO - DAG(s) 'example_params_ui_tutorial' retrieved from /Users/vamseekrishna/Desktop/F1_Data_Warehouse/f1datawarehouse/lib/python3.9/site-packages/airflow/example_dags/example_params_ui_tutorial.py
[2024-02-24T18:06:46.230-0600] {logging_mixin.py:188} INFO - [2024-02-24T18:06:46.230-0600] {dag.py:3036} INFO - Sync 1 DAGs
[2024-02-24T18:06:46.234-0600] {logging_mixin.py:188} INFO - [2024-02-24T18:06:46.234-0600] {dag.py:3823} INFO - Setting next_dagrun for example_params_ui_tutorial to None, run_after=None
[2024-02-24T18:06:46.241-0600] {processor.py:183} INFO - Processing /Users/vamseekrishna/Desktop/F1_Data_Warehouse/f1datawarehouse/lib/python3.9/site-packages/airflow/example_dags/example_params_ui_tutorial.py took 0.092 seconds
[2024-02-24T18:08:39.662-0600] {processor.py:161} INFO - Started process (PID=96029) to work on /Users/vamseekrishna/Desktop/F1_Data_Warehouse/f1datawarehouse/lib/python3.9/site-packages/airflow/example_dags/example_params_ui_tutorial.py
[2024-02-24T18:08:39.664-0600] {processor.py:830} INFO - Processing file /Users/vamseekrishna/Desktop/F1_Data_Warehouse/f1datawarehouse/lib/python3.9/site-packages/airflow/example_dags/example_params_ui_tutorial.py for tasks to queue
[2024-02-24T18:08:39.664-0600] {logging_mixin.py:188} INFO - [2024-02-24T18:08:39.664-0600] {dagbag.py:538} INFO - Filling up the DagBag from /Users/vamseekrishna/Desktop/F1_Data_Warehouse/f1datawarehouse/lib/python3.9/site-packages/airflow/example_dags/example_params_ui_tutorial.py
[2024-02-24T18:08:39.682-0600] {processor.py:840} INFO - DAG(s) 'example_params_ui_tutorial' retrieved from /Users/vamseekrishna/Desktop/F1_Data_Warehouse/f1datawarehouse/lib/python3.9/site-packages/airflow/example_dags/example_params_ui_tutorial.py
[2024-02-24T18:08:39.742-0600] {logging_mixin.py:188} INFO - [2024-02-24T18:08:39.742-0600] {dag.py:3036} INFO - Sync 1 DAGs
[2024-02-24T18:08:39.746-0600] {logging_mixin.py:188} INFO - [2024-02-24T18:08:39.746-0600] {dag.py:3823} INFO - Setting next_dagrun for example_params_ui_tutorial to None, run_after=None
[2024-02-24T18:08:39.753-0600] {processor.py:183} INFO - Processing /Users/vamseekrishna/Desktop/F1_Data_Warehouse/f1datawarehouse/lib/python3.9/site-packages/airflow/example_dags/example_params_ui_tutorial.py took 0.091 seconds
[2024-02-24T18:10:36.423-0600] {processor.py:161} INFO - Started process (PID=96126) to work on /Users/vamseekrishna/Desktop/F1_Data_Warehouse/f1datawarehouse/lib/python3.9/site-packages/airflow/example_dags/example_params_ui_tutorial.py
[2024-02-24T18:10:36.425-0600] {processor.py:830} INFO - Processing file /Users/vamseekrishna/Desktop/F1_Data_Warehouse/f1datawarehouse/lib/python3.9/site-packages/airflow/example_dags/example_params_ui_tutorial.py for tasks to queue
[2024-02-24T18:10:36.425-0600] {logging_mixin.py:188} INFO - [2024-02-24T18:10:36.425-0600] {dagbag.py:538} INFO - Filling up the DagBag from /Users/vamseekrishna/Desktop/F1_Data_Warehouse/f1datawarehouse/lib/python3.9/site-packages/airflow/example_dags/example_params_ui_tutorial.py
[2024-02-24T18:10:36.443-0600] {processor.py:840} INFO - DAG(s) 'example_params_ui_tutorial' retrieved from /Users/vamseekrishna/Desktop/F1_Data_Warehouse/f1datawarehouse/lib/python3.9/site-packages/airflow/example_dags/example_params_ui_tutorial.py
[2024-02-24T18:10:36.503-0600] {logging_mixin.py:188} INFO - [2024-02-24T18:10:36.503-0600] {dag.py:3036} INFO - Sync 1 DAGs
[2024-02-24T18:10:36.507-0600] {logging_mixin.py:188} INFO - [2024-02-24T18:10:36.507-0600] {dag.py:3823} INFO - Setting next_dagrun for example_params_ui_tutorial to None, run_after=None
[2024-02-24T18:10:36.515-0600] {processor.py:183} INFO - Processing /Users/vamseekrishna/Desktop/F1_Data_Warehouse/f1datawarehouse/lib/python3.9/site-packages/airflow/example_dags/example_params_ui_tutorial.py took 0.093 seconds
[2024-02-24T18:12:37.527-0600] {processor.py:161} INFO - Started process (PID=96228) to work on /Users/vamseekrishna/Desktop/F1_Data_Warehouse/f1datawarehouse/lib/python3.9/site-packages/airflow/example_dags/example_params_ui_tutorial.py
[2024-02-24T18:12:37.528-0600] {processor.py:830} INFO - Processing file /Users/vamseekrishna/Desktop/F1_Data_Warehouse/f1datawarehouse/lib/python3.9/site-packages/airflow/example_dags/example_params_ui_tutorial.py for tasks to queue
[2024-02-24T18:12:37.529-0600] {logging_mixin.py:188} INFO - [2024-02-24T18:12:37.529-0600] {dagbag.py:538} INFO - Filling up the DagBag from /Users/vamseekrishna/Desktop/F1_Data_Warehouse/f1datawarehouse/lib/python3.9/site-packages/airflow/example_dags/example_params_ui_tutorial.py
[2024-02-24T18:12:37.546-0600] {processor.py:840} INFO - DAG(s) 'example_params_ui_tutorial' retrieved from /Users/vamseekrishna/Desktop/F1_Data_Warehouse/f1datawarehouse/lib/python3.9/site-packages/airflow/example_dags/example_params_ui_tutorial.py
[2024-02-24T18:12:37.605-0600] {logging_mixin.py:188} INFO - [2024-02-24T18:12:37.605-0600] {dag.py:3036} INFO - Sync 1 DAGs
[2024-02-24T18:12:37.609-0600] {logging_mixin.py:188} INFO - [2024-02-24T18:12:37.609-0600] {dag.py:3823} INFO - Setting next_dagrun for example_params_ui_tutorial to None, run_after=None
[2024-02-24T18:12:37.616-0600] {processor.py:183} INFO - Processing /Users/vamseekrishna/Desktop/F1_Data_Warehouse/f1datawarehouse/lib/python3.9/site-packages/airflow/example_dags/example_params_ui_tutorial.py took 0.090 seconds
[2024-02-24T18:14:35.068-0600] {processor.py:161} INFO - Started process (PID=96316) to work on /Users/vamseekrishna/Desktop/F1_Data_Warehouse/f1datawarehouse/lib/python3.9/site-packages/airflow/example_dags/example_params_ui_tutorial.py
[2024-02-24T18:14:35.070-0600] {processor.py:830} INFO - Processing file /Users/vamseekrishna/Desktop/F1_Data_Warehouse/f1datawarehouse/lib/python3.9/site-packages/airflow/example_dags/example_params_ui_tutorial.py for tasks to queue
[2024-02-24T18:14:35.070-0600] {logging_mixin.py:188} INFO - [2024-02-24T18:14:35.070-0600] {dagbag.py:538} INFO - Filling up the DagBag from /Users/vamseekrishna/Desktop/F1_Data_Warehouse/f1datawarehouse/lib/python3.9/site-packages/airflow/example_dags/example_params_ui_tutorial.py
[2024-02-24T18:14:35.088-0600] {processor.py:840} INFO - DAG(s) 'example_params_ui_tutorial' retrieved from /Users/vamseekrishna/Desktop/F1_Data_Warehouse/f1datawarehouse/lib/python3.9/site-packages/airflow/example_dags/example_params_ui_tutorial.py
[2024-02-24T18:14:35.147-0600] {logging_mixin.py:188} INFO - [2024-02-24T18:14:35.147-0600] {dag.py:3036} INFO - Sync 1 DAGs
[2024-02-24T18:14:35.151-0600] {logging_mixin.py:188} INFO - [2024-02-24T18:14:35.151-0600] {dag.py:3823} INFO - Setting next_dagrun for example_params_ui_tutorial to None, run_after=None
[2024-02-24T18:14:35.159-0600] {processor.py:183} INFO - Processing /Users/vamseekrishna/Desktop/F1_Data_Warehouse/f1datawarehouse/lib/python3.9/site-packages/airflow/example_dags/example_params_ui_tutorial.py took 0.092 seconds
[2024-02-24T18:16:30.958-0600] {processor.py:161} INFO - Started process (PID=96426) to work on /Users/vamseekrishna/Desktop/F1_Data_Warehouse/f1datawarehouse/lib/python3.9/site-packages/airflow/example_dags/example_params_ui_tutorial.py
[2024-02-24T18:16:30.960-0600] {processor.py:830} INFO - Processing file /Users/vamseekrishna/Desktop/F1_Data_Warehouse/f1datawarehouse/lib/python3.9/site-packages/airflow/example_dags/example_params_ui_tutorial.py for tasks to queue
[2024-02-24T18:16:30.960-0600] {logging_mixin.py:188} INFO - [2024-02-24T18:16:30.960-0600] {dagbag.py:538} INFO - Filling up the DagBag from /Users/vamseekrishna/Desktop/F1_Data_Warehouse/f1datawarehouse/lib/python3.9/site-packages/airflow/example_dags/example_params_ui_tutorial.py
[2024-02-24T18:16:30.978-0600] {processor.py:840} INFO - DAG(s) 'example_params_ui_tutorial' retrieved from /Users/vamseekrishna/Desktop/F1_Data_Warehouse/f1datawarehouse/lib/python3.9/site-packages/airflow/example_dags/example_params_ui_tutorial.py
[2024-02-24T18:16:31.037-0600] {logging_mixin.py:188} INFO - [2024-02-24T18:16:31.037-0600] {dag.py:3036} INFO - Sync 1 DAGs
[2024-02-24T18:16:31.041-0600] {logging_mixin.py:188} INFO - [2024-02-24T18:16:31.041-0600] {dag.py:3823} INFO - Setting next_dagrun for example_params_ui_tutorial to None, run_after=None
[2024-02-24T18:16:31.049-0600] {processor.py:183} INFO - Processing /Users/vamseekrishna/Desktop/F1_Data_Warehouse/f1datawarehouse/lib/python3.9/site-packages/airflow/example_dags/example_params_ui_tutorial.py took 0.092 seconds
[2024-02-24T18:18:36.812-0600] {processor.py:161} INFO - Started process (PID=96532) to work on /Users/vamseekrishna/Desktop/F1_Data_Warehouse/f1datawarehouse/lib/python3.9/site-packages/airflow/example_dags/example_params_ui_tutorial.py
[2024-02-24T18:18:36.814-0600] {processor.py:830} INFO - Processing file /Users/vamseekrishna/Desktop/F1_Data_Warehouse/f1datawarehouse/lib/python3.9/site-packages/airflow/example_dags/example_params_ui_tutorial.py for tasks to queue
[2024-02-24T18:18:36.814-0600] {logging_mixin.py:188} INFO - [2024-02-24T18:18:36.814-0600] {dagbag.py:538} INFO - Filling up the DagBag from /Users/vamseekrishna/Desktop/F1_Data_Warehouse/f1datawarehouse/lib/python3.9/site-packages/airflow/example_dags/example_params_ui_tutorial.py
[2024-02-24T18:18:36.832-0600] {processor.py:840} INFO - DAG(s) 'example_params_ui_tutorial' retrieved from /Users/vamseekrishna/Desktop/F1_Data_Warehouse/f1datawarehouse/lib/python3.9/site-packages/airflow/example_dags/example_params_ui_tutorial.py
[2024-02-24T18:18:36.890-0600] {logging_mixin.py:188} INFO - [2024-02-24T18:18:36.890-0600] {dag.py:3036} INFO - Sync 1 DAGs
[2024-02-24T18:18:36.894-0600] {logging_mixin.py:188} INFO - [2024-02-24T18:18:36.894-0600] {dag.py:3823} INFO - Setting next_dagrun for example_params_ui_tutorial to None, run_after=None
[2024-02-24T18:18:36.901-0600] {processor.py:183} INFO - Processing /Users/vamseekrishna/Desktop/F1_Data_Warehouse/f1datawarehouse/lib/python3.9/site-packages/airflow/example_dags/example_params_ui_tutorial.py took 0.089 seconds
[2024-02-24T18:20:33.055-0600] {processor.py:161} INFO - Started process (PID=96630) to work on /Users/vamseekrishna/Desktop/F1_Data_Warehouse/f1datawarehouse/lib/python3.9/site-packages/airflow/example_dags/example_params_ui_tutorial.py
[2024-02-24T18:20:33.057-0600] {processor.py:830} INFO - Processing file /Users/vamseekrishna/Desktop/F1_Data_Warehouse/f1datawarehouse/lib/python3.9/site-packages/airflow/example_dags/example_params_ui_tutorial.py for tasks to queue
[2024-02-24T18:20:33.057-0600] {logging_mixin.py:188} INFO - [2024-02-24T18:20:33.057-0600] {dagbag.py:538} INFO - Filling up the DagBag from /Users/vamseekrishna/Desktop/F1_Data_Warehouse/f1datawarehouse/lib/python3.9/site-packages/airflow/example_dags/example_params_ui_tutorial.py
[2024-02-24T18:20:33.074-0600] {processor.py:840} INFO - DAG(s) 'example_params_ui_tutorial' retrieved from /Users/vamseekrishna/Desktop/F1_Data_Warehouse/f1datawarehouse/lib/python3.9/site-packages/airflow/example_dags/example_params_ui_tutorial.py
[2024-02-24T18:20:33.163-0600] {logging_mixin.py:188} INFO - [2024-02-24T18:20:33.163-0600] {dag.py:3036} INFO - Sync 1 DAGs
[2024-02-24T18:20:33.167-0600] {logging_mixin.py:188} INFO - [2024-02-24T18:20:33.167-0600] {dag.py:3823} INFO - Setting next_dagrun for example_params_ui_tutorial to None, run_after=None
[2024-02-24T18:20:33.176-0600] {processor.py:183} INFO - Processing /Users/vamseekrishna/Desktop/F1_Data_Warehouse/f1datawarehouse/lib/python3.9/site-packages/airflow/example_dags/example_params_ui_tutorial.py took 0.122 seconds
[2024-02-24T18:22:38.611-0600] {processor.py:161} INFO - Started process (PID=96728) to work on /Users/vamseekrishna/Desktop/F1_Data_Warehouse/f1datawarehouse/lib/python3.9/site-packages/airflow/example_dags/example_params_ui_tutorial.py
[2024-02-24T18:22:38.613-0600] {processor.py:830} INFO - Processing file /Users/vamseekrishna/Desktop/F1_Data_Warehouse/f1datawarehouse/lib/python3.9/site-packages/airflow/example_dags/example_params_ui_tutorial.py for tasks to queue
[2024-02-24T18:22:38.614-0600] {logging_mixin.py:188} INFO - [2024-02-24T18:22:38.613-0600] {dagbag.py:538} INFO - Filling up the DagBag from /Users/vamseekrishna/Desktop/F1_Data_Warehouse/f1datawarehouse/lib/python3.9/site-packages/airflow/example_dags/example_params_ui_tutorial.py
[2024-02-24T18:22:38.631-0600] {processor.py:840} INFO - DAG(s) 'example_params_ui_tutorial' retrieved from /Users/vamseekrishna/Desktop/F1_Data_Warehouse/f1datawarehouse/lib/python3.9/site-packages/airflow/example_dags/example_params_ui_tutorial.py
[2024-02-24T18:22:38.694-0600] {logging_mixin.py:188} INFO - [2024-02-24T18:22:38.694-0600] {dag.py:3036} INFO - Sync 1 DAGs
[2024-02-24T18:22:38.698-0600] {logging_mixin.py:188} INFO - [2024-02-24T18:22:38.698-0600] {dag.py:3823} INFO - Setting next_dagrun for example_params_ui_tutorial to None, run_after=None
[2024-02-24T18:22:38.706-0600] {processor.py:183} INFO - Processing /Users/vamseekrishna/Desktop/F1_Data_Warehouse/f1datawarehouse/lib/python3.9/site-packages/airflow/example_dags/example_params_ui_tutorial.py took 0.096 seconds
[2024-02-24T18:24:40.053-0600] {processor.py:161} INFO - Started process (PID=96839) to work on /Users/vamseekrishna/Desktop/F1_Data_Warehouse/f1datawarehouse/lib/python3.9/site-packages/airflow/example_dags/example_params_ui_tutorial.py
[2024-02-24T18:24:40.055-0600] {processor.py:830} INFO - Processing file /Users/vamseekrishna/Desktop/F1_Data_Warehouse/f1datawarehouse/lib/python3.9/site-packages/airflow/example_dags/example_params_ui_tutorial.py for tasks to queue
[2024-02-24T18:24:40.055-0600] {logging_mixin.py:188} INFO - [2024-02-24T18:24:40.055-0600] {dagbag.py:538} INFO - Filling up the DagBag from /Users/vamseekrishna/Desktop/F1_Data_Warehouse/f1datawarehouse/lib/python3.9/site-packages/airflow/example_dags/example_params_ui_tutorial.py
[2024-02-24T18:24:40.072-0600] {processor.py:840} INFO - DAG(s) 'example_params_ui_tutorial' retrieved from /Users/vamseekrishna/Desktop/F1_Data_Warehouse/f1datawarehouse/lib/python3.9/site-packages/airflow/example_dags/example_params_ui_tutorial.py
[2024-02-24T18:24:40.131-0600] {logging_mixin.py:188} INFO - [2024-02-24T18:24:40.131-0600] {dag.py:3036} INFO - Sync 1 DAGs
[2024-02-24T18:24:40.135-0600] {logging_mixin.py:188} INFO - [2024-02-24T18:24:40.135-0600] {dag.py:3823} INFO - Setting next_dagrun for example_params_ui_tutorial to None, run_after=None
[2024-02-24T18:24:40.142-0600] {processor.py:183} INFO - Processing /Users/vamseekrishna/Desktop/F1_Data_Warehouse/f1datawarehouse/lib/python3.9/site-packages/airflow/example_dags/example_params_ui_tutorial.py took 0.090 seconds
[2024-02-24T18:26:40.892-0600] {processor.py:161} INFO - Started process (PID=96924) to work on /Users/vamseekrishna/Desktop/F1_Data_Warehouse/f1datawarehouse/lib/python3.9/site-packages/airflow/example_dags/example_params_ui_tutorial.py
[2024-02-24T18:26:40.893-0600] {processor.py:830} INFO - Processing file /Users/vamseekrishna/Desktop/F1_Data_Warehouse/f1datawarehouse/lib/python3.9/site-packages/airflow/example_dags/example_params_ui_tutorial.py for tasks to queue
[2024-02-24T18:26:40.894-0600] {logging_mixin.py:188} INFO - [2024-02-24T18:26:40.894-0600] {dagbag.py:538} INFO - Filling up the DagBag from /Users/vamseekrishna/Desktop/F1_Data_Warehouse/f1datawarehouse/lib/python3.9/site-packages/airflow/example_dags/example_params_ui_tutorial.py
[2024-02-24T18:26:40.911-0600] {processor.py:840} INFO - DAG(s) 'example_params_ui_tutorial' retrieved from /Users/vamseekrishna/Desktop/F1_Data_Warehouse/f1datawarehouse/lib/python3.9/site-packages/airflow/example_dags/example_params_ui_tutorial.py
[2024-02-24T18:26:40.971-0600] {logging_mixin.py:188} INFO - [2024-02-24T18:26:40.971-0600] {dag.py:3036} INFO - Sync 1 DAGs
[2024-02-24T18:26:40.975-0600] {logging_mixin.py:188} INFO - [2024-02-24T18:26:40.975-0600] {dag.py:3823} INFO - Setting next_dagrun for example_params_ui_tutorial to None, run_after=None
[2024-02-24T18:26:40.982-0600] {processor.py:183} INFO - Processing /Users/vamseekrishna/Desktop/F1_Data_Warehouse/f1datawarehouse/lib/python3.9/site-packages/airflow/example_dags/example_params_ui_tutorial.py took 0.091 seconds
[2024-02-24T18:28:42.785-0600] {processor.py:161} INFO - Started process (PID=97023) to work on /Users/vamseekrishna/Desktop/F1_Data_Warehouse/f1datawarehouse/lib/python3.9/site-packages/airflow/example_dags/example_params_ui_tutorial.py
[2024-02-24T18:28:42.787-0600] {processor.py:830} INFO - Processing file /Users/vamseekrishna/Desktop/F1_Data_Warehouse/f1datawarehouse/lib/python3.9/site-packages/airflow/example_dags/example_params_ui_tutorial.py for tasks to queue
[2024-02-24T18:28:42.787-0600] {logging_mixin.py:188} INFO - [2024-02-24T18:28:42.787-0600] {dagbag.py:538} INFO - Filling up the DagBag from /Users/vamseekrishna/Desktop/F1_Data_Warehouse/f1datawarehouse/lib/python3.9/site-packages/airflow/example_dags/example_params_ui_tutorial.py
[2024-02-24T18:28:42.804-0600] {processor.py:840} INFO - DAG(s) 'example_params_ui_tutorial' retrieved from /Users/vamseekrishna/Desktop/F1_Data_Warehouse/f1datawarehouse/lib/python3.9/site-packages/airflow/example_dags/example_params_ui_tutorial.py
[2024-02-24T18:28:42.864-0600] {logging_mixin.py:188} INFO - [2024-02-24T18:28:42.864-0600] {dag.py:3036} INFO - Sync 1 DAGs
[2024-02-24T18:28:42.868-0600] {logging_mixin.py:188} INFO - [2024-02-24T18:28:42.868-0600] {dag.py:3823} INFO - Setting next_dagrun for example_params_ui_tutorial to None, run_after=None
[2024-02-24T18:28:42.875-0600] {processor.py:183} INFO - Processing /Users/vamseekrishna/Desktop/F1_Data_Warehouse/f1datawarehouse/lib/python3.9/site-packages/airflow/example_dags/example_params_ui_tutorial.py took 0.091 seconds
[2024-02-24T18:30:44.666-0600] {processor.py:161} INFO - Started process (PID=97142) to work on /Users/vamseekrishna/Desktop/F1_Data_Warehouse/f1datawarehouse/lib/python3.9/site-packages/airflow/example_dags/example_params_ui_tutorial.py
[2024-02-24T18:30:44.668-0600] {processor.py:830} INFO - Processing file /Users/vamseekrishna/Desktop/F1_Data_Warehouse/f1datawarehouse/lib/python3.9/site-packages/airflow/example_dags/example_params_ui_tutorial.py for tasks to queue
[2024-02-24T18:30:44.668-0600] {logging_mixin.py:188} INFO - [2024-02-24T18:30:44.668-0600] {dagbag.py:538} INFO - Filling up the DagBag from /Users/vamseekrishna/Desktop/F1_Data_Warehouse/f1datawarehouse/lib/python3.9/site-packages/airflow/example_dags/example_params_ui_tutorial.py
[2024-02-24T18:30:44.686-0600] {processor.py:840} INFO - DAG(s) 'example_params_ui_tutorial' retrieved from /Users/vamseekrishna/Desktop/F1_Data_Warehouse/f1datawarehouse/lib/python3.9/site-packages/airflow/example_dags/example_params_ui_tutorial.py
[2024-02-24T18:30:44.746-0600] {logging_mixin.py:188} INFO - [2024-02-24T18:30:44.746-0600] {dag.py:3036} INFO - Sync 1 DAGs
[2024-02-24T18:30:44.750-0600] {logging_mixin.py:188} INFO - [2024-02-24T18:30:44.750-0600] {dag.py:3823} INFO - Setting next_dagrun for example_params_ui_tutorial to None, run_after=None
[2024-02-24T18:30:44.757-0600] {processor.py:183} INFO - Processing /Users/vamseekrishna/Desktop/F1_Data_Warehouse/f1datawarehouse/lib/python3.9/site-packages/airflow/example_dags/example_params_ui_tutorial.py took 0.092 seconds
[2024-02-24T18:32:41.412-0600] {processor.py:161} INFO - Started process (PID=97248) to work on /Users/vamseekrishna/Desktop/F1_Data_Warehouse/f1datawarehouse/lib/python3.9/site-packages/airflow/example_dags/example_params_ui_tutorial.py
[2024-02-24T18:32:41.414-0600] {processor.py:830} INFO - Processing file /Users/vamseekrishna/Desktop/F1_Data_Warehouse/f1datawarehouse/lib/python3.9/site-packages/airflow/example_dags/example_params_ui_tutorial.py for tasks to queue
[2024-02-24T18:32:41.415-0600] {logging_mixin.py:188} INFO - [2024-02-24T18:32:41.415-0600] {dagbag.py:538} INFO - Filling up the DagBag from /Users/vamseekrishna/Desktop/F1_Data_Warehouse/f1datawarehouse/lib/python3.9/site-packages/airflow/example_dags/example_params_ui_tutorial.py
[2024-02-24T18:32:41.433-0600] {processor.py:840} INFO - DAG(s) 'example_params_ui_tutorial' retrieved from /Users/vamseekrishna/Desktop/F1_Data_Warehouse/f1datawarehouse/lib/python3.9/site-packages/airflow/example_dags/example_params_ui_tutorial.py
[2024-02-24T18:32:41.491-0600] {logging_mixin.py:188} INFO - [2024-02-24T18:32:41.491-0600] {dag.py:3036} INFO - Sync 1 DAGs
[2024-02-24T18:32:41.495-0600] {logging_mixin.py:188} INFO - [2024-02-24T18:32:41.495-0600] {dag.py:3823} INFO - Setting next_dagrun for example_params_ui_tutorial to None, run_after=None
[2024-02-24T18:32:41.502-0600] {processor.py:183} INFO - Processing /Users/vamseekrishna/Desktop/F1_Data_Warehouse/f1datawarehouse/lib/python3.9/site-packages/airflow/example_dags/example_params_ui_tutorial.py took 0.091 seconds
[2024-02-24T18:34:40.476-0600] {processor.py:161} INFO - Started process (PID=97351) to work on /Users/vamseekrishna/Desktop/F1_Data_Warehouse/f1datawarehouse/lib/python3.9/site-packages/airflow/example_dags/example_params_ui_tutorial.py
[2024-02-24T18:34:40.478-0600] {processor.py:830} INFO - Processing file /Users/vamseekrishna/Desktop/F1_Data_Warehouse/f1datawarehouse/lib/python3.9/site-packages/airflow/example_dags/example_params_ui_tutorial.py for tasks to queue
[2024-02-24T18:34:40.479-0600] {logging_mixin.py:188} INFO - [2024-02-24T18:34:40.479-0600] {dagbag.py:538} INFO - Filling up the DagBag from /Users/vamseekrishna/Desktop/F1_Data_Warehouse/f1datawarehouse/lib/python3.9/site-packages/airflow/example_dags/example_params_ui_tutorial.py
[2024-02-24T18:34:40.497-0600] {processor.py:840} INFO - DAG(s) 'example_params_ui_tutorial' retrieved from /Users/vamseekrishna/Desktop/F1_Data_Warehouse/f1datawarehouse/lib/python3.9/site-packages/airflow/example_dags/example_params_ui_tutorial.py
[2024-02-24T18:34:40.558-0600] {logging_mixin.py:188} INFO - [2024-02-24T18:34:40.558-0600] {dag.py:3036} INFO - Sync 1 DAGs
[2024-02-24T18:34:40.563-0600] {logging_mixin.py:188} INFO - [2024-02-24T18:34:40.562-0600] {dag.py:3823} INFO - Setting next_dagrun for example_params_ui_tutorial to None, run_after=None
[2024-02-24T18:34:40.571-0600] {processor.py:183} INFO - Processing /Users/vamseekrishna/Desktop/F1_Data_Warehouse/f1datawarehouse/lib/python3.9/site-packages/airflow/example_dags/example_params_ui_tutorial.py took 0.095 seconds
[2024-02-24T18:36:41.106-0600] {processor.py:161} INFO - Started process (PID=97438) to work on /Users/vamseekrishna/Desktop/F1_Data_Warehouse/f1datawarehouse/lib/python3.9/site-packages/airflow/example_dags/example_params_ui_tutorial.py
[2024-02-24T18:36:41.107-0600] {processor.py:830} INFO - Processing file /Users/vamseekrishna/Desktop/F1_Data_Warehouse/f1datawarehouse/lib/python3.9/site-packages/airflow/example_dags/example_params_ui_tutorial.py for tasks to queue
[2024-02-24T18:36:41.108-0600] {logging_mixin.py:188} INFO - [2024-02-24T18:36:41.108-0600] {dagbag.py:538} INFO - Filling up the DagBag from /Users/vamseekrishna/Desktop/F1_Data_Warehouse/f1datawarehouse/lib/python3.9/site-packages/airflow/example_dags/example_params_ui_tutorial.py
[2024-02-24T18:36:41.125-0600] {processor.py:840} INFO - DAG(s) 'example_params_ui_tutorial' retrieved from /Users/vamseekrishna/Desktop/F1_Data_Warehouse/f1datawarehouse/lib/python3.9/site-packages/airflow/example_dags/example_params_ui_tutorial.py
[2024-02-24T18:36:41.186-0600] {logging_mixin.py:188} INFO - [2024-02-24T18:36:41.186-0600] {dag.py:3036} INFO - Sync 1 DAGs
[2024-02-24T18:36:41.190-0600] {logging_mixin.py:188} INFO - [2024-02-24T18:36:41.190-0600] {dag.py:3823} INFO - Setting next_dagrun for example_params_ui_tutorial to None, run_after=None
[2024-02-24T18:36:41.198-0600] {processor.py:183} INFO - Processing /Users/vamseekrishna/Desktop/F1_Data_Warehouse/f1datawarehouse/lib/python3.9/site-packages/airflow/example_dags/example_params_ui_tutorial.py took 0.092 seconds
[2024-02-24T18:38:41.870-0600] {processor.py:161} INFO - Started process (PID=97558) to work on /Users/vamseekrishna/Desktop/F1_Data_Warehouse/f1datawarehouse/lib/python3.9/site-packages/airflow/example_dags/example_params_ui_tutorial.py
[2024-02-24T18:38:41.871-0600] {processor.py:830} INFO - Processing file /Users/vamseekrishna/Desktop/F1_Data_Warehouse/f1datawarehouse/lib/python3.9/site-packages/airflow/example_dags/example_params_ui_tutorial.py for tasks to queue
[2024-02-24T18:38:41.872-0600] {logging_mixin.py:188} INFO - [2024-02-24T18:38:41.872-0600] {dagbag.py:538} INFO - Filling up the DagBag from /Users/vamseekrishna/Desktop/F1_Data_Warehouse/f1datawarehouse/lib/python3.9/site-packages/airflow/example_dags/example_params_ui_tutorial.py
[2024-02-24T18:38:41.890-0600] {processor.py:840} INFO - DAG(s) 'example_params_ui_tutorial' retrieved from /Users/vamseekrishna/Desktop/F1_Data_Warehouse/f1datawarehouse/lib/python3.9/site-packages/airflow/example_dags/example_params_ui_tutorial.py
[2024-02-24T18:38:41.951-0600] {logging_mixin.py:188} INFO - [2024-02-24T18:38:41.951-0600] {dag.py:3036} INFO - Sync 1 DAGs
[2024-02-24T18:38:41.955-0600] {logging_mixin.py:188} INFO - [2024-02-24T18:38:41.955-0600] {dag.py:3823} INFO - Setting next_dagrun for example_params_ui_tutorial to None, run_after=None
[2024-02-24T18:38:41.963-0600] {processor.py:183} INFO - Processing /Users/vamseekrishna/Desktop/F1_Data_Warehouse/f1datawarehouse/lib/python3.9/site-packages/airflow/example_dags/example_params_ui_tutorial.py took 0.094 seconds
[2024-02-24T18:40:46.260-0600] {processor.py:161} INFO - Started process (PID=97651) to work on /Users/vamseekrishna/Desktop/F1_Data_Warehouse/f1datawarehouse/lib/python3.9/site-packages/airflow/example_dags/example_params_ui_tutorial.py
[2024-02-24T18:40:46.262-0600] {processor.py:830} INFO - Processing file /Users/vamseekrishna/Desktop/F1_Data_Warehouse/f1datawarehouse/lib/python3.9/site-packages/airflow/example_dags/example_params_ui_tutorial.py for tasks to queue
[2024-02-24T18:40:46.262-0600] {logging_mixin.py:188} INFO - [2024-02-24T18:40:46.262-0600] {dagbag.py:538} INFO - Filling up the DagBag from /Users/vamseekrishna/Desktop/F1_Data_Warehouse/f1datawarehouse/lib/python3.9/site-packages/airflow/example_dags/example_params_ui_tutorial.py
[2024-02-24T18:40:46.280-0600] {processor.py:840} INFO - DAG(s) 'example_params_ui_tutorial' retrieved from /Users/vamseekrishna/Desktop/F1_Data_Warehouse/f1datawarehouse/lib/python3.9/site-packages/airflow/example_dags/example_params_ui_tutorial.py
[2024-02-24T18:40:46.340-0600] {logging_mixin.py:188} INFO - [2024-02-24T18:40:46.340-0600] {dag.py:3036} INFO - Sync 1 DAGs
[2024-02-24T18:40:46.344-0600] {logging_mixin.py:188} INFO - [2024-02-24T18:40:46.344-0600] {dag.py:3823} INFO - Setting next_dagrun for example_params_ui_tutorial to None, run_after=None
[2024-02-24T18:40:46.352-0600] {processor.py:183} INFO - Processing /Users/vamseekrishna/Desktop/F1_Data_Warehouse/f1datawarehouse/lib/python3.9/site-packages/airflow/example_dags/example_params_ui_tutorial.py took 0.092 seconds
[2024-02-24T18:42:41.070-0600] {processor.py:161} INFO - Started process (PID=97746) to work on /Users/vamseekrishna/Desktop/F1_Data_Warehouse/f1datawarehouse/lib/python3.9/site-packages/airflow/example_dags/example_params_ui_tutorial.py
[2024-02-24T18:42:41.072-0600] {processor.py:830} INFO - Processing file /Users/vamseekrishna/Desktop/F1_Data_Warehouse/f1datawarehouse/lib/python3.9/site-packages/airflow/example_dags/example_params_ui_tutorial.py for tasks to queue
[2024-02-24T18:42:41.072-0600] {logging_mixin.py:188} INFO - [2024-02-24T18:42:41.072-0600] {dagbag.py:538} INFO - Filling up the DagBag from /Users/vamseekrishna/Desktop/F1_Data_Warehouse/f1datawarehouse/lib/python3.9/site-packages/airflow/example_dags/example_params_ui_tutorial.py
[2024-02-24T18:42:41.090-0600] {processor.py:840} INFO - DAG(s) 'example_params_ui_tutorial' retrieved from /Users/vamseekrishna/Desktop/F1_Data_Warehouse/f1datawarehouse/lib/python3.9/site-packages/airflow/example_dags/example_params_ui_tutorial.py
[2024-02-24T18:42:41.163-0600] {logging_mixin.py:188} INFO - [2024-02-24T18:42:41.163-0600] {dag.py:3036} INFO - Sync 1 DAGs
[2024-02-24T18:42:41.168-0600] {logging_mixin.py:188} INFO - [2024-02-24T18:42:41.167-0600] {dag.py:3823} INFO - Setting next_dagrun for example_params_ui_tutorial to None, run_after=None
[2024-02-24T18:42:41.176-0600] {processor.py:183} INFO - Processing /Users/vamseekrishna/Desktop/F1_Data_Warehouse/f1datawarehouse/lib/python3.9/site-packages/airflow/example_dags/example_params_ui_tutorial.py took 0.106 seconds
[2024-02-24T18:44:44.988-0600] {processor.py:161} INFO - Started process (PID=97861) to work on /Users/vamseekrishna/Desktop/F1_Data_Warehouse/f1datawarehouse/lib/python3.9/site-packages/airflow/example_dags/example_params_ui_tutorial.py
[2024-02-24T18:44:44.990-0600] {processor.py:830} INFO - Processing file /Users/vamseekrishna/Desktop/F1_Data_Warehouse/f1datawarehouse/lib/python3.9/site-packages/airflow/example_dags/example_params_ui_tutorial.py for tasks to queue
[2024-02-24T18:44:44.990-0600] {logging_mixin.py:188} INFO - [2024-02-24T18:44:44.990-0600] {dagbag.py:538} INFO - Filling up the DagBag from /Users/vamseekrishna/Desktop/F1_Data_Warehouse/f1datawarehouse/lib/python3.9/site-packages/airflow/example_dags/example_params_ui_tutorial.py
[2024-02-24T18:44:45.007-0600] {processor.py:840} INFO - DAG(s) 'example_params_ui_tutorial' retrieved from /Users/vamseekrishna/Desktop/F1_Data_Warehouse/f1datawarehouse/lib/python3.9/site-packages/airflow/example_dags/example_params_ui_tutorial.py
[2024-02-24T18:44:45.066-0600] {logging_mixin.py:188} INFO - [2024-02-24T18:44:45.066-0600] {dag.py:3036} INFO - Sync 1 DAGs
[2024-02-24T18:44:45.070-0600] {logging_mixin.py:188} INFO - [2024-02-24T18:44:45.070-0600] {dag.py:3823} INFO - Setting next_dagrun for example_params_ui_tutorial to None, run_after=None
[2024-02-24T18:44:45.078-0600] {processor.py:183} INFO - Processing /Users/vamseekrishna/Desktop/F1_Data_Warehouse/f1datawarehouse/lib/python3.9/site-packages/airflow/example_dags/example_params_ui_tutorial.py took 0.090 seconds
[2024-02-24T18:46:48.087-0600] {processor.py:161} INFO - Started process (PID=97963) to work on /Users/vamseekrishna/Desktop/F1_Data_Warehouse/f1datawarehouse/lib/python3.9/site-packages/airflow/example_dags/example_params_ui_tutorial.py
[2024-02-24T18:46:48.089-0600] {processor.py:830} INFO - Processing file /Users/vamseekrishna/Desktop/F1_Data_Warehouse/f1datawarehouse/lib/python3.9/site-packages/airflow/example_dags/example_params_ui_tutorial.py for tasks to queue
[2024-02-24T18:46:48.089-0600] {logging_mixin.py:188} INFO - [2024-02-24T18:46:48.089-0600] {dagbag.py:538} INFO - Filling up the DagBag from /Users/vamseekrishna/Desktop/F1_Data_Warehouse/f1datawarehouse/lib/python3.9/site-packages/airflow/example_dags/example_params_ui_tutorial.py
[2024-02-24T18:46:48.108-0600] {processor.py:840} INFO - DAG(s) 'example_params_ui_tutorial' retrieved from /Users/vamseekrishna/Desktop/F1_Data_Warehouse/f1datawarehouse/lib/python3.9/site-packages/airflow/example_dags/example_params_ui_tutorial.py
[2024-02-24T18:46:48.168-0600] {logging_mixin.py:188} INFO - [2024-02-24T18:46:48.168-0600] {dag.py:3036} INFO - Sync 1 DAGs
[2024-02-24T18:46:48.172-0600] {logging_mixin.py:188} INFO - [2024-02-24T18:46:48.171-0600] {dag.py:3823} INFO - Setting next_dagrun for example_params_ui_tutorial to None, run_after=None
[2024-02-24T18:46:48.179-0600] {processor.py:183} INFO - Processing /Users/vamseekrishna/Desktop/F1_Data_Warehouse/f1datawarehouse/lib/python3.9/site-packages/airflow/example_dags/example_params_ui_tutorial.py took 0.093 seconds
[2024-02-24T18:48:47.366-0600] {processor.py:161} INFO - Started process (PID=98051) to work on /Users/vamseekrishna/Desktop/F1_Data_Warehouse/f1datawarehouse/lib/python3.9/site-packages/airflow/example_dags/example_params_ui_tutorial.py
[2024-02-24T18:48:47.368-0600] {processor.py:830} INFO - Processing file /Users/vamseekrishna/Desktop/F1_Data_Warehouse/f1datawarehouse/lib/python3.9/site-packages/airflow/example_dags/example_params_ui_tutorial.py for tasks to queue
[2024-02-24T18:48:47.368-0600] {logging_mixin.py:188} INFO - [2024-02-24T18:48:47.368-0600] {dagbag.py:538} INFO - Filling up the DagBag from /Users/vamseekrishna/Desktop/F1_Data_Warehouse/f1datawarehouse/lib/python3.9/site-packages/airflow/example_dags/example_params_ui_tutorial.py
[2024-02-24T18:48:47.387-0600] {processor.py:840} INFO - DAG(s) 'example_params_ui_tutorial' retrieved from /Users/vamseekrishna/Desktop/F1_Data_Warehouse/f1datawarehouse/lib/python3.9/site-packages/airflow/example_dags/example_params_ui_tutorial.py
[2024-02-24T18:48:47.448-0600] {logging_mixin.py:188} INFO - [2024-02-24T18:48:47.448-0600] {dag.py:3036} INFO - Sync 1 DAGs
[2024-02-24T18:48:47.452-0600] {logging_mixin.py:188} INFO - [2024-02-24T18:48:47.452-0600] {dag.py:3823} INFO - Setting next_dagrun for example_params_ui_tutorial to None, run_after=None
[2024-02-24T18:48:47.460-0600] {processor.py:183} INFO - Processing /Users/vamseekrishna/Desktop/F1_Data_Warehouse/f1datawarehouse/lib/python3.9/site-packages/airflow/example_dags/example_params_ui_tutorial.py took 0.094 seconds
[2024-02-24T18:50:50.035-0600] {processor.py:161} INFO - Started process (PID=98140) to work on /Users/vamseekrishna/Desktop/F1_Data_Warehouse/f1datawarehouse/lib/python3.9/site-packages/airflow/example_dags/example_params_ui_tutorial.py
[2024-02-24T18:50:50.037-0600] {processor.py:830} INFO - Processing file /Users/vamseekrishna/Desktop/F1_Data_Warehouse/f1datawarehouse/lib/python3.9/site-packages/airflow/example_dags/example_params_ui_tutorial.py for tasks to queue
[2024-02-24T18:50:50.037-0600] {logging_mixin.py:188} INFO - [2024-02-24T18:50:50.037-0600] {dagbag.py:538} INFO - Filling up the DagBag from /Users/vamseekrishna/Desktop/F1_Data_Warehouse/f1datawarehouse/lib/python3.9/site-packages/airflow/example_dags/example_params_ui_tutorial.py
[2024-02-24T18:50:50.059-0600] {processor.py:840} INFO - DAG(s) 'example_params_ui_tutorial' retrieved from /Users/vamseekrishna/Desktop/F1_Data_Warehouse/f1datawarehouse/lib/python3.9/site-packages/airflow/example_dags/example_params_ui_tutorial.py
[2024-02-24T18:50:50.119-0600] {logging_mixin.py:188} INFO - [2024-02-24T18:50:50.119-0600] {dag.py:3036} INFO - Sync 1 DAGs
[2024-02-24T18:50:50.123-0600] {logging_mixin.py:188} INFO - [2024-02-24T18:50:50.123-0600] {dag.py:3823} INFO - Setting next_dagrun for example_params_ui_tutorial to None, run_after=None
[2024-02-24T18:50:50.131-0600] {processor.py:183} INFO - Processing /Users/vamseekrishna/Desktop/F1_Data_Warehouse/f1datawarehouse/lib/python3.9/site-packages/airflow/example_dags/example_params_ui_tutorial.py took 0.097 seconds
[2024-02-24T18:52:44.840-0600] {processor.py:161} INFO - Started process (PID=98238) to work on /Users/vamseekrishna/Desktop/F1_Data_Warehouse/f1datawarehouse/lib/python3.9/site-packages/airflow/example_dags/example_params_ui_tutorial.py
[2024-02-24T18:52:44.842-0600] {processor.py:830} INFO - Processing file /Users/vamseekrishna/Desktop/F1_Data_Warehouse/f1datawarehouse/lib/python3.9/site-packages/airflow/example_dags/example_params_ui_tutorial.py for tasks to queue
[2024-02-24T18:52:44.842-0600] {logging_mixin.py:188} INFO - [2024-02-24T18:52:44.842-0600] {dagbag.py:538} INFO - Filling up the DagBag from /Users/vamseekrishna/Desktop/F1_Data_Warehouse/f1datawarehouse/lib/python3.9/site-packages/airflow/example_dags/example_params_ui_tutorial.py
[2024-02-24T18:52:44.861-0600] {processor.py:840} INFO - DAG(s) 'example_params_ui_tutorial' retrieved from /Users/vamseekrishna/Desktop/F1_Data_Warehouse/f1datawarehouse/lib/python3.9/site-packages/airflow/example_dags/example_params_ui_tutorial.py
[2024-02-24T18:52:44.921-0600] {logging_mixin.py:188} INFO - [2024-02-24T18:52:44.921-0600] {dag.py:3036} INFO - Sync 1 DAGs
[2024-02-24T18:52:44.925-0600] {logging_mixin.py:188} INFO - [2024-02-24T18:52:44.925-0600] {dag.py:3823} INFO - Setting next_dagrun for example_params_ui_tutorial to None, run_after=None
[2024-02-24T18:52:44.932-0600] {processor.py:183} INFO - Processing /Users/vamseekrishna/Desktop/F1_Data_Warehouse/f1datawarehouse/lib/python3.9/site-packages/airflow/example_dags/example_params_ui_tutorial.py took 0.093 seconds
[2024-02-24T18:54:47.917-0600] {processor.py:161} INFO - Started process (PID=98334) to work on /Users/vamseekrishna/Desktop/F1_Data_Warehouse/f1datawarehouse/lib/python3.9/site-packages/airflow/example_dags/example_params_ui_tutorial.py
[2024-02-24T18:54:47.919-0600] {processor.py:830} INFO - Processing file /Users/vamseekrishna/Desktop/F1_Data_Warehouse/f1datawarehouse/lib/python3.9/site-packages/airflow/example_dags/example_params_ui_tutorial.py for tasks to queue
[2024-02-24T18:54:47.919-0600] {logging_mixin.py:188} INFO - [2024-02-24T18:54:47.919-0600] {dagbag.py:538} INFO - Filling up the DagBag from /Users/vamseekrishna/Desktop/F1_Data_Warehouse/f1datawarehouse/lib/python3.9/site-packages/airflow/example_dags/example_params_ui_tutorial.py
[2024-02-24T18:54:47.937-0600] {processor.py:840} INFO - DAG(s) 'example_params_ui_tutorial' retrieved from /Users/vamseekrishna/Desktop/F1_Data_Warehouse/f1datawarehouse/lib/python3.9/site-packages/airflow/example_dags/example_params_ui_tutorial.py
[2024-02-24T18:54:47.997-0600] {logging_mixin.py:188} INFO - [2024-02-24T18:54:47.996-0600] {dag.py:3036} INFO - Sync 1 DAGs
[2024-02-24T18:54:48.001-0600] {logging_mixin.py:188} INFO - [2024-02-24T18:54:48.000-0600] {dag.py:3823} INFO - Setting next_dagrun for example_params_ui_tutorial to None, run_after=None
[2024-02-24T18:54:48.008-0600] {processor.py:183} INFO - Processing /Users/vamseekrishna/Desktop/F1_Data_Warehouse/f1datawarehouse/lib/python3.9/site-packages/airflow/example_dags/example_params_ui_tutorial.py took 0.092 seconds
[2024-02-24T18:56:46.592-0600] {processor.py:161} INFO - Started process (PID=98433) to work on /Users/vamseekrishna/Desktop/F1_Data_Warehouse/f1datawarehouse/lib/python3.9/site-packages/airflow/example_dags/example_params_ui_tutorial.py
[2024-02-24T18:56:46.594-0600] {processor.py:830} INFO - Processing file /Users/vamseekrishna/Desktop/F1_Data_Warehouse/f1datawarehouse/lib/python3.9/site-packages/airflow/example_dags/example_params_ui_tutorial.py for tasks to queue
[2024-02-24T18:56:46.594-0600] {logging_mixin.py:188} INFO - [2024-02-24T18:56:46.594-0600] {dagbag.py:538} INFO - Filling up the DagBag from /Users/vamseekrishna/Desktop/F1_Data_Warehouse/f1datawarehouse/lib/python3.9/site-packages/airflow/example_dags/example_params_ui_tutorial.py
[2024-02-24T18:56:46.611-0600] {processor.py:840} INFO - DAG(s) 'example_params_ui_tutorial' retrieved from /Users/vamseekrishna/Desktop/F1_Data_Warehouse/f1datawarehouse/lib/python3.9/site-packages/airflow/example_dags/example_params_ui_tutorial.py
[2024-02-24T18:56:46.676-0600] {logging_mixin.py:188} INFO - [2024-02-24T18:56:46.676-0600] {dag.py:3036} INFO - Sync 1 DAGs
[2024-02-24T18:56:46.680-0600] {logging_mixin.py:188} INFO - [2024-02-24T18:56:46.680-0600] {dag.py:3823} INFO - Setting next_dagrun for example_params_ui_tutorial to None, run_after=None
[2024-02-24T18:56:46.688-0600] {processor.py:183} INFO - Processing /Users/vamseekrishna/Desktop/F1_Data_Warehouse/f1datawarehouse/lib/python3.9/site-packages/airflow/example_dags/example_params_ui_tutorial.py took 0.097 seconds
[2024-02-24T18:58:48.814-0600] {processor.py:161} INFO - Started process (PID=98532) to work on /Users/vamseekrishna/Desktop/F1_Data_Warehouse/f1datawarehouse/lib/python3.9/site-packages/airflow/example_dags/example_params_ui_tutorial.py
[2024-02-24T18:58:48.816-0600] {processor.py:830} INFO - Processing file /Users/vamseekrishna/Desktop/F1_Data_Warehouse/f1datawarehouse/lib/python3.9/site-packages/airflow/example_dags/example_params_ui_tutorial.py for tasks to queue
[2024-02-24T18:58:48.816-0600] {logging_mixin.py:188} INFO - [2024-02-24T18:58:48.816-0600] {dagbag.py:538} INFO - Filling up the DagBag from /Users/vamseekrishna/Desktop/F1_Data_Warehouse/f1datawarehouse/lib/python3.9/site-packages/airflow/example_dags/example_params_ui_tutorial.py
[2024-02-24T18:58:48.834-0600] {processor.py:840} INFO - DAG(s) 'example_params_ui_tutorial' retrieved from /Users/vamseekrishna/Desktop/F1_Data_Warehouse/f1datawarehouse/lib/python3.9/site-packages/airflow/example_dags/example_params_ui_tutorial.py
[2024-02-24T18:58:48.897-0600] {logging_mixin.py:188} INFO - [2024-02-24T18:58:48.897-0600] {dag.py:3036} INFO - Sync 1 DAGs
[2024-02-24T18:58:48.901-0600] {logging_mixin.py:188} INFO - [2024-02-24T18:58:48.901-0600] {dag.py:3823} INFO - Setting next_dagrun for example_params_ui_tutorial to None, run_after=None
[2024-02-24T18:58:48.909-0600] {processor.py:183} INFO - Processing /Users/vamseekrishna/Desktop/F1_Data_Warehouse/f1datawarehouse/lib/python3.9/site-packages/airflow/example_dags/example_params_ui_tutorial.py took 0.095 seconds
[2024-02-24T19:00:51.435-0600] {processor.py:161} INFO - Started process (PID=98741) to work on /Users/vamseekrishna/Desktop/F1_Data_Warehouse/f1datawarehouse/lib/python3.9/site-packages/airflow/example_dags/example_params_ui_tutorial.py
[2024-02-24T19:00:51.437-0600] {processor.py:830} INFO - Processing file /Users/vamseekrishna/Desktop/F1_Data_Warehouse/f1datawarehouse/lib/python3.9/site-packages/airflow/example_dags/example_params_ui_tutorial.py for tasks to queue
[2024-02-24T19:00:51.437-0600] {logging_mixin.py:188} INFO - [2024-02-24T19:00:51.437-0600] {dagbag.py:538} INFO - Filling up the DagBag from /Users/vamseekrishna/Desktop/F1_Data_Warehouse/f1datawarehouse/lib/python3.9/site-packages/airflow/example_dags/example_params_ui_tutorial.py
[2024-02-24T19:00:51.480-0600] {processor.py:840} INFO - DAG(s) 'example_params_ui_tutorial' retrieved from /Users/vamseekrishna/Desktop/F1_Data_Warehouse/f1datawarehouse/lib/python3.9/site-packages/airflow/example_dags/example_params_ui_tutorial.py
[2024-02-24T19:00:51.573-0600] {logging_mixin.py:188} INFO - [2024-02-24T19:00:51.573-0600] {dag.py:3036} INFO - Sync 1 DAGs
[2024-02-24T19:00:51.580-0600] {logging_mixin.py:188} INFO - [2024-02-24T19:00:51.580-0600] {dag.py:3823} INFO - Setting next_dagrun for example_params_ui_tutorial to None, run_after=None
[2024-02-24T19:00:51.597-0600] {processor.py:183} INFO - Processing /Users/vamseekrishna/Desktop/F1_Data_Warehouse/f1datawarehouse/lib/python3.9/site-packages/airflow/example_dags/example_params_ui_tutorial.py took 0.163 seconds
[2024-02-24T19:02:50.359-0600] {processor.py:161} INFO - Started process (PID=98863) to work on /Users/vamseekrishna/Desktop/F1_Data_Warehouse/f1datawarehouse/lib/python3.9/site-packages/airflow/example_dags/example_params_ui_tutorial.py
[2024-02-24T19:02:50.361-0600] {processor.py:830} INFO - Processing file /Users/vamseekrishna/Desktop/F1_Data_Warehouse/f1datawarehouse/lib/python3.9/site-packages/airflow/example_dags/example_params_ui_tutorial.py for tasks to queue
[2024-02-24T19:02:50.362-0600] {logging_mixin.py:188} INFO - [2024-02-24T19:02:50.361-0600] {dagbag.py:538} INFO - Filling up the DagBag from /Users/vamseekrishna/Desktop/F1_Data_Warehouse/f1datawarehouse/lib/python3.9/site-packages/airflow/example_dags/example_params_ui_tutorial.py
[2024-02-24T19:02:50.379-0600] {processor.py:840} INFO - DAG(s) 'example_params_ui_tutorial' retrieved from /Users/vamseekrishna/Desktop/F1_Data_Warehouse/f1datawarehouse/lib/python3.9/site-packages/airflow/example_dags/example_params_ui_tutorial.py
[2024-02-24T19:02:50.438-0600] {logging_mixin.py:188} INFO - [2024-02-24T19:02:50.438-0600] {dag.py:3036} INFO - Sync 1 DAGs
[2024-02-24T19:02:50.442-0600] {logging_mixin.py:188} INFO - [2024-02-24T19:02:50.442-0600] {dag.py:3823} INFO - Setting next_dagrun for example_params_ui_tutorial to None, run_after=None
[2024-02-24T19:02:50.450-0600] {processor.py:183} INFO - Processing /Users/vamseekrishna/Desktop/F1_Data_Warehouse/f1datawarehouse/lib/python3.9/site-packages/airflow/example_dags/example_params_ui_tutorial.py took 0.091 seconds
[2024-02-24T19:04:45.035-0600] {processor.py:161} INFO - Started process (PID=98964) to work on /Users/vamseekrishna/Desktop/F1_Data_Warehouse/f1datawarehouse/lib/python3.9/site-packages/airflow/example_dags/example_params_ui_tutorial.py
[2024-02-24T19:04:45.037-0600] {processor.py:830} INFO - Processing file /Users/vamseekrishna/Desktop/F1_Data_Warehouse/f1datawarehouse/lib/python3.9/site-packages/airflow/example_dags/example_params_ui_tutorial.py for tasks to queue
[2024-02-24T19:04:45.037-0600] {logging_mixin.py:188} INFO - [2024-02-24T19:04:45.037-0600] {dagbag.py:538} INFO - Filling up the DagBag from /Users/vamseekrishna/Desktop/F1_Data_Warehouse/f1datawarehouse/lib/python3.9/site-packages/airflow/example_dags/example_params_ui_tutorial.py
[2024-02-24T19:04:45.054-0600] {processor.py:840} INFO - DAG(s) 'example_params_ui_tutorial' retrieved from /Users/vamseekrishna/Desktop/F1_Data_Warehouse/f1datawarehouse/lib/python3.9/site-packages/airflow/example_dags/example_params_ui_tutorial.py
[2024-02-24T19:04:45.113-0600] {logging_mixin.py:188} INFO - [2024-02-24T19:04:45.113-0600] {dag.py:3036} INFO - Sync 1 DAGs
[2024-02-24T19:04:45.117-0600] {logging_mixin.py:188} INFO - [2024-02-24T19:04:45.117-0600] {dag.py:3823} INFO - Setting next_dagrun for example_params_ui_tutorial to None, run_after=None
[2024-02-24T19:04:45.124-0600] {processor.py:183} INFO - Processing /Users/vamseekrishna/Desktop/F1_Data_Warehouse/f1datawarehouse/lib/python3.9/site-packages/airflow/example_dags/example_params_ui_tutorial.py took 0.090 seconds
[2024-02-24T19:06:43.221-0600] {processor.py:161} INFO - Started process (PID=99056) to work on /Users/vamseekrishna/Desktop/F1_Data_Warehouse/f1datawarehouse/lib/python3.9/site-packages/airflow/example_dags/example_params_ui_tutorial.py
[2024-02-24T19:06:43.225-0600] {processor.py:830} INFO - Processing file /Users/vamseekrishna/Desktop/F1_Data_Warehouse/f1datawarehouse/lib/python3.9/site-packages/airflow/example_dags/example_params_ui_tutorial.py for tasks to queue
[2024-02-24T19:06:43.225-0600] {logging_mixin.py:188} INFO - [2024-02-24T19:06:43.225-0600] {dagbag.py:538} INFO - Filling up the DagBag from /Users/vamseekrishna/Desktop/F1_Data_Warehouse/f1datawarehouse/lib/python3.9/site-packages/airflow/example_dags/example_params_ui_tutorial.py
[2024-02-24T19:06:43.244-0600] {processor.py:840} INFO - DAG(s) 'example_params_ui_tutorial' retrieved from /Users/vamseekrishna/Desktop/F1_Data_Warehouse/f1datawarehouse/lib/python3.9/site-packages/airflow/example_dags/example_params_ui_tutorial.py
[2024-02-24T19:06:43.309-0600] {logging_mixin.py:188} INFO - [2024-02-24T19:06:43.309-0600] {dag.py:3036} INFO - Sync 1 DAGs
[2024-02-24T19:06:43.313-0600] {logging_mixin.py:188} INFO - [2024-02-24T19:06:43.313-0600] {dag.py:3823} INFO - Setting next_dagrun for example_params_ui_tutorial to None, run_after=None
[2024-02-24T19:06:43.321-0600] {processor.py:183} INFO - Processing /Users/vamseekrishna/Desktop/F1_Data_Warehouse/f1datawarehouse/lib/python3.9/site-packages/airflow/example_dags/example_params_ui_tutorial.py took 0.101 seconds
[2024-02-24T19:08:39.204-0600] {processor.py:161} INFO - Started process (PID=99169) to work on /Users/vamseekrishna/Desktop/F1_Data_Warehouse/f1datawarehouse/lib/python3.9/site-packages/airflow/example_dags/example_params_ui_tutorial.py
[2024-02-24T19:08:39.206-0600] {processor.py:830} INFO - Processing file /Users/vamseekrishna/Desktop/F1_Data_Warehouse/f1datawarehouse/lib/python3.9/site-packages/airflow/example_dags/example_params_ui_tutorial.py for tasks to queue
[2024-02-24T19:08:39.206-0600] {logging_mixin.py:188} INFO - [2024-02-24T19:08:39.206-0600] {dagbag.py:538} INFO - Filling up the DagBag from /Users/vamseekrishna/Desktop/F1_Data_Warehouse/f1datawarehouse/lib/python3.9/site-packages/airflow/example_dags/example_params_ui_tutorial.py
[2024-02-24T19:08:39.224-0600] {processor.py:840} INFO - DAG(s) 'example_params_ui_tutorial' retrieved from /Users/vamseekrishna/Desktop/F1_Data_Warehouse/f1datawarehouse/lib/python3.9/site-packages/airflow/example_dags/example_params_ui_tutorial.py
[2024-02-24T19:08:39.283-0600] {logging_mixin.py:188} INFO - [2024-02-24T19:08:39.283-0600] {dag.py:3036} INFO - Sync 1 DAGs
[2024-02-24T19:08:39.287-0600] {logging_mixin.py:188} INFO - [2024-02-24T19:08:39.287-0600] {dag.py:3823} INFO - Setting next_dagrun for example_params_ui_tutorial to None, run_after=None
[2024-02-24T19:08:39.294-0600] {processor.py:183} INFO - Processing /Users/vamseekrishna/Desktop/F1_Data_Warehouse/f1datawarehouse/lib/python3.9/site-packages/airflow/example_dags/example_params_ui_tutorial.py took 0.090 seconds
[2024-02-24T19:10:36.823-0600] {processor.py:161} INFO - Started process (PID=99270) to work on /Users/vamseekrishna/Desktop/F1_Data_Warehouse/f1datawarehouse/lib/python3.9/site-packages/airflow/example_dags/example_params_ui_tutorial.py
[2024-02-24T19:10:36.825-0600] {processor.py:830} INFO - Processing file /Users/vamseekrishna/Desktop/F1_Data_Warehouse/f1datawarehouse/lib/python3.9/site-packages/airflow/example_dags/example_params_ui_tutorial.py for tasks to queue
[2024-02-24T19:10:36.826-0600] {logging_mixin.py:188} INFO - [2024-02-24T19:10:36.826-0600] {dagbag.py:538} INFO - Filling up the DagBag from /Users/vamseekrishna/Desktop/F1_Data_Warehouse/f1datawarehouse/lib/python3.9/site-packages/airflow/example_dags/example_params_ui_tutorial.py
[2024-02-24T19:10:36.844-0600] {processor.py:840} INFO - DAG(s) 'example_params_ui_tutorial' retrieved from /Users/vamseekrishna/Desktop/F1_Data_Warehouse/f1datawarehouse/lib/python3.9/site-packages/airflow/example_dags/example_params_ui_tutorial.py
[2024-02-24T19:10:36.904-0600] {logging_mixin.py:188} INFO - [2024-02-24T19:10:36.904-0600] {dag.py:3036} INFO - Sync 1 DAGs
[2024-02-24T19:10:36.908-0600] {logging_mixin.py:188} INFO - [2024-02-24T19:10:36.908-0600] {dag.py:3823} INFO - Setting next_dagrun for example_params_ui_tutorial to None, run_after=None
[2024-02-24T19:10:36.915-0600] {processor.py:183} INFO - Processing /Users/vamseekrishna/Desktop/F1_Data_Warehouse/f1datawarehouse/lib/python3.9/site-packages/airflow/example_dags/example_params_ui_tutorial.py took 0.093 seconds
[2024-02-24T19:12:37.050-0600] {processor.py:161} INFO - Started process (PID=99365) to work on /Users/vamseekrishna/Desktop/F1_Data_Warehouse/f1datawarehouse/lib/python3.9/site-packages/airflow/example_dags/example_params_ui_tutorial.py
[2024-02-24T19:12:37.052-0600] {processor.py:830} INFO - Processing file /Users/vamseekrishna/Desktop/F1_Data_Warehouse/f1datawarehouse/lib/python3.9/site-packages/airflow/example_dags/example_params_ui_tutorial.py for tasks to queue
[2024-02-24T19:12:37.052-0600] {logging_mixin.py:188} INFO - [2024-02-24T19:12:37.052-0600] {dagbag.py:538} INFO - Filling up the DagBag from /Users/vamseekrishna/Desktop/F1_Data_Warehouse/f1datawarehouse/lib/python3.9/site-packages/airflow/example_dags/example_params_ui_tutorial.py
[2024-02-24T19:12:37.070-0600] {processor.py:840} INFO - DAG(s) 'example_params_ui_tutorial' retrieved from /Users/vamseekrishna/Desktop/F1_Data_Warehouse/f1datawarehouse/lib/python3.9/site-packages/airflow/example_dags/example_params_ui_tutorial.py
[2024-02-24T19:12:37.129-0600] {logging_mixin.py:188} INFO - [2024-02-24T19:12:37.129-0600] {dag.py:3036} INFO - Sync 1 DAGs
[2024-02-24T19:12:37.133-0600] {logging_mixin.py:188} INFO - [2024-02-24T19:12:37.133-0600] {dag.py:3823} INFO - Setting next_dagrun for example_params_ui_tutorial to None, run_after=None
[2024-02-24T19:12:37.141-0600] {processor.py:183} INFO - Processing /Users/vamseekrishna/Desktop/F1_Data_Warehouse/f1datawarehouse/lib/python3.9/site-packages/airflow/example_dags/example_params_ui_tutorial.py took 0.091 seconds
[2024-02-24T19:14:44.086-0600] {processor.py:161} INFO - Started process (PID=99456) to work on /Users/vamseekrishna/Desktop/F1_Data_Warehouse/f1datawarehouse/lib/python3.9/site-packages/airflow/example_dags/example_params_ui_tutorial.py
[2024-02-24T19:14:44.088-0600] {processor.py:830} INFO - Processing file /Users/vamseekrishna/Desktop/F1_Data_Warehouse/f1datawarehouse/lib/python3.9/site-packages/airflow/example_dags/example_params_ui_tutorial.py for tasks to queue
[2024-02-24T19:14:44.088-0600] {logging_mixin.py:188} INFO - [2024-02-24T19:14:44.088-0600] {dagbag.py:538} INFO - Filling up the DagBag from /Users/vamseekrishna/Desktop/F1_Data_Warehouse/f1datawarehouse/lib/python3.9/site-packages/airflow/example_dags/example_params_ui_tutorial.py
[2024-02-24T19:14:44.106-0600] {processor.py:840} INFO - DAG(s) 'example_params_ui_tutorial' retrieved from /Users/vamseekrishna/Desktop/F1_Data_Warehouse/f1datawarehouse/lib/python3.9/site-packages/airflow/example_dags/example_params_ui_tutorial.py
[2024-02-24T19:14:44.165-0600] {logging_mixin.py:188} INFO - [2024-02-24T19:14:44.165-0600] {dag.py:3036} INFO - Sync 1 DAGs
[2024-02-24T19:14:44.169-0600] {logging_mixin.py:188} INFO - [2024-02-24T19:14:44.169-0600] {dag.py:3823} INFO - Setting next_dagrun for example_params_ui_tutorial to None, run_after=None
[2024-02-24T19:14:44.176-0600] {processor.py:183} INFO - Processing /Users/vamseekrishna/Desktop/F1_Data_Warehouse/f1datawarehouse/lib/python3.9/site-packages/airflow/example_dags/example_params_ui_tutorial.py took 0.091 seconds
[2024-02-24T19:16:42.096-0600] {processor.py:161} INFO - Started process (PID=99565) to work on /Users/vamseekrishna/Desktop/F1_Data_Warehouse/f1datawarehouse/lib/python3.9/site-packages/airflow/example_dags/example_params_ui_tutorial.py
[2024-02-24T19:16:42.098-0600] {processor.py:830} INFO - Processing file /Users/vamseekrishna/Desktop/F1_Data_Warehouse/f1datawarehouse/lib/python3.9/site-packages/airflow/example_dags/example_params_ui_tutorial.py for tasks to queue
[2024-02-24T19:16:42.098-0600] {logging_mixin.py:188} INFO - [2024-02-24T19:16:42.098-0600] {dagbag.py:538} INFO - Filling up the DagBag from /Users/vamseekrishna/Desktop/F1_Data_Warehouse/f1datawarehouse/lib/python3.9/site-packages/airflow/example_dags/example_params_ui_tutorial.py
[2024-02-24T19:16:42.116-0600] {processor.py:840} INFO - DAG(s) 'example_params_ui_tutorial' retrieved from /Users/vamseekrishna/Desktop/F1_Data_Warehouse/f1datawarehouse/lib/python3.9/site-packages/airflow/example_dags/example_params_ui_tutorial.py
[2024-02-24T19:16:42.176-0600] {logging_mixin.py:188} INFO - [2024-02-24T19:16:42.176-0600] {dag.py:3036} INFO - Sync 1 DAGs
[2024-02-24T19:16:42.180-0600] {logging_mixin.py:188} INFO - [2024-02-24T19:16:42.180-0600] {dag.py:3823} INFO - Setting next_dagrun for example_params_ui_tutorial to None, run_after=None
[2024-02-24T19:16:42.187-0600] {processor.py:183} INFO - Processing /Users/vamseekrishna/Desktop/F1_Data_Warehouse/f1datawarehouse/lib/python3.9/site-packages/airflow/example_dags/example_params_ui_tutorial.py took 0.092 seconds
[2024-02-24T19:18:45.638-0600] {processor.py:161} INFO - Started process (PID=99669) to work on /Users/vamseekrishna/Desktop/F1_Data_Warehouse/f1datawarehouse/lib/python3.9/site-packages/airflow/example_dags/example_params_ui_tutorial.py
[2024-02-24T19:18:45.639-0600] {processor.py:830} INFO - Processing file /Users/vamseekrishna/Desktop/F1_Data_Warehouse/f1datawarehouse/lib/python3.9/site-packages/airflow/example_dags/example_params_ui_tutorial.py for tasks to queue
[2024-02-24T19:18:45.640-0600] {logging_mixin.py:188} INFO - [2024-02-24T19:18:45.640-0600] {dagbag.py:538} INFO - Filling up the DagBag from /Users/vamseekrishna/Desktop/F1_Data_Warehouse/f1datawarehouse/lib/python3.9/site-packages/airflow/example_dags/example_params_ui_tutorial.py
[2024-02-24T19:18:45.657-0600] {processor.py:840} INFO - DAG(s) 'example_params_ui_tutorial' retrieved from /Users/vamseekrishna/Desktop/F1_Data_Warehouse/f1datawarehouse/lib/python3.9/site-packages/airflow/example_dags/example_params_ui_tutorial.py
[2024-02-24T19:18:45.794-0600] {logging_mixin.py:188} INFO - [2024-02-24T19:18:45.793-0600] {dag.py:3036} INFO - Sync 1 DAGs
[2024-02-24T19:18:45.799-0600] {logging_mixin.py:188} INFO - [2024-02-24T19:18:45.799-0600] {dag.py:3823} INFO - Setting next_dagrun for example_params_ui_tutorial to None, run_after=None
[2024-02-24T19:18:45.809-0600] {processor.py:183} INFO - Processing /Users/vamseekrishna/Desktop/F1_Data_Warehouse/f1datawarehouse/lib/python3.9/site-packages/airflow/example_dags/example_params_ui_tutorial.py took 0.172 seconds
[2024-02-24T19:20:41.207-0600] {processor.py:161} INFO - Started process (PID=99763) to work on /Users/vamseekrishna/Desktop/F1_Data_Warehouse/f1datawarehouse/lib/python3.9/site-packages/airflow/example_dags/example_params_ui_tutorial.py
[2024-02-24T19:20:41.209-0600] {processor.py:830} INFO - Processing file /Users/vamseekrishna/Desktop/F1_Data_Warehouse/f1datawarehouse/lib/python3.9/site-packages/airflow/example_dags/example_params_ui_tutorial.py for tasks to queue
[2024-02-24T19:20:41.209-0600] {logging_mixin.py:188} INFO - [2024-02-24T19:20:41.209-0600] {dagbag.py:538} INFO - Filling up the DagBag from /Users/vamseekrishna/Desktop/F1_Data_Warehouse/f1datawarehouse/lib/python3.9/site-packages/airflow/example_dags/example_params_ui_tutorial.py
[2024-02-24T19:20:41.226-0600] {processor.py:840} INFO - DAG(s) 'example_params_ui_tutorial' retrieved from /Users/vamseekrishna/Desktop/F1_Data_Warehouse/f1datawarehouse/lib/python3.9/site-packages/airflow/example_dags/example_params_ui_tutorial.py
[2024-02-24T19:20:41.291-0600] {logging_mixin.py:188} INFO - [2024-02-24T19:20:41.291-0600] {dag.py:3036} INFO - Sync 1 DAGs
[2024-02-24T19:20:41.296-0600] {logging_mixin.py:188} INFO - [2024-02-24T19:20:41.296-0600] {dag.py:3823} INFO - Setting next_dagrun for example_params_ui_tutorial to None, run_after=None
[2024-02-24T19:20:41.304-0600] {processor.py:183} INFO - Processing /Users/vamseekrishna/Desktop/F1_Data_Warehouse/f1datawarehouse/lib/python3.9/site-packages/airflow/example_dags/example_params_ui_tutorial.py took 0.098 seconds
[2024-02-24T19:22:44.406-0600] {processor.py:161} INFO - Started process (PID=99869) to work on /Users/vamseekrishna/Desktop/F1_Data_Warehouse/f1datawarehouse/lib/python3.9/site-packages/airflow/example_dags/example_params_ui_tutorial.py
[2024-02-24T19:22:44.408-0600] {processor.py:830} INFO - Processing file /Users/vamseekrishna/Desktop/F1_Data_Warehouse/f1datawarehouse/lib/python3.9/site-packages/airflow/example_dags/example_params_ui_tutorial.py for tasks to queue
[2024-02-24T19:22:44.408-0600] {logging_mixin.py:188} INFO - [2024-02-24T19:22:44.408-0600] {dagbag.py:538} INFO - Filling up the DagBag from /Users/vamseekrishna/Desktop/F1_Data_Warehouse/f1datawarehouse/lib/python3.9/site-packages/airflow/example_dags/example_params_ui_tutorial.py
[2024-02-24T19:22:44.426-0600] {processor.py:840} INFO - DAG(s) 'example_params_ui_tutorial' retrieved from /Users/vamseekrishna/Desktop/F1_Data_Warehouse/f1datawarehouse/lib/python3.9/site-packages/airflow/example_dags/example_params_ui_tutorial.py
[2024-02-24T19:22:44.485-0600] {logging_mixin.py:188} INFO - [2024-02-24T19:22:44.485-0600] {dag.py:3036} INFO - Sync 1 DAGs
[2024-02-24T19:22:44.489-0600] {logging_mixin.py:188} INFO - [2024-02-24T19:22:44.489-0600] {dag.py:3823} INFO - Setting next_dagrun for example_params_ui_tutorial to None, run_after=None
[2024-02-24T19:22:44.497-0600] {processor.py:183} INFO - Processing /Users/vamseekrishna/Desktop/F1_Data_Warehouse/f1datawarehouse/lib/python3.9/site-packages/airflow/example_dags/example_params_ui_tutorial.py took 0.091 seconds
[2024-02-24T19:24:42.645-0600] {processor.py:161} INFO - Started process (PID=99966) to work on /Users/vamseekrishna/Desktop/F1_Data_Warehouse/f1datawarehouse/lib/python3.9/site-packages/airflow/example_dags/example_params_ui_tutorial.py
[2024-02-24T19:24:42.647-0600] {processor.py:830} INFO - Processing file /Users/vamseekrishna/Desktop/F1_Data_Warehouse/f1datawarehouse/lib/python3.9/site-packages/airflow/example_dags/example_params_ui_tutorial.py for tasks to queue
[2024-02-24T19:24:42.648-0600] {logging_mixin.py:188} INFO - [2024-02-24T19:24:42.647-0600] {dagbag.py:538} INFO - Filling up the DagBag from /Users/vamseekrishna/Desktop/F1_Data_Warehouse/f1datawarehouse/lib/python3.9/site-packages/airflow/example_dags/example_params_ui_tutorial.py
[2024-02-24T19:24:42.665-0600] {processor.py:840} INFO - DAG(s) 'example_params_ui_tutorial' retrieved from /Users/vamseekrishna/Desktop/F1_Data_Warehouse/f1datawarehouse/lib/python3.9/site-packages/airflow/example_dags/example_params_ui_tutorial.py
[2024-02-24T19:24:42.725-0600] {logging_mixin.py:188} INFO - [2024-02-24T19:24:42.725-0600] {dag.py:3036} INFO - Sync 1 DAGs
[2024-02-24T19:24:42.730-0600] {logging_mixin.py:188} INFO - [2024-02-24T19:24:42.729-0600] {dag.py:3823} INFO - Setting next_dagrun for example_params_ui_tutorial to None, run_after=None
[2024-02-24T19:24:42.737-0600] {processor.py:183} INFO - Processing /Users/vamseekrishna/Desktop/F1_Data_Warehouse/f1datawarehouse/lib/python3.9/site-packages/airflow/example_dags/example_params_ui_tutorial.py took 0.093 seconds
[2024-02-24T19:26:52.129-0600] {processor.py:161} INFO - Started process (PID=201) to work on /Users/vamseekrishna/Desktop/F1_Data_Warehouse/f1datawarehouse/lib/python3.9/site-packages/airflow/example_dags/example_params_ui_tutorial.py
[2024-02-24T19:26:52.132-0600] {processor.py:830} INFO - Processing file /Users/vamseekrishna/Desktop/F1_Data_Warehouse/f1datawarehouse/lib/python3.9/site-packages/airflow/example_dags/example_params_ui_tutorial.py for tasks to queue
[2024-02-24T19:26:52.132-0600] {logging_mixin.py:188} INFO - [2024-02-24T19:26:52.132-0600] {dagbag.py:538} INFO - Filling up the DagBag from /Users/vamseekrishna/Desktop/F1_Data_Warehouse/f1datawarehouse/lib/python3.9/site-packages/airflow/example_dags/example_params_ui_tutorial.py
[2024-02-24T19:26:52.150-0600] {processor.py:840} INFO - DAG(s) 'example_params_ui_tutorial' retrieved from /Users/vamseekrishna/Desktop/F1_Data_Warehouse/f1datawarehouse/lib/python3.9/site-packages/airflow/example_dags/example_params_ui_tutorial.py
[2024-02-24T19:26:52.212-0600] {logging_mixin.py:188} INFO - [2024-02-24T19:26:52.212-0600] {dag.py:3036} INFO - Sync 1 DAGs
[2024-02-24T19:26:52.217-0600] {logging_mixin.py:188} INFO - [2024-02-24T19:26:52.217-0600] {dag.py:3823} INFO - Setting next_dagrun for example_params_ui_tutorial to None, run_after=None
[2024-02-24T19:26:52.225-0600] {processor.py:183} INFO - Processing /Users/vamseekrishna/Desktop/F1_Data_Warehouse/f1datawarehouse/lib/python3.9/site-packages/airflow/example_dags/example_params_ui_tutorial.py took 0.096 seconds
[2024-02-24T19:29:03.155-0600] {processor.py:161} INFO - Started process (PID=309) to work on /Users/vamseekrishna/Desktop/F1_Data_Warehouse/f1datawarehouse/lib/python3.9/site-packages/airflow/example_dags/example_params_ui_tutorial.py
[2024-02-24T19:29:03.157-0600] {processor.py:830} INFO - Processing file /Users/vamseekrishna/Desktop/F1_Data_Warehouse/f1datawarehouse/lib/python3.9/site-packages/airflow/example_dags/example_params_ui_tutorial.py for tasks to queue
[2024-02-24T19:29:03.158-0600] {logging_mixin.py:188} INFO - [2024-02-24T19:29:03.157-0600] {dagbag.py:538} INFO - Filling up the DagBag from /Users/vamseekrishna/Desktop/F1_Data_Warehouse/f1datawarehouse/lib/python3.9/site-packages/airflow/example_dags/example_params_ui_tutorial.py
[2024-02-24T19:29:03.175-0600] {processor.py:840} INFO - DAG(s) 'example_params_ui_tutorial' retrieved from /Users/vamseekrishna/Desktop/F1_Data_Warehouse/f1datawarehouse/lib/python3.9/site-packages/airflow/example_dags/example_params_ui_tutorial.py
[2024-02-24T19:29:03.234-0600] {logging_mixin.py:188} INFO - [2024-02-24T19:29:03.234-0600] {dag.py:3036} INFO - Sync 1 DAGs
[2024-02-24T19:29:03.238-0600] {logging_mixin.py:188} INFO - [2024-02-24T19:29:03.238-0600] {dag.py:3823} INFO - Setting next_dagrun for example_params_ui_tutorial to None, run_after=None
[2024-02-24T19:29:03.246-0600] {processor.py:183} INFO - Processing /Users/vamseekrishna/Desktop/F1_Data_Warehouse/f1datawarehouse/lib/python3.9/site-packages/airflow/example_dags/example_params_ui_tutorial.py took 0.091 seconds
[2024-02-24T19:31:09.125-0600] {processor.py:161} INFO - Started process (PID=430) to work on /Users/vamseekrishna/Desktop/F1_Data_Warehouse/f1datawarehouse/lib/python3.9/site-packages/airflow/example_dags/example_params_ui_tutorial.py
[2024-02-24T19:31:09.127-0600] {processor.py:830} INFO - Processing file /Users/vamseekrishna/Desktop/F1_Data_Warehouse/f1datawarehouse/lib/python3.9/site-packages/airflow/example_dags/example_params_ui_tutorial.py for tasks to queue
[2024-02-24T19:31:09.127-0600] {logging_mixin.py:188} INFO - [2024-02-24T19:31:09.127-0600] {dagbag.py:538} INFO - Filling up the DagBag from /Users/vamseekrishna/Desktop/F1_Data_Warehouse/f1datawarehouse/lib/python3.9/site-packages/airflow/example_dags/example_params_ui_tutorial.py
[2024-02-24T19:31:09.145-0600] {processor.py:840} INFO - DAG(s) 'example_params_ui_tutorial' retrieved from /Users/vamseekrishna/Desktop/F1_Data_Warehouse/f1datawarehouse/lib/python3.9/site-packages/airflow/example_dags/example_params_ui_tutorial.py
[2024-02-24T19:31:09.204-0600] {logging_mixin.py:188} INFO - [2024-02-24T19:31:09.204-0600] {dag.py:3036} INFO - Sync 1 DAGs
[2024-02-24T19:31:09.208-0600] {logging_mixin.py:188} INFO - [2024-02-24T19:31:09.208-0600] {dag.py:3823} INFO - Setting next_dagrun for example_params_ui_tutorial to None, run_after=None
[2024-02-24T19:31:09.217-0600] {processor.py:183} INFO - Processing /Users/vamseekrishna/Desktop/F1_Data_Warehouse/f1datawarehouse/lib/python3.9/site-packages/airflow/example_dags/example_params_ui_tutorial.py took 0.093 seconds
[2024-02-24T19:33:12.655-0600] {processor.py:161} INFO - Started process (PID=567) to work on /Users/vamseekrishna/Desktop/F1_Data_Warehouse/f1datawarehouse/lib/python3.9/site-packages/airflow/example_dags/example_params_ui_tutorial.py
[2024-02-24T19:33:12.657-0600] {processor.py:830} INFO - Processing file /Users/vamseekrishna/Desktop/F1_Data_Warehouse/f1datawarehouse/lib/python3.9/site-packages/airflow/example_dags/example_params_ui_tutorial.py for tasks to queue
[2024-02-24T19:33:12.657-0600] {logging_mixin.py:188} INFO - [2024-02-24T19:33:12.657-0600] {dagbag.py:538} INFO - Filling up the DagBag from /Users/vamseekrishna/Desktop/F1_Data_Warehouse/f1datawarehouse/lib/python3.9/site-packages/airflow/example_dags/example_params_ui_tutorial.py
[2024-02-24T19:33:12.675-0600] {processor.py:840} INFO - DAG(s) 'example_params_ui_tutorial' retrieved from /Users/vamseekrishna/Desktop/F1_Data_Warehouse/f1datawarehouse/lib/python3.9/site-packages/airflow/example_dags/example_params_ui_tutorial.py
[2024-02-24T19:33:12.735-0600] {logging_mixin.py:188} INFO - [2024-02-24T19:33:12.735-0600] {dag.py:3036} INFO - Sync 1 DAGs
[2024-02-24T19:33:12.739-0600] {logging_mixin.py:188} INFO - [2024-02-24T19:33:12.739-0600] {dag.py:3823} INFO - Setting next_dagrun for example_params_ui_tutorial to None, run_after=None
[2024-02-24T19:33:12.746-0600] {processor.py:183} INFO - Processing /Users/vamseekrishna/Desktop/F1_Data_Warehouse/f1datawarehouse/lib/python3.9/site-packages/airflow/example_dags/example_params_ui_tutorial.py took 0.092 seconds
[2024-02-24T19:35:19.338-0600] {processor.py:161} INFO - Started process (PID=710) to work on /Users/vamseekrishna/Desktop/F1_Data_Warehouse/f1datawarehouse/lib/python3.9/site-packages/airflow/example_dags/example_params_ui_tutorial.py
[2024-02-24T19:35:19.339-0600] {processor.py:830} INFO - Processing file /Users/vamseekrishna/Desktop/F1_Data_Warehouse/f1datawarehouse/lib/python3.9/site-packages/airflow/example_dags/example_params_ui_tutorial.py for tasks to queue
[2024-02-24T19:35:19.339-0600] {logging_mixin.py:188} INFO - [2024-02-24T19:35:19.339-0600] {dagbag.py:538} INFO - Filling up the DagBag from /Users/vamseekrishna/Desktop/F1_Data_Warehouse/f1datawarehouse/lib/python3.9/site-packages/airflow/example_dags/example_params_ui_tutorial.py
[2024-02-24T19:35:19.362-0600] {processor.py:840} INFO - DAG(s) 'example_params_ui_tutorial' retrieved from /Users/vamseekrishna/Desktop/F1_Data_Warehouse/f1datawarehouse/lib/python3.9/site-packages/airflow/example_dags/example_params_ui_tutorial.py
[2024-02-24T19:35:19.445-0600] {logging_mixin.py:188} INFO - [2024-02-24T19:35:19.445-0600] {dag.py:3036} INFO - Sync 1 DAGs
[2024-02-24T19:35:19.451-0600] {logging_mixin.py:188} INFO - [2024-02-24T19:35:19.451-0600] {dag.py:3823} INFO - Setting next_dagrun for example_params_ui_tutorial to None, run_after=None
[2024-02-24T19:35:19.461-0600] {processor.py:183} INFO - Processing /Users/vamseekrishna/Desktop/F1_Data_Warehouse/f1datawarehouse/lib/python3.9/site-packages/airflow/example_dags/example_params_ui_tutorial.py took 0.124 seconds
[2024-02-24T19:37:29.639-0600] {processor.py:161} INFO - Started process (PID=859) to work on /Users/vamseekrishna/Desktop/F1_Data_Warehouse/f1datawarehouse/lib/python3.9/site-packages/airflow/example_dags/example_params_ui_tutorial.py
[2024-02-24T19:37:29.641-0600] {processor.py:830} INFO - Processing file /Users/vamseekrishna/Desktop/F1_Data_Warehouse/f1datawarehouse/lib/python3.9/site-packages/airflow/example_dags/example_params_ui_tutorial.py for tasks to queue
[2024-02-24T19:37:29.641-0600] {logging_mixin.py:188} INFO - [2024-02-24T19:37:29.641-0600] {dagbag.py:538} INFO - Filling up the DagBag from /Users/vamseekrishna/Desktop/F1_Data_Warehouse/f1datawarehouse/lib/python3.9/site-packages/airflow/example_dags/example_params_ui_tutorial.py
[2024-02-24T19:37:29.662-0600] {processor.py:840} INFO - DAG(s) 'example_params_ui_tutorial' retrieved from /Users/vamseekrishna/Desktop/F1_Data_Warehouse/f1datawarehouse/lib/python3.9/site-packages/airflow/example_dags/example_params_ui_tutorial.py
[2024-02-24T19:37:29.751-0600] {logging_mixin.py:188} INFO - [2024-02-24T19:37:29.751-0600] {dag.py:3036} INFO - Sync 1 DAGs
[2024-02-24T19:37:29.757-0600] {logging_mixin.py:188} INFO - [2024-02-24T19:37:29.757-0600] {dag.py:3823} INFO - Setting next_dagrun for example_params_ui_tutorial to None, run_after=None
[2024-02-24T19:37:29.774-0600] {processor.py:183} INFO - Processing /Users/vamseekrishna/Desktop/F1_Data_Warehouse/f1datawarehouse/lib/python3.9/site-packages/airflow/example_dags/example_params_ui_tutorial.py took 0.136 seconds
[2024-02-24T19:39:35.329-0600] {processor.py:161} INFO - Started process (PID=971) to work on /Users/vamseekrishna/Desktop/F1_Data_Warehouse/f1datawarehouse/lib/python3.9/site-packages/airflow/example_dags/example_params_ui_tutorial.py
[2024-02-24T19:39:35.330-0600] {processor.py:830} INFO - Processing file /Users/vamseekrishna/Desktop/F1_Data_Warehouse/f1datawarehouse/lib/python3.9/site-packages/airflow/example_dags/example_params_ui_tutorial.py for tasks to queue
[2024-02-24T19:39:35.331-0600] {logging_mixin.py:188} INFO - [2024-02-24T19:39:35.330-0600] {dagbag.py:538} INFO - Filling up the DagBag from /Users/vamseekrishna/Desktop/F1_Data_Warehouse/f1datawarehouse/lib/python3.9/site-packages/airflow/example_dags/example_params_ui_tutorial.py
[2024-02-24T19:39:35.352-0600] {processor.py:840} INFO - DAG(s) 'example_params_ui_tutorial' retrieved from /Users/vamseekrishna/Desktop/F1_Data_Warehouse/f1datawarehouse/lib/python3.9/site-packages/airflow/example_dags/example_params_ui_tutorial.py
[2024-02-24T19:39:35.419-0600] {logging_mixin.py:188} INFO - [2024-02-24T19:39:35.419-0600] {dag.py:3036} INFO - Sync 1 DAGs
[2024-02-24T19:39:35.424-0600] {logging_mixin.py:188} INFO - [2024-02-24T19:39:35.423-0600] {dag.py:3823} INFO - Setting next_dagrun for example_params_ui_tutorial to None, run_after=None
[2024-02-24T19:39:35.434-0600] {processor.py:183} INFO - Processing /Users/vamseekrishna/Desktop/F1_Data_Warehouse/f1datawarehouse/lib/python3.9/site-packages/airflow/example_dags/example_params_ui_tutorial.py took 0.107 seconds
[2024-02-24T19:41:42.538-0600] {processor.py:161} INFO - Started process (PID=1161) to work on /Users/vamseekrishna/Desktop/F1_Data_Warehouse/f1datawarehouse/lib/python3.9/site-packages/airflow/example_dags/example_params_ui_tutorial.py
[2024-02-24T19:41:42.540-0600] {processor.py:830} INFO - Processing file /Users/vamseekrishna/Desktop/F1_Data_Warehouse/f1datawarehouse/lib/python3.9/site-packages/airflow/example_dags/example_params_ui_tutorial.py for tasks to queue
[2024-02-24T19:41:42.541-0600] {logging_mixin.py:188} INFO - [2024-02-24T19:41:42.541-0600] {dagbag.py:538} INFO - Filling up the DagBag from /Users/vamseekrishna/Desktop/F1_Data_Warehouse/f1datawarehouse/lib/python3.9/site-packages/airflow/example_dags/example_params_ui_tutorial.py
[2024-02-24T19:41:42.559-0600] {processor.py:840} INFO - DAG(s) 'example_params_ui_tutorial' retrieved from /Users/vamseekrishna/Desktop/F1_Data_Warehouse/f1datawarehouse/lib/python3.9/site-packages/airflow/example_dags/example_params_ui_tutorial.py
[2024-02-24T19:41:42.676-0600] {logging_mixin.py:188} INFO - [2024-02-24T19:41:42.675-0600] {dag.py:3036} INFO - Sync 1 DAGs
[2024-02-24T19:41:42.680-0600] {logging_mixin.py:188} INFO - [2024-02-24T19:41:42.680-0600] {dag.py:3823} INFO - Setting next_dagrun for example_params_ui_tutorial to None, run_after=None
[2024-02-24T19:41:42.689-0600] {processor.py:183} INFO - Processing /Users/vamseekrishna/Desktop/F1_Data_Warehouse/f1datawarehouse/lib/python3.9/site-packages/airflow/example_dags/example_params_ui_tutorial.py took 0.151 seconds
[2024-02-24T19:43:57.058-0600] {processor.py:161} INFO - Started process (PID=1394) to work on /Users/vamseekrishna/Desktop/F1_Data_Warehouse/f1datawarehouse/lib/python3.9/site-packages/airflow/example_dags/example_params_ui_tutorial.py
[2024-02-24T19:43:57.060-0600] {processor.py:830} INFO - Processing file /Users/vamseekrishna/Desktop/F1_Data_Warehouse/f1datawarehouse/lib/python3.9/site-packages/airflow/example_dags/example_params_ui_tutorial.py for tasks to queue
[2024-02-24T19:43:57.061-0600] {logging_mixin.py:188} INFO - [2024-02-24T19:43:57.061-0600] {dagbag.py:538} INFO - Filling up the DagBag from /Users/vamseekrishna/Desktop/F1_Data_Warehouse/f1datawarehouse/lib/python3.9/site-packages/airflow/example_dags/example_params_ui_tutorial.py
[2024-02-24T19:43:57.084-0600] {processor.py:840} INFO - DAG(s) 'example_params_ui_tutorial' retrieved from /Users/vamseekrishna/Desktop/F1_Data_Warehouse/f1datawarehouse/lib/python3.9/site-packages/airflow/example_dags/example_params_ui_tutorial.py
[2024-02-24T19:43:57.164-0600] {logging_mixin.py:188} INFO - [2024-02-24T19:43:57.164-0600] {dag.py:3036} INFO - Sync 1 DAGs
[2024-02-24T19:43:57.168-0600] {logging_mixin.py:188} INFO - [2024-02-24T19:43:57.168-0600] {dag.py:3823} INFO - Setting next_dagrun for example_params_ui_tutorial to None, run_after=None
[2024-02-24T19:43:57.180-0600] {processor.py:183} INFO - Processing /Users/vamseekrishna/Desktop/F1_Data_Warehouse/f1datawarehouse/lib/python3.9/site-packages/airflow/example_dags/example_params_ui_tutorial.py took 0.123 seconds
[2024-02-24T19:46:31.537-0600] {processor.py:161} INFO - Started process (PID=1651) to work on /Users/vamseekrishna/Desktop/F1_Data_Warehouse/f1datawarehouse/lib/python3.9/site-packages/airflow/example_dags/example_params_ui_tutorial.py
[2024-02-24T19:46:31.540-0600] {processor.py:830} INFO - Processing file /Users/vamseekrishna/Desktop/F1_Data_Warehouse/f1datawarehouse/lib/python3.9/site-packages/airflow/example_dags/example_params_ui_tutorial.py for tasks to queue
[2024-02-24T19:46:31.540-0600] {logging_mixin.py:188} INFO - [2024-02-24T19:46:31.540-0600] {dagbag.py:538} INFO - Filling up the DagBag from /Users/vamseekrishna/Desktop/F1_Data_Warehouse/f1datawarehouse/lib/python3.9/site-packages/airflow/example_dags/example_params_ui_tutorial.py
[2024-02-24T19:46:31.564-0600] {processor.py:840} INFO - DAG(s) 'example_params_ui_tutorial' retrieved from /Users/vamseekrishna/Desktop/F1_Data_Warehouse/f1datawarehouse/lib/python3.9/site-packages/airflow/example_dags/example_params_ui_tutorial.py
[2024-02-24T19:46:31.638-0600] {logging_mixin.py:188} INFO - [2024-02-24T19:46:31.638-0600] {dag.py:3036} INFO - Sync 1 DAGs
[2024-02-24T19:46:31.643-0600] {logging_mixin.py:188} INFO - [2024-02-24T19:46:31.643-0600] {dag.py:3823} INFO - Setting next_dagrun for example_params_ui_tutorial to None, run_after=None
[2024-02-24T19:46:31.653-0600] {processor.py:183} INFO - Processing /Users/vamseekrishna/Desktop/F1_Data_Warehouse/f1datawarehouse/lib/python3.9/site-packages/airflow/example_dags/example_params_ui_tutorial.py took 0.118 seconds
[2024-02-24T19:48:50.884-0600] {processor.py:161} INFO - Started process (PID=1864) to work on /Users/vamseekrishna/Desktop/F1_Data_Warehouse/f1datawarehouse/lib/python3.9/site-packages/airflow/example_dags/example_params_ui_tutorial.py
[2024-02-24T19:48:50.885-0600] {processor.py:830} INFO - Processing file /Users/vamseekrishna/Desktop/F1_Data_Warehouse/f1datawarehouse/lib/python3.9/site-packages/airflow/example_dags/example_params_ui_tutorial.py for tasks to queue
[2024-02-24T19:48:50.886-0600] {logging_mixin.py:188} INFO - [2024-02-24T19:48:50.886-0600] {dagbag.py:538} INFO - Filling up the DagBag from /Users/vamseekrishna/Desktop/F1_Data_Warehouse/f1datawarehouse/lib/python3.9/site-packages/airflow/example_dags/example_params_ui_tutorial.py
[2024-02-24T19:48:50.905-0600] {processor.py:840} INFO - DAG(s) 'example_params_ui_tutorial' retrieved from /Users/vamseekrishna/Desktop/F1_Data_Warehouse/f1datawarehouse/lib/python3.9/site-packages/airflow/example_dags/example_params_ui_tutorial.py
[2024-02-24T19:48:50.966-0600] {logging_mixin.py:188} INFO - [2024-02-24T19:48:50.966-0600] {dag.py:3036} INFO - Sync 1 DAGs
[2024-02-24T19:48:50.970-0600] {logging_mixin.py:188} INFO - [2024-02-24T19:48:50.970-0600] {dag.py:3823} INFO - Setting next_dagrun for example_params_ui_tutorial to None, run_after=None
[2024-02-24T19:48:50.977-0600] {processor.py:183} INFO - Processing /Users/vamseekrishna/Desktop/F1_Data_Warehouse/f1datawarehouse/lib/python3.9/site-packages/airflow/example_dags/example_params_ui_tutorial.py took 0.094 seconds
