[2024-02-24T18:03:20.662-0600] {processor.py:161} INFO - Started process (PID=95693) to work on /Users/vamseekrishna/Desktop/F1_Data_Warehouse/f1datawarehouse/lib/python3.9/site-packages/airflow/example_dags/example_dynamic_task_mapping.py
[2024-02-24T18:03:20.663-0600] {processor.py:830} INFO - Processing file /Users/vamseekrishna/Desktop/F1_Data_Warehouse/f1datawarehouse/lib/python3.9/site-packages/airflow/example_dags/example_dynamic_task_mapping.py for tasks to queue
[2024-02-24T18:03:20.663-0600] {logging_mixin.py:188} INFO - [2024-02-24T18:03:20.663-0600] {dagbag.py:538} INFO - Filling up the DagBag from /Users/vamseekrishna/Desktop/F1_Data_Warehouse/f1datawarehouse/lib/python3.9/site-packages/airflow/example_dags/example_dynamic_task_mapping.py
[2024-02-24T18:03:20.678-0600] {processor.py:840} INFO - DAG(s) 'example_dynamic_task_mapping' retrieved from /Users/vamseekrishna/Desktop/F1_Data_Warehouse/f1datawarehouse/lib/python3.9/site-packages/airflow/example_dags/example_dynamic_task_mapping.py
[2024-02-24T18:03:20.727-0600] {logging_mixin.py:188} INFO - [2024-02-24T18:03:20.726-0600] {dag.py:3036} INFO - Sync 1 DAGs
[2024-02-24T18:03:20.736-0600] {logging_mixin.py:188} INFO - [2024-02-24T18:03:20.736-0600] {dag.py:3823} INFO - Setting next_dagrun for example_dynamic_task_mapping to 2022-03-04 00:00:00+00:00, run_after=2022-03-05 00:00:00+00:00
[2024-02-24T18:03:20.747-0600] {processor.py:183} INFO - Processing /Users/vamseekrishna/Desktop/F1_Data_Warehouse/f1datawarehouse/lib/python3.9/site-packages/airflow/example_dags/example_dynamic_task_mapping.py took 0.086 seconds
[2024-02-24T18:05:39.449-0600] {processor.py:161} INFO - Started process (PID=95869) to work on /Users/vamseekrishna/Desktop/F1_Data_Warehouse/f1datawarehouse/lib/python3.9/site-packages/airflow/example_dags/example_dynamic_task_mapping.py
[2024-02-24T18:05:39.451-0600] {processor.py:830} INFO - Processing file /Users/vamseekrishna/Desktop/F1_Data_Warehouse/f1datawarehouse/lib/python3.9/site-packages/airflow/example_dags/example_dynamic_task_mapping.py for tasks to queue
[2024-02-24T18:05:39.451-0600] {logging_mixin.py:188} INFO - [2024-02-24T18:05:39.451-0600] {dagbag.py:538} INFO - Filling up the DagBag from /Users/vamseekrishna/Desktop/F1_Data_Warehouse/f1datawarehouse/lib/python3.9/site-packages/airflow/example_dags/example_dynamic_task_mapping.py
[2024-02-24T18:05:39.471-0600] {processor.py:840} INFO - DAG(s) 'example_dynamic_task_mapping' retrieved from /Users/vamseekrishna/Desktop/F1_Data_Warehouse/f1datawarehouse/lib/python3.9/site-packages/airflow/example_dags/example_dynamic_task_mapping.py
[2024-02-24T18:05:39.519-0600] {logging_mixin.py:188} INFO - [2024-02-24T18:05:39.518-0600] {dag.py:3036} INFO - Sync 1 DAGs
[2024-02-24T18:05:39.527-0600] {logging_mixin.py:188} INFO - [2024-02-24T18:05:39.527-0600] {dag.py:3823} INFO - Setting next_dagrun for example_dynamic_task_mapping to 2022-03-04 00:00:00+00:00, run_after=2022-03-05 00:00:00+00:00
[2024-02-24T18:05:39.535-0600] {processor.py:183} INFO - Processing /Users/vamseekrishna/Desktop/F1_Data_Warehouse/f1datawarehouse/lib/python3.9/site-packages/airflow/example_dags/example_dynamic_task_mapping.py took 0.086 seconds
[2024-02-24T18:07:44.813-0600] {processor.py:161} INFO - Started process (PID=95983) to work on /Users/vamseekrishna/Desktop/F1_Data_Warehouse/f1datawarehouse/lib/python3.9/site-packages/airflow/example_dags/example_dynamic_task_mapping.py
[2024-02-24T18:07:44.815-0600] {processor.py:830} INFO - Processing file /Users/vamseekrishna/Desktop/F1_Data_Warehouse/f1datawarehouse/lib/python3.9/site-packages/airflow/example_dags/example_dynamic_task_mapping.py for tasks to queue
[2024-02-24T18:07:44.815-0600] {logging_mixin.py:188} INFO - [2024-02-24T18:07:44.815-0600] {dagbag.py:538} INFO - Filling up the DagBag from /Users/vamseekrishna/Desktop/F1_Data_Warehouse/f1datawarehouse/lib/python3.9/site-packages/airflow/example_dags/example_dynamic_task_mapping.py
[2024-02-24T18:07:44.831-0600] {processor.py:840} INFO - DAG(s) 'example_dynamic_task_mapping' retrieved from /Users/vamseekrishna/Desktop/F1_Data_Warehouse/f1datawarehouse/lib/python3.9/site-packages/airflow/example_dags/example_dynamic_task_mapping.py
[2024-02-24T18:07:44.878-0600] {logging_mixin.py:188} INFO - [2024-02-24T18:07:44.878-0600] {dag.py:3036} INFO - Sync 1 DAGs
[2024-02-24T18:07:44.887-0600] {logging_mixin.py:188} INFO - [2024-02-24T18:07:44.887-0600] {dag.py:3823} INFO - Setting next_dagrun for example_dynamic_task_mapping to 2022-03-04 00:00:00+00:00, run_after=2022-03-05 00:00:00+00:00
[2024-02-24T18:07:44.895-0600] {processor.py:183} INFO - Processing /Users/vamseekrishna/Desktop/F1_Data_Warehouse/f1datawarehouse/lib/python3.9/site-packages/airflow/example_dags/example_dynamic_task_mapping.py took 0.082 seconds
[2024-02-24T18:09:39.309-0600] {processor.py:161} INFO - Started process (PID=96084) to work on /Users/vamseekrishna/Desktop/F1_Data_Warehouse/f1datawarehouse/lib/python3.9/site-packages/airflow/example_dags/example_dynamic_task_mapping.py
[2024-02-24T18:09:39.310-0600] {processor.py:830} INFO - Processing file /Users/vamseekrishna/Desktop/F1_Data_Warehouse/f1datawarehouse/lib/python3.9/site-packages/airflow/example_dags/example_dynamic_task_mapping.py for tasks to queue
[2024-02-24T18:09:39.310-0600] {logging_mixin.py:188} INFO - [2024-02-24T18:09:39.310-0600] {dagbag.py:538} INFO - Filling up the DagBag from /Users/vamseekrishna/Desktop/F1_Data_Warehouse/f1datawarehouse/lib/python3.9/site-packages/airflow/example_dags/example_dynamic_task_mapping.py
[2024-02-24T18:09:39.326-0600] {processor.py:840} INFO - DAG(s) 'example_dynamic_task_mapping' retrieved from /Users/vamseekrishna/Desktop/F1_Data_Warehouse/f1datawarehouse/lib/python3.9/site-packages/airflow/example_dags/example_dynamic_task_mapping.py
[2024-02-24T18:09:39.372-0600] {logging_mixin.py:188} INFO - [2024-02-24T18:09:39.372-0600] {dag.py:3036} INFO - Sync 1 DAGs
[2024-02-24T18:09:39.380-0600] {logging_mixin.py:188} INFO - [2024-02-24T18:09:39.380-0600] {dag.py:3823} INFO - Setting next_dagrun for example_dynamic_task_mapping to 2022-03-04 00:00:00+00:00, run_after=2022-03-05 00:00:00+00:00
[2024-02-24T18:09:39.388-0600] {processor.py:183} INFO - Processing /Users/vamseekrishna/Desktop/F1_Data_Warehouse/f1datawarehouse/lib/python3.9/site-packages/airflow/example_dags/example_dynamic_task_mapping.py took 0.080 seconds
[2024-02-24T18:11:37.863-0600] {processor.py:161} INFO - Started process (PID=96180) to work on /Users/vamseekrishna/Desktop/F1_Data_Warehouse/f1datawarehouse/lib/python3.9/site-packages/airflow/example_dags/example_dynamic_task_mapping.py
[2024-02-24T18:11:37.865-0600] {processor.py:830} INFO - Processing file /Users/vamseekrishna/Desktop/F1_Data_Warehouse/f1datawarehouse/lib/python3.9/site-packages/airflow/example_dags/example_dynamic_task_mapping.py for tasks to queue
[2024-02-24T18:11:37.865-0600] {logging_mixin.py:188} INFO - [2024-02-24T18:11:37.865-0600] {dagbag.py:538} INFO - Filling up the DagBag from /Users/vamseekrishna/Desktop/F1_Data_Warehouse/f1datawarehouse/lib/python3.9/site-packages/airflow/example_dags/example_dynamic_task_mapping.py
[2024-02-24T18:11:37.880-0600] {processor.py:840} INFO - DAG(s) 'example_dynamic_task_mapping' retrieved from /Users/vamseekrishna/Desktop/F1_Data_Warehouse/f1datawarehouse/lib/python3.9/site-packages/airflow/example_dags/example_dynamic_task_mapping.py
[2024-02-24T18:11:37.928-0600] {logging_mixin.py:188} INFO - [2024-02-24T18:11:37.927-0600] {dag.py:3036} INFO - Sync 1 DAGs
[2024-02-24T18:11:37.936-0600] {logging_mixin.py:188} INFO - [2024-02-24T18:11:37.936-0600] {dag.py:3823} INFO - Setting next_dagrun for example_dynamic_task_mapping to 2022-03-04 00:00:00+00:00, run_after=2022-03-05 00:00:00+00:00
[2024-02-24T18:11:37.944-0600] {processor.py:183} INFO - Processing /Users/vamseekrishna/Desktop/F1_Data_Warehouse/f1datawarehouse/lib/python3.9/site-packages/airflow/example_dags/example_dynamic_task_mapping.py took 0.082 seconds
[2024-02-24T18:13:38.790-0600] {processor.py:161} INFO - Started process (PID=96273) to work on /Users/vamseekrishna/Desktop/F1_Data_Warehouse/f1datawarehouse/lib/python3.9/site-packages/airflow/example_dags/example_dynamic_task_mapping.py
[2024-02-24T18:13:38.792-0600] {processor.py:830} INFO - Processing file /Users/vamseekrishna/Desktop/F1_Data_Warehouse/f1datawarehouse/lib/python3.9/site-packages/airflow/example_dags/example_dynamic_task_mapping.py for tasks to queue
[2024-02-24T18:13:38.792-0600] {logging_mixin.py:188} INFO - [2024-02-24T18:13:38.792-0600] {dagbag.py:538} INFO - Filling up the DagBag from /Users/vamseekrishna/Desktop/F1_Data_Warehouse/f1datawarehouse/lib/python3.9/site-packages/airflow/example_dags/example_dynamic_task_mapping.py
[2024-02-24T18:13:38.808-0600] {processor.py:840} INFO - DAG(s) 'example_dynamic_task_mapping' retrieved from /Users/vamseekrishna/Desktop/F1_Data_Warehouse/f1datawarehouse/lib/python3.9/site-packages/airflow/example_dags/example_dynamic_task_mapping.py
[2024-02-24T18:13:38.853-0600] {logging_mixin.py:188} INFO - [2024-02-24T18:13:38.853-0600] {dag.py:3036} INFO - Sync 1 DAGs
[2024-02-24T18:13:38.861-0600] {logging_mixin.py:188} INFO - [2024-02-24T18:13:38.861-0600] {dag.py:3823} INFO - Setting next_dagrun for example_dynamic_task_mapping to 2022-03-04 00:00:00+00:00, run_after=2022-03-05 00:00:00+00:00
[2024-02-24T18:13:38.869-0600] {processor.py:183} INFO - Processing /Users/vamseekrishna/Desktop/F1_Data_Warehouse/f1datawarehouse/lib/python3.9/site-packages/airflow/example_dags/example_dynamic_task_mapping.py took 0.080 seconds
[2024-02-24T18:15:32.263-0600] {processor.py:161} INFO - Started process (PID=96379) to work on /Users/vamseekrishna/Desktop/F1_Data_Warehouse/f1datawarehouse/lib/python3.9/site-packages/airflow/example_dags/example_dynamic_task_mapping.py
[2024-02-24T18:15:32.265-0600] {processor.py:830} INFO - Processing file /Users/vamseekrishna/Desktop/F1_Data_Warehouse/f1datawarehouse/lib/python3.9/site-packages/airflow/example_dags/example_dynamic_task_mapping.py for tasks to queue
[2024-02-24T18:15:32.266-0600] {logging_mixin.py:188} INFO - [2024-02-24T18:15:32.266-0600] {dagbag.py:538} INFO - Filling up the DagBag from /Users/vamseekrishna/Desktop/F1_Data_Warehouse/f1datawarehouse/lib/python3.9/site-packages/airflow/example_dags/example_dynamic_task_mapping.py
[2024-02-24T18:15:32.281-0600] {processor.py:840} INFO - DAG(s) 'example_dynamic_task_mapping' retrieved from /Users/vamseekrishna/Desktop/F1_Data_Warehouse/f1datawarehouse/lib/python3.9/site-packages/airflow/example_dags/example_dynamic_task_mapping.py
[2024-02-24T18:15:32.327-0600] {logging_mixin.py:188} INFO - [2024-02-24T18:15:32.326-0600] {dag.py:3036} INFO - Sync 1 DAGs
[2024-02-24T18:15:32.335-0600] {logging_mixin.py:188} INFO - [2024-02-24T18:15:32.335-0600] {dag.py:3823} INFO - Setting next_dagrun for example_dynamic_task_mapping to 2022-03-04 00:00:00+00:00, run_after=2022-03-05 00:00:00+00:00
[2024-02-24T18:15:32.343-0600] {processor.py:183} INFO - Processing /Users/vamseekrishna/Desktop/F1_Data_Warehouse/f1datawarehouse/lib/python3.9/site-packages/airflow/example_dags/example_dynamic_task_mapping.py took 0.080 seconds
[2024-02-24T18:17:35.964-0600] {processor.py:161} INFO - Started process (PID=96485) to work on /Users/vamseekrishna/Desktop/F1_Data_Warehouse/f1datawarehouse/lib/python3.9/site-packages/airflow/example_dags/example_dynamic_task_mapping.py
[2024-02-24T18:17:35.966-0600] {processor.py:830} INFO - Processing file /Users/vamseekrishna/Desktop/F1_Data_Warehouse/f1datawarehouse/lib/python3.9/site-packages/airflow/example_dags/example_dynamic_task_mapping.py for tasks to queue
[2024-02-24T18:17:35.966-0600] {logging_mixin.py:188} INFO - [2024-02-24T18:17:35.966-0600] {dagbag.py:538} INFO - Filling up the DagBag from /Users/vamseekrishna/Desktop/F1_Data_Warehouse/f1datawarehouse/lib/python3.9/site-packages/airflow/example_dags/example_dynamic_task_mapping.py
[2024-02-24T18:17:35.982-0600] {processor.py:840} INFO - DAG(s) 'example_dynamic_task_mapping' retrieved from /Users/vamseekrishna/Desktop/F1_Data_Warehouse/f1datawarehouse/lib/python3.9/site-packages/airflow/example_dags/example_dynamic_task_mapping.py
[2024-02-24T18:17:36.029-0600] {logging_mixin.py:188} INFO - [2024-02-24T18:17:36.029-0600] {dag.py:3036} INFO - Sync 1 DAGs
[2024-02-24T18:17:36.039-0600] {logging_mixin.py:188} INFO - [2024-02-24T18:17:36.039-0600] {dag.py:3823} INFO - Setting next_dagrun for example_dynamic_task_mapping to 2022-03-04 00:00:00+00:00, run_after=2022-03-05 00:00:00+00:00
[2024-02-24T18:17:36.049-0600] {processor.py:183} INFO - Processing /Users/vamseekrishna/Desktop/F1_Data_Warehouse/f1datawarehouse/lib/python3.9/site-packages/airflow/example_dags/example_dynamic_task_mapping.py took 0.085 seconds
[2024-02-24T18:19:35.837-0600] {processor.py:161} INFO - Started process (PID=96579) to work on /Users/vamseekrishna/Desktop/F1_Data_Warehouse/f1datawarehouse/lib/python3.9/site-packages/airflow/example_dags/example_dynamic_task_mapping.py
[2024-02-24T18:19:35.839-0600] {processor.py:830} INFO - Processing file /Users/vamseekrishna/Desktop/F1_Data_Warehouse/f1datawarehouse/lib/python3.9/site-packages/airflow/example_dags/example_dynamic_task_mapping.py for tasks to queue
[2024-02-24T18:19:35.840-0600] {logging_mixin.py:188} INFO - [2024-02-24T18:19:35.839-0600] {dagbag.py:538} INFO - Filling up the DagBag from /Users/vamseekrishna/Desktop/F1_Data_Warehouse/f1datawarehouse/lib/python3.9/site-packages/airflow/example_dags/example_dynamic_task_mapping.py
[2024-02-24T18:19:35.854-0600] {processor.py:840} INFO - DAG(s) 'example_dynamic_task_mapping' retrieved from /Users/vamseekrishna/Desktop/F1_Data_Warehouse/f1datawarehouse/lib/python3.9/site-packages/airflow/example_dags/example_dynamic_task_mapping.py
[2024-02-24T18:19:35.899-0600] {logging_mixin.py:188} INFO - [2024-02-24T18:19:35.899-0600] {dag.py:3036} INFO - Sync 1 DAGs
[2024-02-24T18:19:35.907-0600] {logging_mixin.py:188} INFO - [2024-02-24T18:19:35.907-0600] {dag.py:3823} INFO - Setting next_dagrun for example_dynamic_task_mapping to 2022-03-04 00:00:00+00:00, run_after=2022-03-05 00:00:00+00:00
[2024-02-24T18:19:35.916-0600] {processor.py:183} INFO - Processing /Users/vamseekrishna/Desktop/F1_Data_Warehouse/f1datawarehouse/lib/python3.9/site-packages/airflow/example_dags/example_dynamic_task_mapping.py took 0.079 seconds
[2024-02-24T18:21:37.671-0600] {processor.py:161} INFO - Started process (PID=96680) to work on /Users/vamseekrishna/Desktop/F1_Data_Warehouse/f1datawarehouse/lib/python3.9/site-packages/airflow/example_dags/example_dynamic_task_mapping.py
[2024-02-24T18:21:37.673-0600] {processor.py:830} INFO - Processing file /Users/vamseekrishna/Desktop/F1_Data_Warehouse/f1datawarehouse/lib/python3.9/site-packages/airflow/example_dags/example_dynamic_task_mapping.py for tasks to queue
[2024-02-24T18:21:37.674-0600] {logging_mixin.py:188} INFO - [2024-02-24T18:21:37.674-0600] {dagbag.py:538} INFO - Filling up the DagBag from /Users/vamseekrishna/Desktop/F1_Data_Warehouse/f1datawarehouse/lib/python3.9/site-packages/airflow/example_dags/example_dynamic_task_mapping.py
[2024-02-24T18:21:37.689-0600] {processor.py:840} INFO - DAG(s) 'example_dynamic_task_mapping' retrieved from /Users/vamseekrishna/Desktop/F1_Data_Warehouse/f1datawarehouse/lib/python3.9/site-packages/airflow/example_dags/example_dynamic_task_mapping.py
[2024-02-24T18:21:37.736-0600] {logging_mixin.py:188} INFO - [2024-02-24T18:21:37.735-0600] {dag.py:3036} INFO - Sync 1 DAGs
[2024-02-24T18:21:37.744-0600] {logging_mixin.py:188} INFO - [2024-02-24T18:21:37.744-0600] {dag.py:3823} INFO - Setting next_dagrun for example_dynamic_task_mapping to 2022-03-04 00:00:00+00:00, run_after=2022-03-05 00:00:00+00:00
[2024-02-24T18:21:37.752-0600] {processor.py:183} INFO - Processing /Users/vamseekrishna/Desktop/F1_Data_Warehouse/f1datawarehouse/lib/python3.9/site-packages/airflow/example_dags/example_dynamic_task_mapping.py took 0.081 seconds
[2024-02-24T18:23:42.543-0600] {processor.py:161} INFO - Started process (PID=96795) to work on /Users/vamseekrishna/Desktop/F1_Data_Warehouse/f1datawarehouse/lib/python3.9/site-packages/airflow/example_dags/example_dynamic_task_mapping.py
[2024-02-24T18:23:42.545-0600] {processor.py:830} INFO - Processing file /Users/vamseekrishna/Desktop/F1_Data_Warehouse/f1datawarehouse/lib/python3.9/site-packages/airflow/example_dags/example_dynamic_task_mapping.py for tasks to queue
[2024-02-24T18:23:42.545-0600] {logging_mixin.py:188} INFO - [2024-02-24T18:23:42.545-0600] {dagbag.py:538} INFO - Filling up the DagBag from /Users/vamseekrishna/Desktop/F1_Data_Warehouse/f1datawarehouse/lib/python3.9/site-packages/airflow/example_dags/example_dynamic_task_mapping.py
[2024-02-24T18:23:42.561-0600] {processor.py:840} INFO - DAG(s) 'example_dynamic_task_mapping' retrieved from /Users/vamseekrishna/Desktop/F1_Data_Warehouse/f1datawarehouse/lib/python3.9/site-packages/airflow/example_dags/example_dynamic_task_mapping.py
[2024-02-24T18:23:42.609-0600] {logging_mixin.py:188} INFO - [2024-02-24T18:23:42.609-0600] {dag.py:3036} INFO - Sync 1 DAGs
[2024-02-24T18:23:42.618-0600] {logging_mixin.py:188} INFO - [2024-02-24T18:23:42.618-0600] {dag.py:3823} INFO - Setting next_dagrun for example_dynamic_task_mapping to 2022-03-04 00:00:00+00:00, run_after=2022-03-05 00:00:00+00:00
[2024-02-24T18:23:42.626-0600] {processor.py:183} INFO - Processing /Users/vamseekrishna/Desktop/F1_Data_Warehouse/f1datawarehouse/lib/python3.9/site-packages/airflow/example_dags/example_dynamic_task_mapping.py took 0.083 seconds
[2024-02-24T18:25:39.949-0600] {processor.py:161} INFO - Started process (PID=96881) to work on /Users/vamseekrishna/Desktop/F1_Data_Warehouse/f1datawarehouse/lib/python3.9/site-packages/airflow/example_dags/example_dynamic_task_mapping.py
[2024-02-24T18:25:39.950-0600] {processor.py:830} INFO - Processing file /Users/vamseekrishna/Desktop/F1_Data_Warehouse/f1datawarehouse/lib/python3.9/site-packages/airflow/example_dags/example_dynamic_task_mapping.py for tasks to queue
[2024-02-24T18:25:39.950-0600] {logging_mixin.py:188} INFO - [2024-02-24T18:25:39.950-0600] {dagbag.py:538} INFO - Filling up the DagBag from /Users/vamseekrishna/Desktop/F1_Data_Warehouse/f1datawarehouse/lib/python3.9/site-packages/airflow/example_dags/example_dynamic_task_mapping.py
[2024-02-24T18:25:39.965-0600] {processor.py:840} INFO - DAG(s) 'example_dynamic_task_mapping' retrieved from /Users/vamseekrishna/Desktop/F1_Data_Warehouse/f1datawarehouse/lib/python3.9/site-packages/airflow/example_dags/example_dynamic_task_mapping.py
[2024-02-24T18:25:40.012-0600] {logging_mixin.py:188} INFO - [2024-02-24T18:25:40.012-0600] {dag.py:3036} INFO - Sync 1 DAGs
[2024-02-24T18:25:40.020-0600] {logging_mixin.py:188} INFO - [2024-02-24T18:25:40.020-0600] {dag.py:3823} INFO - Setting next_dagrun for example_dynamic_task_mapping to 2022-03-04 00:00:00+00:00, run_after=2022-03-05 00:00:00+00:00
[2024-02-24T18:25:40.028-0600] {processor.py:183} INFO - Processing /Users/vamseekrishna/Desktop/F1_Data_Warehouse/f1datawarehouse/lib/python3.9/site-packages/airflow/example_dags/example_dynamic_task_mapping.py took 0.080 seconds
[2024-02-24T18:27:41.843-0600] {processor.py:161} INFO - Started process (PID=96979) to work on /Users/vamseekrishna/Desktop/F1_Data_Warehouse/f1datawarehouse/lib/python3.9/site-packages/airflow/example_dags/example_dynamic_task_mapping.py
[2024-02-24T18:27:41.844-0600] {processor.py:830} INFO - Processing file /Users/vamseekrishna/Desktop/F1_Data_Warehouse/f1datawarehouse/lib/python3.9/site-packages/airflow/example_dags/example_dynamic_task_mapping.py for tasks to queue
[2024-02-24T18:27:41.845-0600] {logging_mixin.py:188} INFO - [2024-02-24T18:27:41.845-0600] {dagbag.py:538} INFO - Filling up the DagBag from /Users/vamseekrishna/Desktop/F1_Data_Warehouse/f1datawarehouse/lib/python3.9/site-packages/airflow/example_dags/example_dynamic_task_mapping.py
[2024-02-24T18:27:41.860-0600] {processor.py:840} INFO - DAG(s) 'example_dynamic_task_mapping' retrieved from /Users/vamseekrishna/Desktop/F1_Data_Warehouse/f1datawarehouse/lib/python3.9/site-packages/airflow/example_dags/example_dynamic_task_mapping.py
[2024-02-24T18:27:41.905-0600] {logging_mixin.py:188} INFO - [2024-02-24T18:27:41.905-0600] {dag.py:3036} INFO - Sync 1 DAGs
[2024-02-24T18:27:41.914-0600] {logging_mixin.py:188} INFO - [2024-02-24T18:27:41.913-0600] {dag.py:3823} INFO - Setting next_dagrun for example_dynamic_task_mapping to 2022-03-04 00:00:00+00:00, run_after=2022-03-05 00:00:00+00:00
[2024-02-24T18:27:41.921-0600] {processor.py:183} INFO - Processing /Users/vamseekrishna/Desktop/F1_Data_Warehouse/f1datawarehouse/lib/python3.9/site-packages/airflow/example_dags/example_dynamic_task_mapping.py took 0.080 seconds
[2024-02-24T18:29:47.622-0600] {processor.py:161} INFO - Started process (PID=97078) to work on /Users/vamseekrishna/Desktop/F1_Data_Warehouse/f1datawarehouse/lib/python3.9/site-packages/airflow/example_dags/example_dynamic_task_mapping.py
[2024-02-24T18:29:47.624-0600] {processor.py:830} INFO - Processing file /Users/vamseekrishna/Desktop/F1_Data_Warehouse/f1datawarehouse/lib/python3.9/site-packages/airflow/example_dags/example_dynamic_task_mapping.py for tasks to queue
[2024-02-24T18:29:47.624-0600] {logging_mixin.py:188} INFO - [2024-02-24T18:29:47.624-0600] {dagbag.py:538} INFO - Filling up the DagBag from /Users/vamseekrishna/Desktop/F1_Data_Warehouse/f1datawarehouse/lib/python3.9/site-packages/airflow/example_dags/example_dynamic_task_mapping.py
[2024-02-24T18:29:47.640-0600] {processor.py:840} INFO - DAG(s) 'example_dynamic_task_mapping' retrieved from /Users/vamseekrishna/Desktop/F1_Data_Warehouse/f1datawarehouse/lib/python3.9/site-packages/airflow/example_dags/example_dynamic_task_mapping.py
[2024-02-24T18:29:47.685-0600] {logging_mixin.py:188} INFO - [2024-02-24T18:29:47.685-0600] {dag.py:3036} INFO - Sync 1 DAGs
[2024-02-24T18:29:47.694-0600] {logging_mixin.py:188} INFO - [2024-02-24T18:29:47.693-0600] {dag.py:3823} INFO - Setting next_dagrun for example_dynamic_task_mapping to 2022-03-04 00:00:00+00:00, run_after=2022-03-05 00:00:00+00:00
[2024-02-24T18:29:47.702-0600] {processor.py:183} INFO - Processing /Users/vamseekrishna/Desktop/F1_Data_Warehouse/f1datawarehouse/lib/python3.9/site-packages/airflow/example_dags/example_dynamic_task_mapping.py took 0.081 seconds
[2024-02-24T18:31:44.462-0600] {processor.py:161} INFO - Started process (PID=97189) to work on /Users/vamseekrishna/Desktop/F1_Data_Warehouse/f1datawarehouse/lib/python3.9/site-packages/airflow/example_dags/example_dynamic_task_mapping.py
[2024-02-24T18:31:44.464-0600] {processor.py:830} INFO - Processing file /Users/vamseekrishna/Desktop/F1_Data_Warehouse/f1datawarehouse/lib/python3.9/site-packages/airflow/example_dags/example_dynamic_task_mapping.py for tasks to queue
[2024-02-24T18:31:44.464-0600] {logging_mixin.py:188} INFO - [2024-02-24T18:31:44.464-0600] {dagbag.py:538} INFO - Filling up the DagBag from /Users/vamseekrishna/Desktop/F1_Data_Warehouse/f1datawarehouse/lib/python3.9/site-packages/airflow/example_dags/example_dynamic_task_mapping.py
[2024-02-24T18:31:44.479-0600] {processor.py:840} INFO - DAG(s) 'example_dynamic_task_mapping' retrieved from /Users/vamseekrishna/Desktop/F1_Data_Warehouse/f1datawarehouse/lib/python3.9/site-packages/airflow/example_dags/example_dynamic_task_mapping.py
[2024-02-24T18:31:44.526-0600] {logging_mixin.py:188} INFO - [2024-02-24T18:31:44.526-0600] {dag.py:3036} INFO - Sync 1 DAGs
[2024-02-24T18:31:44.535-0600] {logging_mixin.py:188} INFO - [2024-02-24T18:31:44.535-0600] {dag.py:3823} INFO - Setting next_dagrun for example_dynamic_task_mapping to 2022-03-04 00:00:00+00:00, run_after=2022-03-05 00:00:00+00:00
[2024-02-24T18:31:44.543-0600] {processor.py:183} INFO - Processing /Users/vamseekrishna/Desktop/F1_Data_Warehouse/f1datawarehouse/lib/python3.9/site-packages/airflow/example_dags/example_dynamic_task_mapping.py took 0.082 seconds
[2024-02-24T18:33:42.187-0600] {processor.py:161} INFO - Started process (PID=97303) to work on /Users/vamseekrishna/Desktop/F1_Data_Warehouse/f1datawarehouse/lib/python3.9/site-packages/airflow/example_dags/example_dynamic_task_mapping.py
[2024-02-24T18:33:42.188-0600] {processor.py:830} INFO - Processing file /Users/vamseekrishna/Desktop/F1_Data_Warehouse/f1datawarehouse/lib/python3.9/site-packages/airflow/example_dags/example_dynamic_task_mapping.py for tasks to queue
[2024-02-24T18:33:42.188-0600] {logging_mixin.py:188} INFO - [2024-02-24T18:33:42.188-0600] {dagbag.py:538} INFO - Filling up the DagBag from /Users/vamseekrishna/Desktop/F1_Data_Warehouse/f1datawarehouse/lib/python3.9/site-packages/airflow/example_dags/example_dynamic_task_mapping.py
[2024-02-24T18:33:42.204-0600] {processor.py:840} INFO - DAG(s) 'example_dynamic_task_mapping' retrieved from /Users/vamseekrishna/Desktop/F1_Data_Warehouse/f1datawarehouse/lib/python3.9/site-packages/airflow/example_dags/example_dynamic_task_mapping.py
[2024-02-24T18:33:42.249-0600] {logging_mixin.py:188} INFO - [2024-02-24T18:33:42.249-0600] {dag.py:3036} INFO - Sync 1 DAGs
[2024-02-24T18:33:42.257-0600] {logging_mixin.py:188} INFO - [2024-02-24T18:33:42.257-0600] {dag.py:3823} INFO - Setting next_dagrun for example_dynamic_task_mapping to 2022-03-04 00:00:00+00:00, run_after=2022-03-05 00:00:00+00:00
[2024-02-24T18:33:42.265-0600] {processor.py:183} INFO - Processing /Users/vamseekrishna/Desktop/F1_Data_Warehouse/f1datawarehouse/lib/python3.9/site-packages/airflow/example_dags/example_dynamic_task_mapping.py took 0.079 seconds
[2024-02-24T18:35:41.611-0600] {processor.py:161} INFO - Started process (PID=97395) to work on /Users/vamseekrishna/Desktop/F1_Data_Warehouse/f1datawarehouse/lib/python3.9/site-packages/airflow/example_dags/example_dynamic_task_mapping.py
[2024-02-24T18:35:41.613-0600] {processor.py:830} INFO - Processing file /Users/vamseekrishna/Desktop/F1_Data_Warehouse/f1datawarehouse/lib/python3.9/site-packages/airflow/example_dags/example_dynamic_task_mapping.py for tasks to queue
[2024-02-24T18:35:41.614-0600] {logging_mixin.py:188} INFO - [2024-02-24T18:35:41.614-0600] {dagbag.py:538} INFO - Filling up the DagBag from /Users/vamseekrishna/Desktop/F1_Data_Warehouse/f1datawarehouse/lib/python3.9/site-packages/airflow/example_dags/example_dynamic_task_mapping.py
[2024-02-24T18:35:41.630-0600] {processor.py:840} INFO - DAG(s) 'example_dynamic_task_mapping' retrieved from /Users/vamseekrishna/Desktop/F1_Data_Warehouse/f1datawarehouse/lib/python3.9/site-packages/airflow/example_dags/example_dynamic_task_mapping.py
[2024-02-24T18:35:41.678-0600] {logging_mixin.py:188} INFO - [2024-02-24T18:35:41.678-0600] {dag.py:3036} INFO - Sync 1 DAGs
[2024-02-24T18:35:41.687-0600] {logging_mixin.py:188} INFO - [2024-02-24T18:35:41.687-0600] {dag.py:3823} INFO - Setting next_dagrun for example_dynamic_task_mapping to 2022-03-04 00:00:00+00:00, run_after=2022-03-05 00:00:00+00:00
[2024-02-24T18:35:41.695-0600] {processor.py:183} INFO - Processing /Users/vamseekrishna/Desktop/F1_Data_Warehouse/f1datawarehouse/lib/python3.9/site-packages/airflow/example_dags/example_dynamic_task_mapping.py took 0.085 seconds
[2024-02-24T18:37:43.499-0600] {processor.py:161} INFO - Started process (PID=97513) to work on /Users/vamseekrishna/Desktop/F1_Data_Warehouse/f1datawarehouse/lib/python3.9/site-packages/airflow/example_dags/example_dynamic_task_mapping.py
[2024-02-24T18:37:43.500-0600] {processor.py:830} INFO - Processing file /Users/vamseekrishna/Desktop/F1_Data_Warehouse/f1datawarehouse/lib/python3.9/site-packages/airflow/example_dags/example_dynamic_task_mapping.py for tasks to queue
[2024-02-24T18:37:43.500-0600] {logging_mixin.py:188} INFO - [2024-02-24T18:37:43.500-0600] {dagbag.py:538} INFO - Filling up the DagBag from /Users/vamseekrishna/Desktop/F1_Data_Warehouse/f1datawarehouse/lib/python3.9/site-packages/airflow/example_dags/example_dynamic_task_mapping.py
[2024-02-24T18:37:43.517-0600] {processor.py:840} INFO - DAG(s) 'example_dynamic_task_mapping' retrieved from /Users/vamseekrishna/Desktop/F1_Data_Warehouse/f1datawarehouse/lib/python3.9/site-packages/airflow/example_dags/example_dynamic_task_mapping.py
[2024-02-24T18:37:43.565-0600] {logging_mixin.py:188} INFO - [2024-02-24T18:37:43.565-0600] {dag.py:3036} INFO - Sync 1 DAGs
[2024-02-24T18:37:43.574-0600] {logging_mixin.py:188} INFO - [2024-02-24T18:37:43.573-0600] {dag.py:3823} INFO - Setting next_dagrun for example_dynamic_task_mapping to 2022-03-04 00:00:00+00:00, run_after=2022-03-05 00:00:00+00:00
[2024-02-24T18:37:43.582-0600] {processor.py:183} INFO - Processing /Users/vamseekrishna/Desktop/F1_Data_Warehouse/f1datawarehouse/lib/python3.9/site-packages/airflow/example_dags/example_dynamic_task_mapping.py took 0.084 seconds
[2024-02-24T18:39:45.546-0600] {processor.py:161} INFO - Started process (PID=97609) to work on /Users/vamseekrishna/Desktop/F1_Data_Warehouse/f1datawarehouse/lib/python3.9/site-packages/airflow/example_dags/example_dynamic_task_mapping.py
[2024-02-24T18:39:45.548-0600] {processor.py:830} INFO - Processing file /Users/vamseekrishna/Desktop/F1_Data_Warehouse/f1datawarehouse/lib/python3.9/site-packages/airflow/example_dags/example_dynamic_task_mapping.py for tasks to queue
[2024-02-24T18:39:45.548-0600] {logging_mixin.py:188} INFO - [2024-02-24T18:39:45.548-0600] {dagbag.py:538} INFO - Filling up the DagBag from /Users/vamseekrishna/Desktop/F1_Data_Warehouse/f1datawarehouse/lib/python3.9/site-packages/airflow/example_dags/example_dynamic_task_mapping.py
[2024-02-24T18:39:45.564-0600] {processor.py:840} INFO - DAG(s) 'example_dynamic_task_mapping' retrieved from /Users/vamseekrishna/Desktop/F1_Data_Warehouse/f1datawarehouse/lib/python3.9/site-packages/airflow/example_dags/example_dynamic_task_mapping.py
[2024-02-24T18:39:45.611-0600] {logging_mixin.py:188} INFO - [2024-02-24T18:39:45.611-0600] {dag.py:3036} INFO - Sync 1 DAGs
[2024-02-24T18:39:45.619-0600] {logging_mixin.py:188} INFO - [2024-02-24T18:39:45.619-0600] {dag.py:3823} INFO - Setting next_dagrun for example_dynamic_task_mapping to 2022-03-04 00:00:00+00:00, run_after=2022-03-05 00:00:00+00:00
[2024-02-24T18:39:45.627-0600] {processor.py:183} INFO - Processing /Users/vamseekrishna/Desktop/F1_Data_Warehouse/f1datawarehouse/lib/python3.9/site-packages/airflow/example_dags/example_dynamic_task_mapping.py took 0.081 seconds
[2024-02-24T18:41:45.077-0600] {processor.py:161} INFO - Started process (PID=97695) to work on /Users/vamseekrishna/Desktop/F1_Data_Warehouse/f1datawarehouse/lib/python3.9/site-packages/airflow/example_dags/example_dynamic_task_mapping.py
[2024-02-24T18:41:45.079-0600] {processor.py:830} INFO - Processing file /Users/vamseekrishna/Desktop/F1_Data_Warehouse/f1datawarehouse/lib/python3.9/site-packages/airflow/example_dags/example_dynamic_task_mapping.py for tasks to queue
[2024-02-24T18:41:45.079-0600] {logging_mixin.py:188} INFO - [2024-02-24T18:41:45.079-0600] {dagbag.py:538} INFO - Filling up the DagBag from /Users/vamseekrishna/Desktop/F1_Data_Warehouse/f1datawarehouse/lib/python3.9/site-packages/airflow/example_dags/example_dynamic_task_mapping.py
[2024-02-24T18:41:45.094-0600] {processor.py:840} INFO - DAG(s) 'example_dynamic_task_mapping' retrieved from /Users/vamseekrishna/Desktop/F1_Data_Warehouse/f1datawarehouse/lib/python3.9/site-packages/airflow/example_dags/example_dynamic_task_mapping.py
[2024-02-24T18:41:45.141-0600] {logging_mixin.py:188} INFO - [2024-02-24T18:41:45.141-0600] {dag.py:3036} INFO - Sync 1 DAGs
[2024-02-24T18:41:45.149-0600] {logging_mixin.py:188} INFO - [2024-02-24T18:41:45.149-0600] {dag.py:3823} INFO - Setting next_dagrun for example_dynamic_task_mapping to 2022-03-04 00:00:00+00:00, run_after=2022-03-05 00:00:00+00:00
[2024-02-24T18:41:45.157-0600] {processor.py:183} INFO - Processing /Users/vamseekrishna/Desktop/F1_Data_Warehouse/f1datawarehouse/lib/python3.9/site-packages/airflow/example_dags/example_dynamic_task_mapping.py took 0.081 seconds
[2024-02-24T18:43:43.940-0600] {processor.py:161} INFO - Started process (PID=97795) to work on /Users/vamseekrishna/Desktop/F1_Data_Warehouse/f1datawarehouse/lib/python3.9/site-packages/airflow/example_dags/example_dynamic_task_mapping.py
[2024-02-24T18:43:43.942-0600] {processor.py:830} INFO - Processing file /Users/vamseekrishna/Desktop/F1_Data_Warehouse/f1datawarehouse/lib/python3.9/site-packages/airflow/example_dags/example_dynamic_task_mapping.py for tasks to queue
[2024-02-24T18:43:43.942-0600] {logging_mixin.py:188} INFO - [2024-02-24T18:43:43.942-0600] {dagbag.py:538} INFO - Filling up the DagBag from /Users/vamseekrishna/Desktop/F1_Data_Warehouse/f1datawarehouse/lib/python3.9/site-packages/airflow/example_dags/example_dynamic_task_mapping.py
[2024-02-24T18:43:43.958-0600] {processor.py:840} INFO - DAG(s) 'example_dynamic_task_mapping' retrieved from /Users/vamseekrishna/Desktop/F1_Data_Warehouse/f1datawarehouse/lib/python3.9/site-packages/airflow/example_dags/example_dynamic_task_mapping.py
[2024-02-24T18:43:44.003-0600] {logging_mixin.py:188} INFO - [2024-02-24T18:43:44.003-0600] {dag.py:3036} INFO - Sync 1 DAGs
[2024-02-24T18:43:44.011-0600] {logging_mixin.py:188} INFO - [2024-02-24T18:43:44.011-0600] {dag.py:3823} INFO - Setting next_dagrun for example_dynamic_task_mapping to 2022-03-04 00:00:00+00:00, run_after=2022-03-05 00:00:00+00:00
[2024-02-24T18:43:44.019-0600] {processor.py:183} INFO - Processing /Users/vamseekrishna/Desktop/F1_Data_Warehouse/f1datawarehouse/lib/python3.9/site-packages/airflow/example_dags/example_dynamic_task_mapping.py took 0.080 seconds
[2024-02-24T18:45:48.165-0600] {processor.py:161} INFO - Started process (PID=97917) to work on /Users/vamseekrishna/Desktop/F1_Data_Warehouse/f1datawarehouse/lib/python3.9/site-packages/airflow/example_dags/example_dynamic_task_mapping.py
[2024-02-24T18:45:48.167-0600] {processor.py:830} INFO - Processing file /Users/vamseekrishna/Desktop/F1_Data_Warehouse/f1datawarehouse/lib/python3.9/site-packages/airflow/example_dags/example_dynamic_task_mapping.py for tasks to queue
[2024-02-24T18:45:48.167-0600] {logging_mixin.py:188} INFO - [2024-02-24T18:45:48.167-0600] {dagbag.py:538} INFO - Filling up the DagBag from /Users/vamseekrishna/Desktop/F1_Data_Warehouse/f1datawarehouse/lib/python3.9/site-packages/airflow/example_dags/example_dynamic_task_mapping.py
[2024-02-24T18:45:48.183-0600] {processor.py:840} INFO - DAG(s) 'example_dynamic_task_mapping' retrieved from /Users/vamseekrishna/Desktop/F1_Data_Warehouse/f1datawarehouse/lib/python3.9/site-packages/airflow/example_dags/example_dynamic_task_mapping.py
[2024-02-24T18:45:48.229-0600] {logging_mixin.py:188} INFO - [2024-02-24T18:45:48.228-0600] {dag.py:3036} INFO - Sync 1 DAGs
[2024-02-24T18:45:48.237-0600] {logging_mixin.py:188} INFO - [2024-02-24T18:45:48.237-0600] {dag.py:3823} INFO - Setting next_dagrun for example_dynamic_task_mapping to 2022-03-04 00:00:00+00:00, run_after=2022-03-05 00:00:00+00:00
[2024-02-24T18:45:48.245-0600] {processor.py:183} INFO - Processing /Users/vamseekrishna/Desktop/F1_Data_Warehouse/f1datawarehouse/lib/python3.9/site-packages/airflow/example_dags/example_dynamic_task_mapping.py took 0.081 seconds
[2024-02-24T18:47:49.985-0600] {processor.py:161} INFO - Started process (PID=98008) to work on /Users/vamseekrishna/Desktop/F1_Data_Warehouse/f1datawarehouse/lib/python3.9/site-packages/airflow/example_dags/example_dynamic_task_mapping.py
[2024-02-24T18:47:49.987-0600] {processor.py:830} INFO - Processing file /Users/vamseekrishna/Desktop/F1_Data_Warehouse/f1datawarehouse/lib/python3.9/site-packages/airflow/example_dags/example_dynamic_task_mapping.py for tasks to queue
[2024-02-24T18:47:49.988-0600] {logging_mixin.py:188} INFO - [2024-02-24T18:47:49.988-0600] {dagbag.py:538} INFO - Filling up the DagBag from /Users/vamseekrishna/Desktop/F1_Data_Warehouse/f1datawarehouse/lib/python3.9/site-packages/airflow/example_dags/example_dynamic_task_mapping.py
[2024-02-24T18:47:50.004-0600] {processor.py:840} INFO - DAG(s) 'example_dynamic_task_mapping' retrieved from /Users/vamseekrishna/Desktop/F1_Data_Warehouse/f1datawarehouse/lib/python3.9/site-packages/airflow/example_dags/example_dynamic_task_mapping.py
[2024-02-24T18:47:50.050-0600] {logging_mixin.py:188} INFO - [2024-02-24T18:47:50.049-0600] {dag.py:3036} INFO - Sync 1 DAGs
[2024-02-24T18:47:50.058-0600] {logging_mixin.py:188} INFO - [2024-02-24T18:47:50.058-0600] {dag.py:3823} INFO - Setting next_dagrun for example_dynamic_task_mapping to 2022-03-04 00:00:00+00:00, run_after=2022-03-05 00:00:00+00:00
[2024-02-24T18:47:50.066-0600] {processor.py:183} INFO - Processing /Users/vamseekrishna/Desktop/F1_Data_Warehouse/f1datawarehouse/lib/python3.9/site-packages/airflow/example_dags/example_dynamic_task_mapping.py took 0.081 seconds
[2024-02-24T18:49:50.365-0600] {processor.py:161} INFO - Started process (PID=98097) to work on /Users/vamseekrishna/Desktop/F1_Data_Warehouse/f1datawarehouse/lib/python3.9/site-packages/airflow/example_dags/example_dynamic_task_mapping.py
[2024-02-24T18:49:50.367-0600] {processor.py:830} INFO - Processing file /Users/vamseekrishna/Desktop/F1_Data_Warehouse/f1datawarehouse/lib/python3.9/site-packages/airflow/example_dags/example_dynamic_task_mapping.py for tasks to queue
[2024-02-24T18:49:50.367-0600] {logging_mixin.py:188} INFO - [2024-02-24T18:49:50.367-0600] {dagbag.py:538} INFO - Filling up the DagBag from /Users/vamseekrishna/Desktop/F1_Data_Warehouse/f1datawarehouse/lib/python3.9/site-packages/airflow/example_dags/example_dynamic_task_mapping.py
[2024-02-24T18:49:50.387-0600] {processor.py:840} INFO - DAG(s) 'example_dynamic_task_mapping' retrieved from /Users/vamseekrishna/Desktop/F1_Data_Warehouse/f1datawarehouse/lib/python3.9/site-packages/airflow/example_dags/example_dynamic_task_mapping.py
[2024-02-24T18:49:50.456-0600] {logging_mixin.py:188} INFO - [2024-02-24T18:49:50.456-0600] {dag.py:3036} INFO - Sync 1 DAGs
[2024-02-24T18:49:50.466-0600] {logging_mixin.py:188} INFO - [2024-02-24T18:49:50.466-0600] {dag.py:3823} INFO - Setting next_dagrun for example_dynamic_task_mapping to 2022-03-04 00:00:00+00:00, run_after=2022-03-05 00:00:00+00:00
[2024-02-24T18:49:50.474-0600] {processor.py:183} INFO - Processing /Users/vamseekrishna/Desktop/F1_Data_Warehouse/f1datawarehouse/lib/python3.9/site-packages/airflow/example_dags/example_dynamic_task_mapping.py took 0.110 seconds
[2024-02-24T18:51:48.691-0600] {processor.py:161} INFO - Started process (PID=98185) to work on /Users/vamseekrishna/Desktop/F1_Data_Warehouse/f1datawarehouse/lib/python3.9/site-packages/airflow/example_dags/example_dynamic_task_mapping.py
[2024-02-24T18:51:48.692-0600] {processor.py:830} INFO - Processing file /Users/vamseekrishna/Desktop/F1_Data_Warehouse/f1datawarehouse/lib/python3.9/site-packages/airflow/example_dags/example_dynamic_task_mapping.py for tasks to queue
[2024-02-24T18:51:48.693-0600] {logging_mixin.py:188} INFO - [2024-02-24T18:51:48.692-0600] {dagbag.py:538} INFO - Filling up the DagBag from /Users/vamseekrishna/Desktop/F1_Data_Warehouse/f1datawarehouse/lib/python3.9/site-packages/airflow/example_dags/example_dynamic_task_mapping.py
[2024-02-24T18:51:48.711-0600] {processor.py:840} INFO - DAG(s) 'example_dynamic_task_mapping' retrieved from /Users/vamseekrishna/Desktop/F1_Data_Warehouse/f1datawarehouse/lib/python3.9/site-packages/airflow/example_dags/example_dynamic_task_mapping.py
[2024-02-24T18:51:48.758-0600] {logging_mixin.py:188} INFO - [2024-02-24T18:51:48.757-0600] {dag.py:3036} INFO - Sync 1 DAGs
[2024-02-24T18:51:48.767-0600] {logging_mixin.py:188} INFO - [2024-02-24T18:51:48.767-0600] {dag.py:3823} INFO - Setting next_dagrun for example_dynamic_task_mapping to 2022-03-04 00:00:00+00:00, run_after=2022-03-05 00:00:00+00:00
[2024-02-24T18:51:48.775-0600] {processor.py:183} INFO - Processing /Users/vamseekrishna/Desktop/F1_Data_Warehouse/f1datawarehouse/lib/python3.9/site-packages/airflow/example_dags/example_dynamic_task_mapping.py took 0.085 seconds
[2024-02-24T18:53:47.288-0600] {processor.py:161} INFO - Started process (PID=98287) to work on /Users/vamseekrishna/Desktop/F1_Data_Warehouse/f1datawarehouse/lib/python3.9/site-packages/airflow/example_dags/example_dynamic_task_mapping.py
[2024-02-24T18:53:47.289-0600] {processor.py:830} INFO - Processing file /Users/vamseekrishna/Desktop/F1_Data_Warehouse/f1datawarehouse/lib/python3.9/site-packages/airflow/example_dags/example_dynamic_task_mapping.py for tasks to queue
[2024-02-24T18:53:47.290-0600] {logging_mixin.py:188} INFO - [2024-02-24T18:53:47.290-0600] {dagbag.py:538} INFO - Filling up the DagBag from /Users/vamseekrishna/Desktop/F1_Data_Warehouse/f1datawarehouse/lib/python3.9/site-packages/airflow/example_dags/example_dynamic_task_mapping.py
[2024-02-24T18:53:47.306-0600] {processor.py:840} INFO - DAG(s) 'example_dynamic_task_mapping' retrieved from /Users/vamseekrishna/Desktop/F1_Data_Warehouse/f1datawarehouse/lib/python3.9/site-packages/airflow/example_dags/example_dynamic_task_mapping.py
[2024-02-24T18:53:47.352-0600] {logging_mixin.py:188} INFO - [2024-02-24T18:53:47.351-0600] {dag.py:3036} INFO - Sync 1 DAGs
[2024-02-24T18:53:47.361-0600] {logging_mixin.py:188} INFO - [2024-02-24T18:53:47.361-0600] {dag.py:3823} INFO - Setting next_dagrun for example_dynamic_task_mapping to 2022-03-04 00:00:00+00:00, run_after=2022-03-05 00:00:00+00:00
[2024-02-24T18:53:47.370-0600] {processor.py:183} INFO - Processing /Users/vamseekrishna/Desktop/F1_Data_Warehouse/f1datawarehouse/lib/python3.9/site-packages/airflow/example_dags/example_dynamic_task_mapping.py took 0.083 seconds
[2024-02-24T18:55:48.044-0600] {processor.py:161} INFO - Started process (PID=98392) to work on /Users/vamseekrishna/Desktop/F1_Data_Warehouse/f1datawarehouse/lib/python3.9/site-packages/airflow/example_dags/example_dynamic_task_mapping.py
[2024-02-24T18:55:48.046-0600] {processor.py:830} INFO - Processing file /Users/vamseekrishna/Desktop/F1_Data_Warehouse/f1datawarehouse/lib/python3.9/site-packages/airflow/example_dags/example_dynamic_task_mapping.py for tasks to queue
[2024-02-24T18:55:48.046-0600] {logging_mixin.py:188} INFO - [2024-02-24T18:55:48.046-0600] {dagbag.py:538} INFO - Filling up the DagBag from /Users/vamseekrishna/Desktop/F1_Data_Warehouse/f1datawarehouse/lib/python3.9/site-packages/airflow/example_dags/example_dynamic_task_mapping.py
[2024-02-24T18:55:48.062-0600] {processor.py:840} INFO - DAG(s) 'example_dynamic_task_mapping' retrieved from /Users/vamseekrishna/Desktop/F1_Data_Warehouse/f1datawarehouse/lib/python3.9/site-packages/airflow/example_dags/example_dynamic_task_mapping.py
[2024-02-24T18:55:48.108-0600] {logging_mixin.py:188} INFO - [2024-02-24T18:55:48.108-0600] {dag.py:3036} INFO - Sync 1 DAGs
[2024-02-24T18:55:48.117-0600] {logging_mixin.py:188} INFO - [2024-02-24T18:55:48.117-0600] {dag.py:3823} INFO - Setting next_dagrun for example_dynamic_task_mapping to 2022-03-04 00:00:00+00:00, run_after=2022-03-05 00:00:00+00:00
[2024-02-24T18:55:48.125-0600] {processor.py:183} INFO - Processing /Users/vamseekrishna/Desktop/F1_Data_Warehouse/f1datawarehouse/lib/python3.9/site-packages/airflow/example_dags/example_dynamic_task_mapping.py took 0.082 seconds
[2024-02-24T18:57:50.662-0600] {processor.py:161} INFO - Started process (PID=98488) to work on /Users/vamseekrishna/Desktop/F1_Data_Warehouse/f1datawarehouse/lib/python3.9/site-packages/airflow/example_dags/example_dynamic_task_mapping.py
[2024-02-24T18:57:50.664-0600] {processor.py:830} INFO - Processing file /Users/vamseekrishna/Desktop/F1_Data_Warehouse/f1datawarehouse/lib/python3.9/site-packages/airflow/example_dags/example_dynamic_task_mapping.py for tasks to queue
[2024-02-24T18:57:50.665-0600] {logging_mixin.py:188} INFO - [2024-02-24T18:57:50.664-0600] {dagbag.py:538} INFO - Filling up the DagBag from /Users/vamseekrishna/Desktop/F1_Data_Warehouse/f1datawarehouse/lib/python3.9/site-packages/airflow/example_dags/example_dynamic_task_mapping.py
[2024-02-24T18:57:50.681-0600] {processor.py:840} INFO - DAG(s) 'example_dynamic_task_mapping' retrieved from /Users/vamseekrishna/Desktop/F1_Data_Warehouse/f1datawarehouse/lib/python3.9/site-packages/airflow/example_dags/example_dynamic_task_mapping.py
[2024-02-24T18:57:50.728-0600] {logging_mixin.py:188} INFO - [2024-02-24T18:57:50.727-0600] {dag.py:3036} INFO - Sync 1 DAGs
[2024-02-24T18:57:50.736-0600] {logging_mixin.py:188} INFO - [2024-02-24T18:57:50.736-0600] {dag.py:3823} INFO - Setting next_dagrun for example_dynamic_task_mapping to 2022-03-04 00:00:00+00:00, run_after=2022-03-05 00:00:00+00:00
[2024-02-24T18:57:50.747-0600] {processor.py:183} INFO - Processing /Users/vamseekrishna/Desktop/F1_Data_Warehouse/f1datawarehouse/lib/python3.9/site-packages/airflow/example_dags/example_dynamic_task_mapping.py took 0.085 seconds
[2024-02-24T18:59:49.916-0600] {processor.py:161} INFO - Started process (PID=98603) to work on /Users/vamseekrishna/Desktop/F1_Data_Warehouse/f1datawarehouse/lib/python3.9/site-packages/airflow/example_dags/example_dynamic_task_mapping.py
[2024-02-24T18:59:49.918-0600] {processor.py:830} INFO - Processing file /Users/vamseekrishna/Desktop/F1_Data_Warehouse/f1datawarehouse/lib/python3.9/site-packages/airflow/example_dags/example_dynamic_task_mapping.py for tasks to queue
[2024-02-24T18:59:49.918-0600] {logging_mixin.py:188} INFO - [2024-02-24T18:59:49.918-0600] {dagbag.py:538} INFO - Filling up the DagBag from /Users/vamseekrishna/Desktop/F1_Data_Warehouse/f1datawarehouse/lib/python3.9/site-packages/airflow/example_dags/example_dynamic_task_mapping.py
[2024-02-24T18:59:49.934-0600] {processor.py:840} INFO - DAG(s) 'example_dynamic_task_mapping' retrieved from /Users/vamseekrishna/Desktop/F1_Data_Warehouse/f1datawarehouse/lib/python3.9/site-packages/airflow/example_dags/example_dynamic_task_mapping.py
[2024-02-24T18:59:49.981-0600] {logging_mixin.py:188} INFO - [2024-02-24T18:59:49.981-0600] {dag.py:3036} INFO - Sync 1 DAGs
[2024-02-24T18:59:49.989-0600] {logging_mixin.py:188} INFO - [2024-02-24T18:59:49.989-0600] {dag.py:3823} INFO - Setting next_dagrun for example_dynamic_task_mapping to 2022-03-04 00:00:00+00:00, run_after=2022-03-05 00:00:00+00:00
[2024-02-24T18:59:49.997-0600] {processor.py:183} INFO - Processing /Users/vamseekrishna/Desktop/F1_Data_Warehouse/f1datawarehouse/lib/python3.9/site-packages/airflow/example_dags/example_dynamic_task_mapping.py took 0.082 seconds
[2024-02-24T19:01:54.201-0600] {processor.py:161} INFO - Started process (PID=98806) to work on /Users/vamseekrishna/Desktop/F1_Data_Warehouse/f1datawarehouse/lib/python3.9/site-packages/airflow/example_dags/example_dynamic_task_mapping.py
[2024-02-24T19:01:54.203-0600] {processor.py:830} INFO - Processing file /Users/vamseekrishna/Desktop/F1_Data_Warehouse/f1datawarehouse/lib/python3.9/site-packages/airflow/example_dags/example_dynamic_task_mapping.py for tasks to queue
[2024-02-24T19:01:54.204-0600] {logging_mixin.py:188} INFO - [2024-02-24T19:01:54.204-0600] {dagbag.py:538} INFO - Filling up the DagBag from /Users/vamseekrishna/Desktop/F1_Data_Warehouse/f1datawarehouse/lib/python3.9/site-packages/airflow/example_dags/example_dynamic_task_mapping.py
[2024-02-24T19:01:54.219-0600] {processor.py:840} INFO - DAG(s) 'example_dynamic_task_mapping' retrieved from /Users/vamseekrishna/Desktop/F1_Data_Warehouse/f1datawarehouse/lib/python3.9/site-packages/airflow/example_dags/example_dynamic_task_mapping.py
[2024-02-24T19:01:54.266-0600] {logging_mixin.py:188} INFO - [2024-02-24T19:01:54.265-0600] {dag.py:3036} INFO - Sync 1 DAGs
[2024-02-24T19:01:54.274-0600] {logging_mixin.py:188} INFO - [2024-02-24T19:01:54.274-0600] {dag.py:3823} INFO - Setting next_dagrun for example_dynamic_task_mapping to 2022-03-04 00:00:00+00:00, run_after=2022-03-05 00:00:00+00:00
[2024-02-24T19:01:54.282-0600] {processor.py:183} INFO - Processing /Users/vamseekrishna/Desktop/F1_Data_Warehouse/f1datawarehouse/lib/python3.9/site-packages/airflow/example_dags/example_dynamic_task_mapping.py took 0.082 seconds
[2024-02-24T19:03:52.241-0600] {processor.py:161} INFO - Started process (PID=98915) to work on /Users/vamseekrishna/Desktop/F1_Data_Warehouse/f1datawarehouse/lib/python3.9/site-packages/airflow/example_dags/example_dynamic_task_mapping.py
[2024-02-24T19:03:52.243-0600] {processor.py:830} INFO - Processing file /Users/vamseekrishna/Desktop/F1_Data_Warehouse/f1datawarehouse/lib/python3.9/site-packages/airflow/example_dags/example_dynamic_task_mapping.py for tasks to queue
[2024-02-24T19:03:52.243-0600] {logging_mixin.py:188} INFO - [2024-02-24T19:03:52.243-0600] {dagbag.py:538} INFO - Filling up the DagBag from /Users/vamseekrishna/Desktop/F1_Data_Warehouse/f1datawarehouse/lib/python3.9/site-packages/airflow/example_dags/example_dynamic_task_mapping.py
[2024-02-24T19:03:52.258-0600] {processor.py:840} INFO - DAG(s) 'example_dynamic_task_mapping' retrieved from /Users/vamseekrishna/Desktop/F1_Data_Warehouse/f1datawarehouse/lib/python3.9/site-packages/airflow/example_dags/example_dynamic_task_mapping.py
[2024-02-24T19:03:52.304-0600] {logging_mixin.py:188} INFO - [2024-02-24T19:03:52.304-0600] {dag.py:3036} INFO - Sync 1 DAGs
[2024-02-24T19:03:52.313-0600] {logging_mixin.py:188} INFO - [2024-02-24T19:03:52.313-0600] {dag.py:3823} INFO - Setting next_dagrun for example_dynamic_task_mapping to 2022-03-04 00:00:00+00:00, run_after=2022-03-05 00:00:00+00:00
[2024-02-24T19:03:52.321-0600] {processor.py:183} INFO - Processing /Users/vamseekrishna/Desktop/F1_Data_Warehouse/f1datawarehouse/lib/python3.9/site-packages/airflow/example_dags/example_dynamic_task_mapping.py took 0.081 seconds
[2024-02-24T19:05:43.886-0600] {processor.py:161} INFO - Started process (PID=99014) to work on /Users/vamseekrishna/Desktop/F1_Data_Warehouse/f1datawarehouse/lib/python3.9/site-packages/airflow/example_dags/example_dynamic_task_mapping.py
[2024-02-24T19:05:43.888-0600] {processor.py:830} INFO - Processing file /Users/vamseekrishna/Desktop/F1_Data_Warehouse/f1datawarehouse/lib/python3.9/site-packages/airflow/example_dags/example_dynamic_task_mapping.py for tasks to queue
[2024-02-24T19:05:43.889-0600] {logging_mixin.py:188} INFO - [2024-02-24T19:05:43.888-0600] {dagbag.py:538} INFO - Filling up the DagBag from /Users/vamseekrishna/Desktop/F1_Data_Warehouse/f1datawarehouse/lib/python3.9/site-packages/airflow/example_dags/example_dynamic_task_mapping.py
[2024-02-24T19:05:43.904-0600] {processor.py:840} INFO - DAG(s) 'example_dynamic_task_mapping' retrieved from /Users/vamseekrishna/Desktop/F1_Data_Warehouse/f1datawarehouse/lib/python3.9/site-packages/airflow/example_dags/example_dynamic_task_mapping.py
[2024-02-24T19:05:43.952-0600] {logging_mixin.py:188} INFO - [2024-02-24T19:05:43.951-0600] {dag.py:3036} INFO - Sync 1 DAGs
[2024-02-24T19:05:43.960-0600] {logging_mixin.py:188} INFO - [2024-02-24T19:05:43.960-0600] {dag.py:3823} INFO - Setting next_dagrun for example_dynamic_task_mapping to 2022-03-04 00:00:00+00:00, run_after=2022-03-05 00:00:00+00:00
[2024-02-24T19:05:43.968-0600] {processor.py:183} INFO - Processing /Users/vamseekrishna/Desktop/F1_Data_Warehouse/f1datawarehouse/lib/python3.9/site-packages/airflow/example_dags/example_dynamic_task_mapping.py took 0.082 seconds
[2024-02-24T19:07:48.081-0600] {processor.py:161} INFO - Started process (PID=99127) to work on /Users/vamseekrishna/Desktop/F1_Data_Warehouse/f1datawarehouse/lib/python3.9/site-packages/airflow/example_dags/example_dynamic_task_mapping.py
[2024-02-24T19:07:48.083-0600] {processor.py:830} INFO - Processing file /Users/vamseekrishna/Desktop/F1_Data_Warehouse/f1datawarehouse/lib/python3.9/site-packages/airflow/example_dags/example_dynamic_task_mapping.py for tasks to queue
[2024-02-24T19:07:48.084-0600] {logging_mixin.py:188} INFO - [2024-02-24T19:07:48.084-0600] {dagbag.py:538} INFO - Filling up the DagBag from /Users/vamseekrishna/Desktop/F1_Data_Warehouse/f1datawarehouse/lib/python3.9/site-packages/airflow/example_dags/example_dynamic_task_mapping.py
[2024-02-24T19:07:48.102-0600] {processor.py:840} INFO - DAG(s) 'example_dynamic_task_mapping' retrieved from /Users/vamseekrishna/Desktop/F1_Data_Warehouse/f1datawarehouse/lib/python3.9/site-packages/airflow/example_dags/example_dynamic_task_mapping.py
[2024-02-24T19:07:48.150-0600] {logging_mixin.py:188} INFO - [2024-02-24T19:07:48.150-0600] {dag.py:3036} INFO - Sync 1 DAGs
[2024-02-24T19:07:48.159-0600] {logging_mixin.py:188} INFO - [2024-02-24T19:07:48.158-0600] {dag.py:3823} INFO - Setting next_dagrun for example_dynamic_task_mapping to 2022-03-04 00:00:00+00:00, run_after=2022-03-05 00:00:00+00:00
[2024-02-24T19:07:48.167-0600] {processor.py:183} INFO - Processing /Users/vamseekrishna/Desktop/F1_Data_Warehouse/f1datawarehouse/lib/python3.9/site-packages/airflow/example_dags/example_dynamic_task_mapping.py took 0.086 seconds
[2024-02-24T19:09:41.377-0600] {processor.py:161} INFO - Started process (PID=99218) to work on /Users/vamseekrishna/Desktop/F1_Data_Warehouse/f1datawarehouse/lib/python3.9/site-packages/airflow/example_dags/example_dynamic_task_mapping.py
[2024-02-24T19:09:41.379-0600] {processor.py:830} INFO - Processing file /Users/vamseekrishna/Desktop/F1_Data_Warehouse/f1datawarehouse/lib/python3.9/site-packages/airflow/example_dags/example_dynamic_task_mapping.py for tasks to queue
[2024-02-24T19:09:41.379-0600] {logging_mixin.py:188} INFO - [2024-02-24T19:09:41.379-0600] {dagbag.py:538} INFO - Filling up the DagBag from /Users/vamseekrishna/Desktop/F1_Data_Warehouse/f1datawarehouse/lib/python3.9/site-packages/airflow/example_dags/example_dynamic_task_mapping.py
[2024-02-24T19:09:41.394-0600] {processor.py:840} INFO - DAG(s) 'example_dynamic_task_mapping' retrieved from /Users/vamseekrishna/Desktop/F1_Data_Warehouse/f1datawarehouse/lib/python3.9/site-packages/airflow/example_dags/example_dynamic_task_mapping.py
[2024-02-24T19:09:41.441-0600] {logging_mixin.py:188} INFO - [2024-02-24T19:09:41.441-0600] {dag.py:3036} INFO - Sync 1 DAGs
[2024-02-24T19:09:41.450-0600] {logging_mixin.py:188} INFO - [2024-02-24T19:09:41.449-0600] {dag.py:3823} INFO - Setting next_dagrun for example_dynamic_task_mapping to 2022-03-04 00:00:00+00:00, run_after=2022-03-05 00:00:00+00:00
[2024-02-24T19:09:41.457-0600] {processor.py:183} INFO - Processing /Users/vamseekrishna/Desktop/F1_Data_Warehouse/f1datawarehouse/lib/python3.9/site-packages/airflow/example_dags/example_dynamic_task_mapping.py took 0.081 seconds
[2024-02-24T19:11:38.271-0600] {processor.py:161} INFO - Started process (PID=99316) to work on /Users/vamseekrishna/Desktop/F1_Data_Warehouse/f1datawarehouse/lib/python3.9/site-packages/airflow/example_dags/example_dynamic_task_mapping.py
[2024-02-24T19:11:38.273-0600] {processor.py:830} INFO - Processing file /Users/vamseekrishna/Desktop/F1_Data_Warehouse/f1datawarehouse/lib/python3.9/site-packages/airflow/example_dags/example_dynamic_task_mapping.py for tasks to queue
[2024-02-24T19:11:38.273-0600] {logging_mixin.py:188} INFO - [2024-02-24T19:11:38.273-0600] {dagbag.py:538} INFO - Filling up the DagBag from /Users/vamseekrishna/Desktop/F1_Data_Warehouse/f1datawarehouse/lib/python3.9/site-packages/airflow/example_dags/example_dynamic_task_mapping.py
[2024-02-24T19:11:38.289-0600] {processor.py:840} INFO - DAG(s) 'example_dynamic_task_mapping' retrieved from /Users/vamseekrishna/Desktop/F1_Data_Warehouse/f1datawarehouse/lib/python3.9/site-packages/airflow/example_dags/example_dynamic_task_mapping.py
[2024-02-24T19:11:38.335-0600] {logging_mixin.py:188} INFO - [2024-02-24T19:11:38.335-0600] {dag.py:3036} INFO - Sync 1 DAGs
[2024-02-24T19:11:38.344-0600] {logging_mixin.py:188} INFO - [2024-02-24T19:11:38.344-0600] {dag.py:3823} INFO - Setting next_dagrun for example_dynamic_task_mapping to 2022-03-04 00:00:00+00:00, run_after=2022-03-05 00:00:00+00:00
[2024-02-24T19:11:38.352-0600] {processor.py:183} INFO - Processing /Users/vamseekrishna/Desktop/F1_Data_Warehouse/f1datawarehouse/lib/python3.9/site-packages/airflow/example_dags/example_dynamic_task_mapping.py took 0.081 seconds
[2024-02-24T19:13:42.927-0600] {processor.py:161} INFO - Started process (PID=99414) to work on /Users/vamseekrishna/Desktop/F1_Data_Warehouse/f1datawarehouse/lib/python3.9/site-packages/airflow/example_dags/example_dynamic_task_mapping.py
[2024-02-24T19:13:42.929-0600] {processor.py:830} INFO - Processing file /Users/vamseekrishna/Desktop/F1_Data_Warehouse/f1datawarehouse/lib/python3.9/site-packages/airflow/example_dags/example_dynamic_task_mapping.py for tasks to queue
[2024-02-24T19:13:42.929-0600] {logging_mixin.py:188} INFO - [2024-02-24T19:13:42.929-0600] {dagbag.py:538} INFO - Filling up the DagBag from /Users/vamseekrishna/Desktop/F1_Data_Warehouse/f1datawarehouse/lib/python3.9/site-packages/airflow/example_dags/example_dynamic_task_mapping.py
[2024-02-24T19:13:42.945-0600] {processor.py:840} INFO - DAG(s) 'example_dynamic_task_mapping' retrieved from /Users/vamseekrishna/Desktop/F1_Data_Warehouse/f1datawarehouse/lib/python3.9/site-packages/airflow/example_dags/example_dynamic_task_mapping.py
[2024-02-24T19:13:42.992-0600] {logging_mixin.py:188} INFO - [2024-02-24T19:13:42.992-0600] {dag.py:3036} INFO - Sync 1 DAGs
[2024-02-24T19:13:43.001-0600] {logging_mixin.py:188} INFO - [2024-02-24T19:13:43.001-0600] {dag.py:3823} INFO - Setting next_dagrun for example_dynamic_task_mapping to 2022-03-04 00:00:00+00:00, run_after=2022-03-05 00:00:00+00:00
[2024-02-24T19:13:43.009-0600] {processor.py:183} INFO - Processing /Users/vamseekrishna/Desktop/F1_Data_Warehouse/f1datawarehouse/lib/python3.9/site-packages/airflow/example_dags/example_dynamic_task_mapping.py took 0.082 seconds
[2024-02-24T19:15:42.220-0600] {processor.py:161} INFO - Started process (PID=99502) to work on /Users/vamseekrishna/Desktop/F1_Data_Warehouse/f1datawarehouse/lib/python3.9/site-packages/airflow/example_dags/example_dynamic_task_mapping.py
[2024-02-24T19:15:42.222-0600] {processor.py:830} INFO - Processing file /Users/vamseekrishna/Desktop/F1_Data_Warehouse/f1datawarehouse/lib/python3.9/site-packages/airflow/example_dags/example_dynamic_task_mapping.py for tasks to queue
[2024-02-24T19:15:42.222-0600] {logging_mixin.py:188} INFO - [2024-02-24T19:15:42.222-0600] {dagbag.py:538} INFO - Filling up the DagBag from /Users/vamseekrishna/Desktop/F1_Data_Warehouse/f1datawarehouse/lib/python3.9/site-packages/airflow/example_dags/example_dynamic_task_mapping.py
[2024-02-24T19:15:42.237-0600] {processor.py:840} INFO - DAG(s) 'example_dynamic_task_mapping' retrieved from /Users/vamseekrishna/Desktop/F1_Data_Warehouse/f1datawarehouse/lib/python3.9/site-packages/airflow/example_dags/example_dynamic_task_mapping.py
[2024-02-24T19:15:42.284-0600] {logging_mixin.py:188} INFO - [2024-02-24T19:15:42.284-0600] {dag.py:3036} INFO - Sync 1 DAGs
[2024-02-24T19:15:42.292-0600] {logging_mixin.py:188} INFO - [2024-02-24T19:15:42.292-0600] {dag.py:3823} INFO - Setting next_dagrun for example_dynamic_task_mapping to 2022-03-04 00:00:00+00:00, run_after=2022-03-05 00:00:00+00:00
[2024-02-24T19:15:42.301-0600] {processor.py:183} INFO - Processing /Users/vamseekrishna/Desktop/F1_Data_Warehouse/f1datawarehouse/lib/python3.9/site-packages/airflow/example_dags/example_dynamic_task_mapping.py took 0.082 seconds
[2024-02-24T19:17:46.500-0600] {processor.py:161} INFO - Started process (PID=99615) to work on /Users/vamseekrishna/Desktop/F1_Data_Warehouse/f1datawarehouse/lib/python3.9/site-packages/airflow/example_dags/example_dynamic_task_mapping.py
[2024-02-24T19:17:46.502-0600] {processor.py:830} INFO - Processing file /Users/vamseekrishna/Desktop/F1_Data_Warehouse/f1datawarehouse/lib/python3.9/site-packages/airflow/example_dags/example_dynamic_task_mapping.py for tasks to queue
[2024-02-24T19:17:46.503-0600] {logging_mixin.py:188} INFO - [2024-02-24T19:17:46.502-0600] {dagbag.py:538} INFO - Filling up the DagBag from /Users/vamseekrishna/Desktop/F1_Data_Warehouse/f1datawarehouse/lib/python3.9/site-packages/airflow/example_dags/example_dynamic_task_mapping.py
[2024-02-24T19:17:46.518-0600] {processor.py:840} INFO - DAG(s) 'example_dynamic_task_mapping' retrieved from /Users/vamseekrishna/Desktop/F1_Data_Warehouse/f1datawarehouse/lib/python3.9/site-packages/airflow/example_dags/example_dynamic_task_mapping.py
[2024-02-24T19:17:46.565-0600] {logging_mixin.py:188} INFO - [2024-02-24T19:17:46.565-0600] {dag.py:3036} INFO - Sync 1 DAGs
[2024-02-24T19:17:46.574-0600] {logging_mixin.py:188} INFO - [2024-02-24T19:17:46.574-0600] {dag.py:3823} INFO - Setting next_dagrun for example_dynamic_task_mapping to 2022-03-04 00:00:00+00:00, run_after=2022-03-05 00:00:00+00:00
[2024-02-24T19:17:46.582-0600] {processor.py:183} INFO - Processing /Users/vamseekrishna/Desktop/F1_Data_Warehouse/f1datawarehouse/lib/python3.9/site-packages/airflow/example_dags/example_dynamic_task_mapping.py took 0.083 seconds
[2024-02-24T19:19:45.817-0600] {processor.py:161} INFO - Started process (PID=99719) to work on /Users/vamseekrishna/Desktop/F1_Data_Warehouse/f1datawarehouse/lib/python3.9/site-packages/airflow/example_dags/example_dynamic_task_mapping.py
[2024-02-24T19:19:45.819-0600] {processor.py:830} INFO - Processing file /Users/vamseekrishna/Desktop/F1_Data_Warehouse/f1datawarehouse/lib/python3.9/site-packages/airflow/example_dags/example_dynamic_task_mapping.py for tasks to queue
[2024-02-24T19:19:45.819-0600] {logging_mixin.py:188} INFO - [2024-02-24T19:19:45.819-0600] {dagbag.py:538} INFO - Filling up the DagBag from /Users/vamseekrishna/Desktop/F1_Data_Warehouse/f1datawarehouse/lib/python3.9/site-packages/airflow/example_dags/example_dynamic_task_mapping.py
[2024-02-24T19:19:45.835-0600] {processor.py:840} INFO - DAG(s) 'example_dynamic_task_mapping' retrieved from /Users/vamseekrishna/Desktop/F1_Data_Warehouse/f1datawarehouse/lib/python3.9/site-packages/airflow/example_dags/example_dynamic_task_mapping.py
[2024-02-24T19:19:45.883-0600] {logging_mixin.py:188} INFO - [2024-02-24T19:19:45.882-0600] {dag.py:3036} INFO - Sync 1 DAGs
[2024-02-24T19:19:45.891-0600] {logging_mixin.py:188} INFO - [2024-02-24T19:19:45.891-0600] {dag.py:3823} INFO - Setting next_dagrun for example_dynamic_task_mapping to 2022-03-04 00:00:00+00:00, run_after=2022-03-05 00:00:00+00:00
[2024-02-24T19:19:45.900-0600] {processor.py:183} INFO - Processing /Users/vamseekrishna/Desktop/F1_Data_Warehouse/f1datawarehouse/lib/python3.9/site-packages/airflow/example_dags/example_dynamic_task_mapping.py took 0.083 seconds
[2024-02-24T19:21:43.575-0600] {processor.py:161} INFO - Started process (PID=99818) to work on /Users/vamseekrishna/Desktop/F1_Data_Warehouse/f1datawarehouse/lib/python3.9/site-packages/airflow/example_dags/example_dynamic_task_mapping.py
[2024-02-24T19:21:43.577-0600] {processor.py:830} INFO - Processing file /Users/vamseekrishna/Desktop/F1_Data_Warehouse/f1datawarehouse/lib/python3.9/site-packages/airflow/example_dags/example_dynamic_task_mapping.py for tasks to queue
[2024-02-24T19:21:43.578-0600] {logging_mixin.py:188} INFO - [2024-02-24T19:21:43.578-0600] {dagbag.py:538} INFO - Filling up the DagBag from /Users/vamseekrishna/Desktop/F1_Data_Warehouse/f1datawarehouse/lib/python3.9/site-packages/airflow/example_dags/example_dynamic_task_mapping.py
[2024-02-24T19:21:43.593-0600] {processor.py:840} INFO - DAG(s) 'example_dynamic_task_mapping' retrieved from /Users/vamseekrishna/Desktop/F1_Data_Warehouse/f1datawarehouse/lib/python3.9/site-packages/airflow/example_dags/example_dynamic_task_mapping.py
[2024-02-24T19:21:43.639-0600] {logging_mixin.py:188} INFO - [2024-02-24T19:21:43.639-0600] {dag.py:3036} INFO - Sync 1 DAGs
[2024-02-24T19:21:43.648-0600] {logging_mixin.py:188} INFO - [2024-02-24T19:21:43.648-0600] {dag.py:3823} INFO - Setting next_dagrun for example_dynamic_task_mapping to 2022-03-04 00:00:00+00:00, run_after=2022-03-05 00:00:00+00:00
[2024-02-24T19:21:43.656-0600] {processor.py:183} INFO - Processing /Users/vamseekrishna/Desktop/F1_Data_Warehouse/f1datawarehouse/lib/python3.9/site-packages/airflow/example_dags/example_dynamic_task_mapping.py took 0.081 seconds
[2024-02-24T19:23:43.714-0600] {processor.py:161} INFO - Started process (PID=99915) to work on /Users/vamseekrishna/Desktop/F1_Data_Warehouse/f1datawarehouse/lib/python3.9/site-packages/airflow/example_dags/example_dynamic_task_mapping.py
[2024-02-24T19:23:43.716-0600] {processor.py:830} INFO - Processing file /Users/vamseekrishna/Desktop/F1_Data_Warehouse/f1datawarehouse/lib/python3.9/site-packages/airflow/example_dags/example_dynamic_task_mapping.py for tasks to queue
[2024-02-24T19:23:43.717-0600] {logging_mixin.py:188} INFO - [2024-02-24T19:23:43.717-0600] {dagbag.py:538} INFO - Filling up the DagBag from /Users/vamseekrishna/Desktop/F1_Data_Warehouse/f1datawarehouse/lib/python3.9/site-packages/airflow/example_dags/example_dynamic_task_mapping.py
[2024-02-24T19:23:43.732-0600] {processor.py:840} INFO - DAG(s) 'example_dynamic_task_mapping' retrieved from /Users/vamseekrishna/Desktop/F1_Data_Warehouse/f1datawarehouse/lib/python3.9/site-packages/airflow/example_dags/example_dynamic_task_mapping.py
[2024-02-24T19:23:43.781-0600] {logging_mixin.py:188} INFO - [2024-02-24T19:23:43.781-0600] {dag.py:3036} INFO - Sync 1 DAGs
[2024-02-24T19:23:43.789-0600] {logging_mixin.py:188} INFO - [2024-02-24T19:23:43.789-0600] {dag.py:3823} INFO - Setting next_dagrun for example_dynamic_task_mapping to 2022-03-04 00:00:00+00:00, run_after=2022-03-05 00:00:00+00:00
[2024-02-24T19:23:43.797-0600] {processor.py:183} INFO - Processing /Users/vamseekrishna/Desktop/F1_Data_Warehouse/f1datawarehouse/lib/python3.9/site-packages/airflow/example_dags/example_dynamic_task_mapping.py took 0.083 seconds
[2024-02-24T19:25:45.153-0600] {processor.py:161} INFO - Started process (PID=119) to work on /Users/vamseekrishna/Desktop/F1_Data_Warehouse/f1datawarehouse/lib/python3.9/site-packages/airflow/example_dags/example_dynamic_task_mapping.py
[2024-02-24T19:25:45.155-0600] {processor.py:830} INFO - Processing file /Users/vamseekrishna/Desktop/F1_Data_Warehouse/f1datawarehouse/lib/python3.9/site-packages/airflow/example_dags/example_dynamic_task_mapping.py for tasks to queue
[2024-02-24T19:25:45.155-0600] {logging_mixin.py:188} INFO - [2024-02-24T19:25:45.155-0600] {dagbag.py:538} INFO - Filling up the DagBag from /Users/vamseekrishna/Desktop/F1_Data_Warehouse/f1datawarehouse/lib/python3.9/site-packages/airflow/example_dags/example_dynamic_task_mapping.py
[2024-02-24T19:25:45.170-0600] {processor.py:840} INFO - DAG(s) 'example_dynamic_task_mapping' retrieved from /Users/vamseekrishna/Desktop/F1_Data_Warehouse/f1datawarehouse/lib/python3.9/site-packages/airflow/example_dags/example_dynamic_task_mapping.py
[2024-02-24T19:25:45.216-0600] {logging_mixin.py:188} INFO - [2024-02-24T19:25:45.216-0600] {dag.py:3036} INFO - Sync 1 DAGs
[2024-02-24T19:25:45.224-0600] {logging_mixin.py:188} INFO - [2024-02-24T19:25:45.224-0600] {dag.py:3823} INFO - Setting next_dagrun for example_dynamic_task_mapping to 2022-03-04 00:00:00+00:00, run_after=2022-03-05 00:00:00+00:00
[2024-02-24T19:25:45.232-0600] {processor.py:183} INFO - Processing /Users/vamseekrishna/Desktop/F1_Data_Warehouse/f1datawarehouse/lib/python3.9/site-packages/airflow/example_dags/example_dynamic_task_mapping.py took 0.080 seconds
[2024-02-24T19:28:02.302-0600] {processor.py:161} INFO - Started process (PID=263) to work on /Users/vamseekrishna/Desktop/F1_Data_Warehouse/f1datawarehouse/lib/python3.9/site-packages/airflow/example_dags/example_dynamic_task_mapping.py
[2024-02-24T19:28:02.304-0600] {processor.py:830} INFO - Processing file /Users/vamseekrishna/Desktop/F1_Data_Warehouse/f1datawarehouse/lib/python3.9/site-packages/airflow/example_dags/example_dynamic_task_mapping.py for tasks to queue
[2024-02-24T19:28:02.305-0600] {logging_mixin.py:188} INFO - [2024-02-24T19:28:02.305-0600] {dagbag.py:538} INFO - Filling up the DagBag from /Users/vamseekrishna/Desktop/F1_Data_Warehouse/f1datawarehouse/lib/python3.9/site-packages/airflow/example_dags/example_dynamic_task_mapping.py
[2024-02-24T19:28:02.320-0600] {processor.py:840} INFO - DAG(s) 'example_dynamic_task_mapping' retrieved from /Users/vamseekrishna/Desktop/F1_Data_Warehouse/f1datawarehouse/lib/python3.9/site-packages/airflow/example_dags/example_dynamic_task_mapping.py
[2024-02-24T19:28:02.366-0600] {logging_mixin.py:188} INFO - [2024-02-24T19:28:02.366-0600] {dag.py:3036} INFO - Sync 1 DAGs
[2024-02-24T19:28:02.377-0600] {logging_mixin.py:188} INFO - [2024-02-24T19:28:02.376-0600] {dag.py:3823} INFO - Setting next_dagrun for example_dynamic_task_mapping to 2022-03-04 00:00:00+00:00, run_after=2022-03-05 00:00:00+00:00
[2024-02-24T19:28:02.387-0600] {processor.py:183} INFO - Processing /Users/vamseekrishna/Desktop/F1_Data_Warehouse/f1datawarehouse/lib/python3.9/site-packages/airflow/example_dags/example_dynamic_task_mapping.py took 0.085 seconds
[2024-02-24T19:30:06.908-0600] {processor.py:161} INFO - Started process (PID=365) to work on /Users/vamseekrishna/Desktop/F1_Data_Warehouse/f1datawarehouse/lib/python3.9/site-packages/airflow/example_dags/example_dynamic_task_mapping.py
[2024-02-24T19:30:06.910-0600] {processor.py:830} INFO - Processing file /Users/vamseekrishna/Desktop/F1_Data_Warehouse/f1datawarehouse/lib/python3.9/site-packages/airflow/example_dags/example_dynamic_task_mapping.py for tasks to queue
[2024-02-24T19:30:06.910-0600] {logging_mixin.py:188} INFO - [2024-02-24T19:30:06.910-0600] {dagbag.py:538} INFO - Filling up the DagBag from /Users/vamseekrishna/Desktop/F1_Data_Warehouse/f1datawarehouse/lib/python3.9/site-packages/airflow/example_dags/example_dynamic_task_mapping.py
[2024-02-24T19:30:06.929-0600] {processor.py:840} INFO - DAG(s) 'example_dynamic_task_mapping' retrieved from /Users/vamseekrishna/Desktop/F1_Data_Warehouse/f1datawarehouse/lib/python3.9/site-packages/airflow/example_dags/example_dynamic_task_mapping.py
[2024-02-24T19:30:06.976-0600] {logging_mixin.py:188} INFO - [2024-02-24T19:30:06.975-0600] {dag.py:3036} INFO - Sync 1 DAGs
[2024-02-24T19:30:06.985-0600] {logging_mixin.py:188} INFO - [2024-02-24T19:30:06.985-0600] {dag.py:3823} INFO - Setting next_dagrun for example_dynamic_task_mapping to 2022-03-04 00:00:00+00:00, run_after=2022-03-05 00:00:00+00:00
[2024-02-24T19:30:06.993-0600] {processor.py:183} INFO - Processing /Users/vamseekrishna/Desktop/F1_Data_Warehouse/f1datawarehouse/lib/python3.9/site-packages/airflow/example_dags/example_dynamic_task_mapping.py took 0.085 seconds
[2024-02-24T19:32:13.676-0600] {processor.py:161} INFO - Started process (PID=480) to work on /Users/vamseekrishna/Desktop/F1_Data_Warehouse/f1datawarehouse/lib/python3.9/site-packages/airflow/example_dags/example_dynamic_task_mapping.py
[2024-02-24T19:32:13.678-0600] {processor.py:830} INFO - Processing file /Users/vamseekrishna/Desktop/F1_Data_Warehouse/f1datawarehouse/lib/python3.9/site-packages/airflow/example_dags/example_dynamic_task_mapping.py for tasks to queue
[2024-02-24T19:32:13.678-0600] {logging_mixin.py:188} INFO - [2024-02-24T19:32:13.678-0600] {dagbag.py:538} INFO - Filling up the DagBag from /Users/vamseekrishna/Desktop/F1_Data_Warehouse/f1datawarehouse/lib/python3.9/site-packages/airflow/example_dags/example_dynamic_task_mapping.py
[2024-02-24T19:32:13.693-0600] {processor.py:840} INFO - DAG(s) 'example_dynamic_task_mapping' retrieved from /Users/vamseekrishna/Desktop/F1_Data_Warehouse/f1datawarehouse/lib/python3.9/site-packages/airflow/example_dags/example_dynamic_task_mapping.py
[2024-02-24T19:32:13.740-0600] {logging_mixin.py:188} INFO - [2024-02-24T19:32:13.739-0600] {dag.py:3036} INFO - Sync 1 DAGs
[2024-02-24T19:32:13.748-0600] {logging_mixin.py:188} INFO - [2024-02-24T19:32:13.748-0600] {dag.py:3823} INFO - Setting next_dagrun for example_dynamic_task_mapping to 2022-03-04 00:00:00+00:00, run_after=2022-03-05 00:00:00+00:00
[2024-02-24T19:32:13.756-0600] {processor.py:183} INFO - Processing /Users/vamseekrishna/Desktop/F1_Data_Warehouse/f1datawarehouse/lib/python3.9/site-packages/airflow/example_dags/example_dynamic_task_mapping.py took 0.080 seconds
[2024-02-24T19:34:14.562-0600] {processor.py:161} INFO - Started process (PID=634) to work on /Users/vamseekrishna/Desktop/F1_Data_Warehouse/f1datawarehouse/lib/python3.9/site-packages/airflow/example_dags/example_dynamic_task_mapping.py
[2024-02-24T19:34:14.566-0600] {processor.py:830} INFO - Processing file /Users/vamseekrishna/Desktop/F1_Data_Warehouse/f1datawarehouse/lib/python3.9/site-packages/airflow/example_dags/example_dynamic_task_mapping.py for tasks to queue
[2024-02-24T19:34:14.566-0600] {logging_mixin.py:188} INFO - [2024-02-24T19:34:14.566-0600] {dagbag.py:538} INFO - Filling up the DagBag from /Users/vamseekrishna/Desktop/F1_Data_Warehouse/f1datawarehouse/lib/python3.9/site-packages/airflow/example_dags/example_dynamic_task_mapping.py
[2024-02-24T19:34:14.581-0600] {processor.py:840} INFO - DAG(s) 'example_dynamic_task_mapping' retrieved from /Users/vamseekrishna/Desktop/F1_Data_Warehouse/f1datawarehouse/lib/python3.9/site-packages/airflow/example_dags/example_dynamic_task_mapping.py
[2024-02-24T19:34:14.627-0600] {logging_mixin.py:188} INFO - [2024-02-24T19:34:14.627-0600] {dag.py:3036} INFO - Sync 1 DAGs
[2024-02-24T19:34:14.636-0600] {logging_mixin.py:188} INFO - [2024-02-24T19:34:14.636-0600] {dag.py:3823} INFO - Setting next_dagrun for example_dynamic_task_mapping to 2022-03-04 00:00:00+00:00, run_after=2022-03-05 00:00:00+00:00
[2024-02-24T19:34:14.644-0600] {processor.py:183} INFO - Processing /Users/vamseekrishna/Desktop/F1_Data_Warehouse/f1datawarehouse/lib/python3.9/site-packages/airflow/example_dags/example_dynamic_task_mapping.py took 0.083 seconds
[2024-02-24T19:36:24.376-0600] {processor.py:161} INFO - Started process (PID=789) to work on /Users/vamseekrishna/Desktop/F1_Data_Warehouse/f1datawarehouse/lib/python3.9/site-packages/airflow/example_dags/example_dynamic_task_mapping.py
[2024-02-24T19:36:24.378-0600] {processor.py:830} INFO - Processing file /Users/vamseekrishna/Desktop/F1_Data_Warehouse/f1datawarehouse/lib/python3.9/site-packages/airflow/example_dags/example_dynamic_task_mapping.py for tasks to queue
[2024-02-24T19:36:24.378-0600] {logging_mixin.py:188} INFO - [2024-02-24T19:36:24.378-0600] {dagbag.py:538} INFO - Filling up the DagBag from /Users/vamseekrishna/Desktop/F1_Data_Warehouse/f1datawarehouse/lib/python3.9/site-packages/airflow/example_dags/example_dynamic_task_mapping.py
[2024-02-24T19:36:24.394-0600] {processor.py:840} INFO - DAG(s) 'example_dynamic_task_mapping' retrieved from /Users/vamseekrishna/Desktop/F1_Data_Warehouse/f1datawarehouse/lib/python3.9/site-packages/airflow/example_dags/example_dynamic_task_mapping.py
[2024-02-24T19:36:24.449-0600] {logging_mixin.py:188} INFO - [2024-02-24T19:36:24.449-0600] {dag.py:3036} INFO - Sync 1 DAGs
[2024-02-24T19:36:24.458-0600] {logging_mixin.py:188} INFO - [2024-02-24T19:36:24.458-0600] {dag.py:3823} INFO - Setting next_dagrun for example_dynamic_task_mapping to 2022-03-04 00:00:00+00:00, run_after=2022-03-05 00:00:00+00:00
[2024-02-24T19:36:24.466-0600] {processor.py:183} INFO - Processing /Users/vamseekrishna/Desktop/F1_Data_Warehouse/f1datawarehouse/lib/python3.9/site-packages/airflow/example_dags/example_dynamic_task_mapping.py took 0.091 seconds
[2024-02-24T19:38:36.177-0600] {processor.py:161} INFO - Started process (PID=918) to work on /Users/vamseekrishna/Desktop/F1_Data_Warehouse/f1datawarehouse/lib/python3.9/site-packages/airflow/example_dags/example_dynamic_task_mapping.py
[2024-02-24T19:38:36.179-0600] {processor.py:830} INFO - Processing file /Users/vamseekrishna/Desktop/F1_Data_Warehouse/f1datawarehouse/lib/python3.9/site-packages/airflow/example_dags/example_dynamic_task_mapping.py for tasks to queue
[2024-02-24T19:38:36.180-0600] {logging_mixin.py:188} INFO - [2024-02-24T19:38:36.180-0600] {dagbag.py:538} INFO - Filling up the DagBag from /Users/vamseekrishna/Desktop/F1_Data_Warehouse/f1datawarehouse/lib/python3.9/site-packages/airflow/example_dags/example_dynamic_task_mapping.py
[2024-02-24T19:38:36.195-0600] {processor.py:840} INFO - DAG(s) 'example_dynamic_task_mapping' retrieved from /Users/vamseekrishna/Desktop/F1_Data_Warehouse/f1datawarehouse/lib/python3.9/site-packages/airflow/example_dags/example_dynamic_task_mapping.py
[2024-02-24T19:38:36.241-0600] {logging_mixin.py:188} INFO - [2024-02-24T19:38:36.241-0600] {dag.py:3036} INFO - Sync 1 DAGs
[2024-02-24T19:38:36.250-0600] {logging_mixin.py:188} INFO - [2024-02-24T19:38:36.250-0600] {dag.py:3823} INFO - Setting next_dagrun for example_dynamic_task_mapping to 2022-03-04 00:00:00+00:00, run_after=2022-03-05 00:00:00+00:00
[2024-02-24T19:38:36.257-0600] {processor.py:183} INFO - Processing /Users/vamseekrishna/Desktop/F1_Data_Warehouse/f1datawarehouse/lib/python3.9/site-packages/airflow/example_dags/example_dynamic_task_mapping.py took 0.081 seconds
[2024-02-24T19:40:39.587-0600] {processor.py:161} INFO - Started process (PID=1072) to work on /Users/vamseekrishna/Desktop/F1_Data_Warehouse/f1datawarehouse/lib/python3.9/site-packages/airflow/example_dags/example_dynamic_task_mapping.py
[2024-02-24T19:40:39.589-0600] {processor.py:830} INFO - Processing file /Users/vamseekrishna/Desktop/F1_Data_Warehouse/f1datawarehouse/lib/python3.9/site-packages/airflow/example_dags/example_dynamic_task_mapping.py for tasks to queue
[2024-02-24T19:40:39.589-0600] {logging_mixin.py:188} INFO - [2024-02-24T19:40:39.589-0600] {dagbag.py:538} INFO - Filling up the DagBag from /Users/vamseekrishna/Desktop/F1_Data_Warehouse/f1datawarehouse/lib/python3.9/site-packages/airflow/example_dags/example_dynamic_task_mapping.py
[2024-02-24T19:40:39.606-0600] {processor.py:840} INFO - DAG(s) 'example_dynamic_task_mapping' retrieved from /Users/vamseekrishna/Desktop/F1_Data_Warehouse/f1datawarehouse/lib/python3.9/site-packages/airflow/example_dags/example_dynamic_task_mapping.py
[2024-02-24T19:40:39.654-0600] {logging_mixin.py:188} INFO - [2024-02-24T19:40:39.654-0600] {dag.py:3036} INFO - Sync 1 DAGs
[2024-02-24T19:40:39.663-0600] {logging_mixin.py:188} INFO - [2024-02-24T19:40:39.663-0600] {dag.py:3823} INFO - Setting next_dagrun for example_dynamic_task_mapping to 2022-03-04 00:00:00+00:00, run_after=2022-03-05 00:00:00+00:00
[2024-02-24T19:40:39.672-0600] {processor.py:183} INFO - Processing /Users/vamseekrishna/Desktop/F1_Data_Warehouse/f1datawarehouse/lib/python3.9/site-packages/airflow/example_dags/example_dynamic_task_mapping.py took 0.086 seconds
[2024-02-24T19:42:47.193-0600] {processor.py:161} INFO - Started process (PID=1235) to work on /Users/vamseekrishna/Desktop/F1_Data_Warehouse/f1datawarehouse/lib/python3.9/site-packages/airflow/example_dags/example_dynamic_task_mapping.py
[2024-02-24T19:42:47.196-0600] {processor.py:830} INFO - Processing file /Users/vamseekrishna/Desktop/F1_Data_Warehouse/f1datawarehouse/lib/python3.9/site-packages/airflow/example_dags/example_dynamic_task_mapping.py for tasks to queue
[2024-02-24T19:42:47.196-0600] {logging_mixin.py:188} INFO - [2024-02-24T19:42:47.196-0600] {dagbag.py:538} INFO - Filling up the DagBag from /Users/vamseekrishna/Desktop/F1_Data_Warehouse/f1datawarehouse/lib/python3.9/site-packages/airflow/example_dags/example_dynamic_task_mapping.py
[2024-02-24T19:42:47.214-0600] {processor.py:840} INFO - DAG(s) 'example_dynamic_task_mapping' retrieved from /Users/vamseekrishna/Desktop/F1_Data_Warehouse/f1datawarehouse/lib/python3.9/site-packages/airflow/example_dags/example_dynamic_task_mapping.py
[2024-02-24T19:42:47.264-0600] {logging_mixin.py:188} INFO - [2024-02-24T19:42:47.264-0600] {dag.py:3036} INFO - Sync 1 DAGs
[2024-02-24T19:42:47.273-0600] {logging_mixin.py:188} INFO - [2024-02-24T19:42:47.273-0600] {dag.py:3823} INFO - Setting next_dagrun for example_dynamic_task_mapping to 2022-03-04 00:00:00+00:00, run_after=2022-03-05 00:00:00+00:00
[2024-02-24T19:42:47.281-0600] {processor.py:183} INFO - Processing /Users/vamseekrishna/Desktop/F1_Data_Warehouse/f1datawarehouse/lib/python3.9/site-packages/airflow/example_dags/example_dynamic_task_mapping.py took 0.088 seconds
[2024-02-24T19:45:22.735-0600] {processor.py:161} INFO - Started process (PID=1550) to work on /Users/vamseekrishna/Desktop/F1_Data_Warehouse/f1datawarehouse/lib/python3.9/site-packages/airflow/example_dags/example_dynamic_task_mapping.py
[2024-02-24T19:45:22.737-0600] {processor.py:830} INFO - Processing file /Users/vamseekrishna/Desktop/F1_Data_Warehouse/f1datawarehouse/lib/python3.9/site-packages/airflow/example_dags/example_dynamic_task_mapping.py for tasks to queue
[2024-02-24T19:45:22.738-0600] {logging_mixin.py:188} INFO - [2024-02-24T19:45:22.738-0600] {dagbag.py:538} INFO - Filling up the DagBag from /Users/vamseekrishna/Desktop/F1_Data_Warehouse/f1datawarehouse/lib/python3.9/site-packages/airflow/example_dags/example_dynamic_task_mapping.py
[2024-02-24T19:45:22.762-0600] {processor.py:840} INFO - DAG(s) 'example_dynamic_task_mapping' retrieved from /Users/vamseekrishna/Desktop/F1_Data_Warehouse/f1datawarehouse/lib/python3.9/site-packages/airflow/example_dags/example_dynamic_task_mapping.py
[2024-02-24T19:45:22.821-0600] {logging_mixin.py:188} INFO - [2024-02-24T19:45:22.821-0600] {dag.py:3036} INFO - Sync 1 DAGs
[2024-02-24T19:45:22.831-0600] {logging_mixin.py:188} INFO - [2024-02-24T19:45:22.831-0600] {dag.py:3823} INFO - Setting next_dagrun for example_dynamic_task_mapping to 2022-03-04 00:00:00+00:00, run_after=2022-03-05 00:00:00+00:00
[2024-02-24T19:45:22.841-0600] {processor.py:183} INFO - Processing /Users/vamseekrishna/Desktop/F1_Data_Warehouse/f1datawarehouse/lib/python3.9/site-packages/airflow/example_dags/example_dynamic_task_mapping.py took 0.107 seconds
[2024-02-24T19:47:46.287-0600] {processor.py:161} INFO - Started process (PID=1769) to work on /Users/vamseekrishna/Desktop/F1_Data_Warehouse/f1datawarehouse/lib/python3.9/site-packages/airflow/example_dags/example_dynamic_task_mapping.py
[2024-02-24T19:47:46.289-0600] {processor.py:830} INFO - Processing file /Users/vamseekrishna/Desktop/F1_Data_Warehouse/f1datawarehouse/lib/python3.9/site-packages/airflow/example_dags/example_dynamic_task_mapping.py for tasks to queue
[2024-02-24T19:47:46.289-0600] {logging_mixin.py:188} INFO - [2024-02-24T19:47:46.289-0600] {dagbag.py:538} INFO - Filling up the DagBag from /Users/vamseekrishna/Desktop/F1_Data_Warehouse/f1datawarehouse/lib/python3.9/site-packages/airflow/example_dags/example_dynamic_task_mapping.py
[2024-02-24T19:47:46.306-0600] {processor.py:840} INFO - DAG(s) 'example_dynamic_task_mapping' retrieved from /Users/vamseekrishna/Desktop/F1_Data_Warehouse/f1datawarehouse/lib/python3.9/site-packages/airflow/example_dags/example_dynamic_task_mapping.py
[2024-02-24T19:47:46.355-0600] {logging_mixin.py:188} INFO - [2024-02-24T19:47:46.355-0600] {dag.py:3036} INFO - Sync 1 DAGs
[2024-02-24T19:47:46.363-0600] {logging_mixin.py:188} INFO - [2024-02-24T19:47:46.363-0600] {dag.py:3823} INFO - Setting next_dagrun for example_dynamic_task_mapping to 2022-03-04 00:00:00+00:00, run_after=2022-03-05 00:00:00+00:00
[2024-02-24T19:47:46.372-0600] {processor.py:183} INFO - Processing /Users/vamseekrishna/Desktop/F1_Data_Warehouse/f1datawarehouse/lib/python3.9/site-packages/airflow/example_dags/example_dynamic_task_mapping.py took 0.085 seconds
[2024-02-24T19:49:59.913-0600] {processor.py:161} INFO - Started process (PID=1943) to work on /Users/vamseekrishna/Desktop/F1_Data_Warehouse/f1datawarehouse/lib/python3.9/site-packages/airflow/example_dags/example_dynamic_task_mapping.py
[2024-02-24T19:49:59.915-0600] {processor.py:830} INFO - Processing file /Users/vamseekrishna/Desktop/F1_Data_Warehouse/f1datawarehouse/lib/python3.9/site-packages/airflow/example_dags/example_dynamic_task_mapping.py for tasks to queue
[2024-02-24T19:49:59.915-0600] {logging_mixin.py:188} INFO - [2024-02-24T19:49:59.915-0600] {dagbag.py:538} INFO - Filling up the DagBag from /Users/vamseekrishna/Desktop/F1_Data_Warehouse/f1datawarehouse/lib/python3.9/site-packages/airflow/example_dags/example_dynamic_task_mapping.py
[2024-02-24T19:49:59.933-0600] {processor.py:840} INFO - DAG(s) 'example_dynamic_task_mapping' retrieved from /Users/vamseekrishna/Desktop/F1_Data_Warehouse/f1datawarehouse/lib/python3.9/site-packages/airflow/example_dags/example_dynamic_task_mapping.py
[2024-02-24T19:49:59.983-0600] {logging_mixin.py:188} INFO - [2024-02-24T19:49:59.983-0600] {dag.py:3036} INFO - Sync 1 DAGs
[2024-02-24T19:49:59.992-0600] {logging_mixin.py:188} INFO - [2024-02-24T19:49:59.992-0600] {dag.py:3823} INFO - Setting next_dagrun for example_dynamic_task_mapping to 2022-03-04 00:00:00+00:00, run_after=2022-03-05 00:00:00+00:00
[2024-02-24T19:50:00.001-0600] {processor.py:183} INFO - Processing /Users/vamseekrishna/Desktop/F1_Data_Warehouse/f1datawarehouse/lib/python3.9/site-packages/airflow/example_dags/example_dynamic_task_mapping.py took 0.088 seconds
