[2024-02-24T21:37:25.395-0600] {processor.py:161} INFO - Started process (PID=8297) to work on /Users/vamseekrishna/Desktop/F1_Data_Warehouse/f1datawarehouse/lib/python3.9/site-packages/airflow/example_dags/example_datasets.py
[2024-02-24T21:37:25.396-0600] {processor.py:830} INFO - Processing file /Users/vamseekrishna/Desktop/F1_Data_Warehouse/f1datawarehouse/lib/python3.9/site-packages/airflow/example_dags/example_datasets.py for tasks to queue
[2024-02-24T21:37:25.396-0600] {logging_mixin.py:188} INFO - [2024-02-24T21:37:25.396-0600] {dagbag.py:538} INFO - Filling up the DagBag from /Users/vamseekrishna/Desktop/F1_Data_Warehouse/f1datawarehouse/lib/python3.9/site-packages/airflow/example_dags/example_datasets.py
[2024-02-24T21:37:25.402-0600] {processor.py:840} INFO - DAG(s) 'dataset_consumes_1', 'dataset_produces_2', 'dataset_consumes_unknown_never_scheduled', 'dataset_consumes_1_and_2', 'dataset_consumes_1_never_scheduled', 'dataset_produces_1' retrieved from /Users/vamseekrishna/Desktop/F1_Data_Warehouse/f1datawarehouse/lib/python3.9/site-packages/airflow/example_dags/example_datasets.py
[2024-02-24T21:37:25.509-0600] {logging_mixin.py:188} INFO - [2024-02-24T21:37:25.509-0600] {dag.py:3036} INFO - Sync 6 DAGs
[2024-02-24T21:37:25.517-0600] {logging_mixin.py:188} INFO - [2024-02-24T21:37:25.517-0600] {dag.py:3823} INFO - Setting next_dagrun for dataset_consumes_1 to None, run_after=None
[2024-02-24T21:37:25.518-0600] {logging_mixin.py:188} INFO - [2024-02-24T21:37:25.518-0600] {dag.py:3823} INFO - Setting next_dagrun for dataset_consumes_1_and_2 to None, run_after=None
[2024-02-24T21:37:25.519-0600] {logging_mixin.py:188} INFO - [2024-02-24T21:37:25.519-0600] {dag.py:3823} INFO - Setting next_dagrun for dataset_consumes_1_never_scheduled to None, run_after=None
[2024-02-24T21:37:25.519-0600] {logging_mixin.py:188} INFO - [2024-02-24T21:37:25.519-0600] {dag.py:3823} INFO - Setting next_dagrun for dataset_consumes_unknown_never_scheduled to None, run_after=None
[2024-02-24T21:37:25.520-0600] {logging_mixin.py:188} INFO - [2024-02-24T21:37:25.520-0600] {dag.py:3823} INFO - Setting next_dagrun for dataset_produces_1 to 2024-02-24 00:00:00+00:00, run_after=2024-02-25 00:00:00+00:00
[2024-02-24T21:37:25.520-0600] {logging_mixin.py:188} INFO - [2024-02-24T21:37:25.520-0600] {dag.py:3823} INFO - Setting next_dagrun for dataset_produces_2 to None, run_after=None
[2024-02-24T21:37:25.532-0600] {processor.py:183} INFO - Processing /Users/vamseekrishna/Desktop/F1_Data_Warehouse/f1datawarehouse/lib/python3.9/site-packages/airflow/example_dags/example_datasets.py took 0.138 seconds
[2024-02-24T21:39:23.795-0600] {processor.py:161} INFO - Started process (PID=8490) to work on /Users/vamseekrishna/Desktop/F1_Data_Warehouse/f1datawarehouse/lib/python3.9/site-packages/airflow/example_dags/example_datasets.py
[2024-02-24T21:39:23.797-0600] {processor.py:830} INFO - Processing file /Users/vamseekrishna/Desktop/F1_Data_Warehouse/f1datawarehouse/lib/python3.9/site-packages/airflow/example_dags/example_datasets.py for tasks to queue
[2024-02-24T21:39:23.797-0600] {logging_mixin.py:188} INFO - [2024-02-24T21:39:23.797-0600] {dagbag.py:538} INFO - Filling up the DagBag from /Users/vamseekrishna/Desktop/F1_Data_Warehouse/f1datawarehouse/lib/python3.9/site-packages/airflow/example_dags/example_datasets.py
[2024-02-24T21:39:23.802-0600] {processor.py:840} INFO - DAG(s) 'dataset_produces_2', 'dataset_produces_1', 'dataset_consumes_1', 'dataset_consumes_1_never_scheduled', 'dataset_consumes_1_and_2', 'dataset_consumes_unknown_never_scheduled' retrieved from /Users/vamseekrishna/Desktop/F1_Data_Warehouse/f1datawarehouse/lib/python3.9/site-packages/airflow/example_dags/example_datasets.py
[2024-02-24T21:39:23.858-0600] {logging_mixin.py:188} INFO - [2024-02-24T21:39:23.858-0600] {dag.py:3036} INFO - Sync 6 DAGs
[2024-02-24T21:39:23.866-0600] {logging_mixin.py:188} INFO - [2024-02-24T21:39:23.866-0600] {dag.py:3823} INFO - Setting next_dagrun for dataset_consumes_1 to None, run_after=None
[2024-02-24T21:39:23.867-0600] {logging_mixin.py:188} INFO - [2024-02-24T21:39:23.867-0600] {dag.py:3823} INFO - Setting next_dagrun for dataset_consumes_1_and_2 to None, run_after=None
[2024-02-24T21:39:23.867-0600] {logging_mixin.py:188} INFO - [2024-02-24T21:39:23.867-0600] {dag.py:3823} INFO - Setting next_dagrun for dataset_consumes_1_never_scheduled to None, run_after=None
[2024-02-24T21:39:23.868-0600] {logging_mixin.py:188} INFO - [2024-02-24T21:39:23.868-0600] {dag.py:3823} INFO - Setting next_dagrun for dataset_consumes_unknown_never_scheduled to None, run_after=None
[2024-02-24T21:39:23.869-0600] {logging_mixin.py:188} INFO - [2024-02-24T21:39:23.869-0600] {dag.py:3823} INFO - Setting next_dagrun for dataset_produces_1 to 2024-02-24 00:00:00+00:00, run_after=2024-02-25 00:00:00+00:00
[2024-02-24T21:39:23.869-0600] {logging_mixin.py:188} INFO - [2024-02-24T21:39:23.869-0600] {dag.py:3823} INFO - Setting next_dagrun for dataset_produces_2 to None, run_after=None
[2024-02-24T21:39:23.880-0600] {processor.py:183} INFO - Processing /Users/vamseekrishna/Desktop/F1_Data_Warehouse/f1datawarehouse/lib/python3.9/site-packages/airflow/example_dags/example_datasets.py took 0.086 seconds
[2024-02-24T21:41:29.522-0600] {processor.py:161} INFO - Started process (PID=8687) to work on /Users/vamseekrishna/Desktop/F1_Data_Warehouse/f1datawarehouse/lib/python3.9/site-packages/airflow/example_dags/example_datasets.py
[2024-02-24T21:41:29.523-0600] {processor.py:830} INFO - Processing file /Users/vamseekrishna/Desktop/F1_Data_Warehouse/f1datawarehouse/lib/python3.9/site-packages/airflow/example_dags/example_datasets.py for tasks to queue
[2024-02-24T21:41:29.524-0600] {logging_mixin.py:188} INFO - [2024-02-24T21:41:29.524-0600] {dagbag.py:538} INFO - Filling up the DagBag from /Users/vamseekrishna/Desktop/F1_Data_Warehouse/f1datawarehouse/lib/python3.9/site-packages/airflow/example_dags/example_datasets.py
[2024-02-24T21:41:29.529-0600] {processor.py:840} INFO - DAG(s) 'dataset_consumes_1_and_2', 'dataset_produces_1', 'dataset_consumes_1', 'dataset_consumes_unknown_never_scheduled', 'dataset_produces_2', 'dataset_consumes_1_never_scheduled' retrieved from /Users/vamseekrishna/Desktop/F1_Data_Warehouse/f1datawarehouse/lib/python3.9/site-packages/airflow/example_dags/example_datasets.py
[2024-02-24T21:41:29.584-0600] {logging_mixin.py:188} INFO - [2024-02-24T21:41:29.584-0600] {dag.py:3036} INFO - Sync 6 DAGs
[2024-02-24T21:41:29.592-0600] {logging_mixin.py:188} INFO - [2024-02-24T21:41:29.592-0600] {dag.py:3823} INFO - Setting next_dagrun for dataset_consumes_1 to None, run_after=None
[2024-02-24T21:41:29.593-0600] {logging_mixin.py:188} INFO - [2024-02-24T21:41:29.593-0600] {dag.py:3823} INFO - Setting next_dagrun for dataset_consumes_1_and_2 to None, run_after=None
[2024-02-24T21:41:29.593-0600] {logging_mixin.py:188} INFO - [2024-02-24T21:41:29.593-0600] {dag.py:3823} INFO - Setting next_dagrun for dataset_consumes_1_never_scheduled to None, run_after=None
[2024-02-24T21:41:29.594-0600] {logging_mixin.py:188} INFO - [2024-02-24T21:41:29.594-0600] {dag.py:3823} INFO - Setting next_dagrun for dataset_consumes_unknown_never_scheduled to None, run_after=None
[2024-02-24T21:41:29.595-0600] {logging_mixin.py:188} INFO - [2024-02-24T21:41:29.594-0600] {dag.py:3823} INFO - Setting next_dagrun for dataset_produces_1 to 2024-02-24 00:00:00+00:00, run_after=2024-02-25 00:00:00+00:00
[2024-02-24T21:41:29.595-0600] {logging_mixin.py:188} INFO - [2024-02-24T21:41:29.595-0600] {dag.py:3823} INFO - Setting next_dagrun for dataset_produces_2 to None, run_after=None
[2024-02-24T21:41:29.607-0600] {processor.py:183} INFO - Processing /Users/vamseekrishna/Desktop/F1_Data_Warehouse/f1datawarehouse/lib/python3.9/site-packages/airflow/example_dags/example_datasets.py took 0.085 seconds
[2024-02-24T21:50:26.751-0600] {processor.py:161} INFO - Started process (PID=9106) to work on /Users/vamseekrishna/Desktop/F1_Data_Warehouse/f1datawarehouse/lib/python3.9/site-packages/airflow/example_dags/example_datasets.py
[2024-02-24T21:50:26.753-0600] {processor.py:830} INFO - Processing file /Users/vamseekrishna/Desktop/F1_Data_Warehouse/f1datawarehouse/lib/python3.9/site-packages/airflow/example_dags/example_datasets.py for tasks to queue
[2024-02-24T21:50:26.754-0600] {logging_mixin.py:188} INFO - [2024-02-24T21:50:26.754-0600] {dagbag.py:538} INFO - Filling up the DagBag from /Users/vamseekrishna/Desktop/F1_Data_Warehouse/f1datawarehouse/lib/python3.9/site-packages/airflow/example_dags/example_datasets.py
[2024-02-24T21:50:26.759-0600] {processor.py:840} INFO - DAG(s) 'dataset_produces_2', 'dataset_consumes_1', 'dataset_consumes_1_never_scheduled', 'dataset_consumes_unknown_never_scheduled', 'dataset_consumes_1_and_2', 'dataset_produces_1' retrieved from /Users/vamseekrishna/Desktop/F1_Data_Warehouse/f1datawarehouse/lib/python3.9/site-packages/airflow/example_dags/example_datasets.py
[2024-02-24T21:50:26.814-0600] {logging_mixin.py:188} INFO - [2024-02-24T21:50:26.814-0600] {dag.py:3036} INFO - Sync 6 DAGs
[2024-02-24T21:50:26.822-0600] {logging_mixin.py:188} INFO - [2024-02-24T21:50:26.822-0600] {dag.py:3823} INFO - Setting next_dagrun for dataset_consumes_1 to None, run_after=None
[2024-02-24T21:50:26.823-0600] {logging_mixin.py:188} INFO - [2024-02-24T21:50:26.823-0600] {dag.py:3823} INFO - Setting next_dagrun for dataset_consumes_1_and_2 to None, run_after=None
[2024-02-24T21:50:26.824-0600] {logging_mixin.py:188} INFO - [2024-02-24T21:50:26.824-0600] {dag.py:3823} INFO - Setting next_dagrun for dataset_consumes_1_never_scheduled to None, run_after=None
[2024-02-24T21:50:26.824-0600] {logging_mixin.py:188} INFO - [2024-02-24T21:50:26.824-0600] {dag.py:3823} INFO - Setting next_dagrun for dataset_consumes_unknown_never_scheduled to None, run_after=None
[2024-02-24T21:50:26.825-0600] {logging_mixin.py:188} INFO - [2024-02-24T21:50:26.825-0600] {dag.py:3823} INFO - Setting next_dagrun for dataset_produces_1 to 2024-02-24 00:00:00+00:00, run_after=2024-02-25 00:00:00+00:00
[2024-02-24T21:50:26.825-0600] {logging_mixin.py:188} INFO - [2024-02-24T21:50:26.825-0600] {dag.py:3823} INFO - Setting next_dagrun for dataset_produces_2 to None, run_after=None
[2024-02-24T21:50:26.836-0600] {processor.py:183} INFO - Processing /Users/vamseekrishna/Desktop/F1_Data_Warehouse/f1datawarehouse/lib/python3.9/site-packages/airflow/example_dags/example_datasets.py took 0.086 seconds
[2024-02-24T21:52:26.955-0600] {processor.py:161} INFO - Started process (PID=9231) to work on /Users/vamseekrishna/Desktop/F1_Data_Warehouse/f1datawarehouse/lib/python3.9/site-packages/airflow/example_dags/example_datasets.py
[2024-02-24T21:52:26.957-0600] {processor.py:830} INFO - Processing file /Users/vamseekrishna/Desktop/F1_Data_Warehouse/f1datawarehouse/lib/python3.9/site-packages/airflow/example_dags/example_datasets.py for tasks to queue
[2024-02-24T21:52:26.957-0600] {logging_mixin.py:188} INFO - [2024-02-24T21:52:26.957-0600] {dagbag.py:538} INFO - Filling up the DagBag from /Users/vamseekrishna/Desktop/F1_Data_Warehouse/f1datawarehouse/lib/python3.9/site-packages/airflow/example_dags/example_datasets.py
[2024-02-24T21:52:26.962-0600] {processor.py:840} INFO - DAG(s) 'dataset_consumes_unknown_never_scheduled', 'dataset_consumes_1_and_2', 'dataset_produces_2', 'dataset_produces_1', 'dataset_consumes_1_never_scheduled', 'dataset_consumes_1' retrieved from /Users/vamseekrishna/Desktop/F1_Data_Warehouse/f1datawarehouse/lib/python3.9/site-packages/airflow/example_dags/example_datasets.py
[2024-02-24T21:52:27.016-0600] {logging_mixin.py:188} INFO - [2024-02-24T21:52:27.016-0600] {dag.py:3036} INFO - Sync 6 DAGs
[2024-02-24T21:52:27.024-0600] {logging_mixin.py:188} INFO - [2024-02-24T21:52:27.024-0600] {dag.py:3823} INFO - Setting next_dagrun for dataset_consumes_1 to None, run_after=None
[2024-02-24T21:52:27.025-0600] {logging_mixin.py:188} INFO - [2024-02-24T21:52:27.025-0600] {dag.py:3823} INFO - Setting next_dagrun for dataset_consumes_1_and_2 to None, run_after=None
[2024-02-24T21:52:27.026-0600] {logging_mixin.py:188} INFO - [2024-02-24T21:52:27.026-0600] {dag.py:3823} INFO - Setting next_dagrun for dataset_consumes_1_never_scheduled to None, run_after=None
[2024-02-24T21:52:27.026-0600] {logging_mixin.py:188} INFO - [2024-02-24T21:52:27.026-0600] {dag.py:3823} INFO - Setting next_dagrun for dataset_consumes_unknown_never_scheduled to None, run_after=None
[2024-02-24T21:52:27.027-0600] {logging_mixin.py:188} INFO - [2024-02-24T21:52:27.027-0600] {dag.py:3823} INFO - Setting next_dagrun for dataset_produces_1 to 2024-02-24 00:00:00+00:00, run_after=2024-02-25 00:00:00+00:00
[2024-02-24T21:52:27.027-0600] {logging_mixin.py:188} INFO - [2024-02-24T21:52:27.027-0600] {dag.py:3823} INFO - Setting next_dagrun for dataset_produces_2 to None, run_after=None
[2024-02-24T21:52:27.039-0600] {processor.py:183} INFO - Processing /Users/vamseekrishna/Desktop/F1_Data_Warehouse/f1datawarehouse/lib/python3.9/site-packages/airflow/example_dags/example_datasets.py took 0.085 seconds
[2024-02-24T21:54:36.987-0600] {processor.py:161} INFO - Started process (PID=9370) to work on /Users/vamseekrishna/Desktop/F1_Data_Warehouse/f1datawarehouse/lib/python3.9/site-packages/airflow/example_dags/example_datasets.py
[2024-02-24T21:54:36.990-0600] {processor.py:830} INFO - Processing file /Users/vamseekrishna/Desktop/F1_Data_Warehouse/f1datawarehouse/lib/python3.9/site-packages/airflow/example_dags/example_datasets.py for tasks to queue
[2024-02-24T21:54:36.991-0600] {logging_mixin.py:188} INFO - [2024-02-24T21:54:36.990-0600] {dagbag.py:538} INFO - Filling up the DagBag from /Users/vamseekrishna/Desktop/F1_Data_Warehouse/f1datawarehouse/lib/python3.9/site-packages/airflow/example_dags/example_datasets.py
[2024-02-24T21:54:36.996-0600] {processor.py:840} INFO - DAG(s) 'dataset_consumes_1_and_2', 'dataset_consumes_unknown_never_scheduled', 'dataset_produces_1', 'dataset_consumes_1_never_scheduled', 'dataset_consumes_1', 'dataset_produces_2' retrieved from /Users/vamseekrishna/Desktop/F1_Data_Warehouse/f1datawarehouse/lib/python3.9/site-packages/airflow/example_dags/example_datasets.py
[2024-02-24T21:54:37.051-0600] {logging_mixin.py:188} INFO - [2024-02-24T21:54:37.051-0600] {dag.py:3036} INFO - Sync 6 DAGs
[2024-02-24T21:54:37.059-0600] {logging_mixin.py:188} INFO - [2024-02-24T21:54:37.059-0600] {dag.py:3823} INFO - Setting next_dagrun for dataset_consumes_1 to None, run_after=None
[2024-02-24T21:54:37.060-0600] {logging_mixin.py:188} INFO - [2024-02-24T21:54:37.060-0600] {dag.py:3823} INFO - Setting next_dagrun for dataset_consumes_1_and_2 to None, run_after=None
[2024-02-24T21:54:37.061-0600] {logging_mixin.py:188} INFO - [2024-02-24T21:54:37.061-0600] {dag.py:3823} INFO - Setting next_dagrun for dataset_consumes_1_never_scheduled to None, run_after=None
[2024-02-24T21:54:37.061-0600] {logging_mixin.py:188} INFO - [2024-02-24T21:54:37.061-0600] {dag.py:3823} INFO - Setting next_dagrun for dataset_consumes_unknown_never_scheduled to None, run_after=None
[2024-02-24T21:54:37.062-0600] {logging_mixin.py:188} INFO - [2024-02-24T21:54:37.062-0600] {dag.py:3823} INFO - Setting next_dagrun for dataset_produces_1 to 2024-02-24 00:00:00+00:00, run_after=2024-02-25 00:00:00+00:00
[2024-02-24T21:54:37.062-0600] {logging_mixin.py:188} INFO - [2024-02-24T21:54:37.062-0600] {dag.py:3823} INFO - Setting next_dagrun for dataset_produces_2 to None, run_after=None
[2024-02-24T21:54:37.073-0600] {processor.py:183} INFO - Processing /Users/vamseekrishna/Desktop/F1_Data_Warehouse/f1datawarehouse/lib/python3.9/site-packages/airflow/example_dags/example_datasets.py took 0.086 seconds
[2024-02-24T21:56:53.084-0600] {processor.py:161} INFO - Started process (PID=9498) to work on /Users/vamseekrishna/Desktop/F1_Data_Warehouse/f1datawarehouse/lib/python3.9/site-packages/airflow/example_dags/example_datasets.py
[2024-02-24T21:56:53.087-0600] {processor.py:830} INFO - Processing file /Users/vamseekrishna/Desktop/F1_Data_Warehouse/f1datawarehouse/lib/python3.9/site-packages/airflow/example_dags/example_datasets.py for tasks to queue
[2024-02-24T21:56:53.088-0600] {logging_mixin.py:188} INFO - [2024-02-24T21:56:53.087-0600] {dagbag.py:538} INFO - Filling up the DagBag from /Users/vamseekrishna/Desktop/F1_Data_Warehouse/f1datawarehouse/lib/python3.9/site-packages/airflow/example_dags/example_datasets.py
[2024-02-24T21:56:53.093-0600] {processor.py:840} INFO - DAG(s) 'dataset_consumes_unknown_never_scheduled', 'dataset_consumes_1', 'dataset_consumes_1_never_scheduled', 'dataset_consumes_1_and_2', 'dataset_produces_1', 'dataset_produces_2' retrieved from /Users/vamseekrishna/Desktop/F1_Data_Warehouse/f1datawarehouse/lib/python3.9/site-packages/airflow/example_dags/example_datasets.py
[2024-02-24T21:56:53.168-0600] {logging_mixin.py:188} INFO - [2024-02-24T21:56:53.168-0600] {dag.py:3036} INFO - Sync 6 DAGs
[2024-02-24T21:56:53.178-0600] {logging_mixin.py:188} INFO - [2024-02-24T21:56:53.178-0600] {dag.py:3823} INFO - Setting next_dagrun for dataset_consumes_1 to None, run_after=None
[2024-02-24T21:56:53.179-0600] {logging_mixin.py:188} INFO - [2024-02-24T21:56:53.179-0600] {dag.py:3823} INFO - Setting next_dagrun for dataset_consumes_1_and_2 to None, run_after=None
[2024-02-24T21:56:53.179-0600] {logging_mixin.py:188} INFO - [2024-02-24T21:56:53.179-0600] {dag.py:3823} INFO - Setting next_dagrun for dataset_consumes_1_never_scheduled to None, run_after=None
[2024-02-24T21:56:53.180-0600] {logging_mixin.py:188} INFO - [2024-02-24T21:56:53.180-0600] {dag.py:3823} INFO - Setting next_dagrun for dataset_consumes_unknown_never_scheduled to None, run_after=None
[2024-02-24T21:56:53.181-0600] {logging_mixin.py:188} INFO - [2024-02-24T21:56:53.181-0600] {dag.py:3823} INFO - Setting next_dagrun for dataset_produces_1 to 2024-02-24 00:00:00+00:00, run_after=2024-02-25 00:00:00+00:00
[2024-02-24T21:56:53.181-0600] {logging_mixin.py:188} INFO - [2024-02-24T21:56:53.181-0600] {dag.py:3823} INFO - Setting next_dagrun for dataset_produces_2 to None, run_after=None
[2024-02-24T21:56:53.193-0600] {processor.py:183} INFO - Processing /Users/vamseekrishna/Desktop/F1_Data_Warehouse/f1datawarehouse/lib/python3.9/site-packages/airflow/example_dags/example_datasets.py took 0.110 seconds
[2024-02-24T21:58:54.712-0600] {processor.py:161} INFO - Started process (PID=9603) to work on /Users/vamseekrishna/Desktop/F1_Data_Warehouse/f1datawarehouse/lib/python3.9/site-packages/airflow/example_dags/example_datasets.py
[2024-02-24T21:58:54.714-0600] {processor.py:830} INFO - Processing file /Users/vamseekrishna/Desktop/F1_Data_Warehouse/f1datawarehouse/lib/python3.9/site-packages/airflow/example_dags/example_datasets.py for tasks to queue
[2024-02-24T21:58:54.714-0600] {logging_mixin.py:188} INFO - [2024-02-24T21:58:54.714-0600] {dagbag.py:538} INFO - Filling up the DagBag from /Users/vamseekrishna/Desktop/F1_Data_Warehouse/f1datawarehouse/lib/python3.9/site-packages/airflow/example_dags/example_datasets.py
[2024-02-24T21:58:54.719-0600] {processor.py:840} INFO - DAG(s) 'dataset_produces_1', 'dataset_consumes_1_and_2', 'dataset_consumes_unknown_never_scheduled', 'dataset_consumes_1_never_scheduled', 'dataset_consumes_1', 'dataset_produces_2' retrieved from /Users/vamseekrishna/Desktop/F1_Data_Warehouse/f1datawarehouse/lib/python3.9/site-packages/airflow/example_dags/example_datasets.py
[2024-02-24T21:58:54.772-0600] {logging_mixin.py:188} INFO - [2024-02-24T21:58:54.772-0600] {dag.py:3036} INFO - Sync 6 DAGs
[2024-02-24T21:58:54.780-0600] {logging_mixin.py:188} INFO - [2024-02-24T21:58:54.780-0600] {dag.py:3823} INFO - Setting next_dagrun for dataset_consumes_1 to None, run_after=None
[2024-02-24T21:58:54.784-0600] {logging_mixin.py:188} INFO - [2024-02-24T21:58:54.784-0600] {dag.py:3823} INFO - Setting next_dagrun for dataset_consumes_1_and_2 to None, run_after=None
[2024-02-24T21:58:54.784-0600] {logging_mixin.py:188} INFO - [2024-02-24T21:58:54.784-0600] {dag.py:3823} INFO - Setting next_dagrun for dataset_consumes_1_never_scheduled to None, run_after=None
[2024-02-24T21:58:54.785-0600] {logging_mixin.py:188} INFO - [2024-02-24T21:58:54.784-0600] {dag.py:3823} INFO - Setting next_dagrun for dataset_consumes_unknown_never_scheduled to None, run_after=None
[2024-02-24T21:58:54.785-0600] {logging_mixin.py:188} INFO - [2024-02-24T21:58:54.785-0600] {dag.py:3823} INFO - Setting next_dagrun for dataset_produces_1 to 2024-02-24 00:00:00+00:00, run_after=2024-02-25 00:00:00+00:00
[2024-02-24T21:58:54.786-0600] {logging_mixin.py:188} INFO - [2024-02-24T21:58:54.786-0600] {dag.py:3823} INFO - Setting next_dagrun for dataset_produces_2 to None, run_after=None
[2024-02-24T21:58:54.797-0600] {processor.py:183} INFO - Processing /Users/vamseekrishna/Desktop/F1_Data_Warehouse/f1datawarehouse/lib/python3.9/site-packages/airflow/example_dags/example_datasets.py took 0.085 seconds
