[2024-02-24T21:37:20.917-0600] {processor.py:161} INFO - Started process (PID=8291) to work on /Users/vamseekrishna/Desktop/F1_Data_Warehouse/f1datawarehouse/lib/python3.9/site-packages/airflow/example_dags/example_external_task_marker_dag.py
[2024-02-24T21:37:20.918-0600] {processor.py:830} INFO - Processing file /Users/vamseekrishna/Desktop/F1_Data_Warehouse/f1datawarehouse/lib/python3.9/site-packages/airflow/example_dags/example_external_task_marker_dag.py for tasks to queue
[2024-02-24T21:37:20.919-0600] {logging_mixin.py:188} INFO - [2024-02-24T21:37:20.919-0600] {dagbag.py:538} INFO - Filling up the DagBag from /Users/vamseekrishna/Desktop/F1_Data_Warehouse/f1datawarehouse/lib/python3.9/site-packages/airflow/example_dags/example_external_task_marker_dag.py
[2024-02-24T21:37:20.924-0600] {processor.py:840} INFO - DAG(s) 'example_external_task_marker_child', 'example_external_task_marker_parent' retrieved from /Users/vamseekrishna/Desktop/F1_Data_Warehouse/f1datawarehouse/lib/python3.9/site-packages/airflow/example_dags/example_external_task_marker_dag.py
[2024-02-24T21:37:21.013-0600] {logging_mixin.py:188} INFO - [2024-02-24T21:37:21.012-0600] {dag.py:3036} INFO - Sync 2 DAGs
[2024-02-24T21:37:21.016-0600] {logging_mixin.py:188} INFO - [2024-02-24T21:37:21.016-0600] {dag.py:3823} INFO - Setting next_dagrun for example_external_task_marker_child to None, run_after=None
[2024-02-24T21:37:21.017-0600] {logging_mixin.py:188} INFO - [2024-02-24T21:37:21.017-0600] {dag.py:3823} INFO - Setting next_dagrun for example_external_task_marker_parent to None, run_after=None
[2024-02-24T21:37:21.026-0600] {processor.py:183} INFO - Processing /Users/vamseekrishna/Desktop/F1_Data_Warehouse/f1datawarehouse/lib/python3.9/site-packages/airflow/example_dags/example_external_task_marker_dag.py took 0.110 seconds
[2024-02-24T21:39:18.675-0600] {processor.py:161} INFO - Started process (PID=8483) to work on /Users/vamseekrishna/Desktop/F1_Data_Warehouse/f1datawarehouse/lib/python3.9/site-packages/airflow/example_dags/example_external_task_marker_dag.py
[2024-02-24T21:39:18.677-0600] {processor.py:830} INFO - Processing file /Users/vamseekrishna/Desktop/F1_Data_Warehouse/f1datawarehouse/lib/python3.9/site-packages/airflow/example_dags/example_external_task_marker_dag.py for tasks to queue
[2024-02-24T21:39:18.677-0600] {logging_mixin.py:188} INFO - [2024-02-24T21:39:18.677-0600] {dagbag.py:538} INFO - Filling up the DagBag from /Users/vamseekrishna/Desktop/F1_Data_Warehouse/f1datawarehouse/lib/python3.9/site-packages/airflow/example_dags/example_external_task_marker_dag.py
[2024-02-24T21:39:18.683-0600] {processor.py:840} INFO - DAG(s) 'example_external_task_marker_child', 'example_external_task_marker_parent' retrieved from /Users/vamseekrishna/Desktop/F1_Data_Warehouse/f1datawarehouse/lib/python3.9/site-packages/airflow/example_dags/example_external_task_marker_dag.py
[2024-02-24T21:39:18.733-0600] {logging_mixin.py:188} INFO - [2024-02-24T21:39:18.732-0600] {dag.py:3036} INFO - Sync 2 DAGs
[2024-02-24T21:39:18.737-0600] {logging_mixin.py:188} INFO - [2024-02-24T21:39:18.737-0600] {dag.py:3823} INFO - Setting next_dagrun for example_external_task_marker_child to None, run_after=None
[2024-02-24T21:39:18.738-0600] {logging_mixin.py:188} INFO - [2024-02-24T21:39:18.738-0600] {dag.py:3823} INFO - Setting next_dagrun for example_external_task_marker_parent to None, run_after=None
[2024-02-24T21:39:18.745-0600] {processor.py:183} INFO - Processing /Users/vamseekrishna/Desktop/F1_Data_Warehouse/f1datawarehouse/lib/python3.9/site-packages/airflow/example_dags/example_external_task_marker_dag.py took 0.071 seconds
[2024-02-24T21:41:24.229-0600] {processor.py:161} INFO - Started process (PID=8680) to work on /Users/vamseekrishna/Desktop/F1_Data_Warehouse/f1datawarehouse/lib/python3.9/site-packages/airflow/example_dags/example_external_task_marker_dag.py
[2024-02-24T21:41:24.230-0600] {processor.py:830} INFO - Processing file /Users/vamseekrishna/Desktop/F1_Data_Warehouse/f1datawarehouse/lib/python3.9/site-packages/airflow/example_dags/example_external_task_marker_dag.py for tasks to queue
[2024-02-24T21:41:24.231-0600] {logging_mixin.py:188} INFO - [2024-02-24T21:41:24.230-0600] {dagbag.py:538} INFO - Filling up the DagBag from /Users/vamseekrishna/Desktop/F1_Data_Warehouse/f1datawarehouse/lib/python3.9/site-packages/airflow/example_dags/example_external_task_marker_dag.py
[2024-02-24T21:41:24.236-0600] {processor.py:840} INFO - DAG(s) 'example_external_task_marker_child', 'example_external_task_marker_parent' retrieved from /Users/vamseekrishna/Desktop/F1_Data_Warehouse/f1datawarehouse/lib/python3.9/site-packages/airflow/example_dags/example_external_task_marker_dag.py
[2024-02-24T21:41:24.286-0600] {logging_mixin.py:188} INFO - [2024-02-24T21:41:24.286-0600] {dag.py:3036} INFO - Sync 2 DAGs
[2024-02-24T21:41:24.291-0600] {logging_mixin.py:188} INFO - [2024-02-24T21:41:24.291-0600] {dag.py:3823} INFO - Setting next_dagrun for example_external_task_marker_child to None, run_after=None
[2024-02-24T21:41:24.292-0600] {logging_mixin.py:188} INFO - [2024-02-24T21:41:24.292-0600] {dag.py:3823} INFO - Setting next_dagrun for example_external_task_marker_parent to None, run_after=None
[2024-02-24T21:41:24.299-0600] {processor.py:183} INFO - Processing /Users/vamseekrishna/Desktop/F1_Data_Warehouse/f1datawarehouse/lib/python3.9/site-packages/airflow/example_dags/example_external_task_marker_dag.py took 0.071 seconds
[2024-02-24T21:50:21.081-0600] {processor.py:161} INFO - Started process (PID=9102) to work on /Users/vamseekrishna/Desktop/F1_Data_Warehouse/f1datawarehouse/lib/python3.9/site-packages/airflow/example_dags/example_external_task_marker_dag.py
[2024-02-24T21:50:21.083-0600] {processor.py:830} INFO - Processing file /Users/vamseekrishna/Desktop/F1_Data_Warehouse/f1datawarehouse/lib/python3.9/site-packages/airflow/example_dags/example_external_task_marker_dag.py for tasks to queue
[2024-02-24T21:50:21.083-0600] {logging_mixin.py:188} INFO - [2024-02-24T21:50:21.083-0600] {dagbag.py:538} INFO - Filling up the DagBag from /Users/vamseekrishna/Desktop/F1_Data_Warehouse/f1datawarehouse/lib/python3.9/site-packages/airflow/example_dags/example_external_task_marker_dag.py
[2024-02-24T21:50:21.089-0600] {processor.py:840} INFO - DAG(s) 'example_external_task_marker_parent', 'example_external_task_marker_child' retrieved from /Users/vamseekrishna/Desktop/F1_Data_Warehouse/f1datawarehouse/lib/python3.9/site-packages/airflow/example_dags/example_external_task_marker_dag.py
[2024-02-24T21:50:21.140-0600] {logging_mixin.py:188} INFO - [2024-02-24T21:50:21.140-0600] {dag.py:3036} INFO - Sync 2 DAGs
[2024-02-24T21:50:21.144-0600] {logging_mixin.py:188} INFO - [2024-02-24T21:50:21.144-0600] {dag.py:3823} INFO - Setting next_dagrun for example_external_task_marker_child to None, run_after=None
[2024-02-24T21:50:21.146-0600] {logging_mixin.py:188} INFO - [2024-02-24T21:50:21.146-0600] {dag.py:3823} INFO - Setting next_dagrun for example_external_task_marker_parent to None, run_after=None
[2024-02-24T21:50:21.152-0600] {processor.py:183} INFO - Processing /Users/vamseekrishna/Desktop/F1_Data_Warehouse/f1datawarehouse/lib/python3.9/site-packages/airflow/example_dags/example_external_task_marker_dag.py took 0.072 seconds
[2024-02-24T21:52:21.040-0600] {processor.py:161} INFO - Started process (PID=9227) to work on /Users/vamseekrishna/Desktop/F1_Data_Warehouse/f1datawarehouse/lib/python3.9/site-packages/airflow/example_dags/example_external_task_marker_dag.py
[2024-02-24T21:52:21.041-0600] {processor.py:830} INFO - Processing file /Users/vamseekrishna/Desktop/F1_Data_Warehouse/f1datawarehouse/lib/python3.9/site-packages/airflow/example_dags/example_external_task_marker_dag.py for tasks to queue
[2024-02-24T21:52:21.041-0600] {logging_mixin.py:188} INFO - [2024-02-24T21:52:21.041-0600] {dagbag.py:538} INFO - Filling up the DagBag from /Users/vamseekrishna/Desktop/F1_Data_Warehouse/f1datawarehouse/lib/python3.9/site-packages/airflow/example_dags/example_external_task_marker_dag.py
[2024-02-24T21:52:21.048-0600] {processor.py:840} INFO - DAG(s) 'example_external_task_marker_parent', 'example_external_task_marker_child' retrieved from /Users/vamseekrishna/Desktop/F1_Data_Warehouse/f1datawarehouse/lib/python3.9/site-packages/airflow/example_dags/example_external_task_marker_dag.py
[2024-02-24T21:52:21.104-0600] {logging_mixin.py:188} INFO - [2024-02-24T21:52:21.104-0600] {dag.py:3036} INFO - Sync 2 DAGs
[2024-02-24T21:52:21.110-0600] {logging_mixin.py:188} INFO - [2024-02-24T21:52:21.109-0600] {dag.py:3823} INFO - Setting next_dagrun for example_external_task_marker_child to None, run_after=None
[2024-02-24T21:52:21.111-0600] {logging_mixin.py:188} INFO - [2024-02-24T21:52:21.111-0600] {dag.py:3823} INFO - Setting next_dagrun for example_external_task_marker_parent to None, run_after=None
[2024-02-24T21:52:21.119-0600] {processor.py:183} INFO - Processing /Users/vamseekrishna/Desktop/F1_Data_Warehouse/f1datawarehouse/lib/python3.9/site-packages/airflow/example_dags/example_external_task_marker_dag.py took 0.080 seconds
[2024-02-24T21:54:31.071-0600] {processor.py:161} INFO - Started process (PID=9363) to work on /Users/vamseekrishna/Desktop/F1_Data_Warehouse/f1datawarehouse/lib/python3.9/site-packages/airflow/example_dags/example_external_task_marker_dag.py
[2024-02-24T21:54:31.073-0600] {processor.py:830} INFO - Processing file /Users/vamseekrishna/Desktop/F1_Data_Warehouse/f1datawarehouse/lib/python3.9/site-packages/airflow/example_dags/example_external_task_marker_dag.py for tasks to queue
[2024-02-24T21:54:31.073-0600] {logging_mixin.py:188} INFO - [2024-02-24T21:54:31.073-0600] {dagbag.py:538} INFO - Filling up the DagBag from /Users/vamseekrishna/Desktop/F1_Data_Warehouse/f1datawarehouse/lib/python3.9/site-packages/airflow/example_dags/example_external_task_marker_dag.py
[2024-02-24T21:54:31.080-0600] {processor.py:840} INFO - DAG(s) 'example_external_task_marker_parent', 'example_external_task_marker_child' retrieved from /Users/vamseekrishna/Desktop/F1_Data_Warehouse/f1datawarehouse/lib/python3.9/site-packages/airflow/example_dags/example_external_task_marker_dag.py
[2024-02-24T21:54:31.129-0600] {logging_mixin.py:188} INFO - [2024-02-24T21:54:31.129-0600] {dag.py:3036} INFO - Sync 2 DAGs
[2024-02-24T21:54:31.133-0600] {logging_mixin.py:188} INFO - [2024-02-24T21:54:31.133-0600] {dag.py:3823} INFO - Setting next_dagrun for example_external_task_marker_child to None, run_after=None
[2024-02-24T21:54:31.135-0600] {logging_mixin.py:188} INFO - [2024-02-24T21:54:31.135-0600] {dag.py:3823} INFO - Setting next_dagrun for example_external_task_marker_parent to None, run_after=None
[2024-02-24T21:54:31.142-0600] {processor.py:183} INFO - Processing /Users/vamseekrishna/Desktop/F1_Data_Warehouse/f1datawarehouse/lib/python3.9/site-packages/airflow/example_dags/example_external_task_marker_dag.py took 0.072 seconds
[2024-02-24T21:56:46.933-0600] {processor.py:161} INFO - Started process (PID=9493) to work on /Users/vamseekrishna/Desktop/F1_Data_Warehouse/f1datawarehouse/lib/python3.9/site-packages/airflow/example_dags/example_external_task_marker_dag.py
[2024-02-24T21:56:46.935-0600] {processor.py:830} INFO - Processing file /Users/vamseekrishna/Desktop/F1_Data_Warehouse/f1datawarehouse/lib/python3.9/site-packages/airflow/example_dags/example_external_task_marker_dag.py for tasks to queue
[2024-02-24T21:56:46.935-0600] {logging_mixin.py:188} INFO - [2024-02-24T21:56:46.935-0600] {dagbag.py:538} INFO - Filling up the DagBag from /Users/vamseekrishna/Desktop/F1_Data_Warehouse/f1datawarehouse/lib/python3.9/site-packages/airflow/example_dags/example_external_task_marker_dag.py
[2024-02-24T21:56:46.942-0600] {processor.py:840} INFO - DAG(s) 'example_external_task_marker_parent', 'example_external_task_marker_child' retrieved from /Users/vamseekrishna/Desktop/F1_Data_Warehouse/f1datawarehouse/lib/python3.9/site-packages/airflow/example_dags/example_external_task_marker_dag.py
[2024-02-24T21:56:47.005-0600] {logging_mixin.py:188} INFO - [2024-02-24T21:56:47.005-0600] {dag.py:3036} INFO - Sync 2 DAGs
[2024-02-24T21:56:47.011-0600] {logging_mixin.py:188} INFO - [2024-02-24T21:56:47.011-0600] {dag.py:3823} INFO - Setting next_dagrun for example_external_task_marker_child to None, run_after=None
[2024-02-24T21:56:47.013-0600] {logging_mixin.py:188} INFO - [2024-02-24T21:56:47.013-0600] {dag.py:3823} INFO - Setting next_dagrun for example_external_task_marker_parent to None, run_after=None
[2024-02-24T21:56:47.024-0600] {processor.py:183} INFO - Processing /Users/vamseekrishna/Desktop/F1_Data_Warehouse/f1datawarehouse/lib/python3.9/site-packages/airflow/example_dags/example_external_task_marker_dag.py took 0.092 seconds
[2024-02-24T21:58:48.673-0600] {processor.py:161} INFO - Started process (PID=9598) to work on /Users/vamseekrishna/Desktop/F1_Data_Warehouse/f1datawarehouse/lib/python3.9/site-packages/airflow/example_dags/example_external_task_marker_dag.py
[2024-02-24T21:58:48.674-0600] {processor.py:830} INFO - Processing file /Users/vamseekrishna/Desktop/F1_Data_Warehouse/f1datawarehouse/lib/python3.9/site-packages/airflow/example_dags/example_external_task_marker_dag.py for tasks to queue
[2024-02-24T21:58:48.675-0600] {logging_mixin.py:188} INFO - [2024-02-24T21:58:48.675-0600] {dagbag.py:538} INFO - Filling up the DagBag from /Users/vamseekrishna/Desktop/F1_Data_Warehouse/f1datawarehouse/lib/python3.9/site-packages/airflow/example_dags/example_external_task_marker_dag.py
[2024-02-24T21:58:48.680-0600] {processor.py:840} INFO - DAG(s) 'example_external_task_marker_child', 'example_external_task_marker_parent' retrieved from /Users/vamseekrishna/Desktop/F1_Data_Warehouse/f1datawarehouse/lib/python3.9/site-packages/airflow/example_dags/example_external_task_marker_dag.py
[2024-02-24T21:58:48.730-0600] {logging_mixin.py:188} INFO - [2024-02-24T21:58:48.730-0600] {dag.py:3036} INFO - Sync 2 DAGs
[2024-02-24T21:58:48.734-0600] {logging_mixin.py:188} INFO - [2024-02-24T21:58:48.734-0600] {dag.py:3823} INFO - Setting next_dagrun for example_external_task_marker_child to None, run_after=None
[2024-02-24T21:58:48.736-0600] {logging_mixin.py:188} INFO - [2024-02-24T21:58:48.736-0600] {dag.py:3823} INFO - Setting next_dagrun for example_external_task_marker_parent to None, run_after=None
[2024-02-24T21:58:48.743-0600] {processor.py:183} INFO - Processing /Users/vamseekrishna/Desktop/F1_Data_Warehouse/f1datawarehouse/lib/python3.9/site-packages/airflow/example_dags/example_external_task_marker_dag.py took 0.070 seconds
