[2024-02-24T21:36:35.413-0600] {processor.py:161} INFO - Started process (PID=8207) to work on /Users/vamseekrishna/Desktop/F1_Data_Warehouse/f1datawarehouse/lib/python3.9/site-packages/airflow/example_dags/example_trigger_controller_dag.py
[2024-02-24T21:36:35.419-0600] {processor.py:830} INFO - Processing file /Users/vamseekrishna/Desktop/F1_Data_Warehouse/f1datawarehouse/lib/python3.9/site-packages/airflow/example_dags/example_trigger_controller_dag.py for tasks to queue
[2024-02-24T21:36:35.420-0600] {logging_mixin.py:188} INFO - [2024-02-24T21:36:35.420-0600] {dagbag.py:538} INFO - Filling up the DagBag from /Users/vamseekrishna/Desktop/F1_Data_Warehouse/f1datawarehouse/lib/python3.9/site-packages/airflow/example_dags/example_trigger_controller_dag.py
[2024-02-24T21:36:35.433-0600] {processor.py:840} INFO - DAG(s) 'example_trigger_controller_dag' retrieved from /Users/vamseekrishna/Desktop/F1_Data_Warehouse/f1datawarehouse/lib/python3.9/site-packages/airflow/example_dags/example_trigger_controller_dag.py
[2024-02-24T21:36:35.549-0600] {logging_mixin.py:188} INFO - [2024-02-24T21:36:35.549-0600] {dag.py:3036} INFO - Sync 1 DAGs
[2024-02-24T21:36:35.556-0600] {logging_mixin.py:188} INFO - [2024-02-24T21:36:35.556-0600] {dag.py:3823} INFO - Setting next_dagrun for example_trigger_controller_dag to 2021-01-01 00:00:00+00:00, run_after=2021-01-01 00:00:00+00:00
[2024-02-24T21:36:35.564-0600] {processor.py:183} INFO - Processing /Users/vamseekrishna/Desktop/F1_Data_Warehouse/f1datawarehouse/lib/python3.9/site-packages/airflow/example_dags/example_trigger_controller_dag.py took 0.152 seconds
[2024-02-24T21:38:08.680-0600] {processor.py:161} INFO - Started process (PID=8367) to work on /Users/vamseekrishna/Desktop/F1_Data_Warehouse/f1datawarehouse/lib/python3.9/site-packages/airflow/example_dags/example_trigger_controller_dag.py
[2024-02-24T21:38:08.682-0600] {processor.py:830} INFO - Processing file /Users/vamseekrishna/Desktop/F1_Data_Warehouse/f1datawarehouse/lib/python3.9/site-packages/airflow/example_dags/example_trigger_controller_dag.py for tasks to queue
[2024-02-24T21:38:08.682-0600] {logging_mixin.py:188} INFO - [2024-02-24T21:38:08.682-0600] {dagbag.py:538} INFO - Filling up the DagBag from /Users/vamseekrishna/Desktop/F1_Data_Warehouse/f1datawarehouse/lib/python3.9/site-packages/airflow/example_dags/example_trigger_controller_dag.py
[2024-02-24T21:38:08.689-0600] {processor.py:840} INFO - DAG(s) 'example_trigger_controller_dag' retrieved from /Users/vamseekrishna/Desktop/F1_Data_Warehouse/f1datawarehouse/lib/python3.9/site-packages/airflow/example_dags/example_trigger_controller_dag.py
[2024-02-24T21:38:08.740-0600] {logging_mixin.py:188} INFO - [2024-02-24T21:38:08.740-0600] {dag.py:3036} INFO - Sync 1 DAGs
[2024-02-24T21:38:08.747-0600] {logging_mixin.py:188} INFO - [2024-02-24T21:38:08.747-0600] {dag.py:3823} INFO - Setting next_dagrun for example_trigger_controller_dag to 2021-01-01 00:00:00+00:00, run_after=2021-01-01 00:00:00+00:00
[2024-02-24T21:38:08.756-0600] {processor.py:183} INFO - Processing /Users/vamseekrishna/Desktop/F1_Data_Warehouse/f1datawarehouse/lib/python3.9/site-packages/airflow/example_dags/example_trigger_controller_dag.py took 0.076 seconds
[2024-02-24T21:39:07.392-0600] {processor.py:161} INFO - Started process (PID=8466) to work on /Users/vamseekrishna/Desktop/F1_Data_Warehouse/f1datawarehouse/lib/python3.9/site-packages/airflow/example_dags/example_trigger_controller_dag.py
[2024-02-24T21:39:07.393-0600] {processor.py:830} INFO - Processing file /Users/vamseekrishna/Desktop/F1_Data_Warehouse/f1datawarehouse/lib/python3.9/site-packages/airflow/example_dags/example_trigger_controller_dag.py for tasks to queue
[2024-02-24T21:39:07.394-0600] {logging_mixin.py:188} INFO - [2024-02-24T21:39:07.393-0600] {dagbag.py:538} INFO - Filling up the DagBag from /Users/vamseekrishna/Desktop/F1_Data_Warehouse/f1datawarehouse/lib/python3.9/site-packages/airflow/example_dags/example_trigger_controller_dag.py
[2024-02-24T21:39:07.398-0600] {processor.py:840} INFO - DAG(s) 'example_trigger_controller_dag' retrieved from /Users/vamseekrishna/Desktop/F1_Data_Warehouse/f1datawarehouse/lib/python3.9/site-packages/airflow/example_dags/example_trigger_controller_dag.py
[2024-02-24T21:39:07.444-0600] {logging_mixin.py:188} INFO - [2024-02-24T21:39:07.443-0600] {dag.py:3036} INFO - Sync 1 DAGs
[2024-02-24T21:39:07.451-0600] {logging_mixin.py:188} INFO - [2024-02-24T21:39:07.451-0600] {dag.py:3823} INFO - Setting next_dagrun for example_trigger_controller_dag to 2021-01-01 00:00:00+00:00, run_after=2021-01-01 00:00:00+00:00
[2024-02-24T21:39:07.459-0600] {processor.py:183} INFO - Processing /Users/vamseekrishna/Desktop/F1_Data_Warehouse/f1datawarehouse/lib/python3.9/site-packages/airflow/example_dags/example_trigger_controller_dag.py took 0.068 seconds
[2024-02-24T21:40:07.870-0600] {processor.py:161} INFO - Started process (PID=8571) to work on /Users/vamseekrishna/Desktop/F1_Data_Warehouse/f1datawarehouse/lib/python3.9/site-packages/airflow/example_dags/example_trigger_controller_dag.py
[2024-02-24T21:40:07.872-0600] {processor.py:830} INFO - Processing file /Users/vamseekrishna/Desktop/F1_Data_Warehouse/f1datawarehouse/lib/python3.9/site-packages/airflow/example_dags/example_trigger_controller_dag.py for tasks to queue
[2024-02-24T21:40:07.872-0600] {logging_mixin.py:188} INFO - [2024-02-24T21:40:07.872-0600] {dagbag.py:538} INFO - Filling up the DagBag from /Users/vamseekrishna/Desktop/F1_Data_Warehouse/f1datawarehouse/lib/python3.9/site-packages/airflow/example_dags/example_trigger_controller_dag.py
[2024-02-24T21:40:07.877-0600] {processor.py:840} INFO - DAG(s) 'example_trigger_controller_dag' retrieved from /Users/vamseekrishna/Desktop/F1_Data_Warehouse/f1datawarehouse/lib/python3.9/site-packages/airflow/example_dags/example_trigger_controller_dag.py
[2024-02-24T21:40:07.925-0600] {logging_mixin.py:188} INFO - [2024-02-24T21:40:07.924-0600] {dag.py:3036} INFO - Sync 1 DAGs
[2024-02-24T21:40:07.932-0600] {logging_mixin.py:188} INFO - [2024-02-24T21:40:07.932-0600] {dag.py:3823} INFO - Setting next_dagrun for example_trigger_controller_dag to 2021-01-01 00:00:00+00:00, run_after=2021-01-01 00:00:00+00:00
[2024-02-24T21:40:07.942-0600] {processor.py:183} INFO - Processing /Users/vamseekrishna/Desktop/F1_Data_Warehouse/f1datawarehouse/lib/python3.9/site-packages/airflow/example_dags/example_trigger_controller_dag.py took 0.073 seconds
[2024-02-24T21:41:07.300-0600] {processor.py:161} INFO - Started process (PID=8655) to work on /Users/vamseekrishna/Desktop/F1_Data_Warehouse/f1datawarehouse/lib/python3.9/site-packages/airflow/example_dags/example_trigger_controller_dag.py
[2024-02-24T21:41:07.302-0600] {processor.py:830} INFO - Processing file /Users/vamseekrishna/Desktop/F1_Data_Warehouse/f1datawarehouse/lib/python3.9/site-packages/airflow/example_dags/example_trigger_controller_dag.py for tasks to queue
[2024-02-24T21:41:07.302-0600] {logging_mixin.py:188} INFO - [2024-02-24T21:41:07.302-0600] {dagbag.py:538} INFO - Filling up the DagBag from /Users/vamseekrishna/Desktop/F1_Data_Warehouse/f1datawarehouse/lib/python3.9/site-packages/airflow/example_dags/example_trigger_controller_dag.py
[2024-02-24T21:41:07.307-0600] {processor.py:840} INFO - DAG(s) 'example_trigger_controller_dag' retrieved from /Users/vamseekrishna/Desktop/F1_Data_Warehouse/f1datawarehouse/lib/python3.9/site-packages/airflow/example_dags/example_trigger_controller_dag.py
[2024-02-24T21:41:07.353-0600] {logging_mixin.py:188} INFO - [2024-02-24T21:41:07.353-0600] {dag.py:3036} INFO - Sync 1 DAGs
[2024-02-24T21:41:07.361-0600] {logging_mixin.py:188} INFO - [2024-02-24T21:41:07.360-0600] {dag.py:3823} INFO - Setting next_dagrun for example_trigger_controller_dag to 2021-01-01 00:00:00+00:00, run_after=2021-01-01 00:00:00+00:00
[2024-02-24T21:41:07.368-0600] {processor.py:183} INFO - Processing /Users/vamseekrishna/Desktop/F1_Data_Warehouse/f1datawarehouse/lib/python3.9/site-packages/airflow/example_dags/example_trigger_controller_dag.py took 0.068 seconds
[2024-02-24T21:42:11.876-0600] {processor.py:161} INFO - Started process (PID=8748) to work on /Users/vamseekrishna/Desktop/F1_Data_Warehouse/f1datawarehouse/lib/python3.9/site-packages/airflow/example_dags/example_trigger_controller_dag.py
[2024-02-24T21:42:11.878-0600] {processor.py:830} INFO - Processing file /Users/vamseekrishna/Desktop/F1_Data_Warehouse/f1datawarehouse/lib/python3.9/site-packages/airflow/example_dags/example_trigger_controller_dag.py for tasks to queue
[2024-02-24T21:42:11.879-0600] {logging_mixin.py:188} INFO - [2024-02-24T21:42:11.878-0600] {dagbag.py:538} INFO - Filling up the DagBag from /Users/vamseekrishna/Desktop/F1_Data_Warehouse/f1datawarehouse/lib/python3.9/site-packages/airflow/example_dags/example_trigger_controller_dag.py
[2024-02-24T21:42:11.883-0600] {processor.py:840} INFO - DAG(s) 'example_trigger_controller_dag' retrieved from /Users/vamseekrishna/Desktop/F1_Data_Warehouse/f1datawarehouse/lib/python3.9/site-packages/airflow/example_dags/example_trigger_controller_dag.py
[2024-02-24T21:42:11.929-0600] {logging_mixin.py:188} INFO - [2024-02-24T21:42:11.929-0600] {dag.py:3036} INFO - Sync 1 DAGs
[2024-02-24T21:42:11.936-0600] {logging_mixin.py:188} INFO - [2024-02-24T21:42:11.936-0600] {dag.py:3823} INFO - Setting next_dagrun for example_trigger_controller_dag to 2021-01-01 00:00:00+00:00, run_after=2021-01-01 00:00:00+00:00
[2024-02-24T21:42:11.944-0600] {processor.py:183} INFO - Processing /Users/vamseekrishna/Desktop/F1_Data_Warehouse/f1datawarehouse/lib/python3.9/site-packages/airflow/example_dags/example_trigger_controller_dag.py took 0.069 seconds
[2024-02-24T21:49:37.296-0600] {processor.py:161} INFO - Started process (PID=9055) to work on /Users/vamseekrishna/Desktop/F1_Data_Warehouse/f1datawarehouse/lib/python3.9/site-packages/airflow/example_dags/example_trigger_controller_dag.py
[2024-02-24T21:49:37.299-0600] {processor.py:830} INFO - Processing file /Users/vamseekrishna/Desktop/F1_Data_Warehouse/f1datawarehouse/lib/python3.9/site-packages/airflow/example_dags/example_trigger_controller_dag.py for tasks to queue
[2024-02-24T21:49:37.299-0600] {logging_mixin.py:188} INFO - [2024-02-24T21:49:37.299-0600] {dagbag.py:538} INFO - Filling up the DagBag from /Users/vamseekrishna/Desktop/F1_Data_Warehouse/f1datawarehouse/lib/python3.9/site-packages/airflow/example_dags/example_trigger_controller_dag.py
[2024-02-24T21:49:37.304-0600] {processor.py:840} INFO - DAG(s) 'example_trigger_controller_dag' retrieved from /Users/vamseekrishna/Desktop/F1_Data_Warehouse/f1datawarehouse/lib/python3.9/site-packages/airflow/example_dags/example_trigger_controller_dag.py
[2024-02-24T21:49:37.351-0600] {logging_mixin.py:188} INFO - [2024-02-24T21:49:37.350-0600] {dag.py:3036} INFO - Sync 1 DAGs
[2024-02-24T21:49:37.358-0600] {logging_mixin.py:188} INFO - [2024-02-24T21:49:37.358-0600] {dag.py:3823} INFO - Setting next_dagrun for example_trigger_controller_dag to 2021-01-01 00:00:00+00:00, run_after=2021-01-01 00:00:00+00:00
[2024-02-24T21:49:37.366-0600] {processor.py:183} INFO - Processing /Users/vamseekrishna/Desktop/F1_Data_Warehouse/f1datawarehouse/lib/python3.9/site-packages/airflow/example_dags/example_trigger_controller_dag.py took 0.071 seconds
[2024-02-24T21:51:10.443-0600] {processor.py:161} INFO - Started process (PID=9146) to work on /Users/vamseekrishna/Desktop/F1_Data_Warehouse/f1datawarehouse/lib/python3.9/site-packages/airflow/example_dags/example_trigger_controller_dag.py
[2024-02-24T21:51:10.445-0600] {processor.py:830} INFO - Processing file /Users/vamseekrishna/Desktop/F1_Data_Warehouse/f1datawarehouse/lib/python3.9/site-packages/airflow/example_dags/example_trigger_controller_dag.py for tasks to queue
[2024-02-24T21:51:10.445-0600] {logging_mixin.py:188} INFO - [2024-02-24T21:51:10.445-0600] {dagbag.py:538} INFO - Filling up the DagBag from /Users/vamseekrishna/Desktop/F1_Data_Warehouse/f1datawarehouse/lib/python3.9/site-packages/airflow/example_dags/example_trigger_controller_dag.py
[2024-02-24T21:51:10.450-0600] {processor.py:840} INFO - DAG(s) 'example_trigger_controller_dag' retrieved from /Users/vamseekrishna/Desktop/F1_Data_Warehouse/f1datawarehouse/lib/python3.9/site-packages/airflow/example_dags/example_trigger_controller_dag.py
[2024-02-24T21:51:10.496-0600] {logging_mixin.py:188} INFO - [2024-02-24T21:51:10.496-0600] {dag.py:3036} INFO - Sync 1 DAGs
[2024-02-24T21:51:10.503-0600] {logging_mixin.py:188} INFO - [2024-02-24T21:51:10.503-0600] {dag.py:3823} INFO - Setting next_dagrun for example_trigger_controller_dag to 2021-01-01 00:00:00+00:00, run_after=2021-01-01 00:00:00+00:00
[2024-02-24T21:51:10.510-0600] {processor.py:183} INFO - Processing /Users/vamseekrishna/Desktop/F1_Data_Warehouse/f1datawarehouse/lib/python3.9/site-packages/airflow/example_dags/example_trigger_controller_dag.py took 0.068 seconds
[2024-02-24T21:52:08.815-0600] {processor.py:161} INFO - Started process (PID=9204) to work on /Users/vamseekrishna/Desktop/F1_Data_Warehouse/f1datawarehouse/lib/python3.9/site-packages/airflow/example_dags/example_trigger_controller_dag.py
[2024-02-24T21:52:08.817-0600] {processor.py:830} INFO - Processing file /Users/vamseekrishna/Desktop/F1_Data_Warehouse/f1datawarehouse/lib/python3.9/site-packages/airflow/example_dags/example_trigger_controller_dag.py for tasks to queue
[2024-02-24T21:52:08.817-0600] {logging_mixin.py:188} INFO - [2024-02-24T21:52:08.817-0600] {dagbag.py:538} INFO - Filling up the DagBag from /Users/vamseekrishna/Desktop/F1_Data_Warehouse/f1datawarehouse/lib/python3.9/site-packages/airflow/example_dags/example_trigger_controller_dag.py
[2024-02-24T21:52:08.822-0600] {processor.py:840} INFO - DAG(s) 'example_trigger_controller_dag' retrieved from /Users/vamseekrishna/Desktop/F1_Data_Warehouse/f1datawarehouse/lib/python3.9/site-packages/airflow/example_dags/example_trigger_controller_dag.py
[2024-02-24T21:52:08.867-0600] {logging_mixin.py:188} INFO - [2024-02-24T21:52:08.867-0600] {dag.py:3036} INFO - Sync 1 DAGs
[2024-02-24T21:52:08.875-0600] {logging_mixin.py:188} INFO - [2024-02-24T21:52:08.875-0600] {dag.py:3823} INFO - Setting next_dagrun for example_trigger_controller_dag to 2021-01-01 00:00:00+00:00, run_after=2021-01-01 00:00:00+00:00
[2024-02-24T21:52:08.882-0600] {processor.py:183} INFO - Processing /Users/vamseekrishna/Desktop/F1_Data_Warehouse/f1datawarehouse/lib/python3.9/site-packages/airflow/example_dags/example_trigger_controller_dag.py took 0.068 seconds
[2024-02-24T21:53:15.323-0600] {processor.py:161} INFO - Started process (PID=9302) to work on /Users/vamseekrishna/Desktop/F1_Data_Warehouse/f1datawarehouse/lib/python3.9/site-packages/airflow/example_dags/example_trigger_controller_dag.py
[2024-02-24T21:53:15.325-0600] {processor.py:830} INFO - Processing file /Users/vamseekrishna/Desktop/F1_Data_Warehouse/f1datawarehouse/lib/python3.9/site-packages/airflow/example_dags/example_trigger_controller_dag.py for tasks to queue
[2024-02-24T21:53:15.325-0600] {logging_mixin.py:188} INFO - [2024-02-24T21:53:15.325-0600] {dagbag.py:538} INFO - Filling up the DagBag from /Users/vamseekrishna/Desktop/F1_Data_Warehouse/f1datawarehouse/lib/python3.9/site-packages/airflow/example_dags/example_trigger_controller_dag.py
[2024-02-24T21:53:15.330-0600] {processor.py:840} INFO - DAG(s) 'example_trigger_controller_dag' retrieved from /Users/vamseekrishna/Desktop/F1_Data_Warehouse/f1datawarehouse/lib/python3.9/site-packages/airflow/example_dags/example_trigger_controller_dag.py
[2024-02-24T21:53:15.377-0600] {logging_mixin.py:188} INFO - [2024-02-24T21:53:15.377-0600] {dag.py:3036} INFO - Sync 1 DAGs
[2024-02-24T21:53:15.385-0600] {logging_mixin.py:188} INFO - [2024-02-24T21:53:15.384-0600] {dag.py:3823} INFO - Setting next_dagrun for example_trigger_controller_dag to 2021-01-01 00:00:00+00:00, run_after=2021-01-01 00:00:00+00:00
[2024-02-24T21:53:15.392-0600] {processor.py:183} INFO - Processing /Users/vamseekrishna/Desktop/F1_Data_Warehouse/f1datawarehouse/lib/python3.9/site-packages/airflow/example_dags/example_trigger_controller_dag.py took 0.070 seconds
[2024-02-24T21:54:18.020-0600] {processor.py:161} INFO - Started process (PID=9349) to work on /Users/vamseekrishna/Desktop/F1_Data_Warehouse/f1datawarehouse/lib/python3.9/site-packages/airflow/example_dags/example_trigger_controller_dag.py
[2024-02-24T21:54:18.023-0600] {processor.py:830} INFO - Processing file /Users/vamseekrishna/Desktop/F1_Data_Warehouse/f1datawarehouse/lib/python3.9/site-packages/airflow/example_dags/example_trigger_controller_dag.py for tasks to queue
[2024-02-24T21:54:18.023-0600] {logging_mixin.py:188} INFO - [2024-02-24T21:54:18.023-0600] {dagbag.py:538} INFO - Filling up the DagBag from /Users/vamseekrishna/Desktop/F1_Data_Warehouse/f1datawarehouse/lib/python3.9/site-packages/airflow/example_dags/example_trigger_controller_dag.py
[2024-02-24T21:54:18.028-0600] {processor.py:840} INFO - DAG(s) 'example_trigger_controller_dag' retrieved from /Users/vamseekrishna/Desktop/F1_Data_Warehouse/f1datawarehouse/lib/python3.9/site-packages/airflow/example_dags/example_trigger_controller_dag.py
[2024-02-24T21:54:18.073-0600] {logging_mixin.py:188} INFO - [2024-02-24T21:54:18.073-0600] {dag.py:3036} INFO - Sync 1 DAGs
[2024-02-24T21:54:18.080-0600] {logging_mixin.py:188} INFO - [2024-02-24T21:54:18.080-0600] {dag.py:3823} INFO - Setting next_dagrun for example_trigger_controller_dag to 2021-01-01 00:00:00+00:00, run_after=2021-01-01 00:00:00+00:00
[2024-02-24T21:54:18.087-0600] {processor.py:183} INFO - Processing /Users/vamseekrishna/Desktop/F1_Data_Warehouse/f1datawarehouse/lib/python3.9/site-packages/airflow/example_dags/example_trigger_controller_dag.py took 0.068 seconds
[2024-02-24T21:55:24.903-0600] {processor.py:161} INFO - Started process (PID=9415) to work on /Users/vamseekrishna/Desktop/F1_Data_Warehouse/f1datawarehouse/lib/python3.9/site-packages/airflow/example_dags/example_trigger_controller_dag.py
[2024-02-24T21:55:24.906-0600] {processor.py:830} INFO - Processing file /Users/vamseekrishna/Desktop/F1_Data_Warehouse/f1datawarehouse/lib/python3.9/site-packages/airflow/example_dags/example_trigger_controller_dag.py for tasks to queue
[2024-02-24T21:55:24.906-0600] {logging_mixin.py:188} INFO - [2024-02-24T21:55:24.906-0600] {dagbag.py:538} INFO - Filling up the DagBag from /Users/vamseekrishna/Desktop/F1_Data_Warehouse/f1datawarehouse/lib/python3.9/site-packages/airflow/example_dags/example_trigger_controller_dag.py
[2024-02-24T21:55:24.911-0600] {processor.py:840} INFO - DAG(s) 'example_trigger_controller_dag' retrieved from /Users/vamseekrishna/Desktop/F1_Data_Warehouse/f1datawarehouse/lib/python3.9/site-packages/airflow/example_dags/example_trigger_controller_dag.py
[2024-02-24T21:55:24.958-0600] {logging_mixin.py:188} INFO - [2024-02-24T21:55:24.958-0600] {dag.py:3036} INFO - Sync 1 DAGs
[2024-02-24T21:55:24.966-0600] {logging_mixin.py:188} INFO - [2024-02-24T21:55:24.966-0600] {dag.py:3823} INFO - Setting next_dagrun for example_trigger_controller_dag to 2021-01-01 00:00:00+00:00, run_after=2021-01-01 00:00:00+00:00
[2024-02-24T21:55:24.973-0600] {processor.py:183} INFO - Processing /Users/vamseekrishna/Desktop/F1_Data_Warehouse/f1datawarehouse/lib/python3.9/site-packages/airflow/example_dags/example_trigger_controller_dag.py took 0.070 seconds
[2024-02-24T21:56:33.823-0600] {processor.py:161} INFO - Started process (PID=9479) to work on /Users/vamseekrishna/Desktop/F1_Data_Warehouse/f1datawarehouse/lib/python3.9/site-packages/airflow/example_dags/example_trigger_controller_dag.py
[2024-02-24T21:56:33.829-0600] {processor.py:830} INFO - Processing file /Users/vamseekrishna/Desktop/F1_Data_Warehouse/f1datawarehouse/lib/python3.9/site-packages/airflow/example_dags/example_trigger_controller_dag.py for tasks to queue
[2024-02-24T21:56:33.830-0600] {logging_mixin.py:188} INFO - [2024-02-24T21:56:33.830-0600] {dagbag.py:538} INFO - Filling up the DagBag from /Users/vamseekrishna/Desktop/F1_Data_Warehouse/f1datawarehouse/lib/python3.9/site-packages/airflow/example_dags/example_trigger_controller_dag.py
[2024-02-24T21:56:33.840-0600] {processor.py:840} INFO - DAG(s) 'example_trigger_controller_dag' retrieved from /Users/vamseekrishna/Desktop/F1_Data_Warehouse/f1datawarehouse/lib/python3.9/site-packages/airflow/example_dags/example_trigger_controller_dag.py
[2024-02-24T21:56:33.921-0600] {logging_mixin.py:188} INFO - [2024-02-24T21:56:33.921-0600] {dag.py:3036} INFO - Sync 1 DAGs
[2024-02-24T21:56:33.933-0600] {logging_mixin.py:188} INFO - [2024-02-24T21:56:33.932-0600] {dag.py:3823} INFO - Setting next_dagrun for example_trigger_controller_dag to 2021-01-01 00:00:00+00:00, run_after=2021-01-01 00:00:00+00:00
[2024-02-24T21:56:33.942-0600] {processor.py:183} INFO - Processing /Users/vamseekrishna/Desktop/F1_Data_Warehouse/f1datawarehouse/lib/python3.9/site-packages/airflow/example_dags/example_trigger_controller_dag.py took 0.120 seconds
[2024-02-24T21:57:35.743-0600] {processor.py:161} INFO - Started process (PID=9540) to work on /Users/vamseekrishna/Desktop/F1_Data_Warehouse/f1datawarehouse/lib/python3.9/site-packages/airflow/example_dags/example_trigger_controller_dag.py
[2024-02-24T21:57:35.745-0600] {processor.py:830} INFO - Processing file /Users/vamseekrishna/Desktop/F1_Data_Warehouse/f1datawarehouse/lib/python3.9/site-packages/airflow/example_dags/example_trigger_controller_dag.py for tasks to queue
[2024-02-24T21:57:35.745-0600] {logging_mixin.py:188} INFO - [2024-02-24T21:57:35.745-0600] {dagbag.py:538} INFO - Filling up the DagBag from /Users/vamseekrishna/Desktop/F1_Data_Warehouse/f1datawarehouse/lib/python3.9/site-packages/airflow/example_dags/example_trigger_controller_dag.py
[2024-02-24T21:57:35.750-0600] {processor.py:840} INFO - DAG(s) 'example_trigger_controller_dag' retrieved from /Users/vamseekrishna/Desktop/F1_Data_Warehouse/f1datawarehouse/lib/python3.9/site-packages/airflow/example_dags/example_trigger_controller_dag.py
[2024-02-24T21:57:35.797-0600] {logging_mixin.py:188} INFO - [2024-02-24T21:57:35.797-0600] {dag.py:3036} INFO - Sync 1 DAGs
[2024-02-24T21:57:35.804-0600] {logging_mixin.py:188} INFO - [2024-02-24T21:57:35.804-0600] {dag.py:3823} INFO - Setting next_dagrun for example_trigger_controller_dag to 2021-01-01 00:00:00+00:00, run_after=2021-01-01 00:00:00+00:00
[2024-02-24T21:57:35.811-0600] {processor.py:183} INFO - Processing /Users/vamseekrishna/Desktop/F1_Data_Warehouse/f1datawarehouse/lib/python3.9/site-packages/airflow/example_dags/example_trigger_controller_dag.py took 0.069 seconds
[2024-02-24T21:58:38.546-0600] {processor.py:161} INFO - Started process (PID=9584) to work on /Users/vamseekrishna/Desktop/F1_Data_Warehouse/f1datawarehouse/lib/python3.9/site-packages/airflow/example_dags/example_trigger_controller_dag.py
[2024-02-24T21:58:38.548-0600] {processor.py:830} INFO - Processing file /Users/vamseekrishna/Desktop/F1_Data_Warehouse/f1datawarehouse/lib/python3.9/site-packages/airflow/example_dags/example_trigger_controller_dag.py for tasks to queue
[2024-02-24T21:58:38.548-0600] {logging_mixin.py:188} INFO - [2024-02-24T21:58:38.548-0600] {dagbag.py:538} INFO - Filling up the DagBag from /Users/vamseekrishna/Desktop/F1_Data_Warehouse/f1datawarehouse/lib/python3.9/site-packages/airflow/example_dags/example_trigger_controller_dag.py
[2024-02-24T21:58:38.553-0600] {processor.py:840} INFO - DAG(s) 'example_trigger_controller_dag' retrieved from /Users/vamseekrishna/Desktop/F1_Data_Warehouse/f1datawarehouse/lib/python3.9/site-packages/airflow/example_dags/example_trigger_controller_dag.py
[2024-02-24T21:58:38.599-0600] {logging_mixin.py:188} INFO - [2024-02-24T21:58:38.599-0600] {dag.py:3036} INFO - Sync 1 DAGs
[2024-02-24T21:58:38.607-0600] {logging_mixin.py:188} INFO - [2024-02-24T21:58:38.606-0600] {dag.py:3823} INFO - Setting next_dagrun for example_trigger_controller_dag to 2021-01-01 00:00:00+00:00, run_after=2021-01-01 00:00:00+00:00
[2024-02-24T21:58:38.614-0600] {processor.py:183} INFO - Processing /Users/vamseekrishna/Desktop/F1_Data_Warehouse/f1datawarehouse/lib/python3.9/site-packages/airflow/example_dags/example_trigger_controller_dag.py took 0.069 seconds
