[2024-02-24T18:02:48.294-0600] {processor.py:161} INFO - Started process (PID=95659) to work on /Users/vamseekrishna/Desktop/F1_Data_Warehouse/f1datawarehouse/lib/python3.9/site-packages/airflow/example_dags/example_sla_dag.py
[2024-02-24T18:02:48.295-0600] {processor.py:830} INFO - Processing file /Users/vamseekrishna/Desktop/F1_Data_Warehouse/f1datawarehouse/lib/python3.9/site-packages/airflow/example_dags/example_sla_dag.py for tasks to queue
[2024-02-24T18:02:48.295-0600] {logging_mixin.py:188} INFO - [2024-02-24T18:02:48.295-0600] {dagbag.py:538} INFO - Filling up the DagBag from /Users/vamseekrishna/Desktop/F1_Data_Warehouse/f1datawarehouse/lib/python3.9/site-packages/airflow/example_dags/example_sla_dag.py
[2024-02-24T18:02:48.318-0600] {processor.py:840} INFO - DAG(s) 'example_sla_dag' retrieved from /Users/vamseekrishna/Desktop/F1_Data_Warehouse/f1datawarehouse/lib/python3.9/site-packages/airflow/example_dags/example_sla_dag.py
[2024-02-24T18:02:48.363-0600] {logging_mixin.py:188} INFO - [2024-02-24T18:02:48.363-0600] {dag.py:3036} INFO - Sync 1 DAGs
[2024-02-24T18:02:48.373-0600] {logging_mixin.py:188} INFO - [2024-02-24T18:02:48.373-0600] {dag.py:3823} INFO - Setting next_dagrun for example_sla_dag to 2024-02-25 00:00:00+00:00, run_after=2024-02-25 00:02:00+00:00
[2024-02-24T18:02:48.381-0600] {processor.py:183} INFO - Processing /Users/vamseekrishna/Desktop/F1_Data_Warehouse/f1datawarehouse/lib/python3.9/site-packages/airflow/example_dags/example_sla_dag.py took 0.088 seconds
[2024-02-24T18:04:11.070-0600] {processor.py:161} INFO - Started process (PID=95754) to work on /Users/vamseekrishna/Desktop/F1_Data_Warehouse/f1datawarehouse/lib/python3.9/site-packages/airflow/example_dags/example_sla_dag.py
[2024-02-24T18:04:11.072-0600] {processor.py:830} INFO - Processing file /Users/vamseekrishna/Desktop/F1_Data_Warehouse/f1datawarehouse/lib/python3.9/site-packages/airflow/example_dags/example_sla_dag.py for tasks to queue
[2024-02-24T18:04:11.072-0600] {logging_mixin.py:188} INFO - [2024-02-24T18:04:11.072-0600] {dagbag.py:538} INFO - Filling up the DagBag from /Users/vamseekrishna/Desktop/F1_Data_Warehouse/f1datawarehouse/lib/python3.9/site-packages/airflow/example_dags/example_sla_dag.py
[2024-02-24T18:04:11.089-0600] {processor.py:840} INFO - DAG(s) 'example_sla_dag' retrieved from /Users/vamseekrishna/Desktop/F1_Data_Warehouse/f1datawarehouse/lib/python3.9/site-packages/airflow/example_dags/example_sla_dag.py
[2024-02-24T18:04:11.136-0600] {logging_mixin.py:188} INFO - [2024-02-24T18:04:11.135-0600] {dag.py:3036} INFO - Sync 1 DAGs
[2024-02-24T18:04:11.147-0600] {logging_mixin.py:188} INFO - [2024-02-24T18:04:11.147-0600] {dag.py:3823} INFO - Setting next_dagrun for example_sla_dag to 2024-02-25 00:02:00+00:00, run_after=2024-02-25 00:04:00+00:00
[2024-02-24T18:04:11.157-0600] {processor.py:183} INFO - Processing /Users/vamseekrishna/Desktop/F1_Data_Warehouse/f1datawarehouse/lib/python3.9/site-packages/airflow/example_dags/example_sla_dag.py took 0.088 seconds
[2024-02-24T18:06:28.091-0600] {processor.py:161} INFO - Started process (PID=95915) to work on /Users/vamseekrishna/Desktop/F1_Data_Warehouse/f1datawarehouse/lib/python3.9/site-packages/airflow/example_dags/example_sla_dag.py
[2024-02-24T18:06:28.093-0600] {processor.py:830} INFO - Processing file /Users/vamseekrishna/Desktop/F1_Data_Warehouse/f1datawarehouse/lib/python3.9/site-packages/airflow/example_dags/example_sla_dag.py for tasks to queue
[2024-02-24T18:06:28.093-0600] {logging_mixin.py:188} INFO - [2024-02-24T18:06:28.093-0600] {dagbag.py:538} INFO - Filling up the DagBag from /Users/vamseekrishna/Desktop/F1_Data_Warehouse/f1datawarehouse/lib/python3.9/site-packages/airflow/example_dags/example_sla_dag.py
[2024-02-24T18:06:28.111-0600] {processor.py:840} INFO - DAG(s) 'example_sla_dag' retrieved from /Users/vamseekrishna/Desktop/F1_Data_Warehouse/f1datawarehouse/lib/python3.9/site-packages/airflow/example_dags/example_sla_dag.py
[2024-02-24T18:06:28.157-0600] {logging_mixin.py:188} INFO - [2024-02-24T18:06:28.157-0600] {dag.py:3036} INFO - Sync 1 DAGs
[2024-02-24T18:06:28.167-0600] {logging_mixin.py:188} INFO - [2024-02-24T18:06:28.167-0600] {dag.py:3823} INFO - Setting next_dagrun for example_sla_dag to 2024-02-25 00:04:00+00:00, run_after=2024-02-25 00:06:00+00:00
[2024-02-24T18:06:28.174-0600] {processor.py:183} INFO - Processing /Users/vamseekrishna/Desktop/F1_Data_Warehouse/f1datawarehouse/lib/python3.9/site-packages/airflow/example_dags/example_sla_dag.py took 0.084 seconds
[2024-02-24T18:08:21.787-0600] {processor.py:161} INFO - Started process (PID=96014) to work on /Users/vamseekrishna/Desktop/F1_Data_Warehouse/f1datawarehouse/lib/python3.9/site-packages/airflow/example_dags/example_sla_dag.py
[2024-02-24T18:08:21.789-0600] {processor.py:830} INFO - Processing file /Users/vamseekrishna/Desktop/F1_Data_Warehouse/f1datawarehouse/lib/python3.9/site-packages/airflow/example_dags/example_sla_dag.py for tasks to queue
[2024-02-24T18:08:21.789-0600] {logging_mixin.py:188} INFO - [2024-02-24T18:08:21.789-0600] {dagbag.py:538} INFO - Filling up the DagBag from /Users/vamseekrishna/Desktop/F1_Data_Warehouse/f1datawarehouse/lib/python3.9/site-packages/airflow/example_dags/example_sla_dag.py
[2024-02-24T18:08:21.805-0600] {processor.py:840} INFO - DAG(s) 'example_sla_dag' retrieved from /Users/vamseekrishna/Desktop/F1_Data_Warehouse/f1datawarehouse/lib/python3.9/site-packages/airflow/example_dags/example_sla_dag.py
[2024-02-24T18:08:21.852-0600] {logging_mixin.py:188} INFO - [2024-02-24T18:08:21.852-0600] {dag.py:3036} INFO - Sync 1 DAGs
[2024-02-24T18:08:21.865-0600] {logging_mixin.py:188} INFO - [2024-02-24T18:08:21.865-0600] {dag.py:3823} INFO - Setting next_dagrun for example_sla_dag to 2024-02-25 00:06:00+00:00, run_after=2024-02-25 00:08:00+00:00
[2024-02-24T18:08:21.874-0600] {processor.py:183} INFO - Processing /Users/vamseekrishna/Desktop/F1_Data_Warehouse/f1datawarehouse/lib/python3.9/site-packages/airflow/example_dags/example_sla_dag.py took 0.088 seconds
[2024-02-24T18:10:16.442-0600] {processor.py:161} INFO - Started process (PID=96112) to work on /Users/vamseekrishna/Desktop/F1_Data_Warehouse/f1datawarehouse/lib/python3.9/site-packages/airflow/example_dags/example_sla_dag.py
[2024-02-24T18:10:16.443-0600] {processor.py:830} INFO - Processing file /Users/vamseekrishna/Desktop/F1_Data_Warehouse/f1datawarehouse/lib/python3.9/site-packages/airflow/example_dags/example_sla_dag.py for tasks to queue
[2024-02-24T18:10:16.444-0600] {logging_mixin.py:188} INFO - [2024-02-24T18:10:16.443-0600] {dagbag.py:538} INFO - Filling up the DagBag from /Users/vamseekrishna/Desktop/F1_Data_Warehouse/f1datawarehouse/lib/python3.9/site-packages/airflow/example_dags/example_sla_dag.py
[2024-02-24T18:10:16.460-0600] {processor.py:840} INFO - DAG(s) 'example_sla_dag' retrieved from /Users/vamseekrishna/Desktop/F1_Data_Warehouse/f1datawarehouse/lib/python3.9/site-packages/airflow/example_dags/example_sla_dag.py
[2024-02-24T18:10:16.507-0600] {logging_mixin.py:188} INFO - [2024-02-24T18:10:16.507-0600] {dag.py:3036} INFO - Sync 1 DAGs
[2024-02-24T18:10:16.517-0600] {logging_mixin.py:188} INFO - [2024-02-24T18:10:16.516-0600] {dag.py:3823} INFO - Setting next_dagrun for example_sla_dag to 2024-02-25 00:08:00+00:00, run_after=2024-02-25 00:10:00+00:00
[2024-02-24T18:10:16.525-0600] {processor.py:183} INFO - Processing /Users/vamseekrishna/Desktop/F1_Data_Warehouse/f1datawarehouse/lib/python3.9/site-packages/airflow/example_dags/example_sla_dag.py took 0.084 seconds
[2024-02-24T18:11:23.382-0600] {processor.py:161} INFO - Started process (PID=96168) to work on /Users/vamseekrishna/Desktop/F1_Data_Warehouse/f1datawarehouse/lib/python3.9/site-packages/airflow/example_dags/example_sla_dag.py
[2024-02-24T18:11:23.384-0600] {processor.py:830} INFO - Processing file /Users/vamseekrishna/Desktop/F1_Data_Warehouse/f1datawarehouse/lib/python3.9/site-packages/airflow/example_dags/example_sla_dag.py for tasks to queue
[2024-02-24T18:11:23.384-0600] {logging_mixin.py:188} INFO - [2024-02-24T18:11:23.384-0600] {dagbag.py:538} INFO - Filling up the DagBag from /Users/vamseekrishna/Desktop/F1_Data_Warehouse/f1datawarehouse/lib/python3.9/site-packages/airflow/example_dags/example_sla_dag.py
[2024-02-24T18:11:23.401-0600] {processor.py:840} INFO - DAG(s) 'example_sla_dag' retrieved from /Users/vamseekrishna/Desktop/F1_Data_Warehouse/f1datawarehouse/lib/python3.9/site-packages/airflow/example_dags/example_sla_dag.py
[2024-02-24T18:11:23.447-0600] {logging_mixin.py:188} INFO - [2024-02-24T18:11:23.447-0600] {dag.py:3036} INFO - Sync 1 DAGs
[2024-02-24T18:11:23.456-0600] {logging_mixin.py:188} INFO - [2024-02-24T18:11:23.456-0600] {dag.py:3823} INFO - Setting next_dagrun for example_sla_dag to 2024-02-25 00:08:00+00:00, run_after=2024-02-25 00:10:00+00:00
[2024-02-24T18:11:23.464-0600] {processor.py:183} INFO - Processing /Users/vamseekrishna/Desktop/F1_Data_Warehouse/f1datawarehouse/lib/python3.9/site-packages/airflow/example_dags/example_sla_dag.py took 0.083 seconds
[2024-02-24T18:13:24.297-0600] {processor.py:161} INFO - Started process (PID=96261) to work on /Users/vamseekrishna/Desktop/F1_Data_Warehouse/f1datawarehouse/lib/python3.9/site-packages/airflow/example_dags/example_sla_dag.py
[2024-02-24T18:13:24.298-0600] {processor.py:830} INFO - Processing file /Users/vamseekrishna/Desktop/F1_Data_Warehouse/f1datawarehouse/lib/python3.9/site-packages/airflow/example_dags/example_sla_dag.py for tasks to queue
[2024-02-24T18:13:24.299-0600] {logging_mixin.py:188} INFO - [2024-02-24T18:13:24.299-0600] {dagbag.py:538} INFO - Filling up the DagBag from /Users/vamseekrishna/Desktop/F1_Data_Warehouse/f1datawarehouse/lib/python3.9/site-packages/airflow/example_dags/example_sla_dag.py
[2024-02-24T18:13:24.317-0600] {processor.py:840} INFO - DAG(s) 'example_sla_dag' retrieved from /Users/vamseekrishna/Desktop/F1_Data_Warehouse/f1datawarehouse/lib/python3.9/site-packages/airflow/example_dags/example_sla_dag.py
[2024-02-24T18:13:24.374-0600] {logging_mixin.py:188} INFO - [2024-02-24T18:13:24.373-0600] {dag.py:3036} INFO - Sync 1 DAGs
[2024-02-24T18:13:24.384-0600] {logging_mixin.py:188} INFO - [2024-02-24T18:13:24.384-0600] {dag.py:3823} INFO - Setting next_dagrun for example_sla_dag to 2024-02-25 00:10:00+00:00, run_after=2024-02-25 00:12:00+00:00
[2024-02-24T18:13:24.392-0600] {processor.py:183} INFO - Processing /Users/vamseekrishna/Desktop/F1_Data_Warehouse/f1datawarehouse/lib/python3.9/site-packages/airflow/example_dags/example_sla_dag.py took 0.096 seconds
[2024-02-24T18:15:18.625-0600] {processor.py:161} INFO - Started process (PID=96368) to work on /Users/vamseekrishna/Desktop/F1_Data_Warehouse/f1datawarehouse/lib/python3.9/site-packages/airflow/example_dags/example_sla_dag.py
[2024-02-24T18:15:18.626-0600] {processor.py:830} INFO - Processing file /Users/vamseekrishna/Desktop/F1_Data_Warehouse/f1datawarehouse/lib/python3.9/site-packages/airflow/example_dags/example_sla_dag.py for tasks to queue
[2024-02-24T18:15:18.627-0600] {logging_mixin.py:188} INFO - [2024-02-24T18:15:18.627-0600] {dagbag.py:538} INFO - Filling up the DagBag from /Users/vamseekrishna/Desktop/F1_Data_Warehouse/f1datawarehouse/lib/python3.9/site-packages/airflow/example_dags/example_sla_dag.py
[2024-02-24T18:15:18.643-0600] {processor.py:840} INFO - DAG(s) 'example_sla_dag' retrieved from /Users/vamseekrishna/Desktop/F1_Data_Warehouse/f1datawarehouse/lib/python3.9/site-packages/airflow/example_dags/example_sla_dag.py
[2024-02-24T18:15:18.689-0600] {logging_mixin.py:188} INFO - [2024-02-24T18:15:18.689-0600] {dag.py:3036} INFO - Sync 1 DAGs
[2024-02-24T18:15:18.699-0600] {logging_mixin.py:188} INFO - [2024-02-24T18:15:18.699-0600] {dag.py:3823} INFO - Setting next_dagrun for example_sla_dag to 2024-02-25 00:12:00+00:00, run_after=2024-02-25 00:14:00+00:00
[2024-02-24T18:15:18.708-0600] {processor.py:183} INFO - Processing /Users/vamseekrishna/Desktop/F1_Data_Warehouse/f1datawarehouse/lib/python3.9/site-packages/airflow/example_dags/example_sla_dag.py took 0.083 seconds
[2024-02-24T18:17:19.442-0600] {processor.py:161} INFO - Started process (PID=96472) to work on /Users/vamseekrishna/Desktop/F1_Data_Warehouse/f1datawarehouse/lib/python3.9/site-packages/airflow/example_dags/example_sla_dag.py
[2024-02-24T18:17:19.444-0600] {processor.py:830} INFO - Processing file /Users/vamseekrishna/Desktop/F1_Data_Warehouse/f1datawarehouse/lib/python3.9/site-packages/airflow/example_dags/example_sla_dag.py for tasks to queue
[2024-02-24T18:17:19.444-0600] {logging_mixin.py:188} INFO - [2024-02-24T18:17:19.444-0600] {dagbag.py:538} INFO - Filling up the DagBag from /Users/vamseekrishna/Desktop/F1_Data_Warehouse/f1datawarehouse/lib/python3.9/site-packages/airflow/example_dags/example_sla_dag.py
[2024-02-24T18:17:19.463-0600] {processor.py:840} INFO - DAG(s) 'example_sla_dag' retrieved from /Users/vamseekrishna/Desktop/F1_Data_Warehouse/f1datawarehouse/lib/python3.9/site-packages/airflow/example_dags/example_sla_dag.py
[2024-02-24T18:17:19.510-0600] {logging_mixin.py:188} INFO - [2024-02-24T18:17:19.510-0600] {dag.py:3036} INFO - Sync 1 DAGs
[2024-02-24T18:17:19.520-0600] {logging_mixin.py:188} INFO - [2024-02-24T18:17:19.520-0600] {dag.py:3823} INFO - Setting next_dagrun for example_sla_dag to 2024-02-25 00:14:00+00:00, run_after=2024-02-25 00:16:00+00:00
[2024-02-24T18:17:19.528-0600] {processor.py:183} INFO - Processing /Users/vamseekrishna/Desktop/F1_Data_Warehouse/f1datawarehouse/lib/python3.9/site-packages/airflow/example_dags/example_sla_dag.py took 0.087 seconds
[2024-02-24T18:19:19.434-0600] {processor.py:161} INFO - Started process (PID=96568) to work on /Users/vamseekrishna/Desktop/F1_Data_Warehouse/f1datawarehouse/lib/python3.9/site-packages/airflow/example_dags/example_sla_dag.py
[2024-02-24T18:19:19.436-0600] {processor.py:830} INFO - Processing file /Users/vamseekrishna/Desktop/F1_Data_Warehouse/f1datawarehouse/lib/python3.9/site-packages/airflow/example_dags/example_sla_dag.py for tasks to queue
[2024-02-24T18:19:19.437-0600] {logging_mixin.py:188} INFO - [2024-02-24T18:19:19.437-0600] {dagbag.py:538} INFO - Filling up the DagBag from /Users/vamseekrishna/Desktop/F1_Data_Warehouse/f1datawarehouse/lib/python3.9/site-packages/airflow/example_dags/example_sla_dag.py
[2024-02-24T18:19:19.453-0600] {processor.py:840} INFO - DAG(s) 'example_sla_dag' retrieved from /Users/vamseekrishna/Desktop/F1_Data_Warehouse/f1datawarehouse/lib/python3.9/site-packages/airflow/example_dags/example_sla_dag.py
[2024-02-24T18:19:19.499-0600] {logging_mixin.py:188} INFO - [2024-02-24T18:19:19.499-0600] {dag.py:3036} INFO - Sync 1 DAGs
[2024-02-24T18:19:19.512-0600] {logging_mixin.py:188} INFO - [2024-02-24T18:19:19.512-0600] {dag.py:3823} INFO - Setting next_dagrun for example_sla_dag to 2024-02-25 00:16:00+00:00, run_after=2024-02-25 00:18:00+00:00
[2024-02-24T18:19:19.520-0600] {processor.py:183} INFO - Processing /Users/vamseekrishna/Desktop/F1_Data_Warehouse/f1datawarehouse/lib/python3.9/site-packages/airflow/example_dags/example_sla_dag.py took 0.086 seconds
[2024-02-24T18:21:21.696-0600] {processor.py:161} INFO - Started process (PID=96669) to work on /Users/vamseekrishna/Desktop/F1_Data_Warehouse/f1datawarehouse/lib/python3.9/site-packages/airflow/example_dags/example_sla_dag.py
[2024-02-24T18:21:21.698-0600] {processor.py:830} INFO - Processing file /Users/vamseekrishna/Desktop/F1_Data_Warehouse/f1datawarehouse/lib/python3.9/site-packages/airflow/example_dags/example_sla_dag.py for tasks to queue
[2024-02-24T18:21:21.698-0600] {logging_mixin.py:188} INFO - [2024-02-24T18:21:21.698-0600] {dagbag.py:538} INFO - Filling up the DagBag from /Users/vamseekrishna/Desktop/F1_Data_Warehouse/f1datawarehouse/lib/python3.9/site-packages/airflow/example_dags/example_sla_dag.py
[2024-02-24T18:21:21.715-0600] {processor.py:840} INFO - DAG(s) 'example_sla_dag' retrieved from /Users/vamseekrishna/Desktop/F1_Data_Warehouse/f1datawarehouse/lib/python3.9/site-packages/airflow/example_dags/example_sla_dag.py
[2024-02-24T18:21:21.762-0600] {logging_mixin.py:188} INFO - [2024-02-24T18:21:21.762-0600] {dag.py:3036} INFO - Sync 1 DAGs
[2024-02-24T18:21:21.773-0600] {logging_mixin.py:188} INFO - [2024-02-24T18:21:21.773-0600] {dag.py:3823} INFO - Setting next_dagrun for example_sla_dag to 2024-02-25 00:18:00+00:00, run_after=2024-02-25 00:20:00+00:00
[2024-02-24T18:21:21.781-0600] {processor.py:183} INFO - Processing /Users/vamseekrishna/Desktop/F1_Data_Warehouse/f1datawarehouse/lib/python3.9/site-packages/airflow/example_dags/example_sla_dag.py took 0.085 seconds
[2024-02-24T18:23:26.918-0600] {processor.py:161} INFO - Started process (PID=96783) to work on /Users/vamseekrishna/Desktop/F1_Data_Warehouse/f1datawarehouse/lib/python3.9/site-packages/airflow/example_dags/example_sla_dag.py
[2024-02-24T18:23:26.920-0600] {processor.py:830} INFO - Processing file /Users/vamseekrishna/Desktop/F1_Data_Warehouse/f1datawarehouse/lib/python3.9/site-packages/airflow/example_dags/example_sla_dag.py for tasks to queue
[2024-02-24T18:23:26.920-0600] {logging_mixin.py:188} INFO - [2024-02-24T18:23:26.920-0600] {dagbag.py:538} INFO - Filling up the DagBag from /Users/vamseekrishna/Desktop/F1_Data_Warehouse/f1datawarehouse/lib/python3.9/site-packages/airflow/example_dags/example_sla_dag.py
[2024-02-24T18:23:26.938-0600] {processor.py:840} INFO - DAG(s) 'example_sla_dag' retrieved from /Users/vamseekrishna/Desktop/F1_Data_Warehouse/f1datawarehouse/lib/python3.9/site-packages/airflow/example_dags/example_sla_dag.py
[2024-02-24T18:23:26.985-0600] {logging_mixin.py:188} INFO - [2024-02-24T18:23:26.985-0600] {dag.py:3036} INFO - Sync 1 DAGs
[2024-02-24T18:23:26.995-0600] {logging_mixin.py:188} INFO - [2024-02-24T18:23:26.995-0600] {dag.py:3823} INFO - Setting next_dagrun for example_sla_dag to 2024-02-25 00:20:00+00:00, run_after=2024-02-25 00:22:00+00:00
[2024-02-24T18:23:27.003-0600] {processor.py:183} INFO - Processing /Users/vamseekrishna/Desktop/F1_Data_Warehouse/f1datawarehouse/lib/python3.9/site-packages/airflow/example_dags/example_sla_dag.py took 0.086 seconds
[2024-02-24T18:25:24.007-0600] {processor.py:161} INFO - Started process (PID=96871) to work on /Users/vamseekrishna/Desktop/F1_Data_Warehouse/f1datawarehouse/lib/python3.9/site-packages/airflow/example_dags/example_sla_dag.py
[2024-02-24T18:25:24.009-0600] {processor.py:830} INFO - Processing file /Users/vamseekrishna/Desktop/F1_Data_Warehouse/f1datawarehouse/lib/python3.9/site-packages/airflow/example_dags/example_sla_dag.py for tasks to queue
[2024-02-24T18:25:24.010-0600] {logging_mixin.py:188} INFO - [2024-02-24T18:25:24.010-0600] {dagbag.py:538} INFO - Filling up the DagBag from /Users/vamseekrishna/Desktop/F1_Data_Warehouse/f1datawarehouse/lib/python3.9/site-packages/airflow/example_dags/example_sla_dag.py
[2024-02-24T18:25:24.029-0600] {processor.py:840} INFO - DAG(s) 'example_sla_dag' retrieved from /Users/vamseekrishna/Desktop/F1_Data_Warehouse/f1datawarehouse/lib/python3.9/site-packages/airflow/example_dags/example_sla_dag.py
[2024-02-24T18:25:24.078-0600] {logging_mixin.py:188} INFO - [2024-02-24T18:25:24.078-0600] {dag.py:3036} INFO - Sync 1 DAGs
[2024-02-24T18:25:24.088-0600] {logging_mixin.py:188} INFO - [2024-02-24T18:25:24.088-0600] {dag.py:3823} INFO - Setting next_dagrun for example_sla_dag to 2024-02-25 00:22:00+00:00, run_after=2024-02-25 00:24:00+00:00
[2024-02-24T18:25:24.096-0600] {processor.py:183} INFO - Processing /Users/vamseekrishna/Desktop/F1_Data_Warehouse/f1datawarehouse/lib/python3.9/site-packages/airflow/example_dags/example_sla_dag.py took 0.090 seconds
[2024-02-24T18:27:27.598-0600] {processor.py:161} INFO - Started process (PID=96969) to work on /Users/vamseekrishna/Desktop/F1_Data_Warehouse/f1datawarehouse/lib/python3.9/site-packages/airflow/example_dags/example_sla_dag.py
[2024-02-24T18:27:27.600-0600] {processor.py:830} INFO - Processing file /Users/vamseekrishna/Desktop/F1_Data_Warehouse/f1datawarehouse/lib/python3.9/site-packages/airflow/example_dags/example_sla_dag.py for tasks to queue
[2024-02-24T18:27:27.600-0600] {logging_mixin.py:188} INFO - [2024-02-24T18:27:27.600-0600] {dagbag.py:538} INFO - Filling up the DagBag from /Users/vamseekrishna/Desktop/F1_Data_Warehouse/f1datawarehouse/lib/python3.9/site-packages/airflow/example_dags/example_sla_dag.py
[2024-02-24T18:27:27.617-0600] {processor.py:840} INFO - DAG(s) 'example_sla_dag' retrieved from /Users/vamseekrishna/Desktop/F1_Data_Warehouse/f1datawarehouse/lib/python3.9/site-packages/airflow/example_dags/example_sla_dag.py
[2024-02-24T18:27:27.664-0600] {logging_mixin.py:188} INFO - [2024-02-24T18:27:27.664-0600] {dag.py:3036} INFO - Sync 1 DAGs
[2024-02-24T18:27:27.674-0600] {logging_mixin.py:188} INFO - [2024-02-24T18:27:27.674-0600] {dag.py:3823} INFO - Setting next_dagrun for example_sla_dag to 2024-02-25 00:24:00+00:00, run_after=2024-02-25 00:26:00+00:00
[2024-02-24T18:27:27.683-0600] {processor.py:183} INFO - Processing /Users/vamseekrishna/Desktop/F1_Data_Warehouse/f1datawarehouse/lib/python3.9/site-packages/airflow/example_dags/example_sla_dag.py took 0.085 seconds
[2024-02-24T18:29:32.300-0600] {processor.py:161} INFO - Started process (PID=97066) to work on /Users/vamseekrishna/Desktop/F1_Data_Warehouse/f1datawarehouse/lib/python3.9/site-packages/airflow/example_dags/example_sla_dag.py
[2024-02-24T18:29:32.303-0600] {processor.py:830} INFO - Processing file /Users/vamseekrishna/Desktop/F1_Data_Warehouse/f1datawarehouse/lib/python3.9/site-packages/airflow/example_dags/example_sla_dag.py for tasks to queue
[2024-02-24T18:29:32.303-0600] {logging_mixin.py:188} INFO - [2024-02-24T18:29:32.303-0600] {dagbag.py:538} INFO - Filling up the DagBag from /Users/vamseekrishna/Desktop/F1_Data_Warehouse/f1datawarehouse/lib/python3.9/site-packages/airflow/example_dags/example_sla_dag.py
[2024-02-24T18:29:32.319-0600] {processor.py:840} INFO - DAG(s) 'example_sla_dag' retrieved from /Users/vamseekrishna/Desktop/F1_Data_Warehouse/f1datawarehouse/lib/python3.9/site-packages/airflow/example_dags/example_sla_dag.py
[2024-02-24T18:29:32.365-0600] {logging_mixin.py:188} INFO - [2024-02-24T18:29:32.365-0600] {dag.py:3036} INFO - Sync 1 DAGs
[2024-02-24T18:29:32.375-0600] {logging_mixin.py:188} INFO - [2024-02-24T18:29:32.375-0600] {dag.py:3823} INFO - Setting next_dagrun for example_sla_dag to 2024-02-25 00:26:00+00:00, run_after=2024-02-25 00:28:00+00:00
[2024-02-24T18:29:32.383-0600] {processor.py:183} INFO - Processing /Users/vamseekrishna/Desktop/F1_Data_Warehouse/f1datawarehouse/lib/python3.9/site-packages/airflow/example_dags/example_sla_dag.py took 0.083 seconds
[2024-02-24T18:31:30.395-0600] {processor.py:161} INFO - Started process (PID=97179) to work on /Users/vamseekrishna/Desktop/F1_Data_Warehouse/f1datawarehouse/lib/python3.9/site-packages/airflow/example_dags/example_sla_dag.py
[2024-02-24T18:31:30.397-0600] {processor.py:830} INFO - Processing file /Users/vamseekrishna/Desktop/F1_Data_Warehouse/f1datawarehouse/lib/python3.9/site-packages/airflow/example_dags/example_sla_dag.py for tasks to queue
[2024-02-24T18:31:30.397-0600] {logging_mixin.py:188} INFO - [2024-02-24T18:31:30.397-0600] {dagbag.py:538} INFO - Filling up the DagBag from /Users/vamseekrishna/Desktop/F1_Data_Warehouse/f1datawarehouse/lib/python3.9/site-packages/airflow/example_dags/example_sla_dag.py
[2024-02-24T18:31:30.414-0600] {processor.py:840} INFO - DAG(s) 'example_sla_dag' retrieved from /Users/vamseekrishna/Desktop/F1_Data_Warehouse/f1datawarehouse/lib/python3.9/site-packages/airflow/example_dags/example_sla_dag.py
[2024-02-24T18:31:30.462-0600] {logging_mixin.py:188} INFO - [2024-02-24T18:31:30.462-0600] {dag.py:3036} INFO - Sync 1 DAGs
[2024-02-24T18:31:30.473-0600] {logging_mixin.py:188} INFO - [2024-02-24T18:31:30.472-0600] {dag.py:3823} INFO - Setting next_dagrun for example_sla_dag to 2024-02-25 00:28:00+00:00, run_after=2024-02-25 00:30:00+00:00
[2024-02-24T18:31:30.481-0600] {processor.py:183} INFO - Processing /Users/vamseekrishna/Desktop/F1_Data_Warehouse/f1datawarehouse/lib/python3.9/site-packages/airflow/example_dags/example_sla_dag.py took 0.087 seconds
[2024-02-24T18:33:25.424-0600] {processor.py:161} INFO - Started process (PID=97282) to work on /Users/vamseekrishna/Desktop/F1_Data_Warehouse/f1datawarehouse/lib/python3.9/site-packages/airflow/example_dags/example_sla_dag.py
[2024-02-24T18:33:25.426-0600] {processor.py:830} INFO - Processing file /Users/vamseekrishna/Desktop/F1_Data_Warehouse/f1datawarehouse/lib/python3.9/site-packages/airflow/example_dags/example_sla_dag.py for tasks to queue
[2024-02-24T18:33:25.426-0600] {logging_mixin.py:188} INFO - [2024-02-24T18:33:25.426-0600] {dagbag.py:538} INFO - Filling up the DagBag from /Users/vamseekrishna/Desktop/F1_Data_Warehouse/f1datawarehouse/lib/python3.9/site-packages/airflow/example_dags/example_sla_dag.py
[2024-02-24T18:33:25.442-0600] {processor.py:840} INFO - DAG(s) 'example_sla_dag' retrieved from /Users/vamseekrishna/Desktop/F1_Data_Warehouse/f1datawarehouse/lib/python3.9/site-packages/airflow/example_dags/example_sla_dag.py
[2024-02-24T18:33:25.488-0600] {logging_mixin.py:188} INFO - [2024-02-24T18:33:25.488-0600] {dag.py:3036} INFO - Sync 1 DAGs
[2024-02-24T18:33:25.498-0600] {logging_mixin.py:188} INFO - [2024-02-24T18:33:25.498-0600] {dag.py:3823} INFO - Setting next_dagrun for example_sla_dag to 2024-02-25 00:30:00+00:00, run_after=2024-02-25 00:32:00+00:00
[2024-02-24T18:33:25.506-0600] {processor.py:183} INFO - Processing /Users/vamseekrishna/Desktop/F1_Data_Warehouse/f1datawarehouse/lib/python3.9/site-packages/airflow/example_dags/example_sla_dag.py took 0.083 seconds
[2024-02-24T18:35:26.664-0600] {processor.py:161} INFO - Started process (PID=97384) to work on /Users/vamseekrishna/Desktop/F1_Data_Warehouse/f1datawarehouse/lib/python3.9/site-packages/airflow/example_dags/example_sla_dag.py
[2024-02-24T18:35:26.667-0600] {processor.py:830} INFO - Processing file /Users/vamseekrishna/Desktop/F1_Data_Warehouse/f1datawarehouse/lib/python3.9/site-packages/airflow/example_dags/example_sla_dag.py for tasks to queue
[2024-02-24T18:35:26.667-0600] {logging_mixin.py:188} INFO - [2024-02-24T18:35:26.667-0600] {dagbag.py:538} INFO - Filling up the DagBag from /Users/vamseekrishna/Desktop/F1_Data_Warehouse/f1datawarehouse/lib/python3.9/site-packages/airflow/example_dags/example_sla_dag.py
[2024-02-24T18:35:26.683-0600] {processor.py:840} INFO - DAG(s) 'example_sla_dag' retrieved from /Users/vamseekrishna/Desktop/F1_Data_Warehouse/f1datawarehouse/lib/python3.9/site-packages/airflow/example_dags/example_sla_dag.py
[2024-02-24T18:35:26.730-0600] {logging_mixin.py:188} INFO - [2024-02-24T18:35:26.730-0600] {dag.py:3036} INFO - Sync 1 DAGs
[2024-02-24T18:35:26.740-0600] {logging_mixin.py:188} INFO - [2024-02-24T18:35:26.740-0600] {dag.py:3823} INFO - Setting next_dagrun for example_sla_dag to 2024-02-25 00:32:00+00:00, run_after=2024-02-25 00:34:00+00:00
[2024-02-24T18:35:26.749-0600] {processor.py:183} INFO - Processing /Users/vamseekrishna/Desktop/F1_Data_Warehouse/f1datawarehouse/lib/python3.9/site-packages/airflow/example_dags/example_sla_dag.py took 0.085 seconds
[2024-02-24T18:37:26.690-0600] {processor.py:161} INFO - Started process (PID=97485) to work on /Users/vamseekrishna/Desktop/F1_Data_Warehouse/f1datawarehouse/lib/python3.9/site-packages/airflow/example_dags/example_sla_dag.py
[2024-02-24T18:37:26.692-0600] {processor.py:830} INFO - Processing file /Users/vamseekrishna/Desktop/F1_Data_Warehouse/f1datawarehouse/lib/python3.9/site-packages/airflow/example_dags/example_sla_dag.py for tasks to queue
[2024-02-24T18:37:26.692-0600] {logging_mixin.py:188} INFO - [2024-02-24T18:37:26.692-0600] {dagbag.py:538} INFO - Filling up the DagBag from /Users/vamseekrishna/Desktop/F1_Data_Warehouse/f1datawarehouse/lib/python3.9/site-packages/airflow/example_dags/example_sla_dag.py
[2024-02-24T18:37:26.711-0600] {processor.py:840} INFO - DAG(s) 'example_sla_dag' retrieved from /Users/vamseekrishna/Desktop/F1_Data_Warehouse/f1datawarehouse/lib/python3.9/site-packages/airflow/example_dags/example_sla_dag.py
[2024-02-24T18:37:26.760-0600] {logging_mixin.py:188} INFO - [2024-02-24T18:37:26.760-0600] {dag.py:3036} INFO - Sync 1 DAGs
[2024-02-24T18:37:26.770-0600] {logging_mixin.py:188} INFO - [2024-02-24T18:37:26.770-0600] {dag.py:3823} INFO - Setting next_dagrun for example_sla_dag to 2024-02-25 00:34:00+00:00, run_after=2024-02-25 00:36:00+00:00
[2024-02-24T18:37:26.778-0600] {processor.py:183} INFO - Processing /Users/vamseekrishna/Desktop/F1_Data_Warehouse/f1datawarehouse/lib/python3.9/site-packages/airflow/example_dags/example_sla_dag.py took 0.088 seconds
[2024-02-24T18:39:28.618-0600] {processor.py:161} INFO - Started process (PID=97597) to work on /Users/vamseekrishna/Desktop/F1_Data_Warehouse/f1datawarehouse/lib/python3.9/site-packages/airflow/example_dags/example_sla_dag.py
[2024-02-24T18:39:28.620-0600] {processor.py:830} INFO - Processing file /Users/vamseekrishna/Desktop/F1_Data_Warehouse/f1datawarehouse/lib/python3.9/site-packages/airflow/example_dags/example_sla_dag.py for tasks to queue
[2024-02-24T18:39:28.620-0600] {logging_mixin.py:188} INFO - [2024-02-24T18:39:28.620-0600] {dagbag.py:538} INFO - Filling up the DagBag from /Users/vamseekrishna/Desktop/F1_Data_Warehouse/f1datawarehouse/lib/python3.9/site-packages/airflow/example_dags/example_sla_dag.py
[2024-02-24T18:39:28.636-0600] {processor.py:840} INFO - DAG(s) 'example_sla_dag' retrieved from /Users/vamseekrishna/Desktop/F1_Data_Warehouse/f1datawarehouse/lib/python3.9/site-packages/airflow/example_dags/example_sla_dag.py
[2024-02-24T18:39:28.683-0600] {logging_mixin.py:188} INFO - [2024-02-24T18:39:28.683-0600] {dag.py:3036} INFO - Sync 1 DAGs
[2024-02-24T18:39:28.693-0600] {logging_mixin.py:188} INFO - [2024-02-24T18:39:28.693-0600] {dag.py:3823} INFO - Setting next_dagrun for example_sla_dag to 2024-02-25 00:36:00+00:00, run_after=2024-02-25 00:38:00+00:00
[2024-02-24T18:39:28.702-0600] {processor.py:183} INFO - Processing /Users/vamseekrishna/Desktop/F1_Data_Warehouse/f1datawarehouse/lib/python3.9/site-packages/airflow/example_dags/example_sla_dag.py took 0.085 seconds
[2024-02-24T18:41:30.936-0600] {processor.py:161} INFO - Started process (PID=97684) to work on /Users/vamseekrishna/Desktop/F1_Data_Warehouse/f1datawarehouse/lib/python3.9/site-packages/airflow/example_dags/example_sla_dag.py
[2024-02-24T18:41:30.938-0600] {processor.py:830} INFO - Processing file /Users/vamseekrishna/Desktop/F1_Data_Warehouse/f1datawarehouse/lib/python3.9/site-packages/airflow/example_dags/example_sla_dag.py for tasks to queue
[2024-02-24T18:41:30.938-0600] {logging_mixin.py:188} INFO - [2024-02-24T18:41:30.938-0600] {dagbag.py:538} INFO - Filling up the DagBag from /Users/vamseekrishna/Desktop/F1_Data_Warehouse/f1datawarehouse/lib/python3.9/site-packages/airflow/example_dags/example_sla_dag.py
[2024-02-24T18:41:30.954-0600] {processor.py:840} INFO - DAG(s) 'example_sla_dag' retrieved from /Users/vamseekrishna/Desktop/F1_Data_Warehouse/f1datawarehouse/lib/python3.9/site-packages/airflow/example_dags/example_sla_dag.py
[2024-02-24T18:41:31.000-0600] {logging_mixin.py:188} INFO - [2024-02-24T18:41:31.000-0600] {dag.py:3036} INFO - Sync 1 DAGs
[2024-02-24T18:41:31.011-0600] {logging_mixin.py:188} INFO - [2024-02-24T18:41:31.011-0600] {dag.py:3823} INFO - Setting next_dagrun for example_sla_dag to 2024-02-25 00:38:00+00:00, run_after=2024-02-25 00:40:00+00:00
[2024-02-24T18:41:31.019-0600] {processor.py:183} INFO - Processing /Users/vamseekrishna/Desktop/F1_Data_Warehouse/f1datawarehouse/lib/python3.9/site-packages/airflow/example_dags/example_sla_dag.py took 0.083 seconds
[2024-02-24T18:43:27.511-0600] {processor.py:161} INFO - Started process (PID=97781) to work on /Users/vamseekrishna/Desktop/F1_Data_Warehouse/f1datawarehouse/lib/python3.9/site-packages/airflow/example_dags/example_sla_dag.py
[2024-02-24T18:43:27.512-0600] {processor.py:830} INFO - Processing file /Users/vamseekrishna/Desktop/F1_Data_Warehouse/f1datawarehouse/lib/python3.9/site-packages/airflow/example_dags/example_sla_dag.py for tasks to queue
[2024-02-24T18:43:27.513-0600] {logging_mixin.py:188} INFO - [2024-02-24T18:43:27.513-0600] {dagbag.py:538} INFO - Filling up the DagBag from /Users/vamseekrishna/Desktop/F1_Data_Warehouse/f1datawarehouse/lib/python3.9/site-packages/airflow/example_dags/example_sla_dag.py
[2024-02-24T18:43:27.529-0600] {processor.py:840} INFO - DAG(s) 'example_sla_dag' retrieved from /Users/vamseekrishna/Desktop/F1_Data_Warehouse/f1datawarehouse/lib/python3.9/site-packages/airflow/example_dags/example_sla_dag.py
[2024-02-24T18:43:27.576-0600] {logging_mixin.py:188} INFO - [2024-02-24T18:43:27.575-0600] {dag.py:3036} INFO - Sync 1 DAGs
[2024-02-24T18:43:27.586-0600] {logging_mixin.py:188} INFO - [2024-02-24T18:43:27.586-0600] {dag.py:3823} INFO - Setting next_dagrun for example_sla_dag to 2024-02-25 00:40:00+00:00, run_after=2024-02-25 00:42:00+00:00
[2024-02-24T18:43:27.594-0600] {processor.py:183} INFO - Processing /Users/vamseekrishna/Desktop/F1_Data_Warehouse/f1datawarehouse/lib/python3.9/site-packages/airflow/example_dags/example_sla_dag.py took 0.084 seconds
[2024-02-24T18:45:31.406-0600] {processor.py:161} INFO - Started process (PID=97899) to work on /Users/vamseekrishna/Desktop/F1_Data_Warehouse/f1datawarehouse/lib/python3.9/site-packages/airflow/example_dags/example_sla_dag.py
[2024-02-24T18:45:31.408-0600] {processor.py:830} INFO - Processing file /Users/vamseekrishna/Desktop/F1_Data_Warehouse/f1datawarehouse/lib/python3.9/site-packages/airflow/example_dags/example_sla_dag.py for tasks to queue
[2024-02-24T18:45:31.408-0600] {logging_mixin.py:188} INFO - [2024-02-24T18:45:31.408-0600] {dagbag.py:538} INFO - Filling up the DagBag from /Users/vamseekrishna/Desktop/F1_Data_Warehouse/f1datawarehouse/lib/python3.9/site-packages/airflow/example_dags/example_sla_dag.py
[2024-02-24T18:45:31.425-0600] {processor.py:840} INFO - DAG(s) 'example_sla_dag' retrieved from /Users/vamseekrishna/Desktop/F1_Data_Warehouse/f1datawarehouse/lib/python3.9/site-packages/airflow/example_dags/example_sla_dag.py
[2024-02-24T18:45:31.471-0600] {logging_mixin.py:188} INFO - [2024-02-24T18:45:31.471-0600] {dag.py:3036} INFO - Sync 1 DAGs
[2024-02-24T18:45:31.481-0600] {logging_mixin.py:188} INFO - [2024-02-24T18:45:31.481-0600] {dag.py:3823} INFO - Setting next_dagrun for example_sla_dag to 2024-02-25 00:42:00+00:00, run_after=2024-02-25 00:44:00+00:00
[2024-02-24T18:45:31.489-0600] {processor.py:183} INFO - Processing /Users/vamseekrishna/Desktop/F1_Data_Warehouse/f1datawarehouse/lib/python3.9/site-packages/airflow/example_dags/example_sla_dag.py took 0.084 seconds
[2024-02-24T18:47:34.279-0600] {processor.py:161} INFO - Started process (PID=97998) to work on /Users/vamseekrishna/Desktop/F1_Data_Warehouse/f1datawarehouse/lib/python3.9/site-packages/airflow/example_dags/example_sla_dag.py
[2024-02-24T18:47:34.281-0600] {processor.py:830} INFO - Processing file /Users/vamseekrishna/Desktop/F1_Data_Warehouse/f1datawarehouse/lib/python3.9/site-packages/airflow/example_dags/example_sla_dag.py for tasks to queue
[2024-02-24T18:47:34.281-0600] {logging_mixin.py:188} INFO - [2024-02-24T18:47:34.281-0600] {dagbag.py:538} INFO - Filling up the DagBag from /Users/vamseekrishna/Desktop/F1_Data_Warehouse/f1datawarehouse/lib/python3.9/site-packages/airflow/example_dags/example_sla_dag.py
[2024-02-24T18:47:34.297-0600] {processor.py:840} INFO - DAG(s) 'example_sla_dag' retrieved from /Users/vamseekrishna/Desktop/F1_Data_Warehouse/f1datawarehouse/lib/python3.9/site-packages/airflow/example_dags/example_sla_dag.py
[2024-02-24T18:47:34.344-0600] {logging_mixin.py:188} INFO - [2024-02-24T18:47:34.344-0600] {dag.py:3036} INFO - Sync 1 DAGs
[2024-02-24T18:47:34.354-0600] {logging_mixin.py:188} INFO - [2024-02-24T18:47:34.353-0600] {dag.py:3823} INFO - Setting next_dagrun for example_sla_dag to 2024-02-25 00:44:00+00:00, run_after=2024-02-25 00:46:00+00:00
[2024-02-24T18:47:34.362-0600] {processor.py:183} INFO - Processing /Users/vamseekrishna/Desktop/F1_Data_Warehouse/f1datawarehouse/lib/python3.9/site-packages/airflow/example_dags/example_sla_dag.py took 0.084 seconds
[2024-02-24T18:49:34.174-0600] {processor.py:161} INFO - Started process (PID=98086) to work on /Users/vamseekrishna/Desktop/F1_Data_Warehouse/f1datawarehouse/lib/python3.9/site-packages/airflow/example_dags/example_sla_dag.py
[2024-02-24T18:49:34.175-0600] {processor.py:830} INFO - Processing file /Users/vamseekrishna/Desktop/F1_Data_Warehouse/f1datawarehouse/lib/python3.9/site-packages/airflow/example_dags/example_sla_dag.py for tasks to queue
[2024-02-24T18:49:34.175-0600] {logging_mixin.py:188} INFO - [2024-02-24T18:49:34.175-0600] {dagbag.py:538} INFO - Filling up the DagBag from /Users/vamseekrishna/Desktop/F1_Data_Warehouse/f1datawarehouse/lib/python3.9/site-packages/airflow/example_dags/example_sla_dag.py
[2024-02-24T18:49:34.192-0600] {processor.py:840} INFO - DAG(s) 'example_sla_dag' retrieved from /Users/vamseekrishna/Desktop/F1_Data_Warehouse/f1datawarehouse/lib/python3.9/site-packages/airflow/example_dags/example_sla_dag.py
[2024-02-24T18:49:34.242-0600] {logging_mixin.py:188} INFO - [2024-02-24T18:49:34.241-0600] {dag.py:3036} INFO - Sync 1 DAGs
[2024-02-24T18:49:34.251-0600] {logging_mixin.py:188} INFO - [2024-02-24T18:49:34.251-0600] {dag.py:3823} INFO - Setting next_dagrun for example_sla_dag to 2024-02-25 00:46:00+00:00, run_after=2024-02-25 00:48:00+00:00
[2024-02-24T18:49:34.259-0600] {processor.py:183} INFO - Processing /Users/vamseekrishna/Desktop/F1_Data_Warehouse/f1datawarehouse/lib/python3.9/site-packages/airflow/example_dags/example_sla_dag.py took 0.087 seconds
[2024-02-24T18:51:32.013-0600] {processor.py:161} INFO - Started process (PID=98172) to work on /Users/vamseekrishna/Desktop/F1_Data_Warehouse/f1datawarehouse/lib/python3.9/site-packages/airflow/example_dags/example_sla_dag.py
[2024-02-24T18:51:32.015-0600] {processor.py:830} INFO - Processing file /Users/vamseekrishna/Desktop/F1_Data_Warehouse/f1datawarehouse/lib/python3.9/site-packages/airflow/example_dags/example_sla_dag.py for tasks to queue
[2024-02-24T18:51:32.015-0600] {logging_mixin.py:188} INFO - [2024-02-24T18:51:32.015-0600] {dagbag.py:538} INFO - Filling up the DagBag from /Users/vamseekrishna/Desktop/F1_Data_Warehouse/f1datawarehouse/lib/python3.9/site-packages/airflow/example_dags/example_sla_dag.py
[2024-02-24T18:51:32.031-0600] {processor.py:840} INFO - DAG(s) 'example_sla_dag' retrieved from /Users/vamseekrishna/Desktop/F1_Data_Warehouse/f1datawarehouse/lib/python3.9/site-packages/airflow/example_dags/example_sla_dag.py
[2024-02-24T18:51:32.077-0600] {logging_mixin.py:188} INFO - [2024-02-24T18:51:32.077-0600] {dag.py:3036} INFO - Sync 1 DAGs
[2024-02-24T18:51:32.087-0600] {logging_mixin.py:188} INFO - [2024-02-24T18:51:32.087-0600] {dag.py:3823} INFO - Setting next_dagrun for example_sla_dag to 2024-02-25 00:48:00+00:00, run_after=2024-02-25 00:50:00+00:00
[2024-02-24T18:51:32.095-0600] {processor.py:183} INFO - Processing /Users/vamseekrishna/Desktop/F1_Data_Warehouse/f1datawarehouse/lib/python3.9/site-packages/airflow/example_dags/example_sla_dag.py took 0.083 seconds
[2024-02-24T18:53:30.544-0600] {processor.py:161} INFO - Started process (PID=98274) to work on /Users/vamseekrishna/Desktop/F1_Data_Warehouse/f1datawarehouse/lib/python3.9/site-packages/airflow/example_dags/example_sla_dag.py
[2024-02-24T18:53:30.546-0600] {processor.py:830} INFO - Processing file /Users/vamseekrishna/Desktop/F1_Data_Warehouse/f1datawarehouse/lib/python3.9/site-packages/airflow/example_dags/example_sla_dag.py for tasks to queue
[2024-02-24T18:53:30.547-0600] {logging_mixin.py:188} INFO - [2024-02-24T18:53:30.547-0600] {dagbag.py:538} INFO - Filling up the DagBag from /Users/vamseekrishna/Desktop/F1_Data_Warehouse/f1datawarehouse/lib/python3.9/site-packages/airflow/example_dags/example_sla_dag.py
[2024-02-24T18:53:30.563-0600] {processor.py:840} INFO - DAG(s) 'example_sla_dag' retrieved from /Users/vamseekrishna/Desktop/F1_Data_Warehouse/f1datawarehouse/lib/python3.9/site-packages/airflow/example_dags/example_sla_dag.py
[2024-02-24T18:53:30.608-0600] {logging_mixin.py:188} INFO - [2024-02-24T18:53:30.608-0600] {dag.py:3036} INFO - Sync 1 DAGs
[2024-02-24T18:53:30.618-0600] {logging_mixin.py:188} INFO - [2024-02-24T18:53:30.618-0600] {dag.py:3823} INFO - Setting next_dagrun for example_sla_dag to 2024-02-25 00:50:00+00:00, run_after=2024-02-25 00:52:00+00:00
[2024-02-24T18:53:30.626-0600] {processor.py:183} INFO - Processing /Users/vamseekrishna/Desktop/F1_Data_Warehouse/f1datawarehouse/lib/python3.9/site-packages/airflow/example_dags/example_sla_dag.py took 0.083 seconds
[2024-02-24T18:55:32.118-0600] {processor.py:161} INFO - Started process (PID=98381) to work on /Users/vamseekrishna/Desktop/F1_Data_Warehouse/f1datawarehouse/lib/python3.9/site-packages/airflow/example_dags/example_sla_dag.py
[2024-02-24T18:55:32.120-0600] {processor.py:830} INFO - Processing file /Users/vamseekrishna/Desktop/F1_Data_Warehouse/f1datawarehouse/lib/python3.9/site-packages/airflow/example_dags/example_sla_dag.py for tasks to queue
[2024-02-24T18:55:32.120-0600] {logging_mixin.py:188} INFO - [2024-02-24T18:55:32.120-0600] {dagbag.py:538} INFO - Filling up the DagBag from /Users/vamseekrishna/Desktop/F1_Data_Warehouse/f1datawarehouse/lib/python3.9/site-packages/airflow/example_dags/example_sla_dag.py
[2024-02-24T18:55:32.137-0600] {processor.py:840} INFO - DAG(s) 'example_sla_dag' retrieved from /Users/vamseekrishna/Desktop/F1_Data_Warehouse/f1datawarehouse/lib/python3.9/site-packages/airflow/example_dags/example_sla_dag.py
[2024-02-24T18:55:32.184-0600] {logging_mixin.py:188} INFO - [2024-02-24T18:55:32.183-0600] {dag.py:3036} INFO - Sync 1 DAGs
[2024-02-24T18:55:32.194-0600] {logging_mixin.py:188} INFO - [2024-02-24T18:55:32.194-0600] {dag.py:3823} INFO - Setting next_dagrun for example_sla_dag to 2024-02-25 00:52:00+00:00, run_after=2024-02-25 00:54:00+00:00
[2024-02-24T18:55:32.201-0600] {processor.py:183} INFO - Processing /Users/vamseekrishna/Desktop/F1_Data_Warehouse/f1datawarehouse/lib/python3.9/site-packages/airflow/example_dags/example_sla_dag.py took 0.084 seconds
[2024-02-24T18:57:33.905-0600] {processor.py:161} INFO - Started process (PID=98473) to work on /Users/vamseekrishna/Desktop/F1_Data_Warehouse/f1datawarehouse/lib/python3.9/site-packages/airflow/example_dags/example_sla_dag.py
[2024-02-24T18:57:33.906-0600] {processor.py:830} INFO - Processing file /Users/vamseekrishna/Desktop/F1_Data_Warehouse/f1datawarehouse/lib/python3.9/site-packages/airflow/example_dags/example_sla_dag.py for tasks to queue
[2024-02-24T18:57:33.907-0600] {logging_mixin.py:188} INFO - [2024-02-24T18:57:33.907-0600] {dagbag.py:538} INFO - Filling up the DagBag from /Users/vamseekrishna/Desktop/F1_Data_Warehouse/f1datawarehouse/lib/python3.9/site-packages/airflow/example_dags/example_sla_dag.py
[2024-02-24T18:57:33.923-0600] {processor.py:840} INFO - DAG(s) 'example_sla_dag' retrieved from /Users/vamseekrishna/Desktop/F1_Data_Warehouse/f1datawarehouse/lib/python3.9/site-packages/airflow/example_dags/example_sla_dag.py
[2024-02-24T18:57:33.969-0600] {logging_mixin.py:188} INFO - [2024-02-24T18:57:33.969-0600] {dag.py:3036} INFO - Sync 1 DAGs
[2024-02-24T18:57:33.980-0600] {logging_mixin.py:188} INFO - [2024-02-24T18:57:33.980-0600] {dag.py:3823} INFO - Setting next_dagrun for example_sla_dag to 2024-02-25 00:54:00+00:00, run_after=2024-02-25 00:56:00+00:00
[2024-02-24T18:57:33.990-0600] {processor.py:183} INFO - Processing /Users/vamseekrishna/Desktop/F1_Data_Warehouse/f1datawarehouse/lib/python3.9/site-packages/airflow/example_dags/example_sla_dag.py took 0.086 seconds
[2024-02-24T18:59:33.118-0600] {processor.py:161} INFO - Started process (PID=98584) to work on /Users/vamseekrishna/Desktop/F1_Data_Warehouse/f1datawarehouse/lib/python3.9/site-packages/airflow/example_dags/example_sla_dag.py
[2024-02-24T18:59:33.120-0600] {processor.py:830} INFO - Processing file /Users/vamseekrishna/Desktop/F1_Data_Warehouse/f1datawarehouse/lib/python3.9/site-packages/airflow/example_dags/example_sla_dag.py for tasks to queue
[2024-02-24T18:59:33.120-0600] {logging_mixin.py:188} INFO - [2024-02-24T18:59:33.120-0600] {dagbag.py:538} INFO - Filling up the DagBag from /Users/vamseekrishna/Desktop/F1_Data_Warehouse/f1datawarehouse/lib/python3.9/site-packages/airflow/example_dags/example_sla_dag.py
[2024-02-24T18:59:33.136-0600] {processor.py:840} INFO - DAG(s) 'example_sla_dag' retrieved from /Users/vamseekrishna/Desktop/F1_Data_Warehouse/f1datawarehouse/lib/python3.9/site-packages/airflow/example_dags/example_sla_dag.py
[2024-02-24T18:59:33.217-0600] {logging_mixin.py:188} INFO - [2024-02-24T18:59:33.217-0600] {dag.py:3036} INFO - Sync 1 DAGs
[2024-02-24T18:59:33.227-0600] {logging_mixin.py:188} INFO - [2024-02-24T18:59:33.227-0600] {dag.py:3823} INFO - Setting next_dagrun for example_sla_dag to 2024-02-25 00:56:00+00:00, run_after=2024-02-25 00:58:00+00:00
[2024-02-24T18:59:33.236-0600] {processor.py:183} INFO - Processing /Users/vamseekrishna/Desktop/F1_Data_Warehouse/f1datawarehouse/lib/python3.9/site-packages/airflow/example_dags/example_sla_dag.py took 0.119 seconds
[2024-02-24T19:01:37.506-0600] {processor.py:161} INFO - Started process (PID=98790) to work on /Users/vamseekrishna/Desktop/F1_Data_Warehouse/f1datawarehouse/lib/python3.9/site-packages/airflow/example_dags/example_sla_dag.py
[2024-02-24T19:01:37.508-0600] {processor.py:830} INFO - Processing file /Users/vamseekrishna/Desktop/F1_Data_Warehouse/f1datawarehouse/lib/python3.9/site-packages/airflow/example_dags/example_sla_dag.py for tasks to queue
[2024-02-24T19:01:37.508-0600] {logging_mixin.py:188} INFO - [2024-02-24T19:01:37.508-0600] {dagbag.py:538} INFO - Filling up the DagBag from /Users/vamseekrishna/Desktop/F1_Data_Warehouse/f1datawarehouse/lib/python3.9/site-packages/airflow/example_dags/example_sla_dag.py
[2024-02-24T19:01:37.532-0600] {processor.py:840} INFO - DAG(s) 'example_sla_dag' retrieved from /Users/vamseekrishna/Desktop/F1_Data_Warehouse/f1datawarehouse/lib/python3.9/site-packages/airflow/example_dags/example_sla_dag.py
[2024-02-24T19:01:37.595-0600] {logging_mixin.py:188} INFO - [2024-02-24T19:01:37.595-0600] {dag.py:3036} INFO - Sync 1 DAGs
[2024-02-24T19:01:37.606-0600] {logging_mixin.py:188} INFO - [2024-02-24T19:01:37.605-0600] {dag.py:3823} INFO - Setting next_dagrun for example_sla_dag to 2024-02-25 00:58:00+00:00, run_after=2024-02-25 01:00:00+00:00
[2024-02-24T19:01:37.614-0600] {processor.py:183} INFO - Processing /Users/vamseekrishna/Desktop/F1_Data_Warehouse/f1datawarehouse/lib/python3.9/site-packages/airflow/example_dags/example_sla_dag.py took 0.108 seconds
[2024-02-24T19:03:36.252-0600] {processor.py:161} INFO - Started process (PID=98896) to work on /Users/vamseekrishna/Desktop/F1_Data_Warehouse/f1datawarehouse/lib/python3.9/site-packages/airflow/example_dags/example_sla_dag.py
[2024-02-24T19:03:36.255-0600] {processor.py:830} INFO - Processing file /Users/vamseekrishna/Desktop/F1_Data_Warehouse/f1datawarehouse/lib/python3.9/site-packages/airflow/example_dags/example_sla_dag.py for tasks to queue
[2024-02-24T19:03:36.255-0600] {logging_mixin.py:188} INFO - [2024-02-24T19:03:36.255-0600] {dagbag.py:538} INFO - Filling up the DagBag from /Users/vamseekrishna/Desktop/F1_Data_Warehouse/f1datawarehouse/lib/python3.9/site-packages/airflow/example_dags/example_sla_dag.py
[2024-02-24T19:03:36.271-0600] {processor.py:840} INFO - DAG(s) 'example_sla_dag' retrieved from /Users/vamseekrishna/Desktop/F1_Data_Warehouse/f1datawarehouse/lib/python3.9/site-packages/airflow/example_dags/example_sla_dag.py
[2024-02-24T19:03:36.318-0600] {logging_mixin.py:188} INFO - [2024-02-24T19:03:36.317-0600] {dag.py:3036} INFO - Sync 1 DAGs
[2024-02-24T19:03:36.328-0600] {logging_mixin.py:188} INFO - [2024-02-24T19:03:36.328-0600] {dag.py:3823} INFO - Setting next_dagrun for example_sla_dag to 2024-02-25 01:00:00+00:00, run_after=2024-02-25 01:02:00+00:00
[2024-02-24T19:03:36.336-0600] {processor.py:183} INFO - Processing /Users/vamseekrishna/Desktop/F1_Data_Warehouse/f1datawarehouse/lib/python3.9/site-packages/airflow/example_dags/example_sla_dag.py took 0.084 seconds
[2024-02-24T19:05:28.849-0600] {processor.py:161} INFO - Started process (PID=99002) to work on /Users/vamseekrishna/Desktop/F1_Data_Warehouse/f1datawarehouse/lib/python3.9/site-packages/airflow/example_dags/example_sla_dag.py
[2024-02-24T19:05:28.851-0600] {processor.py:830} INFO - Processing file /Users/vamseekrishna/Desktop/F1_Data_Warehouse/f1datawarehouse/lib/python3.9/site-packages/airflow/example_dags/example_sla_dag.py for tasks to queue
[2024-02-24T19:05:28.851-0600] {logging_mixin.py:188} INFO - [2024-02-24T19:05:28.851-0600] {dagbag.py:538} INFO - Filling up the DagBag from /Users/vamseekrishna/Desktop/F1_Data_Warehouse/f1datawarehouse/lib/python3.9/site-packages/airflow/example_dags/example_sla_dag.py
[2024-02-24T19:05:28.868-0600] {processor.py:840} INFO - DAG(s) 'example_sla_dag' retrieved from /Users/vamseekrishna/Desktop/F1_Data_Warehouse/f1datawarehouse/lib/python3.9/site-packages/airflow/example_dags/example_sla_dag.py
[2024-02-24T19:05:28.914-0600] {logging_mixin.py:188} INFO - [2024-02-24T19:05:28.914-0600] {dag.py:3036} INFO - Sync 1 DAGs
[2024-02-24T19:05:28.924-0600] {logging_mixin.py:188} INFO - [2024-02-24T19:05:28.924-0600] {dag.py:3823} INFO - Setting next_dagrun for example_sla_dag to 2024-02-25 01:02:00+00:00, run_after=2024-02-25 01:04:00+00:00
[2024-02-24T19:05:28.935-0600] {processor.py:183} INFO - Processing /Users/vamseekrishna/Desktop/F1_Data_Warehouse/f1datawarehouse/lib/python3.9/site-packages/airflow/example_dags/example_sla_dag.py took 0.086 seconds
[2024-02-24T19:07:32.162-0600] {processor.py:161} INFO - Started process (PID=99104) to work on /Users/vamseekrishna/Desktop/F1_Data_Warehouse/f1datawarehouse/lib/python3.9/site-packages/airflow/example_dags/example_sla_dag.py
[2024-02-24T19:07:32.163-0600] {processor.py:830} INFO - Processing file /Users/vamseekrishna/Desktop/F1_Data_Warehouse/f1datawarehouse/lib/python3.9/site-packages/airflow/example_dags/example_sla_dag.py for tasks to queue
[2024-02-24T19:07:32.163-0600] {logging_mixin.py:188} INFO - [2024-02-24T19:07:32.163-0600] {dagbag.py:538} INFO - Filling up the DagBag from /Users/vamseekrishna/Desktop/F1_Data_Warehouse/f1datawarehouse/lib/python3.9/site-packages/airflow/example_dags/example_sla_dag.py
[2024-02-24T19:07:32.180-0600] {processor.py:840} INFO - DAG(s) 'example_sla_dag' retrieved from /Users/vamseekrishna/Desktop/F1_Data_Warehouse/f1datawarehouse/lib/python3.9/site-packages/airflow/example_dags/example_sla_dag.py
[2024-02-24T19:07:32.225-0600] {logging_mixin.py:188} INFO - [2024-02-24T19:07:32.225-0600] {dag.py:3036} INFO - Sync 1 DAGs
[2024-02-24T19:07:32.235-0600] {logging_mixin.py:188} INFO - [2024-02-24T19:07:32.235-0600] {dag.py:3823} INFO - Setting next_dagrun for example_sla_dag to 2024-02-25 01:04:00+00:00, run_after=2024-02-25 01:06:00+00:00
[2024-02-24T19:07:32.243-0600] {processor.py:183} INFO - Processing /Users/vamseekrishna/Desktop/F1_Data_Warehouse/f1datawarehouse/lib/python3.9/site-packages/airflow/example_dags/example_sla_dag.py took 0.082 seconds
[2024-02-24T19:09:27.576-0600] {processor.py:161} INFO - Started process (PID=99207) to work on /Users/vamseekrishna/Desktop/F1_Data_Warehouse/f1datawarehouse/lib/python3.9/site-packages/airflow/example_dags/example_sla_dag.py
[2024-02-24T19:09:27.578-0600] {processor.py:830} INFO - Processing file /Users/vamseekrishna/Desktop/F1_Data_Warehouse/f1datawarehouse/lib/python3.9/site-packages/airflow/example_dags/example_sla_dag.py for tasks to queue
[2024-02-24T19:09:27.578-0600] {logging_mixin.py:188} INFO - [2024-02-24T19:09:27.578-0600] {dagbag.py:538} INFO - Filling up the DagBag from /Users/vamseekrishna/Desktop/F1_Data_Warehouse/f1datawarehouse/lib/python3.9/site-packages/airflow/example_dags/example_sla_dag.py
[2024-02-24T19:09:27.595-0600] {processor.py:840} INFO - DAG(s) 'example_sla_dag' retrieved from /Users/vamseekrishna/Desktop/F1_Data_Warehouse/f1datawarehouse/lib/python3.9/site-packages/airflow/example_dags/example_sla_dag.py
[2024-02-24T19:09:27.642-0600] {logging_mixin.py:188} INFO - [2024-02-24T19:09:27.642-0600] {dag.py:3036} INFO - Sync 1 DAGs
[2024-02-24T19:09:27.652-0600] {logging_mixin.py:188} INFO - [2024-02-24T19:09:27.652-0600] {dag.py:3823} INFO - Setting next_dagrun for example_sla_dag to 2024-02-25 01:06:00+00:00, run_after=2024-02-25 01:08:00+00:00
[2024-02-24T19:09:27.660-0600] {processor.py:183} INFO - Processing /Users/vamseekrishna/Desktop/F1_Data_Warehouse/f1datawarehouse/lib/python3.9/site-packages/airflow/example_dags/example_sla_dag.py took 0.085 seconds
[2024-02-24T19:11:22.345-0600] {processor.py:161} INFO - Started process (PID=99304) to work on /Users/vamseekrishna/Desktop/F1_Data_Warehouse/f1datawarehouse/lib/python3.9/site-packages/airflow/example_dags/example_sla_dag.py
[2024-02-24T19:11:22.347-0600] {processor.py:830} INFO - Processing file /Users/vamseekrishna/Desktop/F1_Data_Warehouse/f1datawarehouse/lib/python3.9/site-packages/airflow/example_dags/example_sla_dag.py for tasks to queue
[2024-02-24T19:11:22.347-0600] {logging_mixin.py:188} INFO - [2024-02-24T19:11:22.347-0600] {dagbag.py:538} INFO - Filling up the DagBag from /Users/vamseekrishna/Desktop/F1_Data_Warehouse/f1datawarehouse/lib/python3.9/site-packages/airflow/example_dags/example_sla_dag.py
[2024-02-24T19:11:22.364-0600] {processor.py:840} INFO - DAG(s) 'example_sla_dag' retrieved from /Users/vamseekrishna/Desktop/F1_Data_Warehouse/f1datawarehouse/lib/python3.9/site-packages/airflow/example_dags/example_sla_dag.py
[2024-02-24T19:11:22.410-0600] {logging_mixin.py:188} INFO - [2024-02-24T19:11:22.410-0600] {dag.py:3036} INFO - Sync 1 DAGs
[2024-02-24T19:11:22.421-0600] {logging_mixin.py:188} INFO - [2024-02-24T19:11:22.421-0600] {dag.py:3823} INFO - Setting next_dagrun for example_sla_dag to 2024-02-25 01:08:00+00:00, run_after=2024-02-25 01:10:00+00:00
[2024-02-24T19:11:22.429-0600] {processor.py:183} INFO - Processing /Users/vamseekrishna/Desktop/F1_Data_Warehouse/f1datawarehouse/lib/python3.9/site-packages/airflow/example_dags/example_sla_dag.py took 0.085 seconds
[2024-02-24T19:13:26.059-0600] {processor.py:161} INFO - Started process (PID=99401) to work on /Users/vamseekrishna/Desktop/F1_Data_Warehouse/f1datawarehouse/lib/python3.9/site-packages/airflow/example_dags/example_sla_dag.py
[2024-02-24T19:13:26.061-0600] {processor.py:830} INFO - Processing file /Users/vamseekrishna/Desktop/F1_Data_Warehouse/f1datawarehouse/lib/python3.9/site-packages/airflow/example_dags/example_sla_dag.py for tasks to queue
[2024-02-24T19:13:26.061-0600] {logging_mixin.py:188} INFO - [2024-02-24T19:13:26.061-0600] {dagbag.py:538} INFO - Filling up the DagBag from /Users/vamseekrishna/Desktop/F1_Data_Warehouse/f1datawarehouse/lib/python3.9/site-packages/airflow/example_dags/example_sla_dag.py
[2024-02-24T19:13:26.079-0600] {processor.py:840} INFO - DAG(s) 'example_sla_dag' retrieved from /Users/vamseekrishna/Desktop/F1_Data_Warehouse/f1datawarehouse/lib/python3.9/site-packages/airflow/example_dags/example_sla_dag.py
[2024-02-24T19:13:26.127-0600] {logging_mixin.py:188} INFO - [2024-02-24T19:13:26.127-0600] {dag.py:3036} INFO - Sync 1 DAGs
[2024-02-24T19:13:26.137-0600] {logging_mixin.py:188} INFO - [2024-02-24T19:13:26.137-0600] {dag.py:3823} INFO - Setting next_dagrun for example_sla_dag to 2024-02-25 01:10:00+00:00, run_after=2024-02-25 01:12:00+00:00
[2024-02-24T19:13:26.146-0600] {processor.py:183} INFO - Processing /Users/vamseekrishna/Desktop/F1_Data_Warehouse/f1datawarehouse/lib/python3.9/site-packages/airflow/example_dags/example_sla_dag.py took 0.088 seconds
[2024-02-24T19:15:26.621-0600] {processor.py:161} INFO - Started process (PID=99491) to work on /Users/vamseekrishna/Desktop/F1_Data_Warehouse/f1datawarehouse/lib/python3.9/site-packages/airflow/example_dags/example_sla_dag.py
[2024-02-24T19:15:26.623-0600] {processor.py:830} INFO - Processing file /Users/vamseekrishna/Desktop/F1_Data_Warehouse/f1datawarehouse/lib/python3.9/site-packages/airflow/example_dags/example_sla_dag.py for tasks to queue
[2024-02-24T19:15:26.623-0600] {logging_mixin.py:188} INFO - [2024-02-24T19:15:26.623-0600] {dagbag.py:538} INFO - Filling up the DagBag from /Users/vamseekrishna/Desktop/F1_Data_Warehouse/f1datawarehouse/lib/python3.9/site-packages/airflow/example_dags/example_sla_dag.py
[2024-02-24T19:15:26.639-0600] {processor.py:840} INFO - DAG(s) 'example_sla_dag' retrieved from /Users/vamseekrishna/Desktop/F1_Data_Warehouse/f1datawarehouse/lib/python3.9/site-packages/airflow/example_dags/example_sla_dag.py
[2024-02-24T19:15:26.687-0600] {logging_mixin.py:188} INFO - [2024-02-24T19:15:26.687-0600] {dag.py:3036} INFO - Sync 1 DAGs
[2024-02-24T19:15:26.697-0600] {logging_mixin.py:188} INFO - [2024-02-24T19:15:26.697-0600] {dag.py:3823} INFO - Setting next_dagrun for example_sla_dag to 2024-02-25 01:12:00+00:00, run_after=2024-02-25 01:14:00+00:00
[2024-02-24T19:15:26.706-0600] {processor.py:183} INFO - Processing /Users/vamseekrishna/Desktop/F1_Data_Warehouse/f1datawarehouse/lib/python3.9/site-packages/airflow/example_dags/example_sla_dag.py took 0.086 seconds
[2024-02-24T19:17:30.917-0600] {processor.py:161} INFO - Started process (PID=99605) to work on /Users/vamseekrishna/Desktop/F1_Data_Warehouse/f1datawarehouse/lib/python3.9/site-packages/airflow/example_dags/example_sla_dag.py
[2024-02-24T19:17:30.919-0600] {processor.py:830} INFO - Processing file /Users/vamseekrishna/Desktop/F1_Data_Warehouse/f1datawarehouse/lib/python3.9/site-packages/airflow/example_dags/example_sla_dag.py for tasks to queue
[2024-02-24T19:17:30.919-0600] {logging_mixin.py:188} INFO - [2024-02-24T19:17:30.919-0600] {dagbag.py:538} INFO - Filling up the DagBag from /Users/vamseekrishna/Desktop/F1_Data_Warehouse/f1datawarehouse/lib/python3.9/site-packages/airflow/example_dags/example_sla_dag.py
[2024-02-24T19:17:30.935-0600] {processor.py:840} INFO - DAG(s) 'example_sla_dag' retrieved from /Users/vamseekrishna/Desktop/F1_Data_Warehouse/f1datawarehouse/lib/python3.9/site-packages/airflow/example_dags/example_sla_dag.py
[2024-02-24T19:17:30.986-0600] {logging_mixin.py:188} INFO - [2024-02-24T19:17:30.985-0600] {dag.py:3036} INFO - Sync 1 DAGs
[2024-02-24T19:17:30.996-0600] {logging_mixin.py:188} INFO - [2024-02-24T19:17:30.996-0600] {dag.py:3823} INFO - Setting next_dagrun for example_sla_dag to 2024-02-25 01:14:00+00:00, run_after=2024-02-25 01:16:00+00:00
[2024-02-24T19:17:31.004-0600] {processor.py:183} INFO - Processing /Users/vamseekrishna/Desktop/F1_Data_Warehouse/f1datawarehouse/lib/python3.9/site-packages/airflow/example_dags/example_sla_dag.py took 0.088 seconds
[2024-02-24T19:19:30.883-0600] {processor.py:161} INFO - Started process (PID=99707) to work on /Users/vamseekrishna/Desktop/F1_Data_Warehouse/f1datawarehouse/lib/python3.9/site-packages/airflow/example_dags/example_sla_dag.py
[2024-02-24T19:19:30.885-0600] {processor.py:830} INFO - Processing file /Users/vamseekrishna/Desktop/F1_Data_Warehouse/f1datawarehouse/lib/python3.9/site-packages/airflow/example_dags/example_sla_dag.py for tasks to queue
[2024-02-24T19:19:30.885-0600] {logging_mixin.py:188} INFO - [2024-02-24T19:19:30.885-0600] {dagbag.py:538} INFO - Filling up the DagBag from /Users/vamseekrishna/Desktop/F1_Data_Warehouse/f1datawarehouse/lib/python3.9/site-packages/airflow/example_dags/example_sla_dag.py
[2024-02-24T19:19:30.901-0600] {processor.py:840} INFO - DAG(s) 'example_sla_dag' retrieved from /Users/vamseekrishna/Desktop/F1_Data_Warehouse/f1datawarehouse/lib/python3.9/site-packages/airflow/example_dags/example_sla_dag.py
[2024-02-24T19:19:30.949-0600] {logging_mixin.py:188} INFO - [2024-02-24T19:19:30.949-0600] {dag.py:3036} INFO - Sync 1 DAGs
[2024-02-24T19:19:30.959-0600] {logging_mixin.py:188} INFO - [2024-02-24T19:19:30.959-0600] {dag.py:3823} INFO - Setting next_dagrun for example_sla_dag to 2024-02-25 01:16:00+00:00, run_after=2024-02-25 01:18:00+00:00
[2024-02-24T19:19:30.967-0600] {processor.py:183} INFO - Processing /Users/vamseekrishna/Desktop/F1_Data_Warehouse/f1datawarehouse/lib/python3.9/site-packages/airflow/example_dags/example_sla_dag.py took 0.085 seconds
[2024-02-24T19:21:25.463-0600] {processor.py:161} INFO - Started process (PID=99796) to work on /Users/vamseekrishna/Desktop/F1_Data_Warehouse/f1datawarehouse/lib/python3.9/site-packages/airflow/example_dags/example_sla_dag.py
[2024-02-24T19:21:25.466-0600] {processor.py:830} INFO - Processing file /Users/vamseekrishna/Desktop/F1_Data_Warehouse/f1datawarehouse/lib/python3.9/site-packages/airflow/example_dags/example_sla_dag.py for tasks to queue
[2024-02-24T19:21:25.466-0600] {logging_mixin.py:188} INFO - [2024-02-24T19:21:25.466-0600] {dagbag.py:538} INFO - Filling up the DagBag from /Users/vamseekrishna/Desktop/F1_Data_Warehouse/f1datawarehouse/lib/python3.9/site-packages/airflow/example_dags/example_sla_dag.py
[2024-02-24T19:21:25.488-0600] {processor.py:840} INFO - DAG(s) 'example_sla_dag' retrieved from /Users/vamseekrishna/Desktop/F1_Data_Warehouse/f1datawarehouse/lib/python3.9/site-packages/airflow/example_dags/example_sla_dag.py
[2024-02-24T19:21:25.537-0600] {logging_mixin.py:188} INFO - [2024-02-24T19:21:25.537-0600] {dag.py:3036} INFO - Sync 1 DAGs
[2024-02-24T19:21:25.548-0600] {logging_mixin.py:188} INFO - [2024-02-24T19:21:25.548-0600] {dag.py:3823} INFO - Setting next_dagrun for example_sla_dag to 2024-02-25 01:18:00+00:00, run_after=2024-02-25 01:20:00+00:00
[2024-02-24T19:21:25.556-0600] {processor.py:183} INFO - Processing /Users/vamseekrishna/Desktop/F1_Data_Warehouse/f1datawarehouse/lib/python3.9/site-packages/airflow/example_dags/example_sla_dag.py took 0.093 seconds
[2024-02-24T19:23:29.145-0600] {processor.py:161} INFO - Started process (PID=99902) to work on /Users/vamseekrishna/Desktop/F1_Data_Warehouse/f1datawarehouse/lib/python3.9/site-packages/airflow/example_dags/example_sla_dag.py
[2024-02-24T19:23:29.147-0600] {processor.py:830} INFO - Processing file /Users/vamseekrishna/Desktop/F1_Data_Warehouse/f1datawarehouse/lib/python3.9/site-packages/airflow/example_dags/example_sla_dag.py for tasks to queue
[2024-02-24T19:23:29.147-0600] {logging_mixin.py:188} INFO - [2024-02-24T19:23:29.147-0600] {dagbag.py:538} INFO - Filling up the DagBag from /Users/vamseekrishna/Desktop/F1_Data_Warehouse/f1datawarehouse/lib/python3.9/site-packages/airflow/example_dags/example_sla_dag.py
[2024-02-24T19:23:29.163-0600] {processor.py:840} INFO - DAG(s) 'example_sla_dag' retrieved from /Users/vamseekrishna/Desktop/F1_Data_Warehouse/f1datawarehouse/lib/python3.9/site-packages/airflow/example_dags/example_sla_dag.py
[2024-02-24T19:23:29.209-0600] {logging_mixin.py:188} INFO - [2024-02-24T19:23:29.209-0600] {dag.py:3036} INFO - Sync 1 DAGs
[2024-02-24T19:23:29.220-0600] {logging_mixin.py:188} INFO - [2024-02-24T19:23:29.219-0600] {dag.py:3823} INFO - Setting next_dagrun for example_sla_dag to 2024-02-25 01:20:00+00:00, run_after=2024-02-25 01:22:00+00:00
[2024-02-24T19:23:29.228-0600] {processor.py:183} INFO - Processing /Users/vamseekrishna/Desktop/F1_Data_Warehouse/f1datawarehouse/lib/python3.9/site-packages/airflow/example_dags/example_sla_dag.py took 0.083 seconds
[2024-02-24T19:25:28.453-0600] {processor.py:161} INFO - Started process (PID=108) to work on /Users/vamseekrishna/Desktop/F1_Data_Warehouse/f1datawarehouse/lib/python3.9/site-packages/airflow/example_dags/example_sla_dag.py
[2024-02-24T19:25:28.455-0600] {processor.py:830} INFO - Processing file /Users/vamseekrishna/Desktop/F1_Data_Warehouse/f1datawarehouse/lib/python3.9/site-packages/airflow/example_dags/example_sla_dag.py for tasks to queue
[2024-02-24T19:25:28.456-0600] {logging_mixin.py:188} INFO - [2024-02-24T19:25:28.456-0600] {dagbag.py:538} INFO - Filling up the DagBag from /Users/vamseekrishna/Desktop/F1_Data_Warehouse/f1datawarehouse/lib/python3.9/site-packages/airflow/example_dags/example_sla_dag.py
[2024-02-24T19:25:28.472-0600] {processor.py:840} INFO - DAG(s) 'example_sla_dag' retrieved from /Users/vamseekrishna/Desktop/F1_Data_Warehouse/f1datawarehouse/lib/python3.9/site-packages/airflow/example_dags/example_sla_dag.py
[2024-02-24T19:25:28.518-0600] {logging_mixin.py:188} INFO - [2024-02-24T19:25:28.518-0600] {dag.py:3036} INFO - Sync 1 DAGs
[2024-02-24T19:25:28.528-0600] {logging_mixin.py:188} INFO - [2024-02-24T19:25:28.528-0600] {dag.py:3823} INFO - Setting next_dagrun for example_sla_dag to 2024-02-25 01:22:00+00:00, run_after=2024-02-25 01:24:00+00:00
[2024-02-24T19:25:28.536-0600] {processor.py:183} INFO - Processing /Users/vamseekrishna/Desktop/F1_Data_Warehouse/f1datawarehouse/lib/python3.9/site-packages/airflow/example_dags/example_sla_dag.py took 0.084 seconds
[2024-02-24T19:27:41.533-0600] {processor.py:161} INFO - Started process (PID=238) to work on /Users/vamseekrishna/Desktop/F1_Data_Warehouse/f1datawarehouse/lib/python3.9/site-packages/airflow/example_dags/example_sla_dag.py
[2024-02-24T19:27:41.536-0600] {processor.py:830} INFO - Processing file /Users/vamseekrishna/Desktop/F1_Data_Warehouse/f1datawarehouse/lib/python3.9/site-packages/airflow/example_dags/example_sla_dag.py for tasks to queue
[2024-02-24T19:27:41.536-0600] {logging_mixin.py:188} INFO - [2024-02-24T19:27:41.536-0600] {dagbag.py:538} INFO - Filling up the DagBag from /Users/vamseekrishna/Desktop/F1_Data_Warehouse/f1datawarehouse/lib/python3.9/site-packages/airflow/example_dags/example_sla_dag.py
[2024-02-24T19:27:41.553-0600] {processor.py:840} INFO - DAG(s) 'example_sla_dag' retrieved from /Users/vamseekrishna/Desktop/F1_Data_Warehouse/f1datawarehouse/lib/python3.9/site-packages/airflow/example_dags/example_sla_dag.py
[2024-02-24T19:27:41.604-0600] {logging_mixin.py:188} INFO - [2024-02-24T19:27:41.604-0600] {dag.py:3036} INFO - Sync 1 DAGs
[2024-02-24T19:27:41.617-0600] {logging_mixin.py:188} INFO - [2024-02-24T19:27:41.617-0600] {dag.py:3823} INFO - Setting next_dagrun for example_sla_dag to 2024-02-25 01:24:00+00:00, run_after=2024-02-25 01:26:00+00:00
[2024-02-24T19:27:41.626-0600] {processor.py:183} INFO - Processing /Users/vamseekrishna/Desktop/F1_Data_Warehouse/f1datawarehouse/lib/python3.9/site-packages/airflow/example_dags/example_sla_dag.py took 0.093 seconds
[2024-02-24T19:28:49.137-0600] {processor.py:161} INFO - Started process (PID=299) to work on /Users/vamseekrishna/Desktop/F1_Data_Warehouse/f1datawarehouse/lib/python3.9/site-packages/airflow/example_dags/example_sla_dag.py
[2024-02-24T19:28:49.139-0600] {processor.py:830} INFO - Processing file /Users/vamseekrishna/Desktop/F1_Data_Warehouse/f1datawarehouse/lib/python3.9/site-packages/airflow/example_dags/example_sla_dag.py for tasks to queue
[2024-02-24T19:28:49.140-0600] {logging_mixin.py:188} INFO - [2024-02-24T19:28:49.140-0600] {dagbag.py:538} INFO - Filling up the DagBag from /Users/vamseekrishna/Desktop/F1_Data_Warehouse/f1datawarehouse/lib/python3.9/site-packages/airflow/example_dags/example_sla_dag.py
[2024-02-24T19:28:49.155-0600] {processor.py:840} INFO - DAG(s) 'example_sla_dag' retrieved from /Users/vamseekrishna/Desktop/F1_Data_Warehouse/f1datawarehouse/lib/python3.9/site-packages/airflow/example_dags/example_sla_dag.py
[2024-02-24T19:28:49.202-0600] {logging_mixin.py:188} INFO - [2024-02-24T19:28:49.201-0600] {dag.py:3036} INFO - Sync 1 DAGs
[2024-02-24T19:28:49.211-0600] {logging_mixin.py:188} INFO - [2024-02-24T19:28:49.211-0600] {dag.py:3823} INFO - Setting next_dagrun for example_sla_dag to 2024-02-25 01:26:00+00:00, run_after=2024-02-25 01:28:00+00:00
[2024-02-24T19:28:49.219-0600] {processor.py:183} INFO - Processing /Users/vamseekrishna/Desktop/F1_Data_Warehouse/f1datawarehouse/lib/python3.9/site-packages/airflow/example_dags/example_sla_dag.py took 0.082 seconds
[2024-02-24T19:30:54.006-0600] {processor.py:161} INFO - Started process (PID=416) to work on /Users/vamseekrishna/Desktop/F1_Data_Warehouse/f1datawarehouse/lib/python3.9/site-packages/airflow/example_dags/example_sla_dag.py
[2024-02-24T19:30:54.008-0600] {processor.py:830} INFO - Processing file /Users/vamseekrishna/Desktop/F1_Data_Warehouse/f1datawarehouse/lib/python3.9/site-packages/airflow/example_dags/example_sla_dag.py for tasks to queue
[2024-02-24T19:30:54.008-0600] {logging_mixin.py:188} INFO - [2024-02-24T19:30:54.008-0600] {dagbag.py:538} INFO - Filling up the DagBag from /Users/vamseekrishna/Desktop/F1_Data_Warehouse/f1datawarehouse/lib/python3.9/site-packages/airflow/example_dags/example_sla_dag.py
[2024-02-24T19:30:54.033-0600] {processor.py:840} INFO - DAG(s) 'example_sla_dag' retrieved from /Users/vamseekrishna/Desktop/F1_Data_Warehouse/f1datawarehouse/lib/python3.9/site-packages/airflow/example_dags/example_sla_dag.py
[2024-02-24T19:30:54.081-0600] {logging_mixin.py:188} INFO - [2024-02-24T19:30:54.080-0600] {dag.py:3036} INFO - Sync 1 DAGs
[2024-02-24T19:30:54.091-0600] {logging_mixin.py:188} INFO - [2024-02-24T19:30:54.091-0600] {dag.py:3823} INFO - Setting next_dagrun for example_sla_dag to 2024-02-25 01:28:00+00:00, run_after=2024-02-25 01:30:00+00:00
[2024-02-24T19:30:54.099-0600] {processor.py:183} INFO - Processing /Users/vamseekrishna/Desktop/F1_Data_Warehouse/f1datawarehouse/lib/python3.9/site-packages/airflow/example_dags/example_sla_dag.py took 0.094 seconds
[2024-02-24T19:32:57.724-0600] {processor.py:161} INFO - Started process (PID=520) to work on /Users/vamseekrishna/Desktop/F1_Data_Warehouse/f1datawarehouse/lib/python3.9/site-packages/airflow/example_dags/example_sla_dag.py
[2024-02-24T19:32:57.726-0600] {processor.py:830} INFO - Processing file /Users/vamseekrishna/Desktop/F1_Data_Warehouse/f1datawarehouse/lib/python3.9/site-packages/airflow/example_dags/example_sla_dag.py for tasks to queue
[2024-02-24T19:32:57.727-0600] {logging_mixin.py:188} INFO - [2024-02-24T19:32:57.727-0600] {dagbag.py:538} INFO - Filling up the DagBag from /Users/vamseekrishna/Desktop/F1_Data_Warehouse/f1datawarehouse/lib/python3.9/site-packages/airflow/example_dags/example_sla_dag.py
[2024-02-24T19:32:57.759-0600] {processor.py:840} INFO - DAG(s) 'example_sla_dag' retrieved from /Users/vamseekrishna/Desktop/F1_Data_Warehouse/f1datawarehouse/lib/python3.9/site-packages/airflow/example_dags/example_sla_dag.py
[2024-02-24T19:32:57.825-0600] {logging_mixin.py:188} INFO - [2024-02-24T19:32:57.825-0600] {dag.py:3036} INFO - Sync 1 DAGs
[2024-02-24T19:32:57.836-0600] {logging_mixin.py:188} INFO - [2024-02-24T19:32:57.836-0600] {dag.py:3823} INFO - Setting next_dagrun for example_sla_dag to 2024-02-25 01:30:00+00:00, run_after=2024-02-25 01:32:00+00:00
[2024-02-24T19:32:57.858-0600] {processor.py:183} INFO - Processing /Users/vamseekrishna/Desktop/F1_Data_Warehouse/f1datawarehouse/lib/python3.9/site-packages/airflow/example_dags/example_sla_dag.py took 0.135 seconds
[2024-02-24T19:35:03.784-0600] {processor.py:161} INFO - Started process (PID=681) to work on /Users/vamseekrishna/Desktop/F1_Data_Warehouse/f1datawarehouse/lib/python3.9/site-packages/airflow/example_dags/example_sla_dag.py
[2024-02-24T19:35:03.786-0600] {processor.py:830} INFO - Processing file /Users/vamseekrishna/Desktop/F1_Data_Warehouse/f1datawarehouse/lib/python3.9/site-packages/airflow/example_dags/example_sla_dag.py for tasks to queue
[2024-02-24T19:35:03.786-0600] {logging_mixin.py:188} INFO - [2024-02-24T19:35:03.786-0600] {dagbag.py:538} INFO - Filling up the DagBag from /Users/vamseekrishna/Desktop/F1_Data_Warehouse/f1datawarehouse/lib/python3.9/site-packages/airflow/example_dags/example_sla_dag.py
[2024-02-24T19:35:03.803-0600] {processor.py:840} INFO - DAG(s) 'example_sla_dag' retrieved from /Users/vamseekrishna/Desktop/F1_Data_Warehouse/f1datawarehouse/lib/python3.9/site-packages/airflow/example_dags/example_sla_dag.py
[2024-02-24T19:35:03.857-0600] {logging_mixin.py:188} INFO - [2024-02-24T19:35:03.856-0600] {dag.py:3036} INFO - Sync 1 DAGs
[2024-02-24T19:35:03.867-0600] {logging_mixin.py:188} INFO - [2024-02-24T19:35:03.866-0600] {dag.py:3823} INFO - Setting next_dagrun for example_sla_dag to 2024-02-25 01:32:00+00:00, run_after=2024-02-25 01:34:00+00:00
[2024-02-24T19:35:03.875-0600] {processor.py:183} INFO - Processing /Users/vamseekrishna/Desktop/F1_Data_Warehouse/f1datawarehouse/lib/python3.9/site-packages/airflow/example_dags/example_sla_dag.py took 0.092 seconds
[2024-02-24T19:37:13.388-0600] {processor.py:161} INFO - Started process (PID=844) to work on /Users/vamseekrishna/Desktop/F1_Data_Warehouse/f1datawarehouse/lib/python3.9/site-packages/airflow/example_dags/example_sla_dag.py
[2024-02-24T19:37:13.390-0600] {processor.py:830} INFO - Processing file /Users/vamseekrishna/Desktop/F1_Data_Warehouse/f1datawarehouse/lib/python3.9/site-packages/airflow/example_dags/example_sla_dag.py for tasks to queue
[2024-02-24T19:37:13.390-0600] {logging_mixin.py:188} INFO - [2024-02-24T19:37:13.390-0600] {dagbag.py:538} INFO - Filling up the DagBag from /Users/vamseekrishna/Desktop/F1_Data_Warehouse/f1datawarehouse/lib/python3.9/site-packages/airflow/example_dags/example_sla_dag.py
[2024-02-24T19:37:13.408-0600] {processor.py:840} INFO - DAG(s) 'example_sla_dag' retrieved from /Users/vamseekrishna/Desktop/F1_Data_Warehouse/f1datawarehouse/lib/python3.9/site-packages/airflow/example_dags/example_sla_dag.py
[2024-02-24T19:37:13.455-0600] {logging_mixin.py:188} INFO - [2024-02-24T19:37:13.455-0600] {dag.py:3036} INFO - Sync 1 DAGs
[2024-02-24T19:37:13.466-0600] {logging_mixin.py:188} INFO - [2024-02-24T19:37:13.466-0600] {dag.py:3823} INFO - Setting next_dagrun for example_sla_dag to 2024-02-25 01:34:00+00:00, run_after=2024-02-25 01:36:00+00:00
[2024-02-24T19:37:13.476-0600] {processor.py:183} INFO - Processing /Users/vamseekrishna/Desktop/F1_Data_Warehouse/f1datawarehouse/lib/python3.9/site-packages/airflow/example_dags/example_sla_dag.py took 0.088 seconds
[2024-02-24T19:39:21.528-0600] {processor.py:161} INFO - Started process (PID=960) to work on /Users/vamseekrishna/Desktop/F1_Data_Warehouse/f1datawarehouse/lib/python3.9/site-packages/airflow/example_dags/example_sla_dag.py
[2024-02-24T19:39:21.530-0600] {processor.py:830} INFO - Processing file /Users/vamseekrishna/Desktop/F1_Data_Warehouse/f1datawarehouse/lib/python3.9/site-packages/airflow/example_dags/example_sla_dag.py for tasks to queue
[2024-02-24T19:39:21.530-0600] {logging_mixin.py:188} INFO - [2024-02-24T19:39:21.530-0600] {dagbag.py:538} INFO - Filling up the DagBag from /Users/vamseekrishna/Desktop/F1_Data_Warehouse/f1datawarehouse/lib/python3.9/site-packages/airflow/example_dags/example_sla_dag.py
[2024-02-24T19:39:21.546-0600] {processor.py:840} INFO - DAG(s) 'example_sla_dag' retrieved from /Users/vamseekrishna/Desktop/F1_Data_Warehouse/f1datawarehouse/lib/python3.9/site-packages/airflow/example_dags/example_sla_dag.py
[2024-02-24T19:39:21.593-0600] {logging_mixin.py:188} INFO - [2024-02-24T19:39:21.593-0600] {dag.py:3036} INFO - Sync 1 DAGs
[2024-02-24T19:39:21.603-0600] {logging_mixin.py:188} INFO - [2024-02-24T19:39:21.603-0600] {dag.py:3823} INFO - Setting next_dagrun for example_sla_dag to 2024-02-25 01:36:00+00:00, run_after=2024-02-25 01:38:00+00:00
[2024-02-24T19:39:21.611-0600] {processor.py:183} INFO - Processing /Users/vamseekrishna/Desktop/F1_Data_Warehouse/f1datawarehouse/lib/python3.9/site-packages/airflow/example_dags/example_sla_dag.py took 0.084 seconds
[2024-02-24T19:41:26.923-0600] {processor.py:161} INFO - Started process (PID=1122) to work on /Users/vamseekrishna/Desktop/F1_Data_Warehouse/f1datawarehouse/lib/python3.9/site-packages/airflow/example_dags/example_sla_dag.py
[2024-02-24T19:41:26.924-0600] {processor.py:830} INFO - Processing file /Users/vamseekrishna/Desktop/F1_Data_Warehouse/f1datawarehouse/lib/python3.9/site-packages/airflow/example_dags/example_sla_dag.py for tasks to queue
[2024-02-24T19:41:26.925-0600] {logging_mixin.py:188} INFO - [2024-02-24T19:41:26.924-0600] {dagbag.py:538} INFO - Filling up the DagBag from /Users/vamseekrishna/Desktop/F1_Data_Warehouse/f1datawarehouse/lib/python3.9/site-packages/airflow/example_dags/example_sla_dag.py
[2024-02-24T19:41:26.943-0600] {processor.py:840} INFO - DAG(s) 'example_sla_dag' retrieved from /Users/vamseekrishna/Desktop/F1_Data_Warehouse/f1datawarehouse/lib/python3.9/site-packages/airflow/example_dags/example_sla_dag.py
[2024-02-24T19:41:26.994-0600] {logging_mixin.py:188} INFO - [2024-02-24T19:41:26.994-0600] {dag.py:3036} INFO - Sync 1 DAGs
[2024-02-24T19:41:27.004-0600] {logging_mixin.py:188} INFO - [2024-02-24T19:41:27.004-0600] {dag.py:3823} INFO - Setting next_dagrun for example_sla_dag to 2024-02-25 01:38:00+00:00, run_after=2024-02-25 01:40:00+00:00
[2024-02-24T19:41:27.012-0600] {processor.py:183} INFO - Processing /Users/vamseekrishna/Desktop/F1_Data_Warehouse/f1datawarehouse/lib/python3.9/site-packages/airflow/example_dags/example_sla_dag.py took 0.091 seconds
[2024-02-24T19:43:37.305-0600] {processor.py:161} INFO - Started process (PID=1291) to work on /Users/vamseekrishna/Desktop/F1_Data_Warehouse/f1datawarehouse/lib/python3.9/site-packages/airflow/example_dags/example_sla_dag.py
[2024-02-24T19:43:37.307-0600] {processor.py:830} INFO - Processing file /Users/vamseekrishna/Desktop/F1_Data_Warehouse/f1datawarehouse/lib/python3.9/site-packages/airflow/example_dags/example_sla_dag.py for tasks to queue
[2024-02-24T19:43:37.308-0600] {logging_mixin.py:188} INFO - [2024-02-24T19:43:37.308-0600] {dagbag.py:538} INFO - Filling up the DagBag from /Users/vamseekrishna/Desktop/F1_Data_Warehouse/f1datawarehouse/lib/python3.9/site-packages/airflow/example_dags/example_sla_dag.py
[2024-02-24T19:43:37.330-0600] {processor.py:840} INFO - DAG(s) 'example_sla_dag' retrieved from /Users/vamseekrishna/Desktop/F1_Data_Warehouse/f1datawarehouse/lib/python3.9/site-packages/airflow/example_dags/example_sla_dag.py
[2024-02-24T19:43:37.386-0600] {logging_mixin.py:188} INFO - [2024-02-24T19:43:37.386-0600] {dag.py:3036} INFO - Sync 1 DAGs
[2024-02-24T19:43:37.398-0600] {logging_mixin.py:188} INFO - [2024-02-24T19:43:37.398-0600] {dag.py:3823} INFO - Setting next_dagrun for example_sla_dag to 2024-02-25 01:40:00+00:00, run_after=2024-02-25 01:42:00+00:00
[2024-02-24T19:43:37.409-0600] {processor.py:183} INFO - Processing /Users/vamseekrishna/Desktop/F1_Data_Warehouse/f1datawarehouse/lib/python3.9/site-packages/airflow/example_dags/example_sla_dag.py took 0.105 seconds
[2024-02-24T19:44:54.691-0600] {processor.py:161} INFO - Started process (PID=1498) to work on /Users/vamseekrishna/Desktop/F1_Data_Warehouse/f1datawarehouse/lib/python3.9/site-packages/airflow/example_dags/example_sla_dag.py
[2024-02-24T19:44:54.694-0600] {processor.py:830} INFO - Processing file /Users/vamseekrishna/Desktop/F1_Data_Warehouse/f1datawarehouse/lib/python3.9/site-packages/airflow/example_dags/example_sla_dag.py for tasks to queue
[2024-02-24T19:44:54.695-0600] {logging_mixin.py:188} INFO - [2024-02-24T19:44:54.695-0600] {dagbag.py:538} INFO - Filling up the DagBag from /Users/vamseekrishna/Desktop/F1_Data_Warehouse/f1datawarehouse/lib/python3.9/site-packages/airflow/example_dags/example_sla_dag.py
[2024-02-24T19:44:54.721-0600] {processor.py:840} INFO - DAG(s) 'example_sla_dag' retrieved from /Users/vamseekrishna/Desktop/F1_Data_Warehouse/f1datawarehouse/lib/python3.9/site-packages/airflow/example_dags/example_sla_dag.py
[2024-02-24T19:44:54.780-0600] {logging_mixin.py:188} INFO - [2024-02-24T19:44:54.779-0600] {dag.py:3036} INFO - Sync 1 DAGs
[2024-02-24T19:44:54.792-0600] {logging_mixin.py:188} INFO - [2024-02-24T19:44:54.792-0600] {dag.py:3823} INFO - Setting next_dagrun for example_sla_dag to 2024-02-25 01:42:00+00:00, run_after=2024-02-25 01:44:00+00:00
[2024-02-24T19:44:54.800-0600] {processor.py:183} INFO - Processing /Users/vamseekrishna/Desktop/F1_Data_Warehouse/f1datawarehouse/lib/python3.9/site-packages/airflow/example_dags/example_sla_dag.py took 0.110 seconds
[2024-02-24T19:46:11.615-0600] {processor.py:161} INFO - Started process (PID=1625) to work on /Users/vamseekrishna/Desktop/F1_Data_Warehouse/f1datawarehouse/lib/python3.9/site-packages/airflow/example_dags/example_sla_dag.py
[2024-02-24T19:46:11.617-0600] {processor.py:830} INFO - Processing file /Users/vamseekrishna/Desktop/F1_Data_Warehouse/f1datawarehouse/lib/python3.9/site-packages/airflow/example_dags/example_sla_dag.py for tasks to queue
[2024-02-24T19:46:11.618-0600] {logging_mixin.py:188} INFO - [2024-02-24T19:46:11.618-0600] {dagbag.py:538} INFO - Filling up the DagBag from /Users/vamseekrishna/Desktop/F1_Data_Warehouse/f1datawarehouse/lib/python3.9/site-packages/airflow/example_dags/example_sla_dag.py
[2024-02-24T19:46:11.636-0600] {processor.py:840} INFO - DAG(s) 'example_sla_dag' retrieved from /Users/vamseekrishna/Desktop/F1_Data_Warehouse/f1datawarehouse/lib/python3.9/site-packages/airflow/example_dags/example_sla_dag.py
[2024-02-24T19:46:11.690-0600] {logging_mixin.py:188} INFO - [2024-02-24T19:46:11.690-0600] {dag.py:3036} INFO - Sync 1 DAGs
[2024-02-24T19:46:11.702-0600] {logging_mixin.py:188} INFO - [2024-02-24T19:46:11.702-0600] {dag.py:3823} INFO - Setting next_dagrun for example_sla_dag to 2024-02-25 01:44:00+00:00, run_after=2024-02-25 01:46:00+00:00
[2024-02-24T19:46:11.714-0600] {processor.py:183} INFO - Processing /Users/vamseekrishna/Desktop/F1_Data_Warehouse/f1datawarehouse/lib/python3.9/site-packages/airflow/example_dags/example_sla_dag.py took 0.099 seconds
[2024-02-24T19:47:26.888-0600] {processor.py:161} INFO - Started process (PID=1749) to work on /Users/vamseekrishna/Desktop/F1_Data_Warehouse/f1datawarehouse/lib/python3.9/site-packages/airflow/example_dags/example_sla_dag.py
[2024-02-24T19:47:26.891-0600] {processor.py:830} INFO - Processing file /Users/vamseekrishna/Desktop/F1_Data_Warehouse/f1datawarehouse/lib/python3.9/site-packages/airflow/example_dags/example_sla_dag.py for tasks to queue
[2024-02-24T19:47:26.891-0600] {logging_mixin.py:188} INFO - [2024-02-24T19:47:26.891-0600] {dagbag.py:538} INFO - Filling up the DagBag from /Users/vamseekrishna/Desktop/F1_Data_Warehouse/f1datawarehouse/lib/python3.9/site-packages/airflow/example_dags/example_sla_dag.py
[2024-02-24T19:47:26.914-0600] {processor.py:840} INFO - DAG(s) 'example_sla_dag' retrieved from /Users/vamseekrishna/Desktop/F1_Data_Warehouse/f1datawarehouse/lib/python3.9/site-packages/airflow/example_dags/example_sla_dag.py
[2024-02-24T19:47:26.965-0600] {logging_mixin.py:188} INFO - [2024-02-24T19:47:26.965-0600] {dag.py:3036} INFO - Sync 1 DAGs
[2024-02-24T19:47:26.977-0600] {logging_mixin.py:188} INFO - [2024-02-24T19:47:26.976-0600] {dag.py:3823} INFO - Setting next_dagrun for example_sla_dag to 2024-02-25 01:44:00+00:00, run_after=2024-02-25 01:46:00+00:00
[2024-02-24T19:47:26.988-0600] {processor.py:183} INFO - Processing /Users/vamseekrishna/Desktop/F1_Data_Warehouse/f1datawarehouse/lib/python3.9/site-packages/airflow/example_dags/example_sla_dag.py took 0.100 seconds
[2024-02-24T19:49:40.745-0600] {processor.py:161} INFO - Started process (PID=1921) to work on /Users/vamseekrishna/Desktop/F1_Data_Warehouse/f1datawarehouse/lib/python3.9/site-packages/airflow/example_dags/example_sla_dag.py
[2024-02-24T19:49:40.747-0600] {processor.py:830} INFO - Processing file /Users/vamseekrishna/Desktop/F1_Data_Warehouse/f1datawarehouse/lib/python3.9/site-packages/airflow/example_dags/example_sla_dag.py for tasks to queue
[2024-02-24T19:49:40.747-0600] {logging_mixin.py:188} INFO - [2024-02-24T19:49:40.747-0600] {dagbag.py:538} INFO - Filling up the DagBag from /Users/vamseekrishna/Desktop/F1_Data_Warehouse/f1datawarehouse/lib/python3.9/site-packages/airflow/example_dags/example_sla_dag.py
[2024-02-24T19:49:40.766-0600] {processor.py:840} INFO - DAG(s) 'example_sla_dag' retrieved from /Users/vamseekrishna/Desktop/F1_Data_Warehouse/f1datawarehouse/lib/python3.9/site-packages/airflow/example_dags/example_sla_dag.py
[2024-02-24T19:49:40.821-0600] {logging_mixin.py:188} INFO - [2024-02-24T19:49:40.821-0600] {dag.py:3036} INFO - Sync 1 DAGs
[2024-02-24T19:49:40.837-0600] {logging_mixin.py:188} INFO - [2024-02-24T19:49:40.837-0600] {dag.py:3823} INFO - Setting next_dagrun for example_sla_dag to 2024-02-25 01:46:00+00:00, run_after=2024-02-25 01:48:00+00:00
[2024-02-24T19:49:40.847-0600] {processor.py:183} INFO - Processing /Users/vamseekrishna/Desktop/F1_Data_Warehouse/f1datawarehouse/lib/python3.9/site-packages/airflow/example_dags/example_sla_dag.py took 0.103 seconds
[2024-02-24T20:04:01.690-0600] {processor.py:161} INFO - Started process (PID=2736) to work on /Users/vamseekrishna/Desktop/F1_Data_Warehouse/f1datawarehouse/lib/python3.9/site-packages/airflow/example_dags/example_sla_dag.py
[2024-02-24T20:04:01.692-0600] {processor.py:830} INFO - Processing file /Users/vamseekrishna/Desktop/F1_Data_Warehouse/f1datawarehouse/lib/python3.9/site-packages/airflow/example_dags/example_sla_dag.py for tasks to queue
[2024-02-24T20:04:01.692-0600] {logging_mixin.py:188} INFO - [2024-02-24T20:04:01.692-0600] {dagbag.py:538} INFO - Filling up the DagBag from /Users/vamseekrishna/Desktop/F1_Data_Warehouse/f1datawarehouse/lib/python3.9/site-packages/airflow/example_dags/example_sla_dag.py
[2024-02-24T20:04:01.715-0600] {processor.py:840} INFO - DAG(s) 'example_sla_dag' retrieved from /Users/vamseekrishna/Desktop/F1_Data_Warehouse/f1datawarehouse/lib/python3.9/site-packages/airflow/example_dags/example_sla_dag.py
[2024-02-24T20:04:01.765-0600] {logging_mixin.py:188} INFO - [2024-02-24T20:04:01.765-0600] {dag.py:3036} INFO - Sync 1 DAGs
[2024-02-24T20:04:01.776-0600] {logging_mixin.py:188} INFO - [2024-02-24T20:04:01.775-0600] {dag.py:3823} INFO - Setting next_dagrun for example_sla_dag to 2024-02-25 02:02:00+00:00, run_after=2024-02-25 02:04:00+00:00
[2024-02-24T20:04:01.784-0600] {processor.py:183} INFO - Processing /Users/vamseekrishna/Desktop/F1_Data_Warehouse/f1datawarehouse/lib/python3.9/site-packages/airflow/example_dags/example_sla_dag.py took 0.095 seconds
