[2024-02-24T18:03:14.954-0600] {processor.py:161} INFO - Started process (PID=95685) to work on /Users/vamseekrishna/Desktop/F1_Data_Warehouse/f1datawarehouse/lib/python3.9/site-packages/airflow/example_dags/example_kubernetes_executor.py
[2024-02-24T18:03:14.956-0600] {processor.py:830} INFO - Processing file /Users/vamseekrishna/Desktop/F1_Data_Warehouse/f1datawarehouse/lib/python3.9/site-packages/airflow/example_dags/example_kubernetes_executor.py for tasks to queue
[2024-02-24T18:03:14.956-0600] {logging_mixin.py:188} INFO - [2024-02-24T18:03:14.956-0600] {dagbag.py:538} INFO - Filling up the DagBag from /Users/vamseekrishna/Desktop/F1_Data_Warehouse/f1datawarehouse/lib/python3.9/site-packages/airflow/example_dags/example_kubernetes_executor.py
[2024-02-24T18:03:14.975-0600] {logging_mixin.py:188} INFO - [2024-02-24T18:03:14.975-0600] {example_kubernetes_executor.py:38} WARNING - The example_kubernetes_executor example DAG requires the kubernetes provider. Please install it with: pip install apache-airflow[cncf.kubernetes]
[2024-02-24T18:03:14.975-0600] {processor.py:842} WARNING - No viable dags retrieved from /Users/vamseekrishna/Desktop/F1_Data_Warehouse/f1datawarehouse/lib/python3.9/site-packages/airflow/example_dags/example_kubernetes_executor.py
[2024-02-24T18:03:15.011-0600] {processor.py:183} INFO - Processing /Users/vamseekrishna/Desktop/F1_Data_Warehouse/f1datawarehouse/lib/python3.9/site-packages/airflow/example_dags/example_kubernetes_executor.py took 0.058 seconds
[2024-02-24T18:05:33.205-0600] {processor.py:161} INFO - Started process (PID=95860) to work on /Users/vamseekrishna/Desktop/F1_Data_Warehouse/f1datawarehouse/lib/python3.9/site-packages/airflow/example_dags/example_kubernetes_executor.py
[2024-02-24T18:05:33.207-0600] {processor.py:830} INFO - Processing file /Users/vamseekrishna/Desktop/F1_Data_Warehouse/f1datawarehouse/lib/python3.9/site-packages/airflow/example_dags/example_kubernetes_executor.py for tasks to queue
[2024-02-24T18:05:33.207-0600] {logging_mixin.py:188} INFO - [2024-02-24T18:05:33.207-0600] {dagbag.py:538} INFO - Filling up the DagBag from /Users/vamseekrishna/Desktop/F1_Data_Warehouse/f1datawarehouse/lib/python3.9/site-packages/airflow/example_dags/example_kubernetes_executor.py
[2024-02-24T18:05:33.225-0600] {logging_mixin.py:188} INFO - [2024-02-24T18:05:33.225-0600] {example_kubernetes_executor.py:38} WARNING - The example_kubernetes_executor example DAG requires the kubernetes provider. Please install it with: pip install apache-airflow[cncf.kubernetes]
[2024-02-24T18:05:33.225-0600] {processor.py:842} WARNING - No viable dags retrieved from /Users/vamseekrishna/Desktop/F1_Data_Warehouse/f1datawarehouse/lib/python3.9/site-packages/airflow/example_dags/example_kubernetes_executor.py
[2024-02-24T18:05:33.261-0600] {processor.py:183} INFO - Processing /Users/vamseekrishna/Desktop/F1_Data_Warehouse/f1datawarehouse/lib/python3.9/site-packages/airflow/example_dags/example_kubernetes_executor.py took 0.056 seconds
[2024-02-24T18:07:39.075-0600] {processor.py:161} INFO - Started process (PID=95975) to work on /Users/vamseekrishna/Desktop/F1_Data_Warehouse/f1datawarehouse/lib/python3.9/site-packages/airflow/example_dags/example_kubernetes_executor.py
[2024-02-24T18:07:39.077-0600] {processor.py:830} INFO - Processing file /Users/vamseekrishna/Desktop/F1_Data_Warehouse/f1datawarehouse/lib/python3.9/site-packages/airflow/example_dags/example_kubernetes_executor.py for tasks to queue
[2024-02-24T18:07:39.077-0600] {logging_mixin.py:188} INFO - [2024-02-24T18:07:39.077-0600] {dagbag.py:538} INFO - Filling up the DagBag from /Users/vamseekrishna/Desktop/F1_Data_Warehouse/f1datawarehouse/lib/python3.9/site-packages/airflow/example_dags/example_kubernetes_executor.py
[2024-02-24T18:07:39.095-0600] {logging_mixin.py:188} INFO - [2024-02-24T18:07:39.095-0600] {example_kubernetes_executor.py:38} WARNING - The example_kubernetes_executor example DAG requires the kubernetes provider. Please install it with: pip install apache-airflow[cncf.kubernetes]
[2024-02-24T18:07:39.095-0600] {processor.py:842} WARNING - No viable dags retrieved from /Users/vamseekrishna/Desktop/F1_Data_Warehouse/f1datawarehouse/lib/python3.9/site-packages/airflow/example_dags/example_kubernetes_executor.py
[2024-02-24T18:07:39.131-0600] {processor.py:183} INFO - Processing /Users/vamseekrishna/Desktop/F1_Data_Warehouse/f1datawarehouse/lib/python3.9/site-packages/airflow/example_dags/example_kubernetes_executor.py took 0.057 seconds
[2024-02-24T18:09:33.507-0600] {processor.py:161} INFO - Started process (PID=96080) to work on /Users/vamseekrishna/Desktop/F1_Data_Warehouse/f1datawarehouse/lib/python3.9/site-packages/airflow/example_dags/example_kubernetes_executor.py
[2024-02-24T18:09:33.508-0600] {processor.py:830} INFO - Processing file /Users/vamseekrishna/Desktop/F1_Data_Warehouse/f1datawarehouse/lib/python3.9/site-packages/airflow/example_dags/example_kubernetes_executor.py for tasks to queue
[2024-02-24T18:09:33.509-0600] {logging_mixin.py:188} INFO - [2024-02-24T18:09:33.509-0600] {dagbag.py:538} INFO - Filling up the DagBag from /Users/vamseekrishna/Desktop/F1_Data_Warehouse/f1datawarehouse/lib/python3.9/site-packages/airflow/example_dags/example_kubernetes_executor.py
[2024-02-24T18:09:33.523-0600] {logging_mixin.py:188} INFO - [2024-02-24T18:09:33.523-0600] {example_kubernetes_executor.py:38} WARNING - The example_kubernetes_executor example DAG requires the kubernetes provider. Please install it with: pip install apache-airflow[cncf.kubernetes]
[2024-02-24T18:09:33.523-0600] {processor.py:842} WARNING - No viable dags retrieved from /Users/vamseekrishna/Desktop/F1_Data_Warehouse/f1datawarehouse/lib/python3.9/site-packages/airflow/example_dags/example_kubernetes_executor.py
[2024-02-24T18:09:33.558-0600] {processor.py:183} INFO - Processing /Users/vamseekrishna/Desktop/F1_Data_Warehouse/f1datawarehouse/lib/python3.9/site-packages/airflow/example_dags/example_kubernetes_executor.py took 0.052 seconds
[2024-02-24T18:11:32.096-0600] {processor.py:161} INFO - Started process (PID=96175) to work on /Users/vamseekrishna/Desktop/F1_Data_Warehouse/f1datawarehouse/lib/python3.9/site-packages/airflow/example_dags/example_kubernetes_executor.py
[2024-02-24T18:11:32.098-0600] {processor.py:830} INFO - Processing file /Users/vamseekrishna/Desktop/F1_Data_Warehouse/f1datawarehouse/lib/python3.9/site-packages/airflow/example_dags/example_kubernetes_executor.py for tasks to queue
[2024-02-24T18:11:32.098-0600] {logging_mixin.py:188} INFO - [2024-02-24T18:11:32.098-0600] {dagbag.py:538} INFO - Filling up the DagBag from /Users/vamseekrishna/Desktop/F1_Data_Warehouse/f1datawarehouse/lib/python3.9/site-packages/airflow/example_dags/example_kubernetes_executor.py
[2024-02-24T18:11:32.113-0600] {logging_mixin.py:188} INFO - [2024-02-24T18:11:32.113-0600] {example_kubernetes_executor.py:38} WARNING - The example_kubernetes_executor example DAG requires the kubernetes provider. Please install it with: pip install apache-airflow[cncf.kubernetes]
[2024-02-24T18:11:32.114-0600] {processor.py:842} WARNING - No viable dags retrieved from /Users/vamseekrishna/Desktop/F1_Data_Warehouse/f1datawarehouse/lib/python3.9/site-packages/airflow/example_dags/example_kubernetes_executor.py
[2024-02-24T18:11:32.149-0600] {processor.py:183} INFO - Processing /Users/vamseekrishna/Desktop/F1_Data_Warehouse/f1datawarehouse/lib/python3.9/site-packages/airflow/example_dags/example_kubernetes_executor.py took 0.054 seconds
[2024-02-24T18:13:33.359-0600] {processor.py:161} INFO - Started process (PID=96269) to work on /Users/vamseekrishna/Desktop/F1_Data_Warehouse/f1datawarehouse/lib/python3.9/site-packages/airflow/example_dags/example_kubernetes_executor.py
[2024-02-24T18:13:33.361-0600] {processor.py:830} INFO - Processing file /Users/vamseekrishna/Desktop/F1_Data_Warehouse/f1datawarehouse/lib/python3.9/site-packages/airflow/example_dags/example_kubernetes_executor.py for tasks to queue
[2024-02-24T18:13:33.361-0600] {logging_mixin.py:188} INFO - [2024-02-24T18:13:33.361-0600] {dagbag.py:538} INFO - Filling up the DagBag from /Users/vamseekrishna/Desktop/F1_Data_Warehouse/f1datawarehouse/lib/python3.9/site-packages/airflow/example_dags/example_kubernetes_executor.py
[2024-02-24T18:13:33.377-0600] {logging_mixin.py:188} INFO - [2024-02-24T18:13:33.376-0600] {example_kubernetes_executor.py:38} WARNING - The example_kubernetes_executor example DAG requires the kubernetes provider. Please install it with: pip install apache-airflow[cncf.kubernetes]
[2024-02-24T18:13:33.377-0600] {processor.py:842} WARNING - No viable dags retrieved from /Users/vamseekrishna/Desktop/F1_Data_Warehouse/f1datawarehouse/lib/python3.9/site-packages/airflow/example_dags/example_kubernetes_executor.py
[2024-02-24T18:13:33.412-0600] {processor.py:183} INFO - Processing /Users/vamseekrishna/Desktop/F1_Data_Warehouse/f1datawarehouse/lib/python3.9/site-packages/airflow/example_dags/example_kubernetes_executor.py took 0.054 seconds
[2024-02-24T18:15:27.496-0600] {processor.py:161} INFO - Started process (PID=96375) to work on /Users/vamseekrishna/Desktop/F1_Data_Warehouse/f1datawarehouse/lib/python3.9/site-packages/airflow/example_dags/example_kubernetes_executor.py
[2024-02-24T18:15:27.498-0600] {processor.py:830} INFO - Processing file /Users/vamseekrishna/Desktop/F1_Data_Warehouse/f1datawarehouse/lib/python3.9/site-packages/airflow/example_dags/example_kubernetes_executor.py for tasks to queue
[2024-02-24T18:15:27.498-0600] {logging_mixin.py:188} INFO - [2024-02-24T18:15:27.498-0600] {dagbag.py:538} INFO - Filling up the DagBag from /Users/vamseekrishna/Desktop/F1_Data_Warehouse/f1datawarehouse/lib/python3.9/site-packages/airflow/example_dags/example_kubernetes_executor.py
[2024-02-24T18:15:27.513-0600] {logging_mixin.py:188} INFO - [2024-02-24T18:15:27.513-0600] {example_kubernetes_executor.py:38} WARNING - The example_kubernetes_executor example DAG requires the kubernetes provider. Please install it with: pip install apache-airflow[cncf.kubernetes]
[2024-02-24T18:15:27.514-0600] {processor.py:842} WARNING - No viable dags retrieved from /Users/vamseekrishna/Desktop/F1_Data_Warehouse/f1datawarehouse/lib/python3.9/site-packages/airflow/example_dags/example_kubernetes_executor.py
[2024-02-24T18:15:27.548-0600] {processor.py:183} INFO - Processing /Users/vamseekrishna/Desktop/F1_Data_Warehouse/f1datawarehouse/lib/python3.9/site-packages/airflow/example_dags/example_kubernetes_executor.py took 0.053 seconds
[2024-02-24T18:17:30.993-0600] {processor.py:161} INFO - Started process (PID=96482) to work on /Users/vamseekrishna/Desktop/F1_Data_Warehouse/f1datawarehouse/lib/python3.9/site-packages/airflow/example_dags/example_kubernetes_executor.py
[2024-02-24T18:17:30.994-0600] {processor.py:830} INFO - Processing file /Users/vamseekrishna/Desktop/F1_Data_Warehouse/f1datawarehouse/lib/python3.9/site-packages/airflow/example_dags/example_kubernetes_executor.py for tasks to queue
[2024-02-24T18:17:30.995-0600] {logging_mixin.py:188} INFO - [2024-02-24T18:17:30.995-0600] {dagbag.py:538} INFO - Filling up the DagBag from /Users/vamseekrishna/Desktop/F1_Data_Warehouse/f1datawarehouse/lib/python3.9/site-packages/airflow/example_dags/example_kubernetes_executor.py
[2024-02-24T18:17:31.010-0600] {logging_mixin.py:188} INFO - [2024-02-24T18:17:31.010-0600] {example_kubernetes_executor.py:38} WARNING - The example_kubernetes_executor example DAG requires the kubernetes provider. Please install it with: pip install apache-airflow[cncf.kubernetes]
[2024-02-24T18:17:31.010-0600] {processor.py:842} WARNING - No viable dags retrieved from /Users/vamseekrishna/Desktop/F1_Data_Warehouse/f1datawarehouse/lib/python3.9/site-packages/airflow/example_dags/example_kubernetes_executor.py
[2024-02-24T18:17:31.048-0600] {processor.py:183} INFO - Processing /Users/vamseekrishna/Desktop/F1_Data_Warehouse/f1datawarehouse/lib/python3.9/site-packages/airflow/example_dags/example_kubernetes_executor.py took 0.056 seconds
[2024-02-24T18:19:30.347-0600] {processor.py:161} INFO - Started process (PID=96575) to work on /Users/vamseekrishna/Desktop/F1_Data_Warehouse/f1datawarehouse/lib/python3.9/site-packages/airflow/example_dags/example_kubernetes_executor.py
[2024-02-24T18:19:30.349-0600] {processor.py:830} INFO - Processing file /Users/vamseekrishna/Desktop/F1_Data_Warehouse/f1datawarehouse/lib/python3.9/site-packages/airflow/example_dags/example_kubernetes_executor.py for tasks to queue
[2024-02-24T18:19:30.349-0600] {logging_mixin.py:188} INFO - [2024-02-24T18:19:30.349-0600] {dagbag.py:538} INFO - Filling up the DagBag from /Users/vamseekrishna/Desktop/F1_Data_Warehouse/f1datawarehouse/lib/python3.9/site-packages/airflow/example_dags/example_kubernetes_executor.py
[2024-02-24T18:19:30.364-0600] {logging_mixin.py:188} INFO - [2024-02-24T18:19:30.364-0600] {example_kubernetes_executor.py:38} WARNING - The example_kubernetes_executor example DAG requires the kubernetes provider. Please install it with: pip install apache-airflow[cncf.kubernetes]
[2024-02-24T18:19:30.364-0600] {processor.py:842} WARNING - No viable dags retrieved from /Users/vamseekrishna/Desktop/F1_Data_Warehouse/f1datawarehouse/lib/python3.9/site-packages/airflow/example_dags/example_kubernetes_executor.py
[2024-02-24T18:19:30.399-0600] {processor.py:183} INFO - Processing /Users/vamseekrishna/Desktop/F1_Data_Warehouse/f1datawarehouse/lib/python3.9/site-packages/airflow/example_dags/example_kubernetes_executor.py took 0.053 seconds
[2024-02-24T18:21:32.529-0600] {processor.py:161} INFO - Started process (PID=96676) to work on /Users/vamseekrishna/Desktop/F1_Data_Warehouse/f1datawarehouse/lib/python3.9/site-packages/airflow/example_dags/example_kubernetes_executor.py
[2024-02-24T18:21:32.531-0600] {processor.py:830} INFO - Processing file /Users/vamseekrishna/Desktop/F1_Data_Warehouse/f1datawarehouse/lib/python3.9/site-packages/airflow/example_dags/example_kubernetes_executor.py for tasks to queue
[2024-02-24T18:21:32.531-0600] {logging_mixin.py:188} INFO - [2024-02-24T18:21:32.531-0600] {dagbag.py:538} INFO - Filling up the DagBag from /Users/vamseekrishna/Desktop/F1_Data_Warehouse/f1datawarehouse/lib/python3.9/site-packages/airflow/example_dags/example_kubernetes_executor.py
[2024-02-24T18:21:32.546-0600] {logging_mixin.py:188} INFO - [2024-02-24T18:21:32.546-0600] {example_kubernetes_executor.py:38} WARNING - The example_kubernetes_executor example DAG requires the kubernetes provider. Please install it with: pip install apache-airflow[cncf.kubernetes]
[2024-02-24T18:21:32.547-0600] {processor.py:842} WARNING - No viable dags retrieved from /Users/vamseekrishna/Desktop/F1_Data_Warehouse/f1datawarehouse/lib/python3.9/site-packages/airflow/example_dags/example_kubernetes_executor.py
[2024-02-24T18:21:32.582-0600] {processor.py:183} INFO - Processing /Users/vamseekrishna/Desktop/F1_Data_Warehouse/f1datawarehouse/lib/python3.9/site-packages/airflow/example_dags/example_kubernetes_executor.py took 0.054 seconds
[2024-02-24T18:23:37.536-0600] {processor.py:161} INFO - Started process (PID=96792) to work on /Users/vamseekrishna/Desktop/F1_Data_Warehouse/f1datawarehouse/lib/python3.9/site-packages/airflow/example_dags/example_kubernetes_executor.py
[2024-02-24T18:23:37.538-0600] {processor.py:830} INFO - Processing file /Users/vamseekrishna/Desktop/F1_Data_Warehouse/f1datawarehouse/lib/python3.9/site-packages/airflow/example_dags/example_kubernetes_executor.py for tasks to queue
[2024-02-24T18:23:37.539-0600] {logging_mixin.py:188} INFO - [2024-02-24T18:23:37.539-0600] {dagbag.py:538} INFO - Filling up the DagBag from /Users/vamseekrishna/Desktop/F1_Data_Warehouse/f1datawarehouse/lib/python3.9/site-packages/airflow/example_dags/example_kubernetes_executor.py
[2024-02-24T18:23:37.556-0600] {logging_mixin.py:188} INFO - [2024-02-24T18:23:37.556-0600] {example_kubernetes_executor.py:38} WARNING - The example_kubernetes_executor example DAG requires the kubernetes provider. Please install it with: pip install apache-airflow[cncf.kubernetes]
[2024-02-24T18:23:37.556-0600] {processor.py:842} WARNING - No viable dags retrieved from /Users/vamseekrishna/Desktop/F1_Data_Warehouse/f1datawarehouse/lib/python3.9/site-packages/airflow/example_dags/example_kubernetes_executor.py
[2024-02-24T18:23:37.593-0600] {processor.py:183} INFO - Processing /Users/vamseekrishna/Desktop/F1_Data_Warehouse/f1datawarehouse/lib/python3.9/site-packages/airflow/example_dags/example_kubernetes_executor.py took 0.057 seconds
[2024-02-24T18:25:34.973-0600] {processor.py:161} INFO - Started process (PID=96878) to work on /Users/vamseekrishna/Desktop/F1_Data_Warehouse/f1datawarehouse/lib/python3.9/site-packages/airflow/example_dags/example_kubernetes_executor.py
[2024-02-24T18:25:34.975-0600] {processor.py:830} INFO - Processing file /Users/vamseekrishna/Desktop/F1_Data_Warehouse/f1datawarehouse/lib/python3.9/site-packages/airflow/example_dags/example_kubernetes_executor.py for tasks to queue
[2024-02-24T18:25:34.975-0600] {logging_mixin.py:188} INFO - [2024-02-24T18:25:34.975-0600] {dagbag.py:538} INFO - Filling up the DagBag from /Users/vamseekrishna/Desktop/F1_Data_Warehouse/f1datawarehouse/lib/python3.9/site-packages/airflow/example_dags/example_kubernetes_executor.py
[2024-02-24T18:25:34.991-0600] {logging_mixin.py:188} INFO - [2024-02-24T18:25:34.991-0600] {example_kubernetes_executor.py:38} WARNING - The example_kubernetes_executor example DAG requires the kubernetes provider. Please install it with: pip install apache-airflow[cncf.kubernetes]
[2024-02-24T18:25:34.991-0600] {processor.py:842} WARNING - No viable dags retrieved from /Users/vamseekrishna/Desktop/F1_Data_Warehouse/f1datawarehouse/lib/python3.9/site-packages/airflow/example_dags/example_kubernetes_executor.py
[2024-02-24T18:25:35.026-0600] {processor.py:183} INFO - Processing /Users/vamseekrishna/Desktop/F1_Data_Warehouse/f1datawarehouse/lib/python3.9/site-packages/airflow/example_dags/example_kubernetes_executor.py took 0.054 seconds
[2024-02-24T18:27:36.573-0600] {processor.py:161} INFO - Started process (PID=96976) to work on /Users/vamseekrishna/Desktop/F1_Data_Warehouse/f1datawarehouse/lib/python3.9/site-packages/airflow/example_dags/example_kubernetes_executor.py
[2024-02-24T18:27:36.574-0600] {processor.py:830} INFO - Processing file /Users/vamseekrishna/Desktop/F1_Data_Warehouse/f1datawarehouse/lib/python3.9/site-packages/airflow/example_dags/example_kubernetes_executor.py for tasks to queue
[2024-02-24T18:27:36.575-0600] {logging_mixin.py:188} INFO - [2024-02-24T18:27:36.575-0600] {dagbag.py:538} INFO - Filling up the DagBag from /Users/vamseekrishna/Desktop/F1_Data_Warehouse/f1datawarehouse/lib/python3.9/site-packages/airflow/example_dags/example_kubernetes_executor.py
[2024-02-24T18:27:36.590-0600] {logging_mixin.py:188} INFO - [2024-02-24T18:27:36.590-0600] {example_kubernetes_executor.py:38} WARNING - The example_kubernetes_executor example DAG requires the kubernetes provider. Please install it with: pip install apache-airflow[cncf.kubernetes]
[2024-02-24T18:27:36.590-0600] {processor.py:842} WARNING - No viable dags retrieved from /Users/vamseekrishna/Desktop/F1_Data_Warehouse/f1datawarehouse/lib/python3.9/site-packages/airflow/example_dags/example_kubernetes_executor.py
[2024-02-24T18:27:36.625-0600] {processor.py:183} INFO - Processing /Users/vamseekrishna/Desktop/F1_Data_Warehouse/f1datawarehouse/lib/python3.9/site-packages/airflow/example_dags/example_kubernetes_executor.py took 0.053 seconds
[2024-02-24T18:29:41.963-0600] {processor.py:161} INFO - Started process (PID=97074) to work on /Users/vamseekrishna/Desktop/F1_Data_Warehouse/f1datawarehouse/lib/python3.9/site-packages/airflow/example_dags/example_kubernetes_executor.py
[2024-02-24T18:29:41.964-0600] {processor.py:830} INFO - Processing file /Users/vamseekrishna/Desktop/F1_Data_Warehouse/f1datawarehouse/lib/python3.9/site-packages/airflow/example_dags/example_kubernetes_executor.py for tasks to queue
[2024-02-24T18:29:41.964-0600] {logging_mixin.py:188} INFO - [2024-02-24T18:29:41.964-0600] {dagbag.py:538} INFO - Filling up the DagBag from /Users/vamseekrishna/Desktop/F1_Data_Warehouse/f1datawarehouse/lib/python3.9/site-packages/airflow/example_dags/example_kubernetes_executor.py
[2024-02-24T18:29:41.978-0600] {logging_mixin.py:188} INFO - [2024-02-24T18:29:41.978-0600] {example_kubernetes_executor.py:38} WARNING - The example_kubernetes_executor example DAG requires the kubernetes provider. Please install it with: pip install apache-airflow[cncf.kubernetes]
[2024-02-24T18:29:41.978-0600] {processor.py:842} WARNING - No viable dags retrieved from /Users/vamseekrishna/Desktop/F1_Data_Warehouse/f1datawarehouse/lib/python3.9/site-packages/airflow/example_dags/example_kubernetes_executor.py
[2024-02-24T18:29:42.015-0600] {processor.py:183} INFO - Processing /Users/vamseekrishna/Desktop/F1_Data_Warehouse/f1datawarehouse/lib/python3.9/site-packages/airflow/example_dags/example_kubernetes_executor.py took 0.053 seconds
[2024-02-24T18:31:40.578-0600] {processor.py:161} INFO - Started process (PID=97186) to work on /Users/vamseekrishna/Desktop/F1_Data_Warehouse/f1datawarehouse/lib/python3.9/site-packages/airflow/example_dags/example_kubernetes_executor.py
[2024-02-24T18:31:40.580-0600] {processor.py:830} INFO - Processing file /Users/vamseekrishna/Desktop/F1_Data_Warehouse/f1datawarehouse/lib/python3.9/site-packages/airflow/example_dags/example_kubernetes_executor.py for tasks to queue
[2024-02-24T18:31:40.581-0600] {logging_mixin.py:188} INFO - [2024-02-24T18:31:40.580-0600] {dagbag.py:538} INFO - Filling up the DagBag from /Users/vamseekrishna/Desktop/F1_Data_Warehouse/f1datawarehouse/lib/python3.9/site-packages/airflow/example_dags/example_kubernetes_executor.py
[2024-02-24T18:31:40.596-0600] {logging_mixin.py:188} INFO - [2024-02-24T18:31:40.596-0600] {example_kubernetes_executor.py:38} WARNING - The example_kubernetes_executor example DAG requires the kubernetes provider. Please install it with: pip install apache-airflow[cncf.kubernetes]
[2024-02-24T18:31:40.597-0600] {processor.py:842} WARNING - No viable dags retrieved from /Users/vamseekrishna/Desktop/F1_Data_Warehouse/f1datawarehouse/lib/python3.9/site-packages/airflow/example_dags/example_kubernetes_executor.py
[2024-02-24T18:31:40.632-0600] {processor.py:183} INFO - Processing /Users/vamseekrishna/Desktop/F1_Data_Warehouse/f1datawarehouse/lib/python3.9/site-packages/airflow/example_dags/example_kubernetes_executor.py took 0.055 seconds
[2024-02-24T18:33:36.427-0600] {processor.py:161} INFO - Started process (PID=97296) to work on /Users/vamseekrishna/Desktop/F1_Data_Warehouse/f1datawarehouse/lib/python3.9/site-packages/airflow/example_dags/example_kubernetes_executor.py
[2024-02-24T18:33:36.429-0600] {processor.py:830} INFO - Processing file /Users/vamseekrishna/Desktop/F1_Data_Warehouse/f1datawarehouse/lib/python3.9/site-packages/airflow/example_dags/example_kubernetes_executor.py for tasks to queue
[2024-02-24T18:33:36.429-0600] {logging_mixin.py:188} INFO - [2024-02-24T18:33:36.429-0600] {dagbag.py:538} INFO - Filling up the DagBag from /Users/vamseekrishna/Desktop/F1_Data_Warehouse/f1datawarehouse/lib/python3.9/site-packages/airflow/example_dags/example_kubernetes_executor.py
[2024-02-24T18:33:36.444-0600] {logging_mixin.py:188} INFO - [2024-02-24T18:33:36.444-0600] {example_kubernetes_executor.py:38} WARNING - The example_kubernetes_executor example DAG requires the kubernetes provider. Please install it with: pip install apache-airflow[cncf.kubernetes]
[2024-02-24T18:33:36.444-0600] {processor.py:842} WARNING - No viable dags retrieved from /Users/vamseekrishna/Desktop/F1_Data_Warehouse/f1datawarehouse/lib/python3.9/site-packages/airflow/example_dags/example_kubernetes_executor.py
[2024-02-24T18:33:36.479-0600] {processor.py:183} INFO - Processing /Users/vamseekrishna/Desktop/F1_Data_Warehouse/f1datawarehouse/lib/python3.9/site-packages/airflow/example_dags/example_kubernetes_executor.py took 0.053 seconds
[2024-02-24T18:35:37.670-0600] {processor.py:161} INFO - Started process (PID=97391) to work on /Users/vamseekrishna/Desktop/F1_Data_Warehouse/f1datawarehouse/lib/python3.9/site-packages/airflow/example_dags/example_kubernetes_executor.py
[2024-02-24T18:35:37.672-0600] {processor.py:830} INFO - Processing file /Users/vamseekrishna/Desktop/F1_Data_Warehouse/f1datawarehouse/lib/python3.9/site-packages/airflow/example_dags/example_kubernetes_executor.py for tasks to queue
[2024-02-24T18:35:37.672-0600] {logging_mixin.py:188} INFO - [2024-02-24T18:35:37.672-0600] {dagbag.py:538} INFO - Filling up the DagBag from /Users/vamseekrishna/Desktop/F1_Data_Warehouse/f1datawarehouse/lib/python3.9/site-packages/airflow/example_dags/example_kubernetes_executor.py
[2024-02-24T18:35:37.688-0600] {logging_mixin.py:188} INFO - [2024-02-24T18:35:37.688-0600] {example_kubernetes_executor.py:38} WARNING - The example_kubernetes_executor example DAG requires the kubernetes provider. Please install it with: pip install apache-airflow[cncf.kubernetes]
[2024-02-24T18:35:37.688-0600] {processor.py:842} WARNING - No viable dags retrieved from /Users/vamseekrishna/Desktop/F1_Data_Warehouse/f1datawarehouse/lib/python3.9/site-packages/airflow/example_dags/example_kubernetes_executor.py
[2024-02-24T18:35:37.723-0600] {processor.py:183} INFO - Processing /Users/vamseekrishna/Desktop/F1_Data_Warehouse/f1datawarehouse/lib/python3.9/site-packages/airflow/example_dags/example_kubernetes_executor.py took 0.054 seconds
[2024-02-24T18:37:37.655-0600] {processor.py:161} INFO - Started process (PID=97509) to work on /Users/vamseekrishna/Desktop/F1_Data_Warehouse/f1datawarehouse/lib/python3.9/site-packages/airflow/example_dags/example_kubernetes_executor.py
[2024-02-24T18:37:37.657-0600] {processor.py:830} INFO - Processing file /Users/vamseekrishna/Desktop/F1_Data_Warehouse/f1datawarehouse/lib/python3.9/site-packages/airflow/example_dags/example_kubernetes_executor.py for tasks to queue
[2024-02-24T18:37:37.657-0600] {logging_mixin.py:188} INFO - [2024-02-24T18:37:37.657-0600] {dagbag.py:538} INFO - Filling up the DagBag from /Users/vamseekrishna/Desktop/F1_Data_Warehouse/f1datawarehouse/lib/python3.9/site-packages/airflow/example_dags/example_kubernetes_executor.py
[2024-02-24T18:37:37.671-0600] {logging_mixin.py:188} INFO - [2024-02-24T18:37:37.671-0600] {example_kubernetes_executor.py:38} WARNING - The example_kubernetes_executor example DAG requires the kubernetes provider. Please install it with: pip install apache-airflow[cncf.kubernetes]
[2024-02-24T18:37:37.671-0600] {processor.py:842} WARNING - No viable dags retrieved from /Users/vamseekrishna/Desktop/F1_Data_Warehouse/f1datawarehouse/lib/python3.9/site-packages/airflow/example_dags/example_kubernetes_executor.py
[2024-02-24T18:37:37.707-0600] {processor.py:183} INFO - Processing /Users/vamseekrishna/Desktop/F1_Data_Warehouse/f1datawarehouse/lib/python3.9/site-packages/airflow/example_dags/example_kubernetes_executor.py took 0.053 seconds
[2024-02-24T18:39:39.769-0600] {processor.py:161} INFO - Started process (PID=97604) to work on /Users/vamseekrishna/Desktop/F1_Data_Warehouse/f1datawarehouse/lib/python3.9/site-packages/airflow/example_dags/example_kubernetes_executor.py
[2024-02-24T18:39:39.771-0600] {processor.py:830} INFO - Processing file /Users/vamseekrishna/Desktop/F1_Data_Warehouse/f1datawarehouse/lib/python3.9/site-packages/airflow/example_dags/example_kubernetes_executor.py for tasks to queue
[2024-02-24T18:39:39.771-0600] {logging_mixin.py:188} INFO - [2024-02-24T18:39:39.771-0600] {dagbag.py:538} INFO - Filling up the DagBag from /Users/vamseekrishna/Desktop/F1_Data_Warehouse/f1datawarehouse/lib/python3.9/site-packages/airflow/example_dags/example_kubernetes_executor.py
[2024-02-24T18:39:39.787-0600] {logging_mixin.py:188} INFO - [2024-02-24T18:39:39.787-0600] {example_kubernetes_executor.py:38} WARNING - The example_kubernetes_executor example DAG requires the kubernetes provider. Please install it with: pip install apache-airflow[cncf.kubernetes]
[2024-02-24T18:39:39.788-0600] {processor.py:842} WARNING - No viable dags retrieved from /Users/vamseekrishna/Desktop/F1_Data_Warehouse/f1datawarehouse/lib/python3.9/site-packages/airflow/example_dags/example_kubernetes_executor.py
[2024-02-24T18:39:39.824-0600] {processor.py:183} INFO - Processing /Users/vamseekrishna/Desktop/F1_Data_Warehouse/f1datawarehouse/lib/python3.9/site-packages/airflow/example_dags/example_kubernetes_executor.py took 0.055 seconds
[2024-02-24T18:41:41.121-0600] {processor.py:161} INFO - Started process (PID=97691) to work on /Users/vamseekrishna/Desktop/F1_Data_Warehouse/f1datawarehouse/lib/python3.9/site-packages/airflow/example_dags/example_kubernetes_executor.py
[2024-02-24T18:41:41.123-0600] {processor.py:830} INFO - Processing file /Users/vamseekrishna/Desktop/F1_Data_Warehouse/f1datawarehouse/lib/python3.9/site-packages/airflow/example_dags/example_kubernetes_executor.py for tasks to queue
[2024-02-24T18:41:41.124-0600] {logging_mixin.py:188} INFO - [2024-02-24T18:41:41.124-0600] {dagbag.py:538} INFO - Filling up the DagBag from /Users/vamseekrishna/Desktop/F1_Data_Warehouse/f1datawarehouse/lib/python3.9/site-packages/airflow/example_dags/example_kubernetes_executor.py
[2024-02-24T18:41:41.139-0600] {logging_mixin.py:188} INFO - [2024-02-24T18:41:41.139-0600] {example_kubernetes_executor.py:38} WARNING - The example_kubernetes_executor example DAG requires the kubernetes provider. Please install it with: pip install apache-airflow[cncf.kubernetes]
[2024-02-24T18:41:41.139-0600] {processor.py:842} WARNING - No viable dags retrieved from /Users/vamseekrishna/Desktop/F1_Data_Warehouse/f1datawarehouse/lib/python3.9/site-packages/airflow/example_dags/example_kubernetes_executor.py
[2024-02-24T18:41:41.175-0600] {processor.py:183} INFO - Processing /Users/vamseekrishna/Desktop/F1_Data_Warehouse/f1datawarehouse/lib/python3.9/site-packages/airflow/example_dags/example_kubernetes_executor.py took 0.054 seconds
[2024-02-24T18:43:38.780-0600] {processor.py:161} INFO - Started process (PID=97790) to work on /Users/vamseekrishna/Desktop/F1_Data_Warehouse/f1datawarehouse/lib/python3.9/site-packages/airflow/example_dags/example_kubernetes_executor.py
[2024-02-24T18:43:38.782-0600] {processor.py:830} INFO - Processing file /Users/vamseekrishna/Desktop/F1_Data_Warehouse/f1datawarehouse/lib/python3.9/site-packages/airflow/example_dags/example_kubernetes_executor.py for tasks to queue
[2024-02-24T18:43:38.782-0600] {logging_mixin.py:188} INFO - [2024-02-24T18:43:38.782-0600] {dagbag.py:538} INFO - Filling up the DagBag from /Users/vamseekrishna/Desktop/F1_Data_Warehouse/f1datawarehouse/lib/python3.9/site-packages/airflow/example_dags/example_kubernetes_executor.py
[2024-02-24T18:43:38.798-0600] {logging_mixin.py:188} INFO - [2024-02-24T18:43:38.797-0600] {example_kubernetes_executor.py:38} WARNING - The example_kubernetes_executor example DAG requires the kubernetes provider. Please install it with: pip install apache-airflow[cncf.kubernetes]
[2024-02-24T18:43:38.798-0600] {processor.py:842} WARNING - No viable dags retrieved from /Users/vamseekrishna/Desktop/F1_Data_Warehouse/f1datawarehouse/lib/python3.9/site-packages/airflow/example_dags/example_kubernetes_executor.py
[2024-02-24T18:43:38.834-0600] {processor.py:183} INFO - Processing /Users/vamseekrishna/Desktop/F1_Data_Warehouse/f1datawarehouse/lib/python3.9/site-packages/airflow/example_dags/example_kubernetes_executor.py took 0.054 seconds
[2024-02-24T18:45:42.333-0600] {processor.py:161} INFO - Started process (PID=97913) to work on /Users/vamseekrishna/Desktop/F1_Data_Warehouse/f1datawarehouse/lib/python3.9/site-packages/airflow/example_dags/example_kubernetes_executor.py
[2024-02-24T18:45:42.335-0600] {processor.py:830} INFO - Processing file /Users/vamseekrishna/Desktop/F1_Data_Warehouse/f1datawarehouse/lib/python3.9/site-packages/airflow/example_dags/example_kubernetes_executor.py for tasks to queue
[2024-02-24T18:45:42.335-0600] {logging_mixin.py:188} INFO - [2024-02-24T18:45:42.335-0600] {dagbag.py:538} INFO - Filling up the DagBag from /Users/vamseekrishna/Desktop/F1_Data_Warehouse/f1datawarehouse/lib/python3.9/site-packages/airflow/example_dags/example_kubernetes_executor.py
[2024-02-24T18:45:42.350-0600] {logging_mixin.py:188} INFO - [2024-02-24T18:45:42.350-0600] {example_kubernetes_executor.py:38} WARNING - The example_kubernetes_executor example DAG requires the kubernetes provider. Please install it with: pip install apache-airflow[cncf.kubernetes]
[2024-02-24T18:45:42.350-0600] {processor.py:842} WARNING - No viable dags retrieved from /Users/vamseekrishna/Desktop/F1_Data_Warehouse/f1datawarehouse/lib/python3.9/site-packages/airflow/example_dags/example_kubernetes_executor.py
[2024-02-24T18:45:42.385-0600] {processor.py:183} INFO - Processing /Users/vamseekrishna/Desktop/F1_Data_Warehouse/f1datawarehouse/lib/python3.9/site-packages/airflow/example_dags/example_kubernetes_executor.py took 0.053 seconds
[2024-02-24T18:47:44.088-0600] {processor.py:161} INFO - Started process (PID=98004) to work on /Users/vamseekrishna/Desktop/F1_Data_Warehouse/f1datawarehouse/lib/python3.9/site-packages/airflow/example_dags/example_kubernetes_executor.py
[2024-02-24T18:47:44.090-0600] {processor.py:830} INFO - Processing file /Users/vamseekrishna/Desktop/F1_Data_Warehouse/f1datawarehouse/lib/python3.9/site-packages/airflow/example_dags/example_kubernetes_executor.py for tasks to queue
[2024-02-24T18:47:44.091-0600] {logging_mixin.py:188} INFO - [2024-02-24T18:47:44.090-0600] {dagbag.py:538} INFO - Filling up the DagBag from /Users/vamseekrishna/Desktop/F1_Data_Warehouse/f1datawarehouse/lib/python3.9/site-packages/airflow/example_dags/example_kubernetes_executor.py
[2024-02-24T18:47:44.106-0600] {logging_mixin.py:188} INFO - [2024-02-24T18:47:44.105-0600] {example_kubernetes_executor.py:38} WARNING - The example_kubernetes_executor example DAG requires the kubernetes provider. Please install it with: pip install apache-airflow[cncf.kubernetes]
[2024-02-24T18:47:44.106-0600] {processor.py:842} WARNING - No viable dags retrieved from /Users/vamseekrishna/Desktop/F1_Data_Warehouse/f1datawarehouse/lib/python3.9/site-packages/airflow/example_dags/example_kubernetes_executor.py
[2024-02-24T18:47:44.141-0600] {processor.py:183} INFO - Processing /Users/vamseekrishna/Desktop/F1_Data_Warehouse/f1datawarehouse/lib/python3.9/site-packages/airflow/example_dags/example_kubernetes_executor.py took 0.054 seconds
[2024-02-24T18:49:44.331-0600] {processor.py:161} INFO - Started process (PID=98093) to work on /Users/vamseekrishna/Desktop/F1_Data_Warehouse/f1datawarehouse/lib/python3.9/site-packages/airflow/example_dags/example_kubernetes_executor.py
[2024-02-24T18:49:44.333-0600] {processor.py:830} INFO - Processing file /Users/vamseekrishna/Desktop/F1_Data_Warehouse/f1datawarehouse/lib/python3.9/site-packages/airflow/example_dags/example_kubernetes_executor.py for tasks to queue
[2024-02-24T18:49:44.333-0600] {logging_mixin.py:188} INFO - [2024-02-24T18:49:44.333-0600] {dagbag.py:538} INFO - Filling up the DagBag from /Users/vamseekrishna/Desktop/F1_Data_Warehouse/f1datawarehouse/lib/python3.9/site-packages/airflow/example_dags/example_kubernetes_executor.py
[2024-02-24T18:49:44.348-0600] {logging_mixin.py:188} INFO - [2024-02-24T18:49:44.348-0600] {example_kubernetes_executor.py:38} WARNING - The example_kubernetes_executor example DAG requires the kubernetes provider. Please install it with: pip install apache-airflow[cncf.kubernetes]
[2024-02-24T18:49:44.348-0600] {processor.py:842} WARNING - No viable dags retrieved from /Users/vamseekrishna/Desktop/F1_Data_Warehouse/f1datawarehouse/lib/python3.9/site-packages/airflow/example_dags/example_kubernetes_executor.py
[2024-02-24T18:49:44.384-0600] {processor.py:183} INFO - Processing /Users/vamseekrishna/Desktop/F1_Data_Warehouse/f1datawarehouse/lib/python3.9/site-packages/airflow/example_dags/example_kubernetes_executor.py took 0.053 seconds
[2024-02-24T18:51:42.809-0600] {processor.py:161} INFO - Started process (PID=98179) to work on /Users/vamseekrishna/Desktop/F1_Data_Warehouse/f1datawarehouse/lib/python3.9/site-packages/airflow/example_dags/example_kubernetes_executor.py
[2024-02-24T18:51:42.810-0600] {processor.py:830} INFO - Processing file /Users/vamseekrishna/Desktop/F1_Data_Warehouse/f1datawarehouse/lib/python3.9/site-packages/airflow/example_dags/example_kubernetes_executor.py for tasks to queue
[2024-02-24T18:51:42.811-0600] {logging_mixin.py:188} INFO - [2024-02-24T18:51:42.811-0600] {dagbag.py:538} INFO - Filling up the DagBag from /Users/vamseekrishna/Desktop/F1_Data_Warehouse/f1datawarehouse/lib/python3.9/site-packages/airflow/example_dags/example_kubernetes_executor.py
[2024-02-24T18:51:42.826-0600] {logging_mixin.py:188} INFO - [2024-02-24T18:51:42.826-0600] {example_kubernetes_executor.py:38} WARNING - The example_kubernetes_executor example DAG requires the kubernetes provider. Please install it with: pip install apache-airflow[cncf.kubernetes]
[2024-02-24T18:51:42.826-0600] {processor.py:842} WARNING - No viable dags retrieved from /Users/vamseekrishna/Desktop/F1_Data_Warehouse/f1datawarehouse/lib/python3.9/site-packages/airflow/example_dags/example_kubernetes_executor.py
[2024-02-24T18:51:42.863-0600] {processor.py:183} INFO - Processing /Users/vamseekrishna/Desktop/F1_Data_Warehouse/f1datawarehouse/lib/python3.9/site-packages/airflow/example_dags/example_kubernetes_executor.py took 0.055 seconds
[2024-02-24T18:53:41.530-0600] {processor.py:161} INFO - Started process (PID=98283) to work on /Users/vamseekrishna/Desktop/F1_Data_Warehouse/f1datawarehouse/lib/python3.9/site-packages/airflow/example_dags/example_kubernetes_executor.py
[2024-02-24T18:53:41.532-0600] {processor.py:830} INFO - Processing file /Users/vamseekrishna/Desktop/F1_Data_Warehouse/f1datawarehouse/lib/python3.9/site-packages/airflow/example_dags/example_kubernetes_executor.py for tasks to queue
[2024-02-24T18:53:41.532-0600] {logging_mixin.py:188} INFO - [2024-02-24T18:53:41.532-0600] {dagbag.py:538} INFO - Filling up the DagBag from /Users/vamseekrishna/Desktop/F1_Data_Warehouse/f1datawarehouse/lib/python3.9/site-packages/airflow/example_dags/example_kubernetes_executor.py
[2024-02-24T18:53:41.547-0600] {logging_mixin.py:188} INFO - [2024-02-24T18:53:41.546-0600] {example_kubernetes_executor.py:38} WARNING - The example_kubernetes_executor example DAG requires the kubernetes provider. Please install it with: pip install apache-airflow[cncf.kubernetes]
[2024-02-24T18:53:41.547-0600] {processor.py:842} WARNING - No viable dags retrieved from /Users/vamseekrishna/Desktop/F1_Data_Warehouse/f1datawarehouse/lib/python3.9/site-packages/airflow/example_dags/example_kubernetes_executor.py
[2024-02-24T18:53:41.582-0600] {processor.py:183} INFO - Processing /Users/vamseekrishna/Desktop/F1_Data_Warehouse/f1datawarehouse/lib/python3.9/site-packages/airflow/example_dags/example_kubernetes_executor.py took 0.053 seconds
[2024-02-24T18:55:43.647-0600] {processor.py:161} INFO - Started process (PID=98388) to work on /Users/vamseekrishna/Desktop/F1_Data_Warehouse/f1datawarehouse/lib/python3.9/site-packages/airflow/example_dags/example_kubernetes_executor.py
[2024-02-24T18:55:43.649-0600] {processor.py:830} INFO - Processing file /Users/vamseekrishna/Desktop/F1_Data_Warehouse/f1datawarehouse/lib/python3.9/site-packages/airflow/example_dags/example_kubernetes_executor.py for tasks to queue
[2024-02-24T18:55:43.649-0600] {logging_mixin.py:188} INFO - [2024-02-24T18:55:43.649-0600] {dagbag.py:538} INFO - Filling up the DagBag from /Users/vamseekrishna/Desktop/F1_Data_Warehouse/f1datawarehouse/lib/python3.9/site-packages/airflow/example_dags/example_kubernetes_executor.py
[2024-02-24T18:55:43.664-0600] {logging_mixin.py:188} INFO - [2024-02-24T18:55:43.664-0600] {example_kubernetes_executor.py:38} WARNING - The example_kubernetes_executor example DAG requires the kubernetes provider. Please install it with: pip install apache-airflow[cncf.kubernetes]
[2024-02-24T18:55:43.664-0600] {processor.py:842} WARNING - No viable dags retrieved from /Users/vamseekrishna/Desktop/F1_Data_Warehouse/f1datawarehouse/lib/python3.9/site-packages/airflow/example_dags/example_kubernetes_executor.py
[2024-02-24T18:55:43.700-0600] {processor.py:183} INFO - Processing /Users/vamseekrishna/Desktop/F1_Data_Warehouse/f1datawarehouse/lib/python3.9/site-packages/airflow/example_dags/example_kubernetes_executor.py took 0.054 seconds
[2024-02-24T18:57:44.844-0600] {processor.py:161} INFO - Started process (PID=98480) to work on /Users/vamseekrishna/Desktop/F1_Data_Warehouse/f1datawarehouse/lib/python3.9/site-packages/airflow/example_dags/example_kubernetes_executor.py
[2024-02-24T18:57:44.846-0600] {processor.py:830} INFO - Processing file /Users/vamseekrishna/Desktop/F1_Data_Warehouse/f1datawarehouse/lib/python3.9/site-packages/airflow/example_dags/example_kubernetes_executor.py for tasks to queue
[2024-02-24T18:57:44.846-0600] {logging_mixin.py:188} INFO - [2024-02-24T18:57:44.846-0600] {dagbag.py:538} INFO - Filling up the DagBag from /Users/vamseekrishna/Desktop/F1_Data_Warehouse/f1datawarehouse/lib/python3.9/site-packages/airflow/example_dags/example_kubernetes_executor.py
[2024-02-24T18:57:44.861-0600] {logging_mixin.py:188} INFO - [2024-02-24T18:57:44.861-0600] {example_kubernetes_executor.py:38} WARNING - The example_kubernetes_executor example DAG requires the kubernetes provider. Please install it with: pip install apache-airflow[cncf.kubernetes]
[2024-02-24T18:57:44.861-0600] {processor.py:842} WARNING - No viable dags retrieved from /Users/vamseekrishna/Desktop/F1_Data_Warehouse/f1datawarehouse/lib/python3.9/site-packages/airflow/example_dags/example_kubernetes_executor.py
[2024-02-24T18:57:44.896-0600] {processor.py:183} INFO - Processing /Users/vamseekrishna/Desktop/F1_Data_Warehouse/f1datawarehouse/lib/python3.9/site-packages/airflow/example_dags/example_kubernetes_executor.py took 0.053 seconds
[2024-02-24T18:59:44.016-0600] {processor.py:161} INFO - Started process (PID=98596) to work on /Users/vamseekrishna/Desktop/F1_Data_Warehouse/f1datawarehouse/lib/python3.9/site-packages/airflow/example_dags/example_kubernetes_executor.py
[2024-02-24T18:59:44.017-0600] {processor.py:830} INFO - Processing file /Users/vamseekrishna/Desktop/F1_Data_Warehouse/f1datawarehouse/lib/python3.9/site-packages/airflow/example_dags/example_kubernetes_executor.py for tasks to queue
[2024-02-24T18:59:44.018-0600] {logging_mixin.py:188} INFO - [2024-02-24T18:59:44.018-0600] {dagbag.py:538} INFO - Filling up the DagBag from /Users/vamseekrishna/Desktop/F1_Data_Warehouse/f1datawarehouse/lib/python3.9/site-packages/airflow/example_dags/example_kubernetes_executor.py
[2024-02-24T18:59:44.033-0600] {logging_mixin.py:188} INFO - [2024-02-24T18:59:44.033-0600] {example_kubernetes_executor.py:38} WARNING - The example_kubernetes_executor example DAG requires the kubernetes provider. Please install it with: pip install apache-airflow[cncf.kubernetes]
[2024-02-24T18:59:44.033-0600] {processor.py:842} WARNING - No viable dags retrieved from /Users/vamseekrishna/Desktop/F1_Data_Warehouse/f1datawarehouse/lib/python3.9/site-packages/airflow/example_dags/example_kubernetes_executor.py
[2024-02-24T18:59:44.068-0600] {processor.py:183} INFO - Processing /Users/vamseekrishna/Desktop/F1_Data_Warehouse/f1datawarehouse/lib/python3.9/site-packages/airflow/example_dags/example_kubernetes_executor.py took 0.053 seconds
[2024-02-24T19:01:49.151-0600] {processor.py:161} INFO - Started process (PID=98801) to work on /Users/vamseekrishna/Desktop/F1_Data_Warehouse/f1datawarehouse/lib/python3.9/site-packages/airflow/example_dags/example_kubernetes_executor.py
[2024-02-24T19:01:49.152-0600] {processor.py:830} INFO - Processing file /Users/vamseekrishna/Desktop/F1_Data_Warehouse/f1datawarehouse/lib/python3.9/site-packages/airflow/example_dags/example_kubernetes_executor.py for tasks to queue
[2024-02-24T19:01:49.152-0600] {logging_mixin.py:188} INFO - [2024-02-24T19:01:49.152-0600] {dagbag.py:538} INFO - Filling up the DagBag from /Users/vamseekrishna/Desktop/F1_Data_Warehouse/f1datawarehouse/lib/python3.9/site-packages/airflow/example_dags/example_kubernetes_executor.py
[2024-02-24T19:01:49.169-0600] {logging_mixin.py:188} INFO - [2024-02-24T19:01:49.169-0600] {example_kubernetes_executor.py:38} WARNING - The example_kubernetes_executor example DAG requires the kubernetes provider. Please install it with: pip install apache-airflow[cncf.kubernetes]
[2024-02-24T19:01:49.169-0600] {processor.py:842} WARNING - No viable dags retrieved from /Users/vamseekrishna/Desktop/F1_Data_Warehouse/f1datawarehouse/lib/python3.9/site-packages/airflow/example_dags/example_kubernetes_executor.py
[2024-02-24T19:01:49.204-0600] {processor.py:183} INFO - Processing /Users/vamseekrishna/Desktop/F1_Data_Warehouse/f1datawarehouse/lib/python3.9/site-packages/airflow/example_dags/example_kubernetes_executor.py took 0.055 seconds
[2024-02-24T19:03:47.192-0600] {processor.py:161} INFO - Started process (PID=98910) to work on /Users/vamseekrishna/Desktop/F1_Data_Warehouse/f1datawarehouse/lib/python3.9/site-packages/airflow/example_dags/example_kubernetes_executor.py
[2024-02-24T19:03:47.193-0600] {processor.py:830} INFO - Processing file /Users/vamseekrishna/Desktop/F1_Data_Warehouse/f1datawarehouse/lib/python3.9/site-packages/airflow/example_dags/example_kubernetes_executor.py for tasks to queue
[2024-02-24T19:03:47.194-0600] {logging_mixin.py:188} INFO - [2024-02-24T19:03:47.193-0600] {dagbag.py:538} INFO - Filling up the DagBag from /Users/vamseekrishna/Desktop/F1_Data_Warehouse/f1datawarehouse/lib/python3.9/site-packages/airflow/example_dags/example_kubernetes_executor.py
[2024-02-24T19:03:47.209-0600] {logging_mixin.py:188} INFO - [2024-02-24T19:03:47.209-0600] {example_kubernetes_executor.py:38} WARNING - The example_kubernetes_executor example DAG requires the kubernetes provider. Please install it with: pip install apache-airflow[cncf.kubernetes]
[2024-02-24T19:03:47.209-0600] {processor.py:842} WARNING - No viable dags retrieved from /Users/vamseekrishna/Desktop/F1_Data_Warehouse/f1datawarehouse/lib/python3.9/site-packages/airflow/example_dags/example_kubernetes_executor.py
[2024-02-24T19:03:47.244-0600] {processor.py:183} INFO - Processing /Users/vamseekrishna/Desktop/F1_Data_Warehouse/f1datawarehouse/lib/python3.9/site-packages/airflow/example_dags/example_kubernetes_executor.py took 0.053 seconds
[2024-02-24T19:05:39.862-0600] {processor.py:161} INFO - Started process (PID=99009) to work on /Users/vamseekrishna/Desktop/F1_Data_Warehouse/f1datawarehouse/lib/python3.9/site-packages/airflow/example_dags/example_kubernetes_executor.py
[2024-02-24T19:05:39.863-0600] {processor.py:830} INFO - Processing file /Users/vamseekrishna/Desktop/F1_Data_Warehouse/f1datawarehouse/lib/python3.9/site-packages/airflow/example_dags/example_kubernetes_executor.py for tasks to queue
[2024-02-24T19:05:39.863-0600] {logging_mixin.py:188} INFO - [2024-02-24T19:05:39.863-0600] {dagbag.py:538} INFO - Filling up the DagBag from /Users/vamseekrishna/Desktop/F1_Data_Warehouse/f1datawarehouse/lib/python3.9/site-packages/airflow/example_dags/example_kubernetes_executor.py
[2024-02-24T19:05:39.878-0600] {logging_mixin.py:188} INFO - [2024-02-24T19:05:39.878-0600] {example_kubernetes_executor.py:38} WARNING - The example_kubernetes_executor example DAG requires the kubernetes provider. Please install it with: pip install apache-airflow[cncf.kubernetes]
[2024-02-24T19:05:39.878-0600] {processor.py:842} WARNING - No viable dags retrieved from /Users/vamseekrishna/Desktop/F1_Data_Warehouse/f1datawarehouse/lib/python3.9/site-packages/airflow/example_dags/example_kubernetes_executor.py
[2024-02-24T19:05:39.914-0600] {processor.py:183} INFO - Processing /Users/vamseekrishna/Desktop/F1_Data_Warehouse/f1datawarehouse/lib/python3.9/site-packages/airflow/example_dags/example_kubernetes_executor.py took 0.053 seconds
[2024-02-24T19:07:42.179-0600] {processor.py:161} INFO - Started process (PID=99111) to work on /Users/vamseekrishna/Desktop/F1_Data_Warehouse/f1datawarehouse/lib/python3.9/site-packages/airflow/example_dags/example_kubernetes_executor.py
[2024-02-24T19:07:42.181-0600] {processor.py:830} INFO - Processing file /Users/vamseekrishna/Desktop/F1_Data_Warehouse/f1datawarehouse/lib/python3.9/site-packages/airflow/example_dags/example_kubernetes_executor.py for tasks to queue
[2024-02-24T19:07:42.181-0600] {logging_mixin.py:188} INFO - [2024-02-24T19:07:42.181-0600] {dagbag.py:538} INFO - Filling up the DagBag from /Users/vamseekrishna/Desktop/F1_Data_Warehouse/f1datawarehouse/lib/python3.9/site-packages/airflow/example_dags/example_kubernetes_executor.py
[2024-02-24T19:07:42.200-0600] {logging_mixin.py:188} INFO - [2024-02-24T19:07:42.200-0600] {example_kubernetes_executor.py:38} WARNING - The example_kubernetes_executor example DAG requires the kubernetes provider. Please install it with: pip install apache-airflow[cncf.kubernetes]
[2024-02-24T19:07:42.200-0600] {processor.py:842} WARNING - No viable dags retrieved from /Users/vamseekrishna/Desktop/F1_Data_Warehouse/f1datawarehouse/lib/python3.9/site-packages/airflow/example_dags/example_kubernetes_executor.py
[2024-02-24T19:07:42.238-0600] {processor.py:183} INFO - Processing /Users/vamseekrishna/Desktop/F1_Data_Warehouse/f1datawarehouse/lib/python3.9/site-packages/airflow/example_dags/example_kubernetes_executor.py took 0.060 seconds
[2024-02-24T19:09:36.588-0600] {processor.py:161} INFO - Started process (PID=99215) to work on /Users/vamseekrishna/Desktop/F1_Data_Warehouse/f1datawarehouse/lib/python3.9/site-packages/airflow/example_dags/example_kubernetes_executor.py
[2024-02-24T19:09:36.591-0600] {processor.py:830} INFO - Processing file /Users/vamseekrishna/Desktop/F1_Data_Warehouse/f1datawarehouse/lib/python3.9/site-packages/airflow/example_dags/example_kubernetes_executor.py for tasks to queue
[2024-02-24T19:09:36.591-0600] {logging_mixin.py:188} INFO - [2024-02-24T19:09:36.591-0600] {dagbag.py:538} INFO - Filling up the DagBag from /Users/vamseekrishna/Desktop/F1_Data_Warehouse/f1datawarehouse/lib/python3.9/site-packages/airflow/example_dags/example_kubernetes_executor.py
[2024-02-24T19:09:36.606-0600] {logging_mixin.py:188} INFO - [2024-02-24T19:09:36.606-0600] {example_kubernetes_executor.py:38} WARNING - The example_kubernetes_executor example DAG requires the kubernetes provider. Please install it with: pip install apache-airflow[cncf.kubernetes]
[2024-02-24T19:09:36.606-0600] {processor.py:842} WARNING - No viable dags retrieved from /Users/vamseekrishna/Desktop/F1_Data_Warehouse/f1datawarehouse/lib/python3.9/site-packages/airflow/example_dags/example_kubernetes_executor.py
[2024-02-24T19:09:36.642-0600] {processor.py:183} INFO - Processing /Users/vamseekrishna/Desktop/F1_Data_Warehouse/f1datawarehouse/lib/python3.9/site-packages/airflow/example_dags/example_kubernetes_executor.py took 0.054 seconds
[2024-02-24T19:11:33.243-0600] {processor.py:161} INFO - Started process (PID=99312) to work on /Users/vamseekrishna/Desktop/F1_Data_Warehouse/f1datawarehouse/lib/python3.9/site-packages/airflow/example_dags/example_kubernetes_executor.py
[2024-02-24T19:11:33.245-0600] {processor.py:830} INFO - Processing file /Users/vamseekrishna/Desktop/F1_Data_Warehouse/f1datawarehouse/lib/python3.9/site-packages/airflow/example_dags/example_kubernetes_executor.py for tasks to queue
[2024-02-24T19:11:33.246-0600] {logging_mixin.py:188} INFO - [2024-02-24T19:11:33.246-0600] {dagbag.py:538} INFO - Filling up the DagBag from /Users/vamseekrishna/Desktop/F1_Data_Warehouse/f1datawarehouse/lib/python3.9/site-packages/airflow/example_dags/example_kubernetes_executor.py
[2024-02-24T19:11:33.261-0600] {logging_mixin.py:188} INFO - [2024-02-24T19:11:33.261-0600] {example_kubernetes_executor.py:38} WARNING - The example_kubernetes_executor example DAG requires the kubernetes provider. Please install it with: pip install apache-airflow[cncf.kubernetes]
[2024-02-24T19:11:33.261-0600] {processor.py:842} WARNING - No viable dags retrieved from /Users/vamseekrishna/Desktop/F1_Data_Warehouse/f1datawarehouse/lib/python3.9/site-packages/airflow/example_dags/example_kubernetes_executor.py
[2024-02-24T19:11:33.298-0600] {processor.py:183} INFO - Processing /Users/vamseekrishna/Desktop/F1_Data_Warehouse/f1datawarehouse/lib/python3.9/site-packages/airflow/example_dags/example_kubernetes_executor.py took 0.055 seconds
[2024-02-24T19:13:37.624-0600] {processor.py:161} INFO - Started process (PID=99409) to work on /Users/vamseekrishna/Desktop/F1_Data_Warehouse/f1datawarehouse/lib/python3.9/site-packages/airflow/example_dags/example_kubernetes_executor.py
[2024-02-24T19:13:37.626-0600] {processor.py:830} INFO - Processing file /Users/vamseekrishna/Desktop/F1_Data_Warehouse/f1datawarehouse/lib/python3.9/site-packages/airflow/example_dags/example_kubernetes_executor.py for tasks to queue
[2024-02-24T19:13:37.627-0600] {logging_mixin.py:188} INFO - [2024-02-24T19:13:37.627-0600] {dagbag.py:538} INFO - Filling up the DagBag from /Users/vamseekrishna/Desktop/F1_Data_Warehouse/f1datawarehouse/lib/python3.9/site-packages/airflow/example_dags/example_kubernetes_executor.py
[2024-02-24T19:13:37.642-0600] {logging_mixin.py:188} INFO - [2024-02-24T19:13:37.642-0600] {example_kubernetes_executor.py:38} WARNING - The example_kubernetes_executor example DAG requires the kubernetes provider. Please install it with: pip install apache-airflow[cncf.kubernetes]
[2024-02-24T19:13:37.642-0600] {processor.py:842} WARNING - No viable dags retrieved from /Users/vamseekrishna/Desktop/F1_Data_Warehouse/f1datawarehouse/lib/python3.9/site-packages/airflow/example_dags/example_kubernetes_executor.py
[2024-02-24T19:13:37.677-0600] {processor.py:183} INFO - Processing /Users/vamseekrishna/Desktop/F1_Data_Warehouse/f1datawarehouse/lib/python3.9/site-packages/airflow/example_dags/example_kubernetes_executor.py took 0.054 seconds
[2024-02-24T19:15:36.463-0600] {processor.py:161} INFO - Started process (PID=99498) to work on /Users/vamseekrishna/Desktop/F1_Data_Warehouse/f1datawarehouse/lib/python3.9/site-packages/airflow/example_dags/example_kubernetes_executor.py
[2024-02-24T19:15:36.465-0600] {processor.py:830} INFO - Processing file /Users/vamseekrishna/Desktop/F1_Data_Warehouse/f1datawarehouse/lib/python3.9/site-packages/airflow/example_dags/example_kubernetes_executor.py for tasks to queue
[2024-02-24T19:15:36.465-0600] {logging_mixin.py:188} INFO - [2024-02-24T19:15:36.465-0600] {dagbag.py:538} INFO - Filling up the DagBag from /Users/vamseekrishna/Desktop/F1_Data_Warehouse/f1datawarehouse/lib/python3.9/site-packages/airflow/example_dags/example_kubernetes_executor.py
[2024-02-24T19:15:36.480-0600] {logging_mixin.py:188} INFO - [2024-02-24T19:15:36.480-0600] {example_kubernetes_executor.py:38} WARNING - The example_kubernetes_executor example DAG requires the kubernetes provider. Please install it with: pip install apache-airflow[cncf.kubernetes]
[2024-02-24T19:15:36.480-0600] {processor.py:842} WARNING - No viable dags retrieved from /Users/vamseekrishna/Desktop/F1_Data_Warehouse/f1datawarehouse/lib/python3.9/site-packages/airflow/example_dags/example_kubernetes_executor.py
[2024-02-24T19:15:36.515-0600] {processor.py:183} INFO - Processing /Users/vamseekrishna/Desktop/F1_Data_Warehouse/f1datawarehouse/lib/python3.9/site-packages/airflow/example_dags/example_kubernetes_executor.py took 0.053 seconds
[2024-02-24T19:17:41.469-0600] {processor.py:161} INFO - Started process (PID=99612) to work on /Users/vamseekrishna/Desktop/F1_Data_Warehouse/f1datawarehouse/lib/python3.9/site-packages/airflow/example_dags/example_kubernetes_executor.py
[2024-02-24T19:17:41.472-0600] {processor.py:830} INFO - Processing file /Users/vamseekrishna/Desktop/F1_Data_Warehouse/f1datawarehouse/lib/python3.9/site-packages/airflow/example_dags/example_kubernetes_executor.py for tasks to queue
[2024-02-24T19:17:41.472-0600] {logging_mixin.py:188} INFO - [2024-02-24T19:17:41.472-0600] {dagbag.py:538} INFO - Filling up the DagBag from /Users/vamseekrishna/Desktop/F1_Data_Warehouse/f1datawarehouse/lib/python3.9/site-packages/airflow/example_dags/example_kubernetes_executor.py
[2024-02-24T19:17:41.487-0600] {logging_mixin.py:188} INFO - [2024-02-24T19:17:41.487-0600] {example_kubernetes_executor.py:38} WARNING - The example_kubernetes_executor example DAG requires the kubernetes provider. Please install it with: pip install apache-airflow[cncf.kubernetes]
[2024-02-24T19:17:41.487-0600] {processor.py:842} WARNING - No viable dags retrieved from /Users/vamseekrishna/Desktop/F1_Data_Warehouse/f1datawarehouse/lib/python3.9/site-packages/airflow/example_dags/example_kubernetes_executor.py
[2024-02-24T19:17:41.521-0600] {processor.py:183} INFO - Processing /Users/vamseekrishna/Desktop/F1_Data_Warehouse/f1datawarehouse/lib/python3.9/site-packages/airflow/example_dags/example_kubernetes_executor.py took 0.053 seconds
[2024-02-24T19:19:41.750-0600] {processor.py:161} INFO - Started process (PID=99715) to work on /Users/vamseekrishna/Desktop/F1_Data_Warehouse/f1datawarehouse/lib/python3.9/site-packages/airflow/example_dags/example_kubernetes_executor.py
[2024-02-24T19:19:41.752-0600] {processor.py:830} INFO - Processing file /Users/vamseekrishna/Desktop/F1_Data_Warehouse/f1datawarehouse/lib/python3.9/site-packages/airflow/example_dags/example_kubernetes_executor.py for tasks to queue
[2024-02-24T19:19:41.753-0600] {logging_mixin.py:188} INFO - [2024-02-24T19:19:41.753-0600] {dagbag.py:538} INFO - Filling up the DagBag from /Users/vamseekrishna/Desktop/F1_Data_Warehouse/f1datawarehouse/lib/python3.9/site-packages/airflow/example_dags/example_kubernetes_executor.py
[2024-02-24T19:19:41.767-0600] {logging_mixin.py:188} INFO - [2024-02-24T19:19:41.767-0600] {example_kubernetes_executor.py:38} WARNING - The example_kubernetes_executor example DAG requires the kubernetes provider. Please install it with: pip install apache-airflow[cncf.kubernetes]
[2024-02-24T19:19:41.767-0600] {processor.py:842} WARNING - No viable dags retrieved from /Users/vamseekrishna/Desktop/F1_Data_Warehouse/f1datawarehouse/lib/python3.9/site-packages/airflow/example_dags/example_kubernetes_executor.py
[2024-02-24T19:19:41.802-0600] {processor.py:183} INFO - Processing /Users/vamseekrishna/Desktop/F1_Data_Warehouse/f1datawarehouse/lib/python3.9/site-packages/airflow/example_dags/example_kubernetes_executor.py took 0.052 seconds
[2024-02-24T19:21:37.625-0600] {processor.py:161} INFO - Started process (PID=99813) to work on /Users/vamseekrishna/Desktop/F1_Data_Warehouse/f1datawarehouse/lib/python3.9/site-packages/airflow/example_dags/example_kubernetes_executor.py
[2024-02-24T19:21:37.627-0600] {processor.py:830} INFO - Processing file /Users/vamseekrishna/Desktop/F1_Data_Warehouse/f1datawarehouse/lib/python3.9/site-packages/airflow/example_dags/example_kubernetes_executor.py for tasks to queue
[2024-02-24T19:21:37.627-0600] {logging_mixin.py:188} INFO - [2024-02-24T19:21:37.627-0600] {dagbag.py:538} INFO - Filling up the DagBag from /Users/vamseekrishna/Desktop/F1_Data_Warehouse/f1datawarehouse/lib/python3.9/site-packages/airflow/example_dags/example_kubernetes_executor.py
[2024-02-24T19:21:37.643-0600] {logging_mixin.py:188} INFO - [2024-02-24T19:21:37.643-0600] {example_kubernetes_executor.py:38} WARNING - The example_kubernetes_executor example DAG requires the kubernetes provider. Please install it with: pip install apache-airflow[cncf.kubernetes]
[2024-02-24T19:21:37.643-0600] {processor.py:842} WARNING - No viable dags retrieved from /Users/vamseekrishna/Desktop/F1_Data_Warehouse/f1datawarehouse/lib/python3.9/site-packages/airflow/example_dags/example_kubernetes_executor.py
[2024-02-24T19:21:37.680-0600] {processor.py:183} INFO - Processing /Users/vamseekrishna/Desktop/F1_Data_Warehouse/f1datawarehouse/lib/python3.9/site-packages/airflow/example_dags/example_kubernetes_executor.py took 0.057 seconds
[2024-02-24T19:23:38.929-0600] {processor.py:161} INFO - Started process (PID=99909) to work on /Users/vamseekrishna/Desktop/F1_Data_Warehouse/f1datawarehouse/lib/python3.9/site-packages/airflow/example_dags/example_kubernetes_executor.py
[2024-02-24T19:23:38.931-0600] {processor.py:830} INFO - Processing file /Users/vamseekrishna/Desktop/F1_Data_Warehouse/f1datawarehouse/lib/python3.9/site-packages/airflow/example_dags/example_kubernetes_executor.py for tasks to queue
[2024-02-24T19:23:38.931-0600] {logging_mixin.py:188} INFO - [2024-02-24T19:23:38.931-0600] {dagbag.py:538} INFO - Filling up the DagBag from /Users/vamseekrishna/Desktop/F1_Data_Warehouse/f1datawarehouse/lib/python3.9/site-packages/airflow/example_dags/example_kubernetes_executor.py
[2024-02-24T19:23:38.945-0600] {logging_mixin.py:188} INFO - [2024-02-24T19:23:38.945-0600] {example_kubernetes_executor.py:38} WARNING - The example_kubernetes_executor example DAG requires the kubernetes provider. Please install it with: pip install apache-airflow[cncf.kubernetes]
[2024-02-24T19:23:38.945-0600] {processor.py:842} WARNING - No viable dags retrieved from /Users/vamseekrishna/Desktop/F1_Data_Warehouse/f1datawarehouse/lib/python3.9/site-packages/airflow/example_dags/example_kubernetes_executor.py
[2024-02-24T19:23:38.982-0600] {processor.py:183} INFO - Processing /Users/vamseekrishna/Desktop/F1_Data_Warehouse/f1datawarehouse/lib/python3.9/site-packages/airflow/example_dags/example_kubernetes_executor.py took 0.053 seconds
[2024-02-24T19:25:40.015-0600] {processor.py:161} INFO - Started process (PID=115) to work on /Users/vamseekrishna/Desktop/F1_Data_Warehouse/f1datawarehouse/lib/python3.9/site-packages/airflow/example_dags/example_kubernetes_executor.py
[2024-02-24T19:25:40.018-0600] {processor.py:830} INFO - Processing file /Users/vamseekrishna/Desktop/F1_Data_Warehouse/f1datawarehouse/lib/python3.9/site-packages/airflow/example_dags/example_kubernetes_executor.py for tasks to queue
[2024-02-24T19:25:40.018-0600] {logging_mixin.py:188} INFO - [2024-02-24T19:25:40.018-0600] {dagbag.py:538} INFO - Filling up the DagBag from /Users/vamseekrishna/Desktop/F1_Data_Warehouse/f1datawarehouse/lib/python3.9/site-packages/airflow/example_dags/example_kubernetes_executor.py
[2024-02-24T19:25:40.033-0600] {logging_mixin.py:188} INFO - [2024-02-24T19:25:40.033-0600] {example_kubernetes_executor.py:38} WARNING - The example_kubernetes_executor example DAG requires the kubernetes provider. Please install it with: pip install apache-airflow[cncf.kubernetes]
[2024-02-24T19:25:40.033-0600] {processor.py:842} WARNING - No viable dags retrieved from /Users/vamseekrishna/Desktop/F1_Data_Warehouse/f1datawarehouse/lib/python3.9/site-packages/airflow/example_dags/example_kubernetes_executor.py
[2024-02-24T19:25:40.069-0600] {processor.py:183} INFO - Processing /Users/vamseekrishna/Desktop/F1_Data_Warehouse/f1datawarehouse/lib/python3.9/site-packages/airflow/example_dags/example_kubernetes_executor.py took 0.055 seconds
[2024-02-24T19:27:57.405-0600] {processor.py:161} INFO - Started process (PID=259) to work on /Users/vamseekrishna/Desktop/F1_Data_Warehouse/f1datawarehouse/lib/python3.9/site-packages/airflow/example_dags/example_kubernetes_executor.py
[2024-02-24T19:27:57.407-0600] {processor.py:830} INFO - Processing file /Users/vamseekrishna/Desktop/F1_Data_Warehouse/f1datawarehouse/lib/python3.9/site-packages/airflow/example_dags/example_kubernetes_executor.py for tasks to queue
[2024-02-24T19:27:57.407-0600] {logging_mixin.py:188} INFO - [2024-02-24T19:27:57.407-0600] {dagbag.py:538} INFO - Filling up the DagBag from /Users/vamseekrishna/Desktop/F1_Data_Warehouse/f1datawarehouse/lib/python3.9/site-packages/airflow/example_dags/example_kubernetes_executor.py
[2024-02-24T19:27:57.423-0600] {logging_mixin.py:188} INFO - [2024-02-24T19:27:57.423-0600] {example_kubernetes_executor.py:38} WARNING - The example_kubernetes_executor example DAG requires the kubernetes provider. Please install it with: pip install apache-airflow[cncf.kubernetes]
[2024-02-24T19:27:57.423-0600] {processor.py:842} WARNING - No viable dags retrieved from /Users/vamseekrishna/Desktop/F1_Data_Warehouse/f1datawarehouse/lib/python3.9/site-packages/airflow/example_dags/example_kubernetes_executor.py
[2024-02-24T19:27:57.459-0600] {processor.py:183} INFO - Processing /Users/vamseekrishna/Desktop/F1_Data_Warehouse/f1datawarehouse/lib/python3.9/site-packages/airflow/example_dags/example_kubernetes_executor.py took 0.055 seconds
[2024-02-24T19:30:01.027-0600] {processor.py:161} INFO - Started process (PID=360) to work on /Users/vamseekrishna/Desktop/F1_Data_Warehouse/f1datawarehouse/lib/python3.9/site-packages/airflow/example_dags/example_kubernetes_executor.py
[2024-02-24T19:30:01.030-0600] {processor.py:830} INFO - Processing file /Users/vamseekrishna/Desktop/F1_Data_Warehouse/f1datawarehouse/lib/python3.9/site-packages/airflow/example_dags/example_kubernetes_executor.py for tasks to queue
[2024-02-24T19:30:01.031-0600] {logging_mixin.py:188} INFO - [2024-02-24T19:30:01.030-0600] {dagbag.py:538} INFO - Filling up the DagBag from /Users/vamseekrishna/Desktop/F1_Data_Warehouse/f1datawarehouse/lib/python3.9/site-packages/airflow/example_dags/example_kubernetes_executor.py
[2024-02-24T19:30:01.047-0600] {logging_mixin.py:188} INFO - [2024-02-24T19:30:01.047-0600] {example_kubernetes_executor.py:38} WARNING - The example_kubernetes_executor example DAG requires the kubernetes provider. Please install it with: pip install apache-airflow[cncf.kubernetes]
[2024-02-24T19:30:01.047-0600] {processor.py:842} WARNING - No viable dags retrieved from /Users/vamseekrishna/Desktop/F1_Data_Warehouse/f1datawarehouse/lib/python3.9/site-packages/airflow/example_dags/example_kubernetes_executor.py
[2024-02-24T19:30:01.085-0600] {processor.py:183} INFO - Processing /Users/vamseekrishna/Desktop/F1_Data_Warehouse/f1datawarehouse/lib/python3.9/site-packages/airflow/example_dags/example_kubernetes_executor.py took 0.058 seconds
[2024-02-24T19:32:08.775-0600] {processor.py:161} INFO - Started process (PID=477) to work on /Users/vamseekrishna/Desktop/F1_Data_Warehouse/f1datawarehouse/lib/python3.9/site-packages/airflow/example_dags/example_kubernetes_executor.py
[2024-02-24T19:32:08.778-0600] {processor.py:830} INFO - Processing file /Users/vamseekrishna/Desktop/F1_Data_Warehouse/f1datawarehouse/lib/python3.9/site-packages/airflow/example_dags/example_kubernetes_executor.py for tasks to queue
[2024-02-24T19:32:08.778-0600] {logging_mixin.py:188} INFO - [2024-02-24T19:32:08.778-0600] {dagbag.py:538} INFO - Filling up the DagBag from /Users/vamseekrishna/Desktop/F1_Data_Warehouse/f1datawarehouse/lib/python3.9/site-packages/airflow/example_dags/example_kubernetes_executor.py
[2024-02-24T19:32:08.795-0600] {logging_mixin.py:188} INFO - [2024-02-24T19:32:08.795-0600] {example_kubernetes_executor.py:38} WARNING - The example_kubernetes_executor example DAG requires the kubernetes provider. Please install it with: pip install apache-airflow[cncf.kubernetes]
[2024-02-24T19:32:08.795-0600] {processor.py:842} WARNING - No viable dags retrieved from /Users/vamseekrishna/Desktop/F1_Data_Warehouse/f1datawarehouse/lib/python3.9/site-packages/airflow/example_dags/example_kubernetes_executor.py
[2024-02-24T19:32:08.831-0600] {processor.py:183} INFO - Processing /Users/vamseekrishna/Desktop/F1_Data_Warehouse/f1datawarehouse/lib/python3.9/site-packages/airflow/example_dags/example_kubernetes_executor.py took 0.057 seconds
[2024-02-24T19:34:09.443-0600] {processor.py:161} INFO - Started process (PID=630) to work on /Users/vamseekrishna/Desktop/F1_Data_Warehouse/f1datawarehouse/lib/python3.9/site-packages/airflow/example_dags/example_kubernetes_executor.py
[2024-02-24T19:34:09.445-0600] {processor.py:830} INFO - Processing file /Users/vamseekrishna/Desktop/F1_Data_Warehouse/f1datawarehouse/lib/python3.9/site-packages/airflow/example_dags/example_kubernetes_executor.py for tasks to queue
[2024-02-24T19:34:09.445-0600] {logging_mixin.py:188} INFO - [2024-02-24T19:34:09.445-0600] {dagbag.py:538} INFO - Filling up the DagBag from /Users/vamseekrishna/Desktop/F1_Data_Warehouse/f1datawarehouse/lib/python3.9/site-packages/airflow/example_dags/example_kubernetes_executor.py
[2024-02-24T19:34:09.461-0600] {logging_mixin.py:188} INFO - [2024-02-24T19:34:09.461-0600] {example_kubernetes_executor.py:38} WARNING - The example_kubernetes_executor example DAG requires the kubernetes provider. Please install it with: pip install apache-airflow[cncf.kubernetes]
[2024-02-24T19:34:09.461-0600] {processor.py:842} WARNING - No viable dags retrieved from /Users/vamseekrishna/Desktop/F1_Data_Warehouse/f1datawarehouse/lib/python3.9/site-packages/airflow/example_dags/example_kubernetes_executor.py
[2024-02-24T19:34:09.497-0600] {processor.py:183} INFO - Processing /Users/vamseekrishna/Desktop/F1_Data_Warehouse/f1datawarehouse/lib/python3.9/site-packages/airflow/example_dags/example_kubernetes_executor.py took 0.055 seconds
[2024-02-24T19:36:19.651-0600] {processor.py:161} INFO - Started process (PID=782) to work on /Users/vamseekrishna/Desktop/F1_Data_Warehouse/f1datawarehouse/lib/python3.9/site-packages/airflow/example_dags/example_kubernetes_executor.py
[2024-02-24T19:36:19.653-0600] {processor.py:830} INFO - Processing file /Users/vamseekrishna/Desktop/F1_Data_Warehouse/f1datawarehouse/lib/python3.9/site-packages/airflow/example_dags/example_kubernetes_executor.py for tasks to queue
[2024-02-24T19:36:19.653-0600] {logging_mixin.py:188} INFO - [2024-02-24T19:36:19.653-0600] {dagbag.py:538} INFO - Filling up the DagBag from /Users/vamseekrishna/Desktop/F1_Data_Warehouse/f1datawarehouse/lib/python3.9/site-packages/airflow/example_dags/example_kubernetes_executor.py
[2024-02-24T19:36:19.672-0600] {logging_mixin.py:188} INFO - [2024-02-24T19:36:19.671-0600] {example_kubernetes_executor.py:38} WARNING - The example_kubernetes_executor example DAG requires the kubernetes provider. Please install it with: pip install apache-airflow[cncf.kubernetes]
[2024-02-24T19:36:19.672-0600] {processor.py:842} WARNING - No viable dags retrieved from /Users/vamseekrishna/Desktop/F1_Data_Warehouse/f1datawarehouse/lib/python3.9/site-packages/airflow/example_dags/example_kubernetes_executor.py
[2024-02-24T19:36:19.708-0600] {processor.py:183} INFO - Processing /Users/vamseekrishna/Desktop/F1_Data_Warehouse/f1datawarehouse/lib/python3.9/site-packages/airflow/example_dags/example_kubernetes_executor.py took 0.057 seconds
[2024-02-24T19:38:30.389-0600] {processor.py:161} INFO - Started process (PID=915) to work on /Users/vamseekrishna/Desktop/F1_Data_Warehouse/f1datawarehouse/lib/python3.9/site-packages/airflow/example_dags/example_kubernetes_executor.py
[2024-02-24T19:38:30.392-0600] {processor.py:830} INFO - Processing file /Users/vamseekrishna/Desktop/F1_Data_Warehouse/f1datawarehouse/lib/python3.9/site-packages/airflow/example_dags/example_kubernetes_executor.py for tasks to queue
[2024-02-24T19:38:30.392-0600] {logging_mixin.py:188} INFO - [2024-02-24T19:38:30.392-0600] {dagbag.py:538} INFO - Filling up the DagBag from /Users/vamseekrishna/Desktop/F1_Data_Warehouse/f1datawarehouse/lib/python3.9/site-packages/airflow/example_dags/example_kubernetes_executor.py
[2024-02-24T19:38:30.407-0600] {logging_mixin.py:188} INFO - [2024-02-24T19:38:30.407-0600] {example_kubernetes_executor.py:38} WARNING - The example_kubernetes_executor example DAG requires the kubernetes provider. Please install it with: pip install apache-airflow[cncf.kubernetes]
[2024-02-24T19:38:30.407-0600] {processor.py:842} WARNING - No viable dags retrieved from /Users/vamseekrishna/Desktop/F1_Data_Warehouse/f1datawarehouse/lib/python3.9/site-packages/airflow/example_dags/example_kubernetes_executor.py
[2024-02-24T19:38:30.443-0600] {processor.py:183} INFO - Processing /Users/vamseekrishna/Desktop/F1_Data_Warehouse/f1datawarehouse/lib/python3.9/site-packages/airflow/example_dags/example_kubernetes_executor.py took 0.054 seconds
[2024-02-24T19:40:34.401-0600] {processor.py:161} INFO - Started process (PID=1057) to work on /Users/vamseekrishna/Desktop/F1_Data_Warehouse/f1datawarehouse/lib/python3.9/site-packages/airflow/example_dags/example_kubernetes_executor.py
[2024-02-24T19:40:34.403-0600] {processor.py:830} INFO - Processing file /Users/vamseekrishna/Desktop/F1_Data_Warehouse/f1datawarehouse/lib/python3.9/site-packages/airflow/example_dags/example_kubernetes_executor.py for tasks to queue
[2024-02-24T19:40:34.403-0600] {logging_mixin.py:188} INFO - [2024-02-24T19:40:34.403-0600] {dagbag.py:538} INFO - Filling up the DagBag from /Users/vamseekrishna/Desktop/F1_Data_Warehouse/f1datawarehouse/lib/python3.9/site-packages/airflow/example_dags/example_kubernetes_executor.py
[2024-02-24T19:40:34.419-0600] {logging_mixin.py:188} INFO - [2024-02-24T19:40:34.419-0600] {example_kubernetes_executor.py:38} WARNING - The example_kubernetes_executor example DAG requires the kubernetes provider. Please install it with: pip install apache-airflow[cncf.kubernetes]
[2024-02-24T19:40:34.419-0600] {processor.py:842} WARNING - No viable dags retrieved from /Users/vamseekrishna/Desktop/F1_Data_Warehouse/f1datawarehouse/lib/python3.9/site-packages/airflow/example_dags/example_kubernetes_executor.py
[2024-02-24T19:40:34.456-0600] {processor.py:183} INFO - Processing /Users/vamseekrishna/Desktop/F1_Data_Warehouse/f1datawarehouse/lib/python3.9/site-packages/airflow/example_dags/example_kubernetes_executor.py took 0.056 seconds
[2024-02-24T19:42:41.084-0600] {processor.py:161} INFO - Started process (PID=1226) to work on /Users/vamseekrishna/Desktop/F1_Data_Warehouse/f1datawarehouse/lib/python3.9/site-packages/airflow/example_dags/example_kubernetes_executor.py
[2024-02-24T19:42:41.086-0600] {processor.py:830} INFO - Processing file /Users/vamseekrishna/Desktop/F1_Data_Warehouse/f1datawarehouse/lib/python3.9/site-packages/airflow/example_dags/example_kubernetes_executor.py for tasks to queue
[2024-02-24T19:42:41.086-0600] {logging_mixin.py:188} INFO - [2024-02-24T19:42:41.086-0600] {dagbag.py:538} INFO - Filling up the DagBag from /Users/vamseekrishna/Desktop/F1_Data_Warehouse/f1datawarehouse/lib/python3.9/site-packages/airflow/example_dags/example_kubernetes_executor.py
[2024-02-24T19:42:41.102-0600] {logging_mixin.py:188} INFO - [2024-02-24T19:42:41.102-0600] {example_kubernetes_executor.py:38} WARNING - The example_kubernetes_executor example DAG requires the kubernetes provider. Please install it with: pip install apache-airflow[cncf.kubernetes]
[2024-02-24T19:42:41.102-0600] {processor.py:842} WARNING - No viable dags retrieved from /Users/vamseekrishna/Desktop/F1_Data_Warehouse/f1datawarehouse/lib/python3.9/site-packages/airflow/example_dags/example_kubernetes_executor.py
[2024-02-24T19:42:41.137-0600] {processor.py:183} INFO - Processing /Users/vamseekrishna/Desktop/F1_Data_Warehouse/f1datawarehouse/lib/python3.9/site-packages/airflow/example_dags/example_kubernetes_executor.py took 0.054 seconds
[2024-02-24T19:45:16.172-0600] {processor.py:161} INFO - Started process (PID=1547) to work on /Users/vamseekrishna/Desktop/F1_Data_Warehouse/f1datawarehouse/lib/python3.9/site-packages/airflow/example_dags/example_kubernetes_executor.py
[2024-02-24T19:45:16.174-0600] {processor.py:830} INFO - Processing file /Users/vamseekrishna/Desktop/F1_Data_Warehouse/f1datawarehouse/lib/python3.9/site-packages/airflow/example_dags/example_kubernetes_executor.py for tasks to queue
[2024-02-24T19:45:16.174-0600] {logging_mixin.py:188} INFO - [2024-02-24T19:45:16.174-0600] {dagbag.py:538} INFO - Filling up the DagBag from /Users/vamseekrishna/Desktop/F1_Data_Warehouse/f1datawarehouse/lib/python3.9/site-packages/airflow/example_dags/example_kubernetes_executor.py
[2024-02-24T19:45:16.194-0600] {logging_mixin.py:188} INFO - [2024-02-24T19:45:16.194-0600] {example_kubernetes_executor.py:38} WARNING - The example_kubernetes_executor example DAG requires the kubernetes provider. Please install it with: pip install apache-airflow[cncf.kubernetes]
[2024-02-24T19:45:16.194-0600] {processor.py:842} WARNING - No viable dags retrieved from /Users/vamseekrishna/Desktop/F1_Data_Warehouse/f1datawarehouse/lib/python3.9/site-packages/airflow/example_dags/example_kubernetes_executor.py
[2024-02-24T19:45:16.238-0600] {processor.py:183} INFO - Processing /Users/vamseekrishna/Desktop/F1_Data_Warehouse/f1datawarehouse/lib/python3.9/site-packages/airflow/example_dags/example_kubernetes_executor.py took 0.067 seconds
[2024-02-24T19:47:40.243-0600] {processor.py:161} INFO - Started process (PID=1760) to work on /Users/vamseekrishna/Desktop/F1_Data_Warehouse/f1datawarehouse/lib/python3.9/site-packages/airflow/example_dags/example_kubernetes_executor.py
[2024-02-24T19:47:40.245-0600] {processor.py:830} INFO - Processing file /Users/vamseekrishna/Desktop/F1_Data_Warehouse/f1datawarehouse/lib/python3.9/site-packages/airflow/example_dags/example_kubernetes_executor.py for tasks to queue
[2024-02-24T19:47:40.245-0600] {logging_mixin.py:188} INFO - [2024-02-24T19:47:40.245-0600] {dagbag.py:538} INFO - Filling up the DagBag from /Users/vamseekrishna/Desktop/F1_Data_Warehouse/f1datawarehouse/lib/python3.9/site-packages/airflow/example_dags/example_kubernetes_executor.py
[2024-02-24T19:47:40.263-0600] {logging_mixin.py:188} INFO - [2024-02-24T19:47:40.263-0600] {example_kubernetes_executor.py:38} WARNING - The example_kubernetes_executor example DAG requires the kubernetes provider. Please install it with: pip install apache-airflow[cncf.kubernetes]
[2024-02-24T19:47:40.263-0600] {processor.py:842} WARNING - No viable dags retrieved from /Users/vamseekrishna/Desktop/F1_Data_Warehouse/f1datawarehouse/lib/python3.9/site-packages/airflow/example_dags/example_kubernetes_executor.py
[2024-02-24T19:47:40.304-0600] {processor.py:183} INFO - Processing /Users/vamseekrishna/Desktop/F1_Data_Warehouse/f1datawarehouse/lib/python3.9/site-packages/airflow/example_dags/example_kubernetes_executor.py took 0.063 seconds
[2024-02-24T19:49:54.996-0600] {processor.py:161} INFO - Started process (PID=1939) to work on /Users/vamseekrishna/Desktop/F1_Data_Warehouse/f1datawarehouse/lib/python3.9/site-packages/airflow/example_dags/example_kubernetes_executor.py
[2024-02-24T19:49:55.000-0600] {processor.py:830} INFO - Processing file /Users/vamseekrishna/Desktop/F1_Data_Warehouse/f1datawarehouse/lib/python3.9/site-packages/airflow/example_dags/example_kubernetes_executor.py for tasks to queue
[2024-02-24T19:49:55.000-0600] {logging_mixin.py:188} INFO - [2024-02-24T19:49:55.000-0600] {dagbag.py:538} INFO - Filling up the DagBag from /Users/vamseekrishna/Desktop/F1_Data_Warehouse/f1datawarehouse/lib/python3.9/site-packages/airflow/example_dags/example_kubernetes_executor.py
[2024-02-24T19:49:55.016-0600] {logging_mixin.py:188} INFO - [2024-02-24T19:49:55.016-0600] {example_kubernetes_executor.py:38} WARNING - The example_kubernetes_executor example DAG requires the kubernetes provider. Please install it with: pip install apache-airflow[cncf.kubernetes]
[2024-02-24T19:49:55.016-0600] {processor.py:842} WARNING - No viable dags retrieved from /Users/vamseekrishna/Desktop/F1_Data_Warehouse/f1datawarehouse/lib/python3.9/site-packages/airflow/example_dags/example_kubernetes_executor.py
[2024-02-24T19:49:55.056-0600] {processor.py:183} INFO - Processing /Users/vamseekrishna/Desktop/F1_Data_Warehouse/f1datawarehouse/lib/python3.9/site-packages/airflow/example_dags/example_kubernetes_executor.py took 0.061 seconds
