[2024-02-24T21:37:03.407-0600] {processor.py:161} INFO - Started process (PID=8269) to work on /Users/vamseekrishna/Desktop/F1_Data_Warehouse/f1datawarehouse/lib/python3.9/site-packages/airflow/example_dags/example_python_decorator.py
[2024-02-24T21:37:03.409-0600] {processor.py:830} INFO - Processing file /Users/vamseekrishna/Desktop/F1_Data_Warehouse/f1datawarehouse/lib/python3.9/site-packages/airflow/example_dags/example_python_decorator.py for tasks to queue
[2024-02-24T21:37:03.409-0600] {logging_mixin.py:188} INFO - [2024-02-24T21:37:03.409-0600] {dagbag.py:538} INFO - Filling up the DagBag from /Users/vamseekrishna/Desktop/F1_Data_Warehouse/f1datawarehouse/lib/python3.9/site-packages/airflow/example_dags/example_python_decorator.py
[2024-02-24T21:37:03.425-0600] {logging_mixin.py:188} INFO - [2024-02-24T21:37:03.425-0600] {example_python_decorator.py:79} WARNING - The virtalenv_python example task requires virtualenv, please install it.
[2024-02-24T21:37:03.426-0600] {processor.py:840} INFO - DAG(s) 'example_python_decorator' retrieved from /Users/vamseekrishna/Desktop/F1_Data_Warehouse/f1datawarehouse/lib/python3.9/site-packages/airflow/example_dags/example_python_decorator.py
[2024-02-24T21:37:03.523-0600] {logging_mixin.py:188} INFO - [2024-02-24T21:37:03.522-0600] {dag.py:3036} INFO - Sync 1 DAGs
[2024-02-24T21:37:03.533-0600] {logging_mixin.py:188} INFO - [2024-02-24T21:37:03.533-0600] {dag.py:3823} INFO - Setting next_dagrun for example_python_decorator to None, run_after=None
[2024-02-24T21:37:03.546-0600] {processor.py:183} INFO - Processing /Users/vamseekrishna/Desktop/F1_Data_Warehouse/f1datawarehouse/lib/python3.9/site-packages/airflow/example_dags/example_python_decorator.py took 0.139 seconds
[2024-02-24T21:38:35.541-0600] {processor.py:161} INFO - Started process (PID=8410) to work on /Users/vamseekrishna/Desktop/F1_Data_Warehouse/f1datawarehouse/lib/python3.9/site-packages/airflow/example_dags/example_python_decorator.py
[2024-02-24T21:38:35.543-0600] {processor.py:830} INFO - Processing file /Users/vamseekrishna/Desktop/F1_Data_Warehouse/f1datawarehouse/lib/python3.9/site-packages/airflow/example_dags/example_python_decorator.py for tasks to queue
[2024-02-24T21:38:35.543-0600] {logging_mixin.py:188} INFO - [2024-02-24T21:38:35.543-0600] {dagbag.py:538} INFO - Filling up the DagBag from /Users/vamseekrishna/Desktop/F1_Data_Warehouse/f1datawarehouse/lib/python3.9/site-packages/airflow/example_dags/example_python_decorator.py
[2024-02-24T21:38:35.558-0600] {logging_mixin.py:188} INFO - [2024-02-24T21:38:35.558-0600] {example_python_decorator.py:79} WARNING - The virtalenv_python example task requires virtualenv, please install it.
[2024-02-24T21:38:35.559-0600] {processor.py:840} INFO - DAG(s) 'example_python_decorator' retrieved from /Users/vamseekrishna/Desktop/F1_Data_Warehouse/f1datawarehouse/lib/python3.9/site-packages/airflow/example_dags/example_python_decorator.py
[2024-02-24T21:38:35.606-0600] {logging_mixin.py:188} INFO - [2024-02-24T21:38:35.606-0600] {dag.py:3036} INFO - Sync 1 DAGs
[2024-02-24T21:38:35.610-0600] {logging_mixin.py:188} INFO - [2024-02-24T21:38:35.610-0600] {dag.py:3823} INFO - Setting next_dagrun for example_python_decorator to None, run_after=None
[2024-02-24T21:38:35.618-0600] {processor.py:183} INFO - Processing /Users/vamseekrishna/Desktop/F1_Data_Warehouse/f1datawarehouse/lib/python3.9/site-packages/airflow/example_dags/example_python_decorator.py took 0.077 seconds
[2024-02-24T21:40:35.043-0600] {processor.py:161} INFO - Started process (PID=8612) to work on /Users/vamseekrishna/Desktop/F1_Data_Warehouse/f1datawarehouse/lib/python3.9/site-packages/airflow/example_dags/example_python_decorator.py
[2024-02-24T21:40:35.044-0600] {processor.py:830} INFO - Processing file /Users/vamseekrishna/Desktop/F1_Data_Warehouse/f1datawarehouse/lib/python3.9/site-packages/airflow/example_dags/example_python_decorator.py for tasks to queue
[2024-02-24T21:40:35.045-0600] {logging_mixin.py:188} INFO - [2024-02-24T21:40:35.045-0600] {dagbag.py:538} INFO - Filling up the DagBag from /Users/vamseekrishna/Desktop/F1_Data_Warehouse/f1datawarehouse/lib/python3.9/site-packages/airflow/example_dags/example_python_decorator.py
[2024-02-24T21:40:35.062-0600] {logging_mixin.py:188} INFO - [2024-02-24T21:40:35.062-0600] {example_python_decorator.py:79} WARNING - The virtalenv_python example task requires virtualenv, please install it.
[2024-02-24T21:40:35.063-0600] {processor.py:840} INFO - DAG(s) 'example_python_decorator' retrieved from /Users/vamseekrishna/Desktop/F1_Data_Warehouse/f1datawarehouse/lib/python3.9/site-packages/airflow/example_dags/example_python_decorator.py
[2024-02-24T21:40:35.111-0600] {logging_mixin.py:188} INFO - [2024-02-24T21:40:35.111-0600] {dag.py:3036} INFO - Sync 1 DAGs
[2024-02-24T21:40:35.115-0600] {logging_mixin.py:188} INFO - [2024-02-24T21:40:35.115-0600] {dag.py:3823} INFO - Setting next_dagrun for example_python_decorator to None, run_after=None
[2024-02-24T21:40:35.123-0600] {processor.py:183} INFO - Processing /Users/vamseekrishna/Desktop/F1_Data_Warehouse/f1datawarehouse/lib/python3.9/site-packages/airflow/example_dags/example_python_decorator.py took 0.080 seconds
[2024-02-24T21:50:04.891-0600] {processor.py:161} INFO - Started process (PID=9074) to work on /Users/vamseekrishna/Desktop/F1_Data_Warehouse/f1datawarehouse/lib/python3.9/site-packages/airflow/example_dags/example_python_decorator.py
[2024-02-24T21:50:04.893-0600] {processor.py:830} INFO - Processing file /Users/vamseekrishna/Desktop/F1_Data_Warehouse/f1datawarehouse/lib/python3.9/site-packages/airflow/example_dags/example_python_decorator.py for tasks to queue
[2024-02-24T21:50:04.893-0600] {logging_mixin.py:188} INFO - [2024-02-24T21:50:04.893-0600] {dagbag.py:538} INFO - Filling up the DagBag from /Users/vamseekrishna/Desktop/F1_Data_Warehouse/f1datawarehouse/lib/python3.9/site-packages/airflow/example_dags/example_python_decorator.py
[2024-02-24T21:50:04.908-0600] {logging_mixin.py:188} INFO - [2024-02-24T21:50:04.908-0600] {example_python_decorator.py:79} WARNING - The virtalenv_python example task requires virtualenv, please install it.
[2024-02-24T21:50:04.909-0600] {processor.py:840} INFO - DAG(s) 'example_python_decorator' retrieved from /Users/vamseekrishna/Desktop/F1_Data_Warehouse/f1datawarehouse/lib/python3.9/site-packages/airflow/example_dags/example_python_decorator.py
[2024-02-24T21:50:04.956-0600] {logging_mixin.py:188} INFO - [2024-02-24T21:50:04.955-0600] {dag.py:3036} INFO - Sync 1 DAGs
[2024-02-24T21:50:04.959-0600] {logging_mixin.py:188} INFO - [2024-02-24T21:50:04.959-0600] {dag.py:3823} INFO - Setting next_dagrun for example_python_decorator to None, run_after=None
[2024-02-24T21:50:04.967-0600] {processor.py:183} INFO - Processing /Users/vamseekrishna/Desktop/F1_Data_Warehouse/f1datawarehouse/lib/python3.9/site-packages/airflow/example_dags/example_python_decorator.py took 0.076 seconds
[2024-02-24T21:51:33.778-0600] {processor.py:161} INFO - Started process (PID=9174) to work on /Users/vamseekrishna/Desktop/F1_Data_Warehouse/f1datawarehouse/lib/python3.9/site-packages/airflow/example_dags/example_python_decorator.py
[2024-02-24T21:51:33.780-0600] {processor.py:830} INFO - Processing file /Users/vamseekrishna/Desktop/F1_Data_Warehouse/f1datawarehouse/lib/python3.9/site-packages/airflow/example_dags/example_python_decorator.py for tasks to queue
[2024-02-24T21:51:33.780-0600] {logging_mixin.py:188} INFO - [2024-02-24T21:51:33.780-0600] {dagbag.py:538} INFO - Filling up the DagBag from /Users/vamseekrishna/Desktop/F1_Data_Warehouse/f1datawarehouse/lib/python3.9/site-packages/airflow/example_dags/example_python_decorator.py
[2024-02-24T21:51:33.795-0600] {logging_mixin.py:188} INFO - [2024-02-24T21:51:33.795-0600] {example_python_decorator.py:79} WARNING - The virtalenv_python example task requires virtualenv, please install it.
[2024-02-24T21:51:33.796-0600] {processor.py:840} INFO - DAG(s) 'example_python_decorator' retrieved from /Users/vamseekrishna/Desktop/F1_Data_Warehouse/f1datawarehouse/lib/python3.9/site-packages/airflow/example_dags/example_python_decorator.py
[2024-02-24T21:51:33.843-0600] {logging_mixin.py:188} INFO - [2024-02-24T21:51:33.843-0600] {dag.py:3036} INFO - Sync 1 DAGs
[2024-02-24T21:51:33.846-0600] {logging_mixin.py:188} INFO - [2024-02-24T21:51:33.846-0600] {dag.py:3823} INFO - Setting next_dagrun for example_python_decorator to None, run_after=None
[2024-02-24T21:51:33.854-0600] {processor.py:183} INFO - Processing /Users/vamseekrishna/Desktop/F1_Data_Warehouse/f1datawarehouse/lib/python3.9/site-packages/airflow/example_dags/example_python_decorator.py took 0.077 seconds
[2024-02-24T21:53:40.240-0600] {processor.py:161} INFO - Started process (PID=9318) to work on /Users/vamseekrishna/Desktop/F1_Data_Warehouse/f1datawarehouse/lib/python3.9/site-packages/airflow/example_dags/example_python_decorator.py
[2024-02-24T21:53:40.243-0600] {processor.py:830} INFO - Processing file /Users/vamseekrishna/Desktop/F1_Data_Warehouse/f1datawarehouse/lib/python3.9/site-packages/airflow/example_dags/example_python_decorator.py for tasks to queue
[2024-02-24T21:53:40.243-0600] {logging_mixin.py:188} INFO - [2024-02-24T21:53:40.243-0600] {dagbag.py:538} INFO - Filling up the DagBag from /Users/vamseekrishna/Desktop/F1_Data_Warehouse/f1datawarehouse/lib/python3.9/site-packages/airflow/example_dags/example_python_decorator.py
[2024-02-24T21:53:40.259-0600] {logging_mixin.py:188} INFO - [2024-02-24T21:53:40.259-0600] {example_python_decorator.py:79} WARNING - The virtalenv_python example task requires virtualenv, please install it.
[2024-02-24T21:53:40.260-0600] {processor.py:840} INFO - DAG(s) 'example_python_decorator' retrieved from /Users/vamseekrishna/Desktop/F1_Data_Warehouse/f1datawarehouse/lib/python3.9/site-packages/airflow/example_dags/example_python_decorator.py
[2024-02-24T21:53:40.309-0600] {logging_mixin.py:188} INFO - [2024-02-24T21:53:40.309-0600] {dag.py:3036} INFO - Sync 1 DAGs
[2024-02-24T21:53:40.313-0600] {logging_mixin.py:188} INFO - [2024-02-24T21:53:40.313-0600] {dag.py:3823} INFO - Setting next_dagrun for example_python_decorator to None, run_after=None
[2024-02-24T21:53:40.322-0600] {processor.py:183} INFO - Processing /Users/vamseekrishna/Desktop/F1_Data_Warehouse/f1datawarehouse/lib/python3.9/site-packages/airflow/example_dags/example_python_decorator.py took 0.082 seconds
[2024-02-24T21:55:50.217-0600] {processor.py:161} INFO - Started process (PID=9436) to work on /Users/vamseekrishna/Desktop/F1_Data_Warehouse/f1datawarehouse/lib/python3.9/site-packages/airflow/example_dags/example_python_decorator.py
[2024-02-24T21:55:50.220-0600] {processor.py:830} INFO - Processing file /Users/vamseekrishna/Desktop/F1_Data_Warehouse/f1datawarehouse/lib/python3.9/site-packages/airflow/example_dags/example_python_decorator.py for tasks to queue
[2024-02-24T21:55:50.220-0600] {logging_mixin.py:188} INFO - [2024-02-24T21:55:50.220-0600] {dagbag.py:538} INFO - Filling up the DagBag from /Users/vamseekrishna/Desktop/F1_Data_Warehouse/f1datawarehouse/lib/python3.9/site-packages/airflow/example_dags/example_python_decorator.py
[2024-02-24T21:55:50.236-0600] {logging_mixin.py:188} INFO - [2024-02-24T21:55:50.236-0600] {example_python_decorator.py:79} WARNING - The virtalenv_python example task requires virtualenv, please install it.
[2024-02-24T21:55:50.237-0600] {processor.py:840} INFO - DAG(s) 'example_python_decorator' retrieved from /Users/vamseekrishna/Desktop/F1_Data_Warehouse/f1datawarehouse/lib/python3.9/site-packages/airflow/example_dags/example_python_decorator.py
[2024-02-24T21:55:50.284-0600] {logging_mixin.py:188} INFO - [2024-02-24T21:55:50.284-0600] {dag.py:3036} INFO - Sync 1 DAGs
[2024-02-24T21:55:50.288-0600] {logging_mixin.py:188} INFO - [2024-02-24T21:55:50.288-0600] {dag.py:3823} INFO - Setting next_dagrun for example_python_decorator to None, run_after=None
[2024-02-24T21:55:50.296-0600] {processor.py:183} INFO - Processing /Users/vamseekrishna/Desktop/F1_Data_Warehouse/f1datawarehouse/lib/python3.9/site-packages/airflow/example_dags/example_python_decorator.py took 0.079 seconds
[2024-02-24T21:57:59.725-0600] {processor.py:161} INFO - Started process (PID=9555) to work on /Users/vamseekrishna/Desktop/F1_Data_Warehouse/f1datawarehouse/lib/python3.9/site-packages/airflow/example_dags/example_python_decorator.py
[2024-02-24T21:57:59.727-0600] {processor.py:830} INFO - Processing file /Users/vamseekrishna/Desktop/F1_Data_Warehouse/f1datawarehouse/lib/python3.9/site-packages/airflow/example_dags/example_python_decorator.py for tasks to queue
[2024-02-24T21:57:59.727-0600] {logging_mixin.py:188} INFO - [2024-02-24T21:57:59.727-0600] {dagbag.py:538} INFO - Filling up the DagBag from /Users/vamseekrishna/Desktop/F1_Data_Warehouse/f1datawarehouse/lib/python3.9/site-packages/airflow/example_dags/example_python_decorator.py
[2024-02-24T21:57:59.743-0600] {logging_mixin.py:188} INFO - [2024-02-24T21:57:59.743-0600] {example_python_decorator.py:79} WARNING - The virtalenv_python example task requires virtualenv, please install it.
[2024-02-24T21:57:59.744-0600] {processor.py:840} INFO - DAG(s) 'example_python_decorator' retrieved from /Users/vamseekrishna/Desktop/F1_Data_Warehouse/f1datawarehouse/lib/python3.9/site-packages/airflow/example_dags/example_python_decorator.py
[2024-02-24T21:57:59.792-0600] {logging_mixin.py:188} INFO - [2024-02-24T21:57:59.792-0600] {dag.py:3036} INFO - Sync 1 DAGs
[2024-02-24T21:57:59.796-0600] {logging_mixin.py:188} INFO - [2024-02-24T21:57:59.796-0600] {dag.py:3823} INFO - Setting next_dagrun for example_python_decorator to None, run_after=None
[2024-02-24T21:57:59.804-0600] {processor.py:183} INFO - Processing /Users/vamseekrishna/Desktop/F1_Data_Warehouse/f1datawarehouse/lib/python3.9/site-packages/airflow/example_dags/example_python_decorator.py took 0.080 seconds
