[2024-02-24T21:36:27.281-0600] {processor.py:161} INFO - Started process (PID=8197) to work on /Users/vamseekrishna/Desktop/F1_Data_Warehouse/f1datawarehouse/lib/python3.9/site-packages/airflow/example_dags/tutorial.py
[2024-02-24T21:36:27.289-0600] {processor.py:830} INFO - Processing file /Users/vamseekrishna/Desktop/F1_Data_Warehouse/f1datawarehouse/lib/python3.9/site-packages/airflow/example_dags/tutorial.py for tasks to queue
[2024-02-24T21:36:27.290-0600] {logging_mixin.py:188} INFO - [2024-02-24T21:36:27.290-0600] {dagbag.py:538} INFO - Filling up the DagBag from /Users/vamseekrishna/Desktop/F1_Data_Warehouse/f1datawarehouse/lib/python3.9/site-packages/airflow/example_dags/tutorial.py
[2024-02-24T21:36:27.295-0600] {processor.py:840} INFO - DAG(s) 'tutorial' retrieved from /Users/vamseekrishna/Desktop/F1_Data_Warehouse/f1datawarehouse/lib/python3.9/site-packages/airflow/example_dags/tutorial.py
[2024-02-24T21:36:27.313-0600] {logging_mixin.py:188} INFO - [2024-02-24T21:36:27.312-0600] {dag.py:3036} INFO - Sync 1 DAGs
[2024-02-24T21:36:27.397-0600] {logging_mixin.py:188} INFO - [2024-02-24T21:36:27.396-0600] {dag.py:3823} INFO - Setting next_dagrun for tutorial to 2024-02-24 00:00:00+00:00, run_after=2024-02-25 00:00:00+00:00
[2024-02-24T21:36:27.410-0600] {processor.py:183} INFO - Processing /Users/vamseekrishna/Desktop/F1_Data_Warehouse/f1datawarehouse/lib/python3.9/site-packages/airflow/example_dags/tutorial.py took 0.129 seconds
[2024-02-24T21:38:00.722-0600] {processor.py:161} INFO - Started process (PID=8353) to work on /Users/vamseekrishna/Desktop/F1_Data_Warehouse/f1datawarehouse/lib/python3.9/site-packages/airflow/example_dags/tutorial.py
[2024-02-24T21:38:00.724-0600] {processor.py:830} INFO - Processing file /Users/vamseekrishna/Desktop/F1_Data_Warehouse/f1datawarehouse/lib/python3.9/site-packages/airflow/example_dags/tutorial.py for tasks to queue
[2024-02-24T21:38:00.724-0600] {logging_mixin.py:188} INFO - [2024-02-24T21:38:00.724-0600] {dagbag.py:538} INFO - Filling up the DagBag from /Users/vamseekrishna/Desktop/F1_Data_Warehouse/f1datawarehouse/lib/python3.9/site-packages/airflow/example_dags/tutorial.py
[2024-02-24T21:38:00.730-0600] {processor.py:840} INFO - DAG(s) 'tutorial' retrieved from /Users/vamseekrishna/Desktop/F1_Data_Warehouse/f1datawarehouse/lib/python3.9/site-packages/airflow/example_dags/tutorial.py
[2024-02-24T21:38:00.836-0600] {logging_mixin.py:188} INFO - [2024-02-24T21:38:00.836-0600] {dag.py:3036} INFO - Sync 1 DAGs
[2024-02-24T21:38:00.847-0600] {logging_mixin.py:188} INFO - [2024-02-24T21:38:00.847-0600] {dag.py:3823} INFO - Setting next_dagrun for tutorial to 2024-02-24 00:00:00+00:00, run_after=2024-02-25 00:00:00+00:00
[2024-02-24T21:38:00.858-0600] {processor.py:183} INFO - Processing /Users/vamseekrishna/Desktop/F1_Data_Warehouse/f1datawarehouse/lib/python3.9/site-packages/airflow/example_dags/tutorial.py took 0.137 seconds
[2024-02-24T21:38:59.635-0600] {processor.py:161} INFO - Started process (PID=8454) to work on /Users/vamseekrishna/Desktop/F1_Data_Warehouse/f1datawarehouse/lib/python3.9/site-packages/airflow/example_dags/tutorial.py
[2024-02-24T21:38:59.637-0600] {processor.py:830} INFO - Processing file /Users/vamseekrishna/Desktop/F1_Data_Warehouse/f1datawarehouse/lib/python3.9/site-packages/airflow/example_dags/tutorial.py for tasks to queue
[2024-02-24T21:38:59.638-0600] {logging_mixin.py:188} INFO - [2024-02-24T21:38:59.638-0600] {dagbag.py:538} INFO - Filling up the DagBag from /Users/vamseekrishna/Desktop/F1_Data_Warehouse/f1datawarehouse/lib/python3.9/site-packages/airflow/example_dags/tutorial.py
[2024-02-24T21:38:59.642-0600] {processor.py:840} INFO - DAG(s) 'tutorial' retrieved from /Users/vamseekrishna/Desktop/F1_Data_Warehouse/f1datawarehouse/lib/python3.9/site-packages/airflow/example_dags/tutorial.py
[2024-02-24T21:38:59.689-0600] {logging_mixin.py:188} INFO - [2024-02-24T21:38:59.689-0600] {dag.py:3036} INFO - Sync 1 DAGs
[2024-02-24T21:38:59.698-0600] {logging_mixin.py:188} INFO - [2024-02-24T21:38:59.698-0600] {dag.py:3823} INFO - Setting next_dagrun for tutorial to 2024-02-24 00:00:00+00:00, run_after=2024-02-25 00:00:00+00:00
[2024-02-24T21:38:59.706-0600] {processor.py:183} INFO - Processing /Users/vamseekrishna/Desktop/F1_Data_Warehouse/f1datawarehouse/lib/python3.9/site-packages/airflow/example_dags/tutorial.py took 0.071 seconds
[2024-02-24T21:39:59.820-0600] {processor.py:161} INFO - Started process (PID=8553) to work on /Users/vamseekrishna/Desktop/F1_Data_Warehouse/f1datawarehouse/lib/python3.9/site-packages/airflow/example_dags/tutorial.py
[2024-02-24T21:39:59.826-0600] {processor.py:830} INFO - Processing file /Users/vamseekrishna/Desktop/F1_Data_Warehouse/f1datawarehouse/lib/python3.9/site-packages/airflow/example_dags/tutorial.py for tasks to queue
[2024-02-24T21:39:59.826-0600] {logging_mixin.py:188} INFO - [2024-02-24T21:39:59.826-0600] {dagbag.py:538} INFO - Filling up the DagBag from /Users/vamseekrishna/Desktop/F1_Data_Warehouse/f1datawarehouse/lib/python3.9/site-packages/airflow/example_dags/tutorial.py
[2024-02-24T21:39:59.836-0600] {processor.py:840} INFO - DAG(s) 'tutorial' retrieved from /Users/vamseekrishna/Desktop/F1_Data_Warehouse/f1datawarehouse/lib/python3.9/site-packages/airflow/example_dags/tutorial.py
[2024-02-24T21:39:59.917-0600] {logging_mixin.py:188} INFO - [2024-02-24T21:39:59.917-0600] {dag.py:3036} INFO - Sync 1 DAGs
[2024-02-24T21:39:59.943-0600] {logging_mixin.py:188} INFO - [2024-02-24T21:39:59.943-0600] {dag.py:3823} INFO - Setting next_dagrun for tutorial to 2024-02-24 00:00:00+00:00, run_after=2024-02-25 00:00:00+00:00
[2024-02-24T21:39:59.961-0600] {processor.py:183} INFO - Processing /Users/vamseekrishna/Desktop/F1_Data_Warehouse/f1datawarehouse/lib/python3.9/site-packages/airflow/example_dags/tutorial.py took 0.143 seconds
[2024-02-24T21:41:00.625-0600] {processor.py:161} INFO - Started process (PID=8647) to work on /Users/vamseekrishna/Desktop/F1_Data_Warehouse/f1datawarehouse/lib/python3.9/site-packages/airflow/example_dags/tutorial.py
[2024-02-24T21:41:00.627-0600] {processor.py:830} INFO - Processing file /Users/vamseekrishna/Desktop/F1_Data_Warehouse/f1datawarehouse/lib/python3.9/site-packages/airflow/example_dags/tutorial.py for tasks to queue
[2024-02-24T21:41:00.627-0600] {logging_mixin.py:188} INFO - [2024-02-24T21:41:00.627-0600] {dagbag.py:538} INFO - Filling up the DagBag from /Users/vamseekrishna/Desktop/F1_Data_Warehouse/f1datawarehouse/lib/python3.9/site-packages/airflow/example_dags/tutorial.py
[2024-02-24T21:41:00.631-0600] {processor.py:840} INFO - DAG(s) 'tutorial' retrieved from /Users/vamseekrishna/Desktop/F1_Data_Warehouse/f1datawarehouse/lib/python3.9/site-packages/airflow/example_dags/tutorial.py
[2024-02-24T21:41:00.679-0600] {logging_mixin.py:188} INFO - [2024-02-24T21:41:00.679-0600] {dag.py:3036} INFO - Sync 1 DAGs
[2024-02-24T21:41:00.688-0600] {logging_mixin.py:188} INFO - [2024-02-24T21:41:00.688-0600] {dag.py:3823} INFO - Setting next_dagrun for tutorial to 2024-02-24 00:00:00+00:00, run_after=2024-02-25 00:00:00+00:00
[2024-02-24T21:41:00.695-0600] {processor.py:183} INFO - Processing /Users/vamseekrishna/Desktop/F1_Data_Warehouse/f1datawarehouse/lib/python3.9/site-packages/airflow/example_dags/tutorial.py took 0.071 seconds
[2024-02-24T21:42:05.139-0600] {processor.py:161} INFO - Started process (PID=8741) to work on /Users/vamseekrishna/Desktop/F1_Data_Warehouse/f1datawarehouse/lib/python3.9/site-packages/airflow/example_dags/tutorial.py
[2024-02-24T21:42:05.140-0600] {processor.py:830} INFO - Processing file /Users/vamseekrishna/Desktop/F1_Data_Warehouse/f1datawarehouse/lib/python3.9/site-packages/airflow/example_dags/tutorial.py for tasks to queue
[2024-02-24T21:42:05.140-0600] {logging_mixin.py:188} INFO - [2024-02-24T21:42:05.140-0600] {dagbag.py:538} INFO - Filling up the DagBag from /Users/vamseekrishna/Desktop/F1_Data_Warehouse/f1datawarehouse/lib/python3.9/site-packages/airflow/example_dags/tutorial.py
[2024-02-24T21:42:05.144-0600] {processor.py:840} INFO - DAG(s) 'tutorial' retrieved from /Users/vamseekrishna/Desktop/F1_Data_Warehouse/f1datawarehouse/lib/python3.9/site-packages/airflow/example_dags/tutorial.py
[2024-02-24T21:42:05.193-0600] {logging_mixin.py:188} INFO - [2024-02-24T21:42:05.193-0600] {dag.py:3036} INFO - Sync 1 DAGs
[2024-02-24T21:42:05.204-0600] {logging_mixin.py:188} INFO - [2024-02-24T21:42:05.203-0600] {dag.py:3823} INFO - Setting next_dagrun for tutorial to 2024-02-24 00:00:00+00:00, run_after=2024-02-25 00:00:00+00:00
[2024-02-24T21:42:05.211-0600] {processor.py:183} INFO - Processing /Users/vamseekrishna/Desktop/F1_Data_Warehouse/f1datawarehouse/lib/python3.9/site-packages/airflow/example_dags/tutorial.py took 0.073 seconds
[2024-02-24T21:49:29.337-0600] {processor.py:161} INFO - Started process (PID=9036) to work on /Users/vamseekrishna/Desktop/F1_Data_Warehouse/f1datawarehouse/lib/python3.9/site-packages/airflow/example_dags/tutorial.py
[2024-02-24T21:49:29.338-0600] {processor.py:830} INFO - Processing file /Users/vamseekrishna/Desktop/F1_Data_Warehouse/f1datawarehouse/lib/python3.9/site-packages/airflow/example_dags/tutorial.py for tasks to queue
[2024-02-24T21:49:29.338-0600] {logging_mixin.py:188} INFO - [2024-02-24T21:49:29.338-0600] {dagbag.py:538} INFO - Filling up the DagBag from /Users/vamseekrishna/Desktop/F1_Data_Warehouse/f1datawarehouse/lib/python3.9/site-packages/airflow/example_dags/tutorial.py
[2024-02-24T21:49:29.342-0600] {processor.py:840} INFO - DAG(s) 'tutorial' retrieved from /Users/vamseekrishna/Desktop/F1_Data_Warehouse/f1datawarehouse/lib/python3.9/site-packages/airflow/example_dags/tutorial.py
[2024-02-24T21:49:29.397-0600] {logging_mixin.py:188} INFO - [2024-02-24T21:49:29.397-0600] {dag.py:3036} INFO - Sync 1 DAGs
[2024-02-24T21:49:29.408-0600] {logging_mixin.py:188} INFO - [2024-02-24T21:49:29.408-0600] {dag.py:3823} INFO - Setting next_dagrun for tutorial to 2024-02-24 00:00:00+00:00, run_after=2024-02-25 00:00:00+00:00
[2024-02-24T21:49:29.418-0600] {processor.py:183} INFO - Processing /Users/vamseekrishna/Desktop/F1_Data_Warehouse/f1datawarehouse/lib/python3.9/site-packages/airflow/example_dags/tutorial.py took 0.082 seconds
[2024-02-24T21:51:03.343-0600] {processor.py:161} INFO - Started process (PID=9140) to work on /Users/vamseekrishna/Desktop/F1_Data_Warehouse/f1datawarehouse/lib/python3.9/site-packages/airflow/example_dags/tutorial.py
[2024-02-24T21:51:03.345-0600] {processor.py:830} INFO - Processing file /Users/vamseekrishna/Desktop/F1_Data_Warehouse/f1datawarehouse/lib/python3.9/site-packages/airflow/example_dags/tutorial.py for tasks to queue
[2024-02-24T21:51:03.345-0600] {logging_mixin.py:188} INFO - [2024-02-24T21:51:03.345-0600] {dagbag.py:538} INFO - Filling up the DagBag from /Users/vamseekrishna/Desktop/F1_Data_Warehouse/f1datawarehouse/lib/python3.9/site-packages/airflow/example_dags/tutorial.py
[2024-02-24T21:51:03.349-0600] {processor.py:840} INFO - DAG(s) 'tutorial' retrieved from /Users/vamseekrishna/Desktop/F1_Data_Warehouse/f1datawarehouse/lib/python3.9/site-packages/airflow/example_dags/tutorial.py
[2024-02-24T21:51:03.398-0600] {logging_mixin.py:188} INFO - [2024-02-24T21:51:03.398-0600] {dag.py:3036} INFO - Sync 1 DAGs
[2024-02-24T21:51:03.407-0600] {logging_mixin.py:188} INFO - [2024-02-24T21:51:03.407-0600] {dag.py:3823} INFO - Setting next_dagrun for tutorial to 2024-02-24 00:00:00+00:00, run_after=2024-02-25 00:00:00+00:00
[2024-02-24T21:51:03.415-0600] {processor.py:183} INFO - Processing /Users/vamseekrishna/Desktop/F1_Data_Warehouse/f1datawarehouse/lib/python3.9/site-packages/airflow/example_dags/tutorial.py took 0.072 seconds
[2024-02-24T21:52:02.059-0600] {processor.py:161} INFO - Started process (PID=9200) to work on /Users/vamseekrishna/Desktop/F1_Data_Warehouse/f1datawarehouse/lib/python3.9/site-packages/airflow/example_dags/tutorial.py
[2024-02-24T21:52:02.062-0600] {processor.py:830} INFO - Processing file /Users/vamseekrishna/Desktop/F1_Data_Warehouse/f1datawarehouse/lib/python3.9/site-packages/airflow/example_dags/tutorial.py for tasks to queue
[2024-02-24T21:52:02.062-0600] {logging_mixin.py:188} INFO - [2024-02-24T21:52:02.062-0600] {dagbag.py:538} INFO - Filling up the DagBag from /Users/vamseekrishna/Desktop/F1_Data_Warehouse/f1datawarehouse/lib/python3.9/site-packages/airflow/example_dags/tutorial.py
[2024-02-24T21:52:02.066-0600] {processor.py:840} INFO - DAG(s) 'tutorial' retrieved from /Users/vamseekrishna/Desktop/F1_Data_Warehouse/f1datawarehouse/lib/python3.9/site-packages/airflow/example_dags/tutorial.py
[2024-02-24T21:52:02.113-0600] {logging_mixin.py:188} INFO - [2024-02-24T21:52:02.113-0600] {dag.py:3036} INFO - Sync 1 DAGs
[2024-02-24T21:52:02.122-0600] {logging_mixin.py:188} INFO - [2024-02-24T21:52:02.122-0600] {dag.py:3823} INFO - Setting next_dagrun for tutorial to 2024-02-24 00:00:00+00:00, run_after=2024-02-25 00:00:00+00:00
[2024-02-24T21:52:02.129-0600] {processor.py:183} INFO - Processing /Users/vamseekrishna/Desktop/F1_Data_Warehouse/f1datawarehouse/lib/python3.9/site-packages/airflow/example_dags/tutorial.py took 0.071 seconds
[2024-02-24T21:53:07.685-0600] {processor.py:161} INFO - Started process (PID=9285) to work on /Users/vamseekrishna/Desktop/F1_Data_Warehouse/f1datawarehouse/lib/python3.9/site-packages/airflow/example_dags/tutorial.py
[2024-02-24T21:53:07.691-0600] {processor.py:830} INFO - Processing file /Users/vamseekrishna/Desktop/F1_Data_Warehouse/f1datawarehouse/lib/python3.9/site-packages/airflow/example_dags/tutorial.py for tasks to queue
[2024-02-24T21:53:07.691-0600] {logging_mixin.py:188} INFO - [2024-02-24T21:53:07.691-0600] {dagbag.py:538} INFO - Filling up the DagBag from /Users/vamseekrishna/Desktop/F1_Data_Warehouse/f1datawarehouse/lib/python3.9/site-packages/airflow/example_dags/tutorial.py
[2024-02-24T21:53:07.696-0600] {processor.py:840} INFO - DAG(s) 'tutorial' retrieved from /Users/vamseekrishna/Desktop/F1_Data_Warehouse/f1datawarehouse/lib/python3.9/site-packages/airflow/example_dags/tutorial.py
[2024-02-24T21:53:07.759-0600] {logging_mixin.py:188} INFO - [2024-02-24T21:53:07.759-0600] {dag.py:3036} INFO - Sync 1 DAGs
[2024-02-24T21:53:07.774-0600] {logging_mixin.py:188} INFO - [2024-02-24T21:53:07.774-0600] {dag.py:3823} INFO - Setting next_dagrun for tutorial to 2024-02-24 00:00:00+00:00, run_after=2024-02-25 00:00:00+00:00
[2024-02-24T21:53:07.785-0600] {processor.py:183} INFO - Processing /Users/vamseekrishna/Desktop/F1_Data_Warehouse/f1datawarehouse/lib/python3.9/site-packages/airflow/example_dags/tutorial.py took 0.101 seconds
[2024-02-24T21:54:12.026-0600] {processor.py:161} INFO - Started process (PID=9341) to work on /Users/vamseekrishna/Desktop/F1_Data_Warehouse/f1datawarehouse/lib/python3.9/site-packages/airflow/example_dags/tutorial.py
[2024-02-24T21:54:12.029-0600] {processor.py:830} INFO - Processing file /Users/vamseekrishna/Desktop/F1_Data_Warehouse/f1datawarehouse/lib/python3.9/site-packages/airflow/example_dags/tutorial.py for tasks to queue
[2024-02-24T21:54:12.030-0600] {logging_mixin.py:188} INFO - [2024-02-24T21:54:12.029-0600] {dagbag.py:538} INFO - Filling up the DagBag from /Users/vamseekrishna/Desktop/F1_Data_Warehouse/f1datawarehouse/lib/python3.9/site-packages/airflow/example_dags/tutorial.py
[2024-02-24T21:54:12.033-0600] {processor.py:840} INFO - DAG(s) 'tutorial' retrieved from /Users/vamseekrishna/Desktop/F1_Data_Warehouse/f1datawarehouse/lib/python3.9/site-packages/airflow/example_dags/tutorial.py
[2024-02-24T21:54:12.080-0600] {logging_mixin.py:188} INFO - [2024-02-24T21:54:12.080-0600] {dag.py:3036} INFO - Sync 1 DAGs
[2024-02-24T21:54:12.089-0600] {logging_mixin.py:188} INFO - [2024-02-24T21:54:12.089-0600] {dag.py:3823} INFO - Setting next_dagrun for tutorial to 2024-02-24 00:00:00+00:00, run_after=2024-02-25 00:00:00+00:00
[2024-02-24T21:54:12.096-0600] {processor.py:183} INFO - Processing /Users/vamseekrishna/Desktop/F1_Data_Warehouse/f1datawarehouse/lib/python3.9/site-packages/airflow/example_dags/tutorial.py took 0.071 seconds
[2024-02-24T21:55:16.997-0600] {processor.py:161} INFO - Started process (PID=9409) to work on /Users/vamseekrishna/Desktop/F1_Data_Warehouse/f1datawarehouse/lib/python3.9/site-packages/airflow/example_dags/tutorial.py
[2024-02-24T21:55:16.999-0600] {processor.py:830} INFO - Processing file /Users/vamseekrishna/Desktop/F1_Data_Warehouse/f1datawarehouse/lib/python3.9/site-packages/airflow/example_dags/tutorial.py for tasks to queue
[2024-02-24T21:55:17.000-0600] {logging_mixin.py:188} INFO - [2024-02-24T21:55:16.999-0600] {dagbag.py:538} INFO - Filling up the DagBag from /Users/vamseekrishna/Desktop/F1_Data_Warehouse/f1datawarehouse/lib/python3.9/site-packages/airflow/example_dags/tutorial.py
[2024-02-24T21:55:17.003-0600] {processor.py:840} INFO - DAG(s) 'tutorial' retrieved from /Users/vamseekrishna/Desktop/F1_Data_Warehouse/f1datawarehouse/lib/python3.9/site-packages/airflow/example_dags/tutorial.py
[2024-02-24T21:55:17.052-0600] {logging_mixin.py:188} INFO - [2024-02-24T21:55:17.052-0600] {dag.py:3036} INFO - Sync 1 DAGs
[2024-02-24T21:55:17.062-0600] {logging_mixin.py:188} INFO - [2024-02-24T21:55:17.062-0600] {dag.py:3823} INFO - Setting next_dagrun for tutorial to 2024-02-24 00:00:00+00:00, run_after=2024-02-25 00:00:00+00:00
[2024-02-24T21:55:17.069-0600] {processor.py:183} INFO - Processing /Users/vamseekrishna/Desktop/F1_Data_Warehouse/f1datawarehouse/lib/python3.9/site-packages/airflow/example_dags/tutorial.py took 0.073 seconds
[2024-02-24T21:56:25.649-0600] {processor.py:161} INFO - Started process (PID=9461) to work on /Users/vamseekrishna/Desktop/F1_Data_Warehouse/f1datawarehouse/lib/python3.9/site-packages/airflow/example_dags/tutorial.py
[2024-02-24T21:56:25.651-0600] {processor.py:830} INFO - Processing file /Users/vamseekrishna/Desktop/F1_Data_Warehouse/f1datawarehouse/lib/python3.9/site-packages/airflow/example_dags/tutorial.py for tasks to queue
[2024-02-24T21:56:25.651-0600] {logging_mixin.py:188} INFO - [2024-02-24T21:56:25.651-0600] {dagbag.py:538} INFO - Filling up the DagBag from /Users/vamseekrishna/Desktop/F1_Data_Warehouse/f1datawarehouse/lib/python3.9/site-packages/airflow/example_dags/tutorial.py
[2024-02-24T21:56:25.656-0600] {processor.py:840} INFO - DAG(s) 'tutorial' retrieved from /Users/vamseekrishna/Desktop/F1_Data_Warehouse/f1datawarehouse/lib/python3.9/site-packages/airflow/example_dags/tutorial.py
[2024-02-24T21:56:25.727-0600] {logging_mixin.py:188} INFO - [2024-02-24T21:56:25.727-0600] {dag.py:3036} INFO - Sync 1 DAGs
[2024-02-24T21:56:25.738-0600] {logging_mixin.py:188} INFO - [2024-02-24T21:56:25.738-0600] {dag.py:3823} INFO - Setting next_dagrun for tutorial to 2024-02-24 00:00:00+00:00, run_after=2024-02-25 00:00:00+00:00
[2024-02-24T21:56:25.747-0600] {processor.py:183} INFO - Processing /Users/vamseekrishna/Desktop/F1_Data_Warehouse/f1datawarehouse/lib/python3.9/site-packages/airflow/example_dags/tutorial.py took 0.098 seconds
[2024-02-24T21:57:27.914-0600] {processor.py:161} INFO - Started process (PID=9531) to work on /Users/vamseekrishna/Desktop/F1_Data_Warehouse/f1datawarehouse/lib/python3.9/site-packages/airflow/example_dags/tutorial.py
[2024-02-24T21:57:27.916-0600] {processor.py:830} INFO - Processing file /Users/vamseekrishna/Desktop/F1_Data_Warehouse/f1datawarehouse/lib/python3.9/site-packages/airflow/example_dags/tutorial.py for tasks to queue
[2024-02-24T21:57:27.917-0600] {logging_mixin.py:188} INFO - [2024-02-24T21:57:27.917-0600] {dagbag.py:538} INFO - Filling up the DagBag from /Users/vamseekrishna/Desktop/F1_Data_Warehouse/f1datawarehouse/lib/python3.9/site-packages/airflow/example_dags/tutorial.py
[2024-02-24T21:57:27.920-0600] {processor.py:840} INFO - DAG(s) 'tutorial' retrieved from /Users/vamseekrishna/Desktop/F1_Data_Warehouse/f1datawarehouse/lib/python3.9/site-packages/airflow/example_dags/tutorial.py
[2024-02-24T21:57:27.968-0600] {logging_mixin.py:188} INFO - [2024-02-24T21:57:27.968-0600] {dag.py:3036} INFO - Sync 1 DAGs
[2024-02-24T21:57:27.978-0600] {logging_mixin.py:188} INFO - [2024-02-24T21:57:27.978-0600] {dag.py:3823} INFO - Setting next_dagrun for tutorial to 2024-02-24 00:00:00+00:00, run_after=2024-02-25 00:00:00+00:00
[2024-02-24T21:57:27.985-0600] {processor.py:183} INFO - Processing /Users/vamseekrishna/Desktop/F1_Data_Warehouse/f1datawarehouse/lib/python3.9/site-packages/airflow/example_dags/tutorial.py took 0.071 seconds
[2024-02-24T21:58:30.692-0600] {processor.py:161} INFO - Started process (PID=9579) to work on /Users/vamseekrishna/Desktop/F1_Data_Warehouse/f1datawarehouse/lib/python3.9/site-packages/airflow/example_dags/tutorial.py
[2024-02-24T21:58:30.694-0600] {processor.py:830} INFO - Processing file /Users/vamseekrishna/Desktop/F1_Data_Warehouse/f1datawarehouse/lib/python3.9/site-packages/airflow/example_dags/tutorial.py for tasks to queue
[2024-02-24T21:58:30.694-0600] {logging_mixin.py:188} INFO - [2024-02-24T21:58:30.694-0600] {dagbag.py:538} INFO - Filling up the DagBag from /Users/vamseekrishna/Desktop/F1_Data_Warehouse/f1datawarehouse/lib/python3.9/site-packages/airflow/example_dags/tutorial.py
[2024-02-24T21:58:30.698-0600] {processor.py:840} INFO - DAG(s) 'tutorial' retrieved from /Users/vamseekrishna/Desktop/F1_Data_Warehouse/f1datawarehouse/lib/python3.9/site-packages/airflow/example_dags/tutorial.py
[2024-02-24T21:58:30.745-0600] {logging_mixin.py:188} INFO - [2024-02-24T21:58:30.745-0600] {dag.py:3036} INFO - Sync 1 DAGs
[2024-02-24T21:58:30.755-0600] {logging_mixin.py:188} INFO - [2024-02-24T21:58:30.755-0600] {dag.py:3823} INFO - Setting next_dagrun for tutorial to 2024-02-24 00:00:00+00:00, run_after=2024-02-25 00:00:00+00:00
[2024-02-24T21:58:30.762-0600] {processor.py:183} INFO - Processing /Users/vamseekrishna/Desktop/F1_Data_Warehouse/f1datawarehouse/lib/python3.9/site-packages/airflow/example_dags/tutorial.py took 0.071 seconds
[2024-02-24T21:59:32.429-0600] {processor.py:161} INFO - Started process (PID=9663) to work on /Users/vamseekrishna/Desktop/F1_Data_Warehouse/f1datawarehouse/lib/python3.9/site-packages/airflow/example_dags/tutorial.py
[2024-02-24T21:59:32.431-0600] {processor.py:830} INFO - Processing file /Users/vamseekrishna/Desktop/F1_Data_Warehouse/f1datawarehouse/lib/python3.9/site-packages/airflow/example_dags/tutorial.py for tasks to queue
[2024-02-24T21:59:32.432-0600] {logging_mixin.py:188} INFO - [2024-02-24T21:59:32.432-0600] {dagbag.py:538} INFO - Filling up the DagBag from /Users/vamseekrishna/Desktop/F1_Data_Warehouse/f1datawarehouse/lib/python3.9/site-packages/airflow/example_dags/tutorial.py
[2024-02-24T21:59:32.438-0600] {processor.py:840} INFO - DAG(s) 'tutorial' retrieved from /Users/vamseekrishna/Desktop/F1_Data_Warehouse/f1datawarehouse/lib/python3.9/site-packages/airflow/example_dags/tutorial.py
[2024-02-24T21:59:32.501-0600] {logging_mixin.py:188} INFO - [2024-02-24T21:59:32.501-0600] {dag.py:3036} INFO - Sync 1 DAGs
[2024-02-24T21:59:32.511-0600] {logging_mixin.py:188} INFO - [2024-02-24T21:59:32.511-0600] {dag.py:3823} INFO - Setting next_dagrun for tutorial to 2024-02-24 00:00:00+00:00, run_after=2024-02-25 00:00:00+00:00
[2024-02-24T21:59:32.519-0600] {processor.py:183} INFO - Processing /Users/vamseekrishna/Desktop/F1_Data_Warehouse/f1datawarehouse/lib/python3.9/site-packages/airflow/example_dags/tutorial.py took 0.091 seconds
