[2024-02-24T21:36:24.916-0600] {processor.py:161} INFO - Started process (PID=8187) to work on /Users/vamseekrishna/Desktop/F1_Data_Warehouse/f1datawarehouse/lib/python3.9/site-packages/airflow/example_dags/tutorial_dag.py
[2024-02-24T21:36:24.919-0600] {processor.py:830} INFO - Processing file /Users/vamseekrishna/Desktop/F1_Data_Warehouse/f1datawarehouse/lib/python3.9/site-packages/airflow/example_dags/tutorial_dag.py for tasks to queue
[2024-02-24T21:36:24.920-0600] {logging_mixin.py:188} INFO - [2024-02-24T21:36:24.920-0600] {dagbag.py:538} INFO - Filling up the DagBag from /Users/vamseekrishna/Desktop/F1_Data_Warehouse/f1datawarehouse/lib/python3.9/site-packages/airflow/example_dags/tutorial_dag.py
[2024-02-24T21:36:24.958-0600] {processor.py:840} INFO - DAG(s) 'tutorial_dag' retrieved from /Users/vamseekrishna/Desktop/F1_Data_Warehouse/f1datawarehouse/lib/python3.9/site-packages/airflow/example_dags/tutorial_dag.py
[2024-02-24T21:36:24.987-0600] {logging_mixin.py:188} INFO - [2024-02-24T21:36:24.987-0600] {dag.py:3036} INFO - Sync 1 DAGs
[2024-02-24T21:36:25.058-0600] {logging_mixin.py:188} INFO - [2024-02-24T21:36:25.058-0600] {dag.py:3823} INFO - Setting next_dagrun for tutorial_dag to None, run_after=None
[2024-02-24T21:36:25.091-0600] {processor.py:183} INFO - Processing /Users/vamseekrishna/Desktop/F1_Data_Warehouse/f1datawarehouse/lib/python3.9/site-packages/airflow/example_dags/tutorial_dag.py took 0.176 seconds
[2024-02-24T21:37:58.610-0600] {processor.py:161} INFO - Started process (PID=8347) to work on /Users/vamseekrishna/Desktop/F1_Data_Warehouse/f1datawarehouse/lib/python3.9/site-packages/airflow/example_dags/tutorial_dag.py
[2024-02-24T21:37:58.612-0600] {processor.py:830} INFO - Processing file /Users/vamseekrishna/Desktop/F1_Data_Warehouse/f1datawarehouse/lib/python3.9/site-packages/airflow/example_dags/tutorial_dag.py for tasks to queue
[2024-02-24T21:37:58.612-0600] {logging_mixin.py:188} INFO - [2024-02-24T21:37:58.612-0600] {dagbag.py:538} INFO - Filling up the DagBag from /Users/vamseekrishna/Desktop/F1_Data_Warehouse/f1datawarehouse/lib/python3.9/site-packages/airflow/example_dags/tutorial_dag.py
[2024-02-24T21:37:58.624-0600] {processor.py:840} INFO - DAG(s) 'tutorial_dag' retrieved from /Users/vamseekrishna/Desktop/F1_Data_Warehouse/f1datawarehouse/lib/python3.9/site-packages/airflow/example_dags/tutorial_dag.py
[2024-02-24T21:37:58.722-0600] {logging_mixin.py:188} INFO - [2024-02-24T21:37:58.721-0600] {dag.py:3036} INFO - Sync 1 DAGs
[2024-02-24T21:37:58.726-0600] {logging_mixin.py:188} INFO - [2024-02-24T21:37:58.726-0600] {dag.py:3823} INFO - Setting next_dagrun for tutorial_dag to None, run_after=None
[2024-02-24T21:37:58.735-0600] {processor.py:183} INFO - Processing /Users/vamseekrishna/Desktop/F1_Data_Warehouse/f1datawarehouse/lib/python3.9/site-packages/airflow/example_dags/tutorial_dag.py took 0.125 seconds
[2024-02-24T21:38:58.044-0600] {processor.py:161} INFO - Started process (PID=8452) to work on /Users/vamseekrishna/Desktop/F1_Data_Warehouse/f1datawarehouse/lib/python3.9/site-packages/airflow/example_dags/tutorial_dag.py
[2024-02-24T21:38:58.045-0600] {processor.py:830} INFO - Processing file /Users/vamseekrishna/Desktop/F1_Data_Warehouse/f1datawarehouse/lib/python3.9/site-packages/airflow/example_dags/tutorial_dag.py for tasks to queue
[2024-02-24T21:38:58.046-0600] {logging_mixin.py:188} INFO - [2024-02-24T21:38:58.046-0600] {dagbag.py:538} INFO - Filling up the DagBag from /Users/vamseekrishna/Desktop/F1_Data_Warehouse/f1datawarehouse/lib/python3.9/site-packages/airflow/example_dags/tutorial_dag.py
[2024-02-24T21:38:58.059-0600] {processor.py:840} INFO - DAG(s) 'tutorial_dag' retrieved from /Users/vamseekrishna/Desktop/F1_Data_Warehouse/f1datawarehouse/lib/python3.9/site-packages/airflow/example_dags/tutorial_dag.py
[2024-02-24T21:38:58.106-0600] {logging_mixin.py:188} INFO - [2024-02-24T21:38:58.106-0600] {dag.py:3036} INFO - Sync 1 DAGs
[2024-02-24T21:38:58.110-0600] {logging_mixin.py:188} INFO - [2024-02-24T21:38:58.110-0600] {dag.py:3823} INFO - Setting next_dagrun for tutorial_dag to None, run_after=None
[2024-02-24T21:38:58.117-0600] {processor.py:183} INFO - Processing /Users/vamseekrishna/Desktop/F1_Data_Warehouse/f1datawarehouse/lib/python3.9/site-packages/airflow/example_dags/tutorial_dag.py took 0.074 seconds
[2024-02-24T21:39:57.450-0600] {processor.py:161} INFO - Started process (PID=8540) to work on /Users/vamseekrishna/Desktop/F1_Data_Warehouse/f1datawarehouse/lib/python3.9/site-packages/airflow/example_dags/tutorial_dag.py
[2024-02-24T21:39:57.452-0600] {processor.py:830} INFO - Processing file /Users/vamseekrishna/Desktop/F1_Data_Warehouse/f1datawarehouse/lib/python3.9/site-packages/airflow/example_dags/tutorial_dag.py for tasks to queue
[2024-02-24T21:39:57.453-0600] {logging_mixin.py:188} INFO - [2024-02-24T21:39:57.453-0600] {dagbag.py:538} INFO - Filling up the DagBag from /Users/vamseekrishna/Desktop/F1_Data_Warehouse/f1datawarehouse/lib/python3.9/site-packages/airflow/example_dags/tutorial_dag.py
[2024-02-24T21:39:57.467-0600] {processor.py:840} INFO - DAG(s) 'tutorial_dag' retrieved from /Users/vamseekrishna/Desktop/F1_Data_Warehouse/f1datawarehouse/lib/python3.9/site-packages/airflow/example_dags/tutorial_dag.py
[2024-02-24T21:39:57.540-0600] {logging_mixin.py:188} INFO - [2024-02-24T21:39:57.539-0600] {dag.py:3036} INFO - Sync 1 DAGs
[2024-02-24T21:39:57.544-0600] {logging_mixin.py:188} INFO - [2024-02-24T21:39:57.544-0600] {dag.py:3823} INFO - Setting next_dagrun for tutorial_dag to None, run_after=None
[2024-02-24T21:39:57.552-0600] {processor.py:183} INFO - Processing /Users/vamseekrishna/Desktop/F1_Data_Warehouse/f1datawarehouse/lib/python3.9/site-packages/airflow/example_dags/tutorial_dag.py took 0.102 seconds
[2024-02-24T21:40:58.695-0600] {processor.py:161} INFO - Started process (PID=8646) to work on /Users/vamseekrishna/Desktop/F1_Data_Warehouse/f1datawarehouse/lib/python3.9/site-packages/airflow/example_dags/tutorial_dag.py
[2024-02-24T21:40:58.697-0600] {processor.py:830} INFO - Processing file /Users/vamseekrishna/Desktop/F1_Data_Warehouse/f1datawarehouse/lib/python3.9/site-packages/airflow/example_dags/tutorial_dag.py for tasks to queue
[2024-02-24T21:40:58.697-0600] {logging_mixin.py:188} INFO - [2024-02-24T21:40:58.697-0600] {dagbag.py:538} INFO - Filling up the DagBag from /Users/vamseekrishna/Desktop/F1_Data_Warehouse/f1datawarehouse/lib/python3.9/site-packages/airflow/example_dags/tutorial_dag.py
[2024-02-24T21:40:58.709-0600] {processor.py:840} INFO - DAG(s) 'tutorial_dag' retrieved from /Users/vamseekrishna/Desktop/F1_Data_Warehouse/f1datawarehouse/lib/python3.9/site-packages/airflow/example_dags/tutorial_dag.py
[2024-02-24T21:40:58.756-0600] {logging_mixin.py:188} INFO - [2024-02-24T21:40:58.755-0600] {dag.py:3036} INFO - Sync 1 DAGs
[2024-02-24T21:40:58.759-0600] {logging_mixin.py:188} INFO - [2024-02-24T21:40:58.759-0600] {dag.py:3823} INFO - Setting next_dagrun for tutorial_dag to None, run_after=None
[2024-02-24T21:40:58.767-0600] {processor.py:183} INFO - Processing /Users/vamseekrishna/Desktop/F1_Data_Warehouse/f1datawarehouse/lib/python3.9/site-packages/airflow/example_dags/tutorial_dag.py took 0.073 seconds
[2024-02-24T21:42:03.187-0600] {processor.py:161} INFO - Started process (PID=8740) to work on /Users/vamseekrishna/Desktop/F1_Data_Warehouse/f1datawarehouse/lib/python3.9/site-packages/airflow/example_dags/tutorial_dag.py
[2024-02-24T21:42:03.189-0600] {processor.py:830} INFO - Processing file /Users/vamseekrishna/Desktop/F1_Data_Warehouse/f1datawarehouse/lib/python3.9/site-packages/airflow/example_dags/tutorial_dag.py for tasks to queue
[2024-02-24T21:42:03.189-0600] {logging_mixin.py:188} INFO - [2024-02-24T21:42:03.189-0600] {dagbag.py:538} INFO - Filling up the DagBag from /Users/vamseekrishna/Desktop/F1_Data_Warehouse/f1datawarehouse/lib/python3.9/site-packages/airflow/example_dags/tutorial_dag.py
[2024-02-24T21:42:03.202-0600] {processor.py:840} INFO - DAG(s) 'tutorial_dag' retrieved from /Users/vamseekrishna/Desktop/F1_Data_Warehouse/f1datawarehouse/lib/python3.9/site-packages/airflow/example_dags/tutorial_dag.py
[2024-02-24T21:42:03.261-0600] {logging_mixin.py:188} INFO - [2024-02-24T21:42:03.261-0600] {dag.py:3036} INFO - Sync 1 DAGs
[2024-02-24T21:42:03.265-0600] {logging_mixin.py:188} INFO - [2024-02-24T21:42:03.265-0600] {dag.py:3823} INFO - Setting next_dagrun for tutorial_dag to None, run_after=None
[2024-02-24T21:42:03.273-0600] {processor.py:183} INFO - Processing /Users/vamseekrishna/Desktop/F1_Data_Warehouse/f1datawarehouse/lib/python3.9/site-packages/airflow/example_dags/tutorial_dag.py took 0.086 seconds
[2024-02-24T21:49:27.085-0600] {processor.py:161} INFO - Started process (PID=9035) to work on /Users/vamseekrishna/Desktop/F1_Data_Warehouse/f1datawarehouse/lib/python3.9/site-packages/airflow/example_dags/tutorial_dag.py
[2024-02-24T21:49:27.087-0600] {processor.py:830} INFO - Processing file /Users/vamseekrishna/Desktop/F1_Data_Warehouse/f1datawarehouse/lib/python3.9/site-packages/airflow/example_dags/tutorial_dag.py for tasks to queue
[2024-02-24T21:49:27.087-0600] {logging_mixin.py:188} INFO - [2024-02-24T21:49:27.087-0600] {dagbag.py:538} INFO - Filling up the DagBag from /Users/vamseekrishna/Desktop/F1_Data_Warehouse/f1datawarehouse/lib/python3.9/site-packages/airflow/example_dags/tutorial_dag.py
[2024-02-24T21:49:27.101-0600] {processor.py:840} INFO - DAG(s) 'tutorial_dag' retrieved from /Users/vamseekrishna/Desktop/F1_Data_Warehouse/f1datawarehouse/lib/python3.9/site-packages/airflow/example_dags/tutorial_dag.py
[2024-02-24T21:49:27.156-0600] {logging_mixin.py:188} INFO - [2024-02-24T21:49:27.156-0600] {dag.py:3036} INFO - Sync 1 DAGs
[2024-02-24T21:49:27.160-0600] {logging_mixin.py:188} INFO - [2024-02-24T21:49:27.160-0600] {dag.py:3823} INFO - Setting next_dagrun for tutorial_dag to None, run_after=None
[2024-02-24T21:49:27.170-0600] {processor.py:183} INFO - Processing /Users/vamseekrishna/Desktop/F1_Data_Warehouse/f1datawarehouse/lib/python3.9/site-packages/airflow/example_dags/tutorial_dag.py took 0.086 seconds
[2024-02-24T21:51:01.401-0600] {processor.py:161} INFO - Started process (PID=9139) to work on /Users/vamseekrishna/Desktop/F1_Data_Warehouse/f1datawarehouse/lib/python3.9/site-packages/airflow/example_dags/tutorial_dag.py
[2024-02-24T21:51:01.404-0600] {processor.py:830} INFO - Processing file /Users/vamseekrishna/Desktop/F1_Data_Warehouse/f1datawarehouse/lib/python3.9/site-packages/airflow/example_dags/tutorial_dag.py for tasks to queue
[2024-02-24T21:51:01.404-0600] {logging_mixin.py:188} INFO - [2024-02-24T21:51:01.404-0600] {dagbag.py:538} INFO - Filling up the DagBag from /Users/vamseekrishna/Desktop/F1_Data_Warehouse/f1datawarehouse/lib/python3.9/site-packages/airflow/example_dags/tutorial_dag.py
[2024-02-24T21:51:01.416-0600] {processor.py:840} INFO - DAG(s) 'tutorial_dag' retrieved from /Users/vamseekrishna/Desktop/F1_Data_Warehouse/f1datawarehouse/lib/python3.9/site-packages/airflow/example_dags/tutorial_dag.py
[2024-02-24T21:51:01.466-0600] {logging_mixin.py:188} INFO - [2024-02-24T21:51:01.466-0600] {dag.py:3036} INFO - Sync 1 DAGs
[2024-02-24T21:51:01.470-0600] {logging_mixin.py:188} INFO - [2024-02-24T21:51:01.470-0600] {dag.py:3823} INFO - Setting next_dagrun for tutorial_dag to None, run_after=None
[2024-02-24T21:51:01.478-0600] {processor.py:183} INFO - Processing /Users/vamseekrishna/Desktop/F1_Data_Warehouse/f1datawarehouse/lib/python3.9/site-packages/airflow/example_dags/tutorial_dag.py took 0.077 seconds
[2024-02-24T21:52:00.976-0600] {processor.py:161} INFO - Started process (PID=9198) to work on /Users/vamseekrishna/Desktop/F1_Data_Warehouse/f1datawarehouse/lib/python3.9/site-packages/airflow/example_dags/tutorial_dag.py
[2024-02-24T21:52:00.979-0600] {processor.py:830} INFO - Processing file /Users/vamseekrishna/Desktop/F1_Data_Warehouse/f1datawarehouse/lib/python3.9/site-packages/airflow/example_dags/tutorial_dag.py for tasks to queue
[2024-02-24T21:52:00.979-0600] {logging_mixin.py:188} INFO - [2024-02-24T21:52:00.979-0600] {dagbag.py:538} INFO - Filling up the DagBag from /Users/vamseekrishna/Desktop/F1_Data_Warehouse/f1datawarehouse/lib/python3.9/site-packages/airflow/example_dags/tutorial_dag.py
[2024-02-24T21:52:00.990-0600] {processor.py:840} INFO - DAG(s) 'tutorial_dag' retrieved from /Users/vamseekrishna/Desktop/F1_Data_Warehouse/f1datawarehouse/lib/python3.9/site-packages/airflow/example_dags/tutorial_dag.py
[2024-02-24T21:52:01.037-0600] {logging_mixin.py:188} INFO - [2024-02-24T21:52:01.037-0600] {dag.py:3036} INFO - Sync 1 DAGs
[2024-02-24T21:52:01.041-0600] {logging_mixin.py:188} INFO - [2024-02-24T21:52:01.041-0600] {dag.py:3823} INFO - Setting next_dagrun for tutorial_dag to None, run_after=None
[2024-02-24T21:52:01.048-0600] {processor.py:183} INFO - Processing /Users/vamseekrishna/Desktop/F1_Data_Warehouse/f1datawarehouse/lib/python3.9/site-packages/airflow/example_dags/tutorial_dag.py took 0.072 seconds
[2024-02-24T21:53:05.353-0600] {processor.py:161} INFO - Started process (PID=9283) to work on /Users/vamseekrishna/Desktop/F1_Data_Warehouse/f1datawarehouse/lib/python3.9/site-packages/airflow/example_dags/tutorial_dag.py
[2024-02-24T21:53:05.356-0600] {processor.py:830} INFO - Processing file /Users/vamseekrishna/Desktop/F1_Data_Warehouse/f1datawarehouse/lib/python3.9/site-packages/airflow/example_dags/tutorial_dag.py for tasks to queue
[2024-02-24T21:53:05.356-0600] {logging_mixin.py:188} INFO - [2024-02-24T21:53:05.356-0600] {dagbag.py:538} INFO - Filling up the DagBag from /Users/vamseekrishna/Desktop/F1_Data_Warehouse/f1datawarehouse/lib/python3.9/site-packages/airflow/example_dags/tutorial_dag.py
[2024-02-24T21:53:05.370-0600] {processor.py:840} INFO - DAG(s) 'tutorial_dag' retrieved from /Users/vamseekrishna/Desktop/F1_Data_Warehouse/f1datawarehouse/lib/python3.9/site-packages/airflow/example_dags/tutorial_dag.py
[2024-02-24T21:53:05.425-0600] {logging_mixin.py:188} INFO - [2024-02-24T21:53:05.425-0600] {dag.py:3036} INFO - Sync 1 DAGs
[2024-02-24T21:53:05.429-0600] {logging_mixin.py:188} INFO - [2024-02-24T21:53:05.429-0600] {dag.py:3823} INFO - Setting next_dagrun for tutorial_dag to None, run_after=None
[2024-02-24T21:53:05.439-0600] {processor.py:183} INFO - Processing /Users/vamseekrishna/Desktop/F1_Data_Warehouse/f1datawarehouse/lib/python3.9/site-packages/airflow/example_dags/tutorial_dag.py took 0.086 seconds
[2024-02-24T21:54:10.743-0600] {processor.py:161} INFO - Started process (PID=9340) to work on /Users/vamseekrishna/Desktop/F1_Data_Warehouse/f1datawarehouse/lib/python3.9/site-packages/airflow/example_dags/tutorial_dag.py
[2024-02-24T21:54:10.745-0600] {processor.py:830} INFO - Processing file /Users/vamseekrishna/Desktop/F1_Data_Warehouse/f1datawarehouse/lib/python3.9/site-packages/airflow/example_dags/tutorial_dag.py for tasks to queue
[2024-02-24T21:54:10.745-0600] {logging_mixin.py:188} INFO - [2024-02-24T21:54:10.745-0600] {dagbag.py:538} INFO - Filling up the DagBag from /Users/vamseekrishna/Desktop/F1_Data_Warehouse/f1datawarehouse/lib/python3.9/site-packages/airflow/example_dags/tutorial_dag.py
[2024-02-24T21:54:10.756-0600] {processor.py:840} INFO - DAG(s) 'tutorial_dag' retrieved from /Users/vamseekrishna/Desktop/F1_Data_Warehouse/f1datawarehouse/lib/python3.9/site-packages/airflow/example_dags/tutorial_dag.py
[2024-02-24T21:54:10.805-0600] {logging_mixin.py:188} INFO - [2024-02-24T21:54:10.805-0600] {dag.py:3036} INFO - Sync 1 DAGs
[2024-02-24T21:54:10.809-0600] {logging_mixin.py:188} INFO - [2024-02-24T21:54:10.809-0600] {dag.py:3823} INFO - Setting next_dagrun for tutorial_dag to None, run_after=None
[2024-02-24T21:54:10.816-0600] {processor.py:183} INFO - Processing /Users/vamseekrishna/Desktop/F1_Data_Warehouse/f1datawarehouse/lib/python3.9/site-packages/airflow/example_dags/tutorial_dag.py took 0.074 seconds
[2024-02-24T21:55:15.084-0600] {processor.py:161} INFO - Started process (PID=9408) to work on /Users/vamseekrishna/Desktop/F1_Data_Warehouse/f1datawarehouse/lib/python3.9/site-packages/airflow/example_dags/tutorial_dag.py
[2024-02-24T21:55:15.086-0600] {processor.py:830} INFO - Processing file /Users/vamseekrishna/Desktop/F1_Data_Warehouse/f1datawarehouse/lib/python3.9/site-packages/airflow/example_dags/tutorial_dag.py for tasks to queue
[2024-02-24T21:55:15.087-0600] {logging_mixin.py:188} INFO - [2024-02-24T21:55:15.087-0600] {dagbag.py:538} INFO - Filling up the DagBag from /Users/vamseekrishna/Desktop/F1_Data_Warehouse/f1datawarehouse/lib/python3.9/site-packages/airflow/example_dags/tutorial_dag.py
[2024-02-24T21:55:15.100-0600] {processor.py:840} INFO - DAG(s) 'tutorial_dag' retrieved from /Users/vamseekrishna/Desktop/F1_Data_Warehouse/f1datawarehouse/lib/python3.9/site-packages/airflow/example_dags/tutorial_dag.py
[2024-02-24T21:55:15.155-0600] {logging_mixin.py:188} INFO - [2024-02-24T21:55:15.155-0600] {dag.py:3036} INFO - Sync 1 DAGs
[2024-02-24T21:55:15.160-0600] {logging_mixin.py:188} INFO - [2024-02-24T21:55:15.160-0600] {dag.py:3823} INFO - Setting next_dagrun for tutorial_dag to None, run_after=None
[2024-02-24T21:55:15.170-0600] {processor.py:183} INFO - Processing /Users/vamseekrishna/Desktop/F1_Data_Warehouse/f1datawarehouse/lib/python3.9/site-packages/airflow/example_dags/tutorial_dag.py took 0.087 seconds
[2024-02-24T21:56:23.357-0600] {processor.py:161} INFO - Started process (PID=9458) to work on /Users/vamseekrishna/Desktop/F1_Data_Warehouse/f1datawarehouse/lib/python3.9/site-packages/airflow/example_dags/tutorial_dag.py
[2024-02-24T21:56:23.361-0600] {processor.py:830} INFO - Processing file /Users/vamseekrishna/Desktop/F1_Data_Warehouse/f1datawarehouse/lib/python3.9/site-packages/airflow/example_dags/tutorial_dag.py for tasks to queue
[2024-02-24T21:56:23.361-0600] {logging_mixin.py:188} INFO - [2024-02-24T21:56:23.361-0600] {dagbag.py:538} INFO - Filling up the DagBag from /Users/vamseekrishna/Desktop/F1_Data_Warehouse/f1datawarehouse/lib/python3.9/site-packages/airflow/example_dags/tutorial_dag.py
[2024-02-24T21:56:23.373-0600] {processor.py:840} INFO - DAG(s) 'tutorial_dag' retrieved from /Users/vamseekrishna/Desktop/F1_Data_Warehouse/f1datawarehouse/lib/python3.9/site-packages/airflow/example_dags/tutorial_dag.py
[2024-02-24T21:56:23.422-0600] {logging_mixin.py:188} INFO - [2024-02-24T21:56:23.422-0600] {dag.py:3036} INFO - Sync 1 DAGs
[2024-02-24T21:56:23.426-0600] {logging_mixin.py:188} INFO - [2024-02-24T21:56:23.426-0600] {dag.py:3823} INFO - Setting next_dagrun for tutorial_dag to None, run_after=None
[2024-02-24T21:56:23.434-0600] {processor.py:183} INFO - Processing /Users/vamseekrishna/Desktop/F1_Data_Warehouse/f1datawarehouse/lib/python3.9/site-packages/airflow/example_dags/tutorial_dag.py took 0.077 seconds
[2024-02-24T21:57:26.910-0600] {processor.py:161} INFO - Started process (PID=9529) to work on /Users/vamseekrishna/Desktop/F1_Data_Warehouse/f1datawarehouse/lib/python3.9/site-packages/airflow/example_dags/tutorial_dag.py
[2024-02-24T21:57:26.912-0600] {processor.py:830} INFO - Processing file /Users/vamseekrishna/Desktop/F1_Data_Warehouse/f1datawarehouse/lib/python3.9/site-packages/airflow/example_dags/tutorial_dag.py for tasks to queue
[2024-02-24T21:57:26.912-0600] {logging_mixin.py:188} INFO - [2024-02-24T21:57:26.912-0600] {dagbag.py:538} INFO - Filling up the DagBag from /Users/vamseekrishna/Desktop/F1_Data_Warehouse/f1datawarehouse/lib/python3.9/site-packages/airflow/example_dags/tutorial_dag.py
[2024-02-24T21:57:26.923-0600] {processor.py:840} INFO - DAG(s) 'tutorial_dag' retrieved from /Users/vamseekrishna/Desktop/F1_Data_Warehouse/f1datawarehouse/lib/python3.9/site-packages/airflow/example_dags/tutorial_dag.py
[2024-02-24T21:57:26.970-0600] {logging_mixin.py:188} INFO - [2024-02-24T21:57:26.969-0600] {dag.py:3036} INFO - Sync 1 DAGs
[2024-02-24T21:57:26.973-0600] {logging_mixin.py:188} INFO - [2024-02-24T21:57:26.973-0600] {dag.py:3823} INFO - Setting next_dagrun for tutorial_dag to None, run_after=None
[2024-02-24T21:57:26.981-0600] {processor.py:183} INFO - Processing /Users/vamseekrishna/Desktop/F1_Data_Warehouse/f1datawarehouse/lib/python3.9/site-packages/airflow/example_dags/tutorial_dag.py took 0.071 seconds
[2024-02-24T21:58:28.754-0600] {processor.py:161} INFO - Started process (PID=9578) to work on /Users/vamseekrishna/Desktop/F1_Data_Warehouse/f1datawarehouse/lib/python3.9/site-packages/airflow/example_dags/tutorial_dag.py
[2024-02-24T21:58:28.756-0600] {processor.py:830} INFO - Processing file /Users/vamseekrishna/Desktop/F1_Data_Warehouse/f1datawarehouse/lib/python3.9/site-packages/airflow/example_dags/tutorial_dag.py for tasks to queue
[2024-02-24T21:58:28.757-0600] {logging_mixin.py:188} INFO - [2024-02-24T21:58:28.756-0600] {dagbag.py:538} INFO - Filling up the DagBag from /Users/vamseekrishna/Desktop/F1_Data_Warehouse/f1datawarehouse/lib/python3.9/site-packages/airflow/example_dags/tutorial_dag.py
[2024-02-24T21:58:28.768-0600] {processor.py:840} INFO - DAG(s) 'tutorial_dag' retrieved from /Users/vamseekrishna/Desktop/F1_Data_Warehouse/f1datawarehouse/lib/python3.9/site-packages/airflow/example_dags/tutorial_dag.py
[2024-02-24T21:58:28.814-0600] {logging_mixin.py:188} INFO - [2024-02-24T21:58:28.813-0600] {dag.py:3036} INFO - Sync 1 DAGs
[2024-02-24T21:58:28.817-0600] {logging_mixin.py:188} INFO - [2024-02-24T21:58:28.817-0600] {dag.py:3823} INFO - Setting next_dagrun for tutorial_dag to None, run_after=None
[2024-02-24T21:58:28.825-0600] {processor.py:183} INFO - Processing /Users/vamseekrishna/Desktop/F1_Data_Warehouse/f1datawarehouse/lib/python3.9/site-packages/airflow/example_dags/tutorial_dag.py took 0.072 seconds
[2024-02-24T21:59:30.454-0600] {processor.py:161} INFO - Started process (PID=9651) to work on /Users/vamseekrishna/Desktop/F1_Data_Warehouse/f1datawarehouse/lib/python3.9/site-packages/airflow/example_dags/tutorial_dag.py
[2024-02-24T21:59:30.455-0600] {processor.py:830} INFO - Processing file /Users/vamseekrishna/Desktop/F1_Data_Warehouse/f1datawarehouse/lib/python3.9/site-packages/airflow/example_dags/tutorial_dag.py for tasks to queue
[2024-02-24T21:59:30.456-0600] {logging_mixin.py:188} INFO - [2024-02-24T21:59:30.456-0600] {dagbag.py:538} INFO - Filling up the DagBag from /Users/vamseekrishna/Desktop/F1_Data_Warehouse/f1datawarehouse/lib/python3.9/site-packages/airflow/example_dags/tutorial_dag.py
[2024-02-24T21:59:30.469-0600] {processor.py:840} INFO - DAG(s) 'tutorial_dag' retrieved from /Users/vamseekrishna/Desktop/F1_Data_Warehouse/f1datawarehouse/lib/python3.9/site-packages/airflow/example_dags/tutorial_dag.py
[2024-02-24T21:59:30.515-0600] {logging_mixin.py:188} INFO - [2024-02-24T21:59:30.515-0600] {dag.py:3036} INFO - Sync 1 DAGs
[2024-02-24T21:59:30.519-0600] {logging_mixin.py:188} INFO - [2024-02-24T21:59:30.519-0600] {dag.py:3823} INFO - Setting next_dagrun for tutorial_dag to None, run_after=None
[2024-02-24T21:59:30.526-0600] {processor.py:183} INFO - Processing /Users/vamseekrishna/Desktop/F1_Data_Warehouse/f1datawarehouse/lib/python3.9/site-packages/airflow/example_dags/tutorial_dag.py took 0.073 seconds
