[2024-02-24T21:36:21.776-0600] {processor.py:161} INFO - Started process (PID=8184) to work on /Users/vamseekrishna/Desktop/F1_Data_Warehouse/f1datawarehouse/lib/python3.9/site-packages/airflow/example_dags/tutorial_objectstorage.py
[2024-02-24T21:36:21.777-0600] {processor.py:830} INFO - Processing file /Users/vamseekrishna/Desktop/F1_Data_Warehouse/f1datawarehouse/lib/python3.9/site-packages/airflow/example_dags/tutorial_objectstorage.py for tasks to queue
[2024-02-24T21:36:21.777-0600] {logging_mixin.py:188} INFO - [2024-02-24T21:36:21.777-0600] {dagbag.py:538} INFO - Filling up the DagBag from /Users/vamseekrishna/Desktop/F1_Data_Warehouse/f1datawarehouse/lib/python3.9/site-packages/airflow/example_dags/tutorial_objectstorage.py
[2024-02-24T21:36:21.817-0600] {processor.py:840} INFO - DAG(s) 'tutorial_objectstorage' retrieved from /Users/vamseekrishna/Desktop/F1_Data_Warehouse/f1datawarehouse/lib/python3.9/site-packages/airflow/example_dags/tutorial_objectstorage.py
[2024-02-24T21:36:21.829-0600] {logging_mixin.py:188} INFO - [2024-02-24T21:36:21.829-0600] {dag.py:3036} INFO - Sync 1 DAGs
[2024-02-24T21:36:21.866-0600] {logging_mixin.py:188} INFO - [2024-02-24T21:36:21.866-0600] {dag.py:3823} INFO - Setting next_dagrun for tutorial_objectstorage to None, run_after=None
[2024-02-24T21:36:21.874-0600] {processor.py:183} INFO - Processing /Users/vamseekrishna/Desktop/F1_Data_Warehouse/f1datawarehouse/lib/python3.9/site-packages/airflow/example_dags/tutorial_objectstorage.py took 0.099 seconds
[2024-02-24T21:37:56.721-0600] {processor.py:161} INFO - Started process (PID=8337) to work on /Users/vamseekrishna/Desktop/F1_Data_Warehouse/f1datawarehouse/lib/python3.9/site-packages/airflow/example_dags/tutorial_objectstorage.py
[2024-02-24T21:37:56.723-0600] {processor.py:830} INFO - Processing file /Users/vamseekrishna/Desktop/F1_Data_Warehouse/f1datawarehouse/lib/python3.9/site-packages/airflow/example_dags/tutorial_objectstorage.py for tasks to queue
[2024-02-24T21:37:56.724-0600] {logging_mixin.py:188} INFO - [2024-02-24T21:37:56.724-0600] {dagbag.py:538} INFO - Filling up the DagBag from /Users/vamseekrishna/Desktop/F1_Data_Warehouse/f1datawarehouse/lib/python3.9/site-packages/airflow/example_dags/tutorial_objectstorage.py
[2024-02-24T21:37:56.757-0600] {processor.py:840} INFO - DAG(s) 'tutorial_objectstorage' retrieved from /Users/vamseekrishna/Desktop/F1_Data_Warehouse/f1datawarehouse/lib/python3.9/site-packages/airflow/example_dags/tutorial_objectstorage.py
[2024-02-24T21:37:56.851-0600] {logging_mixin.py:188} INFO - [2024-02-24T21:37:56.850-0600] {dag.py:3036} INFO - Sync 1 DAGs
[2024-02-24T21:37:56.854-0600] {logging_mixin.py:188} INFO - [2024-02-24T21:37:56.854-0600] {dag.py:3823} INFO - Setting next_dagrun for tutorial_objectstorage to None, run_after=None
[2024-02-24T21:37:56.863-0600] {processor.py:183} INFO - Processing /Users/vamseekrishna/Desktop/F1_Data_Warehouse/f1datawarehouse/lib/python3.9/site-packages/airflow/example_dags/tutorial_objectstorage.py took 0.143 seconds
[2024-02-24T21:38:56.314-0600] {processor.py:161} INFO - Started process (PID=8447) to work on /Users/vamseekrishna/Desktop/F1_Data_Warehouse/f1datawarehouse/lib/python3.9/site-packages/airflow/example_dags/tutorial_objectstorage.py
[2024-02-24T21:38:56.316-0600] {processor.py:830} INFO - Processing file /Users/vamseekrishna/Desktop/F1_Data_Warehouse/f1datawarehouse/lib/python3.9/site-packages/airflow/example_dags/tutorial_objectstorage.py for tasks to queue
[2024-02-24T21:38:56.317-0600] {logging_mixin.py:188} INFO - [2024-02-24T21:38:56.317-0600] {dagbag.py:538} INFO - Filling up the DagBag from /Users/vamseekrishna/Desktop/F1_Data_Warehouse/f1datawarehouse/lib/python3.9/site-packages/airflow/example_dags/tutorial_objectstorage.py
[2024-02-24T21:38:56.350-0600] {processor.py:840} INFO - DAG(s) 'tutorial_objectstorage' retrieved from /Users/vamseekrishna/Desktop/F1_Data_Warehouse/f1datawarehouse/lib/python3.9/site-packages/airflow/example_dags/tutorial_objectstorage.py
[2024-02-24T21:38:56.398-0600] {logging_mixin.py:188} INFO - [2024-02-24T21:38:56.398-0600] {dag.py:3036} INFO - Sync 1 DAGs
[2024-02-24T21:38:56.402-0600] {logging_mixin.py:188} INFO - [2024-02-24T21:38:56.402-0600] {dag.py:3823} INFO - Setting next_dagrun for tutorial_objectstorage to None, run_after=None
[2024-02-24T21:38:56.411-0600] {processor.py:183} INFO - Processing /Users/vamseekrishna/Desktop/F1_Data_Warehouse/f1datawarehouse/lib/python3.9/site-packages/airflow/example_dags/tutorial_objectstorage.py took 0.097 seconds
[2024-02-24T21:39:55.444-0600] {processor.py:161} INFO - Started process (PID=8538) to work on /Users/vamseekrishna/Desktop/F1_Data_Warehouse/f1datawarehouse/lib/python3.9/site-packages/airflow/example_dags/tutorial_objectstorage.py
[2024-02-24T21:39:55.448-0600] {processor.py:830} INFO - Processing file /Users/vamseekrishna/Desktop/F1_Data_Warehouse/f1datawarehouse/lib/python3.9/site-packages/airflow/example_dags/tutorial_objectstorage.py for tasks to queue
[2024-02-24T21:39:55.448-0600] {logging_mixin.py:188} INFO - [2024-02-24T21:39:55.448-0600] {dagbag.py:538} INFO - Filling up the DagBag from /Users/vamseekrishna/Desktop/F1_Data_Warehouse/f1datawarehouse/lib/python3.9/site-packages/airflow/example_dags/tutorial_objectstorage.py
[2024-02-24T21:39:55.485-0600] {processor.py:840} INFO - DAG(s) 'tutorial_objectstorage' retrieved from /Users/vamseekrishna/Desktop/F1_Data_Warehouse/f1datawarehouse/lib/python3.9/site-packages/airflow/example_dags/tutorial_objectstorage.py
[2024-02-24T21:39:55.532-0600] {logging_mixin.py:188} INFO - [2024-02-24T21:39:55.531-0600] {dag.py:3036} INFO - Sync 1 DAGs
[2024-02-24T21:39:55.536-0600] {logging_mixin.py:188} INFO - [2024-02-24T21:39:55.536-0600] {dag.py:3823} INFO - Setting next_dagrun for tutorial_objectstorage to None, run_after=None
[2024-02-24T21:39:55.543-0600] {processor.py:183} INFO - Processing /Users/vamseekrishna/Desktop/F1_Data_Warehouse/f1datawarehouse/lib/python3.9/site-packages/airflow/example_dags/tutorial_objectstorage.py took 0.100 seconds
[2024-02-24T21:40:56.735-0600] {processor.py:161} INFO - Started process (PID=8641) to work on /Users/vamseekrishna/Desktop/F1_Data_Warehouse/f1datawarehouse/lib/python3.9/site-packages/airflow/example_dags/tutorial_objectstorage.py
[2024-02-24T21:40:56.736-0600] {processor.py:830} INFO - Processing file /Users/vamseekrishna/Desktop/F1_Data_Warehouse/f1datawarehouse/lib/python3.9/site-packages/airflow/example_dags/tutorial_objectstorage.py for tasks to queue
[2024-02-24T21:40:56.736-0600] {logging_mixin.py:188} INFO - [2024-02-24T21:40:56.736-0600] {dagbag.py:538} INFO - Filling up the DagBag from /Users/vamseekrishna/Desktop/F1_Data_Warehouse/f1datawarehouse/lib/python3.9/site-packages/airflow/example_dags/tutorial_objectstorage.py
[2024-02-24T21:40:56.768-0600] {processor.py:840} INFO - DAG(s) 'tutorial_objectstorage' retrieved from /Users/vamseekrishna/Desktop/F1_Data_Warehouse/f1datawarehouse/lib/python3.9/site-packages/airflow/example_dags/tutorial_objectstorage.py
[2024-02-24T21:40:56.814-0600] {logging_mixin.py:188} INFO - [2024-02-24T21:40:56.814-0600] {dag.py:3036} INFO - Sync 1 DAGs
[2024-02-24T21:40:56.818-0600] {logging_mixin.py:188} INFO - [2024-02-24T21:40:56.818-0600] {dag.py:3823} INFO - Setting next_dagrun for tutorial_objectstorage to None, run_after=None
[2024-02-24T21:40:56.826-0600] {processor.py:183} INFO - Processing /Users/vamseekrishna/Desktop/F1_Data_Warehouse/f1datawarehouse/lib/python3.9/site-packages/airflow/example_dags/tutorial_objectstorage.py took 0.092 seconds
[2024-02-24T21:42:01.178-0600] {processor.py:161} INFO - Started process (PID=8739) to work on /Users/vamseekrishna/Desktop/F1_Data_Warehouse/f1datawarehouse/lib/python3.9/site-packages/airflow/example_dags/tutorial_objectstorage.py
[2024-02-24T21:42:01.179-0600] {processor.py:830} INFO - Processing file /Users/vamseekrishna/Desktop/F1_Data_Warehouse/f1datawarehouse/lib/python3.9/site-packages/airflow/example_dags/tutorial_objectstorage.py for tasks to queue
[2024-02-24T21:42:01.179-0600] {logging_mixin.py:188} INFO - [2024-02-24T21:42:01.179-0600] {dagbag.py:538} INFO - Filling up the DagBag from /Users/vamseekrishna/Desktop/F1_Data_Warehouse/f1datawarehouse/lib/python3.9/site-packages/airflow/example_dags/tutorial_objectstorage.py
[2024-02-24T21:42:01.211-0600] {processor.py:840} INFO - DAG(s) 'tutorial_objectstorage' retrieved from /Users/vamseekrishna/Desktop/F1_Data_Warehouse/f1datawarehouse/lib/python3.9/site-packages/airflow/example_dags/tutorial_objectstorage.py
[2024-02-24T21:42:01.262-0600] {logging_mixin.py:188} INFO - [2024-02-24T21:42:01.261-0600] {dag.py:3036} INFO - Sync 1 DAGs
[2024-02-24T21:42:01.266-0600] {logging_mixin.py:188} INFO - [2024-02-24T21:42:01.266-0600] {dag.py:3823} INFO - Setting next_dagrun for tutorial_objectstorage to None, run_after=None
[2024-02-24T21:42:01.274-0600] {processor.py:183} INFO - Processing /Users/vamseekrishna/Desktop/F1_Data_Warehouse/f1datawarehouse/lib/python3.9/site-packages/airflow/example_dags/tutorial_objectstorage.py took 0.097 seconds
[2024-02-24T21:49:25.272-0600] {processor.py:161} INFO - Started process (PID=9034) to work on /Users/vamseekrishna/Desktop/F1_Data_Warehouse/f1datawarehouse/lib/python3.9/site-packages/airflow/example_dags/tutorial_objectstorage.py
[2024-02-24T21:49:25.276-0600] {processor.py:830} INFO - Processing file /Users/vamseekrishna/Desktop/F1_Data_Warehouse/f1datawarehouse/lib/python3.9/site-packages/airflow/example_dags/tutorial_objectstorage.py for tasks to queue
[2024-02-24T21:49:25.277-0600] {logging_mixin.py:188} INFO - [2024-02-24T21:49:25.277-0600] {dagbag.py:538} INFO - Filling up the DagBag from /Users/vamseekrishna/Desktop/F1_Data_Warehouse/f1datawarehouse/lib/python3.9/site-packages/airflow/example_dags/tutorial_objectstorage.py
[2024-02-24T21:49:25.313-0600] {processor.py:840} INFO - DAG(s) 'tutorial_objectstorage' retrieved from /Users/vamseekrishna/Desktop/F1_Data_Warehouse/f1datawarehouse/lib/python3.9/site-packages/airflow/example_dags/tutorial_objectstorage.py
[2024-02-24T21:49:25.363-0600] {logging_mixin.py:188} INFO - [2024-02-24T21:49:25.363-0600] {dag.py:3036} INFO - Sync 1 DAGs
[2024-02-24T21:49:25.370-0600] {logging_mixin.py:188} INFO - [2024-02-24T21:49:25.370-0600] {dag.py:3823} INFO - Setting next_dagrun for tutorial_objectstorage to None, run_after=None
[2024-02-24T21:49:25.377-0600] {processor.py:183} INFO - Processing /Users/vamseekrishna/Desktop/F1_Data_Warehouse/f1datawarehouse/lib/python3.9/site-packages/airflow/example_dags/tutorial_objectstorage.py took 0.106 seconds
[2024-02-24T21:50:59.421-0600] {processor.py:161} INFO - Started process (PID=9137) to work on /Users/vamseekrishna/Desktop/F1_Data_Warehouse/f1datawarehouse/lib/python3.9/site-packages/airflow/example_dags/tutorial_objectstorage.py
[2024-02-24T21:50:59.423-0600] {processor.py:830} INFO - Processing file /Users/vamseekrishna/Desktop/F1_Data_Warehouse/f1datawarehouse/lib/python3.9/site-packages/airflow/example_dags/tutorial_objectstorage.py for tasks to queue
[2024-02-24T21:50:59.423-0600] {logging_mixin.py:188} INFO - [2024-02-24T21:50:59.423-0600] {dagbag.py:538} INFO - Filling up the DagBag from /Users/vamseekrishna/Desktop/F1_Data_Warehouse/f1datawarehouse/lib/python3.9/site-packages/airflow/example_dags/tutorial_objectstorage.py
[2024-02-24T21:50:59.454-0600] {processor.py:840} INFO - DAG(s) 'tutorial_objectstorage' retrieved from /Users/vamseekrishna/Desktop/F1_Data_Warehouse/f1datawarehouse/lib/python3.9/site-packages/airflow/example_dags/tutorial_objectstorage.py
[2024-02-24T21:50:59.500-0600] {logging_mixin.py:188} INFO - [2024-02-24T21:50:59.500-0600] {dag.py:3036} INFO - Sync 1 DAGs
[2024-02-24T21:50:59.504-0600] {logging_mixin.py:188} INFO - [2024-02-24T21:50:59.504-0600] {dag.py:3823} INFO - Setting next_dagrun for tutorial_objectstorage to None, run_after=None
[2024-02-24T21:50:59.512-0600] {processor.py:183} INFO - Processing /Users/vamseekrishna/Desktop/F1_Data_Warehouse/f1datawarehouse/lib/python3.9/site-packages/airflow/example_dags/tutorial_objectstorage.py took 0.091 seconds
[2024-02-24T21:51:59.022-0600] {processor.py:161} INFO - Started process (PID=9196) to work on /Users/vamseekrishna/Desktop/F1_Data_Warehouse/f1datawarehouse/lib/python3.9/site-packages/airflow/example_dags/tutorial_objectstorage.py
[2024-02-24T21:51:59.024-0600] {processor.py:830} INFO - Processing file /Users/vamseekrishna/Desktop/F1_Data_Warehouse/f1datawarehouse/lib/python3.9/site-packages/airflow/example_dags/tutorial_objectstorage.py for tasks to queue
[2024-02-24T21:51:59.024-0600] {logging_mixin.py:188} INFO - [2024-02-24T21:51:59.024-0600] {dagbag.py:538} INFO - Filling up the DagBag from /Users/vamseekrishna/Desktop/F1_Data_Warehouse/f1datawarehouse/lib/python3.9/site-packages/airflow/example_dags/tutorial_objectstorage.py
[2024-02-24T21:51:59.056-0600] {processor.py:840} INFO - DAG(s) 'tutorial_objectstorage' retrieved from /Users/vamseekrishna/Desktop/F1_Data_Warehouse/f1datawarehouse/lib/python3.9/site-packages/airflow/example_dags/tutorial_objectstorage.py
[2024-02-24T21:51:59.102-0600] {logging_mixin.py:188} INFO - [2024-02-24T21:51:59.101-0600] {dag.py:3036} INFO - Sync 1 DAGs
[2024-02-24T21:51:59.106-0600] {logging_mixin.py:188} INFO - [2024-02-24T21:51:59.106-0600] {dag.py:3823} INFO - Setting next_dagrun for tutorial_objectstorage to None, run_after=None
[2024-02-24T21:51:59.113-0600] {processor.py:183} INFO - Processing /Users/vamseekrishna/Desktop/F1_Data_Warehouse/f1datawarehouse/lib/python3.9/site-packages/airflow/example_dags/tutorial_objectstorage.py took 0.092 seconds
[2024-02-24T21:53:03.280-0600] {processor.py:161} INFO - Started process (PID=9282) to work on /Users/vamseekrishna/Desktop/F1_Data_Warehouse/f1datawarehouse/lib/python3.9/site-packages/airflow/example_dags/tutorial_objectstorage.py
[2024-02-24T21:53:03.283-0600] {processor.py:830} INFO - Processing file /Users/vamseekrishna/Desktop/F1_Data_Warehouse/f1datawarehouse/lib/python3.9/site-packages/airflow/example_dags/tutorial_objectstorage.py for tasks to queue
[2024-02-24T21:53:03.283-0600] {logging_mixin.py:188} INFO - [2024-02-24T21:53:03.283-0600] {dagbag.py:538} INFO - Filling up the DagBag from /Users/vamseekrishna/Desktop/F1_Data_Warehouse/f1datawarehouse/lib/python3.9/site-packages/airflow/example_dags/tutorial_objectstorage.py
[2024-02-24T21:53:03.315-0600] {processor.py:840} INFO - DAG(s) 'tutorial_objectstorage' retrieved from /Users/vamseekrishna/Desktop/F1_Data_Warehouse/f1datawarehouse/lib/python3.9/site-packages/airflow/example_dags/tutorial_objectstorage.py
[2024-02-24T21:53:03.362-0600] {logging_mixin.py:188} INFO - [2024-02-24T21:53:03.362-0600] {dag.py:3036} INFO - Sync 1 DAGs
[2024-02-24T21:53:03.366-0600] {logging_mixin.py:188} INFO - [2024-02-24T21:53:03.366-0600] {dag.py:3823} INFO - Setting next_dagrun for tutorial_objectstorage to None, run_after=None
[2024-02-24T21:53:03.374-0600] {processor.py:183} INFO - Processing /Users/vamseekrishna/Desktop/F1_Data_Warehouse/f1datawarehouse/lib/python3.9/site-packages/airflow/example_dags/tutorial_objectstorage.py took 0.094 seconds
[2024-02-24T21:54:08.922-0600] {processor.py:161} INFO - Started process (PID=9337) to work on /Users/vamseekrishna/Desktop/F1_Data_Warehouse/f1datawarehouse/lib/python3.9/site-packages/airflow/example_dags/tutorial_objectstorage.py
[2024-02-24T21:54:08.924-0600] {processor.py:830} INFO - Processing file /Users/vamseekrishna/Desktop/F1_Data_Warehouse/f1datawarehouse/lib/python3.9/site-packages/airflow/example_dags/tutorial_objectstorage.py for tasks to queue
[2024-02-24T21:54:08.925-0600] {logging_mixin.py:188} INFO - [2024-02-24T21:54:08.925-0600] {dagbag.py:538} INFO - Filling up the DagBag from /Users/vamseekrishna/Desktop/F1_Data_Warehouse/f1datawarehouse/lib/python3.9/site-packages/airflow/example_dags/tutorial_objectstorage.py
[2024-02-24T21:54:08.956-0600] {processor.py:840} INFO - DAG(s) 'tutorial_objectstorage' retrieved from /Users/vamseekrishna/Desktop/F1_Data_Warehouse/f1datawarehouse/lib/python3.9/site-packages/airflow/example_dags/tutorial_objectstorage.py
[2024-02-24T21:54:09.002-0600] {logging_mixin.py:188} INFO - [2024-02-24T21:54:09.002-0600] {dag.py:3036} INFO - Sync 1 DAGs
[2024-02-24T21:54:09.007-0600] {logging_mixin.py:188} INFO - [2024-02-24T21:54:09.006-0600] {dag.py:3823} INFO - Setting next_dagrun for tutorial_objectstorage to None, run_after=None
[2024-02-24T21:54:09.014-0600] {processor.py:183} INFO - Processing /Users/vamseekrishna/Desktop/F1_Data_Warehouse/f1datawarehouse/lib/python3.9/site-packages/airflow/example_dags/tutorial_objectstorage.py took 0.093 seconds
[2024-02-24T21:55:12.945-0600] {processor.py:161} INFO - Started process (PID=9406) to work on /Users/vamseekrishna/Desktop/F1_Data_Warehouse/f1datawarehouse/lib/python3.9/site-packages/airflow/example_dags/tutorial_objectstorage.py
[2024-02-24T21:55:12.947-0600] {processor.py:830} INFO - Processing file /Users/vamseekrishna/Desktop/F1_Data_Warehouse/f1datawarehouse/lib/python3.9/site-packages/airflow/example_dags/tutorial_objectstorage.py for tasks to queue
[2024-02-24T21:55:12.947-0600] {logging_mixin.py:188} INFO - [2024-02-24T21:55:12.947-0600] {dagbag.py:538} INFO - Filling up the DagBag from /Users/vamseekrishna/Desktop/F1_Data_Warehouse/f1datawarehouse/lib/python3.9/site-packages/airflow/example_dags/tutorial_objectstorage.py
[2024-02-24T21:55:12.979-0600] {processor.py:840} INFO - DAG(s) 'tutorial_objectstorage' retrieved from /Users/vamseekrishna/Desktop/F1_Data_Warehouse/f1datawarehouse/lib/python3.9/site-packages/airflow/example_dags/tutorial_objectstorage.py
[2024-02-24T21:55:13.026-0600] {logging_mixin.py:188} INFO - [2024-02-24T21:55:13.025-0600] {dag.py:3036} INFO - Sync 1 DAGs
[2024-02-24T21:55:13.030-0600] {logging_mixin.py:188} INFO - [2024-02-24T21:55:13.030-0600] {dag.py:3823} INFO - Setting next_dagrun for tutorial_objectstorage to None, run_after=None
[2024-02-24T21:55:13.038-0600] {processor.py:183} INFO - Processing /Users/vamseekrishna/Desktop/F1_Data_Warehouse/f1datawarehouse/lib/python3.9/site-packages/airflow/example_dags/tutorial_objectstorage.py took 0.093 seconds
[2024-02-24T21:56:21.206-0600] {processor.py:161} INFO - Started process (PID=9457) to work on /Users/vamseekrishna/Desktop/F1_Data_Warehouse/f1datawarehouse/lib/python3.9/site-packages/airflow/example_dags/tutorial_objectstorage.py
[2024-02-24T21:56:21.208-0600] {processor.py:830} INFO - Processing file /Users/vamseekrishna/Desktop/F1_Data_Warehouse/f1datawarehouse/lib/python3.9/site-packages/airflow/example_dags/tutorial_objectstorage.py for tasks to queue
[2024-02-24T21:56:21.208-0600] {logging_mixin.py:188} INFO - [2024-02-24T21:56:21.208-0600] {dagbag.py:538} INFO - Filling up the DagBag from /Users/vamseekrishna/Desktop/F1_Data_Warehouse/f1datawarehouse/lib/python3.9/site-packages/airflow/example_dags/tutorial_objectstorage.py
[2024-02-24T21:56:21.241-0600] {processor.py:840} INFO - DAG(s) 'tutorial_objectstorage' retrieved from /Users/vamseekrishna/Desktop/F1_Data_Warehouse/f1datawarehouse/lib/python3.9/site-packages/airflow/example_dags/tutorial_objectstorage.py
[2024-02-24T21:56:21.290-0600] {logging_mixin.py:188} INFO - [2024-02-24T21:56:21.289-0600] {dag.py:3036} INFO - Sync 1 DAGs
[2024-02-24T21:56:21.294-0600] {logging_mixin.py:188} INFO - [2024-02-24T21:56:21.294-0600] {dag.py:3823} INFO - Setting next_dagrun for tutorial_objectstorage to None, run_after=None
[2024-02-24T21:56:21.302-0600] {processor.py:183} INFO - Processing /Users/vamseekrishna/Desktop/F1_Data_Warehouse/f1datawarehouse/lib/python3.9/site-packages/airflow/example_dags/tutorial_objectstorage.py took 0.096 seconds
[2024-02-24T21:57:24.941-0600] {processor.py:161} INFO - Started process (PID=9526) to work on /Users/vamseekrishna/Desktop/F1_Data_Warehouse/f1datawarehouse/lib/python3.9/site-packages/airflow/example_dags/tutorial_objectstorage.py
[2024-02-24T21:57:24.944-0600] {processor.py:830} INFO - Processing file /Users/vamseekrishna/Desktop/F1_Data_Warehouse/f1datawarehouse/lib/python3.9/site-packages/airflow/example_dags/tutorial_objectstorage.py for tasks to queue
[2024-02-24T21:57:24.944-0600] {logging_mixin.py:188} INFO - [2024-02-24T21:57:24.944-0600] {dagbag.py:538} INFO - Filling up the DagBag from /Users/vamseekrishna/Desktop/F1_Data_Warehouse/f1datawarehouse/lib/python3.9/site-packages/airflow/example_dags/tutorial_objectstorage.py
[2024-02-24T21:57:24.975-0600] {processor.py:840} INFO - DAG(s) 'tutorial_objectstorage' retrieved from /Users/vamseekrishna/Desktop/F1_Data_Warehouse/f1datawarehouse/lib/python3.9/site-packages/airflow/example_dags/tutorial_objectstorage.py
[2024-02-24T21:57:25.024-0600] {logging_mixin.py:188} INFO - [2024-02-24T21:57:25.024-0600] {dag.py:3036} INFO - Sync 1 DAGs
[2024-02-24T21:57:25.028-0600] {logging_mixin.py:188} INFO - [2024-02-24T21:57:25.028-0600] {dag.py:3823} INFO - Setting next_dagrun for tutorial_objectstorage to None, run_after=None
[2024-02-24T21:57:25.036-0600] {processor.py:183} INFO - Processing /Users/vamseekrishna/Desktop/F1_Data_Warehouse/f1datawarehouse/lib/python3.9/site-packages/airflow/example_dags/tutorial_objectstorage.py took 0.095 seconds
[2024-02-24T21:58:26.781-0600] {processor.py:161} INFO - Started process (PID=9576) to work on /Users/vamseekrishna/Desktop/F1_Data_Warehouse/f1datawarehouse/lib/python3.9/site-packages/airflow/example_dags/tutorial_objectstorage.py
[2024-02-24T21:58:26.783-0600] {processor.py:830} INFO - Processing file /Users/vamseekrishna/Desktop/F1_Data_Warehouse/f1datawarehouse/lib/python3.9/site-packages/airflow/example_dags/tutorial_objectstorage.py for tasks to queue
[2024-02-24T21:58:26.783-0600] {logging_mixin.py:188} INFO - [2024-02-24T21:58:26.783-0600] {dagbag.py:538} INFO - Filling up the DagBag from /Users/vamseekrishna/Desktop/F1_Data_Warehouse/f1datawarehouse/lib/python3.9/site-packages/airflow/example_dags/tutorial_objectstorage.py
[2024-02-24T21:58:26.816-0600] {processor.py:840} INFO - DAG(s) 'tutorial_objectstorage' retrieved from /Users/vamseekrishna/Desktop/F1_Data_Warehouse/f1datawarehouse/lib/python3.9/site-packages/airflow/example_dags/tutorial_objectstorage.py
[2024-02-24T21:58:26.863-0600] {logging_mixin.py:188} INFO - [2024-02-24T21:58:26.863-0600] {dag.py:3036} INFO - Sync 1 DAGs
[2024-02-24T21:58:26.867-0600] {logging_mixin.py:188} INFO - [2024-02-24T21:58:26.867-0600] {dag.py:3823} INFO - Setting next_dagrun for tutorial_objectstorage to None, run_after=None
[2024-02-24T21:58:26.875-0600] {processor.py:183} INFO - Processing /Users/vamseekrishna/Desktop/F1_Data_Warehouse/f1datawarehouse/lib/python3.9/site-packages/airflow/example_dags/tutorial_objectstorage.py took 0.094 seconds
[2024-02-24T21:59:28.462-0600] {processor.py:161} INFO - Started process (PID=9650) to work on /Users/vamseekrishna/Desktop/F1_Data_Warehouse/f1datawarehouse/lib/python3.9/site-packages/airflow/example_dags/tutorial_objectstorage.py
[2024-02-24T21:59:28.464-0600] {processor.py:830} INFO - Processing file /Users/vamseekrishna/Desktop/F1_Data_Warehouse/f1datawarehouse/lib/python3.9/site-packages/airflow/example_dags/tutorial_objectstorage.py for tasks to queue
[2024-02-24T21:59:28.464-0600] {logging_mixin.py:188} INFO - [2024-02-24T21:59:28.464-0600] {dagbag.py:538} INFO - Filling up the DagBag from /Users/vamseekrishna/Desktop/F1_Data_Warehouse/f1datawarehouse/lib/python3.9/site-packages/airflow/example_dags/tutorial_objectstorage.py
[2024-02-24T21:59:28.499-0600] {processor.py:840} INFO - DAG(s) 'tutorial_objectstorage' retrieved from /Users/vamseekrishna/Desktop/F1_Data_Warehouse/f1datawarehouse/lib/python3.9/site-packages/airflow/example_dags/tutorial_objectstorage.py
[2024-02-24T21:59:28.550-0600] {logging_mixin.py:188} INFO - [2024-02-24T21:59:28.549-0600] {dag.py:3036} INFO - Sync 1 DAGs
[2024-02-24T21:59:28.554-0600] {logging_mixin.py:188} INFO - [2024-02-24T21:59:28.554-0600] {dag.py:3823} INFO - Setting next_dagrun for tutorial_objectstorage to None, run_after=None
[2024-02-24T21:59:28.564-0600] {processor.py:183} INFO - Processing /Users/vamseekrishna/Desktop/F1_Data_Warehouse/f1datawarehouse/lib/python3.9/site-packages/airflow/example_dags/tutorial_objectstorage.py took 0.102 seconds
