[2024-02-24T21:34:11.483-0600] {processor.py:161} INFO - Started process (PID=7907) to work on /Users/vamseekrishna/Desktop/F1_Data_Warehouse/f1datawarehouse/lib/python3.9/site-packages/airflow/example_dags/plugins/event_listener.py
[2024-02-24T21:34:11.484-0600] {processor.py:830} INFO - Processing file /Users/vamseekrishna/Desktop/F1_Data_Warehouse/f1datawarehouse/lib/python3.9/site-packages/airflow/example_dags/plugins/event_listener.py for tasks to queue
[2024-02-24T21:34:11.485-0600] {logging_mixin.py:188} INFO - [2024-02-24T21:34:11.485-0600] {dagbag.py:538} INFO - Filling up the DagBag from /Users/vamseekrishna/Desktop/F1_Data_Warehouse/f1datawarehouse/lib/python3.9/site-packages/airflow/example_dags/plugins/event_listener.py
[2024-02-24T21:34:11.485-0600] {processor.py:842} WARNING - No viable dags retrieved from /Users/vamseekrishna/Desktop/F1_Data_Warehouse/f1datawarehouse/lib/python3.9/site-packages/airflow/example_dags/plugins/event_listener.py
[2024-02-24T21:34:11.524-0600] {processor.py:183} INFO - Processing /Users/vamseekrishna/Desktop/F1_Data_Warehouse/f1datawarehouse/lib/python3.9/site-packages/airflow/example_dags/plugins/event_listener.py took 0.042 seconds
[2024-02-24T21:36:15.542-0600] {processor.py:161} INFO - Started process (PID=8177) to work on /Users/vamseekrishna/Desktop/F1_Data_Warehouse/f1datawarehouse/lib/python3.9/site-packages/airflow/example_dags/plugins/event_listener.py
[2024-02-24T21:36:15.544-0600] {processor.py:830} INFO - Processing file /Users/vamseekrishna/Desktop/F1_Data_Warehouse/f1datawarehouse/lib/python3.9/site-packages/airflow/example_dags/plugins/event_listener.py for tasks to queue
[2024-02-24T21:36:15.545-0600] {logging_mixin.py:188} INFO - [2024-02-24T21:36:15.545-0600] {dagbag.py:538} INFO - Filling up the DagBag from /Users/vamseekrishna/Desktop/F1_Data_Warehouse/f1datawarehouse/lib/python3.9/site-packages/airflow/example_dags/plugins/event_listener.py
[2024-02-24T21:36:15.545-0600] {processor.py:842} WARNING - No viable dags retrieved from /Users/vamseekrishna/Desktop/F1_Data_Warehouse/f1datawarehouse/lib/python3.9/site-packages/airflow/example_dags/plugins/event_listener.py
[2024-02-24T21:36:15.584-0600] {processor.py:183} INFO - Processing /Users/vamseekrishna/Desktop/F1_Data_Warehouse/f1datawarehouse/lib/python3.9/site-packages/airflow/example_dags/plugins/event_listener.py took 0.042 seconds
[2024-02-24T21:37:50.706-0600] {processor.py:161} INFO - Started process (PID=8324) to work on /Users/vamseekrishna/Desktop/F1_Data_Warehouse/f1datawarehouse/lib/python3.9/site-packages/airflow/example_dags/plugins/event_listener.py
[2024-02-24T21:37:50.707-0600] {processor.py:830} INFO - Processing file /Users/vamseekrishna/Desktop/F1_Data_Warehouse/f1datawarehouse/lib/python3.9/site-packages/airflow/example_dags/plugins/event_listener.py for tasks to queue
[2024-02-24T21:37:50.707-0600] {logging_mixin.py:188} INFO - [2024-02-24T21:37:50.707-0600] {dagbag.py:538} INFO - Filling up the DagBag from /Users/vamseekrishna/Desktop/F1_Data_Warehouse/f1datawarehouse/lib/python3.9/site-packages/airflow/example_dags/plugins/event_listener.py
[2024-02-24T21:37:50.708-0600] {processor.py:842} WARNING - No viable dags retrieved from /Users/vamseekrishna/Desktop/F1_Data_Warehouse/f1datawarehouse/lib/python3.9/site-packages/airflow/example_dags/plugins/event_listener.py
[2024-02-24T21:37:50.745-0600] {processor.py:183} INFO - Processing /Users/vamseekrishna/Desktop/F1_Data_Warehouse/f1datawarehouse/lib/python3.9/site-packages/airflow/example_dags/plugins/event_listener.py took 0.040 seconds
[2024-02-24T21:38:50.556-0600] {processor.py:161} INFO - Started process (PID=8438) to work on /Users/vamseekrishna/Desktop/F1_Data_Warehouse/f1datawarehouse/lib/python3.9/site-packages/airflow/example_dags/plugins/event_listener.py
[2024-02-24T21:38:50.557-0600] {processor.py:830} INFO - Processing file /Users/vamseekrishna/Desktop/F1_Data_Warehouse/f1datawarehouse/lib/python3.9/site-packages/airflow/example_dags/plugins/event_listener.py for tasks to queue
[2024-02-24T21:38:50.558-0600] {logging_mixin.py:188} INFO - [2024-02-24T21:38:50.557-0600] {dagbag.py:538} INFO - Filling up the DagBag from /Users/vamseekrishna/Desktop/F1_Data_Warehouse/f1datawarehouse/lib/python3.9/site-packages/airflow/example_dags/plugins/event_listener.py
[2024-02-24T21:38:50.558-0600] {processor.py:842} WARNING - No viable dags retrieved from /Users/vamseekrishna/Desktop/F1_Data_Warehouse/f1datawarehouse/lib/python3.9/site-packages/airflow/example_dags/plugins/event_listener.py
[2024-02-24T21:38:50.596-0600] {processor.py:183} INFO - Processing /Users/vamseekrishna/Desktop/F1_Data_Warehouse/f1datawarehouse/lib/python3.9/site-packages/airflow/example_dags/plugins/event_listener.py took 0.040 seconds
[2024-02-24T21:39:49.667-0600] {processor.py:161} INFO - Started process (PID=8529) to work on /Users/vamseekrishna/Desktop/F1_Data_Warehouse/f1datawarehouse/lib/python3.9/site-packages/airflow/example_dags/plugins/event_listener.py
[2024-02-24T21:39:49.669-0600] {processor.py:830} INFO - Processing file /Users/vamseekrishna/Desktop/F1_Data_Warehouse/f1datawarehouse/lib/python3.9/site-packages/airflow/example_dags/plugins/event_listener.py for tasks to queue
[2024-02-24T21:39:49.669-0600] {logging_mixin.py:188} INFO - [2024-02-24T21:39:49.669-0600] {dagbag.py:538} INFO - Filling up the DagBag from /Users/vamseekrishna/Desktop/F1_Data_Warehouse/f1datawarehouse/lib/python3.9/site-packages/airflow/example_dags/plugins/event_listener.py
[2024-02-24T21:39:49.670-0600] {processor.py:842} WARNING - No viable dags retrieved from /Users/vamseekrishna/Desktop/F1_Data_Warehouse/f1datawarehouse/lib/python3.9/site-packages/airflow/example_dags/plugins/event_listener.py
[2024-02-24T21:39:49.717-0600] {processor.py:183} INFO - Processing /Users/vamseekrishna/Desktop/F1_Data_Warehouse/f1datawarehouse/lib/python3.9/site-packages/airflow/example_dags/plugins/event_listener.py took 0.050 seconds
[2024-02-24T21:40:50.965-0600] {processor.py:161} INFO - Started process (PID=8634) to work on /Users/vamseekrishna/Desktop/F1_Data_Warehouse/f1datawarehouse/lib/python3.9/site-packages/airflow/example_dags/plugins/event_listener.py
[2024-02-24T21:40:50.967-0600] {processor.py:830} INFO - Processing file /Users/vamseekrishna/Desktop/F1_Data_Warehouse/f1datawarehouse/lib/python3.9/site-packages/airflow/example_dags/plugins/event_listener.py for tasks to queue
[2024-02-24T21:40:50.967-0600] {logging_mixin.py:188} INFO - [2024-02-24T21:40:50.967-0600] {dagbag.py:538} INFO - Filling up the DagBag from /Users/vamseekrishna/Desktop/F1_Data_Warehouse/f1datawarehouse/lib/python3.9/site-packages/airflow/example_dags/plugins/event_listener.py
[2024-02-24T21:40:50.968-0600] {processor.py:842} WARNING - No viable dags retrieved from /Users/vamseekrishna/Desktop/F1_Data_Warehouse/f1datawarehouse/lib/python3.9/site-packages/airflow/example_dags/plugins/event_listener.py
[2024-02-24T21:40:51.006-0600] {processor.py:183} INFO - Processing /Users/vamseekrishna/Desktop/F1_Data_Warehouse/f1datawarehouse/lib/python3.9/site-packages/airflow/example_dags/plugins/event_listener.py took 0.041 seconds
[2024-02-24T21:41:54.860-0600] {processor.py:161} INFO - Started process (PID=8730) to work on /Users/vamseekrishna/Desktop/F1_Data_Warehouse/f1datawarehouse/lib/python3.9/site-packages/airflow/example_dags/plugins/event_listener.py
[2024-02-24T21:41:54.862-0600] {processor.py:830} INFO - Processing file /Users/vamseekrishna/Desktop/F1_Data_Warehouse/f1datawarehouse/lib/python3.9/site-packages/airflow/example_dags/plugins/event_listener.py for tasks to queue
[2024-02-24T21:41:54.862-0600] {logging_mixin.py:188} INFO - [2024-02-24T21:41:54.862-0600] {dagbag.py:538} INFO - Filling up the DagBag from /Users/vamseekrishna/Desktop/F1_Data_Warehouse/f1datawarehouse/lib/python3.9/site-packages/airflow/example_dags/plugins/event_listener.py
[2024-02-24T21:41:54.862-0600] {processor.py:842} WARNING - No viable dags retrieved from /Users/vamseekrishna/Desktop/F1_Data_Warehouse/f1datawarehouse/lib/python3.9/site-packages/airflow/example_dags/plugins/event_listener.py
[2024-02-24T21:41:54.901-0600] {processor.py:183} INFO - Processing /Users/vamseekrishna/Desktop/F1_Data_Warehouse/f1datawarehouse/lib/python3.9/site-packages/airflow/example_dags/plugins/event_listener.py took 0.041 seconds
[2024-02-24T21:49:19.238-0600] {processor.py:161} INFO - Started process (PID=9027) to work on /Users/vamseekrishna/Desktop/F1_Data_Warehouse/f1datawarehouse/lib/python3.9/site-packages/airflow/example_dags/plugins/event_listener.py
[2024-02-24T21:49:19.240-0600] {processor.py:830} INFO - Processing file /Users/vamseekrishna/Desktop/F1_Data_Warehouse/f1datawarehouse/lib/python3.9/site-packages/airflow/example_dags/plugins/event_listener.py for tasks to queue
[2024-02-24T21:49:19.240-0600] {logging_mixin.py:188} INFO - [2024-02-24T21:49:19.240-0600] {dagbag.py:538} INFO - Filling up the DagBag from /Users/vamseekrishna/Desktop/F1_Data_Warehouse/f1datawarehouse/lib/python3.9/site-packages/airflow/example_dags/plugins/event_listener.py
[2024-02-24T21:49:19.240-0600] {processor.py:842} WARNING - No viable dags retrieved from /Users/vamseekrishna/Desktop/F1_Data_Warehouse/f1datawarehouse/lib/python3.9/site-packages/airflow/example_dags/plugins/event_listener.py
[2024-02-24T21:49:19.278-0600] {processor.py:183} INFO - Processing /Users/vamseekrishna/Desktop/F1_Data_Warehouse/f1datawarehouse/lib/python3.9/site-packages/airflow/example_dags/plugins/event_listener.py took 0.041 seconds
[2024-02-24T21:50:53.721-0600] {processor.py:161} INFO - Started process (PID=9133) to work on /Users/vamseekrishna/Desktop/F1_Data_Warehouse/f1datawarehouse/lib/python3.9/site-packages/airflow/example_dags/plugins/event_listener.py
[2024-02-24T21:50:53.723-0600] {processor.py:830} INFO - Processing file /Users/vamseekrishna/Desktop/F1_Data_Warehouse/f1datawarehouse/lib/python3.9/site-packages/airflow/example_dags/plugins/event_listener.py for tasks to queue
[2024-02-24T21:50:53.724-0600] {logging_mixin.py:188} INFO - [2024-02-24T21:50:53.723-0600] {dagbag.py:538} INFO - Filling up the DagBag from /Users/vamseekrishna/Desktop/F1_Data_Warehouse/f1datawarehouse/lib/python3.9/site-packages/airflow/example_dags/plugins/event_listener.py
[2024-02-24T21:50:53.724-0600] {processor.py:842} WARNING - No viable dags retrieved from /Users/vamseekrishna/Desktop/F1_Data_Warehouse/f1datawarehouse/lib/python3.9/site-packages/airflow/example_dags/plugins/event_listener.py
[2024-02-24T21:50:53.761-0600] {processor.py:183} INFO - Processing /Users/vamseekrishna/Desktop/F1_Data_Warehouse/f1datawarehouse/lib/python3.9/site-packages/airflow/example_dags/plugins/event_listener.py took 0.040 seconds
[2024-02-24T21:51:53.085-0600] {processor.py:161} INFO - Started process (PID=9191) to work on /Users/vamseekrishna/Desktop/F1_Data_Warehouse/f1datawarehouse/lib/python3.9/site-packages/airflow/example_dags/plugins/event_listener.py
[2024-02-24T21:51:53.087-0600] {processor.py:830} INFO - Processing file /Users/vamseekrishna/Desktop/F1_Data_Warehouse/f1datawarehouse/lib/python3.9/site-packages/airflow/example_dags/plugins/event_listener.py for tasks to queue
[2024-02-24T21:51:53.087-0600] {logging_mixin.py:188} INFO - [2024-02-24T21:51:53.087-0600] {dagbag.py:538} INFO - Filling up the DagBag from /Users/vamseekrishna/Desktop/F1_Data_Warehouse/f1datawarehouse/lib/python3.9/site-packages/airflow/example_dags/plugins/event_listener.py
[2024-02-24T21:51:53.088-0600] {processor.py:842} WARNING - No viable dags retrieved from /Users/vamseekrishna/Desktop/F1_Data_Warehouse/f1datawarehouse/lib/python3.9/site-packages/airflow/example_dags/plugins/event_listener.py
[2024-02-24T21:51:53.125-0600] {processor.py:183} INFO - Processing /Users/vamseekrishna/Desktop/F1_Data_Warehouse/f1datawarehouse/lib/python3.9/site-packages/airflow/example_dags/plugins/event_listener.py took 0.040 seconds
[2024-02-24T21:52:57.350-0600] {processor.py:161} INFO - Started process (PID=9277) to work on /Users/vamseekrishna/Desktop/F1_Data_Warehouse/f1datawarehouse/lib/python3.9/site-packages/airflow/example_dags/plugins/event_listener.py
[2024-02-24T21:52:57.352-0600] {processor.py:830} INFO - Processing file /Users/vamseekrishna/Desktop/F1_Data_Warehouse/f1datawarehouse/lib/python3.9/site-packages/airflow/example_dags/plugins/event_listener.py for tasks to queue
[2024-02-24T21:52:57.352-0600] {logging_mixin.py:188} INFO - [2024-02-24T21:52:57.352-0600] {dagbag.py:538} INFO - Filling up the DagBag from /Users/vamseekrishna/Desktop/F1_Data_Warehouse/f1datawarehouse/lib/python3.9/site-packages/airflow/example_dags/plugins/event_listener.py
[2024-02-24T21:52:57.353-0600] {processor.py:842} WARNING - No viable dags retrieved from /Users/vamseekrishna/Desktop/F1_Data_Warehouse/f1datawarehouse/lib/python3.9/site-packages/airflow/example_dags/plugins/event_listener.py
[2024-02-24T21:52:57.392-0600] {processor.py:183} INFO - Processing /Users/vamseekrishna/Desktop/F1_Data_Warehouse/f1datawarehouse/lib/python3.9/site-packages/airflow/example_dags/plugins/event_listener.py took 0.043 seconds
[2024-02-24T21:54:03.086-0600] {processor.py:161} INFO - Started process (PID=9334) to work on /Users/vamseekrishna/Desktop/F1_Data_Warehouse/f1datawarehouse/lib/python3.9/site-packages/airflow/example_dags/plugins/event_listener.py
[2024-02-24T21:54:03.088-0600] {processor.py:830} INFO - Processing file /Users/vamseekrishna/Desktop/F1_Data_Warehouse/f1datawarehouse/lib/python3.9/site-packages/airflow/example_dags/plugins/event_listener.py for tasks to queue
[2024-02-24T21:54:03.088-0600] {logging_mixin.py:188} INFO - [2024-02-24T21:54:03.088-0600] {dagbag.py:538} INFO - Filling up the DagBag from /Users/vamseekrishna/Desktop/F1_Data_Warehouse/f1datawarehouse/lib/python3.9/site-packages/airflow/example_dags/plugins/event_listener.py
[2024-02-24T21:54:03.089-0600] {processor.py:842} WARNING - No viable dags retrieved from /Users/vamseekrishna/Desktop/F1_Data_Warehouse/f1datawarehouse/lib/python3.9/site-packages/airflow/example_dags/plugins/event_listener.py
[2024-02-24T21:54:03.126-0600] {processor.py:183} INFO - Processing /Users/vamseekrishna/Desktop/F1_Data_Warehouse/f1datawarehouse/lib/python3.9/site-packages/airflow/example_dags/plugins/event_listener.py took 0.040 seconds
[2024-02-24T21:55:06.550-0600] {processor.py:161} INFO - Started process (PID=9397) to work on /Users/vamseekrishna/Desktop/F1_Data_Warehouse/f1datawarehouse/lib/python3.9/site-packages/airflow/example_dags/plugins/event_listener.py
[2024-02-24T21:55:06.552-0600] {processor.py:830} INFO - Processing file /Users/vamseekrishna/Desktop/F1_Data_Warehouse/f1datawarehouse/lib/python3.9/site-packages/airflow/example_dags/plugins/event_listener.py for tasks to queue
[2024-02-24T21:55:06.552-0600] {logging_mixin.py:188} INFO - [2024-02-24T21:55:06.552-0600] {dagbag.py:538} INFO - Filling up the DagBag from /Users/vamseekrishna/Desktop/F1_Data_Warehouse/f1datawarehouse/lib/python3.9/site-packages/airflow/example_dags/plugins/event_listener.py
[2024-02-24T21:55:06.553-0600] {processor.py:842} WARNING - No viable dags retrieved from /Users/vamseekrishna/Desktop/F1_Data_Warehouse/f1datawarehouse/lib/python3.9/site-packages/airflow/example_dags/plugins/event_listener.py
[2024-02-24T21:55:06.590-0600] {processor.py:183} INFO - Processing /Users/vamseekrishna/Desktop/F1_Data_Warehouse/f1datawarehouse/lib/python3.9/site-packages/airflow/example_dags/plugins/event_listener.py took 0.041 seconds
[2024-02-24T21:56:15.689-0600] {processor.py:161} INFO - Started process (PID=9454) to work on /Users/vamseekrishna/Desktop/F1_Data_Warehouse/f1datawarehouse/lib/python3.9/site-packages/airflow/example_dags/plugins/event_listener.py
[2024-02-24T21:56:15.694-0600] {processor.py:830} INFO - Processing file /Users/vamseekrishna/Desktop/F1_Data_Warehouse/f1datawarehouse/lib/python3.9/site-packages/airflow/example_dags/plugins/event_listener.py for tasks to queue
[2024-02-24T21:56:15.694-0600] {logging_mixin.py:188} INFO - [2024-02-24T21:56:15.694-0600] {dagbag.py:538} INFO - Filling up the DagBag from /Users/vamseekrishna/Desktop/F1_Data_Warehouse/f1datawarehouse/lib/python3.9/site-packages/airflow/example_dags/plugins/event_listener.py
[2024-02-24T21:56:15.695-0600] {processor.py:842} WARNING - No viable dags retrieved from /Users/vamseekrishna/Desktop/F1_Data_Warehouse/f1datawarehouse/lib/python3.9/site-packages/airflow/example_dags/plugins/event_listener.py
[2024-02-24T21:56:15.745-0600] {processor.py:183} INFO - Processing /Users/vamseekrishna/Desktop/F1_Data_Warehouse/f1datawarehouse/lib/python3.9/site-packages/airflow/example_dags/plugins/event_listener.py took 0.057 seconds
[2024-02-24T21:57:20.099-0600] {processor.py:161} INFO - Started process (PID=9520) to work on /Users/vamseekrishna/Desktop/F1_Data_Warehouse/f1datawarehouse/lib/python3.9/site-packages/airflow/example_dags/plugins/event_listener.py
[2024-02-24T21:57:20.101-0600] {processor.py:830} INFO - Processing file /Users/vamseekrishna/Desktop/F1_Data_Warehouse/f1datawarehouse/lib/python3.9/site-packages/airflow/example_dags/plugins/event_listener.py for tasks to queue
[2024-02-24T21:57:20.101-0600] {logging_mixin.py:188} INFO - [2024-02-24T21:57:20.101-0600] {dagbag.py:538} INFO - Filling up the DagBag from /Users/vamseekrishna/Desktop/F1_Data_Warehouse/f1datawarehouse/lib/python3.9/site-packages/airflow/example_dags/plugins/event_listener.py
[2024-02-24T21:57:20.101-0600] {processor.py:842} WARNING - No viable dags retrieved from /Users/vamseekrishna/Desktop/F1_Data_Warehouse/f1datawarehouse/lib/python3.9/site-packages/airflow/example_dags/plugins/event_listener.py
[2024-02-24T21:57:20.140-0600] {processor.py:183} INFO - Processing /Users/vamseekrishna/Desktop/F1_Data_Warehouse/f1datawarehouse/lib/python3.9/site-packages/airflow/example_dags/plugins/event_listener.py took 0.042 seconds
[2024-02-24T21:58:20.999-0600] {processor.py:161} INFO - Started process (PID=9572) to work on /Users/vamseekrishna/Desktop/F1_Data_Warehouse/f1datawarehouse/lib/python3.9/site-packages/airflow/example_dags/plugins/event_listener.py
[2024-02-24T21:58:21.001-0600] {processor.py:830} INFO - Processing file /Users/vamseekrishna/Desktop/F1_Data_Warehouse/f1datawarehouse/lib/python3.9/site-packages/airflow/example_dags/plugins/event_listener.py for tasks to queue
[2024-02-24T21:58:21.002-0600] {logging_mixin.py:188} INFO - [2024-02-24T21:58:21.002-0600] {dagbag.py:538} INFO - Filling up the DagBag from /Users/vamseekrishna/Desktop/F1_Data_Warehouse/f1datawarehouse/lib/python3.9/site-packages/airflow/example_dags/plugins/event_listener.py
[2024-02-24T21:58:21.002-0600] {processor.py:842} WARNING - No viable dags retrieved from /Users/vamseekrishna/Desktop/F1_Data_Warehouse/f1datawarehouse/lib/python3.9/site-packages/airflow/example_dags/plugins/event_listener.py
[2024-02-24T21:58:21.040-0600] {processor.py:183} INFO - Processing /Users/vamseekrishna/Desktop/F1_Data_Warehouse/f1datawarehouse/lib/python3.9/site-packages/airflow/example_dags/plugins/event_listener.py took 0.041 seconds
[2024-02-24T21:59:22.478-0600] {processor.py:161} INFO - Started process (PID=9640) to work on /Users/vamseekrishna/Desktop/F1_Data_Warehouse/f1datawarehouse/lib/python3.9/site-packages/airflow/example_dags/plugins/event_listener.py
[2024-02-24T21:59:22.480-0600] {processor.py:830} INFO - Processing file /Users/vamseekrishna/Desktop/F1_Data_Warehouse/f1datawarehouse/lib/python3.9/site-packages/airflow/example_dags/plugins/event_listener.py for tasks to queue
[2024-02-24T21:59:22.480-0600] {logging_mixin.py:188} INFO - [2024-02-24T21:59:22.480-0600] {dagbag.py:538} INFO - Filling up the DagBag from /Users/vamseekrishna/Desktop/F1_Data_Warehouse/f1datawarehouse/lib/python3.9/site-packages/airflow/example_dags/plugins/event_listener.py
[2024-02-24T21:59:22.481-0600] {processor.py:842} WARNING - No viable dags retrieved from /Users/vamseekrishna/Desktop/F1_Data_Warehouse/f1datawarehouse/lib/python3.9/site-packages/airflow/example_dags/plugins/event_listener.py
[2024-02-24T21:59:22.518-0600] {processor.py:183} INFO - Processing /Users/vamseekrishna/Desktop/F1_Data_Warehouse/f1datawarehouse/lib/python3.9/site-packages/airflow/example_dags/plugins/event_listener.py took 0.041 seconds
