[2024-02-24T21:34:06.695-0600] {processor.py:161} INFO - Started process (PID=7851) to work on /Users/vamseekrishna/Desktop/F1_Data_Warehouse/f1datawarehouse/lib/python3.9/site-packages/airflow/example_dags/plugins/workday.py
[2024-02-24T21:34:06.697-0600] {processor.py:830} INFO - Processing file /Users/vamseekrishna/Desktop/F1_Data_Warehouse/f1datawarehouse/lib/python3.9/site-packages/airflow/example_dags/plugins/workday.py for tasks to queue
[2024-02-24T21:34:06.697-0600] {logging_mixin.py:188} INFO - [2024-02-24T21:34:06.697-0600] {dagbag.py:538} INFO - Filling up the DagBag from /Users/vamseekrishna/Desktop/F1_Data_Warehouse/f1datawarehouse/lib/python3.9/site-packages/airflow/example_dags/plugins/workday.py
[2024-02-24T21:34:07.390-0600] {processor.py:842} WARNING - No viable dags retrieved from /Users/vamseekrishna/Desktop/F1_Data_Warehouse/f1datawarehouse/lib/python3.9/site-packages/airflow/example_dags/plugins/workday.py
[2024-02-24T21:34:07.466-0600] {processor.py:183} INFO - Processing /Users/vamseekrishna/Desktop/F1_Data_Warehouse/f1datawarehouse/lib/python3.9/site-packages/airflow/example_dags/plugins/workday.py took 0.771 seconds
[2024-02-24T21:36:10.983-0600] {processor.py:161} INFO - Started process (PID=8171) to work on /Users/vamseekrishna/Desktop/F1_Data_Warehouse/f1datawarehouse/lib/python3.9/site-packages/airflow/example_dags/plugins/workday.py
[2024-02-24T21:36:10.985-0600] {processor.py:830} INFO - Processing file /Users/vamseekrishna/Desktop/F1_Data_Warehouse/f1datawarehouse/lib/python3.9/site-packages/airflow/example_dags/plugins/workday.py for tasks to queue
[2024-02-24T21:36:10.985-0600] {logging_mixin.py:188} INFO - [2024-02-24T21:36:10.985-0600] {dagbag.py:538} INFO - Filling up the DagBag from /Users/vamseekrishna/Desktop/F1_Data_Warehouse/f1datawarehouse/lib/python3.9/site-packages/airflow/example_dags/plugins/workday.py
[2024-02-24T21:36:11.531-0600] {processor.py:842} WARNING - No viable dags retrieved from /Users/vamseekrishna/Desktop/F1_Data_Warehouse/f1datawarehouse/lib/python3.9/site-packages/airflow/example_dags/plugins/workday.py
[2024-02-24T21:36:11.608-0600] {processor.py:183} INFO - Processing /Users/vamseekrishna/Desktop/F1_Data_Warehouse/f1datawarehouse/lib/python3.9/site-packages/airflow/example_dags/plugins/workday.py took 0.625 seconds
[2024-02-24T21:37:46.097-0600] {processor.py:161} INFO - Started process (PID=8322) to work on /Users/vamseekrishna/Desktop/F1_Data_Warehouse/f1datawarehouse/lib/python3.9/site-packages/airflow/example_dags/plugins/workday.py
[2024-02-24T21:37:46.099-0600] {processor.py:830} INFO - Processing file /Users/vamseekrishna/Desktop/F1_Data_Warehouse/f1datawarehouse/lib/python3.9/site-packages/airflow/example_dags/plugins/workday.py for tasks to queue
[2024-02-24T21:37:46.099-0600] {logging_mixin.py:188} INFO - [2024-02-24T21:37:46.099-0600] {dagbag.py:538} INFO - Filling up the DagBag from /Users/vamseekrishna/Desktop/F1_Data_Warehouse/f1datawarehouse/lib/python3.9/site-packages/airflow/example_dags/plugins/workday.py
[2024-02-24T21:37:46.750-0600] {processor.py:842} WARNING - No viable dags retrieved from /Users/vamseekrishna/Desktop/F1_Data_Warehouse/f1datawarehouse/lib/python3.9/site-packages/airflow/example_dags/plugins/workday.py
[2024-02-24T21:37:46.820-0600] {processor.py:183} INFO - Processing /Users/vamseekrishna/Desktop/F1_Data_Warehouse/f1datawarehouse/lib/python3.9/site-packages/airflow/example_dags/plugins/workday.py took 0.723 seconds
[2024-02-24T21:38:46.599-0600] {processor.py:161} INFO - Started process (PID=8430) to work on /Users/vamseekrishna/Desktop/F1_Data_Warehouse/f1datawarehouse/lib/python3.9/site-packages/airflow/example_dags/plugins/workday.py
[2024-02-24T21:38:46.601-0600] {processor.py:830} INFO - Processing file /Users/vamseekrishna/Desktop/F1_Data_Warehouse/f1datawarehouse/lib/python3.9/site-packages/airflow/example_dags/plugins/workday.py for tasks to queue
[2024-02-24T21:38:46.601-0600] {logging_mixin.py:188} INFO - [2024-02-24T21:38:46.601-0600] {dagbag.py:538} INFO - Filling up the DagBag from /Users/vamseekrishna/Desktop/F1_Data_Warehouse/f1datawarehouse/lib/python3.9/site-packages/airflow/example_dags/plugins/workday.py
[2024-02-24T21:38:47.068-0600] {processor.py:842} WARNING - No viable dags retrieved from /Users/vamseekrishna/Desktop/F1_Data_Warehouse/f1datawarehouse/lib/python3.9/site-packages/airflow/example_dags/plugins/workday.py
[2024-02-24T21:38:47.136-0600] {processor.py:183} INFO - Processing /Users/vamseekrishna/Desktop/F1_Data_Warehouse/f1datawarehouse/lib/python3.9/site-packages/airflow/example_dags/plugins/workday.py took 0.538 seconds
[2024-02-24T21:39:45.276-0600] {processor.py:161} INFO - Started process (PID=8518) to work on /Users/vamseekrishna/Desktop/F1_Data_Warehouse/f1datawarehouse/lib/python3.9/site-packages/airflow/example_dags/plugins/workday.py
[2024-02-24T21:39:45.278-0600] {processor.py:830} INFO - Processing file /Users/vamseekrishna/Desktop/F1_Data_Warehouse/f1datawarehouse/lib/python3.9/site-packages/airflow/example_dags/plugins/workday.py for tasks to queue
[2024-02-24T21:39:45.278-0600] {logging_mixin.py:188} INFO - [2024-02-24T21:39:45.278-0600] {dagbag.py:538} INFO - Filling up the DagBag from /Users/vamseekrishna/Desktop/F1_Data_Warehouse/f1datawarehouse/lib/python3.9/site-packages/airflow/example_dags/plugins/workday.py
[2024-02-24T21:39:45.885-0600] {processor.py:842} WARNING - No viable dags retrieved from /Users/vamseekrishna/Desktop/F1_Data_Warehouse/f1datawarehouse/lib/python3.9/site-packages/airflow/example_dags/plugins/workday.py
[2024-02-24T21:39:45.965-0600] {processor.py:183} INFO - Processing /Users/vamseekrishna/Desktop/F1_Data_Warehouse/f1datawarehouse/lib/python3.9/site-packages/airflow/example_dags/plugins/workday.py took 0.689 seconds
[2024-02-24T21:40:46.962-0600] {processor.py:161} INFO - Started process (PID=8629) to work on /Users/vamseekrishna/Desktop/F1_Data_Warehouse/f1datawarehouse/lib/python3.9/site-packages/airflow/example_dags/plugins/workday.py
[2024-02-24T21:40:46.963-0600] {processor.py:830} INFO - Processing file /Users/vamseekrishna/Desktop/F1_Data_Warehouse/f1datawarehouse/lib/python3.9/site-packages/airflow/example_dags/plugins/workday.py for tasks to queue
[2024-02-24T21:40:46.963-0600] {logging_mixin.py:188} INFO - [2024-02-24T21:40:46.963-0600] {dagbag.py:538} INFO - Filling up the DagBag from /Users/vamseekrishna/Desktop/F1_Data_Warehouse/f1datawarehouse/lib/python3.9/site-packages/airflow/example_dags/plugins/workday.py
[2024-02-24T21:40:47.477-0600] {processor.py:842} WARNING - No viable dags retrieved from /Users/vamseekrishna/Desktop/F1_Data_Warehouse/f1datawarehouse/lib/python3.9/site-packages/airflow/example_dags/plugins/workday.py
[2024-02-24T21:40:47.548-0600] {processor.py:183} INFO - Processing /Users/vamseekrishna/Desktop/F1_Data_Warehouse/f1datawarehouse/lib/python3.9/site-packages/airflow/example_dags/plugins/workday.py took 0.587 seconds
[2024-02-24T21:41:50.243-0600] {processor.py:161} INFO - Started process (PID=8716) to work on /Users/vamseekrishna/Desktop/F1_Data_Warehouse/f1datawarehouse/lib/python3.9/site-packages/airflow/example_dags/plugins/workday.py
[2024-02-24T21:41:50.245-0600] {processor.py:830} INFO - Processing file /Users/vamseekrishna/Desktop/F1_Data_Warehouse/f1datawarehouse/lib/python3.9/site-packages/airflow/example_dags/plugins/workday.py for tasks to queue
[2024-02-24T21:41:50.245-0600] {logging_mixin.py:188} INFO - [2024-02-24T21:41:50.245-0600] {dagbag.py:538} INFO - Filling up the DagBag from /Users/vamseekrishna/Desktop/F1_Data_Warehouse/f1datawarehouse/lib/python3.9/site-packages/airflow/example_dags/plugins/workday.py
[2024-02-24T21:41:50.746-0600] {processor.py:842} WARNING - No viable dags retrieved from /Users/vamseekrishna/Desktop/F1_Data_Warehouse/f1datawarehouse/lib/python3.9/site-packages/airflow/example_dags/plugins/workday.py
[2024-02-24T21:41:50.817-0600] {processor.py:183} INFO - Processing /Users/vamseekrishna/Desktop/F1_Data_Warehouse/f1datawarehouse/lib/python3.9/site-packages/airflow/example_dags/plugins/workday.py took 0.575 seconds
[2024-02-24T21:49:14.872-0600] {processor.py:161} INFO - Started process (PID=9025) to work on /Users/vamseekrishna/Desktop/F1_Data_Warehouse/f1datawarehouse/lib/python3.9/site-packages/airflow/example_dags/plugins/workday.py
[2024-02-24T21:49:14.874-0600] {processor.py:830} INFO - Processing file /Users/vamseekrishna/Desktop/F1_Data_Warehouse/f1datawarehouse/lib/python3.9/site-packages/airflow/example_dags/plugins/workday.py for tasks to queue
[2024-02-24T21:49:14.875-0600] {logging_mixin.py:188} INFO - [2024-02-24T21:49:14.875-0600] {dagbag.py:538} INFO - Filling up the DagBag from /Users/vamseekrishna/Desktop/F1_Data_Warehouse/f1datawarehouse/lib/python3.9/site-packages/airflow/example_dags/plugins/workday.py
[2024-02-24T21:49:15.501-0600] {processor.py:842} WARNING - No viable dags retrieved from /Users/vamseekrishna/Desktop/F1_Data_Warehouse/f1datawarehouse/lib/python3.9/site-packages/airflow/example_dags/plugins/workday.py
[2024-02-24T21:49:15.592-0600] {processor.py:183} INFO - Processing /Users/vamseekrishna/Desktop/F1_Data_Warehouse/f1datawarehouse/lib/python3.9/site-packages/airflow/example_dags/plugins/workday.py took 0.721 seconds
[2024-02-24T21:50:49.488-0600] {processor.py:161} INFO - Started process (PID=9128) to work on /Users/vamseekrishna/Desktop/F1_Data_Warehouse/f1datawarehouse/lib/python3.9/site-packages/airflow/example_dags/plugins/workday.py
[2024-02-24T21:50:49.489-0600] {processor.py:830} INFO - Processing file /Users/vamseekrishna/Desktop/F1_Data_Warehouse/f1datawarehouse/lib/python3.9/site-packages/airflow/example_dags/plugins/workday.py for tasks to queue
[2024-02-24T21:50:49.490-0600] {logging_mixin.py:188} INFO - [2024-02-24T21:50:49.490-0600] {dagbag.py:538} INFO - Filling up the DagBag from /Users/vamseekrishna/Desktop/F1_Data_Warehouse/f1datawarehouse/lib/python3.9/site-packages/airflow/example_dags/plugins/workday.py
[2024-02-24T21:50:49.890-0600] {processor.py:842} WARNING - No viable dags retrieved from /Users/vamseekrishna/Desktop/F1_Data_Warehouse/f1datawarehouse/lib/python3.9/site-packages/airflow/example_dags/plugins/workday.py
[2024-02-24T21:50:49.959-0600] {processor.py:183} INFO - Processing /Users/vamseekrishna/Desktop/F1_Data_Warehouse/f1datawarehouse/lib/python3.9/site-packages/airflow/example_dags/plugins/workday.py took 0.472 seconds
[2024-02-24T21:51:48.616-0600] {processor.py:161} INFO - Started process (PID=9188) to work on /Users/vamseekrishna/Desktop/F1_Data_Warehouse/f1datawarehouse/lib/python3.9/site-packages/airflow/example_dags/plugins/workday.py
[2024-02-24T21:51:48.618-0600] {processor.py:830} INFO - Processing file /Users/vamseekrishna/Desktop/F1_Data_Warehouse/f1datawarehouse/lib/python3.9/site-packages/airflow/example_dags/plugins/workday.py for tasks to queue
[2024-02-24T21:51:48.618-0600] {logging_mixin.py:188} INFO - [2024-02-24T21:51:48.618-0600] {dagbag.py:538} INFO - Filling up the DagBag from /Users/vamseekrishna/Desktop/F1_Data_Warehouse/f1datawarehouse/lib/python3.9/site-packages/airflow/example_dags/plugins/workday.py
[2024-02-24T21:51:49.182-0600] {processor.py:842} WARNING - No viable dags retrieved from /Users/vamseekrishna/Desktop/F1_Data_Warehouse/f1datawarehouse/lib/python3.9/site-packages/airflow/example_dags/plugins/workday.py
[2024-02-24T21:51:49.259-0600] {processor.py:183} INFO - Processing /Users/vamseekrishna/Desktop/F1_Data_Warehouse/f1datawarehouse/lib/python3.9/site-packages/airflow/example_dags/plugins/workday.py took 0.643 seconds
[2024-02-24T21:52:53.293-0600] {processor.py:161} INFO - Started process (PID=9275) to work on /Users/vamseekrishna/Desktop/F1_Data_Warehouse/f1datawarehouse/lib/python3.9/site-packages/airflow/example_dags/plugins/workday.py
[2024-02-24T21:52:53.295-0600] {processor.py:830} INFO - Processing file /Users/vamseekrishna/Desktop/F1_Data_Warehouse/f1datawarehouse/lib/python3.9/site-packages/airflow/example_dags/plugins/workday.py for tasks to queue
[2024-02-24T21:52:53.296-0600] {logging_mixin.py:188} INFO - [2024-02-24T21:52:53.296-0600] {dagbag.py:538} INFO - Filling up the DagBag from /Users/vamseekrishna/Desktop/F1_Data_Warehouse/f1datawarehouse/lib/python3.9/site-packages/airflow/example_dags/plugins/workday.py
[2024-02-24T21:52:53.679-0600] {processor.py:842} WARNING - No viable dags retrieved from /Users/vamseekrishna/Desktop/F1_Data_Warehouse/f1datawarehouse/lib/python3.9/site-packages/airflow/example_dags/plugins/workday.py
[2024-02-24T21:52:53.751-0600] {processor.py:183} INFO - Processing /Users/vamseekrishna/Desktop/F1_Data_Warehouse/f1datawarehouse/lib/python3.9/site-packages/airflow/example_dags/plugins/workday.py took 0.458 seconds
[2024-02-24T21:53:59.195-0600] {processor.py:161} INFO - Started process (PID=9330) to work on /Users/vamseekrishna/Desktop/F1_Data_Warehouse/f1datawarehouse/lib/python3.9/site-packages/airflow/example_dags/plugins/workday.py
[2024-02-24T21:53:59.196-0600] {processor.py:830} INFO - Processing file /Users/vamseekrishna/Desktop/F1_Data_Warehouse/f1datawarehouse/lib/python3.9/site-packages/airflow/example_dags/plugins/workday.py for tasks to queue
[2024-02-24T21:53:59.196-0600] {logging_mixin.py:188} INFO - [2024-02-24T21:53:59.196-0600] {dagbag.py:538} INFO - Filling up the DagBag from /Users/vamseekrishna/Desktop/F1_Data_Warehouse/f1datawarehouse/lib/python3.9/site-packages/airflow/example_dags/plugins/workday.py
[2024-02-24T21:53:59.761-0600] {processor.py:842} WARNING - No viable dags retrieved from /Users/vamseekrishna/Desktop/F1_Data_Warehouse/f1datawarehouse/lib/python3.9/site-packages/airflow/example_dags/plugins/workday.py
[2024-02-24T21:53:59.838-0600] {processor.py:183} INFO - Processing /Users/vamseekrishna/Desktop/F1_Data_Warehouse/f1datawarehouse/lib/python3.9/site-packages/airflow/example_dags/plugins/workday.py took 0.644 seconds
[2024-02-24T21:55:03.051-0600] {processor.py:161} INFO - Started process (PID=9392) to work on /Users/vamseekrishna/Desktop/F1_Data_Warehouse/f1datawarehouse/lib/python3.9/site-packages/airflow/example_dags/plugins/workday.py
[2024-02-24T21:55:03.053-0600] {processor.py:830} INFO - Processing file /Users/vamseekrishna/Desktop/F1_Data_Warehouse/f1datawarehouse/lib/python3.9/site-packages/airflow/example_dags/plugins/workday.py for tasks to queue
[2024-02-24T21:55:03.054-0600] {logging_mixin.py:188} INFO - [2024-02-24T21:55:03.054-0600] {dagbag.py:538} INFO - Filling up the DagBag from /Users/vamseekrishna/Desktop/F1_Data_Warehouse/f1datawarehouse/lib/python3.9/site-packages/airflow/example_dags/plugins/workday.py
[2024-02-24T21:55:03.465-0600] {processor.py:842} WARNING - No viable dags retrieved from /Users/vamseekrishna/Desktop/F1_Data_Warehouse/f1datawarehouse/lib/python3.9/site-packages/airflow/example_dags/plugins/workday.py
[2024-02-24T21:55:03.541-0600] {processor.py:183} INFO - Processing /Users/vamseekrishna/Desktop/F1_Data_Warehouse/f1datawarehouse/lib/python3.9/site-packages/airflow/example_dags/plugins/workday.py took 0.491 seconds
[2024-02-24T21:56:10.616-0600] {processor.py:161} INFO - Started process (PID=9451) to work on /Users/vamseekrishna/Desktop/F1_Data_Warehouse/f1datawarehouse/lib/python3.9/site-packages/airflow/example_dags/plugins/workday.py
[2024-02-24T21:56:10.618-0600] {processor.py:830} INFO - Processing file /Users/vamseekrishna/Desktop/F1_Data_Warehouse/f1datawarehouse/lib/python3.9/site-packages/airflow/example_dags/plugins/workday.py for tasks to queue
[2024-02-24T21:56:10.619-0600] {logging_mixin.py:188} INFO - [2024-02-24T21:56:10.619-0600] {dagbag.py:538} INFO - Filling up the DagBag from /Users/vamseekrishna/Desktop/F1_Data_Warehouse/f1datawarehouse/lib/python3.9/site-packages/airflow/example_dags/plugins/workday.py
[2024-02-24T21:56:11.227-0600] {processor.py:842} WARNING - No viable dags retrieved from /Users/vamseekrishna/Desktop/F1_Data_Warehouse/f1datawarehouse/lib/python3.9/site-packages/airflow/example_dags/plugins/workday.py
[2024-02-24T21:56:11.309-0600] {processor.py:183} INFO - Processing /Users/vamseekrishna/Desktop/F1_Data_Warehouse/f1datawarehouse/lib/python3.9/site-packages/airflow/example_dags/plugins/workday.py took 0.694 seconds
[2024-02-24T21:57:15.849-0600] {processor.py:161} INFO - Started process (PID=9518) to work on /Users/vamseekrishna/Desktop/F1_Data_Warehouse/f1datawarehouse/lib/python3.9/site-packages/airflow/example_dags/plugins/workday.py
[2024-02-24T21:57:15.851-0600] {processor.py:830} INFO - Processing file /Users/vamseekrishna/Desktop/F1_Data_Warehouse/f1datawarehouse/lib/python3.9/site-packages/airflow/example_dags/plugins/workday.py for tasks to queue
[2024-02-24T21:57:15.851-0600] {logging_mixin.py:188} INFO - [2024-02-24T21:57:15.851-0600] {dagbag.py:538} INFO - Filling up the DagBag from /Users/vamseekrishna/Desktop/F1_Data_Warehouse/f1datawarehouse/lib/python3.9/site-packages/airflow/example_dags/plugins/workday.py
[2024-02-24T21:57:16.242-0600] {processor.py:842} WARNING - No viable dags retrieved from /Users/vamseekrishna/Desktop/F1_Data_Warehouse/f1datawarehouse/lib/python3.9/site-packages/airflow/example_dags/plugins/workday.py
[2024-02-24T21:57:16.319-0600] {processor.py:183} INFO - Processing /Users/vamseekrishna/Desktop/F1_Data_Warehouse/f1datawarehouse/lib/python3.9/site-packages/airflow/example_dags/plugins/workday.py took 0.471 seconds
[2024-02-24T21:58:17.398-0600] {processor.py:161} INFO - Started process (PID=9570) to work on /Users/vamseekrishna/Desktop/F1_Data_Warehouse/f1datawarehouse/lib/python3.9/site-packages/airflow/example_dags/plugins/workday.py
[2024-02-24T21:58:17.400-0600] {processor.py:830} INFO - Processing file /Users/vamseekrishna/Desktop/F1_Data_Warehouse/f1datawarehouse/lib/python3.9/site-packages/airflow/example_dags/plugins/workday.py for tasks to queue
[2024-02-24T21:58:17.400-0600] {logging_mixin.py:188} INFO - [2024-02-24T21:58:17.400-0600] {dagbag.py:538} INFO - Filling up the DagBag from /Users/vamseekrishna/Desktop/F1_Data_Warehouse/f1datawarehouse/lib/python3.9/site-packages/airflow/example_dags/plugins/workday.py
[2024-02-24T21:58:17.898-0600] {processor.py:842} WARNING - No viable dags retrieved from /Users/vamseekrishna/Desktop/F1_Data_Warehouse/f1datawarehouse/lib/python3.9/site-packages/airflow/example_dags/plugins/workday.py
[2024-02-24T21:58:17.969-0600] {processor.py:183} INFO - Processing /Users/vamseekrishna/Desktop/F1_Data_Warehouse/f1datawarehouse/lib/python3.9/site-packages/airflow/example_dags/plugins/workday.py took 0.572 seconds
[2024-02-24T21:59:18.890-0600] {processor.py:161} INFO - Started process (PID=9635) to work on /Users/vamseekrishna/Desktop/F1_Data_Warehouse/f1datawarehouse/lib/python3.9/site-packages/airflow/example_dags/plugins/workday.py
[2024-02-24T21:59:18.893-0600] {processor.py:830} INFO - Processing file /Users/vamseekrishna/Desktop/F1_Data_Warehouse/f1datawarehouse/lib/python3.9/site-packages/airflow/example_dags/plugins/workday.py for tasks to queue
[2024-02-24T21:59:18.893-0600] {logging_mixin.py:188} INFO - [2024-02-24T21:59:18.893-0600] {dagbag.py:538} INFO - Filling up the DagBag from /Users/vamseekrishna/Desktop/F1_Data_Warehouse/f1datawarehouse/lib/python3.9/site-packages/airflow/example_dags/plugins/workday.py
[2024-02-24T21:59:19.349-0600] {processor.py:842} WARNING - No viable dags retrieved from /Users/vamseekrishna/Desktop/F1_Data_Warehouse/f1datawarehouse/lib/python3.9/site-packages/airflow/example_dags/plugins/workday.py
[2024-02-24T21:59:19.421-0600] {processor.py:183} INFO - Processing /Users/vamseekrishna/Desktop/F1_Data_Warehouse/f1datawarehouse/lib/python3.9/site-packages/airflow/example_dags/plugins/workday.py took 0.532 seconds
