[2024-02-24T21:34:04.504-0600] {processor.py:161} INFO - Started process (PID=7816) to work on /Users/vamseekrishna/Desktop/F1_Data_Warehouse/f1datawarehouse/lib/python3.9/site-packages/airflow/example_dags/subdags/subdag.py
[2024-02-24T21:34:04.506-0600] {processor.py:830} INFO - Processing file /Users/vamseekrishna/Desktop/F1_Data_Warehouse/f1datawarehouse/lib/python3.9/site-packages/airflow/example_dags/subdags/subdag.py for tasks to queue
[2024-02-24T21:34:04.507-0600] {logging_mixin.py:188} INFO - [2024-02-24T21:34:04.507-0600] {dagbag.py:538} INFO - Filling up the DagBag from /Users/vamseekrishna/Desktop/F1_Data_Warehouse/f1datawarehouse/lib/python3.9/site-packages/airflow/example_dags/subdags/subdag.py
[2024-02-24T21:34:04.513-0600] {processor.py:842} WARNING - No viable dags retrieved from /Users/vamseekrishna/Desktop/F1_Data_Warehouse/f1datawarehouse/lib/python3.9/site-packages/airflow/example_dags/subdags/subdag.py
[2024-02-24T21:34:04.571-0600] {processor.py:183} INFO - Processing /Users/vamseekrishna/Desktop/F1_Data_Warehouse/f1datawarehouse/lib/python3.9/site-packages/airflow/example_dags/subdags/subdag.py took 0.067 seconds
[2024-02-24T21:36:08.943-0600] {processor.py:161} INFO - Started process (PID=8164) to work on /Users/vamseekrishna/Desktop/F1_Data_Warehouse/f1datawarehouse/lib/python3.9/site-packages/airflow/example_dags/subdags/subdag.py
[2024-02-24T21:36:08.945-0600] {processor.py:830} INFO - Processing file /Users/vamseekrishna/Desktop/F1_Data_Warehouse/f1datawarehouse/lib/python3.9/site-packages/airflow/example_dags/subdags/subdag.py for tasks to queue
[2024-02-24T21:36:08.945-0600] {logging_mixin.py:188} INFO - [2024-02-24T21:36:08.945-0600] {dagbag.py:538} INFO - Filling up the DagBag from /Users/vamseekrishna/Desktop/F1_Data_Warehouse/f1datawarehouse/lib/python3.9/site-packages/airflow/example_dags/subdags/subdag.py
[2024-02-24T21:36:08.946-0600] {processor.py:842} WARNING - No viable dags retrieved from /Users/vamseekrishna/Desktop/F1_Data_Warehouse/f1datawarehouse/lib/python3.9/site-packages/airflow/example_dags/subdags/subdag.py
[2024-02-24T21:36:08.989-0600] {processor.py:183} INFO - Processing /Users/vamseekrishna/Desktop/F1_Data_Warehouse/f1datawarehouse/lib/python3.9/site-packages/airflow/example_dags/subdags/subdag.py took 0.046 seconds
[2024-02-24T21:37:44.176-0600] {processor.py:161} INFO - Started process (PID=8320) to work on /Users/vamseekrishna/Desktop/F1_Data_Warehouse/f1datawarehouse/lib/python3.9/site-packages/airflow/example_dags/subdags/subdag.py
[2024-02-24T21:37:44.178-0600] {processor.py:830} INFO - Processing file /Users/vamseekrishna/Desktop/F1_Data_Warehouse/f1datawarehouse/lib/python3.9/site-packages/airflow/example_dags/subdags/subdag.py for tasks to queue
[2024-02-24T21:37:44.178-0600] {logging_mixin.py:188} INFO - [2024-02-24T21:37:44.178-0600] {dagbag.py:538} INFO - Filling up the DagBag from /Users/vamseekrishna/Desktop/F1_Data_Warehouse/f1datawarehouse/lib/python3.9/site-packages/airflow/example_dags/subdags/subdag.py
[2024-02-24T21:37:44.179-0600] {processor.py:842} WARNING - No viable dags retrieved from /Users/vamseekrishna/Desktop/F1_Data_Warehouse/f1datawarehouse/lib/python3.9/site-packages/airflow/example_dags/subdags/subdag.py
[2024-02-24T21:37:44.216-0600] {processor.py:183} INFO - Processing /Users/vamseekrishna/Desktop/F1_Data_Warehouse/f1datawarehouse/lib/python3.9/site-packages/airflow/example_dags/subdags/subdag.py took 0.041 seconds
[2024-02-24T21:38:44.675-0600] {processor.py:161} INFO - Started process (PID=8426) to work on /Users/vamseekrishna/Desktop/F1_Data_Warehouse/f1datawarehouse/lib/python3.9/site-packages/airflow/example_dags/subdags/subdag.py
[2024-02-24T21:38:44.676-0600] {processor.py:830} INFO - Processing file /Users/vamseekrishna/Desktop/F1_Data_Warehouse/f1datawarehouse/lib/python3.9/site-packages/airflow/example_dags/subdags/subdag.py for tasks to queue
[2024-02-24T21:38:44.676-0600] {logging_mixin.py:188} INFO - [2024-02-24T21:38:44.676-0600] {dagbag.py:538} INFO - Filling up the DagBag from /Users/vamseekrishna/Desktop/F1_Data_Warehouse/f1datawarehouse/lib/python3.9/site-packages/airflow/example_dags/subdags/subdag.py
[2024-02-24T21:38:44.677-0600] {processor.py:842} WARNING - No viable dags retrieved from /Users/vamseekrishna/Desktop/F1_Data_Warehouse/f1datawarehouse/lib/python3.9/site-packages/airflow/example_dags/subdags/subdag.py
[2024-02-24T21:38:44.714-0600] {processor.py:183} INFO - Processing /Users/vamseekrishna/Desktop/F1_Data_Warehouse/f1datawarehouse/lib/python3.9/site-packages/airflow/example_dags/subdags/subdag.py took 0.040 seconds
[2024-02-24T21:39:43.296-0600] {processor.py:161} INFO - Started process (PID=8514) to work on /Users/vamseekrishna/Desktop/F1_Data_Warehouse/f1datawarehouse/lib/python3.9/site-packages/airflow/example_dags/subdags/subdag.py
[2024-02-24T21:39:43.298-0600] {processor.py:830} INFO - Processing file /Users/vamseekrishna/Desktop/F1_Data_Warehouse/f1datawarehouse/lib/python3.9/site-packages/airflow/example_dags/subdags/subdag.py for tasks to queue
[2024-02-24T21:39:43.299-0600] {logging_mixin.py:188} INFO - [2024-02-24T21:39:43.298-0600] {dagbag.py:538} INFO - Filling up the DagBag from /Users/vamseekrishna/Desktop/F1_Data_Warehouse/f1datawarehouse/lib/python3.9/site-packages/airflow/example_dags/subdags/subdag.py
[2024-02-24T21:39:43.300-0600] {processor.py:842} WARNING - No viable dags retrieved from /Users/vamseekrishna/Desktop/F1_Data_Warehouse/f1datawarehouse/lib/python3.9/site-packages/airflow/example_dags/subdags/subdag.py
[2024-02-24T21:39:43.337-0600] {processor.py:183} INFO - Processing /Users/vamseekrishna/Desktop/F1_Data_Warehouse/f1datawarehouse/lib/python3.9/site-packages/airflow/example_dags/subdags/subdag.py took 0.041 seconds
[2024-02-24T21:40:45.987-0600] {processor.py:161} INFO - Started process (PID=8627) to work on /Users/vamseekrishna/Desktop/F1_Data_Warehouse/f1datawarehouse/lib/python3.9/site-packages/airflow/example_dags/subdags/subdag.py
[2024-02-24T21:40:45.989-0600] {processor.py:830} INFO - Processing file /Users/vamseekrishna/Desktop/F1_Data_Warehouse/f1datawarehouse/lib/python3.9/site-packages/airflow/example_dags/subdags/subdag.py for tasks to queue
[2024-02-24T21:40:45.989-0600] {logging_mixin.py:188} INFO - [2024-02-24T21:40:45.989-0600] {dagbag.py:538} INFO - Filling up the DagBag from /Users/vamseekrishna/Desktop/F1_Data_Warehouse/f1datawarehouse/lib/python3.9/site-packages/airflow/example_dags/subdags/subdag.py
[2024-02-24T21:40:45.990-0600] {processor.py:842} WARNING - No viable dags retrieved from /Users/vamseekrishna/Desktop/F1_Data_Warehouse/f1datawarehouse/lib/python3.9/site-packages/airflow/example_dags/subdags/subdag.py
[2024-02-24T21:40:46.027-0600] {processor.py:183} INFO - Processing /Users/vamseekrishna/Desktop/F1_Data_Warehouse/f1datawarehouse/lib/python3.9/site-packages/airflow/example_dags/subdags/subdag.py took 0.041 seconds
[2024-02-24T21:41:48.120-0600] {processor.py:161} INFO - Started process (PID=8712) to work on /Users/vamseekrishna/Desktop/F1_Data_Warehouse/f1datawarehouse/lib/python3.9/site-packages/airflow/example_dags/subdags/subdag.py
[2024-02-24T21:41:48.121-0600] {processor.py:830} INFO - Processing file /Users/vamseekrishna/Desktop/F1_Data_Warehouse/f1datawarehouse/lib/python3.9/site-packages/airflow/example_dags/subdags/subdag.py for tasks to queue
[2024-02-24T21:41:48.122-0600] {logging_mixin.py:188} INFO - [2024-02-24T21:41:48.122-0600] {dagbag.py:538} INFO - Filling up the DagBag from /Users/vamseekrishna/Desktop/F1_Data_Warehouse/f1datawarehouse/lib/python3.9/site-packages/airflow/example_dags/subdags/subdag.py
[2024-02-24T21:41:48.123-0600] {processor.py:842} WARNING - No viable dags retrieved from /Users/vamseekrishna/Desktop/F1_Data_Warehouse/f1datawarehouse/lib/python3.9/site-packages/airflow/example_dags/subdags/subdag.py
[2024-02-24T21:41:48.160-0600] {processor.py:183} INFO - Processing /Users/vamseekrishna/Desktop/F1_Data_Warehouse/f1datawarehouse/lib/python3.9/site-packages/airflow/example_dags/subdags/subdag.py took 0.041 seconds
[2024-02-24T21:49:12.865-0600] {processor.py:161} INFO - Started process (PID=9022) to work on /Users/vamseekrishna/Desktop/F1_Data_Warehouse/f1datawarehouse/lib/python3.9/site-packages/airflow/example_dags/subdags/subdag.py
[2024-02-24T21:49:12.868-0600] {processor.py:830} INFO - Processing file /Users/vamseekrishna/Desktop/F1_Data_Warehouse/f1datawarehouse/lib/python3.9/site-packages/airflow/example_dags/subdags/subdag.py for tasks to queue
[2024-02-24T21:49:12.868-0600] {logging_mixin.py:188} INFO - [2024-02-24T21:49:12.868-0600] {dagbag.py:538} INFO - Filling up the DagBag from /Users/vamseekrishna/Desktop/F1_Data_Warehouse/f1datawarehouse/lib/python3.9/site-packages/airflow/example_dags/subdags/subdag.py
[2024-02-24T21:49:12.869-0600] {processor.py:842} WARNING - No viable dags retrieved from /Users/vamseekrishna/Desktop/F1_Data_Warehouse/f1datawarehouse/lib/python3.9/site-packages/airflow/example_dags/subdags/subdag.py
[2024-02-24T21:49:12.907-0600] {processor.py:183} INFO - Processing /Users/vamseekrishna/Desktop/F1_Data_Warehouse/f1datawarehouse/lib/python3.9/site-packages/airflow/example_dags/subdags/subdag.py took 0.043 seconds
[2024-02-24T21:50:47.575-0600] {processor.py:161} INFO - Started process (PID=9125) to work on /Users/vamseekrishna/Desktop/F1_Data_Warehouse/f1datawarehouse/lib/python3.9/site-packages/airflow/example_dags/subdags/subdag.py
[2024-02-24T21:50:47.576-0600] {processor.py:830} INFO - Processing file /Users/vamseekrishna/Desktop/F1_Data_Warehouse/f1datawarehouse/lib/python3.9/site-packages/airflow/example_dags/subdags/subdag.py for tasks to queue
[2024-02-24T21:50:47.577-0600] {logging_mixin.py:188} INFO - [2024-02-24T21:50:47.577-0600] {dagbag.py:538} INFO - Filling up the DagBag from /Users/vamseekrishna/Desktop/F1_Data_Warehouse/f1datawarehouse/lib/python3.9/site-packages/airflow/example_dags/subdags/subdag.py
[2024-02-24T21:50:47.578-0600] {processor.py:842} WARNING - No viable dags retrieved from /Users/vamseekrishna/Desktop/F1_Data_Warehouse/f1datawarehouse/lib/python3.9/site-packages/airflow/example_dags/subdags/subdag.py
[2024-02-24T21:50:47.614-0600] {processor.py:183} INFO - Processing /Users/vamseekrishna/Desktop/F1_Data_Warehouse/f1datawarehouse/lib/python3.9/site-packages/airflow/example_dags/subdags/subdag.py took 0.040 seconds
[2024-02-24T21:51:46.695-0600] {processor.py:161} INFO - Started process (PID=9183) to work on /Users/vamseekrishna/Desktop/F1_Data_Warehouse/f1datawarehouse/lib/python3.9/site-packages/airflow/example_dags/subdags/subdag.py
[2024-02-24T21:51:46.697-0600] {processor.py:830} INFO - Processing file /Users/vamseekrishna/Desktop/F1_Data_Warehouse/f1datawarehouse/lib/python3.9/site-packages/airflow/example_dags/subdags/subdag.py for tasks to queue
[2024-02-24T21:51:46.697-0600] {logging_mixin.py:188} INFO - [2024-02-24T21:51:46.697-0600] {dagbag.py:538} INFO - Filling up the DagBag from /Users/vamseekrishna/Desktop/F1_Data_Warehouse/f1datawarehouse/lib/python3.9/site-packages/airflow/example_dags/subdags/subdag.py
[2024-02-24T21:51:46.698-0600] {processor.py:842} WARNING - No viable dags retrieved from /Users/vamseekrishna/Desktop/F1_Data_Warehouse/f1datawarehouse/lib/python3.9/site-packages/airflow/example_dags/subdags/subdag.py
[2024-02-24T21:51:46.734-0600] {processor.py:183} INFO - Processing /Users/vamseekrishna/Desktop/F1_Data_Warehouse/f1datawarehouse/lib/python3.9/site-packages/airflow/example_dags/subdags/subdag.py took 0.040 seconds
[2024-02-24T21:52:51.378-0600] {processor.py:161} INFO - Started process (PID=9273) to work on /Users/vamseekrishna/Desktop/F1_Data_Warehouse/f1datawarehouse/lib/python3.9/site-packages/airflow/example_dags/subdags/subdag.py
[2024-02-24T21:52:51.379-0600] {processor.py:830} INFO - Processing file /Users/vamseekrishna/Desktop/F1_Data_Warehouse/f1datawarehouse/lib/python3.9/site-packages/airflow/example_dags/subdags/subdag.py for tasks to queue
[2024-02-24T21:52:51.380-0600] {logging_mixin.py:188} INFO - [2024-02-24T21:52:51.380-0600] {dagbag.py:538} INFO - Filling up the DagBag from /Users/vamseekrishna/Desktop/F1_Data_Warehouse/f1datawarehouse/lib/python3.9/site-packages/airflow/example_dags/subdags/subdag.py
[2024-02-24T21:52:51.381-0600] {processor.py:842} WARNING - No viable dags retrieved from /Users/vamseekrishna/Desktop/F1_Data_Warehouse/f1datawarehouse/lib/python3.9/site-packages/airflow/example_dags/subdags/subdag.py
[2024-02-24T21:52:51.419-0600] {processor.py:183} INFO - Processing /Users/vamseekrishna/Desktop/F1_Data_Warehouse/f1datawarehouse/lib/python3.9/site-packages/airflow/example_dags/subdags/subdag.py took 0.042 seconds
[2024-02-24T21:53:57.187-0600] {processor.py:161} INFO - Started process (PID=9329) to work on /Users/vamseekrishna/Desktop/F1_Data_Warehouse/f1datawarehouse/lib/python3.9/site-packages/airflow/example_dags/subdags/subdag.py
[2024-02-24T21:53:57.191-0600] {processor.py:830} INFO - Processing file /Users/vamseekrishna/Desktop/F1_Data_Warehouse/f1datawarehouse/lib/python3.9/site-packages/airflow/example_dags/subdags/subdag.py for tasks to queue
[2024-02-24T21:53:57.191-0600] {logging_mixin.py:188} INFO - [2024-02-24T21:53:57.191-0600] {dagbag.py:538} INFO - Filling up the DagBag from /Users/vamseekrishna/Desktop/F1_Data_Warehouse/f1datawarehouse/lib/python3.9/site-packages/airflow/example_dags/subdags/subdag.py
[2024-02-24T21:53:57.193-0600] {processor.py:842} WARNING - No viable dags retrieved from /Users/vamseekrishna/Desktop/F1_Data_Warehouse/f1datawarehouse/lib/python3.9/site-packages/airflow/example_dags/subdags/subdag.py
[2024-02-24T21:53:57.243-0600] {processor.py:183} INFO - Processing /Users/vamseekrishna/Desktop/F1_Data_Warehouse/f1datawarehouse/lib/python3.9/site-packages/airflow/example_dags/subdags/subdag.py took 0.057 seconds
[2024-02-24T21:55:00.946-0600] {processor.py:161} INFO - Started process (PID=9389) to work on /Users/vamseekrishna/Desktop/F1_Data_Warehouse/f1datawarehouse/lib/python3.9/site-packages/airflow/example_dags/subdags/subdag.py
[2024-02-24T21:55:00.948-0600] {processor.py:830} INFO - Processing file /Users/vamseekrishna/Desktop/F1_Data_Warehouse/f1datawarehouse/lib/python3.9/site-packages/airflow/example_dags/subdags/subdag.py for tasks to queue
[2024-02-24T21:55:00.949-0600] {logging_mixin.py:188} INFO - [2024-02-24T21:55:00.949-0600] {dagbag.py:538} INFO - Filling up the DagBag from /Users/vamseekrishna/Desktop/F1_Data_Warehouse/f1datawarehouse/lib/python3.9/site-packages/airflow/example_dags/subdags/subdag.py
[2024-02-24T21:55:00.951-0600] {processor.py:842} WARNING - No viable dags retrieved from /Users/vamseekrishna/Desktop/F1_Data_Warehouse/f1datawarehouse/lib/python3.9/site-packages/airflow/example_dags/subdags/subdag.py
[2024-02-24T21:55:01.036-0600] {processor.py:183} INFO - Processing /Users/vamseekrishna/Desktop/F1_Data_Warehouse/f1datawarehouse/lib/python3.9/site-packages/airflow/example_dags/subdags/subdag.py took 0.091 seconds
[2024-02-24T21:56:08.514-0600] {processor.py:161} INFO - Started process (PID=9448) to work on /Users/vamseekrishna/Desktop/F1_Data_Warehouse/f1datawarehouse/lib/python3.9/site-packages/airflow/example_dags/subdags/subdag.py
[2024-02-24T21:56:08.516-0600] {processor.py:830} INFO - Processing file /Users/vamseekrishna/Desktop/F1_Data_Warehouse/f1datawarehouse/lib/python3.9/site-packages/airflow/example_dags/subdags/subdag.py for tasks to queue
[2024-02-24T21:56:08.517-0600] {logging_mixin.py:188} INFO - [2024-02-24T21:56:08.517-0600] {dagbag.py:538} INFO - Filling up the DagBag from /Users/vamseekrishna/Desktop/F1_Data_Warehouse/f1datawarehouse/lib/python3.9/site-packages/airflow/example_dags/subdags/subdag.py
[2024-02-24T21:56:08.519-0600] {processor.py:842} WARNING - No viable dags retrieved from /Users/vamseekrishna/Desktop/F1_Data_Warehouse/f1datawarehouse/lib/python3.9/site-packages/airflow/example_dags/subdags/subdag.py
[2024-02-24T21:56:08.561-0600] {processor.py:183} INFO - Processing /Users/vamseekrishna/Desktop/F1_Data_Warehouse/f1datawarehouse/lib/python3.9/site-packages/airflow/example_dags/subdags/subdag.py took 0.048 seconds
[2024-02-24T21:57:13.932-0600] {processor.py:161} INFO - Started process (PID=9516) to work on /Users/vamseekrishna/Desktop/F1_Data_Warehouse/f1datawarehouse/lib/python3.9/site-packages/airflow/example_dags/subdags/subdag.py
[2024-02-24T21:57:13.933-0600] {processor.py:830} INFO - Processing file /Users/vamseekrishna/Desktop/F1_Data_Warehouse/f1datawarehouse/lib/python3.9/site-packages/airflow/example_dags/subdags/subdag.py for tasks to queue
[2024-02-24T21:57:13.933-0600] {logging_mixin.py:188} INFO - [2024-02-24T21:57:13.933-0600] {dagbag.py:538} INFO - Filling up the DagBag from /Users/vamseekrishna/Desktop/F1_Data_Warehouse/f1datawarehouse/lib/python3.9/site-packages/airflow/example_dags/subdags/subdag.py
[2024-02-24T21:57:13.935-0600] {processor.py:842} WARNING - No viable dags retrieved from /Users/vamseekrishna/Desktop/F1_Data_Warehouse/f1datawarehouse/lib/python3.9/site-packages/airflow/example_dags/subdags/subdag.py
[2024-02-24T21:57:13.972-0600] {processor.py:183} INFO - Processing /Users/vamseekrishna/Desktop/F1_Data_Warehouse/f1datawarehouse/lib/python3.9/site-packages/airflow/example_dags/subdags/subdag.py took 0.041 seconds
[2024-02-24T21:58:15.481-0600] {processor.py:161} INFO - Started process (PID=9569) to work on /Users/vamseekrishna/Desktop/F1_Data_Warehouse/f1datawarehouse/lib/python3.9/site-packages/airflow/example_dags/subdags/subdag.py
[2024-02-24T21:58:15.482-0600] {processor.py:830} INFO - Processing file /Users/vamseekrishna/Desktop/F1_Data_Warehouse/f1datawarehouse/lib/python3.9/site-packages/airflow/example_dags/subdags/subdag.py for tasks to queue
[2024-02-24T21:58:15.483-0600] {logging_mixin.py:188} INFO - [2024-02-24T21:58:15.482-0600] {dagbag.py:538} INFO - Filling up the DagBag from /Users/vamseekrishna/Desktop/F1_Data_Warehouse/f1datawarehouse/lib/python3.9/site-packages/airflow/example_dags/subdags/subdag.py
[2024-02-24T21:58:15.484-0600] {processor.py:842} WARNING - No viable dags retrieved from /Users/vamseekrishna/Desktop/F1_Data_Warehouse/f1datawarehouse/lib/python3.9/site-packages/airflow/example_dags/subdags/subdag.py
[2024-02-24T21:58:15.528-0600] {processor.py:183} INFO - Processing /Users/vamseekrishna/Desktop/F1_Data_Warehouse/f1datawarehouse/lib/python3.9/site-packages/airflow/example_dags/subdags/subdag.py took 0.047 seconds
[2024-02-24T21:59:17.891-0600] {processor.py:161} INFO - Started process (PID=9634) to work on /Users/vamseekrishna/Desktop/F1_Data_Warehouse/f1datawarehouse/lib/python3.9/site-packages/airflow/example_dags/subdags/subdag.py
[2024-02-24T21:59:17.893-0600] {processor.py:830} INFO - Processing file /Users/vamseekrishna/Desktop/F1_Data_Warehouse/f1datawarehouse/lib/python3.9/site-packages/airflow/example_dags/subdags/subdag.py for tasks to queue
[2024-02-24T21:59:17.893-0600] {logging_mixin.py:188} INFO - [2024-02-24T21:59:17.893-0600] {dagbag.py:538} INFO - Filling up the DagBag from /Users/vamseekrishna/Desktop/F1_Data_Warehouse/f1datawarehouse/lib/python3.9/site-packages/airflow/example_dags/subdags/subdag.py
[2024-02-24T21:59:17.894-0600] {processor.py:842} WARNING - No viable dags retrieved from /Users/vamseekrishna/Desktop/F1_Data_Warehouse/f1datawarehouse/lib/python3.9/site-packages/airflow/example_dags/subdags/subdag.py
[2024-02-24T21:59:17.935-0600] {processor.py:183} INFO - Processing /Users/vamseekrishna/Desktop/F1_Data_Warehouse/f1datawarehouse/lib/python3.9/site-packages/airflow/example_dags/subdags/subdag.py took 0.044 seconds
