[2024-02-24T11:47:16.836-0600] {processor.py:161} INFO - Started process (PID=74892) to work on /Users/vamseekrishna/Desktop/F1_Data_Warehouse/f1datawarehouse/lib/python3.9/site-packages/airflow/example_dags/plugins/workday.py
[2024-02-24T11:47:16.837-0600] {processor.py:830} INFO - Processing file /Users/vamseekrishna/Desktop/F1_Data_Warehouse/f1datawarehouse/lib/python3.9/site-packages/airflow/example_dags/plugins/workday.py for tasks to queue
[2024-02-24T11:47:16.838-0600] {logging_mixin.py:188} INFO - [2024-02-24T11:47:16.838-0600] {dagbag.py:538} INFO - Filling up the DagBag from /Users/vamseekrishna/Desktop/F1_Data_Warehouse/f1datawarehouse/lib/python3.9/site-packages/airflow/example_dags/plugins/workday.py
[2024-02-24T11:47:17.428-0600] {processor.py:842} WARNING - No viable dags retrieved from /Users/vamseekrishna/Desktop/F1_Data_Warehouse/f1datawarehouse/lib/python3.9/site-packages/airflow/example_dags/plugins/workday.py
[2024-02-24T11:47:17.501-0600] {processor.py:183} INFO - Processing /Users/vamseekrishna/Desktop/F1_Data_Warehouse/f1datawarehouse/lib/python3.9/site-packages/airflow/example_dags/plugins/workday.py took 0.665 seconds
[2024-02-24T11:48:47.841-0600] {processor.py:161} INFO - Started process (PID=75072) to work on /Users/vamseekrishna/Desktop/F1_Data_Warehouse/f1datawarehouse/lib/python3.9/site-packages/airflow/example_dags/plugins/workday.py
[2024-02-24T11:48:47.843-0600] {processor.py:830} INFO - Processing file /Users/vamseekrishna/Desktop/F1_Data_Warehouse/f1datawarehouse/lib/python3.9/site-packages/airflow/example_dags/plugins/workday.py for tasks to queue
[2024-02-24T11:48:47.843-0600] {logging_mixin.py:188} INFO - [2024-02-24T11:48:47.843-0600] {dagbag.py:538} INFO - Filling up the DagBag from /Users/vamseekrishna/Desktop/F1_Data_Warehouse/f1datawarehouse/lib/python3.9/site-packages/airflow/example_dags/plugins/workday.py
[2024-02-24T11:48:48.300-0600] {processor.py:842} WARNING - No viable dags retrieved from /Users/vamseekrishna/Desktop/F1_Data_Warehouse/f1datawarehouse/lib/python3.9/site-packages/airflow/example_dags/plugins/workday.py
[2024-02-24T11:48:48.375-0600] {processor.py:183} INFO - Processing /Users/vamseekrishna/Desktop/F1_Data_Warehouse/f1datawarehouse/lib/python3.9/site-packages/airflow/example_dags/plugins/workday.py took 0.535 seconds
[2024-02-24T11:49:46.973-0600] {processor.py:161} INFO - Started process (PID=75177) to work on /Users/vamseekrishna/Desktop/F1_Data_Warehouse/f1datawarehouse/lib/python3.9/site-packages/airflow/example_dags/plugins/workday.py
[2024-02-24T11:49:46.975-0600] {processor.py:830} INFO - Processing file /Users/vamseekrishna/Desktop/F1_Data_Warehouse/f1datawarehouse/lib/python3.9/site-packages/airflow/example_dags/plugins/workday.py for tasks to queue
[2024-02-24T11:49:46.975-0600] {logging_mixin.py:188} INFO - [2024-02-24T11:49:46.975-0600] {dagbag.py:538} INFO - Filling up the DagBag from /Users/vamseekrishna/Desktop/F1_Data_Warehouse/f1datawarehouse/lib/python3.9/site-packages/airflow/example_dags/plugins/workday.py
[2024-02-24T11:49:47.560-0600] {processor.py:842} WARNING - No viable dags retrieved from /Users/vamseekrishna/Desktop/F1_Data_Warehouse/f1datawarehouse/lib/python3.9/site-packages/airflow/example_dags/plugins/workday.py
[2024-02-24T11:49:47.632-0600] {processor.py:183} INFO - Processing /Users/vamseekrishna/Desktop/F1_Data_Warehouse/f1datawarehouse/lib/python3.9/site-packages/airflow/example_dags/plugins/workday.py took 0.660 seconds
[2024-02-24T11:50:55.505-0600] {processor.py:161} INFO - Started process (PID=75300) to work on /Users/vamseekrishna/Desktop/F1_Data_Warehouse/f1datawarehouse/lib/python3.9/site-packages/airflow/example_dags/plugins/workday.py
[2024-02-24T11:50:55.507-0600] {processor.py:830} INFO - Processing file /Users/vamseekrishna/Desktop/F1_Data_Warehouse/f1datawarehouse/lib/python3.9/site-packages/airflow/example_dags/plugins/workday.py for tasks to queue
[2024-02-24T11:50:55.507-0600] {logging_mixin.py:188} INFO - [2024-02-24T11:50:55.507-0600] {dagbag.py:538} INFO - Filling up the DagBag from /Users/vamseekrishna/Desktop/F1_Data_Warehouse/f1datawarehouse/lib/python3.9/site-packages/airflow/example_dags/plugins/workday.py
[2024-02-24T11:50:56.106-0600] {processor.py:842} WARNING - No viable dags retrieved from /Users/vamseekrishna/Desktop/F1_Data_Warehouse/f1datawarehouse/lib/python3.9/site-packages/airflow/example_dags/plugins/workday.py
[2024-02-24T11:50:56.177-0600] {processor.py:183} INFO - Processing /Users/vamseekrishna/Desktop/F1_Data_Warehouse/f1datawarehouse/lib/python3.9/site-packages/airflow/example_dags/plugins/workday.py took 0.673 seconds
[2024-02-24T11:52:04.687-0600] {processor.py:161} INFO - Started process (PID=75383) to work on /Users/vamseekrishna/Desktop/F1_Data_Warehouse/f1datawarehouse/lib/python3.9/site-packages/airflow/example_dags/plugins/workday.py
[2024-02-24T11:52:04.689-0600] {processor.py:830} INFO - Processing file /Users/vamseekrishna/Desktop/F1_Data_Warehouse/f1datawarehouse/lib/python3.9/site-packages/airflow/example_dags/plugins/workday.py for tasks to queue
[2024-02-24T11:52:04.690-0600] {logging_mixin.py:188} INFO - [2024-02-24T11:52:04.689-0600] {dagbag.py:538} INFO - Filling up the DagBag from /Users/vamseekrishna/Desktop/F1_Data_Warehouse/f1datawarehouse/lib/python3.9/site-packages/airflow/example_dags/plugins/workday.py
[2024-02-24T11:52:05.210-0600] {processor.py:842} WARNING - No viable dags retrieved from /Users/vamseekrishna/Desktop/F1_Data_Warehouse/f1datawarehouse/lib/python3.9/site-packages/airflow/example_dags/plugins/workday.py
[2024-02-24T11:52:05.285-0600] {processor.py:183} INFO - Processing /Users/vamseekrishna/Desktop/F1_Data_Warehouse/f1datawarehouse/lib/python3.9/site-packages/airflow/example_dags/plugins/workday.py took 0.598 seconds
[2024-02-24T11:53:14.997-0600] {processor.py:161} INFO - Started process (PID=75478) to work on /Users/vamseekrishna/Desktop/F1_Data_Warehouse/f1datawarehouse/lib/python3.9/site-packages/airflow/example_dags/plugins/workday.py
[2024-02-24T11:53:14.999-0600] {processor.py:830} INFO - Processing file /Users/vamseekrishna/Desktop/F1_Data_Warehouse/f1datawarehouse/lib/python3.9/site-packages/airflow/example_dags/plugins/workday.py for tasks to queue
[2024-02-24T11:53:14.999-0600] {logging_mixin.py:188} INFO - [2024-02-24T11:53:14.999-0600] {dagbag.py:538} INFO - Filling up the DagBag from /Users/vamseekrishna/Desktop/F1_Data_Warehouse/f1datawarehouse/lib/python3.9/site-packages/airflow/example_dags/plugins/workday.py
[2024-02-24T11:53:15.543-0600] {processor.py:842} WARNING - No viable dags retrieved from /Users/vamseekrishna/Desktop/F1_Data_Warehouse/f1datawarehouse/lib/python3.9/site-packages/airflow/example_dags/plugins/workday.py
[2024-02-24T11:53:15.615-0600] {processor.py:183} INFO - Processing /Users/vamseekrishna/Desktop/F1_Data_Warehouse/f1datawarehouse/lib/python3.9/site-packages/airflow/example_dags/plugins/workday.py took 0.618 seconds
[2024-02-24T11:54:16.781-0600] {processor.py:161} INFO - Started process (PID=75525) to work on /Users/vamseekrishna/Desktop/F1_Data_Warehouse/f1datawarehouse/lib/python3.9/site-packages/airflow/example_dags/plugins/workday.py
[2024-02-24T11:54:16.782-0600] {processor.py:830} INFO - Processing file /Users/vamseekrishna/Desktop/F1_Data_Warehouse/f1datawarehouse/lib/python3.9/site-packages/airflow/example_dags/plugins/workday.py for tasks to queue
[2024-02-24T11:54:16.783-0600] {logging_mixin.py:188} INFO - [2024-02-24T11:54:16.783-0600] {dagbag.py:538} INFO - Filling up the DagBag from /Users/vamseekrishna/Desktop/F1_Data_Warehouse/f1datawarehouse/lib/python3.9/site-packages/airflow/example_dags/plugins/workday.py
[2024-02-24T11:54:17.376-0600] {processor.py:842} WARNING - No viable dags retrieved from /Users/vamseekrishna/Desktop/F1_Data_Warehouse/f1datawarehouse/lib/python3.9/site-packages/airflow/example_dags/plugins/workday.py
[2024-02-24T11:54:17.447-0600] {processor.py:183} INFO - Processing /Users/vamseekrishna/Desktop/F1_Data_Warehouse/f1datawarehouse/lib/python3.9/site-packages/airflow/example_dags/plugins/workday.py took 0.666 seconds
[2024-02-24T11:55:13.228-0600] {processor.py:161} INFO - Started process (PID=75565) to work on /Users/vamseekrishna/Desktop/F1_Data_Warehouse/f1datawarehouse/lib/python3.9/site-packages/airflow/example_dags/plugins/workday.py
[2024-02-24T11:55:13.230-0600] {processor.py:830} INFO - Processing file /Users/vamseekrishna/Desktop/F1_Data_Warehouse/f1datawarehouse/lib/python3.9/site-packages/airflow/example_dags/plugins/workday.py for tasks to queue
[2024-02-24T11:55:13.230-0600] {logging_mixin.py:188} INFO - [2024-02-24T11:55:13.230-0600] {dagbag.py:538} INFO - Filling up the DagBag from /Users/vamseekrishna/Desktop/F1_Data_Warehouse/f1datawarehouse/lib/python3.9/site-packages/airflow/example_dags/plugins/workday.py
[2024-02-24T11:55:13.839-0600] {processor.py:842} WARNING - No viable dags retrieved from /Users/vamseekrishna/Desktop/F1_Data_Warehouse/f1datawarehouse/lib/python3.9/site-packages/airflow/example_dags/plugins/workday.py
[2024-02-24T11:55:13.913-0600] {processor.py:183} INFO - Processing /Users/vamseekrishna/Desktop/F1_Data_Warehouse/f1datawarehouse/lib/python3.9/site-packages/airflow/example_dags/plugins/workday.py took 0.686 seconds
[2024-02-24T11:56:08.023-0600] {processor.py:161} INFO - Started process (PID=75614) to work on /Users/vamseekrishna/Desktop/F1_Data_Warehouse/f1datawarehouse/lib/python3.9/site-packages/airflow/example_dags/plugins/workday.py
[2024-02-24T11:56:08.026-0600] {processor.py:830} INFO - Processing file /Users/vamseekrishna/Desktop/F1_Data_Warehouse/f1datawarehouse/lib/python3.9/site-packages/airflow/example_dags/plugins/workday.py for tasks to queue
[2024-02-24T11:56:08.026-0600] {logging_mixin.py:188} INFO - [2024-02-24T11:56:08.026-0600] {dagbag.py:538} INFO - Filling up the DagBag from /Users/vamseekrishna/Desktop/F1_Data_Warehouse/f1datawarehouse/lib/python3.9/site-packages/airflow/example_dags/plugins/workday.py
[2024-02-24T11:56:08.595-0600] {processor.py:842} WARNING - No viable dags retrieved from /Users/vamseekrishna/Desktop/F1_Data_Warehouse/f1datawarehouse/lib/python3.9/site-packages/airflow/example_dags/plugins/workday.py
[2024-02-24T11:56:08.669-0600] {processor.py:183} INFO - Processing /Users/vamseekrishna/Desktop/F1_Data_Warehouse/f1datawarehouse/lib/python3.9/site-packages/airflow/example_dags/plugins/workday.py took 0.646 seconds
[2024-02-24T11:57:04.873-0600] {processor.py:161} INFO - Started process (PID=75662) to work on /Users/vamseekrishna/Desktop/F1_Data_Warehouse/f1datawarehouse/lib/python3.9/site-packages/airflow/example_dags/plugins/workday.py
[2024-02-24T11:57:04.875-0600] {processor.py:830} INFO - Processing file /Users/vamseekrishna/Desktop/F1_Data_Warehouse/f1datawarehouse/lib/python3.9/site-packages/airflow/example_dags/plugins/workday.py for tasks to queue
[2024-02-24T11:57:04.876-0600] {logging_mixin.py:188} INFO - [2024-02-24T11:57:04.875-0600] {dagbag.py:538} INFO - Filling up the DagBag from /Users/vamseekrishna/Desktop/F1_Data_Warehouse/f1datawarehouse/lib/python3.9/site-packages/airflow/example_dags/plugins/workday.py
[2024-02-24T11:57:05.464-0600] {processor.py:842} WARNING - No viable dags retrieved from /Users/vamseekrishna/Desktop/F1_Data_Warehouse/f1datawarehouse/lib/python3.9/site-packages/airflow/example_dags/plugins/workday.py
[2024-02-24T11:57:05.536-0600] {processor.py:183} INFO - Processing /Users/vamseekrishna/Desktop/F1_Data_Warehouse/f1datawarehouse/lib/python3.9/site-packages/airflow/example_dags/plugins/workday.py took 0.664 seconds
[2024-02-24T11:58:06.623-0600] {processor.py:161} INFO - Started process (PID=75707) to work on /Users/vamseekrishna/Desktop/F1_Data_Warehouse/f1datawarehouse/lib/python3.9/site-packages/airflow/example_dags/plugins/workday.py
[2024-02-24T11:58:06.625-0600] {processor.py:830} INFO - Processing file /Users/vamseekrishna/Desktop/F1_Data_Warehouse/f1datawarehouse/lib/python3.9/site-packages/airflow/example_dags/plugins/workday.py for tasks to queue
[2024-02-24T11:58:06.626-0600] {logging_mixin.py:188} INFO - [2024-02-24T11:58:06.626-0600] {dagbag.py:538} INFO - Filling up the DagBag from /Users/vamseekrishna/Desktop/F1_Data_Warehouse/f1datawarehouse/lib/python3.9/site-packages/airflow/example_dags/plugins/workday.py
[2024-02-24T11:58:07.251-0600] {processor.py:842} WARNING - No viable dags retrieved from /Users/vamseekrishna/Desktop/F1_Data_Warehouse/f1datawarehouse/lib/python3.9/site-packages/airflow/example_dags/plugins/workday.py
[2024-02-24T11:58:07.322-0600] {processor.py:183} INFO - Processing /Users/vamseekrishna/Desktop/F1_Data_Warehouse/f1datawarehouse/lib/python3.9/site-packages/airflow/example_dags/plugins/workday.py took 0.699 seconds
[2024-02-24T11:59:13.961-0600] {processor.py:161} INFO - Started process (PID=75834) to work on /Users/vamseekrishna/Desktop/F1_Data_Warehouse/f1datawarehouse/lib/python3.9/site-packages/airflow/example_dags/plugins/workday.py
[2024-02-24T11:59:13.963-0600] {processor.py:830} INFO - Processing file /Users/vamseekrishna/Desktop/F1_Data_Warehouse/f1datawarehouse/lib/python3.9/site-packages/airflow/example_dags/plugins/workday.py for tasks to queue
[2024-02-24T11:59:13.963-0600] {logging_mixin.py:188} INFO - [2024-02-24T11:59:13.963-0600] {dagbag.py:538} INFO - Filling up the DagBag from /Users/vamseekrishna/Desktop/F1_Data_Warehouse/f1datawarehouse/lib/python3.9/site-packages/airflow/example_dags/plugins/workday.py
[2024-02-24T11:59:14.593-0600] {processor.py:842} WARNING - No viable dags retrieved from /Users/vamseekrishna/Desktop/F1_Data_Warehouse/f1datawarehouse/lib/python3.9/site-packages/airflow/example_dags/plugins/workday.py
[2024-02-24T11:59:14.668-0600] {processor.py:183} INFO - Processing /Users/vamseekrishna/Desktop/F1_Data_Warehouse/f1datawarehouse/lib/python3.9/site-packages/airflow/example_dags/plugins/workday.py took 0.707 seconds
[2024-02-24T12:00:22.531-0600] {processor.py:161} INFO - Started process (PID=75925) to work on /Users/vamseekrishna/Desktop/F1_Data_Warehouse/f1datawarehouse/lib/python3.9/site-packages/airflow/example_dags/plugins/workday.py
[2024-02-24T12:00:22.533-0600] {processor.py:830} INFO - Processing file /Users/vamseekrishna/Desktop/F1_Data_Warehouse/f1datawarehouse/lib/python3.9/site-packages/airflow/example_dags/plugins/workday.py for tasks to queue
[2024-02-24T12:00:22.533-0600] {logging_mixin.py:188} INFO - [2024-02-24T12:00:22.533-0600] {dagbag.py:538} INFO - Filling up the DagBag from /Users/vamseekrishna/Desktop/F1_Data_Warehouse/f1datawarehouse/lib/python3.9/site-packages/airflow/example_dags/plugins/workday.py
[2024-02-24T12:00:23.183-0600] {processor.py:842} WARNING - No viable dags retrieved from /Users/vamseekrishna/Desktop/F1_Data_Warehouse/f1datawarehouse/lib/python3.9/site-packages/airflow/example_dags/plugins/workday.py
[2024-02-24T12:00:23.255-0600] {processor.py:183} INFO - Processing /Users/vamseekrishna/Desktop/F1_Data_Warehouse/f1datawarehouse/lib/python3.9/site-packages/airflow/example_dags/plugins/workday.py took 0.724 seconds
[2024-02-24T12:01:23.735-0600] {processor.py:161} INFO - Started process (PID=75999) to work on /Users/vamseekrishna/Desktop/F1_Data_Warehouse/f1datawarehouse/lib/python3.9/site-packages/airflow/example_dags/plugins/workday.py
[2024-02-24T12:01:23.739-0600] {processor.py:830} INFO - Processing file /Users/vamseekrishna/Desktop/F1_Data_Warehouse/f1datawarehouse/lib/python3.9/site-packages/airflow/example_dags/plugins/workday.py for tasks to queue
[2024-02-24T12:01:23.739-0600] {logging_mixin.py:188} INFO - [2024-02-24T12:01:23.739-0600] {dagbag.py:538} INFO - Filling up the DagBag from /Users/vamseekrishna/Desktop/F1_Data_Warehouse/f1datawarehouse/lib/python3.9/site-packages/airflow/example_dags/plugins/workday.py
[2024-02-24T12:01:24.456-0600] {processor.py:842} WARNING - No viable dags retrieved from /Users/vamseekrishna/Desktop/F1_Data_Warehouse/f1datawarehouse/lib/python3.9/site-packages/airflow/example_dags/plugins/workday.py
[2024-02-24T12:01:24.541-0600] {processor.py:183} INFO - Processing /Users/vamseekrishna/Desktop/F1_Data_Warehouse/f1datawarehouse/lib/python3.9/site-packages/airflow/example_dags/plugins/workday.py took 0.807 seconds
[2024-02-24T12:02:24.618-0600] {processor.py:161} INFO - Started process (PID=76052) to work on /Users/vamseekrishna/Desktop/F1_Data_Warehouse/f1datawarehouse/lib/python3.9/site-packages/airflow/example_dags/plugins/workday.py
[2024-02-24T12:02:24.622-0600] {processor.py:830} INFO - Processing file /Users/vamseekrishna/Desktop/F1_Data_Warehouse/f1datawarehouse/lib/python3.9/site-packages/airflow/example_dags/plugins/workday.py for tasks to queue
[2024-02-24T12:02:24.622-0600] {logging_mixin.py:188} INFO - [2024-02-24T12:02:24.622-0600] {dagbag.py:538} INFO - Filling up the DagBag from /Users/vamseekrishna/Desktop/F1_Data_Warehouse/f1datawarehouse/lib/python3.9/site-packages/airflow/example_dags/plugins/workday.py
[2024-02-24T12:02:25.169-0600] {processor.py:842} WARNING - No viable dags retrieved from /Users/vamseekrishna/Desktop/F1_Data_Warehouse/f1datawarehouse/lib/python3.9/site-packages/airflow/example_dags/plugins/workday.py
[2024-02-24T12:02:25.240-0600] {processor.py:183} INFO - Processing /Users/vamseekrishna/Desktop/F1_Data_Warehouse/f1datawarehouse/lib/python3.9/site-packages/airflow/example_dags/plugins/workday.py took 0.623 seconds
[2024-02-24T12:03:19.383-0600] {processor.py:161} INFO - Started process (PID=76120) to work on /Users/vamseekrishna/Desktop/F1_Data_Warehouse/f1datawarehouse/lib/python3.9/site-packages/airflow/example_dags/plugins/workday.py
[2024-02-24T12:03:19.384-0600] {processor.py:830} INFO - Processing file /Users/vamseekrishna/Desktop/F1_Data_Warehouse/f1datawarehouse/lib/python3.9/site-packages/airflow/example_dags/plugins/workday.py for tasks to queue
[2024-02-24T12:03:19.385-0600] {logging_mixin.py:188} INFO - [2024-02-24T12:03:19.385-0600] {dagbag.py:538} INFO - Filling up the DagBag from /Users/vamseekrishna/Desktop/F1_Data_Warehouse/f1datawarehouse/lib/python3.9/site-packages/airflow/example_dags/plugins/workday.py
[2024-02-24T12:03:19.984-0600] {processor.py:842} WARNING - No viable dags retrieved from /Users/vamseekrishna/Desktop/F1_Data_Warehouse/f1datawarehouse/lib/python3.9/site-packages/airflow/example_dags/plugins/workday.py
[2024-02-24T12:03:20.058-0600] {processor.py:183} INFO - Processing /Users/vamseekrishna/Desktop/F1_Data_Warehouse/f1datawarehouse/lib/python3.9/site-packages/airflow/example_dags/plugins/workday.py took 0.676 seconds
[2024-02-24T12:19:26.262-0600] {processor.py:161} INFO - Started process (PID=76212) to work on /Users/vamseekrishna/Desktop/F1_Data_Warehouse/f1datawarehouse/lib/python3.9/site-packages/airflow/example_dags/plugins/workday.py
[2024-02-24T12:19:26.263-0600] {processor.py:830} INFO - Processing file /Users/vamseekrishna/Desktop/F1_Data_Warehouse/f1datawarehouse/lib/python3.9/site-packages/airflow/example_dags/plugins/workday.py for tasks to queue
[2024-02-24T12:19:26.264-0600] {logging_mixin.py:188} INFO - [2024-02-24T12:19:26.264-0600] {dagbag.py:538} INFO - Filling up the DagBag from /Users/vamseekrishna/Desktop/F1_Data_Warehouse/f1datawarehouse/lib/python3.9/site-packages/airflow/example_dags/plugins/workday.py
[2024-02-24T12:19:26.862-0600] {processor.py:842} WARNING - No viable dags retrieved from /Users/vamseekrishna/Desktop/F1_Data_Warehouse/f1datawarehouse/lib/python3.9/site-packages/airflow/example_dags/plugins/workday.py
[2024-02-24T12:19:26.935-0600] {processor.py:183} INFO - Processing /Users/vamseekrishna/Desktop/F1_Data_Warehouse/f1datawarehouse/lib/python3.9/site-packages/airflow/example_dags/plugins/workday.py took 0.674 seconds
[2024-02-24T12:37:46.477-0600] {processor.py:161} INFO - Started process (PID=76330) to work on /Users/vamseekrishna/Desktop/F1_Data_Warehouse/f1datawarehouse/lib/python3.9/site-packages/airflow/example_dags/plugins/workday.py
[2024-02-24T12:37:46.479-0600] {processor.py:830} INFO - Processing file /Users/vamseekrishna/Desktop/F1_Data_Warehouse/f1datawarehouse/lib/python3.9/site-packages/airflow/example_dags/plugins/workday.py for tasks to queue
[2024-02-24T12:37:46.479-0600] {logging_mixin.py:188} INFO - [2024-02-24T12:37:46.479-0600] {dagbag.py:538} INFO - Filling up the DagBag from /Users/vamseekrishna/Desktop/F1_Data_Warehouse/f1datawarehouse/lib/python3.9/site-packages/airflow/example_dags/plugins/workday.py
[2024-02-24T12:37:47.071-0600] {processor.py:842} WARNING - No viable dags retrieved from /Users/vamseekrishna/Desktop/F1_Data_Warehouse/f1datawarehouse/lib/python3.9/site-packages/airflow/example_dags/plugins/workday.py
[2024-02-24T12:37:47.144-0600] {processor.py:183} INFO - Processing /Users/vamseekrishna/Desktop/F1_Data_Warehouse/f1datawarehouse/lib/python3.9/site-packages/airflow/example_dags/plugins/workday.py took 0.667 seconds
[2024-02-24T12:38:51.391-0600] {processor.py:161} INFO - Started process (PID=76427) to work on /Users/vamseekrishna/Desktop/F1_Data_Warehouse/f1datawarehouse/lib/python3.9/site-packages/airflow/example_dags/plugins/workday.py
[2024-02-24T12:38:51.393-0600] {processor.py:830} INFO - Processing file /Users/vamseekrishna/Desktop/F1_Data_Warehouse/f1datawarehouse/lib/python3.9/site-packages/airflow/example_dags/plugins/workday.py for tasks to queue
[2024-02-24T12:38:51.393-0600] {logging_mixin.py:188} INFO - [2024-02-24T12:38:51.393-0600] {dagbag.py:538} INFO - Filling up the DagBag from /Users/vamseekrishna/Desktop/F1_Data_Warehouse/f1datawarehouse/lib/python3.9/site-packages/airflow/example_dags/plugins/workday.py
[2024-02-24T12:38:52.002-0600] {processor.py:842} WARNING - No viable dags retrieved from /Users/vamseekrishna/Desktop/F1_Data_Warehouse/f1datawarehouse/lib/python3.9/site-packages/airflow/example_dags/plugins/workday.py
[2024-02-24T12:38:52.072-0600] {processor.py:183} INFO - Processing /Users/vamseekrishna/Desktop/F1_Data_Warehouse/f1datawarehouse/lib/python3.9/site-packages/airflow/example_dags/plugins/workday.py took 0.682 seconds
[2024-02-24T12:39:53.286-0600] {processor.py:161} INFO - Started process (PID=76488) to work on /Users/vamseekrishna/Desktop/F1_Data_Warehouse/f1datawarehouse/lib/python3.9/site-packages/airflow/example_dags/plugins/workday.py
[2024-02-24T12:39:53.288-0600] {processor.py:830} INFO - Processing file /Users/vamseekrishna/Desktop/F1_Data_Warehouse/f1datawarehouse/lib/python3.9/site-packages/airflow/example_dags/plugins/workday.py for tasks to queue
[2024-02-24T12:39:53.289-0600] {logging_mixin.py:188} INFO - [2024-02-24T12:39:53.289-0600] {dagbag.py:538} INFO - Filling up the DagBag from /Users/vamseekrishna/Desktop/F1_Data_Warehouse/f1datawarehouse/lib/python3.9/site-packages/airflow/example_dags/plugins/workday.py
[2024-02-24T12:39:53.813-0600] {processor.py:842} WARNING - No viable dags retrieved from /Users/vamseekrishna/Desktop/F1_Data_Warehouse/f1datawarehouse/lib/python3.9/site-packages/airflow/example_dags/plugins/workday.py
[2024-02-24T12:39:53.885-0600] {processor.py:183} INFO - Processing /Users/vamseekrishna/Desktop/F1_Data_Warehouse/f1datawarehouse/lib/python3.9/site-packages/airflow/example_dags/plugins/workday.py took 0.599 seconds
[2024-02-24T12:40:52.153-0600] {processor.py:161} INFO - Started process (PID=76548) to work on /Users/vamseekrishna/Desktop/F1_Data_Warehouse/f1datawarehouse/lib/python3.9/site-packages/airflow/example_dags/plugins/workday.py
[2024-02-24T12:40:52.156-0600] {processor.py:830} INFO - Processing file /Users/vamseekrishna/Desktop/F1_Data_Warehouse/f1datawarehouse/lib/python3.9/site-packages/airflow/example_dags/plugins/workday.py for tasks to queue
[2024-02-24T12:40:52.156-0600] {logging_mixin.py:188} INFO - [2024-02-24T12:40:52.156-0600] {dagbag.py:538} INFO - Filling up the DagBag from /Users/vamseekrishna/Desktop/F1_Data_Warehouse/f1datawarehouse/lib/python3.9/site-packages/airflow/example_dags/plugins/workday.py
[2024-02-24T12:40:52.780-0600] {processor.py:842} WARNING - No viable dags retrieved from /Users/vamseekrishna/Desktop/F1_Data_Warehouse/f1datawarehouse/lib/python3.9/site-packages/airflow/example_dags/plugins/workday.py
[2024-02-24T12:40:52.849-0600] {processor.py:183} INFO - Processing /Users/vamseekrishna/Desktop/F1_Data_Warehouse/f1datawarehouse/lib/python3.9/site-packages/airflow/example_dags/plugins/workday.py took 0.696 seconds
[2024-02-24T12:41:53.030-0600] {processor.py:161} INFO - Started process (PID=76604) to work on /Users/vamseekrishna/Desktop/F1_Data_Warehouse/f1datawarehouse/lib/python3.9/site-packages/airflow/example_dags/plugins/workday.py
[2024-02-24T12:41:53.032-0600] {processor.py:830} INFO - Processing file /Users/vamseekrishna/Desktop/F1_Data_Warehouse/f1datawarehouse/lib/python3.9/site-packages/airflow/example_dags/plugins/workday.py for tasks to queue
[2024-02-24T12:41:53.032-0600] {logging_mixin.py:188} INFO - [2024-02-24T12:41:53.032-0600] {dagbag.py:538} INFO - Filling up the DagBag from /Users/vamseekrishna/Desktop/F1_Data_Warehouse/f1datawarehouse/lib/python3.9/site-packages/airflow/example_dags/plugins/workday.py
[2024-02-24T12:41:53.590-0600] {processor.py:842} WARNING - No viable dags retrieved from /Users/vamseekrishna/Desktop/F1_Data_Warehouse/f1datawarehouse/lib/python3.9/site-packages/airflow/example_dags/plugins/workday.py
[2024-02-24T12:41:53.664-0600] {processor.py:183} INFO - Processing /Users/vamseekrishna/Desktop/F1_Data_Warehouse/f1datawarehouse/lib/python3.9/site-packages/airflow/example_dags/plugins/workday.py took 0.634 seconds
[2024-02-24T12:42:55.456-0600] {processor.py:161} INFO - Started process (PID=76661) to work on /Users/vamseekrishna/Desktop/F1_Data_Warehouse/f1datawarehouse/lib/python3.9/site-packages/airflow/example_dags/plugins/workday.py
[2024-02-24T12:42:55.458-0600] {processor.py:830} INFO - Processing file /Users/vamseekrishna/Desktop/F1_Data_Warehouse/f1datawarehouse/lib/python3.9/site-packages/airflow/example_dags/plugins/workday.py for tasks to queue
[2024-02-24T12:42:55.458-0600] {logging_mixin.py:188} INFO - [2024-02-24T12:42:55.458-0600] {dagbag.py:538} INFO - Filling up the DagBag from /Users/vamseekrishna/Desktop/F1_Data_Warehouse/f1datawarehouse/lib/python3.9/site-packages/airflow/example_dags/plugins/workday.py
[2024-02-24T12:42:56.108-0600] {processor.py:842} WARNING - No viable dags retrieved from /Users/vamseekrishna/Desktop/F1_Data_Warehouse/f1datawarehouse/lib/python3.9/site-packages/airflow/example_dags/plugins/workday.py
[2024-02-24T12:42:56.186-0600] {processor.py:183} INFO - Processing /Users/vamseekrishna/Desktop/F1_Data_Warehouse/f1datawarehouse/lib/python3.9/site-packages/airflow/example_dags/plugins/workday.py took 0.731 seconds
[2024-02-24T12:43:57.538-0600] {processor.py:161} INFO - Started process (PID=76729) to work on /Users/vamseekrishna/Desktop/F1_Data_Warehouse/f1datawarehouse/lib/python3.9/site-packages/airflow/example_dags/plugins/workday.py
[2024-02-24T12:43:57.540-0600] {processor.py:830} INFO - Processing file /Users/vamseekrishna/Desktop/F1_Data_Warehouse/f1datawarehouse/lib/python3.9/site-packages/airflow/example_dags/plugins/workday.py for tasks to queue
[2024-02-24T12:43:57.540-0600] {logging_mixin.py:188} INFO - [2024-02-24T12:43:57.540-0600] {dagbag.py:538} INFO - Filling up the DagBag from /Users/vamseekrishna/Desktop/F1_Data_Warehouse/f1datawarehouse/lib/python3.9/site-packages/airflow/example_dags/plugins/workday.py
[2024-02-24T12:43:58.144-0600] {processor.py:842} WARNING - No viable dags retrieved from /Users/vamseekrishna/Desktop/F1_Data_Warehouse/f1datawarehouse/lib/python3.9/site-packages/airflow/example_dags/plugins/workday.py
[2024-02-24T12:43:58.216-0600] {processor.py:183} INFO - Processing /Users/vamseekrishna/Desktop/F1_Data_Warehouse/f1datawarehouse/lib/python3.9/site-packages/airflow/example_dags/plugins/workday.py took 0.679 seconds
[2024-02-24T12:45:09.576-0600] {processor.py:161} INFO - Started process (PID=76907) to work on /Users/vamseekrishna/Desktop/F1_Data_Warehouse/f1datawarehouse/lib/python3.9/site-packages/airflow/example_dags/plugins/workday.py
[2024-02-24T12:45:09.579-0600] {processor.py:830} INFO - Processing file /Users/vamseekrishna/Desktop/F1_Data_Warehouse/f1datawarehouse/lib/python3.9/site-packages/airflow/example_dags/plugins/workday.py for tasks to queue
[2024-02-24T12:45:09.579-0600] {logging_mixin.py:188} INFO - [2024-02-24T12:45:09.579-0600] {dagbag.py:538} INFO - Filling up the DagBag from /Users/vamseekrishna/Desktop/F1_Data_Warehouse/f1datawarehouse/lib/python3.9/site-packages/airflow/example_dags/plugins/workday.py
[2024-02-24T12:45:10.285-0600] {processor.py:842} WARNING - No viable dags retrieved from /Users/vamseekrishna/Desktop/F1_Data_Warehouse/f1datawarehouse/lib/python3.9/site-packages/airflow/example_dags/plugins/workday.py
[2024-02-24T12:45:10.381-0600] {processor.py:183} INFO - Processing /Users/vamseekrishna/Desktop/F1_Data_Warehouse/f1datawarehouse/lib/python3.9/site-packages/airflow/example_dags/plugins/workday.py took 0.805 seconds
[2024-02-24T12:46:19.217-0600] {processor.py:161} INFO - Started process (PID=76979) to work on /Users/vamseekrishna/Desktop/F1_Data_Warehouse/f1datawarehouse/lib/python3.9/site-packages/airflow/example_dags/plugins/workday.py
[2024-02-24T12:46:19.219-0600] {processor.py:830} INFO - Processing file /Users/vamseekrishna/Desktop/F1_Data_Warehouse/f1datawarehouse/lib/python3.9/site-packages/airflow/example_dags/plugins/workday.py for tasks to queue
[2024-02-24T12:46:19.219-0600] {logging_mixin.py:188} INFO - [2024-02-24T12:46:19.219-0600] {dagbag.py:538} INFO - Filling up the DagBag from /Users/vamseekrishna/Desktop/F1_Data_Warehouse/f1datawarehouse/lib/python3.9/site-packages/airflow/example_dags/plugins/workday.py
[2024-02-24T12:46:19.778-0600] {processor.py:842} WARNING - No viable dags retrieved from /Users/vamseekrishna/Desktop/F1_Data_Warehouse/f1datawarehouse/lib/python3.9/site-packages/airflow/example_dags/plugins/workday.py
[2024-02-24T12:46:19.849-0600] {processor.py:183} INFO - Processing /Users/vamseekrishna/Desktop/F1_Data_Warehouse/f1datawarehouse/lib/python3.9/site-packages/airflow/example_dags/plugins/workday.py took 0.632 seconds
[2024-02-24T12:47:21.498-0600] {processor.py:161} INFO - Started process (PID=77031) to work on /Users/vamseekrishna/Desktop/F1_Data_Warehouse/f1datawarehouse/lib/python3.9/site-packages/airflow/example_dags/plugins/workday.py
[2024-02-24T12:47:21.500-0600] {processor.py:830} INFO - Processing file /Users/vamseekrishna/Desktop/F1_Data_Warehouse/f1datawarehouse/lib/python3.9/site-packages/airflow/example_dags/plugins/workday.py for tasks to queue
[2024-02-24T12:47:21.500-0600] {logging_mixin.py:188} INFO - [2024-02-24T12:47:21.500-0600] {dagbag.py:538} INFO - Filling up the DagBag from /Users/vamseekrishna/Desktop/F1_Data_Warehouse/f1datawarehouse/lib/python3.9/site-packages/airflow/example_dags/plugins/workday.py
[2024-02-24T12:47:22.261-0600] {processor.py:842} WARNING - No viable dags retrieved from /Users/vamseekrishna/Desktop/F1_Data_Warehouse/f1datawarehouse/lib/python3.9/site-packages/airflow/example_dags/plugins/workday.py
[2024-02-24T12:47:22.358-0600] {processor.py:183} INFO - Processing /Users/vamseekrishna/Desktop/F1_Data_Warehouse/f1datawarehouse/lib/python3.9/site-packages/airflow/example_dags/plugins/workday.py took 0.861 seconds
[2024-02-24T12:48:27.385-0600] {processor.py:161} INFO - Started process (PID=77084) to work on /Users/vamseekrishna/Desktop/F1_Data_Warehouse/f1datawarehouse/lib/python3.9/site-packages/airflow/example_dags/plugins/workday.py
[2024-02-24T12:48:27.387-0600] {processor.py:830} INFO - Processing file /Users/vamseekrishna/Desktop/F1_Data_Warehouse/f1datawarehouse/lib/python3.9/site-packages/airflow/example_dags/plugins/workday.py for tasks to queue
[2024-02-24T12:48:27.388-0600] {logging_mixin.py:188} INFO - [2024-02-24T12:48:27.388-0600] {dagbag.py:538} INFO - Filling up the DagBag from /Users/vamseekrishna/Desktop/F1_Data_Warehouse/f1datawarehouse/lib/python3.9/site-packages/airflow/example_dags/plugins/workday.py
[2024-02-24T12:48:28.067-0600] {processor.py:842} WARNING - No viable dags retrieved from /Users/vamseekrishna/Desktop/F1_Data_Warehouse/f1datawarehouse/lib/python3.9/site-packages/airflow/example_dags/plugins/workday.py
[2024-02-24T12:48:28.141-0600] {processor.py:183} INFO - Processing /Users/vamseekrishna/Desktop/F1_Data_Warehouse/f1datawarehouse/lib/python3.9/site-packages/airflow/example_dags/plugins/workday.py took 0.757 seconds
[2024-02-24T12:49:32.019-0600] {processor.py:161} INFO - Started process (PID=77142) to work on /Users/vamseekrishna/Desktop/F1_Data_Warehouse/f1datawarehouse/lib/python3.9/site-packages/airflow/example_dags/plugins/workday.py
[2024-02-24T12:49:32.021-0600] {processor.py:830} INFO - Processing file /Users/vamseekrishna/Desktop/F1_Data_Warehouse/f1datawarehouse/lib/python3.9/site-packages/airflow/example_dags/plugins/workday.py for tasks to queue
[2024-02-24T12:49:32.021-0600] {logging_mixin.py:188} INFO - [2024-02-24T12:49:32.021-0600] {dagbag.py:538} INFO - Filling up the DagBag from /Users/vamseekrishna/Desktop/F1_Data_Warehouse/f1datawarehouse/lib/python3.9/site-packages/airflow/example_dags/plugins/workday.py
[2024-02-24T12:49:32.641-0600] {processor.py:842} WARNING - No viable dags retrieved from /Users/vamseekrishna/Desktop/F1_Data_Warehouse/f1datawarehouse/lib/python3.9/site-packages/airflow/example_dags/plugins/workday.py
[2024-02-24T12:49:32.713-0600] {processor.py:183} INFO - Processing /Users/vamseekrishna/Desktop/F1_Data_Warehouse/f1datawarehouse/lib/python3.9/site-packages/airflow/example_dags/plugins/workday.py took 0.695 seconds
[2024-02-24T12:50:35.498-0600] {processor.py:161} INFO - Started process (PID=77185) to work on /Users/vamseekrishna/Desktop/F1_Data_Warehouse/f1datawarehouse/lib/python3.9/site-packages/airflow/example_dags/plugins/workday.py
[2024-02-24T12:50:35.500-0600] {processor.py:830} INFO - Processing file /Users/vamseekrishna/Desktop/F1_Data_Warehouse/f1datawarehouse/lib/python3.9/site-packages/airflow/example_dags/plugins/workday.py for tasks to queue
[2024-02-24T12:50:35.500-0600] {logging_mixin.py:188} INFO - [2024-02-24T12:50:35.500-0600] {dagbag.py:538} INFO - Filling up the DagBag from /Users/vamseekrishna/Desktop/F1_Data_Warehouse/f1datawarehouse/lib/python3.9/site-packages/airflow/example_dags/plugins/workday.py
[2024-02-24T12:50:36.028-0600] {processor.py:842} WARNING - No viable dags retrieved from /Users/vamseekrishna/Desktop/F1_Data_Warehouse/f1datawarehouse/lib/python3.9/site-packages/airflow/example_dags/plugins/workday.py
[2024-02-24T12:50:36.101-0600] {processor.py:183} INFO - Processing /Users/vamseekrishna/Desktop/F1_Data_Warehouse/f1datawarehouse/lib/python3.9/site-packages/airflow/example_dags/plugins/workday.py took 0.604 seconds
[2024-02-24T12:51:36.358-0600] {processor.py:161} INFO - Started process (PID=77239) to work on /Users/vamseekrishna/Desktop/F1_Data_Warehouse/f1datawarehouse/lib/python3.9/site-packages/airflow/example_dags/plugins/workday.py
[2024-02-24T12:51:36.360-0600] {processor.py:830} INFO - Processing file /Users/vamseekrishna/Desktop/F1_Data_Warehouse/f1datawarehouse/lib/python3.9/site-packages/airflow/example_dags/plugins/workday.py for tasks to queue
[2024-02-24T12:51:36.360-0600] {logging_mixin.py:188} INFO - [2024-02-24T12:51:36.360-0600] {dagbag.py:538} INFO - Filling up the DagBag from /Users/vamseekrishna/Desktop/F1_Data_Warehouse/f1datawarehouse/lib/python3.9/site-packages/airflow/example_dags/plugins/workday.py
[2024-02-24T12:51:37.096-0600] {processor.py:842} WARNING - No viable dags retrieved from /Users/vamseekrishna/Desktop/F1_Data_Warehouse/f1datawarehouse/lib/python3.9/site-packages/airflow/example_dags/plugins/workday.py
[2024-02-24T12:51:37.194-0600] {processor.py:183} INFO - Processing /Users/vamseekrishna/Desktop/F1_Data_Warehouse/f1datawarehouse/lib/python3.9/site-packages/airflow/example_dags/plugins/workday.py took 0.837 seconds
[2024-02-24T12:52:39.228-0600] {processor.py:161} INFO - Started process (PID=77293) to work on /Users/vamseekrishna/Desktop/F1_Data_Warehouse/f1datawarehouse/lib/python3.9/site-packages/airflow/example_dags/plugins/workday.py
[2024-02-24T12:52:39.230-0600] {processor.py:830} INFO - Processing file /Users/vamseekrishna/Desktop/F1_Data_Warehouse/f1datawarehouse/lib/python3.9/site-packages/airflow/example_dags/plugins/workday.py for tasks to queue
[2024-02-24T12:52:39.230-0600] {logging_mixin.py:188} INFO - [2024-02-24T12:52:39.230-0600] {dagbag.py:538} INFO - Filling up the DagBag from /Users/vamseekrishna/Desktop/F1_Data_Warehouse/f1datawarehouse/lib/python3.9/site-packages/airflow/example_dags/plugins/workday.py
[2024-02-24T12:52:40.029-0600] {processor.py:842} WARNING - No viable dags retrieved from /Users/vamseekrishna/Desktop/F1_Data_Warehouse/f1datawarehouse/lib/python3.9/site-packages/airflow/example_dags/plugins/workday.py
[2024-02-24T12:52:40.132-0600] {processor.py:183} INFO - Processing /Users/vamseekrishna/Desktop/F1_Data_Warehouse/f1datawarehouse/lib/python3.9/site-packages/airflow/example_dags/plugins/workday.py took 0.905 seconds
[2024-02-24T12:53:44.351-0600] {processor.py:161} INFO - Started process (PID=77347) to work on /Users/vamseekrishna/Desktop/F1_Data_Warehouse/f1datawarehouse/lib/python3.9/site-packages/airflow/example_dags/plugins/workday.py
[2024-02-24T12:53:44.353-0600] {processor.py:830} INFO - Processing file /Users/vamseekrishna/Desktop/F1_Data_Warehouse/f1datawarehouse/lib/python3.9/site-packages/airflow/example_dags/plugins/workday.py for tasks to queue
[2024-02-24T12:53:44.354-0600] {logging_mixin.py:188} INFO - [2024-02-24T12:53:44.354-0600] {dagbag.py:538} INFO - Filling up the DagBag from /Users/vamseekrishna/Desktop/F1_Data_Warehouse/f1datawarehouse/lib/python3.9/site-packages/airflow/example_dags/plugins/workday.py
[2024-02-24T12:53:45.031-0600] {processor.py:842} WARNING - No viable dags retrieved from /Users/vamseekrishna/Desktop/F1_Data_Warehouse/f1datawarehouse/lib/python3.9/site-packages/airflow/example_dags/plugins/workday.py
[2024-02-24T12:53:45.127-0600] {processor.py:183} INFO - Processing /Users/vamseekrishna/Desktop/F1_Data_Warehouse/f1datawarehouse/lib/python3.9/site-packages/airflow/example_dags/plugins/workday.py took 0.777 seconds
[2024-02-24T12:54:50.983-0600] {processor.py:161} INFO - Started process (PID=77406) to work on /Users/vamseekrishna/Desktop/F1_Data_Warehouse/f1datawarehouse/lib/python3.9/site-packages/airflow/example_dags/plugins/workday.py
[2024-02-24T12:54:50.985-0600] {processor.py:830} INFO - Processing file /Users/vamseekrishna/Desktop/F1_Data_Warehouse/f1datawarehouse/lib/python3.9/site-packages/airflow/example_dags/plugins/workday.py for tasks to queue
[2024-02-24T12:54:50.985-0600] {logging_mixin.py:188} INFO - [2024-02-24T12:54:50.985-0600] {dagbag.py:538} INFO - Filling up the DagBag from /Users/vamseekrishna/Desktop/F1_Data_Warehouse/f1datawarehouse/lib/python3.9/site-packages/airflow/example_dags/plugins/workday.py
[2024-02-24T12:54:51.601-0600] {processor.py:842} WARNING - No viable dags retrieved from /Users/vamseekrishna/Desktop/F1_Data_Warehouse/f1datawarehouse/lib/python3.9/site-packages/airflow/example_dags/plugins/workday.py
[2024-02-24T12:54:51.674-0600] {processor.py:183} INFO - Processing /Users/vamseekrishna/Desktop/F1_Data_Warehouse/f1datawarehouse/lib/python3.9/site-packages/airflow/example_dags/plugins/workday.py took 0.692 seconds
[2024-02-24T12:55:56.659-0600] {processor.py:161} INFO - Started process (PID=77457) to work on /Users/vamseekrishna/Desktop/F1_Data_Warehouse/f1datawarehouse/lib/python3.9/site-packages/airflow/example_dags/plugins/workday.py
[2024-02-24T12:55:56.661-0600] {processor.py:830} INFO - Processing file /Users/vamseekrishna/Desktop/F1_Data_Warehouse/f1datawarehouse/lib/python3.9/site-packages/airflow/example_dags/plugins/workday.py for tasks to queue
[2024-02-24T12:55:56.661-0600] {logging_mixin.py:188} INFO - [2024-02-24T12:55:56.661-0600] {dagbag.py:538} INFO - Filling up the DagBag from /Users/vamseekrishna/Desktop/F1_Data_Warehouse/f1datawarehouse/lib/python3.9/site-packages/airflow/example_dags/plugins/workday.py
[2024-02-24T12:55:57.268-0600] {processor.py:842} WARNING - No viable dags retrieved from /Users/vamseekrishna/Desktop/F1_Data_Warehouse/f1datawarehouse/lib/python3.9/site-packages/airflow/example_dags/plugins/workday.py
[2024-02-24T12:55:57.346-0600] {processor.py:183} INFO - Processing /Users/vamseekrishna/Desktop/F1_Data_Warehouse/f1datawarehouse/lib/python3.9/site-packages/airflow/example_dags/plugins/workday.py took 0.687 seconds
[2024-02-24T12:57:00.393-0600] {processor.py:161} INFO - Started process (PID=77508) to work on /Users/vamseekrishna/Desktop/F1_Data_Warehouse/f1datawarehouse/lib/python3.9/site-packages/airflow/example_dags/plugins/workday.py
[2024-02-24T12:57:00.397-0600] {processor.py:830} INFO - Processing file /Users/vamseekrishna/Desktop/F1_Data_Warehouse/f1datawarehouse/lib/python3.9/site-packages/airflow/example_dags/plugins/workday.py for tasks to queue
[2024-02-24T12:57:00.397-0600] {logging_mixin.py:188} INFO - [2024-02-24T12:57:00.397-0600] {dagbag.py:538} INFO - Filling up the DagBag from /Users/vamseekrishna/Desktop/F1_Data_Warehouse/f1datawarehouse/lib/python3.9/site-packages/airflow/example_dags/plugins/workday.py
[2024-02-24T12:57:01.195-0600] {processor.py:842} WARNING - No viable dags retrieved from /Users/vamseekrishna/Desktop/F1_Data_Warehouse/f1datawarehouse/lib/python3.9/site-packages/airflow/example_dags/plugins/workday.py
[2024-02-24T12:57:01.294-0600] {processor.py:183} INFO - Processing /Users/vamseekrishna/Desktop/F1_Data_Warehouse/f1datawarehouse/lib/python3.9/site-packages/airflow/example_dags/plugins/workday.py took 0.901 seconds
[2024-02-24T12:58:05.923-0600] {processor.py:161} INFO - Started process (PID=77559) to work on /Users/vamseekrishna/Desktop/F1_Data_Warehouse/f1datawarehouse/lib/python3.9/site-packages/airflow/example_dags/plugins/workday.py
[2024-02-24T12:58:05.925-0600] {processor.py:830} INFO - Processing file /Users/vamseekrishna/Desktop/F1_Data_Warehouse/f1datawarehouse/lib/python3.9/site-packages/airflow/example_dags/plugins/workday.py for tasks to queue
[2024-02-24T12:58:05.925-0600] {logging_mixin.py:188} INFO - [2024-02-24T12:58:05.925-0600] {dagbag.py:538} INFO - Filling up the DagBag from /Users/vamseekrishna/Desktop/F1_Data_Warehouse/f1datawarehouse/lib/python3.9/site-packages/airflow/example_dags/plugins/workday.py
[2024-02-24T12:58:06.517-0600] {processor.py:842} WARNING - No viable dags retrieved from /Users/vamseekrishna/Desktop/F1_Data_Warehouse/f1datawarehouse/lib/python3.9/site-packages/airflow/example_dags/plugins/workday.py
[2024-02-24T12:58:06.628-0600] {processor.py:183} INFO - Processing /Users/vamseekrishna/Desktop/F1_Data_Warehouse/f1datawarehouse/lib/python3.9/site-packages/airflow/example_dags/plugins/workday.py took 0.706 seconds
[2024-02-24T12:59:09.311-0600] {processor.py:161} INFO - Started process (PID=77617) to work on /Users/vamseekrishna/Desktop/F1_Data_Warehouse/f1datawarehouse/lib/python3.9/site-packages/airflow/example_dags/plugins/workday.py
[2024-02-24T12:59:09.313-0600] {processor.py:830} INFO - Processing file /Users/vamseekrishna/Desktop/F1_Data_Warehouse/f1datawarehouse/lib/python3.9/site-packages/airflow/example_dags/plugins/workday.py for tasks to queue
[2024-02-24T12:59:09.313-0600] {logging_mixin.py:188} INFO - [2024-02-24T12:59:09.313-0600] {dagbag.py:538} INFO - Filling up the DagBag from /Users/vamseekrishna/Desktop/F1_Data_Warehouse/f1datawarehouse/lib/python3.9/site-packages/airflow/example_dags/plugins/workday.py
[2024-02-24T12:59:10.054-0600] {processor.py:842} WARNING - No viable dags retrieved from /Users/vamseekrishna/Desktop/F1_Data_Warehouse/f1datawarehouse/lib/python3.9/site-packages/airflow/example_dags/plugins/workday.py
[2024-02-24T12:59:10.129-0600] {processor.py:183} INFO - Processing /Users/vamseekrishna/Desktop/F1_Data_Warehouse/f1datawarehouse/lib/python3.9/site-packages/airflow/example_dags/plugins/workday.py took 0.819 seconds
[2024-02-24T13:00:12.997-0600] {processor.py:161} INFO - Started process (PID=77680) to work on /Users/vamseekrishna/Desktop/F1_Data_Warehouse/f1datawarehouse/lib/python3.9/site-packages/airflow/example_dags/plugins/workday.py
[2024-02-24T13:00:12.999-0600] {processor.py:830} INFO - Processing file /Users/vamseekrishna/Desktop/F1_Data_Warehouse/f1datawarehouse/lib/python3.9/site-packages/airflow/example_dags/plugins/workday.py for tasks to queue
[2024-02-24T13:00:13.000-0600] {logging_mixin.py:188} INFO - [2024-02-24T13:00:13.000-0600] {dagbag.py:538} INFO - Filling up the DagBag from /Users/vamseekrishna/Desktop/F1_Data_Warehouse/f1datawarehouse/lib/python3.9/site-packages/airflow/example_dags/plugins/workday.py
[2024-02-24T13:00:13.734-0600] {processor.py:842} WARNING - No viable dags retrieved from /Users/vamseekrishna/Desktop/F1_Data_Warehouse/f1datawarehouse/lib/python3.9/site-packages/airflow/example_dags/plugins/workday.py
[2024-02-24T13:00:13.825-0600] {processor.py:183} INFO - Processing /Users/vamseekrishna/Desktop/F1_Data_Warehouse/f1datawarehouse/lib/python3.9/site-packages/airflow/example_dags/plugins/workday.py took 0.829 seconds
[2024-02-24T13:01:19.082-0600] {processor.py:161} INFO - Started process (PID=77774) to work on /Users/vamseekrishna/Desktop/F1_Data_Warehouse/f1datawarehouse/lib/python3.9/site-packages/airflow/example_dags/plugins/workday.py
[2024-02-24T13:01:19.084-0600] {processor.py:830} INFO - Processing file /Users/vamseekrishna/Desktop/F1_Data_Warehouse/f1datawarehouse/lib/python3.9/site-packages/airflow/example_dags/plugins/workday.py for tasks to queue
[2024-02-24T13:01:19.084-0600] {logging_mixin.py:188} INFO - [2024-02-24T13:01:19.084-0600] {dagbag.py:538} INFO - Filling up the DagBag from /Users/vamseekrishna/Desktop/F1_Data_Warehouse/f1datawarehouse/lib/python3.9/site-packages/airflow/example_dags/plugins/workday.py
[2024-02-24T13:01:19.625-0600] {processor.py:842} WARNING - No viable dags retrieved from /Users/vamseekrishna/Desktop/F1_Data_Warehouse/f1datawarehouse/lib/python3.9/site-packages/airflow/example_dags/plugins/workday.py
[2024-02-24T13:01:19.697-0600] {processor.py:183} INFO - Processing /Users/vamseekrishna/Desktop/F1_Data_Warehouse/f1datawarehouse/lib/python3.9/site-packages/airflow/example_dags/plugins/workday.py took 0.615 seconds
[2024-02-24T13:02:15.658-0600] {processor.py:161} INFO - Started process (PID=77834) to work on /Users/vamseekrishna/Desktop/F1_Data_Warehouse/f1datawarehouse/lib/python3.9/site-packages/airflow/example_dags/plugins/workday.py
[2024-02-24T13:02:15.660-0600] {processor.py:830} INFO - Processing file /Users/vamseekrishna/Desktop/F1_Data_Warehouse/f1datawarehouse/lib/python3.9/site-packages/airflow/example_dags/plugins/workday.py for tasks to queue
[2024-02-24T13:02:15.660-0600] {logging_mixin.py:188} INFO - [2024-02-24T13:02:15.660-0600] {dagbag.py:538} INFO - Filling up the DagBag from /Users/vamseekrishna/Desktop/F1_Data_Warehouse/f1datawarehouse/lib/python3.9/site-packages/airflow/example_dags/plugins/workday.py
[2024-02-24T13:02:16.192-0600] {processor.py:842} WARNING - No viable dags retrieved from /Users/vamseekrishna/Desktop/F1_Data_Warehouse/f1datawarehouse/lib/python3.9/site-packages/airflow/example_dags/plugins/workday.py
[2024-02-24T13:02:16.259-0600] {processor.py:183} INFO - Processing /Users/vamseekrishna/Desktop/F1_Data_Warehouse/f1datawarehouse/lib/python3.9/site-packages/airflow/example_dags/plugins/workday.py took 0.602 seconds
[2024-02-24T13:03:13.939-0600] {processor.py:161} INFO - Started process (PID=77883) to work on /Users/vamseekrishna/Desktop/F1_Data_Warehouse/f1datawarehouse/lib/python3.9/site-packages/airflow/example_dags/plugins/workday.py
[2024-02-24T13:03:13.941-0600] {processor.py:830} INFO - Processing file /Users/vamseekrishna/Desktop/F1_Data_Warehouse/f1datawarehouse/lib/python3.9/site-packages/airflow/example_dags/plugins/workday.py for tasks to queue
[2024-02-24T13:03:13.941-0600] {logging_mixin.py:188} INFO - [2024-02-24T13:03:13.941-0600] {dagbag.py:538} INFO - Filling up the DagBag from /Users/vamseekrishna/Desktop/F1_Data_Warehouse/f1datawarehouse/lib/python3.9/site-packages/airflow/example_dags/plugins/workday.py
[2024-02-24T13:03:14.463-0600] {processor.py:842} WARNING - No viable dags retrieved from /Users/vamseekrishna/Desktop/F1_Data_Warehouse/f1datawarehouse/lib/python3.9/site-packages/airflow/example_dags/plugins/workday.py
[2024-02-24T13:03:14.531-0600] {processor.py:183} INFO - Processing /Users/vamseekrishna/Desktop/F1_Data_Warehouse/f1datawarehouse/lib/python3.9/site-packages/airflow/example_dags/plugins/workday.py took 0.592 seconds
[2024-02-24T13:04:12.326-0600] {processor.py:161} INFO - Started process (PID=77927) to work on /Users/vamseekrishna/Desktop/F1_Data_Warehouse/f1datawarehouse/lib/python3.9/site-packages/airflow/example_dags/plugins/workday.py
[2024-02-24T13:04:12.328-0600] {processor.py:830} INFO - Processing file /Users/vamseekrishna/Desktop/F1_Data_Warehouse/f1datawarehouse/lib/python3.9/site-packages/airflow/example_dags/plugins/workday.py for tasks to queue
[2024-02-24T13:04:12.328-0600] {logging_mixin.py:188} INFO - [2024-02-24T13:04:12.328-0600] {dagbag.py:538} INFO - Filling up the DagBag from /Users/vamseekrishna/Desktop/F1_Data_Warehouse/f1datawarehouse/lib/python3.9/site-packages/airflow/example_dags/plugins/workday.py
[2024-02-24T13:04:12.825-0600] {processor.py:842} WARNING - No viable dags retrieved from /Users/vamseekrishna/Desktop/F1_Data_Warehouse/f1datawarehouse/lib/python3.9/site-packages/airflow/example_dags/plugins/workday.py
[2024-02-24T13:04:12.909-0600] {processor.py:183} INFO - Processing /Users/vamseekrishna/Desktop/F1_Data_Warehouse/f1datawarehouse/lib/python3.9/site-packages/airflow/example_dags/plugins/workday.py took 0.583 seconds
[2024-02-24T13:05:07.139-0600] {processor.py:161} INFO - Started process (PID=77969) to work on /Users/vamseekrishna/Desktop/F1_Data_Warehouse/f1datawarehouse/lib/python3.9/site-packages/airflow/example_dags/plugins/workday.py
[2024-02-24T13:05:07.140-0600] {processor.py:830} INFO - Processing file /Users/vamseekrishna/Desktop/F1_Data_Warehouse/f1datawarehouse/lib/python3.9/site-packages/airflow/example_dags/plugins/workday.py for tasks to queue
[2024-02-24T13:05:07.141-0600] {logging_mixin.py:188} INFO - [2024-02-24T13:05:07.141-0600] {dagbag.py:538} INFO - Filling up the DagBag from /Users/vamseekrishna/Desktop/F1_Data_Warehouse/f1datawarehouse/lib/python3.9/site-packages/airflow/example_dags/plugins/workday.py
[2024-02-24T13:05:07.657-0600] {processor.py:842} WARNING - No viable dags retrieved from /Users/vamseekrishna/Desktop/F1_Data_Warehouse/f1datawarehouse/lib/python3.9/site-packages/airflow/example_dags/plugins/workday.py
[2024-02-24T13:05:07.724-0600] {processor.py:183} INFO - Processing /Users/vamseekrishna/Desktop/F1_Data_Warehouse/f1datawarehouse/lib/python3.9/site-packages/airflow/example_dags/plugins/workday.py took 0.586 seconds
[2024-02-24T13:06:02.119-0600] {processor.py:161} INFO - Started process (PID=78009) to work on /Users/vamseekrishna/Desktop/F1_Data_Warehouse/f1datawarehouse/lib/python3.9/site-packages/airflow/example_dags/plugins/workday.py
[2024-02-24T13:06:02.121-0600] {processor.py:830} INFO - Processing file /Users/vamseekrishna/Desktop/F1_Data_Warehouse/f1datawarehouse/lib/python3.9/site-packages/airflow/example_dags/plugins/workday.py for tasks to queue
[2024-02-24T13:06:02.121-0600] {logging_mixin.py:188} INFO - [2024-02-24T13:06:02.121-0600] {dagbag.py:538} INFO - Filling up the DagBag from /Users/vamseekrishna/Desktop/F1_Data_Warehouse/f1datawarehouse/lib/python3.9/site-packages/airflow/example_dags/plugins/workday.py
[2024-02-24T13:06:02.629-0600] {processor.py:842} WARNING - No viable dags retrieved from /Users/vamseekrishna/Desktop/F1_Data_Warehouse/f1datawarehouse/lib/python3.9/site-packages/airflow/example_dags/plugins/workday.py
[2024-02-24T13:06:02.695-0600] {processor.py:183} INFO - Processing /Users/vamseekrishna/Desktop/F1_Data_Warehouse/f1datawarehouse/lib/python3.9/site-packages/airflow/example_dags/plugins/workday.py took 0.576 seconds
[2024-02-24T13:06:58.656-0600] {processor.py:161} INFO - Started process (PID=78053) to work on /Users/vamseekrishna/Desktop/F1_Data_Warehouse/f1datawarehouse/lib/python3.9/site-packages/airflow/example_dags/plugins/workday.py
[2024-02-24T13:06:58.658-0600] {processor.py:830} INFO - Processing file /Users/vamseekrishna/Desktop/F1_Data_Warehouse/f1datawarehouse/lib/python3.9/site-packages/airflow/example_dags/plugins/workday.py for tasks to queue
[2024-02-24T13:06:58.658-0600] {logging_mixin.py:188} INFO - [2024-02-24T13:06:58.658-0600] {dagbag.py:538} INFO - Filling up the DagBag from /Users/vamseekrishna/Desktop/F1_Data_Warehouse/f1datawarehouse/lib/python3.9/site-packages/airflow/example_dags/plugins/workday.py
[2024-02-24T13:06:59.122-0600] {processor.py:842} WARNING - No viable dags retrieved from /Users/vamseekrishna/Desktop/F1_Data_Warehouse/f1datawarehouse/lib/python3.9/site-packages/airflow/example_dags/plugins/workday.py
[2024-02-24T13:06:59.191-0600] {processor.py:183} INFO - Processing /Users/vamseekrishna/Desktop/F1_Data_Warehouse/f1datawarehouse/lib/python3.9/site-packages/airflow/example_dags/plugins/workday.py took 0.535 seconds
[2024-02-24T13:07:54.810-0600] {processor.py:161} INFO - Started process (PID=78095) to work on /Users/vamseekrishna/Desktop/F1_Data_Warehouse/f1datawarehouse/lib/python3.9/site-packages/airflow/example_dags/plugins/workday.py
[2024-02-24T13:07:54.811-0600] {processor.py:830} INFO - Processing file /Users/vamseekrishna/Desktop/F1_Data_Warehouse/f1datawarehouse/lib/python3.9/site-packages/airflow/example_dags/plugins/workday.py for tasks to queue
[2024-02-24T13:07:54.812-0600] {logging_mixin.py:188} INFO - [2024-02-24T13:07:54.811-0600] {dagbag.py:538} INFO - Filling up the DagBag from /Users/vamseekrishna/Desktop/F1_Data_Warehouse/f1datawarehouse/lib/python3.9/site-packages/airflow/example_dags/plugins/workday.py
[2024-02-24T13:07:55.312-0600] {processor.py:842} WARNING - No viable dags retrieved from /Users/vamseekrishna/Desktop/F1_Data_Warehouse/f1datawarehouse/lib/python3.9/site-packages/airflow/example_dags/plugins/workday.py
[2024-02-24T13:07:55.376-0600] {processor.py:183} INFO - Processing /Users/vamseekrishna/Desktop/F1_Data_Warehouse/f1datawarehouse/lib/python3.9/site-packages/airflow/example_dags/plugins/workday.py took 0.567 seconds
[2024-02-24T13:08:51.899-0600] {processor.py:161} INFO - Started process (PID=78140) to work on /Users/vamseekrishna/Desktop/F1_Data_Warehouse/f1datawarehouse/lib/python3.9/site-packages/airflow/example_dags/plugins/workday.py
[2024-02-24T13:08:51.901-0600] {processor.py:830} INFO - Processing file /Users/vamseekrishna/Desktop/F1_Data_Warehouse/f1datawarehouse/lib/python3.9/site-packages/airflow/example_dags/plugins/workday.py for tasks to queue
[2024-02-24T13:08:51.901-0600] {logging_mixin.py:188} INFO - [2024-02-24T13:08:51.901-0600] {dagbag.py:538} INFO - Filling up the DagBag from /Users/vamseekrishna/Desktop/F1_Data_Warehouse/f1datawarehouse/lib/python3.9/site-packages/airflow/example_dags/plugins/workday.py
[2024-02-24T13:08:52.389-0600] {processor.py:842} WARNING - No viable dags retrieved from /Users/vamseekrishna/Desktop/F1_Data_Warehouse/f1datawarehouse/lib/python3.9/site-packages/airflow/example_dags/plugins/workday.py
[2024-02-24T13:08:52.458-0600] {processor.py:183} INFO - Processing /Users/vamseekrishna/Desktop/F1_Data_Warehouse/f1datawarehouse/lib/python3.9/site-packages/airflow/example_dags/plugins/workday.py took 0.560 seconds
[2024-02-24T13:09:48.114-0600] {processor.py:161} INFO - Started process (PID=78185) to work on /Users/vamseekrishna/Desktop/F1_Data_Warehouse/f1datawarehouse/lib/python3.9/site-packages/airflow/example_dags/plugins/workday.py
[2024-02-24T13:09:48.116-0600] {processor.py:830} INFO - Processing file /Users/vamseekrishna/Desktop/F1_Data_Warehouse/f1datawarehouse/lib/python3.9/site-packages/airflow/example_dags/plugins/workday.py for tasks to queue
[2024-02-24T13:09:48.117-0600] {logging_mixin.py:188} INFO - [2024-02-24T13:09:48.116-0600] {dagbag.py:538} INFO - Filling up the DagBag from /Users/vamseekrishna/Desktop/F1_Data_Warehouse/f1datawarehouse/lib/python3.9/site-packages/airflow/example_dags/plugins/workday.py
[2024-02-24T13:09:48.605-0600] {processor.py:842} WARNING - No viable dags retrieved from /Users/vamseekrishna/Desktop/F1_Data_Warehouse/f1datawarehouse/lib/python3.9/site-packages/airflow/example_dags/plugins/workday.py
[2024-02-24T13:09:48.672-0600] {processor.py:183} INFO - Processing /Users/vamseekrishna/Desktop/F1_Data_Warehouse/f1datawarehouse/lib/python3.9/site-packages/airflow/example_dags/plugins/workday.py took 0.558 seconds
[2024-02-24T13:10:43.364-0600] {processor.py:161} INFO - Started process (PID=78226) to work on /Users/vamseekrishna/Desktop/F1_Data_Warehouse/f1datawarehouse/lib/python3.9/site-packages/airflow/example_dags/plugins/workday.py
[2024-02-24T13:10:43.365-0600] {processor.py:830} INFO - Processing file /Users/vamseekrishna/Desktop/F1_Data_Warehouse/f1datawarehouse/lib/python3.9/site-packages/airflow/example_dags/plugins/workday.py for tasks to queue
[2024-02-24T13:10:43.366-0600] {logging_mixin.py:188} INFO - [2024-02-24T13:10:43.366-0600] {dagbag.py:538} INFO - Filling up the DagBag from /Users/vamseekrishna/Desktop/F1_Data_Warehouse/f1datawarehouse/lib/python3.9/site-packages/airflow/example_dags/plugins/workday.py
[2024-02-24T13:10:43.892-0600] {processor.py:842} WARNING - No viable dags retrieved from /Users/vamseekrishna/Desktop/F1_Data_Warehouse/f1datawarehouse/lib/python3.9/site-packages/airflow/example_dags/plugins/workday.py
[2024-02-24T13:10:43.958-0600] {processor.py:183} INFO - Processing /Users/vamseekrishna/Desktop/F1_Data_Warehouse/f1datawarehouse/lib/python3.9/site-packages/airflow/example_dags/plugins/workday.py took 0.595 seconds
[2024-02-24T13:11:36.979-0600] {processor.py:161} INFO - Started process (PID=78272) to work on /Users/vamseekrishna/Desktop/F1_Data_Warehouse/f1datawarehouse/lib/python3.9/site-packages/airflow/example_dags/plugins/workday.py
[2024-02-24T13:11:36.981-0600] {processor.py:830} INFO - Processing file /Users/vamseekrishna/Desktop/F1_Data_Warehouse/f1datawarehouse/lib/python3.9/site-packages/airflow/example_dags/plugins/workday.py for tasks to queue
[2024-02-24T13:11:36.981-0600] {logging_mixin.py:188} INFO - [2024-02-24T13:11:36.981-0600] {dagbag.py:538} INFO - Filling up the DagBag from /Users/vamseekrishna/Desktop/F1_Data_Warehouse/f1datawarehouse/lib/python3.9/site-packages/airflow/example_dags/plugins/workday.py
[2024-02-24T13:11:37.469-0600] {processor.py:842} WARNING - No viable dags retrieved from /Users/vamseekrishna/Desktop/F1_Data_Warehouse/f1datawarehouse/lib/python3.9/site-packages/airflow/example_dags/plugins/workday.py
[2024-02-24T13:11:37.536-0600] {processor.py:183} INFO - Processing /Users/vamseekrishna/Desktop/F1_Data_Warehouse/f1datawarehouse/lib/python3.9/site-packages/airflow/example_dags/plugins/workday.py took 0.558 seconds
[2024-02-24T13:12:30.561-0600] {processor.py:161} INFO - Started process (PID=78312) to work on /Users/vamseekrishna/Desktop/F1_Data_Warehouse/f1datawarehouse/lib/python3.9/site-packages/airflow/example_dags/plugins/workday.py
[2024-02-24T13:12:30.563-0600] {processor.py:830} INFO - Processing file /Users/vamseekrishna/Desktop/F1_Data_Warehouse/f1datawarehouse/lib/python3.9/site-packages/airflow/example_dags/plugins/workday.py for tasks to queue
[2024-02-24T13:12:30.563-0600] {logging_mixin.py:188} INFO - [2024-02-24T13:12:30.563-0600] {dagbag.py:538} INFO - Filling up the DagBag from /Users/vamseekrishna/Desktop/F1_Data_Warehouse/f1datawarehouse/lib/python3.9/site-packages/airflow/example_dags/plugins/workday.py
[2024-02-24T13:12:31.087-0600] {processor.py:842} WARNING - No viable dags retrieved from /Users/vamseekrishna/Desktop/F1_Data_Warehouse/f1datawarehouse/lib/python3.9/site-packages/airflow/example_dags/plugins/workday.py
[2024-02-24T13:12:31.153-0600] {processor.py:183} INFO - Processing /Users/vamseekrishna/Desktop/F1_Data_Warehouse/f1datawarehouse/lib/python3.9/site-packages/airflow/example_dags/plugins/workday.py took 0.592 seconds
[2024-02-24T13:13:24.867-0600] {processor.py:161} INFO - Started process (PID=78353) to work on /Users/vamseekrishna/Desktop/F1_Data_Warehouse/f1datawarehouse/lib/python3.9/site-packages/airflow/example_dags/plugins/workday.py
[2024-02-24T13:13:24.869-0600] {processor.py:830} INFO - Processing file /Users/vamseekrishna/Desktop/F1_Data_Warehouse/f1datawarehouse/lib/python3.9/site-packages/airflow/example_dags/plugins/workday.py for tasks to queue
[2024-02-24T13:13:24.869-0600] {logging_mixin.py:188} INFO - [2024-02-24T13:13:24.869-0600] {dagbag.py:538} INFO - Filling up the DagBag from /Users/vamseekrishna/Desktop/F1_Data_Warehouse/f1datawarehouse/lib/python3.9/site-packages/airflow/example_dags/plugins/workday.py
[2024-02-24T13:13:25.374-0600] {processor.py:842} WARNING - No viable dags retrieved from /Users/vamseekrishna/Desktop/F1_Data_Warehouse/f1datawarehouse/lib/python3.9/site-packages/airflow/example_dags/plugins/workday.py
[2024-02-24T13:13:25.442-0600] {processor.py:183} INFO - Processing /Users/vamseekrishna/Desktop/F1_Data_Warehouse/f1datawarehouse/lib/python3.9/site-packages/airflow/example_dags/plugins/workday.py took 0.576 seconds
[2024-02-24T13:14:19.652-0600] {processor.py:161} INFO - Started process (PID=78395) to work on /Users/vamseekrishna/Desktop/F1_Data_Warehouse/f1datawarehouse/lib/python3.9/site-packages/airflow/example_dags/plugins/workday.py
[2024-02-24T13:14:19.654-0600] {processor.py:830} INFO - Processing file /Users/vamseekrishna/Desktop/F1_Data_Warehouse/f1datawarehouse/lib/python3.9/site-packages/airflow/example_dags/plugins/workday.py for tasks to queue
[2024-02-24T13:14:19.654-0600] {logging_mixin.py:188} INFO - [2024-02-24T13:14:19.654-0600] {dagbag.py:538} INFO - Filling up the DagBag from /Users/vamseekrishna/Desktop/F1_Data_Warehouse/f1datawarehouse/lib/python3.9/site-packages/airflow/example_dags/plugins/workday.py
[2024-02-24T13:14:20.140-0600] {processor.py:842} WARNING - No viable dags retrieved from /Users/vamseekrishna/Desktop/F1_Data_Warehouse/f1datawarehouse/lib/python3.9/site-packages/airflow/example_dags/plugins/workday.py
[2024-02-24T13:14:20.207-0600] {processor.py:183} INFO - Processing /Users/vamseekrishna/Desktop/F1_Data_Warehouse/f1datawarehouse/lib/python3.9/site-packages/airflow/example_dags/plugins/workday.py took 0.556 seconds
[2024-02-24T13:15:14.833-0600] {processor.py:161} INFO - Started process (PID=78441) to work on /Users/vamseekrishna/Desktop/F1_Data_Warehouse/f1datawarehouse/lib/python3.9/site-packages/airflow/example_dags/plugins/workday.py
[2024-02-24T13:15:14.835-0600] {processor.py:830} INFO - Processing file /Users/vamseekrishna/Desktop/F1_Data_Warehouse/f1datawarehouse/lib/python3.9/site-packages/airflow/example_dags/plugins/workday.py for tasks to queue
[2024-02-24T13:15:14.835-0600] {logging_mixin.py:188} INFO - [2024-02-24T13:15:14.835-0600] {dagbag.py:538} INFO - Filling up the DagBag from /Users/vamseekrishna/Desktop/F1_Data_Warehouse/f1datawarehouse/lib/python3.9/site-packages/airflow/example_dags/plugins/workday.py
[2024-02-24T13:15:15.311-0600] {processor.py:842} WARNING - No viable dags retrieved from /Users/vamseekrishna/Desktop/F1_Data_Warehouse/f1datawarehouse/lib/python3.9/site-packages/airflow/example_dags/plugins/workday.py
[2024-02-24T13:15:15.380-0600] {processor.py:183} INFO - Processing /Users/vamseekrishna/Desktop/F1_Data_Warehouse/f1datawarehouse/lib/python3.9/site-packages/airflow/example_dags/plugins/workday.py took 0.548 seconds
[2024-02-24T13:16:09.451-0600] {processor.py:161} INFO - Started process (PID=78503) to work on /Users/vamseekrishna/Desktop/F1_Data_Warehouse/f1datawarehouse/lib/python3.9/site-packages/airflow/example_dags/plugins/workday.py
[2024-02-24T13:16:09.452-0600] {processor.py:830} INFO - Processing file /Users/vamseekrishna/Desktop/F1_Data_Warehouse/f1datawarehouse/lib/python3.9/site-packages/airflow/example_dags/plugins/workday.py for tasks to queue
[2024-02-24T13:16:09.453-0600] {logging_mixin.py:188} INFO - [2024-02-24T13:16:09.453-0600] {dagbag.py:538} INFO - Filling up the DagBag from /Users/vamseekrishna/Desktop/F1_Data_Warehouse/f1datawarehouse/lib/python3.9/site-packages/airflow/example_dags/plugins/workday.py
[2024-02-24T13:16:09.962-0600] {processor.py:842} WARNING - No viable dags retrieved from /Users/vamseekrishna/Desktop/F1_Data_Warehouse/f1datawarehouse/lib/python3.9/site-packages/airflow/example_dags/plugins/workday.py
[2024-02-24T13:16:10.029-0600] {processor.py:183} INFO - Processing /Users/vamseekrishna/Desktop/F1_Data_Warehouse/f1datawarehouse/lib/python3.9/site-packages/airflow/example_dags/plugins/workday.py took 0.578 seconds
[2024-02-24T13:17:07.366-0600] {processor.py:161} INFO - Started process (PID=78545) to work on /Users/vamseekrishna/Desktop/F1_Data_Warehouse/f1datawarehouse/lib/python3.9/site-packages/airflow/example_dags/plugins/workday.py
[2024-02-24T13:17:07.368-0600] {processor.py:830} INFO - Processing file /Users/vamseekrishna/Desktop/F1_Data_Warehouse/f1datawarehouse/lib/python3.9/site-packages/airflow/example_dags/plugins/workday.py for tasks to queue
[2024-02-24T13:17:07.369-0600] {logging_mixin.py:188} INFO - [2024-02-24T13:17:07.368-0600] {dagbag.py:538} INFO - Filling up the DagBag from /Users/vamseekrishna/Desktop/F1_Data_Warehouse/f1datawarehouse/lib/python3.9/site-packages/airflow/example_dags/plugins/workday.py
[2024-02-24T13:17:07.877-0600] {processor.py:842} WARNING - No viable dags retrieved from /Users/vamseekrishna/Desktop/F1_Data_Warehouse/f1datawarehouse/lib/python3.9/site-packages/airflow/example_dags/plugins/workday.py
[2024-02-24T13:17:07.944-0600] {processor.py:183} INFO - Processing /Users/vamseekrishna/Desktop/F1_Data_Warehouse/f1datawarehouse/lib/python3.9/site-packages/airflow/example_dags/plugins/workday.py took 0.578 seconds
[2024-02-24T13:18:04.026-0600] {processor.py:161} INFO - Started process (PID=78595) to work on /Users/vamseekrishna/Desktop/F1_Data_Warehouse/f1datawarehouse/lib/python3.9/site-packages/airflow/example_dags/plugins/workday.py
[2024-02-24T13:18:04.028-0600] {processor.py:830} INFO - Processing file /Users/vamseekrishna/Desktop/F1_Data_Warehouse/f1datawarehouse/lib/python3.9/site-packages/airflow/example_dags/plugins/workday.py for tasks to queue
[2024-02-24T13:18:04.029-0600] {logging_mixin.py:188} INFO - [2024-02-24T13:18:04.028-0600] {dagbag.py:538} INFO - Filling up the DagBag from /Users/vamseekrishna/Desktop/F1_Data_Warehouse/f1datawarehouse/lib/python3.9/site-packages/airflow/example_dags/plugins/workday.py
[2024-02-24T13:18:04.533-0600] {processor.py:842} WARNING - No viable dags retrieved from /Users/vamseekrishna/Desktop/F1_Data_Warehouse/f1datawarehouse/lib/python3.9/site-packages/airflow/example_dags/plugins/workday.py
[2024-02-24T13:18:04.600-0600] {processor.py:183} INFO - Processing /Users/vamseekrishna/Desktop/F1_Data_Warehouse/f1datawarehouse/lib/python3.9/site-packages/airflow/example_dags/plugins/workday.py took 0.574 seconds
[2024-02-24T13:19:00.261-0600] {processor.py:161} INFO - Started process (PID=78635) to work on /Users/vamseekrishna/Desktop/F1_Data_Warehouse/f1datawarehouse/lib/python3.9/site-packages/airflow/example_dags/plugins/workday.py
[2024-02-24T13:19:00.262-0600] {processor.py:830} INFO - Processing file /Users/vamseekrishna/Desktop/F1_Data_Warehouse/f1datawarehouse/lib/python3.9/site-packages/airflow/example_dags/plugins/workday.py for tasks to queue
[2024-02-24T13:19:00.263-0600] {logging_mixin.py:188} INFO - [2024-02-24T13:19:00.263-0600] {dagbag.py:538} INFO - Filling up the DagBag from /Users/vamseekrishna/Desktop/F1_Data_Warehouse/f1datawarehouse/lib/python3.9/site-packages/airflow/example_dags/plugins/workday.py
[2024-02-24T13:19:00.789-0600] {processor.py:842} WARNING - No viable dags retrieved from /Users/vamseekrishna/Desktop/F1_Data_Warehouse/f1datawarehouse/lib/python3.9/site-packages/airflow/example_dags/plugins/workday.py
[2024-02-24T13:19:00.855-0600] {processor.py:183} INFO - Processing /Users/vamseekrishna/Desktop/F1_Data_Warehouse/f1datawarehouse/lib/python3.9/site-packages/airflow/example_dags/plugins/workday.py took 0.595 seconds
[2024-02-24T13:19:54.470-0600] {processor.py:161} INFO - Started process (PID=78677) to work on /Users/vamseekrishna/Desktop/F1_Data_Warehouse/f1datawarehouse/lib/python3.9/site-packages/airflow/example_dags/plugins/workday.py
[2024-02-24T13:19:54.472-0600] {processor.py:830} INFO - Processing file /Users/vamseekrishna/Desktop/F1_Data_Warehouse/f1datawarehouse/lib/python3.9/site-packages/airflow/example_dags/plugins/workday.py for tasks to queue
[2024-02-24T13:19:54.472-0600] {logging_mixin.py:188} INFO - [2024-02-24T13:19:54.472-0600] {dagbag.py:538} INFO - Filling up the DagBag from /Users/vamseekrishna/Desktop/F1_Data_Warehouse/f1datawarehouse/lib/python3.9/site-packages/airflow/example_dags/plugins/workday.py
[2024-02-24T13:19:54.984-0600] {processor.py:842} WARNING - No viable dags retrieved from /Users/vamseekrishna/Desktop/F1_Data_Warehouse/f1datawarehouse/lib/python3.9/site-packages/airflow/example_dags/plugins/workday.py
[2024-02-24T13:19:55.050-0600] {processor.py:183} INFO - Processing /Users/vamseekrishna/Desktop/F1_Data_Warehouse/f1datawarehouse/lib/python3.9/site-packages/airflow/example_dags/plugins/workday.py took 0.580 seconds
[2024-02-24T13:20:48.245-0600] {processor.py:161} INFO - Started process (PID=78719) to work on /Users/vamseekrishna/Desktop/F1_Data_Warehouse/f1datawarehouse/lib/python3.9/site-packages/airflow/example_dags/plugins/workday.py
[2024-02-24T13:20:48.247-0600] {processor.py:830} INFO - Processing file /Users/vamseekrishna/Desktop/F1_Data_Warehouse/f1datawarehouse/lib/python3.9/site-packages/airflow/example_dags/plugins/workday.py for tasks to queue
[2024-02-24T13:20:48.247-0600] {logging_mixin.py:188} INFO - [2024-02-24T13:20:48.247-0600] {dagbag.py:538} INFO - Filling up the DagBag from /Users/vamseekrishna/Desktop/F1_Data_Warehouse/f1datawarehouse/lib/python3.9/site-packages/airflow/example_dags/plugins/workday.py
[2024-02-24T13:20:48.769-0600] {processor.py:842} WARNING - No viable dags retrieved from /Users/vamseekrishna/Desktop/F1_Data_Warehouse/f1datawarehouse/lib/python3.9/site-packages/airflow/example_dags/plugins/workday.py
[2024-02-24T13:20:48.837-0600] {processor.py:183} INFO - Processing /Users/vamseekrishna/Desktop/F1_Data_Warehouse/f1datawarehouse/lib/python3.9/site-packages/airflow/example_dags/plugins/workday.py took 0.592 seconds
[2024-02-24T13:21:41.775-0600] {processor.py:161} INFO - Started process (PID=78758) to work on /Users/vamseekrishna/Desktop/F1_Data_Warehouse/f1datawarehouse/lib/python3.9/site-packages/airflow/example_dags/plugins/workday.py
[2024-02-24T13:21:41.776-0600] {processor.py:830} INFO - Processing file /Users/vamseekrishna/Desktop/F1_Data_Warehouse/f1datawarehouse/lib/python3.9/site-packages/airflow/example_dags/plugins/workday.py for tasks to queue
[2024-02-24T13:21:41.777-0600] {logging_mixin.py:188} INFO - [2024-02-24T13:21:41.777-0600] {dagbag.py:538} INFO - Filling up the DagBag from /Users/vamseekrishna/Desktop/F1_Data_Warehouse/f1datawarehouse/lib/python3.9/site-packages/airflow/example_dags/plugins/workday.py
[2024-02-24T13:21:42.290-0600] {processor.py:842} WARNING - No viable dags retrieved from /Users/vamseekrishna/Desktop/F1_Data_Warehouse/f1datawarehouse/lib/python3.9/site-packages/airflow/example_dags/plugins/workday.py
[2024-02-24T13:21:42.357-0600] {processor.py:183} INFO - Processing /Users/vamseekrishna/Desktop/F1_Data_Warehouse/f1datawarehouse/lib/python3.9/site-packages/airflow/example_dags/plugins/workday.py took 0.583 seconds
[2024-02-24T13:22:39.703-0600] {processor.py:161} INFO - Started process (PID=78828) to work on /Users/vamseekrishna/Desktop/F1_Data_Warehouse/f1datawarehouse/lib/python3.9/site-packages/airflow/example_dags/plugins/workday.py
[2024-02-24T13:22:39.705-0600] {processor.py:830} INFO - Processing file /Users/vamseekrishna/Desktop/F1_Data_Warehouse/f1datawarehouse/lib/python3.9/site-packages/airflow/example_dags/plugins/workday.py for tasks to queue
[2024-02-24T13:22:39.705-0600] {logging_mixin.py:188} INFO - [2024-02-24T13:22:39.705-0600] {dagbag.py:538} INFO - Filling up the DagBag from /Users/vamseekrishna/Desktop/F1_Data_Warehouse/f1datawarehouse/lib/python3.9/site-packages/airflow/example_dags/plugins/workday.py
[2024-02-24T13:22:40.255-0600] {processor.py:842} WARNING - No viable dags retrieved from /Users/vamseekrishna/Desktop/F1_Data_Warehouse/f1datawarehouse/lib/python3.9/site-packages/airflow/example_dags/plugins/workday.py
[2024-02-24T13:22:40.320-0600] {processor.py:183} INFO - Processing /Users/vamseekrishna/Desktop/F1_Data_Warehouse/f1datawarehouse/lib/python3.9/site-packages/airflow/example_dags/plugins/workday.py took 0.618 seconds
[2024-02-24T13:23:37.658-0600] {processor.py:161} INFO - Started process (PID=78887) to work on /Users/vamseekrishna/Desktop/F1_Data_Warehouse/f1datawarehouse/lib/python3.9/site-packages/airflow/example_dags/plugins/workday.py
[2024-02-24T13:23:37.660-0600] {processor.py:830} INFO - Processing file /Users/vamseekrishna/Desktop/F1_Data_Warehouse/f1datawarehouse/lib/python3.9/site-packages/airflow/example_dags/plugins/workday.py for tasks to queue
[2024-02-24T13:23:37.660-0600] {logging_mixin.py:188} INFO - [2024-02-24T13:23:37.660-0600] {dagbag.py:538} INFO - Filling up the DagBag from /Users/vamseekrishna/Desktop/F1_Data_Warehouse/f1datawarehouse/lib/python3.9/site-packages/airflow/example_dags/plugins/workday.py
[2024-02-24T13:23:38.198-0600] {processor.py:842} WARNING - No viable dags retrieved from /Users/vamseekrishna/Desktop/F1_Data_Warehouse/f1datawarehouse/lib/python3.9/site-packages/airflow/example_dags/plugins/workday.py
[2024-02-24T13:23:38.269-0600] {processor.py:183} INFO - Processing /Users/vamseekrishna/Desktop/F1_Data_Warehouse/f1datawarehouse/lib/python3.9/site-packages/airflow/example_dags/plugins/workday.py took 0.611 seconds
[2024-02-24T13:24:34.403-0600] {processor.py:161} INFO - Started process (PID=78934) to work on /Users/vamseekrishna/Desktop/F1_Data_Warehouse/f1datawarehouse/lib/python3.9/site-packages/airflow/example_dags/plugins/workday.py
[2024-02-24T13:24:34.404-0600] {processor.py:830} INFO - Processing file /Users/vamseekrishna/Desktop/F1_Data_Warehouse/f1datawarehouse/lib/python3.9/site-packages/airflow/example_dags/plugins/workday.py for tasks to queue
[2024-02-24T13:24:34.405-0600] {logging_mixin.py:188} INFO - [2024-02-24T13:24:34.405-0600] {dagbag.py:538} INFO - Filling up the DagBag from /Users/vamseekrishna/Desktop/F1_Data_Warehouse/f1datawarehouse/lib/python3.9/site-packages/airflow/example_dags/plugins/workday.py
[2024-02-24T13:24:34.833-0600] {processor.py:842} WARNING - No viable dags retrieved from /Users/vamseekrishna/Desktop/F1_Data_Warehouse/f1datawarehouse/lib/python3.9/site-packages/airflow/example_dags/plugins/workday.py
[2024-02-24T13:24:34.898-0600] {processor.py:183} INFO - Processing /Users/vamseekrishna/Desktop/F1_Data_Warehouse/f1datawarehouse/lib/python3.9/site-packages/airflow/example_dags/plugins/workday.py took 0.496 seconds
[2024-02-24T13:25:30.843-0600] {processor.py:161} INFO - Started process (PID=78976) to work on /Users/vamseekrishna/Desktop/F1_Data_Warehouse/f1datawarehouse/lib/python3.9/site-packages/airflow/example_dags/plugins/workday.py
[2024-02-24T13:25:30.845-0600] {processor.py:830} INFO - Processing file /Users/vamseekrishna/Desktop/F1_Data_Warehouse/f1datawarehouse/lib/python3.9/site-packages/airflow/example_dags/plugins/workday.py for tasks to queue
[2024-02-24T13:25:30.845-0600] {logging_mixin.py:188} INFO - [2024-02-24T13:25:30.845-0600] {dagbag.py:538} INFO - Filling up the DagBag from /Users/vamseekrishna/Desktop/F1_Data_Warehouse/f1datawarehouse/lib/python3.9/site-packages/airflow/example_dags/plugins/workday.py
[2024-02-24T13:25:31.134-0600] {processor.py:842} WARNING - No viable dags retrieved from /Users/vamseekrishna/Desktop/F1_Data_Warehouse/f1datawarehouse/lib/python3.9/site-packages/airflow/example_dags/plugins/workday.py
[2024-02-24T13:25:31.201-0600] {processor.py:183} INFO - Processing /Users/vamseekrishna/Desktop/F1_Data_Warehouse/f1datawarehouse/lib/python3.9/site-packages/airflow/example_dags/plugins/workday.py took 0.358 seconds
[2024-02-24T13:26:25.981-0600] {processor.py:161} INFO - Started process (PID=79036) to work on /Users/vamseekrishna/Desktop/F1_Data_Warehouse/f1datawarehouse/lib/python3.9/site-packages/airflow/example_dags/plugins/workday.py
[2024-02-24T13:26:25.983-0600] {processor.py:830} INFO - Processing file /Users/vamseekrishna/Desktop/F1_Data_Warehouse/f1datawarehouse/lib/python3.9/site-packages/airflow/example_dags/plugins/workday.py for tasks to queue
[2024-02-24T13:26:25.983-0600] {logging_mixin.py:188} INFO - [2024-02-24T13:26:25.983-0600] {dagbag.py:538} INFO - Filling up the DagBag from /Users/vamseekrishna/Desktop/F1_Data_Warehouse/f1datawarehouse/lib/python3.9/site-packages/airflow/example_dags/plugins/workday.py
[2024-02-24T13:26:26.488-0600] {processor.py:842} WARNING - No viable dags retrieved from /Users/vamseekrishna/Desktop/F1_Data_Warehouse/f1datawarehouse/lib/python3.9/site-packages/airflow/example_dags/plugins/workday.py
[2024-02-24T13:26:26.554-0600] {processor.py:183} INFO - Processing /Users/vamseekrishna/Desktop/F1_Data_Warehouse/f1datawarehouse/lib/python3.9/site-packages/airflow/example_dags/plugins/workday.py took 0.573 seconds
[2024-02-24T13:27:20.385-0600] {processor.py:161} INFO - Started process (PID=79111) to work on /Users/vamseekrishna/Desktop/F1_Data_Warehouse/f1datawarehouse/lib/python3.9/site-packages/airflow/example_dags/plugins/workday.py
[2024-02-24T13:27:20.386-0600] {processor.py:830} INFO - Processing file /Users/vamseekrishna/Desktop/F1_Data_Warehouse/f1datawarehouse/lib/python3.9/site-packages/airflow/example_dags/plugins/workday.py for tasks to queue
[2024-02-24T13:27:20.387-0600] {logging_mixin.py:188} INFO - [2024-02-24T13:27:20.387-0600] {dagbag.py:538} INFO - Filling up the DagBag from /Users/vamseekrishna/Desktop/F1_Data_Warehouse/f1datawarehouse/lib/python3.9/site-packages/airflow/example_dags/plugins/workday.py
[2024-02-24T13:27:20.855-0600] {processor.py:842} WARNING - No viable dags retrieved from /Users/vamseekrishna/Desktop/F1_Data_Warehouse/f1datawarehouse/lib/python3.9/site-packages/airflow/example_dags/plugins/workday.py
[2024-02-24T13:27:20.922-0600] {processor.py:183} INFO - Processing /Users/vamseekrishna/Desktop/F1_Data_Warehouse/f1datawarehouse/lib/python3.9/site-packages/airflow/example_dags/plugins/workday.py took 0.538 seconds
[2024-02-24T13:28:11.555-0600] {processor.py:161} INFO - Started process (PID=79155) to work on /Users/vamseekrishna/Desktop/F1_Data_Warehouse/f1datawarehouse/lib/python3.9/site-packages/airflow/example_dags/plugins/workday.py
[2024-02-24T13:28:11.557-0600] {processor.py:830} INFO - Processing file /Users/vamseekrishna/Desktop/F1_Data_Warehouse/f1datawarehouse/lib/python3.9/site-packages/airflow/example_dags/plugins/workday.py for tasks to queue
[2024-02-24T13:28:11.558-0600] {logging_mixin.py:188} INFO - [2024-02-24T13:28:11.557-0600] {dagbag.py:538} INFO - Filling up the DagBag from /Users/vamseekrishna/Desktop/F1_Data_Warehouse/f1datawarehouse/lib/python3.9/site-packages/airflow/example_dags/plugins/workday.py
[2024-02-24T13:28:12.043-0600] {processor.py:842} WARNING - No viable dags retrieved from /Users/vamseekrishna/Desktop/F1_Data_Warehouse/f1datawarehouse/lib/python3.9/site-packages/airflow/example_dags/plugins/workday.py
[2024-02-24T13:28:12.109-0600] {processor.py:183} INFO - Processing /Users/vamseekrishna/Desktop/F1_Data_Warehouse/f1datawarehouse/lib/python3.9/site-packages/airflow/example_dags/plugins/workday.py took 0.554 seconds
[2024-02-24T13:29:04.888-0600] {processor.py:161} INFO - Started process (PID=79218) to work on /Users/vamseekrishna/Desktop/F1_Data_Warehouse/f1datawarehouse/lib/python3.9/site-packages/airflow/example_dags/plugins/workday.py
[2024-02-24T13:29:04.890-0600] {processor.py:830} INFO - Processing file /Users/vamseekrishna/Desktop/F1_Data_Warehouse/f1datawarehouse/lib/python3.9/site-packages/airflow/example_dags/plugins/workday.py for tasks to queue
[2024-02-24T13:29:04.890-0600] {logging_mixin.py:188} INFO - [2024-02-24T13:29:04.890-0600] {dagbag.py:538} INFO - Filling up the DagBag from /Users/vamseekrishna/Desktop/F1_Data_Warehouse/f1datawarehouse/lib/python3.9/site-packages/airflow/example_dags/plugins/workday.py
[2024-02-24T13:29:05.405-0600] {processor.py:842} WARNING - No viable dags retrieved from /Users/vamseekrishna/Desktop/F1_Data_Warehouse/f1datawarehouse/lib/python3.9/site-packages/airflow/example_dags/plugins/workday.py
[2024-02-24T13:29:05.479-0600] {processor.py:183} INFO - Processing /Users/vamseekrishna/Desktop/F1_Data_Warehouse/f1datawarehouse/lib/python3.9/site-packages/airflow/example_dags/plugins/workday.py took 0.591 seconds
[2024-02-24T13:30:01.036-0600] {processor.py:161} INFO - Started process (PID=79390) to work on /Users/vamseekrishna/Desktop/F1_Data_Warehouse/f1datawarehouse/lib/python3.9/site-packages/airflow/example_dags/plugins/workday.py
[2024-02-24T13:30:01.038-0600] {processor.py:830} INFO - Processing file /Users/vamseekrishna/Desktop/F1_Data_Warehouse/f1datawarehouse/lib/python3.9/site-packages/airflow/example_dags/plugins/workday.py for tasks to queue
[2024-02-24T13:30:01.038-0600] {logging_mixin.py:188} INFO - [2024-02-24T13:30:01.038-0600] {dagbag.py:538} INFO - Filling up the DagBag from /Users/vamseekrishna/Desktop/F1_Data_Warehouse/f1datawarehouse/lib/python3.9/site-packages/airflow/example_dags/plugins/workday.py
[2024-02-24T13:30:01.607-0600] {processor.py:842} WARNING - No viable dags retrieved from /Users/vamseekrishna/Desktop/F1_Data_Warehouse/f1datawarehouse/lib/python3.9/site-packages/airflow/example_dags/plugins/workday.py
[2024-02-24T13:30:01.675-0600] {processor.py:183} INFO - Processing /Users/vamseekrishna/Desktop/F1_Data_Warehouse/f1datawarehouse/lib/python3.9/site-packages/airflow/example_dags/plugins/workday.py took 0.639 seconds
